
Gurobi 9.1.2 (linux64) logging started Thu Mar 31 00:25:12 2022

Changed value of parameter LogFile to germany_v-Fulda.log
   Prev:   Default: 
Changed value of parameter MIPFocus to 1
   Prev: 0  Min: 0  Max: 3  Default: 0
Changed value of parameter TimeLimit to 600.0
   Prev: inf  Min: 0.0  Max: inf  Default: inf
Warning: variables 0 and 276 have the same name "X[Koeln,Aachen]"
Warning: linear constraint 306 and linear constraint 307 have the same name "weight-constr-t5"
Warning: to let Gurobi read it back, use rlp format
Gurobi Optimizer version 9.1.2 build v9.1.2rc0 (linux64)
Thread count: 32 physical cores, 64 logical processors, using up to 32 threads
Optimize a model with 1963 rows, 1656 columns and 5898 nonzeros
Model fingerprint: 0x8ef87156
Variable types: 300 continuous, 1356 integer (1356 binary)
Coefficient statistics:
  Matrix range     [1e+00, 1e+06]
  Objective range  [2e-01, 2e-01]
  Bounds range     [1e+00, 5e+05]
  RHS range        [1e+00, 1e+06]
Presolve removed 126 rows and 144 columns
Presolve time: 0.01s
Presolved: 1837 rows, 1512 columns, 10134 nonzeros
Variable types: 294 continuous, 1218 integer (1218 binary)

Root relaxation: objective 4.900000e+01, 198 iterations, 0.00 seconds

    Nodes    |    Current Node    |     Objective Bounds      |     Work
 Expl Unexpl |  Obj  Depth IntInf | Incumbent    BestBd   Gap | It/Node Time

     0     0   49.00000    0   74          -   49.00000      -     -    0s
     0     0   49.00000    0   84          -   49.00000      -     -    0s
     0     0   49.00000    0   34          -   49.00000      -     -    0s
     0     0   49.00000    0   33          -   49.00000      -     -    0s
     0     0   49.00000    0   33          -   49.00000      -     -    0s
     0     0   49.00000    0   34          -   49.00000      -     -    0s
H    0     0                    4456514.3333   49.00000   100%     -    0s
     0     0   49.00000    0   27 4456514.33   49.00000   100%     -    0s
H    0     0                     181.5899361   49.00000  73.0%     -    0s
H    0     0                     158.0000000   49.00000  69.0%     -    0s
H    0     0                     142.0000000   49.00000  65.5%     -    0s
H    0     0                     141.5000000   49.00000  65.4%     -    0s
H    0     2                     135.6666667   49.00000  63.9%     -    0s
     0     2   49.00000    0   26  135.66667   49.00000  63.9%     -    0s
H    1     4                     135.1666667   49.00000  63.7%   387    0s
H    3     8                     134.8333333   49.00000  63.7%   132    0s
H    6     8                     133.0000000   49.00000  63.2%  70.3    0s
H    9    16                     131.8958333   49.00000  62.8%  50.2    0s
H   10    16                     131.5000000   49.00000  62.7%  45.4    0s
H   31    64                     131.3333333   49.00000  62.7%  19.1    0s
H   32    64                     130.6666667   49.00000  62.5%  18.7    0s
H   33    64                     129.8333333   49.00000  62.3%  19.2    0s
H   41    64                     128.1666667   49.00000  61.8%  18.0    0s
H   58    64                     128.0000000   49.00000  61.7%  14.8    0s
H   95   128                     125.0000000   49.00000  60.8%  11.8    2s
H   97   128                     123.8333333   49.00000  60.4%  11.6    2s
H  110   128                     123.6666667   49.00000  60.4%  11.7    2s
H  113   128                     122.3611111   49.00000  60.0%  11.6    2s
H  159   192                     121.6111111   49.00000  59.7%  10.1    4s
H  160   192                     120.9444444   49.00000  59.5%  10.1    4s
H  161   192                     119.9444444   49.00000  59.1%  10.1    4s
H  174   192                     119.6666667   49.00000  59.1%   9.9    4s
H  191   224                     119.3333333   49.00000  58.9%   9.3    6s
H  197   224                     119.1666667   49.00000  58.9%   9.2    6s
H  198   224                     118.5000000   49.00000  58.6%   9.2    6s
H  204   224                     118.3333333   49.00000  58.6%   9.1    6s
H  230   353                     118.1666667   49.00000  58.5%   8.8    6s
H  237   353                     116.1666667   49.00000  57.8%   8.6    6s
H  356   384                     114.3333333   49.00000  57.1%   7.5    7s
H  369   384                     114.1666667   49.00000  57.1%   7.4    7s
H  371   384                     114.0000000   49.00000  57.0%   7.4    7s
H  374   384                     113.8333333   49.00000  57.0%   7.4    7s
H  397  1172                     112.8333333   49.00000  56.6%   7.5    8s
H 1200  1397                     111.8333333   49.00000  56.2%   6.6    9s
H 1317  1397                     107.6666667   49.00000  54.5%   6.6    9s
H 1467  2015                     107.0000000   49.00000  54.2%   6.4    9s
H 2085  2168                     106.2777778   49.00000  53.9%   6.5   10s
H 2300  5420                     106.1250000   49.00000  53.8%   6.5   11s
H 3101  5420                     105.6666667   49.00000  53.6%   6.2   11s
H 5748  5446                     105.1666667   49.00000  53.4%   5.7   12s
H 7897  7631                     105.0000000   49.00000  53.3%   5.6   12s
H12196 12578                     104.9999999   49.00000  53.3%   5.4   14s
H14038 11953                     104.9999997   49.00000  53.3%   5.4   14s
H14043 11358                     104.9999997   49.00000  53.3%   5.4   15s
H14078 10836                     104.9999997   49.00000  53.3%   7.5   15s
H14137 10340                     104.9999997   49.00000  53.3%   8.5   17s
H14155  9821                     104.8333333   49.00000  53.3%   8.7   17s
H14197  9380                     104.6666667   49.00000  53.2%   8.9   19s
H14205  8915                     104.5000000   49.00000  53.1%   9.0   19s
 14373  9024   49.00000   26  212  104.50000   49.00000  53.1%  11.1   23s
H14380  8582                     104.4999985   49.00000  53.1%  11.5   23s
H14420  8183                     104.4999970   49.00000  53.1%  12.1   24s
 14438  8716   50.66667   28  212  104.50000   49.00000  53.1%  12.3   25s
H15134  8327                     104.4999970   49.00000  53.1%  14.7   26s
 17379  9982   49.00000   23  198  104.50000   49.00000  53.1%  19.7   30s
H22775 11799                     104.4999970   49.00000  53.1%  28.4   34s
 23762 11795   99.66667   90  177  104.50000   49.00000  53.1%  30.2   35s
 26778 13940   61.33333   79  125  104.50000   49.00000  53.1%  33.3   40s
 29320 18887   49.00000   32  168  104.50000   49.00000  53.1%  35.5   45s
 37427 19904   51.50000  114  197  104.50000   49.00000  53.1%  43.9   51s
 44072 24272   98.16667   85  168  104.50000   49.00000  53.1%  46.6   57s
 45349 27565     cutoff  101       104.50000   49.00000  53.1%  47.1   60s
 53539 33532   51.00000   81  195  104.50000   49.00000  53.1%  50.7   66s
 60620 40749   49.50000   45  185  104.50000   49.00000  53.1%  52.7   73s
 67559 42029   49.50000   80  219  104.50000   49.00000  53.1%  54.1   76s
 69276 42083   55.66667  122  177  104.50000   49.00000  53.1%  55.0   81s
 69337 44382   55.66667  123  177  104.50000   49.00000  53.1%  55.1   85s
 71957 44626  101.00000  180   94  104.50000   49.00000  53.1%  55.8   90s
 72261 47296  101.00000  181   90  104.50000   49.00000  53.1%  55.9   95s
 76328 52767     cutoff   65       104.50000   49.00000  53.1%  56.8  104s
 82997 56781   49.00000   42  146  104.50000   49.00000  53.1%  57.5  109s
H85157 56781                     104.4791667   49.00000  53.1%  57.6  109s
 88558 60868   49.16667   85  172  104.47917   49.00000  53.1%  58.0  114s
H89229 60866                     104.3750000   49.00000  53.1%  58.2  114s
 93880 67472   60.18889  166  127  104.37500   49.00000  53.1%  58.8  119s
H96587 67472                     104.3749997   49.00000  53.1%  59.0  119s
H102468 70111                     104.3749996   49.00000  53.1%  59.4  123s
 106143 75129   77.68811  141  121  104.37500   49.00000  53.1%  59.6  128s
 112759 79977   49.00000   81  146  104.37500   49.00000  53.1%  60.7  132s
H116348 79977                     104.3749987   49.00000  53.1%  61.0  132s
 118346 84461   58.89690  143  144  104.37500   49.00000  53.1%  61.2  136s
H118400 84461                     104.3749986   49.00000  53.1%  61.2  136s
 123929 91501   53.16667  158  147  104.37500   49.00000  53.1%  61.3  143s
H131227 91501                     104.3749986   49.00000  53.1%  61.8  143s
 132314 96450   96.66667  203  140  104.37500   49.00000  53.1%  61.8  148s
H135548 96450                     104.3749986   49.00000  53.1%  61.9  148s
 138773 100661   49.00000   60  169  104.37500   49.00000  53.1%  62.0  152s
 143963 104720   69.00000  141  120  104.37500   49.00000  53.1%  62.0  156s
 148731 110175  103.33333  174  104  104.37500   49.00000  53.1%  62.2  161s
 155596 114520 infeasible  166       104.37500   49.00000  53.1%  62.3  166s
H157727 114520                     104.3749985   49.00000  53.1%  62.1  166s
 161174 120247   91.00000  206   84  104.37500   49.00000  53.1%  62.2  171s
H161690 120247                     104.3749985   49.00000  53.1%  62.3  171s
H162244 120247                     104.3749985   49.00000  53.1%  62.4  171s
H164510 120247                     104.3749963   49.00000  53.1%  62.5  171s
 168283 123317   49.20833   48  220  104.37500   49.00000  53.1%  62.7  176s
H168648 123317                     104.3749942   49.00000  53.1%  62.7  176s
 172160 128833   49.58333   66  179  104.37499   49.00000  53.1%  62.9  180s
 184159 137722     cutoff  146       104.37499   49.00000  53.1%  63.8  190s
 190800 140635   59.66667  182  162  104.37499   49.00000  53.1%  63.9  195s
 194612 149112   58.59632  182  167  104.37499   49.00000  53.1%  64.0  201s
 205928 152978   52.16667  113  185  104.37499   49.00000  53.1%  63.9  205s
 210990 157310   49.00195   69  239  104.37499   49.00000  53.1%  64.1  210s
 216727 160771  103.25098   84  119  104.37499   49.00000  53.1%  64.2  215s
 227001 171302   50.00000   34  193  104.37499   49.00000  53.1%  64.4  224s
 235953 173569   49.00000   87  181  104.37499   49.00000  53.1%  64.5  228s
 238713 179092   50.00000  113  181  104.37499   49.00000  53.1%  64.7  232s
 246130 182101   62.16667  168  167  104.37499   49.00000  53.1%  64.6  236s
 250310 187270   64.17233  190  169  104.37499   49.00000  53.1%  64.5  240s
 264314 196699   49.00000   36  249  104.37499   49.00000  53.1%  64.5  249s
 271762 200087     cutoff   71       104.37499   49.00000  53.1%  64.4  252s
 276093 201573   68.08333   88  145  104.37499   49.00000  53.1%  64.9  256s
 277773 205846   68.50000  109  144  104.37499   49.00000  53.1%  64.9  261s
 282953 209118   49.16667   55  184  104.37499   49.00000  53.1%  65.0  265s
 287649 215007   49.00000   41  175  104.37499   49.00000  53.1%  64.9  270s
 297923 221553   49.33333   70  153  104.37499   49.00000  53.1%  65.0  277s
 304756 225567   49.00000   48  185  104.37499   49.00000  53.1%  65.1  282s
 310696 227316   51.58333   88  170  104.37499   49.00000  53.1%  65.1  285s
 313093 231640   49.16667   52  176  104.37499   49.00000  53.1%  65.2  290s
 318435 235500   52.33333   85  246  104.37499   49.00000  53.1%  65.4  297s
 323354 241712   58.16667  109  166  104.37499   49.00000  53.1%  65.6  303s
 331298 243883   52.60766   75  221  104.37499   49.00000  53.1%  65.4  308s
 333892 247975   49.00000   67  194  104.37499   49.00000  53.1%  65.5  314s
 339352 251527   66.33333  171  149  104.37499   49.00000  53.1%  65.5  320s
 343647 257051   49.00000   81  181  104.37499   49.00000  53.1%  65.6  325s
 350418 262677   49.00000  127  181  104.37499   49.00000  53.1%  65.7  330s
H351332 262677                     104.3748054   49.00000  53.1%  65.8  330s
 357548 265038   58.33333  174  152  104.37481   49.00000  53.1%  65.8  336s
H358878 265038                     104.3748053   49.00000  53.1%  65.8  336s
 360537 270611   68.00000  122  163  104.37481   49.00000  53.1%  65.8  341s
 367692 272813   50.04319  110  160  104.37481   49.00000  53.1%  65.7  345s
 371057 277416   50.70403  114  183  104.37481   49.00000  53.1%  65.7  350s
 380222 282864   49.00000   70  226  104.37481   49.00000  53.1%  65.6  358s
 386390 286392     cutoff  110       104.37481   49.00000  53.1%  65.6  362s
 390944 289852   57.66667   71  153  104.37481   49.00000  53.1%  65.6  366s
 395746 295660   58.66667   93  177  104.37481   49.00000  53.1%  65.6  371s
 403378 298439   53.16964  106  176  104.37481   49.00000  53.1%  65.6  375s
 412424 307490     cutoff  126       104.37481   49.00000  53.1%  65.8  384s
 418408 312076   49.33333   76  201  104.37481   49.00000  53.1%  65.8  388s
 425286 315979   49.83333   73  194  104.37481   49.00000  53.1%  65.7  392s
 430632 319359   49.00000   64  174  104.37481   49.00000  53.1%  65.6  396s
 435317 324552   99.33335  113  160  104.37481   49.00000  53.1%  65.7  401s
 442646 327894   54.83333   83  149  104.37481   49.00000  53.1%  65.7  406s
 447392 332798   49.00000   70  236  104.37481   49.00000  53.1%  65.7  410s
 454316 336658   49.00000   83  147  104.37481   49.00000  53.1%  65.8  415s
 466044 343831   49.00000   61  203  104.37481   49.00000  53.1%  65.7  423s
 469421 349080   63.83333   93  191  104.37481   49.00000  53.1%  65.8  428s
 476876 353458   98.75000   85  150  104.37481   49.00000  53.1%  65.7  433s
 483953 355419   50.41679   59  150  104.37481   49.00000  53.1%  65.7  437s
 487026 360716   50.16667   95  184  104.37481   49.00000  53.1%  65.6  441s
 493972 361450   51.22516   97  190  104.37481   49.00000  53.1%  65.8  446s
 494947 366082   53.40331   99  187  104.37481   49.00000  53.1%  65.9  451s
 501488 368697   77.19311  111  128  104.37481   49.00000  53.1%  65.9  456s
 505270 373730   49.66667   72  211  104.37481   49.00000  53.1%  65.9  461s
 512282 377029   49.16667   82  221  104.37481   49.00000  53.1%  66.0  465s
 517644 382311   81.23481  102  133  104.37481   49.00000  53.1%  65.9  470s
 529262 388973   49.00000   72  218  104.37481   49.00000  53.1%  66.0  479s
 535699 392536   63.33333   83  153  104.37481   49.00000  53.1%  66.0  483s
 541224 396052   53.33333   95  149  104.37481   49.00000  53.1%  66.0  488s
 546824 400424   75.00000   90  121  104.37481   49.00000  53.1%  66.0  492s
 553666 403050   49.50000   61  223  104.37481   49.00000  53.1%  66.1  496s
 556760 408147   49.16667  124  160  104.37481   49.00000  53.1%  66.2  501s
 563251 411249   50.66667   92  156  104.37481   49.00000  53.1%  66.3  506s
 567225 416516   89.72917  129  137  104.37481   49.00000  53.1%  66.4  512s
 574661 419982   52.66667   76  203  104.37481   49.00000  53.1%  66.5  517s
 579823 425251   97.50195  110   95  104.37481   49.00000  53.1%  66.4  522s
 587395 428268   68.57499   66  165  104.37481   49.00000  53.1%  66.5  526s
 591647 431468  100.82735  136   98  104.37481   49.00000  53.1%  66.5  532s
 596038 435996   83.77778   92  186  104.37481   49.00000  53.1%  66.5  536s
 602574 438089   49.00000   48  165  104.37481   49.00000  53.1%  66.5  541s
 605468 442145   49.00000   72  215  104.37481   49.00000  53.1%  66.6  547s
 612001 445338   97.85938  126  122  104.37481   49.00000  53.1%  66.5  551s
 616365 449734   51.33333  120  193  104.37481   49.00000  53.1%  66.7  555s
 622216 453439   49.66667   79  228  104.37481   49.00000  53.1%  66.8  561s
 627786 457294   98.58333  110  153  104.37481   49.00000  53.1%  66.8  565s
 633086 459507   91.83430   88  161  104.37481   49.00000  53.1%  66.9  570s
 637836 473426   72.50000   94  191  104.37481   49.00000  53.1%  67.0  585s
 653754 477188   59.08626  176  149  104.37481   49.00000  53.1%  67.1  591s
 659112 482537   50.50000   84  217  104.37481   49.00000  53.1%  67.1  596s
 667360 486091   53.16667   89  174  104.37481   49.00000  53.1%  67.1  600s

Cutting planes:
  Learned: 285
  Gomory: 16
  Cover: 252
  Implied bound: 141
  Clique: 75
  MIR: 758
  StrongCG: 1
  Flow cover: 1429
  GUB cover: 7
  Zero half: 1
  RLT: 364
  Relax-and-lift: 419

Cleanup yields a better solution

Explored 672394 nodes (45191146 simplex iterations) in 600.06 seconds
Thread count was 32 (of 64 available processors)

Solution count 10: 104.375 104.375 104.375 ... 104.667

Time limit reached
Best objective 1.039424883737e+02, best bound 4.900000000000e+01, gap 52.8585%

Gurobi 9.1.2 (linux64) logging started Mon Apr  4 20:41:42 2022

Changed value of parameter LogFile to germany_v-Fulda.log
   Prev:   Default: 
Changed value of parameter MIPFocus to 1
   Prev: 0  Min: 0  Max: 3  Default: 0
Changed value of parameter TimeLimit to 1200.0
   Prev: inf  Min: 0.0  Max: inf  Default: inf
Warning: variables 0 and 276 have the same name "X[Muenchen,Passau]"
Warning: linear constraint 306 and linear constraint 307 have the same name "weight-constr-t5"
Warning: to let Gurobi read it back, use rlp format
Gurobi Optimizer version 9.1.2 build v9.1.2rc0 (linux64)
Thread count: 32 physical cores, 64 logical processors, using up to 32 threads
Optimize a model with 1963 rows, 1656 columns and 5898 nonzeros
Model fingerprint: 0x668ac4f9
Variable types: 300 continuous, 1356 integer (1356 binary)
Coefficient statistics:
  Matrix range     [1e+00, 1e+06]
  Objective range  [2e-01, 2e-01]
  Bounds range     [1e+00, 5e+05]
  RHS range        [1e+00, 1e+06]
Presolve removed 126 rows and 144 columns
Presolve time: 0.01s
Presolved: 1837 rows, 1512 columns, 10134 nonzeros
Variable types: 294 continuous, 1218 integer (1218 binary)

Root relaxation: objective 4.900000e+01, 200 iterations, 0.00 seconds

    Nodes    |    Current Node    |     Objective Bounds      |     Work
 Expl Unexpl |  Obj  Depth IntInf | Incumbent    BestBd   Gap | It/Node Time

     0     0   49.00000    0   73          -   49.00000      -     -    0s
     0     0   49.00000    0   72          -   49.00000      -     -    0s
     0     0   49.00000    0   62          -   49.00000      -     -    0s
     0     0   49.00000    0   55          -   49.00000      -     -    0s
     0     0   49.00000    0   52          -   49.00000      -     -    0s
H    0     0                    4773248.3333   49.00000   100%     -    0s
     0     0   49.00000    0   44 4773248.33   49.00000   100%     -    0s
H    0     0                     261.5000007   49.00000  81.3%     -    0s
H    0     0                     227.3333333   49.00000  78.4%     -    0s
H    0     0                     157.8333333   49.00000  69.0%     -    0s
H    0     2                     157.6666667   49.00000  68.9%     -    0s
     0     2   49.00000    0   39  157.66667   49.00000  68.9%     -    0s
H    1     4                     156.6666667   49.00000  68.7%   496    0s
H    5     6                     155.8333333   49.00000  68.6%   105    0s
H    8    12                     155.6666667   49.00000  68.5%  67.9    0s
H   51    80                     155.1666667   49.00000  68.4%  15.6    0s
H   55    80                     151.6666667   49.00000  67.7%  14.5    0s
H  113   144                     148.3333333   49.00000  67.0%  10.5    2s
H  114   144                     147.1666667   49.00000  66.7%  10.4    2s
H  116   144                     146.0000000   49.00000  66.4%  10.3    2s
H  118   144                     145.3333333   49.00000  66.3%  10.1    2s
H  133   144                     145.0000000   49.00000  66.2%  10.0    2s
H  144   144                     128.9166667   49.00000  62.0%   9.9    2s
H  177   208                     125.6666667   49.00000  61.0%   9.2    4s
H  180   208                     125.4999998   49.00000  61.0%   9.1    4s
H  180   208                     115.3333333   49.00000  57.5%   9.1    4s
H  209   239                     114.1666667   49.00000  57.1%   9.0    5s
H  210   239                     113.5000000   49.00000  56.8%   8.9    5s
H  212   239                     113.3333333   49.00000  56.8%   8.9    5s
H  213   239                     111.8333333   49.00000  56.2%   8.9    5s
H  242   289                     111.6666667   49.00000  56.1%   8.5    6s
H  253   289                     109.6666667   49.00000  55.3%   8.4    6s
H  292   321                     108.1666667   49.00000  54.7%   8.4    7s
H  294   321                     108.0000000   49.00000  54.6%   8.3    7s
H  324   353                     107.8333333   49.00000  54.6%   8.2    8s
H  383   385                     107.8333333   49.00000  54.6%   8.0    9s
   388   615   49.00000   17   44  107.83333   49.00000  54.6%   8.0   10s
H  445   615                     107.0000000   49.00000  54.2%   8.1   10s
H 1504  1494                     106.5000000   49.00000  54.0%   7.3   10s
H 2549  2542                     106.3333333   49.00000  53.9%   6.8   11s
H 2550  2542                     106.0000000   49.00000  53.8%   6.8   11s
H 2572  2542                     106.0000000   49.00000  53.8%   6.8   11s
H 2606  2542                     105.8333333   49.00000  53.7%   6.8   11s
H 4783  4515                     105.3333333   49.00000  53.5%   6.4   13s
H 5852  5481                     105.1666667   49.00000  53.4%   6.3   14s
  6132  6759   70.50000  150   41  105.16667   49.00000  53.4%   6.2   15s
H 9282  9572                     105.1666666   49.00000  53.4%   6.2   15s
 10599  9677   49.00000   20  160  105.16667   49.00000  53.4%   9.7   20s
 10663  9720   49.00000   21  165  105.16667   49.00000  53.4%   9.9   28s
H10673  9237                     105.1666666   49.00000  53.4%   9.9   28s
 10981  9452   49.00000   26  141  105.16667   49.00000  53.4%  10.4   31s
H14568 11945                     105.1666663   49.00000  53.4%  13.4   33s
 15932 11971   49.00000   74  124  105.16667   49.00000  53.4%  14.6   35s
H16542 11361                     105.1666662   49.00000  53.4%  15.4   38s
 16551 13250   49.00000   83  124  105.16667   49.00000  53.4%  15.5   40s
H25353 14685                     105.1666660   49.00000  53.4%  23.7   44s
H25517 15721                     105.1666660   49.00000  53.4%  23.7   45s
 27546 15072   49.00000   74  141  105.16667   49.00000  53.4%  24.3   52s
 29437 20553   49.00000   77  136  105.16667   49.00000  53.4%  24.8   57s
 40422 21510   73.33333   99  100  105.16667   49.00000  53.4%  27.0   60s
 48390 24110   64.33333  126  129  105.16667   49.00000  53.4%  28.9   71s
H51517 26529                     105.1666658   49.00000  53.4%  29.5   73s
H51968 26741                     105.1666656   49.00000  53.4%  29.6   74s
 52342 28274 infeasible  145       105.16667   49.00000  53.4%  29.6   76s
H53066 28274                     105.1666655   49.00000  53.4%  29.7   76s
 59287 35573   49.00000  110  138  105.16667   49.00000  53.4%  30.6   82s
H62256 35573                     105.1666654   49.00000  53.4%  30.9   82s
H66634 35573                     105.1666627   49.00000  53.4%  31.5   82s
 66862 39112 infeasible  176       105.16666   49.00000  53.4%  31.5   86s
H69661 39112                     105.1666627   49.00000  53.4%  32.1   86s
 73809 45206   50.29167   99  140  105.16666   49.00000  53.4%  32.5   91s
H84978 47770                     105.1666626   49.00000  53.4%  33.4   94s
 88085 49065   65.26051  178   90  105.16666   49.00000  53.4%  33.6   97s
 90108 56734   65.26051  178   93  105.16666   49.00000  53.4%  33.8  102s
 103135 59457   52.50000  107  134  105.16666   49.00000  53.4%  34.9  106s
 108775 59480 infeasible  146       105.16666   49.00000  53.4%  35.0  112s
 108815 62074     cutoff  145       105.16666   49.00000  53.4%  35.0  115s
 117823 68101 infeasible  149       105.16666   49.00000  53.4%  35.1  122s
 124184 71356   50.66861  117  126  105.16666   49.00000  53.4%  35.5  126s
 129859 76193   72.16667  148  100  105.16666   49.00000  53.4%  35.4  131s
 141068 80072   93.02627  116   97  105.16666   49.00000  53.4%  35.6  137s
 146873 80085   57.00000  111  100  105.16666   49.00000  53.4%  35.6  147s
 146924 82229   95.66667  112   96  105.16666   49.00000  53.4%  35.6  151s
 151043 86381   70.33333  101   88  105.16666   49.00000  53.4%  35.6  155s
 165681 96046   69.16667  152   87  105.16666   49.00000  53.4%  35.8  163s
 175301 97885   52.33333  143  135  105.16666   49.00000  53.4%  36.2  167s
 178532 97915   49.05708   99  146  105.16666   49.00000  53.4%  36.3  174s
 178590 102003   49.84167  100  133  105.16666   49.00000  53.4%  36.3  177s
 186766 102838   49.33333  112  115  105.16666   49.00000  53.4%  36.4  180s
 195887 109228   52.50000  120  117  105.16666   49.00000  53.4%  36.7  187s
 200519 117645   92.83333  139   83  105.16666   49.00000  53.4%  36.7  193s
 214964 117857   91.66667  128  101  105.16666   49.00000  53.4%  36.9  195s
 222582 122329 infeasible  131       105.16666   49.00000  53.4%  36.9  201s
 227547 124154   65.50000   98  117  105.16666   49.00000  53.4%  36.9  235s
 227586 141444   65.50000   99  116  105.16666   49.00000  53.4%  36.9  251s
 259618 141575   58.00000  100  114  105.16666   49.00000  53.4%  37.0  261s
 259819 160072   56.34058  143  115  105.16666   49.00000  53.4%  37.1  275s
 291851 160091 infeasible  145       105.16666   49.00000  53.4%  37.2  283s
 291895 177387   49.33333  115  116  105.16666   49.00000  53.4%  37.2  297s
 323927 182709   96.16667  131   95  105.16666   49.00000  53.4%  37.1  301s
H337277 185557                     104.8333333   49.00000  53.3%  37.0  304s
 339708 185767   90.36724  127   83  104.83333   49.00000  53.3%  37.0  306s
 340069 187838     cutoff  130       104.83333   49.00000  53.3%  37.0  310s
 347572 192006   49.58333  103  111  104.83333   49.00000  53.3%  36.9  317s
H352442 192006                     104.8333333   49.00000  53.3%  36.9  317s
 352672 192890   61.89815  119   98  104.83333   49.00000  53.3%  36.9  321s
 354539 197554 infeasible  126       104.83333   49.00000  53.3%  36.9  325s
H354862 197554                     104.8333333   49.00000  53.3%  36.9  325s
H359303 197554                     104.8333332   49.00000  53.3%  36.8  325s
H363588 198478                     104.8333332   49.00000  53.3%  36.9  329s
 364455 201705   55.33333  129   98  104.83333   49.00000  53.3%  36.9  334s
 370043 203307   80.84923  116  104  104.83333   49.00000  53.3%  36.9  338s
H372633 203307                     104.8333332   49.00000  53.3%  36.9  338s
 373317 208281   51.08333  112   98  104.83333   49.00000  53.3%  36.9  342s
H373500 208281                     104.8333331   49.00000  53.3%  36.9  342s
H379219 208281                     104.8333322   49.00000  53.3%  36.9  343s
H382613 211298                     104.8333321   49.00000  53.3%  36.9  347s
H385020 211298                     104.8333311   49.00000  53.3%  37.0  347s
H385741 211298                     104.8333244   49.00000  53.3%  37.0  347s
 387897 213998   57.33333  157  107  104.83332   49.00000  53.3%  37.0  351s
H388000 213998                     104.8333230   49.00000  53.3%  37.0  351s
 392977 217498   51.00379   93  114  104.83332   49.00000  53.3%  37.0  355s
 398752 220865   57.72564  123   96  104.83332   49.00000  53.3%  37.0  360s
 404496 224161     cutoff  135       104.83332   49.00000  53.3%  37.0  365s
H409163 224161                     104.8333229   49.00000  53.3%  37.1  365s
 410282 227392   53.00303  135  110  104.83332   49.00000  53.3%  37.1  370s
 421270 232267   87.33333  113   88  104.83332   49.00000  53.3%  37.1  378s
 425102 239180  102.72959  140   93  104.83332   49.00000  53.3%  37.1  384s
 437873 241303   62.16667  130  103  104.83332   49.00000  53.3%  37.1  389s
 441602 243582     cutoff  148       104.83332   49.00000  53.3%  37.1  393s
 445748 248395   86.33333  137  108  104.83332   49.00000  53.3%  37.1  397s
 453745 251015   85.92295  130  100  104.83332   49.00000  53.3%  37.1  401s
H454744 250756                     103.7777778   49.00000  52.8%  37.1  401s
 457996 255507 infeasible  118       103.77778   49.00000  52.8%  37.1  406s
H458405 255499                     103.7222222   49.00000  52.8%  37.1  406s
H458605 255449                     103.6666667   49.00000  52.7%  37.1  406s
 465787 257699 infeasible  167       103.66667   49.00000  52.7%  37.1  411s
H465909 257699                     103.6666666   49.00000  52.7%  37.1  411s
H469045 257699                     103.6666665   49.00000  52.7%  37.1  411s
 469387 260582     cutoff  178       103.66667   49.00000  52.7%  37.1  415s
H471778 260573                     103.6111111   49.00000  52.7%  37.1  416s
H475039 260573                     103.6111110   49.00000  52.7%  37.1  416s
 475265 262811 infeasible  147       103.61111   49.00000  52.7%  37.1  420s
H475300 262805                     103.5555556   49.00000  52.7%  37.1  420s
H475825 262805                     103.5555554   49.00000  52.7%  37.1  421s
 479054 266161 infeasible  141       103.55556   49.00000  52.7%  37.2  426s
H479056 266161                     103.5555553   49.00000  52.7%  37.2  426s
H480445 266161                     103.5555553   49.00000  52.7%  37.2  426s
 485612 269896     cutoff  110       103.55556   49.00000  52.7%  37.2  430s
H486001 269896                     103.5555534   49.00000  52.7%  37.2  430s
H486945 269896                     103.5555533   49.00000  52.7%  37.2  431s
H487840 269896                     103.5555532   49.00000  52.7%  37.2  431s
H493601 271258                     103.5555531   49.00000  52.7%  37.3  435s
H494231 271258                     103.5555531   49.00000  52.7%  37.3  435s
H494356 271258                     103.5555531   49.00000  52.7%  37.3  435s
 502722 279081   61.66667  116  112  103.55555   49.00000  52.7%  37.3  443s
H506585 279081                     103.5555530   49.00000  52.7%  37.3  443s
H510044 280838                     103.5555530   49.00000  52.7%  37.3  447s
H510907 280838                     103.5555530   49.00000  52.7%  37.3  447s
H512028 280838                     103.5555524   49.00000  52.7%  37.3  447s
 513239 283096   69.00000  131  100  103.55555   49.00000  52.7%  37.3  452s
H515542 283096                     103.5555515   49.00000  52.7%  37.3  452s
 517798 286389   75.16667  114  100  103.55555   49.00000  52.7%  37.3  456s
H517800 286389                     103.5555515   49.00000  52.7%  37.3  457s
H518000 286389                     103.5555513   49.00000  52.7%  37.3  457s
H523813 288305                     103.5555513   49.00000  52.7%  37.3  462s
H524553 288305                     103.5555512   49.00000  52.7%  37.3  462s
H526098 288305                     103.5555512   49.00000  52.7%  37.3  462s
H526694 288305                     103.5555512   49.00000  52.7%  37.3  462s
H527605 288305                     103.5555501   49.00000  52.7%  37.3  462s
 527981 291469   54.00000  114  108  103.55555   49.00000  52.7%  37.3  467s
H528100 291469                     103.5555492   49.00000  52.7%  37.3  467s
H530681 291469                     103.5555485   49.00000  52.7%  37.3  467s
 535309 294186  101.10606  118   81  103.55555   49.00000  52.7%  37.4  472s
H535400 294186                     103.5555483   49.00000  52.7%  37.4  472s
H535876 294186                     103.5555483   49.00000  52.7%  37.4  472s
H537410 294186                     103.5555482   49.00000  52.7%  37.4  472s
 539903 298273 infeasible  136       103.55555   49.00000  52.7%  37.4  477s
H546954 298273                     103.5555480   49.00000  52.7%  37.4  477s
H547394 298273                     103.5555464   49.00000  52.7%  37.4  477s
 547791 300718   89.66667  127   90  103.55555   49.00000  52.7%  37.4  482s
H548306 300718                     103.5555462   49.00000  52.7%  37.4  482s
H549046 300718                     103.5555460   49.00000  52.7%  37.4  482s
 551814 307500   55.66667  131  101  103.55555   49.00000  52.7%  37.4  487s
 563556 309129   53.16667  135  107  103.55555   49.00000  52.7%  37.4  491s
H563646 309129                     103.5555460   49.00000  52.7%  37.4  491s
H563735 309129                     103.5555460   49.00000  52.7%  37.4  491s
H564909 309129                     103.5555460   49.00000  52.7%  37.4  491s
 566625 312526   56.83333  146   82  103.55555   49.00000  52.7%  37.4  495s
H573898 313557                     103.5555459   49.00000  52.7%  37.4  499s
H574489 313557                     103.5555459   49.00000  52.7%  37.4  499s
 576027 316492   49.33333  101  109  103.55555   49.00000  52.7%  37.4  504s
H577034 316492                     103.5555453   49.00000  52.7%  37.4  504s
 582102 319634   56.83333  125   99  103.55555   49.00000  52.7%  37.4  508s
H583353 319634                     103.5555453   49.00000  52.7%  37.4  508s
 588083 323696   85.66667  132   88  103.55555   49.00000  52.7%  37.4  512s
H588519 323696                     103.5555451   49.00000  52.7%  37.4  512s
 595017 326002   56.83333  157   98  103.55555   49.00000  52.7%  37.5  517s
H595756 326002                     103.5555450   49.00000  52.7%  37.5  517s
 599368 329291   62.83453  122  118  103.55555   49.00000  52.7%  37.5  521s
H600068 329291                     103.5555450   49.00000  52.7%  37.5  521s
 605468 330336   65.03647  167  106  103.55554   49.00000  52.7%  37.5  525s
H606476 330336                     103.5555449   49.00000  52.7%  37.5  525s
H606656 330336                     103.5555448   49.00000  52.7%  37.5  525s
 607436 334277   74.33333  172   95  103.55554   49.00000  52.7%  37.5  530s
H611477 334277                     103.5555448   49.00000  52.7%  37.5  530s
H612722 334277                     103.5555447   49.00000  52.7%  37.5  530s
H613638 334277                     103.5555447   49.00000  52.7%  37.5  530s
 615569 335859   80.04837  156   78  103.55554   49.00000  52.7%  37.5  535s
H616913 335859                     103.5555447   49.00000  52.7%  37.5  535s
 618836 341229 infeasible  127       103.55554   49.00000  52.7%  37.5  541s
H619000 341229                     103.5555446   49.00000  52.7%  37.5  541s
 628964 342517   49.33333  115  125  103.55554   49.00000  52.7%  37.6  546s
H629111 342517                     103.5555445   49.00000  52.7%  37.6  546s
 631305 347752   50.33333  128  116  103.55554   49.00000  52.7%  37.6  551s
H633577 347752                     103.5555445   49.00000  52.7%  37.6  551s
H633672 347752                     103.5555445   49.00000  52.7%  37.6  551s
 641379 348845   71.50065  173   89  103.55554   49.00000  52.7%  37.6  555s
H643032 348845                     103.5555444   49.00000  52.7%  37.6  555s
 651802 355471   58.66667  103  107  103.55554   49.00000  52.7%  37.6  564s
H655724 355471                     103.5555443   49.00000  52.7%  37.6  564s
 655823 360713   62.33333  115  106  103.55554   49.00000  52.7%  37.6  569s
H658137 360713                     103.5554520   49.00000  52.7%  37.6  569s
 665344 362678   78.16829  121   89  103.55545   49.00000  52.7%  37.7  573s
H665400 362678                     103.5553558   49.00000  52.7%  37.7  573s
H667356 362678                     103.5553534   49.00000  52.7%  37.7  573s
 668932 367155   60.35478  106  117  103.55535   49.00000  52.7%  37.7  578s
H670210 367155                     103.5553529   49.00000  52.7%  37.7  578s
 675407 369717   55.58333  116  131  103.55535   49.00000  52.7%  37.7  582s
 679617 373366     cutoff  124       103.55535   49.00000  52.7%  37.8  586s
 686853 376353   54.27778  134  101  103.55535   49.00000  52.7%  37.8  591s
H687297 376353                     103.5553483   49.00000  52.7%  37.8  591s
 691141 381073 infeasible  111       103.55535   49.00000  52.7%  37.8  596s
H693330 381073                     103.5553054   49.00000  52.7%  37.8  596s
 698994 384320   54.33333  144  107  103.55531   49.00000  52.7%  37.8  601s
 704890 385852   51.50000  124  108  103.55531   49.00000  52.7%  37.8  605s
 713249 391946   49.00000  114  135  103.55531   49.00000  52.7%  37.9  614s
 717891 395430   49.01693  117  151  103.55531   49.00000  52.7%  37.9  619s
 723903 397516 infeasible  138       103.55531   49.00000  52.7%  37.9  622s
 728245 401876   92.88658  167   77  103.55531   49.00000  52.7%  37.9  627s
 735242 403765   52.33333  114  110  103.55531   49.00000  52.7%  37.9  632s
 738767 407178 infeasible  137       103.55531   49.00000  52.7%  38.0  636s
 745216 410183   87.02809  117  139  103.55531   49.00000  52.7%  38.0  641s
H750359 410183                     103.5552619   49.00000  52.7%  38.0  641s
H750443 410183                     103.5552196   49.00000  52.7%  38.0  641s
 750444 413197   54.16667  109  109  103.55522   49.00000  52.7%  38.0  645s
H750802 413197                     103.5552183   49.00000  52.7%  38.0  645s
H755897 416106                     103.5551922   49.00000  52.7%  38.0  650s
H761569 418744                     103.5551398   49.00000  52.7%  38.0  654s
 766757 421466   77.55556  119  124  103.55514   49.00000  52.7%  38.0  659s
 772854 424292   66.83333  118  117  103.55514   49.00000  52.7%  38.0  663s
 779089 426958   89.16667  103  129  103.55514   49.00000  52.7%  38.0  668s
 784554 429372   50.66667  112  129  103.55514   49.00000  52.7%  38.0  672s
 788650 434150   71.58333  149   65  103.55514   49.00000  52.7%  38.0  677s
 797237 436102   51.25000  106  126  103.55514   49.00000  52.7%  38.0  681s
 801093 439038   60.16667  146   82  103.55514   49.00000  52.7%  38.0  685s
 806190 441547   94.18077  135   87  103.55514   49.00000  52.7%  38.0  690s
 816628 449183   96.59640  126  141  103.55514   49.00000  52.7%  38.0  698s
 820773 454480   49.00000  115  114  103.55514   49.00000  52.7%  38.0  704s
 828613 457129 infeasible  119       103.55514   49.00000  52.7%  38.0  708s
 832894 460684   95.33333  131  102  103.55514   49.00000  52.7%  38.0  713s
 839493 462446   57.16667  124  126  103.55514   49.00000  52.7%  38.0  717s
 842315 465686   88.50000  147   89  103.55514   49.00000  52.7%  38.0  723s
 848897 467215  102.42153  141   63  103.55514   49.00000  52.7%  38.0  727s
 852255 472108   49.66667  101  114  103.55514   49.00000  52.7%  38.0  734s
 862062 473996   70.75000  166   90  103.55514   49.00000  52.7%  38.0  738s
 865429 478784   71.16667  138   83  103.55514   49.00000  52.7%  38.0  743s
 874302 481734 infeasible  156       103.55514   49.00000  52.7%  38.0  746s
 879985 484159   84.33333  116  104  103.55514   49.00000  52.7%  37.9  751s
 883742 490106   84.50000  127   92  103.55514   49.00000  52.7%  38.0  757s
 893488 493075   49.33333  121  108  103.55514   49.00000  52.7%  38.0  760s
 903105 498336   91.25000  132   77  103.55514   49.00000  52.7%  38.0  768s
 907526 502457   60.50000  123   96  103.55514   49.00000  52.7%  38.0  774s
 915446 506785   82.00000  136   98  103.55514   49.00000  52.7%  38.0  778s
 921754 508289   55.91038  136  130  103.55514   49.00000  52.7%  38.0  782s
 923864 512964   49.00000  114  129  103.55514   49.00000  52.7%  38.1  788s
 931281 515080   49.83333  110  123  103.55514   49.00000  52.7%  38.1  792s
 935485 515091   49.33333  114  114  103.55514   49.00000  52.7%  38.1  801s
 935584 517132 infeasible  115       103.55514   49.00000  52.7%  38.1  807s
 939544 521757   58.50000  128  108  103.55514   49.00000  52.7%  38.1  813s
 947603 525331   62.66667  182   90  103.55514   49.00000  52.7%  38.1  818s
 953999 525754   81.79630  224   66  103.55514   49.00000  52.7%  38.1  821s
 954805 530488   99.69016  225   62  103.55514   49.00000  52.7%  38.1  826s
 964394 532596   91.35216  137   87  103.55514   49.00000  52.7%  38.0  830s
 971131 537113   67.75000  155   86  103.55514   49.00000  52.7%  38.0  837s
 976182 540745   83.43093  175   50  103.55514   49.00000  52.7%  38.0  842s
 983488 543517   77.66667  120   90  103.55514   49.00000  52.7%  38.0  846s
 989407 546876   83.58333  149  117  103.55514   49.00000  52.7%  38.0  851s
 995811 548796   59.67745  149   91  103.55514   49.00000  52.7%  38.0  855s
 1007171 554857   97.70432  144   63  103.55514   49.00000  52.7%  38.0  863s
 1010899 555908   59.47222  131  109  103.55514   49.00000  52.7%  38.0  868s
 1012447 559814   73.11801  131  109  103.55514   49.00000  52.7%  38.0  873s
 1019061 562050   49.00000  131  116  103.55514   49.00000  52.7%  38.0  877s
 1023683 564240 infeasible  150       103.55514   49.00000  52.7%  38.0  880s
 1031067 570211   63.00000  115  117  103.55514   49.00000  52.7%  38.0  889s
 1038947 573534   50.16667  115  114  103.55514   49.00000  52.7%  37.9  893s
 1044009 576080   55.64671  150  107  103.55514   49.00000  52.7%  37.9  897s
 1048479 579850   99.70627  170   80  103.55514   49.00000  52.7%  37.9  902s
 1055351 582368   69.83925  121  107  103.55514   49.00000  52.7%  37.9  906s
 1060445 586618   49.33333  126  127  103.55514   49.00000  52.7%  37.9  911s
 1066914 588749   70.00000  176  109  103.55514   49.00000  52.7%  37.9  916s
 1071093 592255   60.35591  125  143  103.55514   49.00000  52.7%  37.9  922s
 1076549 594978 infeasible  127       103.55514   49.00000  52.7%  37.9  927s
 1081578 597109   52.16907  144  120  103.55514   49.00000  52.7%  37.9  931s
 1085544 601518   73.33333  173  102  103.55514   49.00000  52.7%  37.9  936s
 1094270 604091   62.16667  118  103  103.55514   49.00000  52.7%  37.9  940s
 1099366 607317   58.33481  137  122  103.55514   49.00000  52.7%  37.9  945s
 1108727 615906 infeasible  135       103.55514   49.00000  52.7%  37.8  958s
 1122482 618319   83.71425  141  117  103.55514   49.00000  52.7%  37.8  963s
 1126235 620290 infeasible  116       103.55514   49.00000  52.7%  37.9  967s
 1129455 625091   52.11616  132  126  103.55514   49.00000  52.7%  37.9  972s
 1138893 628821   50.00000  113  127  103.55514   49.00000  52.7%  37.9  977s
 1145594 630709   58.33333  147  115  103.55514   49.00000  52.7%  37.9  980s
 1148691 631909 infeasible  155       103.55514   49.00000  52.7%  37.9  985s
 1156379 635720   68.62994  163  106  103.55514   49.00000  52.7%  37.9  990s
 1164246 640155   58.50000  111  112  103.55514   49.00000  52.7%  37.9  998s
 1167137 644079  103.52458  132   81  103.55514   49.00000  52.7%  37.9 1002s
 1174869 647045   57.50000  121  111  103.55514   49.00000  52.7%  37.9 1007s
 1180073 648796   86.23864  155   81  103.55514   49.00000  52.7%  37.9 1011s
 1183386 652485   87.89583  160   67  103.55514   49.00000  52.7%  37.9 1016s
 1189705 656625   49.33333  112  114  103.55514   49.00000  52.7%  37.9 1021s
 1195827 661336   54.00000  130  116  103.55514   49.00000  52.7%  37.9 1026s
 1203799 662617   52.66861  106  134  103.55514   49.00000  52.7%  37.9 1031s
 1206337 669114   78.66667  131  100  103.55514   49.00000  52.7%  37.9 1038s
 1219234 672454   66.50000  162   87  103.55514   49.00000  52.7%  37.9 1043s
 1225943 674480   97.73611  135   78  103.55514   49.00000  52.7%  37.9 1047s
 1230255 677595   99.39583  156  104  103.55514   49.00000  52.7%  37.8 1052s
 1237118 680690   93.23722  131   94  103.55514   49.00000  52.7%  37.8 1057s
 1244789 681264   49.33333  116  120  103.55514   49.00000  52.7%  37.8 1060s
 1246111 685095   89.66667  145   76  103.55514   49.00000  52.7%  37.8 1065s
 1258812 691232   61.33333  138  108  103.55514   49.00000  52.7%  37.8 1073s
 1265972 692391 infeasible  129       103.55514   49.00000  52.7%  37.8 1077s
 1268858 697790  101.70139  139  107  103.55514   49.00000  52.7%  37.8 1084s
 1279849 700192   50.66667  118  116  103.55514   49.00000  52.7%  37.7 1089s
 1284424 702946   84.16667  164   60  103.55514   49.00000  52.7%  37.7 1093s
 1289779 706522   51.83333  118  115  103.55514   49.00000  52.7%  37.7 1098s
 1297585 709737   93.50000  142  115  103.55514   49.00000  52.7%  37.7 1102s
 1303772 711017   64.93640  128   97  103.55514   49.00000  52.7%  37.6 1106s
 1306153 715800   68.66958  119  118  103.55514   49.00000  52.7%  37.6 1111s
 1315207 718772  101.84463  130   82  103.55514   49.00000  52.7%  37.6 1115s
 1320410 722496   53.03333  120  124  103.55514   49.00000  52.7%  37.6 1120s
 1329943 732460   76.85597  174   78  103.55514   49.00000  52.7%  37.6 1132s
 1345590 733385   49.00000  108  116  103.55514   49.00000  52.7%  37.6 1136s
 1347921 735650   50.00250  118  100  103.55514   49.00000  52.7%  37.6 1140s
 1352349 740730   96.69395  133   78  103.55514   49.00000  52.7%  37.6 1145s
 1360329 745302   52.33333  120  117  103.55514   49.00000  52.7%  37.7 1150s
 1368991 748398   57.27791  124  129  103.55514   49.00000  52.7%  37.7 1157s
 1373791 749637     cutoff  156       103.55514   49.00000  52.7%  37.7 1161s
 1376211 753766   50.66667  119  102  103.55514   49.00000  52.7%  37.7 1165s
 1386148 759147     cutoff  140       103.55514   49.00000  52.7%  37.8 1173s
 1393021 761967 infeasible  131       103.55514   49.00000  52.7%  37.8 1179s
 1398378 763667   99.38197  128   91  103.55514   49.00000  52.7%  37.8 1184s
 1401384 768177   64.16667  138  111  103.55514   49.00000  52.7%  37.8 1189s
 1410965 771140     cutoff  133       103.55514   49.00000  52.7%  37.9 1194s
 1416887 772187   91.79525  150  119  103.55514   49.00000  52.7%  37.9 1198s
 1418619 774136     cutoff  155       103.55514   49.00000  52.7%  37.9 1200s

Cutting planes:
  Learned: 162
  Gomory: 34
  Cover: 379
  Implied bound: 133
  Clique: 122
  MIR: 761
  StrongCG: 6
  Flow cover: 1596
  GUB cover: 4
  Zero half: 1
  RLT: 89
  Relax-and-lift: 381

Cleanup yields a better solution

Explored 1421563 nodes (53936908 simplex iterations) in 1200.04 seconds
Thread count was 32 (of 64 available processors)

Solution count 10: 103.555 103.555 103.555 ... 103.556

Time limit reached
Best objective 1.027429856886e+02, best bound 4.900000000000e+01, gap 52.3082%
