
Gurobi 9.1.2 (linux64) logging started Wed Mar 30 22:34:44 2022

Changed value of parameter LogFile to germany_v-Wesel.log
   Prev:   Default: 
Changed value of parameter MIPFocus to 1
   Prev: 0  Min: 0  Max: 3  Default: 0
Changed value of parameter TimeLimit to 600.0
   Prev: inf  Min: 0.0  Max: inf  Default: inf
Warning: variables 0 and 276 have the same name "X[Koeln,Aachen]"
Warning: linear constraint 306 and linear constraint 307 have the same name "weight-constr-t5"
Warning: to let Gurobi read it back, use rlp format
Gurobi Optimizer version 9.1.2 build v9.1.2rc0 (linux64)
Thread count: 32 physical cores, 64 logical processors, using up to 32 threads
Optimize a model with 1963 rows, 1656 columns and 5898 nonzeros
Model fingerprint: 0x5f7b9939
Variable types: 300 continuous, 1356 integer (1356 binary)
Coefficient statistics:
  Matrix range     [1e+00, 1e+06]
  Objective range  [2e-01, 2e-01]
  Bounds range     [1e+00, 5e+05]
  RHS range        [1e+00, 1e+06]
Presolve removed 90 rows and 108 columns
Presolve time: 0.01s
Presolved: 1873 rows, 1548 columns, 10572 nonzeros
Variable types: 288 continuous, 1260 integer (1254 binary)

Root relaxation: objective 4.900000e+01, 198 iterations, 0.00 seconds

    Nodes    |    Current Node    |     Objective Bounds      |     Work
 Expl Unexpl |  Obj  Depth IntInf | Incumbent    BestBd   Gap | It/Node Time

     0     0   49.00000    0   56          -   49.00000      -     -    0s
     0     0   49.00000    0   65          -   49.00000      -     -    0s
     0     0   49.00000    0   57          -   49.00000      -     -    0s
     0     0   49.00000    0   57          -   49.00000      -     -    0s
     0     0   49.00000    0   58          -   49.00000      -     -    0s
     0     0   49.00000    0   48          -   49.00000      -     -    0s
H    0     0                    3003831.1667   49.00000   100%     -    0s
     0     0   49.00000    0   45 3003831.17   49.00000   100%     -    0s
H    0     0                     497.7499999   49.00000  90.2%     -    0s
H    0     0                     492.8333333   49.00000  90.1%     -    0s
H    0     2                     455.8333333   49.00000  89.3%     -    0s
     0     2   49.00000    0   45  455.83333   49.00000  89.3%     -    0s
H    1     4                     455.0000000   49.00000  89.2%   648    0s
H    4     8                     454.8333333   49.00000  89.2%   168    0s
H    7    16                     454.3333333   49.00000  89.2%   106    0s
H   31    64                     454.1666666   49.00000  89.2%  31.7    1s
H   32    64                     453.1666667   49.00000  89.2%  30.8    1s
H   34    64                     391.3333333   49.00000  87.5%  29.3    1s
H   42    64                     382.0000000   49.00000  87.2%  24.7    1s
H   95   128                     380.1666667   49.00000  87.1%  14.9    3s
H   96   128                     373.5000000   49.00000  86.9%  14.9    3s
H   98   128                     333.5000000   49.00000  85.3%  14.7    3s
H  115   128                     332.1666667   49.00000  85.2%  14.4    3s
H  118   128                     328.1666667   49.00000  85.1%  14.3    3s
H  159   192                     327.1666667   49.00000  85.0%  12.4    5s
H  160   192                     323.5000000   49.00000  84.9%  12.4    5s
H  163   192                     318.8333333   49.00000  84.6%  12.3    5s
H  255   287                     318.6666667   49.00000  84.6%  10.7    5s
H  257   287                     316.6666667   49.00000  84.5%  10.7    5s
H  269   287                     315.8333333   49.00000  84.5%  10.5    5s
H 1184  1472                     315.6666666   49.00000  84.5%   7.6    7s
H 1217  1472                     315.3333333   49.00000  84.5%   7.6    7s
H 1261  1472                     315.1666667   49.00000  84.5%   7.5    7s
H 1529  1504                     315.0000000   49.00000  84.4%   7.2    7s
H 3046  3680                     315.0000000   49.00000  84.4%   6.6    8s
H 3861  3712                     314.9999998   49.00000  84.4%   6.3    9s
H 3879  3744                     314.9999997   49.00000  84.4%   6.3    9s
H 3892  3744                     314.9999997   49.00000  84.4%   6.3    9s
  3907  6145   86.16667  115   45  315.00000   49.00000  84.4%   6.3   10s
H 6529  6174                     314.9999996   49.00000  84.4%   5.9   11s
H 6539  6174                     314.9999995   49.00000  84.4%   5.9   11s
H 6552  6174                     314.9999917   49.00000  84.4%   5.9   11s
H 7389  8016                     314.9999917   49.00000  84.4%   5.8   11s
H 8627  8048                     314.9999916   49.00000  84.4%   5.7   12s
H 8640  8048                     314.9999916   49.00000  84.4%   5.7   12s
H 8712  8856                     314.9999915   49.00000  84.4%   5.7   13s
 11500 10703   54.00000  101   43  314.99999   49.00000  84.4%   5.7   16s
H11507 10703                     314.9999913   49.00000  84.4%   5.7   16s
H11695 10215                     314.9999910   49.00000  84.4%   7.7   17s
 11764 10288   49.00000   19  237  314.99999   49.00000  84.4%   8.2   26s
H13006 10892                     314.9999908   49.00000  84.4%   8.9   28s
H13351 10325                     314.9999908   49.00000  84.4%   9.1   29s
 13369 12267   56.16682   71  179  314.99999   49.00000  84.4%   9.1   30s
H17683 12532                     314.9999907   49.00000  84.4%  10.8   32s
H18185 11955                     314.9999907   49.00000  84.4%  11.1   33s
 18201 15609   49.00008  105  200  314.99999   49.00000  84.4%  11.1   35s
H28412 17065                     314.9999906   49.00000  84.4%  13.6   39s
 29554 20860   49.00000   59  211  314.99999   49.00000  84.4%  13.9   41s
 37723 23927   49.00000  111  235  314.99999   49.00000  84.4%  15.0   46s
H43219 28606                     314.9999906   49.00000  84.4%  15.7   48s
 46115 33234   49.00000  118  202  314.99999   49.00000  84.4%  16.1   51s
 52379 38161   51.83333  116  189  314.99999   49.00000  84.4%  16.7   56s
 59484 45570   49.33333  101  208  314.99999   49.00000  84.4%  17.4   62s
 69493 50973   49.00000  125  203  314.99999   49.00000  84.4%  18.2   67s
 75072 52897   60.50013  182  164  314.99999   49.00000  84.4%  18.6   70s
H78746 58355                     314.9998583   49.00000  84.4%  19.1   73s
H84444 62128                     314.9996647   49.00000  84.4%  19.8   76s
H84845 62128                     314.9989252   49.00000  84.4%  19.8   76s
 89046 71256   52.16667  205  169  314.99893   49.00000  84.4%  20.5   80s
H89755 71256                     314.9959671   49.00000  84.4%  20.6   80s
 103462 78211   49.00000   83  229  314.99597   49.00000  84.4%  21.2   85s
 111665 85080   56.33333   83  226  314.99597   49.00000  84.4%  21.8   90s
 128240 92265   55.33333   78  223  314.99597   49.00000  84.4%  22.5  102s
 132543 95603   49.00000   88  220  314.99597   49.00000  84.4%  22.7  117s
 132577 101267   49.00000   89  219  314.99597   49.00000  84.4%  22.7  120s
 142019 110414   53.33333  136  158  314.99597   49.00000  84.4%  23.3  126s
 151821 117202  219.66667  201  117  314.99597   49.00000  84.4%  23.7  131s
 169522 126568   49.00000   76  203  314.99597   49.00000  84.4%  24.6  136s
 180449 134445  144.11623  140  169  314.99597   49.00000  84.4%  24.9  143s
 183734 143346  147.61515  186  109  314.99597   49.00000  84.4%  25.0  146s
 195236 147601   51.33333  104  210  314.99597   49.00000  84.4%  25.1  150s
 202344 154884   49.00000  151  212  314.99597   49.00000  84.4%  25.4  156s
 213495 163662   50.50000   68  202  314.99597   49.00000  84.4%  25.8  162s
 225434 174592   49.00000   97  205  314.99597   49.00000  84.4%  26.4  167s
 235176 176549   52.50000   71  192  314.99597   49.00000  84.4%  26.6  170s
 246208 187887   70.11129  157  166  314.99597   49.00000  84.4%  26.8  177s
 252807 195231  154.66667  178  141  314.99597   49.00000  84.4%  27.0  180s
 265313 206666   49.00000  172  197  314.99597   49.00000  84.4%  27.5  188s
 277251 211717   87.50000  176  147  314.99597   49.00000  84.4%  27.6  192s
 284198 215650   49.00000   85  208  314.99597   49.00000  84.4%  27.5  195s
 292814 225876   54.33333  116  178  314.99597   49.00000  84.4%  27.7  201s
 309802 236744   51.50000  184  200  314.99597   49.00000  84.4%  28.1  207s
 324896 243836  135.83443  233  171  314.99597   49.00000  84.4%  28.2  212s
 326326 249536 infeasible  240       314.99597   49.00000  84.4%  28.3  216s
 339043 261004   49.00031  110  217  314.99597   49.00000  84.4%  28.4  222s
 351438 268673   53.22222  231  174  314.99597   49.00000  84.4%  28.5  227s
 359730 270845   49.33333   80  191  314.99597   49.00000  84.4%  28.5  230s
 368979 278216   49.00000  100  222  314.99597   49.00000  84.4%  28.6  235s
 372581 287963   49.00000  105  203  314.99597   49.00000  84.4%  28.6  240s
 388591 294892  230.50302  152  155  314.99597   49.00000  84.4%  28.7  246s
 400417 305482 infeasible  235       314.99597   49.00000  84.4%  28.9  252s
 411386 311141   65.66674  184  167  314.99597   49.00000  84.4%  29.0  256s
H418863 312246                     314.6666667   49.00000  84.4%  29.1  259s
 419084 314541   49.00000  136  209  314.66667   49.00000  84.4%  29.1  262s
H419418 313398                     309.8333333   49.00000  84.2%  29.1  262s
H421845 317389                     309.3333333   49.00000  84.2%  29.1  266s
H421900 317247                     309.0000000   49.00000  84.1%  29.1  266s
H421967 317244                     308.9166667   49.00000  84.1%  29.1  266s
H424020 317181                     308.8333333   49.00000  84.1%  29.2  266s
H424487 317143                     308.6666667   49.00000  84.1%  29.2  266s
H427523 322794                     308.5000000   49.00000  84.1%  29.2  269s
H427800 322674                     308.1666667   49.00000  84.1%  29.2  269s
H427979 322611                     308.0000000   49.00000  84.1%  29.2  269s
H428156 322505                     307.8333333   49.00000  84.1%  29.2  269s
 435730 327142   75.83333  200  133  307.83333   49.00000  84.1%  29.3  274s
H436428 327081                     307.6666667   49.00000  84.1%  29.3  274s
H437583 326945                     307.1666667   49.00000  84.0%  29.3  274s
H438909 326727                     306.5000000   49.00000  84.0%  29.3  274s
 442114 331886   58.33333  149  184  306.50000   49.00000  84.0%  29.3  277s
H442300 331684                     306.1666667   49.00000  84.0%  29.3  277s
H443509 331684                     306.0833333   49.00000  84.0%  29.3  277s
H445305 331684                     306.0833332   49.00000  84.0%  29.3  277s
 449681 334221   49.00000  132  200  306.08333   49.00000  84.0%  29.3  280s
H450970 334093                     305.8333333   49.00000  84.0%  29.3  280s
 460018 342239   51.00000  162  165  305.83333   49.00000  84.0%  29.3  289s
H462090 342239                     305.8333333   49.00000  84.0%  29.3  289s
 465454 346346   50.16667   93  229  305.83333   49.00000  84.0%  29.3  293s
 471387 348431   50.83333  189  195  305.83333   49.00000  84.0%  29.3  297s
H474011 348431                     305.8333333   49.00000  84.0%  29.3  297s
 474394 352734  240.00666  127  128  305.83333   49.00000  84.0%  29.3  300s
H474907 352734                     305.8333331   49.00000  84.0%  29.3  300s
H486985 357379                     305.8333319   49.00000  84.0%  29.3  304s
 487350 363572  214.66667  138  151  305.83333   49.00000  84.0%  29.3  309s
H487751 363572                     305.8333309   49.00000  84.0%  29.3  309s
 496588 365597   56.16667  153  162  305.83333   49.00000  84.0%  29.3  313s
H496826 365597                     305.8333305   49.00000  84.0%  29.3  313s
 499598 372164   49.66667   94  206  305.83333   49.00000  84.0%  29.3  319s
 509099 374846   49.83333   88  228  305.83333   49.00000  84.0%  29.3  322s
 512709 382927   49.83333   90  226  305.83333   49.00000  84.0%  29.3  327s
 523605 387722   50.00000  135  214  305.83333   49.00000  84.0%  29.5  331s
 530663 391389   50.66667  130  158  305.83333   49.00000  84.0%  29.5  335s
 538688 398568   49.66667   67  203  305.83333   49.00000  84.0%  29.5  343s
 545826 403009  170.00010  133  112  305.83333   49.00000  84.0%  29.6  348s
 552276 408614     cutoff  180       305.83333   49.00000  84.0%  29.6  352s
 560429 412429   49.33333  114  179  305.83333   49.00000  84.0%  29.7  355s
 573898 419418  213.00000   94  168  305.83333   49.00000  84.0%  29.7  363s
 575674 424689  213.00000   97  174  305.83333   49.00000  84.0%  29.7  366s
 583609 427584 infeasible  181       305.83333   49.00000  84.0%  29.7  370s
 595296 434574   60.66667  158  151  305.83333   49.00000  84.0%  29.8  377s
 597818 445555   54.33333  161  194  305.83333   49.00000  84.0%  29.8  383s
 614033 448142  279.80082  184  143  305.83333   49.00000  84.0%  29.8  385s
 622747 456846   52.66667  142  170  305.83333   49.00000  84.0%  29.9  393s
 630564 459333   52.33333  148  174  305.83333   49.00000  84.0%  29.9  396s
 634377 465413   55.00000  137  182  305.83333   49.00000  84.0%  29.9  401s
 643031 469957   49.50000  144  194  305.83333   49.00000  84.0%  29.9  405s
 657326 479672  231.50000  128  156  305.83333   49.00000  84.0%  30.0  412s
 662325 484151  188.75915  223  105  305.83333   49.00000  84.0%  30.0  416s
 676257 491631   49.00000   96  228  305.83333   49.00000  84.0%  30.0  421s
 685852 498190   49.00000  110  231  305.83333   49.00000  84.0%  30.1  428s
 689028 503345   49.50000  124  223  305.83333   49.00000  84.0%  30.1  431s
 696664 505942  225.84223  180  145  305.83333   49.00000  84.0%  30.2  435s
 710349 516357  154.66667  194  122  305.83333   49.00000  84.0%  30.2  443s
 715857 519116   49.50000  182  200  305.83333   49.00000  84.0%  30.3  447s
 719387 523426   64.33333  214  176  305.83333   49.00000  84.0%  30.3  451s
 724843 528286  177.93160  240  112  305.83333   49.00000  84.0%  30.4  455s
 736092 537416   72.33333  208  158  305.83333   49.00000  84.0%  30.5  463s
 743556 539821  137.67703  251  116  305.83333   49.00000  84.0%  30.5  466s
 747129 545570  133.66667  267   95  305.83333   49.00000  84.0%  30.5  470s
 759574 552868  230.66667  184  131  305.83333   49.00000  84.0%  30.5  477s
 765495 555038 infeasible  110       305.83333   49.00000  84.0%  30.5  480s
 768697 561297   51.00000  115  185  305.83333   49.00000  84.0%  30.5  485s
 784185 569736   58.00026  218  169  305.83333   49.00000  84.0%  30.6  493s
 788309 577428   58.16667  228  172  305.83333   49.00000  84.0%  30.6  499s
 799018 580606  170.66667  241   89  305.83333   49.00000  84.0%  30.6  502s
 803458 585815   49.00000  131  259  305.83333   49.00000  84.0%  30.6  507s
 810894 589697   61.00000  207  132  305.83333   49.00000  84.0%  30.6  511s
 816827 591074   54.00000  142  206  305.83333   49.00000  84.0%  30.6  515s
 826951 600937   50.33333  144  218  305.83333   49.00000  84.0%  30.6  522s
 833171 604277   51.00000  155  202  305.83333   49.00000  84.0%  30.6  526s
 837844 608333   50.00000  169  200  305.83333   49.00000  84.0%  30.6  531s
 851721 620676  179.83365  250  124  305.83333   49.00000  84.0%  30.7  538s
 859716 624037   49.16667  166  175  305.83333   49.00000  84.0%  30.7  542s
 864384 627578   55.66667  159  178  305.83333   49.00000  84.0%  30.7  546s
 869277 630815   87.50063  176  172  305.83333   49.00000  84.0%  30.8  550s
 882796 639209   54.33333  181  205  305.83333   49.00000  84.0%  30.7  557s
 886030 644448   55.00000  186  194  305.83333   49.00000  84.0%  30.8  560s
 899363 651709  110.50000  168  161  305.83333   49.00000  84.0%  30.8  568s
 904082 655462   49.00000  130  200  305.83333   49.00000  84.0%  30.8  571s
 909432 659419   49.33333  141  210  305.83333   49.00000  84.0%  30.8  575s
 921571 668489     cutoff  203       305.83333   49.00000  84.0%  30.8  583s
 929038 671669 infeasible  152       305.83333   49.00000  84.0%  30.8  586s
 933522 678503   59.83425  142  210  305.83333   49.00000  84.0%  30.8  591s
 946690 685557   50.83333  161  187  305.83333   49.00000  84.0%  30.8  597s
 953089 687611   62.50000  178  193  305.83333   49.00000  84.0%  30.8  600s

Cutting planes:
  Learned: 235
  Gomory: 8
  Cover: 198
  Implied bound: 133
  Clique: 23
  MIR: 487
  StrongCG: 1
  Flow cover: 1051
  GUB cover: 3
  Zero half: 1
  RLT: 1
  Relax-and-lift: 292

Explored 956015 nodes (29514745 simplex iterations) in 600.04 seconds
Thread count was 32 (of 64 available processors)

Solution count 10: 305.833 305.833 305.833 ... 307.667

Time limit reached
Warning: max constraint violation (3.8121e-06) exceeds tolerance
Best objective 3.058333304646e+02, best bound 4.900000000000e+01, gap 83.9782%

Gurobi 9.1.2 (linux64) logging started Mon Apr  4 17:00:54 2022

Changed value of parameter LogFile to germany_v-Wesel.log
   Prev:   Default: 
Changed value of parameter MIPFocus to 1
   Prev: 0  Min: 0  Max: 3  Default: 0
Changed value of parameter TimeLimit to 1200.0
   Prev: inf  Min: 0.0  Max: inf  Default: inf
Warning: variables 0 and 276 have the same name "X[Muenchen,Passau]"
Warning: linear constraint 306 and linear constraint 307 have the same name "weight-constr-t5"
Warning: to let Gurobi read it back, use rlp format
Gurobi Optimizer version 9.1.2 build v9.1.2rc0 (linux64)
Thread count: 32 physical cores, 64 logical processors, using up to 32 threads
Optimize a model with 1963 rows, 1656 columns and 5898 nonzeros
Model fingerprint: 0xbe48f35e
Variable types: 300 continuous, 1356 integer (1356 binary)
Coefficient statistics:
  Matrix range     [1e+00, 1e+06]
  Objective range  [2e-01, 2e-01]
  Bounds range     [1e+00, 5e+05]
  RHS range        [1e+00, 1e+06]
Presolve removed 90 rows and 108 columns
Presolve time: 0.01s
Presolved: 1873 rows, 1548 columns, 10572 nonzeros
Variable types: 288 continuous, 1260 integer (1254 binary)

Root relaxation: objective 4.900000e+01, 198 iterations, 0.00 seconds

    Nodes    |    Current Node    |     Objective Bounds      |     Work
 Expl Unexpl |  Obj  Depth IntInf | Incumbent    BestBd   Gap | It/Node Time

     0     0   49.00000    0   61          -   49.00000      -     -    0s
     0     0   49.00000    0   68          -   49.00000      -     -    0s
H    0     0                    2982022.8333   49.00000   100%     -    0s
     0     0   49.00000    0   57 2982022.83   49.00000   100%     -    0s
H    0     0                     770.2499996   49.00000  93.6%     -    0s
H    0     0                     769.1666665   49.00000  93.6%     -    0s
     0     2   49.00000    0   57  769.16667   49.00000  93.6%     -    0s
H   31    64                     763.9999998   49.00000  93.6%  26.7    1s
H   41    64                     734.1666665   49.00000  93.3%  22.7    1s
H   63    96                     647.6666666   49.00000  92.4%  18.3    1s
H   71    96                     647.1666666   49.00000  92.4%  17.0    1s
H   95   128                     382.3333333   49.00000  87.2%  14.7    2s
H   96   128                     362.5000000   49.00000  86.5%  14.6    2s
H   99   128                     353.0000000   49.00000  86.1%  14.2    2s
H  102   128                     341.0000000   49.00000  85.6%  13.9    2s
H  116   128                     333.6666667   49.00000  85.3%  12.6    2s
H  127   160                     333.0000000   49.00000  85.3%  12.0    2s
H  161   190                     332.8333333   49.00000  85.3%  11.6    2s
H  198   222                     332.6666667   49.00000  85.3%  11.2    3s
H  208   222                     326.8333333   49.00000  85.0%  11.0    3s
H  447   877                     326.8333333   49.00000  85.0%   9.5    3s
H  480   877                     326.5000000   49.00000  85.0%   9.4    3s
H  900  1347                     326.3333333   49.00000  85.0%   8.3    4s
H  915  1347                     325.6666667   49.00000  85.0%   8.2    4s
H  945  1347                     325.1666667   49.00000  84.9%   8.1    4s
H 1005  1347                     325.1666664   49.00000  84.9%   8.0    4s
H 1036  1347                     324.1666667   49.00000  84.9%   7.9    4s
H 1051  1347                     323.3333333   49.00000  84.8%   7.9    4s
H 1368  1378                     322.6666667   49.00000  84.8%   7.2    6s
H 1369  1378                     317.3333333   49.00000  84.6%   7.2    6s
H 1377  1378                     316.8333333   49.00000  84.5%   7.2    6s
H 1401  1410                     316.3333333   49.00000  84.5%   7.2    8s
H 2072  3489                     316.3333333   49.00000  84.5%   6.8    8s
  3644  3552   73.33333  112   40  316.33333   49.00000  84.5%   6.3   10s
H 4999  4833                     316.3333332   49.00000  84.5%   6.1   11s
H 7110  6854                     316.3333324   49.00000  84.5%   5.9   13s
H 8598  8427                     316.3333323   49.00000  84.5%   5.7   13s
  9648  9001   49.00000   53   60  316.33333   49.00000  84.5%   5.7   15s
H 9662  9001                     316.3333318   49.00000  84.5%   5.6   15s
H 9681  9001                     316.3328763   49.00000  84.5%   5.6   15s
 14980 13838   49.00000   19  207  316.33288   49.00000  84.5%   6.8   20s
 16090 14830   68.00021   56  146  316.33288   49.00000  84.5%   7.9   25s
 21843 19450   70.50075  162  107  316.33288   49.00000  84.5%  10.2   30s
 29357 27803   49.00000   31  172  316.33288   49.00000  84.5%  12.2   35s
 44177 29287   54.83333  108  130  316.33288   49.00000  84.5%  14.4   40s
 50334 33958   50.00000  116  145  316.33288   49.00000  84.5%  15.5   45s
 66634 42375   60.50000  214  151  316.33288   49.00000  84.5%  18.8   50s
H69096 46609                     316.1666667   49.00000  84.5%  19.1   52s
H72596 50298                     316.0000000   49.00000  84.5%  19.4   54s
 76597 50383  238.00010  276   85  316.00000   49.00000  84.5%  20.0   57s
H76611 50383                     316.0000000   49.00000  84.5%  20.0   57s
 76690 50427  238.00010  277   85  316.00000   49.00000  84.5%  20.0   61s
H80128 55000                     315.9999999   49.00000  84.5%  20.3   63s
H80845 55000                     315.9999644   49.00000  84.5%  20.5   63s
 82554 55032   49.16667   70  185  315.99996   49.00000  84.5%  20.7   67s
H82557 55032                     315.9995103   49.00000  84.5%  20.7   67s
 87689 59279   49.16667   86  183  315.99951   49.00000  84.5%  21.4   72s
 88127 63814   49.16667   87  180  315.99951   49.00000  84.5%  21.4   75s
 105683 77566   49.00000   33  104  315.99951   49.00000  84.5%  22.3   80s
 111816 77906   51.66667  124  169  315.99951   49.00000  84.5%  22.4   89s
 112182 83076   51.66667  128  171  315.99951   49.00000  84.5%  22.4   91s
 119214 89429   68.00000  129  174  315.99951   49.00000  84.5%  22.6   95s
 136786 100932   49.00000   84  159  315.99951   49.00000  84.5%  22.8  101s
 149867 115218   53.33733  179  159  315.99951   49.00000  84.5%  23.5  107s
 160576 115400   69.69885  207  119  315.99951   49.00000  84.5%  23.8  114s
 160656 120628   71.03218  208  116  315.99951   49.00000  84.5%  23.8  116s
 177015 127323 infeasible  187       315.99951   49.00000  84.5%  23.8  120s
 182159 139409   50.00001  145  176  315.99951   49.00000  84.5%  23.9  126s
 198164 144439   49.00021  170  165  315.99951   49.00000  84.5%  24.6  130s
 213570 158570   49.00000   78  182  315.99951   49.00000  84.5%  24.9  137s
 217392 160133   51.50000  109  178  315.99951   49.00000  84.5%  25.0  142s
 219291 176201   51.50000  110  177  315.99951   49.00000  84.5%  25.0  147s
 241869 184199   62.50000  178  140  315.99951   49.00000  84.5%  25.4  151s
 254286 196753   50.66667  212  154  315.99951   49.00000  84.5%  25.7  158s
 266827 198580   51.33333   56  172  315.99951   49.00000  84.5%  25.9  160s
 278592 205914  192.83333  196  110  315.99951   49.00000  84.5%  26.0  166s
 286682 213355  245.00000  245  112  315.99951   49.00000  84.5%  26.0  171s
 289312 229890   49.00000  109  167  315.99951   49.00000  84.5%  26.1  176s
 312042 230196   49.00000  123  190  315.99951   49.00000  84.5%  26.2  182s
 316851 236415  128.66667  180  138  315.99951   49.00000  84.5%  26.3  187s
 320391 245819   94.00000  141  184  315.99951   49.00000  84.5%  26.3  191s
 335954 253272  130.00000  113  159  315.99951   49.00000  84.5%  26.5  195s
 347925 274244   50.12443  183  165  315.99951   49.00000  84.5%  26.4  204s
 374283 274275   49.66667  137  177  315.99951   49.00000  84.5%  26.7  205s
 374316 274305   49.66667  138  180  315.99951   49.00000  84.5%  26.7  210s
 380045 280297   56.33333  207  132  315.99951   49.00000  84.5%  26.8  216s
 382185 297397   49.16667  132  180  315.99951   49.00000  84.5%  26.8  222s
 406990 301336   49.66667  105  177  315.99951   49.00000  84.5%  26.8  226s
 416422 314430   49.00000   71  193  315.99951   49.00000  84.5%  26.7  232s
 431600 314457   49.00000  142  175  315.99951   49.00000  84.5%  26.7  241s
 437779 318873   54.00000  149  187  315.99951   49.00000  84.5%  26.7  252s
 437816 323638   54.00000  150  186  315.99951   49.00000  84.5%  26.7  255s
 444622 327620   69.50000  107  155  315.99951   49.00000  84.5%  26.7  260s
 459957 336501   99.00000   84  152  315.99951   49.00000  84.5%  26.8  266s
 471787 343896  217.33333  196  120  315.99951   49.00000  84.5%  26.7  275s
 479258 354031   66.00044  137  176  315.99951   49.00000  84.5%  26.8  280s
 495639 366841   51.33333   77  168  315.99951   49.00000  84.5%  26.7  286s
 503655 371403   49.00000   95  203  315.99951   49.00000  84.5%  26.7  291s
 510112 371427   75.16667  152  137  315.99951   49.00000  84.5%  26.7  297s
 510151 395118   75.16667  153  137  315.99951   49.00000  84.5%  26.7  306s
 542183 398114  281.50000  225   91  315.99951   49.00000  84.5%  26.8  310s
 559943 414158   49.00000   75  186  315.99951   49.00000  84.5%  26.8  316s
 567501 419607   52.33333   79  156  315.99951   49.00000  84.5%  26.8  320s
 574244 419631 infeasible  214       315.99951   49.00000  84.5%  26.9  328s
 574284 444770 infeasible  213       315.99951   49.00000  84.5%  26.9  337s
 606316 448900   53.83333  152  122  315.99951   49.00000  84.5%  27.1  340s
 623333 462034   60.00000  122  161  315.99951   49.00000  84.5%  27.1  346s
 637611 470654   66.33333  182  136  315.99951   49.00000  84.5%  27.1  351s
 642562 478597   49.66667   77  168  315.99951   49.00000  84.5%  27.1  355s
 654407 479193   91.83333  145  160  315.99951   49.00000  84.5%  27.1  362s
H661693 484195                     312.0000000   49.00000  84.3%  27.1  365s
H662746 484426                     311.8333333   49.00000  84.3%  27.1  366s
H664289 487751                     311.6666667   49.00000  84.3%  27.1  369s
 667989 490623  231.33351  200  103  311.66667   49.00000  84.3%  27.1  372s
H671387 490551                     311.5000000   49.00000  84.3%  27.1  372s
 671947 497103  231.83333  203  103  311.50000   49.00000  84.3%  27.1  375s
H672000 496678                     310.5000000   49.00000  84.2%  27.1  375s
H681300 499479                     310.3333333   49.00000  84.2%  27.1  379s
H681995 499356                     310.1666667   49.00000  84.2%  27.1  379s
H682138 499277                     310.0000000   49.00000  84.2%  27.1  379s
H683132 498989                     309.5000000   49.00000  84.2%  27.1  379s
 685672 504193   54.05771  146  168  309.50000   49.00000  84.2%  27.0  382s
H685868 504127                     309.3333333   49.00000  84.2%  27.0  382s
H691474 503734                     308.6666667   49.00000  84.1%  27.0  382s
H692877 506287                     308.5000000   49.00000  84.1%  27.0  385s
H693363 506202                     308.3333333   49.00000  84.1%  27.0  385s
H693589 505978                     308.0000000   49.00000  84.1%  27.0  385s
H693962 505322                     306.7500000   49.00000  84.0%  27.0  385s
H696646 510661                     306.4166667   49.00000  84.0%  27.0  388s
H696800 510514                     306.2500000   49.00000  84.0%  27.0  388s
H696999 510226                     305.8333333   49.00000  84.0%  27.0  388s
H700170 510053                     305.6666667   49.00000  84.0%  27.1  388s
 703444 512768   80.83395  191  129  305.66667   49.00000  84.0%  27.1  391s
H703500 512675                     305.5000000   49.00000  84.0%  27.1  391s
H704114 512573                     305.3333333   49.00000  84.0%  27.1  391s
 706783 521257  151.00000  200  112  305.33333   49.00000  84.0%  27.1  395s
H709693 521257                     305.3333333   49.00000  84.0%  27.1  395s
H719731 524050                     305.3333332   49.00000  84.0%  27.2  398s
 722498 529464   49.00000   84  181  305.33333   49.00000  84.0%  27.2  402s
 729677 531170   49.53788  136  180  305.33333   49.00000  84.0%  27.3  405s
H731775 531170                     305.3333328   49.00000  84.0%  27.3  405s
 741703 541912  102.83333  198  149  305.33333   49.00000  84.0%  27.4  411s
 754140 549558 infeasible  187       305.33333   49.00000  84.0%  27.4  417s
H754322 549558                     305.3333320   49.00000  84.0%  27.4  417s
 758029 556508   49.00000  110  173  305.33333   49.00000  84.0%  27.4  421s
H758300 556508                     305.3333319   49.00000  84.0%  27.4  421s
H764475 556508                     305.3333319   49.00000  84.0%  27.4  421s
H767553 558480                     305.3333317   49.00000  84.0%  27.4  424s
 769645 563964   57.33333  149  150  305.33333   49.00000  84.0%  27.4  428s
 776917 567642   50.16667  106  182  305.33333   49.00000  84.0%  27.5  431s
 781777 573730  104.16729  163  119  305.33333   49.00000  84.0%  27.5  435s
H790081 573730                     305.3333316   49.00000  84.0%  27.6  435s
 792527 580940  265.16729  161  129  305.33333   49.00000  84.0%  27.6  442s
 804500 588087   49.33333  120  183  305.33333   49.00000  84.0%  27.5  448s
H805707 588087                     305.3333315   49.00000  84.0%  27.6  448s
 811048 590668   55.39618  140  168  305.33333   49.00000  84.0%  27.6  451s
H811300 590668                     305.3333314   49.00000  84.0%  27.6  451s
 814982 598796   49.00000  171  169  305.33333   49.00000  84.0%  27.6  455s
H828315 599873                     305.3333314   49.00000  84.0%  27.6  458s
 829087 604399   73.33333  191  105  305.33333   49.00000  84.0%  27.6  461s
H830963 604399                     305.3333312   49.00000  84.0%  27.6  461s
H831177 604399                     305.3333309   49.00000  84.0%  27.6  461s
 837995 612091   96.17992  195  127  305.33333   49.00000  84.0%  27.7  468s
 845732 615348   49.25005  123  191  305.33333   49.00000  84.0%  27.7  471s
 860438 624242   49.00000  159  179  305.33333   49.00000  84.0%  27.8  478s
 863479 629185   49.00000  185  187  305.33333   49.00000  84.0%  27.8  481s
 870254 631263     cutoff  262       305.33333   49.00000  84.0%  27.8  485s
 881905 640451   49.00000   71  181  305.33333   49.00000  84.0%  27.9  491s
 895982 648894  290.00000  109  168  305.33333   49.00000  84.0%  27.9  497s
 897806 654639  290.00000  121  158  305.33333   49.00000  84.0%  27.9  502s
H901748 654638                     305.3333214   49.00000  84.0%  27.9  502s
 906410 657414   75.00000  174  146  305.33332   49.00000  84.0%  27.9  505s
H909468 657414                     305.3333213   49.00000  84.0%  27.9  505s
H913014 663456                     305.3333212   49.00000  84.0%  27.9  508s
 919871 668011   51.33333  135  146  305.33332   49.00000  84.0%  27.9  511s
 926276 669286 infeasible  198       305.33332   49.00000  84.0%  27.9  516s
 928095 674339   49.50000  101  190  305.33332   49.00000  84.0%  27.9  520s
 940495 682740   49.00000  103  165  305.33332   49.00000  84.0%  27.9  526s
 956150 690735  212.50000  148  151  305.33332   49.00000  84.0%  27.9  532s
 959394 698864   49.00000  117  210  305.33332   49.00000  84.0%  27.9  537s
 971497 699744  117.74473  179  116  305.33332   49.00000  84.0%  28.0  540s
 980286 710231   59.67019  168  170  305.33332   49.00000  84.0%  28.1  546s
 991459 720196   49.00000   92  163  305.33332   49.00000  84.0%  28.1  553s
 1000446 722054   55.67098  196  129  305.33332   49.00000  84.0%  28.2  556s
 1011044 729940  158.83354  226   78  305.33332   49.00000  84.0%  28.3  562s
 1013701 736437   49.00000   89  180  305.33332   49.00000  84.0%  28.3  566s
 1028934 743037  212.52778  166  127  305.33332   49.00000  84.0%  28.3  572s
 1032004 751222  222.83333  180  105  305.33332   49.00000  84.0%  28.4  576s
 1045646 758842   50.33333  169  156  305.33332   49.00000  84.0%  28.4  582s
 1054762 763571  301.55652  168  123  305.33332   49.00000  84.0%  28.4  586s
 1061549 763588   73.33333   82  197  305.33332   49.00000  84.0%  28.4  593s
 1061596 767463   73.33333   83  198  305.33332   49.00000  84.0%  28.4  596s
H1063638 767463                     305.3333211   49.00000  84.0%  28.4  596s
 1070598 774267  196.16667  188  119  305.33332   49.00000  84.0%  28.4  602s
H1071497 774267                     305.3333210   49.00000  84.0%  28.4  602s
 1077149 777407   51.50000  110  179  305.33332   49.00000  84.0%  28.4  605s
H1077300 777407                     305.3333207   49.00000  84.0%  28.4  605s
H1078096 777407                     305.3333206   49.00000  84.0%  28.5  605s
 1086489 785172   49.33333  104  200  305.33332   49.00000  84.0%  28.5  612s
 1093723 787348   49.00000  110  204  305.33332   49.00000  84.0%  28.4  615s
 1104612 794717   61.33333  186  156  305.33332   49.00000  84.0%  28.5  621s
 1117985 803020   55.16667  113  164  305.33332   49.00000  84.0%  28.5  627s
 1121215 811921   70.16667  171  161  305.33332   49.00000  84.0%  28.5  631s
 1138002 819065   52.83333  155  147  305.33332   49.00000  84.0%  28.4  637s
 1145496 820026   63.33333  143  171  305.33332   49.00000  84.0%  28.5  641s
H1150054 824456                     305.3333153   49.00000  84.0%  28.5  644s
 1152921 828302 infeasible  179       305.33332   49.00000  84.0%  28.5  647s
H1153201 828302                     305.3333152   49.00000  84.0%  28.5  647s
H1153561 828302                     305.3333150   49.00000  84.0%  28.5  647s
H1157717 828302                     305.3333148   49.00000  84.0%  28.5  647s
H1157997 830790                     305.3333148   49.00000  84.0%  28.5  650s
H1158168 830790                     305.3333147   49.00000  84.0%  28.5  650s
H1159162 830790                     305.3333141   49.00000  84.0%  28.5  650s
H1161600 836383                     305.3333141   49.00000  84.0%  28.5  654s
H1164956 836383                     305.3333139   49.00000  84.0%  28.6  654s
H1165800 836383                     305.3333139   49.00000  84.0%  28.6  654s
H1166494 836383                     305.3333138   49.00000  84.0%  28.6  654s
 1169068 838576   49.50000  157  193  305.33331   49.00000  84.0%  28.6  658s
H1169182 838576                     305.3333137   49.00000  84.0%  28.6  658s
 1172026 845604   50.00028  166  188  305.33331   49.00000  84.0%  28.6  662s
H1172703 845604                     305.3333137   49.00000  84.0%  28.6  662s
 1182305 848311   49.33333  140  176  305.33331   49.00000  84.0%  28.6  665s
 1195597 857146   72.45833  166  154  305.33331   49.00000  84.0%  28.6  673s
H1198242 857146                     305.3333136   49.00000  84.0%  28.6  673s
H1198393 857146                     305.3333134   49.00000  84.0%  28.6  673s
 1199394 861699 infeasible  127       305.33331   49.00000  84.0%  28.6  676s
H1199395 861699                     305.3333133   49.00000  84.0%  28.6  676s
H1199400 861699                     305.3333132   49.00000  84.0%  28.6  677s
H1202092 861699                     305.3333132   49.00000  84.0%  28.6  677s
 1206589 863217   90.83371  132  165  305.33331   49.00000  84.0%  28.6  680s
H1206695 863217                     305.3333131   49.00000  84.0%  28.6  680s
H1215051 869501                     305.3333131   49.00000  84.0%  28.6  684s
 1218170 871343  184.33370  211  120  305.33331   49.00000  84.0%  28.6  687s
H1218205 871343                     305.3333131   49.00000  84.0%  28.6  687s
H1219430 871343                     305.3333130   49.00000  84.0%  28.6  687s
 1220527 885048   80.33333  129  165  305.33331   49.00000  84.0%  28.6  693s
H1225248 885048                     305.3333130   49.00000  84.0%  28.6  694s
 1241398 885466 infeasible  218       305.33331   49.00000  84.0%  28.6  697s
H1241501 885466                     305.3333129   49.00000  84.0%  28.6  697s
 1241979 889353  158.33333  210   94  305.33331   49.00000  84.0%  28.6  700s
H1249981 891632                     305.3333129   49.00000  84.0%  28.6  703s
 1250313 901084   55.66667  134  145  305.33331   49.00000  84.0%  28.6  708s
 1264957 903091  189.33333  141  123  305.33331   49.00000  84.0%  28.6  712s
 1267870 908762  198.28592  151  134  305.33331   49.00000  84.0%  28.6  716s
 1281232 918902   93.16667  155  138  305.33331   49.00000  84.0%  28.6  724s
 1291296 919459   55.33333  135  165  305.33331   49.00000  84.0%  28.7  727s
 1292006 925309   55.33333  140  155  305.33331   49.00000  84.0%  28.7  730s
H1300497 926813                     305.3333125   49.00000  84.0%  28.7  733s
H1300741 926813                     305.3332291   49.00000  84.0%  28.7  733s
 1301824 933728  187.33333  168  118  305.33323   49.00000  84.0%  28.7  737s
H1306548 933728                     305.3328340   49.00000  84.0%  28.7  738s
 1312313 938011   68.33333  145  181  305.33283   49.00000  84.0%  28.7  740s
 1321392 942539  252.83333  187  104  305.33283   49.00000  84.0%  28.7  746s
H1328533 946127                     305.3328340   49.00000  84.0%  28.7  749s
 1330310 950627  147.14815  222  125  305.33283   49.00000  84.0%  28.7  752s
H1330692 950627                     305.3328339   49.00000  84.0%  28.7  753s
 1337229 954803  187.34571  277   62  305.33283   49.00000  84.0%  28.7  756s
 1349556 961131  223.83333  168  132  305.33283   49.00000  84.0%  28.7  762s
 1353541 966542  103.17794  194   90  305.33283   49.00000  84.0%  28.7  765s
 1366317 973513   49.83354  138  178  305.33283   49.00000  84.0%  28.7  771s
 1372572 976492   49.00000  108  186  305.33283   49.00000  84.0%  28.7  775s
 1382546 984608   50.00000  127  169  305.33283   49.00000  84.0%  28.7  782s
 1388891 989144   51.50000  111  167  305.33283   49.00000  84.0%  28.7  786s
 1395808 992870   63.00220  126  149  305.33283   49.00000  84.0%  28.7  791s
 1401751 996592  117.16667  155  140  305.33283   49.00000  84.0%  28.7  795s
 1414754 1005245  171.16667  191   74  305.33283   49.00000  84.0%  28.7  802s
 1419924 1008799  118.16667  165  174  305.33283   49.00000  84.0%  28.8  805s
 1431298 1016090   54.00041  146  176  305.33283   49.00000  84.0%  28.8  814s
 1436147 1020136   72.50000  193  140  305.33283   49.00000  84.0%  28.8  818s
 1442404 1024077   69.00000  143  164  305.33283   49.00000  84.0%  28.8  821s
 1448748 1030057   49.00000  117  200  305.33283   49.00000  84.0%  28.8  826s
 1460692 1036295  287.00000  196   91  305.33283   49.00000  84.0%  28.8  832s
 1466218 1039143   55.17194  221  139  305.33283   49.00000  84.0%  28.8  835s
 1480223 1048031  303.33390  153  154  305.33283   49.00000  84.0%  28.9  841s
 1491427 1056199   49.33333  141  201  305.33283   49.00000  84.0%  28.9  847s
 1495216 1065468   49.66667  175  193  305.33283   49.00000  84.0%  28.9  851s
 1510716 1073004   49.00000  120  188  305.33283   49.00000  84.0%  28.9  857s
 1522168 1079824   96.50000  242  141  305.33283   49.00000  84.0%  28.9  863s
 1529697 1080197  232.33333  171  132  305.33283   49.00000  84.0%  28.9  866s
 1538469 1086957   49.16667  155  180  305.33283   49.00000  84.0%  28.9  872s
 1540399 1091210   49.33333  176  169  305.33283   49.00000  84.0%  28.9  875s
 1550782 1098804   49.00000  161  204  305.33283   49.00000  84.0%  28.9  882s
 1557740 1101126   51.16667  200  146  305.33283   49.00000  84.0%  29.0  885s
 1561251 1109046   56.16667  162  156  305.33283   49.00000  84.0%  29.0  891s
 1576329 1116641   76.83333  197  134  305.33283   49.00000  84.0%  29.0  897s
 1585731 1119346   49.83333  124  175  305.33283   49.00000  84.0%  29.0  900s
 1590678 1139767   49.33440  156  176  305.33283   49.00000  84.0%  29.0  912s
 1621044 1141781 infeasible  233       305.33283   49.00000  84.0%  29.0  915s
 1639237 1152649   58.83333  170  150  305.33283   49.00000  84.0%  29.0  922s
 1641354 1157886   70.68366  199  134  305.33283   49.00000  84.0%  29.0  925s
 1651235 1163624  270.00000  180  112  305.33283   49.00000  84.0%  29.0  930s
 1660273 1171289 infeasible  202       305.33283   49.00000  84.0%  29.1  937s
 1668405 1173596   67.00031  183  146  305.33283   49.00000  84.0%  29.1  940s
 1681947 1183096  249.66852  296   62  305.33283   49.00000  84.0%  29.1  948s
 1685256 1191244   88.50145  166  144  305.33283   49.00000  84.0%  29.2  952s
 1696853 1191265  228.67279  209  100  305.33283   49.00000  84.0%  29.2  961s
 1702974 1196690   50.16680  156  181  305.33283   49.00000  84.0%  29.2  967s
 1705698 1201383   49.66667  178  193  305.33283   49.00000  84.0%  29.2  971s
 1715869 1211518   49.00000  141  184  305.33283   49.00000  84.0%  29.2  977s
 1729381 1212212   52.33333  129  184  305.33283   49.00000  84.0%  29.2  981s
 1736604 1220472   70.16667  139  165  305.33283   49.00000  84.0%  29.2  987s
 1747007 1231725 infeasible  183       305.33283   49.00000  84.0%  29.2  993s
 1759446 1233235   96.00041  257   91  305.33283   49.00000  84.0%  29.2  996s
H1766785 1238307                     305.3328335   49.00000  84.0%  29.2  999s
 1770365 1239463   49.00000  132  166  305.33283   49.00000  84.0%  29.2 1002s
 1772317 1244814   49.83333  182  182  305.33283   49.00000  84.0%  29.2 1005s
 1782686 1247210   54.50000  142  165  305.33283   49.00000  84.0%  29.2 1010s
H1787692 1248171                     305.3328334   49.00000  84.0%  29.2 1012s
 1790811 1253586   52.00000  152  153  305.33283   49.00000  84.0%  29.2 1016s
 1800236 1261382   49.00000  114  186  305.33283   49.00000  84.0%  29.2 1022s
 1808878 1263224   60.50000  170  126  305.33283   49.00000  84.0%  29.2 1025s
 1811744 1273247  228.50821  182  125  305.33283   49.00000  84.0%  29.2 1031s
 1828546 1279192 infeasible  154       305.33283   49.00000  84.0%  29.3 1037s
 1837195 1280863  189.16687  195  113  305.33283   49.00000  84.0%  29.3 1041s
 1840805 1303009   54.66667  185  147  305.33283   49.00000  84.0%  29.3 1054s
 1870634 1305120  131.16680  228  105  305.33283   49.00000  84.0%  29.3 1057s
 1873852 1314666   49.00000  152  179  305.33283   49.00000  84.0%  29.4 1062s
 1887269 1316357   75.50176  200  152  305.33283   49.00000  84.0%  29.4 1066s
 1889689 1321325  261.50476  210  129  305.33283   49.00000  84.0%  29.4 1070s
 1901771 1329165   50.00000  119  168  305.33283   49.00000  84.0%  29.4 1076s
 1911236 1336459   54.16667  161  166  305.33283   49.00000  84.0%  29.4 1082s
 1919816 1340698 infeasible  166       305.33283   49.00000  84.0%  29.4 1085s
H1922013 1340698                     305.3328333   49.00000  84.0%  29.4 1085s
 1929673 1346940   53.83333  180  128  305.33283   49.00000  84.0%  29.4 1092s
 1936980 1348819   83.00673  158  130  305.33283   49.00000  84.0%  29.4 1095s
 1939732 1357866  282.08470  152  130  305.33283   49.00000  84.0%  29.4 1101s
 1957745 1365757   52.50133  175  164  305.33283   49.00000  84.0%  29.5 1106s
 1968839 1377329   58.00000  208  175  305.33283   49.00000  84.0%  29.5 1116s
 1989534 1382876   58.42519  192  151  305.33283   49.00000  84.0%  29.5 1121s
 1999469 1389179   51.83333  162  167  305.33283   49.00000  84.0%  29.5 1127s
 2002285 1397810   53.33333  174  161  305.33283   49.00000  84.0%  29.5 1132s
 2015414 1400311   50.83333  137  178  305.33283   49.00000  84.0%  29.6 1135s
 2029040 1408756  272.00000  205   77  305.33283   49.00000  84.0%  29.6 1141s
 2036593 1415853   49.00000  159  152  305.33283   49.00000  84.0%  29.6 1145s
 2046910 1422881  133.84027  184  145  305.33283   49.00000  84.0%  29.6 1151s
 2057633 1430027   51.83333  187  170  305.33283   49.00000  84.0%  29.7 1157s
 2065679 1431498   58.83333  204  148  305.33283   49.00000  84.0%  29.7 1161s
 2067922 1444434     cutoff  223       305.33283   49.00000  84.0%  29.7 1167s
 2087658 1445564   51.13200  181  169  305.33283   49.00000  84.0%  29.7 1171s
 2096390 1452837   49.66667  165  185  305.33283   49.00000  84.0%  29.7 1176s
 2099267 1462668   50.50000  171  181  305.33283   49.00000  84.0%  29.7 1181s
 2117230 1469159   93.50000  165  146  305.33283   49.00000  84.0%  29.7 1186s
 2126097 1474790   66.33333  193  142  305.33283   49.00000  84.0%  29.8 1192s
 2133641 1482088   49.00000  155  176  305.33283   49.00000  84.0%  29.8 1197s
 2143342 1485281     cutoff  222       305.33283   49.00000  84.0%  29.8 1200s

Cutting planes:
  Learned: 270
  Gomory: 10
  Cover: 225
  Implied bound: 125
  Clique: 13
  MIR: 555
  Flow cover: 1247
  GUB cover: 1
  RLT: 2
  Relax-and-lift: 311

Cleanup yields a better solution

Explored 2148549 nodes (64004704 simplex iterations) in 1200.06 seconds
Thread count was 32 (of 64 available processors)

Solution count 10: 305.333 305.333 305.333 ... 305.333

Time limit reached
Best objective 3.053104478567e+02, best bound 4.900000000000e+01, gap 83.9508%
