
Gurobi 9.1.2 (linux64) logging started Wed Mar 30 20:54:15 2022

Changed value of parameter LogFile to germany_v-Aachen.log
   Prev:   Default: 
Changed value of parameter MIPFocus to 1
   Prev: 0  Min: 0  Max: 3  Default: 0
Changed value of parameter TimeLimit to 600.0
   Prev: inf  Min: 0.0  Max: inf  Default: inf
Warning: variables 0 and 276 have the same name "X[Koeln,Aachen]"
Warning: linear constraint 306 and linear constraint 307 have the same name "weight-constr-t5"
Warning: to let Gurobi read it back, use rlp format
Gurobi Optimizer version 9.1.2 build v9.1.2rc0 (linux64)
Thread count: 32 physical cores, 64 logical processors, using up to 32 threads
Optimize a model with 1975 rows, 1656 columns and 5928 nonzeros
Model fingerprint: 0xfb6b1db8
Variable types: 300 continuous, 1356 integer (1356 binary)
Coefficient statistics:
  Matrix range     [1e+00, 1e+06]
  Objective range  [2e-01, 2e-01]
  Bounds range     [1e+00, 5e+05]
  RHS range        [1e+00, 1e+06]
Presolve removed 78 rows and 90 columns
Presolve time: 0.01s
Presolved: 1897 rows, 1566 columns, 10734 nonzeros
Variable types: 294 continuous, 1272 integer (1272 binary)

Root relaxation: objective 4.900000e+01, 201 iterations, 0.00 seconds

    Nodes    |    Current Node    |     Objective Bounds      |     Work
 Expl Unexpl |  Obj  Depth IntInf | Incumbent    BestBd   Gap | It/Node Time

     0     0   49.00000    0   60          -   49.00000      -     -    0s
     0     0   49.00000    0   54          -   49.00000      -     -    0s
     0     0   49.00000    0   53          -   49.00000      -     -    0s
     0     0   49.00000    0   48          -   49.00000      -     -    0s
     0     0   49.00000    0   47          -   49.00000      -     -    0s
H    0     0                    2623026.5000   49.00000   100%     -    0s
     0     0   49.00000    0   32 2623026.50   49.00000   100%     -    0s
H    0     0                    1900.8298372   49.00000  97.4%     -    0s
H    0     0                    1734.3333326   49.00000  97.2%     -    0s
H    0     0                    1696.9999992   49.00000  97.1%     -    0s
H    0     0                    1696.4999992   49.00000  97.1%     -    0s
H    0     2                    1691.1987413   49.00000  97.1%     -    0s
     0     2   49.00000    0   32 1691.19874   49.00000  97.1%     -    0s
H    1     4                    1690.9999995   49.00000  97.1%   520    0s
H    3     8                    1687.8333323   49.00000  97.1%   181    0s
H    9    16                    1686.4999989   49.00000  97.1%  70.0    0s
H   31    64                    1684.8333323   49.00000  97.1%  26.8    0s
H   41    64                    1025.1666663   49.00000  95.2%  20.9    0s
H   95   128                     670.5000000   49.00000  92.7%  11.9    3s
H  125   128                     495.1666667   49.00000  90.1%  10.1    3s
H  159   192                     471.0000000   49.00000  89.6%   9.8    5s
H  162   192                     432.3333333   49.00000  88.7%   9.9    5s
H  163   192                     407.5000000   49.00000  88.0%   9.9    5s
H  255   476                     406.4999994   49.00000  87.9%   8.4    5s
H  290   476                     406.1666667   49.00000  87.9%   8.4    5s
H  297   476                     400.5000000   49.00000  87.8%   8.6    5s
H  353   476                     400.3333333   49.00000  87.8%   8.3    5s
H  395   476                     399.6111111   49.00000  87.7%   8.0    5s
H  494  1026                     399.2777776   49.00000  87.7%   7.7    6s
H  498  1026                     396.6666667   49.00000  87.6%   7.7    6s
H  879  1026                     395.4444444   49.00000  87.6%   6.8    6s
H 1040  1058                     394.0000000   49.00000  87.6%   6.5    8s
H 1041  1058                     386.6666667   49.00000  87.3%   6.5    8s
H 1063  1058                     379.9166667   49.00000  87.1%   6.6    8s
H 1097  1950                     379.5833333   49.00000  87.1%   6.6    8s
H 1155  1950                     378.5833333   49.00000  87.1%   6.6    8s
H 1216  1950                     377.5000000   49.00000  87.0%   6.6    8s
H 1593  1950                     377.1666667   49.00000  87.0%   6.4    8s
H 1912  1950                     376.8333333   49.00000  87.0%   6.2    8s
H 2005  2296                     376.6666667   49.00000  87.0%   6.2    9s
H 2027  2296                     374.6666667   49.00000  86.9%   6.2    9s
H 2161  2296                     374.3333333   49.00000  86.9%   6.3    9s
  2359  2509   60.00000   71   44  374.33333   49.00000  86.9%   6.3   10s
H 2365  2509                     373.6666667   49.00000  86.9%   6.3   10s
H 2393  2509                     373.6666666   49.00000  86.9%   6.3   10s
H 2407  2509                     373.3333333   49.00000  86.9%   6.3   10s
H 2414  2509                     367.1666667   49.00000  86.7%   6.3   10s
H 2584  2541                     363.5000000   49.00000  86.5%   6.3   12s
H 2593  2541                     363.1666667   49.00000  86.5%   6.3   12s
H 2597  2541                     362.8333333   49.00000  86.5%   6.3   12s
H 2700  5163                     362.8333332   49.00000  86.5%   6.2   13s
H 3135  5163                     362.6666667   49.00000  86.5%   6.1   13s
H 3232  5163                     362.4998890   49.00000  86.5%   6.2   13s
H 3498  5163                     362.3333333   49.00000  86.5%   6.1   13s
H 5500  7217                     362.3333330   49.00000  86.5%   5.9   13s
H 6820  7217                     362.1666667   49.00000  86.5%   5.8   13s
H 8043  8971                     362.1666665   49.00000  86.5%   5.8   13s
H 8713  8971                     361.8333333   49.00000  86.5%   5.7   13s
H 9784  9000                     361.8333332   49.00000  86.5%   5.7   14s
H 9793  9000                     361.6666667   49.00000  86.5%   5.7   14s
H 9797  9000                     361.6666621   49.00000  86.5%   5.7   14s
H 9802  9000                     361.5000000   49.00000  86.4%   5.7   14s
  9817  9031   60.00000  129   35  361.50000   49.00000  86.4%   5.7   16s
H 9824  9031                     361.5000000   49.00000  86.4%   5.7   16s
H 9826  9031                     361.4999999   49.00000  86.4%   5.7   16s
H 9838  9031                     361.4999953   49.00000  86.4%   5.7   16s
H10739 11650                     361.4999953   49.00000  86.4%   5.7   16s
H12477 11650                     361.4999952   49.00000  86.4%   5.7   16s
H13795 15008                     361.4999952   49.00000  86.4%   5.6   17s
H16960 14353                     361.4999951   49.00000  86.4%   6.8   19s
 17350 14627   49.00000   34  181  361.50000   49.00000  86.4%   6.9   20s
H17647 14423                     361.4999951   49.00000  86.4%   6.9   20s
H18220 13906                     361.4999951   49.00000  86.4%   7.0   20s
 36963 23239  300.83333  230  107  361.50000   49.00000  86.4%  10.7   25s
H36971 22592                     361.4999930   49.00000  86.4%  10.7   25s
H37027 23003                     361.4999929   49.00000  86.4%  10.7   26s
H44692 26333                     361.4999929   49.00000  86.4%  11.5   28s
 47048 25577   49.00000   51  190  361.49999   49.00000  86.4%  11.9   33s
 47745 27090   49.00000   70  190  361.49999   49.00000  86.4%  12.1   35s
H48436 26350                     361.4999926   49.00000  86.4%  12.1   35s
H49293 26316                     355.1666667   49.00000  86.2%  12.2   35s
H49304 26297                     352.0000000   49.00000  86.1%  12.2   35s
H49800 31397                     350.8333333   49.00000  86.0%  12.3   36s
H50329 31388                     350.3333333   49.00000  86.0%  12.4   36s
H50619 31365                     350.0000000   49.00000  86.0%  12.4   36s
H51846 31358                     347.8333333   49.00000  85.9%  12.6   36s
H55832 34319                     346.8333333   49.00000  85.9%  13.0   36s
H56242 34311                     346.6666667   49.00000  85.9%  13.1   36s
H56495 34309                     346.3333333   49.00000  85.9%  13.1   36s
H57902 34309                     346.1666667   49.00000  85.8%  13.4   36s
H59034 35832                     345.5000000   49.00000  85.8%  13.7   37s
H59136 35830                     345.3333333   49.00000  85.8%  13.7   37s
H59285 35826                     345.0000000   49.00000  85.8%  13.7   37s
 61688 36616   54.00000  228  146  345.00000   49.00000  85.8%  14.3   42s
 61732 61558   55.00000  229  136  345.00000   49.00000  85.8%  14.3   46s
H98049 73236                     344.8333333   49.00000  85.8%  16.6   48s
H108253 74887                     344.6666667   49.00000  85.8%  17.1   48s
H108603 74887                     344.5000000   49.00000  85.8%  17.1   48s
 116298 80199   63.50000  193  138  344.50000   49.00000  85.8%  17.3   50s
H119369 82273                     344.5000000   49.00000  85.8%  17.5   53s
 126473 91598   49.00000  193  183  344.50000   49.00000  85.8%  17.6   56s
H128715 91598                     344.4999996   49.00000  85.8%  17.8   56s
H131800 101830                     344.4999995   49.00000  85.8%  17.9   58s
H144650 102118                     344.4999995   49.00000  85.8%  18.7   59s
 145070 108417   94.66715  241   97  344.50000   49.00000  85.8%  18.7   60s
 173465 128084   65.16667  178  160  344.50000   49.00000  85.8%  20.0   65s
H177286 128084                     344.4999931   49.00000  85.8%  20.1   65s
H195716 142366                     344.2916667   49.00000  85.8%  20.5   69s
 196189 147163   53.50000  109  159  344.29167   49.00000  85.8%  20.5   70s
H196400 147163                     344.2500000   49.00000  85.8%  20.5   70s
H207089 154047                     344.2500000   49.00000  85.8%  20.9   72s
H210000 161285                     344.2499978   49.00000  85.8%  21.1   73s
H212976 161285                     344.2499978   49.00000  85.8%  21.1   73s
 218921 167744  225.66667  236  106  344.25000   49.00000  85.8%  21.3   75s
H219196 167744                     344.2499978   49.00000  85.8%  21.3   75s
H235130 174441                     344.2499972   49.00000  85.8%  21.3   76s
H237173 176078                     344.2499972   49.00000  85.8%  21.3   78s
H237200 176078                     344.2499968   49.00000  85.8%  21.3   78s
H238714 176078                     344.2499967   49.00000  85.8%  21.3   78s
H239009 176078                     344.2499966   49.00000  85.8%  21.3   78s
 239373 176099   49.33364  181  193  344.25000   49.00000  85.8%  21.3   84s
H239389 176099                     344.2499965   49.00000  85.8%  21.3   84s
 239416 182180   49.16667  178  192  344.25000   49.00000  85.8%  21.3   85s
 267934 203046   76.66667  201  115  344.25000   49.00000  85.8%  21.8   90s
 301182 226264  307.50000  192  111  344.25000   49.00000  85.8%  21.7   95s
 327761 244937 infeasible  115       344.25000   49.00000  85.8%  22.1  100s
 354043 263683   49.00000  124  234  344.25000   49.00000  85.8%  22.4  106s
 375946 281950  228.66667  177  139  344.25000   49.00000  85.8%  22.6  110s
 381854 305770  139.50000  217  121  344.25000   49.00000  85.8%  22.6  117s
H389207 305770                     344.2499947   49.00000  85.8%  22.6  117s
H415202 310093                     344.2499936   49.00000  85.8%  22.8  118s
H419700 315860                     344.2499925   49.00000  85.8%  22.8  119s
 427888 315883 infeasible  285       344.24999   49.00000  85.8%  22.8  123s
H427891 315883                     344.2499854   49.00000  85.8%  22.8  123s
 434290 320186  220.00000  189  133  344.24999   49.00000  85.8%  22.8  125s
 450693 331769   49.33333  157  158  344.24999   49.00000  85.8%  22.8  136s
 463142 345682   82.16941  256  138  344.24999   49.00000  85.8%  23.0  140s
 469255 350822     cutoff  297       344.24999   49.00000  85.8%  23.1  145s
 499387 370303   49.83333  132  194  344.24999   49.00000  85.8%  23.0  150s
H518170 383339                     344.2276379   49.00000  85.8%  23.2  153s
H520779 386718                     344.2276378   49.00000  85.8%  23.2  154s
 525519 391913   49.66667  123  173  344.22764   49.00000  85.8%  23.2  155s
 551349 411188   87.33360  150  150  344.22764   49.00000  85.8%  23.4  160s
 579791 430221   49.33333  130  180  344.22764   49.00000  85.8%  23.6  165s
 600137 445605   50.66667  156  174  344.22764   49.00000  85.8%  23.7  170s
 609293 450032   50.16667  187  157  344.22764   49.00000  85.8%  23.8  177s
 622688 459149  234.00000  180  117  344.22764   49.00000  85.8%  23.8  182s
 643084 475706   49.50000  149  156  344.22764   49.00000  85.8%  23.8  185s
 652973 482215   71.83333  174  121  344.22764   49.00000  85.8%  23.8  190s
 663018 487084  221.83333  179  100  344.22764   49.00000  85.8%  23.7  197s
 663357 509668  230.84467  179  101  344.22764   49.00000  85.8%  23.7  200s
 720613 525961   49.00000  145  120  344.22764   49.00000  85.8%  24.0  208s
 721745 531447   53.16786  170  142  344.22764   49.00000  85.8%  24.0  210s
 760610 555434   71.00000  194  113  344.22764   49.00000  85.8%  24.0  215s
 784578 566050   49.33333  189  125  344.22764   49.00000  85.8%  24.1  223s
 791053 569653  246.08444  227  101  344.22764   49.00000  85.8%  24.1  228s
 791097 588529  247.41773  228   99  344.22764   49.00000  85.8%  24.1  232s
 832007 594999   56.83333  224  119  344.22764   49.00000  85.8%  24.1  235s
 852563 605941   56.66667  218  110  344.22764   49.00000  85.8%  24.2  244s
 852597 625210   56.66667  219  110  344.22764   49.00000  85.8%  24.2  248s
 892773 632133   53.66667  203  117  344.22764   49.00000  85.8%  24.2  251s
 911744 644261  186.50268  255  102  344.22764   49.00000  85.8%  24.2  255s
 941208 657933  182.16667  207  104  344.22764   49.00000  85.8%  24.1  263s
 945218 660064   69.72668  192  118  344.22764   49.00000  85.8%  24.1  269s
 945261 662727   52.16667  192  122  344.22764   49.00000  85.8%  24.1  270s
 974038 678447   67.16667  179  121  344.22764   49.00000  85.8%  24.2  280s
 1001011 698104   49.00000  176  127  344.22764   49.00000  85.8%  24.2  285s
 1019198 706486     cutoff  206       344.22764   49.00000  85.8%  24.3  292s
 1038170 722483  115.16667  232  105  344.22764   49.00000  85.8%  24.3  295s
 1069813 738193  120.37500  205  105  344.22764   49.00000  85.8%  24.3  300s
 1070735 743513  305.33333  229   72  344.22764   49.00000  85.8%  24.3  305s
 1102754 760890   68.41744  193  111  344.22764   49.00000  85.8%  24.4  310s
 1133964 779238     cutoff  229       344.22764   49.00000  85.8%  24.4  315s
 1173850 802661   57.25000  207   99  344.22764   49.00000  85.8%  24.3  320s
 1196938 812747  131.75027  202  126  344.22764   49.00000  85.8%  24.3  327s
 1215343 823149  191.66667  228   69  344.22764   49.00000  85.8%  24.3  333s
 1215398 841961  191.66667  229   65  344.22764   49.00000  85.8%  24.3  340s
 1260333 848935  162.83333  177   86  344.22764   49.00000  85.8%  24.3  345s
 1274728 856528 infeasible  261       344.22764   49.00000  85.8%  24.3  350s
 1297882 872718   92.13889  250   76  344.22764   49.00000  85.8%  24.3  355s
 1328446 890724  221.75292  213  114  344.22764   49.00000  85.8%  24.4  360s
 1345908 899903   51.00000  216  120  344.22764   49.00000  85.8%  24.4  366s
 1377984 920333   50.83333  210  127  344.22764   49.00000  85.8%  24.4  370s
 1398950 939808  241.83333  225   70  344.22764   49.00000  85.8%  24.4  375s
 1434833 954021  220.33333  229  104  344.22764   49.00000  85.8%  24.4  381s
 1455092 967251   97.58333  204  116  344.22764   49.00000  85.8%  24.5  385s
 1480951 984430 infeasible  193       344.22764   49.00000  85.8%  24.5  390s
 1500358 995885   69.33333  248   85  344.22764   49.00000  85.8%  24.5  395s
 1528672 1014778  116.11557  184   94  344.22764   49.00000  85.8%  24.5  400s
 1565045 1037324  220.00159  228  109  344.22764   49.00000  85.8%  24.5  405s
 1601160 1055838  108.41729  231   95  344.22764   49.00000  85.8%  24.5  410s
 1609110 1060759  226.54167  210  100  344.22764   49.00000  85.8%  24.5  415s
 1643209 1080521   82.00000  230   97  344.22764   49.00000  85.8%  24.6  420s
 1665567 1094165  232.00000  213  102  344.22764   49.00000  85.8%  24.5  425s
 1682078 1098801  103.16667  193   86  344.22764   49.00000  85.8%  24.5  430s
 1688729 1121543  264.50117  236   84  344.22764   49.00000  85.8%  24.5  436s
 1741322 1137101   69.33856  220  123  344.22764   49.00000  85.8%  24.5  440s
 1763013 1146782   49.66959  157  114  344.22764   49.00000  85.8%  24.5  446s
 1781697 1164104   58.66702  185  133  344.22764   49.00000  85.8%  24.5  450s
 1795953 1166945  129.16680  208  111  344.22764   49.00000  85.8%  24.6  455s
 1807424 1177408   65.16667  187  135  344.22764   49.00000  85.8%  24.6  460s
 1843375 1198913  314.54767  226   88  344.22764   49.00000  85.8%  24.6  465s
 1876050 1219073   61.16667  217  120  344.22764   49.00000  85.8%  24.6  470s
 1907849 1237961  215.91667  215   96  344.22764   49.00000  85.8%  24.6  475s
 1934551 1255083   90.83333  225   90  344.22764   49.00000  85.8%  24.7  480s
 1974336 1278113  134.16684  181  124  344.22764   49.00000  85.8%  24.7  486s
 1988075 1282401  131.83333  207  114  344.22764   49.00000  85.8%  24.7  490s
 2007313 1290751   61.83333  198  114  344.22764   49.00000  85.8%  24.7  496s
 2007349 1310012   61.83333  197  116  344.22764   49.00000  85.8%  24.7  500s
 2062981 1325163  177.34899  226   95  344.22764   49.00000  85.8%  24.7  505s
 2100849 1347612  111.66790  240   89  344.22764   49.00000  85.8%  24.7  510s
 2123192 1362705 infeasible  223       344.22764   49.00000  85.8%  24.7  515s
 2157042 1381357  330.50000  222   80  344.22764   49.00000  85.8%  24.8  520s
 2177385 1396091   71.33417  239   92  344.22764   49.00000  85.8%  24.8  525s
 2201343 1404587  320.16667  211   92  344.22764   49.00000  85.8%  24.8  531s
 2213849 1416011  139.35648  210  111  344.22764   49.00000  85.8%  24.8  535s
 2241416 1431878  263.33333  251   89  344.22764   49.00000  85.8%  24.8  540s
 2270798 1444893   52.86735  194  134  344.22764   49.00000  85.8%  24.8  546s
 2303259 1468145     cutoff  217       344.22764   49.00000  85.8%  24.8  551s
H2316365 1472185                     344.2276378   49.00000  85.8%  24.8  552s
 2325843 1476100   71.39335  218  112  344.22764   49.00000  85.8%  24.9  556s
 2337397 1487120   53.53191  217  138  344.22764   49.00000  85.8%  24.9  560s
 2352743 1490724   53.08333  211  110  344.22764   49.00000  85.8%  24.8  566s
 2376667 1508547   56.33386  193  124  344.22764   49.00000  85.8%  24.9  570s
 2388765 1511577   73.08333  214   92  344.22764   49.00000  85.8%  24.9  575s
 2394461 1518999   52.94442  215  125  344.22764   49.00000  85.8%  24.9  580s
 2408533 1536815   60.83333  233  110  344.22764   49.00000  85.8%  24.9  585s
 2444600 1546332   70.53333  207  113  344.22764   49.00000  85.8%  24.9  590s
 2481875 1566094   52.16667  205  131  344.22764   49.00000  85.8%  24.9  595s
 2508223 1578564  110.33333  229   76  344.22764   49.00000  85.8%  24.9  600s

Cutting planes:
  Learned: 237
  Gomory: 9
  Cover: 175
  Implied bound: 122
  Clique: 15
  MIR: 367
  StrongCG: 1
  Flow cover: 883
  GUB cover: 1
  RLT: 1
  Relax-and-lift: 265

Cleanup yields a better solution

Explored 2508259 nodes (62420178 simplex iterations) in 600.01 seconds
Thread count was 32 (of 64 available processors)

Solution count 10: 344.228 344.25 344.25 ... 344.292

Time limit reached
Best objective 3.392217103064e+02, best bound 4.900000000000e+01, gap 85.5552%

Gurobi 9.1.2 (linux64) logging started Mon Apr  4 19:01:23 2022

Changed value of parameter LogFile to germany_v-Aachen.log
   Prev:   Default: 
Changed value of parameter MIPFocus to 1
   Prev: 0  Min: 0  Max: 3  Default: 0
Changed value of parameter TimeLimit to 1200.0
   Prev: inf  Min: 0.0  Max: inf  Default: inf
Warning: variables 0 and 276 have the same name "X[Muenchen,Passau]"
Warning: linear constraint 306 and linear constraint 307 have the same name "weight-constr-t5"
Warning: to let Gurobi read it back, use rlp format
Gurobi Optimizer version 9.1.2 build v9.1.2rc0 (linux64)
Thread count: 32 physical cores, 64 logical processors, using up to 32 threads
Optimize a model with 1975 rows, 1656 columns and 5928 nonzeros
Model fingerprint: 0xddb88eaa
Variable types: 300 continuous, 1356 integer (1356 binary)
Coefficient statistics:
  Matrix range     [1e+00, 1e+06]
  Objective range  [2e-01, 2e-01]
  Bounds range     [1e+00, 5e+05]
  RHS range        [1e+00, 1e+06]
Presolve removed 78 rows and 90 columns
Presolve time: 0.01s
Presolved: 1897 rows, 1566 columns, 10734 nonzeros
Variable types: 294 continuous, 1272 integer (1272 binary)

Root relaxation: objective 4.900000e+01, 200 iterations, 0.00 seconds

    Nodes    |    Current Node    |     Objective Bounds      |     Work
 Expl Unexpl |  Obj  Depth IntInf | Incumbent    BestBd   Gap | It/Node Time

     0     0   49.00000    0   76          -   49.00000      -     -    0s
     0     0   49.00000    0   77          -   49.00000      -     -    0s
     0     0   49.00000    0   50          -   49.00000      -     -    0s
     0     0   49.00000    0   40          -   49.00000      -     -    0s
     0     0   49.00000    0   38          -   49.00000      -     -    0s
H    0     0                    32891.499947   49.00000   100%     -    0s
     0     0   49.00000    0   38 32891.4999   49.00000   100%     -    0s
H    0     0                    32889.999986   49.00000   100%     -    0s
H    0     0                    32854.166659   49.00000   100%     -    0s
H    0     2                    32847.166658   49.00000   100%     -    0s
     0     2   49.00000    0   38 32847.1667   49.00000   100%     -    0s
H    1     4                    32846.166659   49.00000   100%   650    0s
H    4     8                    32845.166659   49.00000   100%   170    0s
H   31    64                    16463.666667   49.00000   100%  30.5    0s
H   32    64                    16448.166660   49.00000   100%  30.0    0s
H   33    64                    4216.8333308   49.00000  98.8%  29.2    0s
H   54    64                    2173.1666657   49.00000  97.7%  22.8    0s
H   95   128                    2127.1666667   49.00000  97.7%  16.7    3s
H   96   128                    2118.5000000   49.00000  97.7%  16.6    3s
H   97   128                     584.6666667   49.00000  91.6%  16.5    3s
H  116   128                     438.3333333   49.00000  88.8%  15.0    3s
H  159   188                     432.5000000   49.00000  88.7%  12.8    4s
H  255   282                     431.6666667   49.00000  88.6%  10.9    5s
H  259   282                     430.3333333   49.00000  88.6%  10.9    5s
H  261   282                     429.0000000   49.00000  88.6%  10.8    5s
H  266   282                     426.5000000   49.00000  88.5%  10.8    5s
H  287   314                     426.0000000   49.00000  88.5%  10.6    6s
H  289   314                     425.0000000   49.00000  88.5%  10.7    6s
H  310   314                     424.1666667   49.00000  88.4%  10.5    6s
H  315   314                     424.0000000   49.00000  88.4%  10.4    6s
H  319   346                     423.5000000   49.00000  88.4%  10.3    6s
H  320   346                     423.1666667   49.00000  88.4%  10.3    6s
H  335   346                     423.0833333   49.00000  88.4%  10.4    6s
H  342   346                     423.0000000   49.00000  88.4%  10.4    6s
H  350   346                     422.1665255   49.00000  88.4%  10.4    6s
H 1087  1084                     422.1657149   49.00000  88.4%   8.2    7s
H 1124  1116                     422.0000000   49.00000  88.4%   8.0    8s
H 1347  2132                     421.9999999   49.00000  88.4%   7.6    8s
H 2219  2163                     421.9999997   49.00000  88.4%   6.7    9s
  3274  3858   70.00000   94   40  422.00000   49.00000  88.4%   6.4   10s
H 6355  5988                     421.9999997   49.00000  88.4%   5.9   12s
 11001 12510   50.00000   44   48  422.00000   49.00000  88.4%   5.6   15s
H13731 11977                     421.9999996   49.00000  88.4%   7.1   18s
 13803 12049   49.00000   24  168  422.00000   49.00000  88.4%   7.1   22s
H13818 11450                     421.9999995   49.00000  88.4%   7.1   22s
H15051 11699                     421.9999995   49.00000  88.4%   7.9   23s
H15055 11162                     421.9990572   49.00000  88.4%   7.9   23s
H15062 10649                     421.9990517   49.00000  88.4%   7.9   23s
H15100 10709                     421.9986943   49.00000  88.4%   7.9   24s
H15190 10219                     415.5000000   49.00000  88.2%   7.9   24s
 15659 11530   49.00000   78  168  415.50000   49.00000  88.2%   8.2   25s
H15700 11080                     415.3333333   49.00000  88.2%   8.2   25s
H15868 10608                     415.1666667   49.00000  88.2%   8.4   25s
H16065 10147                     414.6666667   49.00000  88.2%   8.5   25s
H16407  9659                     414.5000000   49.00000  88.2%   8.6   25s
H17227 12373                     414.1666667   49.00000  88.2%   8.9   26s
H17978 11784                     413.5000000   49.00000  88.1%   9.4   26s
H20689 10531                     377.6666667   49.00000  87.0%  10.4   26s
H21236 10022                     377.3333333   49.00000  87.0%  10.5   27s
H21237  9732                     376.6666667   49.00000  87.0%  10.5   27s
H21241  9456                     376.3333333   49.00000  87.0%  10.6   27s
H21251  9190                     376.1666667   49.00000  87.0%  10.6   27s
H21408  8917                     375.8333333   49.00000  87.0%  10.7   34s
H21415  8679                     375.6666667   49.00000  87.0%  10.7   34s
 21444  8694   52.33333   61  152  375.66667   49.00000  87.0%  10.8   35s
H21447  8468                     375.1666667   49.00000  86.9%  10.8   35s
H21500  9227                     369.0000000   49.00000  86.7%  10.8   36s
H22404  8724                     366.3333333   49.00000  86.6%  11.2   36s
H22615 11021                     365.3333333   49.00000  86.6%  11.3   38s
H23052 10692                     362.1666667   49.00000  86.5%  11.4   38s
H25398 10443                     361.6666667   49.00000  86.5%  12.0   39s
H25402 10443                     357.1666667   49.00000  86.3%  12.0   39s
H25413 10443                     356.8333333   49.00000  86.3%  12.0   39s
 25479 12240   55.66667   78  135  356.83333   49.00000  86.3%  12.0   40s
H25670 12240                     356.6666667   49.00000  86.3%  12.0   40s
H25836 12240                     356.3333333   49.00000  86.2%  12.1   40s
H27671 12297                     356.1666667   49.00000  86.2%  12.3   41s
H27800 15395                     356.0000000   49.00000  86.2%  12.4   43s
H28916 15395                     355.9999613   49.00000  86.2%  12.5   43s
H29311 15395                     355.8333333   49.00000  86.2%  12.6   43s
 31685 22533   49.00000   66  197  355.83333   49.00000  86.2%  13.1   46s
H34212 22533                     355.8333333   49.00000  86.2%  13.4   46s
H41606 24307                     355.8333333   49.00000  86.2%  14.4   48s
H41834 24307                     355.8333318   49.00000  86.2%  14.4   48s
 42934 27359 infeasible  204       355.83333   49.00000  86.2%  14.6   50s
H43000 27359                     355.8332102   49.00000  86.2%  14.6   50s
H43168 27359                     355.8325127   49.00000  86.2%  14.6   50s
 51934 32799   56.00000  137  170  355.83251   49.00000  86.2%  15.2   56s
 57918 41642  143.33333  145  122  355.83251   49.00000  86.2%  15.6   60s
 70806 52242   58.00000  180  164  355.83251   49.00000  86.2%  17.1   67s
 76911 58850   49.00000   38  187  355.83251   49.00000  86.2%  18.2   70s
 90991 65231   49.33333  118  208  355.83251   49.00000  86.2%  18.6   75s
 97989 74979     cutoff  172       355.83251   49.00000  86.2%  18.7   80s
 114392 81936   50.16667  187  176  355.83251   49.00000  86.2%  18.8   86s
 120778 90145   50.16667  124  178  355.83251   49.00000  86.2%  18.9   91s
H122243 90145                     355.3333333   49.00000  86.2%  19.0   91s
H126600 96089                     355.1666667   49.00000  86.2%  19.1   94s
H129123 96089                     354.8333333   49.00000  86.2%  19.2   94s
 134058 96297  110.66667  210  124  354.83333   49.00000  86.2%  19.4   99s
H134148 96297                     354.8333333   49.00000  86.2%  19.4   99s
H134243 96297                     354.8333332   49.00000  86.2%  19.4   99s
H134244 96297                     354.8331300   49.00000  86.2%  19.4   99s
 134363 120730  100.66667  210  125  354.83313   49.00000  86.2%  19.4  108s
H139393 120730                     354.8330399   49.00000  86.2%  19.5  108s
H139605 120730                     354.8329695   49.00000  86.2%  19.5  108s
 166395 124153   92.83333  176  126  354.83297   49.00000  86.2%  20.2  111s
H166701 124153                     354.8327630   49.00000  86.2%  20.2  111s
 170757 132433   51.33333   92  159  354.83276   49.00000  86.2%  20.3  115s
 192653 142721  239.33333  257  105  354.83276   49.00000  86.2%  20.8  120s
 208502 157076   49.50000  104  195  354.83276   49.00000  86.2%  21.2  126s
 220870 166428  117.35943  225  123  354.83276   49.00000  86.2%  21.6  131s
 226188 173097   54.16667  113  188  354.83276   49.00000  86.2%  21.6  136s
 240999 179454   53.66667  109  186  354.83276   49.00000  86.2%  21.8  141s
 248180 187464   55.66667  188  181  354.83276   49.00000  86.2%  22.0  145s
 253864 196579   49.00000  128  192  354.83276   49.00000  86.2%  22.2  151s
 268325 204041   50.50001  142  190  354.83276   49.00000  86.2%  22.2  157s
 283000 215303  236.38909  231  126  354.83276   49.00000  86.2%  22.3  162s
 288387 220513   50.83333  138  170  354.83276   49.00000  86.2%  22.4  167s
H301221 226047                     354.8310144   49.00000  86.2%  22.6  169s
H301712 228179                     354.8287807   49.00000  86.2%  22.6  171s
 311141 238323 infeasible  236       354.82878   49.00000  86.2%  22.6  177s
 320909 246533   49.33333  109  203  354.82878   49.00000  86.2%  22.7  182s
 328766 250740   61.83333  192  152  354.82878   49.00000  86.2%  22.9  185s
 341805 262297   50.50000   95  185  354.82878   49.00000  86.2%  23.0  190s
 352825 268983  230.66667  152  149  354.82878   49.00000  86.2%  23.0  195s
 364025 279491   93.16667  188  129  354.82878   49.00000  86.2%  23.3  201s
 378515 287287   66.33333  130  174  354.82878   49.00000  86.2%  23.3  206s
 389166 298197   49.00000  183  185  354.82878   49.00000  86.2%  23.4  211s
 399153 306090   88.00695  272  135  354.82878   49.00000  86.2%  23.7  216s
 411019 315309   49.16667  153  201  354.82878   49.00000  86.2%  23.7  221s
 425109 324154   52.33333  149  175  354.82878   49.00000  86.2%  23.8  227s
 437689 330626   52.41876  164  171  354.82878   49.00000  86.2%  23.9  232s
 447651 342434  238.33333  183  154  354.82878   49.00000  86.2%  23.9  238s
 456231 344399   50.16667  167  162  354.82878   49.00000  86.2%  23.9  240s
 465013 352396   49.00000  102  210  354.82878   49.00000  86.2%  24.0  245s
 471534 360261   50.16667  120  195  354.82878   49.00000  86.2%  24.0  250s
 482071 372903   54.50095  139  193  354.82878   49.00000  86.2%  24.0  257s
 497718 375781  214.66674  151  146  354.82878   49.00000  86.2%  23.9  260s
 509097 384740 infeasible  191       354.82878   49.00000  86.2%  23.9  265s
 518618 396209   50.83333  160  197  354.82878   49.00000  86.2%  24.0  271s
 532346 403777   56.33333  104  144  354.82878   49.00000  86.2%  24.1  276s
 543635 414909   52.83333  141  205  354.82878   49.00000  86.2%  24.1  281s
 558815 422374   51.50000  153  206  354.82878   49.00000  86.2%  24.3  286s
 571001 431787   56.50000  169  176  354.82878   49.00000  86.2%  24.3  291s
 577079 436640  276.50002  213  113  354.82878   49.00000  86.2%  24.3  295s
 590363 442527   65.00000  111  182  354.82878   49.00000  86.2%  24.3  300s
 598768 448728   73.66667  165  183  354.82878   49.00000  86.2%  24.3  305s
 610371 455538   68.33333  136  177  354.82878   49.00000  86.2%  24.3  310s
 617501 463164  150.00000  145  164  354.82878   49.00000  86.2%  24.3  315s
 626908 472096   50.00000  148  204  354.82878   49.00000  86.2%  24.3  320s
 639604 483638   58.33363  203  156  354.82878   49.00000  86.2%  24.3  326s
 655843 490327   51.94448  219  185  354.82878   49.00000  86.2%  24.5  330s
 665000 495687     cutoff  204       354.82878   49.00000  86.2%  24.5  335s
 666108 518037   70.40085  143  197  354.82878   49.00000  86.2%  24.5  345s
 698387 534373   50.43802  193  206  354.82878   49.00000  86.2%  24.5  354s
 718392 536582   49.00000   93  180  354.82878   49.00000  86.2%  24.5  357s
 726460 545130   52.00107  135  204  354.82878   49.00000  86.2%  24.5  362s
 734551 551585  256.83333  189  148  354.82878   49.00000  86.2%  24.5  366s
 746874 557156 infeasible  174       354.82878   49.00000  86.2%  24.5  371s
 758653 565805   50.06676  136  192  354.82878   49.00000  86.2%  24.5  377s
 761413 576868   49.00000  129  233  354.82878   49.00000  86.2%  24.5  381s
 779702 582793  196.33809  198  133  354.82878   49.00000  86.2%  24.5  386s
 791571 589057   49.00000   94  224  354.82878   49.00000  86.2%  24.5  391s
 794072 599768   49.00000  109  210  354.82878   49.00000  86.2%  24.5  395s
 811321 607432   49.00000  133  180  354.82878   49.00000  86.2%  24.5  400s
 822707 617190  105.00007  202  139  354.82878   49.00000  86.2%  24.6  405s
 836849 623941   70.33333  145  132  354.82878   49.00000  86.2%  24.6  410s
 841934 628148   61.17345  182  211  354.82878   49.00000  86.2%  24.6  416s
 848689 633155   50.66667  129  188  354.82878   49.00000  86.2%  24.7  420s
 858875 640839  129.20104  170  192  354.82878   49.00000  86.2%  24.7  426s
 872676 649564   51.16667  132  176  354.82878   49.00000  86.2%  24.7  432s
 876121 657224   51.66682  191  168  354.82878   49.00000  86.2%  24.7  435s
 887723 673244   50.66667  151  184  354.82878   49.00000  86.2%  24.8  442s
 913689 678204   49.00000  113  207  354.82878   49.00000  86.2%  24.8  447s
 921449 684915   49.00000  164  195  354.82878   49.00000  86.2%  24.8  451s
 931699 692921   50.33348  158  199  354.82878   49.00000  86.2%  24.8  455s
 938838 701573 infeasible  199       354.82878   49.00000  86.2%  24.7  460s
 951910 712234  174.00056  224  119  354.82878   49.00000  86.2%  24.7  466s
 967208 719845  300.89019  212   90  354.82878   49.00000  86.2%  24.7  471s
 978121 727204   78.50085  145  199  354.82878   49.00000  86.2%  24.7  477s
 989823 732784   50.00000  109  180  354.82878   49.00000  86.2%  24.8  481s
 1000947 740828  159.00000  222  103  354.82878   49.00000  86.2%  24.8  486s
 1010766 748394  310.00000  143  157  354.82878   49.00000  86.2%  24.8  491s
 1013059 761445   53.50000  143  182  354.82878   49.00000  86.2%  24.8  495s
 1038445 772423   53.66667  190  205  354.82878   49.00000  86.2%  24.8  501s
 1045476 796597  185.16726  222   97  354.82878   49.00000  86.2%  24.8  513s
 1077508 799624 infeasible  200       354.82878   49.00000  86.2%  24.9  516s
 1090433 809857   49.00000  119  176  354.82878   49.00000  86.2%  24.8  522s
 1098223 816423   49.50000  123  208  354.82878   49.00000  86.2%  24.8  526s
 1108492 822935   55.66667   99  205  354.82878   49.00000  86.2%  24.9  530s
 1116155 831066  140.33333  181  149  354.82878   49.00000  86.2%  24.9  535s
 1128321 838828   61.83363  183  127  354.82878   49.00000  86.2%  25.0  540s
 1142216 849050  284.20462  245   85  354.82878   49.00000  86.2%  25.0  545s
 1154248 857310  126.58333  231  130  354.82878   49.00000  86.2%  25.0  550s
 1166580 867024   52.33337  166  178  354.82878   49.00000  86.2%  25.0  555s
 1176486 878206   49.00000  192  182  354.82878   49.00000  86.2%  25.0  561s
 1189929 887062   88.16806  251  158  354.82878   49.00000  86.2%  25.1  566s
 1201023 894868   50.33333  176  148  354.82878   49.00000  86.2%  25.1  571s
 1212141 908317   66.00007  111  178  354.82878   49.00000  86.2%  25.1  577s
 1227943 911907   50.16667   92  153  354.82878   49.00000  86.2%  25.1  580s
 1240143 920175   49.00000  184  185  354.82878   49.00000  86.2%  25.1  586s
 1248593 928507   53.50000  168  165  354.82878   49.00000  86.2%  25.1  590s
 1263489 937467  314.16678  133  162  354.82878   49.00000  86.2%  25.1  597s
 1270019 944753 infeasible  205       354.82878   49.00000  86.2%  25.1  602s
 1277271 946278   56.83333  106  216  354.82878   49.00000  86.2%  25.2  607s
 1278941 951805   94.16667  132  180  354.82878   49.00000  86.2%  25.2  610s
 1288534 959293   60.66667  175  155  354.82878   49.00000  86.2%  25.2  615s
 1299592 964921   80.16667  192  122  354.82878   49.00000  86.2%  25.2  620s
 1312980 971325   49.33333   87  181  354.82878   49.00000  86.2%  25.2  627s
 1323690 980318   49.00000  121  182  354.82878   49.00000  86.2%  25.2  632s
 1329238 987082   52.50015  183  160  354.82878   49.00000  86.2%  25.2  637s
 1336868 992869   73.83348  233  117  354.82878   49.00000  86.2%  25.2  642s
 1346229 999542 infeasible  150       354.82878   49.00000  86.2%  25.2  646s
 1360000 1004599   96.33333  177  140  354.82878   49.00000  86.2%  25.2  651s
 1361370 1023451   96.33333  178  137  354.82878   49.00000  86.2%  25.2  659s
 1388484 1024237  316.83333  156  146  354.82878   49.00000  86.2%  25.3  661s
 1397127 1031515  273.50357  186   96  354.82878   49.00000  86.2%  25.3  665s
 1406192 1036249     cutoff  206       354.82878   49.00000  86.2%  25.3  670s
 1415771 1045587  134.66741  193  102  354.82878   49.00000  86.2%  25.3  675s
 1425095 1054075   69.50000  146  147  354.82878   49.00000  86.2%  25.3  680s
 1445199 1062279  110.33348  227  101  354.82878   49.00000  86.2%  25.3  686s
 1448211 1070575 infeasible  230       354.82878   49.00000  86.2%  25.3  692s
 1456938 1073278  287.66667  224  105  354.82878   49.00000  86.2%  25.3  695s
 1469087 1081783   49.33333  161  183  354.82878   49.00000  86.2%  25.3  700s
 1482194 1090410   49.00000  149  163  354.82878   49.00000  86.2%  25.3  705s
 1491532 1098542   62.17123  155  161  354.82878   49.00000  86.2%  25.3  710s
 1505376 1109817  322.66688  223  103  354.82878   49.00000  86.2%  25.3  715s
 1511890 1116873   55.83333  185  156  354.82878   49.00000  86.2%  25.3  720s
 1522244 1124258  196.33356  231   78  354.82878   49.00000  86.2%  25.3  725s
 1531490 1130609   58.50000  122  145  354.82878   49.00000  86.2%  25.4  730s
 1544522 1138115 infeasible  257       354.82878   49.00000  86.2%  25.4  735s
 1555647 1145804   49.00122  108  188  354.82878   49.00000  86.2%  25.4  740s
 1574265 1157226  152.17153  225  114  354.82878   49.00000  86.2%  25.4  746s
 1581436 1163908   55.66667  173  151  354.82878   49.00000  86.2%  25.4  752s
 1583762 1169324  119.83333  207  126  354.82878   49.00000  86.2%  25.4  755s
 1596211 1175879   56.66667  129  163  354.82878   49.00000  86.2%  25.4  760s
 1610057 1183724  182.21372  186  138  354.82878   49.00000  86.2%  25.4  765s
 1621223 1192407     cutoff  153       354.82878   49.00000  86.2%  25.4  771s
 1635396 1199683  226.66677  202  132  354.82878   49.00000  86.2%  25.4  776s
 1646439 1205911     cutoff  209       354.82878   49.00000  86.2%  25.3  781s
 1650597 1212954 infeasible  193       354.82878   49.00000  86.2%  25.3  786s
 1659070 1219154  248.00159  207  114  354.82878   49.00000  86.2%  25.3  791s
 1670989 1226283   49.00000  133  197  354.82878   49.00000  86.2%  25.3  795s
 1681291 1233238   49.00011  191  166  354.82878   49.00000  86.2%  25.3  800s
 1696235 1241728   50.83333  150  165  354.82878   49.00000  86.2%  25.3  806s
 1704105 1248307   58.00000  151  168  354.82878   49.00000  86.2%  25.3  811s
 1714370 1262463   49.00000  155  187  354.82878   49.00000  86.2%  25.3  819s
 1733694 1262992  289.83560  267   83  354.82878   49.00000  86.2%  25.2  821s
 1742456 1270902  289.00000  276   70  354.82878   49.00000  86.2%  25.2  826s
 1752137 1280853   84.66667  172  156  354.82878   49.00000  86.2%  25.2  831s
 1762282 1287069   63.33333  226  148  354.82878   49.00000  86.2%  25.2  836s
 1774309 1295670  200.08348  240   77  354.82878   49.00000  86.2%  25.2  842s
 1784169 1299558  349.00208  211  100  354.82878   49.00000  86.2%  25.2  845s
 1798337 1308844  135.90485  195  144  354.82878   49.00000  86.2%  25.2  851s
 1809040 1318089   62.00055  183  173  354.82878   49.00000  86.2%  25.2  857s
 1821281 1322833   58.57124  211  185  354.82878   49.00000  86.2%  25.2  861s
 1829996 1328639   66.33333  248  114  354.82878   49.00000  86.2%  25.2  866s
 1839481 1338942   56.16667  209  144  354.82878   49.00000  86.2%  25.2  873s
 1853270 1341513   49.50073  198  174  354.82878   49.00000  86.2%  25.2  876s
 1859684 1348461  149.00312  195  116  354.82878   49.00000  86.2%  25.2  881s
 1867123 1370856 infeasible  195       354.82878   49.00000  86.2%  25.2  895s
 1902299 1380110   61.16667  166  184  354.82878   49.00000  86.2%  25.2  903s
 1916755 1386953  148.00000  161  138  354.82878   49.00000  86.2%  25.2  908s
 1926006 1390495   50.83340  164  159  354.82878   49.00000  86.2%  25.2  911s
 1938182 1397923   86.83333  172  155  354.82878   49.00000  86.2%  25.2  915s
 1946474 1405328  127.34638  252  101  354.82878   49.00000  86.2%  25.2  921s
 1957093 1412172  120.83333  249  105  354.82878   49.00000  86.2%  25.3  927s
 1966521 1422192     cutoff  240       354.82878   49.00000  86.2%  25.3  933s
 1980000 1423088 infeasible  219       354.82878   49.00000  86.2%  25.2  935s
 1993957 1432695   77.83333  192  139  354.82878   49.00000  86.2%  25.2  942s
 1996760 1441107   51.50000  189  174  354.82878   49.00000  86.2%  25.2  946s
 2012396 1446606   52.33333  168  179  354.82878   49.00000  86.2%  25.3  951s
 2021438 1454216  153.16667  241  109  354.82878   49.00000  86.2%  25.3  956s
 2034132 1463583   61.50160  217  152  354.82878   49.00000  86.2%  25.3  962s
 2047480 1467555  119.50111  247   87  354.82878   49.00000  86.2%  25.3  967s
 2051176 1472142   60.50000  208  143  354.82878   49.00000  86.2%  25.3  970s
 2068215 1481111   67.50475  158  143  354.82878   49.00000  86.2%  25.3  977s
 2078407 1488682   94.00022  176  147  354.82878   49.00000  86.2%  25.3  981s
 2089708 1498547  112.00000  233  124  354.82878   49.00000  86.2%  25.3  986s
 2099261 1505587   51.16667  210  136  354.82878   49.00000  86.2%  25.3  992s
 2106299 1509391   59.00000  215  141  354.82878   49.00000  86.2%  25.4  997s
 2111701 1517972   75.02455  229  121  354.82878   49.00000  86.2%  25.4 1000s
 2126061 1523819   53.16693  138  184  354.82878   49.00000  86.2%  25.4 1005s
 2136156 1529844   53.00000  168  173  354.82878   49.00000  86.2%  25.4 1010s
 2145197 1536375   79.83333  242  123  354.82878   49.00000  86.2%  25.4 1015s
 2155994 1540133   83.78571  245  122  354.82878   49.00000  86.2%  25.4 1020s
 2157791 1553252   97.18509  251  116  354.82878   49.00000  86.2%  25.4 1026s
 2181760 1560715   49.00000  152  161  354.82878   49.00000  86.2%  25.4 1031s
 2194530 1569409 infeasible  262       354.82878   49.00000  86.2%  25.3 1036s
 2206192 1575332  332.33333  178  115  354.82878   49.00000  86.2%  25.3 1041s
 2216333 1582234   49.66696  198  177  354.82878   49.00000  86.2%  25.3 1046s
 2230854 1587757  146.53619  238  127  354.82878   49.00000  86.2%  25.3 1051s
 2240276 1594085   56.83333  227  148  354.82878   49.00000  86.2%  25.3 1057s
 2250425 1601419   54.41667  161  171  354.82878   49.00000  86.2%  25.3 1062s
 2254554 1605931   49.00000  159  181  354.82878   49.00000  86.2%  25.3 1065s
 2263838 1612327   49.00000  164  187  354.82878   49.00000  86.2%  25.3 1070s
 2276073 1616569   67.33333  206  156  354.82878   49.00000  86.2%  25.3 1075s
 2286014 1624603   87.50722  266  108  354.82878   49.00000  86.2%  25.3 1080s
 2301596 1632484     cutoff  233       354.82878   49.00000  86.2%  25.3 1086s
 2308590 1637602  184.83353  223  142  354.82878   49.00000  86.2%  25.3 1091s
 2317703 1646065   51.16679  214  154  354.82878   49.00000  86.2%  25.3 1097s
 2321988 1652628   56.33333  233  151  354.82878   49.00000  86.2%  25.3 1100s
 2336447 1658823   54.00000  198  156  354.82878   49.00000  86.2%  25.3 1105s
 2348216 1667425   58.50000  200  151  354.82878   49.00000  86.2%  25.4 1110s
 2361935 1673552 infeasible  215       354.82878   49.00000  86.2%  25.3 1117s
 2368641 1679364  100.50000  207  127  354.82878   49.00000  86.2%  25.3 1122s
 2371997 1682944   49.83333  181  149  354.82878   49.00000  86.2%  25.3 1125s
 2381443 1692573 infeasible  221       354.82878   49.00000  86.2%  25.3 1130s
 2400337 1703384   49.00000  146  168  354.82878   49.00000  86.2%  25.3 1136s
 2408825 1710547  135.16667  211  101  354.82878   49.00000  86.2%  25.4 1141s
 2417796 1714861   49.00000  163  160  354.82878   49.00000  86.2%  25.4 1146s
 2424100 1719388   65.05556  193  143  354.82878   49.00000  86.2%  25.4 1151s
 2436201 1725622 infeasible  231       354.82878   49.00000  86.2%  25.3 1155s
 2446961 1731617   50.33333  178  139  354.82878   49.00000  86.2%  25.3 1160s
 2456866 1738495   76.50000  208  107  354.82878   49.00000  86.2%  25.3 1165s
 2466258 1744961  134.75000  220  155  354.82878   49.00000  86.2%  25.3 1170s
 2477287 1750156   50.50000  170  154  354.82878   49.00000  86.2%  25.3 1175s
 2482895 1756367   53.50000  184  145  354.82878   49.00000  86.2%  25.3 1180s
 2489962 1765049   77.66667  213  136  354.82878   49.00000  86.2%  25.3 1185s
 2501188 1775981   70.41722  166  159  354.82878   49.00000  86.2%  25.3 1192s
 2517661 1777029 infeasible  235       354.82878   49.00000  86.2%  25.3 1195s
 2531449 1785162 infeasible  209       354.82878   49.00000  86.2%  25.3 1200s

Cutting planes:
  Learned: 253
  Gomory: 7
  Cover: 150
  Implied bound: 106
  Clique: 14
  MIR: 357
  Flow cover: 960
  GUB cover: 1
  RLT: 2
  Relax-and-lift: 183

Cleanup yields a better solution

Explored 2533464 nodes (64072785 simplex iterations) in 1200.03 seconds
Thread count was 32 (of 64 available processors)

Solution count 10: 354.829 354.833 354.833 ... 355.833

Time limit reached
Best objective 3.537697638240e+02, best bound 4.900000000000e+01, gap 86.1492%
