
Gurobi 9.1.2 (linux64) logging started Wed Mar 30 21:34:28 2022

Changed value of parameter LogFile to germany_v-Leipzig.log
   Prev:   Default: 
Changed value of parameter MIPFocus to 1
   Prev: 0  Min: 0  Max: 3  Default: 0
Changed value of parameter TimeLimit to 600.0
   Prev: inf  Min: 0.0  Max: inf  Default: inf
Warning: variables 0 and 276 have the same name "X[Koeln,Aachen]"
Warning: linear constraint 306 and linear constraint 307 have the same name "weight-constr-t5"
Warning: to let Gurobi read it back, use rlp format
Gurobi Optimizer version 9.1.2 build v9.1.2rc0 (linux64)
Thread count: 32 physical cores, 64 logical processors, using up to 32 threads
Optimize a model with 1951 rows, 1656 columns and 5868 nonzeros
Model fingerprint: 0x2de72718
Variable types: 300 continuous, 1356 integer (1356 binary)
Coefficient statistics:
  Matrix range     [1e+00, 1e+06]
  Objective range  [2e-01, 2e-01]
  Bounds range     [1e+00, 5e+05]
  RHS range        [1e+00, 1e+06]
Presolve removed 144 rows and 168 columns
Presolve time: 0.01s
Presolved: 1807 rows, 1488 columns, 9846 nonzeros
Variable types: 294 continuous, 1194 integer (1194 binary)

Root relaxation: objective 4.900000e+01, 197 iterations, 0.00 seconds

    Nodes    |    Current Node    |     Objective Bounds      |     Work
 Expl Unexpl |  Obj  Depth IntInf | Incumbent    BestBd   Gap | It/Node Time

     0     0   49.00000    0   63          -   49.00000      -     -    0s
     0     0   49.00000    0   68          -   49.00000      -     -    0s
     0     0   49.00000    0   53          -   49.00000      -     -    0s
     0     0   49.00000    0   57          -   49.00000      -     -    0s
     0     0   49.00000    0   43          -   49.00000      -     -    0s
H    0     0                    3484481.5000   49.00000   100%     -    0s
     0     0   49.00000    0   44 3484481.50   49.00000   100%     -    0s
H    0     0                     386.7082786   49.00000  87.3%     -    0s
H    0     0                     351.2500000   49.00000  86.0%     -    0s
H    0     0                     349.2500000   49.00000  86.0%     -    0s
H    0     0                     349.0833333   49.00000  86.0%     -    0s
H    0     2                     347.4166666   49.00000  85.9%     -    0s
     0     2   49.00000    0   42  347.41667   49.00000  85.9%     -    0s
H    2     4                     345.6666666   49.00000  85.8%   212    0s
H    3     8                     344.5000000   49.00000  85.8%   144    0s
H    4     8                     343.5000000   49.00000  85.7%   108    0s
H   31    64                     341.8333333   49.00000  85.7%  19.5    1s
H   32    64                     339.8333333   49.00000  85.6%  18.9    1s
H   33    64                     339.5000000   49.00000  85.6%  18.4    1s
H   40    64                     339.3333333   49.00000  85.6%  16.9    1s
H   41    64                     311.6666667   49.00000  84.3%  16.5    1s
H   58    64                     281.0000000   49.00000  82.6%  13.8    1s
H   95   128                     222.8333333   49.00000  78.0%  10.9    3s
H  120   128                     213.8333333   49.00000  77.1%  10.6    3s
H  159   192                     206.2500000   49.00000  76.2%   9.3    4s
H  160   192                     205.7500000   49.00000  76.2%   9.2    4s
H  162   192                     200.5000000   49.00000  75.6%   9.3    4s
H  172   192                     188.5000000   49.00000  74.0%   9.1    4s
H  255   288                     188.3333333   49.00000  74.0%   7.4    6s
H  256   288                     179.8333333   49.00000  72.8%   7.3    6s
H  257   288                     178.3333333   49.00000  72.5%   7.3    6s
H  267   288                     178.1666667   49.00000  72.5%   7.4    6s
H  287   320                     176.3333323   49.00000  72.2%   7.2    8s
H  289   320                     175.0000000   49.00000  72.0%   7.2    8s
H  290   320                     155.1666667   49.00000  68.4%   7.2    8s
H  319   352                     154.3333332   49.00000  68.3%   7.0    9s
H  328   352                     152.1666667   49.00000  67.8%   7.1    9s
H 1087  1286                     148.6666667   49.00000  67.0%   6.3   10s
H 1100  1286                     148.6665775   49.00000  67.0%   6.3   10s
H 1116  1286                     148.6664227   49.00000  67.0%   6.3   10s
H 1165  1286                     147.8333333   49.00000  66.9%   6.4   10s
H 3401  3514                     146.8333333   49.00000  66.6%   5.7   10s
H 3420  3514                     145.6666667   49.00000  66.4%   5.7   10s
H 3421  3514                     145.5000000   49.00000  66.3%   5.7   10s
H 3433  3514                     145.5000000   49.00000  66.3%   5.7   10s
H 3700  4411                     145.1666667   49.00000  66.2%   5.6   11s
H 3863  4411                     144.3333333   49.00000  66.1%   5.6   11s
H 4290  4411                     144.1666667   49.00000  66.0%   5.6   11s
H 5368  6504                     144.0000000   49.00000  66.0%   5.5   11s
H 5638  6504                     143.3333333   49.00000  65.8%   5.5   11s
H 7017  7309                     142.5000000   49.00000  65.6%   5.6   12s
H 7286  7309                     142.1666667   49.00000  65.5%   5.6   12s
H 7857  7339                     142.0000000   49.00000  65.5%   5.6   13s
H 7859  7339                     141.1666667   49.00000  65.3%   5.6   13s
H 7911  7369                     141.1666654   49.00000  65.3%   5.6   14s
  7925  9780   49.00000   18   44  141.16667   49.00000  65.3%   5.6   15s
H 8000  9780                     141.1666648   49.00000  65.3%   5.6   15s
H 8836  9780                     141.1666539   49.00000  65.3%   5.6   15s
H 9519  9780                     141.1137806   49.00000  65.3%   5.6   15s
H11574 12611                     141.0080111   49.00000  65.3%   5.5   15s
H13772 11984                     140.8333333   49.00000  65.2%   5.5   17s
H13828 11429                     140.8333333   49.00000  65.2%   7.5   18s
H13869 10907                     140.8333333   49.00000  65.2%   7.9   18s
 16569 13279   49.00000   57  219  140.83333   49.00000  65.2%  10.9   20s
H17713 14398                     140.8333332   49.00000  65.2%  12.3   22s
H19294 13357                     139.8333333   49.00000  65.0%  13.4   22s
H19993 15541                     139.0000000   49.00000  64.7%  13.8   23s
H20000 15073                     138.8333333   49.00000  64.7%  13.8   23s
H20178 14572                     138.3333333   49.00000  64.6%  13.8   23s
H23543 13444                     138.1666667   49.00000  64.5%  15.5   24s
 24024 15347   49.00000   94  192  138.16667   49.00000  64.5%  15.7   25s
H26252 14207                     138.1655548   49.00000  64.5%  16.5   25s
 39530 21106   92.83333  120  155  138.16555   49.00000  64.5%  20.4   30s
 54082 34928  108.00000  127  123  138.16555   49.00000  64.5%  25.9   35s
 75142 53697  136.33333  118  165  138.16555   49.00000  64.5%  30.1   40s
 101051 72036     cutoff  167       138.16555   49.00000  64.5%  31.9   45s
 117385 80653   69.33333  130  174  138.16555   49.00000  64.5%  32.2   53s
 123402 87403   97.33603  201  156  138.16555   49.00000  64.5%  32.3   56s
H127671 95105                     137.3333333   49.00000  64.3%  32.3   57s
H137458 98246                     137.1666667   49.00000  64.3%  32.9   59s
 142388 101363   49.00000   91  186  137.16667   49.00000  64.3%  33.0   60s
 151990 105365  128.16667  137  170  137.16667   49.00000  64.3%  33.7   68s
H151997 105365                     137.1666666   49.00000  64.3%  33.7   68s
 158868 115025   49.50000  101  194  137.16667   49.00000  64.3%  33.7   70s
 171310 119723   92.11111  244   72  137.16667   49.00000  64.3%  34.8   75s
H171317 119723                     137.1664896   49.00000  64.3%  34.8   75s
H171527 123157                     137.1663133   49.00000  64.3%  34.8   76s
H172148 123157                     137.1663132   49.00000  64.3%  34.8   76s
 185270 133204  118.67205  136  152  137.16631   49.00000  64.3%  35.8   80s
 199935 140914  124.33333  109  177  137.16631   49.00000  64.3%  35.9   98s
 199968 145442  124.33333  110  178  137.16631   49.00000  64.3%  35.9  100s
 216880 152809 infeasible  202       137.16631   49.00000  64.3%  36.1  112s
 221555 156443   50.16667  138  188  137.16631   49.00000  64.3%  36.5  122s
 221590 179197   50.16667  139  189  137.16631   49.00000  64.3%  36.5  137s
 264365 188545   49.00000  136  197  137.16631   49.00000  64.3%  37.7  142s
 270746 196738   60.93189   97  212  137.16631   49.00000  64.3%  38.0  145s
 278870 196762   64.66667  146  152  137.16631   49.00000  64.3%  38.0  151s
 283024 206470     cutoff  215       137.16631   49.00000  64.3%  38.0  155s
H294944 208489                     137.0833333   49.00000  64.3%  38.4  158s
 296355 210337  103.16667  175  122  137.08333   49.00000  64.3%  38.4  160s
H296776 210067                     136.7500000   49.00000  64.2%  38.4  160s
H302030 216001                     136.6666667   49.00000  64.1%  38.3  162s
H302954 215986                     136.5833333   49.00000  64.1%  38.3  162s
H305033 215840                     136.4166667   49.00000  64.1%  38.4  162s
 315558 227868 infeasible  190       136.41667   49.00000  64.1%  38.4  165s
H318766 227318                     135.9166667   49.00000  63.9%  38.5  165s
H325949 229479                     135.7500000   49.00000  63.9%  38.7  166s
H328207 229327                     135.5833333   49.00000  63.9%  38.8  166s
H329397 232061                     135.4166667   49.00000  63.8%  38.9  168s
H330002 231234                     134.8333333   49.00000  63.7%  38.9  168s
H333044 234115                     134.5000000   49.00000  63.6%  39.1  169s
H333203 233169                     133.6666667   49.00000  63.3%  39.1  169s
 337746 236337   64.52389  157  157  133.66667   49.00000  63.3%  39.2  170s
H345730 239716                     133.6666667   49.00000  63.3%  39.3  171s
H346170 239716                     133.6666661   49.00000  63.3%  39.3  171s
H347946 246357                     133.6666637   49.00000  63.3%  39.3  174s
H348304 246357                     133.6666615   49.00000  63.3%  39.4  174s
H355705 246357                     133.6666613   49.00000  63.3%  39.4  174s
H358104 249189                     133.6666611   49.00000  63.3%  39.4  175s
H358200 249189                     133.6666610   49.00000  63.3%  39.4  175s
H358820 249189                     133.6666609   49.00000  63.3%  39.4  175s
H359308 249189                     133.6666607   49.00000  63.3%  39.5  175s
H361050 249189                     133.6666592   49.00000  63.3%  39.5  175s
H362851 251800                     133.6666591   49.00000  63.3%  39.5  176s
H362970 251800                     133.6666591   49.00000  63.3%  39.5  176s
 380509 266996     cutoff  126       133.66666   49.00000  63.3%  39.7  181s
H386922 266996                     133.6666591   49.00000  63.3%  40.0  181s
H389415 267705                     133.6666590   49.00000  63.3%  40.1  184s
 389919 271594   49.00000  121  204  133.66666   49.00000  63.3%  40.2  186s
H390167 271594                     133.6666589   49.00000  63.3%  40.2  186s
 407469 283382   68.00000  169  178  133.66666   49.00000  63.3%  40.5  190s
H411870 283382                     133.6666589   49.00000  63.3%  40.7  190s
H412859 289098                     133.6666588   49.00000  63.3%  40.7  192s
 430716 299944   51.67885  178  171  133.66666   49.00000  63.3%  41.0  195s
 445939 311489   91.50000  181  142  133.66666   49.00000  63.3%  41.2  200s
H456303 315483                     133.6666587   49.00000  63.3%  41.2  201s
H461200 317334                     133.6666586   49.00000  63.3%  41.2  202s
H461600 317334                     133.6666585   49.00000  63.3%  41.2  202s
H465132 320857                     133.6666585   49.00000  63.3%  41.3  203s
H471594 323282                     133.6666584   49.00000  63.3%  41.4  204s
 472562 326350   49.05210  175  215  133.66666   49.00000  63.3%  41.4  205s
 491050 335393  121.33333  181  126  133.66666   49.00000  63.3%  41.5  219s
 491083 338627  121.33333  182  129  133.66666   49.00000  63.3%  41.5  221s
 496215 338656   50.66667  151  177  133.66666   49.00000  63.3%  41.6  232s
 501355 341965   59.91667  192  133  133.66666   49.00000  63.3%  41.7  242s
 503286 346810   55.25120  192  141  133.66666   49.00000  63.3%  41.7  246s
 508745 349417 infeasible  234       133.66666   49.00000  63.3%  41.8  250s
 531514 364646   53.41667  175  171  133.66666   49.00000  63.3%  42.2  255s
 550824 377822   49.00000  112  160  133.66666   49.00000  63.3%  42.5  260s
 567160 384809  100.50000  169  129  133.66666   49.00000  63.3%  42.6  267s
 572117 393715   49.50000  138  203  133.66666   49.00000  63.3%  42.7  271s
 597438 407558   67.67428  119  218  133.66666   49.00000  63.3%  42.8  276s
 601690 409350  130.19721  169  152  133.66666   49.00000  63.3%  42.8  280s
 623124 426342   55.16667  135  193  133.66666   49.00000  63.3%  43.1  285s
 643985 435478   53.35580  155  166  133.66666   49.00000  63.3%  43.2  292s
 653964 444538 infeasible  218       133.66666   49.00000  63.3%  43.2  295s
 657935 444570  104.11364  171  152  133.66666   49.00000  63.3%  43.2  300s
 667135 451346   58.00000  162  195  133.66666   49.00000  63.3%  43.2  305s
 668399 471993   58.70959  163  193  133.66666   49.00000  63.3%  43.2  312s
 700001 478706   68.83343  120  154  133.66666   49.00000  63.3%  43.4  315s
 726100 489968  105.66667  137  165  133.66666   49.00000  63.3%  43.6  326s
 739479 501083   50.63194  207  156  133.66666   49.00000  63.3%  43.7  330s
 752674 510420   70.33333  166  178  133.66666   49.00000  63.3%  43.8  335s
 763055 523213   50.50000  188  180  133.66666   49.00000  63.3%  43.9  349s
 775534 538811   68.66667  147  185  133.66666   49.00000  63.3%  44.0  354s
 798744 543831     cutoff  202       133.66666   49.00000  63.3%  44.2  357s
 816211 552845   59.00185  171  164  133.66666   49.00000  63.3%  44.3  361s
 820637 555950   78.83802  221  100  133.66666   49.00000  63.3%  44.4  366s
 836501 567765   57.68871  186  188  133.66666   49.00000  63.3%  44.7  371s
 847215 570586   50.00000  194  163  133.66666   49.00000  63.3%  44.8  376s
 856485 576517   50.00000  218  153  133.66666   49.00000  63.3%  44.8  380s
 870202 588032   49.00000  150  200  133.66666   49.00000  63.3%  44.9  385s
 882044 597246   54.33662  154  230  133.66666   49.00000  63.3%  45.1  390s
 903032 608849   57.66667  168  148  133.66666   49.00000  63.3%  45.2  395s
 912790 614346   90.84531  211  157  133.66666   49.00000  63.3%  45.2  400s
 931689 627692     cutoff  193       133.66666   49.00000  63.3%  45.3  405s
 949264 638783 infeasible  130       133.66666   49.00000  63.3%  45.3  410s
 961180 644629   83.52317  209  141  133.66666   49.00000  63.3%  45.5  417s
 970171 651815   74.33333  199  137  133.66666   49.00000  63.3%  45.4  420s
H992467 662679                     133.6666581   49.00000  63.3%  45.5  424s
 993247 665213   89.90030  205  172  133.66666   49.00000  63.3%  45.5  425s
H994774 665213                     133.6666580   49.00000  63.3%  45.5  426s
H994976 665213                     133.6666578   49.00000  63.3%  45.5  426s
 997190 665234   51.83333  158  147  133.66666   49.00000  63.3%  45.5  431s
H997843 668089                     133.6666578   49.00000  63.3%  45.5  433s
H1001932 670803                     133.6666577   49.00000  63.3%  45.5  435s
H1003689 670803                     133.6666577   49.00000  63.3%  45.5  435s
H1007471 671363                     133.6666577   49.00000  63.3%  45.5  438s
H1007575 671363                     133.6666576   49.00000  63.3%  45.5  438s
H1011774 674493                     133.6666576   49.00000  63.3%  45.5  439s
 1013473 678301   72.83996  165  170  133.66666   49.00000  63.3%  45.5  441s
H1023514 682469                     133.6666576   49.00000  63.3%  45.5  443s
 1031782 688288   49.00000  130  207  133.66666   49.00000  63.3%  45.6  445s
 1039380 690729 infeasible  156       133.66666   49.00000  63.3%  45.7  455s
 1043710 693178   49.00000  136  207  133.66666   49.00000  63.3%  45.7  469s
 1043748 698962   49.00000  137  205  133.66666   49.00000  63.3%  45.7  471s
 1053035 698993   94.16667  171  167  133.66666   49.00000  63.3%  45.7  478s
 1053068 717851   94.16667  172  165  133.66666   49.00000  63.3%  45.7  484s
 1085100 717868  115.00926  191  129  133.66666   49.00000  63.3%  45.8  492s
 1085147 737775     cutoff  192       133.66666   49.00000  63.3%  45.8  499s
 1117179 742466   91.50000  143  185  133.66666   49.00000  63.3%  46.0  501s
 1134999 752843   56.33333  177  185  133.66666   49.00000  63.3%  46.1  506s
 1150345 759024  130.67254  149  180  133.66666   49.00000  63.3%  46.1  513s
 1150567 778301  130.78218  150  164  133.66666   49.00000  63.3%  46.1  520s
 1195755 786804 infeasible  175       133.66666   49.00000  63.3%  46.4  528s
 1201175 790103   49.00000  122  240  133.66666   49.00000  63.3%  46.5  532s
 1207081 796323   51.50000  166  196  133.66666   49.00000  63.3%  46.6  535s
 1213916 815016  106.45336  175  164  133.66666   49.00000  63.3%  46.6  544s
 1244702 821127   57.83333  172  152  133.66666   49.00000  63.3%  46.7  547s
 1263336 828834   57.33565  144  191  133.66666   49.00000  63.3%  46.9  550s
 1277360 835652   49.33343  110  199  133.66666   49.00000  63.3%  47.0  556s
 1278465 845120   49.33333  132  188  133.66666   49.00000  63.3%  47.0  565s
 1312439 861572   50.33984  164  171  133.66666   49.00000  63.3%  47.3  572s
 1325735 864576  127.75387  197  136  133.66666   49.00000  63.3%  47.4  576s
 1334467 873752   51.83333  153  179  133.66666   49.00000  63.3%  47.5  580s
 1338800 873782   68.33582  179  193  133.66666   49.00000  63.3%  47.6  586s
 1344083 882848   68.16667  220  154  133.66666   49.00000  63.3%  47.6  590s
 1366830 892965   49.00000  150  189  133.66666   49.00000  63.3%  47.9  600s

Cutting planes:
  Learned: 261
  Gomory: 11
  Cover: 189
  Implied bound: 162
  Clique: 20
  MIR: 638
  StrongCG: 1
  Flow cover: 1204
  GUB cover: 1
  Zero half: 1
  RLT: 10
  Relax-and-lift: 543

Explored 1366865 nodes (65440733 simplex iterations) in 600.03 seconds
Thread count was 32 (of 64 available processors)

Solution count 10: 133.667 133.667 133.667 ... 133.667

Time limit reached
Best objective 1.336666575757e+02, best bound 4.900000000000e+01, gap 63.3416%

Gurobi 9.1.2 (linux64) logging started Mon Apr  4 11:19:33 2022

Changed value of parameter LogFile to germany_v-Leipzig.log
   Prev:   Default: 
Changed value of parameter MIPFocus to 1
   Prev: 0  Min: 0  Max: 3  Default: 0
Changed value of parameter TimeLimit to 1200.0
   Prev: inf  Min: 0.0  Max: inf  Default: inf
Warning: variables 0 and 276 have the same name "X[Muenchen,Passau]"
Warning: linear constraint 306 and linear constraint 307 have the same name "weight-constr-t5"
Warning: to let Gurobi read it back, use rlp format
Gurobi Optimizer version 9.1.2 build v9.1.2rc0 (linux64)
Thread count: 32 physical cores, 64 logical processors, using up to 32 threads
Optimize a model with 1951 rows, 1656 columns and 5868 nonzeros
Model fingerprint: 0x060d2f7e
Variable types: 300 continuous, 1356 integer (1356 binary)
Coefficient statistics:
  Matrix range     [1e+00, 1e+06]
  Objective range  [2e-01, 2e-01]
  Bounds range     [1e+00, 5e+05]
  RHS range        [1e+00, 1e+06]
Presolve removed 144 rows and 168 columns
Presolve time: 0.02s
Presolved: 1807 rows, 1488 columns, 9846 nonzeros
Variable types: 294 continuous, 1194 integer (1194 binary)

Root relaxation: objective 4.900000e+01, 197 iterations, 0.00 seconds

    Nodes    |    Current Node    |     Objective Bounds      |     Work
 Expl Unexpl |  Obj  Depth IntInf | Incumbent    BestBd   Gap | It/Node Time

     0     0   49.00000    0   50          -   49.00000      -     -    0s
H    0     0                    3642782.1667   49.00000   100%     -    0s
     0     0   49.00000    0   50 3642782.17   49.00000   100%     -    0s
H    0     0                     379.7222126   49.00000  87.1%     -    0s
H    0     0                     356.8333333   49.00000  86.3%     -    0s
H    0     0                     232.5000000   49.00000  78.9%     -    0s
H    0     0                     232.1666667   49.00000  78.9%     -    0s
H    0     2                     217.3333333   49.00000  77.5%     -    0s
     0     2   49.00000    0   45  217.33333   49.00000  77.5%     -    0s
H    1     4                     217.0000000   49.00000  77.4%   949    0s
H    2     4                     215.0000000   49.00000  77.2%   475    0s
H    3     8                     210.0000000   49.00000  76.7%   320    0s
H   29    56                     208.6666667   49.00000  76.5%  41.4    0s
H   31    56                     196.4166667   49.00000  75.1%  39.9    0s
H   90   114                     187.7500000   49.00000  73.9%  21.6    2s
H   91   114                     163.5833333   49.00000  70.0%  21.4    2s
H  101   114                     158.0000000   49.00000  69.0%  20.0    2s
H  107   114                     154.6666667   49.00000  68.3%  19.2    2s
H  113   114                     154.3333333   49.00000  68.3%  18.4    2s
H  121   146                     153.8333333   49.00000  68.1%  17.9    3s
H  122   146                     153.5833333   49.00000  68.1%  17.8    3s
H  123   146                     151.6666667   49.00000  67.7%  17.6    3s
H  133   146                     151.1666667   49.00000  67.6%  16.7    3s
H  134   146                     150.7500000   49.00000  67.5%  16.6    3s
H  153   178                     150.3333333   49.00000  67.4%  15.2    6s
H  155   178                     148.3333333   49.00000  67.0%  15.2    6s
H  166   178                     148.1666667   49.00000  66.9%  14.5    6s
H  183   178                     147.0918688   49.00000  66.7%  13.6    6s
H  250   271                     147.0000000   49.00000  66.7%  11.6    8s
H  254   271                     146.5000000   49.00000  66.6%  11.5    8s
H  505   920                     146.3333333   49.00000  66.5%   8.9    9s
H  559   920                     146.1666667   49.00000  66.5%   8.8    9s
   945  1732   66.50000   42   36  146.16667   49.00000  66.5%   7.6   10s
H 1230  1732                     146.1666666   49.00000  66.5%   7.7   10s
H 2007  2180                     146.1666662   49.00000  66.5%   7.2   12s
H 2300  3768                     146.1666647   49.00000  66.5%   7.1   13s
H 2343  3768                     146.1666647   49.00000  66.5%   7.1   13s
H 2566  3768                     146.0833333   49.00000  66.5%   7.0   13s
H 5529  5391                     146.0833333   49.00000  66.5%   6.4   14s
  5697  5711   59.16667  146   52  146.08333   49.00000  66.5%   6.3   15s
H 6086  5711                     146.0833333   49.00000  66.5%   6.3   15s
H 6301  6325                     146.0833333   49.00000  66.5%   6.3   16s
H 9323  8570                     146.0833333   49.00000  66.5%   6.0   19s
H 9350  8570                     146.0037567   49.00000  66.4%   6.0   19s
  9355  8572   52.50000  131  102  146.00376   49.00000  66.4%   6.0   20s
  9650  8800   49.33333   20  219  146.00376   49.00000  66.4%   9.5   32s
 10400  9296   49.66667   31  209  146.00376   49.00000  66.4%  10.7   38s
 12714 10747   49.16667   66  183  146.00376   49.00000  66.4%  12.7   41s
H17008 12419                     145.7500000   49.00000  66.4%  16.5   42s
H17389 13752                     145.4166667   49.00000  66.3%  17.0   43s
H17422 13353                     144.1458333   49.00000  66.0%  17.1   43s
H19452 14028                     142.8125000   49.00000  65.7%  18.5   44s
H19906 13527                     142.7500000   49.00000  65.7%  18.7   44s
H20752 12899                     142.3750000   49.00000  65.6%  19.0   44s
H21463 12780                     141.3333333   49.00000  65.3%  19.3   45s
H21621 12414                     141.0000000   49.00000  65.2%  19.4   45s
H22431 13267                     140.5666667   49.00000  65.1%  19.5   47s
H23800 14951                     140.4000000   49.00000  65.1%  19.7   48s
 30854 26008     cutoff  163       140.40000   49.00000  65.1%  21.1   53s
H40682 26008                     140.4000000   49.00000  65.1%  22.4   53s
 41735 28104   49.66667   59  196  140.40000   49.00000  65.1%  22.5   57s
H45480 30121                     140.3999999   49.00000  65.1%  23.2   58s
 46586 32551  110.33530  108  117  140.40000   49.00000  65.1%  23.4   60s
H46600 32551                     140.3999998   49.00000  65.1%  23.4   60s
H47672 32551                     140.3999993   49.00000  65.1%  23.8   60s
H49857 35025                     140.3999992   49.00000  65.1%  24.3   61s
H50251 35025                     140.3999992   49.00000  65.1%  24.4   61s
H50350 35025                     140.3999991   49.00000  65.1%  24.4   61s
H50566 35025                     140.3999991   49.00000  65.1%  24.4   61s
 55005 37276   85.66667   39  149  140.40000   49.00000  65.1%  25.4   65s
 60137 46829   49.66667  102  196  140.40000   49.00000  65.1%  26.3   71s
H68680 49466                     140.3999991   49.00000  65.1%  26.9   73s
 71561 52515   50.00000   70  171  140.40000   49.00000  65.1%  27.0   75s
H71701 52515                     140.3999991   49.00000  65.1%  27.0   75s
H72405 52515                     140.3999991   49.00000  65.1%  27.1   75s
 85196 62966   49.00000   67  163  140.40000   49.00000  65.1%  27.4   81s
 89547 68448   90.66667  150  102  140.40000   49.00000  65.1%  27.9   85s
 104150 73321   53.33339   97  160  140.40000   49.00000  65.1%  28.1   96s
 108502 81306   52.26663  100  150  140.40000   49.00000  65.1%  28.6  102s
 113939 84873   71.00255  103  117  140.40000   49.00000  65.1%  28.7  106s
 131138 92983   66.16667  114  126  140.40000   49.00000  65.1%  28.5  111s
H131163 92983                     140.3999989   49.00000  65.1%  28.5  111s
H131193 92983                     140.3999983   49.00000  65.1%  28.5  111s
H131300 96495                     140.3999974   49.00000  65.1%  28.5  113s
H131566 96495                     140.3999974   49.00000  65.1%  28.5  113s
H131838 96495                     140.3999970   49.00000  65.1%  28.6  113s
 135429 99156 infeasible  155       140.40000   49.00000  65.1%  28.8  115s
H135431 99156                     140.3999969   49.00000  65.1%  28.8  115s
H136825 99156                     140.3999966   49.00000  65.1%  28.7  115s
H139516 101958                     140.3999957   49.00000  65.1%  28.7  117s
 149126 110399   69.84723  143  115  140.40000   49.00000  65.1%  28.7  120s
H150796 110399                     140.3999954   49.00000  65.1%  28.7  120s
H154025 110399                     140.3999953   49.00000  65.1%  28.8  120s
H157300 114395                     140.3999953   49.00000  65.1%  28.9  123s
H157814 114395                     140.3999952   49.00000  65.1%  28.9  123s
H159966 114395                     140.3999952   49.00000  65.1%  28.9  123s
 163519 115749   75.88923  120  120  140.40000   49.00000  65.1%  28.9  125s
 170504 120684   53.16903  128  141  140.40000   49.00000  65.1%  29.0  131s
 180923 130463     cutoff  146       140.40000   49.00000  65.1%  29.3  136s
 194055 133166   49.33355   97  158  140.40000   49.00000  65.1%  29.4  147s
 194098 136364   49.33358   97  159  140.40000   49.00000  65.1%  29.4  150s
 200555 140335   66.83333  133  134  140.40000   49.00000  65.1%  29.6  156s
 208661 146931   51.25000  142  128  140.40000   49.00000  65.1%  29.6  162s
 214990 146955   78.33390  177  121  140.40000   49.00000  65.1%  29.7  169s
 215029 166287   85.66723  178  117  140.40000   49.00000  65.1%  29.7  180s
 253086 174300  129.16667   95  145  140.40000   49.00000  65.1%  30.1  187s
 265647 178327   49.50000  100  148  140.40000   49.00000  65.1%  30.0  191s
 273558 185589   81.00723  163  109  140.40000   49.00000  65.1%  30.1  196s
 280827 189197   97.66667  221   93  140.40000   49.00000  65.1%  30.0  200s
 293618 196433   53.73077  123  137  140.40000   49.00000  65.1%  30.3  205s
 302925 200508   50.73077  123  137  140.40000   49.00000  65.1%  30.5  217s
 307658 206344   97.00000  164  104  140.40000   49.00000  65.1%  30.4  222s
 321363 212362  124.28073  162  102  140.40000   49.00000  65.1%  30.5  226s
 326786 216828   72.16979  149  133  140.40000   49.00000  65.1%  30.5  230s
 336260 220437  106.90475  176  103  140.40000   49.00000  65.1%  30.6  242s
 336300 220814 infeasible  177       140.40000   49.00000  65.1%  30.6  246s
 343717 229183   79.85247  172  130  140.40000   49.00000  65.1%  30.7  252s
 351545 229772   49.01389  127  136  140.40000   49.00000  65.1%  30.7  255s
H352215 229772                     140.3999812   49.00000  65.1%  30.7  255s
 352375 230317   49.92014  125  170  140.39998   49.00000  65.1%  30.7  265s
 358848 233405   98.11970  170  103  140.39998   49.00000  65.1%  30.7  272s
 358962 238572   97.50000  168  101  140.39998   49.00000  65.1%  30.7  275s
 368295 238594   68.66667  162  122  140.39998   49.00000  65.1%  30.7  286s
 374816 247448   50.00000  134  155  140.39998   49.00000  65.1%  30.8  292s
 388531 252410  119.58166  210   86  140.39998   49.00000  65.1%  30.9  296s
 394556 257618  128.00142  177   87  140.39998   49.00000  65.1%  30.9  302s
 398039 262033   50.50000  149  141  140.39998   49.00000  65.1%  30.9  305s
 416046 269322  113.33333  179   84  140.39998   49.00000  65.1%  30.7  310s
 425523 275042   83.50000  189  101  140.39998   49.00000  65.1%  30.7  315s
 429305 275063   91.00227  159  112  140.39998   49.00000  65.1%  30.8  324s
 429348 278710   91.50000  159  109  140.39998   49.00000  65.1%  30.8  326s
 434825 278734   70.00000  172   99  140.39998   49.00000  65.1%  30.8  337s
 436641 285177   49.00000  128  138  140.39998   49.00000  65.1%  30.8  343s
 447756 287513   73.00000  151  121  140.39998   49.00000  65.1%  30.7  345s
 453752 291414  111.33730  138  103  140.39998   49.00000  65.1%  30.6  350s
 463205 297112   52.16667  161  123  140.39998   49.00000  65.1%  30.6  355s
 474094 304732 infeasible  212       140.39998   49.00000  65.1%  30.6  362s
 481908 307515  126.37288  183   76  140.39998   49.00000  65.1%  30.5  365s
 492435 310209   86.03106  168  132  140.39998   49.00000  65.1%  30.5  371s
 498666 317986   76.50000  156  141  140.39998   49.00000  65.1%  30.4  376s
 513317 322547   49.33333  134  143  140.39998   49.00000  65.1%  30.4  381s
 524598 330255     cutoff  152       140.39998   49.00000  65.1%  30.3  386s
 540563 338204   89.16667  176   97  140.39998   49.00000  65.1%  30.3  390s
 554313 344305   65.83333  169   93  140.39998   49.00000  65.1%  30.3  395s
H559477 349189                     140.3999791   49.00000  65.1%  30.2  399s
 565155 349202 infeasible  193       140.39998   49.00000  65.1%  30.2  407s
H565156 349202                     140.3999032   49.00000  65.1%  30.2  407s
H565165 349202                     140.3999029   49.00000  65.1%  30.2  407s
H565179 349202                     140.3998689   49.00000  65.1%  30.2  407s
 565205 367189  128.16895  192   66  140.39987   49.00000  65.1%  30.2  432s
H565231 367189                     140.3998369   49.00000  65.1%  30.2  433s
 597237 370462   52.16667  148  137  140.39984   49.00000  65.1%  30.2  436s
H597461 370462                     140.3995289   49.00000  65.1%  30.2  436s
H600333 370462                     140.3995285   49.00000  65.1%  30.2  436s
H603867 370483                     140.3991172   49.00000  65.1%  30.2  439s
 603906 370643   73.83333  161  103  140.39912   49.00000  65.1%  30.2  441s
 613161 378842   58.00029  146  125  140.39912   49.00000  65.1%  30.2  446s
 624445 382553 infeasible  171       140.39912   49.00000  65.1%  30.2  453s
 624514 386312 infeasible  168       140.39912   49.00000  65.1%  30.2  455s
 638385 393203  102.16667  168  104  140.39912   49.00000  65.1%  30.2  462s
 640810 393484   49.33700  129  149  140.39912   49.00000  65.1%  30.2  466s
 647465 397388   82.83615  155  133  140.39912   49.00000  65.1%  30.3  472s
 653349 403944  115.16667  158  130  140.39912   49.00000  65.1%  30.3  477s
 659747 408454   89.33333  126  147  140.39912   49.00000  65.1%  30.3  480s
 673962 412908  113.00411  167  113  140.39912   49.00000  65.1%  30.4  485s
 687053 422047   73.16688  148  132  140.39912   49.00000  65.1%  30.4  490s
 699570 428345  134.35228  171   86  140.39912   49.00000  65.1%  30.4  496s
 703040 428376   52.83333  149  144  140.39912   49.00000  65.1%  30.4  502s
 709419 435459   66.01084  199  112  140.39912   49.00000  65.1%  30.5  507s
 714018 439515   62.17547  148  130  140.39912   49.00000  65.1%  30.4  510s
 728634 447706   52.00074  127  144  140.39912   49.00000  65.1%  30.5  516s
 738338 454349   64.33673  186  112  140.39912   49.00000  65.1%  30.5  520s
 743340 454373   57.83333  145  143  140.39912   49.00000  65.1%  30.5  525s
 749330 458288   80.83333  189  105  140.39912   49.00000  65.1%  30.6  535s
 754730 462319   55.51870  137  155  140.39912   49.00000  65.1%  30.6  542s
 754764 481276   56.68243  138  156  140.39912   49.00000  65.1%  30.6  551s
 786796 486091   72.03781  135  141  140.39912   49.00000  65.1%  30.6  555s
 802620 490744   49.36514  122  151  140.39912   49.00000  65.1%  30.7  561s
 813493 498344   49.50000  143  136  140.39912   49.00000  65.1%  30.7  566s
 817190 500206   60.11368  143  137  140.39912   49.00000  65.1%  30.7  570s
 830798 510850   73.17210  141  143  140.39912   49.00000  65.1%  30.8  577s
 844753 515977  137.16846  142  104  140.39912   49.00000  65.1%  30.8  581s
 856170 522284   74.66696  192  104  140.39912   49.00000  65.1%  30.9  587s
 859534 525331   62.66681  138  132  140.39912   49.00000  65.1%  30.9  591s
 873279 531504   64.33333  162  102  140.39912   49.00000  65.1%  30.9  597s
 877445 533825   68.00000  151  113  140.39912   49.00000  65.1%  30.9  601s
 890399 540282  116.33884  151  116  140.39912   49.00000  65.1%  30.9  606s
 897552 544655   52.00000  141  137  140.39912   49.00000  65.1%  30.9  610s
 912604 554209     cutoff  151       140.39912   49.00000  65.1%  30.9  616s
 929892 561695   82.83333  143  141  140.39912   49.00000  65.1%  30.9  621s
 940260 564059   72.33333  164  128  140.39912   49.00000  65.1%  30.9  625s
 945348 570337   53.00000  138  138  140.39912   49.00000  65.1%  30.9  631s
 957034 576304  129.18473  223   59  140.39912   49.00000  65.1%  30.9  637s
 961962 578817   76.33333  138  147  140.39912   49.00000  65.1%  30.9  640s
 977571 590472   56.53535  154  121  140.39912   49.00000  65.1%  30.8  646s
 989987 593966  136.66667  136  117  140.39912   49.00000  65.1%  30.8  650s
 995158 595763 infeasible  138       140.39912   49.00000  65.1%  30.8  657s
 1002894 600270   49.00000  110  149  140.39912   49.00000  65.1%  30.8  661s
 1011528 609399  127.98682  126  131  140.39912   49.00000  65.1%  30.8  668s
 1020185 609418  117.41498  154   96  140.39912   49.00000  65.1%  30.9  677s
 1025700 612776   71.98333  148  148  140.39912   49.00000  65.1%  30.9  686s
 1034209 620930   53.33401  132  132  140.39912   49.00000  65.1%  30.9  690s
 1043026 627773  125.20693  178   83  140.39912   49.00000  65.1%  30.9  697s
 1054273 633693     cutoff  162       140.39912   49.00000  65.1%  30.9  701s
 1064048 640090 infeasible  183       140.39912   49.00000  65.1%  30.9  706s
 1074584 647096   65.34660  160  109  140.39912   49.00000  65.1%  30.9  711s
 1088517 650576  130.51842  174  101  140.39912   49.00000  65.1%  30.8  715s
 1091807 652841   56.59720  129  155  140.39912   49.00000  65.1%  30.8  721s
 1100173 658312  118.16667  193   75  140.39912   49.00000  65.1%  30.8  726s
 1107798 662603   68.83333  202   79  140.39912   49.00000  65.1%  30.8  730s
 1119985 665923   80.51832  181  101  140.39912   49.00000  65.1%  30.8  740s
 1124077 670059   79.16723  167  102  140.39912   49.00000  65.1%  30.8  746s
 1135319 678107   61.16879  143  150  140.39912   49.00000  65.1%  30.7  752s
 1146955 680192   62.58074  169  123  140.39912   49.00000  65.1%  30.7  758s
 1151587 684741 infeasible  226       140.39912   49.00000  65.1%  30.7  761s
 1161917 692289   88.66667  185  113  140.39912   49.00000  65.1%  30.7  765s
 1176435 697527   51.66685  126  155  140.39912   49.00000  65.1%  30.7  776s
 1185264 705464   70.33388  193  115  140.39912   49.00000  65.1%  30.7  781s
 1188615 705484  120.79015  214   71  140.39912   49.00000  65.1%  30.7  785s
 1192109 711994   66.83353  123  137  140.39912   49.00000  65.1%  30.7  790s
 1205103 719132   51.58333  112  132  140.39912   49.00000  65.1%  30.7  796s
 1216159 724663   58.50227  111  125  140.39912   49.00000  65.1%  30.7  801s
 1224333 730897   72.35056  153  108  140.39912   49.00000  65.1%  30.7  806s
 1237698 738072  108.33709  135  103  140.39912   49.00000  65.1%  30.7  811s
 1247727 745417   70.83333  195   86  140.39912   49.00000  65.1%  30.7  817s
 1256123 751373   51.83333  128  122  140.39912   49.00000  65.1%  30.7  821s
 1268808 759525   86.00000  119  121  140.39912   49.00000  65.1%  30.7  826s
 1283966 766330   52.50000  130  153  140.39912   49.00000  65.1%  30.6  831s
 1293417 774491   53.00000  135  145  140.39912   49.00000  65.1%  30.6  836s
 1301300 774517   74.08587  138   97  140.39912   49.00000  65.1%  30.6  841s
 1305618 780846   49.08333  120  122  140.39912   49.00000  65.1%  30.6  846s
 1314041 786961   92.40589  139  119  140.39912   49.00000  65.1%  30.6  851s
 1325527 794105  138.33333  139  105  140.39912   49.00000  65.1%  30.5  856s
 1337030 799172  113.83560  168   99  140.39912   49.00000  65.1%  30.5  861s
 1346340 803727   92.58333  140  142  140.39912   49.00000  65.1%  30.5  866s
 1356365 807035   81.33405  159   90  140.39912   49.00000  65.1%  30.5  872s
 1356404 824171   81.33544  160   98  140.39912   49.00000  65.1%  30.5  885s
 1396694 830189   66.37500  122  155  140.39912   49.00000  65.1%  30.4  891s
 1404611 836000  106.16667  135  118  140.39912   49.00000  65.1%  30.4  895s
 1417696 844503   51.83333   99  134  140.39912   49.00000  65.1%  30.4  900s
 1427939 849525  118.33333  151  108  140.39912   49.00000  65.1%  30.3  906s
 1441157 857035   64.92970  130  117  140.39912   49.00000  65.1%  30.3  911s
 1449532 861189     cutoff  139       140.39912   49.00000  65.1%  30.3  917s
 1452340 862981   72.83333  137  112  140.39912   49.00000  65.1%  30.3  922s
 1454951 876094   49.00000  104  128  140.39912   49.00000  65.1%  30.3  929s
 1469501 876094  124.05016  185   83  140.39912   49.00000  65.1%  30.3  930s
 1481109 885352   70.83333  152   92  140.39912   49.00000  65.1%  30.3  935s
 1491963 890801   96.33333  162   67  140.39912   49.00000  65.1%  30.3  940s
 1504298 897432   53.83799  134  136  140.39912   49.00000  65.1%  30.3  945s
 1512019 904127  111.33333  179   75  140.39912   49.00000  65.1%  30.3  950s
 1520310 904691   49.33333  101  144  140.39912   49.00000  65.1%  30.3  956s
 1521306 907316 infeasible  122       140.39912   49.00000  65.1%  30.3  960s
 1532036 912863  128.83333  154   95  140.39912   49.00000  65.1%  30.3  965s
 1541809 920957  105.41667  125   92  140.39912   49.00000  65.1%  30.3  970s
 1559659 927804   96.83333  131  123  140.39912   49.00000  65.1%  30.3  977s
 1568926 932614   88.00932  143  113  140.39912   49.00000  65.1%  30.3  980s
 1580861 939760   74.16667  172   95  140.39912   49.00000  65.1%  30.3  986s
 1589918 948568   58.94444  137  110  140.39912   49.00000  65.1%  30.3  992s
 1595029 952117  120.93000  180   84  140.39912   49.00000  65.1%  30.3  995s
 1606783 959886 infeasible  162       140.39912   49.00000  65.1%  30.3 1001s
 1619286 967242  133.00227  133  117  140.39912   49.00000  65.1%  30.3 1006s
 1629546 973945     cutoff  139       140.39912   49.00000  65.1%  30.3 1011s
 1637237 985314   65.83526  146  124  140.39912   49.00000  65.1%  30.3 1018s
 1652696 986816 infeasible  152       140.39912   49.00000  65.1%  30.3 1020s
 1659613 993442   72.17467  170  104  140.39912   49.00000  65.1%  30.3 1027s
 1665746 996261   51.66667  111  140  140.39912   49.00000  65.1%  30.3 1030s
 1678367 1003909  119.55599  150  119  140.39912   49.00000  65.1%  30.3 1036s
 1689494 1009345   82.00000  140   95  140.39912   49.00000  65.1%  30.2 1040s
 1702929 1017174  131.53270  153   95  140.39912   49.00000  65.1%  30.2 1046s
 1712716 1022905   89.00000  152   88  140.39912   49.00000  65.1%  30.2 1051s
 1723433 1028809   57.50000  126  137  140.39912   49.00000  65.1%  30.2 1056s
 1734812 1036571   53.00057  135  137  140.39912   49.00000  65.1%  30.2 1061s
 1741362 1042451   61.18092  163  108  140.39912   49.00000  65.1%  30.2 1066s
 1752014 1050426   77.61516  161  116  140.39912   49.00000  65.1%  30.2 1071s
 1766011 1054032   75.83334  141  114  140.39912   49.00000  65.1%  30.2 1075s
 1776995 1061123   55.83333  123  120  140.39912   49.00000  65.1%  30.2 1080s
 1790302 1072484  119.84694  156   95  140.39912   49.00000  65.1%  30.2 1087s
 1801192 1076809  104.83333  160  103  140.39912   49.00000  65.1%  30.2 1091s
 1810282 1081584   52.83333  108  153  140.39912   49.00000  65.1%  30.2 1096s
 1819253 1088135   50.96760  122  133  140.39912   49.00000  65.1%  30.2 1101s
 1832196 1092815   49.53750  121  143  140.39912   49.00000  65.1%  30.2 1106s
 1837825 1096860   79.16667  170   70  140.39912   49.00000  65.1%  30.2 1113s
 1837860 1098822   79.16667  171   67  140.39912   49.00000  65.1%  30.2 1117s
 1840519 1102122  133.83333  180   50  140.39912   49.00000  65.1%  30.2 1120s
 1853466 1110959   79.18367  183   87  140.39912   49.00000  65.1%  30.2 1125s
 1864257 1117141   56.83376  128  135  140.39912   49.00000  65.1%  30.2 1130s
 1873593 1121966   74.18851  151  105  140.39912   49.00000  65.1%  30.2 1135s
 1882884 1128367   52.83333  145  167  140.39912   49.00000  65.1%  30.2 1141s
 1895486 1134756   66.33447  143  121  140.39912   49.00000  65.1%  30.2 1146s
 1905218 1140669  114.50009  144   96  140.39912   49.00000  65.1%  30.2 1150s
 1914314 1149121   53.83355  152  137  140.39912   49.00000  65.1%  30.2 1155s
 1932570 1156817   56.33333  123  135  140.39912   49.00000  65.1%  30.2 1162s
 1937245 1159311     cutoff  141       140.39912   49.00000  65.1%  30.2 1166s
 1945454 1167470 infeasible  161       140.39912   49.00000  65.1%  30.2 1171s
 1956616 1175098   53.83333  140  136  140.39912   49.00000  65.1%  30.2 1176s
 1972467 1185406   51.50000  135  148  140.39912   49.00000  65.1%  30.2 1181s
 1983660 1191569   51.52924  139  148  140.39912   49.00000  65.1%  30.2 1186s
 1993281 1197380   80.83404  167  110  140.39912   49.00000  65.1%  30.2 1190s
 2002742 1203534   77.00227  125  136  140.39912   49.00000  65.1%  30.2 1196s
 2015713 1207664   91.66695  137  158  140.39912   49.00000  65.1%  30.2 1200s

Cutting planes:
  Learned: 222
  Gomory: 4
  Cover: 175
  Implied bound: 151
  Clique: 16
  MIR: 493
  StrongCG: 4
  Flow cover: 1030
  GUB cover: 4
  Mod-K: 1
  RLT: 2
  Relax-and-lift: 510

Cleanup yields a better solution

Explored 2015758 nodes (60917055 simplex iterations) in 1200.07 seconds
Thread count was 32 (of 64 available processors)

Solution count 10: 140.399 140.4 140.4 ... 140.4

Time limit reached
Best objective 1.400711423158e+02, best bound 4.900000000000e+01, gap 65.0178%
