
Gurobi 9.1.2 (linux64) logging started Wed Mar 30 23:24:57 2022

Changed value of parameter LogFile to germany_v-Stutt....log
   Prev:   Default: 
Changed value of parameter MIPFocus to 1
   Prev: 0  Min: 0  Max: 3  Default: 0
Changed value of parameter TimeLimit to 600.0
   Prev: inf  Min: 0.0  Max: inf  Default: inf
Warning: variables 0 and 276 have the same name "X[Koeln,Aachen]"
Warning: linear constraint 306 and linear constraint 307 have the same name "weight-constr-t5"
Warning: to let Gurobi read it back, use rlp format
Gurobi Optimizer version 9.1.2 build v9.1.2rc0 (linux64)
Thread count: 32 physical cores, 64 logical processors, using up to 32 threads
Optimize a model with 1963 rows, 1656 columns and 5898 nonzeros
Model fingerprint: 0xcccb75b5
Variable types: 300 continuous, 1356 integer (1356 binary)
Coefficient statistics:
  Matrix range     [1e+00, 1e+06]
  Objective range  [2e-01, 2e-01]
  Bounds range     [1e+00, 5e+05]
  RHS range        [1e+00, 1e+06]
Presolve removed 108 rows and 126 columns
Presolve time: 0.01s
Presolved: 1855 rows, 1530 columns, 10308 nonzeros
Variable types: 294 continuous, 1236 integer (1236 binary)

Root relaxation: objective 4.900000e+01, 199 iterations, 0.00 seconds

    Nodes    |    Current Node    |     Objective Bounds      |     Work
 Expl Unexpl |  Obj  Depth IntInf | Incumbent    BestBd   Gap | It/Node Time

     0     0   49.00000    0   70          -   49.00000      -     -    0s
     0     0   49.00000    0   73          -   49.00000      -     -    0s
     0     0   49.00000    0   80          -   49.00000      -     -    0s
     0     0   49.00000    0   50          -   49.00000      -     -    0s
     0     0   49.00000    0   47          -   49.00000      -     -    0s
     0     0   49.00000    0   49          -   49.00000      -     -    0s
H    0     0                    4216271.3333   49.00000   100%     -    0s
     0     0   49.00000    0   52 4216271.33   49.00000   100%     -    0s
H    0     0                     397.2497919   49.00000  87.7%     -    0s
H    0     0                     385.3333333   49.00000  87.3%     -    0s
H    0     2                     385.1666666   49.00000  87.3%     -    1s
     0     2   49.00000    0   52  385.16667   49.00000  87.3%     -    1s
H   10    16                     382.0000000   49.00000  87.2%  48.6    1s
H   31    64                     381.6666666   49.00000  87.2%  19.6    1s
H   33    64                     381.5000000   49.00000  87.2%  19.4    1s
H   36    64                     380.6666667   49.00000  87.1%  19.3    1s
H   39    64                     376.0000000   49.00000  87.0%  18.2    1s
H   42    64                     374.1666666   49.00000  86.9%  17.3    1s
H   95   128                     370.1666666   49.00000  86.8%  11.7    1s
H   97   128                     370.0833333   49.00000  86.8%  11.5    1s
H   98   128                     370.0000000   49.00000  86.8%  11.4    1s
H  101   128                     369.6666667   49.00000  86.7%  11.1    1s
H  103   128                     369.0000000   49.00000  86.7%  11.0    1s
H  127   160                     368.3333333   49.00000  86.7%  10.5    4s
H  129   160                     368.1666667   49.00000  86.7%  10.4    4s
H  130   160                     367.8333333   49.00000  86.7%  10.4    4s
H  131   160                     260.5000000   49.00000  81.2%  10.3    4s
H  155   160                     240.1666667   49.00000  79.6%   9.7    4s
H  159   192                     238.5000000   49.00000  79.5%   9.7    5s
H  161   192                     217.3333333   49.00000  77.5%   9.7    5s
H  172   192                     217.1666667   49.00000  77.4%   9.4    5s
H  174   192                     202.5000000   49.00000  75.8%   9.3    5s
H  180   192                     200.6666667   49.00000  75.6%   9.1    5s
H  183   192                     192.0000000   49.00000  74.5%   9.0    5s
H  191   256                     191.5000000   49.00000  74.4%   8.9    5s
H  498   512                     191.0000000   49.00000  74.3%   6.5    7s
H  605  1560                     191.0000000   49.00000  74.3%   6.7    7s
H 1926  1911                     190.8333333   49.00000  74.3%   6.0    9s
H 1939  1911                     188.8148553   49.00000  74.0%   6.0    9s
  1955  2441   76.00000   69   29  188.81486   49.00000  74.0%   6.0   10s
  7308  9124   49.00000   20   47  188.81486   49.00000  74.0%   5.5   15s
 12193 11301   56.33333  140  109  188.81486   49.00000  74.0%   5.5   20s
 12361 11442   49.00000   23  200  188.81486   49.00000  74.0%   7.6   34s
 12680 11655   49.00000   28  195  188.81486   49.00000  74.0%   8.0   35s
 18797 17059   57.66667  101  163  188.81486   49.00000  74.0%  12.3   40s
 37375 26953   49.66667   81  168  188.81486   49.00000  74.0%  18.0   46s
 41968 25453   49.00000   43  187  188.81486   49.00000  74.0%  19.4   56s
 45659 31153  171.16752  159  178  188.81486   49.00000  74.0%  20.5   60s
 59599 46475   49.67867   88  217  188.81486   49.00000  74.0%  24.2   67s
 76206 52306   50.33333  139  167  188.81486   49.00000  74.0%  26.1   70s
 88773 73463   49.00000   95  193  188.81486   49.00000  74.0%  26.5   76s
 102956 74296   49.00000   96  219  188.81486   49.00000  74.0%  28.7   93s
 104846 82601   53.50000  148  180  188.81486   49.00000  74.0%  29.0   96s
 122366 94688   50.16667  123  193  188.81486   49.00000  74.0%  29.4  101s
 140289 107191     cutoff  237       188.81486   49.00000  74.0%  29.6  106s
 147643 107220   65.33333  145  154  188.81486   49.00000  74.0%  29.7  121s
 153957 112206     cutoff  193       188.81486   49.00000  74.0%  29.8  134s
 153998 137326  183.39323  190  114  188.81486   49.00000  74.0%  29.8  141s
 186030 137351   54.33333  145  164  188.81486   49.00000  74.0%  31.4  152s
 186069 162294   54.33333  146  163  188.81486   49.00000  74.0%  31.4  158s
 218101 169748  169.89697  138  123  188.81486   49.00000  74.0%  32.2  162s
 236031 175405   51.50000  120  206  188.81486   49.00000  74.0%  32.1  180s
 241296 184571   52.83333  160  181  188.81486   49.00000  74.0%  32.5  186s
 256033 197147   98.16667  247  119  188.81486   49.00000  74.0%  32.9  190s
 270902 202429  113.50000  264  122  188.81486   49.00000  74.0%  33.5  195s
 279492 213508   49.00000   77  178  188.81486   49.00000  74.0%  33.6  200s
 297458 222448   64.33333  160  141  188.81486   49.00000  74.0%  34.3  229s
 297502 227931   64.66667  160  146  188.81486   49.00000  74.0%  34.3  231s
 311738 238634     cutoff  144       188.81486   49.00000  74.0%  34.5  238s
 320224 245318   49.33333  133  188  188.81486   49.00000  74.0%  34.4  240s
 335752 254790  101.66667  213  126  188.81486   49.00000  74.0%  34.6  245s
 349397 266528   49.00000  136  209  188.81486   49.00000  74.0%  35.0  250s
 358096 273109   50.66667  164  186  188.81486   49.00000  74.0%  35.5  256s
 366456 273849   55.16667  199  152  188.81486   49.00000  74.0%  35.7  275s
 371398 286120   88.16667  229   88  188.81486   49.00000  74.0%  35.8  282s
 384924 290392   50.00000  114  166  188.81486   49.00000  74.0%  35.7  285s
 395961 298683   66.94444   87  203  188.81486   49.00000  74.0%  36.0  290s
 408522 310769   53.73333  159  155  188.81486   49.00000  74.0%  36.2  295s
 428127 323124  158.50000  156  104  188.81486   49.00000  74.0%  36.5  302s
 435715 323145   49.16667  103  177  188.81486   49.00000  74.0%  36.5  323s
 435757 346632   49.00000  102  171  188.81486   49.00000  74.0%  36.5  331s
 476190 358068   56.83333  142  178  188.81486   49.00000  74.0%  37.0  336s
 483999 362972   88.50000  160  135  188.81486   49.00000  74.0%  37.1  340s
 499904 376077   51.83333  122  179  188.81486   49.00000  74.0%  37.4  346s
 517042 382513  104.41718  223  106  188.81486   49.00000  74.0%  37.4  350s
 529735 396044   49.00000  152  217  188.81486   49.00000  74.0%  37.5  358s
 535433 404326   68.50570  188  157  188.81486   49.00000  74.0%  37.6  361s
 545946 404357   49.00000   98  210  188.81486   49.00000  74.0%  37.8  380s
 552551 409962   54.83333  160  179  188.81486   49.00000  74.0%  37.9  386s
 561358 420666     cutoff  258       188.81486   49.00000  74.0%  38.0  392s
 567874 427940   49.00000  109  155  188.81486   49.00000  74.0%  38.0  395s
 587797 434916   49.00000  148  173  188.81486   49.00000  74.0%  38.2  400s
 594931 445351 infeasible  158       188.81486   49.00000  74.0%  38.3  405s
 611336 451827   49.00000  178  197  188.81486   49.00000  74.0%  38.3  426s
 612012 454133   50.33333  199  188  188.81486   49.00000  74.0%  38.3  431s
 623927 466009   51.33333  199  170  188.81486   49.00000  74.0%  38.5  436s
 639682 472634   59.18562  140  181  188.81486   49.00000  74.0%  38.6  440s
 646559 478246   57.66667  176  186  188.81486   49.00000  74.0%  38.6  446s
 655873 489852   75.83343  161  178  188.81486   49.00000  74.0%  38.8  450s
 671780 500058 infeasible  170       188.81486   49.00000  74.0%  38.9  456s
 678013 505706   68.16667  169  166  188.81486   49.00000  74.0%  39.0  460s
 691116 509959   53.16676  112  207  188.81486   49.00000  74.0%  39.1  483s
 691160 513445   50.33333  112  212  188.81486   49.00000  74.0%  39.1  487s
 695908 520465   49.33333  119  196  188.81486   49.00000  74.0%  39.2  490s
 707649 528930  138.83333  180  144  188.81486   49.00000  74.0%  39.5  495s
 723612 540264   50.50000  151  161  188.81486   49.00000  74.0%  39.6  500s
 742422 548347  131.70941  191  123  188.81486   49.00000  74.0%  39.8  505s
 750290 557916   49.00000   79  182  188.81486   49.00000  74.0%  39.8  510s
 756989 557942   49.33333   90  208  188.81486   49.00000  74.0%  39.8  526s
 761554 567430   90.16667  133  158  188.81486   49.00000  74.0%  39.8  531s
 771950 574749   67.66945  190  157  188.81486   49.00000  74.0%  39.8  536s
 787953 585335 infeasible  135       188.81486   49.00000  74.0%  39.8  541s
 797304 592323   53.43729  150  212  188.81486   49.00000  74.0%  39.9  545s
 812223 603320   49.02401  104  225  188.81486   49.00000  74.0%  40.0  552s
 827974 608991  174.34058  158  102  188.81486   49.00000  74.0%  40.0  556s
 836102 614557   60.83335  148  188  188.81486   49.00000  74.0%  40.0  571s
 842223 624049   51.83333  102  166  188.81486   49.00000  74.0%  40.1  578s
 849801 630066   59.16667  177  140  188.81486   49.00000  74.0%  40.0  580s
 866038 634644   49.16667  127  201  188.81486   49.00000  74.0%  40.0  585s
 871689 643044   51.00000  152  190  188.81486   49.00000  74.0%  40.0  590s
 887699 650113   49.00000  146  193  188.81486   49.00000  74.0%  40.0  595s
 895556 661190  129.00111  199  139  188.81486   49.00000  74.0%  40.0  600s

Cutting planes:
  Learned: 254
  Gomory: 16
  Cover: 206
  Implied bound: 144
  Clique: 28
  MIR: 589
  StrongCG: 2
  Flow cover: 1119
  GUB cover: 1
  RLT: 12
  Relax-and-lift: 501

Cleanup yields a better solution

Explored 903591 nodes (36136364 simplex iterations) in 600.07 seconds
Thread count was 32 (of 64 available processors)

Solution count 10: 188.815 190.833 191.5 ... 240.167

Time limit reached
Best objective 1.866305844491e+02, best bound 4.900000000000e+01, gap 73.7449%

Gurobi 9.1.2 (linux64) logging started Tue Apr  5 00:22:32 2022

Changed value of parameter LogFile to germany_v-Stutt....log
   Prev:   Default: 
Changed value of parameter MIPFocus to 1
   Prev: 0  Min: 0  Max: 3  Default: 0
Changed value of parameter TimeLimit to 1200.0
   Prev: inf  Min: 0.0  Max: inf  Default: inf
Warning: variables 0 and 276 have the same name "X[Muenchen,Passau]"
Warning: linear constraint 306 and linear constraint 307 have the same name "weight-constr-t5"
Warning: to let Gurobi read it back, use rlp format
Gurobi Optimizer version 9.1.2 build v9.1.2rc0 (linux64)
Thread count: 32 physical cores, 64 logical processors, using up to 32 threads
Optimize a model with 1963 rows, 1656 columns and 5898 nonzeros
Model fingerprint: 0xae582412
Variable types: 300 continuous, 1356 integer (1356 binary)
Coefficient statistics:
  Matrix range     [1e+00, 1e+06]
  Objective range  [2e-01, 2e-01]
  Bounds range     [1e+00, 5e+05]
  RHS range        [1e+00, 1e+06]
Presolve removed 108 rows and 126 columns
Presolve time: 0.01s
Presolved: 1855 rows, 1530 columns, 10308 nonzeros
Variable types: 294 continuous, 1236 integer (1236 binary)

Root relaxation: objective 4.900000e+01, 219 iterations, 0.00 seconds

    Nodes    |    Current Node    |     Objective Bounds      |     Work
 Expl Unexpl |  Obj  Depth IntInf | Incumbent    BestBd   Gap | It/Node Time

     0     0   49.00000    0   53          -   49.00000      -     -    0s
     0     0   49.00000    0   55          -   49.00000      -     -    0s
     0     0   49.00000    0   45          -   49.00000      -     -    0s
     0     0   49.00000    0   44          -   49.00000      -     -    0s
     0     0   49.00000    0   44          -   49.00000      -     -    0s
H    0     0                    4320026.6667   49.00000   100%     -    0s
     0     0   49.00000    0   44 4320026.67   49.00000   100%     -    0s
H    0     0                    1147.0554175   49.00000  95.7%     -    0s
H    0     0                    1112.3333333   49.00000  95.6%     -    0s
H    0     0                    1112.1666667   49.00000  95.6%     -    0s
H    0     0                    1111.8333333   49.00000  95.6%     -    0s
H    0     2                    1109.8333332   49.00000  95.6%     -    1s
     0     2   49.00000    0   42 1109.83333   49.00000  95.6%     -    1s
H    1     4                    1109.4999999   49.00000  95.6%   523    1s
H    3     8                    1102.4999998   49.00000  95.6%   185    1s
H    5     8                    1102.3333332   49.00000  95.6%   115    1s
H   31    60                    1101.5833333   49.00000  95.6%  30.3    1s
H   34    60                    1101.0833333   49.00000  95.5%  28.1    1s
H   44    60                    1098.0833333   49.00000  95.5%  24.2    1s
H   47    60                    1097.3333332   49.00000  95.5%  23.5    1s
H   93   124                     327.8333333   49.00000  85.1%  16.6    3s
H  100   124                     309.1666667   49.00000  84.2%  16.1    3s
H  101   124                     255.5000000   49.00000  80.8%  16.0    3s
H  106   124                     250.8333333   49.00000  80.5%  15.7    3s
H  157   186                     247.1666667   49.00000  80.2%  12.7    5s
H  159   186                     216.8333333   49.00000  77.4%  12.6    5s
H  180   186                     211.5000000   49.00000  76.8%  12.3    5s
H  181   186                     205.8333333   49.00000  76.2%  12.2    5s
H  185   186                     205.5000000   49.00000  76.2%  12.1    5s
H  969   988                     205.1666667   49.00000  76.1%   8.2    7s
H  983   988                     203.3333333   49.00000  75.9%   8.2    7s
H  998  1019                     201.3333333   49.00000  75.7%   8.1    8s
H 1001  1019                     200.8333333   49.00000  75.6%   8.1    8s
H 1018  1019                     200.5000000   49.00000  75.6%   8.1    8s
H 1031  2772                     200.3333333   49.00000  75.5%   8.1    9s
H 1320  2772                     200.3333333   49.00000  75.5%   7.6    9s
  3022  4539   51.50000  102   47  200.33333   49.00000  75.5%   6.5   10s
H 4509  4539                     200.3333329   49.00000  75.5%   6.1   10s
H 5141  4850                     199.3333333   49.00000  75.4%   6.0   12s
H 5143  4850                     194.3333333   49.00000  74.8%   6.0   12s
H 5146  4850                     194.0000000   49.00000  74.7%   6.0   12s
H 5147  4850                     193.8333333   49.00000  74.7%   6.0   12s
H 6137  6388                     193.5000000   49.00000  74.7%   5.8   13s
H 6891  6441                     193.3333333   49.00000  74.7%   5.7   14s
H 6904  6441                     193.0000000   49.00000  74.6%   5.7   14s
H 6938  6441                     192.9999997   49.00000  74.6%   5.7   14s
  6957  8548   49.00000   30   42  193.00000   49.00000  74.6%   5.7   15s
H 8466  8548                     192.9999995   49.00000  74.6%   5.6   15s
H 8934  8548                     192.9999994   49.00000  74.6%   5.6   15s
H13368 15856                     192.8333333   49.00000  74.6%   5.3   16s
H17639 15065                     192.6666667   49.00000  74.6%   5.2   17s
H17639 14311                     192.5000000   49.00000  74.5%   5.2   17s
H17640 13596                     192.3333333   49.00000  74.5%   5.2   17s
 17745 13697   49.00000   22  193  192.33333   49.00000  74.5%   6.8   21s
H17754 13013                     192.1666667   49.00000  74.5%   6.8   21s
H17767 12363                     191.5000000   49.00000  74.4%   6.8   21s
H17906 11863                     191.1666667   49.00000  74.4%   6.9   23s
H19184 12181                     190.8333333   49.00000  74.3%   8.2   23s
H20286 14150                     190.7500000   49.00000  74.3%   9.1   24s
H22600 12876                     190.5833333   49.00000  74.3%  10.3   32s
H22601 12376                     190.4166667   49.00000  74.3%  10.3   32s
H25161 13469                     190.4165854   49.00000  74.3%  12.1   33s
 30146 23693   86.00141  182  139  190.41659   49.00000  74.3%  14.3   36s
 49965 28266   50.33333  126  146  190.41659   49.00000  74.3%  22.2   40s
 62073 44221   53.66667  166  157  190.41659   49.00000  74.3%  25.6   45s
 83115 55418  173.50000  148  156  190.41659   49.00000  74.3%  28.7   51s
 87020 55450   95.66667  149  174  190.41659   49.00000  74.3%  29.4   56s
 95527 71700  143.33621  159  147  190.41659   49.00000  74.3%  29.9   60s
 108650 71729   49.33333   75  187  190.41659   49.00000  74.3%  31.4   65s
 120544 86000   75.16667  177  128  190.41659   49.00000  74.3%  32.5   70s
 144550 99667   55.00000   91  184  190.41659   49.00000  74.3%  33.0   75s
 162400 113049   59.66667  127  204  190.41659   49.00000  74.3%  34.6   93s
 162442 137267   59.66667  128  219  190.41659   49.00000  74.3%  34.6   98s
 194474 145875  161.66667  204   93  190.41659   49.00000  74.3%  36.4  101s
 218762 157509   72.83723  202  146  190.41659   49.00000  74.3%  37.6  105s
 240984 173574   52.00000  179  193  190.41659   49.00000  74.3%  38.2  110s
 260079 190587   50.00000  120  229  190.41659   49.00000  74.3%  39.1  116s
 282057 203001   71.33333  126  161  190.41659   49.00000  74.3%  39.8  120s
 293834 216456   49.00000  156  204  190.41659   49.00000  74.3%  40.4  126s
 314550 227126  123.00000  195  121  190.41659   49.00000  74.3%  41.3  131s
 329047 240998   49.00000  146  207  190.41659   49.00000  74.3%  41.5  136s
 351056 254107   49.50000   94  245  190.41659   49.00000  74.3%  42.2  141s
 367286 266126  158.50019  192  121  190.41659   49.00000  74.3%  42.7  145s
 389436 283375  141.83333  158  174  190.41659   49.00000  74.3%  43.2  151s
 400969 291100   51.00000  197  167  190.41659   49.00000  74.3%  43.9  155s
 417409 302465   49.00000   85  269  190.41659   49.00000  74.3%  43.9  160s
 438804 317304   83.00000  136  155  190.41659   49.00000  74.3%  44.5  165s
 448636 324908   49.33333  119  209  190.41659   49.00000  74.3%  44.8  170s
 461535 330290     cutoff  173       190.41659   49.00000  74.3%  44.9  175s
 470177 338826     cutoff  195       190.41659   49.00000  74.3%  45.0  180s
 474765 339523   52.50000  167  188  190.41659   49.00000  74.3%  45.1  187s
 483053 348146   50.50000  110  242  190.41659   49.00000  74.3%  45.2  190s
 504007 361974  179.04167  177  146  190.41659   49.00000  74.3%  45.7  195s
 517642 375246   49.00000  109  243  190.41659   49.00000  74.3%  46.1  201s
 537956 385100  180.66667  109  213  190.41659   49.00000  74.3%  46.6  205s
 549940 389673  174.88711  137  234  190.41659   49.00000  74.3%  46.8  211s
 555115 393291   49.00000  156  220  190.41659   49.00000  74.3%  47.0  221s
 564743 404810  162.16667  145  122  190.41659   49.00000  74.3%  47.3  226s
 575698 431386   49.05678  176  204  190.41659   49.00000  74.3%  47.5  236s
 607900 452726 infeasible  146       190.41659   49.00000  74.3%  48.5  262s
 639432 457822   60.50000  188  134  190.41659   49.00000  74.3%  48.9  265s
 647520 457846   49.00000   76  186  190.41659   49.00000  74.3%  49.0  271s
 656418 466792   91.33334  151  131  190.41659   49.00000  74.3%  49.2  275s
 671662 478272   49.83333  124  243  190.41659   49.00000  74.3%  49.3  281s
 679880 478301  117.83582  203  124  190.41659   49.00000  74.3%  49.5  288s
 680769 483494 infeasible  211       190.41659   49.00000  74.3%  49.5  291s
 696157 492534   55.00000  199  141  190.41659   49.00000  74.3%  49.7  295s
 702698 499006   51.34169  152  201  190.41659   49.00000  74.3%  49.8  300s
 715575 504032  130.66743  189  176  190.41659   49.00000  74.3%  50.0  316s
 731595 515003   64.66667  153  184  190.41659   49.00000  74.3%  50.1  335s
 731632 535945   64.66667  154  175  190.41659   49.00000  74.3%  50.1  341s
 769819 545937   76.33547  187  135  190.41659   49.00000  74.3%  50.5  346s
 791455 556772   52.16667  109  274  190.41659   49.00000  74.3%  50.6  352s
 801334 566511  119.50000  139  128  190.41659   49.00000  74.3%  50.8  355s
 822409 580614   59.66667  136  179  190.41659   49.00000  74.3%  51.0  360s
 842193 594227   94.00802  188  130  190.41659   49.00000  74.3%  51.2  365s
H843957 594201                     190.3333333   49.00000  74.3%  51.2  365s
H851857 598452                     190.3333333   49.00000  74.3%  51.1  366s
 853415 598477   52.33333   92  209  190.33333   49.00000  74.3%  51.1  371s
H853418 598477                     190.3333319   49.00000  74.3%  51.1  371s
H853427 598477                     190.3333304   49.00000  74.3%  51.1  371s
 867239 611440   59.16667  197  144  190.33333   49.00000  74.3%  51.2  375s
 872950 611470     cutoff  165       190.33333   49.00000  74.3%  51.2  390s
 885922 622570  169.00000  126  140  190.33333   49.00000  74.3%  51.4  395s
 908029 638514   54.33333   98  200  190.33333   49.00000  74.3%  51.5  400s
 932525 654371   89.16667  204  108  190.33333   49.00000  74.3%  51.5  409s
 932565 656062   90.00281  205  106  190.33333   49.00000  74.3%  51.5  412s
 944588 665113     cutoff  142       190.33333   49.00000  74.3%  51.5  415s
H949926 667246                     190.3330837   49.00000  74.3%  51.5  418s
 951357 672952  117.66667  149  132  190.33308   49.00000  74.3%  51.5  420s
H951852 672952                     190.3326037   49.00000  74.3%  51.5  420s
 970295 683997   49.00000   86  255  190.33260   49.00000  74.3%  51.6  425s
H972039 683994                     190.2500000   49.00000  74.2%  51.6  425s
H981868 692620                     190.2500000   49.00000  74.2%  51.5  428s
H984268 698699                     190.2499999   49.00000  74.2%  51.5  430s
H989933 698699                     190.2499963   49.00000  74.2%  51.5  431s
 993355 699009     cutoff  149       190.25000   49.00000  74.2%  51.4  435s
H993756 702791                     190.2499607   49.00000  74.2%  51.4  437s
 1009698 712791   55.83333  129  203  190.24996   49.00000  74.2%  51.5  440s
 1025693 727002   73.83333  165  119  190.24996   49.00000  74.2%  51.5  445s
 1047023 741192  169.00038  154  163  190.24996   49.00000  74.2%  51.4  450s
 1054600 752018   56.66667   91  187  190.24996   49.00000  74.2%  51.4  461s
 1068987 763534   52.52848  115  208  190.24996   49.00000  74.2%  51.3  465s
 1092805 769462   52.16830  169  161  190.24996   49.00000  74.2%  51.1  484s
 1092839 773451   51.33333  171  147  190.24996   49.00000  74.2%  51.1  485s
 1103020 778031   90.83333  184  110  190.24996   49.00000  74.2%  51.2  494s
 1103893 782563   92.00000  194   96  190.24996   49.00000  74.2%  51.2  496s
 1122395 794056   70.50499  180  173  190.24996   49.00000  74.2%  51.2  500s
 1142138 809025   91.00000  132  158  190.24996   49.00000  74.2%  51.3  505s
 1158279 820242   51.83333  109  225  190.24996   49.00000  74.2%  51.4  510s
 1171135 826562   49.00000   97  213  190.24996   49.00000  74.2%  51.5  515s
 1183782 839267   49.00000   92  244  190.24996   49.00000  74.2%  51.5  520s
 1189515 839292   49.16667   98  226  190.24996   49.00000  74.2%  51.6  526s
 1198523 850681  142.33425  158  130  190.24996   49.00000  74.2%  51.6  530s
 1220270 860252  160.95750  162  145  190.24996   49.00000  74.2%  51.5  537s
 1228887 868917   51.20550  208  188  190.24996   49.00000  74.2%  51.5  540s
 1246559 882108   59.33515  162  193  190.24996   49.00000  74.2%  51.5  545s
 1264225 892176   49.83333  125  196  190.24996   49.00000  74.2%  51.6  551s
 1264310 892913   49.83333  126  200  190.24996   49.00000  74.2%  51.6  555s
 1281556 905863   54.93920  185  184  190.24996   49.00000  74.2%  51.5  560s
 1303803 924837   49.00000  117  235  190.24996   49.00000  74.2%  51.6  567s
 1321601 935225  140.67204  156  146  190.24996   49.00000  74.2%  51.6  570s
 1345132 949512   67.50000  126  208  190.24996   49.00000  74.2%  51.5  576s
 1350309 953574   49.00000  138  231  190.24996   49.00000  74.2%  51.5  580s
 1367728 970004   49.00000  129  255  190.24996   49.00000  74.2%  51.6  586s
 1387662 981330 infeasible  221       190.24996   49.00000  74.2%  51.7  591s
 1406511 992555   78.00000  141  166  190.24996   49.00000  74.2%  51.7  595s
 1424110 1002653  142.16667  195  148  190.24996   49.00000  74.2%  51.7  604s
 1424153 1006299  142.50000  196  146  190.24996   49.00000  74.2%  51.7  605s
 1445745 1019440   55.00000  197  166  190.24996   49.00000  74.2%  51.8  611s
 1456522 1030118   49.60038  146  209  190.24996   49.00000  74.2%  51.8  615s
 1479313 1044301     cutoff  168       190.24996   49.00000  74.2%  51.9  620s
 1490596 1051102   49.00000  188  142  190.24996   49.00000  74.2%  51.8  625s
 1502246 1059832   50.83333  168  191  190.24996   49.00000  74.2%  51.9  630s
 1524180 1071925   74.16858  124  218  190.24996   49.00000  74.2%  51.9  639s
 1524218 1077092   75.83333  125  216  190.24996   49.00000  74.2%  51.9  642s
 1535778 1083341   49.50000  168  201  190.24996   49.00000  74.2%  52.1  645s
 1555683 1100069   79.16667  200  135  190.24996   49.00000  74.2%  52.2  651s
 1567375 1103722   49.66667  145  233  190.24996   49.00000  74.2%  52.2  655s
 1585487 1119937   53.50000  135  180  190.24996   49.00000  74.2%  52.2  661s
 1605961 1131668   68.83429  168  197  190.24996   49.00000  74.2%  52.3  665s
 1626356 1142703   70.33333  131  198  190.24996   49.00000  74.2%  52.3  670s
 1645416 1159063   49.16667  134  197  190.24996   49.00000  74.2%  52.3  676s
 1665672 1170775  174.00000  189   93  190.24996   49.00000  74.2%  52.4  680s
 1670900 1170804 infeasible  136       190.24996   49.00000  74.2%  52.4  685s
 1674606 1177541   73.00000  139  187  190.24996   49.00000  74.2%  52.4  690s
 1688495 1182125   98.83372  231  103  190.24996   49.00000  74.2%  52.4  701s
 1691585 1184435   49.33333  117  186  190.24996   49.00000  74.2%  52.4  706s
 1701996 1196672  123.00000  246   57  190.24996   49.00000  74.2%  52.5  711s
 1716819 1204763  160.16667  140  141  190.24996   49.00000  74.2%  52.6  715s
 1730293 1212972     cutoff  224       190.24996   49.00000  74.2%  52.5  720s
 1742091 1222054   84.33333  148  158  190.24996   49.00000  74.2%  52.5  725s
 1764172 1235105 infeasible  194       190.24996   49.00000  74.2%  52.5  731s
 1782420 1243710   51.00000  182  161  190.24996   49.00000  74.2%  52.5  736s
 1784104 1249029   51.33526  205  142  190.24996   49.00000  74.2%  52.5  740s
 1789745 1249054  140.33333  227  111  190.24996   49.00000  74.2%  52.6  753s
 1789784 1252414  140.16667  227  104  190.24996   49.00000  74.2%  52.6  755s
 1799846 1260218   52.44522  205  138  190.24996   49.00000  74.2%  52.7  761s
 1806012 1282510   57.66667  195  130  190.24996   49.00000  74.2%  52.7  771s
 1844481 1291210   60.25483  150  211  190.24996   49.00000  74.2%  52.8  775s
 1856490 1295553   87.16667  221  122  190.24996   49.00000  74.2%  52.8  781s
 1868130 1302898   84.04762  187  133  190.24996   49.00000  74.2%  52.8  787s
 1868681 1325179   84.62698  188  128  190.24996   49.00000  74.2%  52.8  794s
 1900713 1329832  160.52418  148  125  190.24996   49.00000  74.2%  52.9  796s
 1916877 1339839   62.63258  197  173  190.24996   49.00000  74.2%  52.9  800s
 1922505 1339865     cutoff  244       190.24996   49.00000  74.2%  53.0  806s
 1931364 1352137   52.16676  165  171  190.24996   49.00000  74.2%  53.0  810s
 1948350 1357313  186.85830  180  130  190.24996   49.00000  74.2%  53.0  822s
 1948385 1359039 infeasible  181       190.24996   49.00000  74.2%  53.0  826s
 1957776 1366443   50.83333  159  156  190.24996   49.00000  74.2%  53.0  831s
 1966786 1375483   49.66667  142  215  190.24996   49.00000  74.2%  53.0  837s
 1985273 1382507   49.00019  145  203  190.24996   49.00000  74.2%  53.0  840s
 2002485 1391612 infeasible  167       190.24996   49.00000  74.2%  53.1  845s
 2011680 1398445   56.66667  202  162  190.24996   49.00000  74.2%  53.2  850s
 2011715 1399180  140.18961  203  150  190.24996   49.00000  74.2%  53.2  855s
 2020143 1407598  165.00383  266   62  190.24996   49.00000  74.2%  53.2  860s
 2043186 1420384   52.88987  199  148  190.24996   49.00000  74.2%  53.1  865s
 2056978 1432872   61.28083  166  145  190.24996   49.00000  74.2%  53.2  870s
 2079277 1445376   60.16667  150  182  190.24996   49.00000  74.2%  53.2  875s
 2097910 1454736   50.68441  157  195  190.24996   49.00000  74.2%  53.2  882s
 2110273 1465304  175.50019  167  146  190.24996   49.00000  74.2%  53.2  886s
 2121380 1469125   49.00000   89  224  190.24996   49.00000  74.2%  53.2  890s
 2122271 1489695   49.66667  110  189  190.24996   49.00000  74.2%  53.2  897s
 2156277 1496167 infeasible  196       190.24996   49.00000  74.2%  53.2  900s
 2169105 1499207   49.00000  102  186  190.24996   49.00000  74.2%  53.2  909s
 2169140 1501388   49.00000  102  185  190.24996   49.00000  74.2%  53.2  911s
 2176030 1506804   52.33333  175  117  190.24996   49.00000  74.2%  53.2  917s
 2185729 1516847   61.00000  158  180  190.24996   49.00000  74.2%  53.1  921s
 2201645 1520199   54.66667  139  189  190.24996   49.00000  74.2%  53.1  929s
 2201681 1523328 infeasible  140       190.24996   49.00000  74.2%  53.1  930s
 2215415 1529746   49.50000  140  198  190.24996   49.00000  74.2%  53.1  941s
 2215457 1551981   49.50000  141  194  190.24996   49.00000  74.2%  53.1  949s
 2247489 1552099   49.00000  107  239  190.24996   49.00000  74.2%  53.2  952s
 2247762 1574292   49.33333  113  241  190.24996   49.00000  74.2%  53.2  958s
 2279794 1579116  142.00000  171  137  190.24996   49.00000  74.2%  53.3  961s
 2294290 1583657  181.38889  164  168  190.24996   49.00000  74.2%  53.2  967s
 2302431 1592927     cutoff  183       190.24996   49.00000  74.2%  53.2  970s
 2308440 1592958   49.00000   99  199  190.24996   49.00000  74.2%  53.2  980s
 2312790 1596427   49.83354  172  197  190.24996   49.00000  74.2%  53.2  990s
 2312830 1619011   49.83333  173  204  190.24996   49.00000  74.2%  53.2 1007s
 2344862 1623789   50.00000   98  176  190.24996   49.00000  74.2%  53.3 1010s
 2363100 1631342   49.16667  140  172  190.24996   49.00000  74.2%  53.3 1016s
 2370256 1641091   81.00000  204  129  190.24996   49.00000  74.2%  53.3 1020s
 2388659 1652925   58.16668  172  136  190.24996   49.00000  74.2%  53.3 1025s
 2402279 1662812   49.00000  124  180  190.24996   49.00000  74.2%  53.3 1030s
 2415600 1668807  107.50000  124  148  190.24996   49.00000  74.2%  53.3 1037s
 2415645 1670663  107.50000  125  148  190.24996   49.00000  74.2%  53.3 1040s
 2433663 1685125   49.00000  136  191  190.24996   49.00000  74.2%  53.3 1045s
 2439190 1685153   49.00000   81  248  190.24996   49.00000  74.2%  53.3 1050s
 2439226 1706857   49.00000   82  248  190.24996   49.00000  74.2%  53.3 1058s
 2471258 1712145   49.00000  161  216  190.24996   49.00000  74.2%  53.3 1060s
 2494561 1725537   49.00000  107  177  190.24996   49.00000  74.2%  53.3 1065s
 2511165 1736320   50.50000  150  218  190.24996   49.00000  74.2%  53.3 1071s
 2513690 1736342   53.33468  168  180  190.24996   49.00000  74.2%  53.3 1079s
 2513731 1742578   60.08937  168  174  190.24996   49.00000  74.2%  53.3 1081s
 2522430 1742607   57.50000  224  136  190.24996   49.00000  74.2%  53.3 1093s
 2522465 1744328   65.20935  225  141  190.24996   49.00000  74.2%  53.3 1096s
 2537543 1759851   70.26099  135  194  190.24996   49.00000  74.2%  53.3 1101s
 2559170 1768142 infeasible  195       190.24996   49.00000  74.2%  53.3 1110s
 2570484 1781179 infeasible  169       190.24996   49.00000  74.2%  53.3 1116s
 2587421 1789127   57.00016  205  134  190.24996   49.00000  74.2%  53.4 1120s
 2610236 1804064  102.44445  225   96  190.24996   49.00000  74.2%  53.4 1125s
 2628246 1815888 infeasible  182       190.24996   49.00000  74.2%  53.4 1130s
 2650417 1829717   49.00000  110  197  190.24996   49.00000  74.2%  53.4 1135s
 2663486 1841811  161.33333  198  101  190.24996   49.00000  74.2%  53.4 1140s
 2678372 1847595   50.00000  120  208  190.24996   49.00000  74.2%  53.4 1145s
 2694806 1860979 infeasible  158       190.24996   49.00000  74.2%  53.4 1150s
 2718065 1870382   49.00183  138  226  190.24996   49.00000  74.2%  53.3 1158s
 2719026 1874281   51.16667  165  179  190.24996   49.00000  74.2%  53.3 1160s
 2738202 1885861   51.16667  128  200  190.24996   49.00000  74.2%  53.3 1166s
 2744445 1886536   50.33333  156  173  190.24996   49.00000  74.2%  53.3 1172s
 2745335 1887406  109.83439  183  120  190.24996   49.00000  74.2%  53.3 1175s
 2751038 1893727     cutoff  151       190.24996   49.00000  74.2%  53.3 1180s
 2774599 1906849   49.33333  114  212  190.24996   49.00000  74.2%  53.3 1185s
 2786533 1918657   51.33333  138  192  190.24996   49.00000  74.2%  53.3 1190s
 2814072 1931788   49.83333  115  222  190.24996   49.00000  74.2%  53.2 1195s
 2826665 1937325   49.00000  110  197  190.24996   49.00000  74.2%  53.3 1200s

Cutting planes:
  Learned: 263
  Gomory: 9
  Cover: 231
  Implied bound: 205
  Clique: 20
  MIR: 764
  StrongCG: 2
  Flow cover: 1490
  GUB cover: 5
  RLT: 19
  Relax-and-lift: 592

Cleanup yields a better solution

Explored 2826703 nodes (150557126 simplex iterations) in 1200.02 seconds
Thread count was 32 (of 64 available processors)

Solution count 10: 190.25 190.25 190.333 ... 190.75

Time limit reached
Best objective 1.902271423072e+02, best bound 4.900000000000e+01, gap 74.2413%
