
Gurobi 9.1.2 (linux64) logging started Thu Mar 31 01:15:26 2022

Changed value of parameter LogFile to germany_v-Kempten.log
   Prev:   Default: 
Changed value of parameter MIPFocus to 1
   Prev: 0  Min: 0  Max: 3  Default: 0
Changed value of parameter TimeLimit to 600.0
   Prev: inf  Min: 0.0  Max: inf  Default: inf
Warning: variables 0 and 276 have the same name "X[Koeln,Aachen]"
Warning: linear constraint 306 and linear constraint 307 have the same name "weight-constr-t5"
Warning: to let Gurobi read it back, use rlp format
Gurobi Optimizer version 9.1.2 build v9.1.2rc0 (linux64)
Thread count: 32 physical cores, 64 logical processors, using up to 32 threads
Optimize a model with 1987 rows, 1656 columns and 5958 nonzeros
Model fingerprint: 0xe62da767
Variable types: 300 continuous, 1356 integer (1356 binary)
Coefficient statistics:
  Matrix range     [1e+00, 1e+06]
  Objective range  [2e-01, 2e-01]
  Bounds range     [1e+00, 5e+05]
  RHS range        [1e+00, 1e+06]
Presolve removed 66 rows and 72 columns
Presolve time: 0.01s
Presolved: 1921 rows, 1584 columns, 10854 nonzeros
Variable types: 294 continuous, 1290 integer (1290 binary)

Root relaxation: objective 4.900000e+01, 205 iterations, 0.00 seconds

    Nodes    |    Current Node    |     Objective Bounds      |     Work
 Expl Unexpl |  Obj  Depth IntInf | Incumbent    BestBd   Gap | It/Node Time

     0     0   49.00000    0   50          -   49.00000      -     -    0s
     0     0   49.00000    0   52          -   49.00000      -     -    0s
     0     0   49.00000    0   52          -   49.00000      -     -    0s
     0     0   49.00000    0   52          -   49.00000      -     -    0s
H    0     0                    10318.666667   49.00000   100%     -    0s
H    0     0                    4010.1666664   49.00000  98.8%     -    0s
H    0     0                    4008.3333329   49.00000  98.8%     -    0s
H    0     0                    4007.6666663   49.00000  98.8%     -    0s
H    0     2                    2777.1999995   49.00000  98.2%     -    0s
     0     2   49.00000    0   48 2777.20000   49.00000  98.2%     -    0s
H    1     4                    1555.0666663   49.00000  96.8%   598    0s
H    3     8                    1554.8999997   49.00000  96.8%   206    0s
H    4     8                    1530.9999994   49.00000  96.8%   163    0s
H    8    14                    1525.1666289   49.00000  96.8%  86.2    0s
H    9    14                    1392.6666663   49.00000  96.5%  79.4    0s
H   29    56                    1376.4999996   49.00000  96.4%  30.6    0s
H   47    56                    1220.6666663   49.00000  96.0%  22.7    0s
H   89   120                    1075.9999998   49.00000  95.4%  15.9    2s
H   91   120                    1060.1666665   49.00000  95.4%  15.7    2s
H   94   120                     902.0000000   49.00000  94.6%  15.4    2s
H   97   120                     830.1666667   49.00000  94.1%  15.1    2s
H  153   184                     802.5000000   49.00000  93.9%  11.8    4s
H  154   184                     802.1666667   49.00000  93.9%  11.9    4s
H  167   184                     761.1666667   49.00000  93.6%  11.6    4s
H  185   216                     759.6666667   49.00000  93.5%  11.4    5s
H  186   216                     758.8333333   49.00000  93.5%  11.3    5s
H  188   216                     758.5000000   49.00000  93.5%  11.2    5s
H  190   216                     758.1666666   49.00000  93.5%  11.2    5s
H  200   216                     757.3333333   49.00000  93.5%  11.0    5s
H  203   216                     757.1666667   49.00000  93.5%  10.9    5s
H  204   216                     756.5000000   49.00000  93.5%  10.9    5s
H  215   216                     756.3333333   49.00000  93.5%  10.7    5s
H  281   312                     756.1666667   49.00000  93.5%  10.3    6s
H  282   312                     756.0000000   49.00000  93.5%  10.3    6s
H  297   312                     755.8333333   49.00000  93.5%  10.2    6s
H  310   312                     755.6666667   49.00000  93.5%  10.0    6s
H  314   349                     755.5000000   49.00000  93.5%   9.9    6s
H  315   349                     753.6666667   49.00000  93.5%   9.9    6s
H  336   349                     695.1666667   49.00000  93.0%   9.6    6s
H  346   349                     690.1666666   49.00000  92.9%   9.5    6s
H  350   381                     689.5000000   49.00000  92.9%   9.5    7s
H  355   381                     689.4999999   49.00000  92.9%   9.4    7s
H  356   381                     689.3333334   49.00000  92.9%   9.5    7s
H  377   381                     689.3333333   49.00000  92.9%   9.7    7s
H  382   413                     686.8333333   49.00000  92.9%   9.6    8s
H  386   413                     643.6666667   49.00000  92.4%   9.6    8s
H  414   445                     643.3333333   49.00000  92.4%   9.4    9s
H  420   445                     643.1666667   49.00000  92.4%   9.4    9s
H  436   445                     642.6666667   49.00000  92.4%   9.4    9s
  1182  1208   50.16667   40   43  642.66667   49.00000  92.4%   7.6   10s
H 1199  1208                     642.5000000   49.00000  92.4%   7.6   10s
H 3080  3085                     642.3333333   49.00000  92.4%   6.4   10s
H 3124  3085                     606.6666667   49.00000  91.9%   6.5   10s
H 3200  3676                     606.3333333   49.00000  91.9%   6.4   10s
H 3663  3676                     606.1666667   49.00000  91.9%   6.4   10s
H 5324  5385                     606.0000000   49.00000  91.9%   6.2   11s
H 5674  5414                     604.6666667   49.00000  91.9%   6.2   12s
H 5675  5414                     603.6666667   49.00000  91.9%   6.2   12s
H 7700  7175                     603.6666658   49.00000  91.9%   6.1   13s
H10207  9404                     603.6601210   49.00000  91.9%   6.0   14s
 10228 11999 infeasible  174       603.66012   49.00000  91.9%   6.0   15s
H10574 11999                     603.6513930   49.00000  91.9%   6.0   15s
H13511 13621                     603.6339333   49.00000  91.9%   5.8   16s
 15739 13782   49.00000   20  215  603.63393   49.00000  91.9%   7.0   20s
H20789 16295                     603.5000000   49.00000  91.9%   8.2   24s
 21075 16230   53.66667   99  156  603.50000   49.00000  91.9%   8.3   25s
H21077 15581                     602.6666667   49.00000  91.9%   8.3   25s
H21091 14961                     602.5000000   49.00000  91.9%   8.3   25s
 28250 21166   50.00000   40  182  602.50000   49.00000  91.9%   9.6   30s
H31965 20468                     602.4999999   49.00000  91.9%  10.1   31s
H32519 19728                     602.4999996   49.00000  91.9%  10.1   31s
H35750 27618                     602.4999987   49.00000  91.9%  10.5   33s
H45565 27565                     602.4999621   49.00000  91.9%  11.6   34s
 48687 27597   58.83333   97  123  602.49996   49.00000  91.9%  11.8   35s
H48715 27597                     602.4999617   49.00000  91.9%  11.8   35s
 53144 31153   49.33338   97  213  602.49996   49.00000  91.9%  12.0   40s
H55900 36061                     599.1666667   49.00000  91.8%  12.3   42s
H59587 36091                     598.6666667   49.00000  91.8%  12.7   43s
H59588 36091                     598.5000000   49.00000  91.8%  12.7   43s
H59594 36091                     598.3333333   49.00000  91.8%  12.7   43s
H59601 36091                     598.1666667   49.00000  91.8%  12.7   43s
 64092 40279   58.50000  131  192  598.16667   49.00000  91.8%  13.1   46s
H64105 40279                     598.1666666   49.00000  91.8%  13.1   46s
H64727 40279                     597.7500000   49.00000  91.8%  13.1   46s
 65219 61933   58.50000  132  192  597.75000   49.00000  91.8%  13.2   51s
H65300 61933                     597.6666667   49.00000  91.8%  13.2   51s
H84231 61929                     594.2500000   49.00000  91.8%  13.8   51s
H93200 67431                     591.1666667   49.00000  91.7%  14.3   53s
H93703 67409                     590.0000000   49.00000  91.7%  14.3   53s
H94982 67394                     586.9166667   49.00000  91.7%  14.3   53s
H96436 67390                     586.6666667   49.00000  91.6%  14.3   53s
H96939 67390                     586.5000000   49.00000  91.6%  14.4   53s
H99070 67389                     586.4166667   49.00000  91.6%  14.5   53s
H100229 69450                     586.0833333   49.00000  91.6%  14.5   55s
H100400 69260                     576.5833333   49.00000  91.5%  14.5   55s
H100474 69227                     575.8333333   49.00000  91.5%  14.5   55s
H102169 69216                     575.3333333   49.00000  91.5%  14.6   55s
H103397 72291                     575.1666667   49.00000  91.5%  14.6   57s
H103493 72291                     575.0000000   49.00000  91.5%  14.6   57s
H104076 72289                     574.7500000   49.00000  91.5%  14.7   57s
H105375 72287                     574.6666667   49.00000  91.5%  14.7   57s
H106935 72286                     574.5000000   49.00000  91.5%  14.8   57s
 107227 77830   52.16667   89  167  574.50000   49.00000  91.5%  14.8   60s
H108046 77830                     574.4999715   49.00000  91.5%  14.8   60s
H110516 77827                     574.3333333   49.00000  91.5%  15.0   60s
H114500 81461                     574.1666667   49.00000  91.5%  15.2   62s
H114837 81455                     574.0000000   49.00000  91.5%  15.2   62s
H114943 81455                     573.9999997   49.00000  91.5%  15.2   62s
 122866 89285   49.33333  104  199  574.00000   49.00000  91.5%  15.4   67s
 134692 96811   55.50412  119  185  574.00000   49.00000  91.5%  15.5   71s
 144026 106378     cutoff  107       574.00000   49.00000  91.5%  15.9   75s
H146226 106378                     573.9999831   49.00000  91.5%  15.9   75s
H152201 109466                     573.9999830   49.00000  91.5%  16.1   78s
H154632 109466                     573.9999828   49.00000  91.5%  16.3   78s
 156090 113812  217.83333  110  195  573.99998   49.00000  91.5%  16.3   81s
H159040 113812                     573.9999827   49.00000  91.5%  16.4   81s
H159506 113812                     573.9999798   49.00000  91.5%  16.4   81s
H161871 122623                     573.9999796   49.00000  91.5%  16.5   84s
 172711 125948   54.66667  134  184  573.99998   49.00000  91.5%  16.6   86s
H182724 130795                     573.9999796   49.00000  91.5%  16.6   88s
 183567 135560   58.83333  100  198  573.99998   49.00000  91.5%  16.6   90s
H191927 137089                     573.9999784   49.00000  91.5%  16.7   92s
H196389 141633                     573.9999783   49.00000  91.5%  16.8   94s
 198994 145537   49.00000   39  205  573.99998   49.00000  91.5%  16.8   97s
H199615 145537                     573.9999782   49.00000  91.5%  16.8   97s
 204469 149388   52.16667   46  191  573.99998   49.00000  91.5%  16.8  100s
H212893 152633                     573.9999340   49.00000  91.5%  16.8  102s
H213075 152593                     572.6666667   49.00000  91.4%  16.8  102s
H214963 158789                     568.6666667   49.00000  91.4%  16.8  104s
 222535 158816   49.50000   93  206  568.66667   49.00000  91.4%  16.9  107s
H222800 162576                     568.6666658   49.00000  91.4%  16.9  109s
 227618 165096   55.66667   87  215  568.66667   49.00000  91.4%  16.9  111s
H227703 165096                     568.6666643   49.00000  91.4%  16.9  111s
H228281 165096                     568.6666604   49.00000  91.4%  16.9  111s
H230900 170246                     568.6666603   49.00000  91.4%  17.0  113s
H234570 170246                     568.6666602   49.00000  91.4%  17.0  113s
 237468 174097   67.83333  192  125  568.66666   49.00000  91.4%  17.1  115s
H240260 174097                     568.6666586   49.00000  91.4%  17.1  115s
 246677 183553 infeasible  229       568.66666   49.00000  91.4%  17.2  120s
H258702 186827                     568.6666358   49.00000  91.4%  17.2  123s
 260061 191347   49.00000   94  210  568.66664   49.00000  91.4%  17.3  125s
H260100 191347                     568.6666356   49.00000  91.4%  17.3  125s
H260919 191347                     568.6666110   49.00000  91.4%  17.3  125s
 269119 200603   56.66667   85  192  568.66661   49.00000  91.4%  17.5  131s
 280856 210424  422.00003  145   96  568.66661   49.00000  91.4%  17.7  136s
H281100 210424                     568.6666109   49.00000  91.4%  17.7  136s
H289971 212194                     568.6666108   49.00000  91.4%  17.8  138s
 292515 218873   52.66667  115  188  568.66661   49.00000  91.4%  17.8  141s
 304229 226865   51.00000  117  180  568.66661   49.00000  91.4%  17.9  145s
 317748 236716   68.83333  132  153  568.66661   49.00000  91.4%  17.9  150s
 336227 251037   68.33333  130  181  568.66661   49.00000  91.4%  18.2  156s
 347792 259964 infeasible  194       568.66661   49.00000  91.4%  18.2  161s
H357802 265085                     568.6660697   49.00000  91.4%  18.2  164s
H363636 268742                     568.6652718   49.00000  91.4%  18.2  166s
H368128 272400                     568.6640090   49.00000  91.4%  18.3  169s
 372874 277418   51.16667  198  156  568.66401   49.00000  91.4%  18.3  171s
 386237 286586  180.50000  164  141  568.66401   49.00000  91.4%  18.3  175s
 400820 297424   68.83375  122  178  568.66401   49.00000  91.4%  18.4  181s
 412840 306392   51.83333  175  168  568.66401   49.00000  91.4%  18.5  186s
 421778 312502  357.50002  208  121  568.66401   49.00000  91.4%  18.5  190s
 438288 323999   52.66667  124  201  568.66401   49.00000  91.4%  18.6  197s
 450223 333050   49.00000  160  211  568.66401   49.00000  91.4%  18.7  201s
 461538 339013   56.16667  147  159  568.66401   49.00000  91.4%  18.7  205s
 469896 346669   49.00000  109  208  568.66401   49.00000  91.4%  18.8  210s
 479835 355819   50.16667  152  213  568.66401   49.00000  91.4%  18.9  216s
 489075 361993   53.16702  194  158  568.66401   49.00000  91.4%  19.0  221s
 499361 369959   55.00040  166  165  568.66401   49.00000  91.4%  19.1  226s
 510439 377739  470.83333  159  126  568.66401   49.00000  91.4%  19.1  230s
 519984 385348   49.91667  187  176  568.66401   49.00000  91.4%  19.2  235s
 530050 393258   75.66682  253  164  568.66401   49.00000  91.4%  19.3  241s
 539055 398762   49.66667  118  167  568.66401   49.00000  91.4%  19.4  247s
 542478 408493   61.50000  205  133  568.66401   49.00000  91.4%  19.4  252s
 561023 419182   50.16673  163  186  568.66401   49.00000  91.4%  19.6  257s
 575877 427018   53.50000  128  181  568.66401   49.00000  91.4%  19.7  261s
 587883 433539   85.83333  132  134  568.66401   49.00000  91.4%  19.7  266s
 595789 439941  433.83333  206  126  568.66401   49.00000  91.4%  19.7  271s
 604048 448742  131.50000  130  187  568.66401   49.00000  91.4%  19.7  276s
 614606 456123   52.83333  194  185  568.66401   49.00000  91.4%  19.8  280s
 628009 463174  559.83342  167  190  568.66401   49.00000  91.4%  19.8  285s
 640474 472285  150.00162  204  117  568.66401   49.00000  91.4%  19.8  291s
 651625 478853  442.50000  143  105  568.66401   49.00000  91.4%  19.8  296s
 661052 488371  168.16667  180  110  568.66401   49.00000  91.4%  19.9  302s
 672252 497594   53.83333  208  163  568.66401   49.00000  91.4%  19.9  306s
H686027 501936                     568.6640088   49.00000  91.4%  19.9  309s
 686654 504305   55.00000  169  170  568.66401   49.00000  91.4%  19.9  311s
 694725 512880   52.50030  154  152  568.66401   49.00000  91.4%  20.0  317s
 706571 520375   49.33333  113  194  568.66401   49.00000  91.4%  20.0  322s
 711955 525637   73.66667  198  155  568.66401   49.00000  91.4%  20.0  325s
 724829 532777  182.66732  156  142  568.66401   49.00000  91.4%  20.1  330s
 734413 541985   81.66667  106  188  568.66401   49.00000  91.4%  20.1  336s
 747164 547450  437.83333  225  102  568.66401   49.00000  91.4%  20.1  340s
 755476 555424  557.00000  165  173  568.66401   49.00000  91.4%  20.2  345s
 767377 562061   97.66669  191  161  568.66401   49.00000  91.4%  20.2  351s
 779842 570734  428.38901  214  132  568.66401   49.00000  91.4%  20.2  357s
 790475 581473  140.33333  152  131  568.66401   49.00000  91.4%  20.3  362s
 796498 585063  158.50000  195  114  568.66401   49.00000  91.4%  20.3  365s
 813118 597940  170.38891  221   80  568.66401   49.00000  91.4%  20.3  372s
 819528 603154   49.66667   93  209  568.66401   49.00000  91.4%  20.3  375s
 830764 609553   87.50005  132  197  568.66401   49.00000  91.4%  20.4  381s
 844295 619411  168.33333  151  148  568.66401   49.00000  91.4%  20.4  387s
 850206 624014   49.00000  111  193  568.66401   49.00000  91.4%  20.4  390s
 863475 631662   56.58408  217  141  568.66401   49.00000  91.4%  20.4  395s
 875508 643140   58.16672  150  164  568.66401   49.00000  91.4%  20.4  401s
 890012 652713   51.00000  133  197  568.66401   49.00000  91.4%  20.5  406s
 903646 660020 infeasible  238       568.66401   49.00000  91.4%  20.5  411s
 912516 665922   65.16667  269  127  568.66401   49.00000  91.4%  20.5  416s
 922065 669897  143.41972  219  155  568.66401   49.00000  91.4%  20.5  421s
 922155 691610  143.83638  220  148  568.66401   49.00000  91.4%  20.5  431s
 960216 701677   85.16734  155  183  568.66401   49.00000  91.4%  20.6  436s
 970571 707368 infeasible  114       568.66401   49.00000  91.4%  20.7  440s
 982839 715365 infeasible  197       568.66401   49.00000  91.4%  20.8  445s
 999433 728257   49.33334  123  200  568.66401   49.00000  91.4%  20.8  451s
 1008278 735288  131.66669  236  159  568.66401   49.00000  91.4%  20.8  455s
 1018227 743378  141.83341  269  107  568.66401   49.00000  91.4%  20.9  460s
 1032809 750858   49.00000  150  199  568.66401   49.00000  91.4%  20.9  466s
 1041895 758693   87.83333  175  175  568.66401   49.00000  91.4%  20.9  471s
 1052562 767414  138.66667  158  145  568.66401   49.00000  91.4%  21.0  476s
 1062727 775804   49.00000  142  185  568.66401   49.00000  91.4%  21.0  481s
 1075508 784864  103.83333  236  102  568.66401   49.00000  91.4%  21.1  485s
 1086597 792889  430.66667  214  132  568.66401   49.00000  91.4%  21.1  491s
 1100448 801958   57.50075  193  154  568.66401   49.00000  91.4%  21.1  496s
 1108241 808948 infeasible  171       568.66401   49.00000  91.4%  21.2  502s
 1121371 814809   49.00000  120  210  568.66401   49.00000  91.4%  21.2  507s
 1125438 820965   52.66667  174  179  568.66401   49.00000  91.4%  21.2  510s
 1144606 831717   49.00000  148  177  568.66401   49.00000  91.4%  21.2  517s
 1157343 838420  137.50000  193  146  568.66401   49.00000  91.4%  21.2  521s
 1170192 844989   70.33333  149  189  568.66401   49.00000  91.4%  21.2  526s
 1177455 852769   67.66667  167  182  568.66401   49.00000  91.4%  21.2  531s
 1190446 859302     cutoff  203       568.66401   49.00000  91.4%  21.2  536s
 1199642 867120   58.50009  168  183  568.66401   49.00000  91.4%  21.2  541s
 1210190 872154   61.66737  129  186  568.66401   49.00000  91.4%  21.2  546s
 1220321 879694   66.66677  200  189  568.66401   49.00000  91.4%  21.2  551s
 1228104 886437   50.50000  201  171  568.66401   49.00000  91.4%  21.3  556s
 1237802 896311   55.33333  182  148  568.66401   49.00000  91.4%  21.3  561s
 1253819 903867   59.66667  127  219  568.66401   49.00000  91.4%  21.3  566s
 1262753 911544   56.33333  144  195  568.66401   49.00000  91.4%  21.3  570s
 1273063 918325   51.66667  144  177  568.66401   49.00000  91.4%  21.3  575s
 1283840 925219   65.83333  196  145  568.66401   49.00000  91.4%  21.3  580s
 1297004 936469   54.91667  200  171  568.66401   49.00000  91.4%  21.4  585s
 1309974 941469  327.16667  233  128  568.66401   49.00000  91.4%  21.4  590s
 1312412 952349   75.50030  131  157  568.66401   49.00000  91.4%  21.4  595s
 1336921 958615   81.16667  153  136  568.66401   49.00000  91.4%  21.5  600s

Cutting planes:
  Learned: 209
  Gomory: 5
  Cover: 136
  Implied bound: 128
  Clique: 16
  MIR: 263
  StrongCG: 1
  Flow cover: 880
  GUB cover: 3
  RLT: 1
  Relax-and-lift: 174

Cleanup yields a better solution

Explored 1337137 nodes (28702917 simplex iterations) in 600.01 seconds
Thread count was 32 (of 64 available processors)

Solution count 10: 568.664 568.667 568.667 ... 572.667

Time limit reached
Best objective 5.685278272055e+02, best bound 4.900000000000e+01, gap 91.3812%

Gurobi 9.1.2 (linux64) logging started Mon Apr  4 18:21:13 2022

Changed value of parameter LogFile to germany_v-Kempten.log
   Prev:   Default: 
Changed value of parameter MIPFocus to 1
   Prev: 0  Min: 0  Max: 3  Default: 0
Changed value of parameter TimeLimit to 1200.0
   Prev: inf  Min: 0.0  Max: inf  Default: inf
Warning: variables 0 and 276 have the same name "X[Muenchen,Passau]"
Warning: linear constraint 306 and linear constraint 307 have the same name "weight-constr-t5"
Warning: to let Gurobi read it back, use rlp format
Gurobi Optimizer version 9.1.2 build v9.1.2rc0 (linux64)
Thread count: 32 physical cores, 64 logical processors, using up to 32 threads
Optimize a model with 1987 rows, 1656 columns and 5958 nonzeros
Model fingerprint: 0xdfd2f376
Variable types: 300 continuous, 1356 integer (1356 binary)
Coefficient statistics:
  Matrix range     [1e+00, 1e+06]
  Objective range  [2e-01, 2e-01]
  Bounds range     [1e+00, 5e+05]
  RHS range        [1e+00, 1e+06]
Presolve removed 66 rows and 72 columns
Presolve time: 0.01s
Presolved: 1921 rows, 1584 columns, 10854 nonzeros
Variable types: 294 continuous, 1290 integer (1290 binary)

Root relaxation: objective 4.900000e+01, 204 iterations, 0.00 seconds

    Nodes    |    Current Node    |     Objective Bounds      |     Work
 Expl Unexpl |  Obj  Depth IntInf | Incumbent    BestBd   Gap | It/Node Time

     0     0   49.00000    0   75          -   49.00000      -     -    0s
     0     0   49.00000    0   73          -   49.00000      -     -    0s
     0     0   49.00000    0   59          -   49.00000      -     -    0s
     0     0   49.00000    0   47          -   49.00000      -     -    0s
     0     0   49.00000    0   48          -   49.00000      -     -    0s
     0     0   49.00000    0   42          -   49.00000      -     -    0s
     0     0   49.00000    0   42          -   49.00000      -     -    0s
H    0     0                    2196025.6667   49.00000   100%     -    0s
     0     0   49.00000    0   49 2196025.67   49.00000   100%     -    0s
H    0     0                    4285.5833325   49.00000  98.9%     -    0s
H    0     0                    4281.6666667   49.00000  98.9%     -    0s
H    0     2                    4280.4999999   49.00000  98.9%     -    1s
     0     2   49.00000    0   49 4280.50000   49.00000  98.9%     -    1s
H    1     4                    4280.4999992   49.00000  98.9%   565    1s
H   10    16                    4232.4999992   49.00000  98.8%  62.4    1s
H   31    64                    4232.3333325   49.00000  98.8%  24.3    1s
H   32    64                    4218.5000000   49.00000  98.8%  23.7    1s
H   34    64                    2200.5000000   49.00000  97.8%  22.5    1s
H   35    64                    2183.8333329   49.00000  97.8%  21.9    1s
H   95   128                    1138.0000000   49.00000  95.7%  12.3    3s
H  101   128                    1087.8333333   49.00000  95.5%  11.7    3s
H  123   128                    1087.0000000   49.00000  95.5%  11.2    3s
H  127   160                    1085.8333333   49.00000  95.5%  11.0    4s
H  128   160                    1083.3333333   49.00000  95.5%  10.9    4s
H  132   160                    1082.8333333   49.00000  95.5%  10.7    4s
H  139   160                    1082.6666667   49.00000  95.5%  10.4    4s
   159   192   50.00000    9   48 1082.66667   49.00000  95.5%  10.1    7s
H  160   192                     574.8333333   49.00000  91.5%  10.1    7s
H  255   288                     574.6666667   49.00000  91.5%   7.9    8s
  2247  4666   60.00000   48   38  574.66667   49.00000  91.5%   5.7   10s
H 2321  4666                     574.6666665   49.00000  91.5%   5.7   10s
H 4888  4698                     574.5000000   49.00000  91.5%   5.5   12s
H 5101  7150                     574.4999999   49.00000  91.5%   5.5   13s
H 7124  7150                     574.4999999   49.00000  91.5%   5.3   13s
H 7603  7182                     574.4999996   49.00000  91.5%   5.3   14s
H 7613  7182                     574.4999996   49.00000  91.5%   5.3   14s
  7643 10000  106.83333  167   30  574.50000   49.00000  91.5%   5.3   15s
H 8347 10000                     574.4587086   49.00000  91.5%   5.3   15s
 14600 13398   49.00000   17  180  574.45871   49.00000  91.5%   6.5   20s
 14664 13440   49.00000   18  174  574.45871   49.00000  91.5%   6.5   25s
 20769 20235   57.16698  117  168  574.45871   49.00000  91.5%   7.9   30s
H31193 21655                     574.3333333   49.00000  91.5%   9.9   32s
H33059 26768                     574.3333333   49.00000  91.5%  10.4   34s
 39408 29788   66.16667   92  172  574.33333   49.00000  91.5%  11.4   35s
 45785 27694   54.83333  178  154  574.33333   49.00000  91.5%  11.8   41s
H45809 27086                     574.3333332   49.00000  91.5%  11.8   41s
 53781 35006   75.83333   83  160  574.33333   49.00000  91.5%  12.5   45s
H56337 35006                     574.3333332   49.00000  91.5%  12.7   45s
H60974 40915                     574.3333331   49.00000  91.5%  13.3   47s
 73185 53342   65.66667  164  178  574.33333   49.00000  91.5%  14.1   51s
 91013 62919   57.50000  164  142  574.33333   49.00000  91.5%  15.5   55s
H91032 62919                     574.3333328   49.00000  91.5%  15.5   55s
 97683 68238   52.50007  166  159  574.33333   49.00000  91.5%  15.6   67s
H97684 68238                     574.3333328   49.00000  91.5%  15.6   67s
H97685 68238                     574.3333327   49.00000  91.5%  15.6   67s
H97715 68238                     574.3332124   49.00000  91.5%  15.6   67s
 97722 94368   52.50017  167  157  574.33321   49.00000  91.5%  15.6   72s
 129754 104397   75.61133  207  121  574.33321   49.00000  91.5%  17.3   75s
H143356 104423                     574.3331160   49.00000  91.5%  17.8   77s
 145404 111568   49.66667   87  191  574.33312   49.00000  91.5%  17.9   81s
 158609 123433   49.00000   87  200  574.33312   49.00000  91.5%  18.3   85s
 174021 134897   49.50000  123  202  574.33312   49.00000  91.5%  18.4   90s
 189934 140839   49.00000   60  201  574.33312   49.00000  91.5%  18.6  103s
 189969 166730   49.00000   61  201  574.33312   49.00000  91.5%  18.6  110s
 229232 177051   64.16682  159  140  574.33312   49.00000  91.5%  19.7  116s
 245321 187076   56.66667  179  135  574.33312   49.00000  91.5%  20.5  120s
 260826 207971  407.33333  135  151  574.33312   49.00000  91.5%  21.0  127s
 275390 208003   53.16667  121  182  574.33312   49.00000  91.5%  21.1  132s
 279619 213331   88.33333  159  125  574.33312   49.00000  91.5%  21.1  137s
 289228 223030   52.83406  216  161  574.33312   49.00000  91.5%  21.3  141s
 304943 230677   49.00000  135  201  574.33312   49.00000  91.5%  21.6  150s
 314745 245321   49.00000   97  183  574.33312   49.00000  91.5%  21.8  156s
 328908 257268   50.66667  175  192  574.33312   49.00000  91.5%  22.0  160s
 346026 262160   49.50000  145  183  574.33312   49.00000  91.5%  22.2  170s
 358719 283251   49.00000  113  181  574.33312   49.00000  91.5%  22.2  177s
 374487 288376   82.23329  188  156  574.33312   49.00000  91.5%  22.3  181s
 381447 294004   50.66667  160  186  574.33312   49.00000  91.5%  22.3  186s
 389031 294027 infeasible  236       574.33312   49.00000  91.5%  22.3  192s
 389072 316902 infeasible  234       574.33312   49.00000  91.5%  22.3  199s
 421104 320683   66.66667  151  154  574.33312   49.00000  91.5%  22.5  202s
 430339 328340   51.50000  217  161  574.33312   49.00000  91.5%  22.7  206s
 446698 338036   50.00000  171  211  574.33312   49.00000  91.5%  23.0  211s
 448788 338062   50.00000  172  209  574.33312   49.00000  91.5%  23.0  218s
 448826 341802   50.00000  173  204  574.33312   49.00000  91.5%  23.0  220s
 465887 353728   59.83333  192  162  574.33312   49.00000  91.5%  23.1  225s
 482108 362342   49.66667  112  199  574.33312   49.00000  91.5%  23.2  230s
 488259 366420   49.00000  106  179  574.33312   49.00000  91.5%  23.2  237s
 488301 389530   49.00000  107  177  574.33312   49.00000  91.5%  23.2  244s
 520333 391559  321.33501  230  121  574.33312   49.00000  91.5%  23.3  246s
 522965 407175   49.00000  127  176  574.33312   49.00000  91.5%  23.3  250s
 543818 407233   56.16667  229  118  574.33312   49.00000  91.5%  23.5  256s
 548754 412124   49.00000  112  214  574.33312   49.00000  91.5%  23.5  260s
 559380 421602   55.55982  193  181  574.33312   49.00000  91.5%  23.6  266s
 568626 429190   49.00016   86  208  574.33312   49.00000  91.5%  23.7  270s
 590279 442179 infeasible  202       574.33312   49.00000  91.5%  23.8  278s
 590341 443861  219.66667  201  144  574.33312   49.00000  91.5%  23.8  280s
 603912 457678   56.83333   95  163  574.33312   49.00000  91.5%  23.9  287s
 616864 471785   49.16667  140  185  574.33312   49.00000  91.5%  23.9  293s
 635201 473043   60.66667  158  134  574.33312   49.00000  91.5%  24.0  304s
 635237 478216   60.66677  159  134  574.33312   49.00000  91.5%  24.0  305s
 642691 478242   80.83413  172  141  574.33312   49.00000  91.5%  24.0  313s
 642729 500845   85.84558  173  152  574.33312   49.00000  91.5%  24.0  320s
 679440 512931   49.00000  154  188  574.33312   49.00000  91.5%  24.1  325s
 698644 520954  404.00441  166  214  574.33312   49.00000  91.5%  24.3  330s
 709108 531636   58.33341  190  183  574.33312   49.00000  91.5%  24.4  336s
 715289 531673  234.16667  236  145  574.33312   49.00000  91.5%  24.4  342s
 715338 535025  229.05556  238  154  574.33312   49.00000  91.5%  24.4  346s
 729878 543773  130.00000  120  171  574.33312   49.00000  91.5%  24.5  351s
 740046 553359  100.16667  172  157  574.33312   49.00000  91.5%  24.5  356s
 757120 565705   51.41667  191  152  574.33312   49.00000  91.5%  24.5  361s
 772298 571628   49.00000  149  213  574.33312   49.00000  91.5%  24.5  370s
 772335 595302   49.00000  150  213  574.33312   49.00000  91.5%  24.5  377s
 804367 598815   51.41667  188  208  574.33312   49.00000  91.5%  24.7  380s
 821875 613255   49.00000  114  181  574.33312   49.00000  91.5%  24.8  386s
 831239 614220   56.16682  119  227  574.33312   49.00000  91.5%  24.8  395s
 846434 624353   49.00000   99  208  574.33312   49.00000  91.5%  24.8  400s
 856540 634853   58.16814  117  177  574.33312   49.00000  91.5%  24.8  406s
 861685 634879  453.00206  177  110  574.33312   49.00000  91.5%  24.8  414s
 861723 638869 infeasible  178       574.33312   49.00000  91.5%  24.8  416s
 873719 649008   49.00000  112  180  574.33312   49.00000  91.5%  24.8  421s
 883846 654989  396.16667  151  161  574.33312   49.00000  91.5%  24.9  425s
 899765 663773 infeasible  242       574.33312   49.00000  91.5%  24.9  432s
 914154 672757   50.33333   87  215  574.33312   49.00000  91.5%  24.9  436s
 925120 679959  420.83340  143  130  574.33312   49.00000  91.5%  24.9  441s
 936275 688217   49.00000  130  186  574.33312   49.00000  91.5%  24.9  446s
 953845 698628   53.33349  185  185  574.33312   49.00000  91.5%  25.0  457s
 960127 704366   50.83333  181  158  574.33312   49.00000  91.5%  25.0  460s
 974445 720210   57.56548  230  148  574.33312   49.00000  91.5%  25.1  467s
 986637 727097   51.00000  121  204  574.33312   49.00000  91.5%  25.1  470s
 995864 733849   58.16667  165  150  574.33312   49.00000  91.5%  25.1  476s
 1008323 745246   50.16667  143  179  574.33312   49.00000  91.5%  25.1  482s
 1020909 751622   50.83333  181  160  574.33312   49.00000  91.5%  25.1  486s
 1027392 751653   49.50005  143  210  574.33312   49.00000  91.5%  25.2  493s
 1027425 757111   50.16667  143  193  574.33312   49.00000  91.5%  25.2  496s
 1038602 768639   54.50000  226  186  574.33312   49.00000  91.5%  25.2  502s
 1052677 776045   49.00000  159  220  574.33312   49.00000  91.5%  25.3  506s
 1061888 782792  101.16667  184  156  574.33312   49.00000  91.5%  25.4  511s
 1074264 792707 infeasible  138       574.33312   49.00000  91.5%  25.3  516s
 1086216 800718   57.33333  147  199  574.33312   49.00000  91.5%  25.3  520s
 1098282 807373  457.50060  259  119  574.33312   49.00000  91.5%  25.4  525s
 1120373 818481   49.50000  132  196  574.33312   49.00000  91.5%  25.3  531s
 1126915 822684   49.16667  174  183  574.33312   49.00000  91.5%  25.4  545s
 1134885 835112 infeasible  261       574.33312   49.00000  91.5%  25.4  551s
 1144051 840374   50.16667  137  170  574.33312   49.00000  91.5%  25.5  555s
 1159873 851628  405.91657  239  106  574.33312   49.00000  91.5%  25.5  561s
 1166089 854298   49.00000  107  199  574.33312   49.00000  91.5%  25.5  565s
 1170042 863685   49.00000  116  204  574.33312   49.00000  91.5%  25.5  571s
 1185289 869763   49.33333  107  210  574.33312   49.00000  91.5%  25.5  575s
 1202743 879663   78.50000  230  139  574.33312   49.00000  91.5%  25.6  581s
 1213750 886451   55.33354  143  179  574.33312   49.00000  91.5%  25.6  586s
 1224426 896152  227.00000  225  140  574.33312   49.00000  91.5%  25.6  590s
 1238558 902387   61.00026  122  203  574.33312   49.00000  91.5%  25.7  600s
 1247668 912905   49.83344  139  193  574.33312   49.00000  91.5%  25.7  606s
 1259833 923021  397.83354  246  137  574.33312   49.00000  91.5%  25.7  611s
 1270306 931349   49.00000  137  197  574.33312   49.00000  91.5%  25.7  615s
 1288702 938035   49.00000  124  190  574.33312   49.00000  91.5%  25.8  628s
 1288745 960576   49.00013  124  186  574.33312   49.00000  91.5%  25.8  635s
 1325790 967425   53.66667  133  188  574.33312   49.00000  91.5%  25.8  640s
 1347812 982156  106.33440  241   97  574.33312   49.00000  91.5%  25.8  646s
 1350523 982178   68.66668  240  153  574.33312   49.00000  91.5%  25.8  653s
 1350565 1005948   68.66668  241  153  574.33312   49.00000  91.5%  25.8  663s
 1382597 1012345   69.66682  258  155  574.33312   49.00000  91.5%  25.9  666s
 1397920 1018570   49.66673  161  207  574.33312   49.00000  91.5%  25.9  671s
 1407823 1025848 infeasible  233       574.33312   49.00000  91.5%  25.9  675s
 1426638 1042620  224.16667  219  138  574.33312   49.00000  91.5%  25.9  681s
 1434649 1042988   83.50079  131  120  574.33312   49.00000  91.5%  25.9  687s
 1441043 1047609   61.33333  133  160  574.33312   49.00000  91.5%  25.9  695s
 1447320 1051969   49.00000   87  175  574.33312   49.00000  91.5%  25.9  704s
 1447359 1056571   49.00000   88  173  574.33312   49.00000  91.5%  25.9  706s
 1469280 1068753   51.33333   68  153  574.33312   49.00000  91.5%  25.9  711s
 1486299 1080528  556.33333  139  129  574.33312   49.00000  91.5%  25.9  722s
 1486342 1104598  556.33333  140  129  574.33312   49.00000  91.5%  25.9  729s
 1504360 1104598   88.66667  109  161  574.33312   49.00000  91.5%  25.9  730s
 1523739 1117046   52.66667  146  185  574.33312   49.00000  91.5%  25.9  735s
 1544356 1125335   50.00000  147  153  574.33312   49.00000  91.5%  25.9  740s
 1552940 1130896   49.66667  128  175  574.33312   49.00000  91.5%  25.9  751s
 1552982 1155077   49.66667  129  179  574.33312   49.00000  91.5%  25.9  759s
 1585014 1159835   49.00000  104  209  574.33312   49.00000  91.5%  26.0  761s
 1599794 1166611   49.00000  121  193  574.33312   49.00000  91.5%  26.0  765s
 1614138 1177728   55.33333  123  193  574.33312   49.00000  91.5%  26.1  780s
 1614174 1201896   56.65625  124  176  574.33312   49.00000  91.5%  26.1  786s
 1652324 1213734  178.33333  129  145  574.33312   49.00000  91.5%  26.1  791s
 1673233 1227302   51.16667  124  187  574.33312   49.00000  91.5%  26.1  796s
 1686532 1238847 infeasible  152       574.33312   49.00000  91.5%  26.1  800s
 1697178 1238874   49.00000  116  190  574.33312   49.00000  91.5%  26.1  807s
 1702686 1243688  134.00000  167  151  574.33312   49.00000  91.5%  26.1  810s
 1710709 1257487  256.83489  212  108  574.33312   49.00000  91.5%  26.1  815s
 1727845 1265738   51.66667  120  145  574.33312   49.00000  91.5%  26.1  820s
 1738810 1269646  500.16704  217   79  574.33312   49.00000  91.5%  26.1  836s
 1749770 1284667     cutoff  194       574.33312   49.00000  91.5%  26.1  841s
 1761069 1292298   63.16667  117  155  574.33312   49.00000  91.5%  26.2  845s
 1779222 1302964   49.66667   95  183  574.33312   49.00000  91.5%  26.1  850s
 1793730 1311637   60.66667  142  181  574.33312   49.00000  91.5%  26.2  855s
 1804579 1317665   74.33682  130  155  574.33312   49.00000  91.5%  26.2  867s
 1811961 1327160  400.47463  186  112  574.33312   49.00000  91.5%  26.2  871s
 1828789 1334907 infeasible  210       574.33312   49.00000  91.5%  26.2  875s
 1835364 1344366   49.00000  124  178  574.33312   49.00000  91.5%  26.2  880s
 1859768 1358096   62.84095  122  171  574.33312   49.00000  91.5%  26.2  886s
 1868248 1363578   91.83333  164  157  574.33312   49.00000  91.5%  26.2  896s
 1872954 1370937   92.16698  173  149  574.33312   49.00000  91.5%  26.2  900s
 1887457 1379356  111.50000  206  125  574.33312   49.00000  91.5%  26.3  905s
 1897966 1386961  532.83333  222   94  574.33312   49.00000  91.5%  26.3  910s
 1913810 1403679 infeasible  120       574.33312   49.00000  91.5%  26.3  916s
 1924135 1403697   55.33333  149  137  574.33312   49.00000  91.5%  26.3  925s
 1932688 1413814   59.00000  139  142  574.33312   49.00000  91.5%  26.3  931s
 1944020 1424988  193.00348  198  108  574.33312   49.00000  91.5%  26.4  936s
 1955450 1431946 infeasible  197       574.33312   49.00000  91.5%  26.4  941s
 1973078 1441834   51.00000  153  194  574.33312   49.00000  91.5%  26.4  946s
 1987336 1448345  567.50053  200  113  574.33312   49.00000  91.5%  26.4  954s
 1987375 1452883     cutoff  201       574.33312   49.00000  91.5%  26.4  955s
 2001908 1460634   50.16667  154  205  574.33312   49.00000  91.5%  26.4  960s
 2020711 1471634   73.00000  198  137  574.33312   49.00000  91.5%  26.4  965s
 2027008 1475449   49.00000  168  203  574.33312   49.00000  91.5%  26.4  973s
 2027049 1479287   49.00000  169  201  574.33312   49.00000  91.5%  26.4  975s
 2040386 1488180   59.50000  182  186  574.33312   49.00000  91.5%  26.5  981s
 2056884 1498119  493.16667  188  106  574.33312   49.00000  91.5%  26.5  985s
 2064572 1503634   49.00000  127  198  574.33312   49.00000  91.5%  26.5  990s
 2075552 1518464   54.33333  221  147  574.33312   49.00000  91.5%  26.6  999s
 2087272 1518493   50.33333  169  206  574.33312   49.00000  91.5%  26.6 1005s
 2095036 1525117  527.16667  243   62  574.33312   49.00000  91.5%  26.6 1010s
 2110734 1541092   66.59005  203  182  574.33312   49.00000  91.5%  26.6 1017s
 2123912 1548641   52.50016  155  154  574.33312   49.00000  91.5%  26.6 1020s
 2141115 1555730   49.41667  177  199  574.33312   49.00000  91.5%  26.7 1032s
 2141151 1579231   49.16944  178  184  574.33312   49.00000  91.5%  26.7 1040s
 2175589 1592026  505.00032  236   83  574.33312   49.00000  91.5%  26.8 1047s
 2191255 1594126  141.00000  154  190  574.33312   49.00000  91.5%  26.8 1050s
 2203204 1603469 infeasible  210       574.33312   49.00000  91.5%  26.9 1055s
 2209102 1603496   51.50013  155  190  574.33312   49.00000  91.5%  26.9 1065s
 2214647 1612350 infeasible  139       574.33312   49.00000  91.5%  26.9 1071s
 2223906 1612374   88.16667  193  170  574.33312   49.00000  91.5%  26.9 1077s
 2223946 1616601   89.33333  194  170  574.33312   49.00000  91.5%  26.9 1081s
 2231862 1622643  423.33336  207  155  574.33312   49.00000  91.5%  26.9 1086s
 2243677 1633891   51.33352  171  184  574.33312   49.00000  91.5%  26.9 1092s
 2259892 1639156   49.00000  175  205  574.33312   49.00000  91.5%  26.9 1096s
 2268437 1646629   61.00069  164  180  574.33312   49.00000  91.5%  27.0 1101s
 2281058 1657725 infeasible  185       574.33312   49.00000  91.5%  27.0 1107s
 2293816 1657742 infeasible  216       574.33312   49.00000  91.5%  27.1 1114s
 2293863 1661920   49.00000  146  215  574.33312   49.00000  91.5%  27.1 1116s
 2302173 1668278   59.00000  103  201  574.33312   49.00000  91.5%  27.1 1121s
H2305888 1668278                     574.3320745   49.00000  91.5%  27.1 1121s
H2309800 1670491                     574.3293426   49.00000  91.5%  27.1 1125s
H2310110 1670491                     574.3293409   49.00000  91.5%  27.1 1125s
H2313300 1679474                     574.3247081   49.00000  91.5%  27.1 1129s
 2327636 1683137   54.00000  174  175  574.32471   49.00000  91.5%  27.1 1131s
 2338918 1690846   95.16669  187  190  574.32471   49.00000  91.5%  27.1 1136s
 2350321 1701845   61.33333  185  164  574.32471   49.00000  91.5%  27.2 1142s
 2358584 1703542   66.00000  202  137  574.32471   49.00000  91.5%  27.2 1145s
 2369230 1712120   49.16669  186  178  574.32471   49.00000  91.5%  27.2 1151s
 2382232 1722515   65.16667  217  148  574.32471   49.00000  91.5%  27.3 1157s
 2389009 1727355   58.83333  163  165  574.32471   49.00000  91.5%  27.3 1160s
 2398770 1733839  331.66667  258   91  574.32471   49.00000  91.5%  27.3 1165s
 2411658 1740321 infeasible  186       574.32471   49.00000  91.5%  27.4 1170s
 2422102 1745676   74.00000  170  141  574.32471   49.00000  91.5%  27.4 1182s
 2422139 1750414   68.33333  171  149  574.32471   49.00000  91.5%  27.4 1185s
 2434457 1759459   73.66667  178  125  574.32471   49.00000  91.5%  27.4 1190s
 2445247 1765851   53.16667  182  171  574.32471   49.00000  91.5%  27.4 1196s
 2455507 1769899   49.00000  168  196  574.32471   49.00000  91.5%  27.5 1200s

Cutting planes:
  Learned: 248
  Gomory: 2
  Cover: 190
  Implied bound: 126
  Clique: 15
  MIR: 436
  StrongCG: 1
  Flow cover: 1101
  GUB cover: 4
  Zero half: 1
  Relax-and-lift: 173

Cleanup yields a better solution

Explored 2458748 nodes (67567239 simplex iterations) in 1200.04 seconds
Thread count was 32 (of 64 available processors)

Solution count 10: 574.325 574.333 574.333 ... 574.5

Time limit reached
Best objective 5.738511730412e+02, best bound 4.900000000000e+01, gap 91.4612%
