
Gurobi 9.1.2 (linux64) logging started Wed Mar 30 23:45:01 2022

Changed value of parameter LogFile to germany_v-Schwerin.log
   Prev:   Default: 
Changed value of parameter MIPFocus to 1
   Prev: 0  Min: 0  Max: 3  Default: 0
Changed value of parameter TimeLimit to 600.0
   Prev: inf  Min: 0.0  Max: inf  Default: inf
Warning: variables 0 and 276 have the same name "X[Koeln,Aachen]"
Warning: linear constraint 306 and linear constraint 307 have the same name "weight-constr-t5"
Warning: to let Gurobi read it back, use rlp format
Gurobi Optimizer version 9.1.2 build v9.1.2rc0 (linux64)
Thread count: 32 physical cores, 64 logical processors, using up to 32 threads
Optimize a model with 1951 rows, 1656 columns and 5868 nonzeros
Model fingerprint: 0xd004806f
Variable types: 300 continuous, 1356 integer (1356 binary)
Coefficient statistics:
  Matrix range     [1e+00, 1e+06]
  Objective range  [2e-01, 2e-01]
  Bounds range     [1e+00, 5e+05]
  RHS range        [1e+00, 1e+06]
Presolve removed 126 rows and 150 columns
Presolve time: 0.01s
Presolved: 1825 rows, 1506 columns, 10116 nonzeros
Variable types: 288 continuous, 1218 integer (1212 binary)

Root relaxation: objective 4.900000e+01, 196 iterations, 0.00 seconds

    Nodes    |    Current Node    |     Objective Bounds      |     Work
 Expl Unexpl |  Obj  Depth IntInf | Incumbent    BestBd   Gap | It/Node Time

     0     0   49.00000    0   88          -   49.00000      -     -    0s
H    0     0                    3464976.3333   49.00000   100%     -    0s
     0     0   49.00000    0   88 3464976.33   49.00000   100%     -    0s
H    0     0                    131141.49994   49.00000   100%     -    0s
H    0     0                    131126.50000   49.00000   100%     -    0s
H    0     0                    131126.33333   49.00000   100%     -    0s
H    0     2                    131122.66657   49.00000   100%     -    0s
     0     2   49.00000    0   72 131122.667   49.00000   100%     -    0s
H    2     4                    131122.33326   49.00000   100%   470    0s
H   32    60                    131122.33323   49.00000   100%  39.2    0s
H   32    60                    131115.33325   49.00000   100%  39.2    0s
H   35    60                    32821.333321   49.00000   100%  37.1    0s
H   50    60                    16437.833325   49.00000   100%  29.1    0s
H   51    60                    9242.6666625   49.00000  99.5%  28.7    0s
H   52    60                    8477.3339172   49.00000  99.4%  28.4    0s
H   61    92                    8297.8333330   49.00000  99.4%  25.8    1s
H   62    92                    8261.3333332   49.00000  99.4%  25.5    1s
H   64    92                    2200.6666667   49.00000  97.8%  25.0    1s
H   68    92                    2171.8333333   49.00000  97.7%  24.1    1s
H   73    92                     735.8333333   49.00000  93.3%  23.2    1s
H   74    92                     645.3333333   49.00000  92.4%  22.9    1s
H   76    92                     640.8333333   49.00000  92.4%  22.4    1s
H   91    92                     640.1666667   49.00000  92.3%  19.5    1s
H   93   124                     357.6666667   49.00000  86.3%  19.3    3s
H   96   124                     341.1666667   49.00000  85.6%  19.3    3s
H  157   188                     340.3333333   49.00000  85.6%  16.6    5s
H  160   188                     327.1666667   49.00000  85.0%  16.4    5s
H  161   188                     309.0000000   49.00000  84.1%  16.3    5s
H  253   284                     307.8333333   49.00000  84.1%  13.9    6s
H  278   284                     245.5000000   49.00000  80.0%  13.4    6s
H  300   802                     244.5000000   49.00000  80.0%  12.8    6s
H  430   802                     242.5000000   49.00000  79.8%  10.9    6s
H  809  3226                     241.5000000   49.00000  79.7%   8.9    7s
H 3416  4479                     241.3333333   49.00000  79.7%   6.4    8s
H 3953  4479                     241.1666667   49.00000  79.7%   6.3    8s
H 4685  4594                     241.0000000   49.00000  79.7%   6.2    9s
H 4776  4594                     241.0000000   49.00000  79.7%   6.2    9s
H 4915  5403                     240.5000000   49.00000  79.6%   6.2    9s
H 5253  5403                     240.0000000   49.00000  79.6%   6.2    9s
H 5357  5403                     240.0000000   49.00000  79.6%   6.2    9s
  5644  9801   50.00000  142   64  240.00000   49.00000  79.6%   6.2   10s
H10585  9827                     239.9999998   49.00000  79.6%   5.9   11s
H10587  9827                     239.9999997   49.00000  79.6%   5.9   11s
H10590  9827                     239.9999988   49.00000  79.6%   5.9   11s
H10592  9827                     239.9982855   49.00000  79.6%   5.9   11s
 11164 10220   49.00000   31  196  239.99829   49.00000  79.6%   8.6   18s
 18850 15179   49.33333   26  156  239.99829   49.00000  79.6%  12.4   20s
 46567 31221   55.83333  131  160  239.99829   49.00000  79.6%  19.6   25s
 66786 47735 infeasible  189       239.99829   49.00000  79.6%  21.7   30s
 92096 70107   49.00000   75  203  239.99829   49.00000  79.6%  22.1   35s
 103664 73369  230.16667  111  137  239.99829   49.00000  79.6%  22.6   42s
 113443 86129  131.00000  106  164  239.99829   49.00000  79.6%  22.7   45s
 142814 107146   49.00130  129  193  239.99829   49.00000  79.6%  24.4   50s
 161494 121054   49.37913  196  152  239.99829   49.00000  79.6%  25.5   56s
 183143 139645  126.66739  164  165  239.99829   49.00000  79.6%  26.6   60s
 215452 164119  116.83348  136  157  239.99829   49.00000  79.6%  27.7   65s
 222989 164144  231.00000  163  132  239.99829   49.00000  79.6%  27.6   74s
 223028 187744 infeasible  164       239.99829   49.00000  79.6%  27.6   79s
 255060 192174 infeasible  100       239.99829   49.00000  79.6%  27.9   80s
 278269 204483   52.83333  128  177  239.99829   49.00000  79.6%  28.0   90s
 297302 220817   49.33333   84  188  239.99829   49.00000  79.6%  27.9   95s
 324301 242748  218.00000  224  111  239.99829   49.00000  79.6%  28.2  100s
 332359 242774  236.42220  141  120  239.99829   49.00000  79.6%  28.2  108s
 338294 246831  228.33449  127  141  239.99829   49.00000  79.6%  28.2  116s
 342489 249600   50.16667   90  188  239.99829   49.00000  79.6%  28.2  129s
 342532 253953   49.50000   87  199  239.99829   49.00000  79.6%  28.2  130s
 365429 270968   49.00000  103  191  239.99829   49.00000  79.6%  28.6  136s
 381591 283755   53.16667  120  195  239.99829   49.00000  79.6%  28.7  141s
 408531 301680  114.00000  202  110  239.99829   49.00000  79.6%  28.7  145s
 436872 320002   80.50000  119  156  239.99829   49.00000  79.6%  29.0  150s
 455612 334398   49.00000   92  235  239.99829   49.00000  79.6%  29.4  155s
 483890 355965   50.16667  198  152  239.99829   49.00000  79.6%  29.7  160s
 510335 373453  216.16667  114  133  239.99829   49.00000  79.6%  29.8  165s
 536358 392539  219.50000  124  157  239.99829   49.00000  79.6%  30.2  170s
 569304 414101   50.50000  136  183  239.99829   49.00000  79.6%  30.3  176s
 587011 424514  153.00000  193  114  239.99829   49.00000  79.6%  30.5  180s
 596729 429216   53.00000  124  170  239.99829   49.00000  79.6%  30.6  187s
 600800 434534 infeasible  182       239.99829   49.00000  79.6%  30.7  190s
 623367 451387     cutoff  134       239.99829   49.00000  79.6%  30.8  195s
 651685 467573   49.16667  116  209  239.99829   49.00000  79.6%  31.0  200s
 670264 478049 infeasible  165       239.99829   49.00000  79.6%  31.2  217s
 670304 499114   74.50000  163  149  239.99829   49.00000  79.6%  31.2  225s
 712976 509431   57.23347  153  201  239.99829   49.00000  79.6%  31.6  230s
 739186 529644 infeasible  126       239.99829   49.00000  79.6%  32.2  235s
 759021 542788   57.33333  110  165  239.99829   49.00000  79.6%  32.4  240s
 766094 542813   56.08565  153  178  239.99829   49.00000  79.6%  32.5  248s
 766133 563770  134.33348  151  178  239.99829   49.00000  79.6%  32.5  254s
 782149 563770  156.50000  154  131  239.99829   49.00000  79.6%  32.7  255s
 812555 577246   54.50153  200  138  239.99829   49.00000  79.6%  33.0  260s
 842579 591419   56.66667  144  165  239.99829   49.00000  79.6%  33.2  272s
 851054 598177   50.50000  163  203  239.99829   49.00000  79.6%  33.2  275s
 864349 605428   51.16667  138  177  239.99829   49.00000  79.6%  33.4  293s
 864386 625377   51.16667  139  184  239.99829   49.00000  79.6%  33.4  298s
 896418 629249  133.83333  227  122  239.99829   49.00000  79.6%  33.6  300s
 912212 639354 infeasible  171       239.99829   49.00000  79.6%  33.7  305s
 927357 649783   51.50000  161  173  239.99829   49.00000  79.6%  34.0  310s
 953839 664405   49.83333  161  159  239.99829   49.00000  79.6%  34.2  315s
 969336 673873   68.16667  168  165  239.99829   49.00000  79.6%  34.3  320s
 988559 684434   54.33603  167  193  239.99829   49.00000  79.6%  34.6  328s
 988597 704548   53.50029  166  215  239.99829   49.00000  79.6%  34.6  334s
 1020629 704572   50.50000  151  176  239.99829   49.00000  79.6%  34.9  343s
 1020669 724551   50.72237  152  182  239.99829   49.00000  79.6%  34.9  352s
 1059342 731493   58.66667  168  184  239.99829   49.00000  79.6%  35.3  355s
 1083947 746322   64.66667  196  151  239.99829   49.00000  79.6%  35.4  360s
 1106807 758430   49.66667  152  203  239.99829   49.00000  79.6%  35.6  365s
 1130723 776120   49.00000  159  198  239.99829   49.00000  79.6%  35.9  370s
 1154723 790216  178.40712  186  136  239.99829   49.00000  79.6%  36.0  375s
 1172731 802363 infeasible  203       239.99829   49.00000  79.6%  36.2  380s
 1195934 815748  150.50000  199  149  239.99829   49.00000  79.6%  36.4  386s
 1211699 822357   50.00000  183  174  239.99829   49.00000  79.6%  36.5  397s
 1211737 842216   50.00000  184  179  239.99829   49.00000  79.6%  36.5  403s
 1243769 842241   86.66667  153  185  239.99829   49.00000  79.6%  36.8  409s
 1243808 861508   86.66667  154  183  239.99829   49.00000  79.6%  36.8  414s
 1275840 865520     cutoff  175       239.99829   49.00000  79.6%  37.0  415s
 1298064 874510   49.00000  129  166  239.99829   49.00000  79.6%  37.1  427s
 1306919 883603  153.66667  174  147  239.99829   49.00000  79.6%  37.2  430s
 1328073 896510   50.33333   74  207  239.99829   49.00000  79.6%  37.3  435s
 1335494 896534   49.16678  155  181  239.99829   49.00000  79.6%  37.4  442s
 1346784 904772 infeasible  187       239.99829   49.00000  79.6%  37.4  446s
 1360524 911303   59.16851  206  151  239.99829   49.00000  79.6%  37.5  466s
 1371171 922939  183.66753  180  132  239.99829   49.00000  79.6%  37.6  471s
 1379899 922952   52.01058  158  153  239.99829   49.00000  79.6%  37.6  482s
 1383278 926762   76.66667  196  156  239.99829   49.00000  79.6%  37.6  486s
 1403606 940442   49.50014  197  170  239.99829   49.00000  79.6%  37.7  491s
 1424246 950417   50.49449  155  169  239.99829   49.00000  79.6%  37.9  495s
 1435499 954042  129.16667  102  169  239.99829   49.00000  79.6%  37.9  506s
 1435536 972371  129.18333  103  173  239.99829   49.00000  79.6%  37.9  513s
 1467568 976647   49.00000  127  163  239.99829   49.00000  79.6%  38.0  515s
 1493914 991422   52.83337   97  187  239.99829   49.00000  79.6%  38.1  520s
 1514269 999786  177.00000  184  146  239.99829   49.00000  79.6%  38.2  531s
 1528816 1012889   49.33333  193  185  239.99829   49.00000  79.6%  38.2  535s
 1555240 1028297   49.00000   96  203  239.99829   49.00000  79.6%  38.3  540s
 1584643 1044445  237.48479  199  138  239.99829   49.00000  79.6%  38.4  545s
 1611414 1061271   53.66667  151  161  239.99829   49.00000  79.6%  38.5  550s
 1616369 1061297   57.33333  118  165  239.99829   49.00000  79.6%  38.5  560s
 1631379 1072710 infeasible  164       239.99829   49.00000  79.6%  38.5  565s
 1653956 1088545   49.00000  176  221  239.99829   49.00000  79.6%  38.7  570s
 1659919 1088564   73.83595  157  200  239.99829   49.00000  79.6%  38.7  589s
 1659964 1108251   74.16928  158  203  239.99829   49.00000  79.6%  38.7  598s
 1691996 1109076   65.55915  137  165  239.99829   49.00000  79.6%  38.8  600s

Cutting planes:
  Learned: 261
  Gomory: 15
  Cover: 191
  Implied bound: 152
  Clique: 23
  MIR: 552
  StrongCG: 2
  Flow cover: 1205
  GUB cover: 1
  RLT: 3
  Relax-and-lift: 383

Explored 1693346 nodes (65703384 simplex iterations) in 600.03 seconds
Thread count was 32 (of 64 available processors)

Solution count 10: 239.998 240 240 ... 241.167

Time limit reached
Best objective 2.399968041205e+02, best bound 4.900000000000e+01, gap 79.5831%

Gurobi 9.1.2 (linux64) logging started Mon Apr  4 20:01:34 2022

Changed value of parameter LogFile to germany_v-Schwerin.log
   Prev:   Default: 
Changed value of parameter MIPFocus to 1
   Prev: 0  Min: 0  Max: 3  Default: 0
Changed value of parameter TimeLimit to 1200.0
   Prev: inf  Min: 0.0  Max: inf  Default: inf
Warning: variables 0 and 276 have the same name "X[Muenchen,Passau]"
Warning: linear constraint 306 and linear constraint 307 have the same name "weight-constr-t5"
Warning: to let Gurobi read it back, use rlp format
Gurobi Optimizer version 9.1.2 build v9.1.2rc0 (linux64)
Thread count: 32 physical cores, 64 logical processors, using up to 32 threads
Optimize a model with 1951 rows, 1656 columns and 5868 nonzeros
Model fingerprint: 0x9036c7a8
Variable types: 300 continuous, 1356 integer (1356 binary)
Coefficient statistics:
  Matrix range     [1e+00, 1e+06]
  Objective range  [2e-01, 2e-01]
  Bounds range     [1e+00, 5e+05]
  RHS range        [1e+00, 1e+06]
Presolve removed 126 rows and 150 columns
Presolve time: 0.01s
Presolved: 1825 rows, 1506 columns, 10116 nonzeros
Variable types: 288 continuous, 1218 integer (1212 binary)

Root relaxation: objective 4.900000e+01, 196 iterations, 0.00 seconds

    Nodes    |    Current Node    |     Objective Bounds      |     Work
 Expl Unexpl |  Obj  Depth IntInf | Incumbent    BestBd   Gap | It/Node Time

     0     0   49.00000    0   52          -   49.00000      -     -    0s
     0     0   49.00000    0   67          -   49.00000      -     -    0s
     0     0   49.00000    0   51          -   49.00000      -     -    0s
     0     0   49.00000    0   42          -   49.00000      -     -    0s
     0     0   49.00000    0   38          -   49.00000      -     -    0s
H    0     0                    3464110.3333   49.00000   100%     -    0s
     0     0   49.00000    0   39 3464110.33   49.00000   100%     -    0s
H    0     0                    9259.5000106   49.00000  99.5%     -    0s
H    0     0                    4891.6666667   49.00000  99.0%     -    0s
H    0     0                    4891.5000000   49.00000  99.0%     -    0s
H    0     2                    2464.4999999   49.00000  98.0%     -    0s
     0     2   49.00000    0   30 2464.50000   49.00000  98.0%     -    0s
H    2     4                    2464.4999995   49.00000  98.0%   288    0s
H    8    16                    1318.5000000   49.00000  96.3%  85.2    0s
H   32    62                    1318.3333333   49.00000  96.3%  28.6    0s
H   35    62                    1252.5000000   49.00000  96.1%  26.4    0s
H   36    62                    1224.4999998   49.00000  96.0%  25.7    0s
H   40    62                    1222.4999998   49.00000  96.0%  23.5    0s
H   50    62                    1145.9999999   49.00000  95.7%  19.9    0s
H   62    62                     766.3333333   49.00000  93.6%  18.7    0s
H   95   126                     639.5000000   49.00000  92.3%  14.4    1s
H   96   126                     629.6666667   49.00000  92.2%  14.6    1s
H   97   126                     344.3333333   49.00000  85.8%  14.4    1s
H   98   126                     318.5000000   49.00000  84.6%  14.3    1s
H  159   187                     249.6666667   49.00000  80.4%  11.1    3s
H  161   187                     247.0833333   49.00000  80.2%  11.0    3s
H  171   187                     244.3333333   49.00000  79.9%  10.7    3s
   191   219   50.00000    9   35  244.33333   49.00000  79.9%  10.2    5s
H  192   219                     243.8333333   49.00000  79.9%  10.2    5s
H  195   219                     242.8333333   49.00000  79.8%  10.1    5s
H  205   219                     242.5000000   49.00000  79.8%   9.9    5s
H  221   219                     240.5000000   49.00000  79.6%   9.5    5s
H  223   251                     240.0000000   49.00000  79.6%   9.4    6s
H  264   283                     239.9999997   49.00000  79.6%   9.4    8s
H  287   315                     239.9999996   49.00000  79.6%   9.6    8s
H  298   315                     239.9999996   49.00000  79.6%   9.4    8s
H  302   315                     239.9999993   49.00000  79.6%   9.4    8s
  2293  4026   54.25000   68   43  240.00000   49.00000  79.6%   7.3   10s
H 7679  7059                     239.4825760   49.00000  79.5%   6.2   12s
 11750 10686   51.58333  109  212  239.48258   49.00000  79.5%   5.8   15s
 12999 11582   50.00000   47  210  239.48258   49.00000  79.5%   9.4   25s
 29842 28527   51.20833   56  163  239.48258   49.00000  79.5%  16.8   30s
H47180 29639                     233.5000000   49.00000  79.0%  21.3   32s
H47234 29471                     230.0000000   49.00000  78.7%  21.3   33s
H47236 29382                     229.0000000   49.00000  78.6%  21.3   33s
H47239 29209                     226.3333333   49.00000  78.4%  21.3   33s
H47400 30600                     225.1666667   49.00000  78.2%  21.3   34s
H47665 30596                     225.0000000   49.00000  78.2%  21.4   34s
H48938 30406                     221.8333333   49.00000  77.9%  21.8   34s
H49039 30306                     220.6666667   49.00000  77.8%  21.8   42s
H49067 30258                     220.1666667   49.00000  77.7%  21.8   42s
H49479 33088                     220.0000000   49.00000  77.7%  21.9   42s
H49601 33055                     219.8333333   49.00000  77.7%  21.9   42s
H52411 33048                     219.6666667   49.00000  77.7%  22.2   42s
 56584 36159   49.00000   33  225  219.66667   49.00000  77.7%  23.0   45s
H56585 36159                     219.6654477   49.00000  77.7%  23.0   46s
 63003 54217   49.83333   67  197  219.66545   49.00000  77.7%  24.0   50s
H63798 54217                     219.6651468   49.00000  77.7%  24.1   50s
H87567 60322                     219.6651467   49.00000  77.7%  24.3   52s
 90729 64877   93.83333   83  139  219.66515   49.00000  77.7%  24.5   55s
 118599 84073 infeasible  167       219.66515   49.00000  77.7%  25.5   61s
 130358 99734  142.81122  136  128  219.66515   49.00000  77.7%  26.1   66s
 149339 106006   84.08333  223  131  219.66515   49.00000  77.7%  26.5   74s
 149375 109380   84.16667  224  131  219.66515   49.00000  77.7%  26.5   75s
 170529 121009     cutoff  168       219.66515   49.00000  77.7%  26.6   82s
 183715 137497   54.33333  160  140  219.66515   49.00000  77.7%  26.6   85s
 205631 147671 infeasible  255       219.66515   49.00000  77.7%  27.3   90s
 235072 163284   58.75534  175  132  219.66515   49.00000  77.7%  27.8   95s
 247362 173210 infeasible  182       219.66515   49.00000  77.7%  28.1  100s
 265011 183889   49.00000  139  205  219.66515   49.00000  77.7%  28.7  105s
 289237 202514   49.00000  103  255  219.66515   49.00000  77.7%  29.1  110s
 296244 206389   49.16667  179  212  219.66515   49.00000  77.7%  29.4  118s
 307042 218796   70.00000  213  171  219.66515   49.00000  77.7%  29.8  121s
 333451 232734   50.66667  113  190  219.66515   49.00000  77.7%  29.9  125s
 358131 251713   74.50117  149  118  219.66515   49.00000  77.7%  30.3  130s
 375044 259741   79.63508  239  150  219.66515   49.00000  77.7%  30.5  137s
 385483 269751   49.00000   96  203  219.66515   49.00000  77.7%  30.5  140s
 408694 283532     cutoff  144       219.66515   49.00000  77.7%  30.5  147s
 421049 291627  214.50000  144  136  219.66515   49.00000  77.7%  30.7  152s
 431628 305220   49.00000  100  217  219.66515   49.00000  77.7%  30.9  155s
 449829 312052   56.16705  120  195  219.66515   49.00000  77.7%  30.8  162s
 455764 316206  112.16674  173  100  219.66515   49.00000  77.7%  30.8  167s
 461659 320169  143.50000  203  119  219.66515   49.00000  77.7%  30.8  174s
 461701 343898  143.50000  204  119  219.66515   49.00000  77.7%  30.8  179s
 482722 343898   49.00000  107  224  219.66515   49.00000  77.7%  31.1  180s
 515335 363162   53.66928  187  154  219.66515   49.00000  77.7%  31.6  185s
 520983 369160  217.66667  138  154  219.66515   49.00000  77.7%  31.7  191s
 528996 390678   64.41667  147  143  219.66515   49.00000  77.7%  31.7  199s
 561028 395333   50.66667  187  177  219.66515   49.00000  77.7%  31.7  201s
 573019 398572   80.50000  254  109  219.66515   49.00000  77.7%  31.8  208s
 577906 404770   51.16667  246  118  219.66515   49.00000  77.7%  31.7  211s
 606899 417528 infeasible  270       219.66515   49.00000  77.7%  31.7  218s
 608016 420697  130.66667  245  101  219.66515   49.00000  77.7%  31.7  220s
 632090 429956   66.50000  229  120  219.66515   49.00000  77.7%  31.8  225s
 644749 434671   49.33333  223  129  219.66515   49.00000  77.7%  31.8  235s
 657377 447157  170.50102  246  110  219.66515   49.00000  77.7%  31.9  240s
 685338 457739  159.39180  247  107  219.66515   49.00000  77.7%  32.1  245s
 711491 466781  118.66667  253   90  219.66515   49.00000  77.7%  32.4  250s
 737411 479956   82.66667  245  103  219.66515   49.00000  77.7%  32.5  255s
 762643 491541   49.00073  222  131  219.66515   49.00000  77.7%  32.7  260s
 776370 499388  147.16667  244  124  219.66515   49.00000  77.7%  32.7  265s
 797278 510098   67.87500  291  102  219.66515   49.00000  77.7%  33.0  270s
 818497 519437  132.94889  232  111  219.66515   49.00000  77.7%  33.0  275s
 847067 534386   91.41667  260   99  219.66515   49.00000  77.7%  33.1  280s
 864831 543806 infeasible  283       219.66515   49.00000  77.7%  33.2  285s
 888858 556980     cutoff  233       219.66515   49.00000  77.7%  33.4  290s
 911080 565969  160.33335  285   74  219.66515   49.00000  77.7%  33.5  295s
 927104 571748  107.38889  278   98  219.66515   49.00000  77.7%  33.5  303s
 931500 576998   49.94314  223  149  219.66515   49.00000  77.7%  33.6  306s
 947608 582382  181.55376  239  104  219.66515   49.00000  77.7%  33.7  310s
 970444 592376   56.79766  235  141  219.66515   49.00000  77.7%  33.8  320s
 974689 594136   58.83464  241  123  219.66515   49.00000  77.7%  33.8  326s
 981920 599398 infeasible  230       219.66515   49.00000  77.7%  33.9  330s
 987614 599417 infeasible  239       219.66515   49.00000  77.7%  33.9  335s
 994724 601731   49.58333  244  121  219.66515   49.00000  77.7%  34.0  341s
 994866 617425  215.33537  245  104  219.66515   49.00000  77.7%  34.0  347s
 1039022 624260  216.00000  227  113  219.66515   49.00000  77.7%  34.2  350s
 1065209 635227   50.16754  242  121  219.66515   49.00000  77.7%  34.3  360s
 1070459 638146   55.33333  228  123  219.66515   49.00000  77.7%  34.4  366s
 1084621 645886 infeasible  260       219.66515   49.00000  77.7%  34.4  370s
 1088623 661505  214.37704  298   79  219.66515   49.00000  77.7%  34.4  377s
 1128997 667116   79.66739  283  106  219.66515   49.00000  77.7%  34.6  380s
 1147400 677261 infeasible  268       219.66515   49.00000  77.7%  34.6  385s
 1173274 687913   55.00015  229  121  219.66515   49.00000  77.7%  34.7  399s
 1173323 690475   59.84657  230  127  219.66515   49.00000  77.7%  34.7  400s
 1195644 698882   79.19709  251  117  219.66515   49.00000  77.7%  34.7  405s
 1197374 702329   63.14286  248  102  219.66515   49.00000  77.7%  34.8  411s
 1214937 713165   65.81269  231  132  219.66515   49.00000  77.7%  34.9  415s
 1228379 717070   56.19761  238  138  219.66515   49.00000  77.7%  34.9  424s
 1228425 720156   56.33333  238  134  219.66515   49.00000  77.7%  34.9  426s
 1246672 729424   67.16667  253  116  219.66515   49.00000  77.7%  34.9  430s
 1279005 745162   49.00000  237  130  219.66515   49.00000  77.7%  34.9  436s
 1307004 754034  114.33333  274   89  219.66515   49.00000  77.7%  34.9  444s
 1307049 755837  114.16694  273  102  219.66515   49.00000  77.7%  34.9  445s
 1328524 767352  107.00094  245   96  219.66515   49.00000  77.7%  34.9  450s
 1353910 778062   53.66667  227  107  219.66515   49.00000  77.7%  34.9  455s
 1376404 786985  142.00966  270   99  219.66515   49.00000  77.7%  34.9  461s
 1376577 802328  142.00966  271   95  219.66515   49.00000  77.7%  34.9  466s
 1420414 809800  137.16667  246  108  219.66515   49.00000  77.7%  35.0  470s
 1449892 822347   64.83333  288  105  219.66515   49.00000  77.7%  35.0  475s
 1465164 828932   53.83333  240  110  219.66515   49.00000  77.7%  35.0  482s
 1472967 836359   74.00102  251  105  219.66515   49.00000  77.7%  35.0  486s
 1495296 844124  180.16667  278   92  219.66515   49.00000  77.7%  35.0  490s
 1524168 857214   50.00000  245  118  219.66515   49.00000  77.7%  35.0  495s
 1545447 868102  124.33362  254  100  219.66515   49.00000  77.7%  35.0  500s
 1564143 875209   56.00036  246  120  219.66515   49.00000  77.7%  35.1  505s
 1578624 879330  107.16783  240  106  219.66515   49.00000  77.7%  35.1  514s
 1578664 880716  108.66696  241  105  219.66515   49.00000  77.7%  35.1  515s
 1582389 880731   68.03714  239  127  219.66515   49.00000  77.7%  35.1  521s
 1596384 885779   49.00000   70  256  219.66515   49.00000  77.7%  35.1  531s
 1609444 894736  118.92071  258   99  219.66515   49.00000  77.7%  35.1  535s
 1633474 903111  162.00065  268   84  219.66515   49.00000  77.7%  35.1  543s
 1633518 917945   84.50018  266   94  219.66515   49.00000  77.7%  35.1  549s
 1665550 922145     cutoff  304       219.66515   49.00000  77.7%  35.2  551s
 1686190 930833   57.41717  278  125  219.66515   49.00000  77.7%  35.2  555s
 1710650 942137   54.33333  267  111  219.66515   49.00000  77.7%  35.2  560s
 1736580 956154   73.36912  255  130  219.66515   49.00000  77.7%  35.3  565s
 1762868 968908   69.66725  259  110  219.66515   49.00000  77.7%  35.2  570s
 1779531 976487   57.33348  270  130  219.66515   49.00000  77.7%  35.3  575s
 1802464 985988   50.00102  241  108  219.66515   49.00000  77.7%  35.4  584s
 1802499 986336 infeasible  242       219.66515   49.00000  77.7%  35.4  586s
 1819187 996126  216.50000  241   95  219.66515   49.00000  77.7%  35.4  590s
 1841110 1005589     cutoff  272       219.66515   49.00000  77.7%  35.4  595s
 1865898 1017082   76.52710  276  123  219.66515   49.00000  77.7%  35.4  600s
 1870204 1017100  143.42370  293   94  219.66515   49.00000  77.7%  35.4  613s
 1875835 1020243   49.33370  241  125  219.66515   49.00000  77.7%  35.4  616s
 1891588 1029829 infeasible  242       219.66515   49.00000  77.7%  35.5  620s
 1917441 1040703   55.66783  232  123  219.66515   49.00000  77.7%  35.5  626s
 1929519 1043700   74.00185  244  127  219.66515   49.00000  77.7%  35.6  634s
 1929567 1046736   75.00126  245  126  219.66515   49.00000  77.7%  35.6  636s
 1947503 1059075  110.83333  274  110  219.66515   49.00000  77.7%  35.7  640s
 1968822 1067097     cutoff  248       219.66515   49.00000  77.7%  35.7  645s
 1990037 1077619  103.46465  279   82  219.66515   49.00000  77.7%  35.8  650s
 2008484 1086054   74.50000  256  109  219.66515   49.00000  77.7%  35.9  660s
 2008517 1099895   81.33333  256  105  219.66515   49.00000  77.7%  35.9  667s
 2040549 1099911  201.50000  261  112  219.66515   49.00000  77.7%  36.0  676s
 2040597 1114259  206.37946  262  108  219.66515   49.00000  77.7%  36.0  681s
 2072629 1114272  174.25308  284   82  219.66515   49.00000  77.7%  36.1  686s
 2072680 1129180 infeasible  285       219.66515   49.00000  77.7%  36.1  692s
 2110601 1135832 infeasible  246       219.66515   49.00000  77.7%  36.2  695s
 2136064 1143841   55.16773  262  126  219.66515   49.00000  77.7%  36.3  703s
 2136125 1157852   53.34031  263  133  219.66515   49.00000  77.7%  36.3  709s
 2168157 1162424 infeasible  270       219.66515   49.00000  77.7%  36.4  711s
 2190100 1171701  147.01694  250  109  219.66515   49.00000  77.7%  36.4  715s
 2199759 1174242   90.16667  244  112  219.66515   49.00000  77.7%  36.4  720s
 2199801 1189244   90.16667  245  106  219.66515   49.00000  77.7%  36.5  726s
 2243692 1197504  111.00000  260  116  219.66515   49.00000  77.7%  36.5  730s
H2250409 1200022                     219.5000000   49.00000  77.7%  36.5  732s
H2253276 1201130                     219.3333333   49.00000  77.7%  36.5  733s
H2254551 1197561                     217.3333333   49.00000  77.5%  36.5  733s
 2262358 1202837 infeasible  283       217.33333   49.00000  77.5%  36.5  735s
 2275069 1205081   53.00000  246  130  217.33333   49.00000  77.5%  36.6  742s
H2275089 1205081                     217.3333331   49.00000  77.5%  36.6  742s
H2275131 1207209                     217.3333330   49.00000  77.5%  36.6  743s
H2279398 1208825                     217.3333330   49.00000  77.5%  36.6  744s
H2280859 1208823                     217.3329858   49.00000  77.5%  36.6  744s
 2281690 1211618   59.66686  252   95  217.33299   49.00000  77.5%  36.6  745s
H2287795 1213265                     217.3325130   49.00000  77.5%  36.6  747s
 2304814 1220133   90.66685  279  113  217.33251   49.00000  77.5%  36.6  757s
 2309667 1223404   50.66672  252  122  217.33251   49.00000  77.5%  36.7  760s
 2315087 1226411  200.16688  266  106  217.33251   49.00000  77.5%  36.7  765s
 2319944 1227004   54.66681  249  106  217.33251   49.00000  77.5%  36.7  774s
 2319980 1230196   54.69447  250  128  217.33251   49.00000  77.5%  36.7  776s
 2334577 1235479 infeasible  259       217.33251   49.00000  77.5%  36.7  780s
 2356256 1245245 infeasible  263       217.33251   49.00000  77.5%  36.8  785s
 2376450 1252200   63.00000  256  122  217.33251   49.00000  77.5%  36.8  790s
H2385758 1254745                     217.3325125   49.00000  77.5%  36.9  791s
H2386880 1256891                     217.3313368   49.00000  77.5%  36.9  793s
H2387731 1256891                     217.3313362   49.00000  77.5%  36.9  793s
 2398278 1261756   53.00000  240  135  217.33134   49.00000  77.5%  36.9  795s
 2418122 1271015  112.83355  259  135  217.33134   49.00000  77.5%  37.0  800s
 2439218 1278255 infeasible  254       217.33134   49.00000  77.5%  37.1  805s
 2443839 1278259   56.00000  246  117  217.33134   49.00000  77.5%  37.1  811s
 2452250 1283796   50.16667  238  110  217.33134   49.00000  77.5%  37.1  816s
 2473069 1290364 infeasible  263       217.33134   49.00000  77.5%  37.1  826s
 2482919 1296272   53.94208  248  131  217.33134   49.00000  77.5%  37.1  830s
 2499874 1304630   69.66715  268  109  217.33134   49.00000  77.5%  37.2  835s
 2516129 1308668   98.83370  276  105  217.33134   49.00000  77.5%  37.2  844s
 2516177 1322060  100.00000  277  106  217.33134   49.00000  77.5%  37.2  851s
 2548209 1322076 infeasible  269       217.33134   49.00000  77.5%  37.3  859s
 2548257 1336650 infeasible  266       217.33134   49.00000  77.5%  37.3  865s
H2549000 1329640                     215.1666667   49.00000  77.2%  37.3  865s
H2580289 1326245                     214.1666667   49.00000  77.1%  37.3  873s
H2580290 1324208                     213.3333333   49.00000  77.0%  37.3  873s
 2580329 1339089   52.33460  235  139  213.33333   49.00000  77.0%  37.3  884s
H2580355 1338304                     213.0000000   49.00000  77.0%  37.3  884s
 2612361 1342157  120.00218  271   89  213.00000   49.00000  77.0%  37.4  886s
H2615466 1342157                     213.0000000   49.00000  77.0%  37.4  886s
H2623370 1343600                     212.9999995   49.00000  77.0%  37.4  888s
H2625044 1343616                     212.9999993   49.00000  77.0%  37.4  896s
H2625060 1343616                     212.9999993   49.00000  77.0%  37.4  896s
H2625062 1343616                     212.9999992   49.00000  77.0%  37.4  897s
H2625063 1343615                     212.9999872   49.00000  77.0%  37.4  897s
H2625117 1345301                     212.9999849   49.00000  77.0%  37.4  898s
 2634351 1349644  132.62641  255  124  212.99998   49.00000  77.0%  37.4  900s
 2647238 1357957  154.66667  267  114  212.99998   49.00000  77.0%  37.4  905s
 2657887 1360270 infeasible  280       212.99998   49.00000  77.0%  37.4  910s
H2658083 1360270                     212.9999848   49.00000  77.0%  37.4  911s
 2680715 1370797   56.33341  247  122  212.99998   49.00000  77.0%  37.4  915s
 2685456 1372776   59.16667  245  124  212.99998   49.00000  77.0%  37.4  920s
 2689739 1372796  180.14325  242  141  212.99998   49.00000  77.0%  37.4  925s
 2695459 1374747   78.66667  251  113  212.99998   49.00000  77.0%  37.4  930s
H2695466 1374747                     212.9985061   49.00000  77.0%  37.4  931s
H2695780 1377080                     212.9955488   49.00000  77.0%  37.4  932s
H2700596 1377080                     212.9955487   49.00000  77.0%  37.4  932s
H2701941 1378611                     212.9955487   49.00000  77.0%  37.4  933s
 2704649 1380731 infeasible  296       212.99555   49.00000  77.0%  37.4  935s
H2707190 1380731                     212.9955486   49.00000  77.0%  37.4  936s
 2710394 1380752   49.00000  240  132  212.99555   49.00000  77.0%  37.4  942s
 2716446 1386103   68.66696  244  122  212.99555   49.00000  77.0%  37.5  945s
H2719232 1386103                     212.9955486   49.00000  77.0%  37.5  945s
 2739368 1396557 infeasible  273       212.99555   49.00000  77.0%  37.5  951s
H2753195 1401842                     212.9955485   49.00000  77.0%  37.5  954s
 2756506 1404805   64.50466  267  104  212.99555   49.00000  77.0%  37.5  955s
 2781305 1416357  155.20999  249  117  212.99555   49.00000  77.0%  37.6  960s
 2800347 1423878  142.93266  276   95  212.99555   49.00000  77.0%  37.6  965s
 2814441 1430626  131.16732  263  118  212.99555   49.00000  77.0%  37.6  970s
 2832324 1436173   62.50836  254  125  212.99555   49.00000  77.0%  37.7  977s
 2837102 1442053   71.50011  268  138  212.99555   49.00000  77.0%  37.7  981s
 2858331 1449261  139.83848  315   82  212.99555   49.00000  77.0%  37.7  986s
 2873667 1456693   52.83333  247  110  212.99555   49.00000  77.0%  37.7  990s
 2892228 1467253 infeasible  271       212.99555   49.00000  77.0%  37.8  995s
 2912770 1475307   61.61209  268  137  212.99555   49.00000  77.0%  37.8 1000s
 2921999 1477980   60.66674  260  130  212.99555   49.00000  77.0%  37.8 1005s
 2929301 1484364  134.66706  271  118  212.99555   49.00000  77.0%  37.9 1010s
 2942359 1487060 infeasible  254       212.99555   49.00000  77.0%  37.9 1027s
 2951289 1492530   55.33348  248  134  212.99555   49.00000  77.0%  37.9 1031s
 2967157 1500656 infeasible  254       212.99555   49.00000  77.0%  37.9 1035s
 2985414 1507361   75.85645  288   96  212.99555   49.00000  77.0%  38.0 1045s
 3002349 1515212   49.50461  242  134  212.99555   49.00000  77.0%  38.0 1060s
 3010148 1522249   94.87836  257  168  212.99555   49.00000  77.0%  38.0 1065s
 3032254 1531216  166.16841  238  102  212.99555   49.00000  77.0%  38.1 1070s
 3036374 1531226   51.66667  221  149  212.99555   49.00000  77.0%  38.1 1076s
 3046054 1537492  205.39661  240  109  212.99555   49.00000  77.0%  38.1 1080s
 3068374 1544053 infeasible  272       212.99555   49.00000  77.0%  38.1 1085s
 3068414 1544494  129.66667  273  117  212.99555   49.00000  77.0%  38.1 1091s
 3080479 1550651   63.83333  261  102  212.99555   49.00000  77.0%  38.1 1096s
 3081839 1553276 infeasible  242       212.99555   49.00000  77.0%  38.1 1103s
 3088069 1560247   60.50000  252  114  212.99555   49.00000  77.0%  38.1 1108s
 3103850 1565157  109.67647  269  106  212.99555   49.00000  77.0%  38.2 1111s
 3128369 1572349  139.84765  305   83  212.99555   49.00000  77.0%  38.2 1116s
 3146513 1583352   62.00000  266  115  212.99555   49.00000  77.0%  38.2 1121s
 3165507 1591555     cutoff  268       212.99555   49.00000  77.0%  38.3 1125s
 3177902 1609112   53.33333  258  106  212.99555   49.00000  77.0%  38.3 1135s
 3210963 1625038   51.66667  248  126  212.99555   49.00000  77.0%  38.3 1142s
 3251756 1629907   68.21029  277  121  212.99555   49.00000  77.0%  38.3 1145s
 3266004 1633238  194.16681  278   98  212.99555   49.00000  77.0%  38.3 1154s
 3266048 1635413  194.66667  279   91  212.99555   49.00000  77.0%  38.3 1155s
 3285680 1643434     cutoff  254       212.99555   49.00000  77.0%  38.3 1160s
 3309766 1654214 infeasible  283       212.99555   49.00000  77.0%  38.3 1166s
 3327556 1660930  130.66841  272  112  212.99555   49.00000  77.0%  38.3 1170s
 3350259 1666817  112.00000  259  125  212.99555   49.00000  77.0%  38.4 1177s
 3359434 1669943 infeasible  277       212.99555   49.00000  77.0%  38.4 1180s
 3360308 1672700 infeasible  283       212.99555   49.00000  77.0%  38.4 1185s
 3383767 1681546  135.84479  287  105  212.99555   49.00000  77.0%  38.4 1190s
 3402017 1693143     cutoff  265       212.99555   49.00000  77.0%  38.4 1195s
 3419364 1696298   90.33798  244   91  212.99555   49.00000  77.0%  38.4 1200s

Cutting planes:
  Learned: 246
  Gomory: 9
  Cover: 151
  Implied bound: 152
  Clique: 14
  MIR: 491
  Flow cover: 1017
  GUB cover: 4
  Relax-and-lift: 287

Cleanup yields a better solution

Explored 3419420 nodes (131316766 simplex iterations) in 1200.02 seconds
Thread count was 32 (of 64 available processors)

Solution count 10: 212.996 213 213 ... 217.331

Time limit reached
Best objective 2.126636951450e+02, best bound 4.900000000000e+01, gap 76.9589%
