
Gurobi 9.1.2 (linux64) logging started Wed Mar 30 05:10:14 2022

Changed value of parameter LogFile to cost226_v-Prague.log
   Prev:   Default: 
Changed value of parameter MIPFocus to 1
   Prev: 0  Min: 0  Max: 3  Default: 0
Changed value of parameter TimeLimit to 600.0
   Prev: inf  Min: 0.0  Max: inf  Default: inf
Warning: variables 0 and 188 have the same name "X[Brussels,Amste...]"
Warning: linear constraint 228 and linear constraint 229 have the same name "weight-constr-t5"
Warning: to let Gurobi read it back, use rlp format
Gurobi Optimizer version 9.1.2 build v9.1.2rc0 (linux64)
Thread count: 32 physical cores, 64 logical processors, using up to 32 threads
Optimize a model with 1356 rows, 1128 columns and 3972 nonzeros
Model fingerprint: 0x78e4284a
Variable types: 222 continuous, 906 integer (906 binary)
Coefficient statistics:
  Matrix range     [1e+00, 1e+06]
  Objective range  [2e-01, 2e-01]
  Bounds range     [1e+00, 5e+05]
  RHS range        [1e+00, 1e+06]
Presolve removed 84 rows and 96 columns
Presolve time: 0.01s
Presolved: 1272 rows, 1032 columns, 6468 nonzeros
Variable types: 216 continuous, 816 integer (816 binary)

Root relaxation: objective 3.600000e+01, 151 iterations, 0.00 seconds

    Nodes    |    Current Node    |     Objective Bounds      |     Work
 Expl Unexpl |  Obj  Depth IntInf | Incumbent    BestBd   Gap | It/Node Time

     0     0   36.00000    0   42          -   36.00000      -     -    0s
     0     0   36.00000    0   44          -   36.00000      -     -    0s
     0     0   36.00000    0   42          -   36.00000      -     -    0s
     0     0   36.00000    0   30          -   36.00000      -     -    0s
     0     0   36.00000    0   26          -   36.00000      -     -    0s
H    0     0                    3213393.5000   36.00000   100%     -    0s
     0     0   36.00000    0   27 3213393.50   36.00000   100%     -    0s
H    0     0                    4144.9581874   36.00000  99.1%     -    0s
H    0     0                    4141.8333333   36.00000  99.1%     -    0s
H    0     0                    4141.6111111   36.00000  99.1%     -    0s
H    0     2                    4141.6111103   36.00000  99.1%     -    0s
     0     2   36.00000    0   27 4141.61111   36.00000  99.1%     -    0s
H    1     4                    4141.6111098   36.00000  99.1%   240    0s
H   32    62                    4141.1111106   36.00000  99.1%  17.1    0s
H   33    62                    4140.6111109   36.00000  99.1%  16.7    0s
H   34    62                    4139.7999997   36.00000  99.1%  16.4    0s
H   37    62                    2096.8333330   36.00000  98.3%  15.8    0s
H   45    62                     798.8333333   36.00000  95.5%  13.8    0s
H   95   126                     614.4999999   36.00000  94.1%  10.9    1s
H   96   126                     355.3333333   36.00000  89.9%  10.9    1s
H  100   126                     313.8333333   36.00000  88.5%  10.5    1s
H  110   126                     209.0000000   36.00000  82.8%  10.3    1s
H  159   190                     167.3333333   36.00000  78.5%   9.0    2s
H  171   190                     161.6666667   36.00000  77.7%   8.6    2s
H  191   222                     148.5833333   36.00000  75.8%   8.5    4s
H  192   222                     111.6666667   36.00000  67.8%   8.5    4s
H  193   222                     109.0000000   36.00000  67.0%   8.6    4s
H  198   222                     101.8333333   36.00000  64.6%   8.6    4s
H  217   222                      97.0000000   36.00000  62.9%   8.3    4s
H  223   254                      96.0000000   36.00000  62.5%   8.3    4s
H  224   254                      95.6666663   36.00000  62.4%   8.4    4s
H  229   254                      95.5000000   36.00000  62.3%   8.3    4s
H  230   254                      95.1666667   36.00000  62.2%   8.2    4s
H  233   254                      95.0000000   36.00000  62.1%   8.3    4s
H  480   499                      94.8333333   36.00000  62.0%   7.5    5s
H  485   499                      94.5833333   36.00000  61.9%   7.4    5s
H  490   499                      94.1666667   36.00000  61.8%   7.4    5s
H  495   499                      94.0000000   36.00000  61.7%   7.4    5s
H  509   499                      93.8333333   36.00000  61.6%   7.3    5s
H  512   531                      93.5000000   36.00000  61.5%   7.3    7s
H  513   531                      93.0000000   36.00000  61.3%   7.3    7s
H  541   531                      92.5000000   36.00000  61.1%   7.2    7s
H  704   786                      92.4166667   36.00000  61.0%   7.3    7s
H 2651  3618                      92.3333333   36.00000  61.0%   6.4    8s
H 5309  5018                      92.3333200   36.00000  61.0%   6.1    8s
H 8233  8465                      92.1472497   36.00000  60.9%   5.9    8s
H 9747  8049                      92.0000000   36.00000  60.9%   5.8    9s
  9835  8137   38.02671   21  156   92.00000   36.00000  60.9%   9.1   11s
H 9836  7734                      91.8333333   36.00000  60.8%   9.1   11s
 10008  7841   41.00000   26  145   91.83333   36.00000  60.8%  14.7   15s
H10257  8023                      91.0000000   36.00000  60.4%  17.4   19s
 10842  9028   36.00000   26   92   91.00000   36.00000  60.4%  19.8   20s
H12808  9666                      90.9999995   36.00000  60.4%  24.6   22s
H14900  8647                      90.9999995   36.00000  60.4%  29.7   23s
H14907  8316                      90.9999995   36.00000  60.4%  29.8   23s
 17189  9734   68.00986   32   66   91.00000   36.00000  60.4%  35.2   26s
 18259 10062   71.00000   34   50   91.00000   36.00000  60.4%  36.8   30s
H19456 10544                      90.0000000   36.00000  60.0%  38.2   31s
H21105 10004                      89.6666665   36.00000  59.9%  40.5   34s
H21215  9678                      89.1666667   36.00000  59.6%  40.8   34s
 21588 10676   39.66667   66  170   89.16667   36.00000  59.6%  41.1   36s
H21600 10404                      89.0000000   36.00000  59.6%  41.1   36s
H23728 10466                      88.8333333   36.00000  59.5%  43.7   39s
H24974 10493                      88.6666667   36.00000  59.4%  44.5   44s
 25216 12275   76.33333   34  100   88.66667   36.00000  59.4%  44.7   47s
H26271 12275                      88.6666667   36.00000  59.4%  45.5   47s
 28126 14896   64.16667   58   69   88.66667   36.00000  59.4%  46.7   50s
 32454 18550   69.00000   58   53   88.66667   36.00000  59.4%  49.7   55s
H33903 18550                      88.6666665   36.00000  59.4%  50.3   55s
H40631 20075                      88.6666665   36.00000  59.4%  52.6   58s
 40700 22506   79.83333   58   73   88.66667   36.00000  59.4%  52.7   60s
H40954 22506                      88.6666664   36.00000  59.4%  52.6   60s
H43922 22506                      88.6666663   36.00000  59.4%  53.0   60s
 44522 22531   42.50049   50  113   88.66667   36.00000  59.4%  53.1   68s
 44560 24291   42.66667   51  107   88.66667   36.00000  59.4%  53.1   72s
 49368 28959   36.58333   41  155   88.66667   36.00000  59.4%  54.9   78s
 53686 30914   42.00354   95   84   88.66667   36.00000  59.4%  55.7   81s
H54225 30914                      88.6666663   36.00000  59.4%  55.7   81s
H57176 33545                      88.6666662   36.00000  59.4%  56.1   84s
 60772 35938   36.00000   55  124   88.66667   36.00000  59.4%  56.4   87s
H60800 35938                      88.6666662   36.00000  59.4%  56.4   87s
H61764 35938                      88.6666662   36.00000  59.4%  56.5   87s
H62507 35938                      88.6666661   36.00000  59.4%  56.4   87s
 64450 41930   36.00000   44  118   88.66667   36.00000  59.4%  56.6   93s
H64902 41930                      88.6666661   36.00000  59.4%  56.7   93s
 73896 42934   37.83333   46   90   88.66667   36.00000  59.4%  56.6   95s
 75629 42949   39.83333   51   86   88.66667   36.00000  59.4%  56.8  103s
H75647 42949                      88.6666659   36.00000  59.4%  56.8  103s
 75678 45721   39.83333   52   82   88.66667   36.00000  59.4%  56.8  106s
H75923 45721                      88.6666659   36.00000  59.4%  56.8  106s
H76742 45721                      88.6666656   36.00000  59.4%  56.8  106s
H80227 45748                      88.6666655   36.00000  59.4%  57.0  114s
H80234 45748                      88.6666655   36.00000  59.4%  57.0  114s
H80235 45748                      88.6666653   36.00000  59.4%  57.0  114s
 80264 48460   36.00000   37  122   88.66667   36.00000  59.4%  57.0  117s
H80537 48460                      88.6666649   36.00000  59.4%  57.0  117s
 84640 49723   75.33333   55   78   88.66666   36.00000  59.4%  56.7  121s
H85957 49723                      88.6666649   36.00000  59.4%  56.8  121s
 86372 53258   36.16667   63  130   88.66666   36.00000  59.4%  56.8  126s
H88649 53258                      88.6666648   36.00000  59.4%  56.8  126s
 91635 53324   36.16667   60  121   88.66666   36.00000  59.4%  56.9  134s
 91735 57811   36.16667   61  126   88.66666   36.00000  59.4%  56.9  138s
H94838 57811                      88.6666641   36.00000  59.4%  56.6  138s
 99955 64242   37.00000   25  107   88.66666   36.00000  59.4%  56.2  145s
 117557 71240   42.33333   68  115   88.66666   36.00000  59.4%  55.8  152s
 121438 74892   36.16667   61  132   88.66666   36.00000  59.4%  55.7  155s
 132625 78499   36.66667   62  112   88.66666   36.00000  59.4%  55.3  164s
 134044 98297   43.50000   49  134   88.66666   36.00000  59.4%  55.4  181s
 166076 103121   36.00000   59  121   88.66666   36.00000  59.4%  56.0  187s
 173868 106523   78.83333   90   82   88.66666   36.00000  59.4%  56.1  192s
H176770 106523                      88.6666641   36.00000  59.4%  56.2  192s
H178585 106547                      88.6666626   36.00000  59.4%  56.3  199s
 178625 110498   61.50000  115   69   88.66666   36.00000  59.4%  56.3  203s
H183136 110498                      88.6666626   36.00000  59.4%  56.3  203s
 185103 113490 infeasible   84        88.66666   36.00000  59.4%  56.4  206s
 189122 117947 infeasible   75        88.66666   36.00000  59.4%  56.8  210s
 195936 123122   74.83333   78   71   88.66666   36.00000  59.4%  56.8  217s
 204569 126586   76.40294   87  113   88.66666   36.00000  59.4%  56.8  220s
 214787 128767   67.16667   87   65   88.66666   36.00000  59.4%  56.8  234s
H214796 128767                      88.6666626   36.00000  59.4%  56.8  234s
H214809 128767                      88.6666626   36.00000  59.4%  56.8  234s
 214828 131227   72.50000   88   64   88.66666   36.00000  59.4%  56.8  238s
 218924 134081   36.16674   71  126   88.66666   36.00000  59.4%  57.3  242s
 222914 138402   40.33333   94  124   88.66666   36.00000  59.4%  57.8  246s
H223101 138402                      88.6666625   36.00000  59.4%  57.8  246s
 228991 142741   36.83333   90  115   88.66666   36.00000  59.4%  58.1  251s
 236638 146379   37.00000   59   94   88.66666   36.00000  59.4%  57.9  255s
H238577 146379                      88.6666624   36.00000  59.4%  58.0  255s
 247179 151852   44.17087  109  114   88.66666   36.00000  59.4%  58.0  262s
 251350 155219 infeasible  129        88.66666   36.00000  59.4%  57.9  267s
 257989 159277   36.66667   79  141   88.66666   36.00000  59.4%  57.8  272s
 264517 164023 infeasible  111        88.66666   36.00000  59.4%  57.9  276s
H271569 164023                      88.6666624   36.00000  59.4%  58.1  276s
 275857 169126   36.00000   58  121   88.66666   36.00000  59.4%  58.0  283s
 280536 173635   36.00000   65  144   88.66666   36.00000  59.4%  57.9  287s
H283073 173635                      88.6666624   36.00000  59.4%  58.0  287s
 287283 177453   44.66667   79   85   88.66666   36.00000  59.4%  58.1  292s
 293937 177461   72.83333   59   88   88.66666   36.00000  59.4%  58.0  299s
 293991 179951   72.83333   60   92   88.66666   36.00000  59.4%  58.1  304s
 298511 184832 infeasible   96        88.66666   36.00000  59.4%  58.0  308s
H302100 184832                      88.6666622   36.00000  59.4%  57.9  308s
 306130 188126   36.00027   41  141   88.66666   36.00000  59.4%  57.9  312s
 311350 191767   37.33333   73  140   88.66666   36.00000  59.4%  57.8  316s
 317880 195719   53.02083   74  114   88.66666   36.00000  59.4%  57.8  321s
 324907 198792   69.51852  111  106   88.66666   36.00000  59.4%  57.8  325s
H332215 202985                      88.6666621   36.00000  59.4%  57.9  329s
H336458 203005                      88.6666621   36.00000  59.4%  58.0  337s
 336502 206818   50.00000   61  117   88.66666   36.00000  59.4%  58.0  341s
 343542 209392   76.16764   69  106   88.66666   36.00000  59.4%  58.2  345s
 347241 214366   37.50000  114  113   88.66666   36.00000  59.4%  58.5  350s
H353934 214366                      88.6666621   36.00000  59.4%  58.7  351s
 360952 219851   45.16667   60  156   88.66666   36.00000  59.4%  58.8  358s
 365741 223868   51.33333   96   65   88.66666   36.00000  59.4%  59.0  362s
H371998 223868                      88.6666621   36.00000  59.4%  59.1  362s
 373011 226675   74.22912   91  136   88.66666   36.00000  59.4%  59.1  367s
 377735 231904   58.33333   83   80   88.66666   36.00000  59.4%  59.2  372s
 386740 234132 infeasible   60        88.66666   36.00000  59.4%  59.5  375s
 390715 237820   45.00047   91  139   88.66666   36.00000  59.4%  59.6  380s
 399651 243216   36.00000   83  106   88.66666   36.00000  59.4%  60.2  387s
 405189 245635   36.16667   77  146   88.66666   36.00000  59.4%  60.4  391s
 409040 245663     cutoff   81        88.66666   36.00000  59.4%  60.5  399s
 409156 262935   38.16667   57  127   88.66666   36.00000  59.4%  60.6  418s
 441188 267475   38.16667   52  128   88.66666   36.00000  59.4%  61.1  423s
H447331 267475                      88.6666621   36.00000  59.4%  61.2  423s
 449583 269401     cutoff   84        88.66666   36.00000  59.4%  61.2  427s
 452736 272317   47.18182   83  135   88.66666   36.00000  59.4%  61.4  431s
 457639 276456   85.16667   80   92   88.66666   36.00000  59.4%  61.5  435s
H458909 276456                      88.6666621   36.00000  59.4%  61.6  435s
 463857 279130   43.42019  102  113   88.66666   36.00000  59.4%  61.8  440s
H465067 279130                      88.6666621   36.00000  59.4%  61.8  440s
 473309 287448   36.16667   54  134   88.66666   36.00000  59.4%  62.0  448s
 483174 288916     cutoff   68        88.66666   36.00000  59.4%  62.1  452s
 485701 292460   74.56498  111  150   88.66666   36.00000  59.4%  62.2  455s
 495886 297499   72.83551   60  151   88.66666   36.00000  59.4%  62.3  462s
 500975 299960   36.33333   76  148   88.66666   36.00000  59.4%  62.4  466s
 505038 305136 infeasible   85        88.66666   36.00000  59.4%  62.5  471s
 516971 308713   36.76239   73  141   88.66666   36.00000  59.4%  62.6  477s
 521166 310927   49.33333   98   94   88.66666   36.00000  59.4%  62.7  481s
 524445 310946   48.95238   81  127   88.66666   36.00000  59.4%  62.8  490s
 530357 316845   37.01389   88  124   88.66666   36.00000  59.4%  62.9  498s
 534906 322061 infeasible   87        88.66666   36.00000  59.4%  63.0  502s
 544206 324694   73.83333   98  123   88.66666   36.00000  59.4%  63.2  506s
 554218 329668   40.68116  107  139   88.66666   36.00000  59.4%  63.3  513s
 558088 331376   36.00000   65  132   88.66666   36.00000  59.4%  63.3  517s
 561124 334040   42.50000   78  144   88.66666   36.00000  59.4%  63.5  521s
 565977 338515   40.20307   75  173   88.66666   36.00000  59.4%  63.6  526s
 574346 340590   58.50000   91   86   88.66666   36.00000  59.4%  63.7  530s
 583690 346339   55.08383  101  135   88.66666   36.00000  59.4%  63.9  537s
 587191 346314 infeasible   91        88.66666   36.00000  59.4%  63.9  545s
 591916 352373   36.36667   65  124   88.66666   36.00000  59.4%  63.9  554s
 599035 354146 infeasible  104        88.66666   36.00000  59.4%  64.1  559s
 601883 361083   75.83333   68  103   88.66666   36.00000  59.4%  64.2  567s
 614994 363776   36.16679   77  131   88.66666   36.00000  59.4%  64.4  571s
 619401 368349 infeasible   88        88.66666   36.00000  59.4%  64.5  576s
 628195 371927   36.50000   72  125   88.66666   36.00000  59.4%  64.5  582s
 634677 374551   36.00064   64  187   88.66666   36.00000  59.4%  64.6  586s
 639411 374570   60.66667   92  111   88.66666   36.00000  59.4%  64.6  594s
 639455 377163 infeasible   93        88.66666   36.00000  59.4%  64.6  598s
 644703 379272   62.83333  112   84   88.66666   36.00000  59.4%  64.7  600s

Cutting planes:
  Learned: 202
  Gomory: 9
  Cover: 150
  Implied bound: 101
  Clique: 44
  MIR: 643
  StrongCG: 1
  Flow cover: 1270
  GUB cover: 1
  Zero half: 3
  RLT: 272
  Relax-and-lift: 258

Cleanup yields a better solution

Explored 648544 nodes (41994205 simplex iterations) in 600.05 seconds
Thread count was 32 (of 64 available processors)

Solution count 10: 88.6667 88.6667 88.6667 ... 88.6667

Time limit reached
Best objective 8.864734401033e+01, best bound 3.600000000000e+01, gap 59.3896%

Gurobi 9.1.2 (linux64) logging started Tue Apr  5 06:03:43 2022

Changed value of parameter LogFile to cost226_v-Prague.log
   Prev:   Default: 
Changed value of parameter MIPFocus to 1
   Prev: 0  Min: 0  Max: 3  Default: 0
Changed value of parameter TimeLimit to 1200.0
   Prev: inf  Min: 0.0  Max: inf  Default: inf
Warning: variables 0 and 188 have the same name "X[Lyon,Paris]"
Warning: linear constraint 228 and linear constraint 229 have the same name "weight-constr-t5"
Warning: to let Gurobi read it back, use rlp format
Gurobi Optimizer version 9.1.2 build v9.1.2rc0 (linux64)
Thread count: 32 physical cores, 64 logical processors, using up to 32 threads
Optimize a model with 1356 rows, 1128 columns and 3972 nonzeros
Model fingerprint: 0xb40bd252
Variable types: 222 continuous, 906 integer (906 binary)
Coefficient statistics:
  Matrix range     [1e+00, 1e+06]
  Objective range  [2e-01, 2e-01]
  Bounds range     [1e+00, 5e+05]
  RHS range        [1e+00, 1e+06]
Presolve removed 84 rows and 96 columns
Presolve time: 0.01s
Presolved: 1272 rows, 1032 columns, 6468 nonzeros
Variable types: 216 continuous, 816 integer (816 binary)

Root relaxation: objective 3.600000e+01, 150 iterations, 0.00 seconds

    Nodes    |    Current Node    |     Objective Bounds      |     Work
 Expl Unexpl |  Obj  Depth IntInf | Incumbent    BestBd   Gap | It/Node Time

     0     0   36.00000    0   40          -   36.00000      -     -    0s
     0     0   36.00000    0   44          -   36.00000      -     -    0s
     0     0   36.00000    0   34          -   36.00000      -     -    0s
     0     0   36.00000    0   34          -   36.00000      -     -    0s
     0     0   36.00000    0   32          -   36.00000      -     -    0s
H    0     0                    3276853.1667   36.00000   100%     -    0s
     0     0   36.00000    0   32 3276853.17   36.00000   100%     -    0s
H    0     0                     620.4583284   36.00000  94.2%     -    0s
H    0     0                     614.3333333   36.00000  94.1%     -    0s
H    0     0                     611.0000000   36.00000  94.1%     -    0s
H    0     0                     609.0000000   36.00000  94.1%     -    0s
H    0     2                     224.3333333   36.00000  84.0%     -    0s
     0     2   36.00000    0   32  224.33333   36.00000  84.0%     -    0s
H   31    60                     160.1666667   36.00000  77.5%  16.6    0s
H   43    60                     136.3333333   36.00000  73.6%  13.1    0s
H   93   124                     133.6666667   36.00000  73.1%  12.5    1s
H   96   124                     133.5000000   36.00000  73.0%  12.7    1s
H  100   124                     129.1666667   36.00000  72.1%  12.3    1s
H  104   124                     128.6666667   36.00000  72.0%  12.5    1s
H  110   124                     125.5000000   36.00000  71.3%  12.3    1s
H  158   180                     125.3333333   36.00000  71.3%  10.9    2s
H  159   180                     125.1666667   36.00000  71.2%  10.9    2s
H  162   180                     125.0000000   36.00000  71.2%  10.9    2s
H  189   212                     124.8333333   36.00000  71.2%  10.5    4s
H  193   212                     124.8333333   36.00000  71.2%  10.5    4s
H  203   212                     124.5000000   36.00000  71.1%  10.2    4s
   477   493   44.00000   16   28  124.50000   36.00000  71.1%   8.6    5s
H  500   493                     124.4999998   36.00000  71.1%   8.4    5s
H  645  1504                     124.4999997   36.00000  71.1%   8.3    5s
H 1602  1534                     122.6666667   36.00000  70.7%   7.1    5s
H 1629  1534                     121.6666667   36.00000  70.4%   7.1    5s
H 1630  2297                     116.6666667   36.00000  69.1%   7.1    5s
H 1651  2297                     116.5000000   36.00000  69.1%   7.1    5s
H 1757  2297                     106.5000000   36.00000  66.2%   7.2    5s
H 1960  2297                      99.1666667   36.00000  63.7%   7.1    5s
H 2471  2445                      97.1666667   36.00000  63.0%   6.8    6s
H 2486  2445                      96.5000000   36.00000  62.7%   6.8    6s
H 2521  2445                      96.3333333   36.00000  62.6%   6.8    6s
H 2612  2445                      93.5000000   36.00000  61.5%   6.8    6s
H 3768  3992                      92.0000000   36.00000  60.9%   6.7    7s
H 4054  3992                      91.8333333   36.00000  60.8%   6.7    7s
  9646  8451   36.00000   21  125   91.83333   36.00000  60.8%   8.5   11s
H 9667  8026                      91.1666667   36.00000  60.5%   8.6   11s
H 9710  7678                      91.0000000   36.00000  60.4%   8.7   14s
  9832  7759   36.00000   24  108   91.00000   36.00000  60.4%   9.0   15s
 10760 10849   36.00000   39   84   91.00000   36.00000  60.4%  10.7   20s
 26662 14255   36.00000   63  130   91.00000   36.00000  60.4%  27.6   25s
 28201 14161   43.00000   73  129   91.00000   36.00000  60.4%  28.9   33s
 28774 13985   43.00000   79  114   91.00000   36.00000  60.4%  29.3   35s
H37345 19516                      90.8333333   36.00000  60.4%  32.8   38s
 40091 21569   62.70817   86  106   90.83333   36.00000  60.4%  33.3   40s
H40200 21546                      90.0000000   36.00000  60.0%  33.3   40s
H41912 21543                      89.8333333   36.00000  59.9%  34.1   40s
H43139 21537                      89.6666667   36.00000  59.9%  34.5   40s
H43575 21553                      89.5000000   36.00000  59.8%  34.6   40s
H43636 24048                      89.3333333   36.00000  59.7%  34.7   42s
H45367 24037                      89.0000000   36.00000  59.6%  35.5   42s
H47862 24090                      88.9999998   36.00000  59.6%  36.6   43s
 52043 26587 infeasible  102        89.00000   36.00000  59.6%  37.3   46s
H52876 26584                      88.8333333   36.00000  59.5%  37.6   46s
H53952 28452                      88.6666667   36.00000  59.4%  37.8   47s
H59973 29911                      88.6666666   36.00000  59.4%  39.4   49s
 60100 32227   74.66667  135   51   88.66667   36.00000  59.4%  39.5   51s
H60200 32227                      88.6666665   36.00000  59.4%  39.5   51s
 72674 39812   60.83333  116   71   88.66667   36.00000  59.4%  42.4   56s
 80370 40965 infeasible  136        88.66667   36.00000  59.4%  43.8   62s
H80384 40965                      88.6666664   36.00000  59.4%  43.8   62s
H80628 43913                      88.6666662   36.00000  59.4%  43.9   64s
H81189 43913                      88.6666661   36.00000  59.4%  43.9   64s
H86500 44068                      88.6666661   36.00000  59.4%  44.5   66s
 94429 51645 infeasible  124        88.66667   36.00000  59.4%  45.2   71s
 103746 52852   88.35487  120   99   88.66667   36.00000  59.4%  45.9   76s
H106534 52968                      88.6666657   36.00000  59.4%  45.9   79s
 106550 55509   47.57038   96   78   88.66667   36.00000  59.4%  45.9   81s
 111056 55635   70.08333  134   51   88.66667   36.00000  59.4%  46.1   85s
 119366 61857   77.01480  108   87   88.66667   36.00000  59.4%  46.4   90s
 137275 68647   61.33333  155   58   88.66667   36.00000  59.4%  47.0   97s
 144370 74166   36.00000   97   80   88.66667   36.00000  59.4%  47.0  102s
 150049 74183   36.83333  108  111   88.66667   36.00000  59.4%  47.1  105s
 156981 81415   58.45833  103  116   88.66667   36.00000  59.4%  47.4  111s
 172766 85856   40.66667   90  118   88.66667   36.00000  59.4%  47.6  115s
 185337 94435   42.00000  124   70   88.66667   36.00000  59.4%  48.0  121s
 193199 94458   36.50196  110  122   88.66667   36.00000  59.4%  48.1  126s
 193240 109621   36.52778  111  117   88.66667   36.00000  59.4%  48.1  136s
 235997 115424   36.04195   91  104   88.66667   36.00000  59.4%  48.4  141s
 244205 121774   37.33333   92   88   88.66667   36.00000  59.4%  48.5  146s
 251832 121798   36.16667  117  100   88.66667   36.00000  59.4%  48.6  152s
 256541 129394   81.00000  156   62   88.66667   36.00000  59.4%  48.8  156s
 268440 132935   50.66667  123   83   88.66667   36.00000  59.4%  49.0  160s
 283568 138368   40.33914  118   90   88.66667   36.00000  59.4%  49.6  166s
 298795 146410   47.50000  119   87   88.66667   36.00000  59.4%  49.8  171s
 303554 146432   82.72104   94   88   88.66667   36.00000  59.4%  49.9  176s
 309064 152047 infeasible  116        88.66667   36.00000  59.4%  49.9  180s
 316159 157310   36.00000   91  105   88.66667   36.00000  59.4%  50.1  185s
 327482 161496   36.16667  106  111   88.66667   36.00000  59.4%  50.5  190s
 344915 166494   50.00631  121   79   88.66667   36.00000  59.4%  50.8  200s
H344945 166494                      88.6666656   36.00000  59.4%  50.8  200s
H350039 168500                      88.6666655   36.00000  59.4%  50.9  202s
 350525 171788   36.00000   94   91   88.66667   36.00000  59.4%  50.9  205s
 365009 176618   38.77778   87   75   88.66667   36.00000  59.4%  51.0  210s
H376498 181285                      88.6666655   36.00000  59.4%  51.1  213s
 377408 184967 infeasible  118        88.66667   36.00000  59.4%  51.1  215s
 385249 184986   84.42206  135  110   88.66667   36.00000  59.4%  51.1  224s
 385294 199019   84.50196  135   98   88.66667   36.00000  59.4%  51.1  234s
 417326 204420 infeasible  131        88.66667   36.00000  59.4%  51.2  236s
 433157 208207     cutoff  129        88.66667   36.00000  59.4%  51.6  241s
 434796 208227   36.77058  109  117   88.66667   36.00000  59.4%  51.7  245s
 441663 214765   42.00000   98  101   88.66667   36.00000  59.4%  51.7  250s
 455954 221004   42.16667  110   75   88.66667   36.00000  59.4%  51.8  255s
 474774 225566   55.16667  132   55   88.66667   36.00000  59.4%  51.7  264s
 474824 228552   55.16667  133   55   88.66667   36.00000  59.4%  51.7  266s
 485682 235003   37.08333   85  122   88.66667   36.00000  59.4%  51.8  271s
 499802 235793     cutoff  117        88.66667   36.00000  59.4%  51.9  277s
H503206 237700                      88.6666548   36.00000  59.4%  52.0  279s
 503430 241914     cutoff  106        88.66665   36.00000  59.4%  52.0  281s
H503744 241914                      88.6666543   36.00000  59.4%  52.0  281s
 520786 247756   86.83333  155   62   88.66665   36.00000  59.4%  52.0  285s
 527158 247783   86.16667  127   72   88.66665   36.00000  59.4%  52.0  291s
 531612 252195     cutoff   82        88.66665   36.00000  59.4%  52.0  295s
 544555 258500   59.50252  112   75   88.66665   36.00000  59.4%  52.0  301s
 551640 258562     cutoff  121        88.66665   36.00000  59.4%  52.1  307s
 555275 262259   46.67253  121   71   88.66665   36.00000  59.4%  52.1  311s
 564468 267689   78.71575  112  104   88.66665   36.00000  59.4%  52.1  315s
 580134 274196   54.46588  131   86   88.66665   36.00000  59.4%  52.1  325s
 584635 285775     cutoff  106        88.66665   36.00000  59.4%  52.2  331s
 617508 292174   82.35289   96  119   88.66665   36.00000  59.4%  52.1  336s
 626205 292189   37.00391  106  131   88.66665   36.00000  59.4%  52.1  340s
 634655 298965   39.01050  112  130   88.66665   36.00000  59.4%  52.1  345s
 646154 301569   78.50000  124   52   88.66665   36.00000  59.4%  52.2  352s
 646193 306068   87.00000  125   59   88.66665   36.00000  59.4%  52.2  355s
 666525 311847   87.83333  104   69   88.66665   36.00000  59.4%  52.2  361s
 676225 315444   39.17574  108   98   88.66665   36.00000  59.4%  52.3  369s
 676271 330018   39.50009  109   93   88.66665   36.00000  59.4%  52.3  377s
 708303 331123   65.70139  161   58   88.66665   36.00000  59.4%  52.5  380s
 710993 331664   36.00000  115   80   88.66665   36.00000  59.4%  52.4  386s
 712095 341930 infeasible  116        88.66665   36.00000  59.4%  52.4  392s
 743346 349188   38.33333   87   99   88.66665   36.00000  59.4%  52.4  397s
 757536 355737   46.75000  126   69   88.66665   36.00000  59.4%  52.4  402s
 764059 355755   37.00000   93  123   88.66665   36.00000  59.4%  52.4  408s
 764105 359529   37.33333   94  113   88.66665   36.00000  59.4%  52.4  411s
 772886 365935 infeasible  135        88.66665   36.00000  59.4%  52.5  415s
 791948 371388   84.33333  124   56   88.66665   36.00000  59.4%  52.5  420s
 793968 372673   82.82820  109   81   88.66665   36.00000  59.4%  52.5  426s
 804619 378997   58.00000  146   60   88.66665   36.00000  59.4%  52.5  430s
 818120 386150 infeasible  157        88.66665   36.00000  59.4%  52.5  435s
 825551 386177   44.16667  102   75   88.66665   36.00000  59.4%  52.5  440s
 830768 392082 infeasible  119        88.66665   36.00000  59.4%  52.5  445s
 844701 399230   49.00000  142   67   88.66665   36.00000  59.4%  52.5  450s
 854448 399244 infeasible  121        88.66665   36.00000  59.4%  52.5  456s
 859185 402194   71.71543  108   81   88.66665   36.00000  59.4%  52.5  460s
 869618 411451   36.33333   96   90   88.66665   36.00000  59.4%  52.5  470s
 885991 416626   39.16667  115   85   88.66665   36.00000  59.4%  52.6  475s
 889485 418322   38.66667  104   84   88.66665   36.00000  59.4%  52.6  481s
 895015 422423   36.00000  103  100   88.66665   36.00000  59.4%  52.6  486s
 902141 422446   53.83333  115   73   88.66665   36.00000  59.4%  52.6  492s
 902181 436895     cutoff  116        88.66665   36.00000  59.4%  52.6  501s
 945909 441743   47.38889  128   68   88.66665   36.00000  59.4%  52.5  511s
 952387 447029   53.53906  104   87   88.66665   36.00000  59.4%  52.5  516s
 963289 452439 infeasible  110        88.66665   36.00000  59.4%  52.5  520s
 981452 457829 infeasible  126        88.66665   36.00000  59.4%  52.4  529s
 981496 459069   36.00000  104  104   88.66665   36.00000  59.4%  52.4  531s
 992144 466121   38.50000  118   84   88.66665   36.00000  59.4%  52.5  537s
 1007735 471434 infeasible  109        88.66665   36.00000  59.4%  52.5  540s
 1018385 475539   50.00908  122   56   88.66665   36.00000  59.4%  52.5  545s
 1018990 475560   38.16667  121  104   88.66665   36.00000  59.4%  52.5  550s
 1026848 482555   43.33333  108  117   88.66665   36.00000  59.4%  52.5  556s
 1040881 487768   37.16918  100   91   88.66665   36.00000  59.4%  52.5  560s
 1055546 495816 infeasible  106        88.66665   36.00000  59.4%  52.5  566s
 1069853 499191   52.00000  108   72   88.66665   36.00000  59.4%  52.5  574s
 1069900 500462 infeasible  109        88.66665   36.00000  59.4%  52.5  576s
 1081636 506141   38.06345   82  101   88.66665   36.00000  59.4%  52.5  581s
 1093016 513452   81.39118  107   76   88.66665   36.00000  59.4%  52.5  586s
 1106735 516609   40.00000  113  105   88.66665   36.00000  59.4%  52.5  602s
H1106747 516609                      88.6666532   36.00000  59.4%  52.5  602s
 1108527 518239   70.66667  126   75   88.66665   36.00000  59.4%  52.5  606s
 1115255 519919   41.33333  105   56   88.66665   36.00000  59.4%  52.5  614s
 1115292 521979   51.33333  106   68   88.66665   36.00000  59.4%  52.5  616s
 1119820 525728   86.41500  119   71   88.66665   36.00000  59.4%  52.5  620s
 1134915 532661   41.66667  131   76   88.66665   36.00000  59.4%  52.5  625s
 1153168 537840   37.16667  116  109   88.66665   36.00000  59.4%  52.5  631s
 1162640 541191   36.00000  100  100   88.66665   36.00000  59.4%  52.5  642s
 1162693 555246   36.00000  101  100   88.66665   36.00000  59.4%  52.5  652s
 1194725 559963   38.00000   96  104   88.66665   36.00000  59.4%  52.3  656s
 1211592 563998   36.00000  110   90   88.66665   36.00000  59.4%  52.3  661s
 1219985 568390 infeasible  112        88.66665   36.00000  59.4%  52.4  666s
 1229430 574135   43.66667  109   80   88.66665   36.00000  59.4%  52.4  672s
 1244625 579202   77.16667  101   73   88.66665   36.00000  59.4%  52.4  676s
 1247339 579224 infeasible  104        88.66665   36.00000  59.4%  52.4  682s
 1250066 583928   36.45850   77  122   88.66665   36.00000  59.4%  52.4  687s
 1259966 589092 infeasible  114        88.66665   36.00000  59.4%  52.4  691s
 1273775 592443   38.66667  109   83   88.66665   36.00000  59.4%  52.5  695s
 1282469 596551   65.96434  132   94   88.66665   36.00000  59.4%  52.5  700s
 1293323 602577   61.80303  135   58   88.66665   36.00000  59.4%  52.5  705s
 1309673 609032 infeasible  114        88.66665   36.00000  59.4%  52.4  712s
 1316040 609056     cutoff  125        88.66665   36.00000  59.4%  52.4  718s
 1316080 611163   85.33333  126   92   88.66665   36.00000  59.4%  52.4  720s
 1323459 616501     cutoff  115        88.66665   36.00000  59.4%  52.4  725s
 1341110 622374   39.16667  108   92   88.66665   36.00000  59.4%  52.5  730s
 1350662 627369   52.02737  116  102   88.66665   36.00000  59.4%  52.5  735s
 1361808 633464   39.00000   96  113   88.66665   36.00000  59.4%  52.5  740s
 1370082 633488 infeasible  122        88.66665   36.00000  59.4%  52.5  747s
 1370121 635853     cutoff  123        88.66665   36.00000  59.4%  52.5  750s
 1385849 644046 infeasible  130        88.66665   36.00000  59.4%  52.5  757s
 1398932 649301   54.16667  119   84   88.66665   36.00000  59.4%  52.6  761s
 1409944 653178     cutoff  121        88.66665   36.00000  59.4%  52.6  765s
H1418251 656393                      88.6666331   36.00000  59.4%  52.5  768s
 1420176 658556   87.03172  123   80   88.66663   36.00000  59.4%  52.5  771s
H1422177 658556                      88.6666327   36.00000  59.4%  52.5  771s
 1434773 664992   36.00000  104  101   88.66663   36.00000  59.4%  52.5  777s
 1439129 668059   36.00000  118   97   88.66663   36.00000  59.4%  52.6  780s
 1450239 673074   40.50000   92   94   88.66663   36.00000  59.4%  52.6  785s
 1462288 675959     cutoff   92        88.66663   36.00000  59.4%  52.6  791s
 1473480 681172   85.66667  137   93   88.66663   36.00000  59.4%  52.5  797s
 1485495 686662   57.55440  106  102   88.66663   36.00000  59.4%  52.5  802s
 1489522 690740   38.33333  128   62   88.66663   36.00000  59.4%  52.5  806s
 1499763 692083 infeasible   89        88.66663   36.00000  59.4%  52.5  812s
 1502659 694927   44.55789  114   77   88.66663   36.00000  59.4%  52.5  815s
 1513279 699599   37.33333   96   94   88.66663   36.00000  59.4%  52.5  820s
 1524987 704615 infeasible  103        88.66663   36.00000  59.4%  52.5  826s
 1535831 711558   43.66667  136   61   88.66663   36.00000  59.4%  52.5  830s
 1546891 715835   53.66667  119   84   88.66663   36.00000  59.4%  52.5  836s
 1558060 722811   50.16667  114   90   88.66663   36.00000  59.4%  52.5  841s
 1567074 726926   49.84400  111   95   88.66663   36.00000  59.4%  52.6  846s
 1577159 731725   84.62500  111   91   88.66663   36.00000  59.4%  52.6  852s
 1584835 735715 infeasible  140        88.66663   36.00000  59.4%  52.6  855s
 1602860 742121     cutoff  126        88.66663   36.00000  59.4%  52.6  861s
 1611030 744525   37.66667  105   88   88.66663   36.00000  59.4%  52.6  868s
 1611070 747105   39.53593  106  111   88.66663   36.00000  59.4%  52.6  871s
 1621180 753213   86.60206  140   59   88.66663   36.00000  59.4%  52.5  877s
 1630692 757286   40.87940  112   80   88.66663   36.00000  59.4%  52.5  883s
 1637723 759538   36.00000  116   99   88.66663   36.00000  59.4%  52.5  886s
 1651165 765359   56.33333  145   65   88.66663   36.00000  59.4%  52.5  891s
 1655219 770162 infeasible  124        88.66663   36.00000  59.4%  52.6  895s
 1668189 774206   49.61810  133   90   88.66663   36.00000  59.4%  52.6  900s
 1679994 778662   36.00000   86   85   88.66663   36.00000  59.4%  52.6  905s
 1682844 778765   42.33333   92   86   88.66663   36.00000  59.4%  52.6  910s
 1683078 792626     cutoff   93        88.66663   36.00000  59.4%  52.6  922s
 1715110 792651 infeasible  128        88.66663   36.00000  59.4%  52.6  928s
 1715149 807901   36.36217  105   85   88.66663   36.00000  59.4%  52.6  937s
 1747181 810260 infeasible  120        88.66663   36.00000  59.4%  52.5  940s
 1760243 816726   81.80687  128   83   88.66663   36.00000  59.4%  52.5  946s
 1770698 821406   40.00000   97   96   88.66663   36.00000  59.4%  52.5  951s
 1780176 826966   38.67060  113  112   88.66663   36.00000  59.4%  52.5  957s
 1784556 830856   59.06533  138   64   88.66663   36.00000  59.4%  52.5  960s
 1796702 836242   38.94863  113  123   88.66663   36.00000  59.4%  52.5  965s
 1809064 841136 infeasible  145        88.66663   36.00000  59.4%  52.5  970s
 1821137 846337   37.20833  105   91   88.66663   36.00000  59.4%  52.5  976s
 1833387 851655   44.33333  119   78   88.66663   36.00000  59.4%  52.5  981s
 1843799 856333   37.33333  108   93   88.66663   36.00000  59.4%  52.6  986s
 1847200 860040 infeasible  115        88.66663   36.00000  59.4%  52.6  990s
 1860260 865719   62.50000   97   87   88.66663   36.00000  59.4%  52.6  996s
 1871544 871464   74.00000  101   61   88.66663   36.00000  59.4%  52.6 1002s
 1884415 877027 infeasible  127        88.66663   36.00000  59.4%  52.6 1007s
 1892228 878913   40.27778   84   99   88.66663   36.00000  59.4%  52.6 1010s
 1902907 884119     cutoff   90        88.66663   36.00000  59.4%  52.6 1015s
 1912643 890000   37.23073   98  129   88.66663   36.00000  59.4%  52.7 1020s
 1922973 891266 infeasible  106        88.66663   36.00000  59.4%  52.7 1027s
 1923017 893212 infeasible  105        88.66663   36.00000  59.4%  52.7 1030s
 1932670 897862   50.00000  144   67   88.66663   36.00000  59.4%  52.7 1036s
 1943447 902929   82.33333  111   89   88.66663   36.00000  59.4%  52.6 1042s
 1948611 907177   46.66667   98   70   88.66663   36.00000  59.4%  52.6 1045s
 1967458 911664   77.36220  126   66   88.66663   36.00000  59.4%  52.6 1051s
 1977865 917904   37.66667  102   95   88.66663   36.00000  59.4%  52.6 1056s
 1982679 921981   38.66667  119   97   88.66663   36.00000  59.4%  52.6 1060s
 1993933 926362   66.33333  104   93   88.66663   36.00000  59.4%  52.6 1065s
 2006049 930809     cutoff  115        88.66663   36.00000  59.4%  52.6 1070s
 2018809 936339   45.50000  105  107   88.66663   36.00000  59.4%  52.6 1075s
 2032692 943790   39.05864  132   87   88.66663   36.00000  59.4%  52.6 1082s
 2043151 948972     cutoff  110        88.66663   36.00000  59.4%  52.6 1087s
 2053031 954622   36.33333   88   97   88.66663   36.00000  59.4%  52.6 1092s
 2060412 954642   53.83333  108   84   88.66663   36.00000  59.4%  52.6 1098s
 2060456 957228   52.83333  105   86   88.66663   36.00000  59.4%  52.6 1100s
 2078155 965856   36.66667   91  113   88.66663   36.00000  59.4%  52.5 1107s
 2083656 970039 infeasible  117        88.66663   36.00000  59.4%  52.5 1110s
 2102700 976367   40.38889  137   83   88.66663   36.00000  59.4%  52.5 1116s
 2108674 981322   56.16667  146   75   88.66663   36.00000  59.4%  52.4 1122s
 2119284 986179 infeasible  127        88.66663   36.00000  59.4%  52.4 1126s
 2128163 991586   37.42928  132  109   88.66663   36.00000  59.4%  52.3 1131s
 2139450 997159   63.83333  121   71   88.66663   36.00000  59.4%  52.3 1138s
 2147256 998460   57.44444  150   90   88.66663   36.00000  59.4%  52.2 1140s
 2156551 1004124   38.00000  108   96   88.66663   36.00000  59.4%  52.2 1145s
 2166436 1009271   38.84115  133  109   88.66663   36.00000  59.4%  52.2 1150s
 2178837 1014203   50.50000  141   97   88.66663   36.00000  59.4%  52.1 1155s
 2184392 1015805   45.54587  102   96   88.66663   36.00000  59.4%  52.1 1163s
 2184431 1018915   48.96415  103   99   88.66663   36.00000  59.4%  52.1 1165s
 2195029 1024568   36.66667  134   87   88.66663   36.00000  59.4%  52.0 1170s
 2206493 1029592     cutoff  105        88.66663   36.00000  59.4%  52.0 1176s
 2223020 1034656   74.50000  146   48   88.66663   36.00000  59.4%  51.9 1181s
 2233993 1040098   39.16864   99   97   88.66663   36.00000  59.4%  51.9 1186s
 2237955 1045230   73.78847   96  111   88.66663   36.00000  59.4%  51.9 1190s
 2251593 1049704     cutoff  158        88.66663   36.00000  59.4%  51.8 1195s
 2269491 1054878     cutoff  100        88.66663   36.00000  59.4%  51.8 1200s

Cutting planes:
  Learned: 149
  Gomory: 35
  Cover: 359
  Implied bound: 104
  Clique: 110
  MIR: 590
  StrongCG: 2
  Flow cover: 1379
  GUB cover: 1
  Zero half: 2
  RLT: 100
  Relax-and-lift: 280

Cleanup yields a better solution

Explored 2269529 nodes (117622108 simplex iterations) in 1200.02 seconds
Thread count was 32 (of 64 available processors)

Solution count 10: 88.6666 88.6667 88.6667 ... 88.8333

Time limit reached
Best objective 8.833331988305e+01, best bound 3.600000000000e+01, gap 59.2453%
