
Gurobi 9.1.2 (linux64) logging started Wed Mar 30 04:10:04 2022

Changed value of parameter LogFile to cost226_v-Dublin.log
   Prev:   Default: 
Changed value of parameter MIPFocus to 1
   Prev: 0  Min: 0  Max: 3  Default: 0
Changed value of parameter TimeLimit to 600.0
   Prev: inf  Min: 0.0  Max: inf  Default: inf
Warning: variables 0 and 188 have the same name "X[Brussels,Amste...]"
Warning: linear constraint 228 and linear constraint 229 have the same name "weight-constr-t5"
Warning: to let Gurobi read it back, use rlp format
Gurobi Optimizer version 9.1.2 build v9.1.2rc0 (linux64)
Thread count: 32 physical cores, 64 logical processors, using up to 32 threads
Optimize a model with 1368 rows, 1128 columns and 4002 nonzeros
Model fingerprint: 0xaf05d8be
Variable types: 222 continuous, 906 integer (906 binary)
Coefficient statistics:
  Matrix range     [1e+00, 1e+06]
  Objective range  [2e-01, 2e-01]
  Bounds range     [1e+00, 5e+05]
  RHS range        [1e+00, 1e+06]
Presolve removed 66 rows and 72 columns
Presolve time: 0.01s
Presolved: 1302 rows, 1056 columns, 6642 nonzeros
Variable types: 216 continuous, 840 integer (840 binary)

Root relaxation: objective 3.600000e+01, 161 iterations, 0.00 seconds

    Nodes    |    Current Node    |     Objective Bounds      |     Work
 Expl Unexpl |  Obj  Depth IntInf | Incumbent    BestBd   Gap | It/Node Time

     0     0   36.00000    0   55          -   36.00000      -     -    0s
H    0     0                    4193.3333237   36.00000  99.1%     -    0s
H    0     0                    4193.1666570   36.00000  99.1%     -    0s
H    0     0                    4192.3333237   36.00000  99.1%     -    0s
H    0     0                    4191.4999903   36.00000  99.1%     -    0s
H    0     0                    4185.3333312   36.00000  99.1%     -    0s
H    0     0                    4136.4999986   36.00000  99.1%     -    0s
     0     0   36.00000    0   75 4136.50000   36.00000  99.1%     -    0s
H    0     0                    1081.5000000   36.00000  96.7%     -    0s
     0     0   36.00000    0   75 1081.50000   36.00000  96.7%     -    0s
     0     0   36.00000    0   34 1081.50000   36.00000  96.7%     -    0s
H    0     0                    1067.4999999   36.00000  96.6%     -    0s
     0     0   36.00000    0   34 1067.50000   36.00000  96.6%     -    0s
     0     0   36.00000    0   44 1067.50000   36.00000  96.6%     -    0s
     0     0   36.00000    0   54 1067.50000   36.00000  96.6%     -    0s
H    0     0                    1066.8333330   36.00000  96.6%     -    0s
     0     0   36.00000    0   43 1066.83333   36.00000  96.6%     -    0s
     0     0   36.00000    0   43 1066.83333   36.00000  96.6%     -    0s
     0     0   36.00000    0   39 1066.83333   36.00000  96.6%     -    0s
H    0     0                     556.8333333   36.00000  93.5%     -    0s
H    0     2                     556.8333333   36.00000  93.5%     -    0s
     0     2   36.00000    0   32  556.83333   36.00000  93.5%     -    0s
H   52    56                     556.6666666   36.00000  93.5%  15.0    0s
H   89   120                     555.6666666   36.00000  93.5%  10.9    1s
H   93   120                     555.1666667   36.00000  93.5%  10.7    1s
H   94   120                     551.5000000   36.00000  93.5%  10.6    1s
H  122   152                     346.6666667   36.00000  89.6%   9.5    1s
H  150   152                     346.1666667   36.00000  89.6%   9.2    1s
H  153   184                     345.1666667   36.00000  89.6%   9.1    3s
H  154   184                     343.0000000   36.00000  89.5%   9.3    3s
H  157   184                     317.1666667   36.00000  88.6%   9.4    3s
H  160   184                     316.1666667   36.00000  88.6%   9.7    3s
H  249   280                     313.0000000   36.00000  88.5%  10.3    3s
H  254   280                     313.0000000   36.00000  88.5%  10.6    3s
H  268   280                     312.9995085   36.00000  88.5%  10.9    3s
H  281   311                     312.7512098   36.00000  88.5%  10.9    3s
H  286   311                     312.7318644   36.00000  88.5%  10.8    3s
H  288   311                     312.0000000   36.00000  88.5%  10.8    3s
  1893  1841 infeasible   72       312.00000   36.00000  88.5%   7.7    5s
H 1937  1870                     312.0000000   36.00000  88.5%   7.6    6s
H 2865  2779                     311.9999999   36.00000  88.5%   7.2    6s
H 3855  3874                     311.9999999   36.00000  88.5%   6.9    6s
H 5387  4805                     311.9999995   36.00000  88.5%   6.8    8s
H 6687  6091                     311.9999994   36.00000  88.5%   6.6    8s
H 6781  6091                     311.9999993   36.00000  88.5%   6.6    8s
  8435  7346   36.00000   17  146  312.00000   36.00000  88.5%   8.9   11s
H 8967  7308                     308.6666667   36.00000  88.3%   9.4   12s
H 9847  8796                     307.6666667   36.00000  88.3%  10.5   13s
H11521  9028                     302.8333333   36.00000  88.1%  11.4   14s
H11714  8652                     300.0833333   36.00000  88.0%  11.5   14s
H12668  8032                     292.5000000   36.00000  87.7%  12.1   14s
H12806  8171                     292.1666667   36.00000  87.7%  12.4   14s
H12913  7870                     292.0000000   36.00000  87.7%  12.5   14s
H12934  7609                     288.1666667   36.00000  87.5%  12.5   14s
H13040  7333                     285.6666667   36.00000  87.4%  12.6   14s
 13479  7775   39.42350   78   91  285.66667   36.00000  87.4%  13.0   15s
H13500  7525                     284.0000000   36.00000  87.3%  13.0   15s
H13530  7283                     280.6666667   36.00000  87.2%  13.1   15s
H14126  6877                     280.3333333   36.00000  87.2%  13.5   15s
H14363  9521                     280.1666667   36.00000  87.2%  13.6   16s
H14527  9281                     280.0000000   36.00000  87.1%  13.6   16s
H14644  9065                     279.3333333   36.00000  87.1%  13.7   16s
H18761  7827                     278.3333333   36.00000  87.1%  16.1   19s
H18767  7826                     277.6666667   36.00000  87.0%  16.1   19s
H18780  7825                     277.5000000   36.00000  87.0%  16.1   19s
 18803  9114  216.33915  129   34  277.50000   36.00000  87.0%  16.2   20s
H21246 10775                     277.3333333   36.00000  87.0%  18.1   20s
H23703 12430                     277.1666667   36.00000  87.0%  19.3   21s
H26842 13152                     277.0000000   36.00000  87.0%  20.5   21s
 36945 21190  165.66667  127   67  277.00000   36.00000  87.0%  23.2   25s
H37888 21190                     276.9999998   36.00000  87.0%  23.3   25s
H40588 22711                     276.9999997   36.00000  87.0%  23.6   25s
H40706 22711                     276.9999808   36.00000  87.0%  23.6   25s
H41213 22711                     276.9999806   36.00000  87.0%  23.7   25s
H42048 22711                     276.9999805   36.00000  87.0%  23.8   25s
H42653 22711                     276.5000000   36.00000  87.0%  23.8   25s
H43478 25113                     276.4999999   36.00000  87.0%  23.9   26s
H43478 25113                     276.4999998   36.00000  87.0%  23.9   26s
H43500 25113                     276.4999998   36.00000  87.0%  23.9   26s
H46017 25113                     276.4999997   36.00000  87.0%  24.0   26s
H51321 29558                     276.3333333   36.00000  87.0%  24.4   28s
 57217 33587  206.16667  137   77  276.33333   36.00000  87.0%  25.5   30s
H60392 33616                     276.3333332   36.00000  87.0%  26.0   33s
H60399 33616                     276.3333301   36.00000  87.0%  26.0   33s
H60500 36649                     276.3333300   36.00000  87.0%  26.0   33s
 65304 40684   44.83333   84  106  276.33333   36.00000  87.0%  26.6   35s
H74883 44000                     276.3333285   36.00000  87.0%  27.8   36s
H76811 46359                     276.3333235   36.00000  87.0%  28.0   37s
H76900 46359                     276.3333235   36.00000  87.0%  28.0   37s
H78293 46359                     276.3333203   36.00000  87.0%  28.0   37s
H80976 48096                     276.3333187   36.00000  87.0%  28.2   38s
H81226 48096                     276.3333170   36.00000  87.0%  28.2   38s
H82096 48096                     276.3333169   36.00000  87.0%  28.2   38s
H82618 48096                     276.3333153   36.00000  87.0%  28.3   38s
H86153 51525                     276.3333152   36.00000  87.0%  28.4   39s
 89677 55080  204.23626  106   87  276.33332   36.00000  87.0%  28.7   41s
H96498 58776                     276.3333124   36.00000  87.0%  28.9   43s
 102195 58797   40.66667  121   96  276.33331   36.00000  87.0%  29.1   46s
H102202 58797                     276.3333124   36.00000  87.0%  29.1   46s
H102300 63035                     276.3333074   36.00000  87.0%  29.1   47s
 112324 68196   39.83333  108  103  276.33331   36.00000  87.0%  29.6   50s
 136873 80210 infeasible  113       276.33331   36.00000  87.0%  30.3   55s
 146380 83610   46.83606  141   93  276.33331   36.00000  87.0%  30.6   60s
H151175 86158                     276.3333073   36.00000  87.0%  30.8   61s
H151742 89152                     276.3332998   36.00000  87.0%  30.9   63s
H151982 89152                     276.3332998   36.00000  87.0%  30.9   63s
 157118 93068   57.34256  134   89  276.33330   36.00000  87.0%  31.0   65s
H157659 93068                     276.3332997   36.00000  87.0%  31.1   65s
H174592 100106                     276.3331474   36.00000  87.0%  31.6   69s
 177179 102707   52.83333  117   89  276.33315   36.00000  87.0%  31.7   70s
H177200 102707                     276.3328977   36.00000  87.0%  31.7   70s
H181961 104608                     276.3325122   36.00000  87.0%  31.9   72s
H191794 107318                     276.3324333   36.00000  87.0%  32.1   73s
 197125 109837   38.16735  129  103  276.33243   36.00000  87.0%  32.2   78s
 197241 127268   38.11111  131  104  276.33243   36.00000  87.0%  32.2   84s
 229273 131022  224.16887  101   98  276.33243   36.00000  87.0%  32.8   86s
H236927 134055                     276.3324331   36.00000  87.0%  32.8   87s
 242005 134072 infeasible  146       276.33243   36.00000  87.0%  32.8   90s
H242008 134072                     276.3324330   36.00000  87.0%  32.8   90s
H242078 136231                     276.3324321   36.00000  87.0%  32.8   91s
H243580 136231                     276.3324139   36.00000  87.0%  32.9   91s
H246783 137421                     276.3324092   36.00000  87.0%  32.9   93s
H249045 139650                     276.3324044   36.00000  87.0%  32.9   94s
H253123 142319                     276.3323947   36.00000  87.0%  32.9   96s
 274572 152628  130.70836  145   78  276.33239   36.00000  87.0%  33.1  101s
 297463 163598 infeasible  112       276.33239   36.00000  87.0%  33.2  105s
 318291 173948   36.00000   81  111  276.33239   36.00000  87.0%  33.7  111s
 339059 183979   58.33333  120   80  276.33239   36.00000  87.0%  33.8  115s
 355557 195652   70.50000  127   99  276.33239   36.00000  87.0%  34.2  121s
 370325 202560   42.62509   81  116  276.33239   36.00000  87.0%  34.3  125s
 381879 210972   36.61111  103  125  276.33239   36.00000  87.0%  34.6  131s
 391339 221703     cutoff  129       276.33239   36.00000  87.0%  34.6  136s
 419286 231091  210.83333  131   74  276.33239   36.00000  87.0%  34.8  141s
 427065 231117   36.16667  104  110  276.33239   36.00000  87.0%  34.7  145s
 436425 236054 infeasible  136       276.33239   36.00000  87.0%  34.7  150s
 449136 244299  160.66667  154   72  276.33239   36.00000  87.0%  34.6  156s
 470266 254041 infeasible   89       276.33239   36.00000  87.0%  34.6  161s
 485708 263969   42.00180  111  119  276.33239   36.00000  87.0%  34.9  166s
 501080 270964 infeasible  131       276.33239   36.00000  87.0%  35.0  171s
 517153 279526   36.00000   85  105  276.33239   36.00000  87.0%  35.1  175s
 531565 285910  222.16697  150   51  276.33239   36.00000  87.0%  35.2  180s
 552806 298662  202.02213   99  102  276.33239   36.00000  87.0%  35.2  185s
 573706 307907   48.16712  125   84  276.33239   36.00000  87.0%  35.5  190s
 594586 319627   49.23656  107  116  276.33239   36.00000  87.0%  35.6  195s
 614257 329990   79.34412  143   71  276.33239   36.00000  87.0%  35.8  200s
 635127 339448   50.50161  122   89  276.33239   36.00000  87.0%  36.0  205s
 650735 345656   53.33404  115   98  276.33239   36.00000  87.0%  36.1  210s
 663964 355783   81.50000  125   82  276.33239   36.00000  87.0%  36.3  215s
 687115 366136  228.50000  129   84  276.33239   36.00000  87.0%  36.4  222s
 691790 368712   36.58333   90  114  276.33239   36.00000  87.0%  36.4  226s
 699465 375259   44.50301  110  103  276.33239   36.00000  87.0%  36.4  231s
 703860 377820   36.66667  114  140  276.33239   36.00000  87.0%  36.4  237s
 715017 383998   36.50000  125  118  276.33239   36.00000  87.0%  36.4  240s
 730390 391684 infeasible  114       276.33239   36.00000  87.0%  36.5  245s
 748037 399536  230.34542  112  100  276.33239   36.00000  87.0%  36.6  250s
 764702 409730   40.30556   99  107  276.33239   36.00000  87.0%  36.7  255s
 775800 413312   45.16667  106   93  276.33239   36.00000  87.0%  36.7  260s
 791553 423075  117.83378  105   89  276.33239   36.00000  87.0%  36.7  265s
 798049 427267 infeasible  145       276.33239   36.00000  87.0%  36.7  270s
 817361 435664  209.70904  107   89  276.33239   36.00000  87.0%  36.8  275s
 835753 445680  251.83333  142   46  276.33239   36.00000  87.0%  36.8  280s
 851450 454164     cutoff  150       276.33239   36.00000  87.0%  36.9  285s
 871011 464764     cutoff  130       276.33239   36.00000  87.0%  36.9  290s
 887205 469604   52.16667  113   94  276.33239   36.00000  87.0%  37.0  295s
 899922 478903 infeasible  134       276.33239   36.00000  87.0%  37.0  301s
 915831 487640   43.91777  119  106  276.33239   36.00000  87.0%  37.1  305s
 927655 490500   36.18415  119  109  276.33239   36.00000  87.0%  37.1  310s
 942583 499380  149.00000  140   87  276.33239   36.00000  87.0%  37.0  315s
 960413 508212  114.16667  156   42  276.33239   36.00000  87.0%  37.1  320s
 980455 517435 infeasible  131       276.33239   36.00000  87.0%  37.1  326s
 994097 527892   36.00000   80   96  276.33239   36.00000  87.0%  37.1  331s
 1009790 533906   76.50186  140  109  276.33239   36.00000  87.0%  37.1  335s
 1020837 540695   75.50000  151   85  276.33239   36.00000  87.0%  37.2  341s
 1040768 551156  196.34557  130   56  276.33239   36.00000  87.0%  37.3  345s
 1050417 556189   36.00000   82  132  276.33239   36.00000  87.0%  37.3  350s
 1070105 565984   43.66688  115   94  276.33239   36.00000  87.0%  37.3  356s
 1085915 572471   54.83469  106  102  276.33239   36.00000  87.0%  37.4  362s
 1085951 589057 infeasible  107       276.33239   36.00000  87.0%  37.4  369s
 1117983 592834   38.69542  126  133  276.33239   36.00000  87.0%  37.5  371s
H1125044 593209                     276.3319883   36.00000  87.0%  37.5  374s
H1125210 593209                     276.3262762   36.00000  87.0%  37.5  374s
 1125213 597421  228.83333  166   46  276.32628   36.00000  87.0%  37.5  375s
H1133362 599057                     276.2054338   36.00000  87.0%  37.5  376s
 1142395 602410  205.94032   99  108  276.20543   36.00000  87.0%  37.5  381s
 1153312 612744     cutoff  125       276.20543   36.00000  87.0%  37.6  385s
 1172936 621903   53.83333  135   96  276.20543   36.00000  87.0%  37.6  391s
 1188942 630793  145.33844  134  113  276.20543   36.00000  87.0%  37.7  395s
 1208937 641777   42.41129  139   91  276.20543   36.00000  87.0%  37.7  400s
 1222010 646440   74.00065  131   78  276.20543   36.00000  87.0%  37.8  405s
 1237074 656280 infeasible  152       276.20543   36.00000  87.0%  37.8  410s
 1257275 665419 infeasible  114       276.20543   36.00000  87.0%  37.9  416s
 1266904 674281 infeasible  125       276.20543   36.00000  87.0%  38.0  420s
 1283031 681295  225.16362  136   74  276.20543   36.00000  87.0%  38.0  425s
 1298948 689918 infeasible  129       276.20543   36.00000  87.0%  38.0  430s
 1314310 694187 infeasible  124       276.20543   36.00000  87.0%  38.0  436s
 1326850 700534   43.50139  123   96  276.20543   36.00000  87.0%  38.0  441s
 1345208 710262   36.68182  104  112  276.20543   36.00000  87.0%  38.0  445s
 1351790 711930   91.83594  127   66  276.20543   36.00000  87.0%  38.0  450s
 1368633 724119 infeasible  140       276.20543   36.00000  87.0%  38.0  455s
 1390284 732621  249.50000  122   66  276.20543   36.00000  87.0%  38.0  460s
 1398785 734752 infeasible  109       276.20543   36.00000  87.0%  38.0  465s
 1398828 751298   68.16667  109  105  276.20543   36.00000  87.0%  38.0  471s
 1430908 767557  261.33464  139   77  276.20543   36.00000  87.0%  38.0  480s
 1462996 784029   38.50000   95  114  276.20543   36.00000  87.0%  38.1  490s
 1510467 795559   44.66667  116  104  276.20543   36.00000  87.0%  38.2  496s
 1532358 805195   38.70588   99  141  276.20543   36.00000  87.0%  38.2  501s
 1542626 811495   36.66672  117  144  276.20543   36.00000  87.0%  38.2  505s
 1551800 813169  101.33371  116  104  276.20543   36.00000  87.0%  38.3  511s
 1564079 823061   37.71877  109  117  276.20543   36.00000  87.0%  38.3  516s
 1585671 832689  251.88132  142   58  276.20543   36.00000  87.0%  38.4  520s
 1604919 843130   36.83972  127  137  276.20543   36.00000  87.0%  38.4  525s
 1625713 855364  257.01551  129   89  276.20543   36.00000  87.0%  38.5  531s
 1634199 857967   36.41667  116  100  276.20543   36.00000  87.0%  38.5  535s
 1639735 859637   40.66667   98  130  276.20543   36.00000  87.0%  38.5  540s
 1643825 861297   37.45238  109  124  276.20543   36.00000  87.0%  38.5  545s
 1656131 876075 infeasible  128       276.20543   36.00000  87.0%  38.5  552s
 1683106 880972  208.17048  114   97  276.20543   36.00000  87.0%  38.5  555s
 1705642 891282   36.00000  103  101  276.20543   36.00000  87.0%  38.6  560s
 1726052 900907  170.16667  120   71  276.20543   36.00000  87.0%  38.6  565s
 1736881 907572  149.93816  140   93  276.20543   36.00000  87.0%  38.6  570s
 1751961 915687   37.16667  135   89  276.20543   36.00000  87.0%  38.6  576s
 1767530 920373  258.83333  117   58  276.20543   36.00000  87.0%  38.6  580s
 1781402 930499  253.86115  146   56  276.20543   36.00000  87.0%  38.6  586s
 1803854 940772  269.63649  124   86  276.20543   36.00000  87.0%  38.7  591s
 1820544 950653  186.00000  150   55  276.20543   36.00000  87.0%  38.7  595s
 1830767 953742   44.33333  113  121  276.20543   36.00000  87.0%  38.8  600s

Cutting planes:
  Learned: 169
  Gomory: 15
  Cover: 111
  Implied bound: 110
  Clique: 11
  MIR: 308
  StrongCG: 2
  Flow cover: 788
  GUB cover: 1
  RLT: 5
  Relax-and-lift: 193

Cleanup yields a better solution

Explored 1831646 nodes (71026375 simplex iterations) in 600.01 seconds
Thread count was 32 (of 64 available processors)

Solution count 10: 276.205 276.332 276.333 ... 276.333

Time limit reached
Best objective 2.752114804419e+02, best bound 3.600000000000e+01, gap 86.9192%

Gurobi 9.1.2 (linux64) logging started Tue Apr  5 11:25:05 2022

Changed value of parameter LogFile to cost226_v-Dublin.log
   Prev:   Default: 
Changed value of parameter MIPFocus to 1
   Prev: 0  Min: 0  Max: 3  Default: 0
Changed value of parameter TimeLimit to 1200.0
   Prev: inf  Min: 0.0  Max: inf  Default: inf
Warning: variables 0 and 188 have the same name "X[Lyon,Paris]"
Warning: linear constraint 228 and linear constraint 229 have the same name "weight-constr-t5"
Warning: to let Gurobi read it back, use rlp format
Gurobi Optimizer version 9.1.2 build v9.1.2rc0 (linux64)
Thread count: 32 physical cores, 64 logical processors, using up to 32 threads
Optimize a model with 1368 rows, 1128 columns and 4002 nonzeros
Model fingerprint: 0x744b3251
Variable types: 222 continuous, 906 integer (906 binary)
Coefficient statistics:
  Matrix range     [1e+00, 1e+06]
  Objective range  [2e-01, 2e-01]
  Bounds range     [1e+00, 5e+05]
  RHS range        [1e+00, 1e+06]
Presolve removed 66 rows and 72 columns
Presolve time: 0.01s
Presolved: 1302 rows, 1056 columns, 6642 nonzeros
Variable types: 216 continuous, 840 integer (840 binary)

Root relaxation: objective 3.600000e+01, 169 iterations, 0.00 seconds

    Nodes    |    Current Node    |     Objective Bounds      |     Work
 Expl Unexpl |  Obj  Depth IntInf | Incumbent    BestBd   Gap | It/Node Time

     0     0   36.00000    0   54          -   36.00000      -     -    0s
     0     0   36.00000    0   67          -   36.00000      -     -    0s
     0     0   36.00000    0   67          -   36.00000      -     -    0s
     0     0   36.00000    0   52          -   36.00000      -     -    0s
     0     0   36.00000    0   53          -   36.00000      -     -    0s
     0     0   36.00000    0   54          -   36.00000      -     -    0s
     0     0   36.00000    0   54          -   36.00000      -     -    0s
H    0     0                    1939317.3333   36.00000   100%     -    0s
     0     0   36.00000    0   51 1939317.33   36.00000   100%     -    0s
H    0     0                    2588.6666661   36.00000  98.6%     -    0s
H    0     0                    2153.1666667   36.00000  98.3%     -    0s
H    0     0                     669.6666667   36.00000  94.6%     -    0s
H    0     2                     414.4999999   36.00000  91.3%     -    0s
     0     2   36.00000    0   31  414.50000   36.00000  91.3%     -    0s
H    2     4                     413.5000000   36.00000  91.3%   180    0s
H    3     8                     368.3333333   36.00000  90.2%   125    0s
H    7    16                     368.1666667   36.00000  90.2%  56.4    0s
H    8    16                     368.0000000   36.00000  90.2%  49.9    0s
H   31    64                     348.3333333   36.00000  89.7%  20.2    0s
H   52    64                     348.1666667   36.00000  89.7%  14.8    0s
H   95   128                     347.8333333   36.00000  89.7%  11.9    1s
H   96   128                     284.5000000   36.00000  87.3%  11.8    1s
H  127   159                     281.0000000   36.00000  87.2%  11.3    2s
H  142   159                     280.6666667   36.00000  87.2%  10.8    2s
H  159   191                     280.3333333   36.00000  87.2%  10.6    3s
H  165   191                     280.1666667   36.00000  87.2%  10.7    3s
H  187   191                     279.6666667   36.00000  87.1%  10.0    3s
H  255   289                     277.8333332   36.00000  87.0%   8.9    4s
H  300   668                     277.6666654   36.00000  87.0%   8.9    4s
H  564   668                     277.5000000   36.00000  87.0%   7.7    4s
   673  1490   41.00000   22   30  277.50000   36.00000  87.0%   7.5    5s
H 1002  1490                     277.3333333   36.00000  87.0%   8.0    5s
H 1577  1519                     276.5000000   36.00000  87.0%   7.7    6s
H 1585  1519                     276.3333333   36.00000  87.0%   7.7    6s
H 8086  8173                     276.3333333   36.00000  87.0%   6.5    7s
H 9325  7795                     276.3333332   36.00000  87.0%   6.4    9s
H 9328  7407                     276.3333272   36.00000  87.0%   6.4   10s
H 9362  7082                     276.3333270   36.00000  87.0%   7.9   10s
H 9418  6775                     276.3333233   36.00000  87.0%   8.3   10s
H 9419  6441                     276.3333232   36.00000  87.0%   8.3   10s
H 9420  6123                     276.3333194   36.00000  87.0%   8.3   10s
H 9507  5856                     276.3333194   36.00000  87.0%   8.4   10s
H 9579  5641                     276.3333193   36.00000  87.0%   8.6   11s
H 9593  5364                     276.3333187   36.00000  87.0%   8.6   11s
H 9602  5102                     276.3333155   36.00000  87.0%   8.6   11s
H 9972  5127                     276.3333154   36.00000  87.0%   9.1   11s
H14589  7291                     276.1666667   36.00000  87.0%  13.8   14s
 14737  7882   36.83333   76  133  276.16667   36.00000  87.0%  13.9   15s
 30954 15753   36.33333   96  130  276.16667   36.00000  87.0%  20.5   21s
H30962 15753                     276.1666666   36.00000  87.0%  20.5   21s
H32604 22943                     276.1666649   36.00000  87.0%  21.5   23s
H42956 22943                     276.1666649   36.00000  87.0%  25.1   23s
 44793 26975     cutoff  142       276.16666   36.00000  87.0%  25.9   25s
H45761 26975                     276.1666633   36.00000  87.0%  26.1   25s
H49269 28206                     276.1666631   36.00000  87.0%  27.1   25s
H49916 28206                     276.1666615   36.00000  87.0%  27.3   25s
H52097 30918                     276.1666614   36.00000  87.0%  27.7   26s
H56000 32150                     276.1666614   36.00000  87.0%  27.9   27s
H56807 32150                     276.1666613   36.00000  87.0%  28.2   27s
H58592 34081                     276.1666613   36.00000  87.0%  28.6   28s
H58621 34081                     276.1666597   36.00000  87.0%  28.6   28s
H58702 34081                     276.1666597   36.00000  87.0%  28.6   28s
H58750 34081                     276.1666596   36.00000  87.0%  28.7   28s
H59940 34081                     276.1666593   36.00000  87.0%  29.4   28s
H61300 38798                     276.1666588   36.00000  87.0%  29.9   29s
H62080 38798                     276.1666561   36.00000  87.0%  30.0   29s
H68590 40273                     276.1666560   36.00000  87.0%  31.1   29s
H69709 40273                     276.1666560   36.00000  87.0%  31.1   29s
H70402 40273                     276.1666559   36.00000  87.0%  31.1   29s
 71241 43687   36.00000   52  159  276.16666   36.00000  87.0%  31.1   30s
H78778 45237                     276.1666559   36.00000  87.0%  31.6   30s
H91302 53161                     276.1666559   36.00000  87.0%  32.5   33s
 102774 59270  118.83333  144   97  276.16666   36.00000  87.0%  33.5   35s
 118914 66757  226.33471  150   95  276.16666   36.00000  87.0%  35.2   40s
H124210 68973                     276.1578583   36.00000  87.0%  35.7   41s
H129900 72234                     276.1578312   36.00000  87.0%  36.2   42s
H130088 72234                     276.1578300   36.00000  87.0%  36.2   42s
H137643 73739                     276.1577493   36.00000  87.0%  36.9   43s
H137870 73739                     276.1577461   36.00000  87.0%  36.9   43s
H138455 73739                     276.1577457   36.00000  87.0%  36.9   43s
H138738 73739                     276.1577449   36.00000  87.0%  36.9   43s
 145609 75685 infeasible  139       276.15774   36.00000  87.0%  37.3   45s
H146652 79144                     276.1576545   36.00000  87.0%  37.4   46s
H146800 79144                     276.1576537   36.00000  87.0%  37.4   46s
H147277 79144                     276.1576533   36.00000  87.0%  37.5   46s
H149242 79144                     276.1576524   36.00000  87.0%  37.6   46s
H153593 82081                     276.1576223   36.00000  87.0%  38.0   47s
H155703 82081                     276.1576211   36.00000  87.0%  38.0   47s
 162444 84405   45.16933  114  127  276.15762   36.00000  87.0%  38.3   50s
 188994 97078   81.17067  124   74  276.15762   36.00000  87.0%  39.5   58s
 198433 102786   36.83333  122  117  276.15762   36.00000  87.0%  39.6   60s
 232000 117287   37.16690  106  100  276.15762   36.00000  87.0%  40.6   65s
 248507 127593  207.66667  153   66  276.15762   36.00000  87.0%  41.2   70s
 272144 136449  121.83339  167   68  276.15762   36.00000  87.0%  41.7   75s
 301276 150553  218.33333  151   87  276.15762   36.00000  87.0%  42.1   80s
 331129 163399   36.33338  143  123  276.15762   36.00000  87.0%  42.5   87s
 338237 170338 infeasible  155       276.15762   36.00000  87.0%  42.5   90s
 376604 182707  180.16881  160   46  276.15762   36.00000  87.0%  42.9   96s
 391271 192661 infeasible  146       276.15762   36.00000  87.0%  43.2  100s
 397525 206587  253.94305  143   75  276.15762   36.00000  87.0%  43.3  106s
 439264 211767  172.77442  131   83  276.15762   36.00000  87.0%  43.7  110s
 448115 219533  204.91678  142   99  276.15762   36.00000  87.0%  43.7  116s
 482440 231517  208.16667  164   64  276.15762   36.00000  87.0%  43.9  120s
 505044 239153  220.16667  154   51  276.15762   36.00000  87.0%  44.1  126s
 519149 244398 infeasible  161       276.15762   36.00000  87.0%  44.1  131s
 538084 253216   36.00035  124  115  276.15762   36.00000  87.0%  44.2  136s
 544039 255944   47.00118  155   94  276.15762   36.00000  87.0%  44.2  140s
 568035 266473   39.83333  135  104  276.15762   36.00000  87.0%  44.2  145s
 598355 279824  200.76894  126  121  276.15762   36.00000  87.0%  44.5  150s
 630227 293489  152.00000  155   59  276.15762   36.00000  87.0%  44.6  155s
 661658 308195   43.03970  143  104  276.15762   36.00000  87.0%  44.6  160s
 678483 317660   45.05671  142  116  276.15762   36.00000  87.0%  44.6  165s
 685801 320289  250.00015  164   56  276.15762   36.00000  87.0%  44.7  170s
 696827 326097   43.50000  142   89  276.15762   36.00000  87.0%  44.8  175s
 704929 326127     cutoff  133       276.15762   36.00000  87.0%  44.7  181s
 722695 334830   36.16690  126  121  276.15762   36.00000  87.0%  44.7  185s
 754853 349652   42.50012  150   94  276.15762   36.00000  87.0%  44.8  190s
 787439 361514   99.33333  139   86  276.15762   36.00000  87.0%  44.7  196s
 798358 368649  242.34012  167   54  276.15762   36.00000  87.0%  44.7  200s
 828491 381681  108.16788  131  114  276.15762   36.00000  87.0%  44.7  205s
 838211 397595   37.33333  129  113  276.15762   36.00000  87.0%  44.7  212s
 881061 404798   37.21241  131  116  276.15762   36.00000  87.0%  44.7  215s
 913605 418045  226.00000  150   68  276.15762   36.00000  87.0%  44.8  220s
 929234 423048  127.00000  147   79  276.15762   36.00000  87.0%  44.8  226s
 935615 439319   53.83528  139  100  276.15762   36.00000  87.0%  44.8  232s
 976179 442930  120.50000  160   68  276.15762   36.00000  87.0%  44.7  235s
 998379 453542   69.12500  158   89  276.15762   36.00000  87.0%  44.6  240s
 1030650 471444     cutoff  130       276.15762   36.00000  87.0%  44.6  245s
 1051694 477644     cutoff  118       276.15762   36.00000  87.0%  44.6  251s
 1058909 481470   41.66684  157  102  276.15762   36.00000  87.0%  44.6  256s
 1083114 492289   99.83835  146   81  276.15762   36.00000  87.0%  44.6  260s
 1104806 504903  123.83339  145   70  276.15762   36.00000  87.0%  44.7  265s
 1126005 526617   43.01208  135  117  276.15762   36.00000  87.0%  44.7  272s
 1167448 534380     cutoff  142       276.15762   36.00000  87.0%  44.7  275s
 1183337 541963  149.00017  173   57  276.15762   36.00000  87.0%  44.8  280s
 1211763 555986 infeasible  145       276.15762   36.00000  87.0%  44.8  285s
 1238787 569028 infeasible  128       276.15762   36.00000  87.0%  44.8  290s
 1253615 577498   36.66667  108  125  276.15762   36.00000  87.0%  44.8  295s
 1279639 585932  175.33333  145   79  276.15762   36.00000  87.0%  44.8  300s
 1302933 599957  101.34036  144   71  276.15762   36.00000  87.0%  44.9  305s
 1331241 612162 infeasible  130       276.15762   36.00000  87.0%  44.9  310s
 1344294 614631  157.33333  150   71  276.15762   36.00000  87.0%  44.9  316s
 1344349 629356  188.38889  151   68  276.15762   36.00000  87.0%  44.9  325s
 1387842 637653   38.91667  122  123  276.15762   36.00000  87.0%  44.9  330s
 1416953 651020   52.33356  143   82  276.15762   36.00000  87.0%  44.8  335s
 1432560 657605  251.75448  154   85  276.15762   36.00000  87.0%  44.8  340s
 1450731 665538  220.91678  140   94  276.15762   36.00000  87.0%  44.8  345s
 1456759 665555 infeasible  152       276.15762   36.00000  87.0%  44.8  350s
 1482827 678467   42.66667  116  111  276.15762   36.00000  87.0%  44.9  355s
 1515791 693162   37.50297  112  132  276.15762   36.00000  87.0%  45.0  360s
 1536978 705827 infeasible  152       276.15762   36.00000  87.0%  45.1  365s
 1553405 712119   36.33333  151  103  276.15762   36.00000  87.0%  45.2  370s
 1580054 722136   36.83333  131  104  276.15762   36.00000  87.0%  45.3  376s
 1585314 724745 infeasible  155       276.15762   36.00000  87.0%  45.3  380s
 1604931 738516  130.16751  141   97  276.15762   36.00000  87.0%  45.4  385s
 1622457 744838  188.02947  143   83  276.15762   36.00000  87.0%  45.4  390s
 1632440 750129 infeasible  125       276.15762   36.00000  87.0%  45.4  395s
 1664574 763454  174.50000  153   46  276.15762   36.00000  87.0%  45.5  402s
 1664623 777774  112.50435  153   64  276.15762   36.00000  87.0%  45.5  406s
 1713536 788391  245.83333  167   44  276.15762   36.00000  87.0%  45.4  410s
 1744700 802473  122.50758  147  101  276.15762   36.00000  87.0%  45.5  415s
 1760824 806698 infeasible  126       276.15762   36.00000  87.0%  45.5  420s
 1760868 821142   43.00000  127   99  276.15762   36.00000  87.0%  45.5  425s
 1818962 835922  270.83333  164   73  276.15762   36.00000  87.0%  45.5  430s
 1848945 847016 infeasible  152       276.15762   36.00000  87.0%  45.5  435s
 1855039 865099   39.33333  124  111  276.15762   36.00000  87.0%  45.5  446s
 1896501 873621   61.25437  139   77  276.15762   36.00000  87.0%  45.5  450s
 1927974 885742   36.00000  133  125  276.15762   36.00000  87.0%  45.5  456s
 1948293 894198   47.66690  147   80  276.15762   36.00000  87.0%  45.6  460s
 1973575 904715 infeasible  125       276.15762   36.00000  87.0%  45.7  465s
 1999720 915767 infeasible  151       276.15762   36.00000  87.0%  45.8  470s
 2012737 921944   38.19606  122  136  276.15762   36.00000  87.0%  45.8  475s
 2024815 926092   47.33333  158  114  276.15762   36.00000  87.0%  45.8  480s
 2044087 947106     cutoff  161       276.15762   36.00000  87.0%  45.8  488s
 2076119 947123  236.33667  158   57  276.15762   36.00000  87.0%  45.8  492s
 2076166 961493  241.52949  159   56  276.15762   36.00000  87.0%  45.8  496s
 2129248 972938 infeasible  145       276.15762   36.00000  87.0%  45.8  500s
 2161180 987989   38.33333  146  105  276.15762   36.00000  87.0%  45.8  505s
 2182738 997652 infeasible  174       276.15762   36.00000  87.0%  45.7  510s
 2208249 1007987   77.00000  122   94  276.15762   36.00000  87.0%  45.7  515s
 2223605 1018984   40.33368  132  110  276.15762   36.00000  87.0%  45.8  520s
 2257298 1033577  238.00253  159   58  276.15762   36.00000  87.0%  45.8  525s
 2287560 1047096 infeasible  142       276.15762   36.00000  87.0%  45.8  530s
 2317884 1059189   97.83525  142   87  276.15762   36.00000  87.0%  45.8  535s
 2328446 1078875   58.72317  142   97  276.15762   36.00000  87.0%  45.8  543s
 2366855 1083922 infeasible  146       276.15762   36.00000  87.0%  45.8  545s
 2392046 1097574 infeasible  162       276.15762   36.00000  87.0%  45.8  550s
 2419492 1111296   36.00000  128  117  276.15762   36.00000  87.0%  45.8  555s
 2449370 1127048  162.70939  142   85  276.15762   36.00000  87.0%  45.8  560s
 2454575 1143170 infeasible  123       276.15762   36.00000  87.0%  45.8  566s
 2506367 1155942  129.33333  127   80  276.15762   36.00000  87.0%  45.8  570s
 2537061 1171798  108.33333  134   74  276.15762   36.00000  87.0%  45.8  575s
 2554119 1178300   42.50683  103  128  276.15762   36.00000  87.0%  45.8  580s
 2578728 1193821  181.16667  109  117  276.15762   36.00000  87.0%  45.8  585s
 2600725 1201891  107.50000  131   63  276.15762   36.00000  87.0%  45.7  590s
 2613186 1220669   47.75718  123  150  276.15762   36.00000  87.0%  45.8  598s
 2645218 1224080   36.66667  117  105  276.15762   36.00000  87.0%  45.8  600s
 2662684 1229071     cutoff  133       276.15762   36.00000  87.0%  45.8  605s
 2690606 1242800   36.00000  129   94  276.15762   36.00000  87.0%  45.9  610s
 2719466 1254345   42.50000  110  102  276.15762   36.00000  87.0%  45.9  615s
 2744596 1268562   39.50000  146  121  276.15762   36.00000  87.0%  45.9  620s
 2765460 1278244  233.83333  142   61  276.15762   36.00000  87.0%  45.9  626s
 2789370 1288457   36.00000  135  106  276.15762   36.00000  87.0%  45.9  630s
 2823950 1304578   43.50000  121  107  276.15762   36.00000  87.0%  45.9  635s
 2843324 1311503  121.66735  124  108  276.15762   36.00000  87.0%  45.9  640s
 2843361 1326600  121.66805  125  100  276.15762   36.00000  87.0%  45.9  645s
 2885799 1332477   75.17703  142   79  276.15762   36.00000  87.0%  45.9  654s
 2885842 1336679   72.16667  142   91  276.15762   36.00000  87.0%  45.9  655s
 2894049 1338730  244.33333  199   26  276.15762   36.00000  87.0%  45.9  660s
 2910439 1359971   36.83333  129  128  276.15762   36.00000  87.0%  45.9  672s
 2948848 1365521   80.66667  132   78  276.15762   36.00000  87.0%  45.9  675s
 2980830 1379977   50.34761  136  107  276.15762   36.00000  87.0%  45.8  680s
 3012868 1395299  145.33917  130   86  276.15762   36.00000  87.0%  45.8  685s
 3044007 1410472  129.71231  141   96  276.15762   36.00000  87.0%  45.8  690s
 3068169 1419924   42.00000  143   97  276.15762   36.00000  87.0%  45.8  696s
 3068211 1436775   42.00000  142   95  276.15762   36.00000  87.0%  45.8  700s
 3113554 1443206   63.16747  133   99  276.15762   36.00000  87.0%  45.8  705s
 3137626 1457468   38.16678  137  121  276.15762   36.00000  87.0%  45.8  710s
 3155599 1465015 infeasible  156       276.15762   36.00000  87.0%  45.8  715s
 3175959 1475774  256.66667  138   70  276.15762   36.00000  87.0%  45.7  721s
 3200139 1486517   67.66782  132   84  276.15762   36.00000  87.0%  45.7  725s
 3214515 1494319 infeasible  132       276.15762   36.00000  87.0%  45.7  730s
 3241893 1504398   54.25384  130  100  276.15762   36.00000  87.0%  45.7  735s
 3269989 1516807  153.16667  146   75  276.15762   36.00000  87.0%  45.7  742s
 3283815 1524809   55.83333  135   96  276.15762   36.00000  87.0%  45.7  745s
 3305564 1531793   97.19509  127  113  276.15762   36.00000  87.0%  45.7  751s
 3322883 1540836   52.67347  153  103  276.15762   36.00000  87.0%  45.7  755s
 3331643 1546398   40.33333  139  138  276.15762   36.00000  87.0%  45.8  760s
 3342769 1548734   42.50000  125  124  276.15762   36.00000  87.0%  45.7  766s
 3359654 1556703 infeasible  147       276.15762   36.00000  87.0%  45.8  772s
 3369162 1563762  243.50000  141   57  276.15762   36.00000  87.0%  45.7  775s
 3391319 1574657   60.66754  145   89  276.15762   36.00000  87.0%  45.7  780s
 3421462 1588510   50.16880  129  100  276.15762   36.00000  87.0%  45.7  785s
 3431673 1593934  261.33333  144   75  276.15762   36.00000  87.0%  45.7  790s
 3442364 1596481  232.16932  142   97  276.15762   36.00000  87.0%  45.7  797s
 3442411 1610875  232.33356  144   92  276.15762   36.00000  87.0%  45.7  802s
 3486968 1618709   56.04284  134  123  276.15762   36.00000  87.0%  45.7  805s
 3504395 1627654   36.00000  126  115  276.15762   36.00000  87.0%  45.7  810s
 3526508 1638828   49.66929  131  112  276.15762   36.00000  87.0%  45.7  815s
 3557184 1649971  120.50615  107  125  276.15762   36.00000  87.0%  45.8  820s
 3577181 1662199  141.00000  143   91  276.15762   36.00000  87.0%  45.8  825s
 3606839 1674656     cutoff  131       276.15762   36.00000  87.0%  45.8  831s
 3613161 1679868   82.16985  124  119  276.15762   36.00000  87.0%  45.8  835s
 3640073 1690605   39.16667  121  139  276.15762   36.00000  87.0%  45.8  840s
 3667832 1703432   44.63241  119  129  276.15762   36.00000  87.0%  45.8  845s
 3678302 1710872  124.83414  149  109  276.15762   36.00000  87.0%  45.8  850s
 3707096 1723435   42.83356  131   99  276.15762   36.00000  87.0%  45.8  855s
 3729498 1732678   51.66667  140   92  276.15762   36.00000  87.0%  45.8  860s
 3753477 1745341   56.00000  136   97  276.15762   36.00000  87.0%  45.8  865s
 3780049 1755271   61.16667  138   74  276.15762   36.00000  87.0%  45.8  871s
 3780095 1770490  210.83932  138   83  276.15762   36.00000  87.0%  45.8  875s
 3822684 1775518   41.66672  135   94  276.15762   36.00000  87.0%  45.9  882s
 3840625 1782964   75.00000  152   87  276.15762   36.00000  87.0%  45.9  885s
 3863404 1792261 infeasible  139       276.15762   36.00000  87.0%  45.9  890s
 3871163 1793799  243.50000  156   72  276.15762   36.00000  87.0%  45.9  895s
 3895502 1807315 infeasible  131       276.15762   36.00000  87.0%  45.9  900s
 3923859 1817959   78.66813  138  117  276.15762   36.00000  87.0%  45.9  906s
 3943191 1828901  214.35370  139   84  276.15762   36.00000  87.0%  45.9  910s
 3969054 1835425   43.83333  145   94  276.15762   36.00000  87.0%  45.9  916s
 3983978 1843263   90.00000  169   83  276.15762   36.00000  87.0%  45.9  920s
 4003651 1851416   36.50000  136  106  276.15762   36.00000  87.0%  45.9  925s
 4026149 1858578 infeasible  164       276.15762   36.00000  87.0%  45.9  931s
 4045399 1866681  136.83379  154   85  276.15762   36.00000  87.0%  45.8  937s
 4059774 1873325  146.00184  188   34  276.15762   36.00000  87.0%  45.8  942s
 4070936 1881396  224.17870  152   59  276.15762   36.00000  87.0%  45.8  945s
 4097524 1890517   96.66667  140   65  276.15762   36.00000  87.0%  45.8  950s
 4129745 1908737  107.00000  162   75  276.15762   36.00000  87.0%  45.8  956s
 4145504 1915793   36.34047  114  153  276.15762   36.00000  87.0%  45.8  960s
 4179751 1931775 infeasible  146       276.15762   36.00000  87.0%  45.8  965s
 4208410 1944052   53.83333  128   91  276.15762   36.00000  87.0%  45.8  970s
 4224106 1951550   41.00483  153  111  276.15762   36.00000  87.0%  45.8  975s
 4244724 1958925  221.33458  139   97  276.15762   36.00000  87.0%  45.8  980s
 4264689 1968975 infeasible  169       276.15762   36.00000  87.0%  45.8  985s
 4291982 1982752  121.16667  138   91  276.15762   36.00000  87.0%  45.8  990s
 4310284 1989546   36.33633  127  133  276.15762   36.00000  87.0%  45.8  996s
 4321069 1997642 infeasible  168       276.15762   36.00000  87.0%  45.8 1000s
 4353426 2013038 infeasible  177       276.15762   36.00000  87.0%  45.8 1005s
 4369644 2017090 infeasible  170       276.15762   36.00000  87.0%  45.7 1012s
 4380551 2024955  142.16672  169   57  276.15762   36.00000  87.0%  45.7 1015s
 4397477 2032183  261.50472  157   89  276.15762   36.00000  87.0%  45.7 1020s
 4427791 2046464 infeasible  138       276.15762   36.00000  87.0%  45.7 1025s
 4454123 2058826 infeasible  144       276.15762   36.00000  87.0%  45.7 1030s
 4472207 2067642  163.50140  160   82  276.15762   36.00000  87.0%  45.7 1035s
 4505780 2082101   45.50000  144  101  276.15762   36.00000  87.0%  45.6 1040s
 4529164 2091893 infeasible  133       276.15762   36.00000  87.0%  45.6 1045s
 4554326 2104238   53.83333  162   83  276.15762   36.00000  87.0%  45.6 1050s
 4565249 2106460   45.00052  144   96  276.15762   36.00000  87.0%  45.6 1056s
 4581365 2115165 infeasible  164       276.15762   36.00000  87.0%  45.6 1060s
 4607524 2126315   42.33333  132  103  276.15762   36.00000  87.0%  45.6 1066s
 4608062 2141285   42.91736  133   94  276.15762   36.00000  87.0%  45.6 1070s
 4640152 2156311   76.16667  138  104  276.15762   36.00000  87.0%  45.6 1077s
 4672466 2171340  232.37284  172   54  276.15762   36.00000  87.0%  45.5 1083s
 4704498 2174629 infeasible  144       276.15762   36.00000  87.0%  45.5 1085s
 4733187 2188680   71.97742  166   83  276.15762   36.00000  87.0%  45.5 1090s
 4764434 2202732   59.16784  128   91  276.15762   36.00000  87.0%  45.5 1095s
 4791405 2214143 infeasible  108       276.15762   36.00000  87.0%  45.5 1100s
 4823145 2226806   39.50000  124   96  276.15762   36.00000  87.0%  45.4 1105s
 4852747 2240074   36.06324  134  114  276.15762   36.00000  87.0%  45.4 1110s
 4875035 2251648   37.73333  125  124  276.15762   36.00000  87.0%  45.4 1115s
 4900166 2262577   90.83333  164   67  276.15762   36.00000  87.0%  45.4 1120s
 4912867 2268927  234.58699  135   82  276.15762   36.00000  87.0%  45.4 1125s
 4938470 2282194   36.00000  132  111  276.15762   36.00000  87.0%  45.4 1130s
 4953145 2300225  235.50000  175   48  276.15762   36.00000  87.0%  45.4 1139s
 4985177 2303207  168.50006  193   57  276.15762   36.00000  87.0%  45.4 1141s
 5008678 2312205   45.33333  126   99  276.15762   36.00000  87.0%  45.4 1145s
 5017772 2330912   36.00000  127  104  276.15762   36.00000  87.0%  45.4 1153s
 5049804 2330940   36.50000  119  101  276.15762   36.00000  87.0%  45.4 1157s
 5049840 2346969   36.50000  120  108  276.15762   36.00000  87.0%  45.4 1165s
 5104673 2360980  153.02924  198   88  276.15762   36.00000  87.0%  45.4 1170s
 5127234 2370241   36.66667  143  118  276.15762   36.00000  87.0%  45.3 1175s
 5144674 2379943  145.33356  137   93  276.15762   36.00000  87.0%  45.3 1180s
 5168399 2389214  209.00069  195   39  276.15762   36.00000  87.0%  45.3 1187s
 5177930 2398691     cutoff  173       276.15762   36.00000  87.0%  45.3 1190s
 5200384 2404517   37.18382  138  109  276.15762   36.00000  87.0%  45.3 1197s
 5208600 2411047   48.00178  155   77  276.15762   36.00000  87.0%  45.2 1200s

Cutting planes:
  Learned: 166
  Gomory: 13
  Cover: 113
  Implied bound: 99
  Clique: 12
  MIR: 380
  Flow cover: 858
  GUB cover: 1
  RLT: 6
  Relax-and-lift: 260

Cleanup yields a better solution

Explored 5214899 nodes (235900759 simplex iterations) in 1200.05 seconds
Thread count was 32 (of 64 available processors)

Solution count 10: 276.158 276.167 276.167 ... 276.167

Time limit reached
Best objective 2.690461456720e+02, best bound 3.600000000000e+01, gap 86.6194%
