
Gurobi 9.1.2 (linux64) logging started Wed Mar 30 01:49:39 2022

Changed value of parameter LogFile to cost226_v-Athens.log
   Prev:   Default: 
Changed value of parameter MIPFocus to 1
   Prev: 0  Min: 0  Max: 3  Default: 0
Changed value of parameter TimeLimit to 600.0
   Prev: inf  Min: 0.0  Max: inf  Default: inf
Warning: variables 0 and 188 have the same name "X[Brussels,Amste...]"
Warning: linear constraint 228 and linear constraint 229 have the same name "weight-constr-t5"
Warning: to let Gurobi read it back, use rlp format
Gurobi Optimizer version 9.1.2 build v9.1.2rc0 (linux64)
Thread count: 32 physical cores, 64 logical processors, using up to 32 threads
Optimize a model with 1356 rows, 1128 columns and 3972 nonzeros
Model fingerprint: 0xbee332ad
Variable types: 222 continuous, 906 integer (906 binary)
Coefficient statistics:
  Matrix range     [1e+00, 1e+06]
  Objective range  [2e-01, 2e-01]
  Bounds range     [1e+00, 5e+05]
  RHS range        [1e+00, 1e+06]
Presolve removed 66 rows and 78 columns
Presolve time: 0.01s
Presolved: 1290 rows, 1050 columns, 6672 nonzeros
Variable types: 216 continuous, 834 integer (834 binary)

Root relaxation: objective 3.600000e+01, 151 iterations, 0.00 seconds

    Nodes    |    Current Node    |     Objective Bounds      |     Work
 Expl Unexpl |  Obj  Depth IntInf | Incumbent    BestBd   Gap | It/Node Time

     0     0   36.00000    0   47          -   36.00000      -     -    0s
     0     0   36.00000    0   43          -   36.00000      -     -    0s
     0     0   36.00000    0   45          -   36.00000      -     -    0s
     0     0   36.00000    0   49          -   36.00000      -     -    0s
     0     0   36.00000    0   42          -   36.00000      -     -    0s
     0     0   36.00000    0   36          -   36.00000      -     -    0s
H    0     0                    2542278.6667   36.00000   100%     -    0s
     0     0   36.00000    0   35 2542278.67   36.00000   100%     -    0s
H    0     0                     452.2499955   36.00000  92.0%     -    0s
H    0     0                     449.0000000   36.00000  92.0%     -    0s
H    0     0                     438.5000000   36.00000  91.8%     -    0s
H    0     2                     437.5000000   36.00000  91.8%     -    0s
     0     2   36.00000    0   35  437.50000   36.00000  91.8%     -    0s
H    1     4                     437.4999999   36.00000  91.8%   256    0s
H    2     4                     374.3333333   36.00000  90.4%   130    0s
H   31    60                     374.1666667   36.00000  90.4%  17.3    0s
H   32    60                     359.3333333   36.00000  90.0%  17.0    0s
H   49    60                     355.3333333   36.00000  89.9%  13.4    0s
H   59    60                     329.1666667   36.00000  89.1%  12.7    0s
H   93   124                     221.5833333   36.00000  83.8%  10.4    2s
H  157   188                     221.1666667   36.00000  83.7%   8.6    4s
H  158   188                     219.4166667   36.00000  83.6%   8.6    4s
H  160   188                     218.5000000   36.00000  83.5%   8.5    4s
H  188   188                     218.3333333   36.00000  83.5%   8.1    4s
H  253   284                     217.1666667   36.00000  83.4%   7.5    4s
H  258   284                     217.0000000   36.00000  83.4%   7.4    4s
   669   701   37.00000   25   37  217.00000   36.00000  83.4%   7.0    5s
H 2293  2218                     217.0000000   36.00000  83.4%   6.5    7s
H 5009  4721                     216.9999999   36.00000  83.4%   6.2    9s
H 5024  4721                     216.9999999   36.00000  83.4%   6.2    9s
H 5697  5462                     216.9999999   36.00000  83.4%   6.3    9s
  7293  8481   38.33333   50   29  217.00000   36.00000  83.4%   6.2   10s
H 9847  8177                     216.9999999   36.00000  83.4%   8.2   12s
H 9894  7850                     216.9999997   36.00000  83.4%   8.3   13s
H10011  7522                     216.9999996   36.00000  83.4%   8.6   13s
H10334  7900                     216.9999995   36.00000  83.4%   9.3   13s
H10732  7421                     216.9999995   36.00000  83.4%  10.0   13s
H11634  7480                     216.9999801   36.00000  83.4%  11.2   14s
H11720  7161                     216.9996493   36.00000  83.4%  11.2   16s
H11797  7574                     216.9996483   36.00000  83.4%  11.5   17s
H13923  9415                     215.9166667   36.00000  83.3%  14.2   18s
H16438 10140                     215.7500000   36.00000  83.3%  15.8   18s
H16501  9864                     215.5000000   36.00000  83.3%  15.8   18s
H16749  9538                     215.1666667   36.00000  83.3%  16.1   18s
H17459  9071                     214.9166667   36.00000  83.2%  16.5   18s
H19182  9261                     214.8333333   36.00000  83.2%  17.4   19s
H19200  9048                     214.6666667   36.00000  83.2%  17.4   19s
H19222  8842                     214.5000000   36.00000  83.2%  17.4   19s
H19289  8556                     205.3333333   36.00000  82.5%  17.4   19s
H20268  8175                     204.1666667   36.00000  82.4%  18.0   19s
H20810  8108                     200.0000000   36.00000  82.0%  18.2   21s
H20811  8073                     197.8333314   36.00000  81.8%  18.2   21s
H20818  8072                     197.6666667   36.00000  81.8%  18.2   21s
H20825  8072                     197.3333333   36.00000  81.8%  18.2   21s
H20838  8072                     197.0000000   36.00000  81.7%  18.2   21s
H20878  9419                     196.6666667   36.00000  81.7%  18.3   22s
H21067  9416                     196.0000000   36.00000  81.6%  18.3   22s
H22789 10849                     195.8333333   36.00000  81.6%  19.2   22s
H23293 10849                     195.6666667   36.00000  81.6%  19.4   22s
H24811 12464                     195.6666657   36.00000  81.6%  19.9   23s
H25291 12464                     195.3333333   36.00000  81.6%  20.0   23s
 31229 17403   51.14333  102   60  195.33333   36.00000  81.6%  20.5   25s
H31657 17403                     195.3333333   36.00000  81.6%  20.6   25s
H33140 17403                     195.3333313   36.00000  81.6%  20.6   25s
H33834 17397                     194.0000000   36.00000  81.4%  20.7   25s
H37132 18178                     193.9999999   36.00000  81.4%  20.9   25s
H37674 18178                     193.9999999   36.00000  81.4%  20.9   25s
H38751 18936                     193.9999986   36.00000  81.4%  21.0   26s
H40721 20854                     193.9999986   36.00000  81.4%  21.1   27s
H44088 20851                     193.6666667   36.00000  81.4%  21.1   27s
H46369 22586                     193.6666666   36.00000  81.4%  21.2   28s
H48360 24527                     193.6666627   36.00000  81.4%  21.2   28s
H52687 26207                     193.6666627   36.00000  81.4%  21.3   29s
 55812 28828 infeasible  118       193.66666   36.00000  81.4%  21.4   30s
 70910 33346     cutoff  109       193.66666   36.00000  81.4%  21.9   37s
H71371 33346                     193.6666626   36.00000  81.4%  21.9   37s
H71800 35745                     193.6666625   36.00000  81.4%  22.0   38s
H72173 35745                     193.6666623   36.00000  81.4%  22.0   38s
H73377 35745                     193.6666588   36.00000  81.4%  22.0   38s
H73554 35745                     193.6666558   36.00000  81.4%  22.0   38s
H73740 35745                     193.6666507   36.00000  81.4%  21.9   38s
H77796 37218                     193.6666507   36.00000  81.4%  22.0   39s
H77796 37218                     193.6666506   36.00000  81.4%  22.0   39s
H78245 37218                     193.6666506   36.00000  81.4%  22.0   39s
H78746 37218                     193.6666505   36.00000  81.4%  22.0   39s
 81654 39671 infeasible  105       193.66665   36.00000  81.4%  22.0   40s
 99530 45121   39.50000  107   66  193.66665   36.00000  81.4%  22.5   47s
H99690 45121                     193.6666495   36.00000  81.4%  22.5   47s
H100372 48114                     193.6666495   36.00000  81.4%  22.5   49s
 105870 48131   38.73703   97   80  193.66665   36.00000  81.4%  22.6   53s
H105900 48131                     193.6666482   36.00000  81.4%  22.6   53s
 105916 52995   36.00015   97   86  193.66665   36.00000  81.4%  22.6   55s
H106000 52995                     193.6666481   36.00000  81.4%  22.6   55s
 137011 64726  130.33333  134   49  193.66665   36.00000  81.4%  22.9   60s
 168599 77341  125.33333  109   60  193.66665   36.00000  81.4%  23.2   65s
 189288 88645 infeasible  113       193.66665   36.00000  81.4%  23.4   70s
 211345 96395   96.34052  137   54  193.66665   36.00000  81.4%  23.7   77s
 226018 106039   36.50000   82  103  193.66665   36.00000  81.4%  23.8   80s
 247320 113718     cutoff  124       193.66665   36.00000  81.4%  23.8   85s
 276749 124670   44.33333  100  108  193.66665   36.00000  81.4%  23.7   90s
H297285 133656                     193.6666456   36.00000  81.4%  23.4   93s
H299058 135549                     193.6666455   36.00000  81.4%  23.4   94s
 303208 138171   37.66667   88   94  193.66665   36.00000  81.4%  23.5   95s
 318000 143545   66.83333  119   73  193.66665   36.00000  81.4%  23.6  103s
 318053 158804   66.83333  120   71  193.66665   36.00000  81.4%  23.6  108s
 350085 158826  164.16667  127   51  193.66665   36.00000  81.4%  24.0  115s
 350127 174861  164.16667  128   49  193.66665   36.00000  81.4%  24.0  120s
 390819 182937  140.50000  156   34  193.66665   36.00000  81.4%  24.8  125s
 404140 187355 infeasible  111       193.66665   36.00000  81.4%  25.1  130s
 412070 191011  133.20866  118   57  193.66665   36.00000  81.4%  25.1  137s
 412109 205832  133.61480  119   49  193.66665   36.00000  81.4%  25.1  142s
H416804 205832                     193.6666455   36.00000  81.4%  25.2  142s
H436924 205832                     193.6666453   36.00000  81.4%  25.4  142s
H448843 208634                     193.6666453   36.00000  81.4%  25.5  144s
 450338 211572     cutoff  131       193.66665   36.00000  81.4%  25.5  145s
 476105 220152     cutoff  135       193.66665   36.00000  81.4%  25.5  154s
 476157 233600   83.50011  135   48  193.66665   36.00000  81.4%  25.5  160s
 524600 240849 infeasible  124       193.66665   36.00000  81.4%  25.5  166s
H525827 240849                     193.6666450   36.00000  81.4%  25.5  166s
H526428 243018                     193.6666449   36.00000  81.4%  25.5  167s
H530866 243018                     193.6666448   36.00000  81.4%  25.5  167s
 538420 245723 infeasible  116       193.66664   36.00000  81.4%  25.5  174s
H538439 245723                     193.6666237   36.00000  81.4%  25.5  174s
H538449 245723                     193.6666236   36.00000  81.4%  25.5  174s
H538470 245723                     193.6666148   36.00000  81.4%  25.5  174s
 538481 258493 infeasible  115       193.66661   36.00000  81.4%  25.5  180s
H542003 258493                     193.6666147   36.00000  81.4%  25.4  180s
 592424 268520   41.16667  114   89  193.66661   36.00000  81.4%  25.4  185s
 606225 274017 infeasible  121       193.66661   36.00000  81.4%  25.4  191s
 624454 281140  128.83333  123   56  193.66661   36.00000  81.4%  25.4  195s
 633406 285632   41.50000  138   75  193.66661   36.00000  81.4%  25.4  200s
 656025 294228  101.00046  131   67  193.66661   36.00000  81.4%  25.3  206s
 667430 297656   94.16674  114   80  193.66661   36.00000  81.4%  25.3  213s
H671882 300556                     193.6666131   36.00000  81.4%  25.3  214s
 676195 300571   75.00000  129   64  193.66661   36.00000  81.4%  25.3  219s
 676244 302951   39.83557  130   91  193.66661   36.00000  81.4%  25.3  220s
 697984 310836   55.91674  129   71  193.66661   36.00000  81.4%  25.3  225s
 715802 318429  103.00000  124   52  193.66661   36.00000  81.4%  25.3  230s
 744309 328107  118.16667  121   65  193.66661   36.00000  81.4%  25.3  235s
 760000 333208   40.83558  136   77  193.66661   36.00000  81.4%  25.3  243s
 767474 337104 infeasible  152       193.66661   36.00000  81.4%  25.3  246s
 782477 343452 infeasible  121       193.66661   36.00000  81.4%  25.3  251s
 804101 351333   94.33333  136   58  193.66661   36.00000  81.4%  25.2  255s
 814669 364903   36.66667  122   81  193.66661   36.00000  81.4%  25.3  262s
 854513 369489   46.50000  120   73  193.66661   36.00000  81.4%  25.3  265s
 878532 378237  118.00000  136   67  193.66661   36.00000  81.4%  25.2  270s
 897110 381842   36.00000  122   84  193.66661   36.00000  81.4%  25.2  277s
 897155 382964   36.66667  123   82  193.66661   36.00000  81.4%  25.2  280s
 919285 389425   39.00067  124   84  193.66661   36.00000  81.4%  25.2  285s
 920208 392553   43.83806  131   67  193.66661   36.00000  81.4%  25.2  290s
 932927 396317  171.16667  144   53  193.66661   36.00000  81.4%  25.2  296s
 944290 399399  125.50000  125   64  193.66661   36.00000  81.4%  25.2  301s
 944341 410467  125.50000  126   62  193.66661   36.00000  81.4%  25.2  307s
 983822 415558     cutoff  119       193.66661   36.00000  81.4%  25.2  310s
 998135 418949  139.00000  137   40  193.66661   36.00000  81.4%  25.2  316s
 1015955 426079   39.66667  131   90  193.66661   36.00000  81.4%  25.1  324s
 1015996 427612   39.68004  132   90  193.66661   36.00000  81.4%  25.1  325s
 1030670 432423   59.00000  137   62  193.66661   36.00000  81.4%  25.2  330s
 1031605 434360   65.33333  143   57  193.66661   36.00000  81.4%  25.2  336s
 1036306 445522 infeasible  139       193.66661   36.00000  81.4%  25.1  344s
 1068338 447811     cutoff  143       193.66661   36.00000  81.4%  25.1  346s
 1085855 452036   66.00137  126   57  193.66661   36.00000  81.4%  25.1  353s
 1094832 456177  120.16667  120   53  193.66661   36.00000  81.4%  25.1  355s
 1114576 464531  158.33333  121   51  193.66661   36.00000  81.4%  25.1  360s
 1127295 468515   36.00000  110   85  193.66661   36.00000  81.4%  25.1  365s
 1129329 479036   40.83333  118   73  193.66661   36.00000  81.4%  25.1  370s
 1160824 487164   62.16667  137   64  193.66661   36.00000  81.4%  25.1  376s
 1189345 491221  131.66667  125   57  193.66661   36.00000  81.4%  25.1  380s
 1189457 503552  131.66667  126   55  193.66661   36.00000  81.4%  25.1  385s
 1229735 506764 infeasible  124       193.66661   36.00000  81.4%  25.1  394s
 1229782 508755  113.50000  123   72  193.66661   36.00000  81.4%  25.1  395s
 1238508 513164   74.25490  121   74  193.66661   36.00000  81.4%  25.1  400s
 1264410 520271   79.68498  142   60  193.66661   36.00000  81.4%  25.1  409s
 1264460 521295   79.68498  142   64  193.66661   36.00000  81.4%  25.1  411s
 1277985 524939   36.00000  110   98  193.66661   36.00000  81.4%  25.0  417s
 1287246 531812 infeasible  128       193.66661   36.00000  81.4%  25.0  421s
 1312476 538210   39.00000  122   75  193.66661   36.00000  81.4%  25.0  425s
 1316898 551231   36.33333  118   81  193.66661   36.00000  81.4%  25.0  433s
 1348980 562378   36.33333  108   83  193.66661   36.00000  81.4%  25.0  450s
 1392225 567398  117.66667  123   64  193.66661   36.00000  81.4%  25.0  455s
 1407175 571009   40.33333  131   71  193.66661   36.00000  81.4%  25.0  461s
 1415678 576091   54.50000  127   62  193.66661   36.00000  81.4%  25.0  466s
 1432742 581075   73.62351  128   59  193.66661   36.00000  81.4%  25.0  471s
 1443640 583091  115.97379  118   89  193.66661   36.00000  81.4%  25.0  478s
 1443682 584984  116.00228  119   87  193.66661   36.00000  81.4%  25.0  480s
 1456765 587322   36.66667  115   89  193.66661   36.00000  81.4%  25.0  487s
 1464505 589635   39.66667  127   83  193.66661   36.00000  81.4%  25.0  494s
 1464554 592140   39.67903  128   81  193.66661   36.00000  81.4%  25.0  495s
 1482097 598238   56.50000  129   81  193.66661   36.00000  81.4%  25.0  500s
 1510306 607491   37.83345  128   83  193.66661   36.00000  81.4%  25.0  506s
 1531510 614603   37.33379  110   82  193.66661   36.00000  81.4%  25.0  512s
 1543218 618897  142.27083  140   53  193.66661   36.00000  81.4%  25.0  515s
 1564280 625873   52.83333  127   80  193.66661   36.00000  81.4%  25.0  522s
 1573325 630069   43.83333  126   81  193.66661   36.00000  81.4%  25.0  526s
 1591617 636674   37.00000  119   94  193.66661   36.00000  81.4%  25.0  530s
 1600892 639895   65.41733  137   60  193.66661   36.00000  81.4%  25.0  535s
 1622528 647740 infeasible  127       193.66661   36.00000  81.4%  25.0  540s
 1648464 656410   36.50000  126   76  193.66661   36.00000  81.4%  25.0  545s
 1670982 665668   37.00000  124   72  193.66661   36.00000  81.4%  25.0  551s
 1693155 670478  117.50000  126   60  193.66661   36.00000  81.4%  25.0  556s
 1710696 678035   54.00000  114   90  193.66661   36.00000  81.4%  25.0  561s
 1727375 681332 infeasible  140       193.66661   36.00000  81.4%  25.0  567s
 1734606 686182     cutoff  136       193.66661   36.00000  81.4%  25.0  571s
 1757202 693108   53.50120  116   69  193.66661   36.00000  81.4%  25.0  575s
 1761945 693398     cutoff  121       193.66661   36.00000  81.4%  25.0  581s
 1776347 700465     cutoff  117       193.66661   36.00000  81.4%  25.0  585s
 1786815 703284   44.50000  125   78  193.66661   36.00000  81.4%  25.0  590s
 1812864 712571  116.91578  125   75  193.66661   36.00000  81.4%  25.0  595s
 1828204 716978   37.00000  123   74  193.66661   36.00000  81.4%  25.0  600s

Cutting planes:
  Learned: 145
  Gomory: 10
  Cover: 79
  Implied bound: 70
  Clique: 3
  MIR: 373
  Flow cover: 801
  GUB cover: 1
  RLT: 5
  Relax-and-lift: 231

Explored 1829453 nodes (45736907 simplex iterations) in 600.02 seconds
Thread count was 32 (of 64 available processors)

Solution count 10: 193.667 193.667 193.667 ... 193.667

Time limit reached
Best objective 1.936666130907e+02, best bound 3.600000000000e+01, gap 81.4114%

Gurobi 9.1.2 (linux64) logging started Tue Apr  5 06:43:52 2022

Changed value of parameter LogFile to cost226_v-Athens.log
   Prev:   Default: 
Changed value of parameter MIPFocus to 1
   Prev: 0  Min: 0  Max: 3  Default: 0
Changed value of parameter TimeLimit to 1200.0
   Prev: inf  Min: 0.0  Max: inf  Default: inf
Warning: variables 0 and 188 have the same name "X[Lyon,Paris]"
Warning: linear constraint 228 and linear constraint 229 have the same name "weight-constr-t5"
Warning: to let Gurobi read it back, use rlp format
Gurobi Optimizer version 9.1.2 build v9.1.2rc0 (linux64)
Thread count: 32 physical cores, 64 logical processors, using up to 32 threads
Optimize a model with 1356 rows, 1128 columns and 3972 nonzeros
Model fingerprint: 0xdc0d7d32
Variable types: 222 continuous, 906 integer (906 binary)
Coefficient statistics:
  Matrix range     [1e+00, 1e+06]
  Objective range  [2e-01, 2e-01]
  Bounds range     [1e+00, 5e+05]
  RHS range        [1e+00, 1e+06]
Presolve removed 66 rows and 78 columns
Presolve time: 0.01s
Presolved: 1290 rows, 1050 columns, 6672 nonzeros
Variable types: 216 continuous, 834 integer (834 binary)

Root relaxation: objective 3.600000e+01, 151 iterations, 0.00 seconds

    Nodes    |    Current Node    |     Objective Bounds      |     Work
 Expl Unexpl |  Obj  Depth IntInf | Incumbent    BestBd   Gap | It/Node Time

     0     0   36.00000    0   46          -   36.00000      -     -    0s
     0     0   36.00000    0   49          -   36.00000      -     -    0s
     0     0   36.00000    0   51          -   36.00000      -     -    0s
     0     0   36.00000    0   41          -   36.00000      -     -    0s
     0     0   36.00000    0   31          -   36.00000      -     -    0s
     0     0   36.00000    0   32          -   36.00000      -     -    0s
     0     0   36.00000    0   34          -   36.00000      -     -    0s
     0     0   36.00000    0   34          -   36.00000      -     -    0s
H    0     0                    2416245.3333   36.00000   100%     -    0s
     0     0   36.00000    0   32 2416245.33   36.00000   100%     -    0s
H    0     0                    8833.5011875   36.00000   100%     -    0s
H    0     0                    8407.8333333   36.00000   100%     -    0s
H    0     2                    1246.8333329   36.00000  97.1%     -    0s
     0     2   36.00000    0   32 1246.83333   36.00000  97.1%     -    0s
H   31    58                    1225.8333331   36.00000  97.1%  26.2    0s
H   32    58                    1204.7499998   36.00000  97.0%  26.0    0s
H   37    58                     714.8333333   36.00000  95.0%  23.7    0s
H   93   122                     557.6666665   36.00000  93.5%  13.6    1s
H   94   122                     397.0000000   36.00000  90.9%  13.6    1s
H   99   122                     342.0000000   36.00000  89.5%  13.1    1s
H  117   122                     338.5000000   36.00000  89.4%  12.0    1s
H  157   186                     314.3333333   36.00000  88.5%  10.0    2s
H  159   186                     313.8333333   36.00000  88.5%  10.0    2s
H  161   186                     313.3333333   36.00000  88.5%   9.9    2s
H  163   186                     313.0000000   36.00000  88.5%   9.8    2s
H  176   186                     269.1666667   36.00000  86.6%   9.5    2s
H  189   218                     225.0000000   36.00000  84.0%   9.1    3s
H  190   218                     210.0000000   36.00000  82.9%   9.1    3s
H  191   218                     206.0000000   36.00000  82.5%   9.1    3s
H  192   218                     203.1666667   36.00000  82.3%   9.1    3s
H  199   218                     201.6666667   36.00000  82.1%   9.1    3s
H  221   249                     201.4166667   36.00000  82.1%   8.7    3s
H  222   249                     200.8333333   36.00000  82.1%   8.6    3s
H  228   249                     200.5000000   36.00000  82.0%   8.6    3s
H  229   249                     199.8333333   36.00000  82.0%   8.6    3s
H  254   281                     199.6666667   36.00000  82.0%   8.3    4s
H  255   281                     199.1666667   36.00000  81.9%   8.3    4s
H  265   281                     198.6666667   36.00000  81.9%   8.2    4s
H  275   281                     198.5000000   36.00000  81.9%   8.1    4s
H  286   313                     198.3333333   36.00000  81.8%   8.1    5s
H  289   313                     197.1666667   36.00000  81.7%   8.2    5s
H 1849  1826                     196.6666667   36.00000  81.7%   6.7    6s
H 1882  1871                     196.3333333   36.00000  81.7%   6.7    7s
H 1897  1871                     196.3333249   36.00000  81.7%   6.7    7s
H 5500  5605                     196.3333227   36.00000  81.7%   6.1    7s
H 6232  6116                     196.3333205   36.00000  81.7%   6.1    7s
H 6251  6116                     196.3333192   36.00000  81.7%   6.1    7s
H 6300  6116                     196.3333135   36.00000  81.7%   6.1    7s
H 6375  6116                     196.3333134   36.00000  81.7%   6.1    7s
H 6824  6151                     196.3333133   36.00000  81.7%   6.1    8s
H 6828  6151                     196.3333133   36.00000  81.7%   6.1    8s
 11052  9851   36.00000   20  179  196.33331   36.00000  81.7%   7.7   10s
H11057  9361                     196.3333132   36.00000  81.7%   7.8   10s
H11072  8892                     196.3333113   36.00000  81.7%   7.8   10s
H11116  8481                     196.3333092   36.00000  81.7%   8.0   10s
H11121  8060                     196.3333050   36.00000  81.7%   8.0   10s
H11211  7714                     196.3333050   36.00000  81.7%   8.2   10s
H11221  7334                     196.3333049   36.00000  81.7%   8.2   10s
H11270  7023                     196.3333049   36.00000  81.7%   8.3   10s
H11290  6675                     196.3333048   36.00000  81.7%   8.4   10s
H11413  6433                     196.3333048   36.00000  81.7%   8.6   10s
H11456  6144                     196.3333048   36.00000  81.7%   8.7   10s
H12521  6537                     196.3333047   36.00000  81.7%  10.1   11s
 26794 11851   37.01636   66  125  196.33330   36.00000  81.7%  20.5   15s
 57434 27792   36.00000   83   75  196.33330   36.00000  81.7%  24.6   20s
 96248 41159  183.00103   96   52  196.33330   36.00000  81.7%  24.6   25s
H105748 42891                     196.1666667   36.00000  81.6%  24.5   26s
H107700 44115                     196.0000000   36.00000  81.6%  24.5   27s
H111240 44315                     195.8333333   36.00000  81.6%  24.5   28s
H111255 44314                     195.6666667   36.00000  81.6%  24.5   28s
H111422 44307                     195.3333333   36.00000  81.6%  24.5   28s
H126503 48977                     195.3330791   36.00000  81.6%  24.5   29s
 127470 51965   48.72486   81   60  195.33308   36.00000  81.6%  24.5   30s
H134066 51965                     195.3323101   36.00000  81.6%  24.5   30s
H135171 52511                     195.3292624   36.00000  81.6%  24.5   31s
 162119 72122   37.55556   94   73  195.32926   36.00000  81.6%  24.6   37s
 210693 77494  127.33020   90   63  195.32926   36.00000  81.6%  24.5   41s
 239362 89729   36.83364   87  101  195.32926   36.00000  81.6%  24.5   45s
 276602 102937  108.82592  102   50  195.32926   36.00000  81.6%  24.6   50s
 286087 118996   36.83439   83   69  195.32926   36.00000  81.6%  24.6   56s
 318296 134909     cutoff  104       195.32926   36.00000  81.6%  24.9   60s
 350395 152234   72.16667  118   50  195.32926   36.00000  81.6%  25.6   66s
 391024 161663 infeasible   90       195.32926   36.00000  81.6%  26.8   70s
 409771 170238   40.83333   92  113  195.32926   36.00000  81.6%  27.3   75s
 426948 179743  126.00000  123   53  195.32926   36.00000  81.6%  27.8   80s
 438548 184614   93.58333  114   69  195.32926   36.00000  81.6%  28.0   85s
 442023 202665     cutoff  127       195.32926   36.00000  81.6%  28.1   93s
 474055 205143     cutoff  152       195.32926   36.00000  81.6%  28.7   95s
 495113 216114   37.72464  105  102  195.32926   36.00000  81.6%  29.1  100s
 519343 225681   72.88802  118   69  195.32926   36.00000  81.6%  29.4  106s
 538866 237205   47.16667  130   74  195.32926   36.00000  81.6%  29.6  110s
 549963 242305  139.33841  119   57  195.32926   36.00000  81.6%  29.7  115s
 566638 249150   47.16684  110   84  195.32926   36.00000  81.6%  30.0  124s
 566681 265972   47.50000  111   82  195.32926   36.00000  81.6%  30.0  127s
 598713 265987   43.33333  110   76  195.32926   36.00000  81.6%  30.3  131s
 624788 281650   36.00000  104   97  195.32926   36.00000  81.6%  30.6  135s
 662239 300523   39.78261  106  105  195.32926   36.00000  81.6%  30.8  140s
 694357 317882   41.65547  113   80  195.32926   36.00000  81.6%  31.0  145s
 728445 334254   36.00000  116   91  195.32926   36.00000  81.6%  31.2  150s
 751535 346367  141.25430  110   66  195.32926   36.00000  81.6%  31.4  155s
 763967 366356   88.03528  121   78  195.32926   36.00000  81.6%  31.5  162s
 801588 371494   83.16667  112   79  195.32926   36.00000  81.6%  31.8  165s
 823073 383449   73.83422   97   78  195.32926   36.00000  81.6%  31.9  170s
 850409 399278  117.34179  111   85  195.32926   36.00000  81.6%  31.9  175s
 854937 416508   49.90007  111   74  195.32926   36.00000  81.6%  32.0  181s
 907255 430213   58.66684  129   67  195.32926   36.00000  81.6%  32.3  185s
 940631 448778   58.06067  113   84  195.32926   36.00000  81.6%  32.6  190s
 949454 454719   43.16667  117   72  195.32926   36.00000  81.6%  32.7  195s
 980573 467315   36.33676  110   98  195.32926   36.00000  81.6%  33.0  200s
 980635 482719 infeasible  111       195.32926   36.00000  81.6%  33.0  205s
 1033387 496734 infeasible  137       195.32926   36.00000  81.6%  33.5  210s
 1068820 513541  191.07718  126   52  195.32926   36.00000  81.6%  33.7  215s
 1102536 529369     cutoff  120       195.32926   36.00000  81.6%  34.0  220s
 1133332 545631 infeasible  118       195.32926   36.00000  81.6%  34.3  225s
 1163288 557164  145.83333  128   50  195.32926   36.00000  81.6%  34.5  231s
 1163334 572556     cutoff  129       195.32926   36.00000  81.6%  34.5  235s
 1225433 588190     cutoff  138       195.32926   36.00000  81.6%  34.7  242s
 1225474 605588  179.66676  138   61  195.32926   36.00000  81.6%  34.7  246s
 1279667 619985   64.51397  117   87  195.32926   36.00000  81.6%  34.8  250s
 1313376 640170  151.02346  121   76  195.32926   36.00000  81.6%  34.9  255s
 1341233 653127  129.17363  125   66  195.32926   36.00000  81.6%  35.0  261s
 1352668 660322   78.33689  133   79  195.32926   36.00000  81.6%  35.1  266s
 1372376 673983  174.24934  120   69  195.32926   36.00000  81.6%  35.1  270s
 1408445 691203  110.84440  132   60  195.32926   36.00000  81.6%  35.2  275s
 1431860 705132  171.75330  163   50  195.32926   36.00000  81.6%  35.3  280s
 1462863 719708   40.36111  113   89  195.32926   36.00000  81.6%  35.3  289s
 1462916 723273   58.92040  114   86  195.32926   36.00000  81.6%  35.3  290s
 1497078 739453     cutoff  137       195.32926   36.00000  81.6%  35.4  296s
 1509441 745354   40.16667   90  116  195.32926   36.00000  81.6%  35.4  300s
 1535412 760904   89.66667  132   69  195.32926   36.00000  81.6%  35.5  305s
 1542090 778976   61.17562  109   98  195.32926   36.00000  81.6%  35.5  311s
 1586853 786090  143.83385  133   69  195.32926   36.00000  81.6%  35.6  316s
 1591833 788868  123.00000  103   77  195.32926   36.00000  81.6%  35.6  323s
 1594436 792825   88.91667  133   74  195.32926   36.00000  81.6%  35.6  325s
 1618183 804442     cutoff  106       195.32926   36.00000  81.6%  35.8  330s
 1643736 821471  161.83333  152   59  195.32926   36.00000  81.6%  35.9  335s
 1673983 834022  120.34646  100  113  195.32926   36.00000  81.6%  36.0  341s
 1684079 841644   40.35071  105  104  195.32926   36.00000  81.6%  36.0  345s
 1714410 857195   36.39050  127   82  195.32926   36.00000  81.6%  36.1  350s
 1733894 867591  105.74018  118   79  195.32926   36.00000  81.6%  36.1  355s
 1754699 876468   38.50000  115  101  195.32926   36.00000  81.6%  36.2  360s
 1764218 895739   39.50000  106   88  195.32926   36.00000  81.6%  36.2  372s
 1802226 902821   75.66667  130   81  195.32926   36.00000  81.6%  36.3  375s
 1839917 920858   70.50000  112   94  195.32926   36.00000  81.6%  36.4  380s
 1865353 930323   98.00052  118   71  195.32926   36.00000  81.6%  36.4  385s
 1889725 944310   67.75000  143   59  195.32926   36.00000  81.6%  36.6  390s
 1900643 947185   41.66915  140   81  195.32926   36.00000  81.6%  36.6  395s
 1932085 964306     cutoff  153       195.32926   36.00000  81.6%  36.7  400s
 1955048 973873   39.83333   99   87  195.32926   36.00000  81.6%  36.8  407s
 1955086 989786   39.83333  100   89  195.32926   36.00000  81.6%  36.8  411s
 1987170 1005472   42.61796  111   88  195.32926   36.00000  81.6%  36.9  418s
 2026239 1011596  177.56224  128   59  195.32926   36.00000  81.6%  36.9  420s
 2050928 1021239   36.00000   94   98  195.32926   36.00000  81.6%  36.9  427s
 2050967 1038565   36.00000   95  102  195.32926   36.00000  81.6%  36.9  430s
 2109218 1051779   36.01149  100   92  195.32926   36.00000  81.6%  36.9  435s
 2122256 1066332     cutoff  112       195.32926   36.00000  81.6%  36.9  441s
 2156651 1078846  167.61528  135   62  195.32926   36.00000  81.6%  37.0  445s
 2183378 1091088  157.00000  101   57  195.32926   36.00000  81.6%  37.0  450s
 2216302 1110101   47.83688  124   85  195.32926   36.00000  81.6%  37.1  455s
 2242498 1123867   40.61663  108   89  195.32926   36.00000  81.6%  37.1  461s
 2272921 1141817   36.33333  109   94  195.32926   36.00000  81.6%  37.1  465s
 2298023 1151755   69.15301  113   63  195.32926   36.00000  81.6%  37.2  471s
 2318316 1165545   39.11180   97  111  195.32926   36.00000  81.6%  37.2  475s
 2340358 1174203   46.44835  110   99  195.32926   36.00000  81.6%  37.2  480s
 2365164 1191597 infeasible  121       195.32926   36.00000  81.6%  37.2  485s
 2396024 1207802  176.50086  123   82  195.32926   36.00000  81.6%  37.2  490s
 2426124 1224066   70.58637  118  121  195.32926   36.00000  81.6%  37.2  495s
 2451341 1235899  146.41736  109   99  195.32926   36.00000  81.6%  37.2  500s
 2475998 1247018   73.48627  136   86  195.32926   36.00000  81.6%  37.3  506s
 2493260 1258607   60.83333  117   86  195.32926   36.00000  81.6%  37.3  510s
 2529144 1279087  150.87096   86   76  195.32926   36.00000  81.6%  37.4  515s
 2559437 1296119   36.33333  108  103  195.32926   36.00000  81.6%  37.4  520s
 2570738 1298820 infeasible  128       195.32926   36.00000  81.6%  37.5  527s
 2574344 1303279  167.75432  114   93  195.32926   36.00000  81.6%  37.5  530s
 2604658 1317856  124.16667  118   60  195.32926   36.00000  81.6%  37.5  535s
 2626778 1331493   50.66783  113   82  195.32926   36.00000  81.6%  37.5  541s
 2651279 1344470  179.50090  109   94  195.32926   36.00000  81.6%  37.5  545s
 2676844 1358541   76.94113  114   90  195.32926   36.00000  81.6%  37.5  550s
 2710220 1375246  155.41780  122   66  195.32926   36.00000  81.6%  37.6  555s
 2734975 1388255  112.00172  127   80  195.32926   36.00000  81.6%  37.6  560s
 2765304 1400777   37.46603   91  107  195.32926   36.00000  81.6%  37.6  565s
 2799415 1418144  116.00000  123   64  195.32926   36.00000  81.6%  37.6  570s
 2824758 1431506  146.97787  122   65  195.32926   36.00000  81.6%  37.7  577s
 2840583 1440126  104.70988  122   76  195.32926   36.00000  81.6%  37.7  582s
 2840615 1457699  106.38094  122   85  195.32926   36.00000  81.6%  37.7  587s
 2883930 1465962  168.83428  112   95  195.32926   36.00000  81.6%  37.8  590s
 2901713 1472645 infeasible  122       195.32926   36.00000  81.6%  37.8  595s
 2901758 1489902  184.76911  123   60  195.32926   36.00000  81.6%  37.8  602s
 2933987 1506483   49.66701  116   78  195.32926   36.00000  81.6%  37.8  608s
 2966019 1509794   89.18062  137   65  195.32926   36.00000  81.6%  37.8  610s
 3002641 1531251  100.34526  137   74  195.32926   36.00000  81.6%  37.9  615s
 3020208 1539152   45.33333   96   97  195.32926   36.00000  81.6%  37.9  620s
 3046472 1554605   46.83783   97   84  195.32926   36.00000  81.6%  37.9  625s
 3083170 1570805  139.51859  137   73  195.32926   36.00000  81.6%  38.0  630s
 3113988 1583507   78.00707  127   82  195.32926   36.00000  81.6%  38.1  637s
 3127804 1591957   48.33333  101   93  195.32926   36.00000  81.6%  38.1  641s
 3158960 1611845  108.66667  135   54  195.32926   36.00000  81.6%  38.1  645s
 3171679 1616203  174.00455  102   89  195.32926   36.00000  81.6%  38.1  650s
 3189683 1624374   40.00000  102  102  195.32926   36.00000  81.6%  38.1  656s
 3211682 1639836   38.00000  119   85  195.32926   36.00000  81.6%  38.1  660s
 3239396 1655254  111.33333  103  110  195.32926   36.00000  81.6%  38.1  665s
 3268614 1670278   41.41701   93   97  195.32926   36.00000  81.6%  38.1  670s
 3275170 1687428     cutoff  104       195.32926   36.00000  81.6%  38.1  677s
 3317673 1693670   47.33333  112  101  195.32926   36.00000  81.6%  38.1  682s
 3333240 1701078   54.07849  112   91  195.32926   36.00000  81.6%  38.1  685s
 3338599 1719709   62.18932  122   68  195.32926   36.00000  81.6%  38.1  694s
 3370631 1723192   46.97787  109   91  195.32926   36.00000  81.6%  38.2  695s
 3396085 1734915  160.43758  128   59  195.32926   36.00000  81.6%  38.2  700s
 3411022 1743857   43.16718  129  103  195.32926   36.00000  81.6%  38.2  705s
 3430668 1750815  135.33855  133   57  195.32926   36.00000  81.6%  38.2  710s
 3449725 1766652   55.17218  139   84  195.32926   36.00000  81.6%  38.3  715s
 3462781 1782222 infeasible  124       195.32926   36.00000  81.6%  38.3  723s
 3494813 1782358   50.00000  104   84  195.32926   36.00000  81.6%  38.3  726s
 3495042 1799129   50.66756  105   80  195.32926   36.00000  81.6%  38.3  730s
 3547742 1814479   37.00000  118   86  195.32926   36.00000  81.6%  38.3  735s
 3559633 1820322   54.66667  125   94  195.32926   36.00000  81.6%  38.3  740s
 3589153 1833111   68.94907  133   77  195.32926   36.00000  81.6%  38.4  746s
 3589202 1849817   69.94620  134   86  195.32926   36.00000  81.6%  38.4  751s
 3632023 1855361   55.50009  118   81  195.32926   36.00000  81.6%  38.4  757s
 3642884 1864652   67.83333  132   63  195.32926   36.00000  81.6%  38.4  760s
 3672172 1881852   44.33351  113   83  195.32926   36.00000  81.6%  38.4  765s
 3681068 1883105     cutoff  130       195.32926   36.00000  81.6%  38.4  774s
 3681910 1887489  167.67003  141   53  195.32926   36.00000  81.6%  38.4  776s
 3691602 1903915   85.66667  114   75  195.32926   36.00000  81.6%  38.4  783s
 3729363 1908493  176.22787  116   57  195.32926   36.00000  81.6%  38.4  786s
 3732958 1908512   51.17472  128   77  195.32926   36.00000  81.6%  38.4  790s
 3756744 1925595   36.00286   98  135  195.32926   36.00000  81.6%  38.4  795s
 3790655 1941935   37.16667  103  106  195.32926   36.00000  81.6%  38.4  800s
 3822034 1957856   65.00000   98   98  195.32926   36.00000  81.6%  38.4  805s
H3823227 1957856                     195.3289718   36.00000  81.6%  38.4  805s
H3825661 1957853                     195.3112768   36.00000  81.6%  38.4  805s
H3836418 1964129                     195.2500771   36.00000  81.6%  38.4  807s
 3854140 1974420   59.67248  116   81  195.25008   36.00000  81.6%  38.4  810s
 3883555 1990829   83.00000  125   72  195.25008   36.00000  81.6%  38.4  815s
 3904098 1998989   77.83333  105   84  195.25008   36.00000  81.6%  38.4  820s
 3922088 2007572   36.00000   96  102  195.25008   36.00000  81.6%  38.4  826s
 3924186 2013695   48.44521  102  104  195.25008   36.00000  81.6%  38.4  831s
 3933098 2013720     cutoff  117       195.25008   36.00000  81.6%  38.4  835s
 3961645 2030196   45.33333  112   78  195.25008   36.00000  81.6%  38.4  840s
 3989670 2047234  170.10829  137   75  195.25008   36.00000  81.6%  38.4  845s
 3999338 2050095   36.00000   97  115  195.25008   36.00000  81.6%  38.4  850s
 4026959 2069299  145.67097  115   75  195.25008   36.00000  81.6%  38.4  855s
 4061986 2089611   47.00000  125   70  195.25008   36.00000  81.6%  38.5  860s
 4070283 2092735 infeasible  134       195.25008   36.00000  81.6%  38.5  867s
 4083286 2101692     cutoff  118       195.25008   36.00000  81.6%  38.5  870s
 4095206 2108473   59.00000  117   90  195.25008   36.00000  81.6%  38.5  875s
 4118840 2121634  122.86774   99  112  195.25008   36.00000  81.6%  38.5  880s
 4153204 2142380  186.66787  151   42  195.25008   36.00000  81.6%  38.5  886s
 4163708 2144390   36.16667   87  101  195.25008   36.00000  81.6%  38.6  890s
 4189396 2157918   38.50298  109   94  195.25008   36.00000  81.6%  38.6  895s
 4195398 2157939     cutoff  113       195.25008   36.00000  81.6%  38.6  905s
 4201053 2160398 infeasible  124       195.25008   36.00000  81.6%  38.6  913s
 4203612 2161885  143.18767  128   67  195.25008   36.00000  81.6%  38.6  915s
 4235095 2180443   78.50000  104   91  195.25008   36.00000  81.6%  38.6  920s
 4261590 2192008   40.00000  103   99  195.25008   36.00000  81.6%  38.7  925s
 4273593 2195591   53.66667  109   71  195.25008   36.00000  81.6%  38.7  930s
 4305661 2215606   47.00000   98   94  195.25008   36.00000  81.6%  38.7  935s
 4315553 2217788  132.83351  142   68  195.25008   36.00000  81.6%  38.7  940s
 4333861 2230709   36.00000  102  104  195.25008   36.00000  81.6%  38.7  945s
 4352508 2238050   43.99450  120   93  195.25008   36.00000  81.6%  38.7  950s
 4358103 2240719 infeasible  130       195.25008   36.00000  81.6%  38.7  955s
 4371706 2250338   63.90897  115  119  195.25008   36.00000  81.6%  38.7  960s
 4398544 2264711 infeasible  114       195.25008   36.00000  81.6%  38.8  965s
 4418953 2273896   36.33406  115   80  195.25008   36.00000  81.6%  38.8  970s
 4452210 2290577   50.88889  141   74  195.25008   36.00000  81.6%  38.8  975s
 4460958 2292608   45.35617   96  100  195.25008   36.00000  81.6%  38.8  980s
 4480695 2303510  124.33355  115   70  195.25008   36.00000  81.6%  38.8  985s
 4500431 2319088  193.43203  136   65  195.25008   36.00000  81.6%  38.8  990s
 4535825 2335519   42.66772  116   96  195.25008   36.00000  81.6%  38.9  995s
 4558163 2343436   36.83333  103  107  195.25008   36.00000  81.6%  38.9 1001s
 4576851 2357078  158.10923  130   60  195.25008   36.00000  81.6%  38.9 1005s
 4588986 2360681  123.84879   95   94  195.25008   36.00000  81.6%  38.9 1010s
 4597701 2381049  133.67011  107   64  195.25008   36.00000  81.6%  38.9 1017s
 4629733 2381068   85.33333  136   68  195.25008   36.00000  81.6%  38.9 1021s
 4629778 2398052   85.33333  137   66  195.25008   36.00000  81.6%  38.9 1027s
 4666290 2405553  154.76662  115   77  195.25008   36.00000  81.6%  38.9 1030s
 4700612 2423168 infeasible  126       195.25008   36.00000  81.6%  38.9 1035s
 4726528 2432026  177.03571  130   74  195.25008   36.00000  81.6%  38.9 1041s
 4726566 2449183  183.33333  128   66  195.25008   36.00000  81.6%  38.9 1045s
 4758641 2465158     cutoff  134       195.25008   36.00000  81.6%  38.9 1055s
 4790709 2482936  108.62890  150   36  195.25008   36.00000  81.6%  38.9 1063s
 4822741 2486326  119.70940  107  108  195.25008   36.00000  81.6%  38.9 1065s
 4843908 2494365  151.00414  142   59  195.25008   36.00000  81.6%  38.9 1073s
 4853305 2503817  108.66738  146   51  195.25008   36.00000  81.6%  38.9 1075s
 4869698 2508747     cutoff  163       195.25008   36.00000  81.6%  38.9 1081s
 4889767 2523595   69.67280  121  117  195.25008   36.00000  81.6%  38.9 1085s
 4909248 2532696  130.08616  135   50  195.25008   36.00000  81.6%  38.9 1090s
 4925738 2538304   49.66667   96  108  195.25008   36.00000  81.6%  38.9 1095s
 4945660 2551483   61.49887  120  103  195.25008   36.00000  81.6%  38.9 1100s
 4983042 2566508   82.83574  148   50  195.25008   36.00000  81.6%  38.9 1105s
 5015629 2583428     cutoff  127       195.25008   36.00000  81.6%  38.9 1110s
 5037803 2592465   69.16667  128   70  195.25008   36.00000  81.6%  38.9 1116s
 5052861 2609495  184.91169  127   52  195.25008   36.00000  81.6%  38.9 1120s
 5069878 2609516  130.81703  110   95  195.25008   36.00000  81.6%  38.9 1126s
 5069920 2625737     cutoff  111       195.25008   36.00000  81.6%  38.9 1130s
 5127033 2642163 infeasible  151       195.25008   36.00000  81.6%  38.9 1136s
 5157269 2659330  139.78975  124   77  195.25008   36.00000  81.6%  38.9 1140s
 5189296 2674744  128.68280  120   67  195.25008   36.00000  81.6%  38.9 1145s
 5214104 2688542  164.00000  118   59  195.25008   36.00000  81.6%  38.9 1150s
 5244733 2701501 infeasible  116       195.25008   36.00000  81.6%  38.9 1155s
 5265663 2712368 infeasible  138       195.25008   36.00000  81.6%  38.9 1160s
 5290306 2728009  153.16667  120   64  195.25008   36.00000  81.6%  38.9 1165s
 5320302 2746484  157.83333  135   53  195.25008   36.00000  81.6%  38.9 1170s
 5354890 2765203 infeasible  117       195.25008   36.00000  81.6%  38.9 1175s
 5369137 2771793   89.66929  120   69  195.25008   36.00000  81.6%  38.9 1180s
 5395678 2782556   81.93524  121  111  195.25008   36.00000  81.6%  38.9 1187s
 5399923 2784643  135.33638  118   58  195.25008   36.00000  81.6%  39.0 1190s
 5424566 2798774   42.67373  139  102  195.25008   36.00000  81.6%  39.0 1195s
 5455284 2813370   72.66685  135   82  195.25008   36.00000  81.6%  39.0 1200s

Cutting planes:
  Learned: 180
  Gomory: 16
  Cover: 102
  Implied bound: 122
  Clique: 6
  MIR: 375
  StrongCG: 2
  Flow cover: 836
  GUB cover: 3
  Zero half: 1
  RLT: 5
  Relax-and-lift: 261

Cleanup yields a better solution

Explored 5455701 nodes (212651128 simplex iterations) in 1200.01 seconds
Thread count was 32 (of 64 available processors)

Solution count 10: 195.25 195.329 195.329 ... 196.333

Time limit reached
Best objective 1.906022102040e+02, best bound 3.600000000000e+01, gap 81.1125%
