
Gurobi 9.1.2 (linux64) logging started Wed Mar 30 04:50:11 2022

Changed value of parameter LogFile to cost226_v-Rome.log
   Prev:   Default: 
Changed value of parameter MIPFocus to 1
   Prev: 0  Min: 0  Max: 3  Default: 0
Changed value of parameter TimeLimit to 600.0
   Prev: inf  Min: 0.0  Max: inf  Default: inf
Warning: variables 0 and 188 have the same name "X[Brussels,Amste...]"
Warning: linear constraint 228 and linear constraint 229 have the same name "weight-constr-t5"
Warning: to let Gurobi read it back, use rlp format
Gurobi Optimizer version 9.1.2 build v9.1.2rc0 (linux64)
Thread count: 32 physical cores, 64 logical processors, using up to 32 threads
Optimize a model with 1344 rows, 1128 columns and 3942 nonzeros
Model fingerprint: 0x0d410850
Variable types: 222 continuous, 906 integer (906 binary)
Coefficient statistics:
  Matrix range     [1e+00, 1e+06]
  Objective range  [2e-01, 2e-01]
  Bounds range     [1e+00, 5e+05]
  RHS range        [1e+00, 1e+06]
Presolve removed 96 rows and 114 columns
Presolve time: 0.01s
Presolved: 1248 rows, 1014 columns, 6324 nonzeros
Variable types: 216 continuous, 798 integer (798 binary)

Root relaxation: objective 3.600000e+01, 146 iterations, 0.00 seconds

    Nodes    |    Current Node    |     Objective Bounds      |     Work
 Expl Unexpl |  Obj  Depth IntInf | Incumbent    BestBd   Gap | It/Node Time

     0     0   36.00000    0   48          -   36.00000      -     -    0s
     0     0   36.00000    0   50          -   36.00000      -     -    0s
H    0     0                    4289908.3333   36.00000   100%     -    0s
     0     0   36.00000    0   50 4289908.33   36.00000   100%     -    0s
H    0     0                     342.9166664   36.00000  89.5%     -    0s
H    0     0                     182.6666667   36.00000  80.3%     -    0s
     0     2   36.00000    0   46  182.66667   36.00000  80.3%     -    0s
H    1     4                     180.6666667   36.00000  80.1%   273    0s
H    3     8                     159.8333333   36.00000  77.5%  94.3    0s
H   31    60                     159.6666667   36.00000  77.5%  21.0    0s
H   32    60                     159.1666667   36.00000  77.4%  20.5    0s
H   36    60                     139.1666667   36.00000  74.1%  18.6    0s
H   50    60                     136.1666667   36.00000  73.6%  14.8    0s
H   95   124                     128.0000000   36.00000  71.9%  11.6    1s
H   96   124                     125.3333333   36.00000  71.3%  11.7    1s
H  102   124                     124.5000000   36.00000  71.1%  11.3    1s
H  107   124                     109.3333333   36.00000  67.1%  11.3    1s
H  161   188                     108.8333333   36.00000  66.9%  10.2    1s
H  165   188                     108.3333333   36.00000  66.8%  10.1    1s
H  170   188                     108.0000000   36.00000  66.7%  10.0    1s
H  255   284                     107.6666667   36.00000  66.6%   8.2    3s
H  258   284                     107.0000000   36.00000  66.4%   8.2    3s
H  263   284                     106.6666667   36.00000  66.2%   8.1    3s
H  284   284                     104.1666667   36.00000  65.4%   8.1    3s
H  671   730                     104.0000000   36.00000  65.4%   7.4    4s
H  672   730                     103.6666667   36.00000  65.3%   7.4    4s
H  676   730                     103.5000000   36.00000  65.2%   7.4    4s
H  702   730                      99.6666667   36.00000  63.9%   7.4    4s
H 1066  1891                      93.8333333   36.00000  61.6%   7.2    4s
  1944  1933   45.00000   56   37   93.83333   36.00000  61.6%   6.9    5s
H 1945  1933                      93.6666667   36.00000  61.6%   6.9    5s
H 1948  1933                      93.5000000   36.00000  61.5%   6.9    5s
H 1983  1933                      93.3333333   36.00000  61.4%   6.9    5s
H 2002  1964                      93.1666667   36.00000  61.4%   6.8    5s
H 2013  1964                      93.0000000   36.00000  61.3%   6.8    5s
H 2018  1964                      93.0000000   36.00000  61.3%   6.8    5s
H 2026  1964                      92.6666667   36.00000  61.2%   6.8    5s
H 4852  4803                      92.6666666   36.00000  61.2%   6.8    6s
H 6557  6267                      92.6666666   36.00000  61.2%   6.8    7s
H 7247  7048                      92.6666664   36.00000  61.2%   6.7    7s
H 7935  7048                      92.6666661   36.00000  61.2%   6.6    7s
H 7940  6699                      92.6666661   36.00000  61.2%   6.6    7s
H 7942  6365                      92.6666660   36.00000  61.2%   6.6    7s
H 7947  6049                      92.6666657   36.00000  61.2%   6.6    8s
H 7950  5750                      92.6666656   36.00000  61.2%   8.1    8s
H 7978  5506                      92.6666655   36.00000  61.2%   8.5    8s
  8037  5550   36.00000   18  141   92.66667   36.00000  61.2%   9.2   10s
H 8044  5275                      92.6666655   36.00000  61.2%   9.2   10s
H 8380  5219                      92.6666655   36.00000  61.2%  15.9   13s
H 8479  5002                      92.6666654   36.00000  61.2%  16.3   14s
  8488  5550   75.16667   39  102   92.66667   36.00000  61.2%  16.4   15s
H 9375  5582                      92.1666667   36.00000  60.9%  20.3   17s
H 9881  5192                      91.6666667   36.00000  60.7%  22.1   17s
H10100  5612                      91.1666667   36.00000  60.5%  23.1   18s
H10273  5353                      91.0000000   36.00000  60.4%  23.7   18s
 11033  5649   87.00290   52  134   91.00000   36.00000  60.4%  28.7   20s
H11103  5435                      90.9999946   36.00000  60.4%  29.0   20s
 13354  7619   49.83333   51  103   90.99999   36.00000  60.4%  36.9   26s
 18150  9171   90.16667   75   49   90.99999   36.00000  60.4%  47.4   31s
 23908 12565   69.26180   83   75   90.99999   36.00000  60.4%  54.1   37s
 29180 17132 infeasible   63        90.99999   36.00000  60.4%  58.2   42s
 32146 20189   67.69339   74   60   90.99999   36.00000  60.4%  58.8   46s
 39761 23705   55.20833   66   99   90.99999   36.00000  60.4%  60.5   52s
 41310 26396   55.52735   67   96   90.99999   36.00000  60.4%  61.2   56s
 46614 31274   37.66667   70  120   90.99999   36.00000  60.4%  63.3   63s
 51460 34108 infeasible   86        90.99999   36.00000  60.4%  62.7   67s
 55881 35471     cutoff   78        90.99999   36.00000  60.4%  62.7   70s
 59611 39548   53.00000   96  137   90.99999   36.00000  60.4%  63.3   75s
 69095 44070   36.00000   27  131   90.99999   36.00000  60.4%  63.7   82s
 69889 46611   36.00000   33  132   90.99999   36.00000  60.4%  64.1   85s
 78754 50398   36.00000   34  131   90.99999   36.00000  60.4%  64.6   94s
 78995 53515   36.00000   35  127   90.99999   36.00000  60.4%  64.6   98s
 84075 56854   37.83918   66  192   90.99999   36.00000  60.4%  64.7  102s
 89208 63614   83.04305   92   53   90.99999   36.00000  60.4%  65.1  108s
 99486 64156   43.33333   80  137   90.99999   36.00000  60.4%  65.5  112s
 100218 68371   39.16667   55   90   90.99999   36.00000  60.4%  65.7  115s
 110810 73946   36.00000   30  133   90.99999   36.00000  60.4%  65.4  122s
 116495 74004   36.33333   48  159   90.99999   36.00000  60.4%  65.6  127s
 116608 76937   36.00000   38  140   90.99999   36.00000  60.4%  65.6  131s
H119800 76934                      90.9166667   36.00000  60.4%  65.8  131s
 120555 81766   36.16667   47  108   90.91667   36.00000  60.4%  65.9  136s
H120801 81766                      90.9166667   36.00000  60.4%  65.9  136s
H120947 81762                      90.8333333   36.00000  60.4%  65.9  136s
 127305 84138     cutoff  109        90.83333   36.00000  60.4%  65.6  141s
H127360 84138                      90.8333332   36.00000  60.4%  65.7  141s
H127367 84138                      90.8333330   36.00000  60.4%  65.7  141s
H128112 84138                      90.8333177   36.00000  60.4%  65.6  141s
H129696 84138                      90.8333051   36.00000  60.4%  65.5  141s
H130096 84138                      90.8332956   36.00000  60.4%  65.5  141s
 130740 88530   59.16667   62   90   90.83330   36.00000  60.4%  65.5  146s
 138669 91101 infeasible   66        90.83330   36.00000  60.4%  65.4  151s
H141855 91101                      90.8332955   36.00000  60.4%  65.3  151s
 142755 95477   36.00000   52  148   90.83330   36.00000  60.4%  65.4  155s
 149488 99263   36.00000   65  110   90.83330   36.00000  60.4%  65.6  160s
H149726 99263                      90.8332954   36.00000  60.4%  65.6  160s
 154678 103028   43.16763  100   88   90.83330   36.00000  60.4%  65.9  165s
 160033 107885   63.68152  129   83   90.83330   36.00000  60.4%  66.0  171s
 167492 110640   36.00000   42  110   90.83330   36.00000  60.4%  65.9  175s
 171848 115172   36.66667   87  126   90.83330   36.00000  60.4%  65.9  180s
H177427 115172                      90.8332943   36.00000  60.4%  66.6  181s
 177781 118733   61.16667  126   68   90.83329   36.00000  60.4%  66.6  186s
 182275 123251   36.16667   53   80   90.83329   36.00000  60.4%  66.8  191s
 188495 125846   41.16667   83   90   90.83329   36.00000  60.4%  66.5  196s
 192248 130624 infeasible  114        90.83329   36.00000  60.4%  66.4  202s
 199382 134099   90.50000   45   76   90.83329   36.00000  60.4%  66.4  206s
 204288 138084   36.16667   48  122   90.83329   36.00000  60.4%  66.1  211s
 210765 142528   36.00000   52  130   90.83329   36.00000  60.4%  65.9  216s
 217424 146967   49.66667   99  101   90.83329   36.00000  60.4%  66.0  221s
 223475 151001   36.00000   43  126   90.83329   36.00000  60.4%  65.9  226s
 229684 151089   37.00000   51  130   90.83329   36.00000  60.4%  65.6  232s
 229782 154847     cutoff   52        90.83329   36.00000  60.4%  65.6  237s
 235730 158041   82.68235   83   86   90.83329   36.00000  60.4%  65.4  242s
 241413 162188 infeasible   83        90.83329   36.00000  60.4%  65.4  247s
 248033 166203   36.00000   42  136   90.83329   36.00000  60.4%  65.4  252s
 254697 169006   57.16667   64   79   90.83329   36.00000  60.4%  65.5  256s
 259099 171189   59.00000   37  148   90.83329   36.00000  60.4%  65.4  261s
 262382 175692   36.00000   42  125   90.83329   36.00000  60.4%  65.5  266s
 270533 179645   36.00000   36  140   90.83329   36.00000  60.4%  65.4  271s
 275984 181910   40.00000   83  125   90.83329   36.00000  60.4%  65.7  276s
 279214 187144   40.00000   88  120   90.83329   36.00000  60.4%  65.6  281s
 287102 190127   47.17678  113   93   90.83329   36.00000  60.4%  65.4  285s
 297896 195478 infeasible   40        90.83329   36.00000  60.4%  65.5  293s
 300621 200588   36.00000   54  121   90.83329   36.00000  60.4%  65.6  297s
 308234 204628   76.00855   89   48   90.83329   36.00000  60.4%  65.6  302s
 313895 208602   48.16667   84   98   90.83329   36.00000  60.4%  65.8  307s
 320097 210969   46.25000   88   79   90.83329   36.00000  60.4%  65.7  311s
 323779 214582   44.00000   88   72   90.83329   36.00000  60.4%  65.7  317s
 329051 218931   70.58333  114   61   90.83329   36.00000  60.4%  65.7  322s
 334905 224208   38.33333   86  140   90.83329   36.00000  60.4%  65.6  326s
 342845 227830   55.66667  142   44   90.83329   36.00000  60.4%  65.4  331s
 347815 233515   37.04040   75  105   90.83329   36.00000  60.4%  65.5  337s
 356519 237720   68.50000   63   78   90.83329   36.00000  60.4%  65.3  341s
 362304 241810   43.35089   59  101   90.83329   36.00000  60.4%  65.2  345s
 374942 249693   37.00000   55   94   90.83329   36.00000  60.4%  65.0  354s
 380430 254806   77.74476  127   78   90.83329   36.00000  60.4%  65.1  359s
 387858 257518   72.33333   76   83   90.83329   36.00000  60.4%  65.1  363s
 392026 261653   41.16667   52  120   90.83329   36.00000  60.4%  65.0  368s
 398620 265524   40.34686   72  119   90.83329   36.00000  60.4%  65.0  373s
 403624 270789   40.00000   84   92   90.83329   36.00000  60.4%  65.0  378s
 411518 274692   42.69634   98  115   90.83329   36.00000  60.4%  64.8  383s
 416538 279929   77.17460  122   86   90.83329   36.00000  60.4%  64.8  388s
 424234 283364   40.22990  101   93   90.83329   36.00000  60.4%  64.7  393s
 429950 286704   49.66667   72  124   90.83329   36.00000  60.4%  64.6  398s
 436368 288946   71.33333   70   81   90.83329   36.00000  60.4%  64.5  403s
 440303 292997 infeasible   69        90.83329   36.00000  60.4%  64.5  407s
 446832 297422   67.10602   94  110   90.83329   36.00000  60.4%  64.4  412s
 453944 300146   85.23252   83   95   90.83329   36.00000  60.4%  64.4  416s
 458783 303148   36.33333   59  133   90.83329   36.00000  60.4%  64.3  421s
 464348 305851     cutoff   90        90.83329   36.00000  60.4%  64.3  425s
 468288 308594   37.16667   60  114   90.83329   36.00000  60.4%  64.2  431s
 473026 312895   37.00000   57  110   90.83329   36.00000  60.4%  64.1  436s
 479339 317748   36.16667   62  106   90.83329   36.00000  60.4%  64.0  441s
 490686 323556   38.95172   81  106   90.83329   36.00000  60.4%  64.1  449s
 495656 326167   44.73611   99   76   90.83329   36.00000  60.4%  64.0  453s
 499856 329852   49.23001  118   56   90.83329   36.00000  60.4%  64.0  457s
 506750 332146     cutoff   49        90.83329   36.00000  60.4%  63.9  462s
 510015 336947   44.20275   78  108   90.83329   36.00000  60.4%  63.9  466s
 517052 339773   77.83333   69   78   90.83329   36.00000  60.4%  63.8  470s
 527514 347988   36.00000   58  105   90.83329   36.00000  60.4%  63.6  478s
 535340 350290   56.33333   80  111   90.83329   36.00000  60.4%  63.4  482s
 538681 353610   37.66667   75  123   90.83329   36.00000  60.4%  63.5  487s
 542929 357446   40.26437   86  159   90.83329   36.00000  60.4%  63.5  492s
 548261 362070   52.66667  102  128   90.83329   36.00000  60.4%  63.5  498s
 555182 364147     cutoff   52        90.83329   36.00000  60.4%  63.3  502s
 558292 368059   36.66667   72  115   90.83329   36.00000  60.4%  63.3  508s
 564563 371328   60.83333  111   78   90.83329   36.00000  60.4%  63.3  512s
 569302 376653   36.86325   43  134   90.83329   36.00000  60.4%  63.3  518s
 578134 379949   36.66667   60  124   90.83329   36.00000  60.4%  63.1  522s
 584016 382722 infeasible   74        90.83329   36.00000  60.4%  63.1  527s
 588018 386368   44.50000   76   98   90.83329   36.00000  60.4%  63.1  533s
 593926 391260   36.70833   54  111   90.83329   36.00000  60.4%  63.1  538s
 602062 394135   38.16667   75   86   90.83329   36.00000  60.4%  62.9  542s
 606446 398336   37.33333   80  123   90.83329   36.00000  60.4%  62.9  547s
 613093 400848   78.00000   72   94   90.83329   36.00000  60.4%  62.9  552s
 617068 407121   38.16811   92  121   90.83329   36.00000  60.4%  62.9  559s
 626504 411637   36.16667   71  118   90.83329   36.00000  60.4%  62.8  563s
 632771 415295   42.00073   95  116   90.83329   36.00000  60.4%  62.7  567s
 638471 418554   36.00000   72  127   90.83329   36.00000  60.4%  62.7  572s
 644387 421925   76.33333  115   74   90.83329   36.00000  60.4%  62.6  577s
 649964 425893   76.33597  119   90   90.83329   36.00000  60.4%  62.5  581s
 656506 429046   37.33333   61   90   90.83329   36.00000  60.4%  62.5  585s
 661203 429369   81.66667  101   50   90.83329   36.00000  60.4%  62.4  590s
 661875 432207   83.50000  102   48   90.83329   36.00000  60.4%  62.4  596s
 666756 436640     cutoff   74        90.83329   36.00000  60.4%  62.3  600s

Cutting planes:
  Learned: 198
  Gomory: 20
  Cover: 156
  Implied bound: 115
  Clique: 48
  MIR: 599
  Flow cover: 1190
  GUB cover: 6
  RLT: 263
  Relax-and-lift: 228

Cleanup yields a better solution

Explored 674073 nodes (41964808 simplex iterations) in 600.07 seconds
Thread count was 32 (of 64 available processors)

Solution count 10: 90.8333 90.8333 90.8333 ... 91.1667

Time limit reached
Best objective 9.071984608682e+01, best bound 3.600000000000e+01, gap 60.3174%

Gurobi 9.1.2 (linux64) logging started Tue Apr  5 08:44:25 2022

Changed value of parameter LogFile to cost226_v-Rome.log
   Prev:   Default: 
Changed value of parameter MIPFocus to 1
   Prev: 0  Min: 0  Max: 3  Default: 0
Changed value of parameter TimeLimit to 1200.0
   Prev: inf  Min: 0.0  Max: inf  Default: inf
Warning: variables 0 and 188 have the same name "X[Lyon,Paris]"
Warning: linear constraint 228 and linear constraint 229 have the same name "weight-constr-t5"
Warning: to let Gurobi read it back, use rlp format
Gurobi Optimizer version 9.1.2 build v9.1.2rc0 (linux64)
Thread count: 32 physical cores, 64 logical processors, using up to 32 threads
Optimize a model with 1344 rows, 1128 columns and 3942 nonzeros
Model fingerprint: 0x98e8817e
Variable types: 222 continuous, 906 integer (906 binary)
Coefficient statistics:
  Matrix range     [1e+00, 1e+06]
  Objective range  [2e-01, 2e-01]
  Bounds range     [1e+00, 5e+05]
  RHS range        [1e+00, 1e+06]
Presolve removed 96 rows and 114 columns
Presolve time: 0.01s
Presolved: 1248 rows, 1014 columns, 6324 nonzeros
Variable types: 216 continuous, 798 integer (798 binary)

Root relaxation: objective 3.600000e+01, 148 iterations, 0.00 seconds

    Nodes    |    Current Node    |     Objective Bounds      |     Work
 Expl Unexpl |  Obj  Depth IntInf | Incumbent    BestBd   Gap | It/Node Time

     0     0   36.00000    0   58          -   36.00000      -     -    0s
H    0     0                    6185.8333304   36.00000  99.4%     -    0s
H    0     0                    4133.3333333   36.00000  99.1%     -    0s
H    0     0                    4132.3333333   36.00000  99.1%     -    0s
     0     0   36.00000    0   58 4132.33333   36.00000  99.1%     -    0s
H    0     0                     223.6666666   36.00000  83.9%     -    0s
H    0     0                     155.5000000   36.00000  76.8%     -    0s
     0     2   36.00000    0   53  155.50000   36.00000  76.8%     -    0s
H    1     4                     155.1666667   36.00000  76.8%   681    0s
H   14    24                     154.8333333   36.00000  76.7%  56.2    0s
H   18    24                     154.8333060   36.00000  76.7%  44.6    0s
H   66    80                     154.6666667   36.00000  76.7%  18.0    0s
H  113   144                     154.5833333   36.00000  76.7%  14.6    0s
H  114   144                     126.6666667   36.00000  71.6%  14.4    0s
H  177   228                     125.6666666   36.00000  71.4%  11.6    1s
H  193   228                     125.6666496   36.00000  71.4%  11.4    1s
H  295   325                     125.5000000   36.00000  71.3%   9.7    1s
H  298   325                     125.4999998   36.00000  71.3%   9.7    1s
H  315   325                     124.7500000   36.00000  71.1%   9.8    1s
H  675   874                     124.7500000   36.00000  71.1%   8.2    1s
H 1253  1257                     124.5833333   36.00000  71.1%   7.4    2s
H 1256  1257                     124.5000000   36.00000  71.1%   7.4    2s
H 1257  1257                     124.3333333   36.00000  71.0%   7.4    2s
H 1872  1834                     124.3333333   36.00000  71.0%   7.3    2s
H 2510  2471                     124.1666666   36.00000  71.0%   7.1    3s
H 2524  2469                     124.0000000   36.00000  71.0%   7.2    3s
H 2590  2707                     123.8333333   36.00000  70.9%   7.2    4s
H 2864  2757                     123.7514871   36.00000  70.9%   7.1    4s
  3639  3703   53.33333  107   32  123.75149   36.00000  70.9%   7.0    5s
H 4039  3919                     121.3333333   36.00000  70.3%   7.0    5s
H 4181  3919                     121.1666667   36.00000  70.3%   6.9    5s
H 4300  5365                     121.0000000   36.00000  70.2%   6.9    6s
H 5947  5390                     120.0000000   36.00000  70.0%   6.7    6s
H 5953  5390                     119.8333333   36.00000  70.0%   6.7    6s
H10975 11124                     119.0000000   36.00000  69.7%   6.2    8s
H12953 10568                     118.8333333   36.00000  69.7%   6.1    8s
H13005 10088                     105.5000000   36.00000  65.9%   7.5    9s
H13053  9634                      97.0000000   36.00000  62.9%   8.1    9s
H13054  9156                      95.8333333   36.00000  62.4%   8.1    9s
 13085  9178   36.00000   19  203   95.83333   36.00000  62.4%   8.2   10s
H13117  8746                      95.1666667   36.00000  62.2%   8.4   10s
H13129  8311                      94.8333333   36.00000  62.0%   8.4   10s
H13136  7900                      94.5000000   36.00000  61.9%   8.4   10s
H13151  7569                      93.8333333   36.00000  61.6%   8.4   10s
H13184  7188                      93.6666667   36.00000  61.6%   8.5   10s
H13277  6902                      93.5000000   36.00000  61.5%   8.7   10s
H13306  6559                      93.3333333   36.00000  61.4%   8.7   10s
H13309  6273                      93.1666667   36.00000  61.4%   8.8   10s
H13315  5970                      93.0000000   36.00000  61.3%   8.8   10s
H13339  5677                      92.8333333   36.00000  61.2%   8.8   10s
H14251  5978                      92.6666667   36.00000  61.2%  10.3   12s
H15723  6787                      92.1666667   36.00000  60.9%  12.7   13s
H17793  7462                      91.3333333   36.00000  60.6%  15.5   13s
H18250  7077                      91.1666667   36.00000  60.5%  16.5   13s
H19196  8087                      91.0000000   36.00000  60.4%  17.4   14s
 21459  9449   39.16667   70  143   91.00000   36.00000  60.4%  19.2   15s
H23439  9164                      90.9999999   36.00000  60.4%  20.7   16s
H26916 11498                      90.9999999   36.00000  60.4%  22.9   17s
H30710 16344                      90.9999999   36.00000  60.4%  24.7   18s
H32013 16344                      90.9999997   36.00000  60.4%  25.3   18s
 38512 22189   36.00000   29  208   91.00000   36.00000  60.4%  27.8   20s
H46271 23860                      90.9999996   36.00000  60.4%  29.6   21s
H46651 25908                      90.9999995   36.00000  60.4%  29.5   22s
H48402 25908                      90.9999995   36.00000  60.4%  29.7   22s
 60936 37242   40.66667   80  142   91.00000   36.00000  60.4%  30.6   25s
 86906 53584   69.68657  129   74   91.00000   36.00000  60.4%  33.8   30s
 117235 69680   51.00133  119   91   91.00000   36.00000  60.4%  35.1   35s
 142311 86446   36.94444   78  131   91.00000   36.00000  60.4%  36.0   40s
 157434 93601   75.18757  115  108   91.00000   36.00000  60.4%  36.7   46s
H157448 93601                      90.9999977   36.00000  60.4%  36.7   46s
 157477 113103   78.51444  116   92   91.00000   36.00000  60.4%  36.7   50s
H157600 113103                      90.9999976   36.00000  60.4%  36.7   50s
H158601 113103                      90.9999975   36.00000  60.4%  36.7   50s
H173315 113103                      90.9999975   36.00000  60.4%  37.0   50s
H190534 114742                      90.9999974   36.00000  60.4%  37.3   52s
 192111 116744   80.16733  155   53   91.00000   36.00000  60.4%  37.3   55s
H192616 116744                      90.9998755   36.00000  60.4%  37.3   55s
H192909 116742                      90.9166667   36.00000  60.4%  37.3   55s
H197103 133427                      90.8333333   36.00000  60.4%  37.5   58s
H221949 135099                      90.8333330   36.00000  60.4%  37.6   60s
H225069 135713                      90.8333330   36.00000  60.4%  37.6   63s
H225073 135713                      90.8333329   36.00000  60.4%  37.6   63s
H225325 135713                      90.8333328   36.00000  60.4%  37.6   63s
H225325 135713                      90.8333328   36.00000  60.4%  37.6   63s
H225649 135713                      90.8333328   36.00000  60.4%  37.6   63s
H225664 135713                      90.8333327   36.00000  60.4%  37.6   63s
 226129 139700   38.84586   89  119   90.83333   36.00000  60.4%  37.6   67s
H234000 150727                      90.8333264   36.00000  60.4%  37.7   69s
H251473 154342                      90.8333015   36.00000  60.4%  38.1   70s
 273807 164381     cutoff  151        90.83330   36.00000  60.4%  38.2   75s
 298514 179114   40.16667  146   95   90.83330   36.00000  60.4%  38.3   80s
 312552 190650   76.66805  118   95   90.83330   36.00000  60.4%  38.5   86s
 320659 191367   37.41890  109  116   90.83330   36.00000  60.4%  38.5   90s
 349830 210037   87.67920  105   93   90.83330   36.00000  60.4%  38.7   95s
 358184 214354   41.75000  132  102   90.83330   36.00000  60.4%  38.8  100s
 385824 230537   38.45307  113  124   90.83330   36.00000  60.4%  39.0  106s
 400602 242929   40.16667   95   88   90.83330   36.00000  60.4%  39.1  110s
 416769 250915   36.00000   96  122   90.83330   36.00000  60.4%  39.3  115s
 443305 270531   38.51028  115  127   90.83330   36.00000  60.4%  39.4  120s
 463438 281415   74.41784  106  129   90.83330   36.00000  60.4%  39.4  125s
 493526 300686   39.08367  128  126   90.83330   36.00000  60.4%  39.6  130s
 517834 312516   75.37309  158   62   90.83330   36.00000  60.4%  39.6  135s
 543521 329478   49.51075  149   74   90.83330   36.00000  60.4%  39.7  140s
 564122 345633   77.50000  136   68   90.83330   36.00000  60.4%  39.9  145s
 594575 364956     cutoff  127        90.83330   36.00000  60.4%  40.0  150s
 620009 377115   36.00000  104  135   90.83330   36.00000  60.4%  40.0  156s
 627199 380788   55.83381  104  132   90.83330   36.00000  60.4%  40.0  165s
 659269 399121   51.69444  110  100   90.83330   36.00000  60.4%  40.1  176s
 659310 417270   51.83333  111   96   90.83330   36.00000  60.4%  40.1  180s
 703619 428823   56.66667  137   74   90.83330   36.00000  60.4%  40.1  185s
 713234 432816   38.33333  108  121   90.83330   36.00000  60.4%  40.1  193s
 724571 443257   55.00075  121   96   90.83330   36.00000  60.4%  40.1  196s
 737462 449200     cutoff  103        90.83330   36.00000  60.4%  40.1  200s
 755756 460137   39.83613   99  122   90.83330   36.00000  60.4%  40.0  205s
 780817 476614   80.66849  137   97   90.83330   36.00000  60.4%  40.1  210s
 815038 494404   36.00000  123  126   90.83330   36.00000  60.4%  40.0  215s
 846973 511508   36.33334  135  130   90.83330   36.00000  60.4%  39.8  220s
 852909 528944     cutoff  132        90.83330   36.00000  60.4%  39.8  230s
 907022 544041   70.30622  177   68   90.83330   36.00000  60.4%  39.5  235s
 927514 553539   39.52160  135  125   90.83330   36.00000  60.4%  39.4  247s
 936267 559464   88.33662  153   80   90.83330   36.00000  60.4%  39.3  250s
 963496 576534   90.66667  173   41   90.83330   36.00000  60.4%  39.3  255s
 980007 600427   38.21617  146  126   90.83330   36.00000  60.4%  39.3  262s
 1018842 611187   56.67262  147   95   90.83330   36.00000  60.4%  39.3  265s
 1047464 623875   71.96756  135  121   90.83330   36.00000  60.4%  39.3  271s
 1064991 638262   54.00000  105   83   90.83330   36.00000  60.4%  39.3  275s
 1086300 652879   84.00000  142   62   90.83330   36.00000  60.4%  39.4  280s
 1121932 669902   38.00000  102  104   90.83330   36.00000  60.4%  39.2  285s
 1152452 686381   43.68105  126   73   90.83330   36.00000  60.4%  39.2  290s
 1181571 701778   56.00055  132   86   90.83330   36.00000  60.4%  39.1  295s
 1211938 719591   39.09020  131  126   90.83330   36.00000  60.4%  39.1  300s
 1235250 736359   39.50000  141  128   90.83330   36.00000  60.4%  39.1  305s
 1253014 742596   71.50071  135   91   90.83330   36.00000  60.4%  39.1  310s
 1256915 749018   75.50000  122   33   90.83330   36.00000  60.4%  39.1  315s
 1292624 764456   44.66667  101   78   90.83330   36.00000  60.4%  38.8  320s
 1322650 778975   36.66667  101   65   90.83330   36.00000  60.4%  38.5  325s
 1355630 793060   45.83333  122   64   90.83330   36.00000  60.4%  38.2  330s
 1385379 803733   37.23289   89   79   90.83330   36.00000  60.4%  37.9  337s
 1405019 812823   90.50000  100   56   90.83330   36.00000  60.4%  37.8  343s
 1408348 816131     cutoff  121        90.83330   36.00000  60.4%  37.8  345s
 1437709 826982   52.16667  110   60   90.83330   36.00000  60.4%  37.6  352s
 1455851 836391     cutoff  116        90.83330   36.00000  60.4%  37.4  356s
 1484493 845824   54.33333   99   77   90.83330   36.00000  60.4%  37.2  360s
 1512004 855512   84.46936  118   66   90.83330   36.00000  60.4%  37.0  368s
 1519558 861328   50.00000  122   51   90.83330   36.00000  60.4%  36.9  370s
 1542204 868530     cutoff  111        90.83330   36.00000  60.4%  36.8  375s
 1566414 881558   39.16667  110   52   90.83330   36.00000  60.4%  36.6  380s
 1571416 883811   38.50000  102   61   90.83330   36.00000  60.4%  36.6  385s
 1587606 890017   44.96288  107   77   90.83330   36.00000  60.4%  36.5  390s
 1609934 896038   81.50000  126   26   90.83330   36.00000  60.4%  36.3  396s
 1609982 909657     cutoff  127        90.83330   36.00000  60.4%  36.3  400s
 1642064 923193     cutoff  124        90.83330   36.00000  60.4%  36.1  411s
 1695877 933856   36.00000  105   81   90.83330   36.00000  60.4%  35.8  415s
 1721024 943310   64.22950  113   60   90.83330   36.00000  60.4%  35.7  420s
 1742130 954538   36.95833   99   91   90.83330   36.00000  60.4%  35.6  425s
 1776392 968230 infeasible  131        90.83330   36.00000  60.4%  35.4  430s
 1796880 986877   54.50000  107   62   90.83330   36.00000  60.4%  35.3  437s
 1840301 994261     cutoff  134        90.83330   36.00000  60.4%  35.1  440s
 1859173 1014284   41.16667  119   78   90.83330   36.00000  60.4%  35.0  447s
 1902756 1020688   36.00046  109   76   90.83330   36.00000  60.4%  34.8  450s
 1933108 1034707     cutoff  121        90.83330   36.00000  60.4%  34.7  455s
 1965989 1046737 infeasible  130        90.83330   36.00000  60.4%  34.6  461s
 1993422 1059510 infeasible  130        90.83330   36.00000  60.4%  34.5  465s
 2008623 1065149   36.00000  104   90   90.83330   36.00000  60.4%  34.4  470s
 2015238 1080560 infeasible  108        90.83330   36.00000  60.4%  34.4  477s
 2045584 1080576 infeasible   94        90.83330   36.00000  60.4%  34.3  480s
 2045632 1095238   38.16700  113   87   90.83330   36.00000  60.4%  34.3  485s
 2077760 1109974 infeasible  126        90.83330   36.00000  60.4%  34.2  493s
 2109792 1113347   50.33887  111   71   90.83330   36.00000  60.4%  34.1  495s
 2149632 1126898   75.16667  113   53   90.83330   36.00000  60.4%  34.0  500s
 2164339 1130921 infeasible  141        90.83330   36.00000  60.4%  33.9  505s
 2185755 1142490   43.63555  112  121   90.83330   36.00000  60.4%  33.8  510s
 2215712 1157560   70.40726  113   53   90.83330   36.00000  60.4%  33.8  515s
 2229731 1164431   43.83388   94   90   90.83330   36.00000  60.4%  33.7  520s
 2250919 1173073   70.83333  105   58   90.83330   36.00000  60.4%  33.7  525s
 2277860 1185421   41.00959  120   78   90.83330   36.00000  60.4%  33.6  530s
 2302831 1197661   88.50000  134   51   90.83330   36.00000  60.4%  33.6  535s
 2338309 1212112   39.66667   91   75   90.83330   36.00000  60.4%  33.5  542s
 2344284 1215037   37.00000  100   77   90.83330   36.00000  60.4%  33.5  545s
 2359108 1223912   48.84195  122   70   90.83330   36.00000  60.4%  33.4  550s
 2372796 1229401   45.00000   96   71   90.83330   36.00000  60.4%  33.4  555s
 2400972 1243448   47.33333  122   43   90.83330   36.00000  60.4%  33.3  560s
 2434699 1257548   63.76719  119   57   90.83330   36.00000  60.4%  33.2  567s
 2439606 1263238     cutoff  117        90.83330   36.00000  60.4%  33.2  570s
 2455294 1267269   37.50000  114   77   90.83330   36.00000  60.4%  33.2  578s
 2455339 1282323   37.50070  115   78   90.83330   36.00000  60.4%  33.2  586s
 2502203 1293620   57.33333  124   55   90.83330   36.00000  60.4%  33.1  590s
 2537719 1309966   54.00000  108   77   90.83330   36.00000  60.4%  33.0  596s
 2541704 1309993   68.00000  127   41   90.83330   36.00000  60.4%  33.0  600s
 2559088 1320977   52.16667  111   46   90.83330   36.00000  60.4%  32.9  605s
 2591928 1335997   36.16892   92  100   90.83330   36.00000  60.4%  32.8  610s
 2626378 1349770   37.33333  125   80   90.83330   36.00000  60.4%  32.7  615s
 2636404 1351441   68.83333  106   64   90.83330   36.00000  60.4%  32.7  620s
 2662365 1366247   51.76727  112   59   90.83330   36.00000  60.4%  32.6  625s
 2669765 1370214   90.13666  119   58   90.83330   36.00000  60.4%  32.6  630s
 2675974 1370237   60.50000  128   48   90.83330   36.00000  60.4%  32.6  635s
 2691989 1377951   81.93228  111   50   90.83330   36.00000  60.4%  32.6  642s
 2692035 1392309 infeasible  112        90.83330   36.00000  60.4%  32.6  645s
 2741652 1403243   36.65064  104   92   90.83330   36.00000  60.4%  32.5  650s
 2767660 1415062   86.00000  128   30   90.83330   36.00000  60.4%  32.5  655s
 2786855 1423613 infeasible  122        90.83330   36.00000  60.4%  32.4  660s
 2807194 1430077   74.66667   92   63   90.83330   36.00000  60.4%  32.4  666s
 2815369 1433476     cutoff  107        90.83330   36.00000  60.4%  32.4  673s
 2821025 1439958   75.60606  136   38   90.83330   36.00000  60.4%  32.4  675s
 2858835 1455850     cutoff  114        90.83330   36.00000  60.4%  32.3  680s
 2889268 1470697     cutoff  122        90.83330   36.00000  60.4%  32.3  685s
 2915463 1485507   71.83333  144   34   90.83330   36.00000  60.4%  32.2  690s
 2928898 1490328   39.50000  105   76   90.83330   36.00000  60.4%  32.2  695s
 2964175 1509881     cutoff  139        90.83330   36.00000  60.4%  32.2  700s
 2979469 1516204   38.16667  125   72   90.83330   36.00000  60.4%  32.2  706s
 3010375 1532340 infeasible  124        90.83330   36.00000  60.4%  32.1  711s
 3033817 1543867   83.68322  107   51   90.83330   36.00000  60.4%  32.1  715s
 3040790 1558914   72.53025  138   46   90.83330   36.00000  60.4%  32.1  722s
 3086138 1566172   39.75447   97   94   90.83330   36.00000  60.4%  32.0  725s
 3102951 1576900   78.42982   94   66   90.83330   36.00000  60.4%  32.0  730s
 3128644 1585589   78.53387  122   52   90.83330   36.00000  60.4%  32.0  735s
H3129585 1588125                      90.8333014   36.00000  60.4%  32.0  736s
 3156484 1598153   45.00000  113   54   90.83330   36.00000  60.4%  31.9  741s
H3156548 1600462                      90.8333014   36.00000  60.4%  31.9  742s
 3178213 1610510   76.28300   89   95   90.83330   36.00000  60.4%  31.9  745s
 3202819 1621881   36.33333  107   91   90.83330   36.00000  60.4%  31.9  750s
 3225524 1633556   36.16667  107   75   90.83330   36.00000  60.4%  31.9  756s
 3225569 1649162   36.16721  108   78   90.83330   36.00000  60.4%  31.9  766s
 3265515 1655048   39.83995  117   68   90.83330   36.00000  60.4%  31.9  770s
 3289225 1667806   41.83333  109   86   90.83330   36.00000  60.4%  31.9  775s
 3322797 1682669 infeasible  122        90.83330   36.00000  60.4%  31.9  780s
 3358480 1700565   43.00033  118   58   90.83330   36.00000  60.4%  31.8  785s
 3382001 1712218   58.33333   86   98   90.83330   36.00000  60.4%  31.8  790s
 3408608 1724697     cutoff   90        90.83330   36.00000  60.4%  31.8  795s
 3437604 1734973   86.83333  108   50   90.83330   36.00000  60.4%  31.8  802s
 3443554 1737880   36.00033  107   85   90.83330   36.00000  60.4%  31.7  806s
 3456206 1746751   84.57204  140   43   90.83330   36.00000  60.4%  31.7  810s
 3486584 1758074   37.66733  107   92   90.83330   36.00000  60.4%  31.7  816s
 3498614 1766488     cutoff  105        90.83330   36.00000  60.4%  31.7  820s
H3505980 1769322                      90.8331333   36.00000  60.4%  31.7  821s
 3508869 1770263   54.50000  117   69   90.83313   36.00000  60.4%  31.7  829s
 3508907 1786766   54.50000  118   67   90.83313   36.00000  60.4%  31.7  833s
 3540939 1786788   38.66667  119   63   90.83313   36.00000  60.4%  31.7  837s
 3540981 1803011   41.02778  120   70   90.83313   36.00000  60.4%  31.7  841s
 3593967 1815893   41.55878  121   82   90.83313   36.00000  60.4%  31.6  845s
 3603553 1834273   36.66799  109   84   90.83313   36.00000  60.4%  31.6  853s
 3635585 1838754   37.16667   97   79   90.83313   36.00000  60.4%  31.6  855s
 3647284 1841624   38.00000  119   84   90.83313   36.00000  60.4%  31.6  860s
 3652974 1844682   38.00000  111   82   90.83313   36.00000  60.4%  31.6  865s
 3661899 1848216   41.66682   88  107   90.83313   36.00000  60.4%  31.6  871s
 3685085 1863167 infeasible  112        90.83313   36.00000  60.4%  31.6  875s
 3699466 1882775   47.84325   99   61   90.83313   36.00000  60.4%  31.6  883s
 3739073 1888154   36.33333  121   82   90.83313   36.00000  60.4%  31.6  885s
 3758001 1898498   41.50000   96   80   90.83313   36.00000  60.4%  31.6  890s
 3765032 1914640   84.16667  124   50   90.83313   36.00000  60.4%  31.6  895s
 3794952 1931383   85.21882   99   66   90.83313   36.00000  60.4%  31.6  901s
 3827477 1948329   51.33333   95   66   90.83313   36.00000  60.4%  31.5  907s
 3860412 1965637   82.50298  111   43   90.83313   36.00000  60.4%  31.5  911s
 3893480 1982161     cutoff  107        90.83313   36.00000  60.4%  31.5  917s
 3938390 1990759   78.99242  144   46   90.83313   36.00000  60.4%  31.5  920s
 3952444 1995621     cutoff  118        90.83313   36.00000  60.4%  31.5  925s
 3959869 1999944   41.79167  113   72   90.83313   36.00000  60.4%  31.5  931s
 3959905 2015794   41.50000  109   77   90.83313   36.00000  60.4%  31.5  935s
 4013246 2028332     cutoff   99        90.83313   36.00000  60.4%  31.4  940s
 4034789 2036320   64.00066  103   81   90.83313   36.00000  60.4%  31.4  947s
 4046354 2043343   37.00352   96   83   90.83313   36.00000  60.4%  31.4  950s
 4067809 2052233   66.00000  117   51   90.83313   36.00000  60.4%  31.4  958s
 4067844 2053878   66.19442  116   49   90.83313   36.00000  60.4%  31.4  960s
 4071646 2057480   81.67246  122   52   90.83313   36.00000  60.4%  31.4  965s
 4099691 2070881     cutoff  111        90.83313   36.00000  60.4%  31.4  970s
 4136550 2086560   44.89535   99  102   90.83313   36.00000  60.4%  31.4  975s
 4159640 2098158     cutoff  112        90.83313   36.00000  60.4%  31.4  980s
 4166301 2102076   36.66667  106   89   90.83313   36.00000  60.4%  31.4  985s
 4196338 2115615   58.83333  122   57   90.83313   36.00000  60.4%  31.4  990s
 4202810 2120989   39.51424  112   82   90.83313   36.00000  60.4%  31.4  995s
 4224629 2127750   74.50000  114   39   90.83313   36.00000  60.4%  31.4 1000s
 4233717 2135697   37.03393   99   85   90.83313   36.00000  60.4%  31.4 1005s
 4257824 2143896   55.33333  137   41   90.83313   36.00000  60.4%  31.4 1011s
 4271109 2150893   76.66667  133   31   90.83313   36.00000  60.4%  31.4 1015s
H4279079 2155154                      90.8319363   36.00000  60.4%  31.4 1017s
 4288369 2158860 infeasible  108        90.83194   36.00000  60.4%  31.4 1020s
 4312994 2171841   43.50976  119   81   90.83194   36.00000  60.4%  31.4 1026s
 4313045 2188222   43.50000  119   83   90.83194   36.00000  60.4%  31.4 1031s
 4367315 2200722   36.00000   81   96   90.83194   36.00000  60.4%  31.4 1035s
 4392979 2211775   74.25610  144   48   90.83194   36.00000  60.4%  31.4 1040s
 4399730 2219382   37.25000   87   88   90.83194   36.00000  60.4%  31.4 1045s
 4420058 2228347   44.00000  109   61   90.83194   36.00000  60.4%  31.4 1050s
 4438138 2238195   53.66667  100   58   90.83194   36.00000  60.4%  31.4 1055s
 4469057 2253601   83.51454  100   69   90.83194   36.00000  60.4%  31.3 1060s
 4499579 2264766   50.70505  124   80   90.83194   36.00000  60.4%  31.3 1067s
 4499613 2280913   38.33495  122   97   90.83194   36.00000  60.4%  31.3 1071s
 4531916 2297618   66.00000  121   35   90.83194   36.00000  60.4%  31.3 1077s
 4577589 2303083     cutoff  118        90.83194   36.00000  60.4%  31.3 1081s
 4594371 2314782   46.04529   96   95   90.83194   36.00000  60.4%  31.3 1085s
 4619739 2321579   70.33333  100   55   90.83194   36.00000  60.4%  31.3 1092s
 4638405 2330373   36.33369  100   98   90.83194   36.00000  60.4%  31.3 1095s
 4667571 2345420 infeasible  123        90.83194   36.00000  60.4%  31.3 1100s
 4696382 2361081 infeasible  128        90.83194   36.00000  60.4%  31.3 1105s
 4711602 2369286   40.40374   97  111   90.83194   36.00000  60.4%  31.3 1110s
 4747295 2386063   36.02313   90   93   90.83194   36.00000  60.4%  31.3 1115s
 4774521 2399707   72.66667  128   48   90.83194   36.00000  60.4%  31.2 1120s
 4797669 2408709     cutoff  122        90.83194   36.00000  60.4%  31.2 1125s
 4817191 2425563   36.00000   99   72   90.83194   36.00000  60.4%  31.2 1130s
 4846949 2439139   38.68146   99   78   90.83194   36.00000  60.4%  31.2 1136s
 4871491 2453129     cutoff  103        90.83194   36.00000  60.4%  31.2 1140s
 4878321 2469184   80.43582  107   59   90.83194   36.00000  60.4%  31.2 1147s
 4923621 2478384   44.41799  126   55   90.83194   36.00000  60.4%  31.2 1150s
 4942649 2485895 infeasible  115        90.83194   36.00000  60.4%  31.2 1155s
 4942704 2501672 infeasible  115        90.83194   36.00000  60.4%  31.2 1163s
 4974736 2505423   38.16667   94   81   90.83194   36.00000  60.4%  31.2 1165s
 5005745 2519684   83.16898  107   52   90.83194   36.00000  60.4%  31.2 1170s
 5018631 2525139   41.00000  116   73   90.83194   36.00000  60.4%  31.2 1175s
 5049875 2542667   45.33333  112   51   90.83194   36.00000  60.4%  31.2 1180s
 5067032 2552312   52.83333  111   54   90.83194   36.00000  60.4%  31.2 1186s
 5084539 2556755   55.33333  118   71   90.83194   36.00000  60.4%  31.1 1192s
 5091999 2561130   43.77012  112   58   90.83194   36.00000  60.4%  31.1 1195s
 5096628 2571490   39.57711  104   79   90.83194   36.00000  60.4%  31.1 1200s

Cutting planes:
  Learned: 186
  Gomory: 14
  Cover: 130
  Implied bound: 105
  Clique: 9
  MIR: 549
  StrongCG: 1
  Flow cover: 1050
  GUB cover: 1
  Mod-K: 1
  RLT: 11
  Relax-and-lift: 412

Cleanup yields a better solution

Explored 5111853 nodes (159196054 simplex iterations) in 1200.14 seconds
Thread count was 32 (of 64 available processors)

Solution count 10: 90.8319 90.8331 90.8333 ... 91

Time limit reached
Best objective 9.049999973773e+01, best bound 3.600000000000e+01, gap 60.2210%
