
Gurobi 9.1.2 (linux64) logging started Wed Mar 30 04:20:06 2022

Changed value of parameter LogFile to cost226_v-Sofia.log
   Prev:   Default: 
Changed value of parameter MIPFocus to 1
   Prev: 0  Min: 0  Max: 3  Default: 0
Changed value of parameter TimeLimit to 600.0
   Prev: inf  Min: 0.0  Max: inf  Default: inf
Warning: variables 0 and 188 have the same name "X[Brussels,Amste...]"
Warning: linear constraint 228 and linear constraint 229 have the same name "weight-constr-t5"
Warning: to let Gurobi read it back, use rlp format
Gurobi Optimizer version 9.1.2 build v9.1.2rc0 (linux64)
Thread count: 32 physical cores, 64 logical processors, using up to 32 threads
Optimize a model with 1368 rows, 1128 columns and 4002 nonzeros
Model fingerprint: 0xdf0565c0
Variable types: 222 continuous, 906 integer (906 binary)
Coefficient statistics:
  Matrix range     [1e+00, 1e+06]
  Objective range  [2e-01, 2e-01]
  Bounds range     [1e+00, 5e+05]
  RHS range        [1e+00, 1e+06]
Presolve removed 54 rows and 60 columns
Presolve time: 0.01s
Presolved: 1314 rows, 1068 columns, 6828 nonzeros
Variable types: 216 continuous, 852 integer (852 binary)

Root relaxation: objective 3.600000e+01, 152 iterations, 0.00 seconds

    Nodes    |    Current Node    |     Objective Bounds      |     Work
 Expl Unexpl |  Obj  Depth IntInf | Incumbent    BestBd   Gap | It/Node Time

     0     0   36.00000    0   59          -   36.00000      -     -    0s
     0     0   36.00000    0   62          -   36.00000      -     -    0s
     0     0   36.00000    0   48          -   36.00000      -     -    0s
     0     0   36.00000    0   36          -   36.00000      -     -    0s
H    0     0                    16422.333309   36.00000   100%     -    0s
     0     0   36.00000    0   29 16422.3333   36.00000   100%     -    0s
H    0     0                    16421.666643   36.00000   100%     -    0s
H    0     0                    16413.666661   36.00000   100%     -    0s
     0     0   36.00000    0   28 16413.6667   36.00000   100%     -    0s
H    0     0                    4128.1666654   36.00000  99.1%     -    0s
H    0     0                    2091.8333333   36.00000  98.3%     -    0s
H    0     0                    2090.8333333   36.00000  98.3%     -    0s
     0     2   36.00000    0   28 2090.83333   36.00000  98.3%     -    0s
H    4     8                    2090.8333329   36.00000  98.3%  96.2    0s
H   29    56                    2090.6666663   36.00000  98.3%  23.2    0s
H   31    56                    2083.8333329   36.00000  98.3%  22.5    0s
H   89   120                    2081.0000000   36.00000  98.3%  15.2    1s
H   90   120                    1067.8333333   36.00000  96.6%  15.1    1s
H   96   120                    1064.0000000   36.00000  96.6%  14.6    1s
H   97   120                     579.6666667   36.00000  93.8%  14.6    1s
H  163   184                     441.8333332   36.00000  91.9%  12.4    1s
H  249   279                     441.5000000   36.00000  91.8%  10.6    2s
H  250   279                     438.6666667   36.00000  91.8%  10.6    2s
H  251   279                     376.5000000   36.00000  90.4%  10.6    2s
H  252   279                     375.1666667   36.00000  90.4%  10.6    2s
H  255   279                     362.0000000   36.00000  90.1%  10.5    2s
H  263   279                     332.6666667   36.00000  89.2%  10.4    2s
H  272   279                     331.1666667   36.00000  89.1%  10.3    2s
H  277   279                     323.3333333   36.00000  88.9%  10.2    2s
H  280   279                     319.5000000   36.00000  88.7%  10.1    2s
H  483   510                     318.3333333   36.00000  88.7%   8.8    2s
H  484   510                     318.0000000   36.00000  88.7%   8.8    2s
H  487   510                     317.0000000   36.00000  88.6%   8.7    2s
H  489   510                     314.6666667   36.00000  88.6%   8.7    2s
H  515   805                     314.3333333   36.00000  88.5%   8.7    2s
H  565   805                     314.1666667   36.00000  88.5%   8.7    2s
H  570   805                     313.0000000   36.00000  88.5%   8.7    2s
H  785   805                     312.8333333   36.00000  88.5%   8.2    2s
H  846   869                     312.6666667   36.00000  88.5%   8.1    3s
  1781  1827   37.00000   26   33  312.66667   36.00000  88.5%   7.1    5s
H 1881  1827                     312.6666666   36.00000  88.5%   7.1    5s
H 7257  6470                     312.3123860   36.00000  88.5%   6.1    7s
H 7292  6470                     311.6154546   36.00000  88.4%   6.1    7s
  7458  6612   36.00000   21  170  311.61545   36.00000  88.4%   8.7   12s
  8199  7260   37.33333   45  150  311.61545   36.00000  88.4%  10.4   16s
 12028 12557   36.00000   46  118  311.61545   36.00000  88.4%  13.8   20s
H20188 14314                     281.0833333   36.00000  87.2%  18.1   23s
 22983 13337   36.00000   44  118  281.08333   36.00000  87.2%  19.5   33s
H22984 13029                     280.9166667   36.00000  87.2%  19.5   33s
H22987 12735                     280.5000000   36.00000  87.2%  19.5   33s
H23018 12446                     280.3333333   36.00000  87.2%  19.6   33s
 23022 14422   36.00000   42  184  280.33333   36.00000  87.2%  19.6   35s
H24842 14385                     280.0000000   36.00000  87.1%  20.7   35s
H25351 14411                     279.3333333   36.00000  87.1%  20.8   36s
H25385 14411                     279.0000000   36.00000  87.1%  20.9   36s
H25387 14410                     278.6666667   36.00000  87.1%  20.9   36s
H25400 15815                     278.0833333   36.00000  87.1%  20.9   37s
H27161 15815                     278.0000000   36.00000  87.1%  21.4   37s
H27256 17263                     277.6666667   36.00000  87.0%  21.4   38s
H28120 17263                     277.5000000   36.00000  87.0%  22.1   38s
H28927 17263                     277.4166667   36.00000  87.0%  22.5   38s
 28972 22976   39.00000   67  124  277.41667   36.00000  87.0%  22.5   42s
H29329 22975                     277.3333333   36.00000  87.0%  22.6   42s
H34991 22973                     277.1666667   36.00000  87.0%  23.4   42s
 42025 29289   36.00000   47  119  277.16667   36.00000  87.0%  24.1   45s
H42176 29289                     277.1666655   36.00000  87.0%  24.1   45s
H45900 31570                     277.1666643   36.00000  87.0%  24.2   47s
H46000 31570                     277.1666642   36.00000  87.0%  24.2   47s
H46255 31570                     277.1666641   36.00000  87.0%  24.2   47s
H48065 31570                     277.1666641   36.00000  87.0%  24.4   47s
 50953 35979   36.00000   47  114  277.16666   36.00000  87.0%  24.8   52s
H53280 35979                     277.1666641   36.00000  87.0%  25.0   52s
H56855 38411                     277.1666618   36.00000  87.0%  25.6   54s
 58347 44725   36.00000   26  199  277.16666   36.00000  87.0%  25.7   58s
H58700 44725                     277.1666618   36.00000  87.0%  25.8   58s
H61700 44725                     277.1666617   36.00000  87.0%  26.0   58s
 66839 46607  133.16667  108   88  277.16666   36.00000  87.0%  26.4   60s
H67332 46607                     277.1666606   36.00000  87.0%  26.3   60s
H67395 46607                     277.1666595   36.00000  87.0%  26.4   60s
H69099 46607                     277.1666594   36.00000  87.0%  26.5   60s
H70944 51343                     277.1666594   36.00000  87.0%  26.5   63s
H73436 51343                     277.1666591   36.00000  87.0%  26.6   63s
H75766 53504                     277.1666590   36.00000  87.0%  26.8   65s
H76033 53504                     277.1666589   36.00000  87.0%  26.8   65s
H76684 53504                     277.1666589   36.00000  87.0%  26.8   65s
H78573 53504                     277.1666588   36.00000  87.0%  26.8   65s
H79265 54339                     277.1666532   36.00000  87.0%  26.8   69s
 79641 58008   36.00000   34   72  277.16665   36.00000  87.0%  26.8   71s
H79920 58008                     277.1666531   36.00000  87.0%  26.8   71s
H80501 58008                     277.1666530   36.00000  87.0%  26.8   71s
 84735 62970   43.66667   94  107  277.16665   36.00000  87.0%  27.1   75s
H86407 62970                     277.1666530   36.00000  87.0%  27.2   75s
H91677 68063                     277.1666529   36.00000  87.0%  27.5   78s
H93607 68063                     277.1666529   36.00000  87.0%  27.7   78s
H95308 68063                     277.1666528   36.00000  87.0%  27.8   79s
 98674 70598   38.91667  101  148  277.16665   36.00000  87.0%  28.1   82s
H99214 70598                     277.1666528   36.00000  87.0%  28.1   82s
H100415 70598                     277.0000000   36.00000  87.0%  28.2   82s
H101852 75727                     276.1666667   36.00000  87.0%  28.5   85s
H102001 75727                     276.0000000   36.00000  87.0%  28.5   85s
H102880 75714                     275.6666667   36.00000  86.9%  28.5   85s
H111950 78814                     275.6666666   36.00000  86.9%  28.8   89s
H112591 78814                     275.6666665   36.00000  86.9%  28.9   89s
 113389 83057  119.75036  167  102  275.66667   36.00000  86.9%  28.9   93s
H113501 83057                     275.6666664   36.00000  86.9%  28.9   93s
 118977 85698   36.16667   61  172  275.66667   36.00000  86.9%  29.1   96s
H119272 85698                     275.6666664   36.00000  86.9%  29.2   96s
 122431 91325   36.00000   41  108  275.66667   36.00000  86.9%  29.4  100s
H127816 91325                     275.6666663   36.00000  86.9%  29.7  100s
H130825 96332                     275.6666663   36.00000  86.9%  30.0  103s
H134256 96332                     275.6665837   36.00000  86.9%  30.1  103s
H136632 99128                     275.6665824   36.00000  86.9%  30.2  106s
H138938 99128                     275.6665744   36.00000  86.9%  30.3  106s
H140477 102002                     275.6665428   36.00000  86.9%  30.4  109s
 144186 103964   37.00000  100  136  275.66654   36.00000  86.9%  30.8  113s
 146633 109387   39.16697  115  133  275.66654   36.00000  86.9%  31.1  117s
 153728 113495   36.33333   71  128  275.66654   36.00000  86.9%  31.5  121s
 164357 120502   39.33333   69  184  275.66654   36.00000  86.9%  31.9  128s
 168230 126446   38.83333   99  165  275.66654   36.00000  86.9%  32.1  131s
H173466 126445                     275.5000000   36.00000  86.9%  32.2  131s
 176564 129575   36.00000   84  125  275.50000   36.00000  86.9%  32.3  135s
H183213 133024                     275.4999999   36.00000  86.9%  32.2  139s
 186020 136971   39.33333   93  123  275.50000   36.00000  86.9%  32.1  143s
H188567 136971                     275.4999998   36.00000  86.9%  32.2  143s
H190897 141305                     275.4999994   36.00000  86.9%  32.3  147s
 196647 145664   36.00000   86  136  275.50000   36.00000  86.9%  32.5  151s
H198023 145664                     275.4999994   36.00000  86.9%  32.5  151s
H208109 152364                     275.4999885   36.00000  86.9%  32.5  154s
 212354 154923   36.00000   79  182  275.49999   36.00000  86.9%  32.5  158s
H212674 154923                     275.4999839   36.00000  86.9%  32.5  158s
H214902 154923                     275.4999826   36.00000  86.9%  32.5  158s
 216212 159728   36.00000   85  151  275.49998   36.00000  86.9%  32.5  162s
H217284 159728                     275.4999825   36.00000  86.9%  32.5  162s
 222987 161621   36.00000  113  146  275.49998   36.00000  86.9%  32.7  165s
H225185 161621                     275.4999824   36.00000  86.9%  32.7  165s
 232173 170349   36.00000   63  158  275.49998   36.00000  86.9%  32.7  172s
 238293 172913 infeasible  149       275.49998   36.00000  86.9%  32.7  176s
 242064 177370   38.50000  109  132  275.49998   36.00000  86.9%  32.7  180s
 255074 184610   97.16837   82  116  275.49998   36.00000  86.9%  32.9  187s
 258553 189368   38.00000   65  154  275.49998   36.00000  86.9%  32.9  191s
 272443 197289   65.50000  135   97  275.49998   36.00000  86.9%  33.1  197s
 276298 199423  127.83420  100   98  275.49998   36.00000  86.9%  33.3  201s
 279088 202917   37.83333  102  157  275.49998   36.00000  86.9%  33.4  205s
 292076 210853   36.00000   42  144  275.49998   36.00000  86.9%  33.5  212s
 295289 213756   36.00000   54  147  275.49998   36.00000  86.9%  33.4  216s
 299141 217235   36.33333   58  139  275.49998   36.00000  86.9%  33.5  221s
 304966 221920   88.18536   86  127  275.49998   36.00000  86.9%  33.6  225s
 317168 230144   36.00000   67  148  275.49998   36.00000  86.9%  33.7  231s
 325950 237333     cutoff  136       275.49998   36.00000  86.9%  33.8  238s
 331621 243840   37.83333  129  130  275.49998   36.00000  86.9%  33.9  242s
 340693 248122   40.83333   96  122  275.49998   36.00000  86.9%  34.0  246s
 352153 256370   54.94444   84  113  275.49998   36.00000  86.9%  34.0  253s
 358202 261821   47.16955  139  134  275.49998   36.00000  86.9%  34.0  256s
 369960 269162   48.00016  102  111  275.49998   36.00000  86.9%  34.0  262s
 377017 273333   36.00000   88  173  275.49998   36.00000  86.9%  34.0  265s
 386696 278736   36.00000   72  142  275.49998   36.00000  86.9%  34.1  272s
 389836 284069   36.00267   75  145  275.49998   36.00000  86.9%  34.1  276s
 397525 287536   47.83333   74  108  275.49998   36.00000  86.9%  34.2  280s
 408902 297346   36.66667  104  139  275.49998   36.00000  86.9%  34.5  287s
 416021 300439   37.50000   92  141  275.49998   36.00000  86.9%  34.6  290s
 420925 306175   36.00000   80  132  275.49998   36.00000  86.9%  34.7  298s
 428629 311889   38.16667   83  169  275.49998   36.00000  86.9%  34.8  301s
 436523 316356   78.86720  147   87  275.49998   36.00000  86.9%  34.9  305s
 446891 323256   49.01624   97  127  275.49998   36.00000  86.9%  34.9  312s
 453501 326970   36.33333   73  149  275.49998   36.00000  86.9%  34.9  315s
 465879 335388   36.83333  104  165  275.49998   36.00000  86.9%  34.9  323s
 472879 337571   36.50000   92  107  275.49998   36.00000  86.9%  34.9  326s
 476124 343290  218.16787  125   91  275.49998   36.00000  86.9%  34.9  331s
 484802 349006     cutoff  108       275.49998   36.00000  86.9%  34.9  335s
 498183 356817   40.33333   49  137  275.49998   36.00000  86.9%  35.0  341s
 505115 361898   36.00000   67  185  275.49998   36.00000  86.9%  35.0  345s
 516396 366096   36.00000  103  118  275.49998   36.00000  86.9%  35.0  351s
 519365 370471   36.04167  108  105  275.49998   36.00000  86.9%  35.0  355s
 531115 379535  105.83472  153  104  275.49998   36.00000  86.9%  35.1  363s
 539509 384479   36.33333   82  182  275.49998   36.00000  86.9%  35.1  366s
 551005 391437  127.33333   94  105  275.49998   36.00000  86.9%  35.2  371s
 556721 395547   94.16667   98  114  275.49998   36.00000  86.9%  35.1  375s
 569288 403855 infeasible  136       275.49998   36.00000  86.9%  35.2  382s
 574672 408172   37.00000  111  115  275.49998   36.00000  86.9%  35.3  386s
 586231 415754  207.50000  155   44  275.49998   36.00000  86.9%  35.3  393s
 591616 421177  224.83333  119   78  275.49998   36.00000  86.9%  35.4  397s
 599776 424205   76.16667   96  136  275.49998   36.00000  86.9%  35.4  401s
 604472 429445   38.16667   83  134  275.49998   36.00000  86.9%  35.4  405s
 619900 436583  202.67746  149   75  275.49998   36.00000  86.9%  35.5  412s
 623246 440312  244.50005  110  131  275.49998   36.00000  86.9%  35.5  415s
 635133 448456   39.50000   86  133  275.49998   36.00000  86.9%  35.5  423s
 642021 453083   37.00000   78  136  275.49998   36.00000  86.9%  35.5  426s
 654565 459142  222.52892  135   98  275.49998   36.00000  86.9%  35.5  433s
 658371 462014   36.00000  122  127  275.49998   36.00000  86.9%  35.6  436s
 662537 468732   38.34103  106  122  275.49998   36.00000  86.9%  35.6  441s
 677952 477129   61.83333  108  126  275.49998   36.00000  86.9%  35.7  448s
 684964 481779   36.50000   69  201  275.49998   36.00000  86.9%  35.7  450s
 696596 489058   76.83333   90  125  275.49998   36.00000  86.9%  35.9  457s
 702063 492713 infeasible  125       275.49998   36.00000  86.9%  35.9  461s
 713974 501373   36.66667  124  133  275.49998   36.00000  86.9%  36.0  468s
 720998 503265   36.83333   92  107  275.49998   36.00000  86.9%  36.0  472s
 723690 511659   36.00000   79  148  275.49998   36.00000  86.9%  36.0  478s
 736444 517024   51.50209  103  107  275.49998   36.00000  86.9%  36.1  482s
 743969 519653 infeasible  149       275.49998   36.00000  86.9%  36.1  486s
 753725 529564   36.50000   98  163  275.49998   36.00000  86.9%  36.3  493s
 762390 531378   40.16667   88  146  275.49998   36.00000  86.9%  36.2  496s
 771387 538144   36.00000   61  177  275.49998   36.00000  86.9%  36.2  502s
 776157 540796   46.20833   75  134  275.49998   36.00000  86.9%  36.2  505s
 784963 548790  104.16667  175   87  275.49998   36.00000  86.9%  36.3  512s
 795321 555804   37.33333   93  137  275.49998   36.00000  86.9%  36.3  518s
 802915 560607   43.50000  100  145  275.49998   36.00000  86.9%  36.3  521s
 813892 566921   36.00000   99  163  275.49998   36.00000  86.9%  36.4  528s
 819751 569828   45.83333  113  104  275.49998   36.00000  86.9%  36.4  531s
 831931 574898   84.83333  161  101  275.49998   36.00000  86.9%  36.4  538s
 831973 577405  115.38671  162  102  275.49998   36.00000  86.9%  36.4  541s
 835437 582392   38.00000   83  145  275.49998   36.00000  86.9%  36.5  545s
 848012 590118  229.50845  150   78  275.49998   36.00000  86.9%  36.5  552s
 854648 592884   36.00000  104  171  275.49998   36.00000  86.9%  36.5  555s
 867355 599839  226.83333  149   85  275.49998   36.00000  86.9%  36.5  562s
 871395 603149   71.50000  130  107  275.49998   36.00000  86.9%  36.5  566s
 877021 608505   51.00000   99  117  275.49998   36.00000  86.9%  36.5  570s
 888378 614017   46.83624  107  155  275.49998   36.00000  86.9%  36.5  576s
 897062 619074   40.00000   80   95  275.49998   36.00000  86.9%  36.5  582s
 902257 623075  198.50246  136   79  275.49998   36.00000  86.9%  36.5  586s
 908812 627108  169.33333  122  101  275.49998   36.00000  86.9%  36.5  590s
 920575 634531   39.66667  145  115  275.49998   36.00000  86.9%  36.5  597s
 926306 638763     cutoff  108       275.49998   36.00000  86.9%  36.5  600s

Cutting planes:
  Learned: 191
  Gomory: 16
  Cover: 138
  Implied bound: 121
  Clique: 9
  MIR: 334
  Flow cover: 1008
  GUB cover: 1
  RLT: 2
  Relax-and-lift: 223

Explored 932064 nodes (34119902 simplex iterations) in 600.06 seconds
Thread count was 32 (of 64 available processors)

Solution count 10: 275.5 275.5 275.5 ... 276

Time limit reached
Best objective 2.754999823966e+02, best bound 3.600000000002e+01, gap 86.9328%

Gurobi 9.1.2 (linux64) logging started Tue Apr  5 10:04:45 2022

Changed value of parameter LogFile to cost226_v-Sofia.log
   Prev:   Default: 
Changed value of parameter MIPFocus to 1
   Prev: 0  Min: 0  Max: 3  Default: 0
Changed value of parameter TimeLimit to 1200.0
   Prev: inf  Min: 0.0  Max: inf  Default: inf
Warning: variables 0 and 188 have the same name "X[Lyon,Paris]"
Warning: linear constraint 228 and linear constraint 229 have the same name "weight-constr-t5"
Warning: to let Gurobi read it back, use rlp format
Gurobi Optimizer version 9.1.2 build v9.1.2rc0 (linux64)
Thread count: 32 physical cores, 64 logical processors, using up to 32 threads
Optimize a model with 1368 rows, 1128 columns and 4002 nonzeros
Model fingerprint: 0xecc799f0
Variable types: 222 continuous, 906 integer (906 binary)
Coefficient statistics:
  Matrix range     [1e+00, 1e+06]
  Objective range  [2e-01, 2e-01]
  Bounds range     [1e+00, 5e+05]
  RHS range        [1e+00, 1e+06]
Presolve removed 54 rows and 60 columns
Presolve time: 0.01s
Presolved: 1314 rows, 1068 columns, 6828 nonzeros
Variable types: 216 continuous, 852 integer (852 binary)
Found heuristic solution: objective 33825.999950

Root relaxation: objective 3.600000e+01, 152 iterations, 0.00 seconds

    Nodes    |    Current Node    |     Objective Bounds      |     Work
 Expl Unexpl |  Obj  Depth IntInf | Incumbent    BestBd   Gap | It/Node Time

     0     0   36.00000    0   43 33826.0000   36.00000   100%     -    0s
H    0     0                    33825.833284   36.00000   100%     -    0s
H    0     0                    33822.666617   36.00000   100%     -    0s
H    0     0                    33815.333284   36.00000   100%     -    0s
     0     0   36.00000    0   49 33815.3333   36.00000   100%     -    0s
H    0     0                    4273.3333300   36.00000  99.2%     -    0s
H    0     0                    4237.6666648   36.00000  99.2%     -    0s
H    0     0                    4045.8333290   36.00000  99.1%     -    0s
H    0     0                    4042.4999944   36.00000  99.1%     -    0s
     0     0   36.00000    0   29 4042.49999   36.00000  99.1%     -    0s
H    0     0                    4040.8333307   36.00000  99.1%     -    0s
H    0     0                     615.8333333   36.00000  94.2%     -    0s
H    0     0                     610.4999998   36.00000  94.1%     -    0s
H    0     0                     606.3333330   36.00000  94.1%     -    0s
     0     0   36.00000    0   29  606.33333   36.00000  94.1%     -    0s
H    0     0                     448.5000000   36.00000  92.0%     -    0s
     0     0   36.00000    0   28  448.50000   36.00000  92.0%     -    0s
     0     0   36.00000    0   30  448.50000   36.00000  92.0%     -    0s
     0     2   36.00000    0   30  448.50000   36.00000  92.0%     -    0s
  1798  1808   36.00000   20   22  448.50000   36.00000  92.0%   6.3    5s
H 7444  6211                     416.6666667   36.00000  91.4%   6.1    8s
H 7444  5901                     373.3333333   36.00000  90.4%   6.1    8s
H 7444  5605                     350.8333333   36.00000  89.7%   6.1    8s
H 7445  5326                     345.1666667   36.00000  89.6%   6.1    8s
H 7447  5060                     344.5000000   36.00000  89.6%   6.1    8s
H 7447  4807                     344.3333333   36.00000  89.5%   6.1    8s
H 7447  4567                     344.2500000   36.00000  89.5%   6.1    8s
H 7448  4341                     344.0833333   36.00000  89.5%   7.5    9s
H 7454  4126                     333.6666667   36.00000  89.2%   7.6    9s
H 7456  3924                     329.1666667   36.00000  89.1%   7.6    9s
H 7459  3727                     329.0000000   36.00000  89.1%   7.6    9s
H 7498  3590                     328.6666667   36.00000  89.0%   8.1    9s
H 7518  3407                     328.5000000   36.00000  89.0%   8.3    9s
H 7529  3267                     316.6666667   36.00000  88.6%   8.3    9s
H 7530  3108                     316.1666667   36.00000  88.6%   8.4    9s
H 7531  2955                     315.1666667   36.00000  88.6%   8.4    9s
H 7540  2808                     314.5000000   36.00000  88.6%   8.4    9s
H 7557  2666                     302.8333333   36.00000  88.1%   8.5    9s
H 7561  2566                     301.6666667   36.00000  88.1%   8.5    9s
H 7562  2443                     301.5000000   36.00000  88.1%   8.5    9s
H 7568  2323                     290.7500000   36.00000  87.6%   8.5    9s
H 7625  2257                     289.7500000   36.00000  87.6%   8.5   10s
H 7626  2151                     289.4166667   36.00000  87.6%   8.5   10s
H 7651  2041                     285.0833333   36.00000  87.4%   8.6   10s
H 7721  2019                     284.4166667   36.00000  87.3%   8.7   10s
H 7723  1927                     281.9166667   36.00000  87.2%   8.7   10s
H 7729  1839                     280.7500000   36.00000  87.2%   8.7   10s
H 7817  1930                     280.2500000   36.00000  87.2%   8.8   10s
H 7857  1839                     280.1666667   36.00000  87.2%   8.9   10s
H 9769  3293                     279.2500000   36.00000  87.1%  10.8   10s
H10305  3072                     278.4166667   36.00000  87.1%  11.2   12s
H10308  3005                     278.3333333   36.00000  87.1%  11.2   12s
H10314  2939                     278.2500000   36.00000  87.1%  11.2   12s
H11200  4894                     277.8333333   36.00000  87.0%  11.8   12s
H13265  5264                     277.8332814   36.00000  87.0%  13.1   13s
H13649  5264                     277.7500000   36.00000  87.0%  13.4   13s
H14399  6069                     277.5000000   36.00000  87.0%  13.6   13s
H19141  9089                     277.5000000   36.00000  87.0%  15.8   14s
 22433 11955   41.50000  132  107  277.50000   36.00000  87.0%  17.4   17s
H28849 17107                     277.4999965   36.00000  87.0%  19.1   19s
 29763 21624  221.50000  126   70  277.50000   36.00000  87.0%  19.1   21s
H30307 21624                     277.4999964   36.00000  87.0%  19.1   21s
H39191 24020                     277.4999768   36.00000  87.0%  19.9   21s
H44025 27042                     277.4999768   36.00000  87.0%  20.4   22s
H51850 35076                     277.4999712   36.00000  87.0%  20.9   23s
H55617 35939                     277.4999711   36.00000  87.0%  21.1   24s
H57087 38188                     277.4999711   36.00000  87.0%  21.3   24s
H58525 38188                     277.3333333   36.00000  87.0%  21.5   24s
 59203 38216  226.33344   93   84  277.33333   36.00000  87.0%  21.5   25s
H78319 60528                     277.1666667   36.00000  87.0%  23.0   28s
H91721 65956                     276.5000000   36.00000  87.0%  23.6   29s
H93124 65953                     276.3333333   36.00000  87.0%  23.7   29s
H99173 65974                     276.0000000   36.00000  87.0%  24.0   31s
H99302 68171                     275.8333333   36.00000  86.9%  24.0   32s
H99942 68171                     275.7083333   36.00000  86.9%  24.0   32s
H102503 69891                     275.6666667   36.00000  86.9%  24.1   33s
H105003 73652                     275.6666666   36.00000  86.9%  24.0   33s
H106679 73652                     275.6666582   36.00000  86.9%  24.1   34s
H110400 79094                     275.6666482   36.00000  86.9%  24.2   34s
 118660 82301   49.50000  112  123  275.66665   36.00000  86.9%  24.4   35s
H131267 90644                     275.6666481   36.00000  86.9%  24.6   39s
H132908 90644                     275.6666479   36.00000  86.9%  24.7   39s
 139131 97536     cutoff  120       275.66665   36.00000  86.9%  24.8   40s
H153202 103400                     275.6666455   36.00000  86.9%  25.3   41s
H154394 107553                     275.6666454   36.00000  86.9%  25.3   42s
H162055 109686                     275.6666454   36.00000  86.9%  25.5   43s
H162278 109686                     275.6666453   36.00000  86.9%  25.5   43s
 163753 109716  116.16667   77  100  275.66665   36.00000  86.9%  25.5   47s
H163755 109716                     275.6666452   36.00000  86.9%  25.5   47s
H164641 115444                     275.6666451   36.00000  86.9%  25.6   49s
H171221 115444                     275.6666451   36.00000  86.9%  25.7   49s
 172887 115507   36.33333   71  140  275.66665   36.00000  86.9%  25.8   50s
H172895 115507                     275.6666450   36.00000  86.9%  25.8   50s
H177007 118877                     275.6666450   36.00000  86.9%  25.8   52s
 190688 127314   63.00000   82  115  275.66664   36.00000  86.9%  26.0   58s
 190724 149721   63.00000   83  113  275.66664   36.00000  86.9%  26.0   61s
 245269 166781   45.16667  114  109  275.66664   36.00000  86.9%  27.3   65s
 271887 187061  140.50000  111   81  275.66664   36.00000  86.9%  27.8   70s
 311222 213930   37.16667   77  121  275.66664   36.00000  86.9%  28.3   75s
 326448 220218   38.66673  114  138  275.66664   36.00000  86.9%  28.3   80s
 344306 235182   81.33333   92  114  275.66664   36.00000  86.9%  28.4   85s
 365123 246228   36.00000   77  132  275.66664   36.00000  86.9%  28.4   90s
 398359 269021 infeasible   89       275.66664   36.00000  86.9%  28.6   95s
 408478 271736   42.50000   79  121  275.66664   36.00000  86.9%  28.6  101s
 419112 283628   38.66667  112  133  275.66664   36.00000  86.9%  28.7  105s
H429890 286003                     275.6666418   36.00000  86.9%  28.8  106s
H431092 288742                     275.6666417   36.00000  86.9%  28.8  107s
H433225 288742                     275.6666417   36.00000  86.9%  28.8  107s
H434473 288766                     275.6666416   36.00000  86.9%  28.8  111s
H434485 288766                     275.6666415   36.00000  86.9%  28.8  111s
H434508 288766                     275.6666406   36.00000  86.9%  28.8  111s
H434600 293362                     275.6666405   36.00000  86.9%  28.8  112s
H434754 293362                     275.6666404   36.00000  86.9%  28.8  112s
H435415 293362                     275.6666404   36.00000  86.9%  28.8  112s
H437709 293362                     275.6666403   36.00000  86.9%  28.8  112s
H439206 293362                     275.6666382   36.00000  86.9%  28.8  112s
H441545 295688                     275.6666381   36.00000  86.9%  28.8  113s
H441545 295688                     275.6666379   36.00000  86.9%  28.8  113s
H442587 295688                     275.6666328   36.00000  86.9%  28.8  113s
H445100 301545                     275.6666327   36.00000  86.9%  28.8  114s
H454024 301545                     275.6666325   36.00000  86.9%  28.9  114s
H454419 302719                     275.6666325   36.00000  86.9%  28.9  114s
H454542 302719                     275.6666324   36.00000  86.9%  28.9  114s
H454613 302719                     275.6666323   36.00000  86.9%  28.9  114s
 455981 305874   41.83336  108  120  275.66663   36.00000  86.9%  28.9  115s
H457226 305874                     275.6666323   36.00000  86.9%  28.9  115s
H457630 305874                     275.6666321   36.00000  86.9%  28.9  115s
H457675 305874                     275.6666321   36.00000  86.9%  28.9  115s
H460584 308587                     275.6666320   36.00000  86.9%  28.9  116s
H469355 311970                     275.6666319   36.00000  86.9%  29.0  117s
 469718 311992  121.83333  118  107  275.66663   36.00000  86.9%  29.0  120s
H484191 320865                     275.6666297   36.00000  86.9%  28.9  123s
H484496 323766                     275.6666271   36.00000  86.9%  29.0  124s
H484500 323766                     275.6666116   36.00000  86.9%  29.0  124s
 489286 326204  217.66667  111   54  275.66661   36.00000  86.9%  29.0  125s
H489545 326204                     275.6666114   36.00000  86.9%  29.0  125s
H498663 331492                     275.6666113   36.00000  86.9%  28.9  127s
H502700 336624                     275.6666111   36.00000  86.9%  28.9  128s
 518954 345584 infeasible  137       275.66661   36.00000  86.9%  28.9  130s
 540179 360654   41.00000   93  128  275.66661   36.00000  86.9%  29.0  135s
H554390 366504                     275.6660277   36.00000  86.9%  29.0  137s
H556941 370823                     275.6657408   36.00000  86.9%  29.0  138s
H557652 370823                     275.6657407   36.00000  86.9%  29.0  138s
H558184 370823                     275.6656013   36.00000  86.9%  29.0  138s
H562164 370823                     275.6654615   36.00000  86.9%  29.0  138s
H563708 370883                     275.6654613   36.00000  86.9%  29.0  140s
H566551 374933                     275.6654612   36.00000  86.9%  29.0  141s
 583281 387998   36.66667   81  139  275.66546   36.00000  86.9%  29.1  145s
 621017 410891   37.00000  109  146  275.66546   36.00000  86.9%  29.2  150s
H630920 415154                     275.6654611   36.00000  86.9%  29.2  152s
 636834 423738   36.00027   58  158  275.66546   36.00000  86.9%  29.2  155s
 668488 439509   54.33333  105  106  275.66546   36.00000  86.9%  29.3  162s
 668538 460846  202.16694  106  103  275.66546   36.00000  86.9%  29.3  170s
 721638 474036   36.08339   75  139  275.66546   36.00000  86.9%  29.5  175s
 732604 484520   53.50000  111   93  275.66546   36.00000  86.9%  29.5  180s
 775552 508239   96.66667  114   95  275.66546   36.00000  86.9%  29.6  185s
 796259 540303   36.66667   66  140  275.66546   36.00000  86.9%  29.5  192s
 846056 553510  250.16667  139   81  275.66546   36.00000  86.9%  29.7  195s
 876493 570684   36.33333  130  130  275.66546   36.00000  86.9%  29.9  200s
H883084 574611                     275.6654610   36.00000  86.9%  29.9  202s
 895975 584744  202.03437   96   93  275.66546   36.00000  86.9%  29.9  205s
 929557 608193   64.16667  125   91  275.66546   36.00000  86.9%  30.1  210s
 959698 623178  252.16670  122   81  275.66546   36.00000  86.9%  30.2  215s
 995617 643478  230.25000  177   59  275.66546   36.00000  86.9%  30.2  220s
 1022404 661078   97.16667  110   99  275.66546   36.00000  86.9%  30.3  225s
 1050823 676078   64.00000  130   84  275.66546   36.00000  86.9%  30.3  230s
 1070836 687733   77.66667  129   97  275.66546   36.00000  86.9%  30.4  235s
 1091620 699813     cutoff  140       275.66546   36.00000  86.9%  30.5  240s
 1116710 715798  120.75226  132   94  275.66546   36.00000  86.9%  30.6  245s
 1134641 740308   40.50000  125  116  275.66546   36.00000  86.9%  30.7  251s
 1166824 759088  254.33333  142   70  275.66546   36.00000  86.9%  30.7  257s
 1204141 765803   63.92899  118  116  275.66546   36.00000  86.9%  30.8  260s
 1237763 783790   45.05790  142   99  275.66546   36.00000  86.9%  30.9  266s
 1261850 802887   47.50061  121  125  275.66546   36.00000  86.9%  31.0  270s
 1292374 818325  167.33333  148   63  275.66546   36.00000  86.9%  31.0  275s
 1329703 835785   40.83333   98  120  275.66546   36.00000  86.9%  31.0  282s
 1338209 843004   36.41667  127  147  275.66546   36.00000  86.9%  31.1  285s
 1359573 853064  227.16680  123   71  275.66546   36.00000  86.9%  31.1  290s
 1383833 867019   50.25040  125  128  275.66546   36.00000  86.9%  31.2  296s
 1383869 884257   49.83333  125  137  275.66546   36.00000  86.9%  31.2  300s
 1442509 902174   36.66707  104  126  275.66546   36.00000  86.9%  31.2  305s
 1465643 912981  183.18387  162   93  275.66546   36.00000  86.9%  31.2  315s
 1470690 918789  200.50101  124  100  275.66546   36.00000  86.9%  31.2  320s
 1482611 926277   73.20445  145  112  275.66546   36.00000  86.9%  31.3  325s
 1513411 945196   36.00013  114  157  275.66546   36.00000  86.9%  31.3  330s
 1531188 951762  112.83333  138   76  275.66546   36.00000  86.9%  31.3  336s
 1540999 958810   79.83333  132   94  275.66546   36.00000  86.9%  31.4  340s
 1567808 971613   37.16667  111  133  275.66546   36.00000  86.9%  31.4  347s
 1585956 983739   42.16680  153   98  275.66546   36.00000  86.9%  31.4  350s
 1619343 999608   41.00000  128  141  275.66546   36.00000  86.9%  31.4  356s
 1624603 1002979   36.00000  103  143  275.66546   36.00000  86.9%  31.4  360s
 1639971 1029760   82.16680  108  103  275.66546   36.00000  86.9%  31.4  368s
 1672003 1029947   36.16698   95  169  275.66546   36.00000  86.9%  31.5  370s
 1704328 1048478  271.47112  137   70  275.66546   36.00000  86.9%  31.5  376s
 1736576 1072301 infeasible  125       275.66546   36.00000  86.9%  31.5  380s
 1766434 1089121 infeasible  164       275.66546   36.00000  86.9%  31.6  385s
 1793268 1101602  272.69867  145   53  275.66546   36.00000  86.9%  31.6  391s
 1821423 1118981   42.16667  113  100  275.66546   36.00000  86.9%  31.6  397s
 1828971 1128219  204.50000  140   96  275.66546   36.00000  86.9%  31.6  400s
 1849172 1139148   36.50000   93  112  275.66546   36.00000  86.9%  31.7  405s
 1880361 1158075   42.50404  120   99  275.66546   36.00000  86.9%  31.7  410s
 1903888 1170846  121.98129  120   95  275.66546   36.00000  86.9%  31.7  415s
 1938903 1192050  240.16677  134   70  275.66546   36.00000  86.9%  31.8  421s
 1954962 1204254   42.50000   94  106  275.66546   36.00000  86.9%  31.7  425s
 1986378 1219446  143.01131  141   80  275.66546   36.00000  86.9%  31.7  430s
 2018883 1238150  247.66667  110   74  275.66546   36.00000  86.9%  31.7  435s
 2019026 1256551  247.66667  111   72  275.66546   36.00000  86.9%  31.7  441s
 2051621 1275672   63.27778  121   85  275.66546   36.00000  86.9%  31.7  446s
 2084070 1294440  225.83333  131   86  275.66546   36.00000  86.9%  31.6  451s
 2132120 1307651   40.50000   98  106  275.66546   36.00000  86.9%  31.6  455s
 2157163 1317847   63.33333  102   91  275.66546   36.00000  86.9%  31.6  461s
 2167532 1326613   57.50067  104  109  275.66546   36.00000  86.9%  31.6  465s
 2178643 1347662   74.50000  119  100  275.66546   36.00000  86.9%  31.6  476s
 2224353 1355603  153.50000  102   92  275.66546   36.00000  86.9%  31.6  481s
 2241508 1366213  203.50231  154   93  275.66546   36.00000  86.9%  31.6  487s
 2241545 1384821  203.50244  155   88  275.66546   36.00000  86.9%  31.6  490s
 2291183 1396295  252.53127  162   63  275.66546   36.00000  86.9%  31.6  495s
 2315343 1410140   50.36541  104  126  275.66546   36.00000  86.9%  31.7  500s
 2327146 1418092   59.33411  123  100  275.66546   36.00000  86.9%  31.7  505s
 2363720 1439806  122.83407  123   94  275.66546   36.00000  86.9%  31.7  510s
 2387563 1449828 infeasible  151       275.66546   36.00000  86.9%  31.7  517s
 2393693 1454809   39.66680  132   98  275.66546   36.00000  86.9%  31.7  520s
 2426559 1472812   63.83333  138  108  275.66546   36.00000  86.9%  31.7  525s
 2449258 1482228   39.83333   95  147  275.66546   36.00000  86.9%  31.8  530s
 2472396 1497915   36.00000  131  136  275.66546   36.00000  86.9%  31.8  535s
 2485291 1503823  188.83333  127   94  275.66546   36.00000  86.9%  31.8  540s
 2503409 1528681   38.66774  157  101  275.66546   36.00000  86.9%  31.8  547s
 2546981 1538049   46.87517  134  113  275.66546   36.00000  86.9%  31.9  550s
 2574068 1549766  108.00000  146   86  275.66546   36.00000  86.9%  31.9  556s
 2586335 1558498  238.66769  143   89  275.66546   36.00000  86.9%  31.9  560s
 2615527 1574812   36.33333  114  131  275.66546   36.00000  86.9%  31.9  565s
 2625741 1594343   49.71618  173   88  275.66546   36.00000  86.9%  31.9  573s
 2657773 1594365   64.22863  164   90  275.66546   36.00000  86.9%  32.0  576s
 2689847 1614779   48.83333   96  100  275.66546   36.00000  86.9%  32.0  581s
 2703052 1621122   37.33416  126  120  275.66546   36.00000  86.9%  32.0  585s
 2717081 1627351 infeasible  112       275.66546   36.00000  86.9%  32.0  590s
 2721655 1644286     cutoff  135       275.66546   36.00000  86.9%  32.0  596s
 2765604 1653512   38.33353  158  115  275.66546   36.00000  86.9%  32.1  600s
 2773915 1657531   39.66667  111  115  275.66546   36.00000  86.9%  32.1  605s
 2802793 1669035  208.00000  119  120  275.66546   36.00000  86.9%  32.1  611s
 2813408 1674594 infeasible  128       275.66546   36.00000  86.9%  32.1  617s
 2830169 1686745 infeasible  102       275.66546   36.00000  86.9%  32.1  620s
 2850991 1700738 infeasible  143       275.66546   36.00000  86.9%  32.2  625s
 2879898 1712938   55.50036  140   80  275.66546   36.00000  86.9%  32.2  630s
 2914668 1730601   40.66667   45  126  275.66546   36.00000  86.9%  32.2  637s
 2914708 1747291   39.50000   43  141  275.66546   36.00000  86.9%  32.2  646s
 2968651 1761494  220.83333  129  106  275.66546   36.00000  86.9%  32.3  650s
 2991771 1773121   44.00051   88  127  275.66546   36.00000  86.9%  32.3  655s
 3012771 1785719     cutoff  141       275.66546   36.00000  86.9%  32.3  660s
 3037007 1801259   57.33924   97  108  275.66546   36.00000  86.9%  32.3  665s
 3071563 1815630 infeasible  105       275.66546   36.00000  86.9%  32.4  671s
 3073325 1821728   46.00000   88  122  275.66546   36.00000  86.9%  32.4  675s
 3104367 1837334   37.66667  101  162  275.66546   36.00000  86.9%  32.4  680s
 3134070 1857098   48.16667  116   89  275.66546   36.00000  86.9%  32.4  685s
 3161568 1870118   46.25000   92  122  275.66546   36.00000  86.9%  32.5  690s
 3167333 1874084   38.66667   82  132  275.66546   36.00000  86.9%  32.5  695s
 3173627 1896932  215.66667  104   79  275.66546   36.00000  86.9%  32.5  702s
 3218656 1906379  143.34186   76  130  275.66546   36.00000  86.9%  32.5  705s
 3239109 1926005  129.33333  119   94  275.66546   36.00000  86.9%  32.5  710s
 3279461 1945243  221.50000   89   88  275.66546   36.00000  86.9%  32.6  715s
 3314772 1968486   38.83333  126  133  275.66546   36.00000  86.9%  32.6  720s
 3337648 1978496   84.66667  136   88  275.66546   36.00000  86.9%  32.6  725s
 3362033 1993046   58.50000  128  104  275.66546   36.00000  86.9%  32.6  730s
 3384993 2007621   36.00000  101  161  275.66546   36.00000  86.9%  32.6  736s
 3418418 2028961   41.33333   67  143  275.66546   36.00000  86.9%  32.6  741s
 3439531 2043516   36.66844   99  131  275.66546   36.00000  86.9%  32.7  745s
 3447687 2048687   38.50000   94  134  275.66546   36.00000  86.9%  32.7  750s
 3477247 2065895  205.00000  109   94  275.66546   36.00000  86.9%  32.7  755s
 3503034 2077160   36.50025  102  147  275.66546   36.00000  86.9%  32.7  760s
H3505740 2077160                     275.6654609   36.00000  86.9%  32.7  760s
 3509595 2090691     cutoff  117       275.66546   36.00000  86.9%  32.7  765s
 3550568 2101838 infeasible  129       275.66546   36.00000  86.9%  32.7  770s
 3568122 2115725   36.66667   84  156  275.66546   36.00000  86.9%  32.7  775s
 3591022 2130126 infeasible  150       275.66546   36.00000  86.9%  32.7  780s
 3627007 2151018 infeasible  134       275.66546   36.00000  86.9%  32.8  786s
 3658664 2168394  203.33333  112  111  275.66546   36.00000  86.9%  32.8  790s
 3679205 2179485  273.83353  129   74  275.66546   36.00000  86.9%  32.8  795s
 3697168 2186716   37.83333  130   97  275.66546   36.00000  86.9%  32.8  800s
 3705263 2190343   78.84379   89  126  275.66546   36.00000  86.9%  32.8  807s
 3714262 2197528   61.00010  112   92  275.66546   36.00000  86.9%  32.8  810s
 3728603 2204128  226.56303  152   66  275.66546   36.00000  86.9%  32.8  817s
 3738107 2211916   54.66667  106  121  275.66546   36.00000  86.9%  32.8  820s
 3761743 2221200 infeasible  108       275.66546   36.00000  86.9%  32.8  825s
 3785254 2238193  263.50000  140   58  275.66546   36.00000  86.9%  32.8  830s
 3815721 2254805   76.33333  200   68  275.66546   36.00000  86.9%  32.8  835s
 3834748 2261419   45.50027  116  112  275.66546   36.00000  86.9%  32.8  840s
 3848969 2273609  117.00000  129  105  275.66546   36.00000  86.9%  32.8  845s
 3888517 2292216 infeasible  143       275.66546   36.00000  86.9%  32.8  850s
 3909400 2306538   39.00000  146  108  275.66546   36.00000  86.9%  32.8  855s
 3931663 2315548   52.66673  136  104  275.66546   36.00000  86.9%  32.8  861s
 3949678 2325145  271.05556  161   34  275.66546   36.00000  86.9%  32.8  865s
 3969831 2339508 infeasible  157       275.66546   36.00000  86.9%  32.8  870s
 3996621 2352734  209.00000  135   71  275.66546   36.00000  86.9%  32.8  875s
 4004166 2370797   97.83333  132  114  275.66546   36.00000  86.9%  32.8  881s
 4036427 2388616   37.33384  124  124  275.66546   36.00000  86.9%  32.9  887s
 4075911 2394733   40.50013   99  136  275.66546   36.00000  86.9%  32.9  890s
 4098417 2409435 infeasible  162       275.66546   36.00000  86.9%  32.9  895s
 4112033 2412124   47.16673  124  125  275.66546   36.00000  86.9%  32.9  900s
H4116859 2417064                     275.6647324   36.00000  86.9%  32.9  902s
H4119800 2420409                     275.6638757   36.00000  86.9%  32.9  903s
H4120429 2420409                     275.6601886   36.00000  86.9%  32.9  903s
H4126226 2422112                     275.6511009   36.00000  86.9%  32.9  904s
 4129329 2427174 infeasible  201       275.65110   36.00000  86.9%  32.9  905s
H4131505 2427174                     275.6363523   36.00000  86.9%  32.9  905s
 4150586 2436207   39.83333  154   99  275.63635   36.00000  86.9%  32.9  910s
 4176573 2448324   60.50000  144   81  275.63635   36.00000  86.9%  32.9  916s
H4183987 2453925                     275.6363523   36.00000  86.9%  32.9  920s
 4213055 2468969 infeasible  119       275.63635   36.00000  86.9%  32.9  925s
 4244809 2485013   86.83481  153   72  275.63635   36.00000  86.9%  32.9  930s
 4280403 2503674  150.33333  138   87  275.63635   36.00000  86.9%  32.9  936s
 4295848 2509810 infeasible  127       275.63635   36.00000  86.9%  32.9  940s
 4322568 2523579   46.50040  104  130  275.63635   36.00000  86.9%  32.8  946s
 4333204 2531286   36.44798  138  145  275.63635   36.00000  86.9%  32.8  950s
 4358957 2544187   59.74306  154  104  275.63635   36.00000  86.9%  32.8  955s
 4369118 2546577   38.50000  124  125  275.63635   36.00000  86.9%  32.8  960s
 4384584 2558111   36.66720  141  129  275.63635   36.00000  86.9%  32.8  965s
 4418724 2575197  266.68374  173   54  275.63635   36.00000  86.9%  32.8  970s
 4454393 2590061   41.00090  132  128  275.63635   36.00000  86.9%  32.8  977s
 4468135 2600691   57.50011  129   96  275.63635   36.00000  86.9%  32.8  980s
 4493878 2611123  250.33387  157   66  275.63635   36.00000  86.9%  32.8  985s
 4519649 2628398   86.41667  145   55  275.63635   36.00000  86.9%  32.8  990s
 4539670 2637443   36.83685  109  131  275.63635   36.00000  86.9%  32.8  995s
 4549103 2640734   46.58333  132   98  275.63635   36.00000  86.9%  32.8 1000s
 4556523 2644689   77.83333  108  107  275.63635   36.00000  86.9%  32.8 1005s
 4580530 2660880  120.67070  100  111  275.63635   36.00000  86.9%  32.8 1011s
 4596362 2671813   81.33333  137  104  275.63635   36.00000  86.9%  32.8 1016s
 4628099 2690363   39.00000   86  132  275.63635   36.00000  86.9%  32.8 1020s
 4654730 2706553   37.16713  139  137  275.63635   36.00000  86.9%  32.9 1025s
 4685486 2722948   44.66687  133  132  275.63635   36.00000  86.9%  32.9 1030s
 4716584 2741500   53.49242  114  155  275.63635   36.00000  86.9%  32.9 1035s
 4747293 2757194     cutoff  136       275.63635   36.00000  86.9%  32.9 1040s
 4760062 2769423   36.33333  118  159  275.63635   36.00000  86.9%  32.9 1045s
 4781871 2780592  144.50205  174   90  275.63635   36.00000  86.9%  32.9 1050s
 4817890 2799228  204.50060   99  108  275.63635   36.00000  86.9%  32.9 1055s
 4839196 2809969   40.50067  104  117  275.63635   36.00000  86.9%  32.9 1060s
 4862145 2826950     cutoff  180       275.63635   36.00000  86.9%  32.9 1065s
 4893949 2843996   60.00003  133  133  275.63635   36.00000  86.9%  32.9 1070s
 4921043 2856036   59.16778  158   95  275.63635   36.00000  86.9%  32.9 1076s
 4921444 2874341   62.33370  168  103  275.63635   36.00000  86.9%  32.9 1080s
 4960688 2879765  243.00047  131   71  275.63635   36.00000  86.9%  32.9 1085s
 4984351 2895564   36.50000  106  113  275.63635   36.00000  86.9%  33.0 1090s
 5006908 2905706   37.16707  118  143  275.63635   36.00000  86.9%  33.0 1096s
 5023198 2914532  206.50000  121  106  275.63635   36.00000  86.9%  33.0 1100s
 5049550 2932607   36.00000   99  149  275.63635   36.00000  86.9%  33.0 1105s
 5086360 2952318  228.62807  158   99  275.63635   36.00000  86.9%  33.0 1110s
 5099684 2958871   46.41690  109  119  275.63635   36.00000  86.9%  33.0 1115s
 5112778 2966862  213.33374  149   90  275.63635   36.00000  86.9%  33.0 1120s
 5119409 2975654  225.00000  154   85  275.63635   36.00000  86.9%  33.0 1125s
 5148018 2985367   36.00000   56  137  275.63635   36.00000  86.9%  33.0 1131s
 5152634 2989413     cutoff  141       275.63635   36.00000  86.9%  33.0 1135s
 5180455 3003191  144.83353  145  124  275.63635   36.00000  86.9%  33.0 1140s
 5203358 3018942  119.86265  132  108  275.63635   36.00000  86.9%  33.0 1148s
 5229064 3029842   36.00000  114  138  275.63635   36.00000  86.9%  33.0 1150s
 5253194 3041070   42.83333  129  131  275.63635   36.00000  86.9%  33.0 1155s
 5268118 3050170  141.42295  141  100  275.63635   36.00000  86.9%  33.0 1160s
 5300994 3067705   40.17054  103  122  275.63635   36.00000  86.9%  33.0 1165s
H5307985 3071727                     275.6363522   36.00000  86.9%  33.0 1167s
 5313340 3075185   51.00000  131  116  275.63635   36.00000  86.9%  33.0 1170s
 5328964 3082867  142.16707  123   90  275.63635   36.00000  86.9%  33.0 1175s
 5347933 3089588   36.00000  131  153  275.63635   36.00000  86.9%  33.1 1180s
 5366658 3099747 infeasible  129       275.63635   36.00000  86.9%  33.1 1186s
 5366963 3116214  215.67130  129  100  275.63635   36.00000  86.9%  33.1 1194s
 5398995 3119795   74.66673  148   90  275.63635   36.00000  86.9%  33.1 1196s
 5420371 3128595 infeasible  155       275.63635   36.00000  86.9%  33.1 1200s

Cutting planes:
  Learned: 201
  Gomory: 10
  Cover: 123
  Implied bound: 111
  Clique: 15
  MIR: 282
  Flow cover: 805
  RLT: 1
  Relax-and-lift: 163

Cleanup yields a better solution

Explored 5420427 nodes (179167570 simplex iterations) in 1200.01 seconds
Thread count was 32 (of 64 available processors)

Solution count 10: 275.636 275.665 275.667 ... 275.667

Time limit reached
Best objective 2.747264805230e+02, best bound 3.600000000000e+01, gap 86.8961%
