
Gurobi 9.1.2 (linux64) logging started Thu Mar 31 04:06:09 2022

Changed value of parameter LogFile to india_v-6.log
   Prev:   Default: 
Changed value of parameter MIPFocus to 1
   Prev: 0  Min: 0  Max: 3  Default: 0
Changed value of parameter TimeLimit to 600.0
   Prev: inf  Min: 0.0  Max: inf  Default: inf
Warning: variables 0 and 230 have the same name "X[24,0]"
Warning: linear constraint 216 and linear constraint 217 have the same name "weight-constr-t5"
Warning: to let Gurobi read it back, use rlp format
Gurobi Optimizer version 9.1.2 build v9.1.2rc0 (linux64)
Thread count: 32 physical cores, 64 logical processors, using up to 32 threads
Optimize a model with 1546 rows, 1380 columns and 4884 nonzeros
Model fingerprint: 0x14f1ae24
Variable types: 210 continuous, 1170 integer (1170 binary)
Coefficient statistics:
  Matrix range     [1e+00, 1e+06]
  Objective range  [2e-01, 2e-01]
  Bounds range     [1e+00, 5e+05]
  RHS range        [1e+00, 1e+06]
Presolve removed 282 rows and 318 columns
Presolve time: 0.01s
Presolved: 1264 rows, 1062 columns, 7584 nonzeros
Variable types: 204 continuous, 858 integer (858 binary)
Found heuristic solution: objective 290.9999998

Root relaxation: objective 3.400000e+01, 133 iterations, 0.00 seconds

    Nodes    |    Current Node    |     Objective Bounds      |     Work
 Expl Unexpl |  Obj  Depth IntInf | Incumbent    BestBd   Gap | It/Node Time

     0     0   34.00000    0   40  291.00000   34.00000  88.3%     -    0s
H    0     0                      66.8333333   34.00000  49.1%     -    0s
H    0     0                      66.6666667   34.00000  49.0%     -    0s
     0     0   34.00000    0   42   66.66667   34.00000  49.0%     -    0s
H    0     0                      64.5000000   34.00000  47.3%     -    0s
H    0     0                      63.8333333   34.00000  46.7%     -    0s
     0     0   34.00000    0   38   63.83333   34.00000  46.7%     -    0s
H    0     0                      63.6666667   34.00000  46.6%     -    0s
H    0     0                      62.6666667   34.00000  45.7%     -    0s
H    0     0                      61.3333328   34.00000  44.6%     -    0s
     0     2   34.00000    0   21   61.33333   34.00000  44.6%     -    0s
H    1     4                      60.0000000   34.00000  43.3%   531    0s
H   33    62                      59.8333333   34.00000  43.2%  25.6    0s
H   36    62                      59.6666667   34.00000  43.0%  24.1    0s
H   38    62                      58.8333333   34.00000  42.2%  23.1    0s
H   63    94                      57.6666667   34.00000  41.0%  19.2    0s
H   64    94                      57.0000000   34.00000  40.4%  19.0    0s
H   65    94                      56.9999961   34.00000  40.4%  18.7    0s
H   77    94                      56.3333333   34.00000  39.6%  16.7    0s
H   87    94                      55.8333333   34.00000  39.1%  15.3    0s
H   95   126                      54.8333333   34.00000  38.0%  14.4    1s
H   98   126                      54.6666667   34.00000  37.8%  14.1    1s
H  103   126                      54.5000000   34.00000  37.6%  14.2    1s
H  110   126                      54.3333333   34.00000  37.4%  13.8    1s
H  256   280                      53.3333333   34.00000  36.2%  10.5    2s
H  287   311                      53.1666667   34.00000  36.1%  10.6    2s
H  292   311                      52.6666667   34.00000  35.4%  10.5    2s
H  300   311                      51.6666667   34.00000  34.2%  10.6    2s
H  320   387                      51.5833333   34.00000  34.1%  10.3    2s
H  341   387                      51.3333333   34.00000  33.8%  10.2    2s
H  351   387                      51.2500000   34.00000  33.7%  10.2    2s
H  419   565                      51.0833333   34.00000  33.4%   9.8    3s
H  440   565                      51.0833333   34.00000  33.4%   9.8    3s
H 3322  3192                      50.9166667   34.00000  33.2%   6.8    3s
H 3463  3217                      50.8055556   34.00000  33.1%   6.8    4s
H 3465  3217                      50.7500000   34.00000  33.0%   6.8    4s
  3492  3249   36.00000   78   34   50.75000   34.00000  33.0%   6.8    5s
H 3494  3249                      50.2500000   34.00000  32.3%   6.8    5s
H 3495  3220                      49.7500000   34.00000  31.7%   6.8    5s
H 4977  4635                      49.6944444   34.00000  31.6%   6.7    5s
H 5113  4624                      49.6666667   34.00000  31.5%   6.7    5s
H 5118  4396                      49.5833333   34.00000  31.4%   6.7    5s
H 5121  4178                      49.5000000   34.00000  31.3%   6.7    5s
H 5125  3971                      49.1666667   34.00000  30.8%   6.7    6s
H 5125  3772                      48.7500000   34.00000  30.3%   6.7    6s
H 5125  3583                      48.6666667   34.00000  30.1%   6.7    6s
H 5215  3495                      48.0000000   34.00000  29.2%  10.6    7s
H 5280  3367                      47.9166667   34.00000  29.0%  10.9    9s
  5311  3411   34.00000   20  104   47.91667   34.00000  29.0%  10.9   10s
H 5363  3232                      47.7500000   34.00000  28.8%  11.7   10s
H 5430  3156                      47.5833333   34.00000  28.5%  12.1   10s
H 5447  3003                      47.3333333   34.00000  28.2%  12.1   10s
H 5887  3146                      47.1666667   34.00000  27.9%  13.8   11s
H 7001  3526                      47.0000000   34.00000  27.7%  16.0   13s
H 7341  3723                      47.0000000   34.00000  27.7%  16.7   14s
H 7653  3947                      46.9999998   34.00000  27.7%  17.3   14s
  8074  4670   34.33333   37  103   47.00000   34.00000  27.7%  18.0   15s
H15873  9209                      46.9999998   34.00000  27.7%  24.4   18s
 19462 13328   34.33333   72   92   47.00000   34.00000  27.7%  26.4   21s
 25724 18999   34.00000   33   72   47.00000   34.00000  27.7%  28.9   25s
H28404 18999                      46.9999993   34.00000  27.7%  29.2   25s
H37548 26648                      46.6666667   34.00000  27.1%  30.3   29s
 39234 28179   46.16667   82   65   46.66667   34.00000  27.1%  30.4   31s
H41271 28179                      46.6666663   34.00000  27.1%  30.6   31s
H41339 31731                      46.6666663   34.00000  27.1%  30.6   32s
H44126 31731                      46.6666662   34.00000  27.1%  30.7   32s
H47679 33236                      46.6666662   34.00000  27.1%  31.0   34s
H48320 33236                      46.6666661   34.00000  27.1%  31.0   34s
 49237 37306   45.56700   90   74   46.66667   34.00000  27.1%  31.1   36s
 55536 37331   34.00000   24  111   46.66667   34.00000  27.1%  31.4   40s
H56167 38476                      46.6666654   34.00000  27.1%  31.6   42s
H58720 42003                      46.6666654   34.00000  27.1%  31.9   44s
 61621 46016     cutoff   85        46.66667   34.00000  27.1%  32.1   46s
 74108 54588   38.66667  112  100   46.66667   34.00000  27.1%  32.8   50s
 85763 62080   45.16667   59   83   46.66667   34.00000  27.1%  32.9   55s
 95637 71724   34.00000   80   81   46.66667   34.00000  27.1%  33.4   60s
H107697 77507                      46.6666653   34.00000  27.1%  33.7   62s
 108916 81175   40.00000  123   61   46.66667   34.00000  27.1%  33.6   65s
 124137 94851   34.00000   91   81   46.66667   34.00000  27.1%  33.8   72s
 131141 94888   41.33333  104   75   46.66667   34.00000  27.1%  33.9   75s
 131181 117778   41.00998  104   84   46.66667   34.00000  27.1%  34.0   83s
 163213 117798   38.58473   83   86   46.66667   34.00000  27.1%  33.6   88s
 163257 141443     cutoff   84        46.66667   34.00000  27.1%  33.7   97s
 195289 144467   34.00000   43   89   46.66667   34.00000  27.1%  34.1  100s
 210397 153914   34.00000   58   91   46.66667   34.00000  27.1%  34.3  106s
 219187 160062   34.83337   89   92   46.66667   34.00000  27.1%  34.3  111s
 229878 168171   46.33898   84   77   46.66667   34.00000  27.1%  34.4  115s
 243535 179357   34.00000   80   93   46.66667   34.00000  27.1%  34.3  121s
 254580 185737   45.33333  112   84   46.66667   34.00000  27.1%  34.2  125s
 265135 195455   46.00000   99   73   46.66667   34.00000  27.1%  34.1  131s
 278705 202304   44.66667  102   75   46.66667   34.00000  27.1%  34.0  136s
 289523 210382   34.50000   89   84   46.66667   34.00000  27.1%  34.0  141s
H291932 210382                      46.6666653   34.00000  27.1%  34.0  141s
 301367 217172   36.83333   97  100   46.66667   34.00000  27.1%  33.9  145s
 319667 227655   34.00000   65  106   46.66667   34.00000  27.1%  33.8  152s
 324029 233385   34.66667   90   94   46.66667   34.00000  27.1%  33.8  155s
 336312 242529   39.66667   75  104   46.66667   34.00000  27.1%  34.0  160s
 348710 251549   37.03030   51  105   46.66667   34.00000  27.1%  34.1  166s
 358477 256280   39.29167   89   95   46.66667   34.00000  27.1%  34.1  170s
 372986 263803   37.33333   88   92   46.66667   34.00000  27.1%  34.2  176s
 382421 271412   41.16667   97   91   46.66667   34.00000  27.1%  34.1  183s
 387642 277441   42.67041   90   89   46.66667   34.00000  27.1%  34.1  185s
H390072 277441                      46.6666652   34.00000  27.1%  34.1  185s
 399931 285903   34.00000   61   74   46.66667   34.00000  27.1%  34.2  191s
 410235 293419   36.17958  118   91   46.66667   34.00000  27.1%  34.1  197s
 418190 296114   36.83333   55  120   46.66667   34.00000  27.1%  34.2  200s
H418961 296114                      46.6666650   34.00000  27.1%  34.2  200s
 429018 306948   36.83333  148   90   46.66666   34.00000  27.1%  34.2  205s
 441710 314221   40.86237   87   83   46.66666   34.00000  27.1%  34.3  210s
H446450 314221                      46.6666649   34.00000  27.1%  34.3  210s
 453608 325187   37.83696  100   87   46.66666   34.00000  27.1%  34.3  215s
 466520 332493   38.83333  134   80   46.66666   34.00000  27.1%  34.3  220s
 477981 340537   34.03030   91   71   46.66666   34.00000  27.1%  34.3  226s
H484251 340537                      46.6666649   34.00000  27.1%  34.3  226s
 490109 347063   41.83333   70   84   46.66666   34.00000  27.1%  34.3  231s
H496822 351774                      46.6666648   34.00000  27.1%  34.3  233s
 501982 353378   41.50000  134   77   46.66666   34.00000  27.1%  34.3  236s
 512545 362120   42.66667  114   64   46.66666   34.00000  27.1%  34.3  241s
 524872 370535 infeasible  129        46.66666   34.00000  27.1%  34.4  246s
 535916 380297   43.16667  191   51   46.66666   34.00000  27.1%  34.4  251s
 548709 387333   37.16667   86   92   46.66666   34.00000  27.1%  34.4  256s
 559083 395882   34.00000  127   93   46.66666   34.00000  27.1%  34.5  261s
 570258 404542   35.45833  128  102   46.66666   34.00000  27.1%  34.5  266s
 581585 409937   35.33333   93   91   46.66666   34.00000  27.1%  34.5  276s
H581615 409937                      46.6666648   34.00000  27.1%  34.5  276s
 585126 417242   34.83333   81   87   46.66666   34.00000  27.1%  34.4  281s
 594765 423224   34.33333   86   95   46.66666   34.00000  27.1%  34.4  287s
 605411 432621   43.83333  120   79   46.66666   34.00000  27.1%  34.4  292s
 615195 434010   43.66667  124   49   46.66666   34.00000  27.1%  34.3  295s
 627722 442093   37.50000   75   96   46.66666   34.00000  27.1%  34.2  301s
 638580 449620   36.83333  124   76   46.66666   34.00000  27.1%  34.2  307s
 641987 456712   38.16667  104   84   46.66666   34.00000  27.1%  34.2  310s
 654716 464638   46.00000  114   69   46.66666   34.00000  27.1%  34.2  316s
 668625 472308   34.16667   94  105   46.66666   34.00000  27.1%  34.1  321s
H673003 472308                      46.6666647   34.00000  27.1%  34.1  321s
 679325 477322   38.50000  129   77   46.66666   34.00000  27.1%  34.1  325s
 692106 484293   37.83333   83   99   46.66666   34.00000  27.1%  34.0  330s
 704710 493200     cutoff  133        46.66666   34.00000  27.1%  33.9  335s
 716443 500893 infeasible  165        46.66666   34.00000  27.1%  33.9  340s
 727882 507666     cutoff   89        46.66666   34.00000  27.1%  33.8  346s
 739408 516821   34.00000   98   83   46.66666   34.00000  27.1%  33.8  351s
 751117 523639   38.50000   91   97   46.66666   34.00000  27.1%  33.7  357s
 762170 529318   37.33333   80   78   46.66666   34.00000  27.1%  33.6  362s
 765840 534462   41.70862   94   93   46.66666   34.00000  27.1%  33.6  365s
 780296 541833 infeasible   85        46.66666   34.00000  27.1%  33.5  371s
 790651 550257   34.16667   79  106   46.66666   34.00000  27.1%  33.5  376s
 803155 557381   38.34006  133   89   46.66666   34.00000  27.1%  33.5  381s
 812725 565738   34.33333   92   97   46.66666   34.00000  27.1%  33.5  387s
 826896 571588   37.16667  141   84   46.66666   34.00000  27.1%  33.4  392s
H829951 571588                      46.6666647   34.00000  27.1%  33.4  392s
 841367 578845     cutoff   83        46.66666   34.00000  27.1%  33.3  397s
 846659 583936   34.00000   71   97   46.66666   34.00000  27.1%  33.3  400s
H849743 583936                      46.6666646   34.00000  27.1%  33.3  400s
H857129 586216                      46.6666646   34.00000  27.1%  33.3  402s
 857533 590917   35.00000  115   89   46.66666   34.00000  27.1%  33.3  405s
 870090 596779   35.57402  106  110   46.66666   34.00000  27.1%  33.3  410s
 881296 602926   34.00000   58   94   46.66666   34.00000  27.1%  33.2  415s
 891197 609072   46.00000  101   80   46.66666   34.00000  27.1%  33.2  421s
 902836 617841   34.16667   94   77   46.66666   34.00000  27.1%  33.2  427s
 911171 619872   34.33333  100   94   46.66666   34.00000  27.1%  33.2  430s
 926730 630510   39.66833  119   80   46.66666   34.00000  27.1%  33.2  437s
 930710 634992 infeasible   93        46.66666   34.00000  27.1%  33.2  440s
 940331 641358   34.00000  110   71   46.66666   34.00000  27.1%  33.2  446s
 951590 647491   43.33333  117   83   46.66666   34.00000  27.1%  33.2  450s
 960214 655240   40.83333  142   55   46.66666   34.00000  27.1%  33.2  455s
 973460 662894   34.16667   70   79   46.66666   34.00000  27.1%  33.2  461s
 987605 671696   45.00000  135   76   46.66666   34.00000  27.1%  33.2  467s
 1000393 677810   42.50000  159   87   46.66666   34.00000  27.1%  33.2  472s
 1005925 681180   42.50000  159   81   46.66666   34.00000  27.1%  33.2  475s
 1020902 690286   36.33333  115   86   46.66666   34.00000  27.1%  33.1  481s
 1030819 696883   42.06917  118   76   46.66666   34.00000  27.1%  33.2  486s
 1043756 703960   42.09430  141   63   46.66666   34.00000  27.1%  33.1  492s
 1047975 706445   44.40682   76   83   46.66666   34.00000  27.1%  33.1  495s
 1060891 713464   34.00000   86  106   46.66666   34.00000  27.1%  33.1  501s
 1063740 720851   41.33333   92   78   46.66666   34.00000  27.1%  33.1  506s
 1082293 726157   35.66667   87  114   46.66666   34.00000  27.1%  33.0  511s
 1092948 732441   39.83333   91   96   46.66666   34.00000  27.1%  33.0  517s
 1098667 735045   38.00000  100   87   46.66666   34.00000  27.1%  32.9  520s
 1111009 744259   39.50000  176   80   46.66666   34.00000  27.1%  32.9  525s
 1121686 750256   36.54454  134  105   46.66666   34.00000  27.1%  32.9  532s
 1129356 752811   34.00000   89  100   46.66666   34.00000  27.1%  32.9  535s
 1135504 762848   35.33333   88   76   46.66666   34.00000  27.1%  32.9  542s
 1145310 762857   35.66667   98  101   46.66666   34.00000  27.1%  32.9  547s
 1145364 766757   35.75023  100  112   46.66666   34.00000  27.1%  32.9  550s
 1156890 774455   42.08479  127   82   46.66666   34.00000  27.1%  32.9  555s
 1168783 780968   34.00000   82   99   46.66666   34.00000  27.1%  32.8  560s
 1177816 790058   37.16667  156   72   46.66666   34.00000  27.1%  32.8  566s
 1191585 798938   39.50000   99  100   46.66666   34.00000  27.1%  32.8  573s
 1201569 801278   36.16667  139   86   46.66666   34.00000  27.1%  32.7  575s
 1212846 808403   34.25156   82   99   46.66666   34.00000  27.1%  32.7  581s
 1226236 815619   38.66667  113   69   46.66666   34.00000  27.1%  32.6  586s
 1235788 821831   41.67211  115   94   46.66666   34.00000  27.1%  32.6  591s
 1244922 830191   34.86364  134  102   46.66666   34.00000  27.1%  32.6  596s
 1256913 834896   34.00000   91   78   46.66666   34.00000  27.1%  32.6  600s

Cutting planes:
  Learned: 190
  Gomory: 17
  Cover: 234
  Implied bound: 86
  Clique: 69
  MIR: 588
  Flow cover: 999
  GUB cover: 4
  Zero half: 1
  RLT: 214
  Relax-and-lift: 329

Cleanup yields a better solution

Explored 1259350 nodes (41064582 simplex iterations) in 600.02 seconds
Thread count was 32 (of 64 available processors)

Solution count 10: 46.6667 46.6667 46.6667 ... 47

Time limit reached
Best objective 4.665117672010e+01, best bound 3.400000000000e+01, gap 27.1187%
