
Gurobi 9.1.2 (linux64) logging started Thu Mar 31 07:27:03 2022

Changed value of parameter LogFile to india_v-23.log
   Prev:   Default: 
Changed value of parameter MIPFocus to 1
   Prev: 0  Min: 0  Max: 3  Default: 0
Changed value of parameter TimeLimit to 600.0
   Prev: inf  Min: 0.0  Max: inf  Default: inf
Warning: variables 0 and 230 have the same name "X[24,0]"
Warning: linear constraint 216 and linear constraint 217 have the same name "weight-constr-t5"
Warning: to let Gurobi read it back, use rlp format
Gurobi Optimizer version 9.1.2 build v9.1.2rc0 (linux64)
Thread count: 32 physical cores, 64 logical processors, using up to 32 threads
Optimize a model with 1570 rows, 1380 columns and 4944 nonzeros
Model fingerprint: 0x52ac7640
Variable types: 210 continuous, 1170 integer (1170 binary)
Coefficient statistics:
  Matrix range     [1e+00, 1e+06]
  Objective range  [2e-01, 2e-01]
  Bounds range     [1e+00, 5e+05]
  RHS range        [1e+00, 1e+06]
Presolve removed 144 rows and 168 columns
Presolve time: 0.02s
Presolved: 1426 rows, 1212 columns, 8022 nonzeros
Variable types: 204 continuous, 1008 integer (1008 binary)

Root relaxation: objective 3.400000e+01, 137 iterations, 0.00 seconds

    Nodes    |    Current Node    |     Objective Bounds      |     Work
 Expl Unexpl |  Obj  Depth IntInf | Incumbent    BestBd   Gap | It/Node Time

     0     0   34.00000    0   20          -   34.00000      -     -    0s
     0     0   34.00000    0   28          -   34.00000      -     -    0s
     0     0   34.00000    0   18          -   34.00000      -     -    0s
     0     0   34.00000    0   13          -   34.00000      -     -    0s
     0     0   34.00000    0   16          -   34.00000      -     -    0s
H    0     0                    3167820.5000   34.00000   100%     -    0s
     0     0   34.00000    0   16 3167820.50   34.00000   100%     -    0s
H    0     0                     466.0486130   34.00000  92.7%     -    0s
H    0     0                     422.1666555   34.00000  91.9%     -    0s
H    0     0                     421.4999934   34.00000  91.9%     -    0s
H    0     2                     126.1666666   34.00000  73.1%     -    0s
     0     2   34.00000    0   14  126.16667   34.00000  73.1%     -    0s
H    1     4                     125.9999999   34.00000  73.0%   460    0s
H    6     8                     125.6666666   34.00000  72.9%  87.3    0s
H   31    64                     125.3333333   34.00000  72.9%  25.7    0s
H   32    64                     123.3333333   34.00000  72.4%  24.9    0s
H   33    64                     123.3333079   34.00000  72.4%  24.4    0s
H   37    64                     112.8333333   34.00000  69.9%  21.8    0s
H   95   128                     112.3333333   34.00000  69.7%  13.3    2s
H   95   128                     108.0000000   34.00000  68.5%  13.3    2s
H   96   128                     107.1666667   34.00000  68.3%  13.2    2s
H  102   128                      90.6666667   34.00000  62.5%  12.6    2s
H  159   176                      83.8333333   34.00000  59.4%   9.3    3s
H  160   176                      79.1666667   34.00000  57.1%   9.3    3s
H  190   176                      76.5833333   34.00000  55.6%   8.2    3s
H  256   255                      76.0416667   34.00000  55.3%   7.0    4s
H  257   255                      75.9166667   34.00000  55.2%   7.0    4s
H  259   255                      73.9166667   34.00000  54.0%   7.0    4s
H  261   255                      73.0000000   34.00000  53.4%   7.0    4s
H  288   255                      72.3333333   34.00000  53.0%   6.8    4s
H  292   284                      70.2916667   34.00000  51.6%   6.8    5s
H  296   284                      69.4583333   34.00000  51.0%   6.7    5s
H  327   315                      69.1666667   34.00000  50.8%   6.5    5s
H  331   315                      68.8958333   34.00000  50.7%   6.5    5s
H 1096  1118                      68.8750000   34.00000  50.6%   4.8    6s
H 1126  1118                      68.7291667   34.00000  50.5%   4.8    6s
H 1130  1118                      68.7083333   34.00000  50.5%   4.8    6s
H 1140  1118                      68.4000000   34.00000  50.3%   4.8    6s
H 2245  2961                      68.1250000   34.00000  50.1%   4.5    6s
H 4567  4897                      67.7916667   34.00000  49.8%   4.5    6s
H 6663  4731                      67.7916667   34.00000  49.8%   7.0    9s
  6721  4776   34.00000   16  101   67.79167   34.00000  49.8%   7.1   10s
H 6757  4577                      67.7916661   34.00000  49.8%   7.2   11s
H 6895  4643                      67.7916658   34.00000  49.8%   7.7   11s
H 7510  4827                      67.7916658   34.00000  49.8%   8.1   12s
 12410 10243 infeasible  102        67.79167   34.00000  49.8%   9.7   15s
 20679 10934   34.00000   33   80   67.79167   34.00000  49.8%  13.9   20s
H26138 16287                      67.7619048   34.00000  49.8%  15.9   22s
H27762 18709                      67.5000000   34.00000  49.6%  16.3   23s
H28190 18679                      66.3333333   34.00000  48.7%  16.4   23s
H30668 20521                      66.1666667   34.00000  48.6%  16.8   25s
H30701 20508                      65.8333333   34.00000  48.4%  16.8   25s
H31747 20505                      65.6666667   34.00000  48.2%  17.0   25s
H42647 28399                      65.5000000   34.00000  48.1%  18.7   28s
H44207 29305                      65.3333333   34.00000  48.0%  18.9   29s
 45122 32749   34.00000   59   93   65.33333   34.00000  48.0%  19.0   30s
H45975 32749                      65.3333327   34.00000  48.0%  19.0   30s
H55260 38917                      65.2500000   34.00000  47.9%  20.0   34s
 58418 40580   35.83333  101  107   65.25000   34.00000  47.9%  20.2   35s
H58477 40567                      64.5833333   34.00000  47.4%  20.2   35s
H61817 48301                      64.5833329   34.00000  47.4%  20.3   37s
 73874 50256   62.69444  131   60   64.58333   34.00000  47.4%  21.2   41s
H73907 50256                      64.5833328   34.00000  47.4%  21.2   41s
H75117 51831                      64.5833320   34.00000  47.4%  21.3   42s
 82891 59782   34.16667   71   85   64.58333   34.00000  47.4%  21.6   45s
 101760 72940   34.00000  115   95   64.58333   34.00000  47.4%  22.1   51s
 104941 72975   36.83333   70   86   64.58333   34.00000  47.4%  22.3   55s
 111712 80864   34.00000   76   81   64.58333   34.00000  47.4%  22.5   60s
 134187 93709   34.00000   86   98   64.58333   34.00000  47.4%  22.5   66s
 144312 103065   40.16667  135   68   64.58333   34.00000  47.4%  22.7   71s
H149381 109159                      64.5832960   34.00000  47.4%  22.8   72s
 162296 112580   51.00000   84   65   64.58330   34.00000  47.4%  22.7   80s
 172039 118777   34.33333   97   86   64.58330   34.00000  47.4%  22.6   87s
 177760 124104   61.66667  162   65   64.58330   34.00000  47.4%  22.7   90s
 191580 137174   35.83333  166   86   64.58330   34.00000  47.4%  22.7   96s
 207849 148950   52.33333  101   79   64.58330   34.00000  47.4%  22.8  101s
 220276 159269 infeasible   94        64.58330   34.00000  47.4%  23.0  105s
 236805 165846   39.66667  147   74   64.58330   34.00000  47.4%  23.2  111s
 250477 175550   34.00000  103   74   64.58330   34.00000  47.4%  23.4  115s
 269399 186530   34.33333  131   68   64.58330   34.00000  47.4%  23.6  121s
 279407 194390   36.16667  138   58   64.58330   34.00000  47.4%  23.8  125s
 295035 200220   36.16986  106   75   64.58330   34.00000  47.4%  23.9  134s
 295182 202748   48.33333  107   82   64.58330   34.00000  47.4%  23.9  136s
 307569 212557   38.16667  134   84   64.58330   34.00000  47.4%  24.0  140s
 319449 222142 infeasible  150        64.58330   34.00000  47.4%  24.2  145s
 337480 227466   34.00000   60  107   64.58330   34.00000  47.4%  24.3  150s
 355290 238308   34.33333   52   89   64.58330   34.00000  47.4%  24.4  155s
 364264 247940   34.00000   80   98   64.58330   34.00000  47.4%  24.5  160s
 379656 253425 infeasible   98        64.58330   34.00000  47.4%  24.4  169s
 379784 272431   34.00000   67  109   64.58330   34.00000  47.4%  24.4  176s
 423325 282709   43.50000  102   59   64.58330   34.00000  47.4%  24.4  181s
 436957 288807   35.50000   73   91   64.58330   34.00000  47.4%  24.4  185s
 451268 301038   57.50000  135   68   64.58330   34.00000  47.4%  24.5  190s
 460120 301059 infeasible  137        64.58330   34.00000  47.4%  24.5  196s
 467532 309576   38.34798  141   82   64.58330   34.00000  47.4%  24.5  200s
 492241 318488   52.84559  102   88   64.58330   34.00000  47.4%  24.5  205s
 496337 320947   36.16667   99  108   64.58330   34.00000  47.4%  24.5  211s
 502140 328587   48.83333  128   80   64.58330   34.00000  47.4%  24.4  215s
 523068 341150   37.00000  149   87   64.58330   34.00000  47.4%  24.4  220s
 538107 350595   35.00000   95   85   64.58330   34.00000  47.4%  24.4  225s
 552844 354894   40.16667  110   67   64.58330   34.00000  47.4%  24.4  233s
 552891 357959   41.00000  111   65   64.58330   34.00000  47.4%  24.4  235s
 566815 367571 infeasible  118        64.58330   34.00000  47.4%  24.4  241s
 578072 377656   36.83333   97   80   64.58330   34.00000  47.4%  24.4  245s
H594748 383648                      64.5831009   34.00000  47.4%  24.3  249s
 600138 386044   36.66667   83  103   64.58310   34.00000  47.4%  24.3  251s
H601284 386044                      64.5831005   34.00000  47.4%  24.3  251s
H604325 386044                      64.5830958   34.00000  47.4%  24.3  251s
H608274 389053                      64.5830949   34.00000  47.4%  24.3  254s
 609872 392707   47.33333  116   79   64.58309   34.00000  47.4%  24.3  256s
 621218 399074   35.00000  119   87   64.58309   34.00000  47.4%  24.3  260s
 625296 399101   34.33333  104   90   64.58309   34.00000  47.4%  24.3  265s
 630045 407924   46.83333  129   73   64.58309   34.00000  47.4%  24.3  270s
 655280 417255   34.00000   89   90   64.58309   34.00000  47.4%  24.3  276s
 663179 425406   54.50000  118  101   64.58309   34.00000  47.4%  24.3  280s
 685311 435925   44.00000  100   94   64.58309   34.00000  47.4%  24.2  286s
 698616 447815   42.30797  116   73   64.58309   34.00000  47.4%  24.2  292s
 709552 452230 infeasible   76        64.58309   34.00000  47.4%  24.2  295s
 724587 456214     cutoff  156        64.58309   34.00000  47.4%  24.2  304s
 724631 459280 infeasible  157        64.58309   34.00000  47.4%  24.2  306s
 738909 467853   36.08333   88  109   64.58309   34.00000  47.4%  24.2  311s
 755282 478618   53.83333  109   66   64.58309   34.00000  47.4%  24.2  316s
 765418 487565   41.50000  116   73   64.58309   34.00000  47.4%  24.2  321s
 780219 488461   35.83333  102   81   64.58309   34.00000  47.4%  24.1  328s
 780252 489930   35.83333  103   94   64.58309   34.00000  47.4%  24.1  330s
 783036 489961   36.00000  119   81   64.58309   34.00000  47.4%  24.1  335s
 789499 493384   43.83333  161   72   64.58309   34.00000  47.4%  24.1  343s
 793800 497919   36.66667   98   83   64.58309   34.00000  47.4%  24.1  345s
 812937 507689   35.16667  108   85   64.58309   34.00000  47.4%  24.1  350s
 823082 515075   34.66667   85   83   64.58309   34.00000  47.4%  24.0  355s
 835674 518592   61.16667   94   97   64.58309   34.00000  47.4%  24.0  361s
 840596 527005   43.16667   94   73   64.58309   34.00000  47.4%  24.0  366s
 858522 532791   38.37521  114   88   64.58309   34.00000  47.4%  24.0  370s
 871692 541185   35.50913  106  107   64.58309   34.00000  47.4%  24.0  375s
 887761 546658 infeasible  131        64.58309   34.00000  47.4%  23.9  380s
 900999 551589 infeasible  120        64.58309   34.00000  47.4%  23.9  388s
 904352 554606   34.00060  102   84   64.58309   34.00000  47.4%  23.9  390s
 913888 562147   34.00000  108   79   64.58309   34.00000  47.4%  23.9  396s
 930057 567428   36.00000   86   82   64.58309   34.00000  47.4%  23.9  400s
 940989 575813   35.33333  115   95   64.58309   34.00000  47.4%  23.8  406s
 948887 580585   39.16893  143   82   64.58309   34.00000  47.4%  23.8  410s
 956899 580605   36.83333  110   90   64.58309   34.00000  47.4%  23.8  417s
 956942 596139   37.33493  111   95   64.58309   34.00000  47.4%  23.8  426s
 993990 602604   53.88323  102   86   64.58309   34.00000  47.4%  23.7  432s
 1005389 608749 infeasible  113        64.58309   34.00000  47.4%  23.7  436s
 1020483 615580   34.66667  137   74   64.58309   34.00000  47.4%  23.7  440s
 1034993 622021   34.00000  117  104   64.58309   34.00000  47.4%  23.7  445s
 1048378 631320   37.50421  128   73   64.58309   34.00000  47.4%  23.7  450s
 1060227 637678   34.84136  113   82   64.58309   34.00000  47.4%  23.7  455s
 1084673 649341   45.36886  133   89   64.58309   34.00000  47.4%  23.6  462s
 1093722 649356 infeasible  102        64.58309   34.00000  47.4%  23.6  468s
 1093771 652082 infeasible   99        64.58309   34.00000  47.4%  23.6  470s
 1106706 659677 infeasible  102        64.58309   34.00000  47.4%  23.6  475s
 1126312 668370   37.00000  134  101   64.58309   34.00000  47.4%  23.6  481s
 1139416 675422   35.00000  137   64   64.58309   34.00000  47.4%  23.6  485s
 1156103 687539   57.50319  109   90   64.58309   34.00000  47.4%  23.6  490s
 1174142 692895   42.16667  131   74   64.58309   34.00000  47.4%  23.6  500s
 1185639 703015   34.33333   97  103   64.58309   34.00000  47.4%  23.6  505s
 1199635 711093   39.50000  118  104   64.58309   34.00000  47.4%  23.6  511s
 1210662 718002   45.66667  122   87   64.58309   34.00000  47.4%  23.6  515s
 1229157 726127   53.66667  120   58   64.58309   34.00000  47.4%  23.6  521s
 1239966 731482   34.16667   83   86   64.58309   34.00000  47.4%  23.6  526s
 1257220 734686   34.00000  132   96   64.58309   34.00000  47.4%  23.5  533s
 1262986 737599   34.33653  101   92   64.58309   34.00000  47.4%  23.5  536s
 1270514 745352   34.33333   90   97   64.58309   34.00000  47.4%  23.5  540s
 1288887 752684   37.66667   94  115   64.58309   34.00000  47.4%  23.6  545s
 1306379 756694   34.33333   87   86   64.58309   34.00000  47.4%  23.6  554s
 1306422 771783   34.50319   88   87   64.58309   34.00000  47.4%  23.6  561s
 1343979 777974   34.66667   97  106   64.58309   34.00000  47.4%  23.6  566s
 1363456 783923   41.66667  129   80   64.58309   34.00000  47.4%  23.6  571s
 1376840 793406   34.83653   99   96   64.58309   34.00000  47.4%  23.6  577s
 1395353 798379 infeasible  181        64.58309   34.00000  47.4%  23.6  580s
 1405667 801274 infeasible  142        64.58309   34.00000  47.4%  23.6  587s
 1405713 815973   60.00000  142   68   64.58309   34.00000  47.4%  23.6  593s
 1437745 818695   35.16667   96  102   64.58309   34.00000  47.4%  23.6  595s
 1446665 823064 infeasible  100        64.58309   34.00000  47.4%  23.6  600s

Cutting planes:
  Learned: 49
  Gomory: 13
  Cover: 199
  Implied bound: 77
  Clique: 73
  MIR: 700
  StrongCG: 1
  Flow cover: 897
  GUB cover: 5
  RLT: 57
  Relax-and-lift: 504

Cleanup yields a better solution

Explored 1452167 nodes (34255976 simplex iterations) in 600.07 seconds
Thread count was 32 (of 64 available processors)

Solution count 10: 64.5831 64.5833 64.5833 ... 66.1667

Time limit reached
Best objective 6.439458402049e+01, best bound 3.400000000000e+01, gap 47.2005%
