
Gurobi 9.1.2 (linux64) logging started Thu Mar 31 09:07:44 2022

Changed value of parameter LogFile to ny_v-N1.log
   Prev:   Default: 
Changed value of parameter MIPFocus to 1
   Prev: 0  Min: 0  Max: 3  Default: 0
Changed value of parameter TimeLimit to 600.0
   Prev: inf  Min: 0.0  Max: inf  Default: inf
Warning: variables 0 and 130 have the same name "X[N2,N1]"
Warning: linear constraint 102 and linear constraint 103 have the same name "weight-constr-t5"
Warning: to let Gurobi read it back, use rlp format
Gurobi Optimizer version 9.1.2 build v9.1.2rc0 (linux64)
Thread count: 32 physical cores, 64 logical processors, using up to 32 threads
Optimize a model with 801 rows, 780 columns and 2682 nonzeros
Model fingerprint: 0x4d5e2627
Variable types: 96 continuous, 684 integer (684 binary)
Coefficient statistics:
  Matrix range     [1e+00, 1e+06]
  Objective range  [2e-01, 2e-01]
  Bounds range     [1e+00, 5e+05]
  RHS range        [1e+00, 1e+06]
Presolve removed 342 rows and 384 columns
Presolve time: 0.01s
Presolved: 459 rows, 396 columns, 2158 nonzeros
Variable types: 72 continuous, 324 integer (306 binary)
Found heuristic solution: objective 30.0000000

Root relaxation: objective 1.500000e+01, 56 iterations, 0.00 seconds

    Nodes    |    Current Node    |     Objective Bounds      |     Work
 Expl Unexpl |  Obj  Depth IntInf | Incumbent    BestBd   Gap | It/Node Time

     0     0   15.00000    0    4   30.00000   15.00000  50.0%     -    0s
H    0     0                      18.1666667   15.00000  17.4%     -    0s
     0     0   15.00000    0   14   18.16667   15.00000  17.4%     -    0s
H    0     0                      17.3333333   15.00000  13.5%     -    0s
     0     0   15.00000    0    4   17.33333   15.00000  13.5%     -    0s
     0     0   15.00000    0    6   17.33333   15.00000  13.5%     -    0s
     0     0   15.00000    0    9   17.33333   15.00000  13.5%     -    0s
H    0     0                      17.1666667   15.00000  12.6%     -    0s
     0     0   15.00000    0   13   17.16667   15.00000  12.6%     -    0s
     0     0   15.00000    0    9   17.16667   15.00000  12.6%     -    0s
     0     2   15.00000    0    9   17.16667   15.00000  12.6%     -    0s
H   97   126                      17.0000000   15.00000  11.8%   6.6    0s
H  106   126                      16.5833333   15.00000  9.55%   6.4    0s
H  159   190                      16.4166667   15.00000  8.63%   5.5    0s
H  163   190                      16.3333333   15.00000  8.16%   5.4    0s
H  191   222                      16.1666667   15.00000  7.22%   5.1    0s
H  233   252                      16.0000000   15.00000  6.25%   4.8    0s
H  647   612                      15.7391778   15.00000  4.70%   4.0    1s
* 1227  1245              39      15.6666679   15.00000  4.26%   4.4    1s
* 3054  4187              45      15.5000000   15.00000  3.23%   5.1    1s
* 7222  4496              59      15.3333350   15.00000  2.17%   5.4    2s
  8975  5499   15.00000   25   13   15.33333   15.00000  2.17%   2.8    5s
 25941 11861   15.00000   48   15   15.33333   15.00000  2.17%  27.1   10s
 50849 22883   15.00000   43   31   15.33333   15.00000  2.17%  32.3   15s
 96386 36431     cutoff   66        15.33333   15.00000  2.17%  32.8   21s
 134426 47914   15.00000   66   34   15.33333   15.00000  2.17%  32.7   25s
 150957 53995   15.23592   69   38   15.33333   15.00000  2.17%  33.1   30s
 189668 72499   15.01802   65   28   15.33333   15.00000  2.17%  33.9   36s
 254430 81390   15.22500  110   21   15.33333   15.00000  2.17%  34.0   40s
 287178 96974   15.05091   73   31   15.33333   15.00000  2.17%  33.7   45s
 351784 111044   15.03514   57   25   15.33333   15.00000  2.17%  32.6   51s
 415898 117565   15.01652   85   19   15.33333   15.00000  2.17%  31.9   55s
 480586 134172   15.00000   68   30   15.33333   15.00000  2.17%  31.5   60s
 512912 152020   15.01012   61   35   15.33333   15.00000  2.17%  31.3   65s
 577366 168388     cutoff   78        15.33333   15.00000  2.17%  31.2   71s
 641611 182754     cutoff   63        15.33333   15.00000  2.17%  31.0   76s
 705774 189305   15.00822   75   38   15.33333   15.00000  2.17%  30.8   80s
 738246 204187   15.00000   74   24   15.33333   15.00000  2.17%  30.8   85s
 802383 212490   15.00000   75   14   15.33333   15.00000  2.17%  30.9   90s
 834687 225344   15.33333   64   34   15.33333   15.00000  2.17%  30.9   95s
 899037 239826     cutoff   81        15.33333   15.00000  2.17%  31.1  100s
 963707 255908   15.33333   60   18   15.33333   15.00000  2.17%  31.1  106s
 1027816 263792   15.00000   59   28   15.33333   15.00000  2.17%  31.2  110s
 1060148 280142   15.20238   60   30   15.33333   15.00000  2.17%  31.2  115s
 1124265 288292   15.00000   55   32   15.33333   15.00000  2.17%  31.5  120s
 1156891 301700   15.00000   67   32   15.33333   15.00000  2.17%  31.7  126s
 1221000 307810   15.00000   71   26   15.33333   15.00000  2.17%  32.0  130s
 1253343 319163   15.00000   75   28   15.33333   15.00000  2.17%  32.1  135s
 1317514 330619   15.33333   82   28   15.33333   15.00000  2.17%  32.2  141s
 1381622 338405   15.00000   56   37   15.33333   15.00000  2.17%  32.3  145s
 1413930 357632   15.00000   61   16   15.33333   15.00000  2.17%  32.4  150s
 1478040 366209     cutoff   84        15.33333   15.00000  2.17%  32.4  155s
 1510344 380053   15.33333   64   23   15.33333   15.00000  2.17%  32.4  160s
 1574710 392833   15.04209   56   39   15.33333   15.00000  2.17%  32.3  166s
 1638828 399503   15.20000   87   21   15.33333   15.00000  2.17%  32.2  170s
 1671097 410859   15.22222   85   19   15.33333   15.00000  2.17%  32.1  176s
 1735435 422974   15.00000   58   34   15.33333   15.00000  2.17%  32.1  181s
 1799558 429536   15.00000   60   28   15.33333   15.00000  2.17%  32.1  185s
 1831885 441037   15.00000   67   24   15.33333   15.00000  2.17%  32.0  190s
 1896041 453270     cutoff   72        15.33333   15.00000  2.17%  32.0  196s
 1928364 462462   15.00000   66   26   15.33333   15.00000  2.17%  31.9  200s
 1992478 473784   15.00000   62   31   15.33333   15.00000  2.17%  31.9  205s
 2024712 493400   15.00000   61   31   15.33333   15.00000  2.17%  31.9  210s
 2088830 502896   15.00000   72   20   15.33333   15.00000  2.17%  32.0  215s
 2120963 517072   15.15408   75   31   15.33333   15.00000  2.17%  32.0  220s
 2185583 531169   15.00000   65   20   15.33333   15.00000  2.17%  32.0  226s
 2250222 538039   15.32639   92   14   15.33333   15.00000  2.17%  31.8  230s
 2282353 551113   15.33333   86   23   15.33333   15.00000  2.17%  31.8  235s
 2346512 569147     cutoff   63        15.33333   15.00000  2.17%  31.6  241s
 2410757 577010   15.00000   78   13   15.33333   15.00000  2.17%  31.7  245s
 2443126 591005   15.33333   77   18   15.33333   15.00000  2.17%  31.7  250s
 2507244 598681   15.00000   68   27   15.33333   15.00000  2.17%  31.8  255s
 2539376 612482   15.33333   81   16   15.33333   15.00000  2.17%  31.8  260s
 2603529 625680   15.12877   90   23   15.33333   15.00000  2.17%  31.7  266s
 2655633 631645   15.02083   89   30   15.33333   15.00000  2.17%  31.7  270s
 2699773 642349   15.10162   88   25   15.33333   15.00000  2.17%  31.6  276s
 2764123 655033   15.16667   91   16   15.33333   15.00000  2.17%  31.5  281s
 2828386 661187     cutoff   67        15.33333   15.00000  2.17%  31.5  285s
 2860517 673806   15.01276   70   24   15.33333   15.00000  2.17%  31.4  290s
 2925258 686621   15.00000   67   31   15.33333   15.00000  2.17%  31.3  295s
 2989369 692352   15.03175   71   31   15.33333   15.00000  2.17%  31.2  300s
 3053537 702984   15.09169   66   24   15.33333   15.00000  2.17%  31.1  305s
 3085674 712709     cutoff   83        15.33333   15.00000  2.17%  31.0  310s
 3150155 724614   15.00000   79   30   15.33333   15.00000  2.17%  30.9  315s
 3214314 737235   15.00000   89   29   15.33333   15.00000  2.17%  30.9  321s
 3278605 747881   15.02083   71   29   15.33333   15.00000  2.17%  30.8  326s
 3343000 753506   15.02963   83   31   15.33333   15.00000  2.17%  30.7  330s
 3375348 763826   15.00000   45   47   15.33333   15.00000  2.17%  30.7  335s
 3439504 774904   15.30755   76   19   15.33333   15.00000  2.17%  30.6  341s
 3503613 781250   15.04957   72   24   15.33333   15.00000  2.17%  30.5  346s
 3535889 795461   15.00000   64   14   15.33333   15.00000  2.17%  30.5  350s
 3600036 808914   15.00000   94   17   15.33333   15.00000  2.17%  30.3  355s
 3696232 820800     cutoff   70        15.33333   15.00000  2.17%  30.0  360s
 3728360 833414   15.28049   78   13   15.33333   15.00000  2.17%  29.9  365s
 3792522 846524   15.33333   59   21   15.33333   15.00000  2.17%  29.8  371s
 3856637 853215   15.33333   74   27   15.33333   15.00000  2.17%  29.8  375s
 3920846 865120     cutoff   58        15.33333   15.00000  2.17%  29.7  380s
 3952993 877420     cutoff   68        15.33333   15.00000  2.17%  29.6  386s
 4017108 889026   15.00000   54   15   15.33333   15.00000  2.17%  29.7  390s
 4049229 908467   15.16667   69   12   15.33333   15.00000  2.17%  29.7  397s
 4084430 917662     cutoff   76        15.33333   15.00000  2.17%  29.8  400s
 4145737 934679   15.00000   94   16   15.33333   15.00000  2.17%  29.8  405s
 4209968 941864     cutoff   73        15.33333   15.00000  2.17%  29.8  410s
 4242097 954879     cutoff   88        15.33333   15.00000  2.17%  29.8  415s
 4306395 966270   15.00000   80   18   15.33333   15.00000  2.17%  29.8  420s
 4370317 972242   15.18254   80   33   15.33333   15.00000  2.17%  29.8  425s
 4434590 986936     cutoff   82        15.33333   15.00000  2.17%  29.8  430s
 4466924 1002367   15.10417   48   29   15.33333   15.00000  2.17%  29.8  436s
 4531035 1010181     cutoff   53        15.33333   15.00000  2.17%  29.8  440s
 4563349 1024510   15.00000   74   19   15.33333   15.00000  2.17%  29.8  445s
 4627506 1038803   15.00000   73   18   15.33333   15.00000  2.17%  29.9  451s
 4691620 1046562     cutoff   73        15.33333   15.00000  2.17%  29.9  455s
 4723746 1060926   15.00000   65   16   15.33333   15.00000  2.17%  29.9  460s
 4787856 1068477     cutoff   79        15.33333   15.00000  2.17%  29.9  465s
 4820053 1082542     cutoff   80        15.33333   15.00000  2.17%  29.9  470s
 4884213 1095540     cutoff   75        15.33333   15.00000  2.17%  29.9  476s
 4948326 1101369   15.13889   94   27   15.33333   15.00000  2.17%  29.9  480s
 5012488 1114048   15.03441   66   31   15.33333   15.00000  2.17%  29.9  485s
 5044643 1127055   15.00000   67   26   15.33333   15.00000  2.17%  29.9  490s
 5108809 1139981     cutoff   71        15.33333   15.00000  2.17%  29.8  496s
 5173250 1146193   15.01375   57   31   15.33333   15.00000  2.17%  29.8  500s
 5237417 1157242   15.00000   79   30   15.33333   15.00000  2.17%  29.8  505s
 5269553 1169214   15.05556   72   23   15.33333   15.00000  2.17%  29.8  511s
 5333776 1174646   15.04052   70   24   15.33333   15.00000  2.17%  29.8  515s
 5397937 1186601   15.33333   83   22   15.33333   15.00000  2.17%  29.8  520s
 5430078 1200156     cutoff   66        15.33333   15.00000  2.17%  29.8  526s
 5494358 1215002   15.00000  102   21   15.33333   15.00000  2.17%  29.8  531s
 5558478 1221985   15.33333   67   21   15.33333   15.00000  2.17%  29.8  535s
 5622635 1236594     cutoff   97        15.33333   15.00000  2.17%  29.7  540s
 5654778 1250609     cutoff   62        15.33333   15.00000  2.17%  29.7  545s
 5719132 1263386     cutoff   85        15.33333   15.00000  2.17%  29.7  550s
 5783251 1270702     cutoff   83        15.33333   15.00000  2.17%  29.7  555s
 5815506 1283725   15.33055   76   18   15.33333   15.00000  2.17%  29.7  560s
 5879749 1294777   15.18564   61   43   15.33333   15.00000  2.17%  29.7  565s
 5943867 1300731   15.00000   60   33   15.33333   15.00000  2.17%  29.7  570s
 5975993 1312812   15.33333   64   21   15.33333   15.00000  2.17%  29.7  575s
 6040335 1324403     cutoff   56        15.33333   15.00000  2.17%  29.7  581s
 6104517 1334642     cutoff   72        15.33333   15.00000  2.17%  29.7  586s
 6169029 1340851   15.33333   69   23   15.33333   15.00000  2.17%  29.7  590s
 6201239 1355368   15.00000   51   31   15.33333   15.00000  2.17%  29.8  596s

Cutting planes:
  Learned: 30
  Gomory: 3
  Cover: 75
  Implied bound: 36
  Clique: 26
  MIR: 108
  StrongCG: 2
  Flow cover: 244
  GUB cover: 13
  Mod-K: 1
  RLT: 20
  Relax-and-lift: 168

Explored 6265346 nodes (186911681 simplex iterations) in 600.03 seconds
Thread count was 32 (of 64 available processors)

Solution count 10: 15.3333 15.5 15.6667 ... 17.1667

Time limit reached
Best objective 1.533333497577e+01, best bound 1.500000000000e+01, gap 2.1739%
