
Gurobi 9.1.2 (linux64) logging started Wed Dec  1 09:08:57 2021

Changed value of parameter LogFile to lemke_square_v-(3, 0)-s20-l10.log
   Prev:   Default: 
Changed value of parameter Threads to 32
   Prev: 0  Min: 0  Max: 1024  Default: 0
Warning: variable name "X[(7, 4),(7, 3)]" has a space
Warning: constraint name "flow-constr-t0-v(3, 0)" has a space
Warning: to let Gurobi read it back, use rlp format
Gurobi Optimizer version 9.1.2 build v9.1.2rc0 (linux64)
Thread count: 16 physical cores, 32 logical processors, using up to 32 threads
Optimize a model with 6013 rows, 5440 columns and 20670 nonzeros
Model fingerprint: 0xc13791b3
Variable types: 0 continuous, 5440 integer (4800 binary)
Coefficient statistics:
  Matrix range     [1e+00, 1e+03]
  Objective range  [1e-01, 1e-01]
  Bounds range     [1e+00, 5e+02]
  RHS range        [1e+00, 1e+03]
Presolve removed 447 rows and 480 columns
Presolve time: 0.04s
Presolved: 5566 rows, 4960 columns, 18550 nonzeros
Variable types: 0 continuous, 4960 integer (4320 binary)

Root relaxation: objective 6.400000e+01, 127 iterations, 0.01 seconds

    Nodes    |    Current Node    |     Objective Bounds      |     Work
 Expl Unexpl |  Obj  Depth IntInf | Incumbent    BestBd   Gap | It/Node Time

     0     0   64.00000    0   40          -   64.00000      -     -    0s
     0     0   64.00000    0   79          -   64.00000      -     -    0s
     0     0   64.00000    0   79          -   64.00000      -     -    0s
     0     0   64.00000    0   44          -   64.00000      -     -    0s
     0     0   64.00000    0   58          -   64.00000      -     -    0s
     0     0   64.00000    0   48          -   64.00000      -     -    0s
H    0     0                    3675.0000000   64.00000  98.3%     -    0s
     0     0   64.00000    0   46 3675.00000   64.00000  98.3%     -    0s
H    0     0                     112.7000000   64.00000  43.2%     -    0s
     0     2   64.00000    0   42  112.70000   64.00000  43.2%     -    0s
H   31    64                     106.2000000   64.00000  39.7%  52.2    1s
H   33    64                      97.9000000   64.00000  34.6%  52.1    1s
H   53    64                      97.2000000   64.00000  34.2%  51.0    1s
H   59    64                      84.6000000   64.00000  24.3%  50.8    1s
H   96   128                      84.0000000   64.00000  23.8%  44.4    3s
H   97   128                      82.3000000   64.00000  22.2%  43.9    3s
H   98   128                      80.3000000   64.00000  20.3%  43.5    3s
H 6945  6305                      77.2000000   64.00000  17.1%  10.9    5s
H 6948  5981                      75.9000000   64.00000  15.7%  10.9    5s
H 6948  5682                      75.6000000   64.00000  15.3%  10.9    5s
H 6949  5398                      75.3000000   64.00000  15.0%  10.9    5s
H 6951  5129                      75.2000000   64.00000  14.9%  10.9    6s
H 6952  4874                      74.7000000   64.00000  14.3%  10.9    6s
H 6952  4630                      74.6000000   64.00000  14.2%  10.9    6s
H 6954  4399                      74.4000000   64.00000  14.0%  10.9    6s
H 6956  4181                      74.0000000   64.00000  13.5%  10.9    7s
H 7015  4024                      73.6000000   64.00000  13.0%  12.1    9s
  7060  4073   64.00000   16   64   73.60000   64.00000  13.0%  12.0   10s
H 8063  4424                      73.0000000   64.00000  12.3%  11.2   11s
  8428  4683   64.00000   34   76   73.00000   64.00000  12.3%  10.9   15s
H 8430  4493                      72.8000000   64.00000  12.1%  10.9   15s
H 8433  4312                      72.0000000   64.00000  11.1%  10.9   15s
H 8435  4141                      71.6000000   64.00000  10.6%  10.9   15s
H 8488  3961                      70.4000000   64.00000  9.09%  10.8   15s
H10822  5782                      70.0000000   64.00000  8.57%   9.4   17s
H15001  7080                      69.8000000   64.00000  8.31%   8.0   18s
 16094  6955   64.00000  112   50   69.80000   64.00000  8.31%   8.0   20s
H16117  6679                      69.6000000   64.00000  8.05%   8.0   20s
 34207 20379   64.00000   67   70   69.60000   64.00000  8.05%   5.7   27s
 42596 27433 infeasible  126        69.60000   64.00000  8.05%   5.4   30s
 59486 41310     cutoff  163        69.60000   64.00000  8.05%   5.1   46s
 66643 45819   68.80000   91   51   69.60000   64.00000  8.05%   5.0   51s
H66853 41868                      69.2000000   64.00000  7.51%   5.0   51s
 78684 51864   67.60000   79   70   69.20000   64.00000  7.51%   4.8   55s
H80738 49190                      69.0000000   64.00000  7.25%   4.8   55s
H81542 45003                      68.4000000   64.00000  6.43%   4.7   55s
H90057 49088                      68.0000000   64.00000  5.88%   4.7   57s
H97523 28643                      67.2000000   64.00000  4.76%   4.7   59s
 98302 28447     cutoff   98        67.20000   64.00000  4.76%   4.7   61s
 117267 35315   65.60000   61   62   67.20000   64.00000  4.76%   5.2   65s
 139911 44996     cutoff  133        67.20000   64.00000  4.76%   5.2   75s
H139990 43124                      66.8000000   64.00000  4.19%   5.2   75s
H146980 47365                      66.4000000   64.00000  3.61%   5.1   77s
 155035 53634   64.00000  150   58   66.40000   64.00000  3.61%   5.1   82s
 169927 57826   65.20000  142   68   66.40000   64.00000  3.61%   5.0   86s
H171602 43306                      66.0000000   64.00000  3.03%   5.0   86s
H174875 37517                      65.6000000   64.00000  2.44%   5.0   87s
 186910 42658   64.00000  150   60   65.60000   64.00000  2.44%   5.0   90s
 213526 61225   65.20000  148   62   65.60000   64.00000  2.44%   4.8   95s
 227117 67347     cutoff  241        65.60000   64.00000  2.44%   4.8  100s
 238750 71844   64.10000  209   68   65.60000   64.00000  2.44%   4.7  105s
 262475 81088     cutoff  246        65.60000   64.00000  2.44%   4.7  111s
 285524 90565   65.30000  210   63   65.60000   64.00000  2.44%   4.7  116s
 304108 99566   64.40000  319   86   65.60000   64.00000  2.44%   4.6  122s
 319373 108393 infeasible  286        65.60000   64.00000  2.44%   4.6  125s
 340653 116999   64.40000  314   92   65.60000   64.00000  2.44%   4.5  131s
 344047 125109   64.40000  250   64   65.60000   64.00000  2.44%   4.5  137s
 370269 129447 infeasible  276        65.60000   64.00000  2.44%   4.5  140s
 390554 138621   65.50000  254   70   65.60000   64.00000  2.44%   4.5  145s
 401713 142074   65.20000  260   72   65.60000   64.00000  2.44%   4.5  151s
H403284 83510                      65.2000000   64.00000  1.84%   4.5  151s
 417766 87197   64.20000  295   67   65.20000   64.00000  1.84%   4.4  155s
 442762 95715     cutoff  365        65.20000   64.00000  1.84%   4.4  160s
 453924 99461   64.30000  381   76   65.20000   64.00000  1.84%   4.4  165s
 482301 108650   64.00000  286   68   65.20000   64.00000  1.84%   4.4  171s
 496218 111927   64.80000  415   76   65.20000   64.00000  1.84%   4.4  176s
H513616 112379                      64.9000000   64.00000  1.39%   4.4  180s
H514072 107424                      64.8000000   64.00000  1.23%   4.4  180s
 526139 111928   64.00000  432   72   64.80000   64.00000  1.23%   4.4  185s
 538402 114505   64.00000  340   66   64.80000   64.00000  1.23%   4.4  190s
 560004 121550   64.60000  346   68   64.80000   64.00000  1.23%   4.4  195s
 579492 126432 infeasible  125        64.80000   64.00000  1.23%   4.4  202s
 599456 131685   64.40000  131   74   64.80000   64.00000  1.23%   4.4  206s
 620690 138288     cutoff  148        64.80000   64.00000  1.23%   4.4  211s
 641381 143526     cutoff  448        64.80000   64.00000  1.23%   4.4  216s
 644264 144709   64.70000  438   70   64.80000   64.00000  1.23%   4.4  220s
 666069 150687   64.20000  445   78   64.80000   64.00000  1.23%   4.4  225s
 676692 153505     cutoff  288        64.80000   64.00000  1.23%   4.4  230s
 699698 162561   64.20000  261   64   64.80000   64.00000  1.23%   4.4  235s
 718095 167503   64.00000  429   74   64.80000   64.00000  1.23%   4.4  240s
 731786 169295   64.00000  212   64   64.80000   64.00000  1.23%   4.4  246s
 740624 172588   64.00000  345   76   64.80000   64.00000  1.23%   4.4  250s
 762836 178206   64.40000  302   70   64.80000   64.00000  1.23%   4.5  255s
 784624 182519   64.00000  328   66   64.80000   64.00000  1.23%   4.4  262s
 800939 187342   64.40000  335   72   64.80000   64.00000  1.23%   4.4  266s
 818879 190882     cutoff  295        64.80000   64.00000  1.23%   4.5  271s
 824976 192182   64.60000  369   80   64.80000   64.00000  1.23%   4.5  275s
 840015 194382   64.10000  345   76   64.80000   64.00000  1.23%   4.5  280s
 858067 195297     cutoff  254        64.80000   64.00000  1.23%   4.6  287s
 867395 195888   64.00000  278   74   64.80000   64.00000  1.23%   4.6  291s
 885030 197618   64.00000  319   66   64.80000   64.00000  1.23%   4.7  297s
 893814 198874   64.00000  320   72   64.80000   64.00000  1.23%   4.7  303s
 901067 200488   64.00000  248   78   64.80000   64.00000  1.23%   4.7  305s
 913904 204254 infeasible  265        64.80000   64.00000  1.23%   4.7  310s
 929262 208082   64.60000  277   85   64.80000   64.00000  1.23%   4.7  315s
 944910 210497   64.00000  267   88   64.80000   64.00000  1.23%   4.7  321s
 956305 213998     cutoff  273        64.80000   64.00000  1.23%   4.7  325s
 971576 217149   64.00000  260   86   64.80000   64.00000  1.23%   4.7  331s
 989870 221102   64.10000  311   90   64.80000   64.00000  1.23%   4.7  337s
 994826 223499     cutoff  266        64.80000   64.00000  1.23%   4.7  340s
 1014862 227213   64.00000  283   84   64.80000   64.00000  1.23%   4.7  345s
 1036735 232349   64.00000  318   96   64.80000   64.00000  1.23%   4.7  350s
 1050259 237606   64.00000  219   75   64.80000   64.00000  1.23%   4.7  355s
 1074152 242333   64.00000  321   86   64.80000   64.00000  1.23%   4.7  361s
 1080482 244383     cutoff  317        64.80000   64.00000  1.23%   4.7  365s
 1102708 250413     cutoff  338        64.80000   64.00000  1.23%   4.7  371s
 1123016 252782 infeasible  294        64.80000   64.00000  1.23%   4.7  375s
 1127161 252808   64.60000  264   80   64.80000   64.00000  1.23%   4.8  380s
 1139984 254694   64.60000  307   70   64.80000   64.00000  1.23%   4.8  385s
 1155513 255676 infeasible  309        64.80000   64.00000  1.23%   4.8  390s
 1174464 256939   64.00000  244   68   64.80000   64.00000  1.23%   4.8  395s
 1190431 257611   64.70000  262   82   64.80000   64.00000  1.23%   4.8  401s
 1199228 258300   64.20000  329   86   64.80000   64.00000  1.23%   4.8  408s
 1208139 258963   64.00000  236   78   64.80000   64.00000  1.23%   4.8  412s
 1218044 259686     cutoff  234        64.80000   64.00000  1.23%   4.9  415s
 1234588 261344   64.00000  240   72   64.80000   64.00000  1.23%   4.9  420s
 1247053 262869   64.00000  259   76   64.80000   64.00000  1.23%   4.9  425s
 1257102 264250     cutoff  249        64.80000   64.00000  1.23%   4.9  430s
 1272349 267440   64.60000  252   72   64.80000   64.00000  1.23%   4.9  438s
 1281904 270197     cutoff  268        64.80000   64.00000  1.23%   4.9  442s

Cutting planes:
  Gomory: 6
  Cover: 118
  Implied bound: 127
  Projected implied bound: 2
  Clique: 30
  MIR: 30
  Flow cover: 33
  GUB cover: 3
  RLT: 23
  Relax-and-lift: 32

Explored 1299865 nodes (6365421 simplex iterations) in 444.67 seconds
Thread count was 32 (of 32 available processors)

Solution count 10: 64.8 64.9 65.2 ... 68.4

Solve interrupted
Best objective 6.480000000000e+01, best bound 6.400000000000e+01, gap 1.2346%

Gurobi 9.1.2 (linux64) logging started Wed Dec  1 09:23:27 2021

Changed value of parameter LogFile to lemke_square_v-(3, 0)-s20-l10.log
   Prev:   Default: 
Changed value of parameter Threads to 32
   Prev: 0  Min: 0  Max: 1024  Default: 0
Warning: variable name "X[(7, 4),(7, 3)]" has a space
Warning: constraint name "flow-constr-t0-v(3, 0)" has a space
Warning: to let Gurobi read it back, use rlp format
Gurobi Optimizer version 9.1.2 build v9.1.2rc0 (linux64)
Thread count: 16 physical cores, 32 logical processors, using up to 32 threads
Optimize a model with 6013 rows, 5440 columns and 20670 nonzeros
Model fingerprint: 0xc13791b3
Variable types: 0 continuous, 5440 integer (4800 binary)
Coefficient statistics:
  Matrix range     [1e+00, 1e+03]
  Objective range  [1e-01, 1e-01]
  Bounds range     [1e+00, 5e+02]
  RHS range        [1e+00, 1e+03]
Presolve removed 447 rows and 480 columns
Presolve time: 0.04s
Presolved: 5566 rows, 4960 columns, 18550 nonzeros
Variable types: 0 continuous, 4960 integer (4320 binary)

Root relaxation: objective 6.400000e+01, 127 iterations, 0.01 seconds

    Nodes    |    Current Node    |     Objective Bounds      |     Work
 Expl Unexpl |  Obj  Depth IntInf | Incumbent    BestBd   Gap | It/Node Time

     0     0   64.00000    0   40          -   64.00000      -     -    0s
     0     0   64.00000    0   79          -   64.00000      -     -    0s
     0     0   64.00000    0   79          -   64.00000      -     -    0s
     0     0   64.00000    0   44          -   64.00000      -     -    0s
     0     0   64.00000    0   58          -   64.00000      -     -    0s
     0     0   64.00000    0   48          -   64.00000      -     -    0s
H    0     0                    3675.0000000   64.00000  98.3%     -    0s
     0     0   64.00000    0   46 3675.00000   64.00000  98.3%     -    0s
H    0     0                     112.7000000   64.00000  43.2%     -    0s
     0     2   64.00000    0   42  112.70000   64.00000  43.2%     -    0s
H   31    64                     106.2000000   64.00000  39.7%  52.2    1s
H   33    64                      97.9000000   64.00000  34.6%  52.1    1s
H   53    64                      97.2000000   64.00000  34.2%  51.0    1s
H   59    64                      84.6000000   64.00000  24.3%  50.8    1s
H   96   128                      84.0000000   64.00000  23.8%  44.4    3s
H   97   128                      82.3000000   64.00000  22.2%  43.9    3s
H   98   128                      80.3000000   64.00000  20.3%  43.5    3s

Cutting planes:
  Gomory: 5
  Cover: 128
  Implied bound: 117
  Clique: 4
  MIR: 51
  Flow cover: 23
  RLT: 14
  Relax-and-lift: 58

Explored 190 nodes (6377 simplex iterations) in 3.44 seconds
Thread count was 32 (of 32 available processors)

Solution count 9: 80.3 82.3 84 ... 3675

Solve interrupted
Best objective 8.030000000000e+01, best bound 6.400000000000e+01, gap 20.2989%
