
Gurobi 9.1.2 (linux64) logging started Wed Nov 24 10:26:37 2021

Changed value of parameter LogFile to lemke_square_v-(2, 1).log-s20-l10.log
   Prev:   Default: 
Changed value of parameter Threads to 32
   Prev: 0  Min: 0  Max: 1024  Default: 0
Changed value of parameter TimeLimit to 3600.0
   Prev: inf  Min: 0.0  Max: inf  Default: inf
Changed value of parameter MIPGap to 0.4
   Prev: 0.0001  Min: 0.0  Max: inf  Default: 0.0001
Warning: variable name "X[(7, 4),(7, 3)]" has a space
Warning: constraint name "flow-constr-t0-v(3, 0)" has a space
Warning: to let Gurobi read it back, use rlp format
Gurobi Optimizer version 9.1.2 build v9.1.2rc0 (linux64)
Thread count: 16 physical cores, 32 logical processors, using up to 32 threads
Optimize a model with 6033 rows, 5440 columns and 20720 nonzeros
Model fingerprint: 0x69c553bb
Variable types: 0 continuous, 5440 integer (4800 binary)
Coefficient statistics:
  Matrix range     [1e+00, 1e+03]
  Objective range  [1e-01, 1e-01]
  Bounds range     [1e+00, 5e+02]
  RHS range        [1e+00, 1e+03]
Presolve removed 377 rows and 400 columns
Presolve time: 0.04s
Presolved: 5656 rows, 5040 columns, 18870 nonzeros
Variable types: 0 continuous, 5040 integer (4400 binary)

Root relaxation: objective 6.400000e+01, 128 iterations, 0.00 seconds

    Nodes    |    Current Node    |     Objective Bounds      |     Work
 Expl Unexpl |  Obj  Depth IntInf | Incumbent    BestBd   Gap | It/Node Time

     0     0   64.00000    0   42          -   64.00000      -     -    0s
H    0     0                     255.4000000   64.00000  74.9%     -    0s
H    0     0                     247.3000000   64.00000  74.1%     -    0s
H    0     0                     210.3000000   64.00000  69.6%     -    0s
     0     0   64.00000    0   54  210.30000   64.00000  69.6%     -    0s
H    0     0                     115.5000000   64.00000  44.6%     -    0s
H    0     0                     111.3000000   64.00000  42.5%     -    0s
H    0     0                     109.9000000   64.00000  41.8%     -    0s
     0     0   64.00000    0   54  109.90000   64.00000  41.8%     -    0s
H    0     0                     105.6000000   64.00000  39.4%     -    0s
     0     0   64.00000    0   50  105.60000   64.00000  39.4%     -    0s

Cutting planes:
  Gomory: 23
  Cover: 36
  Implied bound: 16
  Clique: 3
  MIR: 43
  Flow cover: 42
  Zero half: 2
  RLT: 16
  Relax-and-lift: 37

Explored 1 nodes (1291 simplex iterations) in 0.58 seconds
Thread count was 32 (of 32 available processors)

Solution count 7: 105.6 109.9 111.3 ... 255.4

Optimal solution found (tolerance 4.00e-01)
Best objective 1.056000000000e+02, best bound 6.400000000000e+01, gap 39.3939%

Gurobi 9.1.2 (linux64) logging started Wed Nov 24 10:31:58 2021

Changed value of parameter LogFile to lemke_square_v-(2, 1).log-s20-l10.log
   Prev:   Default: 
Changed value of parameter Threads to 32
   Prev: 0  Min: 0  Max: 1024  Default: 0
Changed value of parameter TimeLimit to 3600.0
   Prev: inf  Min: 0.0  Max: inf  Default: inf
Changed value of parameter MIPGap to 0.4
   Prev: 0.0001  Min: 0.0  Max: inf  Default: 0.0001
Warning: variable name "X[(7, 4),(7, 3)]" has a space
Warning: constraint name "flow-constr-t0-v(3, 0)" has a space
Warning: to let Gurobi read it back, use rlp format
Gurobi Optimizer version 9.1.2 build v9.1.2rc0 (linux64)
Thread count: 16 physical cores, 32 logical processors, using up to 32 threads
Optimize a model with 6033 rows, 5440 columns and 20720 nonzeros
Model fingerprint: 0x69c553bb
Variable types: 0 continuous, 5440 integer (4800 binary)
Coefficient statistics:
  Matrix range     [1e+00, 1e+03]
  Objective range  [1e-01, 1e-01]
  Bounds range     [1e+00, 5e+02]
  RHS range        [1e+00, 1e+03]
Presolve removed 377 rows and 400 columns
Presolve time: 0.04s
Presolved: 5656 rows, 5040 columns, 18870 nonzeros
Variable types: 0 continuous, 5040 integer (4400 binary)

Root relaxation: objective 6.400000e+01, 128 iterations, 0.00 seconds

    Nodes    |    Current Node    |     Objective Bounds      |     Work
 Expl Unexpl |  Obj  Depth IntInf | Incumbent    BestBd   Gap | It/Node Time

     0     0   64.00000    0   42          -   64.00000      -     -    0s
H    0     0                     255.4000000   64.00000  74.9%     -    0s
H    0     0                     247.3000000   64.00000  74.1%     -    0s
H    0     0                     210.3000000   64.00000  69.6%     -    0s
     0     0   64.00000    0   54  210.30000   64.00000  69.6%     -    0s
H    0     0                     115.5000000   64.00000  44.6%     -    0s
H    0     0                     111.3000000   64.00000  42.5%     -    0s
H    0     0                     109.9000000   64.00000  41.8%     -    0s
     0     0   64.00000    0   54  109.90000   64.00000  41.8%     -    0s
H    0     0                     105.6000000   64.00000  39.4%     -    0s
     0     0   64.00000    0   50  105.60000   64.00000  39.4%     -    0s

Cutting planes:
  Gomory: 23
  Cover: 36
  Implied bound: 16
  Clique: 3
  MIR: 43
  Flow cover: 42
  Zero half: 2
  RLT: 16
  Relax-and-lift: 37

Explored 1 nodes (1291 simplex iterations) in 0.63 seconds
Thread count was 32 (of 32 available processors)

Solution count 7: 105.6 109.9 111.3 ... 255.4

Optimal solution found (tolerance 4.00e-01)
Best objective 1.056000000000e+02, best bound 6.400000000000e+01, gap 39.3939%

Gurobi 9.1.2 (linux64) logging started Wed Nov 24 11:38:59 2021

Changed value of parameter LogFile to lemke_square_v-(2, 1).log-s20-l10.log
   Prev:   Default: 
Changed value of parameter Threads to 32
   Prev: 0  Min: 0  Max: 1024  Default: 0
Changed value of parameter TimeLimit to 3600.0
   Prev: inf  Min: 0.0  Max: inf  Default: inf
Changed value of parameter MIPGap to 0.34
   Prev: 0.0001  Min: 0.0  Max: inf  Default: 0.0001
Warning: variable name "X[(7, 4),(7, 3)]" has a space
Warning: constraint name "flow-constr-t0-v(3, 0)" has a space
Warning: to let Gurobi read it back, use rlp format
Gurobi Optimizer version 9.1.2 build v9.1.2rc0 (linux64)
Thread count: 16 physical cores, 32 logical processors, using up to 32 threads
Optimize a model with 6033 rows, 5440 columns and 20720 nonzeros
Model fingerprint: 0x69c553bb
Variable types: 0 continuous, 5440 integer (4800 binary)
Coefficient statistics:
  Matrix range     [1e+00, 1e+03]
  Objective range  [1e-01, 1e-01]
  Bounds range     [1e+00, 5e+02]
  RHS range        [1e+00, 1e+03]
Presolve removed 377 rows and 400 columns
Presolve time: 0.04s
Presolved: 5656 rows, 5040 columns, 18870 nonzeros
Variable types: 0 continuous, 5040 integer (4400 binary)

Root relaxation: objective 6.400000e+01, 128 iterations, 0.00 seconds

    Nodes    |    Current Node    |     Objective Bounds      |     Work
 Expl Unexpl |  Obj  Depth IntInf | Incumbent    BestBd   Gap | It/Node Time

     0     0   64.00000    0   42          -   64.00000      -     -    0s
H    0     0                     255.4000000   64.00000  74.9%     -    0s
H    0     0                     247.3000000   64.00000  74.1%     -    0s
H    0     0                     210.3000000   64.00000  69.6%     -    0s
     0     0   64.00000    0   54  210.30000   64.00000  69.6%     -    0s
H    0     0                     115.5000000   64.00000  44.6%     -    0s
H    0     0                     111.3000000   64.00000  42.5%     -    0s
H    0     0                     109.9000000   64.00000  41.8%     -    0s
     0     0   64.00000    0   54  109.90000   64.00000  41.8%     -    0s

Cutting planes:
  Gomory: 23
  Cover: 36
  Implied bound: 16
  Clique: 3
  MIR: 43
  Flow cover: 41
  Zero half: 1
  RLT: 8
  Relax-and-lift: 37

Explored 1 nodes (454 simplex iterations) in 0.52 seconds
Thread count was 32 (of 32 available processors)

Solution count 6: 109.9 111.3 115.5 ... 255.4

Solve interrupted
Best objective 1.099000000000e+02, best bound 6.400000000000e+01, gap 41.7652%

Gurobi 9.1.2 (linux64) logging started Wed Nov 24 11:40:40 2021

Changed value of parameter LogFile to lemke_square_v-(2, 1).log-s20-l10.log
   Prev:   Default: 
Changed value of parameter Threads to 32
   Prev: 0  Min: 0  Max: 1024  Default: 0
Changed value of parameter TimeLimit to 3600.0
   Prev: inf  Min: 0.0  Max: inf  Default: inf
Changed value of parameter MIPGap to 0.3
   Prev: 0.0001  Min: 0.0  Max: inf  Default: 0.0001
Warning: variable name "X[(7, 4),(7, 3)]" has a space
Warning: constraint name "flow-constr-t0-v(3, 0)" has a space
Warning: to let Gurobi read it back, use rlp format
Gurobi Optimizer version 9.1.2 build v9.1.2rc0 (linux64)
Thread count: 16 physical cores, 32 logical processors, using up to 32 threads
Optimize a model with 6033 rows, 5440 columns and 20720 nonzeros
Model fingerprint: 0x69c553bb
Variable types: 0 continuous, 5440 integer (4800 binary)
Coefficient statistics:
  Matrix range     [1e+00, 1e+03]
  Objective range  [1e-01, 1e-01]
  Bounds range     [1e+00, 5e+02]
  RHS range        [1e+00, 1e+03]
Presolve removed 377 rows and 400 columns
Presolve time: 0.04s
Presolved: 5656 rows, 5040 columns, 18870 nonzeros
Variable types: 0 continuous, 5040 integer (4400 binary)

Root relaxation: objective 6.400000e+01, 128 iterations, 0.00 seconds

    Nodes    |    Current Node    |     Objective Bounds      |     Work
 Expl Unexpl |  Obj  Depth IntInf | Incumbent    BestBd   Gap | It/Node Time

     0     0   64.00000    0   42          -   64.00000      -     -    0s
H    0     0                     255.4000000   64.00000  74.9%     -    0s
H    0     0                     247.3000000   64.00000  74.1%     -    0s
H    0     0                     210.3000000   64.00000  69.6%     -    0s
     0     0   64.00000    0   54  210.30000   64.00000  69.6%     -    0s
H    0     0                     115.5000000   64.00000  44.6%     -    0s
H    0     0                     111.3000000   64.00000  42.5%     -    0s
H    0     0                     109.9000000   64.00000  41.8%     -    0s
     0     0   64.00000    0   54  109.90000   64.00000  41.8%     -    0s
H    0     0                     105.6000000   64.00000  39.4%     -    0s
     0     0   64.00000    0   50  105.60000   64.00000  39.4%     -    0s
     0     0   64.00000    0   50  105.60000   64.00000  39.4%     -    0s
     0     0   64.00000    0   38  105.60000   64.00000  39.4%     -    0s
     0     0   64.00000    0   38  105.60000   64.00000  39.4%     -    0s
     0     2   64.00000    0   38  105.60000   64.00000  39.4%     -    0s
H   31    56                     105.1000000   64.00000  39.1%  38.3    1s
H   34    56                     101.5000000   64.00000  36.9%  39.6    1s
H   57    88                      87.7000000   64.00000  27.0%  41.9    1s
H   59    88                      86.0000000   64.00000  25.6%  41.5    1s
H   60    88                      80.7000000   64.00000  20.7%  41.4    1s
H   67    88                      77.5000000   64.00000  17.4%  40.7    1s
H   79    88                      76.8000000   64.00000  16.7%  39.7    1s

Cutting planes:
  Gomory: 8
  Cover: 112
  Implied bound: 132
  Clique: 6
  MIR: 17
  StrongCG: 1
  Flow cover: 19
  Zero half: 4
  RLT: 10
  Relax-and-lift: 31

Explored 89 nodes (6192 simplex iterations) in 1.95 seconds
Thread count was 32 (of 32 available processors)

Solution count 10: 76.8 77.5 80.7 ... 111.3

Optimal solution found (tolerance 3.00e-01)
Best objective 7.680000000000e+01, best bound 6.400000000000e+01, gap 16.6667%
