
Gurobi 9.1.2 (linux64) logging started Tue Mar 29 22:48:57 2022

Changed value of parameter LogFile to atlanta_v-N7.log
   Prev:   Default: 
Changed value of parameter MIPFocus to 1
   Prev: 0  Min: 0  Max: 3  Default: 0
Changed value of parameter TimeLimit to 600.0
   Prev: inf  Min: 0.0  Max: inf  Default: inf
Warning: variables 0 and 74 have the same name "X[N6,N1]"
Warning: linear constraint 96 and linear constraint 97 have the same name "weight-constr-t5"
Warning: to let Gurobi read it back, use rlp format
Gurobi Optimizer version 9.1.2 build v9.1.2rc0 (linux64)
Thread count: 32 physical cores, 64 logical processors, using up to 32 threads
Optimize a model with 518 rows, 444 columns and 1500 nonzeros
Model fingerprint: 0xa2b91f11
Variable types: 90 continuous, 354 integer (354 binary)
Coefficient statistics:
  Matrix range     [1e+00, 1e+06]
  Objective range  [2e-01, 2e-01]
  Bounds range     [1e+00, 5e+05]
  RHS range        [1e+00, 1e+06]
Presolve removed 72 rows and 84 columns
Presolve time: 0.00s
Presolved: 446 rows, 360 columns, 2148 nonzeros
Variable types: 84 continuous, 276 integer (276 binary)
Found heuristic solution: objective 97.8333333

Root relaxation: objective 1.400000e+01, 62 iterations, 0.00 seconds

    Nodes    |    Current Node    |     Objective Bounds      |     Work
 Expl Unexpl |  Obj  Depth IntInf | Incumbent    BestBd   Gap | It/Node Time

     0     0   14.00000    0   16   97.83333   14.00000  85.7%     -    0s
H    0     0                      44.6666667   14.00000  68.7%     -    0s
H    0     0                      36.5000000   14.00000  61.6%     -    0s
H    0     0                      36.3333333   14.00000  61.5%     -    0s
H    0     0                      33.5000000   14.00000  58.2%     -    0s
H    0     0                      33.3333333   14.00000  58.0%     -    0s
     0     0   14.00000    0   23   33.33333   14.00000  58.0%     -    0s
H    0     0                      33.1666667   14.00000  57.8%     -    0s
H    0     0                      32.8333333   14.00000  57.4%     -    0s
H    0     0                      30.0000000   14.00000  53.3%     -    0s
     0     0   14.00000    0   20   30.00000   14.00000  53.3%     -    0s
H    0     0                      27.6666667   14.00000  49.4%     -    0s
     0     0   14.00000    0   12   27.66667   14.00000  49.4%     -    0s
H    0     0                      27.5000000   14.00000  49.1%     -    0s
     0     0   14.00000    0   16   27.50000   14.00000  49.1%     -    0s
     0     0   14.00000    0   14   27.50000   14.00000  49.1%     -    0s
H    0     0                      27.3333333   14.00000  48.8%     -    0s
H    0     0                      26.1666667   14.00000  46.5%     -    0s
     0     2   14.00000    0   14   26.16667   14.00000  46.5%     -    0s
H   38    64                      25.5000000   14.00000  45.1%   9.9    0s
H   95   128                      25.1111111   14.00000  44.2%   6.9    0s
H   96   128                      24.1666667   14.00000  42.1%   6.9    0s
H   98   128                      23.5000000   14.00000  40.4%   6.7    0s
H  162   188                      23.1666667   14.00000  39.6%   5.9    1s
H  162   188                      23.0000000   14.00000  39.1%   5.9    1s
* 1966  1603              54      21.5833342   14.00000  35.1%   7.8    2s
  5833  4088   16.00000   24   50   21.58333   14.00000  35.1%  11.5    5s
 13943  6903   16.73177   33   50   21.58333   14.00000  35.1%  30.3   10s
 22031  9700   20.83333   55   19   21.58333   14.00000  35.1%  30.9   15s
 29728 16290   15.50000   41   56   21.58333   14.00000  35.1%  31.9   20s
 39966 19173   19.16667   56   46   21.58333   14.00000  35.1%  31.7   25s
 52025 27404   15.45455   37   32   21.58333   14.00000  35.1%  32.1   30s
 67773 33736   21.38167   57   18   21.58333   14.00000  35.1%  31.9   35s
 79967 40630   14.17892   36   85   21.58333   14.00000  35.1%  31.9   40s
 93453 51964   14.83333   44   51   21.58333   14.00000  35.1%  31.1   45s
 109225 55604   14.00000   32   34   21.58333   14.00000  35.1%  31.7   50s
 123929 69736     cutoff   61        21.58333   14.00000  35.1%  32.7   55s
 136478 74807   21.01349   71   34   21.58333   14.00000  35.1%  33.1   60s
 163766 89593   16.33333   47   21   21.58333   14.00000  35.1%  33.2   65s
 171468 94684   15.34525   44   60   21.58333   14.00000  35.1%  33.8   70s
 195089 104038   18.16667   28   60   21.58333   14.00000  35.1%  33.7   76s
 205370 112056   15.66667   50   63   21.58333   14.00000  35.1%  34.1   80s
 214438 117022   14.16667   32   51   21.58333   14.05952  34.9%  34.2   85s
 243102 132520   18.85897   55   30   21.58333   14.16667  34.4%  33.5   90s
 275913 149784   17.38889   47   40   21.58333   14.16667  34.4%  32.9   96s
 302538 163950   14.16667   39   70   21.58333   14.16667  34.4%  32.6  100s
 331696 178079   14.66667   36   36   21.58333   14.16667  34.4%  32.4  105s
 354819 191021   15.00000   47   32   21.58333   14.16667  34.4%  32.3  110s
 379987 204417   16.08756   39   67   21.58333   14.16667  34.4%  32.2  115s
 407096 218926   20.16767   46   51   21.58333   14.16667  34.4%  32.2  120s
 436821 236581   19.67961   45   39   21.58333   14.16667  34.4%  32.2  126s
 459577 246585   15.66667   46   27   21.58333   14.16667  34.4%  32.1  130s
 486435 261711 infeasible   66        21.58333   14.16667  34.4%  32.1  136s
 499137 268108   18.16667   57   21   21.58333   14.16667  34.4%  32.1  141s
 523188 279989     cutoff   46        21.58333   14.16667  34.4%  32.1  145s
 546728 293226   14.41667   40   45   21.58333   14.16667  34.4%  32.1  150s
 573756 309320   14.50000   43   60   21.58333   14.16667  34.4%  32.1  156s
 594989 320689     cutoff   51        21.58333   14.16667  34.4%  32.2  160s
 617891 333354   19.16667   51   28   21.58333   14.16667  34.4%  32.2  165s
 643742 348446     cutoff   49        21.58333   14.16667  34.4%  32.2  170s
 665272 361022   17.77442   53   35   21.58333   14.16667  34.4%  32.3  175s
 688866 372878   19.00000   63   30   21.58333   14.16667  34.4%  32.2  180s
 710001 385299   15.66667   41   50   21.58333   14.16667  34.4%  32.2  185s
 729705 396428   17.00000   55   40   21.58333   14.16667  34.4%  32.3  190s
 758317 412730   15.66667   48   63   21.58333   14.16667  34.4%  32.3  196s
 781943 425880   19.50000   52   28   21.58333   14.16667  34.4%  32.3  200s
 803800 437597   14.16667   44   60   21.58333   14.16667  34.4%  32.3  205s
 826636 449440     cutoff   72        21.58333   14.16667  34.4%  32.2  210s
 855142 465360   15.88384   49   55   21.58333   14.16667  34.4%  32.3  215s
 882793 479394     cutoff   60        21.58333   14.16667  34.4%  32.2  220s
 909857 493923   14.54384   46   66   21.58333   14.16667  34.4%  32.2  225s
 934915 510891     cutoff   59        21.58333   14.16667  34.4%  32.2  231s
 954531 521689   15.88555   43   64   21.58333   14.16667  34.4%  32.2  235s
 986124 537531   21.16667   52   25   21.58333   14.16667  34.4%  32.2  240s
 1007698 548283 infeasible   57        21.58333   14.16667  34.4%  32.2  245s
 1034880 564903   14.31818   41   72   21.58333   14.16667  34.4%  32.1  250s
 1058819 578560     cutoff   59        21.58333   14.16667  34.4%  32.1  256s
 1079428 589336   21.50000   66   26   21.58333   14.16667  34.4%  32.1  260s
 1104657 603004   17.66667   43   55   21.58333   14.16667  34.4%  32.0  265s
 1129056 615989   14.19823   49   69   21.58333   14.16667  34.4%  32.0  270s
 1145982 624149   15.96909   54   58   21.58333   14.16667  34.4%  31.9  275s
 1172071 638480   14.76166   44   41   21.58333   14.16667  34.4%  31.9  280s
 1190340 649982   15.18707   53   82   21.58333   14.16667  34.4%  31.9  285s
 1214761 662633   15.50000   54   43   21.58333   14.16667  34.4%  31.8  290s
 1242279 677026   16.66775   42   44   21.58333   14.16767  34.4%  31.8  295s
 1263599 688749   20.56566   57   35   21.58333   14.17961  34.3%  31.7  300s
 1280882 697072   20.83333   57   34   21.58333   14.18583  34.3%  31.7  305s
 1301826 708356   20.00000   45   27   21.58333   14.20014  34.2%  31.6  310s
 1317776 714941   15.03590   32   77   21.58333   14.21422  34.1%  31.5  315s
 1339236 726591   20.00324   47   22   21.58333   14.23967  34.0%  31.4  320s
 1361841 739069   17.06510   51   49   21.58333   14.25000  34.0%  31.4  325s
 1384214 752706   18.26768   48   37   21.58333   14.25758  33.9%  31.4  330s
 1407102 764822     cutoff   61        21.58333   14.28529  33.8%  31.3  335s
 1431362 775959   14.33333   35   64   21.58333   14.31849  33.7%  31.2  340s
 1455501 788566   14.33333   35   35   21.58333   14.33333  33.6%  31.2  345s
 1475861 799801 infeasible   63        21.58333   14.33333  33.6%  31.2  350s
 1502584 811481   17.19768   65   33   21.58333   14.33333  33.6%  31.1  355s
 1523940 822526   18.00000   51   43   21.58333   14.33333  33.6%  31.1  360s
 1552470 838072   19.16667   51   39   21.58333   14.33333  33.6%  31.0  366s
 1576257 848633 infeasible   66        21.58333   14.33333  33.6%  31.0  370s
 1600751 861668   16.34722   54   41   21.58333   14.33333  33.6%  30.9  375s
 1631030 877194   19.37362   63   48   21.58333   14.33333  33.6%  31.0  380s
 1654625 887435   18.50000   54   45   21.58333   14.33333  33.6%  31.0  386s
 1673492 898567   14.50000   50   63   21.58333   14.33333  33.6%  31.0  390s
 1699170 912119     cutoff   56        21.58333   14.33333  33.6%  31.0  395s
 1725600 924524   16.17455   62   53   21.58333   14.33333  33.6%  31.0  401s
 1749547 935625   21.00000   64   23   21.58333   14.33333  33.6%  31.0  406s
 1773315 947987   20.59287   81   32   21.58333   14.33333  33.6%  30.9  410s
 1801943 962798   16.00642   43   54   21.58333   14.33333  33.6%  30.9  415s
 1827038 976516   20.33333   46   32   21.58333   14.33333  33.6%  30.8  420s
 1853934 990179   17.66667   54   51   21.58333   14.33333  33.6%  30.8  425s
 1882309 1004632   15.66667   42   36   21.58333   14.33333  33.6%  30.7  430s
 1910227 1018219   15.33333   46   54   21.58333   14.33333  33.6%  30.7  435s
 1930309 1032255   17.00000   53   37   21.58333   14.33333  33.6%  30.7  440s
 1961850 1044993   14.33333   46   50   21.58333   14.33333  33.6%  30.7  445s
 1994516 1062089   18.27778   75   40   21.58333   14.33333  33.6%  30.6  450s
 2019541 1075487 infeasible   55        21.58333   14.33333  33.6%  30.5  455s
 2044190 1088536   15.66667   49   54   21.58333   14.33333  33.6%  30.5  461s
 2065876 1099803 infeasible   71        21.58333   14.33333  33.6%  30.5  465s
 2089356 1113658   17.19888   44   72   21.58333   14.33333  33.6%  30.6  471s
 2112644 1124081   15.50000   46   24   21.58333   14.33333  33.6%  30.6  475s
 2129364 1132068   14.33333   35   66   21.58333   14.33333  33.6%  30.6  480s
 2155754 1145088   17.97059   63   32   21.58333   14.33333  33.6%  30.6  485s
 2177826 1157255   18.33333   66   22   21.58333   14.33333  33.6%  30.6  490s
 2203368 1170206   16.02614   48   45   21.58333   14.33333  33.6%  30.6  495s
 2228796 1183277   14.36690   40   51   21.58333   14.33333  33.6%  30.6  500s
 2248742 1195229   14.33333   53   31   21.58333   14.33333  33.6%  30.6  505s
 2273042 1206582   15.33333   35   50   21.58333   14.33333  33.6%  30.6  510s
 2303204 1220440   14.33333   41   42   21.58333   14.33333  33.6%  30.6  516s
 2325147 1231564   17.17663   53   31   21.58333   14.33333  33.6%  30.5  520s
 2350161 1244176   20.33333   65   28   21.58333   14.33333  33.6%  30.5  525s
 2376756 1258750     cutoff   53        21.58333   14.33333  33.6%  30.5  530s
 2399565 1270912 infeasible   78        21.58333   14.33333  33.6%  30.5  535s
 2424361 1285269   17.50000   57   30   21.58333   14.33333  33.6%  30.5  540s
 2444793 1295636   19.45833   64   34   21.58333   14.33333  33.6%  30.5  545s
 2470670 1309942   14.66667   38   51   21.58333   14.33333  33.6%  30.5  550s
 2492604 1322734   14.33333   40   54   21.58333   14.33333  33.6%  30.5  555s
 2516326 1334709   16.66667   56   25   21.58333   14.33333  33.6%  30.5  560s
 2537328 1345485   19.69205   54   66   21.58333   14.33333  33.6%  30.5  565s
 2563898 1359004     cutoff   70        21.58333   14.33333  33.6%  30.5  570s
 2589680 1372290   14.83333   50   44   21.58333   14.33333  33.6%  30.5  576s
 2602928 1381621   21.12500   57   24   21.58333   14.33333  33.6%  30.5  580s
 2627327 1391593   15.69715   52   52   21.58333   14.33333  33.6%  30.5  585s
 2654622 1406193 infeasible   42        21.58333   14.33333  33.6%  30.5  590s
 2676834 1417243   15.16667   49   68   21.58333   14.33333  33.6%  30.5  595s
 2702608 1430996   19.02564   56   40   21.58333   14.33333  33.6%  30.5  600s

Cutting planes:
  Learned: 80
  Gomory: 11
  Cover: 84
  Implied bound: 37
  Clique: 31
  MIR: 290
  StrongCG: 3
  Flow cover: 476
  GUB cover: 1
  Inf proof: 4
  RLT: 131
  Relax-and-lift: 84

Cleanup yields a better solution

Explored 2707117 nodes (82431181 simplex iterations) in 600.04 seconds
Thread count was 32 (of 64 available processors)

Solution count 10: 21.5833 23 23.1667 ... 27.5

Time limit reached
Warning: max constraint violation (3.8147e-06) exceeds tolerance
Best objective 2.141666730151e+01, best bound 1.433333333333e+01, gap 33.0739%
