
Gurobi 9.1.2 (linux64) logging started Tue Mar 29 23:09:02 2022

Changed value of parameter LogFile to atlanta_v-N4.log
   Prev:   Default: 
Changed value of parameter MIPFocus to 1
   Prev: 0  Min: 0  Max: 3  Default: 0
Changed value of parameter TimeLimit to 600.0
   Prev: inf  Min: 0.0  Max: inf  Default: inf
Warning: variables 0 and 74 have the same name "X[N6,N1]"
Warning: linear constraint 96 and linear constraint 97 have the same name "weight-constr-t5"
Warning: to let Gurobi read it back, use rlp format
Gurobi Optimizer version 9.1.2 build v9.1.2rc0 (linux64)
Thread count: 32 physical cores, 64 logical processors, using up to 32 threads
Optimize a model with 530 rows, 444 columns and 1530 nonzeros
Model fingerprint: 0x32a52b5e
Variable types: 90 continuous, 354 integer (354 binary)
Coefficient statistics:
  Matrix range     [1e+00, 1e+06]
  Objective range  [2e-01, 2e-01]
  Bounds range     [1e+00, 5e+05]
  RHS range        [1e+00, 1e+06]
Presolve removed 60 rows and 66 columns
Presolve time: 0.00s
Presolved: 470 rows, 378 columns, 2280 nonzeros
Variable types: 84 continuous, 294 integer (294 binary)

Root relaxation: objective 1.400000e+01, 62 iterations, 0.00 seconds

    Nodes    |    Current Node    |     Objective Bounds      |     Work
 Expl Unexpl |  Obj  Depth IntInf | Incumbent    BestBd   Gap | It/Node Time

     0     0   14.00000    0   15          -   14.00000      -     -    0s
H    0     0                      41.0000000   14.00000  65.9%     -    0s
     0     0   14.00000    0   15   41.00000   14.00000  65.9%     -    0s
     0     0   14.00000    0   15   41.00000   14.00000  65.9%     -    0s
H    0     0                      40.6666666   14.00000  65.6%     -    0s
     0     0   14.00000    0   12   40.66667   14.00000  65.6%     -    0s
H    0     0                      40.5000000   14.00000  65.4%     -    0s
     0     0   14.00000    0   14   40.50000   14.00000  65.4%     -    0s
     0     0   14.00000    0   13   40.50000   14.00000  65.4%     -    0s
     0     0   14.00000    0   13   40.50000   14.00000  65.4%     -    0s
     0     0   14.00000    0   14   40.50000   14.00000  65.4%     -    0s
H    0     0                      40.3333287   14.00000  65.3%     -    0s
     0     2   14.00000    0   12   40.33333   14.00000  65.3%     -    0s
H    2     4                      40.1666667   14.00000  65.1%  54.5    0s
H   32    58                      40.0000000   14.00000  65.0%   9.7    0s
H   34    58                      39.5000000   14.00000  64.6%  10.2    0s
H   37    58                      39.3333333   14.00000  64.4%  10.9    0s
H   47    58                      39.1666667   14.00000  64.3%   9.1    0s
H   93   122                      39.0000000   14.00000  64.1%   8.8    0s
H   94   122                      38.8333333   14.00000  63.9%   8.8    0s
H   96   122                      38.1666667   14.00000  63.3%   8.7    0s
H  107   122                      38.0000000   14.00000  63.2%   8.7    0s
H  162   186                      37.6666667   14.00000  62.8%  10.7    0s
H 1285  1142                      37.5000000   14.00000  62.7%   8.2    1s
H 1382  1600                      37.1666667   14.00000  62.3%   8.1    1s
H 1957  1635                      36.8333333   14.00000  62.0%   7.7    1s
H 2671  2159                      36.8333333   14.00000  62.0%   7.6    2s
H 2746  2157                      36.6666667   14.00000  61.8%   7.5    2s
H 2763  2227                      36.6662237   14.00000  61.8%   7.5    2s
H 2979  2157                      36.5000000   14.00000  61.6%  10.8    2s
H 3031  2087                      36.1666667   14.00000  61.3%  13.5    3s
H 3084  1990                      36.1666656   14.00000  61.3%  14.9    3s
H 3090  1918                      36.1666655   14.00000  61.3%  15.1    4s
H 3115  1819                      36.1666655   14.00000  61.3%  15.6    4s
H 3117  1731                      36.1666654   14.00000  61.3%  15.6    4s
  3186  1771   16.25596   26   48   36.16667   14.00000  61.3%  16.4    5s
H 3197  1686                      36.1666654   14.00000  61.3%  16.7    5s
  6101  2383   22.00000   34   25   36.16667   14.00000  61.3%  30.3   10s
H10536  4651                      36.0000000   14.00000  61.1%  36.7   14s
 10599  4676   21.52334   29   45   36.00000   14.00000  61.1%  36.8   15s
 14181  6911   31.28887   36   41   36.00000   14.00000  61.1%  36.3   20s
H18632  9073                      35.9999998   14.16667  60.6%  37.3   24s
H18653  9096                      35.9999994   14.16667  60.6%  37.3   24s
H18668  9096                      35.9999994   14.16667  60.6%  37.4   24s
H18687  9096                      35.9999990   14.16667  60.6%  37.4   24s
 18690  9433   14.41818   32   60   36.00000   14.16667  60.6%  37.4   25s
H18738  9433                      35.9999989   14.16667  60.6%  37.4   25s
H18835  9433                      35.9999988   14.16667  60.6%  37.5   25s
H19169  9456                      35.9999988   14.16667  60.6%  37.8   26s
H19188  9456                      35.9999987   14.16667  60.6%  37.9   26s
H19262  9538                      35.9999986   14.16667  60.6%  37.8   27s
H19321  9702                      35.9999985   14.16667  60.6%  37.8   28s
 21942 12028   25.00000   46   43   36.00000   14.16667  60.6%  38.4   30s
 25806 15528   17.56169   41   45   36.00000   14.16667  60.6%  38.2   35s
H33637 19257                      35.9999985   14.16667  60.6%  38.7   38s
H34139 19485                      35.9999982   14.16667  60.6%  39.0   38s
 36093 21068   20.83333   59   24   36.00000   14.16667  60.6%  40.0   41s
H36107 21068                      35.9999982   14.16667  60.6%  40.1   41s
H36126 21068                      35.9999981   14.16667  60.6%  40.1   41s
 39630 25758   15.33333   30   66   36.00000   14.16667  60.6%  40.1   45s
 49692 28886   21.66667   32   62   36.00000   14.16667  60.6%  38.6   50s
 58971 37516   21.00000   33   36   36.00000   14.16667  60.6%  38.4   55s
H67485 39843                      35.9999981   14.16667  60.6%  38.6   58s
 67513 42864   27.69932   39   33   36.00000   14.16667  60.6%  38.6   60s
H76690 47918                      35.9999977   14.18056  60.6%  38.0   62s
H79901 48800                      35.9999977   14.23206  60.5%  37.8   63s
H79956 48800                      35.9999975   14.24771  60.4%  37.8   63s
 81272 51855   14.83333   37   50   36.00000   14.24771  60.4%  37.8   65s
 103217 62391   23.50070   39   62   36.00000   14.33333  60.2%  36.9   70s
 120495 76666   14.73201   43   39   36.00000   14.33333  60.2%  36.6   75s
 143637 89552   18.79274   50   29   36.00000   14.33333  60.2%  36.3   81s
 161711 101241   21.95588   41   44   36.00000   14.33333  60.2%  36.2   85s
 181701 112731   31.16667   51   19   36.00000   14.33333  60.2%  36.1   91s
 196756 123289   21.14766   62   47   36.00000   14.33333  60.2%  36.1   95s
 217811 135385   16.46157   38   70   36.00000   14.33333  60.2%  36.0  101s
 233695 141385   16.86785   55   75   36.00000   14.33333  60.2%  36.0  105s
H247673 150251                      35.9999964   14.33333  60.2%  36.0  108s
 249533 154463   15.66716   52   68   36.00000   14.33333  60.2%  36.0  110s
H252767 154463                      35.9999963   14.33333  60.2%  36.0  110s
H257949 156008                      35.9999962   14.33333  60.2%  36.1  111s
H265419 161565                      35.9999962   14.33333  60.2%  36.1  114s
 267239 163780   15.70370   46   58   36.00000   14.33333  60.2%  36.1  115s
 285610 176726   31.16667   67   13   36.00000   14.33333  60.2%  36.0  121s
 300036 182703   14.66667   38   79   36.00000   14.33333  60.2%  36.0  125s
 313539 193532   26.83333   40   11   36.00000   14.33333  60.2%  36.0  131s
 328705 199632   14.67038   25   71   36.00000   14.33333  60.2%  36.0  136s
 340182 205496   14.50000   43   71   36.00000   14.33333  60.2%  36.1  140s
 357376 213600   16.33333   64   33   36.00000   14.33333  60.2%  36.1  145s
 372989 221060   32.81944   76   17   36.00000   14.33333  60.2%  36.0  150s
 389258 230782   26.59028   51   45   36.00000   14.33333  60.2%  35.8  155s
 405937 239973     cutoff   65        36.00000   14.38478  60.0%  35.6  160s
 423161 245661   22.50000   50   39   36.00000   14.42857  59.9%  35.4  165s
 439860 254677   27.59878   57   30   36.00000   14.48603  59.8%  35.1  170s
 452169 261279   33.17949   68   41   36.00000   14.50000  59.7%  35.0  175s
 470039 277788   16.00967   43   81   36.00000   14.50000  59.7%  34.9  182s
 492829 286043   17.90744   43   51   36.00000   14.50000  59.7%  34.7  186s
 507541 294049   15.66667   33   55   36.00000   14.50000  59.7%  34.7  190s
 523323 301113   24.50000   70   12   36.00000   14.50000  59.7%  34.7  195s
 544422 312648   17.33593   39   51   36.00000   14.50000  59.7%  34.6  201s
 559874 320884   21.83333   40   45   36.00000   14.50000  59.7%  34.5  205s
 577179 330209   29.27778   63   42   36.00000   14.50000  59.7%  34.5  210s
 592943 339826   17.31376   41   83   36.00000   14.50000  59.7%  34.5  216s
 610017 349636     cutoff   79        36.00000   14.50000  59.7%  34.5  220s
 625710 359258   17.55826   41   80   36.00000   14.50000  59.7%  34.5  225s
 644719 368866   14.50000   38   37   36.00000   14.50000  59.7%  34.4  230s
 662361 379204   16.50000   55   27   36.00000   14.50000  59.7%  34.4  235s
 683112 390968   17.09751   42   68   36.00000   14.50000  59.7%  34.4  241s
 694930 398763   17.39143   36   61   36.00000   14.50000  59.7%  34.4  245s
 710147 408642   24.72727   64   24   36.00000   14.50000  59.7%  34.5  250s
 727767 418973   17.01061   53   33   36.00000   14.50000  59.7%  34.5  256s
 744770 426461   18.25000   47   55   36.00000   14.50000  59.7%  34.4  261s
 761633 438503   14.83333   56   51   36.00000   14.50000  59.7%  34.4  265s
 776855 447526   14.50964   44   68   36.00000   14.50000  59.7%  34.5  271s
 794835 455413   27.00000   55   34   36.00000   14.50000  59.7%  34.4  275s
 810633 465653 infeasible   64        36.00000   14.50000  59.7%  34.4  281s
 826396 472910     cutoff   56        36.00000   14.50000  59.7%  34.4  285s
 842961 482044   23.16667   49   43   36.00000   14.50000  59.7%  34.3  290s
 857059 490093   20.16667   51   24   36.00000   14.50000  59.7%  34.3  295s
 871002 500416   31.00021   80   20   36.00000   14.50000  59.7%  34.3  300s
 890500 508695   22.33333   45   29   36.00000   14.50000  59.7%  34.3  305s
 906274 519478   17.33333   52   49   36.00000   14.50000  59.7%  34.4  311s
 916436 526279   14.83762   44   63   36.00000   14.50000  59.7%  34.4  315s
 934464 534752   14.50059   47   71   36.00000   14.50000  59.7%  34.3  320s
 950028 542927   14.59458   42   45   36.00000   14.50000  59.7%  34.3  325s
 964550 552266   21.20238   47   26   36.00000   14.50000  59.7%  34.3  330s
 983442 561147   15.16667   41   62   36.00000   14.50000  59.7%  34.2  336s
 995490 566706   33.03826   44   25   36.00000   14.50000  59.7%  34.2  341s
 1010165 573838   32.50000   78   16   36.00000   14.50000  59.7%  34.2  345s
 1030538 584845   30.51389   61   15   36.00000   14.50000  59.7%  34.2  351s
 1044762 592311   19.08421   61   48   36.00000   14.50000  59.7%  34.2  356s
 1061419 600916   22.02918   48   54   36.00000   14.50000  59.7%  34.1  360s
 1078669 609001     cutoff   85        36.00000   14.50000  59.7%  34.1  366s
 1091653 616470   32.16667   62    7   36.00000   14.50000  59.7%  34.1  370s
 1109935 626988   18.01977   56   28   36.00000   14.50000  59.7%  34.0  375s
 1126678 633760   30.83333   51   20   36.00000   14.50123  59.7%  33.9  381s
 1137674 640051   22.90457   69   28   36.00000   14.50302  59.7%  33.9  385s
H1151383 646643                      35.9998815   14.51180  59.7%  33.8  389s
 1153418 649665   16.67684   49   41   35.99988   14.51235  59.7%  33.8  390s
H1156181 649665                      35.9998808   14.51384  59.7%  33.8  390s
H1160009 650831                      35.9998807   14.51384  59.7%  33.8  391s
H1166157 653940                      35.9998806   14.51752  59.7%  33.8  394s
 1167000 655058     cutoff   68        35.99988   14.51811  59.7%  33.8  396s
H1170321 657952                      35.9998805   14.52238  59.7%  33.7  397s
 1179946 662972   20.00000   46   38   35.99988   14.53001  59.6%  33.7  400s
 1200326 674382   15.06061   43   68   35.99988   14.54167  59.6%  33.6  405s
H1205127 676416                      35.9998805   14.54485  59.6%  33.6  406s
 1216390 682013   15.16667   42   71   35.99988   14.55295  59.6%  33.6  410s
 1235709 694589   18.16667   47   47   35.99988   14.57336  59.5%  33.5  415s
 1256790 703929   24.38201   76   30   35.99988   14.58333  59.5%  33.4  420s
 1270609 709080   33.06798   53   15   35.99988   14.58624  59.5%  33.4  425s
 1284135 718504   15.00432   38   55   35.99988   14.60000  59.4%  33.4  431s
 1300693 726769   25.73709   71   31   35.99988   14.61138  59.4%  33.3  435s
 1315528 736900   15.77872   46   66   35.99988   14.62512  59.4%  33.3  440s
 1335311 747513   27.20626   50   37   35.99988   14.64248  59.3%  33.2  445s
 1348729 752939     cutoff   60        35.99988   14.65325  59.3%  33.2  450s
 1367761 764961   18.87879   41   63   35.99988   14.66667  59.3%  33.1  456s
 1384036 774611   28.08333   62   20   35.99988   14.66667  59.3%  33.1  460s
 1400585 783186   15.18075   39   38   35.99988   14.66667  59.3%  33.0  465s
H1422143 795019                      35.9998804   14.66667  59.3%  33.0  469s
 1423442 798148   32.18182   88   20   35.99988   14.66667  59.3%  33.0  471s
 1440973 806296   29.16667   45   33   35.99988   14.66667  59.3%  32.9  475s
 1455960 815670     cutoff   42        35.99988   14.66667  59.3%  32.9  480s
 1477146 826147   20.16667   53   51   35.99988   14.66667  59.3%  32.8  485s
 1491526 837887   18.66667   57   20   35.99988   14.66667  59.3%  32.7  491s
 1512130 846235   15.60459   45   54   35.99988   14.66667  59.3%  32.7  495s
 1532173 857201   18.67181   37   55   35.99988   14.66667  59.3%  32.6  500s
 1553057 871156   25.00000   48   46   35.99988   14.66667  59.3%  32.6  506s
 1570191 878217   23.88889   85   31   35.99988   14.66667  59.3%  32.5  510s
 1592578 893099     cutoff   68        35.99988   14.66667  59.3%  32.5  516s
 1608129 899491   31.72532   51   16   35.99988   14.66667  59.3%  32.5  520s
 1625789 908259   16.50117   57   46   35.99988   14.66667  59.3%  32.5  525s
 1644413 920959   33.38889   61   12   35.99988   14.66667  59.3%  32.4  530s
 1664386 930865     cutoff   58        35.99988   14.66667  59.3%  32.4  536s
 1675456 951346   28.68085   72   20   35.99988   14.66667  59.3%  32.4  545s
 1719962 959895   23.08333   65   59   35.99988   14.66667  59.3%  32.3  550s
 1740836 973891   21.50000   72   19   35.99988   14.66667  59.3%  32.3  556s
 1757275 983002   29.54724   55   60   35.99988   14.66667  59.3%  32.3  561s
 1772149 992025   17.16667   49   30   35.99988   14.66667  59.3%  32.2  565s
 1788634 1001521   16.10630   38   64   35.99988   14.66667  59.3%  32.2  570s
 1808957 1013413   28.21091   58   31   35.99988   14.66667  59.3%  32.2  576s
 1827778 1021891   24.58727   47   44   35.99988   14.66667  59.3%  32.2  581s
 1839517 1028933     cutoff   63        35.99988   14.66667  59.3%  32.2  585s
 1854171 1039303   23.69148   59   49   35.99988   14.66667  59.3%  32.2  590s
 1877294 1052938   33.33333   56   26   35.99988   14.66667  59.3%  32.2  596s
 1894893 1060274   24.33333   57   26   35.99988   14.66667  59.3%  32.2  600s

Cutting planes:
  Learned: 81
  Gomory: 12
  Cover: 84
  Implied bound: 57
  Clique: 25
  MIR: 294
  Flow cover: 528
  GUB cover: 1
  Inf proof: 4
  Zero half: 1
  RLT: 127
  Relax-and-lift: 98

Cleanup yields a better solution

Explored 1897454 nodes (61022592 simplex iterations) in 600.03 seconds
Thread count was 32 (of 64 available processors)

Solution count 10: 35.9999 36 36 ... 36.6662

Time limit reached
Best objective 3.513747807490e+01, best bound 1.466666666667e+01, gap 58.2592%
