
Gurobi 9.1.2 (linux64) logging started Wed Mar 30 00:29:25 2022

Changed value of parameter LogFile to atlanta_v-N13.log
   Prev:   Default: 
Changed value of parameter MIPFocus to 1
   Prev: 0  Min: 0  Max: 3  Default: 0
Changed value of parameter TimeLimit to 600.0
   Prev: inf  Min: 0.0  Max: inf  Default: inf
Warning: variables 0 and 74 have the same name "X[N6,N1]"
Warning: linear constraint 96 and linear constraint 97 have the same name "weight-constr-t5"
Warning: to let Gurobi read it back, use rlp format
Gurobi Optimizer version 9.1.2 build v9.1.2rc0 (linux64)
Thread count: 32 physical cores, 64 logical processors, using up to 32 threads
Optimize a model with 518 rows, 444 columns and 1500 nonzeros
Model fingerprint: 0x56220980
Variable types: 90 continuous, 354 integer (354 binary)
Coefficient statistics:
  Matrix range     [1e+00, 1e+06]
  Objective range  [2e-01, 2e-01]
  Bounds range     [1e+00, 5e+05]
  RHS range        [1e+00, 1e+06]
Presolve removed 72 rows and 84 columns
Presolve time: 0.01s
Presolved: 446 rows, 360 columns, 2130 nonzeros
Variable types: 78 continuous, 282 integer (276 binary)

Root relaxation: objective 1.400000e+01, 60 iterations, 0.00 seconds

    Nodes    |    Current Node    |     Objective Bounds      |     Work
 Expl Unexpl |  Obj  Depth IntInf | Incumbent    BestBd   Gap | It/Node Time

     0     0   14.00000    0   22          -   14.00000      -     -    0s
H    0     0                     515.9999997   14.00000  97.3%     -    0s
H    0     0                      45.0000000   14.00000  68.9%     -    0s
     0     0   14.00000    0   20   45.00000   14.00000  68.9%     -    0s
H    0     0                      41.0000000   14.00000  65.9%     -    0s
     0     2   14.00000    0   13   41.00000   14.00000  65.9%     -    0s
H    4     8                      37.0000000   14.00000  62.2%  45.2    0s
H   96   110                      33.0000000   14.00000  57.6%  10.6    0s
H   97   110                      32.1666667   14.00000  56.5%  10.5    0s
H  100   110                      30.5000000   14.00000  54.1%  10.4    0s
H  150   171                      30.1666667   14.00000  53.6%   9.4    0s
H  155   171                      30.0000000   14.00000  53.3%  10.0    0s
H  181   200                      28.6666667   14.00000  51.2%  10.6    0s
H  198   200                      28.0000000   14.00000  50.0%  10.6    0s
* 2404  2172              49      25.5000009   14.00000  45.1%   7.3    1s
  4302  2643   14.00000   20   58   25.50000   14.00000  45.1%  17.5    5s
 12149  4593   23.83926   31   35   25.50000   14.00000  45.1%  26.9   10s
 20119  6955   24.53501   33   19   25.50000   14.00000  45.1%  28.3   15s
 26145 10443   14.00000   27   45   25.50000   14.00000  45.1%  29.7   20s
 36259 16259   14.00000   22   60   25.50000   14.00000  45.1%  30.7   25s
 52804 23727     cutoff   53        25.50000   14.00000  45.1%  31.3   31s
 63405 31346   24.36539   46   20   25.50000   14.00000  45.1%  31.7   35s
 84089 36547   19.33333   46   45   25.50000   14.00000  45.1%  32.3   40s
 97760 44499   21.83333   61   17   25.50000   14.00000  45.1%  32.3   45s
 107481 50233   21.86925   56   40   25.50000   14.00000  45.1%  32.5   50s
 128653 56120   14.00450   36   45   25.50000   14.00000  45.1%  32.3   56s
 141432 63574     cutoff   55        25.50000   14.00000  45.1%  32.4   60s
 156704 70619   21.33333   52   27   25.50000   14.00000  45.1%  32.5   65s
 173492 76175 infeasible   45        25.50000   14.00000  45.1%  32.4   70s
 187021 83233   15.52497   33   58   25.50000   14.00000  45.1%  32.5   75s
 205036 92251   14.21507   40   41   25.50000   14.00000  45.1%  32.5   81s
 222974 98259   14.00000   20   36   25.50000   14.00000  45.1%  32.6   86s
 237068 105651 infeasible   47        25.50000   14.00000  45.1%  32.6   91s
 246531 120492     cutoff   47        25.50000   14.00000  45.1%  32.6   98s
 283318 124729   24.86111   42   20   25.50000   14.00000  45.1%  32.7  102s
 294915 131613   20.09546   58   24   25.50000   14.00000  45.1%  32.8  105s
 309838 138245   17.03694   46   35   25.50000   14.00000  45.1%  32.8  110s
 322468 144209   22.91245   44   49   25.50000   14.00000  45.1%  32.8  115s
 340325 151071   14.88678   45   30   25.50000   14.00000  45.1%  32.7  121s
 356740 156998   20.16667   41   57   25.50000   14.00000  45.1%  32.7  125s
 368733 164506   17.60987   42   39   25.50000   14.00000  45.1%  32.7  130s
 383251 169680   14.57755   44   53   25.50000   14.00000  45.1%  32.7  136s
 395065 174243   15.00000   46   50   25.50000   14.00000  45.1%  32.8  141s
 403848 179076   16.22122   41   46   25.50000   14.00000  45.1%  32.8  145s
 422546 188360   16.85111   57   29   25.50000   14.00000  45.1%  32.8  150s
 436560 194403 infeasible   49        25.50000   14.00000  45.1%  32.8  155s
 449775 201003   23.54893   38   34   25.50000   14.00000  45.1%  32.8  160s
 466415 207092   14.33333   40   55   25.50000   14.00000  45.1%  32.8  165s
 486407 215402   15.33333   47   30   25.50000   14.00000  45.1%  32.8  171s
 489862 218409   15.33333   48   34   25.50000   14.00000  45.1%  32.8  175s
 511314 227488   17.70150   51   40   25.50000   14.00000  45.1%  32.8  181s
 525405 235008   14.67117   32   40   25.50000   14.00000  45.1%  32.9  185s
 542258 241890   17.33333   49   37   25.50000   14.00000  45.1%  32.9  190s
 558244 248052   14.00000   32   36   25.50000   14.00000  45.1%  32.8  196s
 571378 254124   20.50969   42   28   25.50000   14.00000  45.1%  32.9  201s
 587810 259588   21.33333   58   23   25.50000   14.00000  45.1%  32.9  206s
 603718 265868 infeasible   58        25.50000   14.00000  45.1%  32.9  211s
 613532 270783   19.06531   44   36   25.50000   14.00000  45.1%  32.9  215s
 626169 278695   14.00000   48   35   25.50000   14.00000  45.1%  32.9  220s
 642807 286111   14.50901   42   45   25.50000   14.00000  45.1%  32.9  225s
 659217 292380     cutoff   51        25.50000   14.00000  45.1%  32.9  230s
 666230 306330   14.40901   42   48   25.50000   14.00000  45.1%  32.9  238s
 703155 310706   16.00000   46   24   25.50000   14.00000  45.1%  32.9  241s
 713045 316465   20.66667   38   40   25.50000   14.00000  45.1%  33.0  245s
 728643 323219   15.19807   52   49   25.50000   14.00000  45.1%  33.0  251s
 742524 331482   16.68225   42   53   25.50000   14.00000  45.1%  33.0  256s
 754219 335031 infeasible   54        25.50000   14.00000  45.1%  33.0  260s
 774858 342623   24.12655   57   33   25.50000   14.00000  45.1%  33.0  265s
 789988 350651   23.56414   57   35   25.50000   14.00000  45.1%  33.1  271s
 802124 354721   19.50000   51   25   25.50000   14.00000  45.1%  33.1  275s
 818552 362920   24.05581   54   25   25.50000   14.00000  45.1%  33.1  281s
 832051 371026 infeasible   64        25.50000   14.00000  45.1%  33.1  286s
 841872 372420 infeasible   64        25.50000   14.00000  45.1%  33.1  290s
 853812 379743   17.81718   41   31   25.50000   14.00000  45.1%  33.1  295s
 865872 383230   15.07934   39   55   25.50000   14.00000  45.1%  33.1  300s
 878976 390114   18.17556   38   45   25.50000   14.00000  45.1%  33.1  305s
 895682 396141     cutoff   52        25.50000   14.00000  45.1%  33.1  310s
 907336 402571 infeasible   46        25.50000   14.00000  45.1%  33.1  315s
 923406 409195     cutoff   47        25.50000   14.00000  45.1%  33.1  320s
 939103 416705   22.00000   38   34   25.50000   14.00000  45.1%  33.1  325s
 956236 422838   14.96190   37   52   25.50000   14.00000  45.1%  33.1  330s
 970998 430172   19.53488   53   42   25.50000   14.00000  45.1%  33.1  335s
 983861 437575 infeasible   47        25.50000   14.00000  45.1%  33.2  341s
 1000553 443923   15.97594   43   51   25.50000   14.00000  45.1%  33.2  345s
 1011837 449801   24.24712   50   29   25.50000   14.00000  45.1%  33.2  350s
 1025502 455847   15.34667   52   30   25.50000   14.00000  45.1%  33.2  355s
 1040248 460831   14.66667   31   55   25.50000   14.00000  45.1%  33.2  360s
 1054282 467202   14.33333   42   46   25.50000   14.00000  45.1%  33.2  365s
 1071924 474452     cutoff   48        25.50000   14.00000  45.1%  33.2  370s
 1086944 482232   24.01947   49   34   25.50000   14.00000  45.1%  33.2  375s
 1105052 488877   15.33333   43   30   25.50000   14.00000  45.1%  33.2  380s
 1113586 491832   19.16667   46   54   25.50000   14.00000  45.1%  33.3  385s
 1130236 500157   14.50496   45   46   25.50000   14.00000  45.1%  33.3  391s
 1145897 507590   24.85275   58   33   25.50000   14.00000  45.1%  33.3  396s
 1162603 513557   18.38153   50   26   25.50000   14.00000  45.1%  33.3  401s
 1171273 516436   16.83778   44   37   25.50000   14.00000  45.1%  33.3  406s
 1182371 522559   20.01082   55   30   25.50000   14.00000  45.1%  33.3  411s
 1197098 529749   14.33333   39   43   25.50000   14.00000  45.1%  33.3  416s
 1213833 537381   15.50000   46   36   25.50000   14.00000  45.1%  33.4  421s
 1222789 542607   21.33333   50   32   25.50000   14.00000  45.1%  33.4  425s
 1230869 551380   15.33333   50   40   25.50000   14.00000  45.1%  33.4  430s
 1253387 557482   20.60780   42   48   25.50000   14.00000  45.1%  33.4  435s
 1262724 572020   23.16667   54   27   25.50000   14.00000  45.1%  33.5  442s
 1298810 573983 infeasible   57        25.50000   14.00000  45.1%  33.5  447s
 1308399 578609   23.40768   47   28   25.50000   14.00000  45.1%  33.5  451s
 1318509 583807     cutoff   49        25.50000   14.00000  45.1%  33.5  456s
 1331492 592208   23.68000   55   20   25.50000   14.00000  45.1%  33.6  461s
 1348689 598267   21.84222   62   29   25.50000   14.00000  45.1%  33.6  466s
 1356130 602056     cutoff   38        25.50000   14.00000  45.1%  33.6  470s
 1370927 609656   14.83333   47   45   25.50000   14.00000  45.1%  33.6  475s
 1384550 614433   24.33333   50   21   25.50000   14.00000  45.1%  33.6  480s
 1399179 619741   22.51333   46   14   25.50000   14.00000  45.1%  33.7  485s
 1414473 627552   22.99159   48   42   25.50000   14.00000  45.1%  33.7  490s
 1427439 636936   23.16667   49   27   25.50000   14.00000  45.1%  33.7  495s
 1444962 642517   23.00222   47   31   25.50000   14.00000  45.1%  33.7  500s
 1460223 648863 infeasible   54        25.50000   14.00000  45.1%  33.7  506s
 1466545 654355   21.50000   54   30   25.50000   14.00000  45.1%  33.7  510s
 1488554 667415   22.44162   36   27   25.50000   14.00000  45.1%  33.8  517s
 1505924 668923   14.00000   32   73   25.50000   14.00000  45.1%  33.8  522s
 1511903 673516   14.00000   49   44   25.50000   14.00000  45.1%  33.8  526s
 1519458 680652   18.63333   52   35   25.50000   14.00000  45.1%  33.8  530s
 1538628 686238   14.16667   41   29   25.50000   14.00000  45.1%  33.8  536s
 1554310 693457   22.42262   62   27   25.50000   14.00000  45.1%  33.8  541s
 1562737 699473   25.00000   44   27   25.50000   14.00000  45.1%  33.8  545s
 1580403 707590   21.01878   64   29   25.50000   14.00000  45.1%  33.8  550s
 1592463 710908   19.66673   47   39   25.50000   14.00000  45.1%  33.8  556s
 1600839 715232   21.51671   46   48   25.50000   14.00000  45.1%  33.8  560s
 1617196 722052   16.19364   42   48   25.50000   14.00000  45.1%  33.9  565s
 1631617 730588   20.12685   56   33   25.50000   14.00000  45.1%  33.9  570s
 1649363 735564   23.53991   49   28   25.50000   14.00000  45.1%  33.9  576s
 1661547 742228     cutoff   52        25.50000   14.00000  45.1%  33.9  581s
 1669085 746752   14.52690   46   54   25.50000   14.00000  45.1%  33.9  585s
 1688967 752610   16.50901   51   40   25.50000   14.00000  45.1%  33.9  591s
 1698457 759727   16.16667   47   35   25.50000   14.00000  45.1%  33.9  596s
 1712151 763708   16.68781   44   23   25.50000   14.00000  45.1%  33.9  600s

Cutting planes:
  Learned: 54
  Gomory: 23
  Cover: 97
  Implied bound: 30
  Clique: 30
  MIR: 197
  StrongCG: 5
  Flow cover: 476
  Inf proof: 7
  Zero half: 2
  RLT: 16
  Relax-and-lift: 89

Explored 1712190 nodes (58054267 simplex iterations) in 600.01 seconds
Thread count was 32 (of 64 available processors)

Solution count 10: 25.5 28 28.6667 ... 41

Time limit reached
Best objective 2.549999999133e+01, best bound 1.400000000000e+01, gap 45.0980%
