
Gurobi 9.1.2 (linux64) logging started Wed Mar 30 00:19:22 2022

Changed value of parameter LogFile to atlanta_v-N10.log
   Prev:   Default: 
Changed value of parameter MIPFocus to 1
   Prev: 0  Min: 0  Max: 3  Default: 0
Changed value of parameter TimeLimit to 600.0
   Prev: inf  Min: 0.0  Max: inf  Default: inf
Warning: variables 0 and 74 have the same name "X[N6,N1]"
Warning: linear constraint 96 and linear constraint 97 have the same name "weight-constr-t5"
Warning: to let Gurobi read it back, use rlp format
Gurobi Optimizer version 9.1.2 build v9.1.2rc0 (linux64)
Thread count: 32 physical cores, 64 logical processors, using up to 32 threads
Optimize a model with 518 rows, 444 columns and 1500 nonzeros
Model fingerprint: 0x2bfa0952
Variable types: 90 continuous, 354 integer (354 binary)
Coefficient statistics:
  Matrix range     [1e+00, 1e+06]
  Objective range  [2e-01, 2e-01]
  Bounds range     [1e+00, 5e+05]
  RHS range        [1e+00, 1e+06]
Presolve removed 72 rows and 84 columns
Presolve time: 0.00s
Presolved: 446 rows, 360 columns, 2130 nonzeros
Variable types: 78 continuous, 282 integer (276 binary)

Root relaxation: objective 1.400000e+01, 60 iterations, 0.00 seconds

    Nodes    |    Current Node    |     Objective Bounds      |     Work
 Expl Unexpl |  Obj  Depth IntInf | Incumbent    BestBd   Gap | It/Node Time

     0     0   14.00000    0   22          -   14.00000      -     -    0s
H    0     0                     144.9999999   14.00000  90.3%     -    0s
H    0     0                      73.0000000   14.00000  80.8%     -    0s
     0     0   14.00000    0   22   73.00000   14.00000  80.8%     -    0s
H    0     0                      42.0000000   14.00000  66.7%     -    0s
     0     2   14.00000    0    9   42.00000   14.00000  66.7%     -    0s
H   36    62                      41.0000000   14.00000  65.9%  12.9    0s
H   95   126                      32.0000000   14.00000  56.2%  11.0    0s
H   96   126                      30.5000000   14.00000  54.1%  11.0    0s
H   96   126                      28.3333333   14.00000  50.6%  11.0    0s
H  159   190                      28.1666667   14.00000  50.3%  10.4    0s
H  162   190                      27.8333333   14.00000  49.7%  10.3    0s
H  182   190                      27.6666667   14.00000  49.4%  10.0    0s
H  193   235                      27.6666667   14.00000  49.4%  10.0    0s
H  302   458                      27.6666667   14.00000  49.4%   9.1    0s
H  954   835                      27.6666665   14.00000  49.4%   7.3    1s
H 1835  1500                      27.6666665   14.00000  49.4%   6.9    2s
H 3507  2359                      27.6666665   14.00000  49.4%   7.9    2s
H 3551  2282                      27.6666657   14.00000  49.4%   8.8    2s
H 3608  2215                      27.6666656   14.00000  49.4%   9.7    2s
H 3630  2102                      27.6666645   14.00000  49.4%  10.0    2s
H 5045  2451                      27.6666644   14.00000  49.4%  17.2    4s
  7411  2770   23.00000   37   21   27.66666   14.00000  49.4%  20.3    5s
H 8009  2660                      27.6666643   14.00000  49.4%  20.7    5s
H 8062  2729                      27.6666635   14.00000  49.4%  20.8    5s
H 8078  2637                      27.6666633   14.00000  49.4%  20.8    5s
 29916 12556   14.79167   33   44   27.66666   14.00000  49.4%  27.1   10s
 57158 26110   14.66667   35   35   27.66666   14.00000  49.4%  28.2   15s
 98206 45288   15.85417   44   44   27.66666   14.00000  49.4%  28.6   20s
 140858 65462   17.19035   45   54   27.66666   14.00000  49.4%  29.0   25s
 182553 86968   22.00000   45   28   27.66666   14.00000  49.4%  29.6   30s
 219475 105489   23.20759   54   19   27.66666   14.00000  49.4%  29.9   35s
 261768 126612   25.86608   52   35   27.66666   14.00000  49.4%  30.3   40s
 296472 142216   15.16667   49   31   27.66666   14.00000  49.4%  30.5   45s
 323569 156461   26.43182   48   32   27.66666   14.00000  49.4%  30.4   50s
 365486 174308 infeasible   46        27.66666   14.00000  49.4%  30.4   55s
 409451 198696   14.01742   43   81   27.66666   14.00000  49.4%  30.8   60s
 451354 218535   24.54651   62   27   27.66666   14.00000  49.4%  30.8   65s
H455264 218535                      27.6666574   14.00000  49.4%  30.9   65s
 489140 238618   20.26702   58   52   27.66666   14.00000  49.4%  31.0   70s
 523315 254928   20.66667   50   30   27.66666   14.00000  49.4%  31.0   75s
 560124 273834 infeasible   66        27.66666   14.00000  49.4%  31.1   80s
 592828 289565   17.16667   49   46   27.66666   14.00000  49.4%  31.1   85s
 614619 300570     cutoff   42        27.66666   14.00000  49.4%  31.1   90s
 648851 316224   15.29057   45   56   27.66666   14.00000  49.4%  31.2   95s
 686432 334186   18.33333   49   41   27.66666   14.00000  49.4%  31.3  100s
 724083 351750   17.51099   54   38   27.66666   14.00000  49.4%  31.4  105s
 754397 366341   14.00000   34   46   27.66666   14.00000  49.4%  31.4  110s
 782108 382641   27.34164   73   20   27.66666   14.00000  49.4%  31.4  115s
 824674 401895   14.18182   34   68   27.66666   14.00000  49.4%  31.5  120s
 855702 414892   14.73170   39   45   27.66666   14.00000  49.4%  31.5  125s
 869003 434117   19.25000   59   40   27.66666   14.00000  49.4%  31.6  130s
 929040 451527   14.83333   49   50   27.66666   14.00000  49.4%  31.7  135s
 965878 469735   14.00000   45   58   27.66666   14.00000  49.4%  31.8  140s
 1000577 484344   14.39259   47   87   27.66666   14.00000  49.4%  31.8  145s
 1037265 501285   16.74354   60   60   27.66666   14.00000  49.4%  31.8  150s
 1061442 513248   14.00000   51   70   27.66666   14.00000  49.4%  31.9  155s
 1082732 524301   22.33810   56   57   27.66666   14.00000  49.4%  31.9  161s
 1110655 538561   26.68440   74   33   27.66666   14.00000  49.4%  32.0  165s
H1123137 543566                      27.6666368   14.00000  49.4%  32.0  166s
H1126137 547270                      27.6666261   14.00000  49.4%  32.0  167s
 1151459 561188   21.16667   46   23   27.66663   14.00000  49.4%  32.1  170s
 1184317 576474   22.88372   39   20   27.66663   14.00000  49.4%  32.1  175s
 1212892 589752   27.60606   53   20   27.66663   14.00000  49.4%  32.2  180s
 1234680 602517   16.84455   36   42   27.66663   14.00000  49.4%  32.2  185s
 1279672 623056   14.00000   43   61   27.66663   14.00000  49.4%  32.2  190s
 1294517 642380   20.06111   48   31   27.66663   14.00000  49.4%  32.2  196s
 1346503 657047   18.11046   40   66   27.66663   14.00000  49.4%  32.2  200s
 1371387 667342   15.33333   43   47   27.66663   14.00000  49.4%  32.2  205s
 1411079 688546   27.00000   77   13   27.66663   14.00000  49.4%  32.3  210s
 1447933 707950   15.05904   57   61   27.66663   14.00000  49.4%  32.3  215s
 1488028 727390   22.37037   76   48   27.66663   14.00000  49.4%  32.3  220s
 1520053 747191 infeasible   69        27.66663   14.00000  49.4%  32.3  225s
 1563064 761931   24.16667   53   22   27.66663   14.00000  49.4%  32.3  230s
 1597677 777046   15.02273   44   67   27.66663   14.00000  49.4%  32.3  235s
 1636208 797489   14.15216   50   77   27.66663   14.00000  49.4%  32.4  240s
 1675793 816570   15.33642   61   46   27.66663   14.00000  49.4%  32.4  245s
 1708167 834777   20.00000   58   42   27.66663   14.00000  49.4%  32.4  251s
 1743311 848596   14.00000   44   61   27.66663   14.00000  49.4%  32.4  255s
 1777506 864123   24.70578   71   26   27.66663   14.00000  49.4%  32.4  260s
 1806396 876248   18.66789   50   68   27.66663   14.00000  49.4%  32.4  265s
 1840277 889961   21.83333   55   37   27.66663   14.00000  49.4%  32.4  271s
 1872104 908196   22.00000   62   26   27.66663   14.00000  49.4%  32.4  275s
 1895237 917329   14.01515   45   59   27.66663   14.00000  49.4%  32.4  280s
 1921933 928230   14.00000   49   71   27.66663   14.00000  49.4%  32.4  285s
 1961263 948602   24.33333   62   18   27.66663   14.00000  49.4%  32.5  290s
 1993849 968387   21.66667   70   29   27.66663   14.00000  49.4%  32.5  295s
 2036255 982670   15.00000   42   48   27.66663   14.00000  49.4%  32.5  300s
 2076872 999250   14.43122   55   71   27.66663   14.00000  49.4%  32.5  305s
 2103439 1012902   20.16667   60   26   27.66663   14.00000  49.4%  32.5  310s
 2135924 1027713     cutoff   57        27.66663   14.00000  49.4%  32.5  315s
 2175747 1040123   22.56673   41   37   27.66663   14.00000  49.4%  32.5  320s
 2196789 1050921     cutoff   51        27.66663   14.00000  49.4%  32.5  325s
 2233854 1067590   23.77064   75   27   27.66663   14.00000  49.4%  32.5  330s
 2254022 1076781   14.66667   50   61   27.66663   14.00000  49.4%  32.5  335s
 2279695 1087020   20.09870   68   54   27.66663   14.00000  49.4%  32.5  340s
 2317103 1105248   19.00000   51   28   27.66663   14.00000  49.4%  32.5  345s
 2340918 1116746   22.16667   65   37   27.66663   14.00000  49.4%  32.4  350s
 2386949 1135253 infeasible   67        27.66663   14.00000  49.4%  32.4  355s
 2416420 1149972   15.18250   64   64   27.66663   14.00000  49.4%  32.4  360s
 2453097 1164673   14.03745   37   52   27.66663   14.00000  49.4%  32.4  366s
 2474473 1176863   20.33333   73   33   27.66663   14.00000  49.4%  32.4  370s
 2516733 1196890   18.83527   53   49   27.66663   14.00000  49.4%  32.4  375s
 2555187 1212886   22.16667   52   31   27.66663   14.00000  49.4%  32.4  380s
 2597498 1232013   18.00000   49   44   27.66663   14.00000  49.4%  32.4  385s
 2635306 1249966   26.59763   65   41   27.66663   14.00000  49.4%  32.4  390s
 2665275 1263248   14.00000   51   68   27.66663   14.00000  49.4%  32.4  395s
 2708618 1279530   20.50758   55   39   27.66663   14.00000  49.4%  32.4  400s
 2736289 1295700   19.33333   62   53   27.66663   14.00000  49.4%  32.4  405s
 2770868 1310445   14.83333   50   53   27.66663   14.00000  49.4%  32.4  410s
 2809361 1327984   23.63846   52   42   27.66663   14.00000  49.4%  32.4  415s
 2841700 1339360   14.00000   41   43   27.66663   14.00000  49.4%  32.4  420s
 2885469 1361061     cutoff   62        27.66663   14.00000  49.4%  32.4  425s
 2921483 1379404   17.61550   57   65   27.66663   14.00000  49.4%  32.4  430s
 2961021 1397065   15.20184   64   60   27.66663   14.00000  49.4%  32.4  435s
 2985757 1407248   18.54743   55   56   27.66663   14.00000  49.4%  32.4  440s
 3018952 1423254 infeasible   72        27.66663   14.00000  49.4%  32.4  445s
 3051347 1439648   14.00000   45   60   27.66663   14.00000  49.4%  32.4  450s
 3086349 1457357   16.83333   42   40   27.66663   14.00000  49.4%  32.4  455s
 3119897 1472574     cutoff   56        27.66663   14.00000  49.4%  32.4  460s
 3155041 1489348   14.00758   32   58   27.66663   14.00000  49.4%  32.4  465s
 3183297 1499292 infeasible   62        27.66663   14.00000  49.4%  32.4  470s
 3221862 1517215   15.52489   44   46   27.66663   14.00000  49.4%  32.4  475s
 3254049 1537551     cutoff   45        27.66663   14.00000  49.4%  32.4  480s
 3296417 1551970     cutoff   40        27.66663   14.00000  49.4%  32.3  485s
 3331841 1569122     cutoff   50        27.66663   14.00000  49.4%  32.3  490s
 3366393 1586735   14.06818   56   58   27.66663   14.00000  49.4%  32.4  495s
 3393273 1599970   14.16667   41   81   27.66663   14.00000  49.4%  32.4  500s
 3414826 1611314   15.17210   56   61   27.66663   14.00000  49.4%  32.4  505s
 3460041 1628220   17.68074   61   59   27.66663   14.00000  49.4%  32.4  510s
 3496770 1645221   16.34091   45   35   27.66663   14.00000  49.4%  32.4  515s
 3524997 1656890   19.03060   63   51   27.66663   14.00000  49.4%  32.4  520s
 3539218 1664825   25.16667   74   29   27.66663   14.00000  49.4%  32.4  525s
 3580310 1681722     cutoff   72        27.66663   14.00000  49.4%  32.4  530s
 3620842 1698501   21.51506   66   61   27.66663   14.00000  49.4%  32.3  535s
 3658495 1717363   20.68254   58   29   27.66663   14.00000  49.4%  32.3  540s
 3691210 1731692   24.83333   54   32   27.66663   14.00000  49.4%  32.3  545s
 3727448 1749215 infeasible   44        27.66663   14.00000  49.4%  32.3  550s
 3770594 1770047     cutoff   69        27.66663   14.00000  49.4%  32.3  555s
 3802181 1787143   17.53658   62   42   27.66663   14.00000  49.4%  32.3  560s
 3829556 1800010   19.69823   72   36   27.66663   14.00000  49.4%  32.3  565s
 3871936 1818516   14.04293   57   65   27.66663   14.00000  49.4%  32.3  570s
 3909406 1838559   23.16667   56   28   27.66663   14.00000  49.4%  32.3  575s
 3954305 1860431   16.84263   44   41   27.66663   14.00000  49.4%  32.3  580s
 3988532 1872718   23.51111   65   22   27.66663   14.00000  49.4%  32.3  585s
 4017652 1886725     cutoff   78        27.66663   14.00000  49.4%  32.3  590s
 4040569 1903094   18.16667   48   28   27.66663   14.00000  49.4%  32.3  596s
 4086110 1915070     cutoff   66        27.66663   14.00000  49.4%  32.3  600s

Cutting planes:
  Learned: 65
  Gomory: 18
  Cover: 72
  Implied bound: 33
  Clique: 27
  MIR: 189
  Flow cover: 400
  GUB cover: 3
  Inf proof: 2
  RLT: 17
  Relax-and-lift: 97

Cleanup yields a better solution

Explored 4086153 nodes (132004303 simplex iterations) in 600.01 seconds
Thread count was 32 (of 64 available processors)

Solution count 10: 27.6666 27.6667 27.6667 ... 27.8333

Time limit reached
Best objective 2.733329988938e+01, best bound 1.400000000000e+01, gap 48.7804%
