
Gurobi 9.1.2 (linux64) logging started Wed Mar 30 00:09:17 2022

Changed value of parameter LogFile to atlanta_v-N14.log
   Prev:   Default: 
Changed value of parameter MIPFocus to 1
   Prev: 0  Min: 0  Max: 3  Default: 0
Changed value of parameter TimeLimit to 600.0
   Prev: inf  Min: 0.0  Max: inf  Default: inf
Warning: variables 0 and 74 have the same name "X[N6,N1]"
Warning: linear constraint 96 and linear constraint 97 have the same name "weight-constr-t5"
Warning: to let Gurobi read it back, use rlp format
Gurobi Optimizer version 9.1.2 build v9.1.2rc0 (linux64)
Thread count: 32 physical cores, 64 logical processors, using up to 32 threads
Optimize a model with 518 rows, 444 columns and 1500 nonzeros
Model fingerprint: 0x7d4df0a3
Variable types: 90 continuous, 354 integer (354 binary)
Coefficient statistics:
  Matrix range     [1e+00, 1e+06]
  Objective range  [2e-01, 2e-01]
  Bounds range     [1e+00, 5e+05]
  RHS range        [1e+00, 1e+06]
Presolve removed 66 rows and 78 columns
Presolve time: 0.00s
Presolved: 452 rows, 366 columns, 2202 nonzeros
Variable types: 78 continuous, 288 integer (282 binary)

Root relaxation: objective 1.400000e+01, 60 iterations, 0.00 seconds

    Nodes    |    Current Node    |     Objective Bounds      |     Work
 Expl Unexpl |  Obj  Depth IntInf | Incumbent    BestBd   Gap | It/Node Time

     0     0   14.00000    0   16          -   14.00000      -     -    0s
H    0     0                      40.6666667   14.00000  65.6%     -    0s
     0     0   14.00000    0   18   40.66667   14.00000  65.6%     -    0s
     0     0   14.00000    0   18   40.66667   14.00000  65.6%     -    0s
H    0     0                      40.6666667   14.00000  65.6%     -    0s
     0     2   14.00000    0   12   40.66667   14.00000  65.6%     -    0s
H    1     4                      36.1666667   14.00000  61.3%   156    0s
H    2     4                      34.8333333   14.00000  59.8%  82.0    0s
H   31    58                      34.6666667   14.00000  59.6%  15.3    0s
H   31    58                      34.5000000   14.00000  59.4%  15.3    0s
H   51    58                      33.5000000   14.00000  58.2%  12.5    0s
H   58    58                      32.4166667   14.00000  56.8%  12.9    0s
H   94   112                      31.7916667   14.00000  56.0%  10.7    0s
H   96   112                      30.1666667   14.00000  53.6%  10.7    0s
H  122   112                      30.0000000   14.00000  53.3%  10.0    0s
H  161   168                      29.8333333   14.00000  53.1%   9.0    0s
H  193   209                      29.6666667   14.00000  52.8%   8.9    0s
H  308   354                      29.3333333   14.00000  52.3%   8.2    0s
H 2169  1677                      29.3333333   14.00000  52.3%   7.0    1s
H 2173  1677                      29.0000000   14.00000  51.7%   6.9    1s
H 2311  2256                      29.0000000   14.00000  51.7%   6.9    1s
H 3123  2260                      28.9999963   14.00000  51.7%  12.0    3s
H 3207  2205                      28.9999958   14.00000  51.7%  12.9    3s
  3379  2264   16.75258   32   45   29.00000   14.00000  51.7%  14.6    5s
 10142  4737   27.33333   46   14   29.00000   14.00000  51.7%  26.6   10s
 14495  6172   21.50000   36   28   29.00000   14.00000  51.7%  26.8   15s
 19652  9574   21.50000   64   30   29.00000   14.00000  51.7%  28.3   20s
 28179 15455   17.44134   37   30   29.00000   14.00000  51.7%  29.0   25s
 44404 22998     cutoff   73        29.00000   14.00000  51.7%  29.9   31s
 53325 28748   23.83508   51   22   29.00000   14.00000  51.7%  30.1   36s
 70966 38956   16.20016   35   34   29.00000   14.00000  51.7%  29.8   40s
 82482 43561   20.86364   43   38   29.00000   14.00000  51.7%  29.6   45s
 99346 54827     cutoff   52        29.00000   14.00000  51.7%  29.5   50s
 113486 63755   15.34864   61   50   29.00000   14.00000  51.7%  29.7   55s
 126588 77862   26.16667   55    8   29.00000   14.00000  51.7%  29.7   61s
 153151 84191   17.60985   43   53   29.00000   14.00000  51.7%  29.4   65s
 159649 102321   19.16667   60   27   29.00000   14.00000  51.7%  29.4   72s
 198742 106780   26.86717   69   18   29.00000   14.00000  51.7%  29.2   76s
 205681 112661   14.16667   42   43   29.00000   14.00000  51.7%  29.1   80s
 211563 115956   23.16667   62   27   29.00000   14.00000  51.7%  29.1   85s
 236228 126210   15.50000   48   36   29.00000   14.00000  51.7%  29.0   90s
 249815 136724   14.50694   34   33   29.00000   14.00000  51.7%  29.0   95s
 263348 143527   28.03582   53   36   29.00000   14.00000  51.7%  28.9  100s
 279015 150006     cutoff   57        29.00000   14.00000  51.7%  28.9  106s
 288378 159081   26.12500   47   24   29.00000   14.00000  51.7%  28.7  111s
 302587 161183     cutoff   75        29.00000   14.00000  51.7%  28.6  115s
 315352 167091   17.77586   59   26   29.00000   14.00000  51.7%  28.5  120s
 329332 175001     cutoff   38        29.00000   14.00000  51.7%  28.6  125s
 347367 185315   21.83333   45   40   29.00000   14.00000  51.7%  28.9  131s
 357379 195145   16.04492   48   58   29.00000   14.00000  51.7%  29.1  135s
 372119 200085   14.00000   43   61   29.00000   14.00000  51.7%  29.1  140s
H385203 207030                      28.9998730   14.00000  51.7%  29.2  144s
 385405 212625   14.83333   40   40   28.99987   14.00000  51.7%  29.2  146s
H387092 212625                      28.9998728   14.00000  51.7%  29.2  146s
 400692 217493   15.50000   53   41   28.99987   14.00000  51.7%  29.2  150s
 414943 229649   14.22666   40   65   28.99987   14.00000  51.7%  29.2  155s
H427558 229766                      28.9998728   14.00000  51.7%  29.3  156s
 432707 235613   14.50709   48   46   28.99987   14.00000  51.7%  29.3  161s
 449124 241895   20.33333   53   24   28.99987   14.00000  51.7%  29.4  165s
 463112 248780   21.66667   41   45   28.99987   14.00000  51.7%  29.4  170s
 483467 259634   14.00000   36   47   28.99987   14.00000  51.7%  29.3  176s
 498045 266075   21.27273   43   16   28.99987   14.00000  51.7%  29.2  180s
 514905 274755   14.00000   34   54   28.99987   14.00000  51.7%  29.3  186s
 523707 279781     cutoff   66        28.99987   14.00000  51.7%  29.3  190s
 533088 284271   14.00000   45   55   28.99987   14.00000  51.7%  29.2  196s
 543509 290759   15.66667   43   46   28.99987   14.00000  51.7%  29.3  200s
 562122 302266   22.00925   44   59   28.99987   14.00000  51.7%  29.4  205s
 577030 309651   19.96164   43   57   28.99987   14.00000  51.7%  29.3  211s
 591382 317918   28.50000   48   16   28.99987   14.00000  51.7%  29.3  215s
 607937 326396   14.50054   48   46   28.99987   14.00000  51.7%  29.4  221s
 616636 331837   28.43067   60   18   28.99987   14.00000  51.7%  29.4  225s
 631328 340656   24.50351   39   34   28.99987   14.00000  51.7%  29.4  230s
 632369 356499   25.00000   40   27   28.99987   14.00000  51.7%  29.4  236s
 670095 363141   21.58704   78   35   28.99987   14.00000  51.7%  29.4  240s
 683025 370386   28.01389   69   29   28.99987   14.00000  51.7%  29.4  245s
 691370 375197   14.06061   48   54   28.99987   14.00000  51.7%  29.4  250s
 710719 382164 infeasible   58        28.99987   14.00000  51.7%  29.4  255s
 728981 394192     cutoff   56        28.99987   14.00000  51.7%  29.3  261s
 739646 398567   17.50000   58   22   28.99987   14.00000  51.7%  29.3  265s
 751050 404364   18.00000   35   45   28.99987   14.00000  51.7%  29.3  270s
 758097 414155   20.66667   73   16   28.99987   14.00000  51.7%  29.3  276s
 780918 421322   19.83333   54   17   28.99987   14.00000  51.7%  29.3  280s
 798729 431189   14.02965   29   77   28.99987   14.00000  51.7%  29.3  286s
 815035 437032   15.54399   48   67   28.99987   14.00000  51.7%  29.3  291s
 815452 455255   14.67821   49   64   28.99987   14.00000  51.7%  29.3  297s
 852502 457745   17.41321   49   50   28.99987   14.00000  51.7%  29.2  300s
 861075 464727   18.19007   56   33   28.99987   14.00000  51.7%  29.2  305s
 873576 468838   18.50000   60   16   28.99987   14.00000  51.7%  29.2  310s
 888030 478359     cutoff   49        28.99987   14.02450  51.6%  29.2  315s
 903782 484423   17.04356   52   46   28.99987   14.06770  51.5%  29.1  320s
 918248 491062   15.83333   49   32   28.99987   14.08511  51.4%  29.0  326s
 921597 494932   14.16667   52   78   28.99987   14.08851  51.4%  29.0  330s
 932404 501483   27.00000   41   28   28.99987   14.09091  51.4%  29.0  335s
 947826 507377   18.33893   49   35   28.99987   14.11364  51.3%  28.9  340s
 964649 517307   17.83857   46   25   28.99987   14.16667  51.1%  28.8  345s
 987380 528438   14.33333   48   53   28.99987   14.16667  51.1%  28.8  350s
 1011093 540160   14.16674   50   44   28.99987   14.16667  51.1%  28.7  355s
 1031469 553937   16.66667   44   34   28.99987   14.16667  51.1%  28.7  361s
 1056731 565223   15.33333   57   41   28.99987   14.16667  51.1%  28.7  365s
 1081197 576214   18.50000   55   25   28.99987   14.16667  51.1%  28.6  370s
 1103094 587217   24.66667   67   26   28.99987   14.16667  51.1%  28.5  375s
 1121840 596539     cutoff   44        28.99987   14.16667  51.1%  28.5  380s
 1145533 607612   16.02606   41   64   28.99987   14.16667  51.1%  28.4  385s
 1168411 619713   27.38891   55   14   28.99987   14.16667  51.1%  28.4  390s
 1187269 631044   17.00000   52   27   28.99987   14.16667  51.1%  28.3  395s
 1217354 644624   14.44697   45   61   28.99987   14.16667  51.1%  28.2  400s
 1240870 655597     cutoff   45        28.99987   14.16667  51.1%  28.2  405s
 1261727 667720   15.33333   46   42   28.99987   14.16667  51.1%  28.2  411s
 1281398 679840   14.66720   27   60   28.99987   14.16667  51.1%  28.2  416s
 1299924 689860   15.16667   45   32   28.99987   14.16667  51.1%  28.1  420s
 1324552 702591   14.16667   49   47   28.99987   14.16667  51.1%  28.1  425s
 1340757 711025   16.33333   54   44   28.99987   14.16667  51.1%  28.1  430s
 1363213 724143   20.74882   62   40   28.99987   14.16667  51.1%  28.1  435s
 1386360 736616   16.00000   52   37   28.99987   14.16667  51.1%  28.1  441s
 1405648 747927     cutoff   60        28.99987   14.16667  51.1%  28.1  445s
 1428291 760345     cutoff   45        28.99987   14.16667  51.1%  28.1  450s
 1449370 773349   15.83333   49   26   28.99987   14.16667  51.1%  28.1  456s
 1467460 781101   27.69811   63   41   28.99987   14.16667  51.1%  28.1  460s
 1490121 794346   15.83333   55   27   28.99987   14.16667  51.1%  28.1  465s
 1513056 807095 infeasible   62        28.99987   14.16667  51.1%  28.0  470s
 1536188 818971     cutoff   51        28.99987   14.16667  51.1%  28.0  476s
 1552545 828802   18.49570   52   57   28.99987   14.16667  51.1%  28.0  480s
 1574865 839373   15.00000   51   31   28.99987   14.16667  51.1%  28.0  485s
 1598518 851428   14.69697   42   46   28.99987   14.16667  51.1%  28.0  490s
 1621974 862518   27.16667   58   39   28.99987   14.16667  51.1%  27.9  495s
 1641577 873558   24.66667   69   25   28.99987   14.16667  51.1%  27.9  500s
 1664807 885200   16.00000   55   24   28.99987   14.16667  51.1%  27.9  505s
 1687338 897563   15.33333   37   56   28.99987   14.16667  51.1%  27.9  510s
 1706360 909013   26.53704   75   27   28.99987   14.16667  51.1%  27.9  515s
 1729947 921223   19.33333   56   51   28.99987   14.16667  51.1%  27.9  520s
 1754106 933797   27.00000   47   38   28.99987   14.16667  51.1%  27.9  526s
 1772226 940640   14.50569   48   54   28.99987   14.16667  51.1%  27.9  530s
 1796759 952654   14.40436   45   41   28.99987   14.16667  51.1%  27.8  535s
 1816856 963434   26.61008   60   16   28.99987   14.16667  51.1%  27.8  540s
 1840546 975243   18.45951   50   31   28.99987   14.16667  51.1%  27.8  545s
 1856838 983496   14.50000   44   59   28.99987   14.16667  51.1%  27.8  550s
 1868226 992205   17.00000   42   30   28.99987   14.16667  51.1%  27.8  555s
 1890331 1003444   17.27778   75   41   28.99987   14.16667  51.1%  27.8  561s
 1913571 1016071   18.26621   74   44   28.99987   14.16667  51.1%  27.8  566s
 1931283 1024551     cutoff   56        28.99987   14.16667  51.1%  27.8  570s
 1953560 1037049   14.81532   42   60   28.99987   14.16667  51.1%  27.8  575s
 1973546 1049539   18.00000   53   21   28.99987   14.16667  51.1%  27.8  580s
 1995253 1060700   28.50000   63    9   28.99987   14.16667  51.1%  27.8  585s
 2017454 1071357 infeasible   50        28.99987   14.16667  51.1%  27.8  590s
 2043559 1086020   14.26997   42   41   28.99987   14.16667  51.1%  27.8  596s
 2058797 1094091   16.50000   60   41   28.99987   14.16667  51.1%  27.8  600s

Cutting planes:
  Learned: 70
  Gomory: 19
  Cover: 73
  Implied bound: 28
  Clique: 28
  MIR: 242
  StrongCG: 3
  Flow cover: 395
  GUB cover: 1
  Inf proof: 4
  RLT: 110
  Relax-and-lift: 87

Cleanup yields a better solution

Explored 2064944 nodes (57361038 simplex iterations) in 600.04 seconds
Thread count was 32 (of 64 available processors)

Solution count 10: 28.9999 29 29 ... 30.1667

Time limit reached
Best objective 2.761188749335e+01, best bound 1.416666666667e+01, gap 48.6936%
