
Gurobi 9.1.2 (linux64) logging started Wed Mar 30 03:50:00 2022

Changed value of parameter LogFile to cost226_v-Zagreb.log
   Prev:   Default: 
Changed value of parameter MIPFocus to 1
   Prev: 0  Min: 0  Max: 3  Default: 0
Changed value of parameter TimeLimit to 600.0
   Prev: inf  Min: 0.0  Max: inf  Default: inf
Warning: variables 0 and 188 have the same name "X[Brussels,Amste...]"
Warning: linear constraint 228 and linear constraint 229 have the same name "weight-constr-t5"
Warning: to let Gurobi read it back, use rlp format
Gurobi Optimizer version 9.1.2 build v9.1.2rc0 (linux64)
Thread count: 32 physical cores, 64 logical processors, using up to 32 threads
Optimize a model with 1344 rows, 1128 columns and 3942 nonzeros
Model fingerprint: 0xcf8cc854
Variable types: 222 continuous, 906 integer (906 binary)
Coefficient statistics:
  Matrix range     [1e+00, 1e+06]
  Objective range  [2e-01, 2e-01]
  Bounds range     [1e+00, 5e+05]
  RHS range        [1e+00, 1e+06]
Presolve removed 96 rows and 114 columns
Presolve time: 0.01s
Presolved: 1248 rows, 1014 columns, 6276 nonzeros
Variable types: 216 continuous, 798 integer (798 binary)

Root relaxation: objective 3.600000e+01, 176 iterations, 0.00 seconds

    Nodes    |    Current Node    |     Objective Bounds      |     Work
 Expl Unexpl |  Obj  Depth IntInf | Incumbent    BestBd   Gap | It/Node Time

     0     0   36.00000    0   46          -   36.00000      -     -    0s
     0     0   36.00000    0   55          -   36.00000      -     -    0s
     0     0   36.00000    0   55          -   36.00000      -     -    0s
H    0     0                     543.1666661   36.00000  93.4%     -    0s
     0     0   36.00000    0   33  543.16667   36.00000  93.4%     -    0s
H    0     0                     542.1666665   36.00000  93.4%     -    0s
H    0     0                     350.1666666   36.00000  89.7%     -    0s
H    0     0                     349.8333332   36.00000  89.7%     -    0s
     0     0   36.00000    0   29  349.83333   36.00000  89.7%     -    0s
     0     0   36.00000    0   33  349.83333   36.00000  89.7%     -    0s
     0     0   36.00000    0   20  349.83333   36.00000  89.7%     -    0s
     0     0   36.00000    0   20  349.83333   36.00000  89.7%     -    0s
H    0     0                     349.1665866   36.00000  89.7%     -    0s
H    0     0                     190.0000000   36.00000  81.1%     -    0s
     0     2   36.00000    0   20  190.00000   36.00000  81.1%     -    0s
H    5     8                     189.6666667   36.00000  81.0%  36.8    0s
H   36    64                     187.8333333   36.00000  80.8%  14.2    0s
H   95   124                     187.5000000   36.00000  80.8%   9.8    1s
H   99   124                     182.8333333   36.00000  80.3%   9.4    1s
H  103   124                     157.6666667   36.00000  77.2%   9.3    1s
H  105   124                     154.3333333   36.00000  76.7%   9.5    1s
H  127   152                     151.1666667   36.00000  76.2%   9.1    1s
H  159   184                     150.6666667   36.00000  76.1%   8.7    2s
H  160   184                     150.3333332   36.00000  76.1%   8.8    2s
H  163   184                     149.0000000   36.00000  75.8%   8.7    2s
H  174   184                     148.3333333   36.00000  75.7%   8.9    2s
H  207   235                     148.3333333   36.00000  75.7%   8.5    2s
H  225   235                     148.1666667   36.00000  75.7%   8.2    2s
H  466   480                     140.8333333   36.00000  74.4%   6.9    3s
H  486   480                     140.6666667   36.00000  74.4%   6.9    3s
H  500  1356                     139.6666667   36.00000  74.2%   6.9    3s
H  760  1356                     138.3333333   36.00000  74.0%   7.3    3s
H 4025  5110                     138.0000000   36.00000  73.9%   6.4    4s
  5710  5139   52.33333   51   21  138.00000   36.00000  73.9%   6.3    5s
H 5722  5126                     126.1666667   36.00000  71.5%   6.3    5s
H 7007  6486                     126.1666666   36.00000  71.5%   6.3    5s
H 7428  6490                     122.0000000   36.00000  70.5%   6.4    6s
H 7429  6490                     122.0000000   36.00000  70.5%   6.4    6s
H 7431  6477                     121.0000000   36.00000  70.2%   6.4    6s
H 7451  6464                     119.5000000   36.00000  69.9%   6.4    6s
H 7461  6428                     116.3332926   36.00000  69.1%   6.4    6s
H 7463  6103                     116.1666667   36.00000  69.0%   6.4    7s
H 7466  5800                     116.0000000   36.00000  69.0%   6.4    7s
H 7466  5510                     115.9999980   36.00000  69.0%   6.4    7s
H 7469  5236                     115.8333333   36.00000  68.9%   6.4    7s
H 7474  4979                     115.6666667   36.00000  68.9%   7.8    7s
H 7657  4873                     115.6664030   36.00000  68.9%   9.1    8s
H 7665  4633                     114.5000000   36.00000  68.6%   9.1    8s
H 7691  4464                     114.3333333   36.00000  68.5%   9.2    9s
H 7753  4294                     112.3333333   36.00000  68.0%   9.3    9s
H 7811  4103                     112.0000000   36.00000  67.9%   9.4    9s
  7844  4124   36.00000   24  146  112.00000   36.00000  67.9%   9.5   12s
H 7849  3929                     112.0000000   36.00000  67.9%   9.5   12s
H 7877  3769                     111.9999954   36.00000  67.9%   9.6   12s
H 8014  3674                     111.9999950   36.00000  67.9%   9.8   14s
 12874  6642   40.00000  108  115  112.00000   36.00000  67.9%  15.0   15s
H14102  7315                     111.9999949   36.00000  67.9%  16.1   16s
H17400  9265                     111.9999904   36.00000  67.9%  18.3   16s
H17636  9265                     111.9999902   36.00000  67.9%  18.3   16s
H17932  9265                     111.9999902   36.00000  67.9%  18.4   16s
H19516 10091                     111.9999901   36.00000  67.9%  19.2   17s
H19909 10091                     111.9999901   36.00000  67.9%  19.3   17s
 20689 10122   36.03333   59  131  111.99999   36.00000  67.9%  19.5   20s
 29009 23557   66.67127  141   81  111.99999   36.00000  67.9%  22.1   28s
 41009 23575   37.23472   74  136  111.99999   36.00000  67.9%  24.3   31s
 54113 33541   36.66667   80  125  111.99999   36.00000  67.9%  25.6   35s
 67823 45912  106.50000   97   91  111.99999   36.00000  67.9%  27.7   40s
 82484 50052   38.34700   78  135  111.99999   36.00000  67.9%  28.0   45s
 90352 63888   59.50000   56  126  111.99999   36.00000  67.9%  28.9   50s
 116651 74789   62.16667   86  122  111.99999   36.00000  67.9%  30.0   55s
 124164 78342   41.33583  101  124  111.99999   36.00000  67.9%  30.4   62s
 124877 89350   49.83701  104  114  111.99999   36.00000  67.9%  30.4   65s
 141784 89878   52.50166   64  123  111.99999   36.00000  67.9%  30.6   71s
 150193 100002   36.16667   49  128  111.99999   36.00000  67.9%  31.0   75s
 173487 110326   39.33333   96   92  111.99999   36.00000  67.9%  32.4   80s
 188128 119333   36.00000   76  113  111.99999   36.00000  67.9%  33.5   85s
 206705 129501 infeasible  118       111.99999   36.00000  67.9%  34.3   90s
 225439 137200   83.66930  115   96  111.99999   36.00000  67.9%  35.1   96s
H225734 137200                     111.9999896   36.00000  67.9%  35.1   96s
H227043 140381                     111.9999878   36.00000  67.9%  35.2   98s
H230717 140381                     111.9999878   36.00000  67.9%  35.3   98s
 237936 145669   48.66667  105   85  111.99999   36.00000  67.9%  35.4  101s
 260165 155150   52.70794  101   96  111.99999   36.00000  67.9%  36.0  105s
 278197 166288   53.87911   73  131  111.99999   36.00000  67.9%  36.5  110s
 299135 175758   36.00000   85  102  111.99999   36.00000  67.9%  37.3  116s
 304340 179242   94.66667  128   87  111.99999   36.00000  67.9%  37.5  120s
 327968 190265   37.39526   78  118  111.99999   36.00000  67.9%  37.8  125s
 342569 195444   62.66841   97   92  111.99999   36.00000  67.9%  38.2  131s
 342633 212171   63.83333   98   79  111.99999   36.00000  67.9%  38.2  138s
 374665 215980 infeasible  131       111.99999   36.00000  67.9%  38.7  140s
 399060 228074 infeasible  128       111.99999   36.00000  67.9%  38.8  145s
 417087 236796   59.06471  116   98  111.99999   36.00000  67.9%  38.9  150s
 437851 249066   38.16667   98   94  111.99999   36.00000  67.9%  39.1  156s
 460185 257520     cutoff  104       111.99999   36.00000  67.9%  39.2  160s
 483249 267574 infeasible  146       111.99999   36.00000  67.9%  39.1  167s
 492429 271502   75.01187   89  101  111.99999   36.00000  67.9%  39.1  171s
 501240 280093     cutoff   86       111.99999   36.00000  67.9%  39.1  175s
 515684 283373   38.00000  101  127  111.99999   36.00000  67.9%  39.0  180s
 530738 296553   36.83335  110  112  111.99999   36.00000  67.9%  38.9  185s
 555684 303477   65.23583  128   73  111.99999   36.00000  67.9%  38.7  193s
 559810 310488 infeasible  128       111.99999   36.00000  67.9%  38.7  196s
 579667 318275   36.00000   99  105  111.99999   36.00000  67.9%  38.6  201s
 591054 324358   76.86267  107   84  111.99999   36.00000  67.9%  38.5  206s
 597329 324385   74.33333   94   91  111.99999   36.00000  67.9%  38.5  210s
 608585 332303   79.05556  114   76  111.99999   36.00000  67.9%  38.6  215s
 627309 339006   87.33333  104   86  111.99999   36.00000  67.9%  38.6  221s
 632654 341912   46.16671  110   90  111.99999   36.00000  67.9%  38.7  227s
H632676 341912                     111.9999877   36.00000  67.9%  38.7  227s
 635102 343390   60.83333   99  111  111.99999   36.00000  67.9%  38.7  230s
 645835 353399   47.33333  108   83  111.99999   36.00000  67.9%  38.8  235s
 666787 362372   38.33333  101   87  111.99999   36.00000  67.9%  38.9  240s
 683498 374414   44.50000  106  116  111.99999   36.00000  67.9%  39.1  245s
H693479 377036                     111.5000000   36.00000  67.7%  39.2  247s
H695098 379406                     111.1666667   36.00000  67.6%  39.2  249s
H695437 379345                     110.9166667   36.00000  67.5%  39.2  249s
H699833 381511                     110.5833333   36.00000  67.4%  39.2  250s
H701723 381444                     110.5000000   36.00000  67.4%  39.2  250s
H704806 382295                     110.5000000   36.00000  67.4%  39.2  252s
H705135 385744                     110.4999999   36.00000  67.4%  39.2  254s
H708309 385647                     110.3333333   36.00000  67.4%  39.2  254s
 712039 385664   75.41667  109  120  110.33333   36.00000  67.4%  39.2  261s
H712076 385664                     110.3310716   36.00000  67.4%  39.2  261s
 725927 397123   39.66667  103   95  110.33107   36.00000  67.4%  39.2  265s
 738042 402104  106.09478  127   95  110.33107   36.00000  67.4%  39.2  271s
 747694 406086   42.01878  127  115  110.33107   36.00000  67.4%  39.3  276s
 760051 413645   53.19444   90   88  110.33107   36.00000  67.4%  39.3  280s
 780262 427963  105.66667   95   95  110.33107   36.00000  67.4%  39.5  286s
 797351 437987   99.16667  128   62  110.33107   36.00000  67.4%  39.6  290s
 819481 453759   42.83923  127   81  110.33107   36.00000  67.4%  39.6  295s
 826364 455348   75.00000   96   77  110.33107   36.00000  67.4%  39.6  301s
 841369 463844   69.16667  101   86  110.33107   36.00000  67.4%  39.6  307s
 845405 471348   36.00000   73  115  110.33107   36.00000  67.4%  39.6  310s
 862021 479018   44.33333   88  101  110.33107   36.00000  67.4%  39.5  315s
 880135 490764   74.68598   96   93  110.33107   36.00000  67.4%  39.4  320s
 894633 497102   73.80589   93  106  110.33107   36.00000  67.4%  39.3  325s
 912587 508724   47.16667  118  105  110.33107   36.00000  67.4%  39.1  330s
 929194 514410  103.42133  124   86  110.33107   36.00000  67.4%  39.0  337s
 939207 524809   77.33678  114   85  110.33107   36.00000  67.4%  39.0  340s
 965417 538757   49.00000   92   97  110.33107   36.00000  67.4%  38.8  345s
 988327 550821   36.00000   96  113  110.33107   36.00000  67.4%  38.7  350s
 1000343 558192   86.50183   99   84  110.33107   36.00000  67.4%  38.6  355s
 1019864 568157   37.00000  107  105  110.33107   36.00000  67.4%  38.6  361s
 1032874 573680   36.33582  101  120  110.33107   36.00000  67.4%  38.5  366s
 1046434 581020   36.83333   98  110  110.33107   36.00000  67.4%  38.4  371s
 1047337 586298   38.20000  108  115  110.33107   36.00000  67.4%  38.4  375s
 1067148 599426   39.71334   99  107  110.33107   36.00000  67.4%  38.3  381s
 1082256 606051   57.16667  112  112  110.33107   36.00000  67.4%  38.2  385s
 1106664 617046   99.16667  117   76  110.33107   36.00000  67.4%  38.1  393s
 1110588 621709   44.50000  134  101  110.33107   36.00000  67.4%  38.1  395s
 1120524 625748     cutoff  130       110.33107   36.00000  67.4%  38.0  400s
 1139625 637500   39.00000  101  102  110.33107   36.00000  67.4%  37.9  406s
 1150762 645832   84.66667  125   59  110.33107   36.00000  67.4%  37.8  410s
 1171868 657549   97.43356  131   75  110.33107   36.00000  67.4%  37.7  415s
 1190838 670745     cutoff  130       110.33107   36.00000  67.4%  37.7  421s
 1213956 681912   44.00000  119  111  110.33107   36.00000  67.4%  37.6  425s
 1235735 693882   58.03571  117  105  110.33107   36.00000  67.4%  37.5  430s
 1253878 705706     cutoff  123       110.33107   36.00000  67.4%  37.4  436s
 1267444 708207  107.00000  115   72  110.33107   36.00000  67.4%  37.4  442s
 1269875 713954  107.00000  122   67  110.33107   36.00000  67.4%  37.3  446s
 1292198 724438   48.66667  127   76  110.33107   36.00000  67.4%  37.3  450s
 1310294 733521   95.33333   96   89  110.33107   36.00000  67.4%  37.2  458s
 1310334 735356   95.33333   97   87  110.33107   36.00000  67.4%  37.2  460s
 1314354 752334   45.16667  111   89  110.33107   36.00000  67.4%  37.2  476s
 1351909 758816   38.05780  104  117  110.33107   36.00000  67.4%  37.1  480s
 1370998 769859   63.66667  148   43  110.33107   36.00000  67.4%  37.0  485s
 1392419 779958   39.83333   96  105  110.33107   36.00000  67.4%  37.0  492s
 1398448 786192   92.83333  147   50  110.33107   36.00000  67.4%  37.0  495s
 1423946 798162   78.00347  115   77  110.33107   36.00000  67.4%  36.9  500s
 1443057 809013   78.33333   99   78  110.33107   36.00000  67.4%  36.8  506s
 1453176 816652   54.04959  105  132  110.33107   36.00000  67.4%  36.8  510s
 1474978 842765   37.00000  104  129  110.33107   36.00000  67.4%  36.7  521s
 1518905 853046   54.91700  101  115  110.33107   36.00000  67.4%  36.6  525s
 1534979 859691   78.33333  127   70  110.33107   36.00000  67.4%  36.6  534s
 1535026 862758   78.33333  128   65  110.33107   36.00000  67.4%  36.6  535s
 1553172 872495   93.09298  137   60  110.33107   36.00000  67.4%  36.6  540s
 1571958 885720   40.00000  124   74  110.33107   36.00000  67.4%  36.5  545s
 1589281 892701   56.16782   92  124  110.33107   36.00000  67.4%  36.5  550s
 1598240 900173   38.25190   90  114  110.33107   36.00000  67.4%  36.5  555s
 1604054 900201   42.50000  118  113  110.33107   36.00000  67.4%  36.5  560s
 1604089 918275   42.50000  119  120  110.33107   36.00000  67.4%  36.5  571s
 1642110 925186   90.85273  103   90  110.33107   36.00000  67.4%  36.4  575s
 1661843 933642   36.00000   94  123  110.33107   36.00000  67.4%  36.4  580s
 1680179 940889   56.16667  148   67  110.33107   36.00000  67.4%  36.4  585s
 1691529 950154   73.50003  112   95  110.33107   36.00000  67.4%  36.4  591s
 1695084 950185   73.19645   94  101  110.33107   36.00000  67.4%  36.4  596s
 1711236 959714   86.33333  157   45  110.33107   36.00000  67.4%  36.4  600s

Cutting planes:
  Learned: 181
  Gomory: 21
  Cover: 110
  Implied bound: 87
  Clique: 13
  MIR: 400
  Flow cover: 850
  RLT: 17
  Relax-and-lift: 302

Cleanup yields a better solution

Explored 1711277 nodes (62238697 simplex iterations) in 600.01 seconds
Thread count was 32 (of 64 available processors)

Solution count 10: 110.331 110.333 110.5 ... 112

Time limit reached
Best objective 1.080005669556e+02, best bound 3.600000000000e+01, gap 66.6668%

Gurobi 9.1.2 (linux64) logging started Tue Apr  5 07:24:05 2022

Changed value of parameter LogFile to cost226_v-Zagreb.log
   Prev:   Default: 
Changed value of parameter MIPFocus to 1
   Prev: 0  Min: 0  Max: 3  Default: 0
Changed value of parameter TimeLimit to 1200.0
   Prev: inf  Min: 0.0  Max: inf  Default: inf
Warning: variables 0 and 188 have the same name "X[Lyon,Paris]"
Warning: linear constraint 228 and linear constraint 229 have the same name "weight-constr-t5"
Warning: to let Gurobi read it back, use rlp format
Gurobi Optimizer version 9.1.2 build v9.1.2rc0 (linux64)
Thread count: 32 physical cores, 64 logical processors, using up to 32 threads
Optimize a model with 1344 rows, 1128 columns and 3942 nonzeros
Model fingerprint: 0xad5cbbc3
Variable types: 222 continuous, 906 integer (906 binary)
Coefficient statistics:
  Matrix range     [1e+00, 1e+06]
  Objective range  [2e-01, 2e-01]
  Bounds range     [1e+00, 5e+05]
  RHS range        [1e+00, 1e+06]
Presolve removed 96 rows and 114 columns
Presolve time: 0.01s
Presolved: 1248 rows, 1014 columns, 6276 nonzeros
Variable types: 216 continuous, 798 integer (798 binary)

Root relaxation: objective 3.600000e+01, 175 iterations, 0.00 seconds

    Nodes    |    Current Node    |     Objective Bounds      |     Work
 Expl Unexpl |  Obj  Depth IntInf | Incumbent    BestBd   Gap | It/Node Time

     0     0   36.00000    0   59          -   36.00000      -     -    0s
     0     0   36.00000    0   66          -   36.00000      -     -    0s
H    0     0                    1083.1666639   36.00000  96.7%     -    0s
H    0     0                    1063.8333332   36.00000  96.6%     -    0s
     0     0   36.00000    0   67 1063.83333   36.00000  96.6%     -    0s
H    0     0                     598.3328968   36.00000  94.0%     -    0s
H    0     0                     567.6666667   36.00000  93.7%     -    0s
     0     0   36.00000    0   45  567.66667   36.00000  93.7%     -    0s
H    0     0                     567.5000000   36.00000  93.7%     -    0s
     0     0   36.00000    0   45  567.50000   36.00000  93.7%     -    0s
H    0     0                     553.4999999   36.00000  93.5%     -    0s
     0     0   36.00000    0   41  553.50000   36.00000  93.5%     -    0s
     0     0   36.00000    0   41  553.50000   36.00000  93.5%     -    0s
     0     0   36.00000    0   35  553.50000   36.00000  93.5%     -    0s
H    0     0                     553.3333332   36.00000  93.5%     -    0s
     0     0   36.00000    0   42  553.33333   36.00000  93.5%     -    0s
H    0     0                     300.3333333   36.00000  88.0%     -    0s
H    0     0                     300.1666667   36.00000  88.0%     -    0s
     0     2   36.00000    0   28  300.16667   36.00000  88.0%     -    0s
H    1     4                     300.1666666   36.00000  88.0%   797    0s
H   10    16                     300.1666666   36.00000  88.0%  94.6    0s
H   31    62                     299.3333333   36.00000  88.0%  36.4    0s
H   95   126                     299.1666667   36.00000  88.0%  17.1    1s
H   95   126                     291.0000000   36.00000  87.6%  17.1    1s
H  105   126                     187.8333333   36.00000  80.8%  16.2    1s
H  107   126                     168.5000000   36.00000  78.6%  16.0    1s
H  127   158                     160.1666667   36.00000  77.5%  14.7    2s
H  128   158                     160.0000000   36.00000  77.5%  14.6    2s
H  147   158                     159.3333333   36.00000  77.4%  13.3    2s
H  160   190                     156.0000000   36.00000  76.9%  12.6    2s
H  178   190                     155.5000000   36.00000  76.8%  12.3    2s
H  197   221                     155.3333333   36.00000  76.8%  11.9    3s
H  316   499                     155.3333333   36.00000  76.8%   9.7    3s
H  700  1137                     155.1666667   36.00000  76.8%   9.3    3s
H  848  1137                     155.1666666   36.00000  76.8%   8.9    3s
H 1192  1339                     154.1666667   36.00000  76.6%   8.4    4s
  3151  2926   62.00000   66   28  154.16667   36.00000  76.6%   7.5    5s
H 3165  2921                     126.8333333   36.00000  71.6%   7.5    5s
H 3186  2947                     120.8333305   36.00000  70.2%   7.5    5s
H 3207  2947                     119.5000000   36.00000  69.9%   7.6    5s
H 3300  4150                     115.3333333   36.00000  68.8%   7.5    5s
H 3981  4150                     115.0000000   36.00000  68.7%   7.3    5s
H 4487  4150                     114.1666667   36.00000  68.5%   7.2    5s
H 4607  4150                     114.0000000   36.00000  68.4%   7.2    5s
H 4708  5247                     113.9999999   36.00000  68.4%   7.2    6s
H 4903  5246                     113.0000000   36.00000  68.1%   7.2    6s
H 5124  5246                     112.9999999   36.00000  68.1%   7.1    6s
H 5995  5275                     112.1666667   36.00000  67.9%   7.0    6s
H 6007  5274                     112.0000000   36.00000  67.9%   7.0    6s
H 6024  5274                     111.9999999   36.00000  67.9%   7.0    7s
H 6026  5012                     111.9999999   36.00000  67.9%   7.0    7s
H 6036  4767                     111.9999998   36.00000  67.9%   7.0    7s
H 6070  4574                     111.9999998   36.00000  67.9%   9.5    7s
H 6078  4344                     111.9999991   36.00000  67.9%   9.7    7s
H 6129  4176                     111.9999991   36.00000  67.9%  10.6    9s
H 6137  3969                     111.0000000   36.00000  67.6%  10.7    9s
H 6148  3771                     110.5000000   36.00000  67.4%  10.8    9s
  6190  3817   36.00000   20  129  110.50000   36.00000  67.4%  11.1   10s
H 6197  3630                     110.4999999   36.00000  67.4%  11.2   10s
H 6199  3454                     110.3333333   36.00000  67.4%  11.2   10s
H 6359  3384                     110.3333301   36.00000  67.4%  14.6   12s
H 7186  3755                     110.3333300   36.00000  67.4%  17.7   12s
H 7197  3601                     110.3333292   36.00000  67.4%  17.8   12s
H 8169  3854                     110.3333292   36.00000  67.4%  20.5   13s
H 8245  3693                     110.3333259   36.00000  67.4%  20.6   13s
H 8480  3486                     109.6666667   36.00000  67.2%  21.0   13s
  8630  3562   40.83333   33  105  109.66667   36.00000  67.2%  21.3   15s
H 8635  3437                     108.6666667   36.00000  66.9%  21.3   15s
H 8690  3302                     108.3333333   36.00000  66.8%  21.3   15s
H 8834  3697                     108.1666667   36.00000  66.7%  21.7   15s
H 9102  3502                     108.0000000   36.00000  66.7%  23.0   15s
H11011  3775                     107.9999993   36.00000  66.7%  28.8   17s
 15057  7257   40.50002   86  102  108.00000   36.00000  66.7%  33.5   20s
H18510  8223                     107.9999827   36.00000  66.7%  37.2   24s
 18548  9580   45.00907   33  111  107.99998   36.00000  66.7%  37.3   25s
 27252 16580   83.33333   52   71  107.99998   36.00000  66.7%  38.6   30s
H37103 24283                     107.9997552   36.00000  66.7%  41.4   33s
 41170 24301 infeasible   59       107.99976   36.00000  66.7%  41.8   38s
H41186 24301                     107.9997548   36.00000  66.7%  41.8   38s
H41200 24301                     107.9997548   36.00000  66.7%  41.8   38s
 45024 26912   43.66667   80  115  107.99975   36.00000  66.7%  42.2   42s
H45036 26912                     107.9997540   36.00000  66.7%  42.2   42s
 46363 30582   95.66667  100   94  107.99975   36.00000  66.7%  42.4   45s
 56503 38154 infeasible   68       107.99975   36.00000  66.7%  43.2   50s
 62938 58455 infeasible   47       107.99975   36.00000  66.7%  43.5   63s
 94970 65001   36.33424   59  120  107.99975   36.00000  66.7%  44.0   66s
 110161 70480   37.33333   38  132  107.99975   36.00000  66.7%  44.2   70s
 124187 78886   43.83333   87  146  107.99975   36.00000  66.7%  45.0   76s
 125644 99283   37.50000   78  140  107.99975   36.00000  66.7%  45.0   83s
 157188 105573   36.00000   47  126  107.99975   36.00000  66.7%  45.2   86s
 177473 115269 infeasible  120       107.99975   36.00000  66.7%  45.5   91s
 187705 119684   52.50000   52  100  107.99975   36.00000  66.7%  45.5   97s
 188202 140447   52.50000   53   99  107.99975   36.00000  66.7%  45.5  106s
 226467 148610   37.67092   61  131  107.99975   36.00000  66.7%  45.6  111s
 236645 157023   59.50144  136   90  107.99975   36.00000  66.7%  45.7  115s
 248690 163890   40.00000   79  119  107.99975   36.00000  66.7%  45.7  120s
 268677 175036 infeasible   75       107.99975   36.00000  66.7%  45.8  125s
 282604 186523   38.66667   46  100  107.99975   36.00000  66.7%  46.0  132s
 296094 193958   83.66667   61   99  107.99975   36.00000  66.7%  45.9  136s
 306970 201152   91.00000   97   81  107.99975   36.00000  66.7%  45.8  140s
 318931 204734   76.02222   77   65  107.99975   36.00000  66.7%  45.8  146s
 324225 213050 infeasible   59       107.99975   36.00000  66.7%  45.7  150s
 342007 220710   42.18492   67  129  107.99975   36.00000  66.7%  45.8  155s
 358525 232313   75.09091   85   96  107.99975   36.00000  66.7%  45.6  161s
 370248 238396   43.50966   63  144  107.99975   36.00000  66.7%  45.7  165s
 381087 244332   36.00000   72   87  107.99975   36.00000  66.7%  45.5  170s
 400602 251848 infeasible  116       107.99975   36.00000  66.7%  45.5  177s
 408061 258066   36.00000   81  130  107.99975   36.00000  66.7%  45.4  181s
 417578 264666   36.00000   60  106  107.99975   36.00000  66.7%  45.4  186s
 431077 272047   36.50000   83  118  107.99975   36.00000  66.7%  45.4  191s
 441419 278035   78.33333   82   54  107.99975   36.00000  66.7%  45.3  195s
 452149 286290   75.16667   74  114  107.99975   36.00000  66.7%  45.2  200s
 469324 297121   36.19697   84  101  107.99975   36.00000  66.7%  45.1  206s
 477209 301295   92.66667   80  110  107.99975   36.00000  66.7%  45.1  210s
 490506 309621   37.83333   63  108  107.99975   36.00000  66.7%  45.0  215s
 507990 318497     cutoff   83       107.99975   36.00000  66.7%  45.1  221s
 519234 326193   66.33333  101   82  107.99975   36.00000  66.7%  45.0  226s
 532557 332973   37.16667   96  127  107.99975   36.00000  66.7%  45.0  230s
 544714 339813   43.26018   83  106  107.99975   36.00000  66.7%  44.9  235s
 559992 346442     cutoff   68       107.99975   36.00000  66.7%  44.7  241s
 562092 346461   52.23841   69  106  107.99975   36.00000  66.7%  44.7  245s
 572144 356995   87.00000  112   71  107.99975   36.00000  66.7%  44.7  251s
 583537 364976   61.33333   65   91  107.99975   36.00000  66.7%  44.7  256s
 597263 371281   50.83478   85  105  107.99975   36.00000  66.7%  44.7  260s
 606402 378497   36.33733   81  107  107.99975   36.00000  66.7%  44.7  265s
 628066 388044   79.66667   90   93  107.99975   36.00000  66.7%  44.6  271s
 640277 394885     cutoff  111       107.99975   36.00000  66.7%  44.6  276s
 649794 399681 infeasible   94       107.99975   36.00000  66.7%  44.6  280s
 663981 409682 infeasible  111       107.99975   36.00000  66.7%  44.4  287s
 676417 416815   36.45833   77  102  107.99975   36.00000  66.7%  44.4  291s
 687596 421366   89.16667   69  102  107.99975   36.00000  66.7%  44.3  296s
 693667 424813   38.16667   85  125  107.99975   36.00000  66.7%  44.3  301s
 699525 424830 infeasible  101       107.99975   36.00000  66.7%  44.3  305s
 704909 430825     cutoff   84       107.99975   36.00000  66.7%  44.3  310s
 723330 441427   78.71140  122   52  107.99975   36.00000  66.7%  44.2  316s
 733471 446733 infeasible  103       107.99975   36.00000  66.7%  44.2  320s
 749817 454835   36.00000   49  123  107.99975   36.00000  66.7%  44.1  326s
 762531 464025   36.66667   91  110  107.99975   36.00000  66.7%  44.2  331s
 772229 470505   40.33333  115   97  107.99975   36.00000  66.7%  44.2  336s
 783888 475645   46.83347  100  102  107.99975   36.00000  66.7%  44.1  340s
 801756 485948   42.16739   81  129  107.99975   36.00000  66.7%  44.1  346s
 814991 492142   57.33700   93  119  107.99975   36.00000  66.7%  44.1  351s
 825734 499328   78.34163  121   72  107.99975   36.00000  66.7%  44.1  356s
 838437 506747     cutoff   96       107.99975   36.00000  66.7%  44.1  360s
 851211 511087   36.00000   68  125  107.99975   36.00000  66.7%  44.1  365s
 857917 517681   72.50000   74  125  107.99975   36.00000  66.7%  44.1  370s
 870327 526029   61.77408  115   64  107.99975   36.00000  66.7%  44.0  375s
 887140 535560   69.52864  100   69  107.99975   36.00000  66.7%  43.9  380s
 904682 545058   40.50000   90   88  107.99975   36.00000  66.7%  44.0  387s
 909557 549140 infeasible  114       107.99975   36.00000  66.7%  44.0  390s
 929916 559693   36.00000   73  124  107.99975   36.00000  66.7%  43.9  395s
 945706 570021   39.33333   85  124  107.99975   36.00000  66.7%  43.8  401s
 955360 575023   36.00112   86  124  107.99975   36.00000  66.7%  43.8  405s
 964581 580536   57.94032   97   93  107.99975   36.00000  66.7%  43.9  410s
 974360 586585   36.92966   95  107  107.99975   36.00000  66.7%  43.9  416s
 987793 593058   62.83333   93   90  107.99975   36.00000  66.7%  43.8  420s
 999904 600414 infeasible   81       107.99975   36.00000  66.7%  43.8  425s
 1017681 606479   69.75000   96   96  107.99975   36.00000  66.7%  43.8  433s
 1017767 609095   69.33333   97   93  107.99975   36.00000  66.7%  43.8  435s
 1028170 616316   45.33478   81  117  107.99975   36.00000  66.7%  43.8  440s
 1048265 624654   39.51450   78  103  107.99975   36.00000  66.7%  43.7  446s
 1064932 633634  100.16667   92  104  107.99975   36.00000  66.7%  43.6  452s
 1074796 638029   50.14485   93  117  107.99975   36.00000  66.7%  43.6  456s
 1083645 645278   49.66921  113  120  107.99975   36.00000  66.7%  43.5  460s
 1098803 654450   79.33333   89  131  107.99975   36.00000  66.7%  43.6  467s
 1113585 661267   74.00000   92   96  107.99975   36.00000  66.7%  43.6  471s
 1126468 668617   36.83333   98  133  107.99975   36.00000  66.7%  43.6  476s
 1137482 674231   37.83333   87   98  107.99975   36.00000  66.7%  43.5  481s
 1149913 681415   43.83333   95  104  107.99975   36.00000  66.7%  43.5  485s
 1162409 684585   74.16776   93   93  107.99975   36.00000  66.7%  43.4  491s
 1168219 687664   37.01410   87  119  107.99975   36.00000  66.7%  43.4  498s
 1168257 690524   37.16800   88  118  107.99975   36.00000  66.7%  43.4  500s
 1174468 693201 infeasible   75       107.99975   36.00000  66.7%  43.4  506s
 1185855 700205     cutoff  106       107.99975   36.00000  66.7%  43.3  510s
 1206864 708369   75.16703   73  114  107.99975   36.00000  66.7%  43.2  516s
 1218715 715204   89.50000  114   83  107.99975   36.00000  66.7%  43.2  521s
 1232662 722636  104.00000  113   85  107.99975   36.00000  66.7%  43.1  526s
 1242931 729265   38.25000   86  122  107.99975   36.00000  66.7%  43.1  531s
 1254021 735821   36.00365   78  142  107.99975   36.00000  66.7%  43.1  536s
 1264470 741213   41.42043  110  132  107.99975   36.00000  66.7%  43.1  540s
 1282870 749039   36.50000   88  141  107.99975   36.00000  66.7%  43.1  546s
 1292187 754738   85.16667  149   93  107.99975   36.00000  66.7%  43.1  550s
 1296546 756870   85.50000  151   89  107.99975   36.00000  66.7%  43.1  555s
 1307684 763028   37.88081   81  113  107.99975   36.00000  66.7%  43.0  560s
 1320224 770185   41.16667   98   88  107.99975   36.00000  66.7%  43.0  565s
 1332406 776412   38.83333   62  137  107.99975   36.00000  66.7%  43.0  571s
 1345587 781979   77.34643   99  111  107.99975   36.00000  66.7%  43.0  575s
 1357014 790921   36.00000   75  113  107.99975   36.00000  66.7%  43.0  581s
 1366712 796959   43.16775  120   84  107.99975   36.00000  66.7%  43.0  585s
 1383012 804582   80.50000   86  129  107.99975   36.00000  66.7%  43.0  592s
 1394154 810926 infeasible  115       107.99975   36.00000  66.7%  43.0  596s
 1405057 816767   79.45833  101   88  107.99975   36.00000  66.7%  43.0  601s
 1416470 822405     cutoff  115       107.99975   36.00000  66.7%  43.0  606s
 1428102 829620 infeasible  104       107.99975   36.00000  66.7%  43.0  610s
 1441670 836368   36.00000   72  123  107.99975   36.00000  66.7%  43.0  615s
 1451897 841295   57.66667  106  144  107.99975   36.00000  66.7%  43.0  620s
 1462888 847048     cutoff  106       107.99975   36.00000  66.7%  43.0  625s
 1476307 856322   36.00000  112  137  107.99975   36.00000  66.7%  43.1  631s
 1490228 862871   37.83333   96  134  107.99975   36.00000  66.7%  43.1  635s
 1500755 868983   68.33333   94  105  107.99975   36.00000  66.7%  43.1  641s
 1512104 875639   75.83406   90   99  107.99975   36.00000  66.7%  43.1  647s
 1525566 881436   39.68831   80  108  107.99975   36.00000  66.7%  43.0  652s
 1539386 886996   37.00337  107  124  107.99975   36.00000  66.7%  43.0  657s
 1543187 890078   61.33407  136  102  107.99975   36.00000  66.7%  43.0  660s
 1554620 897317   36.00000   99  133  107.99975   36.00000  66.7%  43.0  665s
 1571741 905149   65.88309  115  116  107.99975   36.00000  66.7%  43.0  671s
 1582277 910595   91.66414   88   86  107.99975   36.00000  66.7%  43.0  677s
 1592235 916741 infeasible  131       107.99975   36.00000  66.7%  43.0  682s
 1603814 922608   45.33652  101   86  107.99975   36.00000  66.7%  42.9  686s
 1615211 928523   36.50327   87  120  107.99975   36.00000  66.7%  42.9  691s
 1626750 934013   36.00000   78   84  107.99975   36.00000  66.7%  43.0  696s
 1637756 941067   36.00000   96  114  107.99975   36.00000  66.7%  43.0  701s
 1651542 944880   36.50000   78   87  107.99975   36.00000  66.7%  42.9  709s
 1651588 962042   36.00000   78   74  107.99975   36.00000  66.7%  42.9  720s
 1688874 968985   51.41667  105   87  107.99975   36.00000  66.7%  42.9  725s
 1707882 975916   36.00000   91  136  107.99975   36.00000  66.7%  42.8  732s
 1719907 982722   80.03250  113   80  107.99975   36.00000  66.7%  42.8  737s
 1725794 985311   62.83335   97  104  107.99975   36.00000  66.7%  42.8  740s
 1736068 991506   37.50145  115  144  107.99975   36.00000  66.7%  42.8  745s
 1754093 998827   36.00000   67  141  107.99975   36.00000  66.7%  42.8  752s
 1758904 1004436   36.00000   74  102  107.99975   36.00000  66.7%  42.8  755s
 1770620 1009541   38.94830   78  114  107.99975   36.00000  66.7%  42.8  760s
 1790004 1019403   47.83333  132  112  107.99975   36.00000  66.7%  42.8  767s
 1800367 1024898     cutoff   83       107.99975   36.00000  66.7%  42.8  772s
 1810413 1031458 infeasible   90       107.99975   36.00000  66.7%  42.8  778s
 1816351 1035087   36.00000   92  146  107.99975   36.00000  66.7%  42.8  781s
 1826393 1039064   42.50000  109  116  107.99975   36.00000  66.7%  42.7  786s
 1837682 1045971   36.50000   85  114  107.99975   36.00000  66.7%  42.7  790s
 1848594 1050734   49.60846  114  118  107.99975   36.00000  66.7%  42.7  795s
 1861252 1056498 infeasible  111       107.99975   36.00000  66.7%  42.7  800s
 1869763 1062635 infeasible   96       107.99975   36.00000  66.7%  42.7  805s
 1881509 1069831   53.91714  105  102  107.99975   36.00000  66.7%  42.7  811s
 1892843 1075380   49.66955  117   99  107.99975   36.00000  66.7%  42.7  816s
 1903137 1080518   47.83538   95  136  107.99975   36.00000  66.7%  42.7  821s
 1915037 1086672     cutoff  112       107.99975   36.00000  66.7%  42.7  827s
 1927303 1091991 infeasible   97       107.99975   36.00000  66.7%  42.6  831s
 1936481 1096526   54.66811   90  110  107.99975   36.00000  66.7%  42.6  837s
 1942011 1099564   61.50000  113  149  107.99975   36.00000  66.7%  42.6  840s
 1955965 1104370   36.50000  103  158  107.99975   36.00000  66.7%  42.6  845s
 1970410 1114866   95.28788   91  121  107.99975   36.00000  66.7%  42.6  851s
 1980973 1121993     cutoff  118       107.99975   36.00000  66.7%  42.6  857s
 1991427 1125149   36.68059  111  182  107.99975   36.00000  66.7%  42.6  860s
 2009266 1133953 infeasible   87       107.99975   36.00000  66.7%  42.6  867s
 2016343 1136134   75.52016  119  102  107.99975   36.00000  66.7%  42.5  870s
 2024566 1140698   94.02525  150   62  107.99975   36.00000  66.7%  42.6  875s
 2036477 1146676   55.71051   97  121  107.99975   36.00000  66.7%  42.5  881s
 2045692 1152173   36.83985   98  139  107.99975   36.00000  66.7%  42.5  886s
 2059684 1158868   70.83694  155  104  107.99975   36.00000  66.7%  42.5  892s
 2063029 1163790   36.00000   92  143  107.99975   36.00000  66.7%  42.5  895s
 2076193 1169904   36.00133  102  140  107.99975   36.00000  66.7%  42.6  901s
 2088992 1177387   36.50000   95  106  107.99975   36.00000  66.7%  42.6  906s
 2102634 1183848   56.66932   98  132  107.99975   36.00000  66.7%  42.5  911s
 2112901 1188849   37.91667  124  130  107.99975   36.00000  66.7%  42.5  915s
 2124599 1193700   97.19210  100  110  107.99975   36.00000  66.7%  42.5  921s
 2135059 1199174   37.50000  113  116  107.99975   36.00000  66.7%  42.5  926s
 2142985 1202957   91.84377  118   99  107.99975   36.00000  66.7%  42.5  932s
 2149029 1205914 infeasible  113       107.99975   36.00000  66.7%  42.5  935s
 2162966 1212204   90.00577  122   64  107.99975   36.00000  66.7%  42.4  940s
 2174471 1216644 infeasible  110       107.99975   36.00000  66.7%  42.4  945s
 2183224 1221981     cutoff  106       107.99975   36.00000  66.7%  42.4  950s
 2201517 1230941     cutoff  119       107.99975   36.00000  66.7%  42.3  956s
 2214088 1232959   36.50372   92  131  107.99975   36.00000  66.7%  42.3  962s
 2219279 1237700   74.50000  118   97  107.99975   36.00000  66.7%  42.3  967s
 2224803 1240683   37.83333   95   93  107.99975   36.00000  66.7%  42.3  970s
 2238258 1246782   41.66837  122  134  107.99975   36.00000  66.7%  42.3  975s
 2253839 1256092   64.02021  103  111  107.99975   36.00000  66.7%  42.3  983s
 2259951 1258941   36.16667  100  121  107.99975   36.00000  66.7%  42.3  985s
 2270864 1265844   64.00206  116  103  107.99975   36.00000  66.7%  42.3  992s
 2284147 1271888   81.01345  103  103  107.99975   36.00000  66.7%  42.2  998s
 2289341 1275406   54.66667  120  108  107.99975   36.00000  66.7%  42.2 1001s
 2300316 1280779   36.50000   82  123  107.99975   36.00000  66.7%  42.2 1006s
 2311641 1286317   60.83335  108  105  107.99975   36.00000  66.7%  42.2 1011s
 2323198 1292307   36.16667  102  134  107.99975   36.00000  66.7%  42.2 1017s
 2329274 1294542   92.50054  123   87  107.99975   36.00000  66.7%  42.2 1020s
 2339825 1299446   37.66667   89  102  107.99975   36.00000  66.7%  42.2 1025s
 2356031 1309975   76.00247  110  128  107.99975   36.00000  66.7%  42.2 1033s
 2367627 1312384   36.22727   72  112  107.99975   36.00000  66.7%  42.1 1035s
 2381385 1319942  107.00000  118   88  107.99975   36.00000  66.7%  42.1 1042s
 2387045 1322885   36.50000   56  152  107.99975   36.00000  66.7%  42.1 1045s
 2405209 1332767   40.83820  118  121  107.99975   36.00000  66.7%  42.1 1052s
 2417235 1337755   37.60552   96  132  107.99975   36.00000  66.7%  42.1 1057s
 2424458 1339994   49.16667  112  109  107.99975   36.00000  66.7%  42.1 1060s
 2439397 1349463   36.33733  100  123  107.99975   36.00000  66.7%  42.1 1067s
 2453625 1355335 infeasible  118       107.99975   36.00000  66.7%  42.0 1071s
 2462910 1360939   54.66667  118   92  107.99975   36.00000  66.7%  42.0 1075s
 2473799 1366315   84.83333  156   72  107.99975   36.00000  66.7%  42.0 1080s
 2487869 1375735   58.50000  106   83  107.99975   36.00000  66.7%  42.0 1087s
 2495033 1378343   37.50134   95  121  107.99975   36.00000  66.7%  42.0 1090s
 2513071 1388386   76.83333  105  104  107.99975   36.00000  66.7%  42.0 1097s
 2520230 1391408   40.66667   91  100  107.99975   36.00000  66.7%  42.0 1100s
 2534656 1397901   64.50036  100  104  107.99975   36.00000  66.7%  42.0 1105s
 2545492 1403136  106.00000  118   67  107.99975   36.00000  66.7%  41.9 1110s
 2559707 1412571   98.68374  103   93  107.99975   36.00000  66.7%  41.9 1117s
 2572106 1418835   36.66667   99  137  107.99975   36.00000  66.7%  41.9 1121s
 2581476 1423804   36.66667   87  109  107.99975   36.00000  66.7%  41.9 1125s
 2594416 1430762     cutoff  105       107.99975   36.00000  66.7%  41.9 1130s
 2607561 1437170  103.17760  115   66  107.99975   36.00000  66.7%  41.8 1136s
 2618247 1442793   55.50000  107  112  107.99975   36.00000  66.7%  41.8 1141s
 2630633 1450052   45.16667   94  110  107.99975   36.00000  66.7%  41.8 1146s
 2639208 1454354   60.68059  117  100  107.99975   36.00000  66.7%  41.8 1150s
 2657719 1462222   40.68326   89  100  107.99975   36.00000  66.7%  41.8 1157s
 2661842 1466050   36.66925   98  121  107.99975   36.00000  66.7%  41.8 1160s
 2674300 1470409 infeasible   86       107.99975   36.00000  66.7%  41.8 1167s
 2683572 1476907   40.83333  102  121  107.99975   36.00000  66.7%  41.7 1171s
 2693371 1482544   55.85714  108  100  107.99975   36.00000  66.7%  41.7 1176s
 2703871 1487245   93.83333  114  108  107.99975   36.00000  66.7%  41.7 1180s
 2715290 1493132   36.50000  101   95  107.99975   36.00000  66.7%  41.7 1185s
 2725606 1499648 infeasible   84       107.99975   36.00000  66.7%  41.7 1190s
 2744342 1509010   38.91110  108  134  107.99975   36.00000  66.7%  41.7 1196s
 2755975 1513420   41.16667   89  117  107.99975   36.00000  66.7%  41.6 1200s

Cutting planes:
  Learned: 193
  Gomory: 20
  Cover: 126
  Implied bound: 98
  Clique: 34
  MIR: 473
  StrongCG: 1
  Flow cover: 989
  GUB cover: 2
  Inf proof: 1
  Zero half: 4
  RLT: 237
  Relax-and-lift: 216

Cleanup yields a better solution

Explored 2757716 nodes (114859091 simplex iterations) in 1200.03 seconds
Thread count was 32 (of 64 available processors)

Solution count 10: 108 108 108 ... 110.333

Time limit reached
Best objective 1.074588269776e+02, best bound 3.600000000000e+01, gap 66.4988%
