
Gurobi 9.1.2 (linux64) logging started Wed Mar 30 06:10:25 2022

Changed value of parameter LogFile to cost226_v-Lyon.log
   Prev:   Default: 
Changed value of parameter MIPFocus to 1
   Prev: 0  Min: 0  Max: 3  Default: 0
Changed value of parameter TimeLimit to 600.0
   Prev: inf  Min: 0.0  Max: inf  Default: inf
Warning: variables 0 and 188 have the same name "X[Brussels,Amste...]"
Warning: linear constraint 228 and linear constraint 229 have the same name "weight-constr-t5"
Warning: to let Gurobi read it back, use rlp format
Gurobi Optimizer version 9.1.2 build v9.1.2rc0 (linux64)
Thread count: 32 physical cores, 64 logical processors, using up to 32 threads
Optimize a model with 1356 rows, 1128 columns and 3972 nonzeros
Model fingerprint: 0x9ca76a32
Variable types: 222 continuous, 906 integer (906 binary)
Coefficient statistics:
  Matrix range     [1e+00, 1e+06]
  Objective range  [2e-01, 2e-01]
  Bounds range     [1e+00, 5e+05]
  RHS range        [1e+00, 1e+06]
Presolve removed 90 rows and 102 columns
Presolve time: 0.01s
Presolved: 1266 rows, 1026 columns, 6396 nonzeros
Variable types: 216 continuous, 810 integer (810 binary)

Root relaxation: objective 3.600000e+01, 150 iterations, 0.00 seconds

    Nodes    |    Current Node    |     Objective Bounds      |     Work
 Expl Unexpl |  Obj  Depth IntInf | Incumbent    BestBd   Gap | It/Node Time

     0     0   36.00000    0   27          -   36.00000      -     -    0s
     0     0   36.00000    0   30          -   36.00000      -     -    0s
H    0     0                    3550133.6667   36.00000   100%     -    0s
     0     0   36.00000    0   26 3550133.67   36.00000   100%     -    0s
H    0     0                    2100.4999857   36.00000  98.3%     -    0s
H    0     0                    2097.4999989   36.00000  98.3%     -    0s
H    0     0                     311.3333333   36.00000  88.4%     -    0s
     0     2   36.00000    0   25  311.33333   36.00000  88.4%     -    0s
H    2     4                     311.3333333   36.00000  88.4%   175    0s
H   29    56                     311.1666666   36.00000  88.4%  23.8    0s
H   38    56                     310.8333333   36.00000  88.4%  19.7    0s
H   42    56                     310.6666666   36.00000  88.4%  18.3    0s
H   89   117                     129.1666667   36.00000  72.1%  12.6    1s
H   93   117                     128.6666667   36.00000  72.0%  12.3    1s
H  153   177                     127.8333333   36.00000  71.8%   9.4    1s
H  161   177                     127.5000000   36.00000  71.8%   9.2    1s
H  164   177                     126.6666667   36.00000  71.6%   9.2    1s
H  185   206                     125.5000000   36.00000  71.3%   8.8    3s
H  186   206                     124.8333333   36.00000  71.2%   8.8    3s
H  203   206                     124.5000000   36.00000  71.1%   8.9    3s
H  205   206                     122.8333333   36.00000  70.7%   8.9    3s
H  283   464                     122.3333333   36.00000  70.6%   8.8    3s
H  318   464                     122.0000000   36.00000  70.5%   8.9    3s
H  455   464                     120.8333333   36.00000  70.2%   8.6    3s
H  494   876                     120.1666667   36.00000  70.0%   8.4    3s
H  806   876                     120.0000000   36.00000  70.0%   7.7    3s
H  911  1069                     119.5000000   36.00000  69.9%   7.8    3s
H 1122  1099                     117.1666667   36.00000  69.3%   7.6    4s
H 1153  1099                     116.6666667   36.00000  69.1%   7.6    4s
  1156  1709 infeasible   31       116.66667   36.00000  69.1%   7.6    5s
H 1157  1709                     116.5000000   36.00000  69.1%   7.6    5s
H 1219  1709                     115.5000000   36.00000  68.8%   7.4    5s
H 1314  1709                     115.3333333   36.00000  68.8%   7.4    5s
H 2226  3426                     115.3333333   36.00000  68.8%   7.2    5s
H 3885  3457                     115.1666667   36.00000  68.7%   6.7    5s
H 3888  3457                     115.0000000   36.00000  68.7%   6.7    5s
H 3909  3457                     114.8333333   36.00000  68.7%   6.7    5s
H 5735  5081                     114.8333333   36.00000  68.7%   6.5    7s
H 5745  5081                     114.6666667   36.00000  68.6%   6.5    7s
  7399  6518   36.00000   15  152  114.66667   36.00000  68.6%   9.6   10s
H 7405  6194                     114.5000000   36.00000  68.6%   9.6   10s
H 7425  5883                     114.0000000   36.00000  68.4%   9.7   10s
H 7426  5592                     113.6111111   36.00000  68.3%   9.7   10s
H 7463  5369                     112.3333333   36.00000  68.0%   9.7   10s
H 7463  5107                     112.2777778   36.00000  67.9%   9.7   10s
H 7576  4915                     112.1666667   36.00000  67.9%   9.9   11s
H 7577  4679                     111.5000000   36.00000  67.7%   9.9   11s
H 7821  4769                     111.1666667   36.00000  67.6%  10.6   12s
H 8489  5078                     111.0000000   36.00000  67.6%  12.0   13s
 10684  6074   46.00000   75   90  111.00000   36.00000  67.6%  15.9   15s
H13375  7684                     110.9999999   36.00000  67.6%  19.7   17s
H16818  9150                     110.9999999   36.00000  67.6%  23.0   18s
H17561  8719                     110.9999999   36.00000  67.6%  23.7   18s
H17658  8670                     110.9999996   36.00000  67.6%  23.8   18s
H18875  8694                     110.9999996   36.00000  67.6%  25.0   24s
H18891  8694                     110.9999995   36.00000  67.6%  25.1   24s
H18894  8694                     110.9999995   36.00000  67.6%  25.1   24s
 18915 10936   37.33333   40  106  111.00000   36.00000  67.6%  25.2   25s
H21073 10936                     110.9999995   36.00000  67.6%  27.0   25s
H22100 12520                     110.9999990   36.00000  67.6%  27.5   26s
H24780 12656                     110.9999989   36.00000  67.6%  28.9   28s
H24783 12656                     110.9999987   36.00000  67.6%  28.9   28s
 26591 13825   36.00000   46  161  111.00000   36.00000  67.6%  30.2   32s
H26970 14378                     110.9999986   36.00000  67.6%  30.5   33s
H27563 14378                     110.9999977   36.00000  67.6%  30.8   33s
H27954 16966                     110.9999971   36.00000  67.6%  31.0   34s
H29203 16966                     110.9999971   36.00000  67.6%  31.3   34s
 31718 19859   43.16667   59   96  111.00000   36.00000  67.6%  32.3   36s
H33354 19859                     110.9999965   36.00000  67.6%  33.0   36s
 38649 21754   36.00000   65   83  111.00000   36.00000  67.6%  35.6   41s
H38650 21754                     110.9999964   36.00000  67.6%  35.6   41s
H38711 21754                     110.9999964   36.00000  67.6%  35.5   41s
H38716 21754                     110.9999963   36.00000  67.6%  35.5   41s
 43818 24689 infeasible  108       111.00000   36.00000  67.6%  36.5   47s
H43841 24689                     110.9999963   36.00000  67.6%  36.5   47s
H43943 24689                     110.9999962   36.00000  67.6%  36.6   47s
H44017 25249                     110.9999962   36.00000  67.6%  36.6   49s
H44657 25249                     110.9999962   36.00000  67.6%  36.6   49s
 44991 27723   38.33333   51   95  111.00000   36.00000  67.6%  36.7   51s
 49659 27750  105.00000   61   97  111.00000   36.00000  67.6%  37.3   56s
H49666 27750                     110.9999961   36.00000  67.6%  37.3   56s
 50531 32483  109.00000   83   65  111.00000   36.00000  67.6%  37.5   60s
H54942 32483                     110.9999961   36.00000  67.6%  38.5   60s
 56944 32583     cutoff   67       111.00000   36.00000  67.6%  39.0   66s
 60515 35496   45.16741   93   80  111.00000   36.00000  67.6%  39.7   71s
 61103 41029   45.16667   93   76  111.00000   36.00000  67.6%  39.8   75s
H61401 41029                     110.9999961   36.00000  67.6%  39.8   75s
 69166 41052   39.16667   73   90  111.00000   36.00000  67.6%  40.7   80s
 75771 45325 infeasible  101       111.00000   36.00000  67.6%  41.2   90s
 77815 47702  102.16667  118   35  111.00000   36.00000  67.6%  41.1   95s
 83044 49966   38.33333   79  105  111.00000   36.00000  67.6%  41.4  103s
 83231 55330   38.33333   80  112  111.00000   36.00000  67.6%  41.4  107s
 91575 55933   39.50000   81  117  111.00000   36.00000  67.6%  41.4  113s
H92102 55933                     110.9999961   36.00000  67.6%  41.4  113s
 92538 73181   39.50000   82  111  111.00000   36.00000  67.6%  41.4  125s
 124570 78756   60.66667   84   95  111.00000   36.00000  67.6%  42.9  130s
 137705 78779 infeasible   91       111.00000   36.00000  67.6%  42.8  136s
 141564 82820 infeasible   84       111.00000   36.00000  67.6%  42.9  141s
 147748 86051 infeasible   88       111.00000   36.00000  67.6%  43.1  146s
 153824 91486   36.00000   80  101  111.00000   36.00000  67.6%  43.2  150s
 168623 91509 infeasible   77       111.00000   36.00000  67.6%  43.6  158s
 168664 92210 infeasible   78       111.00000   36.00000  67.6%  43.6  160s
 175111 98627   38.50000   52  119  111.00000   36.00000  67.6%  43.6  167s
 181415 98647 infeasible  104       111.00000   36.00000  67.6%  43.8  174s
 181459 99387 infeasible  102       111.00000   36.00000  67.6%  43.8  177s
 183037 105398   36.00000   59  143  111.00000   36.00000  67.6%  43.8  182s
 193822 106792   42.50000   54  121  111.00000   36.00000  67.6%  43.6  185s
 202675 112242     cutoff  113       111.00000   36.00000  67.6%  43.4  191s
H202936 112242                     110.9999960   36.00000  67.6%  43.4  191s
 206028 114056   39.70000   71   97  111.00000   36.00000  67.6%  43.4  195s
 217502 119944   39.83333   85   66  111.00000   36.00000  67.6%  43.5  208s
 217537 140060   39.84170   86   68  111.00000   36.00000  67.6%  43.5  222s
 249569 146407   78.16915  157   50  111.00000   36.00000  67.6%  42.9  226s
 261662 150456   95.02391   93   50  111.00000   36.00000  67.6%  42.4  231s
H268317 152268                     110.9999960   36.00000  67.6%  42.1  233s
 270797 154378   53.08333   92   70  111.00000   36.00000  67.6%  42.1  236s
H274550 157780                     110.9999960   36.00000  67.6%  42.1  240s
 283616 168775   70.12121  125   65  111.00000   36.00000  67.6%  41.9  248s
 296502 168801   36.66763  100  100  111.00000   36.00000  67.6%  41.6  257s
 298580 173660   54.41667  112   72  111.00000   36.00000  67.6%  41.6  263s
 305027 175480   71.66667  139   47  111.00000   36.00000  67.6%  41.5  266s
 317196 184771  106.82430  124   53  111.00000   36.00000  67.6%  41.1  273s
H319441 184771                     110.9999960   36.00000  67.6%  41.0  273s
 324035 187432   36.33333   88   88  111.00000   36.00000  67.6%  41.0  277s
 329212 190119   79.33978  103   87  111.00000   36.00000  67.6%  40.8  280s
 341815 196758  106.83340  139   47  111.00000   36.00000  67.6%  40.5  287s
 345669 200619   36.58333   91   87  111.00000   36.00000  67.6%  40.4  290s
 359567 206034   90.83333  123   50  111.00000   36.00000  67.6%  40.3  303s
 359605 209995   90.83333  124   57  111.00000   36.00000  67.6%  40.3  306s
 367254 212460 infeasible  104       111.00000   36.00000  67.6%  40.2  311s
 369472 217360   44.83752   97   81  111.00000   36.00000  67.6%  40.2  315s
 379409 222886   44.66667  115   69  111.00000   36.00000  67.6%  39.9  321s
 388005 228375     cutoff  108       111.00000   36.00000  67.6%  39.7  325s
H391351 228375                     110.9999959   36.00000  67.6%  39.7  325s
 398220 228993   46.25000  114   52  111.00000   36.00000  67.6%  39.5  336s
 404433 234086  103.16667  102   49  111.00000   36.00000  67.6%  39.4  342s
 406911 239018   96.91667  113   85  111.00000   36.00000  67.6%  39.4  346s
H416645 240430                     110.9999959   36.00000  67.6%  39.2  349s
 417825 243859   36.33333   88   73  111.00000   36.00000  67.6%  39.2  353s
 425529 247342   88.00000   99   63  111.00000   36.00000  67.6%  39.0  356s
H434953 249731                     110.9999958   36.00000  67.6%  39.0  359s
 436517 251568   68.16667  130   67  111.00000   36.00000  67.6%  39.0  362s
H436618 251568                     110.9999956   36.00000  67.6%  39.0  362s
H438449 251568                     110.9999956   36.00000  67.6%  39.0  362s
H439282 251568                     110.9999949   36.00000  67.6%  39.0  362s
 439572 254852   85.50000  152   35  110.99999   36.00000  67.6%  39.0  365s
H443890 254852                     110.9999949   36.00000  67.6%  38.9  365s
H444128 254852                     110.9999948   36.00000  67.6%  38.9  365s
H446297 256041                     110.9999948   36.00000  67.6%  38.9  369s
H446712 256041                     110.9999948   36.00000  67.6%  38.9  369s
H449055 256041                     110.9999947   36.00000  67.6%  38.9  369s
H449197 260143                     110.9999946   36.00000  67.6%  38.9  373s
 457948 261505   37.16667   96   85  110.99999   36.00000  67.6%  38.7  376s
H458101 261505                     110.9999944   36.00000  67.6%  38.7  376s
H460732 261530                     110.9999944   36.00000  67.6%  38.7  385s
H460759 261530                     110.9999943   36.00000  67.6%  38.7  385s
H460908 263308                     110.9999943   36.00000  67.6%  38.7  389s
H461762 263308                     110.9999943   36.00000  67.6%  38.7  389s
 464090 263343   85.83333  140   83  110.99999   36.00000  67.6%  38.7  397s
H464132 263343                     110.9999942   36.00000  67.6%  38.7  397s
 464133 265931   85.50000  139   63  110.99999   36.00000  67.6%  38.7  401s
 469819 265955   36.50000  103   86  110.99999   36.00000  67.6%  38.6  409s
H469858 265955                     110.9999942   36.00000  67.6%  38.6  409s
 469859 268102   36.63333  104   85  110.99999   36.00000  67.6%  38.6  412s
H470168 268102                     110.9999942   36.00000  67.6%  38.6  412s
H473310 268102                     110.9999942   36.00000  67.6%  38.6  412s
 474178 271520   45.83333  124   76  110.99999   36.00000  67.6%  38.6  416s
 481519 274900   74.50000   95   75  110.99999   36.00000  67.6%  38.5  420s
H486818 274900                     110.9999941   36.00000  67.6%  38.4  420s
 494420 282728   99.66667  142   35  110.99999   36.00000  67.6%  38.4  428s
 498474 287948   44.75000   98   71  110.99999   36.00000  67.6%  38.3  432s
 506131 289947     cutoff  136       110.99999   36.00000  67.6%  38.2  435s
 515899 296277   36.00000   82   82  110.99999   36.00000  67.6%  38.1  443s
H520685 296277                     110.9999941   36.00000  67.6%  38.0  443s
 521210 302343   93.50000  103   73  110.99999   36.00000  67.6%  38.0  447s
 534952 303352   55.91943  100   60  110.99999   36.00000  67.6%  37.9  457s
H536565 304580                     110.9999940   36.00000  67.6%  37.9  460s
 541371 311502   54.69697  101   95  110.99999   36.00000  67.6%  37.9  466s
H545385 311502                     110.9999940   36.00000  67.6%  37.8  466s
 549446 316290   61.23869  131   73  110.99999   36.00000  67.6%  37.8  471s
H551847 316290                     110.9999940   36.00000  67.6%  37.8  471s
 557782 317901   76.00000  163   43  110.99999   36.00000  67.6%  37.8  475s
 568372 323542 infeasible  101       110.99999   36.00000  67.6%  37.8  480s
 577379 327611   42.86979  123   96  110.99999   36.00000  67.6%  37.7  497s
 577419 332562   42.86979  124   91  110.99999   36.00000  67.6%  37.7  501s
 585280 336335   37.33333   79   90  110.99999   36.00000  67.6%  37.7  505s
 597852 345542   37.33333  105   97  110.99999   36.00000  67.6%  37.7  512s
 605104 348181   47.69697  116   65  110.99999   36.00000  67.6%  37.6  516s
 613375 352754   36.00000   86   99  110.99999   36.00000  67.6%  37.6  523s
 619610 358152   36.00000   84   89  110.99999   36.00000  67.6%  37.6  527s
 628997 358475  103.50000  120   65  110.99999   36.00000  67.6%  37.5  530s
 635601 364851   92.66943  125   64  110.99999   36.00000  67.6%  37.5  536s
H641252 364851                     110.9999938   36.00000  67.6%  37.5  536s
 642718 370045     cutoff  127       110.99999   36.00000  67.6%  37.5  542s
H647611 370045                     110.9999938   36.00000  67.6%  37.5  542s
 650723 374388   42.50000  106   89  110.99999   36.00000  67.6%  37.5  546s
H653796 374388                     110.9999938   36.00000  67.6%  37.5  546s
H661290 375213                     110.9999938   36.00000  67.6%  37.4  549s
 661906 377710   68.39394  135   64  110.99999   36.00000  67.6%  37.4  553s
 666644 382561   38.08333  118   84  110.99999   36.00000  67.6%  37.4  556s
 673824 382584   85.66667  125   55  110.99999   36.00000  67.6%  37.4  563s
 673865 383813   87.33333  125   61  110.99999   36.00000  67.6%  37.4  566s
 682866 389988   75.17105   89   87  110.99999   36.00000  67.6%  37.3  574s
 690956 391108   44.20441   94   72  110.99999   36.00000  67.6%  37.3  577s
 693308 395371   57.53593  106   85  110.99999   36.00000  67.6%  37.2  580s
 706574 399397   82.25000  150   47  110.99999   36.00000  67.6%  37.2  586s
 708623 403404 infeasible  154       110.99999   36.00000  67.6%  37.2  590s
H722307 407095                     110.9999923   36.00000  67.6%  37.1  594s
H724086 409047                     110.9999919   36.00000  67.6%  37.1  597s
 727757 409067   43.17932   92   92  110.99999   36.00000  67.6%  37.1  600s
H727758 409067                     110.9999911   36.00000  67.6%  37.1  600s

Cutting planes:
  Learned: 142
  Gomory: 30
  Cover: 328
  Implied bound: 114
  Clique: 95
  MIR: 630
  StrongCG: 1
  Flow cover: 1425
  GUB cover: 6
  Zero half: 2
  RLT: 106
  Relax-and-lift: 311

Cleanup yields a better solution

Explored 727801 nodes (26989526 simplex iterations) in 600.07 seconds
Thread count was 32 (of 64 available processors)

Solution count 10: 111 111 111 ... 111

Time limit reached
Best objective 1.109634146726e+02, best bound 3.600000000000e+01, gap 67.5569%

Gurobi 9.1.2 (linux64) logging started Tue Apr  5 09:04:31 2022

Changed value of parameter LogFile to cost226_v-Lyon.log
   Prev:   Default: 
Changed value of parameter MIPFocus to 1
   Prev: 0  Min: 0  Max: 3  Default: 0
Changed value of parameter TimeLimit to 1200.0
   Prev: inf  Min: 0.0  Max: inf  Default: inf
Warning: variables 0 and 188 have the same name "X[Lyon,Paris]"
Warning: linear constraint 228 and linear constraint 229 have the same name "weight-constr-t5"
Warning: to let Gurobi read it back, use rlp format
Gurobi Optimizer version 9.1.2 build v9.1.2rc0 (linux64)
Thread count: 32 physical cores, 64 logical processors, using up to 32 threads
Optimize a model with 1356 rows, 1128 columns and 3972 nonzeros
Model fingerprint: 0xc7f567dc
Variable types: 222 continuous, 906 integer (906 binary)
Coefficient statistics:
  Matrix range     [1e+00, 1e+06]
  Objective range  [2e-01, 2e-01]
  Bounds range     [1e+00, 5e+05]
  RHS range        [1e+00, 1e+06]
Presolve removed 90 rows and 102 columns
Presolve time: 0.01s
Presolved: 1266 rows, 1026 columns, 6396 nonzeros
Variable types: 216 continuous, 810 integer (810 binary)

Root relaxation: objective 3.600000e+01, 149 iterations, 0.00 seconds

    Nodes    |    Current Node    |     Objective Bounds      |     Work
 Expl Unexpl |  Obj  Depth IntInf | Incumbent    BestBd   Gap | It/Node Time

     0     0   36.00000    0   53          -   36.00000      -     -    0s
     0     0   36.00000    0   64          -   36.00000      -     -    0s
     0     0   36.00000    0   54          -   36.00000      -     -    0s
     0     0   36.00000    0   52          -   36.00000      -     -    0s
H    0     0                    2101.3333297   36.00000  98.3%     -    0s
     0     0   36.00000    0   46 2101.33333   36.00000  98.3%     -    0s
H    0     0                    2100.9999964   36.00000  98.3%     -    0s
     0     0   36.00000    0   46 2101.00000   36.00000  98.3%     -    0s
H    0     0                    1059.3333332   36.00000  96.6%     -    0s
H    0     0                    1057.5000000   36.00000  96.6%     -    0s
H    0     0                    1056.9999998   36.00000  96.6%     -    0s
     0     2   36.00000    0   46 1057.00000   36.00000  96.6%     -    0s
H   29    54                    1056.8333332   36.00000  96.6%  20.0    0s
H   31    54                    1056.6666665   36.00000  96.6%  18.9    0s
H   37    54                    1056.3333332   36.00000  96.6%  16.3    0s
H   89   118                     370.5000000   36.00000  90.3%  11.0    1s
H   89   118                     189.6666667   36.00000  81.0%  11.0    1s
H   90   118                     120.8333333   36.00000  70.2%  11.1    1s
H  153   182                     120.3333333   36.00000  70.1%   8.4    2s
H  156   182                     119.8333333   36.00000  70.0%   8.3    2s
H  158   182                     119.1666667   36.00000  69.8%   8.2    2s
H  162   182                     119.0000000   36.00000  69.7%   8.1    2s
H  173   182                     118.1666667   36.00000  69.5%   7.8    2s
H  249   278                     115.1666667   36.00000  68.7%   6.5    2s
H  255   278                     115.1666666   36.00000  68.7%   6.4    2s
H  268   278                     115.1666665   36.00000  68.7%   6.5    2s
H  630   825                     115.1666664   36.00000  68.7%   5.6    3s
H 1106  1354                     115.1666655   36.00000  68.7%   5.7    3s
H 4972  5906                     115.0000000   36.00000  68.7%   5.8    5s
H 9585  8008                     114.6666667   36.00000  68.6%   8.9    7s
  9675  8070   36.00000   25  119  114.66667   36.00000  68.6%   9.5   10s
H 9687  7670                     114.6666667   36.00000  68.6%   9.8   10s
H 9702  7289                     113.3333333   36.00000  68.2%  10.4   10s
H 9703  6931                     113.1666667   36.00000  68.2%  10.4   10s
H 9709  6621                     112.5000000   36.00000  68.0%  10.4   10s
H 9711  6298                     112.3333333   36.00000  68.0%  10.4   10s
H 9713  5991                     112.2222222   36.00000  67.9%  10.5   10s
H 9730  5694                     112.1666667   36.00000  67.9%  10.7   10s
H 9827  5464                     111.8333333   36.00000  67.8%  11.4   11s
H10142  5447                     111.3333333   36.00000  67.7%  13.0   12s
H10341  5522                     111.1666667   36.00000  67.6%  13.7   12s
H10347  5283                     111.0000000   36.00000  67.6%  13.7   12s
H10909  5506                     111.0000000   36.00000  67.6%  15.6   13s
 13310  5965   36.16667   40  155  111.00000   36.00000  67.6%  22.8   17s
 14775  7433   37.00000   38  118  111.00000   36.00000  67.6%  26.9   20s
 21177  8920   36.43095   39  127  111.00000   36.00000  67.6%  36.0   27s
 26061 13205   57.00000   51  136  111.00000   36.00000  67.6%  40.1   30s
 28511 13813   36.00000   35  108  111.00000   36.00000  67.6%  41.8   35s
 38199 20188   81.50738   61  104  111.00000   36.00000  67.6%  45.3   40s
 42532 23842   36.16667   33  136  111.00000   36.00000  67.6%  46.2   45s
 53475 30391   39.66667   69  109  111.00000   36.00000  67.6%  48.4   52s
H53583 30391                     110.9999462   36.00000  67.6%  48.5   52s
 58290 33664   67.66848   73  104  110.99995   36.00000  67.6%  48.9   58s
 58765 54852     cutoff   74       110.99995   36.00000  67.6%  48.9   67s
 90797 60234     cutoff   71       110.99995   36.00000  67.6%  50.2   70s
 98982 65467  104.20515   70   94  110.99995   36.00000  67.6%  50.9   77s
H99555 65467                     110.9999461   36.00000  67.6%  51.0   77s
 106717 66102   52.33333   56  114  110.99995   36.00000  67.6%  51.9   80s
 114640 76142   75.02207   82   72  110.99995   36.00000  67.6%  52.6   86s
 123332 77104   37.25000   77  103  110.99995   36.00000  67.6%  52.9   90s
 124637 98503   37.08333   77   95  110.99995   36.00000  67.6%  53.2   99s
 156669 105869   36.33333   76  133  110.99995   36.00000  67.6%  56.1  101s
 167090 105893   49.83333   46   97  110.99995   36.00000  67.6%  56.3  110s
 172990 112232   87.66667   72  122  110.99995   36.00000  67.6%  56.4  116s
 177197 112732   46.16667   79  103  110.99995   36.00000  67.6%  56.7  120s
 183301 116605 infeasible   98       110.99995   36.00000  67.6%  57.0  127s
 186501 128012   81.08333   72   76  110.99995   36.00000  67.6%  57.5  132s
 201397 132383   36.50000   65  125  110.99995   36.00000  67.6%  57.7  135s
 208617 134701   36.01389   46  117  110.99995   36.00000  67.6%  58.0  140s
 218791 148302   41.00000   52  111  110.99995   36.00000  67.6%  58.2  147s
H218800 148297                     110.8333333   36.00000  67.5%  58.2  147s
H229700 149135                     110.6666667   36.00000  67.5%  58.4  149s
H229739 149065                     110.1666667   36.00000  67.3%  58.4  149s
 230776 149088   36.00000   49  114  110.16667   36.00000  67.3%  58.4  155s
H232523 151297                     110.0000000   36.00000  67.3%  58.5  157s
 234110 155083   36.16708   84  131  110.00000   36.00000  67.3%  58.5  160s
H236796 155083                     109.9999994   36.00000  67.3%  58.6  160s
H241033 157257                     109.9999994   36.00000  67.3%  58.6  162s
H243598 157257                     109.9999990   36.00000  67.3%  58.6  162s
H244752 161184                     109.9999990   36.00000  67.3%  58.7  164s
 248737 166247   36.00000   64  135  110.00000   36.00000  67.3%  59.0  168s
H254691 166247                     109.9999988   36.00000  67.3%  58.9  168s
 255591 170490   46.38163  114  105  110.00000   36.00000  67.3%  58.9  170s
 264538 177505 infeasible   79       110.00000   36.00000  67.3%  59.2  175s
H265105 177505                     109.9999977   36.00000  67.3%  59.2  175s
H268850 177454                     109.6666667   36.00000  67.2%  59.3  175s
H271928 180241                     109.1666667   36.00000  67.0%  59.3  178s
H275426 180211                     109.0000000   36.00000  67.0%  59.5  178s
 275534 183945   60.01825   71   89  109.00000   36.00000  67.0%  59.5  181s
H284894 188418                     108.9999995   36.00000  67.0%  59.7  184s
 287099 191353   36.00000   47  144  109.00000   36.00000  67.0%  59.7  187s
 296041 198839   41.00000   65  101  109.00000   36.00000  67.0%  59.8  193s
 302261 203314     cutoff   65       109.00000   36.00000  67.0%  59.8  196s
H313922 207476                     108.9999979   36.00000  67.0%  59.8  199s
 315238 212576   54.50000   72  113  109.00000   36.00000  67.0%  59.9  202s
 326232 218689   63.33333   63  129  109.00000   36.00000  67.0%  60.0  207s
 331822 223020   76.83333   87   62  109.00000   36.00000  67.0%  60.0  210s
 345987 230042   37.16667   75   93  109.00000   36.00000  67.0%  60.2  216s
 348036 230274   37.16667   76   94  109.00000   36.00000  67.0%  60.4  220s
 351902 239090   41.75613  107   94  109.00000   36.00000  67.0%  60.7  227s
 360611 243003   86.33333  106   82  109.00000   36.00000  67.0%  60.4  230s
 373017 251662   36.16667   38  142  109.00000   36.00000  67.0%  60.4  236s
 384283 257322 infeasible   99       109.00000   36.00000  67.0%  60.5  242s
 387959 263460   38.33333   87  117  109.00000   36.00000  67.0%  60.6  245s
 402958 271017 infeasible   78       109.00000   36.00000  67.0%  60.5  250s
H416115 276144                     108.9999935   36.00000  67.0%  60.4  253s
 417546 278018   62.50833   49   92  108.99999   36.00000  67.0%  60.4  255s
 426053 284238   63.50000   78  139  108.99999   36.00000  67.0%  60.6  260s
 434695 290869   46.33333   79   76  108.99999   36.00000  67.0%  60.6  266s
 439859 295562   43.83437   58  130  108.99999   36.00000  67.0%  60.4  270s
 450473 302603   91.50216   78  100  108.99999   36.00000  67.0%  60.5  276s
 461836 311334   42.40756   88  121  108.99999   36.00000  67.0%  60.7  282s
 469023 315411   91.88710   76   81  108.99999   36.00000  67.0%  60.7  285s
 480185 321941   66.66667   67  106  108.99999   36.00000  67.0%  60.6  291s
 490435 329999   36.00469   66  126  108.99999   36.00000  67.0%  60.6  296s
 498074 332470     cutoff   90       108.99999   36.00000  67.0%  60.5  300s
 514084 341945   36.50000   85  154  108.99999   36.00000  67.0%  60.5  307s
 523661 349389   59.66667   65   91  108.99999   36.00000  67.0%  60.7  312s
 527606 350076 infeasible   76       108.99999   36.00000  67.0%  60.7  316s
 528569 371023  103.66771   76   91  108.99999   36.00000  67.0%  60.7  329s
 559662 371390 infeasible   90       108.99999   36.00000  67.0%  60.6  332s
 560237 392691   78.35274   91   90  108.99999   36.00000  67.0%  60.6  343s
 592269 396396   48.16667   91  100  108.99999   36.00000  67.0%  60.5  346s
 606342 404157 infeasible   77       108.99999   36.00000  67.0%  60.5  351s
 615897 409334   47.33542  106  111  108.99999   36.00000  67.0%  60.5  357s
 624387 416370   47.66667   83  100  108.99999   36.00000  67.0%  60.4  362s
 629182 420767   61.33333  100  109  108.99999   36.00000  67.0%  60.4  366s
 641307 428106   38.66667   63  135  108.99999   36.00000  67.0%  60.3  371s
 651570 433789   42.33409  111  128  108.99999   36.00000  67.0%  60.3  377s
 655582 438425   36.16667   59  141  108.99999   36.00000  67.0%  60.3  380s
 667611 445533 infeasible   96       108.99999   36.00000  67.0%  60.3  386s
 677392 450701   36.83333   65  123  108.99999   36.00000  67.0%  60.2  392s
 687368 458032   36.16667   52  143  108.99999   36.00000  67.0%  60.2  398s
 694418 460582   45.00000   71  104  108.99999   36.00000  67.0%  60.1  401s
 704092 466822   41.51389  106  114  108.99999   36.00000  67.0%  60.2  406s
 714928 475628     cutoff   77       108.99999   36.00000  67.0%  60.1  412s
 721625 478833   87.66667   97   83  108.99999   36.00000  67.0%  60.1  415s
 733614 486889   44.33333  124   80  108.99999   36.00000  67.0%  60.2  420s
 746046 493343   77.74320   61  112  108.99999   36.00000  67.0%  60.2  425s
 757015 500863   46.85227   87  141  108.99999   36.00000  67.0%  60.3  431s
 766348 507018   41.02021  113  148  108.99999   36.00000  67.0%  60.2  437s
 770941 511887   73.83333  132   71  108.99999   36.00000  67.0%  60.3  440s
 780743 518041   78.16667   68   64  108.99999   36.00000  67.0%  60.4  445s
 793293 522493     cutoff   79       108.99999   36.00000  67.0%  60.3  451s
 802458 528479   50.00000  107  116  108.99999   36.00000  67.0%  60.3  456s
 812918 536594   42.34223   52  153  108.99999   36.00000  67.0%  60.4  462s
 818973 540042   47.34306   78  107  108.99999   36.00000  67.0%  60.4  465s
 827761 546281   77.61572   82  141  108.99999   36.00000  67.0%  60.4  471s
 838122 553402   36.00000   32  170  108.99999   36.00000  67.0%  60.4  477s
 844910 557265   36.00000   70  141  108.99999   36.00000  67.0%  60.4  480s
 855928 563388   42.00919   86  100  108.99999   36.00000  67.0%  60.5  487s
 860026 567407   90.33403  120   74  108.99999   36.00000  67.0%  60.5  491s
 865909 571692 infeasible  113       108.99999   36.00000  67.0%  60.6  497s
 872249 576782   57.16667  147   61  108.99999   36.00000  67.0%  60.5  500s
 885286 584068 infeasible   92       108.99999   36.00000  67.0%  60.5  506s
 896893 589582   90.91667   98   63  108.99999   36.00000  67.0%  60.4  512s
 902401 593393   60.33333  103   76  108.99999   36.00000  67.0%  60.4  515s
 914328 601384   36.00000   60  115  108.99999   36.00000  67.0%  60.5  522s
 919602 605836   38.66858   86  138  108.99999   36.00000  67.0%  60.5  525s
 930568 611713     cutoff   82       108.99999   36.00000  67.0%  60.5  530s
 941761 618780   46.50000   64  117  108.99999   36.00000  67.0%  60.6  537s
 945456 622734   38.19697   78  135  108.99999   36.00000  67.0%  60.6  540s
 952852 628140   43.50000  109  116  108.99999   36.00000  67.0%  60.7  546s
 958736 632438   41.50069  125   86  108.99999   36.00000  67.0%  60.8  550s
 972994 638864   62.83333   99  101  108.99999   36.00000  67.0%  60.7  556s
 984321 645394   36.01389   78  151  108.99999   36.00000  67.0%  60.7  562s
 988130 648689   39.45833   80  138  108.99999   36.00000  67.0%  60.7  565s
 995980 651060   45.67028  125  149  108.99999   36.00000  67.0%  60.7  572s
 996180 654305   46.66667  133  144  108.99999   36.00000  67.0%  60.7  576s
 1007499 658343   51.22058  102  143  108.99999   36.00000  67.0%  60.7  583s
 1008030 677342   67.08714  103  150  108.99999   36.00000  67.0%  60.7  597s
 1040062 681368   49.87743  121   85  108.99999   36.00000  67.0%  60.7  600s
 1049905 688287  103.35278  101   87  108.99999   36.00000  67.0%  60.7  605s
 1061168 693818   36.00000   88  108  108.99999   36.00000  67.0%  60.7  611s
 1069698 699888   36.00000   65  119  108.99999   36.00000  67.0%  60.8  617s
 1074520 704092 infeasible   78       108.99999   36.00000  67.0%  60.8  620s
 1088363 710626   36.33333   55  129  108.99999   36.00000  67.0%  60.8  625s
 1100949 718705   36.00000   65  134  108.99999   36.00000  67.0%  60.8  632s
 1106315 723684   39.51176  115  137  108.99999   36.00000  67.0%  60.7  635s
 1125012 733896   59.16934  103  109  108.99999   36.00000  67.0%  60.7  642s
 1131808 737138   46.83333   81  110  108.99999   36.00000  67.0%  60.7  645s
 1143423 745177   74.88072  159   93  108.99999   36.00000  67.0%  60.7  651s
 1148099 748881   36.83611   81  114  108.99999   36.00000  67.0%  60.8  655s
 1158314 756436   37.66672   96  134  108.99999   36.00000  67.0%  60.8  661s
 1171967 763280     cutoff   98       108.99999   36.00000  67.0%  60.8  666s
 1181805 769929   42.00000  113  111  108.99999   36.00000  67.0%  60.7  673s
 1188599 772039   48.54167  105   97  108.99999   36.00000  67.0%  60.8  676s
 1198232 781045   36.18056   68  153  108.99999   36.00000  67.0%  60.8  681s
 1203703 784777   37.17391   74  147  108.99999   36.00000  67.0%  60.9  685s
 1215635 792182   91.66667  114   90  108.99999   36.00000  67.0%  60.9  691s
 1226862 797982   36.00792   78  151  108.99999   36.00000  67.0%  60.8  697s
 1231913 802553   66.85190   91  113  108.99999   36.00000  67.0%  60.8  700s
 1242854 807312   42.83333   69  129  108.99999   36.00000  67.0%  60.8  706s
 1249895 812472   44.02404  107  112  108.99999   36.00000  67.0%  60.8  712s
 1254611 815554   55.83333  132   77  108.99999   36.00000  67.0%  60.8  715s
 1266538 823068   37.05303   87  113  108.99999   36.00000  67.0%  60.8  721s
 1271684 826980   51.83333   69  110  108.99999   36.00000  67.0%  60.8  725s
 1283041 833236   36.16700   74  160  108.99999   36.00000  67.0%  60.8  731s
 1295382 839646   46.83333  101  152  108.99999   36.00000  67.0%  60.7  737s
 1299814 844931   40.43776   83  118  108.99999   36.00000  67.0%  60.7  741s
 1311706 851600   40.04634  104  121  108.99999   36.00000  67.0%  60.8  747s
 1317882 853982   46.12012   96  176  108.99999   36.00000  67.0%  60.8  750s
 1328851 859917   37.19732   60  138  108.99999   36.00000  67.0%  60.8  756s
 1331835 867253   83.16667  125   53  108.99999   36.00000  67.0%  60.8  762s
 1349066 873589   75.08845   83   99  108.99999   36.00000  67.0%  60.8  767s
 1355350 876448   49.50000  100  161  108.99999   36.00000  67.0%  60.7  770s
 1366660 883097   42.87809  121  111  108.99999   36.00000  67.0%  60.7  775s
 1378487 889733   96.25019  111  106  108.99999   36.00000  67.0%  60.7  781s
 1389778 897673   72.27875  103   84  108.99999   36.00000  67.0%  60.6  787s
 1399391 903052   36.17236   97  128  108.99999   36.00000  67.0%  60.7  792s
 1404886 906155   41.51538   92   93  108.99999   36.00000  67.0%  60.7  796s
 1416955 911045   40.24322  113  109  108.99999   36.00000  67.0%  60.7  802s
 1417082 914228   70.83756  113  105  108.99999   36.00000  67.0%  60.7  805s
H1422506 917509                     108.9999816   36.00000  67.0%  60.7  808s
 1427283 920854   36.00000   71  140  108.99998   36.00000  67.0%  60.7  811s
H1429307 920854                     108.9999816   36.00000  67.0%  60.7  811s
H1430728 920854                     108.9999806   36.00000  67.0%  60.7  811s
 1437286 926858   49.50000  120   84  108.99998   36.00000  67.0%  60.7  817s
 1442420 931671   47.83333   97  118  108.99998   36.00000  67.0%  60.7  820s
 1456421 938721  100.50653  115   89  108.99998   36.00000  67.0%  60.6  827s
 1466572 940923   56.66667   97  111  108.99998   36.00000  67.0%  60.6  830s
 1473117 948277   37.16667   82  144  108.99998   36.00000  67.0%  60.6  836s
 1483863 955260   37.50000   80  141  108.99998   36.00000  67.0%  60.6  841s
 1495722 961184   37.16667  123  160  108.99998   36.00000  67.0%  60.6  846s
 1503823 967636   38.38889   71  130  108.99998   36.00000  67.0%  60.6  852s
 1510436 970372   36.00000   86  165  108.99998   36.00000  67.0%  60.6  855s
 1520119 977678   36.00000   64  147  108.99998   36.00000  67.0%  60.7  861s
 1531473 984032   37.50000   95  131  108.99998   36.00000  67.0%  60.7  867s
 1535908 988062   78.50000  101   68  108.99998   36.00000  67.0%  60.7  870s
 1548129 995289   61.00000  112   70  108.99998   36.00000  67.0%  60.6  876s
 1558400 1001085   36.16667   91  136  108.99998   36.00000  67.0%  60.6  882s
 1563889 1003715   39.84640  114  138  108.99998   36.00000  67.0%  60.6  885s
 1575340 1011476     cutoff   88       108.99998   36.00000  67.0%  60.6  892s
 1583029 1015323   36.33333   84  124  108.99998   36.00000  67.0%  60.5  895s
 1595099 1020666  107.33525  124   69  108.99998   36.00000  67.0%  60.5  900s
 1604132 1027089   37.83333   72  120  108.99998   36.00000  67.0%  60.5  906s
 1616026 1034741 infeasible  108       108.99998   36.00000  67.0%  60.5  912s
 1621671 1037744   39.17033   87  153  108.99998   36.00000  67.0%  60.4  915s
 1632059 1043548   36.16667   76  149  108.99998   36.00000  67.0%  60.4  921s
 1638296 1045590   48.50253  102  150  108.99998   36.00000  67.0%  60.4  925s
 1647196 1051174   58.00000   94  119  108.99998   36.00000  67.0%  60.4  931s
 1660442 1059356   50.66667  104  131  108.99998   36.00000  67.0%  60.4  937s
 1665404 1063812   89.74692  115   58  108.99998   36.00000  67.0%  60.4  941s
 1675782 1069679   94.49773   84   99  108.99998   36.00000  67.0%  60.4  947s
 1681447 1072957   44.33333   96   99  108.99998   36.00000  67.0%  60.4  950s
 1693577 1078985   58.50000   96  110  108.99998   36.00000  67.0%  60.3  956s
 1701540 1085731   36.00000   69  164  108.99998   36.00000  67.0%  60.4  962s
 1708357 1088546   60.33472  146   88  108.99998   36.00000  67.0%  60.4  966s
 1719105 1095460   50.59277  118  119  108.99998   36.00000  67.0%  60.4  972s
 1724334 1099363   36.00000   81  151  108.99998   36.00000  67.0%  60.4  975s
 1735346 1106574   60.54167  101  133  108.99998   36.00000  67.0%  60.4  981s
 1741849 1109884   38.50000   87  110  108.99998   36.00000  67.0%  60.4  985s
 1753986 1116038 infeasible  139       108.99998   36.00000  67.0%  60.3  991s
 1761812 1122890   36.00000   73  128  108.99998   36.00000  67.0%  60.4  997s
 1767455 1125384   57.41808   95  116  108.99998   36.00000  67.0%  60.4 1000s
 1776483 1132051 infeasible  105       108.99998   36.00000  67.0%  60.3 1006s
 1783180 1135118   38.59848   98  136  108.99998   36.00000  67.0%  60.3 1010s
 1792754 1142027 infeasible  107       108.99998   36.00000  67.0%  60.3 1016s
 1803978 1148068   77.89490  113   76  108.99998   36.00000  67.0%  60.3 1022s
 1808841 1151684   54.58988   96  130  108.99998   36.00000  67.0%  60.3 1026s
 1822151 1159613 infeasible  122       108.99998   36.00000  67.0%  60.3 1032s
 1826327 1164164   36.00000   85  120  108.99998   36.00000  67.0%  60.3 1036s
 1839585 1170713     cutoff   81       108.99998   36.00000  67.0%  60.3 1042s
 1845048 1173271   36.16667   68  111  108.99998   36.00000  67.0%  60.3 1045s
 1855116 1180058 infeasible   82       108.99998   36.00000  67.0%  60.3 1050s
 1865385 1183620   46.16684  101  114  108.99998   36.00000  67.0%  60.3 1058s
 1865421 1202572   46.16788  102  114  108.99998   36.00000  67.0%  60.3 1070s
 1897453 1205727 infeasible  103       108.99998   36.00000  67.0%  60.2 1075s
 1907123 1212882   43.06693  116   88  108.99998   36.00000  67.0%  60.2 1081s
 1913768 1216637   36.00000   74  125  108.99998   36.00000  67.0%  60.2 1085s
 1926189 1223146   40.83333  119  102  108.99998   36.00000  67.0%  60.2 1091s
 1934565 1229624   39.29167  113  106  108.99998   36.00000  67.0%  60.2 1099s
 1939432 1234982   47.16667  103   87  108.99998   36.00000  67.0%  60.2 1103s
 1947460 1237242   45.76515  108  124  108.99998   36.00000  67.0%  60.2 1106s
 1958982 1244057   36.00000   75  137  108.99998   36.00000  67.0%  60.1 1112s
 1962728 1250649   36.01559   73  163  108.99998   36.00000  67.0%  60.1 1116s
H1973886 1253372                     108.9992783   36.00000  67.0%  60.1 1119s
 1976502 1257733   36.50000   80  133  108.99928   36.00000  67.0%  60.1 1122s
H1977308 1257733                     108.9992770   36.00000  67.0%  60.1 1122s
 1983713 1260946   39.33333   83  116  108.99928   36.00000  67.0%  60.1 1125s
 1994354 1267210   68.50000  149   66  108.99928   36.00000  67.0%  60.1 1131s
 2003856 1273704   39.66667  110   98  108.99928   36.00000  67.0%  60.1 1137s
 2008065 1277982   41.86364  120   96  108.99928   36.00000  67.0%  60.1 1140s
 2017834 1283567   43.00000  126   97  108.99928   36.00000  67.0%  60.1 1146s
 2023003 1287164   38.84936  100  122  108.99928   36.00000  67.0%  60.1 1150s
 2036021 1294890   56.33333  118   85  108.99928   36.00000  67.0%  60.1 1156s
 2048244 1301633   72.16667   88  125  108.99928   36.00000  67.0%  60.1 1162s
 2052844 1306342   36.66667   88  127  108.99928   36.00000  67.0%  60.1 1165s
 2065636 1312947   36.00000   76  143  108.99928   36.00000  67.0%  60.1 1172s
 2069766 1316937   89.83333  131   57  108.99928   36.00000  67.0%  60.1 1175s
 2082916 1324284   36.83333   83  140  108.99928   36.00000  67.0%  60.0 1181s
 2093862 1330164   42.36519  108  127  108.99928   36.00000  67.0%  60.0 1186s
 2102536 1336841   73.10417  133  120  108.99928   36.00000  67.0%  60.0 1192s
 2110724 1339352   66.33333  112   92  108.99928   36.00000  67.0%  60.0 1196s
 2114530 1343531   36.00725   77  123  108.99928   36.00000  67.0%  60.0 1200s

Cutting planes:
  Learned: 201
  Gomory: 16
  Cover: 136
  Implied bound: 91
  Clique: 36
  MIR: 602
  StrongCG: 1
  Flow cover: 1322
  GUB cover: 2
  Inf proof: 1
  RLT: 274
  Relax-and-lift: 250

Cleanup yields a better solution

Explored 2120835 nodes (127176726 simplex iterations) in 1200.11 seconds
Thread count was 32 (of 64 available processors)

Solution count 10: 108.999 109 109 ... 110

Time limit reached
Best objective 1.073390050675e+02, best bound 3.600000000000e+01, gap 66.4614%
