
Gurobi 9.1.2 (linux64) logging started Wed Mar 30 00:59:31 2022

Changed value of parameter LogFile to cost226_v-Berlin.log
   Prev:   Default: 
Changed value of parameter MIPFocus to 1
   Prev: 0  Min: 0  Max: 3  Default: 0
Changed value of parameter TimeLimit to 600.0
   Prev: inf  Min: 0.0  Max: inf  Default: inf
Warning: variables 0 and 188 have the same name "X[Brussels,Amste...]"
Warning: linear constraint 228 and linear constraint 229 have the same name "weight-constr-t5"
Warning: to let Gurobi read it back, use rlp format
Gurobi Optimizer version 9.1.2 build v9.1.2rc0 (linux64)
Thread count: 32 physical cores, 64 logical processors, using up to 32 threads
Optimize a model with 1332 rows, 1128 columns and 3912 nonzeros
Model fingerprint: 0x55616b2c
Variable types: 222 continuous, 906 integer (906 binary)
Coefficient statistics:
  Matrix range     [1e+00, 1e+06]
  Objective range  [2e-01, 2e-01]
  Bounds range     [1e+00, 5e+05]
  RHS range        [1e+00, 1e+06]
Presolve removed 114 rows and 138 columns
Presolve time: 0.01s
Presolved: 1218 rows, 990 columns, 6108 nonzeros
Variable types: 216 continuous, 774 integer (774 binary)

Root relaxation: objective 3.600000e+01, 147 iterations, 0.00 seconds

    Nodes    |    Current Node    |     Objective Bounds      |     Work
 Expl Unexpl |  Obj  Depth IntInf | Incumbent    BestBd   Gap | It/Node Time

     0     0   36.00000    0   52          -   36.00000      -     -    0s
     0     0   36.00000    0   60          -   36.00000      -     -    0s
H    0     0                    1080.4999995   36.00000  96.7%     -    0s
H    0     0                    1080.1666666   36.00000  96.7%     -    0s
     0     0   36.00000    0   60 1080.16667   36.00000  96.7%     -    0s
H    0     0                    1077.1666666   36.00000  96.7%     -    0s
H    0     0                    1073.1666662   36.00000  96.6%     -    0s
     0     0   36.00000    0   43 1073.16667   36.00000  96.6%     -    0s
H    0     0                    1072.9999995   36.00000  96.6%     -    0s
     0     0   36.00000    0   45 1073.00000   36.00000  96.6%     -    0s
H    0     0                    1072.8333329   36.00000  96.6%     -    0s
H    0     0                     236.4999999   36.00000  84.8%     -    0s
     0     0   36.00000    0   40  236.50000   36.00000  84.8%     -    0s
H    0     0                     184.6666666   36.00000  80.5%     -    0s
H    0     0                     184.5000000   36.00000  80.5%     -    0s
H    0     0                     164.8333333   36.00000  78.2%     -    0s
     0     0   36.00000    0   40  164.83333   36.00000  78.2%     -    0s
     0     0   36.00000    0   38  164.83333   36.00000  78.2%     -    0s
H    0     0                     163.8333333   36.00000  78.0%     -    0s
     0     0   36.00000    0   40  163.83333   36.00000  78.0%     -    0s
     0     0   36.00000    0   38  163.83333   36.00000  78.0%     -    0s
H    0     0                     131.6668637   36.00000  72.7%     -    0s
H    0     0                     111.8333333   36.00000  67.8%     -    0s
     0     2   36.00000    0   31  111.83333   36.00000  67.8%     -    0s
H    1     4                     111.5000000   36.00000  67.7%   517    0s
H   38    58                     101.8333333   36.00000  64.6%  25.7    0s
H   45    58                     101.6666667   36.00000  64.6%  22.8    0s
H   61    90                     101.1666667   36.00000  64.4%  19.2    1s
H   68    90                     100.6666667   36.00000  64.2%  17.7    1s
H   87    90                     100.1666667   36.00000  64.1%  15.1    1s
H   93   122                     100.0000000   36.00000  64.0%  14.4    2s
H   99   122                      99.3333333   36.00000  63.8%  14.2    2s
H  103   122                      99.1666667   36.00000  63.7%  13.9    2s
H  109   122                      97.8333333   36.00000  63.2%  13.5    2s
H  118   122                      96.5000000   36.00000  62.7%  12.8    2s
H  157   186                      95.5000000   36.00000  62.3%  11.2    3s
H  160   186                      94.5000000   36.00000  61.9%  11.2    3s
H  261   282                      94.3333333   36.00000  61.8%  10.4    3s
H  266   282                      93.6666667   36.00000  61.6%  10.3    3s
  1369  1560   41.50000   46   27   93.66667   36.00000  61.6%   7.6    5s
H 1376  1560                      93.5000000   36.00000  61.5%   7.6    5s
H 1384  1560                      93.1666667   36.00000  61.4%   7.6    5s
H 1472  1560                      86.6666667   36.00000  58.5%   7.5    5s
H 1626  2358                      86.5000000   36.00000  58.4%   7.4    5s
H 1685  2358                      86.3333333   36.00000  58.3%   7.4    5s
H 2129  2358                      86.1666667   36.00000  58.2%   7.3    5s
H 2512  2388                      86.0000000   36.00000  58.1%   7.2    6s
H 2514  2388                      85.1666667   36.00000  57.7%   7.2    6s
H 2518  2388                      82.0000000   36.00000  56.1%   7.2    6s
H 2524  2388                      80.1666667   36.00000  55.1%   7.2    6s
H 2537  2388                      79.1666667   36.00000  54.5%   7.2    6s
H 2589  2448                      78.8333333   36.00000  54.3%   7.2    7s
H 2893  3621                      78.7777778   36.00000  54.3%   7.0    7s
H 3999  4011                      76.7777778   36.00000  53.1%   6.7    9s
H 4591  4125                      76.7777778   36.00000  53.1%   6.6    9s
H 4614  4125                      76.7777777   36.00000  53.1%   6.6    9s
H 4617  4125                      76.7777776   36.00000  53.1%   6.6    9s
  4626  6009   37.00000   35   31   76.77778   36.00000  53.1%   6.6   10s
H 6849  6575                      76.5555556   36.00000  53.0%   6.5   10s
H 6849  6565                      75.9444444   36.00000  52.6%   6.5   10s
H 7603  6240                      75.7777778   36.00000  52.5%   6.5   11s
H 7607  5930                      75.6111111   36.00000  52.4%   6.5   11s
H 7610  5635                      75.5000000   36.00000  52.3%   6.5   11s
H 7726  5444                      75.4999994   36.00000  52.3%   9.8   12s
H 7770  5225                      75.4444444   36.00000  52.3%   9.9   12s
H 7783  4966                      75.3333333   36.00000  52.2%   9.9   12s
 11970  6680   36.00000   73  101   75.33333   36.00000  52.2%  20.0   15s
 16726  8653   72.50000   36  107   75.33333   36.00000  52.2%  29.1   21s
H16762  8400                      75.3333333   36.00000  52.2%  29.2   21s
H17676  8499                      75.3333333   36.00000  52.2%  29.9   22s
H17990  8702                      75.3333333   36.00000  52.2%  30.3   23s
 24621 11568   41.04934   64  130   75.33333   36.00000  52.2%  34.1   28s
H24633 11568                      75.3333333   36.00000  52.2%  34.1   28s
H24656 11568                      75.3333333   36.00000  52.2%  34.1   28s
H24980 13097                      75.3333331   36.00000  52.2%  34.3   28s
H25621 13097                      75.3333331   36.00000  52.2%  34.8   28s
H27510 13827                      75.3333329   36.00000  52.2%  35.7   29s
H27582 13827                      75.3333328   36.00000  52.2%  35.7   29s
 28224 15638   37.33333   47  122   75.33333   36.00000  52.2%  36.1   30s
H28300 15638                      75.3333327   36.00000  52.2%  36.1   30s
 43664 26484   36.00000   37  140   75.33333   36.00000  52.2%  40.5   35s
H48302 27448                      75.3333327   36.00000  52.2%  41.7   36s
H53290 30982                      75.3333315   36.00000  52.2%  42.3   38s
 54790 33751   69.03528   80   84   75.33333   36.00000  52.2%  42.5   40s
H54800 33751                      75.3333312   36.00000  52.2%  42.5   40s
H58877 33751                      75.3333312   36.00000  52.2%  43.2   40s
H60683 35070                      75.3333298   36.00000  52.2%  43.2   41s
 65134 42441   42.50000   42  107   75.33333   36.00000  52.2%  43.5   45s
H77510 45998                      75.3333295   36.00000  52.2%  44.2   48s
 77793 47806 infeasible   66        75.33333   36.00000  52.2%  44.3   50s
H82707 51234                      75.3333295   36.00000  52.2%  44.8   52s
H84259 51234                      75.3333266   36.00000  52.2%  44.9   52s
 92198 60048   36.66713   59  117   75.33333   36.00000  52.2%  45.3   56s
 108242 68082   68.02635  101   46   75.33333   36.00000  52.2%  45.9   60s
 123990 78218   57.17408   78   92   75.33333   36.00000  52.2%  45.9   65s
 141340 85861   73.01536   87  111   75.33333   36.00000  52.2%  46.3   71s
 148071 88943   36.00000   61  128   75.33333   36.00000  52.2%  46.2   79s
 148113 92322   36.00000   62  147   75.33333   36.00000  52.2%  46.2   81s
 165435 102714   52.67597   79   95   75.33333   36.00000  52.2%  46.5   85s
 179121 109323   39.00000  108  101   75.33333   36.00000  52.2%  46.9   90s
 193866 117751   47.50000  101   95   75.33333   36.00000  52.2%  46.8   99s
H193887 117751                      75.3333266   36.00000  52.2%  46.8   99s
H193899 117751                      75.3333265   36.00000  52.2%  46.8   99s
 193909 120148 infeasible  102        75.33333   36.00000  52.2%  46.8  100s
 209154 128525   37.66667   75  128   75.33333   36.00000  52.2%  47.0  106s
 220580 136394   38.16667   92  105   75.33333   36.00000  52.2%  47.1  110s
H240458 143488                      75.3333262   36.00000  52.2%  47.5  114s
 241087 146837   36.66667   80   99   75.33333   36.00000  52.2%  47.5  116s
H242150 146837                      75.3333261   36.00000  52.2%  47.5  116s
H242581 146837                      75.3333260   36.00000  52.2%  47.5  116s
H244621 146837                      75.3333260   36.00000  52.2%  47.5  116s
 253208 152647   36.00000   71  117   75.33333   36.00000  52.2%  47.5  120s
 265818 161292   36.00000   35  133   75.33333   36.00000  52.2%  47.8  125s
 277821 165055 infeasible  120        75.33333   36.00000  52.2%  47.8  133s
H278069 165055                      75.3333259   36.00000  52.2%  47.8  133s
 278075 183618   38.69936  120  109   75.33333   36.00000  52.2%  47.8  140s
H288710 183618                      75.3333258   36.00000  52.2%  47.9  140s
H290112 183618                      75.3333257   36.00000  52.2%  48.0  141s
H311083 187823                      75.3333256   36.00000  52.2%  48.2  143s
H316819 190839                      75.3333256   36.00000  52.2%  48.3  144s
 321138 193606   43.75616  120  134   75.33333   36.00000  52.2%  48.4  146s
H324870 193606                      75.3333255   36.00000  52.2%  48.4  146s
 335219 202504   45.50000  118   82   75.33333   36.00000  52.2%  48.6  150s
 353095 212022   53.33605   78  115   75.33333   36.00000  52.2%  48.7  156s
H353284 212022                      75.3333255   36.00000  52.2%  48.7  156s
 366730 219623     cutoff   94        75.33333   36.00000  52.2%  48.8  160s
 383566 226058   48.11076  114  106   75.33333   36.00000  52.2%  48.7  168s
 388553 231282   66.79099  105   69   75.33333   36.00000  52.2%  48.8  171s
 401246 238604   37.18024   80  120   75.33333   36.00000  52.2%  48.8  176s
 412217 247986   46.66667  134   77   75.33333   36.00000  52.2%  49.1  180s
 426389 253826   36.00000   75  150   75.33333   36.00000  52.2%  49.1  186s
 435574 260191     cutoff  118        75.33333   36.00000  52.2%  49.1  191s
 453726 268697   36.00000   64  119   75.33333   36.00000  52.2%  49.0  196s
 462174 275671   39.19889   86  143   75.33333   36.00000  52.2%  49.1  200s
 480641 283669   39.33608   87  106   75.33333   36.00000  52.2%  49.1  206s
 489064 289946   36.33333   52  153   75.33333   36.00000  52.2%  49.2  210s
 508175 298197     cutoff  100        75.33333   36.00000  52.2%  49.3  215s
 520467 306611   42.33333   70  134   75.33333   36.00000  52.2%  49.4  220s
 536941 313519   68.79836  151   79   75.33333   36.00000  52.2%  49.8  228s
 536980 316889   54.70228  151   94   75.33333   36.00000  52.2%  49.8  230s
 550829 323620   36.00000   83  121   75.33333   36.00000  52.2%  49.8  235s
 565825 331112   36.50000  105  124   75.33333   36.00000  52.2%  49.8  240s
 579631 336319   36.00000   77  127   75.33333   36.00000  52.2%  49.8  246s
 589108 345078   36.00000   82  141   75.33333   36.00000  52.2%  49.9  251s
 595026 345125   39.57921   71  138   75.33333   36.00000  52.2%  49.9  255s
 599931 347672   44.55556  108   98   75.33333   36.00000  52.2%  49.9  261s
 605141 350184 infeasible  108        75.33333   36.00000  52.2%  49.9  269s
 605189 352879   36.00195  109  118   75.33333   36.00000  52.2%  49.9  271s
 616809 359154 infeasible  118        75.33333   36.00000  52.2%  49.9  276s
 633454 367485   55.83333   77  120   75.33333   36.00000  52.2%  50.0  281s
H643444 372730                      75.3333255   36.00000  52.2%  50.0  285s
 659743 380677   36.33333   73  120   75.33333   36.00000  52.2%  50.0  290s
 679156 387792   36.00000   80  100   75.33333   36.00000  52.2%  50.0  298s
 684466 390766   56.66667   83  110   75.33333   36.00000  52.2%  50.0  306s
 684508 406732   57.33333   83  102   75.33333   36.00000  52.2%  50.0  313s
 716540 409678   61.83333   93  106   75.33333   36.00000  52.2%  49.9  316s
 728098 415563   37.83333   87  122   75.33333   36.00000  52.2%  50.0  320s
 740947 423617   55.16684   91  120   75.33333   36.00000  52.2%  49.9  326s
 760241 429941   54.18833  122  101   75.33333   36.00000  52.2%  49.9  335s
 763431 431532   70.16667  104  100   75.33333   36.00000  52.2%  49.9  340s
 774740 439653   63.83333  112   87   75.33333   36.00000  52.2%  49.9  345s
 788626 442863   59.16862  104  118   75.33333   36.00000  52.2%  49.8  352s
 793504 446717   49.83333  105  114   75.33333   36.00000  52.2%  49.8  355s
 806496 451224   45.33333  139   98   75.33333   36.00000  52.2%  49.8  360s
 812092 457493   47.11111  136   87   75.33333   36.00000  52.2%  49.8  365s
 829034 465127   62.83333  117   90   75.33333   36.00000  52.2%  49.7  371s
 844975 473442   73.24775  128   83   75.33333   36.00000  52.2%  49.6  376s
 861305 480442   55.37829  116  117   75.33333   36.00000  52.2%  49.6  380s
 875188 488234   36.00000  114  137   75.33333   36.00000  52.2%  49.5  385s
 888823 494248   46.00000  107   83   75.33333   36.00000  52.2%  49.5  390s
 903589 503040 infeasible   83        75.33333   36.00000  52.2%  49.6  395s
 915661 506001   64.85615  106  103   75.33333   36.00000  52.2%  49.5  400s
H917791 507192                      75.0000000   36.00000  52.0%  49.5  402s
H923419 509317                      74.8333333   36.00000  51.9%  49.5  404s
 925816 509392   59.00000  120   98   74.83333   36.00000  51.9%  49.5  405s
H925820 508456                      74.6666667   36.00000  51.8%  49.5  405s
 936660 515661 infeasible   99        74.66667   36.00000  51.8%  49.4  410s
H947957 520650                      74.6666667   36.00000  51.8%  49.4  414s
 949749 524503   37.66667   93  112   74.66667   36.00000  51.8%  49.4  415s
 965701 529127   51.50000  103  127   74.66667   36.00000  51.8%  49.4  423s
 965750 531765   51.50000  104  120   74.66667   36.00000  51.8%  49.4  425s
H978514 536332                      74.6666665   36.00000  51.8%  49.4  429s
 980967 538327   62.91317  112  102   74.66667   36.00000  51.8%  49.4  431s
H983495 538327                      74.6666662   36.00000  51.8%  49.4  431s
H986225 541479                      74.6666661   36.00000  51.8%  49.4  433s
H987142 541479                      74.6666661   36.00000  51.8%  49.4  434s
 992055 543858   36.00000  113  117   74.66667   36.00000  51.8%  49.4  435s
H993108 543858                      74.6666661   36.00000  51.8%  49.4  435s
H996401 543858                      74.6666656   36.00000  51.8%  49.4  435s
H997666 547046                      74.6666655   36.00000  51.8%  49.4  437s
H1004449 550099                      74.6666650   36.00000  51.8%  49.3  439s
H1004987 550099                      74.6666650   36.00000  51.8%  49.3  439s
H1009982 550099                      74.6666648   36.00000  51.8%  49.3  439s
 1010413 553427   73.66675   87  133   74.66666   36.00000  51.8%  49.3  441s
H1010600 553427                      74.6666644   36.00000  51.8%  49.3  441s
H1010688 553427                      74.6666644   36.00000  51.8%  49.3  441s
H1010788 553427                      74.6666640   36.00000  51.8%  49.3  441s
 1016451 553439   64.33469  107  106   74.66666   36.00000  51.8%  49.3  446s
H1016492 553439                      74.6666639   36.00000  51.8%  49.3  446s
H1016806 555892                      74.6666639   36.00000  51.8%  49.3  447s
H1023825 557720                      74.6666631   36.00000  51.8%  49.3  449s
 1025795 560746   37.00000  112  116   74.66666   36.00000  51.8%  49.3  450s
H1025800 560746                      74.6666623   36.00000  51.8%  49.3  450s
 1041772 569472   61.83469  157   78   74.66666   36.00000  51.8%  49.3  455s
H1047216 570903                      74.6666623   36.00000  51.8%  49.3  458s
 1047628 573340   36.00000  101  126   74.66666   36.00000  51.8%  49.3  460s
H1049079 573340                      74.6666622   36.00000  51.8%  49.3  460s
 1062302 580948   73.69349  129   67   74.66666   36.00000  51.8%  49.3  466s
 1082119 588627   54.84919   88   99   74.66666   36.00000  51.8%  49.2  471s
 1095932 595480 infeasible  106        74.66666   36.00000  51.8%  49.1  475s
 1112928 604442     cutoff  110        74.66666   36.00000  51.8%  49.1  480s
 1124751 608616   36.66667   97  128   74.66666   36.00000  51.8%  49.1  486s
 1133414 614655   45.00000  109  137   74.66666   36.00000  51.8%  49.0  490s
 1148829 620801   49.01085  105  108   74.66666   36.00000  51.8%  49.0  495s
 1162698 628264   60.83333  131   88   74.66666   36.00000  51.8%  48.9  500s
 1168929 631746   70.67616  132   76   74.66666   36.00000  51.8%  48.9  506s
 1183990 639404   63.16667  121   84   74.66666   36.00000  51.8%  48.9  511s
 1193560 645919   36.83333  110  120   74.66666   36.00000  51.8%  48.9  515s
 1214625 654196   67.85097  108  109   74.66666   36.00000  51.8%  48.8  520s
 1230195 661996   56.51266  134   80   74.66666   36.00000  51.8%  48.7  525s
 1243152 667931 infeasible  141        74.66666   36.00000  51.8%  48.7  531s
 1252980 671586   71.91667  122   81   74.66666   36.00000  51.8%  48.7  535s
 1266416 675423   36.66667  113  122   74.66666   36.00000  51.8%  48.6  542s
 1273757 680580   68.50000  108   91   74.66666   36.00000  51.8%  48.6  546s
 1287302 688042 infeasible  119        74.66666   36.00000  51.8%  48.5  550s
 1303159 696132   60.00407  170   66   74.66666   36.00000  51.8%  48.5  555s
 1318957 701763   46.66667  117  101   74.66666   36.00000  51.8%  48.4  560s
 1332136 706309   57.67470  109  117   74.66666   36.00000  51.8%  48.4  568s
 1332203 708838   62.67470  110  113   74.66666   36.00000  51.8%  48.4  570s
 1338550 710889 infeasible  116        74.66666   36.00000  51.8%  48.4  576s
 1355185 720179 infeasible  117        74.66666   36.00000  51.8%  48.3  581s
 1368680 727070   43.02372  131   95   74.66666   36.00000  51.8%  48.3  585s
 1372691 727093   68.66667  122   92   74.66666   36.00000  51.8%  48.3  590s
 1378932 732675   36.00000   81  134   74.66666   36.00000  51.8%  48.3  595s
 1398022 737733   37.16667  131  121   74.66666   36.00000  51.8%  48.2  600s

Cutting planes:
  Learned: 166
  Gomory: 50
  Cover: 259
  Implied bound: 70
  Clique: 61
  MIR: 569
  StrongCG: 2
  Flow cover: 1391
  GUB cover: 3
  Inf proof: 1
  RLT: 59
  Relax-and-lift: 234

Cleanup yields a better solution

Explored 1398488 nodes (67424439 simplex iterations) in 600.01 seconds
Thread count was 32 (of 64 available processors)

Solution count 10: 74.6667 74.6667 74.6667 ... 74.6667

Time limit reached
Best objective 7.466156866500e+01, best bound 3.600000000000e+01, gap 51.7824%

Gurobi 9.1.2 (linux64) logging started Tue Apr  5 12:45:28 2022

Changed value of parameter LogFile to cost226_v-Berlin.log
   Prev:   Default: 
Changed value of parameter MIPFocus to 1
   Prev: 0  Min: 0  Max: 3  Default: 0
Changed value of parameter TimeLimit to 1200.0
   Prev: inf  Min: 0.0  Max: inf  Default: inf
Warning: variables 0 and 188 have the same name "X[Lyon,Paris]"
Warning: linear constraint 228 and linear constraint 229 have the same name "weight-constr-t5"
Warning: to let Gurobi read it back, use rlp format
Gurobi Optimizer version 9.1.2 build v9.1.2rc0 (linux64)
Thread count: 32 physical cores, 64 logical processors, using up to 32 threads
Optimize a model with 1332 rows, 1128 columns and 3912 nonzeros
Model fingerprint: 0x30a0c9ac
Variable types: 222 continuous, 906 integer (906 binary)
Coefficient statistics:
  Matrix range     [1e+00, 1e+06]
  Objective range  [2e-01, 2e-01]
  Bounds range     [1e+00, 5e+05]
  RHS range        [1e+00, 1e+06]
Presolve removed 114 rows and 138 columns
Presolve time: 0.01s
Presolved: 1218 rows, 990 columns, 6108 nonzeros
Variable types: 216 continuous, 774 integer (774 binary)

Root relaxation: objective 3.600000e+01, 146 iterations, 0.00 seconds

    Nodes    |    Current Node    |     Objective Bounds      |     Work
 Expl Unexpl |  Obj  Depth IntInf | Incumbent    BestBd   Gap | It/Node Time

     0     0   36.00000    0   62          -   36.00000      -     -    0s
H    0     0                     343.1666661   36.00000  89.5%     -    0s
H    0     0                     342.9999994   36.00000  89.5%     -    0s
H    0     0                     216.0000000   36.00000  83.3%     -    0s
     0     0   36.00000    0   54  216.00000   36.00000  83.3%     -    0s
H    0     0                     215.9991261   36.00000  83.3%     -    0s
H    0     0                     152.1666666   36.00000  76.3%     -    0s
     0     0   36.00000    0   57  152.16667   36.00000  76.3%     -    0s
H    0     0                     151.5000000   36.00000  76.2%     -    0s
     0     0   36.00000    0   53  151.50000   36.00000  76.2%     -    0s
H    0     0                     151.0000000   36.00000  76.2%     -    0s
H    0     0                     132.6666666   36.00000  72.9%     -    0s
     0     0   36.00000    0   41  132.66667   36.00000  72.9%     -    0s
     0     2   36.00000    0   30  132.66667   36.00000  72.9%     -    0s
H    2     4                     131.5000000   36.00000  72.6%   202    0s
H   31    64                     131.3333333   36.00000  72.6%  24.2    0s
H   32    64                     130.3333333   36.00000  72.4%  24.8    0s
H   35    64                     130.1111111   36.00000  72.3%  24.5    0s
H   40    64                     128.8333333   36.00000  72.1%  23.0    0s
H   64    94                     125.3333333   36.00000  71.3%  18.8    1s
H   65    94                     124.8333333   36.00000  71.2%  18.8    1s
H   95   124                     124.6666667   36.00000  71.1%  15.2    2s
H   99   124                     112.6666667   36.00000  68.0%  15.0    2s
H  159   188                     109.6666667   36.00000  67.2%  11.8    3s
H  172   188                      99.3333333   36.00000  63.8%  11.5    3s
H  255   289                      99.1666667   36.00000  63.7%  10.2    3s
H  255   289                      98.6666667   36.00000  63.5%  10.2    3s
H  256   289                      95.0000000   36.00000  62.1%  10.2    3s
H  258   289                      95.0000000   36.00000  62.1%  10.2    3s
H  286   289                      94.9999999   36.00000  62.1%  10.2    3s
H  326   551                      94.9999999   36.00000  62.1%   9.7    4s
H  562   583                      94.8333333   36.00000  62.0%   9.0    4s
H  563   583                      94.6666667   36.00000  62.0%   9.1    4s
H  564   583                      89.8333333   36.00000  59.9%   9.1    4s
H  570   583                      86.8888889   36.00000  58.6%   9.2    4s
H  589   583                      86.6666667   36.00000  58.5%   9.1    4s
H  639  1532                      85.6666667   36.00000  58.0%   9.1    4s
H  804  1532                      82.6666667   36.00000  56.5%   8.8    4s
H 1580  2094                      81.1666667   36.00000  55.6%   7.7    5s
H 3257  3972                      80.6666667   36.00000  55.4%   7.2    5s
H 4170  3972                      80.3333333   36.00000  55.2%   7.0    5s
H 4380  4000                      79.5000000   36.00000  54.7%   6.9    6s
H 4386  4000                      79.3333333   36.00000  54.6%   6.9    6s
H 4589  5174                      79.3333323   36.00000  54.6%   6.9    6s
H 4614  5174                      79.2777778   36.00000  54.6%   6.9    6s
H 4632  5174                      79.1111111   36.00000  54.5%   6.9    6s
H 4663  5174                      79.0000000   36.00000  54.4%   6.9    7s
H 5689  5174                      75.6111111   36.00000  52.4%   6.8    7s
H 5862  5199                      75.5555556   36.00000  52.4%   6.7    7s
H 6114  5958                      75.4444444   36.00000  52.3%   6.7    8s
H12323 10894                      75.3333333   36.00000  52.2%   6.5    8s
 12947 10997   36.00275   22  119   75.33333   36.00000  52.2%   9.3   11s
H12972 10442                      75.3333333   36.00000  52.2%   9.5   11s
H13018  9970                      75.3333333   36.00000  52.2%   9.7   13s
H13188  9586                      75.3333333   36.00000  52.2%  14.0   13s
H13365  9204                      75.3333319   36.00000  52.2%  14.6   14s
 13400  9219   36.00000   30  105   75.33333   36.00000  52.2%  14.7   16s
H13401  8774                      75.3333319   36.00000  52.2%  14.7   16s
H13403  8352                      75.3333318   36.00000  52.2%  14.7   16s
 15754  9386   37.33333   67  113   75.33333   36.00000  52.2%  23.6   20s
 18675 10887   62.03054   66   91   75.33333   36.00000  52.2%  30.0   25s
H19625 10815                      75.3333318   36.00000  52.2%  32.5   28s
 21157 11949   74.00000   53   72   75.33333   36.00000  52.2%  35.5   31s
H21388 11491                      75.3333317   36.00000  52.2%  36.0   31s
H22486 10792                      75.3333304   36.00000  52.2%  38.0   32s
H22590 11188                      75.3333304   36.00000  52.2%  38.1   34s
H23037 10712                      75.3333303   36.00000  52.2%  38.5   34s
 23648 11935   36.66667   39  112   75.33333   36.00000  52.2%  39.7   35s
 29345 15946   39.16667   98  123   75.33333   36.00000  52.2%  44.9   41s
H30167 15362                      75.3333303   36.00000  52.2%  45.5   41s
H35459 17935                      75.0000000   36.00000  52.0%  49.2   45s
H37629 20166                      74.6666667   36.00000  51.8%  50.1   47s
 40948 21133   36.00000   70  111   74.66667   36.00000  51.8%  50.7   50s
H44645 24270                      74.6666666   36.00000  51.8%  51.9   52s
H46632 24270                      74.6666665   36.00000  51.8%  52.3   52s
 46997 24721   36.02273   46  133   74.66667   36.00000  51.8%  52.3   55s
H47049 24721                      74.6666665   36.00000  51.8%  52.3   55s
H47381 24721                      74.6666665   36.00000  51.8%  52.4   55s
H47593 24721                      74.6666660   36.00000  51.8%  52.4   55s
H47700 27228                      74.6666660   36.00000  51.8%  52.4   58s
H47802 27228                      74.6666660   36.00000  51.8%  52.4   58s
H48394 27228                      74.6666660   36.00000  51.8%  52.3   58s
H50001 27228                      74.6666659   36.00000  51.8%  52.6   58s
H51163 28592                      74.6666659   36.00000  51.8%  52.6   61s
H51376 28592                      74.6666604   36.00000  51.8%  52.7   61s
H53181 31295                      74.6666596   36.00000  51.8%  52.8   63s
H53182 31295                      74.6666595   36.00000  51.8%  52.8   63s
 57442 33385   60.00000   75   95   74.66666   36.00000  51.8%  53.3   66s
 61291 33982   41.33455   55   78   74.66666   36.00000  51.8%  53.3   70s
 62354 51349     cutoff   53        74.66666   36.00000  51.8%  53.4   80s
H63000 51349                      74.6666594   36.00000  51.8%  53.3   80s
 93402 64639   68.16667   79   61   74.66666   36.00000  51.8%  54.4   91s
 112340 65001   36.50000   61  140   74.66666   36.00000  51.8%  55.8   96s
 116810 68275   49.26467  105   82   74.66666   36.00000  51.8%  56.2  103s
 117967 72336   70.18776  111   78   74.66666   36.00000  51.8%  56.2  107s
 124296 77567   36.00000   46  130   74.66666   36.00000  51.8%  56.3  110s
 132991 77594   63.66667   79   73   74.66666   36.00000  51.8%  56.7  115s
 144047 85913   50.16667   58  107   74.66666   36.00000  51.8%  56.9  122s
 154138 90165 infeasible   83        74.66666   36.00000  51.8%  57.2  129s
 154385 109271   36.02083   41  159   74.66666   36.00000  51.8%  57.3  142s
 186417 113429   69.66667   79   69   74.66666   36.00000  51.8%  58.1  145s
 193864 113511     cutoff   56        74.66666   36.00000  51.8%  58.1  152s
 194003 116561 infeasible   57        74.66666   36.00000  51.8%  58.2  155s
 203358 119369   36.00000   51  127   74.66666   36.00000  51.8%  58.3  162s
 203414 123337   36.35607   52  124   74.66666   36.00000  51.8%  58.3  165s
H208119 123337                      74.6666593   36.00000  51.8%  58.4  165s
 213636 125652   36.16667   62  122   74.66666   36.00000  51.8%  58.5  171s
H213860 125652                      74.6666590   36.00000  51.8%  58.5  171s
 213981 128905   36.16667   63  126   74.66666   36.00000  51.8%  58.5  175s
 226351 136913   36.83333   58  102   74.66666   36.00000  51.8%  58.9  181s
 236692 142854   37.53030   62   92   74.66666   36.00000  51.8%  58.9  186s
 242688 143005   36.00000   66  102   74.66666   36.00000  51.8%  58.9  193s
 242916 145393   36.00000   67  103   74.66666   36.00000  51.8%  58.9  196s
 254331 153438   36.86364  102  152   74.66666   36.00000  51.8%  59.0  202s
 260674 156459   40.28473  107   81   74.66666   36.00000  51.8%  59.3  206s
 265128 156729   51.67757   91   63   74.66666   36.00000  51.8%  59.5  211s
 265524 160699   48.83333   90   54   74.66666   36.00000  51.8%  59.4  215s
 274853 163423   62.02908  102   91   74.66666   36.00000  51.8%  59.6  224s
 275989 168741 infeasible  114        74.66666   36.00000  51.8%  59.6  228s
 285212 173288     cutoff   66        74.66666   36.00000  51.8%  59.5  232s
 293481 175898   60.16667   85   84   74.66666   36.00000  51.8%  59.4  235s
 301793 180795   66.16667   77   90   74.66666   36.00000  51.8%  59.4  241s
 311289 186617   72.10031   60  151   74.66666   36.00000  51.8%  59.3  248s
 317675 189775   57.34959   62   90   74.66666   36.00000  51.8%  59.3  252s
 323960 193440   36.00000   66  140   74.66666   36.00000  51.8%  59.2  255s
 330965 193459   37.83747   76   84   74.66666   36.00000  51.8%  59.2  260s
H330994 193459                      74.6666590   36.00000  51.8%  59.2  260s
 338195 198304   36.50000   55  111   74.66666   36.00000  51.8%  59.0  266s
 347674 205022   46.33408   84  101   74.66666   36.00000  51.8%  59.0  272s
 354208 209294 infeasible   75        74.66666   36.00000  51.8%  58.9  276s
 361078 209316   36.50000   70  114   74.66666   36.00000  51.8%  59.1  281s
 367342 215187     cutoff   99        74.66666   36.00000  51.8%  59.1  287s
 370899 217120   37.00000   98  131   74.66666   36.00000  51.8%  59.1  290s
 373529 217284   36.00000   65  128   74.66666   36.00000  51.8%  59.2  295s
H373728 217284                      74.6666589   36.00000  51.8%  59.2  295s
 379291 225546 infeasible  114        74.66666   36.00000  51.8%  59.2  302s
 387404 228004   36.00000   74  104   74.66666   36.00000  51.8%  59.0  305s
 397267 233571   55.16667   84  105   74.66666   36.00000  51.8%  59.0  310s
 406633 236405   36.00000   55  111   74.66666   36.00000  51.8%  59.0  319s
 406675 239136   38.84680   54  120   74.66666   36.00000  51.8%  59.0  323s
 412043 243409   36.00000   61  163   74.66666   36.00000  51.8%  59.0  327s
 418558 246747   36.06061   67  134   74.66666   36.00000  51.8%  59.1  330s
 429169 250723   43.00000   65   97   74.66666   36.00000  51.8%  59.0  337s
 431697 251026   49.50000   72   72   74.66666   36.00000  51.8%  59.1  342s
H431699 251026                      74.6666589   36.00000  51.8%  59.1  342s
 432484 254022 infeasible   74        74.66666   36.00000  51.8%  59.1  346s
 437031 258346   60.18001   75   85   74.66666   36.00000  51.8%  59.1  351s
 450119 267536   36.00000   69  131   74.66666   36.00000  51.8%  59.2  359s
 458220 270270 infeasible  115        74.66666   36.00000  51.8%  59.2  362s
 462467 273777   54.08333   88  117   74.66666   36.00000  51.8%  59.2  365s
H465446 273777                      74.6666589   36.00000  51.8%  59.2  365s
H465680 273777                      74.6666588   36.00000  51.8%  59.2  365s
 468776 273889 infeasible   61        74.66666   36.00000  51.8%  59.2  370s
 472361 279809   38.50000   89   75   74.66666   36.00000  51.8%  59.2  377s
 479129 283751   46.19206   78  135   74.66666   36.00000  51.8%  59.2  381s
 491859 288945   36.00000   64  124   74.66666   36.00000  51.8%  59.1  387s
 496172 292444   44.50291   91   89   74.66666   36.00000  51.8%  59.1  390s
 506654 298405   36.00000   76  118   74.66666   36.00000  51.8%  59.1  397s
 512182 298612   44.93336  123  108   74.66666   36.00000  51.8%  59.1  402s
 512459 316229   44.50275  122  100   74.66666   36.00000  51.8%  59.1  417s
 544491 317363   71.16667   90   78   74.66666   36.00000  51.8%  58.9  421s
 546555 321562   44.19444   69   94   74.66666   36.00000  51.8%  58.9  427s
 554097 328255   36.16667   71  106   74.66666   36.00000  51.8%  58.9  432s
 564948 333514     cutoff  106        74.66666   36.00000  51.8%  58.8  436s
 574249 337133 infeasible   96        74.66666   36.00000  51.8%  58.9  441s
 587670 343275   54.33333   83   79   74.66666   36.00000  51.8%  58.8  447s
 591491 347311   55.18015   94   90   74.66666   36.00000  51.8%  58.8  450s
 602421 350661   54.77174  115   77   74.66666   36.00000  51.8%  58.8  458s
 603021 353524   54.93841  114  102   74.66666   36.00000  51.8%  58.8  462s
 609306 358154   72.16667   90   84   74.66666   36.00000  51.8%  58.8  465s
 624056 361964   36.69697   94   92   74.66666   36.00000  51.8%  58.6  471s
 626409 362043   50.01280  112   96   74.66666   36.00000  51.8%  58.6  475s
H626460 362043                      74.6666587   36.00000  51.8%  58.6  475s
 630981 365945   56.85227  127   68   74.66666   36.00000  51.8%  58.6  481s
 641383 372752   37.00000   62  150   74.66666   36.00000  51.8%  58.5  489s
 647098 376362   36.00000   65   99   74.66666   36.00000  51.8%  58.5  492s
 653005 379273   37.16667   80  108   74.66666   36.00000  51.8%  58.5  496s
 658114 380141   70.37077  103   87   74.66666   36.00000  51.8%  58.5  500s
 665567 385632   38.00000  105  101   74.66666   36.00000  51.8%  58.5  508s
 670192 389052   36.00000   93  122   74.66666   36.00000  51.8%  58.5  512s
 675369 389920   63.16667  112   77   74.66666   36.00000  51.8%  58.5  517s
H676418 389920                      74.6666586   36.00000  51.8%  58.5  517s
 677350 402222   38.66667   73   91   74.66666   36.00000  51.8%  58.5  526s
H701120 405802                      74.6666585   36.00000  51.8%  58.4  529s
 706993 409112   37.50000   68  104   74.66666   36.00000  51.8%  58.4  534s
H707100 409112                      74.6666584   36.00000  51.8%  58.4  534s
 713381 412435   59.50400   69  132   74.66666   36.00000  51.8%  58.4  537s
H713820 412435                      74.6666575   36.00000  51.8%  58.4  537s
 718974 415224   42.02095  100  132   74.66666   36.00000  51.8%  58.4  541s
H723399 415224                      74.6666575   36.00000  51.8%  58.4  541s
 724642 419227   37.00560   95  147   74.66666   36.00000  51.8%  58.4  545s
 731474 419245   55.86432  114   71   74.66666   36.00000  51.8%  58.4  550s
 737707 426412   43.16667   77   99   74.66666   36.00000  51.8%  58.4  558s
 744756 429123   36.75128   93  135   74.66666   36.00000  51.8%  58.4  561s
 753704 435040   36.00000   75  127   74.66666   36.00000  51.8%  58.4  567s
 760559 437258   43.01270  108  110   74.66666   36.00000  51.8%  58.4  570s
 770126 439709   37.00000   86  119   74.66666   36.00000  51.8%  58.3  580s
 770183 455491   37.00000   87  110   74.66666   36.00000  51.8%  58.3  593s
 802215 459020   71.50691   97   93   74.66666   36.00000  51.8%  58.2  597s
 808379 462535   37.00000   72  117   74.66666   36.00000  51.8%  58.3  600s
 815545 462559   56.51091   94  108   74.66666   36.00000  51.8%  58.3  608s
 815593 465135   59.17483   95   98   74.66666   36.00000  51.8%  58.3  611s
 825198 469340   56.50000   96   79   74.66666   36.00000  51.8%  58.2  617s
H827389 469340                      74.6666575   36.00000  51.8%  58.2  617s
 829374 471696   36.00000   65  115   74.66666   36.00000  51.8%  58.2  621s
 834052 474838   37.38258   91  137   74.66666   36.00000  51.8%  58.2  625s
 845251 477594   36.16667   89  113   74.66666   36.00000  51.8%  58.2  632s
 845353 481062   36.16667   90  109   74.66666   36.00000  51.8%  58.2  636s
 851579 481359   55.66942  106  106   74.66666   36.00000  51.8%  58.3  640s
 852074 484911   42.17769  106   80   74.66666   36.00000  51.8%  58.3  645s
 858930 485005   38.58333   94  124   74.66666   36.00000  51.8%  58.2  650s
 864180 490842   41.16667   74  112   74.66666   36.00000  51.8%  58.3  657s
 869654 494370   70.66873   89   67   74.66666   36.00000  51.8%  58.3  662s
 877438 497345   65.66667   97  112   74.66666   36.00000  51.8%  58.2  665s
 887879 503477   71.83333  116   55   74.66666   36.00000  51.8%  58.2  672s
 894789 505835   50.75000   95  110   74.66666   36.00000  51.8%  58.2  675s
 899366 510224 infeasible  122        74.66666   36.00000  51.8%  58.2  680s
 914220 516374 infeasible  101        74.66666   36.00000  51.8%  58.2  687s
 920184 516402   40.33333   98   75   74.66666   36.00000  51.8%  58.3  692s
 920220 519469   40.33333   97   90   74.66666   36.00000  51.8%  58.3  696s
 930962 526062   36.50000   76   98   74.66666   36.00000  51.8%  58.3  702s
H932943 526062                      74.6666574   36.00000  51.8%  58.3  702s
 938059 528680 infeasible   97        74.66666   36.00000  51.8%  58.3  705s
 948645 532070   39.40734   99   96   74.66666   36.00000  51.8%  58.3  715s
 955574 539780   37.16667   92   87   74.66666   36.00000  51.8%  58.4  721s
 966896 544769   45.33333   81  114   74.66666   36.00000  51.8%  58.4  727s
 977673 549352   66.66667  103   76   74.66666   36.00000  51.8%  58.4  732s
 983760 549370   53.50000   66  110   74.66666   36.00000  51.8%  58.3  737s
 983806 552624   53.50000   67  106   74.66666   36.00000  51.8%  58.3  740s
 996499 559162   44.60454   88  120   74.66666   36.00000  51.8%  58.3  747s
 1002581 559191   40.66667  102  116   74.66666   36.00000  51.8%  58.4  751s
 1002644 563001   40.66667  102  119   74.66666   36.00000  51.8%  58.4  755s
 1012864 568059   36.01120   95  133   74.66666   36.00000  51.8%  58.4  761s
 1023775 574578   50.91809   82  123   74.66666   36.00000  51.8%  58.5  768s
 1031586 576282   69.00000  107   66   74.66666   36.00000  51.8%  58.4  771s
 1040962 579494   40.33333  118  110   74.66666   36.00000  51.8%  58.4  779s
 1041095 582636   39.50499  118  123   74.66666   36.00000  51.8%  58.4  784s
 1046627 585207   63.17731  108   54   74.66666   36.00000  51.8%  58.4  787s
 1051696 586732   69.18744   97   85   74.66666   36.00000  51.8%  58.4  791s
 1054614 586894   38.16667   81  108   74.66666   36.00000  51.8%  58.4  796s
 1054930 603265 infeasible   82        74.66666   36.00000  51.8%  58.4  809s
 1061937 603265   36.66667   79  106   74.66666   36.00000  51.8%  58.4  810s
 1093538 606703   36.00000   82  121   74.66666   36.00000  51.8%  58.5  818s
 1093854 609462   36.00000   83  115   74.66666   36.00000  51.8%  58.5  821s
 1107040 616129   36.36538  100  130   74.66666   36.00000  51.8%  58.5  827s
 1110675 618837   38.00000  109  121   74.66666   36.00000  51.8%  58.5  831s
 1116011 619221   36.50074  102  177   74.66666   36.00000  51.8%  58.5  837s
 1116696 636133   37.20874  106  148   74.66666   36.00000  51.8%  58.6  852s
 1148728 639884     cutoff  112        74.66666   36.00000  51.8%  58.6  856s
 1160807 642131   68.00556  102   93   74.66666   36.00000  51.8%  58.6  866s
 1165562 644537   50.36450   78  125   74.66666   36.00000  51.8%  58.6  873s
 1165887 646815   55.66748   79  122   74.66666   36.00000  51.8%  58.6  876s
 1170409 650813   40.50000   99  115   74.66666   36.00000  51.8%  58.6  880s
 1180943 653261     cutoff  105        74.66666   36.00000  51.8%  58.7  889s
 1181373 669997   61.00000  111   69   74.66666   36.00000  51.8%  58.7  903s
 1213405 674513   44.84091  114   81   74.66666   36.00000  51.8%  58.8  908s
 1222371 675780   37.00000   99  119   74.66666   36.00000  51.8%  58.8  911s
 1224584 676073   37.62500  108  107   74.66666   36.00000  51.8%  58.8  916s
 1228578 681161   36.79396   86  116   74.66666   36.00000  51.8%  58.8  923s
 1235334 683729     cutoff  110        74.66666   36.00000  51.8%  58.8  926s
 1240319 686997 infeasible  117        74.66666   36.00000  51.8%  58.8  930s
 1252076 692886   37.16667   95  114   74.66666   36.00000  51.8%  58.8  938s
 1258802 695812   62.83333   95   91   74.66666   36.00000  51.8%  58.8  941s
 1264656 698657   36.58473   88  134   74.66666   36.00000  51.8%  58.8  945s
 1271127 698688   70.01069   96   76   74.66666   36.00000  51.8%  58.8  952s
 1271176 701288   71.34880   97   80   74.66666   36.00000  51.8%  58.8  956s
 1277118 704102   54.16667  107   91   74.66666   36.00000  51.8%  58.8  960s
 1290397 709557   45.67190   93   76   74.66666   36.00000  51.8%  58.8  967s
 1300834 715758   36.00000   70  117   74.66666   36.00000  51.8%  58.9  972s
 1304609 718869   43.43822   94  146   74.66666   36.00000  51.8%  58.9  975s
 1312157 718973   38.33333   91  113   74.66666   36.00000  51.8%  58.8  981s
 1312336 735762   38.36915   92  104   74.66666   36.00000  51.8%  58.8  997s
 1344368 738625   36.70192   87  112   74.66666   36.00000  51.8%  58.8 1001s
 1349993 741910     cutoff  123        74.66666   36.00000  51.8%  58.9 1005s
 1355891 741952   55.10411  103  122   74.66666   36.00000  51.8%  59.0 1011s
 1362653 748411   41.75689  113  112   74.66666   36.00000  51.8%  59.0 1018s
 1368235 751522   63.70821  106   92   74.66666   36.00000  51.8%  59.1 1021s
 1374319 755488   36.00000   76  127   74.66666   36.00000  51.8%  59.1 1025s
 1387173 759754 infeasible  104        74.66666   36.00000  51.8%  59.3 1031s
 1390403 763652 infeasible  102        74.66666   36.00000  51.8%  59.3 1035s
 1402249 769496   73.07244  101   73   74.66666   36.00000  51.8%  59.4 1043s
 1409340 773023   44.66667  103   98   74.66666   36.00000  51.8%  59.5 1046s
 1420652 778904   36.00000   92  109   74.66666   36.00000  51.8%  59.6 1053s
 1426914 779014   72.83437  128  107   74.66666   36.00000  51.8%  59.7 1059s
 1427090 781591   72.83333  129   92   74.66666   36.00000  51.8%  59.7 1063s
 1433187 782979   36.00000   92  137   74.66666   36.00000  51.8%  59.7 1067s
 1435908 787212   40.16667  106  133   74.66666   36.00000  51.8%  59.8 1070s
 1447840 794015   36.00000   94  132   74.66666   36.00000  51.8%  59.9 1078s
 1455232 796351     cutoff   98        74.66666   36.00000  51.8%  60.0 1081s
 1467725 802063   36.33333   95  147   74.66666   36.00000  51.8%  60.1 1087s
 1472395 802212   37.00000   94  136   74.66666   36.00000  51.8%  60.2 1092s
 1472609 817457   37.00000   95  136   74.66666   36.00000  51.8%  60.2 1108s
 1504641 822129   49.34077  110  136   74.66666   36.00000  51.8%  60.4 1112s
 1513299 822356   60.02131  113  113   74.66666   36.00000  51.8%  60.5 1115s
 1513874 825131 infeasible  121        74.66666   36.00000  51.8%  60.5 1121s
 1518847 827050   36.00000   84  177   74.66666   36.00000  51.8%  60.6 1125s
 1528198 831740   54.98629  150   68   74.66666   36.00000  51.8%  60.7 1131s
 1531487 835009   73.75000  119   57   74.66666   36.00000  51.8%  60.7 1135s
 1543013 842276   41.40770  133   91   74.66666   36.00000  51.8%  60.9 1144s
 1550200 843908 infeasible  140        74.66666   36.00000  51.8%  60.9 1147s
 1553572 847347   36.54167   84  106   74.66666   36.00000  51.8%  60.9 1150s
 1562985 852714   37.50000  108  151   74.66666   36.00000  51.8%  61.0 1158s
 1569903 855938   36.00000   74  121   74.66666   36.00000  51.8%  61.0 1162s
 1576912 859450   36.00000   73  118   74.66666   36.00000  51.8%  61.1 1166s
 1583722 862998   37.16667   91  114   74.66666   36.00000  51.8%  61.2 1172s
 1590921 865150   36.00000   66  120   74.66666   36.00000  51.8%  61.2 1176s
 1601135 871546   36.00000   82  115   74.66666   36.00000  51.8%  61.3 1184s
 1606632 871761   61.01793   94  112   74.66666   36.00000  51.8%  61.3 1189s
 1607016 875908   63.66942   95  109   74.66666   36.00000  51.8%  61.3 1193s
 1613651 879718 infeasible  106        74.66666   36.00000  51.8%  61.4 1198s
 1622116 882000   38.17174   86  180   74.66666   36.00000  51.8%  61.4 1200s

Cutting planes:
  Learned: 202
  Gomory: 20
  Cover: 203
  Implied bound: 112
  Clique: 57
  MIR: 773
  StrongCG: 3
  Flow cover: 1342
  GUB cover: 1
  Inf proof: 1
  RLT: 332
  Relax-and-lift: 294

Cleanup yields a better solution

Explored 1627117 nodes (99963869 simplex iterations) in 1200.06 seconds
Thread count was 32 (of 64 available processors)

Solution count 10: 74.6667 74.6667 74.6667 ... 74.6667

Time limit reached
Best objective 7.460391544754e+01, best bound 3.600000000000e+01, gap 51.7452%
