
Gurobi 9.1.2 (linux64) logging started Wed Mar 30 01:29:36 2022

Changed value of parameter LogFile to cost226_v-Bordeaux.log
   Prev:   Default: 
Changed value of parameter MIPFocus to 1
   Prev: 0  Min: 0  Max: 3  Default: 0
Changed value of parameter TimeLimit to 600.0
   Prev: inf  Min: 0.0  Max: inf  Default: inf
Warning: variables 0 and 188 have the same name "X[Brussels,Amste...]"
Warning: linear constraint 228 and linear constraint 229 have the same name "weight-constr-t5"
Warning: to let Gurobi read it back, use rlp format
Gurobi Optimizer version 9.1.2 build v9.1.2rc0 (linux64)
Thread count: 32 physical cores, 64 logical processors, using up to 32 threads
Optimize a model with 1356 rows, 1128 columns and 3972 nonzeros
Model fingerprint: 0xbbb7c91b
Variable types: 222 continuous, 906 integer (906 binary)
Coefficient statistics:
  Matrix range     [1e+00, 1e+06]
  Objective range  [2e-01, 2e-01]
  Bounds range     [1e+00, 5e+05]
  RHS range        [1e+00, 1e+06]
Presolve removed 90 rows and 102 columns
Presolve time: 0.01s
Presolved: 1266 rows, 1026 columns, 6396 nonzeros
Variable types: 216 continuous, 810 integer (810 binary)

Root relaxation: objective 3.600000e+01, 149 iterations, 0.00 seconds

    Nodes    |    Current Node    |     Objective Bounds      |     Work
 Expl Unexpl |  Obj  Depth IntInf | Incumbent    BestBd   Gap | It/Node Time

     0     0   36.00000    0   54          -   36.00000      -     -    0s
     0     0   36.00000    0   58          -   36.00000      -     -    0s
H    0     0                    3582904.6667   36.00000   100%     -    0s
     0     0   36.00000    0   58 3582904.67   36.00000   100%     -    0s
H    0     0                    2103.6666657   36.00000  98.3%     -    0s
H    0     0                    2095.6666664   36.00000  98.3%     -    0s
H    0     0                     409.1666667   36.00000  91.2%     -    0s
H    0     0                     374.9166667   36.00000  90.4%     -    0s
     0     2   36.00000    0   56  374.91667   36.00000  90.4%     -    0s
H    1     4                     370.5833333   36.00000  90.3%   375    0s
H    2     4                     328.2500000   36.00000  89.0%   189    0s
H    3     8                     328.0833333   36.00000  89.0%   128    0s
H    8    16                     195.9166667   36.00000  81.6%  58.5    0s
H   32    62                     195.5833333   36.00000  81.6%  25.0    0s
H   63    94                     188.1666666   36.00000  80.9%  20.0    0s
H   66    94                     187.7500000   36.00000  80.8%  19.5    0s
H   95   126                     187.1666667   36.00000  80.8%  15.8    1s
H   97   126                     186.5000000   36.00000  80.7%  15.9    1s
H  102   126                     186.1666667   36.00000  80.7%  15.9    1s
H  111   126                     174.3333333   36.00000  79.3%  15.7    1s
H  127   156                     172.6666664   36.00000  79.2%  15.7    1s
H  160   188                     172.4999998   36.00000  79.1%  14.2    2s
H  181   188                     172.4999997   36.00000  79.1%  14.2    2s
H  186   188                     172.3333333   36.00000  79.1%  14.0    2s
H  641   656                     172.0000000   36.00000  79.1%   9.5    2s
H  648   656                     169.0000000   36.00000  78.7%   9.4    2s
H  671   688                     166.1666667   36.00000  78.3%   9.4    3s
H  673   688                     166.0000000   36.00000  78.3%   9.4    3s
H  810  1799                     166.0000000   36.00000  78.3%   8.8    4s
  1856  1830   37.50000   59   49  166.00000   36.00000  78.3%   7.6    5s
H 1880  1830                     165.9999997   36.00000  78.3%   7.5    5s
H 3234  3309                     165.9999997   36.00000  78.3%   7.2    6s
H 8544  7781                     165.9999997   36.00000  78.3%   6.6    8s
H 9047  8135                     165.9999995   36.00000  78.3%   6.5    9s
  9412  8136   78.33333  133   58  166.00000   36.00000  78.3%   6.4   10s
H 9423  7735                     165.9999995   36.00000  78.3%   6.4   10s
H 9465  7397                     165.9999994   36.00000  78.3%   8.4   10s
  9583  7484   36.00000   21  157  166.00000   36.00000  78.3%   8.9   19s
  9897  7687   37.00000   27  157  166.00000   36.00000  78.3%   9.6   20s
H 9921  7311                     165.9999994   36.00000  78.3%   9.6   20s
H10312  7824                     165.9999994   36.00000  78.3%  10.2   20s
H10986  7836                     165.9999993   36.00000  78.3%  10.9   21s
H11006  7515                     165.9999992   36.00000  78.3%  10.9   21s
 15019  8954   36.33333   33  174  166.00000   36.00000  78.3%  16.1   25s
H21045 11552                     165.3333333   36.00000  78.2%  22.1   28s
H21300 13815                     163.2500000   36.00000  77.9%  22.1   29s
H22291 13200                     162.6666667   36.00000  77.9%  22.5   29s
H24578 12591                     160.6666667   36.00000  77.6%  23.4   30s
H25000 15206                     160.5000000   36.00000  77.6%  23.6   32s
H25070 15201                     160.3333333   36.00000  77.5%  23.6   32s
H25437 15201                     160.0833333   36.00000  77.5%  23.9   32s
H27021 15201                     160.0000000   36.00000  77.5%  24.2   32s
H28550 15230                     159.6666667   36.00000  77.5%  24.2   36s
H28551 15230                     159.5000000   36.00000  77.4%  24.2   36s
H28577 15228                     159.1666667   36.00000  77.4%  24.2   36s
H28580 15221                     158.5000000   36.00000  77.3%  24.2   36s
H28811 17109                     158.3333333   36.00000  77.3%  24.3   37s
H30389 17107                     158.1666667   36.00000  77.2%  24.8   37s
 31284 22580   42.66667   49  112  158.16667   36.00000  77.2%  24.8   40s
H32045 22559                     157.6666667   36.00000  77.2%  24.9   40s
H32260 22539                     157.5000000   36.00000  77.1%  25.0   40s
H39633 24988                     157.3333333   36.00000  77.1%  26.2   42s
H39976 24954                     156.6666667   36.00000  77.0%  26.3   42s
H40860 24950                     156.5000000   36.00000  77.0%  26.5   42s
H42752 24949                     156.3333333   36.00000  77.0%  26.8   42s
 45473 28688   43.50000   95   82  156.33333   36.00000  77.0%  27.2   46s
H48990 28688                     156.3333313   36.00000  77.0%  28.4   46s
H49337 31100                     156.3333312   36.00000  77.0%  28.6   47s
H52823 31504                     156.3333310   36.00000  77.0%  29.1   48s
 53428 31523     cutoff  115       156.33333   36.00000  77.0%  29.2   56s
 63749 44393   36.33333   96  116  156.33333   36.00000  77.0%  29.7   63s
H65840 44393                     156.3333284   36.00000  77.0%  29.7   63s
H71474 44392                     156.0000000   36.00000  76.9%  30.0   63s
H80475 47207                     155.6666667   36.00000  76.9%  30.6   64s
H82870 47223                     155.5000000   36.00000  76.8%  30.7   65s
H83392 50254                     155.1666667   36.00000  76.8%  30.7   66s
 97219 61728   38.17635  104   86  155.16667   36.00000  76.8%  31.3   73s
H102111 61728                     155.1666667   36.00000  76.8%  31.4   73s
H103515 61728                     155.1666666   36.00000  76.8%  31.5   73s
H109029 61743                     155.1666665   36.00000  76.8%  31.8   76s
 114054 64506   36.50000   93  101  155.16667   36.00000  76.8%  31.8   80s
 122122 73325   37.77778  113   75  155.16667   36.00000  76.8%  32.4   87s
 130309 79154     cutoff  103       155.16667   36.00000  76.8%  32.4   90s
 143080 79177  123.50001  106   67  155.16667   36.00000  76.8%  32.4   95s
H143100 79177                     155.1666471   36.00000  76.8%  32.4   95s
 148798 84719     cutoff  135       155.16665   36.00000  76.8%  32.5  100s
 161647 89139  134.00382  122   79  155.16665   36.00000  76.8%  32.7  110s
 161689 105057  135.00451  123   80  155.16665   36.00000  76.8%  32.7  120s
 193721 105101  101.83479  108   78  155.16665   36.00000  76.8%  32.8  125s
 193835 123520   99.66819  107   70  155.16665   36.00000  76.8%  32.8  135s
 225867 123542 infeasible  144       155.16665   36.00000  76.8%  33.3  140s
 225907 140496  151.64660  145   37  155.16665   36.00000  76.8%  33.3  149s
 257939 143530 infeasible  133       155.16665   36.00000  76.8%  33.9  152s
 263866 143552 infeasible   91       155.16665   36.00000  76.8%  33.9  156s
 271560 148766   95.41584  125   67  155.16665   36.00000  76.8%  34.0  162s
 281420 156061   36.33355  117   75  155.16665   36.00000  76.8%  34.1  167s
 288248 160759   95.83333  130   50  155.16665   36.00000  76.8%  34.2  170s
 299014 164205   50.16667  135   73  155.16665   36.00000  76.8%  34.2  175s
 304158 165700 infeasible  142       155.16665   36.00000  76.8%  34.2  182s
 306919 169751 infeasible  142       155.16665   36.00000  76.8%  34.3  185s
 320080 175831   52.16781  130   64  155.16665   36.00000  76.8%  34.4  190s
 333617 184144   47.33333  109   82  155.16665   36.00000  76.8%  34.6  196s
 341026 184170   62.66667  130   69  155.16665   36.00000  76.8%  34.6  200s
 348203 189918   40.39441  113   93  155.16665   36.00000  76.8%  34.6  205s
 361582 195263   36.00000  121   92  155.16665   36.00000  76.8%  34.7  210s
 369423 202540  104.33022  116   81  155.16665   36.00000  76.8%  34.8  216s
 379239 207792   65.33333  119   79  155.16665   36.00000  76.8%  34.9  220s
 394529 212588  129.01794  110   94  155.16665   36.00000  76.8%  35.1  229s
 394567 215580     cutoff  111       155.16665   36.00000  76.8%  35.1  231s
 405666 219993   36.66667   89   83  155.16665   36.00000  76.8%  35.2  236s
 413524 227669     cutoff  126       155.16665   36.00000  76.8%  35.2  240s
 425544 236174  121.50000  128   59  155.16665   36.00000  76.8%  35.3  247s
 434789 236225   45.00385  105   98  155.16665   36.00000  76.8%  35.4  251s
 437868 242638 infeasible  125       155.16665   36.00000  76.8%  35.5  256s
 454283 249665 infeasible  140       155.16665   36.00000  76.8%  35.5  261s
 468212 253937   36.66667   89  105  155.16665   36.00000  76.8%  35.5  268s
 468302 256160   36.66667   90   95  155.16665   36.00000  76.8%  35.5  270s
 478006 263647 infeasible  149       155.16665   36.00000  76.8%  35.6  275s
 492992 270852   54.33333  107   77  155.16665   36.00000  76.8%  35.6  280s
 499141 270876 infeasible  136       155.16665   36.00000  76.8%  35.6  285s
 501781 276173   36.00000   70   99  155.16665   36.00000  76.8%  35.6  290s
 516205 283966   36.34863   91   91  155.16665   36.00000  76.8%  35.6  296s
 531587 290639   94.16730  118   73  155.16665   36.00000  76.8%  35.6  301s
H533497 290639                     155.1666469   36.00000  76.8%  35.6  301s
 537700 290651   37.50000   77  112  155.16665   36.00000  76.8%  35.7  307s
 540711 293828   60.07162  117  103  155.16665   36.00000  76.8%  35.7  311s
 544001 293849   71.00000  121   67  155.16665   36.00000  76.8%  35.7  315s
 551465 301735 infeasible  120       155.16665   36.00000  76.8%  35.8  320s
 568704 309252   38.16703  128   87  155.16665   36.00000  76.8%  35.8  326s
 580466 314625 infeasible  125       155.16665   36.00000  76.8%  35.9  331s
 593927 318915   36.00000  107  101  155.16665   36.00000  76.8%  35.9  339s
 593976 322184 infeasible  108       155.16665   36.00000  76.8%  35.9  341s
 602188 326129  110.50000  161   42  155.16665   36.00000  76.8%  36.0  347s
 606242 326175  145.02013  169   45  155.16665   36.00000  76.8%  36.0  351s
 615249 333620   36.83609  112   95  155.16665   36.00000  76.8%  36.0  357s
 620186 337275   80.83333  117   66  155.16665   36.00000  76.8%  36.0  361s
 635176 344511   78.68110  141   70  155.16665   36.00000  76.8%  36.1  367s
 648348 348457  120.50000  143   55  155.16665   36.00000  76.8%  36.1  374s
 648449 363281     cutoff  144       155.16665   36.00000  76.8%  36.1  385s
 688779 368387 infeasible  124       155.16665   36.00000  76.8%  36.0  393s
 688824 370907   64.00000  125   73  155.16665   36.00000  76.8%  36.0  395s
 698449 375267  153.08669  131   58  155.16665   36.00000  76.8%  36.1  400s
 707396 381254   36.00000  102  104  155.16665   36.00000  76.8%  36.1  405s
 718050 384017 infeasible  128       155.16665   36.00000  76.8%  36.1  416s
 727138 388755   38.50000   99   82  155.16665   36.00000  76.8%  36.1  424s
 727179 392098   38.50000  100   79  155.16665   36.00000  76.8%  36.2  427s
 740628 396830   38.83333  130   80  155.16665   36.00000  76.8%  36.2  432s
 743338 400635  105.09254  101   78  155.16665   36.00000  76.8%  36.2  435s
 750152 402957   68.83333  103   68  155.16665   36.00000  76.8%  36.2  442s
 762896 409964   36.33333  102   97  155.16665   36.00000  76.8%  36.2  446s
 770297 415251 infeasible  142       155.16665   36.00000  76.8%  36.2  451s
 777200 415272   41.50000  127   86  155.16665   36.00000  76.8%  36.3  456s
 777242 432684   41.50000  128   86  155.16665   36.00000  76.8%  36.3  466s
 809274 438219  132.67457   98   95  155.16665   36.00000  76.8%  36.3  470s
 820090 439303   36.01068  116   94  155.16665   36.00000  76.8%  36.4  475s
H820111 439303                     155.1665987   36.00000  76.8%  36.4  475s
H820200 443817                     155.1665901   36.00000  76.8%  36.4  478s
 827722 445499   37.84846  124   92  155.16659   36.00000  76.8%  36.4  480s
 840354 455647   36.66667  103   82  155.16659   36.00000  76.8%  36.5  486s
 849633 455666   97.01172  111   96  155.16659   36.00000  76.8%  36.5  491s
 852575 460287   47.16667  109   84  155.16659   36.00000  76.8%  36.5  495s
H867720 465415                     155.1663517   36.00000  76.8%  36.6  503s
 867758 466570   66.66667  137   65  155.16635   36.00000  76.8%  36.6  506s
 877274 473571   40.00000  118   91  155.16635   36.00000  76.8%  36.6  512s
 888472 479216   76.33333  167   74  155.16635   36.00000  76.8%  36.6  516s
 895174 479237   49.81797  123   80  155.16635   36.00000  76.8%  36.6  522s
 901085 486654  139.91921   97   83  155.16635   36.00000  76.8%  36.6  528s
 912753 489987 infeasible  134       155.16635   36.00000  76.8%  36.6  531s
 924123 493924   37.33333  123  110  155.16635   36.00000  76.8%  36.6  539s
 924163 497182   37.33344  124  108  155.16635   36.00000  76.8%  36.6  542s
 930761 502478   48.33333  133   82  155.16635   36.00000  76.8%  36.6  545s
 948300 507557 infeasible  108       155.16635   36.00000  76.8%  36.6  551s
 957020 510789 infeasible  143       155.16635   36.00000  76.8%  36.6  558s
 957063 511716 infeasible  143       155.16635   36.00000  76.8%  36.6  560s
 969645 518755 infeasible  117       155.16635   36.00000  76.8%  36.5  566s
 978066 522779   39.83333  105   83  155.16635   36.00000  76.8%  36.5  570s
 982698 522800  104.50000  117   68  155.16635   36.00000  76.8%  36.5  576s
 988636 530644   36.00000  124   96  155.16635   36.00000  76.8%  36.5  581s
 1000804 534233 infeasible  128       155.16635   36.00000  76.8%  36.5  585s
 1007391 534251  128.50000  136   62  155.16635   36.00000  76.8%  36.4  590s
 1018572 543589   38.16979  135  122  155.16635   36.00000  76.8%  36.4  598s
 1026464 543612 infeasible  169       155.16635   36.00000  76.8%  36.4  600s

Cutting planes:
  Learned: 168
  Gomory: 7
  Cover: 86
  Implied bound: 110
  Clique: 19
  MIR: 353
  StrongCG: 2
  Flow cover: 816
  GUB cover: 1
  Mod-K: 2
  RLT: 3
  Relax-and-lift: 268

Explored 1026505 nodes (37413752 simplex iterations) in 600.01 seconds
Thread count was 32 (of 64 available processors)

Solution count 10: 155.166 155.167 155.167 ... 156

Time limit reached
Best objective 1.551663517276e+02, best bound 3.600000000000e+01, gap 76.7991%

Gurobi 9.1.2 (linux64) logging started Tue Apr  5 11:05:00 2022

Changed value of parameter LogFile to cost226_v-Bordeaux.log
   Prev:   Default: 
Changed value of parameter MIPFocus to 1
   Prev: 0  Min: 0  Max: 3  Default: 0
Changed value of parameter TimeLimit to 1200.0
   Prev: inf  Min: 0.0  Max: inf  Default: inf
Warning: variables 0 and 188 have the same name "X[Lyon,Paris]"
Warning: linear constraint 228 and linear constraint 229 have the same name "weight-constr-t5"
Warning: to let Gurobi read it back, use rlp format
Gurobi Optimizer version 9.1.2 build v9.1.2rc0 (linux64)
Thread count: 32 physical cores, 64 logical processors, using up to 32 threads
Optimize a model with 1356 rows, 1128 columns and 3972 nonzeros
Model fingerprint: 0x6cd9711a
Variable types: 222 continuous, 906 integer (906 binary)
Coefficient statistics:
  Matrix range     [1e+00, 1e+06]
  Objective range  [2e-01, 2e-01]
  Bounds range     [1e+00, 5e+05]
  RHS range        [1e+00, 1e+06]
Presolve removed 90 rows and 102 columns
Presolve time: 0.02s
Presolved: 1266 rows, 1026 columns, 6396 nonzeros
Variable types: 216 continuous, 810 integer (810 binary)

Root relaxation: objective 3.600000e+01, 148 iterations, 0.00 seconds

    Nodes    |    Current Node    |     Objective Bounds      |     Work
 Expl Unexpl |  Obj  Depth IntInf | Incumbent    BestBd   Gap | It/Node Time

     0     0   36.00000    0   34          -   36.00000      -     -    0s
     0     0   36.00000    0   36          -   36.00000      -     -    0s
     0     0   36.00000    0   35          -   36.00000      -     -    0s
     0     0   36.00000    0   28          -   36.00000      -     -    0s
     0     0   36.00000    0   30          -   36.00000      -     -    0s
H    0     0                    3575817.0000   36.00000   100%     -    0s
     0     0   36.00000    0   28 3575817.00   36.00000   100%     -    0s
H    0     0                    32812.833333   36.00000   100%     -    0s
H    0     0                    1070.6666667   36.00000  96.6%     -    0s
H    0     0                    1069.5000000   36.00000  96.6%     -    0s
H    0     2                     558.3333333   36.00000  93.6%     -    0s
     0     2   36.00000    0   20  558.33333   36.00000  93.6%     -    0s
H    1     4                     555.0000000   36.00000  93.5%   507    0s
H    4     6                     550.3333333   36.00000  93.5%   137    0s
H    8    12                     550.1666667   36.00000  93.5%  71.4    0s
H   50    76                     549.8333333   36.00000  93.5%  19.1    0s
H   51    76                     486.5000000   36.00000  92.6%  18.9    0s
H   53    76                     392.5000000   36.00000  90.8%  18.4    0s
H   67    76                     355.0000000   36.00000  89.9%  16.0    0s
H  113   136                     293.1666667   36.00000  87.7%  13.1    1s
H  114   136                     232.0000000   36.00000  84.5%  13.0    1s
H  115   136                     185.0000000   36.00000  80.5%  13.2    1s
H  137   136                     178.3333333   36.00000  79.8%  12.8    1s
H  145   168                     176.0000000   36.00000  79.5%  12.8    1s
H  177   196                     174.0000000   36.00000  79.3%  11.7    3s
H  199   196                     173.3333333   36.00000  79.2%  11.5    3s
H  995   962                     173.1666667   36.00000  79.2%   8.5    3s
H 1011   962                     173.0000000   36.00000  79.2%   8.5    3s
H 1031   991                     171.8333333   36.00000  79.0%   8.5    4s
H 1035   991                     171.6666667   36.00000  79.0%   8.4    4s
H 1055   991                     171.5000000   36.00000  79.0%   8.4    4s
H 1322  1805                     169.6666667   36.00000  78.8%   8.0    4s
  1963  1920   42.83333   60   25  169.66667   36.00000  78.8%   7.6    5s
H 1966  1920                     168.6666667   36.00000  78.7%   7.6    5s
H 1970  1920                     167.5000000   36.00000  78.5%   7.6    5s
H 2020  1920                     167.2777778   36.00000  78.5%   7.5    5s
H 2028  1920                     167.1666667   36.00000  78.5%   7.5    5s
H 2100  2494                     167.1111111   36.00000  78.5%   7.5    5s
H 2686  2494                     167.0000000   36.00000  78.4%   7.3    5s
H 3279  3524                     167.0000000   36.00000  78.4%   7.0    6s
H 3993  3572                     166.5000000   36.00000  78.4%   6.8    6s
H 3994  3572                     166.3333333   36.00000  78.4%   6.8    6s
H 4000  3572                     166.1666667   36.00000  78.3%   6.8    6s
H 4065  3603                     166.0000000   36.00000  78.3%   6.8    7s
H 4641  4918                     166.0000000   36.00000  78.3%   6.7    7s
H 5662  6035                     165.9999970   36.00000  78.3%   6.5    8s
H 7994  7941                     165.9999970   36.00000  78.3%   6.3    8s
H 9655  7601                     165.9999970   36.00000  78.3%   8.1    9s
H 9708  7270                     165.9999969   36.00000  78.3%   8.8   10s
H 9713  6909                     165.9999969   36.00000  78.3%   8.9   10s
H10131  6852                     165.9999969   36.00000  78.3%  10.1   10s
H10225  6597                     165.9999968   36.00000  78.3%  10.3   11s
H10639  8420                     165.3333333   36.00000  78.2%  11.6   11s
H12985  7833                     163.5000000   36.00000  78.0%  14.5   12s
H13011  7547                     163.3333333   36.00000  78.0%  14.6   12s
H13043  7273                     162.8333333   36.00000  77.9%  14.6   12s
H13225  6954                     159.0000000   36.00000  77.4%  14.9   12s
H13647  6978                     157.8333333   36.00000  77.2%  15.2   12s
H13702  6731                     157.3333333   36.00000  77.1%  15.3   12s
H13746  6502                     157.1666667   36.00000  77.1%  15.4   12s
H14211  6832                     156.5000000   36.00000  77.0%  16.1   13s
H14361  6589                     156.3333333   36.00000  77.0%  16.4   13s
H14411  6384                     156.1666667   36.00000  76.9%  16.4   13s
H14436  6201                     156.0000000   36.00000  76.9%  16.4   13s
H14612  5976                     155.6666667   36.00000  76.9%  16.8   13s
H14987  5693                     155.5000000   36.00000  76.8%  17.2   13s
H15168  8321                     155.3333333   36.00000  76.8%  17.2   13s
H17867  7326                     155.1666667   36.00000  76.8%  19.6   13s
H20803  8962                     155.1666666   36.00000  76.8%  21.2   14s
 20817 10607   36.00000   41  151  155.16667   36.00000  76.8%  21.2   15s
H26518 13528                     155.1666664   36.00000  76.8%  23.5   16s
H28380 17234                     155.1666663   36.00000  76.8%  24.0   16s
 43550 30004   36.00000   37  173  155.16667   36.00000  76.8%  27.4   20s
 57519 39496   51.83333   73  112  155.16667   36.00000  76.8%  28.9   25s
 66491 43605  136.75000   83   99  155.16667   36.00000  76.8%  29.8   31s
H66511 43605                     155.1666642   36.00000  76.8%  29.8   31s
H67005 47124                     155.1666641   36.00000  76.8%  29.9   32s
H68705 47124                     155.1666640   36.00000  76.8%  30.0   32s
H71216 47124                     155.1666640   36.00000  76.8%  30.2   32s
 71431 47153   36.00000   78  129  155.16666   36.00000  76.8%  30.2   35s
H71441 47153                     155.1666640   36.00000  76.8%  30.2   35s
 86604 62264   36.00000   62  184  155.16666   36.00000  76.8%  32.1   40s
 101221 69623   36.00000   68  164  155.16666   36.00000  76.8%  33.4   45s
H106732 73710                     155.1666638   36.00000  76.8%  33.5   49s
 106757 76426   42.68590  122  117  155.16666   36.00000  76.8%  33.5   50s
H106782 76426                     155.1666638   36.00000  76.8%  33.5   50s
H107096 76426                     155.1666638   36.00000  76.8%  33.5   50s
H110491 76453                     155.1666637   36.00000  76.8%  33.8   54s
 110527 80583   39.33333   90  129  155.16666   36.00000  76.8%  33.8   55s
 134662 98143   36.50322   61  155  155.16666   36.00000  76.8%  34.9   60s
 163950 119108   87.78290  135   66  155.16666   36.00000  76.8%  35.7   65s
 178968 128458   38.00000   64  137  155.16666   36.00000  76.8%  36.0   70s
 188756 154474  120.85086  107  119  155.16666   36.00000  76.8%  36.1   87s
 236908 166349   82.83333  129   90  155.16666   36.00000  76.8%  36.9   90s
 260551 179183   38.50575   89  119  155.16666   36.00000  76.8%  36.7   96s
 274721 189336   38.33337  111   90  155.16666   36.00000  76.8%  36.9  103s
 280082 198633  145.33333  124   75  155.16666   36.00000  76.8%  37.0  105s
 293498 204763   36.00059   73  127  155.16666   36.00000  76.8%  37.1  110s
 322876 222608   41.41667   97   86  155.16666   36.00000  76.8%  37.6  117s
 333959 232147  123.50000  110   64  155.16666   36.00000  76.8%  37.6  120s
 352596 241751  109.50372  112   92  155.16666   36.00000  76.8%  37.7  126s
 363956 249023   36.00000   85  184  155.16666   36.00000  76.8%  37.9  132s
 371931 256269   36.16667   88  143  155.16666   36.00000  76.8%  37.9  137s
 374679 269770   43.00011  107  129  155.16666   36.00000  76.8%  38.1  140s
 399078 271831  130.16672  110   61  155.16666   36.00000  76.8%  38.3  145s
 415921 283929     cutoff  132       155.16666   36.00000  76.8%  38.2  150s
 436259 298982   41.19568  109  140  155.16666   36.00000  76.8%  38.6  155s
 442239 319801     cutoff  114       155.16666   36.00000  76.8%  38.7  163s
 474271 319825 infeasible   92       155.16666   36.00000  76.8%  39.1  167s
 474311 340649  137.60805   92   62  155.16666   36.00000  76.8%  39.1  180s
 519134 352370   43.30731  106  179  155.16666   36.00000  76.8%  39.7  185s
 545100 370562   65.35043   91  120  155.16666   36.00000  76.8%  40.3  191s
 550581 370586  134.21388  119  126  155.16666   36.00000  76.8%  40.3  195s
 556731 374295 infeasible  145       155.16666   36.00000  76.8%  40.3  201s
 571788 389317   55.50000   70   84  155.16666   36.00000  76.8%  40.4  205s
 598377 403605  115.02846  130   82  155.16666   36.00000  76.8%  40.5  210s
 618799 416636  128.08491  102  115  155.16666   36.00000  76.8%  40.7  215s
 645467 431747   81.16667  100  107  155.16666   36.00000  76.8%  40.9  221s
 664633 444713   38.00000  110  156  155.16666   36.00000  76.8%  41.1  225s
H671174 446673                     155.1666637   36.00000  76.8%  41.2  227s
H673978 450193                     155.1666634   36.00000  76.8%  41.2  229s
H674100 450193                     155.1666631   36.00000  76.8%  41.2  229s
H674276 450193                     155.1666631   36.00000  76.8%  41.2  229s
H678194 450193                     155.1666631   36.00000  76.8%  41.3  229s
H678294 450193                     155.1666631   36.00000  76.8%  41.3  229s
 679034 454246  121.67815   96  129  155.16666   36.00000  76.8%  41.3  230s
 696556 465637 infeasible  150       155.16666   36.00000  76.8%  41.6  236s
 719299 482137  122.83449   81  135  155.16666   36.00000  76.8%  41.9  240s
 741342 497196   36.00000   99  170  155.16666   36.00000  76.8%  42.2  245s
 759311 506099   53.06373  116  100  155.16666   36.00000  76.8%  42.4  251s
 759503 526446   47.00143  118   92  155.16666   36.00000  76.8%  42.4  257s
H788557 526446                     155.1666630   36.00000  76.8%  42.6  257s
H791535 530023                     155.1666629   36.00000  76.8%  42.6  258s
H794235 530023                     155.1666629   36.00000  76.8%  42.6  258s
 804085 536636   56.83333  111  105  155.16666   36.00000  76.8%  42.6  260s
 818276 544254   36.66667   64  151  155.16666   36.00000  76.8%  42.7  265s
 836809 559134   59.69459  128  114  155.16666   36.00000  76.8%  42.9  270s
 849959 566673   43.72182   83  157  155.16666   36.00000  76.8%  42.9  275s
H850118 566673                     155.1666618   36.00000  76.8%  42.9  275s
H858920 570415                     155.1666618   36.00000  76.8%  43.0  277s
H859668 570415                     155.1666617   36.00000  76.8%  43.0  277s
 872835 581027   48.16667  100   96  155.16666   36.00000  76.8%  43.1  280s
 893837 592538   36.00000   81  181  155.16666   36.00000  76.8%  43.1  285s
 906750 602915   36.00000   79  139  155.16666   36.00000  76.8%  43.3  290s
 912801 605482 infeasible  127       155.16666   36.00000  76.8%  43.3  295s
 926341 610700 infeasible  125       155.16666   36.00000  76.8%  43.3  305s
 945175 624309 infeasible  145       155.16666   36.00000  76.8%  43.4  310s
 952514 639679   37.00157   91  117  155.16666   36.00000  76.8%  43.4  317s
 985885 650667   36.33333   91  132  155.16666   36.00000  76.8%  43.7  321s
 992061 650695   67.67604  130   87  155.16666   36.00000  76.8%  43.7  325s
 994436 653800  120.16667  106  141  155.16666   36.00000  76.8%  43.8  330s
 1006514 665049  113.17303  113  103  155.16666   36.00000  76.8%  43.9  336s
 1027317 675552   76.83333  106   98  155.16666   36.00000  76.8%  43.9  340s
 1040875 685744   36.00000   92  142  155.16666   36.00000  76.8%  44.0  345s
 1059131 693394  117.83333   99  109  155.16666   36.00000  76.8%  44.1  352s
 1068225 701791   37.00000  107  121  155.16666   36.00000  76.8%  44.1  355s
 1094537 715871   36.00000   94  153  155.16666   36.00000  76.8%  44.2  360s
 1113841 725703   36.00000  113  148  155.16666   36.00000  76.8%  44.3  366s
 1130951 735658  146.74165  127   86  155.16666   36.00000  76.8%  44.4  373s
 1135821 738200  151.83939  130  132  155.16666   36.00000  76.8%  44.4  378s
 1140298 745518   41.66667  102  111  155.16666   36.00000  76.8%  44.5  380s
H1154679 752141                     155.1665636   36.00000  76.8%  44.4  382s
H1157400 755449                     155.1665634   36.00000  76.8%  44.4  383s
H1160617 755449                     155.1665633   36.00000  76.8%  44.4  384s
 1162916 755526   36.33418   91  179  155.16656   36.00000  76.8%  44.4  387s
H1162917 755526                     155.1664411   36.00000  76.8%  44.4  387s
H1163417 758373                     155.1661965   36.00000  76.8%  44.4  388s
 1171983 766075   50.01500  116  104  155.16620   36.00000  76.8%  44.5  390s
 1191462 780160   50.84038  124   78  155.16620   36.00000  76.8%  44.7  395s
 1218859 795908   40.66667   99  159  155.16620   36.00000  76.8%  44.8  401s
 1230578 803117   52.66667  121  141  155.16620   36.00000  76.8%  44.8  405s
H1241140 806543                     155.1646742   36.00000  76.8%  44.9  406s
H1243000 810218                     155.1551630   36.00000  76.8%  44.9  407s
H1249108 812708                     155.1425909   36.00000  76.8%  44.9  409s
 1253683 815879   60.67616  108  101  155.14259   36.00000  76.8%  44.9  410s
 1265192 822421  104.00865  108  113  155.14259   36.00000  76.8%  44.9  415s
 1277039 830183   39.83334  118  131  155.14259   36.00000  76.8%  45.0  420s
 1281852 834280   73.50000  159   52  155.14259   36.00000  76.8%  45.0  426s
 1294686 838102   44.33333  139   89  155.14259   36.00000  76.8%  45.0  432s
 1302315 845921     cutoff  102       155.14259   36.00000  76.8%  45.1  435s
 1318756 853925   36.33333  107  125  155.14259   36.00000  76.8%  45.1  441s
 1334292 865463   67.33333  123   90  155.14259   36.00000  76.8%  45.2  446s
 1346479 871375 infeasible  126       155.14259   36.00000  76.8%  45.2  450s
 1352586 872659   99.66667  126   92  155.14259   36.00000  76.8%  45.2  456s
 1361091 877172   45.83335  110  128  155.14259   36.00000  76.8%  45.2  460s
 1379740 890098   49.66730  116  148  155.14259   36.00000  76.8%  45.3  465s
 1405089 904366 infeasible  108       155.14259   36.00000  76.8%  45.3  470s
 1424335 914794  119.33355  113   94  155.14259   36.00000  76.8%  45.4  475s
 1431878 927367   38.16667   86  103  155.14259   36.00000  76.8%  45.4  480s
 1459542 936738   42.83333  108  123  155.14259   36.00000  76.8%  45.4  485s
 1476191 941147   36.33616  108  128  155.14259   36.00000  76.8%  45.4  490s
 1487986 948249   53.66667  141  102  155.14259   36.00000  76.8%  45.5  497s
 1499953 958662   79.03156  135  102  155.14259   36.00000  76.8%  45.5  500s
 1513362 965283     cutoff   85       155.14259   36.00000  76.8%  45.5  505s
 1542726 978903   36.00000   90  146  155.14259   36.00000  76.8%  45.5  510s
 1543283 982212   60.66699  103  112  155.14259   36.00000  76.8%  45.5  515s
 1564283 995015  142.05908  102  135  155.14259   36.00000  76.8%  45.6  520s
 1591204 1011054 infeasible  138       155.14259   36.00000  76.8%  45.6  526s
 1603221 1015119   45.00042  109  146  155.14259   36.00000  76.8%  45.7  530s
 1623595 1029403   63.33564  109  152  155.14259   36.00000  76.8%  45.7  536s
 1631316 1029418     cutoff  141       155.14259   36.00000  76.8%  45.7  540s
 1648277 1042573   64.91702  133  103  155.14259   36.00000  76.8%  45.7  545s
 1662789 1049329   37.51538  114  165  155.14259   36.00000  76.8%  45.7  550s
 1676790 1056987   39.11301  137  125  155.14259   36.00000  76.8%  45.7  555s
 1688498 1064164 infeasible  127       155.14259   36.00000  76.8%  45.8  560s
 1710994 1075963  100.12209  125  110  155.14259   36.00000  76.8%  45.8  565s
 1732698 1087266  106.33333  132   84  155.14259   36.00000  76.8%  45.8  570s
 1754504 1102470   36.16667   96  167  155.14259   36.00000  76.8%  45.9  575s
 1775296 1108975   93.51412  109   83  155.14259   36.00000  76.8%  46.0  583s
 1782048 1113929   37.00000  116  126  155.14259   36.00000  76.8%  46.0  585s
 1800158 1124519   96.66667  135   93  155.14259   36.00000  76.8%  46.0  590s
 1823216 1135145  100.71968  109   88  155.14259   36.00000  76.8%  46.2  596s
 1835748 1145624   52.01251   90  144  155.14259   36.00000  76.8%  46.2  600s
 1861777 1160638   36.83333  122  114  155.14259   36.00000  76.8%  46.3  605s
 1887541 1171480   74.86930  128  140  155.14259   36.00000  76.8%  46.3  612s
 1892096 1173866   37.16709  117  107  155.14259   36.00000  76.8%  46.3  616s
 1905422 1183623 infeasible  145       155.14259   36.00000  76.8%  46.4  620s
H1928965 1194829                     155.1425909   36.00000  76.8%  46.4  624s
 1931328 1198255  120.50000  137   96  155.14259   36.00000  76.8%  46.4  625s
 1954147 1210481   86.18685  144   92  155.14259   36.00000  76.8%  46.5  630s
 1981284 1225213  134.00159  132   76  155.14259   36.00000  76.8%  46.6  635s
 2002846 1236797     cutoff  132       155.14259   36.00000  76.8%  46.6  642s
 2006435 1246858   36.83365  132  124  155.14259   36.00000  76.8%  46.6  645s
 2046814 1264886   36.66667  106  131  155.14259   36.00000  76.8%  46.7  650s
 2063238 1274649   36.00000   81  158  155.14259   36.00000  76.8%  46.8  655s
 2087331 1284412  142.60072  119  108  155.14259   36.00000  76.8%  46.8  660s
 2096756 1289429   40.16730  116  123  155.14259   36.00000  76.8%  46.8  665s
 2102896 1302218   66.16667  148   81  155.14259   36.00000  76.8%  46.8  675s
 2143077 1318198   78.50000  154   75  155.14259   36.00000  76.8%  46.9  680s
 2153392 1324469     cutoff  115       155.14259   36.00000  76.8%  46.9  685s
 2176093 1338181   37.00000  106  141  155.14259   36.00000  76.8%  46.9  690s
 2195752 1351826   36.00001  107  179  155.14259   36.00000  76.8%  46.9  695s
 2213437 1361650   36.08333   97  117  155.14259   36.00000  76.8%  47.0  700s
 2243191 1373876   36.33333  118  151  155.14259   36.00000  76.8%  47.0  707s
 2247081 1376309   39.50000  133  122  155.14259   36.00000  76.8%  47.0  712s
 2257384 1387390   36.66667  113  145  155.14259   36.00000  76.8%  47.0  716s
 2277945 1397874   40.00692  116  114  155.14259   36.00000  76.8%  47.0  720s
 2294139 1408395   66.00000  139   91  155.14259   36.00000  76.8%  47.0  726s
 2308872 1414095  132.16667  122   78  155.14259   36.00000  76.8%  47.0  730s
 2327723 1422306   44.16709  135  136  155.14259   36.00000  76.8%  47.0  735s
 2346811 1429970   36.66965   98  152  155.14259   36.00000  76.8%  47.0  740s
 2365353 1443465   76.33333  113  105  155.14259   36.00000  76.8%  47.0  745s
 2374143 1448790   36.84969  123  137  155.14259   36.00000  76.8%  47.1  750s
 2396781 1460441   82.66804  111  132  155.14259   36.00000  76.8%  47.1  757s
 2405677 1466725   37.68365  125  119  155.14259   36.00000  76.8%  47.1  760s
 2419160 1480786   70.94657  144   99  155.14259   36.00000  76.8%  47.1  767s
 2444068 1488224   98.66667  165   61  155.14259   36.00000  76.8%  47.1  770s
 2466702 1500762   51.50000  120   83  155.14259   36.00000  76.8%  47.1  775s
 2483311 1505733     cutoff  140       155.14259   36.00000  76.8%  47.1  781s
 2483349 1522727  132.00127  141   86  155.14259   36.00000  76.8%  47.1  786s
 2515381 1522744   53.19286  115  119  155.14259   36.00000  76.8%  47.1  790s
 2515426 1540269   53.83333  116  113  155.14259   36.00000  76.8%  47.1  804s
 2547458 1544929 infeasible  119       155.14259   36.00000  76.8%  47.1  807s
 2558619 1549626  140.00952  107  116  155.14259   36.00000  76.8%  47.1  810s
 2577792 1560908  146.00000  125  110  155.14259   36.00000  76.8%  47.1  815s
 2604655 1576140  128.50000  132   88  155.14259   36.00000  76.8%  47.1  820s
 2620399 1584906   53.84079   93  158  155.14259   36.00000  76.8%  47.1  825s
 2630229 1587812   36.50011  108  142  155.14259   36.00000  76.8%  47.1  830s
 2644503 1612183 infeasible  105       155.14259   36.00000  76.8%  47.0  839s
 2673532 1612183   42.83333  133  109  155.14259   36.00000  76.8%  47.0  840s
 2689776 1620551   89.16667  101  133  155.14259   36.00000  76.8%  47.0  845s
 2708083 1636755   36.00000   88  149  155.14259   36.00000  76.8%  47.1  851s
 2722276 1640401   39.50000  122  102  155.14259   36.00000  76.8%  47.1  858s
 2732744 1647894   86.83430  123  148  155.14259   36.00000  76.8%  47.0  861s
 2741295 1659866 infeasible  165       155.14259   36.00000  76.8%  47.0  866s
 2777080 1674635 infeasible  117       155.14259   36.00000  76.8%  47.0  870s
 2798743 1690337   96.51271  131  126  155.14259   36.00000  76.8%  47.0  876s
 2821291 1698063   43.46310  115  129  155.14259   36.00000  76.8%  47.0  880s
 2827730 1707036 infeasible  141       155.14259   36.00000  76.8%  47.0  885s
 2846022 1717175   42.00000  123  110  155.14259   36.00000  76.8%  47.0  890s
 2856682 1725801   45.17092  152  106  155.14259   36.00000  76.8%  47.0  895s
 2883187 1737910  152.83563  119   90  155.14259   36.00000  76.8%  47.0  900s
 2895926 1743846   44.91733  138  138  155.14259   36.00000  76.8%  47.0  905s
 2918543 1762653     cutoff  144       155.14259   36.00000  76.8%  47.0  910s
 2945400 1778374  103.66667  118  100  155.14259   36.00000  76.8%  47.0  915s
 2966403 1791675   86.00000  125  118  155.14259   36.00000  76.8%  47.0  920s
 2978236 1795616     cutoff  123       155.14259   36.00000  76.8%  47.0  926s
 2994129 1808310 infeasible  168       155.14259   36.00000  76.8%  47.0  930s
 3018514 1824691   41.74876  106  154  155.14259   36.00000  76.8%  47.0  935s
 3045467 1840035   36.00000  119  135  155.14259   36.00000  76.8%  47.0  940s
 3050076 1860441   62.40349  138  106  155.14259   36.00000  76.8%  47.0  955s
 3094254 1871841   38.33333   97  154  155.14259   36.00000  76.8%  47.0  960s
 3106800 1881274  128.66975  123  130  155.14259   36.00000  76.8%  47.0  965s
 3127633 1893898   78.17728  169   81  155.14259   36.00000  76.8%  47.0  970s
 3152128 1909770   56.51484  138  115  155.14259   36.00000  76.8%  47.0  975s
 3171209 1921444   36.16732  111  166  155.14259   36.00000  76.8%  47.0  980s
 3194362 1935572  108.50000  161   63  155.14259   36.00000  76.8%  47.0  985s
H3211830 1941236                     153.5000000   36.00000  76.5%  47.0  988s
H3212800 1944680                     153.3333333   36.00000  76.5%  47.0  989s
H3215953 1944429                     153.1666667   36.00000  76.5%  47.0  989s
H3219011 1944623                     153.1666662   36.00000  76.5%  47.0  992s
 3219261 1946016   45.66667  150   93  153.16667   36.00000  76.5%  47.0  995s
 3233941 1954491  107.21880  119  104  153.16667   36.00000  76.5%  47.0 1004s
 3233977 1957936     cutoff  120       153.16667   36.00000  76.5%  47.0 1005s
 3247369 1966572   87.60751  151  113  153.16667   36.00000  76.5%  47.0 1010s
 3268380 1980600   36.00000  119  140  153.16667   36.00000  76.5%  47.0 1015s
 3296579 1995149   45.00000  116  148  153.16667   36.00000  76.5%  46.9 1020s
 3301791 2014648   39.66667  108  119  153.16667   36.00000  76.5%  46.9 1035s
 3346601 2022834 infeasible  127       153.16667   36.00000  76.5%  46.9 1041s
 3349329 2028431   98.83866  112   91  153.16667   36.00000  76.5%  46.9 1045s
 3366311 2037324   63.33333  123  139  153.16667   36.00000  76.5%  46.9 1050s
 3388012 2052334   39.66667  114  133  153.16667   36.00000  76.5%  46.9 1055s
 3411192 2066082  132.00000  172   57  153.16667   36.00000  76.5%  46.9 1060s
 3438902 2081868   45.27846  132  129  153.16667   36.00000  76.5%  46.9 1065s
 3458201 2089498  143.66670  139   87  153.16667   36.00000  76.5%  46.8 1072s
 3464345 2096980  144.66670  128  100  153.16667   36.00000  76.5%  46.8 1075s
 3496498 2116297   37.33333  120  134  153.16667   36.00000  76.5%  46.8 1081s
 3519607 2128490   80.50152  149   91  153.16667   36.00000  76.5%  46.8 1085s
 3547978 2145844   73.00000  137  109  153.16667   36.00000  76.5%  46.7 1090s
 3556978 2152648  140.18764  136  139  153.16667   36.00000  76.5%  46.7 1095s
 3574976 2160325   56.00000  104  137  153.16667   36.00000  76.5%  46.7 1100s
 3600065 2177557   47.33357  123  136  153.16667   36.00000  76.5%  46.7 1105s
 3619058 2191598   44.33461  133  133  153.16667   36.00000  76.5%  46.7 1110s
 3635883 2201449 infeasible  140       153.16667   36.00000  76.5%  46.7 1115s
 3663931 2214044  101.50000  139   72  153.16667   36.00000  76.5%  46.7 1120s
 3670882 2220994   36.83436  117  142  153.16667   36.00000  76.5%  46.7 1125s
 3693749 2235765  111.54750  133   69  153.16667   36.00000  76.5%  46.7 1130s
 3719990 2251741     cutoff  144       153.16667   36.00000  76.5%  46.7 1136s
 3746234 2265241     cutoff  131       153.16667   36.00000  76.5%  46.7 1140s
 3774382 2280654 infeasible  109       153.16667   36.00000  76.5%  46.7 1145s
 3797074 2293801  109.33333  185   36  153.16667   36.00000  76.5%  46.7 1150s
H3803405 2296000                     153.1666661   36.00000  76.5%  46.7 1151s
H3808843 2298365                     153.1666657   36.00000  76.5%  46.7 1152s
H3810106 2298708                     153.1666656   36.00000  76.5%  46.7 1155s
H3810131 2298708                     153.1666656   36.00000  76.5%  46.7 1155s
 3811366 2301092   38.17520  153  106  153.16667   36.00000  76.5%  46.7 1160s
H3813780 2301092                     153.1666653   36.00000  76.5%  46.7 1160s
H3813818 2301519                     153.1666652   36.00000  76.5%  46.7 1163s
H3814242 2301519                     153.1666652   36.00000  76.5%  46.7 1164s
 3814416 2320428   48.00984  171   92  153.16667   36.00000  76.5%  46.7 1177s
H3814800 2320428                     153.1666651   36.00000  76.5%  46.7 1177s
H3820005 2320428                     153.1666640   36.00000  76.5%  46.7 1178s
H3846448 2320546                     153.1666639   36.00000  76.5%  46.7 1180s
H3846449 2320546                     153.1666615   36.00000  76.5%  46.7 1180s
H3846450 2320546                     153.1666590   36.00000  76.5%  46.7 1180s
H3846529 2320546                     153.1666589   36.00000  76.5%  46.7 1181s
H3846551 2320546                     153.1666588   36.00000  76.5%  46.7 1181s
 3846686 2338404   41.16667   91  153  153.16666   36.00000  76.5%  46.7 1195s
H3846700 2338404                     153.1666587   36.00000  76.5%  46.7 1196s
H3848601 2338404                     153.1666578   36.00000  76.5%  46.7 1196s
H3849402 2338404                     153.1666561   36.00000  76.5%  46.7 1196s
H3850904 2338404                     153.1666537   36.00000  76.5%  46.7 1196s
H3853406 2338404                     153.1666537   36.00000  76.5%  46.7 1197s
H3860714 2338404                     153.1666534   36.00000  76.5%  46.7 1197s
H3878718 2342372                     153.1666533   36.00000  76.5%  46.7 1199s
H3878800 2342372                     153.1666533   36.00000  76.5%  46.7 1199s
H3878900 2342372                     153.1666532   36.00000  76.5%  46.7 1199s
H3880107 2342372                     153.1666532   36.00000  76.5%  46.7 1200s

Cutting planes:
  Learned: 195
  Gomory: 21
  Cover: 112
  Implied bound: 111
  Clique: 15
  MIR: 467
  StrongCG: 1
  Flow cover: 1045
  GUB cover: 1
  RLT: 10
  Relax-and-lift: 370

Explored 3886373 nodes (181387601 simplex iterations) in 1200.20 seconds
Thread count was 32 (of 64 available processors)

Solution count 10: 153.167 153.167 153.167 ... 153.167

Time limit reached
Best objective 1.531666531764e+02, best bound 3.600000000000e+01, gap 76.4962%
