
Gurobi 9.1.2 (linux64) logging started Wed Mar 30 03:09:53 2022

Changed value of parameter LogFile to cost226_v-Barce....log
   Prev:   Default: 
Changed value of parameter MIPFocus to 1
   Prev: 0  Min: 0  Max: 3  Default: 0
Changed value of parameter TimeLimit to 600.0
   Prev: inf  Min: 0.0  Max: inf  Default: inf
Warning: variables 0 and 188 have the same name "X[Brussels,Amste...]"
Warning: linear constraint 228 and linear constraint 229 have the same name "weight-constr-t5"
Warning: to let Gurobi read it back, use rlp format
Gurobi Optimizer version 9.1.2 build v9.1.2rc0 (linux64)
Thread count: 32 physical cores, 64 logical processors, using up to 32 threads
Optimize a model with 1356 rows, 1128 columns and 3972 nonzeros
Model fingerprint: 0x0f41efa1
Variable types: 222 continuous, 906 integer (906 binary)
Coefficient statistics:
  Matrix range     [1e+00, 1e+06]
  Objective range  [2e-01, 2e-01]
  Bounds range     [1e+00, 5e+05]
  RHS range        [1e+00, 1e+06]
Presolve removed 72 rows and 84 columns
Presolve time: 0.01s
Presolved: 1284 rows, 1044 columns, 6612 nonzeros
Variable types: 216 continuous, 828 integer (828 binary)

Root relaxation: objective 3.600000e+01, 149 iterations, 0.00 seconds

    Nodes    |    Current Node    |     Objective Bounds      |     Work
 Expl Unexpl |  Obj  Depth IntInf | Incumbent    BestBd   Gap | It/Node Time

     0     0   36.00000    0   54          -   36.00000      -     -    0s
     0     0   36.00000    0   68          -   36.00000      -     -    0s
     0     0   36.00000    0   44          -   36.00000      -     -    0s
     0     0   36.00000    0   43          -   36.00000      -     -    0s
     0     0   36.00000    0   54          -   36.00000      -     -    0s
H    0     0                    2698198.6667   36.00000   100%     -    0s
     0     0   36.00000    0   54 2698198.67   36.00000   100%     -    0s
H    0     0                    2198.4999990   36.00000  98.4%     -    0s
H    0     0                    2195.6666657   36.00000  98.4%     -    0s
H    0     0                    2195.4999990   36.00000  98.4%     -    0s
     0     2   36.00000    0   48 2195.50000   36.00000  98.4%     -    0s
H   30    54                    2194.9999990   36.00000  98.4%  20.5    0s
H   48    54                    2194.4999990   36.00000  98.4%  15.6    0s
H   89   118                     602.0000000   36.00000  94.0%  12.5    2s
H   93   118                     571.8333333   36.00000  93.7%  12.1    2s
H   97   118                     407.6666667   36.00000  91.2%  11.7    2s
H  101   118                     390.6666667   36.00000  90.8%  11.4    2s
H  103   118                     322.3333333   36.00000  88.8%  11.2    2s
H  153   182                     317.7408843   36.00000  88.7%   9.3    3s
H  154   182                     317.0000000   36.00000  88.6%   9.3    3s
H  156   182                     314.3333333   36.00000  88.5%   9.2    3s
H  161   182                     285.5000000   36.00000  87.4%   9.0    3s
H  166   182                     195.8333333   36.00000  81.6%   8.9    3s
H  171   182                     188.0000000   36.00000  80.9%   8.7    3s
H  187   214                     187.9999976   36.00000  80.9%   8.7    4s
H  192   214                     187.0000000   36.00000  80.7%   8.5    4s
H  208   214                     186.9999988   36.00000  80.7%   8.2    4s
   217   246   36.00000   11   48  187.00000   36.00000  80.7%   8.2    6s
H  219   246                     186.9999986   36.00000  80.7%   8.1    6s
H  283   284                     186.9999986   36.00000  80.7%   7.2    6s
H 1472  1465                     186.9999986   36.00000  80.7%   6.1    7s
H 1511  1496                     179.1666667   36.00000  79.9%   6.1    9s
H 2110  3038                     176.6666667   36.00000  79.6%   6.3    9s
H 3187  3067                     174.9444444   36.00000  79.4%   6.3   10s
H 3193  3067                     173.6666667   36.00000  79.3%   6.3   10s
H 3248  3894                     173.5000000   36.00000  79.3%   6.2   11s
H 4960  4648                     173.5000000   36.00000  79.3%   6.2   11s
H13683 11031                     173.4999994   36.00000  79.3%   6.8   13s
H13737 10521                     173.4999994   36.00000  79.3%   6.9   13s
 14000 10722   36.00000   20  154  173.50000   36.00000  79.3%   7.2   15s
H14633 10580                     173.4999994   36.00000  79.3%   7.8   15s
H16686 11819                     173.4999992   36.00000  79.3%   9.2   17s
H17631 14045                     173.4999977   36.00000  79.3%   9.9   18s
H21441 12443                     173.4999976   36.00000  79.3%  11.7   18s
H21442 12015                     173.4999976   36.00000  79.3%  11.8   18s
H21456 11606                     173.4999976   36.00000  79.3%  11.8   18s
H21575 11181                     173.4999976   36.00000  79.3%  11.8   18s
 21699 11768   36.50000   48  149  173.50000   36.00000  79.3%  12.0   20s
H22027 11292                     173.4999975   36.00000  79.3%  12.2   20s
H22601 10753                     173.4999975   36.00000  79.3%  12.5   20s
H23211 12828                     173.3333333   36.00000  79.2%  12.8   20s
H26564 12839                     173.1666667   36.00000  79.2%  13.8   21s
 40341 19833   36.33333   89  115  173.16667   36.00000  79.2%  17.4   25s
 63382 31557   39.83333  105   78  173.16667   36.00000  79.2%  20.8   31s
H65074 31557                     173.1666665   36.00000  79.2%  21.0   31s
H75113 35986                     173.1666663   36.00000  79.2%  22.0   33s
H76600 39192                     173.1666662   36.00000  79.2%  22.2   34s
H78570 39192                     173.1666662   36.00000  79.2%  22.3   34s
 84069 39219  159.91786  141   72  173.16667   36.00000  79.2%  22.6   41s
H84080 39219                     173.1639468   36.00000  79.2%  22.6   41s
 93108 47966  106.00000  108   76  173.16395   36.00000  79.2%  23.1   45s
 105889 47982 infeasible  121       173.16395   36.00000  79.2%  23.6   53s
H107017 50053                     173.1639468   36.00000  79.2%  23.6   53s
 112550 52773   38.83333  114   80  173.16395   36.00000  79.2%  23.6   55s
 125709 56020 infeasible   98       173.16395   36.00000  79.2%  23.9   61s
 125759 72958   36.03333   97  112  173.16395   36.00000  79.2%  23.9   69s
 157791 77680 infeasible  128       173.16395   36.00000  79.2%  25.0   71s
 173529 81336 infeasible  138       173.16395   36.00000  79.2%  25.5   77s
 181180 88264   98.16667   61  111  173.16395   36.00000  79.2%  25.7   80s
 186969 88283   48.16667  126   57  173.16395   36.00000  79.2%  25.8   87s
 187066 105778   48.16667  126   57  173.16395   36.00000  79.2%  25.8   92s
 231234 112008   36.16667  102  127  173.16395   36.00000  79.2%  26.3   95s
 238039 115465   77.33334  140   90  173.16395   36.00000  79.2%  26.4  103s
 238966 118948 infeasible   93       173.16395   36.00000  79.2%  26.4  105s
 267474 127944   36.00000   76  158  173.16395   36.00000  79.2%  26.6  114s
 267533 130230   36.00000   43  134  173.16395   36.00000  79.2%  26.6  115s
 285564 143252   36.50000   29  166  173.16395   36.00000  79.2%  26.9  122s
 304045 154356  120.83895  112   78  173.16395   36.00000  79.2%  27.2  125s
 328292 168652  122.00000  105   79  173.16395   36.00000  79.2%  27.9  130s
 334294 168676   39.00000  124  119  173.16395   36.00000  79.2%  28.1  135s
 342879 180129   36.00000   69  110  173.16395   36.00000  79.2%  28.2  140s
 374262 200976     cutoff  127       173.16395   36.00000  79.2%  27.7  146s
 402970 213976   36.00000   78   93  173.16395   36.00000  79.2%  27.3  150s
 425395 228804     cutoff  142       173.16395   36.00000  79.2%  27.2  155s
H450520 244147                     173.1639468   36.00000  79.2%  27.0  159s
 452769 244168   38.86667   93   80  173.16395   36.00000  79.2%  27.0  165s
 472133 260350 infeasible  128       173.16395   36.00000  79.2%  26.8  171s
 494079 269911   42.33414  134   74  173.16395   36.00000  79.2%  26.7  175s
 523076 284873   42.16667   89   77  173.16395   36.00000  79.2%  26.5  180s
 540486 297188  161.00040   98  110  173.16395   36.00000  79.2%  26.4  185s
 566044 308906  163.50000  125   55  173.16395   36.00000  79.2%  26.2  190s
 584504 317097   56.66667  144   63  173.16395   36.00000  79.2%  26.1  196s
 600490 331093  154.12598  119   47  173.16395   36.00000  79.2%  26.0  200s
 628227 347585  130.50000  158   32  173.16395   36.00000  79.2%  25.9  205s
 655622 364468 infeasible  114       173.16395   36.00000  79.2%  25.7  210s
 681102 380405   56.04032  133  113  173.16395   36.00000  79.2%  25.7  215s
 701919 390326   37.08333  106  101  173.16395   36.00000  79.2%  25.6  220s
 722730 404346   37.83333  121   95  173.16395   36.00000  79.2%  25.6  225s
 744429 417669   48.25833  107   82  173.16395   36.00000  79.2%  25.6  230s
 765447 431682     cutoff  113       173.16395   36.00000  79.2%  25.6  235s
 790943 444859   96.33394  148   43  173.16395   36.00000  79.2%  25.6  240s
 807149 454230 infeasible  124       173.16395   36.00000  79.2%  25.6  245s
 831725 469630 infeasible  139       173.16395   36.00000  79.2%  25.5  250s
 858679 481508  140.33333  130   42  173.16395   36.00000  79.2%  25.5  258s
 858716 500129  140.33333  131   38  173.16395   36.00000  79.2%  25.5  263s
 890748 504415     cutoff  109       173.16395   36.00000  79.2%  25.4  265s
 902462 508839  160.66667  125   45  173.16395   36.00000  79.2%  25.4  270s
 921648 519730  118.40182  146   58  173.16395   36.00000  79.2%  25.4  275s
 937949 526864   44.05515  114  106  173.16395   36.00000  79.2%  25.4  281s
 953438 539506   67.66667  146   69  173.16395   36.00000  79.2%  25.5  286s
 971117 548756  133.68472  104   57  173.16395   36.00000  79.2%  25.5  290s
 980440 554255 infeasible  134       173.16395   36.00000  79.2%  25.5  295s
 1003599 564963   36.16667   99   88  173.16395   36.00000  79.2%  25.5  302s
 1011990 573864   67.00001  117   74  173.16395   36.00000  79.2%  25.5  305s
 1031949 582049   37.66667  113  101  173.16395   36.00000  79.2%  25.4  312s
 1039312 589597  133.85220  150   69  173.16395   36.00000  79.2%  25.4  315s
 1066058 605257   36.00000   93  111  173.16395   36.00000  79.2%  25.4  320s
 1087303 617909   49.67049  111   85  173.16395   36.00000  79.2%  25.4  325s
 1111239 629642  152.55458   97   73  173.16395   36.00000  79.2%  25.4  330s
 1132355 644441     cutoff  117       173.16395   36.00000  79.2%  25.3  335s
 1154666 657055   56.66747  122   87  173.16395   36.00000  79.2%  25.3  340s
 1160275 661242   53.50000  139   58  173.16395   36.00000  79.2%  25.3  345s
 1165904 661271   92.33333  128   58  173.16395   36.00000  79.2%  25.3  350s
 1181616 673586  109.45955  140   82  173.16395   36.00000  79.2%  25.3  355s
 1187709 673616   36.50000   94  117  173.16395   36.00000  79.2%  25.3  361s
 1192614 675910 infeasible  134       173.16395   36.00000  79.2%  25.3  369s
 1192666 678644   36.66667  110   83  173.16395   36.00000  79.2%  25.3  370s
 1197389 678668   63.50176  163   54  173.16395   36.00000  79.2%  25.3  375s
 1206364 683607   82.16667  129   89  173.16395   36.00000  79.2%  25.3  382s
 1206409 701865   83.16667  130   83  173.16395   36.00000  79.2%  25.3  391s
 1251453 710791  169.83333  137   53  173.16395   36.00000  79.2%  25.2  395s
 1269824 720112   41.33333  114   72  173.16395   36.00000  79.2%  25.2  404s
 1269860 737168   40.67389  113   84  173.16395   36.00000  79.2%  25.2  409s
 1301892 740189 infeasible  162       173.16395   36.00000  79.2%  25.2  411s
 1325904 749100   41.66667  109   82  173.16395   36.00000  79.2%  25.2  419s
 1325956 751832     cutoff  110       173.16395   36.00000  79.2%  25.2  420s
 1347777 765256   45.66667  115   93  173.16395   36.00000  79.2%  25.1  425s
 1364074 769624  170.81061  134   61  173.16395   36.00000  79.2%  25.1  433s
 1364111 787634 infeasible  135       173.16395   36.00000  79.2%  25.1  438s
 1396143 792021   83.33333  118   68  173.16395   36.00000  79.2%  25.1  440s
 1422478 805260   69.66687  150   69  173.16395   36.00000  79.2%  25.1  445s
 1426894 805288   40.66887  113   93  173.16395   36.00000  79.2%  25.1  450s
 1426930 824103   48.66667  114   89  173.16395   36.00000  79.2%  25.1  455s
 1480377 839379   55.66667  125   78  173.16395   36.00000  79.2%  25.1  461s
 1502840 852486   41.50000  122   79  173.16395   36.00000  79.2%  25.1  465s
 1512284 855424  168.16667  131   41  173.16395   36.00000  79.2%  25.1  470s
 1518509 858744  144.83333  124   46  173.16395   36.00000  79.2%  25.0  475s
 1539011 873263   74.16667  100   74  173.16395   36.00000  79.2%  25.0  480s
 1551139 877315 infeasible  160       173.16395   36.00000  79.2%  25.0  488s
 1551184 896149   36.00000  103  103  173.16395   36.00000  79.2%  25.0  497s
 1589695 901937   88.92002  117   94  173.16395   36.00000  79.2%  25.1  500s
 1610363 914341   37.70580   90  139  173.16395   36.00000  79.2%  25.1  505s
 1631939 923153   48.58544  126   89  173.16395   36.00000  79.2%  25.1  513s
 1640593 930522  118.00000  115   65  173.16395   36.00000  79.2%  25.1  515s
 1644144 930552   55.41667  130   68  173.16395   36.00000  79.2%  25.1  520s
 1649169 952779 infeasible  131       173.16395   36.00000  79.2%  25.0  532s
 1689435 959838  117.50400   92  102  173.16395   36.00000  79.2%  25.2  535s
 1693654 959972   39.19698  127  126  173.16395   36.00000  79.2%  25.2  540s
 1703769 965271   36.66667   83  142  173.16395   36.00000  79.2%  25.2  546s
 1712751 975503   36.33333   88  155  173.16395   36.00000  79.2%  25.2  550s
 1719860 979125     cutoff  147       173.16395   36.00000  79.2%  25.2  555s
 1739942 992228   36.33333   76  157  173.16395   36.00000  79.2%  25.3  560s
 1746119 994973   36.50000   85  105  173.16395   36.00000  79.2%  25.3  570s
 1748963 1016458   36.33333   85  105  173.16395   36.00000  79.2%  25.3  576s
 1788229 1021472   36.33333   96  109  173.16395   36.00000  79.2%  25.4  584s
 1789107 1023987   55.58399  113   77  173.16395   36.00000  79.2%  25.4  586s
 1793969 1024003  120.50000  100   99  173.16395   36.00000  79.2%  25.5  591s
 1807161 1034299   55.50000  123   95  173.16395   36.00000  79.2%  25.6  595s
 1812954 1034742 infeasible   77       173.16395   36.00000  79.2%  25.6  600s

Cutting planes:
  Learned: 183
  Gomory: 18
  Cover: 114
  Implied bound: 112
  Clique: 6
  MIR: 366
  Flow cover: 838
  RLT: 3
  Relax-and-lift: 294

Cleanup yields a better solution

Explored 1813796 nodes (46470191 simplex iterations) in 600.02 seconds
Thread count was 32 (of 64 available processors)

Solution count 10: 173.164 173.167 173.167 ... 173.5

Time limit reached
Best objective 1.721666662386e+02, best bound 3.600000000000e+01, gap 79.0900%

Gurobi 9.1.2 (linux64) logging started Tue Apr  5 03:23:11 2022

Changed value of parameter LogFile to cost226_v-Barce....log
   Prev:   Default: 
Changed value of parameter MIPFocus to 1
   Prev: 0  Min: 0  Max: 3  Default: 0
Changed value of parameter TimeLimit to 1200.0
   Prev: inf  Min: 0.0  Max: inf  Default: inf
Warning: variables 0 and 188 have the same name "X[Lyon,Paris]"
Warning: linear constraint 228 and linear constraint 229 have the same name "weight-constr-t5"
Warning: to let Gurobi read it back, use rlp format
Gurobi Optimizer version 9.1.2 build v9.1.2rc0 (linux64)
Thread count: 32 physical cores, 64 logical processors, using up to 32 threads
Optimize a model with 1356 rows, 1128 columns and 3972 nonzeros
Model fingerprint: 0x76747815
Variable types: 222 continuous, 906 integer (906 binary)
Coefficient statistics:
  Matrix range     [1e+00, 1e+06]
  Objective range  [2e-01, 2e-01]
  Bounds range     [1e+00, 5e+05]
  RHS range        [1e+00, 1e+06]
Presolve removed 72 rows and 84 columns
Presolve time: 0.01s
Presolved: 1284 rows, 1044 columns, 6612 nonzeros
Variable types: 216 continuous, 828 integer (828 binary)

Root relaxation: objective 3.600000e+01, 149 iterations, 0.00 seconds

    Nodes    |    Current Node    |     Objective Bounds      |     Work
 Expl Unexpl |  Obj  Depth IntInf | Incumbent    BestBd   Gap | It/Node Time

     0     0   36.00000    0   55          -   36.00000      -     -    0s
     0     0   36.00000    0   54          -   36.00000      -     -    0s
H    0     0                    2687517.0000   36.00000   100%     -    0s
     0     0   36.00000    0   54 2687517.00   36.00000   100%     -    0s
H    0     0                    4249.0833322   36.00000  99.2%     -    0s
H    0     0                    2211.4999998   36.00000  98.4%     -    0s
H    0     0                    1079.0000000   36.00000  96.7%     -    0s
H    0     0                     555.0000000   36.00000  93.5%     -    0s
     0     2   36.00000    0   54  555.00000   36.00000  93.5%     -    0s
H    2     4                     554.9999999   36.00000  93.5%   288    0s
H   45    64                     553.9999999   36.00000  93.5%  22.9    0s
H   95   128                     346.0000000   36.00000  89.6%  15.6    1s
H   98   128                     317.0000000   36.00000  88.6%  15.2    1s
H  104   128                     191.0000000   36.00000  81.2%  14.6    1s
H  191   219                     189.0000000   36.00000  81.0%  10.5    1s
H  193   219                     177.6666667   36.00000  79.7%  10.7    1s
H  225   251                     177.3333333   36.00000  79.7%  10.1    2s
H  226   251                     176.6666667   36.00000  79.6%  10.2    2s
H  227   251                     175.5000000   36.00000  79.5%  10.3    2s
H  258   282                     175.1666667   36.00000  79.4%  10.4    3s
H  259   282                     175.0000000   36.00000  79.4%  10.4    3s
H  260   282                     174.8333333   36.00000  79.4%  10.3    3s
H  265   282                     174.3333333   36.00000  79.3%  10.3    3s
H  266   282                     174.1666667   36.00000  79.3%  10.4    3s
H  300   704                     174.0000000   36.00000  79.3%  10.3    3s
H  828  1050                     174.0000000   36.00000  79.3%   9.0    4s
H 1828  2583                     173.9999973   36.00000  79.3%   7.8    4s
H 2720  2637                     173.9999973   36.00000  79.3%   7.4    4s
H 2739  2637                     173.9999973   36.00000  79.3%   7.4    4s
  2764  2741   63.50000   84   44  174.00000   36.00000  79.3%   7.4    5s
H 2767  2741                     173.5000000   36.00000  79.3%   7.4    5s
H 3061  4121                     173.5000000   36.00000  79.3%   7.2    5s
H 6229  5729                     173.4999998   36.00000  79.3%   6.6    6s
H 6658  7058                     173.4999997   36.00000  79.3%   6.5    6s
H 6865  7058                     173.4999996   36.00000  79.3%   6.5    6s
H 7859  9049                     173.4999996   36.00000  79.3%   6.5    7s
* 9096  9041             149     170.2500011   36.00000  78.9%   6.4    7s
 10381  9129   36.33333   16  153  170.25000   36.00000  78.9%   8.7   10s
 10445  9172   36.33333   18  150  170.25000   36.00000  78.9%   8.9   15s
 11216 10056   49.00000   44  122  170.25000   36.00000  78.9%  10.3   20s
 22947 14537     cutoff   41       170.25000   36.00000  78.9%  23.2   28s
 25025 15348   36.00000   36  146  170.25000   36.00000  78.9%  24.7   30s
 43302 26038  125.16667   56  109  170.25000   36.00000  78.9%  32.7   35s
 46258 26067   36.00000   38  204  170.25000   36.00000  78.9%  34.0   44s
 48454 27700   44.22488   44  135  170.25000   36.00000  78.9%  34.5   45s
 54842 34784  163.17374   87   86  170.25000   36.00000  78.9%  35.7   50s
 58971 34802     cutoff  109       170.25000   36.00000  78.9%  36.5   57s
 62631 44074   36.00000   38  154  170.25000   36.00000  78.9%  36.8   61s
 79715 53807   57.00000   69  110  170.25000   36.00000  78.9%  41.1   65s
 86664 53830   39.16821   69  135  170.25000   36.00000  78.9%  42.0   71s
 92309 59522   36.00000   61  155  170.25000   36.00000  78.9%  42.4   75s
 95675 61357 infeasible   68       170.25000   36.00000  78.9%  43.2   86s
 98483 82087     cutoff  123       170.25000   36.00000  78.9%  43.4   93s
 128523 94387     cutoff  103       170.25000   36.00000  78.9%  45.4   96s
 146989 94934   37.50000  121  132  170.25000   36.00000  78.9%  46.2  109s
 147829 95617   54.16667  127  123  170.25000   36.00000  78.9%  46.3  110s
 157073 105648   36.00000   32  199  170.25000   36.00000  78.9%  46.4  115s
 184011 119074   45.83378   81  105  170.25000   36.00000  78.9%  46.9  120s
 184051 119632   47.19296   82  105  170.25000   36.00000  78.9%  46.9  129s
 184916 120905     cutoff  106       170.25000   36.00000  78.9%  46.9  130s
 195262 133304   51.00000   93  100  170.25000   36.00000  78.9%  47.2  135s
 220765 142856  127.51340   83  101  170.25000   36.00000  78.9%  47.4  148s
 223599 149939  113.16667   63  111  170.25000   36.00000  78.9%  47.5  151s
 243120 162070     cutoff  110       170.25000   36.00000  78.9%  48.1  156s
 259171 169627  137.01051   83   75  170.25000   36.00000  78.9%  48.6  160s
 262104 169647   36.16667   76  129  170.25000   36.00000  78.9%  48.7  170s
 262148 190656   36.16667   77  129  170.25000   36.00000  78.9%  48.7  177s
 303559 202838   39.33355   93  102  170.25000   36.00000  78.9%  49.3  181s
 318122 205785   53.54537  114  129  170.25000   36.00000  78.9%  49.3  198s
 324672 215212   36.02778   40  119  170.25000   36.00000  78.9%  49.3  202s
 341588 221375   85.66667   83  127  170.25000   36.00000  78.9%  49.7  205s
 349734 226476   36.00000   50  151  170.25000   36.00000  78.9%  49.6  216s
 355106 230466   36.00000   61  155  170.25000   36.00000  78.9%  49.8  231s
 355260 251634   36.00000   62  154  170.25000   36.00000  78.9%  49.8  238s
 387292 256850   40.33333   95   90  170.25000   36.00000  78.9%  50.0  241s
 394399 256879   37.83354   95  149  170.25000   36.00000  78.9%  50.1  263s
 394433 260409   72.50062   95  141  170.25000   36.00000  78.9%  50.1  266s
 409924 268140  100.33333  121   81  170.25000   36.00000  78.9%  50.0  270s
 419679 279147   36.00000   37  188  170.25000   36.00000  78.9%  50.2  275s
 435525 284432     cutoff  110       170.25000   36.00000  78.9%  50.5  292s
 443998 289347  131.50000  114   77  170.25000   36.00000  78.9%  50.4  295s
 459604 305067   36.00000   59  166  170.25000   36.00000  78.9%  50.6  300s
 475726 314955   58.00000   99  112  170.25000   36.00000  78.9%  50.6  305s
 482726 314978   36.00000   80  147  170.25000   36.00000  78.9%  50.7  319s
 482767 336276   36.00000   81  149  170.25000   36.00000  78.9%  50.7  325s
 533445 347771  145.68004  125  100  170.25000   36.00000  78.9%  50.8  330s
 544947 355395   46.00000  107  133  170.25000   36.00000  78.9%  50.9  345s
 544987 375559   46.83403  108  155  170.25000   36.00000  78.9%  50.9  351s
 586112 386732   39.50000   94  103  170.25000   36.00000  78.9%  51.0  356s
 601706 393918   36.00000   95  140  170.25000   36.00000  78.9%  50.9  360s
 607317 393942 infeasible   53       170.25000   36.00000  78.9%  51.0  371s
 607357 412938 infeasible   54       170.25000   36.00000  78.9%  51.0  378s
 639389 418394  143.16667   91   82  170.25000   36.00000  78.9%  50.8  381s
 656885 427585   36.00000   88  143  170.25000   36.00000  78.9%  50.8  385s
 669139 431552 infeasible   84       170.25000   36.00000  78.9%  50.8  399s
 669175 451029   44.67206   85  123  170.25000   36.00000  78.9%  50.8  405s
 710444 461746 infeasible  117       170.25000   36.00000  78.9%  50.9  410s
 730720 468517   61.00000  135   78  170.25000   36.00000  78.9%  50.9  426s
 730760 488126  100.16667  136   76  170.25000   36.00000  78.9%  50.9  433s
 762792 492254 infeasible   99       170.25000   36.00000  78.9%  51.0  436s
 779899 501860   42.00000   97   87  170.25000   36.00000  78.9%  51.1  440s
 794760 506708  122.00000   95  100  170.25000   36.00000  78.9%  51.1  455s
 794804 525442  122.00000   96  102  170.25000   36.00000  78.9%  51.1  462s
 826836 529993  146.43712  130   84  170.25000   36.00000  78.9%  51.0  465s
 843998 540281  164.83333  142   52  170.25000   36.00000  78.9%  51.0  470s
 859267 549606   36.00000   95  139  170.25000   36.00000  78.9%  51.1  475s
 876087 555463     cutoff   98       170.25000   36.00000  78.9%  51.1  487s
 883575 559098   52.50000   71  122  170.25000   36.00000  78.9%  51.1  490s
 896268 571741   36.00000   68  191  170.25000   36.00000  78.9%  51.1  495s
 913791 578186   36.16667   60  113  170.25000   36.00000  78.9%  51.2  500s
 914274 578420   36.16667   65  113  170.25000   36.00000  78.9%  51.2  510s
 917478 585934   36.00000   66  149  170.25000   36.00000  78.9%  51.2  515s
 942865 596248 infeasible   86       170.25000   36.00000  78.9%  51.3  520s
 951247 601380   89.99514  105   85  170.25000   36.00000  78.9%  51.4  532s
 954750 608737   36.00000   37  174  170.25000   36.00000  78.9%  51.4  536s
 971820 618884   36.00000   79  137  170.25000   36.00000  78.9%  51.5  542s
 990783 624456   44.00000   80  144  170.25000   36.00000  78.9%  51.5  545s
 997287 627821   38.33333   78  119  170.25000   36.00000  78.9%  51.5  558s
 997326 645953   36.00000   76  156  170.25000   36.00000  78.9%  51.5  566s
 1035973 655289   38.50197   39  171  170.25000   36.00000  78.9%  51.4  570s
 1053255 659875   93.66667  104   97  170.25000   36.00000  78.9%  51.5  587s
 1059454 668211   56.16667   98   90  170.25000   36.00000  78.9%  51.5  591s
 1075572 673571   80.50246  110   85  170.25000   36.00000  78.9%  51.6  595s
 1083772 683260   38.50924   68  204  170.25000   36.00000  78.9%  51.6  600s
 1090644 683281  169.00123  124   82  170.25000   36.00000  78.9%  51.6  614s
 1090687 701748  162.92483  122   99  170.25000   36.00000  78.9%  51.7  621s
 1129850 710937  151.52167  103   84  170.25000   36.00000  78.9%  51.7  625s
 1148047 720271  165.06470   89   89  170.25000   36.00000  78.9%  51.7  631s
 1162842 730524   91.50000  123   67  170.25000   36.00000  78.9%  51.7  635s
 1172654 730548     cutoff   87       170.25000   36.00000  78.9%  51.7  645s
 1178968 733964   36.16667   95  123  170.25000   36.00000  78.9%  51.7  657s
 1184500 737024   95.42947  116   79  170.25000   36.00000  78.9%  51.7  668s
 1184542 754774     cutoff  117       170.25000   36.00000  78.9%  51.7  675s
 1224656 759149 infeasible  129       170.25000   36.00000  78.9%  51.6  687s
 1227349 765996  119.16667   62   82  170.25000   36.00000  78.9%  51.6  690s
 1246997 775984     cutoff  101       170.25000   36.00000  78.9%  51.6  696s
 1254640 775995   37.02819   71   98  170.25000   36.00000  78.9%  51.6  707s
 1257918 783288     cutoff   93       170.25000   36.00000  78.9%  51.6  711s
 1269419 789290 infeasible  104       170.25000   36.00000  78.9%  51.6  716s
 1285086 799163   88.33333  128   94  170.25000   36.00000  78.9%  51.7  720s
 1293468 799751  160.95885  119   82  170.25000   36.00000  78.9%  51.7  731s
 1295944 805397  117.53125  107  101  170.25000   36.00000  78.9%  51.7  736s
 1315227 815501   55.16667  106  112  170.25000   36.00000  78.9%  51.7  742s
 1322404 821119   36.00000   79  100  170.25000   36.00000  78.9%  51.7  745s
 1338425 829536  131.33333  135   52  170.25000   36.00000  78.9%  51.8  751s
 1346011 829557  156.27778  134   44  170.25000   36.00000  78.9%  51.8  764s
 1346054 847261  156.27819  135   45  170.25000   36.00000  78.9%  51.8  770s
 1393588 856840   50.23419  137   91  170.25000   36.00000  78.9%  51.8  776s
 1402099 861617   75.34253   82  105  170.25000   36.00000  78.9%  51.7  789s
 1402136 865330 infeasible   83       170.25000   36.00000  78.9%  51.7  791s
 1416235 874443   37.66667  101  120  170.25000   36.00000  78.9%  51.8  796s
 1432535 879891 infeasible  132       170.25000   36.00000  78.9%  51.8  800s
 1439228 883787   74.83333   73  135  170.25000   36.00000  78.9%  51.8  811s
 1439271 903051   75.34014   74  139  170.25000   36.00000  78.9%  51.8  817s
 1471303 907559   53.33961  152   84  170.25000   36.00000  78.9%  51.8  820s
 1495740 917550   36.00168   80  154  170.25000   36.00000  78.9%  51.8  825s
 1496048 917874   75.36464   82  141  170.25000   36.00000  78.9%  51.8  831s
 1509973 929733   74.50000   70  146  170.25000   36.00000  78.9%  51.7  837s
 1526768 935033   41.00098   94  151  170.25000   36.00000  78.9%  51.7  851s
 1530344 941316   36.33541   78  151  170.25000   36.00000  78.9%  51.7  855s
 1540319 950659 infeasible  105       170.25000   36.00000  78.9%  51.7  860s
 1564681 956265  106.33333  103   94  170.25000   36.00000  78.9%  51.6  875s
 1573620 964535   38.66667   74   94  170.25000   36.00000  78.9%  51.6  880s
 1591475 977219   50.50000  163   99  170.25000   36.00000  78.9%  51.6  885s
 1607623 982275  140.17119  114   46  170.25000   36.00000  78.9%  51.6  897s
 1607669 1001098  143.22308  115   46  170.25000   36.00000  78.9%  51.6  905s
 1648849 1011472   56.50000   95   77  170.25000   36.00000  78.9%  51.6  910s
 1662788 1015860   40.80558   95  117  170.25000   36.00000  78.9%  51.6  921s
 1665559 1022195   99.83333  109   65  170.25000   36.00000  78.9%  51.6  925s
 1681066 1032690   54.67970  179  105  170.25000   36.00000  78.9%  51.6  930s
 1698285 1040631   39.00100   92  149  170.25000   36.00000  78.9%  51.6  935s
 1703858 1040657   92.50021  126   83  170.25000   36.00000  78.9%  51.6  944s
 1703896 1060256   92.83333  127   80  170.25000   36.00000  78.9%  51.6  951s
 1744516 1069661  160.17491  127   59  170.25000   36.00000  78.9%  51.5  956s
 1759849 1073291   81.27264  115  144  170.25000   36.00000  78.9%  51.5  969s
 1759888 1076271   86.86082  116  147  170.25000   36.00000  78.9%  51.5  971s
 1772818 1085927   59.42616  129  117  170.25000   36.00000  78.9%  51.5  976s
 1789358 1095468  125.14445  109  138  170.25000   36.00000  78.9%  51.5  981s
 1813437 1105075   45.72326  136  147  170.25000   36.00000  78.9%  51.5  999s
 1813475 1107888   40.50000  136  143  170.25000   36.00000  78.9%  51.5 1001s
 1824785 1112127   38.83333  120  131  170.25000   36.00000  78.9%  51.5 1005s
 1842334 1125361     cutoff  146       170.25000   36.00000  78.9%  51.4 1010s
 1856862 1129578  141.83364  149   57  170.25000   36.00000  78.9%  51.4 1022s
 1859410 1135426   36.66720  108  141  170.25000   36.00000  78.9%  51.4 1026s
 1874631 1145692   41.16667  126  121  170.25000   36.00000  78.9%  51.4 1030s
 1892891 1151319   36.66724  103  153  170.25000   36.00000  78.9%  51.4 1044s
 1893030 1151319   81.33333  120  116  170.25000   36.00000  78.9%  51.4 1045s
 1903985 1161388   39.69168  123  108  170.25000   36.00000  78.9%  51.4 1051s
 1920153 1167102   42.16667  117  107  170.25000   36.00000  78.9%  51.4 1055s
 1935092 1176011   36.33580  104  122  170.25000   36.00000  78.9%  51.4 1067s
 1935134 1194607   37.51227  107  136  170.25000   36.00000  78.9%  51.4 1074s
 1967166 1199123     cutoff  152       170.25000   36.00000  78.9%  51.4 1077s
 1983946 1204257 infeasible  135       170.25000   36.00000  78.9%  51.4 1080s
 1983988 1204813     cutoff  133       170.25000   36.00000  78.9%  51.4 1090s
 1996718 1216417   37.21104  118  121  170.25000   36.00000  78.9%  51.4 1096s
 2013277 1225475  109.91522  118  126  170.25000   36.00000  78.9%  51.4 1100s
 2026892 1229077   38.00230  103  127  170.25000   36.00000  78.9%  51.4 1114s
 2026930 1248111   38.16872  102  131  170.25000   36.00000  78.9%  51.4 1122s
 2058962 1252764   97.83785  153   66  170.25000   36.00000  78.9%  51.4 1125s
 2074992 1262099   36.76221  114  178  170.25000   36.00000  78.9%  51.4 1131s
 2090061 1266006   47.83333  104  138  170.25000   36.00000  78.9%  51.4 1142s
 2090104 1284316   47.66862  104  138  170.25000   36.00000  78.9%  51.4 1148s
 2122136 1288581 infeasible  152       170.25000   36.00000  78.9%  51.4 1152s
 2137557 1293745  131.75053  108  110  170.25000   36.00000  78.9%  51.4 1155s
 2138191 1293772   36.00000   99  124  170.25000   36.00000  78.9%  51.4 1165s
 2145316 1297536   94.50164  121   82  170.25000   36.00000  78.9%  51.4 1178s
 2151486 1300812 infeasible  112       170.25000   36.00000  78.9%  51.4 1192s
 2151530 1318521  138.70102  113  115  170.25000   36.00000  78.9%  51.4 1199s
 2183562 1318544   90.85941  134   93  170.25000   36.00000  78.9%  51.4 1200s

Cutting planes:
  Learned: 204
  Gomory: 14
  Cover: 126
  Implied bound: 166
  Clique: 10
  MIR: 488
  StrongCG: 1
  Flow cover: 1188
  GUB cover: 2
  RLT: 6
  Relax-and-lift: 423

Explored 2183601 nodes (112152449 simplex iterations) in 1200.01 seconds
Thread count was 32 (of 64 available processors)

Solution count 10: 170.25 173.5 173.5 ... 174.833

Time limit reached
Best objective 1.702499999997e+02, best bound 3.600000000000e+01, gap 78.8546%
