
Gurobi 9.1.2 (linux64) logging started Wed Mar 30 06:00:23 2022

Changed value of parameter LogFile to cost226_v-Helsinki.log
   Prev:   Default: 
Changed value of parameter MIPFocus to 1
   Prev: 0  Min: 0  Max: 3  Default: 0
Changed value of parameter TimeLimit to 600.0
   Prev: inf  Min: 0.0  Max: inf  Default: inf
Warning: variables 0 and 188 have the same name "X[Brussels,Amste...]"
Warning: linear constraint 228 and linear constraint 229 have the same name "weight-constr-t5"
Warning: to let Gurobi read it back, use rlp format
Gurobi Optimizer version 9.1.2 build v9.1.2rc0 (linux64)
Thread count: 32 physical cores, 64 logical processors, using up to 32 threads
Optimize a model with 1356 rows, 1128 columns and 3972 nonzeros
Model fingerprint: 0x83f84f45
Variable types: 222 continuous, 906 integer (906 binary)
Coefficient statistics:
  Matrix range     [1e+00, 1e+06]
  Objective range  [2e-01, 2e-01]
  Bounds range     [1e+00, 5e+05]
  RHS range        [1e+00, 1e+06]
Presolve removed 60 rows and 72 columns
Presolve time: 0.01s
Presolved: 1296 rows, 1056 columns, 6744 nonzeros
Variable types: 216 continuous, 840 integer (840 binary)

Root relaxation: objective 3.600000e+01, 149 iterations, 0.00 seconds

    Nodes    |    Current Node    |     Objective Bounds      |     Work
 Expl Unexpl |  Obj  Depth IntInf | Incumbent    BestBd   Gap | It/Node Time

     0     0   36.00000    0   67          -   36.00000      -     -    0s
     0     0   36.00000    0   66          -   36.00000      -     -    0s
H    0     0                    2120094.1667   36.00000   100%     -    0s
     0     0   36.00000    0   58 2120094.17   36.00000   100%     -    0s
H    0     0                    8222.4999975   36.00000   100%     -    0s
H    0     0                    8222.3333308   36.00000   100%     -    0s
H    0     0                    8222.1666642   36.00000   100%     -    0s
     0     2   36.00000    0   45 8222.16666   36.00000   100%     -    0s
H    5     8                    8221.9999999   36.00000   100%  82.6    0s
H   31    60                    8221.4999999   36.00000   100%  22.8    0s
H   44    60                    4129.9999992   36.00000  99.1%  18.0    0s
H   44    60                    4126.8333333   36.00000  99.1%  18.0    0s
H   50    60                    1173.3333333   36.00000  96.9%  16.9    0s
H   54    60                    1173.1666664   36.00000  96.9%  16.6    0s
H   93   123                     607.0000000   36.00000  94.1%  12.8    1s
H  104   123                     375.6666667   36.00000  90.4%  12.6    1s
H  117   123                     331.1666667   36.00000  89.1%  12.2    1s
H  120   123                     232.0000000   36.00000  84.5%  11.9    1s
H  157   187                     198.0000000   36.00000  81.8%  10.5    2s
H  161   187                     195.0000000   36.00000  81.5%  10.5    2s
H  238   272                     194.0000000   36.00000  81.4%   9.3    3s
H  857  1368                     194.0000000   36.00000  81.4%   7.2    3s
  2916  3507   47.50000   93   30  194.00000   36.00000  81.4%   6.9    5s
H 6203  5505                     193.9999999   36.00000  81.4%   6.4    7s
  6391  5653   36.00000   16  186  194.00000   36.00000  81.4%   9.5   10s
 14212  9328   95.16667   82   49  194.00000   36.00000  81.4%  18.1   15s
H17190 10955                     193.9998990   36.00000  81.4%  20.2   16s
H18300 12503                     193.9997248   36.00000  81.4%  21.3   17s
 22747 12731  102.33333   86  130  193.99972   36.00000  81.4%  23.5   24s
H22908 14393                     193.9993764   36.00000  81.4%  23.5   24s
 25341 15360  184.66702   85  109  193.99938   36.00000  81.4%  24.9   25s
 39159 23890   36.00000   55  179  193.99938   36.00000  81.4%  27.7   30s
 47612 29769   69.66667   70   86  193.99938   36.00000  81.4%  28.9   39s
 47647 31879   69.66667   71   84  193.99938   36.00000  81.4%  28.9   40s
 59166 44156   36.00000   38  188  193.99938   36.00000  81.4%  32.7   45s
 78841 54049   36.00000   60  172  193.99938   36.00000  81.4%  35.4   50s
 98440 65602   36.50000   95  121  193.99938   36.00000  81.4%  37.8   55s
 115407 73617   37.22212   75  162  193.99938   36.00000  81.4%  39.2   64s
 115534 76817   94.16810   76  122  193.99938   36.00000  81.4%  39.3   65s
 120703 95639   96.00327  141   75  193.99938   36.00000  81.4%  39.9   74s
 152735 99690     cutoff  122       193.99938   36.00000  81.4%  41.1   76s
 164612 101571 infeasible  101       193.99938   36.00000  81.4%  40.7   89s
 164661 103898   42.83333  102   66  193.99938   36.00000  81.4%  40.7   90s
 179577 107727 infeasible  100       193.99938   36.00000  81.4%  39.8  103s
 185065 114131   40.00000   83   95  193.99938   36.00000  81.4%  39.4  107s
 205646 118641  159.00076   92   72  193.99938   36.00000  81.4%  38.5  110s
 216479 126532 infeasible   94       193.99938   36.00000  81.4%  37.9  115s
 238039 133414   53.33333   92   75  193.99938   36.00000  81.4%  37.3  120s
 244142 133424   90.50000   95   56  193.99938   36.00000  81.4%  37.1  130s
 258476 141254   37.16667   97   72  193.99938   36.00000  81.4%  36.6  135s
 274627 144932  167.00000   99   60  193.99938   36.00000  81.4%  36.1  150s
 284468 152829  122.16667  106   43  193.99938   36.00000  81.4%  35.9  156s
 296694 155679 infeasible  102       193.99938   36.00000  81.4%  35.6  161s
 313960 163077 infeasible   85       193.99938   36.00000  81.4%  35.5  166s
 332535 168243  138.83333   87   60  193.99938   36.00000  81.4%  35.3  170s
 346931 173667 infeasible   75       193.99938   36.00000  81.4%  35.2  175s
 361242 175034   73.50000   81   66  193.99938   36.00000  81.4%  35.1  186s
 369764 179402     cutoff  101       193.99938   36.00000  81.4%  35.0  190s
 389092 185190   58.50000   95   67  193.99938   36.00000  81.4%  34.8  202s
 398042 188439   90.66233  107   64  193.99938   36.00000  81.4%  34.7  206s
 407052 191934   43.50000   92   78  193.99938   36.00000  81.4%  34.7  226s
 413063 197693   69.83333   84   81  193.99938   36.00000  81.4%  34.6  230s
 437457 203501 infeasible  107       193.99938   36.00000  81.4%  34.3  244s
 437506 205502  157.00000  107   40  193.99938   36.00000  81.4%  34.3  245s
 459672 211830 infeasible  101       193.99938   36.00000  81.4%  34.1  261s
 475824 221104   36.00000   80  106  193.99938   36.00000  81.4%  33.9  267s
 495603 225882   74.00017   85   71  193.99938   36.00000  81.4%  33.7  270s
 510534 233147 infeasible   97       193.99938   36.00000  81.4%  33.6  275s
 537007 238805   36.00000   83   83  193.99938   36.00000  81.4%  33.5  288s
 542193 243385 infeasible   82       193.99938   36.00000  81.4%  33.5  292s
 561242 247925  174.90727   98   68  193.99938   36.00000  81.4%  33.4  296s
 576696 255288 infeasible  115       193.99938   36.00000  81.4%  33.4  301s
 591802 257453   75.33333  101   46  193.99938   36.00000  81.4%  33.4  314s
 591854 259433 infeasible   98       193.99938   36.00000  81.4%  33.4  315s
 605987 262760   37.33333   93   71  193.99938   36.00000  81.4%  33.4  328s
 606042 274295   37.33333   94   73  193.99938   36.00000  81.4%  33.4  335s
 653568 281645   39.16675   91   81  193.99938   36.00000  81.4%  33.3  340s
 667267 285002   52.33333   80   69  193.99938   36.00000  81.4%  33.2  352s
 667323 296616   52.33606   81   75  193.99938   36.00000  81.4%  33.2  359s
 699355 301397  131.68888  104   67  193.99938   36.00000  81.4%  33.1  361s
 712587 301403   53.50000  111   64  193.99938   36.00000  81.4%  33.0  373s
 717832 303263  156.83333  110   51  193.99938   36.00000  81.4%  32.9  375s
 731518 312112  114.50000   92   70  193.99938   36.00000  81.4%  32.8  381s
 751996 317377  170.83333   92   63  193.99938   36.00000  81.4%  32.8  385s
 765172 320272   45.83351   95   72  193.99938   36.00000  81.4%  32.8  400s
 765212 332001 infeasible   96       193.99938   36.00000  81.4%  32.8  407s
 797244 336434   65.35146   91   67  193.99938   36.00000  81.4%  32.7  410s
 823231 343221   36.00000   72  100  193.99938   36.00000  81.4%  32.7  415s
 831667 345347  115.50000   96   72  193.99938   36.00000  81.4%  32.7  429s
 831714 357210  116.16667   97   59  193.99938   36.00000  81.4%  32.7  436s
 875286 363884  156.83333   87   60  193.99938   36.00000  81.4%  32.5  440s
 897715 374396   75.00000   89   62  193.99938   36.00000  81.4%  32.5  447s
 912028 377968   53.97588   84   92  193.99938   36.00000  81.4%  32.5  450s
 931912 383997   61.83333   86   62  193.99938   36.00000  81.4%  32.4  463s
 931957 396522   61.83333   87   63  193.99938   36.00000  81.4%  32.4  471s
 975761 402850   56.91667   90   65  193.99938   36.00000  81.4%  32.3  475s
 992891 413074   36.00000   77  105  193.99938   36.00000  81.4%  32.3  482s
 1007466 416858 infeasible  109       193.99938   36.00000  81.4%  32.2  485s
 1012302 416858 infeasible  135       193.99938   36.00000  81.4%  32.2  495s
 1026395 425864   38.00654   92   85  193.99938   36.00000  81.4%  32.2  501s
 1044626 431245   74.00000   96   58  193.99938   36.00000  81.4%  32.2  505s
 1059837 435406   96.25000   99   42  193.99938   36.00000  81.4%  32.1  516s
 1059880 447022   96.33336  100   44  193.99938   36.00000  81.4%  32.1  523s
 1091912 447039  158.83333   85   61  193.99938   36.00000  81.4%  32.1  531s
 1091959 459378  158.83333   86   59  193.99938   36.00000  81.4%  32.1  537s
 1123991 463159  176.17265  104   49  193.99938   36.00000  81.4%  32.0  540s
 1134617 463179 infeasible   93       193.99938   36.00000  81.4%  32.0  550s
 1149416 470495   44.66667   83   85  193.99938   36.00000  81.4%  31.9  555s
 1171570 478410   51.16981   88   88  193.99938   36.00000  81.4%  31.8  560s
 1185601 486515   40.33432   99   87  193.99938   36.00000  81.4%  31.8  566s
 1204904 490836     cutoff  103       193.99938   36.00000  81.4%  31.8  570s
 1228144 500567   45.66667   78   85  193.99938   36.00000  81.4%  31.7  576s
 1241722 504464   36.00000   80   97  193.99938   36.00000  81.4%  31.7  580s
 1241942 504935   36.00000   81  110  193.99938   36.00000  81.4%  31.7  590s
 1252747 510470  185.00000  112   33  193.99938   36.00000  81.4%  31.7  596s
 1267170 515675  150.33333   97   36  193.99938   36.00000  81.4%  31.6  600s

Cutting planes:
  Learned: 185
  Gomory: 10
  Cover: 131
  Implied bound: 115
  Clique: 14
  MIR: 297
  StrongCG: 2
  Flow cover: 786
  RLT: 2
  Relax-and-lift: 293

Explored 1270965 nodes (40203993 simplex iterations) in 600.05 seconds
Thread count was 32 (of 64 available processors)

Solution count 10: 193.999 194 194 ... 607

Time limit reached
Best objective 1.939993763678e+02, best bound 3.600000000000e+01, gap 81.4432%

Gurobi 9.1.2 (linux64) logging started Tue Apr  5 04:03:18 2022

Changed value of parameter LogFile to cost226_v-Helsinki.log
   Prev:   Default: 
Changed value of parameter MIPFocus to 1
   Prev: 0  Min: 0  Max: 3  Default: 0
Changed value of parameter TimeLimit to 1200.0
   Prev: inf  Min: 0.0  Max: inf  Default: inf
Warning: variables 0 and 188 have the same name "X[Lyon,Paris]"
Warning: linear constraint 228 and linear constraint 229 have the same name "weight-constr-t5"
Warning: to let Gurobi read it back, use rlp format
Gurobi Optimizer version 9.1.2 build v9.1.2rc0 (linux64)
Thread count: 32 physical cores, 64 logical processors, using up to 32 threads
Optimize a model with 1356 rows, 1128 columns and 3972 nonzeros
Model fingerprint: 0xf725a0c9
Variable types: 222 continuous, 906 integer (906 binary)
Coefficient statistics:
  Matrix range     [1e+00, 1e+06]
  Objective range  [2e-01, 2e-01]
  Bounds range     [1e+00, 5e+05]
  RHS range        [1e+00, 1e+06]
Presolve removed 60 rows and 72 columns
Presolve time: 0.01s
Presolved: 1296 rows, 1056 columns, 6744 nonzeros
Variable types: 216 continuous, 840 integer (840 binary)

Root relaxation: objective 3.600000e+01, 149 iterations, 0.00 seconds

    Nodes    |    Current Node    |     Objective Bounds      |     Work
 Expl Unexpl |  Obj  Depth IntInf | Incumbent    BestBd   Gap | It/Node Time

     0     0   36.00000    0   55          -   36.00000      -     -    0s
     0     0   36.00000    0   46          -   36.00000      -     -    0s
     0     0   36.00000    0   33          -   36.00000      -     -    0s
     0     0   36.00000    0   29          -   36.00000      -     -    0s
     0     0   36.00000    0   32          -   36.00000      -     -    0s
H    0     0                    2135518.1667   36.00000   100%     -    0s
     0     0   36.00000    0   32 2135518.17   36.00000   100%     -    0s
H    0     0                     438.1666666   36.00000  91.8%     -    0s
H    0     0                     437.6666667   36.00000  91.8%     -    0s
H    0     2                     436.6666666   36.00000  91.8%     -    0s
     0     2   36.00000    0   30  436.66667   36.00000  91.8%     -    0s
H   31    64                     433.6666666   36.00000  91.7%  16.5    0s
H   32    64                     373.6666667   36.00000  90.4%  16.3    0s
H   34    64                     373.6666666   36.00000  90.4%  15.4    0s
H   41    64                     345.6666666   36.00000  89.6%  13.6    0s
H   42    64                     343.6666666   36.00000  89.5%  13.3    0s
H   48    64                     337.6666666   36.00000  89.3%  12.3    0s
H   54    64                     247.6666666   36.00000  85.5%  12.2    0s
H   95   128                     204.6666667   36.00000  82.4%  10.6    2s
H  101   128                     199.1666667   36.00000  81.9%  10.6    2s
H  102   128                     196.6666667   36.00000  81.7%  10.5    2s
H  121   128                     196.3333333   36.00000  81.7%  10.3    2s
H  127   160                     195.8333333   36.00000  81.6%  10.0    3s
H  132   160                     195.0000000   36.00000  81.5%   9.9    3s
H  137   160                     194.6666667   36.00000  81.5%   9.8    3s
H  159   192                     194.0000000   36.00000  81.4%   9.3    5s
H  269   288                     194.0000000   36.00000  81.4%   8.0    6s
H  271   288                     193.9999999   36.00000  81.4%   8.0    6s
H  281   288                     193.9908063   36.00000  81.4%   7.9    6s
  6094  5416   51.33333   71   24  193.99081   36.00000  81.4%   6.6   10s
H 6104  5416                     193.1268900   36.00000  81.4%   6.6   10s
H 6276  6788                     187.9525855   36.00000  80.8%   6.6   10s
 11502 10968   37.33333   44  133  187.95259   36.00000  80.8%  17.3   15s
 17976 12763   36.00000   22  181  187.95259   36.00000  80.8%  26.5   20s
 38035 20277 infeasible   86       187.95259   36.00000  80.8%  36.1   25s
 40756 20295   37.10327   95  106  187.95259   36.00000  80.8%  36.4   31s
 55551 25595   36.66667   95   94  187.95259   36.00000  80.8%  37.7   40s
 77513 35248   37.83333  113   79  187.95259   36.00000  80.8%  39.1   45s
 82256 35272   36.00000   75  103  187.95259   36.00000  80.8%  39.3   54s
 82296 36913   36.00000   76  103  187.95259   36.00000  80.8%  39.3   55s
 105236 46509   36.33333   78   89  187.95259   36.00000  80.8%  40.2   60s
 110116 46518   36.33333   87  108  187.95259   36.00000  80.8%  40.4   67s
 120021 50402 infeasible  109       187.95259   36.00000  80.8%  40.5   70s
 148399 61515   36.16667  101   97  187.95259   36.00000  80.8%  41.2   75s
 177986 70366 infeasible   99       187.95259   36.00000  80.8%  41.6   84s
 178040 71997   36.00000   81   84  187.95259   36.00000  80.8%  41.6   85s
 182469 83110     cutoff   93       187.95259   36.00000  80.8%  41.9   91s
 214501 83155 infeasible   72       187.95259   36.00000  80.8%  42.2   97s
 214649 93645   37.33333   73   86  187.95259   36.00000  80.8%  42.2  102s
 246681 93658 infeasible  107       187.95259   36.00000  80.8%  42.5  108s
 246750 105039  130.16667  105   76  187.95259   36.00000  80.8%  42.5  113s
 278782 108693   38.55667   96   98  187.95259   36.00000  80.8%  42.5  115s
 310966 117167  175.66667  102   63  187.95259   36.00000  80.8%  42.7  121s
 314476 117268   83.16739  102   81  187.95259   36.00000  80.8%  42.8  126s
 332332 124990     cutoff  110       187.95259   36.00000  80.8%  43.0  130s
 361954 134864   42.16667   97  105  187.95259   36.00000  80.8%  43.1  135s
 393814 145886 infeasible   96       187.95259   36.00000  80.8%  43.2  140s
 398096 145906   64.66794  106   98  187.95259   36.00000  80.8%  43.3  146s
 417130 154195   77.16667  102   87  187.95259   36.00000  80.8%  43.6  150s
 440899 163544  181.83333  132   44  187.95259   36.00000  80.8%  43.9  156s
 454286 164872   36.00000   95   95  187.95259   36.00000  80.8%  44.1  163s
 455186 165358  120.01526  118   79  187.95259   36.00000  80.8%  44.1  165s
 468002 171306   64.66667   97   71  187.95259   36.00000  80.8%  44.2  170s
 496792 181389   36.66667   93   95  187.95259   36.00000  80.8%  44.3  175s
 501961 181411   44.17159  107   90  187.95259   36.00000  80.8%  44.2  185s
 521506 188002 infeasible  107       187.95259   36.00000  80.8%  44.0  195s
 525726 189398  165.72913   98   68  187.95259   36.00000  80.8%  44.0  205s
 535261 192500   64.00000   99   87  187.95259   36.00000  80.8%  43.9  213s
 536140 195588 infeasible  108       187.95259   36.00000  80.8%  43.9  215s
 568808 206666     cutoff  116       187.95259   36.00000  80.8%  43.9  221s
 580061 206681   36.00000   92  105  187.95259   36.00000  80.8%  43.9  227s
 592428 212345   36.50000   70  104  187.95259   36.00000  80.8%  43.9  230s
 618330 221876   36.33333   91  107  187.95259   36.00000  80.8%  44.1  235s
 642933 229534  143.83333  123   72  187.95259   36.00000  80.8%  44.2  240s
 660046 233365   37.16727  104  107  187.95259   36.00000  80.8%  44.2  251s
 673615 238851  178.83986  110   60  187.95259   36.00000  80.8%  44.3  255s
 697832 247518 infeasible  101       187.95259   36.00000  80.8%  44.5  261s
 725697 254635   43.50000   83   99  187.95259   36.00000  80.8%  44.7  265s
 748615 261940     cutoff  125       187.95259   36.00000  80.8%  44.8  270s
 773015 271690   52.00000  114   85  187.95259   36.00000  80.8%  44.9  275s
 781901 273526 infeasible  119       187.95259   36.00000  80.8%  44.9  282s
 796439 281931   65.83333   95   78  187.95259   36.00000  80.8%  44.9  286s
 823964 290496 infeasible   82       187.95259   36.00000  80.8%  44.9  290s
 828691 290510 infeasible   98       187.95259   36.00000  80.8%  44.9  298s
 828755 300746   44.66721   98   97  187.95259   36.00000  80.8%  44.9  303s
 860787 304380   36.83333   86  101  187.95259   36.00000  80.8%  45.0  305s
 894711 313582   82.16667  109   77  187.95259   36.00000  80.8%  45.1  315s
 901770 325600 infeasible  131       187.95259   36.00000  80.8%  45.0  320s
 950897 336100 infeasible  105       187.95259   36.00000  80.8%  45.0  325s
 979991 344656   82.83542  112   77  187.95259   36.00000  80.8%  45.0  336s
 999170 353568   36.00000   93  108  187.95259   36.00000  80.8%  45.0  340s
 1016781 357935 infeasible  107       187.95259   36.00000  80.8%  45.0  350s
 1044148 368098 infeasible   91       187.95259   36.00000  80.8%  45.0  355s
 1066602 375957   38.04072  106  115  187.95259   36.00000  80.8%  45.1  360s
 1094168 384896  153.50000  129   44  187.95259   36.00000  80.8%  45.1  365s
 1111961 389604 infeasible  100       187.95259   36.00000  80.8%  45.1  375s
 1123169 397157 infeasible  128       187.95259   36.00000  80.8%  45.1  380s
 1140611 399322  138.33333  109   82  187.95259   36.00000  80.8%  45.1  387s
 1151327 405621  116.00018  100   61  187.95259   36.00000  80.8%  45.1  391s
 1160441 405631 infeasible  116       187.95259   36.00000  80.8%  45.1  400s
 1164696 406961 infeasible  102       187.95259   36.00000  80.8%  45.1  409s
 1164747 408512 infeasible   87       187.95259   36.00000  80.8%  45.1  410s
 1193580 418085   76.83333   91   79  187.95259   36.00000  80.8%  45.2  415s
 1212670 424800   38.16703  100   98  187.95259   36.00000  80.8%  45.2  420s
 1231791 430062   43.16667   93   80  187.95259   36.00000  80.8%  45.2  431s
 1245401 434197 infeasible  123       187.95259   36.00000  80.8%  45.3  435s
 1269283 443685   79.00000  102   93  187.95259   36.00000  80.8%  45.3  440s
 1286725 451668 infeasible  113       187.95259   36.00000  80.8%  45.3  445s
 1325526 459485 infeasible  103       187.95259   36.00000  80.8%  45.3  450s
 1343831 465421     cutoff  109       187.95259   36.00000  80.8%  45.3  459s
 1343883 466504  184.16667  110   75  187.95259   36.00000  80.8%  45.3  461s
 1356428 470688 infeasible   99       187.95259   36.00000  80.8%  45.4  465s
 1376470 477627 infeasible   95       187.95259   36.00000  80.8%  45.4  470s
 1408907 488449   36.00000   83  111  187.95259   36.00000  80.8%  45.5  475s
 1431840 495676   37.16667  106   85  187.95259   36.00000  80.8%  45.5  480s
 1441511 497181 infeasible   94       187.95259   36.00000  80.8%  45.4  489s
 1441561 497481   36.00000   94   98  187.95259   36.00000  80.8%  45.4  490s
 1463201 503888  125.66977  103   88  187.95259   36.00000  80.8%  45.5  503s
 1468596 505561   78.37992  101   84  187.95259   36.00000  80.8%  45.5  512s
 1477404 510137   44.00000  104  107  187.95259   36.00000  80.8%  45.5  515s
 1501083 518701  117.39394   90   90  187.95259   36.00000  80.8%  45.5  520s
 1534592 529927   56.50000  100   88  187.95259   36.00000  80.8%  45.5  525s
 1556424 537567 infeasible  133       187.95259   36.00000  80.8%  45.6  530s
 1586997 546070   43.33333   94   96  187.95259   36.00000  80.8%  45.6  535s
 1612394 556029 infeasible  110       187.95259   36.00000  80.8%  45.6  540s
 1626661 557999     cutoff  112       187.95259   36.00000  80.8%  45.6  551s
 1643663 566573   67.00000  107   86  187.95259   36.00000  80.8%  45.6  555s
 1671919 574571   37.16667   92  112  187.95259   36.00000  80.8%  45.6  560s
 1678071 574587 infeasible   96       187.95259   36.00000  80.8%  45.6  567s
 1678119 584966   37.16667   95   86  187.95259   36.00000  80.8%  45.6  572s
 1710151 584975 infeasible  115       187.95259   36.00000  80.8%  45.6  581s
 1710206 594748 infeasible  116       187.95259   36.00000  80.8%  45.6  587s
 1742607 605360   52.83333  111   78  187.95259   36.00000  80.8%  45.6  593s
 1774639 608187   43.57087  108   93  187.95259   36.00000  80.8%  45.6  595s
 1788531 609947   36.01887   97  107  187.95259   36.00000  80.8%  45.6  605s
 1794251 611780  122.16703  106   94  187.95259   36.00000  80.8%  45.6  614s
 1794304 613633 infeasible  108       187.95259   36.00000  80.8%  45.6  615s
 1818096 621131   74.50000  101   84  187.95259   36.00000  80.8%  45.6  620s
 1842497 630515 infeasible   99       187.95259   36.00000  80.8%  45.6  625s
 1856611 632443   73.50000  119  109  187.95259   36.00000  80.8%  45.6  634s
 1856671 633755   73.50000  120  109  187.95259   36.00000  80.8%  45.6  635s
 1885344 642641 infeasible   95       187.95259   36.00000  80.8%  45.6  640s
 1906219 651821 infeasible  103       187.95259   36.00000  80.8%  45.6  645s
 1938913 661747   37.50000  110   81  187.95259   36.00000  80.8%  45.5  650s
 1965902 670095   51.38764  115  103  187.95259   36.00000  80.8%  45.5  655s
 1971856 670115 infeasible   95       187.95259   36.00000  80.8%  45.5  663s
 1971900 680640  179.30051   96   80  187.95259   36.00000  80.8%  45.5  667s
 2013321 684560  164.83370  111   71  187.95259   36.00000  80.8%  45.5  670s
 2035581 690949   38.50490   98  129  187.95259   36.00000  80.8%  45.5  683s
 2035633 701760 infeasible   99       187.95259   36.00000  80.8%  45.5  687s
 2076065 706539   36.83333   93   99  187.95259   36.00000  80.8%  45.5  690s
 2097845 715374  160.66884  105   81  187.95259   36.00000  80.8%  45.5  695s
 2122941 720388 infeasible  115       187.95259   36.00000  80.8%  45.4  705s
 2127841 721762  144.83333  108   82  187.95259   36.00000  80.8%  45.3  712s
 2127886 731694  144.83333  109   80  187.95259   36.00000  80.8%  45.3  717s
 2159918 731799   36.00006   87  114  187.95259   36.00000  80.8%  45.3  720s
 2187288 743034     cutoff   90       187.95259   36.00000  80.8%  45.2  725s
 2220237 753881     cutoff  102       187.95259   36.00000  80.8%  45.1  730s
 2251701 762150  140.00000  111   74  187.95259   36.00000  80.8%  45.0  740s
 2274587 771263 infeasible   94       187.95259   36.00000  80.8%  44.9  745s
 2304625 779566   36.00000   97  101  187.95259   36.00000  80.8%  44.8  750s
 2313656 781431   41.66875   92   88  187.95259   36.00000  80.8%  44.8  757s
 2319317 785577   75.66667  112   88  187.95259   36.00000  80.8%  44.8  760s
 2352786 792937   95.66957  121   78  187.95259   36.00000  80.8%  44.7  770s
 2352832 802628   95.83333  122   76  187.95259   36.00000  80.8%  44.7  775s
 2400873 809074 infeasible  106       187.95259   36.00000  80.8%  44.5  780s
 2412491 810941   36.00824   97  101  187.95259   36.00000  80.8%  44.5  787s
 2417676 812454   93.85775  112   60  187.95259   36.00000  80.8%  44.5  795s
 2436736 822311   36.91667  109   94  187.95259   36.00000  80.8%  44.4  800s
 2473826 830271   95.66667  106   87  187.95259   36.00000  80.8%  44.3  811s
 2484001 833618   56.33333   97   86  187.95259   36.00000  80.8%  44.3  824s
 2484049 843509   56.33333   98   86  187.95259   36.00000  80.8%  44.3  829s
 2516081 843526     cutoff  109       187.95259   36.00000  80.8%  44.2  837s
 2516128 853469 infeasible   85       187.95259   36.00000  80.8%  44.2  842s
 2553332 858596   74.33333  100   70  187.95259   36.00000  80.8%  44.3  846s
 2583101 865081   36.33457   97  105  187.95259   36.00000  80.8%  44.2  858s
 2583151 875674   38.83333   98   92  187.95259   36.00000  80.8%  44.3  863s
 2615183 878717   68.00000   99   80  187.95259   36.00000  80.8%  44.2  865s
 2627546 879970 infeasible  102       187.95259   36.00000  80.8%  44.2  874s
 2627591 881952   67.58333  103   89  187.95259   36.00000  80.8%  44.2  875s
 2633671 881970  177.33333   90   82  187.95259   36.00000  80.8%  44.2  882s
 2640286 884166 infeasible  100       187.95259   36.00000  80.8%  44.2  898s
 2645937 888370  158.41667  122   85  187.95259   36.00000  80.8%  44.2  900s
 2661351 889967 infeasible  131       187.95259   36.00000  80.8%  44.2  906s
 2675534 896366 infeasible   98       187.95259   36.00000  80.8%  44.2  910s
 2708712 906443   36.00000  103   97  187.95259   36.00000  80.8%  44.2  916s
 2735794 914096 infeasible  105       187.95259   36.00000  80.8%  44.2  920s
 2756241 918279  180.16730  115   77  187.95259   36.00000  80.8%  44.1  929s
 2756289 920146 infeasible  116       187.95259   36.00000  80.8%  44.1  930s
 2785958 928429 infeasible  109       187.95259   36.00000  80.8%  44.1  935s
 2817806 938312   67.16667   90   84  187.95259   36.00000  80.8%  44.1  948s
 2822481 939825   42.83333  106   83  187.95259   36.00000  80.8%  44.1  958s
 2829998 943976   70.83345   91   98  187.95259   36.00000  80.8%  44.1  960s
 2835146 943978   36.00000   97   95  187.95259   36.00000  80.8%  44.1  967s
 2835208 954098   52.16796   98   90  187.95259   36.00000  80.8%  44.1  972s
 2882839 960511 infeasible  114       187.95259   36.00000  80.8%  44.0  975s
 2910092 970305  160.33575  102   81  187.95259   36.00000  80.8%  44.0  980s
 2915956 970307   74.37837   99   85  187.95259   36.00000  80.8%  44.0  988s
 2922022 973145 infeasible   93       187.95259   36.00000  80.8%  44.0  990s
 2955026 982081   44.33539  112   92  187.95259   36.00000  80.8%  44.0 1002s
 2960167 986843 infeasible  108       187.95259   36.00000  80.8%  44.0 1005s
 2988775 995227   36.50000   98  102  187.95259   36.00000  80.8%  43.9 1010s
 2995196 995241   36.00000   81  116  187.95259   36.00000  80.8%  43.9 1017s
 2995246 1005375   36.00000   82  114  187.95259   36.00000  80.8%  43.9 1022s
 3035881 1009565  167.83333  102   68  187.95259   36.00000  80.8%  43.9 1025s
 3060386 1014781   68.33333  109   77  187.95259   36.00000  80.8%  43.8 1037s
 3060443 1023832   68.50000  110   79  187.95259   36.00000  80.8%  43.8 1041s
 3107036 1028436   40.16685  103   82  187.95259   36.00000  80.8%  43.8 1049s
 3107089 1029979   40.16685  104   80  187.95259   36.00000  80.8%  43.8 1050s
 3136277 1038544   87.17283  106   81  187.95259   36.00000  80.8%  43.8 1055s
 3165187 1048696 infeasible  104       187.95259   36.00000  80.8%  43.8 1060s
 3190051 1054540     cutoff  129       187.95259   36.00000  80.8%  43.8 1069s
 3190088 1064130   36.00000  110  113  187.95259   36.00000  80.8%  43.8 1075s
 3246064 1072726 infeasible  112       187.95259   36.00000  80.8%  43.7 1080s
 3269931 1079168   41.00182  103   98  187.95259   36.00000  80.8%  43.7 1092s
 3275466 1081037     cutoff  105       187.95259   36.00000  80.8%  43.7 1100s
 3289251 1085111  162.00000   98   82  187.95259   36.00000  80.8%  43.7 1109s
 3289293 1094995  162.00000   98   86  187.95259   36.00000  80.8%  43.7 1113s
 3321325 1098320   36.00000  104  110  187.95259   36.00000  80.8%  43.7 1115s
 3355044 1108573 infeasible  117       187.95259   36.00000  80.8%  43.7 1120s
 3369696 1110518 infeasible  114       187.95259   36.00000  80.8%  43.7 1127s
 3375323 1113326     cutoff  108       187.95259   36.00000  80.8%  43.7 1130s
 3402028 1123636  130.50245  103   88  187.95259   36.00000  80.8%  43.7 1135s
 3407936 1123642   36.00000  102   97  187.95259   36.00000  80.8%  43.7 1143s
 3407994 1125793   36.16667  103  101  187.95259   36.00000  80.8%  43.7 1145s
 3430001 1131656 infeasible   99       187.95259   36.00000  80.8%  43.7 1155s
 3443038 1140225 infeasible   97       187.95259   36.00000  80.8%  43.7 1161s
 3471288 1148783 infeasible  109       187.95259   36.00000  80.8%  43.7 1165s
 3502710 1158066   36.66667  100  104  187.95259   36.00000  80.8%  43.7 1170s
 3524739 1166310   71.00000  123   76  187.95259   36.00000  80.8%  43.7 1175s
 3553036 1176669   78.84815  105   83  187.95259   36.00000  80.8%  43.8 1180s
 3576418 1185879  184.50000   99  104  187.95259   36.00000  80.8%  43.8 1186s
 3590241 1187491  156.75715  100   96  187.95259   36.00000  80.8%  43.8 1194s
 3590294 1189440 infeasible  101       187.95259   36.00000  80.8%  43.8 1195s
 3618901 1197492   38.00000  100   97  187.95259   36.00000  80.8%  43.8 1200s

Cutting planes:
  Learned: 178
  Gomory: 13
  Cover: 146
  Implied bound: 109
  Clique: 12
  MIR: 490
  StrongCG: 1
  Flow cover: 872
  GUB cover: 3
  RLT: 7
  Relax-and-lift: 327

Cleanup yields a better solution

Explored 3618951 nodes (158548530 simplex iterations) in 1200.01 seconds
Thread count was 32 (of 64 available processors)

Solution count 10: 187.953 193.991 194 ... 196.667

Time limit reached
Best objective 1.870895429803e+02, best bound 3.600000000000e+01, gap 80.7579%
