
Gurobi 9.1.2 (linux64) logging started Wed Mar 30 05:00:12 2022

Changed value of parameter LogFile to cost226_v-Palermo.log
   Prev:   Default: 
Changed value of parameter MIPFocus to 1
   Prev: 0  Min: 0  Max: 3  Default: 0
Changed value of parameter TimeLimit to 600.0
   Prev: inf  Min: 0.0  Max: inf  Default: inf
Warning: variables 0 and 188 have the same name "X[Brussels,Amste...]"
Warning: linear constraint 228 and linear constraint 229 have the same name "weight-constr-t5"
Warning: to let Gurobi read it back, use rlp format
Gurobi Optimizer version 9.1.2 build v9.1.2rc0 (linux64)
Thread count: 32 physical cores, 64 logical processors, using up to 32 threads
Optimize a model with 1368 rows, 1128 columns and 4002 nonzeros
Model fingerprint: 0xb5196dd9
Variable types: 222 continuous, 906 integer (906 binary)
Coefficient statistics:
  Matrix range     [1e+00, 1e+06]
  Objective range  [2e-01, 2e-01]
  Bounds range     [1e+00, 5e+05]
  RHS range        [1e+00, 1e+06]
Presolve removed 60 rows and 66 columns
Presolve time: 0.01s
Presolved: 1308 rows, 1062 columns, 6756 nonzeros
Variable types: 216 continuous, 846 integer (846 binary)

Root relaxation: objective 3.600000e+01, 152 iterations, 0.00 seconds

    Nodes    |    Current Node    |     Objective Bounds      |     Work
 Expl Unexpl |  Obj  Depth IntInf | Incumbent    BestBd   Gap | It/Node Time

     0     0   36.00000    0   56          -   36.00000      -     -    0s
     0     0   36.00000    0   60          -   36.00000      -     -    0s
     0     0   36.00000    0   50          -   36.00000      -     -    0s
     0     0   36.00000    0   51          -   36.00000      -     -    0s
     0     0   36.00000    0   42          -   36.00000      -     -    0s
H    0     0                    2184674.3333   36.00000   100%     -    0s
     0     0   36.00000    0   35 2184674.33   36.00000   100%     -    0s
H    0     0                    1556.9999994   36.00000  97.7%     -    0s
H    0     0                     912.3333333   36.00000  96.1%     -    0s
H    0     0                     694.3333333   36.00000  94.8%     -    0s
     0     2   36.00000    0   23  694.33333   36.00000  94.8%     -    0s
H    1     4                     683.6666666   36.00000  94.7%   183    0s
H   31    64                     674.8332831   36.00000  94.7%  17.8    0s
H   36    64                     673.4999977   36.00000  94.7%  17.4    0s
H   37    64                     673.0000000   36.00000  94.7%  17.3    0s
H   42    64                     651.1666667   36.00000  94.5%  16.1    0s
H   61    64                     556.5000000   36.00000  93.5%  14.0    0s
H   96   126                     523.3333333   36.00000  93.1%  11.6    1s
H   97   126                     522.8333333   36.00000  93.1%  11.6    1s
H  102   126                     503.3333333   36.00000  92.8%  11.7    1s
H  104   126                     427.0000000   36.00000  91.6%  11.8    1s
H  127   158                     424.9992393   36.00000  91.5%  10.9    1s
H  128   158                     424.6666667   36.00000  91.5%  10.9    1s
H  159   189                     417.8333333   36.00000  91.4%   9.9    2s
H  161   189                     414.1666667   36.00000  91.3%  10.0    2s
H  171   189                     243.8333333   36.00000  85.2%   9.7    2s
H  180   189                     236.1666667   36.00000  84.8%   9.5    2s
H  184   189                     223.1666667   36.00000  83.9%   9.5    2s
H  191   220                     190.6666667   36.00000  81.1%   9.4    2s
H  192   220                     188.6666667   36.00000  80.9%   9.3    2s
H  198   220                     188.3333333   36.00000  80.9%   9.4    2s
H  303   323                     187.6666667   36.00000  80.8%   8.5    3s
H  591   819                     187.5000000   36.00000  80.8%   8.1    3s
H  732   819                     187.4993047   36.00000  80.8%   7.8    3s
H  874  1683                     187.4896787   36.00000  80.8%   7.5    3s
H  928  1683                     187.4327957   36.00000  80.8%   7.5    3s
H 1442  1683                     187.3333333   36.00000  80.8%   6.8    3s
H 2731  2551                     187.1666667   36.00000  80.8%   6.3    4s
H 2879  3547                     187.0000000   36.00000  80.7%   6.3    4s
* 3451  3547             175     137.3333333   36.00000  73.8%   6.2    4s
  3902  4480   53.33333  104   31  137.33333   36.00000  73.8%   6.2    5s
  6162  6412   59.33333  133   35  137.33333   36.00000  73.8%   6.0   10s
  8095  8113   76.50000  156   25  137.33333   36.00000  73.8%   5.9   15s
  9607  8356   36.00000   29  192  137.33333   36.00000  73.8%   9.4   21s
 20267 13522   76.33333   95  103  137.33333   36.00000  73.8%  21.7   31s
 31970 24950   41.00081  120   91  137.33333   36.00000  73.8%  27.6   36s
 56399 33042   37.00000  119   95  137.33333   36.00000  73.8%  30.5   40s
 79587 41820  131.66667  169   49  137.33333   36.00000  73.8%  32.1   49s
 79621 44408  133.67210  170   53  137.33333   36.00000  73.8%  32.1   50s
 98955 57647   84.49500  123  101  137.33333   36.00000  73.8%  33.4   56s
 124270 66542 infeasible  125       137.33333   36.00000  73.8%  34.3   60s
 147907 79489     cutoff  152       137.33333   36.00000  73.8%  35.5   73s
 155125 87441     cutoff  143       137.33333   36.00000  73.8%  35.7   75s
 179410 102224   54.50000  101   73  137.33333   36.00000  73.8%  36.5   80s
 204752 114439   36.00000  126  107  137.33333   36.00000  73.8%  36.7   85s
 219527 118852  102.33333  135   57  137.33333   36.00000  73.8%  36.5   95s
 225124 138779  114.34193  115   76  137.33333   36.00000  73.8%  36.4  104s
 257156 143260   47.00000  128   79  137.33333   36.00000  73.8%  36.7  106s
 279616 152522   70.62051  113   80  137.33333   36.00000  73.8%  36.9  110s
 304279 163901   39.44388   97  103  137.33333   36.00000  73.8%  36.8  115s
 326992 178093  131.23545  119   79  137.33333   36.00000  73.8%  37.1  120s
 333757 178116   40.33337  113   95  137.33333   36.00000  73.8%  37.1  128s
 339688 181994  129.10041  124   68  137.33333   36.00000  73.8%  37.2  130s
 361074 192215  133.87652  116   67  137.33333   36.00000  73.8%  37.2  135s
 376313 202220  123.33333  141   72  137.33333   36.00000  73.8%  37.2  140s
 396657 208734   39.00242  109   95  137.33333   36.00000  73.8%  37.2  156s
 407184 215136   59.00005  129   93  137.33333   36.00000  73.8%  37.4  160s
 422200 225006   87.17478  130   86  137.33333   36.00000  73.8%  37.5  165s
 448789 237792 infeasible  141       137.33333   36.00000  73.8%  37.6  171s
 470908 246133   39.22083  113   94  137.33333   36.00000  73.8%  37.7  175s
 494145 257226   38.67616  117  128  137.33333   36.00000  73.8%  37.8  180s
 508981 269148  136.84924  123   75  137.33333   36.00000  73.8%  37.8  186s
 526467 272772  107.66674  123   99  137.33333   36.00000  73.8%  37.9  196s
 536190 278244  132.33618   96   97  137.33333   36.00000  73.8%  38.0  200s
 558576 288144   36.05565  105  108  137.33333   36.00000  73.8%  37.9  205s
 575673 299455   52.84015  118   94  137.33333   36.00000  73.8%  37.9  210s
 591217 304271   36.92874  105  113  137.33333   36.00000  73.8%  38.0  227s
 598043 310923   43.08333  127   87  137.33333   36.00000  73.8%  38.0  230s
 616885 321718  136.33333  128   51  137.33333   36.00000  73.8%  38.2  235s
 634326 331347 infeasible  130       137.33333   36.00000  73.8%  38.3  240s
 656744 338348   84.24651  153   49  137.33333   36.00000  73.8%  38.2  245s
 674782 345540   36.00000  120   94  137.33333   36.00000  73.8%  38.2  261s
 674820 360811   36.00000  121   92  137.33333   36.00000  73.8%  38.2  266s
 706852 360826  124.00283  129   77  137.33333   36.00000  73.8%  38.2  276s
 706901 375130  126.00000  130   63  137.33333   36.00000  73.8%  38.2  281s
 752319 382250 infeasible  125       137.33333   36.00000  73.8%  38.2  285s
 771676 393174   41.00000  139   74  137.33333   36.00000  73.8%  38.1  291s
 795443 400839   80.33333  153   67  137.33333   36.00000  73.8%  38.1  295s
 811449 410463   94.75200  130   71  137.33333   36.00000  73.8%  38.0  300s
 835471 419773   40.66882  139  108  137.33333   36.00000  73.8%  37.9  306s
 859187 427042   38.84499  127   99  137.33333   36.00000  73.8%  37.8  318s
 864850 432824   59.83497  157   55  137.33333   36.00000  73.8%  37.8  321s
 878297 435539   68.16667  132   60  137.33333   36.00000  73.8%  37.8  335s
 893552 442253   78.16667  138   70  137.33333   36.00000  73.8%  37.8  346s
 907691 452107 infeasible  133       137.33333   36.00000  73.8%  37.8  350s
 925817 459837     cutoff  131       137.33333   36.00000  73.8%  37.8  355s
 932162 459856   94.91691  129   79  137.33333   36.00000  73.8%  37.8  364s
 932207 475697  100.16708  130   72  137.33333   36.00000  73.8%  37.8  369s
 964239 478883   36.00000  108   99  137.33333   36.00000  73.8%  37.8  372s
 980736 486397     cutoff  146       137.33333   36.00000  73.8%  37.9  375s
 1004162 496941   82.00000  115   79  137.33333   36.00000  73.8%  37.9  381s
 1022600 504044   36.00360  126  108  137.33333   36.00000  73.8%  37.9  385s
 1028852 504070   39.17392  122   86  137.33333   36.00000  73.8%  38.0  395s
 1028890 517694   47.50000  122   98  137.33333   36.00000  73.8%  38.0  400s
 1060922 517703   48.33333  134   73  137.33333   36.00000  73.8%  38.0  409s
 1060977 533370   48.33427  135   93  137.33333   36.00000  73.8%  38.0  414s
 1093009 537290 infeasible  145       137.33333   36.00000  73.8%  38.0  417s
 1109745 545787   76.67256  124  101  137.33333   36.00000  73.8%  38.0  420s
 1116197 545809 infeasible  140       137.33333   36.00000  73.8%  38.1  431s
 1130466 555942 infeasible  128       137.33333   36.00000  73.8%  38.1  435s
 1147995 564113 infeasible  102       137.33333   36.00000  73.8%  38.1  440s
 1171704 575405 infeasible  111       137.33333   36.00000  73.8%  38.1  445s
 1193388 586746   49.26054  155   90  137.33333   36.00000  73.8%  38.2  451s
 1211831 596392  108.17619  146   87  137.33333   36.00000  73.8%  38.3  456s
 1234302 603728   91.00000  135   60  137.33333   36.00000  73.8%  38.4  471s
 1240082 606621   37.84617  104  116  137.33333   36.00000  73.8%  38.4  482s
 1247004 613030   40.00311  127   96  137.33333   36.00000  73.8%  38.4  485s
 1269668 625885   86.30456  118   66  137.33333   36.00000  73.8%  38.5  490s
 1285631 634287   41.30303  127  111  137.33333   36.00000  73.8%  38.5  495s
 1309370 644576  121.77778  125   65  137.33333   36.00000  73.8%  38.5  500s
 1333421 657680  124.83591  128   95  137.33333   36.00000  73.8%  38.5  505s
 1350864 668804   41.18084  137  101  137.33333   36.00000  73.8%  38.5  511s
 1375199 679965   76.66681  111   86  137.33333   36.00000  73.8%  38.5  515s
 1396688 689067   44.50407  121  101  137.33333   36.00000  73.8%  38.6  520s
 1415923 700983   48.16667  146   66  137.33333   36.00000  73.8%  38.6  525s
 1440130 709096   36.00000  106   92  137.33333   36.00000  73.8%  38.6  530s
 1465111 720366   40.00000  114   80  137.33333   36.00000  73.8%  38.6  535s
 1480489 731284     cutoff  114       137.33333   36.00000  73.8%  38.7  540s
 1503378 741149 infeasible  122       137.33333   36.00000  73.8%  38.7  545s
 1526631 753240   37.17072  108  101  137.33333   36.00000  73.8%  38.8  550s
 1544484 764721   36.50000  111  114  137.33333   36.00000  73.8%  38.8  556s
 1568398 772907   73.66667  157   63  137.33333   36.00000  73.8%  38.8  560s
 1590591 783594   99.66667  150   52  137.33333   36.00000  73.8%  38.7  565s
 1598567 786604   59.50244  131   84  137.33333   36.00000  73.8%  38.7  575s
 1617015 795320   83.16808  112   80  137.33333   36.00000  73.8%  38.7  580s
 1640668 808031     cutoff  121       137.33333   36.00000  73.8%  38.7  586s
 1656149 816024 infeasible  118       137.33333   36.00000  73.8%  38.7  590s
 1680390 827631   66.13533  118  117  137.33333   36.00000  73.8%  38.7  595s
 1686562 827654   44.18058  123   96  137.33333   36.00000  73.8%  38.7  600s

Cutting planes:
  Learned: 155
  Gomory: 16
  Cover: 124
  Implied bound: 135
  Clique: 13
  MIR: 394
  Flow cover: 983
  GUB cover: 2
  Zero half: 1
  RLT: 5
  Relax-and-lift: 350

Cleanup yields a better solution

Explored 1686603 nodes (65260615 simplex iterations) in 600.03 seconds
Thread count was 32 (of 64 available processors)

Solution count 10: 137.333 187 187.167 ... 190.667

Time limit reached
Best objective 1.371666666641e+02, best bound 3.600000000000e+01, gap 73.7546%

Gurobi 9.1.2 (linux64) logging started Tue Apr  5 11:45:11 2022

Changed value of parameter LogFile to cost226_v-Palermo.log
   Prev:   Default: 
Changed value of parameter MIPFocus to 1
   Prev: 0  Min: 0  Max: 3  Default: 0
Changed value of parameter TimeLimit to 1200.0
   Prev: inf  Min: 0.0  Max: inf  Default: inf
Warning: variables 0 and 188 have the same name "X[Lyon,Paris]"
Warning: linear constraint 228 and linear constraint 229 have the same name "weight-constr-t5"
Warning: to let Gurobi read it back, use rlp format
Gurobi Optimizer version 9.1.2 build v9.1.2rc0 (linux64)
Thread count: 32 physical cores, 64 logical processors, using up to 32 threads
Optimize a model with 1368 rows, 1128 columns and 4002 nonzeros
Model fingerprint: 0x40d95158
Variable types: 222 continuous, 906 integer (906 binary)
Coefficient statistics:
  Matrix range     [1e+00, 1e+06]
  Objective range  [2e-01, 2e-01]
  Bounds range     [1e+00, 5e+05]
  RHS range        [1e+00, 1e+06]
Presolve removed 60 rows and 66 columns
Presolve time: 0.01s
Presolved: 1308 rows, 1062 columns, 6756 nonzeros
Variable types: 216 continuous, 846 integer (846 binary)

Root relaxation: objective 3.600000e+01, 152 iterations, 0.00 seconds

    Nodes    |    Current Node    |     Objective Bounds      |     Work
 Expl Unexpl |  Obj  Depth IntInf | Incumbent    BestBd   Gap | It/Node Time

     0     0   36.00000    0   36          -   36.00000      -     -    0s
     0     0   36.00000    0   41          -   36.00000      -     -    0s
     0     0   36.00000    0   30          -   36.00000      -     -    0s
     0     0   36.00000    0   25          -   36.00000      -     -    0s
     0     0   36.00000    0   26          -   36.00000      -     -    0s
H    0     0                    2228321.0000   36.00000   100%     -    0s
     0     0   36.00000    0   26 2228321.00   36.00000   100%     -    0s
H    0     0                     595.4374995   36.00000  94.0%     -    0s
H    0     0                     248.1666667   36.00000  85.5%     -    0s
H    0     0                     237.3333333   36.00000  84.8%     -    0s
H    0     2                     237.0000000   36.00000  84.8%     -    0s
     0     2   36.00000    0   19  237.00000   36.00000  84.8%     -    0s
H    3     8                     236.8333333   36.00000  84.8%   129    0s
H    4     8                     236.5833333   36.00000  84.8%   100    0s
H   32    64                     214.5874875   36.00000  83.2%  20.0    0s
H   33    64                     212.9166667   36.00000  83.1%  19.5    0s
H   52    64                     212.7500000   36.00000  83.1%  15.3    0s
H   95   128                     212.2500000   36.00000  83.0%  12.9    1s
H   95   128                     211.7500000   36.00000  83.0%  12.9    1s
H   97   128                     211.3333333   36.00000  83.0%  12.8    1s
H   98   128                     211.2500000   36.00000  83.0%  12.8    1s
H   99   128                     211.0833333   36.00000  82.9%  12.7    1s
H  101   128                     210.7500000   36.00000  82.9%  12.8    1s
H  106   128                     210.0833333   36.00000  82.9%  13.0    1s
H  113   128                     205.5000000   36.00000  82.5%  13.4    1s
H  159   190                     202.0000000   36.00000  82.2%  13.3    3s
H  160   190                     158.1666667   36.00000  77.2%  13.2    3s
H  255   283                     157.0000000   36.00000  77.1%  11.6    4s
H  259   283                     156.1666667   36.00000  76.9%  11.6    4s
H  671   685                     155.3333333   36.00000  76.8%   9.5    5s
H  678   685                     155.1666667   36.00000  76.8%   9.5    5s
H 1777  1895                     155.1666647   36.00000  76.8%   7.6    5s
H 2011  2811                     155.0000000   36.00000  76.8%   7.4    5s
H 3091  3019                     154.8333333   36.00000  76.7%   6.8    6s
H 3247  3050                     154.8333333   36.00000  76.7%   6.8    7s
H 3386  3429                     154.8333323   36.00000  76.7%   6.8    7s
H 7553  6993                     154.8333268   36.00000  76.7%   6.5    8s
H 8000  9315                     154.8333193   36.00000  76.7%   6.5    8s
 11119  9414   37.00000   22  186  154.83332   36.00000  76.7%   8.5   10s
H12371  9721                     153.1666667   36.00000  76.5%  11.9   11s
H14905 10468                     153.0000000   36.00000  76.5%  15.0   13s
H14982 10769                     152.9999998   36.00000  76.5%  15.1   14s
H17112 12310                     152.9999997   36.00000  76.5%  17.9   14s
 19327 12806   75.50000   85  105  153.00000   36.00000  76.5%  19.7   15s
 29792 25509   36.00000   69  169  153.00000   36.00000  76.5%  24.5   21s
H50751 31853                     152.9999922   36.00000  76.5%  31.9   24s
 51866 33660   37.66667   54  170  152.99999   36.00000  76.5%  32.4   25s
H51935 33660                     152.9999673   36.00000  76.5%  32.4   25s
H57214 36942                     152.9999672   36.00000  76.5%  35.0   26s
H59850 40632                     152.9999670   36.00000  76.5%  36.0   26s
 80133 56688   36.00000   75  165  152.99997   36.00000  76.5%  38.2   30s
 92211 69340   43.00000   82  126  152.99997   36.00000  76.5%  40.7   35s
 123865 85957  101.83333  109   82  152.99997   36.00000  76.5%  43.1   40s
 123905 108632  101.83333  110   80  152.99997   36.00000  76.5%  43.1   53s
H131807 108627                     152.8333333   36.00000  76.4%  43.5   53s
 163907 117598     cutoff  142       152.83333   36.00000  76.4%  44.4   55s
H181021 127090                     152.8333333   36.00000  76.4%  44.5   58s
 187548 135395     cutoff  120       152.83333   36.00000  76.4%  44.4   60s
H187727 135395                     152.8333282   36.00000  76.4%  44.4   60s
H195400 138682                     152.8333281   36.00000  76.4%  44.3   61s
H195460 138682                     152.8333280   36.00000  76.4%  44.3   61s
H200854 140301                     152.8333280   36.00000  76.4%  44.3   63s
 209107 148440   36.00000   82  158  152.83333   36.00000  76.4%  44.4   65s
H237105 166817                     152.8333278   36.00000  76.4%  44.9   69s
H241613 170538                     152.8333255   36.00000  76.4%  44.9   70s
H241801 170538                     152.8333230   36.00000  76.4%  44.9   70s
H242686 170538                     152.8333230   36.00000  76.4%  44.9   70s
H253088 178692                     152.8333204   36.00000  76.4%  44.8   72s
H259131 181596                     152.8333203   36.00000  76.4%  44.8   73s
H259200 181596                     152.8333202   36.00000  76.4%  44.8   73s
H259227 181596                     152.8333202   36.00000  76.4%  44.8   73s
H259296 181596                     152.8333200   36.00000  76.4%  44.8   73s
H264991 185653                     152.8333199   36.00000  76.4%  44.8   74s
 269564 188516   36.00000   85  200  152.83332   36.00000  76.4%  44.8   75s
H275391 193331                     152.8333198   36.00000  76.4%  45.0   78s
 287433 202036   36.67910  116  168  152.83332   36.00000  76.4%  45.0   80s
H290251 202036                     152.8333197   36.00000  76.4%  45.1   80s
H292400 207504                     152.8333197   36.00000  76.4%  45.2   81s
H293544 207504                     152.8333197   36.00000  76.4%  45.2   81s
H301255 210265                     152.8333196   36.00000  76.4%  45.3   82s
H301571 210265                     152.8333196   36.00000  76.4%  45.3   82s
H302658 210265                     152.8333196   36.00000  76.4%  45.4   82s
 314844 220724   36.66667   77  150  152.83332   36.00000  76.4%  45.4   85s
 321078 242400   36.00000   67  196  152.83332   36.00000  76.4%  45.3   92s
 353110 242417 infeasible  167       152.83332   36.00000  76.4%  45.6   95s
 353157 263917 infeasible  167       152.83332   36.00000  76.4%  45.6  100s
 407088 281502     cutoff  122       152.83332   36.00000  76.4%  46.1  105s
 414580 283929   36.00000   83  178  152.83332   36.00000  76.4%  46.2  110s
 414613 304435   36.00000   84  173  152.83332   36.00000  76.4%  46.2  115s
 446727 325184 infeasible  135       152.83332   36.00000  76.4%  46.2  124s
 478759 328566  139.17085  147   67  152.83332   36.00000  76.4%  46.2  125s
H481784 328566                     152.8333055   36.00000  76.4%  46.2  125s
H484200 332640                     152.8332915   36.00000  76.4%  46.2  126s
H486734 332640                     152.8328218   36.00000  76.4%  46.2  127s
H490820 332667                     152.8322849   36.00000  76.4%  46.1  130s
 514328 350897     cutoff  140       152.83228   36.00000  76.4%  46.1  135s
 540865 364344   36.66667   80  134  152.83228   36.00000  76.4%  46.1  140s
 546342 386587   56.50000  114  101  152.83228   36.00000  76.4%  46.1  147s
 584426 394591 infeasible  126       152.83228   36.00000  76.4%  46.2  150s
 610745 407916   36.05556  106  133  152.83228   36.00000  76.4%  46.2  156s
 611217 428139   36.05556  107  127  152.83228   36.00000  76.4%  46.2  161s
 653714 438755   52.66667  111  119  152.83228   36.00000  76.4%  46.5  165s
 680825 452836   36.00000   61  207  152.83228   36.00000  76.4%  46.5  170s
 701040 468722   36.00000   82  133  152.83228   36.00000  76.4%  46.7  176s
 720375 479136   36.00000   63  168  152.83228   36.00000  76.4%  46.6  181s
 739042 494306   75.33333  138   55  152.83228   36.00000  76.4%  46.7  185s
 756110 502229   97.98913   95  101  152.83228   36.00000  76.4%  46.7  191s
 780308 517217   36.66667   68  170  152.83228   36.00000  76.4%  46.8  195s
 805239 533543   84.33333  110   55  152.83228   36.00000  76.4%  46.8  200s
 817685 538422   38.16670   96  165  152.83228   36.00000  76.4%  46.8  207s
 828861 550541   40.50000  109   91  152.83228   36.00000  76.4%  46.9  210s
 852926 562429  115.83333  141   47  152.83228   36.00000  76.4%  46.8  215s
H857184 565472                     152.8322848   36.00000  76.4%  46.8  216s
H868694 569469                     152.8322848   36.00000  76.4%  46.8  217s
 878554 578452   43.00000  134  137  152.83228   36.00000  76.4%  46.7  220s
 906918 594444   78.83333  112   88  152.83228   36.00000  76.4%  46.7  225s
 925030 603646   59.77937  133   84  152.83228   36.00000  76.4%  46.6  233s
 925064 623243   44.83333  133   90  152.83228   36.00000  76.4%  46.6  237s
 957310 642823   81.83786  129  106  152.83228   36.00000  76.4%  46.5  249s
H969340 642823                     152.8322847   36.00000  76.4%  46.5  249s
 989342 646311   81.33333  146   59  152.83228   36.00000  76.4%  46.4  251s
 1000440 648936     cutoff  122       152.83228   36.00000  76.4%  46.3  256s
 1020943 664910 infeasible  137       152.83228   36.00000  76.4%  46.2  260s
 1027235 665587   36.27778   87  128  152.83228   36.00000  76.4%  46.2  265s
 1050569 684811   39.83948  124  127  152.83228   36.00000  76.4%  46.1  270s
 1066957 694793 infeasible  129       152.83228   36.00000  76.4%  46.1  275s
 1097114 712321 infeasible  126       152.83228   36.00000  76.4%  46.0  280s
H1099071 712321                     152.8322847   36.00000  76.4%  46.0  280s
 1117095 720731 infeasible   97       152.83228   36.00000  76.4%  45.9  287s
 1117133 739453   41.33333   95  128  152.83228   36.00000  76.4%  45.9  291s
 1149165 739472   38.83540  124  119  152.83228   36.00000  76.4%  45.8  298s
 1149210 758181   39.83343  124  133  152.83228   36.00000  76.4%  45.8  309s
 1181242 761718   44.33333  103  101  152.83228   36.00000  76.4%  45.6  310s
 1193885 765246   74.16667  110   84  152.83228   36.00000  76.4%  45.5  316s
 1212144 781684 infeasible  144       152.83228   36.00000  76.4%  45.4  320s
 1233650 789492   39.16667  121   96  152.83228   36.00000  76.4%  45.3  326s
 1255038 803339  143.50000   96  145  152.83228   36.00000  76.4%  45.2  330s
 1276660 815056   95.17080  126  104  152.83228   36.00000  76.4%  45.2  335s
 1276949 834370   95.50163  129   99  152.83228   36.00000  76.4%  45.2  340s
 1330480 848304   95.66713  123  114  152.83228   36.00000  76.4%  45.0  345s
 1358287 865785   43.68743  110  105  152.83228   36.00000  76.4%  44.9  350s
 1370895 888569   67.66667  126  101  152.83228   36.00000  76.4%  44.8  363s
 1402927 892242  143.67815  126   91  152.83228   36.00000  76.4%  44.7  365s
H1410135 897089                     152.8322846   36.00000  76.4%  44.8  366s
 1435649 914088     cutoff  118       152.83228   36.00000  76.4%  44.7  371s
 1453490 921328   36.83333  100  125  152.83228   36.00000  76.4%  44.7  376s
 1469403 934903   37.16679  119  141  152.83228   36.00000  76.4%  44.7  380s
 1500080 949248   36.00093  114  140  152.83228   36.00000  76.4%  44.6  387s
 1500395 967297   49.16922  135   93  152.83228   36.00000  76.4%  44.6  398s
 1539371 974891   63.83693  126  125  152.83228   36.00000  76.4%  44.6  400s
 1549620 978407  115.00633  117   95  152.83228   36.00000  76.4%  44.5  406s
 1563734 1002826   37.16667  104  143  152.83228   36.00000  76.4%  44.5  413s
 1595766 1005588   87.43451  152   71  152.83228   36.00000  76.4%  44.4  415s
 1609817 1014018   98.66667  110   71  152.83228   36.00000  76.4%  44.4  420s
 1633135 1024896   63.01618  163   89  152.83228   36.00000  76.4%  44.4  425s
 1644767 1035354   75.35432  131   73  152.83228   36.00000  76.4%  44.4  430s
 1663900 1043828  127.33333  159   95  152.83228   36.00000  76.4%  44.4  435s
 1682224 1057713   81.83333  118   83  152.83228   36.00000  76.4%  44.4  440s
H1687925 1057713                     152.8322845   36.00000  76.4%  44.4  440s
 1688383 1077022   39.00000  121  118  152.83228   36.00000  76.4%  44.4  448s
 1720415 1077049  140.67072  131   70  152.83228   36.00000  76.4%  44.4  452s
 1720466 1095800  145.83380  132   66  152.83228   36.00000  76.4%  44.4  456s
 1764306 1105758   75.33333  121   90  152.83228   36.00000  76.4%  44.3  460s
 1785007 1119277   36.00000  112  157  152.83228   36.00000  76.4%  44.3  465s
 1805290 1125784   76.51408  114  101  152.83228   36.00000  76.4%  44.3  470s
 1807971 1130742   36.33333   86  148  152.83228   36.00000  76.4%  44.3  475s
 1830425 1140538   54.19499  161   87  152.83228   36.00000  76.4%  44.3  483s
 1830461 1144827   54.19518  162   86  152.83228   36.00000  76.4%  44.3  485s
 1838115 1148035   56.83333  123   75  152.83228   36.00000  76.4%  44.3  490s
 1859974 1164349   93.33391  189   68  152.83228   36.00000  76.4%  44.4  495s
 1887257 1179504   36.00000  142  134  152.83228   36.00000  76.4%  44.4  500s
 1902929 1189031   44.66667  103  139  152.83228   36.00000  76.4%  44.4  505s
 1932301 1205285   89.00679  150   89  152.83228   36.00000  76.4%  44.4  510s
 1949539 1215843   36.25083  101  176  152.83228   36.00000  76.4%  44.3  516s
 1975966 1229489  103.50046  183   60  152.83228   36.00000  76.4%  44.3  520s
 2005456 1245544   36.83333  111  112  152.83228   36.00000  76.4%  44.2  525s
 2038396 1263084   36.00000  128  145  152.83228   36.00000  76.4%  44.2  530s
 2061190 1273574   37.83333  149  143  152.83228   36.00000  76.4%  44.1  536s
 2073310 1280359 infeasible  128       152.83228   36.00000  76.4%  44.1  541s
 2092965 1290881 infeasible  153       152.83228   36.00000  76.4%  44.1  548s
 2101069 1297726   68.16667  145  134  152.83228   36.00000  76.4%  44.0  550s
 2126366 1310745   36.66667  103  152  152.83228   36.00000  76.4%  44.0  555s
 2146906 1322280   68.43175  152   92  152.83228   36.00000  76.4%  44.0  560s
 2177938 1339234   94.91316  159   86  152.83228   36.00000  76.4%  44.0  565s
 2202725 1350871  118.32724  176  128  152.83228   36.00000  76.4%  44.0  572s
 2203308 1368902   52.67022  175  125  152.83228   36.00000  76.4%  44.0  576s
 2235384 1385833   76.55710  176   70  152.83228   36.00000  76.4%  44.0  583s
 2267416 1389804 infeasible  148       152.83228   36.00000  76.4%  43.9  585s
 2298531 1406064   36.50000  101  134  152.83228   36.00000  76.4%  43.9  590s
 2318676 1416043   45.33658  116  127  152.83228   36.00000  76.4%  43.9  595s
 2345312 1431712  117.26450  183   70  152.83228   36.00000  76.4%  43.9  600s
 2365540 1440748  111.16667  152   65  152.83228   36.00000  76.4%  43.9  606s
 2375389 1449435   97.37164  158   92  152.83228   36.00000  76.4%  43.9  610s
 2402576 1463062   39.19427   95  169  152.83228   36.00000  76.4%  43.9  615s
 2411558 1468147   38.00000  122   98  152.83228   36.00000  76.4%  43.9  620s
 2426762 1491667   42.50441  105  123  152.83228   36.00000  76.4%  43.9  627s
 2465824 1498477     cutoff  177       152.83228   36.00000  76.4%  43.9  630s
 2485405 1507946     cutoff  182       152.83228   36.00000  76.4%  43.9  635s
 2509137 1521979   36.05701   99  174  152.83228   36.00000  76.4%  43.9  640s
 2533079 1536623  131.50000  153   70  152.83228   36.00000  76.4%  43.9  645s
 2545919 1541701  143.33333  164   55  152.83228   36.00000  76.4%  43.9  650s
 2557002 1548423   36.00000  104  145  152.83228   36.00000  76.4%  43.9  655s
H2561207 1548423                     152.8322845   36.00000  76.4%  43.9  655s
 2580135 1559983   40.16964  125  121  152.83228   36.00000  76.4%  43.9  661s
 2582521 1572438   46.67024  138  105  152.83228   36.00000  76.4%  43.9  665s
 2628973 1590807 infeasible  135       152.83228   36.00000  76.4%  44.0  670s
 2650660 1600440  147.27191  139  109  152.83228   36.00000  76.4%  44.0  675s
 2666240 1609675   50.02698  134  114  152.83228   36.00000  76.4%  44.0  680s
 2681490 1617757   38.00000  118  131  152.83228   36.00000  76.4%  44.0  685s
 2690835 1622916   38.66667  139   93  152.83228   36.00000  76.4%  44.0  691s
 2698359 1630382   43.33333   98  164  152.83228   36.00000  76.4%  44.0  695s
 2709820 1634297   37.33333  138  126  152.83228   36.00000  76.4%  44.0  700s
 2729497 1648765   45.66667  159  103  152.83228   36.00000  76.4%  44.1  705s
 2756176 1663810  135.04650  154   80  152.83228   36.00000  76.4%  44.1  710s
 2778137 1676505 infeasible  123       152.83228   36.00000  76.4%  44.1  715s
 2796816 1689905   36.50000  124  153  152.83228   36.00000  76.4%  44.1  720s
 2810003 1696731   36.00000  134  137  152.83228   36.00000  76.4%  44.1  725s
 2840140 1710753   93.66876  121  107  152.83228   36.00000  76.4%  44.1  732s
 2848871 1719936 infeasible  173       152.83228   36.00000  76.4%  44.2  735s
 2869515 1730402 infeasible  158       152.83228   36.00000  76.4%  44.2  740s
 2883667 1739126  117.26428  117  103  152.83228   36.00000  76.4%  44.2  745s
 2905600 1749712   38.00000  129  129  152.83228   36.00000  76.4%  44.2  750s
 2931770 1765461   46.66725  130  138  152.83228   36.00000  76.4%  44.3  757s
 2941015 1773037   41.50000  142  113  152.83228   36.00000  76.4%  44.3  761s
 2961485 1783992 infeasible  175       152.83228   36.00000  76.4%  44.3  766s
 2972470 1788453   37.18750  118  127  152.83228   36.00000  76.4%  44.3  770s
 2983451 1812752   76.00000  148  115  152.83228   36.00000  76.4%  44.3  779s
 3015483 1816689  133.22965  172   52  152.83228   36.00000  76.4%  44.3  780s
 3040945 1827436   37.12837  128  152  152.83228   36.00000  76.4%  44.3  785s
 3061935 1838991   46.50605  122  124  152.83228   36.00000  76.4%  44.3  791s
 3078145 1847664 infeasible  127       152.83228   36.00000  76.4%  44.3  797s
 3078473 1865034   43.50316  128  117  152.83228   36.00000  76.4%  44.3  801s
 3110637 1883550     cutoff  181       152.83228   36.00000  76.4%  44.3  809s
 3142669 1886784   37.58333  139  150  152.83228   36.00000  76.4%  44.3  810s
 3167583 1899675  112.37448  127  130  152.83228   36.00000  76.4%  44.3  815s
 3187656 1911424  100.50000  176   62  152.83228   36.00000  76.4%  44.3  820s
 3199096 1917456  120.76696  143  102  152.83228   36.00000  76.4%  44.3  825s
 3220275 1926436   47.37523  170  104  152.83228   36.00000  76.4%  44.3  830s
 3223800 1928527   43.17812  135  146  152.83228   36.00000  76.4%  44.3  836s
 3231460 1932495   46.90791  152  121  152.83228   36.00000  76.4%  44.3  841s
 3248213 1941627   76.83809  129  127  152.83228   36.00000  76.4%  44.3  845s
 3257255 1945842   37.84305  125  141  152.83228   36.00000  76.4%  44.3  852s
 3270982 1954973   37.01654  123  149  152.83228   36.00000  76.4%  44.3  855s
 3294317 1971745   39.50147  140  122  152.83228   36.00000  76.4%  44.3  860s
 3323240 1985949   36.00000  133  136  152.83228   36.00000  76.4%  44.2  865s
 3342760 1993995  104.83472  126  116  152.83228   36.00000  76.4%  44.2  871s
 3351783 2000748   36.00000   93  142  152.83228   36.00000  76.4%  44.2  875s
 3355503 2018504   36.25890  137  142  152.83228   36.00000  76.4%  44.2  884s
 3387535 2018528   43.91744  142  106  152.83228   36.00000  76.4%  44.2  888s
 3387575 2035921   42.41369  142  108  152.83228   36.00000  76.4%  44.2  898s
 3419607 2039226   39.00093  123  123  152.83228   36.00000  76.4%  44.2  900s
 3439905 2046342   39.33333  148  120  152.83228   36.00000  76.4%  44.2  907s
 3446515 2050124   36.00000   76  174  152.83228   36.00000  76.4%  44.2  911s
 3450120 2051791   37.66690   93  121  152.83228   36.00000  76.4%  44.2  918s
 3450171 2068750   38.16667   94  114  152.83228   36.00000  76.4%  44.2  923s
 3488720 2072593   53.66668  144   88  152.83228   36.00000  76.4%  44.2  925s
 3510898 2086293 infeasible  133       152.83228   36.00000  76.4%  44.2  930s
 3540633 2102498   46.34743  110  121  152.83228   36.00000  76.4%  44.1  935s
 3545812 2121010   76.08333  114   93  152.83228   36.00000  76.4%  44.1  942s
 3589923 2130357  121.83333  189   42  152.83228   36.00000  76.4%  44.1  945s
 3603785 2135962   46.66667  161   84  152.83228   36.00000  76.4%  44.1  951s
 3623721 2150053   38.83333  118  126  152.83228   36.00000  76.4%  44.1  955s
 3641916 2161262  152.50607  101   69  152.83228   36.00000  76.4%  44.1  960s
 3653914 2166068     cutoff  151       152.83228   36.00000  76.4%  44.1  965s
 3657700 2166093   53.00046  104  119  152.83228   36.00000  76.4%  44.1  970s
 3680362 2181666  110.33334  167   89  152.83228   36.00000  76.4%  44.1  975s
 3703059 2195867   72.34154  132   96  152.83228   36.00000  76.4%  44.1  980s
 3724680 2202548  134.16667  122   91  152.83228   36.00000  76.4%  44.0  986s
 3733845 2218414  136.16852  131   79  152.83228   36.00000  76.4%  44.1  997s
 3753209 2226546   36.66713   93  137  152.83228   36.00000  76.4%  44.1 1000s
 3790827 2241718   74.83639  127  116  152.83228   36.00000  76.4%  44.1 1005s
 3819018 2254605   96.83658  152   67  152.83228   36.00000  76.4%  44.0 1010s
 3845310 2264787     cutoff  120       152.83228   36.00000  76.4%  44.0 1016s
 3855680 2270900   52.66667  107  115  152.83228   36.00000  76.4%  44.0 1022s
 3870849 2279407   92.50000  116   72  152.83228   36.00000  76.4%  44.0 1025s
 3881922 2288790 infeasible  141       152.83228   36.00000  76.4%  44.1 1030s
 3897723 2300230  104.51000  117   70  152.83228   36.00000  76.4%  44.0 1037s
 3924477 2309670   78.89073  130  103  152.83228   36.00000  76.4%  44.1 1041s
 3931835 2309693   93.83333  139  103  152.83228   36.00000  76.4%  44.1 1045s
 3955494 2325629 infeasible  119       152.83228   36.00000  76.4%  44.1 1051s
 3976860 2334092   36.00000  105  138  152.83228   36.00000  76.4%  44.1 1058s
 3982233 2338969   39.33669  140   90  152.83228   36.00000  76.4%  44.1 1060s
 4001845 2347015   61.66667  126   94  152.83228   36.00000  76.4%  44.1 1066s
 4007070 2349892  106.83988  150   99  152.83228   36.00000  76.4%  44.1 1071s
 4016143 2358116   44.00046   87  139  152.83228   36.00000  76.4%  44.1 1075s
 4045724 2372190   75.41667  115   86  152.83228   36.00000  76.4%  44.1 1081s
 4061955 2376687   61.71795  112   94  152.83228   36.00000  76.4%  44.1 1086s
 4076316 2387654   42.33850  124  101  152.83228   36.00000  76.4%  44.1 1090s
 4109288 2402782   74.50070   99   94  152.83228   36.00000  76.4%  44.1 1095s
 4131582 2413703   57.66667  116   90  152.83228   36.00000  76.4%  44.1 1100s
 4140767 2432543   76.00107  114  124  152.83228   36.00000  76.4%  44.1 1109s
 4172799 2436158   99.52706  121  103  152.83228   36.00000  76.4%  44.1 1111s
 4187975 2442324 infeasible   94       152.83228   36.00000  76.4%  44.1 1116s
 4191220 2442365   55.01586  105  121  152.83228   36.00000  76.4%  44.1 1121s
 4213398 2452213   39.69892  115  143  152.83228   36.00000  76.4%  44.1 1125s
 4229204 2462097   74.00200  122   97  152.83228   36.00000  76.4%  44.1 1131s
 4252094 2473026  101.44749  153   55  152.83228   36.00000  76.4%  44.1 1135s
 4264559 2480375     cutoff  109       152.83228   36.00000  76.4%  44.1 1140s
 4276650 2482929   36.33333   97  136  152.83228   36.00000  76.4%  44.1 1145s
 4293267 2494006   39.00539  120  112  152.83228   36.00000  76.4%  44.1 1150s
 4307016 2500917   93.33791  141  109  152.83228   36.00000  76.4%  44.0 1155s
 4330323 2513385   36.00000  110  117  152.83228   36.00000  76.4%  44.0 1160s
 4354963 2524613  125.50000  127   49  152.83228   36.00000  76.4%  44.0 1165s
 4380951 2539831   46.98030  154   99  152.83228   36.00000  76.4%  44.0 1170s
 4397820 2545473   38.00276   88  155  152.83228   36.00000  76.4%  44.0 1175s
 4397855 2560822   38.00539   89  151  152.83228   36.00000  76.4%  44.0 1187s
 4435733 2565841     cutoff  131       152.83228   36.00000  76.4%  44.0 1190s
 4453005 2575675   39.51389  110  116  152.83228   36.00000  76.4%  44.0 1196s
 4457800 2575697   37.33333   92  153  152.83228   36.00000  76.4%  44.0 1200s

Cutting planes:
  Learned: 190
  Gomory: 13
  Cover: 141
  Implied bound: 114
  Clique: 10
  MIR: 544
  Flow cover: 1074
  GUB cover: 3
  RLT: 5
  Relax-and-lift: 417

Explored 4457842 nodes (196314709 simplex iterations) in 1200.02 seconds
Thread count was 32 (of 64 available processors)

Solution count 10: 152.832 152.833 152.833 ... 152.833

Time limit reached
Best objective 1.528322845101e+02, best bound 3.600000000000e+01, gap 76.4448%
