
Gurobi 9.1.2 (linux64) logging started Wed Mar 30 11:31:27 2022

Changed value of parameter LogFile to eu_v-Oslo.log
   Prev:   Default: 
Changed value of parameter MIPFocus to 1
   Prev: 0  Min: 0  Max: 3  Default: 0
Changed value of parameter TimeLimit to 600.0
   Prev: inf  Min: 0.0  Max: inf  Default: inf
Warning: variables 0 and 138 have the same name "X[Brussels,Amste...]"
Warning: linear constraint 174 and linear constraint 175 have the same name "weight-constr-t5"
Warning: to let Gurobi read it back, use rlp format
Gurobi Optimizer version 9.1.2 build v9.1.2rc0 (linux64)
Thread count: 32 physical cores, 64 logical processors, using up to 32 threads
Optimize a model with 1005 rows, 828 columns and 2910 nonzeros
Model fingerprint: 0x16ba5c28
Variable types: 168 continuous, 660 integer (660 binary)
Coefficient statistics:
  Matrix range     [1e+00, 1e+06]
  Objective range  [2e-01, 2e-01]
  Bounds range     [1e+00, 5e+05]
  RHS range        [1e+00, 1e+06]
Presolve removed 42 rows and 48 columns
Presolve time: 0.01s
Presolved: 963 rows, 780 columns, 4902 nonzeros
Variable types: 162 continuous, 618 integer (618 binary)

Root relaxation: objective 2.700000e+01, 115 iterations, 0.00 seconds

    Nodes    |    Current Node    |     Objective Bounds      |     Work
 Expl Unexpl |  Obj  Depth IntInf | Incumbent    BestBd   Gap | It/Node Time

     0     0   27.00000    0   51          -   27.00000      -     -    0s
     0     0   27.00000    0   39          -   27.00000      -     -    0s
     0     0   27.00000    0   38          -   27.00000      -     -    0s
     0     0   27.00000    0   30          -   27.00000      -     -    0s
     0     0   27.00000    0   27          -   27.00000      -     -    0s
H    0     0                    1651051.3333   27.00000   100%     -    0s
     0     0   27.00000    0   26 1651051.33   27.00000   100%     -    0s
H    0     0                    2178.9999988   27.00000  98.8%     -    0s
H    0     0                    2140.6666666   27.00000  98.7%     -    0s
H    0     0                    1079.6666667   27.00000  97.5%     -    0s
H    0     0                    1079.0000000   27.00000  97.5%     -    0s
H    0     2                    1073.5000000   27.00000  97.5%     -    0s
     0     2   27.00000    0   25 1073.50000   27.00000  97.5%     -    0s
H    1     4                     562.5000000   27.00000  95.2%   138    0s
H    5     8                     561.9999999   27.00000  95.2%  31.6    0s
H   10    16                     310.6666667   27.00000  91.3%  18.7    0s
H   31    64                     307.9999999   27.00000  91.2%  13.8    0s
H   59    64                     307.9991262   27.00000  91.2%  12.7    0s
H   95   128                     294.1666667   27.00000  90.8%  11.1    0s
H  101   128                     294.0000000   27.00000  90.8%  11.1    0s
H  120   128                     293.8333333   27.00000  90.8%  10.5    0s
H  159   192                     293.6666667   27.00000  90.8%  10.0    1s
H  162   192                     293.6666665   27.00000  90.8%  10.1    1s
H  167   192                     293.1666667   27.00000  90.8%   9.9    1s
H  168   192                     291.6666666   27.00000  90.7%   9.9    1s
H  179   192                     291.5000000   27.00000  90.7%   9.4    1s
H  181   192                     290.9166667   27.00000  90.7%   9.5    1s
H  192   223                     290.6666667   27.00000  90.7%   9.4    1s
H  193   223                     290.5833333   27.00000  90.7%   9.4    1s
H  195   223                     289.5000000   27.00000  90.7%   9.4    1s
H  464  1047                     289.3333333   27.00000  90.7%   8.4    1s
H 1135  1237                     289.1666667   27.00000  90.7%   7.4    2s
H 1188  1237                     289.1666666   27.00000  90.7%   7.4    2s
H 1244  1237                     288.6666667   27.00000  90.6%   7.4    2s
H 1270  1237                     287.3333333   27.00000  90.6%   7.4    2s
H 1621  1969                     284.8333333   27.00000  90.5%   7.0    2s
H 2197  2237                     284.6666667   27.00000  90.5%   6.9    2s
H 3800  4062                     284.6666660   27.00000  90.5%   6.6    3s
H 4819  5010                     284.6666657   27.00000  90.5%   6.5    3s
H 4873  5010                     284.6555713   27.00000  90.5%   6.5    3s
  7927  6518   27.00000   11   79  284.65557   27.00000  90.5%   7.3    5s
H 8284  6431                     282.3333333   27.00000  90.4%   8.3    8s
H 8308  6198                     281.5000000   27.00000  90.4%   8.3    8s
H 8339  5893                     278.8333333   27.00000  90.3%   8.3    8s
H 8352  5609                     273.8333333   27.00000  90.1%   8.4    8s
H 8482  5468                     273.3333333   27.00000  90.1%   8.6    8s
H 8494  5212                     273.1666667   27.00000  90.1%   8.6    8s
H 8524  4962                     273.0000000   27.00000  90.1%   8.6    8s
H 9056  5017                     271.1250000   27.00000  90.0%   9.4    8s
H 9105  4784                     270.5000000   27.00000  90.0%   9.5    8s
H 9347  4671                     269.5000000   27.00000  90.0%   9.8    9s
H 9358  4473                     269.0000000   27.00000  90.0%   9.8    9s
H 9363  4286                     268.8333333   27.00000  90.0%   9.9    9s
H 9629  4271                     268.5000000   27.00000  89.9%  10.4    9s
H 9657  4095                     268.3333333   27.00000  89.9%  10.4    9s
H10267  4297                     268.1666667   27.00000  89.9%  11.2    9s
H11398  4710                     268.0000000   27.00000  89.9%  12.1    9s
 12845  5898   27.00021   41   80  268.00000   27.00000  89.9%  13.2   10s
H24878 10790                     267.9999905   27.00000  89.9%  19.6   14s
H25500 11888                     267.9999904   27.00000  89.9%  19.8   14s
 28247 12489  104.33339   66   52  267.99999   27.00000  89.9%  20.3   15s
 45131 19397  181.33333   94   22  267.99999   27.00000  89.9%  22.9   21s
H47570 20519                     267.9999904   27.00000  89.9%  23.0   21s
 61776 25798 infeasible   92       267.99999   27.00000  89.9%  23.4   27s
 61823 40416  159.83333   89   18  267.99999   27.00000  89.9%  23.4   31s
 108676 47008   30.66667   66   72  267.99999   27.00000  89.9%  26.0   36s
H108699 47008                     267.9999903   27.00000  89.9%  26.0   36s
 119873 52124   28.04404   78   74  267.99999   27.00000  89.9%  26.9   40s
 152094 65000 infeasible   71       267.99999   27.00000  89.9%  28.2   45s
 176314 75972   27.50000   68   74  267.99999   27.00000  89.9%  29.1   50s
 197020 83742   58.33333   78   34  267.99999   27.00000  89.9%  29.6   55s
 220518 94540   87.83333   78   48  267.99999   27.00000  89.9%  30.2   60s
 245213 103112   87.16667   91   47  267.99999   27.00000  89.9%  30.4   65s
 249869 116652   51.75826   84   61  267.99999   27.00000  89.9%  30.5   72s
 281901 116666 infeasible   63       267.99999   27.00000  89.9%  30.7   75s
 281951 130370   33.50011   80   56  267.99999   27.00000  89.9%  30.7   83s
 313983 134320  127.50000   89   38  267.99999   27.00000  89.9%  30.7   85s
 324846 136101   53.17027   99   49  267.99999   27.00000  89.9%  30.7   91s
H325116 136408                     267.9999573   27.00000  89.9%  30.7   93s
H325900 139956                     267.9997068   27.00000  89.9%  30.7   94s
H333800 141480                     267.9986029   27.00000  89.9%  30.6   95s
H338458 143622                     267.9986028   27.00000  89.9%  30.6   95s
 359731 152130  137.16667  111   24  267.99860   27.00000  89.9%  30.6  101s
H359751 152130                     267.9984558   27.00000  89.9%  30.6  101s
H359754 152130                     267.9965133   27.00000  89.9%  30.6  101s
H359803 153613                     267.9925133   27.00000  89.9%  30.6  102s
H361432 153613                     267.9923671   27.00000  89.9%  30.6  102s
 363896 153630  224.71920   71   40  267.99237   27.00000  89.9%  30.6  106s
H363899 153630                     267.9681222   27.00000  89.9%  30.6  106s
H370140 157040                     267.9674142   27.00000  89.9%  30.6  107s
H384829 162076                     267.9639138   27.00000  89.9%  30.8  110s
 404512 172357  224.84182  107   32  267.96391   27.00000  89.9%  31.1  115s
 430371 180789   28.00183   67   82  267.96391   27.00000  89.9%  31.4  120s
 452802 190853     cutoff   93       267.96391   27.00000  89.9%  31.5  125s
 459471 193376 infeasible   90       267.96391   27.00000  89.9%  31.5  131s
 473066 197667   27.16667   72   71  267.96391   27.00000  89.9%  31.5  137s
 473114 210617   29.83398   73   74  267.96391   27.00000  89.9%  31.5  141s
 505146 210630 infeasible   80       267.96391   27.00000  89.9%  31.6  145s
 505196 222335   27.00000   76   64  267.96391   27.00000  89.9%  31.6  153s
 543212 224481  202.66667   90   20  267.96391   27.00000  89.9%  31.8  155s
 570457 238153  142.33505   97   53  267.96391   27.00000  89.9%  31.9  161s
 598216 246203  265.33333   72   49  267.96391   27.00000  89.9%  31.9  165s
 615546 253002 infeasible   99       267.96391   27.00000  89.9%  31.8  172s
 617261 254927   29.66667   92   55  267.96391   27.00000  89.9%  31.8  175s
 643762 266915  117.34867   89   42  267.96391   27.00000  89.9%  31.8  180s
 669760 277279 infeasible   95       267.96391   27.00000  89.9%  31.7  185s
 697155 287422   27.00000   64   76  267.96391   27.00000  89.9%  31.6  190s
 720429 296245   27.66673   73   75  267.96391   27.00000  89.9%  31.7  195s
 736488 313127  112.66667   72   64  267.96391   27.00000  89.9%  31.7  203s
 768520 315660  192.50000   81   46  267.96391   27.00000  89.9%  31.7  205s
 798530 328805  154.16667   77   41  267.96391   27.00000  89.9%  31.6  211s
 824044 339033   32.33333   72   84  267.96391   27.00000  89.9%  31.6  215s
 845181 347051   50.16667   78   56  267.96391   27.00000  89.9%  31.5  220s
 854926 351340   43.83333   77   50  267.96391   27.00000  89.9%  31.5  225s
 871825 360239 infeasible   78       267.96391   27.00000  89.9%  31.4  230s
 889667 380006   55.83333   99   43  267.96391   27.00000  89.9%  31.4  239s
 921699 383378   27.00043   72   75  267.96391   27.00000  89.9%  31.3  240s
 943414 392266   29.83333   79   61  267.96391   27.00000  89.9%  31.3  245s
 975391 403519   72.91905   85   61  267.96391   27.00000  89.9%  31.1  252s
 986427 411464  207.38518   94   46  267.96391   27.00000  89.9%  31.1  255s
 1016353 425741   80.34085   84   49  267.96391   27.00000  89.9%  31.0  260s
 1024240 427700   32.83333   86   76  267.96391   27.00000  89.9%  31.0  265s
 1039331 431871  171.58756   68   62  267.96391   27.00000  89.9%  31.0  270s
 1043990 436227   28.66667   77   84  267.96391   27.00000  89.9%  31.0  275s
 1072975 449048   28.50000   76   75  267.96391   27.00000  89.9%  31.0  280s
 1095127 460408  212.88271   68   34  267.96391   27.00000  89.9%  31.0  285s
 1123634 470355   66.50000   77   56  267.96391   27.00000  89.9%  31.0  290s
 1147057 481602 infeasible  103       267.96391   27.00000  89.9%  31.1  295s
 1163126 485197  215.00623   96   33  267.96391   27.00000  89.9%  31.1  300s
 1176264 491978  153.50000  100   36  267.96391   27.00000  89.9%  31.1  305s
 1211968 505052   38.00000   91   60  267.96391   27.00000  89.9%  31.2  310s
 1234186 512853   27.00000   64   81  267.96391   27.00000  89.9%  31.1  315s
 1234243 525360   27.00000   65   81  267.96391   27.00000  89.9%  31.1  320s
 1282580 533632   28.00000   79   66  267.96391   27.00000  89.9%  31.1  325s
 1298458 541388  135.83344   89   58  267.96391   27.00000  89.9%  31.1  330s
 1320251 547597   31.68182   66  100  267.96391   27.00000  89.9%  31.1  335s
 1329759 565136 infeasible   93       267.96391   27.00000  89.9%  31.1  344s
 1361791 565147 infeasible   88       267.96391   27.00000  89.9%  31.1  348s
 1361843 576851 infeasible   89       267.96391   27.00000  89.9%  31.1  352s
 1405883 583471   27.00000   57   88  267.96391   27.00000  89.9%  31.1  355s
 1416887 588653  127.87565   89   29  267.96391   27.00000  89.9%  31.1  360s
 1440207 598264  119.52083   83   32  267.96391   27.00000  89.9%  31.2  365s
 1469612 606397     cutoff   86       267.96391   27.00000  89.9%  31.2  370s
 1479695 611296  233.50128   81   53  267.96391   27.00000  89.9%  31.2  375s
 1500306 618764   43.33898   72   77  267.96391   27.00000  89.9%  31.2  382s
 1512804 625685  192.68314   75   40  267.96391   27.00000  89.9%  31.2  385s
 1540330 636656 infeasible   81       267.96391   27.00000  89.9%  31.3  390s
 1566756 646308  117.50244   68   42  267.96391   27.00000  89.9%  31.2  395s
 1587085 656757 infeasible   75       267.96391   27.00000  89.9%  31.2  400s
 1608156 663058   39.00000   93   76  267.96391   27.00000  89.9%  31.3  405s
 1628349 673176   47.66881   75   51  267.96391   27.00000  89.9%  31.3  410s
 1651500 682982   30.16731   72   82  267.96391   27.00000  89.9%  31.3  415s
 1666019 689832   66.50000   79   65  267.96391   27.00000  89.9%  31.3  420s
 1675668 693585   27.00000   62   78  267.96391   27.00000  89.9%  31.3  425s
 1688116 696178   88.00000   77   38  267.96391   27.00000  89.9%  31.3  430s
 1693724 700705  120.51340   86   63  267.96391   27.00000  89.9%  31.3  435s
 1723088 714049   42.00000   91   49  267.96391   27.00000  89.9%  31.2  440s
 1753829 726744   62.33333   89   65  267.96391   27.00000  89.9%  31.2  445s
 1774088 733826   42.33333   64   68  267.96391   27.00000  89.9%  31.2  451s
 1775024 746642   46.16667   75   77  267.96391   27.00000  89.9%  31.2  455s
 1807100 760114   27.66667   84   69  267.96391   27.00000  89.9%  31.2  463s
 1845128 765612   28.83333   85   58  267.96391   27.00000  89.9%  31.2  465s
 1870580 774846   65.83475   73   80  267.96391   27.00000  89.9%  31.1  470s
 1882767 780028  188.66667   62   41  267.96391   27.00000  89.9%  31.1  475s
 1889528 782686   30.83366   67   81  267.96391   27.00000  89.9%  31.1  480s
 1909629 789758   27.83333   67   77  267.96391   27.00000  89.9%  31.1  485s
 1925336 794733   47.66683   82   63  267.96391   27.00000  89.9%  31.2  491s
 1943242 803246   27.04404   68   80  267.96391   27.00000  89.9%  31.1  495s
 1960161 809655  105.66720   60   66  267.96391   27.00000  89.9%  31.1  501s
 1966078 824831  142.66799   86   58  267.96391   27.00000  89.9%  31.1  508s
 2004530 830810  155.50000   96   37  267.96391   27.00000  89.9%  31.2  510s
 2020596 833940 infeasible   80       267.96391   27.00000  89.9%  31.2  515s
 2024031 835518   35.83333   81   73  267.96391   27.00000  89.9%  31.2  521s
 2033884 841975  157.50000  133   14  267.96391   27.00000  89.9%  31.2  525s
 2059942 851733   43.50000   72   71  267.96391   27.00000  89.9%  31.2  530s
 2081696 857560  109.16667   82   65  267.96391   27.00000  89.9%  31.1  537s
 2090023 862794   27.00000   70   94  267.96391   27.00000  89.9%  31.1  540s
 2121531 871986   33.01954   60   65  267.96391   27.00000  89.9%  31.2  548s
 2121575 885492   37.16667   60   58  267.96391   27.00000  89.9%  31.2  553s
 2153607 888489 infeasible   88       267.96391   27.00000  89.9%  31.2  555s
 2180363 899038   27.66667   75   87  267.96391   27.00000  89.9%  31.2  560s
 2210183 910736  100.66667   74   69  267.96391   27.00000  89.9%  31.2  565s
 2236052 920627 infeasible   87       267.96391   27.00000  89.9%  31.2  570s
 2252047 926553   28.15626   61   82  267.96391   27.00000  89.9%  31.2  575s
 2276264 936429  105.83486   75   77  267.96391   27.00000  89.9%  31.2  580s
 2307463 948853   37.13820   68   69  267.96391   27.00000  89.9%  31.2  585s
 2315230 952079  149.83848   83   32  267.96391   27.00000  89.9%  31.2  590s
 2346193 961095   29.66667   74   81  267.96391   27.00000  89.9%  31.2  595s
 2362946 965766 infeasible   87       267.96391   27.00000  89.9%  31.2  600s

Cutting planes:
  Learned: 106
  Gomory: 7
  Cover: 66
  Implied bound: 65
  Clique: 10
  MIR: 154
  Flow cover: 471
  Zero half: 1
  Relax-and-lift: 128

Cleanup yields a better solution

Explored 2363019 nodes (73819411 simplex iterations) in 600.02 seconds
Thread count was 32 (of 64 available processors)

Solution count 10: 267.964 267.998 267.999 ... 269

Time limit reached
Best objective 2.672618115193e+02, best bound 2.700000000000e+01, gap 89.8975%
