
Gurobi 9.1.2 (linux64) logging started Wed Mar 30 08:30:52 2022

Changed value of parameter LogFile to eu_v-Milan.log
   Prev:   Default: 
Changed value of parameter MIPFocus to 1
   Prev: 0  Min: 0  Max: 3  Default: 0
Changed value of parameter TimeLimit to 600.0
   Prev: inf  Min: 0.0  Max: inf  Default: inf
Warning: variables 0 and 138 have the same name "X[Brussels,Amste...]"
Warning: linear constraint 174 and linear constraint 175 have the same name "weight-constr-t5"
Warning: to let Gurobi read it back, use rlp format
Gurobi Optimizer version 9.1.2 build v9.1.2rc0 (linux64)
Thread count: 32 physical cores, 64 logical processors, using up to 32 threads
Optimize a model with 993 rows, 828 columns and 2880 nonzeros
Model fingerprint: 0xaf47b9e6
Variable types: 168 continuous, 660 integer (660 binary)
Coefficient statistics:
  Matrix range     [1e+00, 1e+06]
  Objective range  [2e-01, 2e-01]
  Bounds range     [1e+00, 5e+05]
  RHS range        [1e+00, 1e+06]
Presolve removed 78 rows and 90 columns
Presolve time: 0.01s
Presolved: 915 rows, 738 columns, 4506 nonzeros
Variable types: 162 continuous, 576 integer (576 binary)

Root relaxation: objective 2.700000e+01, 113 iterations, 0.00 seconds

    Nodes    |    Current Node    |     Objective Bounds      |     Work
 Expl Unexpl |  Obj  Depth IntInf | Incumbent    BestBd   Gap | It/Node Time

     0     0   27.00000    0   44          -   27.00000      -     -    0s
H    0     0                    3451593.0000   27.00000   100%     -    0s
     0     0   27.00000    0   36 3451593.00   27.00000   100%     -    0s
H    0     0                     134.9027777   27.00000  80.0%     -    0s
H    0     0                     112.5000000   27.00000  76.0%     -    0s
H    0     0                     107.7777775   27.00000  74.9%     -    0s
H    0     2                     107.1111111   27.00000  74.8%     -    0s
     0     2   27.00000    0   22  107.11111   27.00000  74.8%     -    0s
H    7    16                     104.1666667   27.00000  74.1%  86.1    0s
H   36    64                     104.1666667   27.00000  74.1%  25.3    0s
H   40    64                     103.1666667   27.00000  73.8%  23.9    0s
H   62    64                      93.5000000   27.00000  71.1%  18.4    0s
H   76    96                      93.0000000   27.00000  71.0%  16.2    0s
H   78    96                      88.6666667   27.00000  69.5%  15.8    0s
H   95   128                      88.5000000   27.00000  69.5%  13.7    0s
H   97   128                      88.3333333   27.00000  69.4%  13.6    0s
H   98   128                      88.0000000   27.00000  69.3%  13.5    0s
H  101   128                      84.8333333   27.00000  68.2%  13.3    0s
H  102   128                      75.6666667   27.00000  64.3%  13.3    0s
H  127   160                      69.1666667   27.00000  61.0%  11.8    1s
H  147   160                      68.1666667   27.00000  60.4%  11.4    1s
H  159   192                      67.1666667   27.00000  59.8%  11.2    2s
H  160   192                      65.8333333   27.00000  59.0%  11.2    2s
H  187   192                      64.1666667   27.00000  57.9%  10.8    2s
H  197   224                      63.8333333   27.00000  57.7%  10.4    3s
H  199   224                      63.6666667   27.00000  57.6%  10.4    3s
H  201   224                      63.5000000   27.00000  57.5%  10.3    3s
H  686  1083                      63.3333333   27.00000  57.4%   7.8    4s
H  718  1083                      63.1666667   27.00000  57.3%   7.9    4s
H  814  1083                      62.3333333   27.00000  56.7%   7.9    4s
  1184  1978   50.00000   36   15   62.33333   27.00000  56.7%   7.5    5s
H 1250  1978                      62.1666667   27.00000  56.6%   7.5    5s
H 1331  1978                      61.6666667   27.00000  56.2%   7.5    5s
H 2281  2008                      61.5000000   27.00000  56.1%   7.3    5s
H 2291  2008                      61.5000000   27.00000  56.1%   7.3    5s
H 2360  2056                      61.5000000   27.00000  56.1%   7.3    6s
H 5992  4645                      59.8333333   27.00000  54.9%  12.4    8s
  6019  4664   27.00000   16  217   59.83333   27.00000  54.9%  14.3   10s
H 6025  4433                      59.6666667   27.00000  54.7%  14.6   10s
H 6124  4280                      59.6666665   27.00000  54.7%  17.5   12s
  6720  4597   27.00000   26  123   59.66667   27.00000  54.7%  26.6   17s
  8607  5461   27.33333   43  123   59.66667   27.00000  54.7%  39.8   20s
 11737  6325   30.14286   20   93   59.66667   27.00000  54.7%  48.5   26s
 12584  6965 infeasible   42        59.66667   27.00000  54.7%  49.5   30s
H13015  6615                      59.6666630   27.00000  54.7%  50.2   30s
H13110  6823                      59.6666629   27.00000  54.7%  50.5   31s
 15338  7291   27.08333   27  117   59.66666   27.00000  54.7%  55.1   35s
 18335  8749   31.08333   39  113   59.66666   27.00000  54.7%  56.9   41s
 21083 11279   42.41667   31   64   59.66666   27.00000  54.7%  58.3   47s
 22631 12984   51.34188   40   54   59.66666   27.00000  54.7%  58.3   52s
 24947 15338   30.98705   55  132   59.66666   27.00000  54.7%  60.6   57s
 28117 15477   37.12222   78   99   59.66666   27.00000  54.7%  60.7   60s
 30125 18153   44.88889   91   78   59.66666   27.00000  54.7%  60.7   66s
 32174 21877   27.16667   37  157   59.66666   27.00000  54.7%  61.7   70s
 41429 26517   27.41667   42  130   59.66666   27.00000  54.7%  63.4   78s
 44499 28677   27.00000   35  102   59.66666   27.00000  54.7%  63.9   82s
 47501 33064   40.61111   99   44   59.66666   27.00000  54.7%  64.7   85s
 57717 39724   44.66667   43   87   59.66666   27.00000  54.7%  65.3   93s
H60580 39724                      59.6666629   27.00000  54.7%  66.0   93s
 63009 40939   29.00000   43  132   59.66666   27.00000  54.7%  66.5   98s
 64658 53936   45.17240   32  113   59.66666   27.00000  54.7%  66.5  110s
 88183 58615   51.84194   53   72   59.66666   27.00000  54.7%  66.8  119s
H89608 58615                      59.6666617   27.00000  54.7%  66.8  119s
H89954 58615                      59.6666612   27.00000  54.7%  66.8  119s
 90581 58955   27.00000   40  134   59.66666   27.00000  54.7%  66.9  124s
 91044 64140   27.00000   41  128   59.66666   27.00000  54.7%  66.9  130s
 98754 69314   44.08363   46  130   59.66666   27.00000  54.7%  67.7  136s
 106282 72425   34.16667   48  121   59.66666   27.00000  54.7%  68.3  140s
 110565 75577     cutoff  107        59.66666   27.00000  54.7%  68.6  145s
 115637 80242   27.83333   40  112   59.66666   27.00000  54.7%  68.8  150s
 129034 89852   36.93750   44  150   59.66666   27.00000  54.7%  68.6  159s
 138061 92625   54.00000   42  135   59.66666   27.00000  54.7%  68.6  162s
 142826 95190   31.16667   45  114   59.66666   27.00000  54.7%  68.4  165s
 151648 101490   27.00000   38  160   59.66666   27.00000  54.7%  68.4  173s
 155884 104660   47.91667   58   93   59.66666   27.00000  54.7%  68.3  177s
 160273 108629   48.08333   62  100   59.66666   27.00000  54.7%  68.6  182s
 165696 112678   37.84632   47  142   59.66666   27.00000  54.7%  68.2  186s
 171017 117551   36.25042   48   92   59.66666   27.00000  54.7%  68.5  192s
 177389 121624   27.84412   49  159   59.66666   27.00000  54.7%  68.7  197s
 182742 125539   28.85417   58  123   59.66666   27.00000  54.7%  68.8  202s
 188981 129381   31.35923   36  102   59.66666   27.00000  54.7%  68.6  207s
 194849 133331   27.08333   62  126   59.66666   27.00000  54.7%  68.6  212s
 200531 138385   49.50000   67  106   59.66666   27.00000  54.7%  68.7  217s
H202832 138385                      59.6666580   27.00000  54.7%  68.7  217s
 208025 139756   27.16667   36  135   59.66666   27.00000  54.7%  68.5  222s
H208047 139756                      59.6666566   27.00000  54.7%  68.5  222s
H208588 139756                      59.6666560   27.00000  54.7%  68.5  222s
H209309 139756                      59.6666560   27.00000  54.7%  68.5  222s
 210262 139904   28.00000   40  113   59.66666   27.00000  54.7%  68.6  228s
H210274 139904                      59.6666553   27.00000  54.7%  68.6  228s
H210407 139904                      59.6666546   27.00000  54.7%  68.5  228s
 210461 143564   27.00000   40  125   59.66665   27.00000  54.7%  68.6  232s
 215157 148492   51.43028  103   44   59.66665   27.00000  54.7%  68.7  238s
 221100 151864   47.59518   95   61   59.66665   27.00000  54.7%  68.8  243s
 225714 156201   56.67248   60   87   59.66665   27.00000  54.7%  68.5  249s
 232208 160172   39.44094   41  149   59.66665   27.00000  54.7%  68.7  253s
 238196 161984   39.32315   66  109   59.66665   27.00000  54.7%  68.7  258s
 240666 165855   32.63725   66   88   59.66665   27.00000  54.7%  68.8  263s
 245386 169935   27.41667   50  160   59.66665   27.00000  54.7%  68.9  268s
 250474 174044   27.35260   59  111   59.66665   27.00000  54.7%  68.8  273s
 255962 178472   33.45139   79  105   59.66665   27.00000  54.7%  68.6  278s
 262459 181374   50.89437   68   74   59.66665   27.00000  54.7%  68.5  282s
 267304 185379 infeasible   62        59.66665   27.00000  54.7%  68.5  287s
 272886 188830   32.11111   48  107   59.66665   27.00000  54.7%  68.6  292s
 277687 191958   27.25758   30  144   59.66665   27.00000  54.7%  68.7  297s
 282256 196374   35.58333   87  102   59.66665   27.00000  54.7%  68.8  303s
 288500 199266   27.75000   53  117   59.66665   27.00000  54.7%  68.8  308s
 292421 206157   49.18009   64  138   59.66665   27.00000  54.7%  68.9  315s
 301569 209403   27.33333   66  135   59.66665   27.00000  54.7%  68.7  320s
 306460 213993   33.00000   37  101   59.66665   27.00000  54.7%  68.8  325s
 312202 219306   27.68398   49  150   59.66665   27.00000  54.7%  69.2  330s
 318236 222022   31.16667   93   83   59.66665   27.00000  54.7%  69.1  336s
 321978 227158   44.05556  132   41   59.66665   27.00000  54.7%  68.7  342s
 330512 232476   27.43056   45  123   59.66665   27.00000  54.7%  68.6  348s
 338136 236431   27.16667   50  136   59.66665   27.00000  54.7%  68.6  353s
 342931 241962   46.73758   84   77   59.66665   27.00000  54.7%  68.6  358s
 350813 246302   49.01431   56   96   59.66665   27.00000  54.7%  68.4  364s
 356233 250963   31.72917   71  106   59.66665   27.00000  54.7%  68.6  368s
 363610 254467     cutoff   82        59.66665   27.00000  54.7%  68.2  372s
 369234 258425   34.67517   71   67   59.66665   27.00000  54.7%  68.2  377s
 374426 262746   53.08249   71  105   59.66665   27.00000  54.7%  68.3  382s
 379920 267414   58.88001   68   81   59.66665   27.00000  54.7%  68.1  387s
 386255 270432   50.50000   73   70   59.66665   27.00000  54.7%  68.2  392s
 390242 275018   28.38902   70  113   59.66665   27.00000  54.7%  68.2  397s
 396662 278437   32.66667   89   82   59.66665   27.00000  54.7%  68.1  402s
 401433 283260   27.33333   56  117   59.66665   27.00000  54.7%  68.1  407s
 408746 286848   32.70833   53  159   59.66665   27.00000  54.7%  68.1  412s
 414101 292226   27.00000   29  127   59.66665   27.00000  54.7%  68.0  416s
 421443 294969   34.56358   35  119   59.66665   27.00000  54.7%  68.1  421s
 425263 298315   27.00000   60  130   59.66665   27.00000  54.7%  68.1  425s
 435184 304149   27.66667   37  180   59.66665   27.00000  54.7%  67.8  433s
 440476 307004   40.01671   68  136   59.66665   27.00000  54.7%  67.8  438s
 444743 311988   27.13889   68  114   59.66665   27.00000  54.7%  67.8  443s
 452068 314735   27.50000   65  138   59.66665   27.00000  54.7%  67.6  447s
 456049 318675   31.00000   78  104   59.66665   27.00000  54.7%  67.5  451s
 461954 321314   57.87183  119   60   59.66665   27.00000  54.7%  67.4  456s
 466168 325703   27.88761   50  145   59.66665   27.00000  54.7%  67.4  460s
 478003 334500   28.50197   66  121   59.66665   27.00000  54.7%  67.3  469s
 486335 337336   56.74763   62   68   59.66665   27.00000  54.7%  67.2  473s
 490896 340197   27.22431   75  155   59.66665   27.00000  54.7%  67.1  477s
 495071 342696   53.50000   72   41   59.66665   27.00000  54.7%  67.1  482s
 499126 346718   30.00000   61   76   59.66665   27.00000  54.7%  67.0  486s
 505595 349037   59.33047   73   74   59.66665   27.00000  54.7%  66.9  490s
 509278 351165   34.66667   46  103   59.66665   27.00000  54.7%  66.8  497s
 512654 357230   28.16667   37  148   59.66665   27.00000  54.7%  66.7  503s
 521552 361560   33.37607   69   77   59.66665   27.00000  54.7%  66.7  508s
 528219 365385   44.16667   61   59   59.66665   27.00000  54.7%  66.6  512s
 533741 370321   27.66667   63  123   59.66665   27.00000  54.7%  66.7  517s
 540371 374124   38.29167   54  103   59.66665   27.00000  54.7%  66.7  522s
 546121 378375   49.72222   62   78   59.66665   27.00000  54.7%  66.6  526s
 553620 381541   57.25000   79   86   59.66665   27.00000  54.7%  66.5  531s
 558698 384234   34.59084   56  109   59.66665   27.00000  54.7%  66.4  535s
 562678 387034   27.29924   55  118   59.66665   27.00000  54.7%  66.4  540s
 566467 392112     cutoff   80        59.66665   27.00000  54.7%  66.4  546s
 573526 396355   27.00000   40  109   59.66665   27.00000  54.7%  66.3  551s
 579101 401897   33.66667   91   80   59.66665   27.00000  54.7%  66.3  555s
 592327 409236   27.07333   75  126   59.66665   27.00000  54.7%  66.1  564s
 597760 412406   52.32153  103   68   59.66665   27.00000  54.7%  66.0  569s
 602771 416557   27.54167   57  130   59.66665   27.00000  54.7%  65.9  575s
 614849 423829   27.00000   44  110   59.66665   27.00000  54.7%  65.8  583s
 621458 426501   48.88889   58   58   59.66665   27.00000  54.7%  65.7  587s
 626008 429802   34.83333   64  118   59.66665   27.00000  54.7%  65.6  592s
 630430 430141   31.70557   56  121   59.66665   27.00000  54.7%  65.7  597s
 630848 434056   30.50634   58  130   59.66665   27.00000  54.7%  65.7  600s

Cutting planes:
  Learned: 141
  Gomory: 24
  Cover: 159
  Implied bound: 79
  Clique: 38
  MIR: 449
  Flow cover: 855
  GUB cover: 1
  Inf proof: 1
  RLT: 276
  Relax-and-lift: 218

Cleanup yields a better solution

Explored 636018 nodes (41712436 simplex iterations) in 600.05 seconds
Thread count was 32 (of 64 available processors)

Solution count 10: 59.6667 59.6667 59.6667 ... 62.3333

Time limit reached
Best objective 5.933333333332e+01, best bound 2.700000000000e+01, gap 54.4944%
