
Gurobi 9.1.2 (linux64) logging started Wed Mar 30 10:41:17 2022

Changed value of parameter LogFile to eu_v-Madrid.log
   Prev:   Default: 
Changed value of parameter MIPFocus to 1
   Prev: 0  Min: 0  Max: 3  Default: 0
Changed value of parameter TimeLimit to 600.0
   Prev: inf  Min: 0.0  Max: inf  Default: inf
Warning: variables 0 and 138 have the same name "X[Brussels,Amste...]"
Warning: linear constraint 174 and linear constraint 175 have the same name "weight-constr-t5"
Warning: to let Gurobi read it back, use rlp format
Gurobi Optimizer version 9.1.2 build v9.1.2rc0 (linux64)
Thread count: 32 physical cores, 64 logical processors, using up to 32 threads
Optimize a model with 1005 rows, 828 columns and 2910 nonzeros
Model fingerprint: 0x6aa3cc0a
Variable types: 168 continuous, 660 integer (660 binary)
Coefficient statistics:
  Matrix range     [1e+00, 1e+06]
  Objective range  [2e-01, 2e-01]
  Bounds range     [1e+00, 5e+05]
  RHS range        [1e+00, 1e+06]
Presolve removed 42 rows and 48 columns
Presolve time: 0.01s
Presolved: 963 rows, 780 columns, 4902 nonzeros
Variable types: 162 continuous, 618 integer (618 binary)

Root relaxation: objective 2.700000e+01, 114 iterations, 0.00 seconds

    Nodes    |    Current Node    |     Objective Bounds      |     Work
 Expl Unexpl |  Obj  Depth IntInf | Incumbent    BestBd   Gap | It/Node Time

     0     0   27.00000    0   45          -   27.00000      -     -    0s
     0     0   27.00000    0   42          -   27.00000      -     -    0s
     0     0   27.00000    0   44          -   27.00000      -     -    0s
     0     0   27.00000    0   28          -   27.00000      -     -    0s
     0     0   27.00000    0   28          -   27.00000      -     -    0s
     0     0   27.00000    0   30          -   27.00000      -     -    0s
     0     0   27.00000    0   32          -   27.00000      -     -    0s
H    0     0                    1595372.3333   27.00000   100%     -    0s
     0     0   27.00000    0   29 1595372.33   27.00000   100%     -    0s
H    0     0                    4122.8333325   27.00000  99.3%     -    0s
H    0     0                    4122.8333319   27.00000  99.3%     -    0s
H    0     0                    4122.6666652   27.00000  99.3%     -    0s
H    0     2                    4122.4999986   27.00000  99.3%     -    0s
     0     2   27.00000    0   23 4122.50000   27.00000  99.3%     -    0s
H    5     8                    2076.5000000   27.00000  98.7%  76.4    0s
H    7    16                    2076.4999996   27.00000  98.7%  57.6    0s
H   31    60                    1054.3333331   27.00000  97.4%  19.5    0s
H   38    60                     543.3333333   27.00000  95.0%  16.9    0s
H   93   124                     370.3333333   27.00000  92.7%  11.0    0s
H   96   124                     291.6666667   27.00000  90.7%  10.8    0s
H   99   124                     288.1666667   27.00000  90.6%  10.6    0s
H  120   124                     287.1666667   27.00000  90.6%  10.2    0s
H  157   188                     285.1666667   27.00000  90.5%   9.1    1s
H  161   188                     285.0000000   27.00000  90.5%   9.1    1s
H  226   254                     285.0000000   27.00000  90.5%   8.3    2s
H 1106  1062                     284.9999998   27.00000  90.5%   7.5    4s
  1111  1842   31.00000   38   22  285.00000   27.00000  90.5%   7.5    5s
H 1344  1842                     284.9999998   27.00000  90.5%   7.1    5s
H 6379  5612                     284.9999995   27.00000  90.5%   6.1    7s
H 6601  5333                     284.9999994   27.00000  90.5%   6.0    7s
H 6663  5112                     284.9999994   27.00000  90.5%   7.8    8s
  7427  5971 infeasible   44       285.00000   27.00000  90.5%  10.9   10s
H 9118  6147                     277.0000000   27.00000  90.3%  15.2   12s
H 9173  6762                     276.1666667   27.00000  90.2%  15.6   12s
H 9306  6487                     275.8333333   27.00000  90.2%  15.8   12s
H 9381  6245                     275.6666667   27.00000  90.2%  16.1   12s
H10068  5802                     274.0000000   27.00000  90.1%  17.3   12s
H10370  5699                     273.8333333   27.00000  90.1%  17.9   13s
H10410  5499                     272.8333333   27.00000  90.1%  17.9   13s
H10514  5287                     272.6666667   27.00000  90.1%  18.0   13s
 18105  8030  161.33603   83   45  272.66667   27.00000  90.1%  23.2   15s
H22038  9810                     272.6666637   27.00000  90.1%  24.6   19s
H22555 11161                     272.6662868   27.00000  90.1%  24.8   19s
H23930 11161                     271.3333333   27.00000  90.0%  25.3   19s
H24701 12176                     271.1666667   27.00000  90.0%  25.5   19s
H25450 12175                     270.5000000   27.00000  90.0%  25.6   19s
 26234 13169 infeasible   67       270.50000   27.00000  90.0%  25.8   20s
 38952 18357   79.66667   84   76  270.50000   27.00000  90.0%  28.1   25s
H38956 18357                     270.4999969   27.00000  90.0%  28.1   25s
H38994 18786                     270.4999968   27.00000  90.0%  28.1   26s
H39079 18786                     270.4999967   27.00000  90.0%  28.2   26s
H39235 18786                     270.4999966   27.00000  90.0%  28.2   26s
H39531 18786                     270.4999891   27.00000  90.0%  28.3   26s
H39700 20608                     270.4999890   27.00000  90.0%  28.3   27s
H39785 20608                     270.4999889   27.00000  90.0%  28.3   27s
H42402 20608                     270.4999889   27.00000  90.0%  28.9   27s
H47528 23999                     270.4999889   27.00000  90.0%  29.5   28s
 55506 29140   28.66763   75   79  270.49999   27.00000  90.0%  29.7   30s
 79400 39887   27.33333   64   76  270.49999   27.00000  90.0%  30.3   35s
 90471 58628  225.66667  109   44  270.49999   27.00000  90.0%  30.8   43s
 122503 63321  206.33500   99   39  270.49999   27.00000  90.0%  31.8   45s
H130602 63337                     270.4999888   27.00000  90.0%  32.4   46s
H130633 63439                     270.4999888   27.00000  90.0%  32.4   47s
 148335 73429     cutoff  100       270.49999   27.00000  90.0%  32.8   50s
H164956 80192                     270.4999887   27.00000  90.0%  33.1   52s
H165837 80216                     270.4999886   27.00000  90.0%  33.2   53s
H168272 82373                     270.4999886   27.00000  90.0%  33.2   54s
 169571 84755  190.86438   88   45  270.49999   27.00000  90.0%  33.2   55s
 184669 91012  208.50032   83   64  270.49999   27.00000  90.0%  33.3   60s
H196101 97292                     270.4999884   27.00000  90.0%  33.6   63s
H200403 100039                     270.4999883   27.00000  90.0%  33.7   64s
H202556 100039                     270.4999790   27.00000  90.0%  33.7   64s
H205318 103012                     270.4999789   27.00000  90.0%  33.8   65s
H205488 103012                     270.4999788   27.00000  90.0%  33.8   65s
H207618 103012                     270.4999788   27.00000  90.0%  33.8   65s
H210176 103012                     270.4999787   27.00000  90.0%  33.7   65s
H211300 106067                     270.4999786   27.00000  90.0%  33.7   66s
H219568 109297                     270.4999786   27.00000  90.0%  33.7   67s
 234090 116964  233.83339   97   40  270.49998   27.00000  90.0%  33.9   70s
H250202 120951                     270.4999785   27.00000  90.0%  33.9   72s
 261753 127279   67.16742   72   82  270.49998   27.00000  90.0%  34.0   75s
H274449 133546                     270.4999626   27.00000  90.0%  34.2   77s
H276058 136517                     270.4998979   27.00000  90.0%  34.2   78s
H277726 136517                     270.4997363   27.00000  90.0%  34.2   78s
 280882 136534  120.16667   84   50  270.49974   27.00000  90.0%  34.2   81s
H280883 136534                     270.4990036   27.00000  90.0%  34.2   81s
 280929 151113  120.16667   85   44  270.49900   27.00000  90.0%  34.2   86s
H309028 151113                     270.4981418   27.00000  90.0%  34.3   86s
 326199 159539     cutoff   88       270.49814   27.00000  90.0%  34.4   90s
 355267 170986 infeasible   84       270.49814   27.00000  90.0%  34.4   95s
H374775 180559                     269.8333333   27.00000  90.0%  34.5   98s
H377962 180579                     269.6666667   27.00000  90.0%  34.6  102s
H377965 180573                     269.5000000   27.00000  90.0%  34.6  102s
 378003 195328 infeasible   86       269.50000   27.00000  90.0%  34.6  107s
 421675 202795 infeasible   82       269.50000   27.00000  90.0%  34.9  110s
H424953 202795                     269.4999998   27.00000  90.0%  35.0  110s
H426213 204675                     269.4999998   27.00000  90.0%  35.0  110s
 447022 212500     cutoff   80       269.50000   27.00000  90.0%  35.1  115s
H452105 214638                     269.4999996   27.00000  90.0%  35.1  117s
 462947 220516   28.33738   74   66  269.50000   27.00000  90.0%  35.0  120s
 490187 231101  147.66667   98   37  269.50000   27.00000  90.0%  35.1  126s
 494992 233615 infeasible  110       269.50000   27.00000  90.0%  35.1  130s
 516780 246287   63.16817   79   45  269.50000   27.00000  90.0%  35.1  135s
H522914 246311                     269.4999995   27.00000  90.0%  35.1  139s
 522942 248426  168.31973   87   40  269.50000   27.00000  90.0%  35.1  140s
H524422 248426                     269.4999995   27.00000  90.0%  35.1  140s
 544921 259568   46.33333   74   68  269.50000   27.00000  90.0%  35.2  145s
 555753 265861  127.33333   91   46  269.50000   27.00000  90.0%  35.2  150s
 582511 277679   88.83333   83   38  269.50000   27.00000  90.0%  35.2  155s
H583722 277679                     269.4999993   27.00000  90.0%  35.2  155s
H591384 281748                     269.4999993   27.00000  90.0%  35.1  157s
 608083 290471 infeasible   64       269.50000   27.00000  90.0%  35.0  160s
H621818 295046                     269.4999992   27.00000  90.0%  35.0  162s
 631368 303789   80.88841   89   55  269.50000   27.00000  90.0%  34.9  165s
 657126 313807 infeasible   92       269.50000   27.00000  90.0%  34.8  170s
 674822 320385   94.16667  106   38  269.50000   27.00000  90.0%  34.7  175s
 688837 328006   28.00016   76   77  269.50000   27.00000  90.0%  34.6  180s
 716152 339152   90.84440   75   63  269.50000   27.00000  90.0%  34.5  186s
 726012 346952  116.66667   69   54  269.50000   27.00000  90.0%  34.5  190s
 754851 360428   29.16667   72   70  269.50000   27.00000  90.0%  34.4  195s
 780622 370262   31.00000   71   64  269.50000   27.00000  90.0%  34.4  200s
H798889 378330                     269.4999992   27.00000  90.0%  34.4  203s
H802456 380275                     269.4999986   27.00000  90.0%  34.4  203s
H802945 380275                     269.4999981   27.00000  90.0%  34.4  204s
H804373 380275                     269.4999977   27.00000  90.0%  34.4  204s
H805006 380275                     269.4999976   27.00000  90.0%  34.4  204s
H806079 380275                     269.4999971   27.00000  90.0%  34.4  204s
 806290 381803  201.83344   81   46  269.50000   27.00000  90.0%  34.4  205s
H806300 381803                     269.4999969   27.00000  90.0%  34.4  205s
H806934 381803                     269.4999969   27.00000  90.0%  34.4  205s
H808312 381803                     269.4999968   27.00000  90.0%  34.4  205s
H809426 381803                     269.4999953   27.00000  90.0%  34.4  205s
H809720 383926                     269.4999951   27.00000  90.0%  34.4  206s
H810181 383926                     269.4999951   27.00000  90.0%  34.4  206s
H815000 386213                     269.4999946   27.00000  90.0%  34.3  207s
H815101 386213                     269.4999941   27.00000  90.0%  34.3  207s
H816616 386213                     269.4999941   27.00000  90.0%  34.4  207s
H820088 386213                     269.4999940   27.00000  90.0%  34.4  207s
H820792 388729                     269.4999940   27.00000  90.0%  34.4  208s
 830522 391206   27.66667   64   75  269.49999   27.00000  90.0%  34.3  214s
H830550 391206                     269.4999939   27.00000  90.0%  34.3  214s
 830571 394773   27.66667   65   74  269.49999   27.00000  90.0%  34.3  215s
H836659 394773                     269.4999939   27.00000  90.0%  34.3  215s
 855491 405688   49.17153   86   64  269.49999   27.00000  90.0%  34.3  220s
 866322 409897  268.00172   79   39  269.49999   27.00000  90.0%  34.4  225s
 883277 415175  152.33344  100   28  269.49999   27.00000  90.0%  34.3  230s
 904644 428830   28.50000   77   64  269.49999   27.00000  90.0%  34.3  235s
 918931 447091   35.50000   74   57  269.49999   27.00000  90.0%  34.3  244s
 950963 451199   27.00000   59   85  269.49999   27.00000  90.0%  34.3  245s
 972602 458915   35.01899   74   67  269.49999   27.00000  90.0%  34.3  251s
 989614 469915   28.00000   70   62  269.49999   27.00000  90.0%  34.3  255s
 1015637 480211  196.00144   78   50  269.49999   27.00000  90.0%  34.3  262s
 1015709 495529 infeasible   79       269.49999   27.00000  90.0%  34.3  266s
 1063883 505082 infeasible   82       269.49999   27.00000  90.0%  34.4  270s
 1088396 514419  220.00000   78   47  269.49999   27.00000  90.0%  34.3  275s
 1109051 527096   29.66667   72   62  269.49999   27.00000  90.0%  34.3  280s
 1130008 534411  197.11449   90   43  269.49999   27.00000  90.0%  34.3  285s
H1134126 537240                     269.4998975   27.00000  90.0%  34.3  286s
H1138400 540819                     269.4998824   27.00000  90.0%  34.3  287s
H1138758 540818                     269.4994749   27.00000  90.0%  34.3  287s
H1145176 543049                     269.4989315   27.00000  90.0%  34.3  288s
 1160263 551278  210.50000  104   43  269.49893   27.00000  90.0%  34.3  290s
 1179851 558582  122.50000   87   36  269.49893   27.00000  90.0%  34.3  295s
 1190262 563663   31.50214   85   61  269.49893   27.00000  90.0%  34.3  302s
 1199280 570601   28.66667   74   84  269.49893   27.00000  90.0%  34.3  305s
 1230109 585593 infeasible   79       269.49893   27.00000  90.0%  34.3  310s
 1253583 594528  160.84136  113   26  269.49893   27.00000  90.0%  34.3  315s
 1285352 606730   36.16668  102   59  269.49893   27.00000  90.0%  34.3  320s
 1306631 619601   78.00032   94   40  269.49893   27.00000  90.0%  34.3  325s
H1318631 623481                     269.4989315   27.00000  90.0%  34.3  326s
 1337426 634079   29.00000   79   61  269.49893   27.00000  90.0%  34.4  330s
 1362813 645969     cutoff   80       269.49893   27.00000  90.0%  34.4  335s
 1390161 658559   86.00110   96   52  269.49893   27.00000  90.0%  34.4  340s
 1417376 672786     cutoff   90       269.49893   27.00000  90.0%  34.4  346s
 1434777 677423     cutoff   99       269.49893   27.00000  90.0%  34.4  350s
 1460780 690882   34.08333   86   58  269.49893   27.00000  90.0%  34.3  355s
 1473697 696303  194.97000   87   73  269.49893   27.00000  90.0%  34.3  363s
 1481249 702109   37.66838   76   46  269.49893   27.00000  90.0%  34.3  366s
 1507946 714439  175.48554   91   47  269.49893   27.00000  90.0%  34.3  370s
 1536800 726620   45.52778   70   71  269.49893   27.00000  90.0%  34.3  375s
 1570507 739658 infeasible   97       269.49893   27.00000  90.0%  34.3  381s
 1587772 747281   27.16667   67   76  269.49893   27.00000  90.0%  34.3  388s
 1591684 750554 infeasible   84       269.49893   27.00000  90.0%  34.3  390s
 1606817 759654  257.00043   72   60  269.49893   27.00000  90.0%  34.3  396s
 1626913 771053   27.33376   68   72  269.49893   27.00000  90.0%  34.3  400s
 1639042 773235     cutoff  101       269.49893   27.00000  90.0%  34.3  405s
 1654554 782755   37.83333   76   54  269.49893   27.00000  90.0%  34.3  410s
 1682477 793582  254.16811   97   35  269.49893   27.00000  90.0%  34.3  415s
 1698612 800534   64.50000   77   49  269.49893   27.00000  90.0%  34.3  421s
 1712043 809031  260.18050   86   32  269.49893   27.00000  90.0%  34.3  425s
 1737742 836766   69.72255   83   69  269.49893   27.00000  90.0%  34.3  437s
 1782345 844831   43.66667   70   52  269.49893   27.00000  90.0%  34.2  440s
 1797254 851726  234.95366   86   31  269.49893   27.00000  90.0%  34.2  445s
 1826546 866736  216.33333  108   42  269.49893   27.00000  90.0%  34.2  450s
 1854322 878450  176.35781   88   53  269.49893   27.00000  90.0%  34.2  455s
 1869127 885190   38.00005   75   74  269.49893   27.00000  90.0%  34.2  461s
 1884908 895127 infeasible   66       269.49893   27.00000  90.0%  34.2  465s
 1913016 908225   27.50129   68   85  269.49893   27.00000  90.0%  34.1  470s
 1942885 921683   27.66672   81   62  269.49893   27.00000  90.0%  34.1  475s
 1968195 932901     cutoff   92       269.49893   27.00000  90.0%  34.1  480s
 1986882 938368   27.00000   58   65  269.49893   27.00000  90.0%  34.1  486s
 1986926 953224   27.00000   59   63  269.49893   27.00000  90.0%  34.1  490s
 2019174 968658   28.50000   75   79  269.49893   27.00000  90.0%  34.1  496s
 2066794 977561 infeasible  106       269.49893   27.00000  90.0%  34.2  500s
 2080197 983703   85.16667   79   40  269.49893   27.00000  90.0%  34.2  506s
 2103280 993857     cutoff   98       269.49893   27.00000  90.0%  34.3  510s
 2126285 1003243   27.00000   72   87  269.49893   27.00000  90.0%  34.3  515s
 2147604 1013542  230.33462   83   60  269.49893   27.00000  90.0%  34.3  520s
 2162067 1017881  118.44482  108   36  269.49893   27.00000  90.0%  34.3  525s
 2183857 1029204  240.05445   80   28  269.49893   27.00000  90.0%  34.3  530s
 2196889 1038884  141.45872   79   66  269.49893   27.00000  90.0%  34.3  535s
 2223688 1052355   30.50000   68   67  269.49893   27.00000  90.0%  34.4  540s
 2252101 1067886  137.50000   83   29  269.49893   27.00000  90.0%  34.3  545s
 2275523 1075797   44.50000   90   60  269.49893   27.00000  90.0%  34.3  550s
 2293887 1082640 infeasible   83       269.49893   27.00000  90.0%  34.3  556s
 2299379 1100224   27.00000   66   72  269.49893   27.00000  90.0%  34.3  563s
 2331411 1103688 infeasible  108       269.49893   27.00000  90.0%  34.3  565s
 2348371 1109501   27.00403   64   71  269.49893   27.00000  90.0%  34.3  570s
 2369692 1119377     cutoff   84       269.49893   27.00000  90.0%  34.3  576s
 2391578 1130017   27.00000   65   60  269.49893   27.00000  90.0%  34.3  580s
 2417563 1142757   74.83333   96   65  269.49893   27.00000  90.0%  34.3  585s
 2446304 1156623  251.08550  123   34  269.49893   27.00000  90.0%  34.3  590s
 2461861 1175793  239.66667  105   21  269.49893   27.00000  90.0%  34.4  599s
 2493893 1176758   28.16806   84   64  269.49893   27.00000  90.0%  34.4  600s

Cutting planes:
  Learned: 106
  Gomory: 5
  Cover: 84
  Implied bound: 76
  Clique: 6
  MIR: 300
  StrongCG: 1
  Flow cover: 671
  GUB cover: 6
  RLT: 1
  Relax-and-lift: 178

Cleanup yields a better solution

Explored 2496338 nodes (85871660 simplex iterations) in 600.04 seconds
Thread count was 32 (of 64 available processors)

Solution count 10: 269.499 269.5 269.5 ... 269.5

Time limit reached
Best objective 2.693485631053e+02, best bound 2.700000000000e+01, gap 89.9758%
