
Gurobi 9.1.2 (linux64) logging started Wed Mar 30 13:11:49 2022

Changed value of parameter LogFile to france_v-N02.log
   Prev:   Default: 
Changed value of parameter MIPFocus to 1
   Prev: 0  Min: 0  Max: 3  Default: 0
Changed value of parameter TimeLimit to 600.0
   Prev: inf  Min: 0.0  Max: inf  Default: inf
Warning: variables 0 and 140 have the same name "X[N02,N01]"
Warning: linear constraint 156 and linear constraint 157 have the same name "weight-constr-t5"
Warning: to let Gurobi read it back, use rlp format
Gurobi Optimizer version 9.1.2 build v9.1.2rc0 (linux64)
Thread count: 32 physical cores, 64 logical processors, using up to 32 threads
Optimize a model with 996 rows, 840 columns and 2994 nonzeros
Model fingerprint: 0x1fa706fb
Variable types: 150 continuous, 690 integer (690 binary)
Coefficient statistics:
  Matrix range     [1e+00, 1e+06]
  Objective range  [2e-01, 2e-01]
  Bounds range     [1e+00, 5e+05]
  RHS range        [1e+00, 1e+06]
Presolve removed 66 rows and 72 columns
Presolve time: 0.02s
Presolved: 930 rows, 768 columns, 3665 nonzeros
Variable types: 138 continuous, 630 integer (624 binary)

Root relaxation: objective 2.400000e+01, 102 iterations, 0.00 seconds

    Nodes    |    Current Node    |     Objective Bounds      |     Work
 Expl Unexpl |  Obj  Depth IntInf | Incumbent    BestBd   Gap | It/Node Time

     0     0   24.00000    0   31          -   24.00000      -     -    0s
H    0     0                      53.6666667   24.00000  55.3%     -    0s
H    0     0                      45.1666667   24.00000  46.9%     -    0s
     0     0   24.00000    0   48   45.16667   24.00000  46.9%     -    0s
H    0     0                      45.0000000   24.00000  46.7%     -    0s
     0     0   24.00000    0   52   45.00000   24.00000  46.7%     -    0s
H    0     0                      44.8333333   24.00000  46.5%     -    0s
H    0     0                      41.6666667   24.00000  42.4%     -    0s
     0     0   24.00000    0   19   41.66667   24.00000  42.4%     -    0s
H    0     0                      41.5000000   24.00000  42.2%     -    0s
     0     0   24.00000    0   21   41.50000   24.00000  42.2%     -    0s
H    0     0                      41.5000000   24.00000  42.2%     -    0s
H    0     0                      41.3333333   24.00000  41.9%     -    0s
     0     0   24.00000    0   29   41.33333   24.00000  41.9%     -    0s
     0     0   24.00000    0   33   41.33333   24.00000  41.9%     -    0s
     0     0   24.00000    0   33   41.33333   24.00000  41.9%     -    0s
     0     0   24.00000    0   31   41.33333   24.00000  41.9%     -    0s
     0     0   24.00000    0   29   41.33333   24.00000  41.9%     -    0s
     0     2   24.00000    0   20   41.33333   24.00000  41.9%     -    0s
H   31    60                      40.8333333   24.00000  41.2%  22.2    0s
H   46    60                      40.6666667   24.00000  41.0%  17.6    0s
H   95   124                      40.5000000   24.00000  40.7%  14.8    1s
H  113   124                      40.2307085   24.00000  40.3%  12.9    1s
H  160   174                      40.0000000   24.00000  40.0%  10.2    2s
H  170   174                      39.1666667   24.00000  38.7%   9.9    2s
H  183   174                      38.8333333   24.00000  38.2%   9.4    2s
H  189   174                      38.6666667   24.00000  37.9%   9.2    2s
H  292   478                      38.5000000   24.00000  37.7%   7.3    2s
H  368   478                      38.1666667   24.00000  37.1%   6.5    2s
H  550   703                      38.0000000   24.00000  36.8%   5.4    3s
H  608   703                      37.8333333   24.00000  36.6%   5.4    3s
H  734   732                      37.8333333   24.00000  36.6%   5.5    4s
H  735   732                      37.6666667   24.00000  36.3%   5.5    4s
H  750   732                      37.3333333   24.00000  35.7%   5.5    4s
H  768   801                      37.1666667   24.00000  35.4%   5.4    5s
H  770   801                      37.0000000   24.00000  35.1%   5.4    5s
H  849   801                      36.9999999   24.00000  35.1%   5.4    5s
H  900  2828                      36.9999999   24.00000  35.1%   5.3    5s
H 1128  2828                      36.9999998   24.00000  35.1%   5.3    5s
H 7363  8855                      36.9999996   24.00000  35.1%   5.4    6s
H10893  8466                      36.9999979   24.00000  35.1%   7.2    7s
H10960  8085                      36.9999978   24.00000  35.1%   7.5    7s
H11155  7804                      36.8333333   24.00000  34.8%   7.7    8s
H11164  7947                      36.6666667   24.00000  34.5%   7.7    8s
H11182  7579                      36.5000000   24.00000  34.2%   7.8    8s
H15922  8629                      36.5000000   24.00000  34.2%  14.5    9s
 16111 10364 infeasible   36        36.50000   24.00000  34.2%  14.9   10s
 23658 12130 infeasible   73        36.50000   24.00000  34.2%  20.9   15s
 28947 10982 infeasible   66        36.50000   24.00000  34.2%  22.6   21s
H28953 10654                      36.4999999   24.00000  34.2%  22.6   21s
H28959 10508                      36.4999998   24.00000  34.2%  22.6   21s
H30262 15991                      36.4999996   24.00000  34.2%  22.9   23s
 41817 18647   35.16667   74   75   36.50000   24.00000  34.2%  26.6   25s
 76822 31438   33.88837  102   73   36.50000   24.00000  34.2%  27.6   34s
 82287 33631   35.33333  114   38   36.50000   24.00000  34.2%  27.5   35s
H87228 37067                      36.4999983   24.00000  34.2%  27.5   36s
H96082 42857                      36.4999976   24.00000  34.2%  27.6   38s
H103501 42857                      36.4999975   24.00000  34.2%  27.6   38s
H108362 43766                      36.4999973   24.00000  34.2%  27.6   38s
 116028 47776 infeasible  101        36.50000   24.00000  34.2%  27.8   40s
 155142 59946   35.83333  112   48   36.50000   24.00000  34.2%  28.6   48s
 155192 71956 infeasible  113        36.50000   24.00000  34.2%  28.6   52s
 187427 83026 infeasible  104        36.50000   24.00000  34.2%  28.6   56s
 235127 88488   27.03252  110   60   36.50000   24.00000  34.2%  28.5   62s
 249068 95864   28.37302   90   63   36.50000   24.00000  34.2%  28.3   65s
 264316 100289   35.83333  108   48   36.50000   24.00000  34.2%  28.3   70s
 300692 110075   24.00000   44  107   36.50000   24.00000  34.2%  28.6   78s
 309500 117629     cutoff  115        36.50000   24.00000  34.2%  28.7   80s
 340493 132779 infeasible   59        36.50000   24.00000  34.2%  29.3   85s
 350719 136150   27.25362   77   47   36.50000   24.00000  34.2%  29.3   90s
 363597 139015   31.86841   50   74   36.50000   24.00000  34.2%  29.4   96s
 370897 142379   26.75214   90   68   36.50000   24.00000  34.2%  29.4  101s
 370966 157063   26.37302   92   65   36.50000   24.00000  34.2%  29.4  105s
 436944 175724 infeasible   86        36.50000   24.00000  34.2%  29.4  110s
 484407 191756   30.83333   71   69   36.50000   24.00000  34.2%  29.5  121s
 501577 202645   34.58333   84   56   36.50000   24.00000  34.2%  29.6  125s
 538892 213960   31.52420  100   85   36.50000   24.00000  34.2%  29.9  132s
 544892 216693   35.17460   97   60   36.50000   24.00000  34.2%  29.9  137s
 562283 228731   26.66893   81   59   36.50000   24.00000  34.2%  29.9  140s
 610409 249272   26.25322  105   73   36.50000   24.00000  34.2%  29.7  145s
 616754 251500   35.00000   98   55   36.50000   24.00000  34.2%  29.7  150s
 635817 257100   28.66667  106   55   36.50000   24.00000  34.2%  29.6  155s
 653958 268280   30.37822   64   77   36.50000   24.00000  34.2%  29.7  160s
 689278 285560   31.13889   82   50   36.50000   24.00000  34.2%  30.0  166s
 701047 286425     cutoff   96        36.50000   24.00000  34.2%  30.0  171s
 729317 300768 infeasible   67        36.50000   24.00000  34.2%  30.1  175s
 766596 318346   33.00000   88   61   36.50000   24.00000  34.2%  30.3  180s
 775704 322589   32.70635   58   74   36.50000   24.00000  34.2%  30.3  185s
 781212 322613   32.33333   83   63   36.50000   24.00000  34.2%  30.3  190s
 820873 343919   30.00000   85   62   36.50000   24.00000  34.2%  30.6  195s
 857852 357917   24.33333   70   69   36.50000   24.00000  34.2%  30.8  204s
 857951 360039   24.33333   71   69   36.50000   24.00000  34.2%  30.8  205s
 893907 373624   24.00000   78   75   36.50000   24.00000  34.2%  31.0  213s
 898912 375881   28.75000   89   59   36.50000   24.00000  34.2%  31.0  218s
 903296 380061   32.38580   78   71   36.50000   24.00000  34.2%  31.0  220s
 913487 382155   25.69250   76   93   36.50000   24.00000  34.2%  31.0  227s
 928368 391817   36.16667   73   59   36.50000   24.00000  34.2%  31.0  230s
 935562 391838   28.00000   55   65   36.50000   24.00000  34.2%  31.0  236s
 937012 392567   35.33333   91   41   36.50000   24.00000  34.2%  31.0  242s
 951868 400800   32.34538   55   75   36.50000   24.00000  34.2%  31.0  245s
 976612 409091   34.34412   88   61   36.50000   24.00000  34.2%  31.2  252s
 976647 422498     cutoff   89        36.50000   24.00000  34.2%  31.2  257s
 1017560 428799 infeasible   94        36.50000   24.00000  34.2%  31.2  260s
 1041998 442096   33.16667   75   51   36.50000   24.00000  34.2%  31.3  265s
 1074574 456330   24.00000   53   63   36.50000   24.00000  34.2%  31.4  270s
 1116655 473961   35.28659   82   44   36.50000   24.00000  34.2%  31.5  275s
 1152050 489846   27.23611   67   72   36.50000   24.00000  34.2%  31.7  280s
 1189562 505361   26.95539   57   95   36.50000   24.00000  34.2%  31.8  285s
 1219287 517415   34.50000   94   66   36.50000   24.00000  34.2%  31.9  290s
 1233462 521316   24.16667   68   64   36.50000   24.00000  34.2%  31.9  296s
 1233507 535121   24.16667   69   65   36.50000   24.00000  34.2%  31.9  300s
 1291123 548873   30.83333   84   52   36.50000   24.00000  34.2%  32.1  305s
 1330544 565845 infeasible   75        36.50000   24.00000  34.2%  32.1  310s
 1343396 570422   31.00000   75   61   36.50000   24.00000  34.2%  32.2  315s
 1378307 583430   31.33333   86   53   36.50000   24.00000  34.2%  32.3  324s
 1378352 585348   30.88095   86   65   36.50000   24.00000  34.2%  32.3  325s
 1389092 587975     cutoff   90        36.50000   24.00000  34.2%  32.3  331s
 1407922 595251   32.16824   76   90   36.50000   24.00000  34.2%  32.3  338s
 1413321 598949   32.00000   99   55   36.50000   24.00000  34.2%  32.4  340s
 1434292 607185   24.00000   73   96   36.50000   24.00000  34.2%  32.4  348s
 1439738 611546   35.50000   99   64   36.50000   24.00000  34.2%  32.4  350s
 1473996 624149   33.25270   94   73   36.50000   24.00000  34.2%  32.5  355s
 1507823 639170   25.66667   76   75   36.50000   24.00000  34.2%  32.6  360s
 1522317 642138   27.16667   75   81   36.50000   24.00000  34.2%  32.6  365s
 1554386 653984   31.22976   83   57   36.50000   24.00000  34.2%  32.7  370s
 1593540 671511 infeasible   91        36.50000   24.00000  34.2%  32.7  375s
 1624737 684193   34.72222   89   67   36.50000   24.00000  34.2%  32.8  380s
 1661571 698371   31.67731  103   69   36.50000   24.00000  34.2%  32.9  385s
 1697858 713456   24.50000   96   83   36.50000   24.00000  34.2%  32.9  390s
 1712824 728656     cutoff  111        36.50000   24.00000  34.2%  33.0  398s
 1751502 733723 infeasible  100        36.50000   24.00000  34.2%  33.0  400s
 1788890 746369 infeasible   75        36.50000   24.00000  34.2%  33.1  405s
 1820161 759267   24.33333   94   55   36.50000   24.00000  34.2%  33.1  410s
 1842362 766482 infeasible   94        36.50000   24.00000  34.2%  33.2  416s
 1842419 780561 infeasible   94        36.50000   24.00000  34.2%  33.2  420s
 1894911 791678   24.16667   61  109   36.50000   24.00000  34.2%  33.5  425s
 1901104 793834   24.00000   68  100   36.50000   24.00000  34.2%  33.5  430s
 1929931 808577   24.00000   49  107   36.50000   24.00000  34.2%  33.6  435s
 1959920 823887   26.16667   91   93   36.50000   24.00000  34.2%  33.9  440s
 1985077 832711   24.33333   66  116   36.50000   24.00000  34.2%  34.0  447s
 1992867 836775 infeasible  109        36.50000   24.00000  34.2%  34.1  453s
 2000174 842783   24.00000   77   74   36.50000   24.00000  34.2%  34.2  455s
 2028659 855940   24.33333   67   90   36.50000   24.00000  34.2%  34.3  460s
 2036290 862810   25.33333   64   70   36.50000   24.00000  34.2%  34.4  466s
 2064219 872193 infeasible   67        36.50000   24.00000  34.2%  34.6  470s
 2088582 880151   24.50000   79   79   36.50000   24.00000  34.2%  34.7  478s
 2099517 886068   35.39394  105   64   36.50000   24.00000  34.2%  34.8  480s
 2116400 895225   35.22030   66   89   36.50000   24.00000  34.2%  34.9  485s
 2128483 899771   30.00000   85   55   36.50000   24.00000  34.2%  35.0  490s
 2158400 912436   34.83333   87   75   36.50000   24.00000  34.2%  35.2  495s
 2183317 919550   24.66667   86  100   36.50000   24.00000  34.2%  35.3  502s
 2183369 933235   24.66667   87   91   36.50000   24.00000  34.2%  35.3  506s
 2231644 942999 infeasible   76        36.50000   24.00000  34.2%  35.5  510s
 2262329 956125   24.00844   51   87   36.50000   24.00000  34.2%  35.6  515s
 2289665 968420 infeasible   76        36.50000   24.00000  34.2%  35.8  520s
 2306270 976283   29.00204   85   97   36.50000   24.00000  34.2%  35.8  525s
 2326777 983011   27.16667   99   52   36.50000   24.00000  34.2%  35.9  531s
 2341415 992736     cutoff   53        36.50000   24.00000  34.2%  35.9  535s
 2353552 995092   26.00000   73   84   36.50000   24.00000  34.2%  35.9  540s
 2361464 999455   36.00000   99   50   36.50000   24.00000  34.2%  35.9  545s
 2372967 1002880   32.01547   86   84   36.50000   24.00000  34.2%  35.9  550s
 2403052 1017453   27.00000   94   50   36.50000   24.00000  34.2%  35.9  555s
 2419372 1023886   28.66667   89   57   36.50000   24.00000  34.2%  35.9  561s
 2442906 1034875 infeasible   84        36.50000   24.00000  34.2%  35.7  565s
 2481037 1047013   31.54163   80   68   36.50000   24.00000  34.2%  35.6  573s
 2486336 1049732   31.33333   74   60   36.50000   24.00000  34.2%  35.6  575s
 2526608 1063319   25.69365   90   71   36.50000   24.00000  34.2%  35.6  580s
 2539767 1067338   33.66667   90   57   36.50000   24.00000  34.2%  35.5  586s
 2560828 1078737   28.50000   72   65   36.50000   24.00000  34.2%  35.5  590s
 2574762 1080854   24.00000   51   80   36.50000   24.00000  34.2%  35.5  596s
 2604716 1091610   24.50000   60   58   36.50000   24.00000  34.2%  35.5  600s

Cutting planes:
  Learned: 102
  Gomory: 22
  Cover: 155
  Implied bound: 89
  Clique: 62
  MIR: 483
  StrongCG: 6
  Flow cover: 874
  GUB cover: 5
  Inf proof: 3
  Zero half: 1
  RLT: 39
  Relax-and-lift: 293

Explored 2605428 nodes (92408874 simplex iterations) in 600.02 seconds
Thread count was 32 (of 64 available processors)

Solution count 10: 36.5 36.5 36.5 ... 37

Time limit reached
Best objective 3.649999733363e+01, best bound 2.400000000000e+01, gap 34.2466%
