
Gurobi 9.1.2 (linux64) logging started Wed Mar 30 18:53:41 2022

Changed value of parameter LogFile to geant_v-it1.it.log
   Prev:   Default: 
Changed value of parameter MIPFocus to 1
   Prev: 0  Min: 0  Max: 3  Default: 0
Changed value of parameter TimeLimit to 600.0
   Prev: inf  Min: 0.0  Max: inf  Default: inf
Warning: variables 0 and 116 have the same name "X[ch1.ch,at1.at]"
Warning: linear constraint 138 and linear constraint 139 have the same name "weight-constr-t5"
Warning: to let Gurobi read it back, use rlp format
Gurobi Optimizer version 9.1.2 build v9.1.2rc0 (linux64)
Thread count: 32 physical cores, 64 logical processors, using up to 32 threads
Optimize a model with 795 rows, 696 columns and 2364 nonzeros
Model fingerprint: 0x52e406da
Variable types: 132 continuous, 564 integer (564 binary)
Coefficient statistics:
  Matrix range     [1e+00, 1e+06]
  Objective range  [2e-01, 2e-01]
  Bounds range     [1e+00, 5e+05]
  RHS range        [1e+00, 1e+06]
Presolve removed 126 rows and 150 columns
Presolve time: 0.00s
Presolved: 669 rows, 546 columns, 3432 nonzeros
Variable types: 120 continuous, 426 integer (420 binary)

Root relaxation: objective 2.100000e+01, 84 iterations, 0.00 seconds

    Nodes    |    Current Node    |     Objective Bounds      |     Work
 Expl Unexpl |  Obj  Depth IntInf | Incumbent    BestBd   Gap | It/Node Time

     0     0   21.00000    0   34          -   21.00000      -     -    0s
     0     0   21.00000    0   32          -   21.00000      -     -    0s
H    0     0                      39.8333333   21.00000  47.3%     -    0s
H    0     0                      38.5000000   21.00000  45.5%     -    0s
H    0     0                      38.0000000   21.00000  44.7%     -    0s
H    0     0                      35.0000000   21.00000  40.0%     -    0s
     0     0   21.00000    0   27   35.00000   21.00000  40.0%     -    0s
     0     0   21.00000    0   28   35.00000   21.00000  40.0%     -    0s
     0     0   21.00000    0   33   35.00000   21.00000  40.0%     -    0s
     0     0   21.00000    0   20   35.00000   21.00000  40.0%     -    0s
     0     0   21.00000    0   24   35.00000   21.00000  40.0%     -    0s
     0     2   21.00000    0   15   35.00000   21.00000  40.0%     -    0s
H   41    62                      34.1666667   21.00000  38.5%  13.0    0s
H   45    62                      34.0000000   21.00000  38.2%  12.4    0s
H   99   118                      33.5000000   21.00000  37.3%  11.0    0s
H  113   118                      32.1666667   21.00000  34.7%  11.4    0s
H  124   118                      32.0000000   21.00000  34.4%  11.1    0s
H  186   181                      31.7500000   21.00000  33.9%  10.7    1s
H  194   213                      30.7500000   21.00000  31.7%  10.5    2s
H  198   213                      30.5000000   21.00000  31.1%  10.4    2s
H 3445  2817                      30.5000000   21.00000  31.1%   6.8    3s
  5129  3708   25.51058   36   64   30.50000   21.00000  31.1%  16.9    5s
H13580  7229                      30.5000000   21.00000  31.1%  27.9    8s
H15543  8988                      30.5000000   21.00000  31.1%  27.6    8s
 21310 13664   29.51058   81   30   30.50000   21.00000  31.1%  27.8   10s
H41373 23719                      30.4999970   21.00000  31.1%  26.1   14s
 44154 25707   22.55932   61   53   30.50000   21.00000  31.1%  26.2   15s
H44209 25707                      30.4999970   21.00000  31.1%  26.1   15s
 89081 57000   23.66667   69   32   30.50000   21.00000  31.1%  24.6   20s
 116247 67395 infeasible   87        30.50000   21.00000  31.1%  24.2   27s
H116280 67395                      30.4999969   21.00000  31.1%  24.2   27s
H117698 70394                      30.4999969   21.00000  31.1%  24.2   27s
 121717 70418   23.25000   92   24   30.50000   21.00000  31.1%  24.1   30s
H121726 70418                      30.4999969   21.00000  31.1%  24.1   30s
 154369 106250   24.66667   88   32   30.50000   21.00000  31.1%  23.8   35s
 226481 133127   25.50000  106   29   30.50000   21.00000  31.1%  23.5   40s
 273856 156153   28.66667   91   19   30.50000   21.00000  31.1%  23.3   45s
 327267 181480   27.00000   97   31   30.50000   21.00000  31.1%  23.0   51s
 341172 190572   24.08333   56   42   30.50000   21.00000  31.1%  22.9   55s
H344702 190572                      30.4999948   21.00000  31.1%  22.9   55s
H344806 194443                      30.4999751   21.00000  31.1%  22.9   56s
H345280 194443                      30.4999751   21.00000  31.1%  22.9   56s
H347330 194443                      30.4999751   21.00000  31.1%  22.9   56s
H352863 194984                      30.4999751   21.00000  31.1%  22.9   56s
 355802 199243   21.05896   64   44   30.49998   21.00000  31.1%  22.9   60s
H383430 214164                      30.4999749   21.00000  31.1%  22.9   63s
H384837 214908                      30.4999749   21.00000  31.1%  22.9   63s
 391023 221184   24.00278   94   39   30.49997   21.00000  31.1%  22.8   65s
 435373 246519   21.00000   54   50   30.49997   21.00000  31.1%  22.7   70s
 467361 275526   29.08333   92   28   30.49997   21.00000  31.1%  22.7   75s
 543900 298429   26.53623   97   27   30.49997   21.00000  31.1%  22.5   80s
 561608 323722   22.33333   68   37   30.49997   21.00000  31.1%  22.5   85s
 619407 336519   26.17248   65   62   30.49997   21.00000  31.1%  22.4   91s
 653489 358446   23.58333   79   32   30.49997   21.00000  31.1%  22.4   95s
 688107 374577   26.47921   68   63   30.49997   21.00000  31.1%  22.4  100s
 720287 407101   21.00000   57   49   30.49997   21.00000  31.1%  22.4  107s
 765212 413672     cutoff   89        30.49997   21.00000  31.1%  22.4  110s
 775077 417391   23.66882   78   38   30.49997   21.00000  31.1%  22.4  115s
 800895 429180   26.83333   67   49   30.49997   21.00000  31.1%  22.4  120s
 844874 451541   22.33862   67   44   30.49997   21.00000  31.1%  22.3  125s
 885636 475933   24.00000   88   31   30.49997   21.00000  31.1%  22.3  130s
 938247 497356   25.66667   82   28   30.49997   21.00000  31.1%  22.3  135s
 948100 519803   22.10881   59   55   30.49997   21.00000  31.1%  22.3  140s
 980178 535263     cutoff   78        30.49997   21.00000  31.1%  22.3  145s
 1044446 569500   21.00000   73   39   30.49997   21.00000  31.1%  22.3  151s
 1115114 591518   25.34768   93   37   30.49997   21.00000  31.1%  22.3  155s
H1125136 596845                      30.4999749   21.00000  31.1%  22.3  156s
 1167297 614354   29.45195   78   34   30.49997   21.00000  31.1%  22.3  163s
 1184961 625539   25.33333   92   45   30.49997   21.00000  31.1%  22.3  165s
 1233282 649778   23.23049   73   49   30.49997   21.00000  31.1%  22.3  170s
 1295059 682409   22.70899   75   44   30.49997   21.00000  31.1%  22.3  175s
 1337930 706665   21.00000   60   44   30.49997   21.00000  31.1%  22.4  180s
 1387292 730441   30.15159   84   18   30.49997   21.00000  31.1%  22.4  186s
 1419364 749781   21.00000   60   42   30.49997   21.00000  31.1%  22.5  190s
 1439832 757453   28.51414  102   41   30.49997   21.00000  31.1%  22.5  197s
 1449250 766166   30.00000   96   11   30.49997   21.00000  31.1%  22.5  200s
 1476664 780306   23.66667   77   35   30.49997   21.00000  31.1%  22.5  205s
 1532592 807029   25.89344   80   22   30.49997   21.00000  31.1%  22.4  210s
 1571178 829826     cutoff   77        30.49997   21.00000  31.1%  22.4  215s
 1623008 860612   21.66667   60   64   30.49997   21.00000  31.1%  22.6  220s
 1658967 879162   21.92297   81   49   30.49997   21.00000  31.1%  22.6  225s
 1708097 906325   24.50000   96   30   30.49997   21.00000  31.1%  22.6  230s
 1750731 932344   23.66667   88   33   30.49997   21.00000  31.1%  22.6  235s
 1786345 952516   29.56061   92   24   30.49997   21.00000  31.1%  22.7  240s
 1835570 979522   23.66667   90   28   30.49997   21.00000  31.1%  22.6  245s
 1889702 1013558   27.66667   79   30   30.49997   21.00000  31.1%  22.6  250s
 1928112 1030915   25.08333   74   49   30.49997   21.00000  31.1%  22.6  255s
 1975806 1059812   22.83333   85   35   30.49997   21.00000  31.1%  22.6  260s
 2023547 1080896   21.44938   69   53   30.49997   21.00000  31.1%  22.6  267s
 2061247 1104570   21.50000   87   35   30.49997   21.00000  31.1%  22.6  270s
 2115362 1132656   21.50000   75   44   30.49997   21.00000  31.1%  22.6  275s
 2140112 1145175   21.46900   77   26   30.49997   21.00000  31.1%  22.6  280s
 2171602 1158028   25.50000   93   30   30.49997   21.00000  31.1%  22.6  286s
 2201402 1173193   26.33333   88   25   30.49997   21.00000  31.1%  22.6  292s
 2224349 1189517   29.75000   81   24   30.49997   21.00000  31.1%  22.6  295s
 2265902 1207039   22.00000   72   32   30.49997   21.00000  31.1%  22.6  300s
 2305309 1228106   26.16667   71   35   30.49997   21.00000  31.1%  22.6  305s
 2363103 1261666   23.83602   74   55   30.49997   21.00000  31.1%  22.6  310s
 2370387 1278769   28.10227   88   26   30.49997   21.00000  31.1%  22.6  315s
 2445074 1303927   23.84771   70   38   30.49997   21.00000  31.1%  22.6  320s
 2496522 1324342   29.25000   88   24   30.49997   21.00000  31.1%  22.6  326s
 2496562 1339288 infeasible   89        30.49997   21.00000  31.1%  22.6  330s
 2575301 1363234   28.66667   86   28   30.49997   21.00000  31.1%  22.6  335s
 2591428 1387785   25.92424   88   43   30.49997   21.00000  31.1%  22.6  340s
 2670272 1414187   24.50000   84   30   30.49997   21.00000  31.1%  22.6  347s
 2676867 1417774     cutoff   72        30.49997   21.00000  31.1%  22.6  351s
 2713332 1439501   29.94444   91   23   30.49997   21.00000  31.1%  22.6  355s
 2744647 1455086   21.69841   73   43   30.49997   21.00000  31.1%  22.6  360s
 2786913 1476440   24.83333   91   40   30.49997   21.00000  31.1%  22.6  365s
 2821055 1494558   24.66843   73   43   30.49997   21.00000  31.1%  22.5  370s
 2874186 1519542   27.83862   83   34   30.49997   21.00000  31.1%  22.5  375s
 2923383 1545580   29.16667   89   34   30.49997   21.00000  31.1%  22.5  380s
 2960567 1563342 infeasible   76        30.49997   21.00000  31.1%  22.5  385s
 3002917 1582209   21.02116   76   45   30.49997   21.00000  31.1%  22.5  390s
 3050796 1610566   29.53704   82   35   30.49997   21.00000  31.1%  22.5  395s
 3105444 1641139   25.33333   74   36   30.49997   21.00000  31.1%  22.5  400s
 3150671 1668004   21.33333   70   46   30.49997   21.00000  31.1%  22.5  405s
 3208316 1701140   24.19165   75   42   30.49997   21.00000  31.1%  22.5  410s
 3252084 1728226   25.66815   74   33   30.49997   21.00000  31.1%  22.6  415s
 3293292 1751981   21.13068   52   49   30.49997   21.00000  31.1%  22.6  421s
 3325369 1772797   24.84240   77   34   30.49997   21.00000  31.1%  22.6  425s
 3349487 1784559   21.00000   71   53   30.49997   21.00000  31.1%  22.6  431s
 3393990 1813097     cutoff   89        30.49997   21.00000  31.1%  22.6  435s
 3440327 1836496   24.43483   73   42   30.49997   21.00000  31.1%  22.6  440s
 3473363 1857653   29.00000   85   24   30.49997   21.00000  31.1%  22.6  445s
 3507792 1876798   26.33333   63   37   30.49997   21.00000  31.1%  22.6  450s
 3552527 1903894   22.66667   72   28   30.49997   21.00000  31.1%  22.6  455s
 3582908 1924733   27.01940   67   41   30.49997   21.00000  31.1%  22.6  460s
 3615142 1939006   21.35515   67   44   30.49997   21.00000  31.1%  22.6  466s
 3640568 1957391   27.83333  113   21   30.49997   21.00000  31.1%  22.6  470s
 3682788 1978770   29.50000   82   12   30.49997   21.00000  31.1%  22.6  475s
 3722244 2004019   22.16931   71   49   30.49997   21.00000  31.1%  22.6  480s
 3735038 2025200   28.54545   85   36   30.49997   21.00000  31.1%  22.6  486s
 3792313 2044867     cutoff  107        30.49997   21.00000  31.1%  22.6  490s
 3849493 2072372     cutoff   92        30.49997   21.00000  31.1%  22.6  495s
 3889002 2096262     cutoff   91        30.49997   21.00000  31.1%  22.6  500s
 3928975 2134387   22.77314   79   46   30.49997   21.00000  31.1%  22.6  506s
 3961049 2153030   29.70354   63   42   30.49997   21.00000  31.1%  22.6  510s
 4024827 2170897   29.19355   71   37   30.49997   21.00000  31.1%  22.6  515s
 4056897 2190238     cutoff  103        30.49997   21.00000  31.1%  22.6  520s
 4102077 2219063   27.50267   98   25   30.49997   21.00000  31.1%  22.6  525s
 4121873 2234442   21.66667   50   38   30.49997   21.00000  31.1%  22.6  530s
 4166737 2259458   21.47195   67   42   30.49997   21.00000  31.1%  22.7  537s
 4177283 2266641   22.08333   66   35   30.49997   21.00000  31.1%  22.7  540s
 4214572 2289340   29.71442   68   44   30.49997   21.00000  31.1%  22.7  545s
 4270805 2327742   21.33333   79   32   30.49997   21.00000  31.1%  22.7  550s
 4321452 2353891     cutoff   88        30.49997   21.00000  31.1%  22.7  556s
 4362496 2378650   23.36526   69   65   30.49997   21.00000  31.1%  22.7  560s
 4401558 2403724   24.66667   67   34   30.49997   21.00000  31.1%  22.7  565s
 4446975 2427448   24.33333   79   33   30.49997   21.00000  31.1%  22.7  570s
 4495332 2455208   29.16667   68   31   30.49997   21.00000  31.1%  22.8  575s
 4550325 2487589   28.34563   82   51   30.49997   21.00000  31.1%  22.7  580s
 4591777 2508997   29.50000   83   28   30.49997   21.00000  31.1%  22.7  586s
 4636192 2534237   28.16667   52   40   30.49997   21.00000  31.1%  22.8  591s
 4670450 2556311   29.00000   77   27   30.49997   21.00000  31.1%  22.8  595s
 4716137 2577183   26.37411  100   33   30.49997   21.00000  31.1%  22.8  600s

Cutting planes:
  Learned: 93
  Gomory: 20
  Cover: 127
  Implied bound: 39
  Clique: 36
  MIR: 282
  StrongCG: 2
  Flow cover: 495
  GUB cover: 6
  Inf proof: 1
  RLT: 34
  Relax-and-lift: 118

Explored 4716179 nodes (107577754 simplex iterations) in 600.02 seconds
Thread count was 32 (of 64 available processors)

Solution count 10: 30.5 30.5 30.5 ... 31.75

Time limit reached
Best objective 3.049997489389e+01, best bound 2.100000000000e+01, gap 31.1475%
