
Gurobi 9.1.2 (linux64) logging started Wed Mar 30 18:23:30 2022

Changed value of parameter LogFile to geant_v-si1.si.log
   Prev:   Default: 
Changed value of parameter MIPFocus to 1
   Prev: 0  Min: 0  Max: 3  Default: 0
Changed value of parameter TimeLimit to 600.0
   Prev: inf  Min: 0.0  Max: inf  Default: inf
Warning: variables 0 and 116 have the same name "X[ch1.ch,at1.at]"
Warning: linear constraint 138 and linear constraint 139 have the same name "weight-constr-t5"
Warning: to let Gurobi read it back, use rlp format
Gurobi Optimizer version 9.1.2 build v9.1.2rc0 (linux64)
Thread count: 32 physical cores, 64 logical processors, using up to 32 threads
Optimize a model with 831 rows, 696 columns and 2454 nonzeros
Model fingerprint: 0xfd79805d
Variable types: 132 continuous, 564 integer (564 binary)
Coefficient statistics:
  Matrix range     [1e+00, 1e+06]
  Objective range  [2e-01, 2e-01]
  Bounds range     [1e+00, 5e+05]
  RHS range        [1e+00, 1e+06]
Presolve removed 60 rows and 66 columns
Presolve time: 0.01s
Presolved: 771 rows, 630 columns, 4350 nonzeros
Variable types: 126 continuous, 504 integer (504 binary)

Root relaxation: objective 2.100000e+01, 90 iterations, 0.00 seconds

    Nodes    |    Current Node    |     Objective Bounds      |     Work
 Expl Unexpl |  Obj  Depth IntInf | Incumbent    BestBd   Gap | It/Node Time

     0     0   21.00000    0   37          -   21.00000      -     -    0s
H    0     0                      50.0000000   21.00000  58.0%     -    0s
H    0     0                      39.0000000   21.00000  46.2%     -    0s
H    0     0                      39.0000000   21.00000  46.2%     -    0s
     0     0   21.00000    0   39   39.00000   21.00000  46.2%     -    0s
H    0     0                      38.0000000   21.00000  44.7%     -    0s
H    0     0                      38.0000000   21.00000  44.7%     -    0s
     0     0   21.00000    0   35   38.00000   21.00000  44.7%     -    0s
     0     0   21.00000    0   23   38.00000   21.00000  44.7%     -    0s
     0     0   21.00000    0   30   38.00000   21.00000  44.7%     -    0s
     0     0   21.00000    0   29   38.00000   21.00000  44.7%     -    0s
     0     0   21.00000    0   19   38.00000   21.00000  44.7%     -    0s
     0     0   21.00000    0   19   38.00000   21.00000  44.7%     -    0s
     0     0   21.00000    0   21   38.00000   21.00000  44.7%     -    0s
     0     2   21.00000    0   17   38.00000   21.00000  44.7%     -    0s
H  575  1007                      37.1949714   21.00000  43.5%   6.3    2s
  6129  4844   21.00000   18   83   37.19497   21.00000  43.5%  10.0    5s
 18373  7773   27.33333   38   62   37.19497   21.00000  43.5%  36.2   10s
H23816 10095                      36.5000000   21.00000  42.5%  37.5   13s
H25851 10840                      36.3333333   21.00000  42.2%  37.7   13s
H26381 10749                      36.0000000   21.00000  41.7%  37.5   13s
H27291 10782                      35.9999990   21.00000  41.7%  37.7   13s
H27314 10782                      35.9999960   21.00000  41.7%  37.7   13s
 28857 14977   26.33333   69   64   36.00000   21.00000  41.7%  37.5   15s
H50527 19770                      35.9999905   21.00000  41.7%  38.3   18s
 59418 24948   24.99908   74   51   35.99999   21.00000  41.7%  37.9   20s
 83970 29267   22.04422   66   58   35.99999   21.00000  41.7%  37.2   26s
 112890 38552   29.17655   88   49   35.99999   21.00000  41.7%  37.5   31s
 137228 47306   21.00000   68   62   35.99999   21.00000  41.7%  37.9   35s
 178518 63079   24.33333   70   50   35.99999   21.00000  41.7%  37.9   40s
 184834 73492   23.17153   69   60   35.99999   21.00000  41.7%  37.8   45s
 240174 83085   24.66667   78   48   35.99999   21.00000  41.7%  37.9   50s
 270300 88901     cutoff   71        35.99999   21.00000  41.7%  38.5   55s
 281146 93663   25.58683   75   43   35.99999   21.00000  41.7%  38.6   60s
 317852 104257   34.02425   91   36   35.99999   21.00000  41.7%  39.1   65s
 337713 109167   21.05556   77   65   35.99999   21.00000  41.7%  39.2   70s
 377457 122148   26.76190   88   38   35.99999   21.00000  41.7%  39.5   75s
 412266 133318   25.83333   83   41   35.99999   21.00000  41.7%  39.4   80s
 437389 141804   31.50000   73   43   35.99999   21.00000  41.7%  39.7   85s
 478694 154794     cutoff   76        35.99999   21.00000  41.7%  40.0   90s
 489747 159609   21.00000   71   53   35.99999   21.00000  41.7%  40.0   95s
 530298 173538     cutoff   92        35.99999   21.00000  41.7%  39.7  100s
H537197 173261                      35.8333333   21.00000  41.4%  39.7  100s
H537551 174140                      35.5000000   21.00000  40.8%  39.7  101s
H538933 174136                      35.4999473   21.00000  40.8%  39.8  101s
 568485 181922     cutoff   85        35.49995   21.00000  40.8%  40.0  105s
 602586 190084     cutoff   62        35.49995   21.00000  40.8%  40.4  110s
 615248 194425   30.50000   69   32   35.49995   21.00000  40.8%  40.6  115s
 635245 199415 infeasible   81        35.49995   21.00000  40.8%  40.6  121s
 639677 202384   29.50000   73   34   35.49995   21.00000  40.8%  40.6  125s
 674226 211748     cutoff   67        35.49995   21.00000  40.8%  40.7  130s
 711370 224395   26.90909   76   67   35.49995   21.00000  40.8%  40.7  135s
 750047 238796   21.69242   71   71   35.49995   21.00000  40.8%  40.5  140s
 780213 248647     cutoff   75        35.49995   21.00000  40.8%  40.4  145s
 816281 262242 infeasible   70        35.49995   21.00000  40.8%  40.5  150s
 837448 269686   21.00000   78   59   35.49995   21.00000  40.8%  40.6  155s
 876719 283060   29.37980   71   71   35.49995   21.00000  40.8%  40.4  160s
 911319 295951   33.50000   77   34   35.49995   21.00000  40.8%  40.4  165s
 944826 303609   29.01094   83   49   35.49995   21.00000  40.8%  40.3  170s
 988383 317937   28.91667   89   36   35.49995   21.00000  40.8%  40.0  175s
 1024481 329404   33.50005   83   44   35.49995   21.00000  40.8%  39.9  180s
 1055095 338511 infeasible   78        35.49995   21.00000  40.8%  39.8  186s
 1077525 345687   21.00000   85   65   35.49995   21.00000  40.8%  39.7  191s
 1095007 353893   32.66667   86   36   35.49995   21.00000  40.8%  39.6  195s
 1108300 355676     cutoff   71        35.49995   21.00000  40.8%  39.6  200s
 1149397 372120     cutoff   84        35.49995   21.00000  40.8%  39.2  205s
 1185200 382526 infeasible   70        35.49995   21.00000  40.8%  38.8  210s
 1191283 393493   32.38889   90   40   35.49995   21.00000  40.8%  38.7  216s
 1223315 393506   34.16667   93   37   35.49995   21.00000  40.8%  38.4  220s
 1262472 408107   21.00000   71   60   35.49995   21.00000  40.8%  38.1  225s
 1298680 416745   33.66667   64   65   35.49995   21.00000  40.8%  37.9  231s
 1303966 420390 infeasible   83        35.49995   21.00000  40.8%  37.9  235s
 1337611 431514 infeasible   78        35.49995   21.00000  40.8%  37.7  240s
 1362385 439144   29.00000   73   52   35.49995   21.00000  40.8%  37.6  245s
 1389973 448704 infeasible   71        35.49995   21.00000  40.8%  37.5  250s
 1401425 450137   24.16667   72   59   35.49995   21.00000  40.8%  37.5  255s
 1414843 465013 infeasible   73        35.49995   21.00000  40.8%  37.5  263s
 1447011 476536   23.33333   76   44   35.49995   21.00000  40.8%  37.6  268s
 1486145 479439   25.50000   82   49   35.49995   21.00000  40.8%  37.7  270s
 1516243 490997     cutoff   95        35.49995   21.00000  40.8%  37.8  275s
 1534870 495357   26.16667   91   40   35.49995   21.00000  40.8%  37.8  280s
 1562025 504756   22.33334   89   59   35.49995   21.00000  40.8%  37.9  286s
 1582361 513132   31.16667   69   47   35.49995   21.00000  40.8%  37.9  290s
 1613821 522780   26.00000   79   48   35.49995   21.00000  40.8%  38.0  295s
 1640330 529132 infeasible   81        35.49995   21.00000  40.8%  38.0  300s
 1679883 543797 infeasible   76        35.49995   21.00000  40.8%  38.0  305s
 1694490 547949   24.66667   73   62   35.49995   21.00000  40.8%  38.1  310s
 1726570 558740   32.21120   90   41   35.49995   21.00000  40.8%  38.2  316s
 1726615 569359   27.83333   89   38   35.49995   21.00000  40.8%  38.2  321s
 1758958 580394   24.67204   80   65   35.49995   21.00000  40.8%  38.3  326s
 1791112 591418   29.00845   66   55   35.49995   21.00000  40.8%  38.5  331s
 1839233 598675   21.00000   69   63   35.49995   21.00000  40.8%  38.6  335s
 1878517 611630   27.83333   85   62   35.49995   21.00000  40.8%  38.6  340s
 1912374 622483 infeasible   80        35.49995   21.00000  40.8%  38.6  345s
 1958563 637546 infeasible   80        35.49995   21.00000  40.8%  38.6  350s
 1969461 641429   23.66667   83   53   35.49995   21.00000  40.8%  38.7  355s
 2009907 654688 infeasible   86        35.49995   21.00000  40.8%  38.8  360s
 2043725 665453   34.33333   92   38   35.49995   21.00000  40.8%  38.8  365s
 2048120 676257   24.66667   61   69   35.49995   21.00000  40.8%  38.8  373s
 2085779 680409   31.50000   75   28   35.49995   21.00000  40.8%  38.8  375s
 2096205 681607   31.25337   97   58   35.49995   21.00000  40.8%  38.8  380s
 2127802 692067   29.68192   79   70   35.49995   21.00000  40.8%  38.8  385s
 2164832 706817   25.00000   52   57   35.49995   21.00000  40.8%  38.7  390s
 2204403 722973   33.19031   76   45   35.49995   21.00000  40.8%  38.6  395s
 2218216 727550   31.83333   70   37   35.49995   21.00000  40.8%  38.6  400s
 2256742 740677   21.00000   68   72   35.49995   21.00000  40.8%  38.6  405s
 2291951 750541   32.67986   87   56   35.49995   21.00000  40.8%  38.6  410s
 2314315 755470     cutoff   75        35.49995   21.00000  40.8%  38.6  417s
 2328195 760183   34.66667   84   30   35.49995   21.00000  40.8%  38.6  422s
 2328242 771297 infeasible   85        35.49995   21.00000  40.8%  38.6  425s
 2380460 778639   33.83333  101   18   35.49995   21.00000  40.8%  38.6  431s
 2406534 789538   32.16667   86   32   35.49995   21.00000  40.8%  38.4  435s
 2430495 796762   29.66667   96   45   35.49995   21.00000  40.8%  38.3  440s
 2455063 808710   25.50000   94   50   35.49995   21.00000  40.8%  38.2  445s
 2468035 812255   34.50000   87   33   35.49995   21.00000  40.8%  38.2  450s
 2503385 823539   22.50000   59   56   35.49995   21.00000  40.8%  38.0  456s
 2509320 826488   22.50000   77   48   35.49995   21.00000  40.8%  38.0  460s
 2512400 826503   25.50168   80   57   35.49995   21.00000  40.8%  38.0  465s
 2544831 840296   31.33333   77   32   35.49995   21.00000  40.8%  37.9  470s
 2572860 849137     cutoff   93        35.49995   21.00000  40.8%  37.8  475s
 2605435 860432   27.83333   76   36   35.49995   21.00000  40.8%  37.8  480s
 2609674 871699   27.33333   70   53   35.49995   21.00000  40.8%  37.8  487s
 2657712 879491   21.00000   59   56   35.49995   21.00000  40.8%  37.8  490s
 2672100 882937     cutoff   95        35.49995   21.00000  40.8%  37.8  495s
 2714693 897963 infeasible  100        35.49995   21.00000  40.8%  37.7  500s
 2752373 912151   31.70839   96   55   35.49995   21.00000  40.8%  37.7  505s
 2782752 923583   22.33333   61   54   35.49995   21.00000  40.8%  37.7  510s
 2814882 934289   21.91667   90   63   35.49995   21.00000  40.8%  37.7  515s
 2851560 945249     cutoff   91        35.49995   21.00000  40.8%  37.7  521s
 2875446 955407   25.38855   73   53   35.49995   21.00000  40.8%  37.7  525s
 2906970 965076   23.50000   74   66   35.49995   21.00000  40.8%  37.7  531s
 2933865 975182   25.66667   71   47   35.49995   21.00000  40.8%  37.7  537s
 2938014 978198   29.83333   59   65   35.49995   21.00000  40.8%  37.7  540s
 2954407 984853   31.79836   91   54   35.49995   21.00000  40.8%  37.7  545s
 2989633 997126 infeasible   69        35.49995   21.00000  40.8%  37.7  550s
 3029664 1009861   21.00000   60   59   35.49995   21.00000  40.8%  37.8  555s
 3064972 1018982   21.33333   71   74   35.49995   21.00000  40.8%  37.7  560s
 3088121 1024203   29.83333   71   55   35.49995   21.00000  40.8%  37.7  565s
 3108075 1029135   24.33333   78   45   35.49995   21.00000  40.8%  37.6  572s
 3128659 1036634   26.16667   93   52   35.49995   21.00000  40.8%  37.6  575s
 3146210 1041903 infeasible   82        35.49995   21.00000  40.8%  37.6  581s
 3177439 1054180   23.38889   74   52   35.49995   21.00000  40.8%  37.7  585s
 3193190 1057088   28.33333   91   37   35.49995   21.00000  40.8%  37.7  592s
 3197470 1058360   27.50000   73   65   35.49995   21.00000  40.8%  37.7  596s
 3224820 1069886   29.33333   64   52   35.49995   21.00000  40.8%  37.7  600s

Cutting planes:
  Learned: 102
  Gomory: 30
  Cover: 209
  Implied bound: 62
  Clique: 58
  MIR: 380
  StrongCG: 5
  Flow cover: 816
  GUB cover: 2
  RLT: 45
  Relax-and-lift: 177

Cleanup yields a better solution

Explored 3224865 nodes (121497302 simplex iterations) in 600.01 seconds
Thread count was 32 (of 64 available processors)

Solution count 10: 35.4999 35.5 35.8333 ... 37.195

Time limit reached
Best objective 3.516666666667e+01, best bound 2.100000000000e+01, gap 40.2844%
