
Gurobi 9.1.2 (linux64) logging started Wed Mar 30 19:03:46 2022

Changed value of parameter LogFile to germany_v-Berlin.log
   Prev:   Default: 
Changed value of parameter MIPFocus to 1
   Prev: 0  Min: 0  Max: 3  Default: 0
Changed value of parameter TimeLimit to 600.0
   Prev: inf  Min: 0.0  Max: inf  Default: inf
Warning: variables 0 and 276 have the same name "X[Koeln,Aachen]"
Warning: linear constraint 306 and linear constraint 307 have the same name "weight-constr-t5"
Warning: to let Gurobi read it back, use rlp format
Gurobi Optimizer version 9.1.2 build v9.1.2rc0 (linux64)
Thread count: 32 physical cores, 64 logical processors, using up to 32 threads
Optimize a model with 1951 rows, 1656 columns and 5868 nonzeros
Model fingerprint: 0x24ed840f
Variable types: 300 continuous, 1356 integer (1356 binary)
Coefficient statistics:
  Matrix range     [1e+00, 1e+06]
  Objective range  [2e-01, 2e-01]
  Bounds range     [1e+00, 5e+05]
  RHS range        [1e+00, 1e+06]
Presolve removed 138 rows and 162 columns
Presolve time: 0.01s
Presolved: 1813 rows, 1494 columns, 9960 nonzeros
Variable types: 288 continuous, 1206 integer (1200 binary)

Root relaxation: objective 4.900000e+01, 196 iterations, 0.00 seconds

    Nodes    |    Current Node    |     Objective Bounds      |     Work
 Expl Unexpl |  Obj  Depth IntInf | Incumbent    BestBd   Gap | It/Node Time

     0     0   49.00000    0   69          -   49.00000      -     -    0s
     0     0   49.00000    0   74          -   49.00000      -     -    0s
     0     0   49.00000    0   73          -   49.00000      -     -    0s
     0     0   49.00000    0   57          -   49.00000      -     -    0s
     0     0   49.00000    0   54          -   49.00000      -     -    0s
     0     0   49.00000    0   52          -   49.00000      -     -    0s
H    0     0                    3495344.1667   49.00000   100%     -    0s
     0     0   49.00000    0   43 3495344.17   49.00000   100%     -    0s
H    0     0                     553.9999984   49.00000  91.2%     -    0s
H    0     0                     451.6666667   49.00000  89.2%     -    0s
H    0     0                     451.2500000   49.00000  89.1%     -    0s
H    0     0                     451.0833333   49.00000  89.1%     -    0s
H    0     2                     450.4999999   49.00000  89.1%     -    0s
     0     2   49.00000    0   38  450.50000   49.00000  89.1%     -    0s
H   19    32                     387.6666666   49.00000  87.4%  39.8    0s
H   32    64                     386.6666666   49.00000  87.3%  27.8    0s
H   34    64                     324.0000000   49.00000  84.9%  27.3    0s
H   48    64                     282.0000000   49.00000  82.6%  20.8    0s
H   95   128                     280.1666667   49.00000  82.5%  14.3    2s
H   96   128                     274.7777778   49.00000  82.2%  14.2    2s
H  117   128                     267.4166667   49.00000  81.7%  12.7    2s
H  159   192                     265.5000000   49.00000  81.5%  11.4    3s
H  162   192                     264.6666667   49.00000  81.5%  11.3    3s
H  170   192                     244.4166667   49.00000  80.0%  11.1    3s
H  191   224                     238.2500000   49.00000  79.4%  10.4    7s
H  192   224                     235.5000000   49.00000  79.2%  10.5    7s
H  194   224                     234.6666667   49.00000  79.1%  10.4    7s
H  204   224                     233.8333333   49.00000  79.0%  10.6    7s
H  222   224                     224.5000000   49.00000  78.2%  10.2    7s
H  244   446                     224.0833333   49.00000  78.1%  10.0    7s
H  258   446                     223.9166667   49.00000  78.1%   9.9    7s
H  335   446                     223.8333333   49.00000  78.1%   9.6    7s
H  466  1076                     223.6666667   49.00000  78.1%   8.6    8s
H  486  1076                     223.3333333   49.00000  78.1%   8.5    8s
H  506  1076                     222.0833333   49.00000  77.9%   8.3    8s
H  606  1076                     221.6666667   49.00000  77.9%   7.8    8s
H  786  1076                     221.4166667   49.00000  77.9%   7.5    8s
H  906  1076                     221.2500000   49.00000  77.9%   7.5    8s
H 1087  1108                     220.0833333   49.00000  77.7%   7.3   10s
H 1088  1108                     217.8333333   49.00000  77.5%   7.3   10s
H 1110  1108                     217.2083333   49.00000  77.4%   7.2   10s
H 1120  1139                     216.8750000   49.00000  77.4%   7.2   11s
H 1144  1139                     216.6666667   49.00000  77.4%   7.2   11s
H 1386  3815                     216.5000000   49.00000  77.4%   7.0   12s
H 4062  5557                     216.4999995   49.00000  77.4%   5.9   12s
H 5895  5585                     216.4999994   49.00000  77.4%   5.7   13s
  5930  5616   94.00000  179   33  216.50000   49.00000  77.4%   5.7   15s
H 5936  5616                     215.6250000   49.00000  77.3%   5.7   15s
H 6109  6979                     215.5000000   49.00000  77.3%   5.7   15s
H11069 11705                     215.5000000   49.00000  77.3%   5.3   17s
H12684 11705                     215.4999997   49.00000  77.3%   5.4   17s
H12689 11123                     215.4999997   49.00000  77.3%   5.4   18s
 12794 11224   49.00000   21  180  215.50000   49.00000  77.3%   7.2   21s
H12800 10665                     215.4997962   49.00000  77.3%   7.3   21s
 12858 10709   49.00000   22  174  215.49980   49.00000  77.3%   7.4   26s
 14271 14131   49.00000   43  159  215.49980   49.00000  77.3%   9.0   30s
H16981 12700                     209.6666667   49.00000  76.6%  10.7   30s
H17353 14904                     209.3333333   49.00000  76.6%  10.9   31s
H17535 14364                     208.3333333   49.00000  76.5%  11.0   31s
H20196 13024                     208.0000000   49.00000  76.4%  12.1   31s
H21316 12343                     207.9999999   49.00000  76.4%  12.5   32s
H21496 11874                     207.9997632   49.00000  76.4%  12.7   32s
 25712 13727  139.33367  119  123  207.99976   49.00000  76.4%  13.9   38s
H25723 13334                     207.9997631   49.00000  76.4%  13.9   38s
 28683 14861   49.00000   49  180  207.99976   49.00000  76.4%  14.9   41s
 30773 23043   51.00050   78  159  207.99976   49.00000  76.4%  15.7   46s
 44486 27010   49.00000   98  157  207.99976   49.00000  76.4%  17.4   51s
 49341 29694   53.91667  169  144  207.99976   49.00000  76.4%  18.6   56s
 54843 38450   74.66667  193  113  207.99976   49.00000  76.4%  19.7   60s
 67773 47263   49.00000   67  207  207.99976   49.00000  76.4%  20.6   66s
 78030 52767   66.84295  117  176  207.99976   49.00000  76.4%  21.7   71s
 89074 60154   69.33333  128  150  207.99976   49.00000  76.4%  22.7   77s
 97368 69394   49.00000   72  199  207.99976   49.00000  76.4%  23.4   83s
 102431 78432  102.50184   93  152  207.99976   49.00000  76.4%  23.7   86s
 116687 86356   58.66776  187  165  207.99976   49.00000  76.4%  24.8   92s
H119271 85504                     197.8333333   49.00000  75.2%  25.0   92s
H124259 86901                     197.6666667   49.00000  75.2%  25.2   94s
H124301 86878                     197.3333333   49.00000  75.2%  25.2   94s
H124702 86874                     197.1666667   49.00000  75.1%  25.2   94s
H124843 86821                     196.8333333   49.00000  75.1%  25.3   94s
H125560 86795                     196.6666667   49.00000  75.1%  25.2   94s
 126375 92468   49.33333   97  153  196.66667   49.00000  75.1%  25.3   98s
H126400 92378                     195.5000000   49.00000  74.9%  25.3   98s
H127432 92372                     195.2083333   49.00000  74.9%  25.3   98s
H134251 94220                     195.0416667   49.00000  74.9%  25.8  100s
H134942 94214                     194.8750000   49.00000  74.9%  25.8  100s
H136213 94189                     194.7499999   49.00000  74.8%  25.9  100s
H136801 99830                     194.5833333   49.00000  74.8%  26.0  103s
H138184 99824                     194.4166665   49.00000  74.8%  26.1  103s
 144180 103796  130.83333  146  126  194.41667   49.00000  74.8%  26.1  106s
H145042 103796                     194.4166664   49.00000  74.8%  26.2  106s
H149759 108222                     194.4166662   49.00000  74.8%  26.2  109s
H152440 108222                     194.4166600   49.00000  74.8%  26.2  109s
H154465 108055                     193.5000000   49.00000  74.7%  26.2  109s
 156133 113269   50.00000   57  178  193.50000   49.00000  74.7%  26.2  113s
H156200 113248                     193.3333333   49.00000  74.7%  26.2  113s
H156400 113202                     193.1666667   49.00000  74.6%  26.2  113s
H156401 113162                     193.0000000   49.00000  74.6%  26.2  113s
H159632 113162                     193.0000000   49.00000  74.6%  26.2  113s
 163574 116224  170.66756  179  110  193.00000   49.00000  74.6%  26.3  116s
H163600 116224                     192.9999993   49.00000  74.6%  26.3  116s
H166849 116224                     192.9999986   49.00000  74.6%  26.3  116s
H168000 121702                     192.9999986   49.00000  74.6%  26.4  119s
 175545 126465   49.00000  113  205  193.00000   49.00000  74.6%  26.6  121s
H181098 126465                     192.9999766   49.00000  74.6%  26.7  121s
H182566 130517                     192.9998816   49.00000  74.6%  26.8  124s
 187490 134371   88.50000  113  122  192.99988   49.00000  74.6%  27.1  127s
 192157 142564     cutoff  190       192.99988   49.00000  74.6%  27.4  131s
 205892 148163   90.00000  123  170  192.99988   49.00000  74.6%  27.6  137s
 211843 151429   49.33333   73  172  192.99988   49.00000  74.6%  27.7  140s
H217684 152486                     182.0000000   49.00000  73.1%  27.8  143s
 221843 156052   76.33333  126  163  182.00000   49.00000  73.1%  27.9  147s
H222000 155951                     181.5000000   49.00000  73.0%  27.9  147s
 226886 160659   49.00000   97  165  181.50000   49.00000  73.0%  28.0  151s
H227710 160607                     181.1666667   49.00000  73.0%  28.0  151s
H239350 165851                     181.1666594   49.00000  73.0%  28.3  154s
 240712 171380  135.66667  182  153  181.16666   49.00000  73.0%  28.4  157s
H240800 171380                     181.1665797   49.00000  73.0%  28.4  157s
 247769 175116   51.84014   97  170  181.16658   49.00000  73.0%  28.9  160s
 260599 182476   52.83333  177  158  181.16658   49.00000  73.0%  29.3  166s
 270225 191266   55.83333  138  199  181.16658   49.00000  73.0%  29.6  172s
 275012 196773  158.83367  176  132  181.16658   49.00000  73.0%  29.6  175s
 287363 205425   67.66667  157  129  181.16658   49.00000  73.0%  30.1  182s
 294475 208202   52.33333   92  176  181.16658   49.00000  73.0%  30.2  185s
 305449 216439   58.51431   77  149  181.16658   49.00000  73.0%  30.4  192s
 309549 221696  109.50000  119  138  181.16658   49.00000  73.0%  30.6  195s
 321549 229532   49.00000  100  193  181.16658   49.00000  73.0%  31.0  201s
H327153 229372                     180.6666667   49.00000  72.9%  31.1  201s
H327312 235005                     180.1666667   49.00000  72.8%  31.1  205s
H327400 234903                     180.0000000   49.00000  72.8%  31.1  205s
H327600 234601                     179.3333333   49.00000  72.7%  31.1  205s
H327789 234477                     179.0000000   49.00000  72.6%  31.1  205s
H328178 234389                     178.8333333   49.00000  72.6%  31.1  205s
H328556 234050                     178.0000000   49.00000  72.5%  31.1  205s
H330090 234009                     177.8333333   49.00000  72.4%  31.1  205s
H335780 234613                     177.6666667   49.00000  72.4%  31.1  208s
H335901 234522                     177.5000000   49.00000  72.4%  31.1  208s
H336448 234496                     177.3333333   49.00000  72.4%  31.1  208s
 336721 239670 infeasible  147       177.33333   49.00000  72.4%  31.1  211s
H340490 239670                     177.3333332   49.00000  72.4%  31.2  211s
H341691 239155                     176.1666667   49.00000  72.2%  31.2  211s
 343921 242931   75.66667  169  131  176.16667   49.00000  72.2%  31.2  215s
H344181 242813                     176.0000000   49.00000  72.2%  31.2  215s
H353067 246652                     175.9999998   49.00000  72.2%  31.1  218s
 355444 250633   95.66667  136  167  176.00000   49.00000  72.2%  31.1  221s
H355600 250633                     175.9999998   49.00000  72.2%  31.1  222s
H355630 250633                     175.9999997   49.00000  72.2%  31.1  222s
H355803 250633                     175.9999987   49.00000  72.2%  31.1  222s
H359288 250633                     175.9999974   49.00000  72.2%  31.1  222s
 361210 255825   60.83333  187  137  176.00000   49.00000  72.2%  31.1  225s
H361570 255825                     175.9999973   49.00000  72.2%  31.1  225s
H362142 255825                     175.9999972   49.00000  72.2%  31.1  225s
H362724 255825                     175.9999971   49.00000  72.2%  31.1  225s
H370270 256978                     175.9999970   49.00000  72.2%  31.1  228s
 370572 261514  122.00000  137  120  176.00000   49.00000  72.2%  31.1  232s
H375326 261514                     175.9999969   49.00000  72.2%  31.1  232s
 377392 263205 infeasible  132       176.00000   49.00000  72.2%  31.2  235s
H377828 263205                     175.9999969   49.00000  72.2%  31.2  236s
H384585 268354                     175.5000000   49.00000  72.1%  31.2  239s
H387353 270056                     175.3333333   49.00000  72.1%  31.2  242s
H387657 269938                     175.1666667   49.00000  72.0%  31.2  242s
H387705 269840                     175.0000000   49.00000  72.0%  31.2  242s
H388145 269763                     174.8333333   49.00000  72.0%  31.2  242s
H389460 269710                     174.6666667   49.00000  71.9%  31.2  242s
H389881 270826                     173.6666667   49.00000  71.8%  31.2  246s
H389900 270542                     173.0000000   49.00000  71.7%  31.2  246s
H390400 270328                     172.6666667   49.00000  71.6%  31.2  246s
H391203 270207                     172.5000000   49.00000  71.6%  31.2  246s
H391223 270207                     172.5000000   49.00000  71.6%  31.2  246s
 392265 274867   49.16667  148  196  172.50000   49.00000  71.6%  31.2  250s
H392300 274867                     172.4999999   49.00000  71.6%  31.2  250s
H393108 274867                     172.4999972   49.00000  71.6%  31.2  250s
H398620 274867                     172.4999972   49.00000  71.6%  31.2  250s
H400072 277571                     172.4999971   49.00000  71.6%  31.3  253s
H400336 277571                     172.4999971   49.00000  71.6%  31.3  253s
H400995 277571                     172.4999970   49.00000  71.6%  31.3  253s
H404048 277571                     172.4999970   49.00000  71.6%  31.3  253s
 404120 283456   50.00000  115  188  172.50000   49.00000  71.6%  31.3  257s
H405520 283456                     172.4999969   49.00000  71.6%  31.3  257s
H406595 283456                     172.4999969   49.00000  71.6%  31.3  257s
H407989 283456                     172.4999969   49.00000  71.6%  31.3  257s
H410817 283456                     172.4999962   49.00000  71.6%  31.4  257s
H412370 283487                     172.4999952   49.00000  71.6%  31.4  266s
H412376 283487                     172.4999952   49.00000  71.6%  31.4  266s
H412377 283487                     172.4999951   49.00000  71.6%  31.4  266s
H412397 283487                     172.4999946   49.00000  71.6%  31.4  266s
 412403 305019     cutoff  144       172.49999   49.00000  71.6%  31.4  279s
H413100 305019                     172.4999945   49.00000  71.6%  31.4  279s
H425613 305019                     172.4999945   49.00000  71.6%  31.6  279s
H425713 305019                     172.4999943   49.00000  71.6%  31.6  279s
H430417 305019                     172.4999663   49.00000  71.6%  31.7  279s
 444435 307902   51.66667   79  152  172.49997   49.00000  71.6%  31.8  282s
H448430 307902                     172.4999662   49.00000  71.6%  31.9  282s
 448883 313524   49.00000  106  188  172.49997   49.00000  71.6%  31.9  286s
 457170 316081 infeasible  143       172.49997   49.00000  71.6%  32.0  290s
 468093 323882   51.17759  124  159  172.49997   49.00000  71.6%  32.2  298s
 472416 329782   78.00000  186  114  172.49997   49.00000  71.6%  32.2  301s
 480918 334017   86.00000  140  162  172.49997   49.00000  71.6%  32.4  305s
 493254 339973  127.66667   89  150  172.49997   49.00000  71.6%  32.4  311s
 504036 347899  162.00000  203  102  172.49997   49.00000  71.6%  32.4  317s
 508382 352640   49.00000  100  183  172.49997   49.00000  71.6%  32.5  320s
 520895 360655   49.00000   95  202  172.49997   49.00000  71.6%  32.5  327s
 528220 365084   49.58333  149  164  172.49997   49.00000  71.6%  32.5  330s
 542509 373309   62.00354  157  152  172.49997   49.00000  71.6%  32.6  336s
 546591 377680   50.66667  132  149  172.49997   49.00000  71.6%  32.7  340s
 556508 387032   72.00265  180  133  172.49997   49.00000  71.6%  32.8  346s
 569125 394298   49.00000   64  174  172.49997   49.00000  71.6%  33.0  353s
 577652 398055   51.66708  166  181  172.49997   49.00000  71.6%  33.0  356s
 589779 405150   49.33333  153  176  172.49997   49.00000  71.6%  33.0  362s
 593917 411144   54.91667   90  161  172.49997   49.00000  71.6%  33.0  366s
 602558 412901   53.01390  183  189  172.49997   49.00000  71.6%  33.1  370s
 612406 422857   56.00000   84  169  172.49997   49.00000  71.6%  33.2  377s
 619590 423507   95.50000  151  125  172.49997   49.00000  71.6%  33.3  380s
 627348 429803   54.50000  164  139  172.49997   49.00000  71.6%  33.3  387s
 631059 434546   51.16667  131  166  172.49997   49.00000  71.6%  33.3  390s
 641525 441620   50.00000  160  198  172.49997   49.00000  71.6%  33.4  396s
 653959 447731   49.16667  113  202  172.49997   49.00000  71.6%  33.6  402s
 656738 452445   53.66667  155  177  172.49997   49.00000  71.6%  33.7  406s
 668496 459108   49.00000  150  190  172.49997   49.00000  71.6%  33.7  412s
 674309 462017   68.50000  119  169  172.49997   49.00000  71.6%  33.8  416s
 678332 468540 infeasible  171       172.49997   49.00000  71.6%  33.8  420s
 690087 474356   54.50000  178  188  172.49997   49.00000  71.6%  34.0  426s
 697549 477380  133.83797  197  143  172.49997   49.00000  71.6%  34.0  430s
 709507 486752   49.00000  129  185  172.49997   49.00000  71.6%  34.1  437s
 718162 488705   68.83333  177  176  172.49997   49.00000  71.6%  34.1  440s
 727448 494835   69.00000  181  126  172.49997   49.00000  71.6%  34.1  447s
 730699 497537   49.00000  109  190  172.49997   49.00000  71.6%  34.1  450s
 739234 504822   50.33657  154  162  172.49997   49.00000  71.6%  34.3  457s
 745251 508870   57.33333  172  172  172.49997   49.00000  71.6%  34.3  460s
 754884 515276  109.66672  197  145  172.49997   49.00000  71.6%  34.4  467s
 761683 516715   56.00000  175  185  172.49997   49.00000  71.6%  34.4  470s
 768746 522009   54.33333  138  196  172.49997   49.00000  71.6%  34.5  476s
 771734 529810   62.83335  197  164  172.49997   49.00000  71.6%  34.5  482s
 784151 531889 infeasible  126       172.49997   49.00000  71.6%  34.7  485s
 793062 539105   49.00000  141  165  172.49997   49.00000  71.6%  34.8  492s
 797983 540354   49.00000  137  183  172.49997   49.00000  71.6%  34.8  495s
 799945 552191   50.16845  198  169  172.49997   49.00000  71.6%  34.8  503s
 818250 553860 infeasible  226       172.49997   49.00000  71.6%  35.0  506s
 821088 557712   49.00000  135  206  172.49997   49.00000  71.6%  35.0  510s
 830380 566239  147.66667  188  171  172.49997   49.00000  71.6%  35.1  519s
 840120 568986   53.16667  157  198  172.49997   49.00000  71.6%  35.2  522s
 844088 573496   53.66667  187  177  172.49997   49.00000  71.6%  35.2  526s
 850467 578058   57.83416  128  133  172.49997   49.00000  71.6%  35.3  530s
 858573 592896   63.34470  186  110  172.49997   49.00000  71.6%  35.4  544s
 880189 594181   54.83617  180  155  172.49997   49.00000  71.6%  35.5  549s
 882277 599081 infeasible  222       172.49997   49.00000  71.6%  35.5  553s
 889756 601359   54.00000  119  148  172.49997   49.00000  71.6%  35.5  556s
 893151 608437  130.16780  194  144  172.49997   49.00000  71.6%  35.6  561s
 903157 610703 infeasible  204       172.49997   49.00000  71.6%  35.7  565s
 912768 619012   55.00000  142  190  172.49997   49.00000  71.6%  35.8  573s
 919206 622749  131.16788  136  144  172.49997   49.00000  71.6%  35.8  576s
 924684 626466   49.00000  127  204  172.49997   49.00000  71.6%  35.9  580s
 936711 633946   74.66667  143  161  172.49997   49.00000  71.6%  35.9  588s
 943203 637712   53.50000  183  161  172.49997   49.00000  71.6%  36.0  591s
 948561 637980   81.33333  239  124  172.49997   49.00000  71.6%  36.1  596s
 948923 644006  149.33333  250  126  172.49997   49.00000  71.6%  36.1  600s

Cutting planes:
  Learned: 254
  Gomory: 7
  Cover: 164
  Implied bound: 143
  Clique: 17
  MIR: 528
  Flow cover: 1041
  GUB cover: 1
  Mod-K: 1
  RLT: 8
  Relax-and-lift: 376

Explored 957891 nodes (34604669 simplex iterations) in 600.07 seconds
Thread count was 32 (of 64 available processors)

Solution count 10: 172.5 172.5 172.5 ... 172.5

Time limit reached
Best objective 1.724999662334e+02, best bound 4.900000000000e+01, gap 71.5942%

Gurobi 9.1.2 (linux64) logging started Mon Apr  4 22:42:09 2022

Changed value of parameter LogFile to germany_v-Berlin.log
   Prev:   Default: 
Changed value of parameter MIPFocus to 1
   Prev: 0  Min: 0  Max: 3  Default: 0
Changed value of parameter TimeLimit to 1200.0
   Prev: inf  Min: 0.0  Max: inf  Default: inf
Warning: variables 0 and 276 have the same name "X[Muenchen,Passau]"
Warning: linear constraint 306 and linear constraint 307 have the same name "weight-constr-t5"
Warning: to let Gurobi read it back, use rlp format
Gurobi Optimizer version 9.1.2 build v9.1.2rc0 (linux64)
Thread count: 32 physical cores, 64 logical processors, using up to 32 threads
Optimize a model with 1951 rows, 1656 columns and 5868 nonzeros
Model fingerprint: 0x1f2b7348
Variable types: 300 continuous, 1356 integer (1356 binary)
Coefficient statistics:
  Matrix range     [1e+00, 1e+06]
  Objective range  [2e-01, 2e-01]
  Bounds range     [1e+00, 5e+05]
  RHS range        [1e+00, 1e+06]
Presolve removed 138 rows and 162 columns
Presolve time: 0.02s
Presolved: 1813 rows, 1494 columns, 9960 nonzeros
Variable types: 288 continuous, 1206 integer (1200 binary)

Root relaxation: objective 4.900000e+01, 196 iterations, 0.00 seconds

    Nodes    |    Current Node    |     Objective Bounds      |     Work
 Expl Unexpl |  Obj  Depth IntInf | Incumbent    BestBd   Gap | It/Node Time

     0     0   49.00000    0   74          -   49.00000      -     -    0s
     0     0   49.00000    0   76          -   49.00000      -     -    0s
     0     0   49.00000    0   66          -   49.00000      -     -    0s
     0     0   49.00000    0   70          -   49.00000      -     -    0s
     0     0   49.00000    0   68          -   49.00000      -     -    0s
H    0     0                    3543242.2598   49.00000   100%     -    0s
     0     0   49.00000    0   63 3543242.26   49.00000   100%     -    0s
H    0     0                    1217.9583333   49.00000  96.0%     -    0s
H    0     0                    1214.8333333   49.00000  96.0%     -    0s
H    0     0                    1212.8333333   49.00000  96.0%     -    0s
H    0     2                    1207.1666667   49.00000  95.9%     -    0s
     0     2   49.00000    0   58 1207.16667   49.00000  95.9%     -    0s
H    1     4                    1207.1666665   49.00000  95.9%   402    0s
H    2     4                     709.8333333   49.00000  93.1%   203    0s
H    4     8                     708.3333333   49.00000  93.1%   106    0s
H    8    14                     708.3333332   49.00000  93.1%  57.5    0s
H   10    14                     689.4999999   49.00000  92.9%  46.4    0s
H   13    14                     689.3333333   49.00000  92.9%  37.5    0s
H   29    56                     647.0000000   49.00000  92.4%  22.8    1s
H   34    56                     646.6666666   49.00000  92.4%  20.5    1s
H   42    56                     594.8333333   49.00000  91.8%  18.0    1s
H   89   120                     385.7777778   49.00000  87.3%  11.8    2s
H   92   120                     357.0000000   49.00000  86.3%  11.7    2s
H  153   184                     354.0000000   49.00000  86.2%  11.5    3s
H  155   184                     327.5000000   49.00000  85.0%  11.6    3s
H  159   184                     231.5000000   49.00000  78.8%  11.9    3s
H  185   216                     231.0000000   49.00000  78.8%  11.0    4s
H  187   216                     220.1666667   49.00000  77.7%  11.0    4s
H  191   216                     219.6666667   49.00000  77.7%  10.9    4s
H  198   216                     219.5000000   49.00000  77.7%  10.7    4s
H  204   216                     219.1666667   49.00000  77.6%  10.5    4s
H  217   248                     216.6666667   49.00000  77.4%  10.3    5s
H  219   248                     215.1666667   49.00000  77.2%  10.3    5s
H  220   248                     206.6666667   49.00000  76.3%  10.2    5s
H  250   280                     205.1666667   49.00000  76.1%  10.0    6s
H  273   280                     204.8333333   49.00000  76.1%   9.7    6s
H  281   312                     204.1666667   49.00000  76.0%   9.8    7s
H  282   312                     203.5000000   49.00000  75.9%   9.8    7s
H  344   355                     203.5000000   49.00000  75.9%   9.1    8s
H 1697  1668                     203.4999999   49.00000  75.9%   7.5    9s
  6575  6501   63.50000  141   31  203.50000   49.00000  75.9%   6.3   10s
H 6600  6501                     203.4999998   49.00000  75.9%   6.3   10s
H 6691  6501                     203.4999972   49.00000  75.9%   6.3   10s
H 6993  6532                     203.4999972   49.00000  75.9%   6.3   11s
H 6994  6532                     201.1666639   49.00000  75.6%   6.3   11s
H 6998  6532                     200.5000000   49.00000  75.6%   6.3   11s
H 7012  6532                     200.0000000   49.00000  75.5%   6.3   11s
H 8378  7832                     200.0000000   49.00000  75.5%   6.1   13s
H 8382  7832                     199.9999996   49.00000  75.5%   6.1   13s
H 8416  7832                     199.9999996   49.00000  75.5%   6.1   13s
H 8428  7832                     199.9999988   49.00000  75.5%   6.1   13s
H11501 11369                     199.9999987   49.00000  75.5%   5.9   13s
 12548 11378   65.00000  116  102  200.00000   49.00000  75.5%   5.8   15s
H12661 10914                     199.9999987   49.00000  75.5%   7.7   18s
H12663 10374                     199.9999986   49.00000  75.5%   7.7   18s
H12677  9855                     199.9999985   49.00000  75.5%   7.8   18s
H12725  9415                     199.9999985   49.00000  75.5%   7.8   25s
H13038  9297                     199.9999984   49.00000  75.5%   8.5   26s
H13583  9936                     199.9999872   49.00000  75.5%   8.9   26s
H14508  9240                     199.9999688   49.00000  75.5%   9.5   28s
 17230 12940   51.33406  108  151  199.99997   49.00000  75.5%  11.0   30s
 26799 15146   95.83525  249   89  199.99997   49.00000  75.5%  19.1   42s
 28936 24393   49.00000   63  174  199.99997   49.00000  75.5%  20.5   46s
H29543 23793                     199.1666667   49.00000  75.4%  21.0   46s
H40373 23864                     199.1666666   49.00000  75.4%  25.5   49s
H40473 23864                     199.1666665   49.00000  75.4%  25.5   49s
H41349 23864                     199.1666533   49.00000  75.4%  25.8   49s
 42172 24229   58.33333  109  178  199.16665   49.00000  75.4%  26.1   50s
H42199 24229                     199.1666483   49.00000  75.4%  26.1   50s
H42299 24229                     199.1664111   49.00000  75.4%  26.1   50s
 46077 28581   59.50000  151  132  199.16641   49.00000  75.4%  27.3   55s
H52333 32572                     194.3333333   49.00000  74.8%  28.7   56s
H53557 32585                     192.8333333   49.00000  74.6%  28.9   58s
H53558 32481                     190.3333333   49.00000  74.3%  28.9   58s
H53580 32480                     190.1666667   49.00000  74.2%  28.9   58s
H53600 34223                     189.3333333   49.00000  74.1%  28.9   59s
H53788 34145                     187.5000000   49.00000  73.9%  28.9   59s
H55102 34088                     185.3333333   49.00000  73.6%  29.1   59s
 55883 37437   54.95847   94  200  185.33333   49.00000  73.6%  29.2   61s
H56000 37423                     183.8333333   49.00000  73.3%  29.3   61s
H59355 37419                     183.3333333   49.00000  73.3%  29.5   61s
 60096 45233   49.00000   39  177  183.33333   49.00000  73.3%  29.6   65s
H60100 45233                     183.1666667   49.00000  73.2%  29.6   65s
H60300 45230                     183.0000000   49.00000  73.2%  29.6   65s
H72308 49017                     182.9999996   49.00000  73.2%  30.7   69s
H74928 53867                     182.9999995   49.00000  73.2%  31.2   70s
H78027 53867                     182.9999987   49.00000  73.2%  31.6   70s
 87829 64468   76.33973  222   99  183.00000   49.00000  73.2%  32.7   77s
H89831 64468                     182.9999844   49.00000  73.2%  32.7   77s
H95057 73307                     182.9999834   49.00000  73.2%  33.0   80s
H96188 73307                     182.9999466   49.00000  73.2%  33.2   80s
H106960 73391                     182.9999465   49.00000  73.2%  34.3   82s
 113723 78403  153.66667  195  140  182.99995   49.00000  73.2%  34.6   98s
 114752 84621   49.00000   83  180  182.99995   49.00000  73.2%  34.7  101s
 127160 94132   70.66667   79  142  182.99995   49.00000  73.2%  35.0  107s
H133852 94121                     182.5000000   49.00000  73.2%  35.1  107s
H134745 99981                     182.3333333   49.00000  73.1%  35.2  110s
H136953 99905                     181.7916667   49.00000  73.0%  35.1  110s
H140025 99889                     181.6666667   49.00000  73.0%  35.1  110s
H142097 99875                     181.5000000   49.00000  73.0%  35.1  110s
H142740 99872                     181.3333333   49.00000  73.0%  35.1  110s
H142813 100040                     181.1666667   49.00000  73.0%  35.1  113s
H142817 100024                     180.6666667   49.00000  72.9%  35.1  113s
 143072 103142   49.66667  111  189  180.66667   49.00000  72.9%  35.1  115s
H143381 103142                     180.6666567   49.00000  72.9%  35.1  115s
H147040 102992                     179.0000000   49.00000  72.6%  35.2  115s
H148222 103892                     179.0000000   49.00000  72.6%  35.3  118s
H148504 103892                     178.9999993   49.00000  72.6%  35.3  118s
 148656 108420 infeasible  130       179.00000   49.00000  72.6%  35.3  121s
H150408 108420                     178.9999464   49.00000  72.6%  35.3  121s
H152960 108420                     178.9999407   49.00000  72.6%  35.3  122s
H154447 108420                     178.9999385   49.00000  72.6%  35.3  122s
 157707 115349   49.33333  122  149  178.99994   49.00000  72.6%  35.4  130s
 171920 120841   49.00000   84  175  178.99994   49.00000  72.6%  35.5  136s
 180221 128668   49.33333  177  148  178.99994   49.00000  72.6%  35.4  142s
 184152 133447   66.33333  120  170  178.99994   49.00000  72.6%  35.3  146s
 190544 139124   70.16667  116  195  178.99994   49.00000  72.6%  35.4  150s
 199681 144692   50.66667  159  170  178.99994   49.00000  72.6%  35.6  157s
 205711 147944   50.66667  165  178  178.99994   49.00000  72.6%  35.7  161s
 210184 152989   51.66667  185  151  178.99994   49.00000  72.6%  35.7  165s
 220208 159943  135.16667  110  136  178.99994   49.00000  72.6%  35.7  173s
 228194 160475   49.66667   87  131  178.99994   49.00000  72.6%  35.8  176s
 236463 167094   49.00000   91  195  178.99994   49.00000  72.6%  36.0  182s
 238467 170719   49.50000  110  182  178.99994   49.00000  72.6%  36.1  186s
 243346 174701   49.00000   90  187  178.99994   49.00000  72.6%  36.3  190s
 251956 181366   56.50000  162  168  178.99994   49.00000  72.6%  36.7  198s
 258082 182790  100.83406  195  141  178.99994   49.00000  72.6%  36.9  201s
 260396 187843   49.00000  103  161  178.99994   49.00000  72.6%  37.0  206s
 267857 191198   76.83333  121  154  178.99994   49.00000  72.6%  37.0  210s
 273000 195845 infeasible  136       178.99994   49.00000  72.6%  37.1  215s
 282317 203574   51.50000  187  138  178.99994   49.00000  72.6%  37.3  223s
 290731 205693   60.16667  162  174  178.99994   49.00000  72.6%  37.4  227s
 293751 210037   49.00071  142  195  178.99994   49.00000  72.6%  37.5  230s
 303147 217243   49.00000   96  182  178.99994   49.00000  72.6%  37.5  237s
 310751 220958  108.98461  209   89  178.99994   49.00000  72.6%  37.6  241s
 315860 221456   67.69444  154  175  178.99994   49.00000  72.6%  37.8  245s
 316550 243392   49.33333  105  147  178.99994   49.00000  72.6%  37.8  260s
 351504 255187   51.83333  123  188  178.99994   49.00000  72.6%  38.7  272s
 365480 256904   49.00000  193  177  178.99994   49.00000  72.6%  39.1  276s
 373475 262938   86.66676  167  166  178.99994   49.00000  72.6%  39.2  283s
 377054 268205   52.86174  190  150  178.99994   49.00000  72.6%  39.2  287s
 385328 270849   49.00000  124  172  178.99994   49.00000  72.6%  39.3  291s
 389441 276768   72.66667  197  139  178.99994   49.00000  72.6%  39.4  296s
 402548 283884  147.16667  145  121  178.99994   49.00000  72.6%  39.6  302s
 409792 285277  135.15502  162  162  178.99994   49.00000  72.6%  39.6  306s
 412164 289330   49.87350  115  195  178.99994   49.00000  72.6%  39.6  310s
 423872 295351   71.33541  151  157  178.99994   49.00000  72.6%  39.8  318s
 427422 300671   75.50000  178  133  178.99994   49.00000  72.6%  39.8  322s
 435386 302031  145.59864  183  111  178.99994   49.00000  72.6%  40.0  325s
 437403 307398 infeasible  199       178.99994   49.00000  72.6%  40.0  330s
 448223 313693   49.50000  174  166  178.99994   49.00000  72.6%  40.1  338s
 457123 315516   50.73333  143  187  178.99994   49.00000  72.6%  40.1  342s
 459896 319889   49.16667  129  147  178.99994   49.00000  72.6%  40.1  345s
 468374 324752   89.54391  212  112  178.99994   49.00000  72.6%  40.2  352s
 474576 326303   90.16667  175  147  178.99994   49.00000  72.6%  40.1  355s
 479186 337179 infeasible  155       178.99994   49.00000  72.6%  40.2  368s
 494850 343733  140.50000  184   74  178.99994   49.00000  72.6%  40.1  372s
 505421 348031   87.16667  124  108  178.99994   49.00000  72.6%  39.9  376s
 512549 350748  148.50000  211  118  178.99994   49.00000  72.6%  39.9  380s
 516804 357404  114.66667  169  159  178.99994   49.00000  72.6%  39.9  385s
 530625 365047   68.33333  128  140  178.99994   49.00000  72.6%  39.9  393s
 538009 367761   49.00000  116  132  178.99994   49.00000  72.6%  40.0  396s
 541438 372896   49.16668  167  146  178.99994   49.00000  72.6%  40.0  401s
 550021 379947   73.00000  212  120  178.99994   49.00000  72.6%  40.0  408s
 558378 381589   55.66667  152  124  178.99994   49.00000  72.6%  40.1  412s
 560594 386863   55.66667  152  125  178.99994   49.00000  72.6%  40.1  416s
 571111 393921   73.50000  196  111  178.99994   49.00000  72.6%  40.0  423s
 580091 394589  129.00000  131  124  178.99994   49.00000  72.6%  40.0  426s
 581107 398839  152.83333  141   78  178.99994   49.00000  72.6%  40.0  430s
 594558 404304   86.41082  166  117  178.99994   49.00000  72.6%  39.9  436s
 601326 410830   91.00000  151  112  178.99994   49.00000  72.6%  40.0  443s
 606552 415915  119.83333  209   81  178.99994   49.00000  72.6%  39.9  447s
 614724 418026 infeasible  189       178.99994   49.00000  72.6%  39.9  450s
 623981 423670   63.66835  169  147  178.99994   49.00000  72.6%  39.9  457s
 626269 427850 infeasible  180       178.99994   49.00000  72.6%  39.9  461s
 632925 430843 infeasible  241       178.99994   49.00000  72.6%  39.9  465s
 637065 436664   52.74979  200  194  178.99994   49.00000  72.6%  39.9  470s
 646058 439020   49.00000  112  132  178.99994   49.00000  72.6%  40.0  475s
 659003 447262   51.83333   91  129  178.99994   49.00000  72.6%  39.8  482s
 663838 452560 infeasible  134       178.99994   49.00000  72.6%  39.8  486s
 674376 457479   51.66667  196  127  178.99994   49.00000  72.6%  39.7  493s
 679585 460998   55.04778  210  142  178.99994   49.00000  72.6%  39.7  497s
 684806 463901   58.83516  210  146  178.99994   49.00000  72.6%  39.8  501s
 689186 467478  166.86966  241  123  178.99994   49.00000  72.6%  39.8  505s
 700227 475215  168.33333  154  145  178.99994   49.00000  72.6%  39.8  513s
 707365 477260   49.66667  128  147  178.99994   49.00000  72.6%  39.8  518s
 710182 481516  136.16667  164  106  178.99994   49.00000  72.6%  39.8  522s
 716739 484568   53.00183  169  134  178.99994   49.00000  72.6%  39.8  526s
 721499 488981   81.00037  200  119  178.99994   49.00000  72.6%  39.8  531s
 728815 491796   49.00000  153  180  178.99994   49.00000  72.6%  39.8  535s
 733049 497599   80.83731  104  146  178.99994   49.00000  72.6%  39.8  541s
 744821 499956   50.16667  132  128  178.99994   49.00000  72.6%  39.8  548s
 746883 502588   50.00000  105  124  178.99994   49.00000  72.6%  39.8  552s
 751228 508590   62.00055  164  138  178.99994   49.00000  72.6%  39.8  557s
 759860 511505   50.17352  173  179  178.99994   49.00000  72.6%  39.8  561s
 764004 517859   58.91667  182  142  178.99994   49.00000  72.6%  39.9  566s
 774647 520474     cutoff  188       178.99994   49.00000  72.6%  39.8  570s
 785563 526590   65.16685  132  146  178.99994   49.00000  72.6%  39.8  578s
 788745 531382   49.33333  110  143  178.99994   49.00000  72.6%  39.8  582s
 796702 533746   49.00000  110  135  178.99994   49.00000  72.6%  39.8  585s
 806988 539360   50.00000  116  150  178.99994   49.00000  72.6%  39.8  594s
 809240 543341   49.33333  118  168  178.99994   49.00000  72.6%  39.8  599s
 815867 547282  131.67197  191  121  178.99994   49.00000  72.6%  39.8  602s
 822023 550474   50.50451  210  198  178.99994   49.00000  72.6%  39.9  607s
 826786 554780   49.00000  122  176  178.99994   49.00000  72.6%  39.9  611s
 833773 556739   49.00000  107  149  178.99994   49.00000  72.6%  39.9  615s
 846239 565173   54.66667  155  132  178.99994   49.00000  72.6%  39.8  623s
 850174 569579   62.66731  166  128  178.99994   49.00000  72.6%  39.8  626s
 856419 572489  113.92006  223   95  178.99994   49.00000  72.6%  39.9  630s
 860648 577166 infeasible  159       178.99994   49.00000  72.6%  39.9  636s
 868792 578683   66.16731  118  144  178.99994   49.00000  72.6%  39.9  640s
 871043 583928   49.00000  122  144  178.99994   49.00000  72.6%  39.9  645s
 884231 591702   70.84028  216  132  178.99994   49.00000  72.6%  39.9  652s
 892172 593675   94.33333  241  105  178.99994   49.00000  72.6%  39.9  656s
 895036 601787 infeasible  245       178.99994   49.00000  72.6%  39.9  663s
 907903 605036   55.83333  177  127  178.99994   49.00000  72.6%  39.9  666s
 913043 608996 infeasible  171       178.99994   49.00000  72.6%  39.9  671s
 922650 614706   49.00110  130  156  178.99994   49.00000  72.6%  39.8  679s
 928922 619584   98.83333  170  119  178.99994   49.00000  72.6%  39.9  683s
 936946 621283   93.66667  169  124  178.99994   49.00000  72.6%  39.9  686s
 939858 626073   49.83515  137  166  178.99994   49.00000  72.6%  39.9  690s
 950233 632700  166.66667  150  111  178.99994   49.00000  72.6%  39.8  698s
 958604 635938   70.50000  137   96  178.99994   49.00000  72.6%  39.8  701s
 963768 638766   80.33333  137  136  178.99994   49.00000  72.6%  39.8  706s
 973287 646022  125.16667  180  134  178.99994   49.00000  72.6%  39.8  714s
 980978 648285  172.83333  179   74  178.99994   49.00000  72.6%  39.8  718s
 984905 654627 infeasible  182       178.99994   49.00000  72.6%  39.8  722s
 996212 657829  135.91667  189  113  178.99994   49.00000  72.6%  39.7  727s
 1001953 658095   49.00000  145  121  178.99994   49.00000  72.6%  39.7  730s
 1002457 660766   49.00000  146  119  178.99994   49.00000  72.6%  39.7  735s
 1006983 666104   74.83406  152  138  178.99994   49.00000  72.6%  39.7  740s
 1017096 672483  163.28446   97  149  178.99994   49.00000  72.6%  39.7  749s
 1024384 675295  130.36111  127  117  178.99994   49.00000  72.6%  39.7  753s
 1028711 680728   49.16776  126  173  178.99994   49.00000  72.6%  39.7  758s
 1037753 682185   96.00000  160  122  178.99994   49.00000  72.6%  39.6  761s
 1046391 688892  126.16667  127  135  178.99994   49.00000  72.6%  39.6  768s
 1051061 690421   86.33333  116  213  178.99994   49.00000  72.6%  39.6  771s
 1053321 695622  108.17032  123  188  178.99994   49.00000  72.6%  39.6  775s
 1061863 698254   57.05319  130  187  178.99994   49.00000  72.6%  39.6  780s
 1065714 705139   49.33333  151  153  178.99994   49.00000  72.6%  39.6  785s
 1079525 713056  128.16801  220  129  178.99994   49.00000  72.6%  39.6  793s
 1087731 715374   49.33333  130  153  178.99994   49.00000  72.6%  39.6  798s
 1091298 718737  131.33333  110  134  178.99994   49.00000  72.6%  39.6  802s
 1097061 720742   66.83333  161  116  178.99994   49.00000  72.6%  39.6  806s
 1100331 726727   73.66667  202  118  178.99994   49.00000  72.6%  39.6  810s
 1111593 731454   50.66667  136  152  178.99994   49.00000  72.6%  39.6  818s
 1116875 733919   79.83333  152  126  178.99994   49.00000  72.6%  39.6  823s
 1121070 738265  176.83480  174  112  178.99994   49.00000  72.6%  39.6  827s
 1128761 739209     cutoff  148       178.99994   49.00000  72.6%  39.6  830s
 1136435 744646 infeasible  161       178.99994   49.00000  72.6%  39.6  838s
 1139459 749912     cutoff  171       178.99994   49.00000  72.6%  39.6  842s
 1147680 751424   77.00000  128  130  178.99994   49.00000  72.6%  39.6  847s
 1150143 755391   56.16667  145  122  178.99994   49.00000  72.6%  39.6  852s
 1156278 757377   91.83827  198  137  178.99994   49.00000  72.6%  39.5  857s
 1159194 761475   97.00000  221  119  178.99994   49.00000  72.6%  39.5  862s
 1165318 767473  160.00000  167   94  178.99994   49.00000  72.6%  39.5  867s
 1173849 769950 infeasible  147       178.99994   49.00000  72.6%  39.6  871s
 1177925 774748  167.50064  179   93  178.99994   49.00000  72.6%  39.5  876s
 1184901 778395   58.16667  119  149  178.99994   49.00000  72.6%  39.6  880s
 1197332 785301   49.00000   87  147  178.99994   49.00000  72.6%  39.6  888s
 1201205 791126  105.29727  194  124  178.99994   49.00000  72.6%  39.6  892s
 1210089 792448   60.33333  103  159  178.99994   49.00000  72.6%  39.5  896s
 1211984 796503   60.33333  114  175  178.99994   49.00000  72.6%  39.5  900s
 1224032 805611   54.17247  113  171  178.99994   49.00000  72.6%  39.5  908s
 1233532 807586   66.83333  150  135  178.99994   49.00000  72.6%  39.5  911s
 1236707 811314   49.33333  117  116  178.99994   49.00000  72.6%  39.5  915s
 1246729 818000   64.16709  178  122  178.99994   49.00000  72.6%  39.5  923s
 1253545 821356   92.83333  188  101  178.99994   49.00000  72.6%  39.5  927s
 1258885 825245  135.00037  142  143  178.99994   49.00000  72.6%  39.4  932s
 1264896 827665   84.33333  119  173  178.99994   49.00000  72.6%  39.4  937s
 1268919 833660   84.66696  120  176  178.99994   49.00000  72.6%  39.4  943s
 1278077 835557  157.83333  134  139  178.99994   49.00000  72.6%  39.4  947s
 1280727 841195   52.66667  129  140  178.99994   49.00000  72.6%  39.4  951s
 1288643 844134  160.83537  211   88  178.99994   49.00000  72.6%  39.4  955s
 1292849 846093   51.00000  135  173  178.99994   49.00000  72.6%  39.5  960s
 1296209 855039  157.67800  116  104  178.99994   49.00000  72.6%  39.5  966s
 1309915 858613   49.00000  116  170  178.99994   49.00000  72.6%  39.4  970s
 1320662 864877   49.00000   96  146  178.99994   49.00000  72.6%  39.5  978s
 1323839 874073   53.00000  135  149  178.99994   49.00000  72.6%  39.5  984s
 1334433 874073     cutoff  197       178.99994   49.00000  72.6%  39.5  985s
 1341758 881731   49.00000  136  145  178.99994   49.00000  72.6%  39.5  992s
 1348701 884515   72.00000  157  131  178.99994   49.00000  72.6%  39.5  995s
 1359831 890882   49.00000  110  160  178.99994   49.00000  72.6%  39.5 1003s
 1362838 895373   61.83333  128  184  178.99994   49.00000  72.6%  39.5 1007s
 1369733 897736   50.50000  162  138  178.99994   49.00000  72.6%  39.5 1010s
 1379406 904019   92.66667  118  142  178.99994   49.00000  72.6%  39.5 1017s
 1383569 907996   49.00000  138  167  178.99994   49.00000  72.6%  39.5 1021s
 1390998 910456   49.33772  133  137  178.99994   49.00000  72.6%  39.5 1025s
 1403762 917394   49.00000  125  136  178.99994   49.00000  72.6%  39.5 1032s
 1405911 922695  112.50000  161   88  178.99994   49.00000  72.6%  39.5 1035s
 1417781 931682   57.00000  190  164  178.99994   49.00000  72.6%  39.5 1045s
 1433178 938761   50.00000  128  170  178.99994   49.00000  72.6%  39.5 1053s
 1439852 943844   69.84872  200  120  178.99994   49.00000  72.6%  39.5 1057s
 1447947 946481   59.00000  118  122  178.99994   49.00000  72.6%  39.5 1060s
 1452104 953937   87.54459  136  108  178.99994   49.00000  72.6%  39.5 1065s
 1466259 958646   49.00000  119  148  178.99994   49.00000  72.6%  39.5 1072s
 1473053 960003  122.50000  168  125  178.99994   49.00000  72.6%  39.5 1075s
 1483506 968073   67.00044  166  156  178.99994   49.00000  72.6%  39.5 1083s
 1489287 971492 infeasible  142       178.99994   49.00000  72.6%  39.5 1086s
 1498715 979383     cutoff  151       178.99994   49.00000  72.6%  39.5 1093s
 1506615 982016   65.83333  183  117  178.99994   49.00000  72.6%  39.5 1096s
 1511149 986929  143.09225  149  149  178.99994   49.00000  72.6%  39.5 1100s
 1523451 994614  154.33794  133  106  178.99994   49.00000  72.6%  39.5 1108s
 1531813 996946  150.50000  156  125  178.99994   49.00000  72.6%  39.5 1111s
 1535421 1002233   92.50000  156   96  178.99994   49.00000  72.6%  39.5 1115s
 1545886 1007122   62.50000  139  164  178.99994   49.00000  72.6%  39.5 1122s
 1552108 1010193     cutoff  180       178.99994   49.00000  72.6%  39.5 1126s
 1557021 1011647 infeasible  155       178.99994   49.00000  72.6%  39.5 1131s
 1559165 1015848  130.66776  165  116  178.99994   49.00000  72.6%  39.5 1135s
 1566136 1021268  100.09136  155  153  178.99994   49.00000  72.6%  39.5 1140s
 1578718 1029942  101.50000  172  117  178.99994   49.00000  72.6%  39.6 1148s
 1589270 1034027   49.33333  161  132  178.99994   49.00000  72.6%  39.6 1151s
 1595950 1036349   49.83333  143  181  178.99994   49.00000  72.6%  39.6 1155s
 1608333 1044981   49.00000  128  162  178.99994   49.00000  72.6%  39.6 1162s
 1611927 1049613     cutoff  184       178.99994   49.00000  72.6%  39.7 1167s
 1619577 1051991   51.17269  163  147  178.99994   49.00000  72.6%  39.7 1172s
 1622980 1059134   68.50140  197  124  178.99994   49.00000  72.6%  39.7 1178s
 1634052 1061154 infeasible  201       178.99994   49.00000  72.6%  39.8 1181s
 1637767 1066040   56.83333   76  159  178.99994   49.00000  72.6%  39.8 1186s
 1645466 1067938   51.83804  170  167  178.99994   49.00000  72.6%  39.8 1190s
 1648825 1072617 infeasible  180       178.99994   49.00000  72.6%  39.8 1195s
 1657269 1075038   68.33333  136  144  178.99994   49.00000  72.6%  39.8 1200s

Cutting planes:
  Learned: 273
  Gomory: 11
  Cover: 205
  Implied bound: 141
  Clique: 16
  MIR: 734
  StrongCG: 4
  Flow cover: 1563
  GUB cover: 1
  Zero half: 1
  RLT: 14
  Relax-and-lift: 531

Cleanup yields a better solution

Explored 1660116 nodes (66095617 simplex iterations) in 1200.03 seconds
Thread count was 32 (of 64 available processors)

Solution count 10: 179 179 179 ... 181.667

Time limit reached
Best objective 1.789308434245e+02, best bound 4.900000000000e+01, gap 72.6151%
