
Gurobi 9.1.2 (linux64) logging started Thu Mar 31 01:45:33 2022

Changed value of parameter LogFile to germany_v-Passau.log
   Prev:   Default: 
Changed value of parameter MIPFocus to 1
   Prev: 0  Min: 0  Max: 3  Default: 0
Changed value of parameter TimeLimit to 600.0
   Prev: inf  Min: 0.0  Max: inf  Default: inf
Warning: variables 0 and 276 have the same name "X[Koeln,Aachen]"
Warning: linear constraint 306 and linear constraint 307 have the same name "weight-constr-t5"
Warning: to let Gurobi read it back, use rlp format
Gurobi Optimizer version 9.1.2 build v9.1.2rc0 (linux64)
Thread count: 32 physical cores, 64 logical processors, using up to 32 threads
Optimize a model with 1987 rows, 1656 columns and 5958 nonzeros
Model fingerprint: 0x2d0309d1
Variable types: 300 continuous, 1356 integer (1356 binary)
Coefficient statistics:
  Matrix range     [1e+00, 1e+06]
  Objective range  [2e-01, 2e-01]
  Bounds range     [1e+00, 5e+05]
  RHS range        [1e+00, 1e+06]
Presolve removed 66 rows and 72 columns
Presolve time: 0.01s
Presolved: 1921 rows, 1584 columns, 10854 nonzeros
Variable types: 294 continuous, 1290 integer (1290 binary)

Root relaxation: objective 4.900000e+01, 203 iterations, 0.00 seconds

    Nodes    |    Current Node    |     Objective Bounds      |     Work
 Expl Unexpl |  Obj  Depth IntInf | Incumbent    BestBd   Gap | It/Node Time

     0     0   49.00000    0   56          -   49.00000      -     -    0s
     0     0   49.00000    0   63          -   49.00000      -     -    0s
     0     0   49.00000    0   68          -   49.00000      -     -    0s
     0     0   49.00000    0   57          -   49.00000      -     -    0s
     0     0   49.00000    0   54          -   49.00000      -     -    0s
     0     0   49.00000    0   54          -   49.00000      -     -    0s
     0     0   49.00000    0   45          -   49.00000      -     -    0s
     0     2   49.00000    0   45          -   49.00000      -     -    1s
H 6300  4032                    12367.666667   49.00000   100%   6.1    2s
H 6300  3830                    6566.9999999   49.00000  99.3%   6.1    3s
H 6300  3638                    6566.6666665   49.00000  99.3%   6.1    3s
H 6301  3459                    6566.3333203   49.00000  99.3%   7.7    3s
H 6302  3288                    6564.8333199   49.00000  99.3%   7.7    3s
H 6309  3129                    6564.6666549   49.00000  99.3%   7.7    3s
H 6314  2984                    6394.1666545   49.00000  99.2%   7.8    3s
H 6320  2833                    6335.4166656   49.00000  99.2%   7.8    3s
H 6350  2738                    6335.4166532   49.00000  99.2%   7.9    3s
H 6351  2603                    6324.9166542   49.00000  99.2%   7.9    3s
H 6352  2476                    6236.8541545   49.00000  99.2%   7.9    3s
H 6358  2353                    6194.4166536   49.00000  99.2%   7.9    3s
H 6362  2237                    6143.3333332   49.00000  99.2%   7.9    3s
H 6376  2123                    3613.7499991   49.00000  98.6%   7.9    3s
H 6414  2071                    3491.3333325   49.00000  98.6%   7.9    5s
H 6415  1972                    3280.9999999   49.00000  98.5%   7.9    5s
H 6416  1879                    1562.5000000   49.00000  96.9%   7.9    5s
H 6426  1786                    1467.5000000   49.00000  96.7%   8.0    5s
H 6478  1748                    1430.6666667   49.00000  96.6%   8.0    7s
H 6479  1668                    1364.5000000   49.00000  96.4%   8.0    7s
H 6493  1587                    1202.0000000   49.00000  95.9%   8.0    7s
H 6498  1513                    1197.6666667   49.00000  95.9%   8.0    7s
H 6510  1472                    1195.8333332   49.00000  95.9%   8.0    9s
H 6512  1407                    1186.8333333   49.00000  95.9%   8.0    9s
H 6514  1343                    1185.0000000   49.00000  95.9%   8.0    9s
H 6515  1285                    1121.5000000   49.00000  95.6%   8.0    9s
H 6522  1226                    1102.1666667   49.00000  95.6%   8.0    9s
H 6530  1170                    1073.1666666   49.00000  95.4%   8.0    9s
H 6542  1148                    1063.8333332   49.00000  95.4%   8.0    9s
H 6543  1099                    1048.8333333   49.00000  95.3%   8.0    9s
H 6554  1050                    1038.3333333   49.00000  95.3%   8.0    9s
H 6574  1032                    1026.8333333   49.00000  95.2%   8.0   12s
H 6575   991                    1016.2333333   49.00000  95.2%   8.0   12s
H 6577   951                    1014.1666667   49.00000  95.2%   8.0   12s
H 6604   904                    1004.8333333   49.00000  95.1%   8.0   12s
H 6606   900                     998.1666667   49.00000  95.1%   8.0   14s
H 6607   867                     995.1666667   49.00000  95.1%   8.0   14s
H 6614   833                     938.3333333   49.00000  94.8%   8.0   14s
H 6615   801                     929.5000000   49.00000  94.7%   8.0   14s
H 6638   798                     927.1666667   49.00000  94.7%   8.0   17s
H 6639   769                     893.5000000   49.00000  94.5%   8.0   17s
H 6670   765                     872.5666667   49.00000  94.4%   8.0   18s
H 6682   737                     872.1666667   49.00000  94.4%   8.0   18s
H 6695   709                     847.3333333   49.00000  94.2%   8.0   18s
H 7598  1244                     845.6666667   49.00000  94.2%   8.1   21s
H 7599  1244                     841.1666666   49.00000  94.2%   8.1   21s
H 7600  1244                     838.8333333   49.00000  94.2%   8.1   21s
H 7620  1244                     836.1666667   49.00000  94.1%   8.1   21s
H 9493  2943                     835.6666667   49.00000  94.1%   8.6   21s
H 9500  2943                     833.1666667   49.00000  94.1%   8.6   21s
H 9787  2943                     833.0000000   49.00000  94.1%   8.7   21s
H 9867  2943                     832.1662627   49.00000  94.1%   8.7   21s
H 9978  3704                     832.1647044   49.00000  94.1%   8.7   22s
H10004  3704                     832.0000000   49.00000  94.1%   8.7   22s
H10176  3704                     831.8333333   49.00000  94.1%   8.8   22s
H10959  3704                     831.3333333   49.00000  94.1%   8.9   22s
H10960  3729                     817.8333333   49.00000  94.0%   8.9   24s
H10962  3727                     750.3333333   49.00000  93.5%   8.9   24s
H11000  4301                     749.5000000   49.00000  93.5%   8.9   24s
H11127  4301                     749.1666666   49.00000  93.5%   8.9   24s
H11129  4301                     748.3333333   49.00000  93.5%   8.9   24s
H11131  4264                     671.3333333   49.00000  92.7%   8.9   24s
 11809  6391  381.66667   95   45  671.33333   49.00000  92.7%   9.0   25s
H11900  6389                     668.8333333   49.00000  92.7%   9.0   25s
H15100  9038                     668.6666667   49.00000  92.7%   9.4   26s
H16203  9038                     668.5000000   49.00000  92.7%   9.4   26s
H19792 11022                     668.4999993   49.00000  92.7%   9.5   27s
H20568 11022                     667.6666667   49.00000  92.7%   9.6   27s
H22278 11022                     665.9270833   49.00000  92.6%   9.6   27s
H22700 12635                     665.8958333   49.00000  92.6%   9.6   28s
H22703 12635                     665.8750000   49.00000  92.6%   9.6   28s
H23432 12635                     665.8333333   49.00000  92.6%   9.6   28s
H23638 12635                     665.7777778   49.00000  92.6%   9.6   28s
H23861 12635                     665.6111111   49.00000  92.6%   9.6   28s
H24852 12662                     663.0000000   49.00000  92.6%   9.6   29s
H24853 12662                     659.5000000   49.00000  92.6%   9.6   29s
H24854 12662                     657.0000000   49.00000  92.5%   9.6   29s
H24866 12656                     637.5833333   49.00000  92.3%   9.6   29s
H24882 12654                     633.0000000   49.00000  92.3%   9.6   29s
 24888 14496   49.83333   62   30  633.00000   49.00000  92.3%   9.6   30s
H24900 14485                     620.0000000   49.00000  92.1%   9.6   30s
H26661 14478                     607.0000000   49.00000  91.9%   9.7   30s
H27900 17196                     606.3333333   49.00000  91.9%   9.7   31s
H28395 17196                     606.0000000   49.00000  91.9%   9.7   31s
H28531 17196                     603.6666667   49.00000  91.9%   9.7   31s
H30883 17196                     602.6118675   49.00000  91.9%   9.7   31s
H31900 25129                     602.5000000   49.00000  91.9%   9.7   33s
H32000 25129                     602.3333333   49.00000  91.9%   9.7   33s
H32100 25129                     601.9999957   49.00000  91.9%   9.7   33s
H32199 25129                     601.8333333   49.00000  91.9%   9.7   33s
H33169 25129                     596.4444444   49.00000  91.8%   9.7   33s
H37474 25129                     595.1666667   49.00000  91.8%   9.8   33s
H44097 26719                     595.0000000   49.00000  91.8%  10.0   34s
H44674 26710                     591.6666667   49.00000  91.7%  10.0   34s
H45015 26708                     591.3333333   49.00000  91.7%  10.0   34s
H46964 26677                     588.0000000   49.00000  91.7%  10.0   36s
H46970 26677                     587.1666667   49.00000  91.7%  10.0   36s
H46971 26676                     586.6666667   49.00000  91.6%  10.0   36s
H46976 26673                     583.3333333   49.00000  91.6%  10.0   36s
H46993 26673                     581.6666667   49.00000  91.6%  10.0   36s
H47018 26668                     580.0000000   49.00000  91.6%  10.0   36s
H47100 28051                     579.3333333   49.00000  91.5%  10.1   36s
H48137 28051                     579.1666667   49.00000  91.5%  10.1   36s
H51196 30372                     577.6666667   49.00000  91.5%  10.1   37s
H56147 33496                     577.4969340   49.00000  91.5%  10.2   38s
H59401 33496                     577.3333333   49.00000  91.5%  10.2   38s
H60546 36084                     577.0000000   49.00000  91.5%  10.2   39s
H65887 38092                     576.0000000   49.00000  91.5%  10.2   41s
H85307 49576                     575.9999889   49.00000  91.5%  10.5   44s
 87964 49584 infeasible  105       575.99999   49.00000  91.5%  10.6   45s
H87968 49584                     575.9999837   49.00000  91.5%  10.6   45s
H88020 49608                     575.9999836   49.00000  91.5%  10.6   48s
 92917 51620   56.66667   84   27  575.99998   49.00000  91.5%  10.7   51s
 115618 64780  338.83333  118   22  575.99998   49.00000  91.5%  10.8   56s
 130460 82501   56.33333  113   20  575.99998   49.00000  91.5%  10.9   61s
H141663 82501                     575.8711291   49.00000  91.5%  11.1   61s
H143981 85366                     575.4906168   49.00000  91.5%  11.1   62s
H149319 88892                     575.2419541   49.00000  91.5%  11.2   63s
H154867 90423                     575.2406611   49.00000  91.5%  11.2   64s
 156392 94469   51.50000  137   21  575.24066   49.00000  91.5%  11.2   65s
H157272 94469                     575.2380751   49.00000  91.5%  11.2   65s
H162784 100482                     575.2329031   49.00000  91.5%  11.3   67s
 178434 108183   69.50000  105   43  575.23290   49.00000  91.5%  11.4   70s
H184064 108264                     575.2225591   49.00000  91.5%  11.4   71s
 194203 119434   54.50000  117   35  575.22256   49.00000  91.5%  11.5   76s
 220151 130425   59.33334  142   34  575.22256   49.00000  91.5%  11.6   80s
 239344 140437  392.66667  141   32  575.22256   49.00000  91.5%  11.7   85s
 261322 154557   49.00000  107   18  575.22256   49.00000  91.5%  11.8   90s
 280754 162967   53.25000  131   39  575.22256   49.00000  91.5%  11.8   95s
 299835 176783     cutoff  155       575.22256   49.00000  91.5%  11.9  100s
 315790 184001 infeasible  143       575.22256   49.00000  91.5%  12.0  105s
 327527 191862   57.00000  132   29  575.22256   49.00000  91.5%  12.0  110s
 350046 204175  153.66666  155   21  575.22256   49.00000  91.5%  12.0  115s
 371798 212663   57.50004  134   24  575.22256   49.00000  91.5%  12.1  121s
 377449 217223   57.16667  114   28  575.22256   49.00000  91.5%  12.1  126s
 394442 226431   49.16667  138   39  575.22256   49.00000  91.5%  12.1  130s
 408626 240651  148.13334  165   36  575.22256   49.00000  91.5%  12.2  135s
 433939 255584  215.83334  135   24  575.22256   49.00000  91.5%  12.2  141s
 448370 273568  387.50001  137   34  575.22256   49.00000  91.5%  12.3  147s
 478092 280082   63.33334  119   22  575.22256   49.00000  91.5%  12.3  150s
 499079 291938   53.16667  127   43  575.22256   49.00000  91.5%  12.3  155s
 524784 302169  129.66667  115   23  575.22256   49.00000  91.5%  12.3  160s
 540117 315854  128.66667   97   16  575.22256   49.00000  91.5%  12.3  165s
 563464 325135   54.00000  116   37  575.22256   49.00000  91.5%  12.3  170s
 585609 336190   51.33334  107   17  575.22256   49.00000  91.5%  12.3  175s
 604535 356647   66.83333  168   17  575.22256   49.00000  91.5%  12.3  182s
 633699 363480   58.33334  160   35  575.22256   49.00000  91.5%  12.3  185s
 652304 370461  125.66667  170   53  575.22256   49.00000  91.5%  12.3  192s
 656729 378180   63.33333  149   37  575.22256   49.00000  91.5%  12.3  196s
 680207 389125  289.50033  166   26  575.22256   49.00000  91.5%  12.4  201s
 700727 398489   68.83334   98   30  575.22256   49.00000  91.5%  12.4  207s
 700814 415817   69.00000   99   30  575.22256   49.00000  91.5%  12.4  213s
 732846 417934   67.91668  112   32  575.22256   49.00000  91.5%  12.4  215s
 737792 424725  215.50000  101   21  575.22256   49.00000  91.5%  12.4  222s
 760290 431857  384.50000  121   34  575.22256   49.00000  91.5%  12.4  225s
 777967 440325   50.00000   98   15  575.22256   49.00000  91.5%  12.4  230s
 793590 449247   64.66667  145   21  575.22256   49.00000  91.5%  12.4  235s
 813983 464601   52.83333   93   16  575.22256   49.00000  91.5%  12.4  240s
 835061 477549  108.66667  134   20  575.22256   49.00000  91.5%  12.4  245s
 844615 479182  127.70635  107   31  575.22256   49.00000  91.5%  12.4  252s
 852997 484243  130.50000  112   24  575.22256   49.00000  91.5%  12.4  255s
 853552 503501  130.83333  114   25  575.22256   49.00000  91.5%  12.4  263s
 885584 505569   49.00000  102   41  575.22256   49.00000  91.5%  12.4  265s
 905069 520773     cutoff  124       575.22256   49.00000  91.5%  12.4  270s
 926306 535504   67.66662  130   26  575.22256   49.00000  91.5%  12.4  276s
 947445 547995  213.33333  127   31  575.22256   49.00000  91.5%  12.4  281s
 965159 555181   61.83334  155   28  575.22256   49.00000  91.5%  12.4  285s
 982022 566176     cutoff  144       575.22256   49.00000  91.5%  12.4  290s
 1001464 577937  297.33334  131   20  575.22256   49.00000  91.5%  12.4  295s
 1006540 582193  130.83349  132   34  575.22256   49.00000  91.5%  12.4  300s
 1027761 595678  100.50001  133   33  575.22256   49.00000  91.5%  12.4  306s
 1044535 604442   55.50000   97   19  575.22256   49.00000  91.5%  12.4  310s
 1062631 615994   56.25000  114   24  575.22256   49.00000  91.5%  12.4  315s
 1078200 641985  389.20833  178   37  575.22256   49.00000  91.5%  12.5  325s
 1128365 654490   52.66667  142   22  575.22256   49.00000  91.5%  12.4  330s
 1140770 664812   49.16667  143   24  575.22256   49.00000  91.5%  12.4  335s
 1158677 675833  258.00001  189   30  575.22256   49.00000  91.5%  12.5  340s
 1171791 686771  175.50002  177   42  575.22256   49.00000  91.5%  12.5  345s
 1199522 701871  395.41667  159   28  575.22256   49.00000  91.5%  12.5  350s
 1219500 711845 infeasible  198       575.22256   49.00000  91.5%  12.5  356s
 1234965 730505   61.00000  154   46  575.22256   49.00000  91.5%  12.6  362s
 1264826 739887   57.83333  149   22  575.22256   49.00000  91.5%  12.6  365s
 1282915 748312  188.50000  168   24  575.22256   49.00000  91.5%  12.6  370s
 1310920 761587   50.33333  139   20  575.22256   49.00000  91.5%  12.6  376s
 1327535 769175   49.50000  142   21  575.22256   49.00000  91.5%  12.6  380s
 1355191 783275   65.16669  188   35  575.22256   49.00000  91.5%  12.6  387s
 1358436 787561     cutoff  175       575.22256   49.00000  91.5%  12.6  390s
 1381491 799505   96.33333  158   26  575.22256   49.00000  91.5%  12.7  395s
 1398843 809791  102.83333  183   26  575.22256   49.00000  91.5%  12.7  400s
 1421793 825103   54.50000  135   46  575.22256   49.00000  91.5%  12.7  407s
 1438305 831792  377.16667  159   28  575.22256   49.00000  91.5%  12.7  410s
 1454983 834377 infeasible  139       575.22256   49.00000  91.5%  12.7  415s
 1459339 836699  509.33334  167   37  575.22256   49.00000  91.5%  12.7  420s
 1465103 841518   71.83334  150   54  575.22256   49.00000  91.5%  12.7  425s
 1487508 854423   51.16667  164   23  575.22256   49.00000  91.5%  12.7  430s
 1505622 862391   57.83333  155   32  575.22256   49.00000  91.5%  12.7  435s
 1533198 872061   56.83333  131   46  575.22256   49.00000  91.5%  12.8  441s
 1533316 873947   92.50000  133   44  575.22256   49.00000  91.5%  12.8  445s
 1550118 883643  192.83341  189   36  575.22256   49.00000  91.5%  12.8  451s
 1567239 894719  204.83334  167   32  575.22256   49.00000  91.5%  12.8  455s
 1588007 901772   86.91667  172   31  575.22256   49.00000  91.5%  12.8  462s
 1591439 906986  388.00001  158   43  575.22256   49.00000  91.5%  12.8  465s
 1616469 917369 infeasible  111       575.22256   49.00000  91.5%  12.8  471s
 1632295 922467   90.50001  151   48  575.22256   49.00000  91.5%  12.8  475s
 1657305 936750   56.66667  180   26  575.22256   49.00000  91.5%  12.8  480s
 1670535 942925   53.83333  129   33  575.22256   49.00000  91.5%  12.8  485s
 1674850 950154   88.83333  135   38  575.22256   49.00000  91.5%  12.8  491s
 1692887 956324  390.66667  159   34  575.22256   49.00000  91.5%  12.8  495s
 1709757 963148   91.66676  202   36  575.22256   49.00000  91.5%  12.8  500s
 1727504 975065  154.33334  180   43  575.22256   49.00000  91.5%  12.8  505s
 1747268 986900  217.59091  173   35  575.22256   49.00000  91.5%  12.8  511s
 1761753 989803   49.50000  144   27  575.22256   49.00000  91.5%  12.8  517s
 1769703 994191   54.16667  139   20  575.22256   49.00000  91.5%  12.8  521s
 1771279 1008450   54.83333  140   22  575.22256   49.00000  91.5%  12.8  525s
 1808066 1017228  232.50000  150   26  575.22256   49.00000  91.5%  12.8  530s
 1824615 1029145   90.66667  123   29  575.22256   49.00000  91.5%  12.8  536s
 1849343 1038484   59.66667  151   18  575.22256   49.00000  91.5%  12.8  540s
 1866025 1048999   54.33333  168   47  575.22256   49.00000  91.5%  12.8  545s
 1881839 1058432 infeasible  134       575.22256   49.00000  91.5%  12.8  550s
 1899098 1066809   76.16667  158   77  575.22256   49.00000  91.5%  12.8  555s
 1912246 1074883   49.16667  134   21  575.22256   49.00000  91.5%  12.8  560s
 1938124 1085384   50.83334  142   24  575.22256   49.00000  91.5%  12.9  565s
 1939758 1089649   50.50000  145   19  575.22256   49.00000  91.5%  12.9  570s
 1952886 1098694   60.50000  162   43  575.22256   49.00000  91.5%  12.9  575s
 1960057 1105940   74.83333  126   36  575.22256   49.00000  91.5%  12.9  580s
 1989535 1115071  129.33333  114   22  575.22256   49.00000  91.5%  12.9  588s
 1989573 1131356  129.33333  115   22  575.22256   49.00000  91.5%  12.9  595s
 2033640 1140910   54.45833  182   18  575.22256   49.00000  91.5%  12.9  600s

Cutting planes:
  Learned: 174
  Cover: 94
  Implied bound: 22
  Clique: 15
  MIR: 10
  Flow cover: 368
  RLT: 1
  Relax-and-lift: 116

Cleanup yields a better solution

Explored 2035852 nodes (26282549 simplex iterations) in 600.03 seconds
Thread count was 32 (of 64 available processors)

Solution count 10: 575.223 576 577 ... 581.667

Time limit reached
Best objective 5.749724725036e+02, best bound 4.900000000001e+01, gap 91.4779%

Gurobi 9.1.2 (linux64) logging started Mon Apr  4 21:21:50 2022

Changed value of parameter LogFile to germany_v-Passau.log
   Prev:   Default: 
Changed value of parameter MIPFocus to 1
   Prev: 0  Min: 0  Max: 3  Default: 0
Changed value of parameter TimeLimit to 1200.0
   Prev: inf  Min: 0.0  Max: inf  Default: inf
Warning: variables 0 and 276 have the same name "X[Muenchen,Passau]"
Warning: linear constraint 306 and linear constraint 307 have the same name "weight-constr-t5"
Warning: to let Gurobi read it back, use rlp format
Gurobi Optimizer version 9.1.2 build v9.1.2rc0 (linux64)
Thread count: 32 physical cores, 64 logical processors, using up to 32 threads
Optimize a model with 1987 rows, 1656 columns and 5958 nonzeros
Model fingerprint: 0x480ae1ce
Variable types: 300 continuous, 1356 integer (1356 binary)
Coefficient statistics:
  Matrix range     [1e+00, 1e+06]
  Objective range  [2e-01, 2e-01]
  Bounds range     [1e+00, 5e+05]
  RHS range        [1e+00, 1e+06]
Presolve removed 66 rows and 72 columns
Presolve time: 0.01s
Presolved: 1921 rows, 1584 columns, 10854 nonzeros
Variable types: 294 continuous, 1290 integer (1290 binary)

Root relaxation: objective 4.900000e+01, 202 iterations, 0.00 seconds

    Nodes    |    Current Node    |     Objective Bounds      |     Work
 Expl Unexpl |  Obj  Depth IntInf | Incumbent    BestBd   Gap | It/Node Time

     0     0   49.00000    0   63          -   49.00000      -     -    0s
     0     0   49.00000    0   87          -   49.00000      -     -    0s
     0     0   49.00000    0   83          -   49.00000      -     -    0s
     0     0   49.00000    0   38          -   49.00000      -     -    0s
     0     0   49.00000    0   35          -   49.00000      -     -    0s
     0     0   49.00000    0   39          -   49.00000      -     -    0s
H    0     0                    1912698.6667   49.00000   100%     -    0s
     0     0   49.00000    0   37 1912698.67   49.00000   100%     -    0s
H    0     0                    16469.937491   49.00000   100%     -    0s
H    0     0                    16469.500000   49.00000   100%     -    0s
H    0     0                    4277.5000000   49.00000  98.9%     -    0s
H    0     0                    4276.3333333   49.00000  98.9%     -    0s
H    0     2                    2225.1666665   49.00000  97.8%     -    0s
     0     2   49.00000    0   37 2225.16667   49.00000  97.8%     -    0s
H    2     4                    2225.1666662   49.00000  97.8%   191    0s
H   31    62                    2224.8333329   49.00000  97.8%  21.9    0s
H   33    62                    2163.1666667   49.00000  97.7%  22.4    0s
H   47    62                    1164.0000000   49.00000  95.8%  17.3    0s
H   95   126                    1131.8333333   49.00000  95.7%  12.1    2s
H  159   190                    1130.5000000   49.00000  95.7%  10.2    4s
H  162   190                    1129.6666667   49.00000  95.7%  10.0    4s
H  164   190                    1129.3333333   49.00000  95.7%  10.0    4s
H  183   190                     599.8333333   49.00000  91.8%   9.6    4s
H  191   222                     582.8333333   49.00000  91.6%   9.4    7s
H  204   222                     580.8333333   49.00000  91.6%   9.0    7s
H  230   444                     580.8333333   49.00000  91.6%   8.5    7s
H  237   444                     580.6666666   49.00000  91.6%   8.4    7s
H  314   444                     580.4999999   49.00000  91.6%   7.5    7s
H  567  1071                     580.3333333   49.00000  91.6%   6.9    8s
H  647  1071                     580.1666666   49.00000  91.6%   6.7    8s
H  707  1071                     578.5000000   49.00000  91.5%   6.6    8s
H 1089  1114                     577.5000000   49.00000  91.5%   6.0   10s
H 4430  4286                     577.3333333   49.00000  91.5%   5.5   11s
H10951 11522                     577.3333333   49.00000  91.5%   5.4   12s
H16977 14439                     577.1666667   49.00000  91.5%   6.5   14s
H17029 13768                     577.0000000   49.00000  91.5%   6.5   14s
H17066 13106                     576.6666667   49.00000  91.5%   6.5   14s
 17528 13421   49.94444   35  175  576.66667   49.00000  91.5%   6.6   15s
H17530 12773                     576.3333333   49.00000  91.5%   6.6   15s
H17532 12156                     576.0000000   49.00000  91.5%   6.6   15s
H18892 12570                     575.9999999   49.00000  91.5%   7.0   15s
H20842 13131                     575.9999999   49.00000  91.5%   7.4   16s
H21002 12969                     575.9999998   49.00000  91.5%   7.4   16s
H21234 12390                     575.9999997   49.00000  91.5%   7.4   16s
H25432 13906                     575.9999981   49.00000  91.5%   8.3   17s
H25551 13441                     575.9999923   49.00000  91.5%   8.3   17s
H26376 13522                     575.9999923   49.00000  91.5%   8.6   18s
 36197 18865   63.50000   83  135  575.99999   49.00000  91.5%  10.6   20s
H36642 18308                     575.9999922   49.00000  91.5%  10.7   20s
H37554 20276                     575.9999921   49.00000  91.5%  10.8   20s
H40350 19837                     575.9999920   49.00000  91.5%  11.0   25s
H40363 19837                     575.9999919   49.00000  91.5%  11.0   25s
 58272 40653   51.00003   48  154  575.99999   49.00000  91.5%  13.1   30s
H84490 58003                     575.9999916   49.00000  91.5%  14.4   33s
H89153 66143                     575.9999915   49.00000  91.5%  14.6   34s
 98289 66568   49.00000  115  186  575.99999   49.00000  91.5%  14.8   35s
 111370 77466   64.66798  216  176  575.99999   49.00000  91.5%  15.6   41s
H111373 77466                     575.9999670   49.00000  91.5%  15.6   41s
H111399 77466                     575.9999593   49.00000  91.5%  15.6   41s
 118075 82426  232.66730  272  122  575.99996   49.00000  91.5%  15.7   52s
H118084 82426                     575.9999592   49.00000  91.5%  15.7   52s
H118086 82426                     575.9999580   49.00000  91.5%  15.7   52s
 118113 107111  233.00063  269  121  575.99996   49.00000  91.5%  15.7   57s
H119139 107111                     575.9999579   49.00000  91.5%  15.7   57s
H124144 107111                     575.9999578   49.00000  91.5%  15.8   57s
 150919 133044  139.50000  201   97  575.99996   49.00000  91.5%  16.2   62s
H158507 133044                     575.9999577   49.00000  91.5%  16.4   62s
 190190 138830   90.00000  210  141  575.99996   49.00000  91.5%  17.2   65s
 213322 164521   49.00000   73  185  575.99996   49.00000  91.5%  17.7   70s
 240219 183912 infeasible  137       575.99996   49.00000  91.5%  18.0   75s
 248095 183935  141.00000  149  140  575.99996   49.00000  91.5%  18.1   83s
 248136 208541  141.83333  150  142  575.99996   49.00000  91.5%  18.1   88s
 289177 216936   50.33386  176  174  575.99996   49.00000  91.5%  18.5   90s
 309652 237816  190.00152  303  110  575.99996   49.00000  91.5%  18.8   95s
 324930 241298   65.66667  198  178  575.99996   49.00000  91.5%  18.8  101s
 339230 257364 infeasible  179       575.99996   49.00000  91.5%  18.8  106s
 346462 260829   56.66669  202  168  575.99996   49.00000  91.5%  18.9  110s
 369035 274759  113.16667  203  113  575.99996   49.00000  91.5%  19.1  117s
 369761 298898  197.00000  204  109  575.99996   49.00000  91.5%  19.1  121s
 418263 314167  303.66667  238   84  575.99996   49.00000  91.5%  19.5  125s
 445529 331336  392.66667  110  131  575.99996   49.00000  91.5%  19.5  130s
 462205 342179   49.00000  136  205  575.99996   49.00000  91.5%  19.6  138s
 462240 365121   49.00000  137  211  575.99996   49.00000  91.5%  19.6  144s
 494272 366045   78.16667  214  123  575.99996   49.00000  91.5%  19.8  146s
 525786 392490   53.33333  136  172  575.99996   49.00000  91.5%  20.1  151s
 536920 395405   62.91667  149  159  575.99996   49.00000  91.5%  20.2  155s
 556557 414960  396.50010  275  123  575.99996   49.00000  91.5%  20.3  160s
 572905 421254   97.16987  130  143  575.99996   49.00000  91.5%  20.3  166s
 585831 433782  138.83333  138  159  575.99996   49.00000  91.5%  20.3  170s
 611766 453898   49.00000   87  176  575.99996   49.00000  91.5%  20.4  175s
 640749 471703   49.83333  207  173  575.99996   49.00000  91.5%  20.4  180s
 670174 495429 infeasible  201       575.99996   49.00000  91.5%  20.6  185s
 692392 509970  190.66667  245  129  575.99996   49.00000  91.5%  20.6  190s
H716731 526610                     575.9948794   49.00000  91.5%  20.8  194s
 717678 529439  122.66667  157  161  575.99488   49.00000  91.5%  20.8  195s
H718174 529439                     575.9839452   49.00000  91.5%  20.8  195s
 744301 548544   57.91671   89  198  575.98395   49.00000  91.5%  20.9  200s
 754205 553185 infeasible  201       575.98395   49.00000  91.5%  21.0  211s
 763250 559834  417.33333  189  122  575.98395   49.00000  91.5%  21.0  225s
 777763 576498   89.83344  225  137  575.98395   49.00000  91.5%  21.1  230s
 809285 593378     cutoff  208       575.98395   49.00000  91.5%  21.2  240s
 841359 620743 infeasible  285       575.98395   49.00000  91.5%  21.4  245s
 869037 637878  142.50037  217  115  575.98395   49.00000  91.5%  21.5  250s
 895321 653178   49.00008  111  208  575.98395   49.00000  91.5%  21.6  255s
 922723 672894   49.00000  157  188  575.98395   49.00000  91.5%  21.6  260s
 947006 688685 infeasible  249       575.98395   49.00000  91.5%  21.8  265s
 975057 708178 infeasible  238       575.98395   49.00000  91.5%  22.0  270s
 983150 711188 infeasible  248       575.98395   49.00000  91.5%  22.0  278s
 984026 716939 infeasible  261       575.98395   49.00000  91.5%  22.0  280s
 1001810 722916   59.20399  157  162  575.98395   49.00000  91.5%  22.0  291s
 1001861 745334   59.21141  158  162  575.98395   49.00000  91.5%  22.0  295s
 1052079 760418  130.24905  214  114  575.98395   49.00000  91.5%  22.2  300s
 1078283 778416   55.33333  102  173  575.98395   49.00000  91.5%  22.2  305s
 1104621 796208  424.33341  263   72  575.98395   49.00000  91.5%  22.3  310s
 1113030 799688   61.83346  184  160  575.98395   49.00000  91.5%  22.3  318s
 1113905 804744   49.00000  172  212  575.98395   49.00000  91.5%  22.3  321s
 1120400 804759   50.50000  197  181  575.98395   49.00000  91.5%  22.4  331s
 1137478 819509   50.00201  126  184  575.98395   49.00000  91.5%  22.4  335s
 1157045 829770  411.50000  215  101  575.98395   49.00000  91.5%  22.5  343s
 1157089 852126  411.50000  216  101  575.98395   49.00000  91.5%  22.5  348s
 1195191 857591   79.00000  173  150  575.98395   49.00000  91.5%  22.6  350s
 1219591 876448   49.83333  201  164  575.98395   49.00000  91.5%  22.7  355s
 1241883 889151   49.50000  179  179  575.98395   49.00000  91.5%  22.8  360s
 1251515 893726   63.33365  221  157  575.98395   49.00000  91.5%  22.8  369s
 1251555 916115 infeasible  222       575.98395   49.00000  91.5%  22.8  379s
 1283587 920100   50.16677  186  172  575.98395   49.00000  91.5%  22.9  381s
 1305098 933094   53.00033  131  180  575.98395   49.00000  91.5%  23.0  385s
 1312935 937116   59.16667  179  125  575.98395   49.00000  91.5%  23.0  392s
 1312976 959305   59.16667  180  124  575.98395   49.00000  91.5%  23.0  397s
 1351258 968190   85.83333  213  129  575.98395   49.00000  91.5%  23.1  400s
 1375879 983047   52.33348  176  160  575.98395   49.00000  91.5%  23.2  405s
 1409785 1001237 infeasible  233       575.98395   49.00000  91.5%  23.2  413s
 1409853 1021990 infeasible  234       575.98395   49.00000  91.5%  23.2  417s
 1441885 1022045   51.66667  172  187  575.98395   49.00000  91.5%  23.3  422s
 1441946 1044094   51.66667  173  188  575.98395   49.00000  91.5%  23.3  427s
 1481209 1052595   49.50000  135  191  575.98395   49.00000  91.5%  23.4  430s
 1501275 1062419 infeasible  155       575.98395   49.00000  91.5%  23.5  437s
 1506525 1065605   72.00000  194  134  575.98395   49.00000  91.5%  23.5  442s
 1506582 1086154   85.00031  195  130  575.98395   49.00000  91.5%  23.5  446s
 1554947 1100892   92.54251  244  104  575.98395   49.00000  91.5%  23.6  450s
 1581822 1116803  155.33333  207  132  575.98395   49.00000  91.5%  23.7  455s
 1597453 1129547 infeasible  192       575.98395   49.00000  91.5%  23.7  461s
 1621664 1146763   77.66667  171  179  575.98395   49.00000  91.5%  23.8  465s
 1643785 1161553   80.00000  249  121  575.98395   49.00000  91.5%  23.9  470s
 1669892 1178383   49.00000  197  175  575.98395   49.00000  91.5%  23.9  475s
 1678387 1185129   49.00000  153  186  575.98395   49.00000  91.5%  24.0  480s
 1694875 1191897  571.66667  246   68  575.98395   49.00000  91.5%  24.0  486s
 1694919 1213607     cutoff  247       575.98395   49.00000  91.5%  24.0  491s
 1738845 1221687 infeasible  204       575.98395   49.00000  91.5%  24.1  496s
 1748479 1231480 infeasible  193       575.98395   49.00000  91.5%  24.1  500s
 1778452 1252757   49.00000  173  186  575.98395   49.00000  91.5%  24.1  505s
 1791624 1257819   75.66751  129  160  575.98395   49.00000  91.5%  24.1  510s
 1814772 1274490   58.50000  149  175  575.98395   49.00000  91.5%  24.2  515s
 1823895 1279096   64.41667  150  143  575.98395   49.00000  91.5%  24.2  521s
 1823929 1300045   64.41667  151  148  575.98395   49.00000  91.5%  24.2  526s
 1870572 1314942   59.93111  227  145  575.98395   49.00000  91.5%  24.3  530s
 1890471 1329802   55.00000  195  157  575.98395   49.00000  91.5%  24.4  535s
 1899600 1329823 infeasible  209       575.98395   49.00000  91.5%  24.4  540s
 1920349 1347716   57.00000  169  169  575.98395   49.00000  91.5%  24.4  545s
 1937275 1353237 infeasible  180       575.98395   49.00000  91.5%  24.4  551s
 1946000 1359548   85.16667  156  150  575.98395   49.00000  91.5%  24.4  555s
 1947215 1366979   85.50006  170  140  575.98395   49.00000  91.5%  24.4  560s
 1967897 1382306   49.50000  150  174  575.98395   49.00000  91.5%  24.4  565s
 1989270 1387655   68.66672  185  156  575.98395   49.00000  91.5%  24.5  570s
 1994260 1391493  193.00000  187  116  575.98395   49.00000  91.5%  24.5  575s
 2016480 1410699   67.83333  151  171  575.98395   49.00000  91.5%  24.5  582s
 2036235 1419490   56.16667  204  161  575.98395   49.00000  91.5%  24.5  590s
 2055635 1432506 infeasible  160       575.98395   49.00000  91.5%  24.5  599s
 2055681 1436178   67.71216  161  167  575.98395   49.00000  91.5%  24.6  600s
 2068845 1441390  423.83333  202  122  575.98395   49.00000  91.5%  24.6  608s
 2073594 1448937  154.50000  181  136  575.98395   49.00000  91.5%  24.6  610s
 2098740 1460648   52.66667  172  167  575.98395   49.00000  91.5%  24.6  615s
 2123924 1480556   52.83333  214  144  575.98395   49.00000  91.5%  24.6  620s
 2134791 1495609   54.83333  209  140  575.98395   49.00000  91.5%  24.7  625s
 2176156 1510110   52.25000  234  127  575.98395   49.00000  91.5%  24.7  630s
 2206156 1528294   61.75000  223  124  575.98395   49.00000  91.5%  24.7  635s
 2229401 1543117  122.16688  184  133  575.98395   49.00000  91.5%  24.8  640s
 2249170 1554491   49.16676  197  153  575.98395   49.00000  91.5%  24.9  649s
 2249209 1558727   49.16695  198  148  575.98395   49.00000  91.5%  24.9  650s
 2256000 1579875   49.00000  161  181  575.98395   49.00000  91.5%  24.9  657s
 2302489 1589931   62.16667  161  159  575.98395   49.00000  91.5%  24.9  660s
 2310160 1594226   77.66667  209  147  575.98395   49.00000  91.5%  24.9  670s
 2316025 1597671  124.17337  207  120  575.98395   49.00000  91.5%  24.9  680s
 2333889 1614110 infeasible  189       575.98395   49.00000  91.5%  24.9  685s
 2349755 1621436   49.00000  162  187  575.98395   49.00000  91.5%  24.9  692s
 2358090 1626223   85.00270  180  141  575.98395   49.00000  91.5%  24.9  699s
 2358132 1629048   85.00281  181  143  575.98395   49.00000  91.5%  24.9  700s
 2373149 1638977   51.66797  200  155  575.98395   49.00000  91.5%  25.0  705s
 2399629 1657203  440.50005  250  123  575.98395   49.00000  91.5%  25.0  710s
 2415500 1663692  207.16740  209  121  575.98395   49.00000  91.5%  25.0  717s
 2415548 1684802 infeasible  210       575.98395   49.00000  91.5%  25.0  722s
 2447580 1685005   68.33333  230  156  575.98395   49.00000  91.5%  25.0  727s
 2447858 1706898   68.33333  230  154  575.98395   49.00000  91.5%  25.0  732s
 2479890 1706925  392.66683  134  170  575.98395   49.00000  91.5%  25.1  739s
 2479927 1728859  392.83507  135  166  575.98395   49.00000  91.5%  25.1  744s
 2480928 1728859   57.00005  144  202  575.98395   49.00000  91.5%  25.1  745s
 2524555 1736812  147.34065  194  145  575.98395   49.00000  91.5%  25.1  754s
 2524588 1740333     cutoff  195       575.98395   49.00000  91.5%  25.1  755s
 2544394 1753682  159.50000  199  133  575.98395   49.00000  91.5%  25.1  760s
 2561320 1763635 infeasible  222       575.98395   49.00000  91.5%  25.1  765s
 2572390 1769820  114.33341  193  132  575.98395   49.00000  91.5%  25.1  771s
H2581993 1774199                     575.9540200   49.00000  91.5%  25.1  773s
H2584624 1778827                     575.8656252   49.00000  91.5%  25.1  774s
 2591235 1778841   49.33333  148  186  575.86563   49.00000  91.5%  25.1  778s
 2591285 1779362   49.33333  148  180  575.86563   49.00000  91.5%  25.1  780s
H2598207 1785168                     575.8617265   49.00000  91.5%  25.1  782s
H2599029 1785168                     575.8617260   49.00000  91.5%  25.1  782s
 2602149 1791202 infeasible  137       575.86173   49.00000  91.5%  25.1  786s
 2632893 1810131   49.00000  138  190  575.86173   49.00000  91.5%  25.1  790s
 2660043 1828016   49.11118  122  214  575.86173   49.00000  91.5%  25.1  795s
 2688232 1846482   60.50000  163  186  575.86173   49.00000  91.5%  25.1  800s
 2718765 1864696  133.50000  170  155  575.86173   49.00000  91.5%  25.1  809s
 2723757 1871176   56.83333  132  188  575.86173   49.00000  91.5%  25.2  810s
 2734755 1875103   98.33333  181  151  575.86173   49.00000  91.5%  25.2  816s
 2734803 1896239 infeasible  182       575.86173   49.00000  91.5%  25.2  820s
 2766835 1896260   50.83339  184  188  575.86173   49.00000  91.5%  25.2  827s
 2766878 1918539   49.66667  185  179  575.86173   49.00000  91.5%  25.2  832s
 2798910 1918555   49.00000  139  208  575.86173   49.00000  91.5%  25.2  839s
 2798958 1940893   49.50000  140  203  575.86173   49.00000  91.5%  25.2  844s
 2816976 1940893   49.00000  145  208  575.86173   49.00000  91.5%  25.2  845s
 2830990 1940907  281.00666  266   94  575.86173   49.00000  91.5%  25.2  850s
 2831040 1960763  344.83333  267   88  575.86173   49.00000  91.5%  25.2  860s
 2879645 1974011   49.44481  138  163  575.86173   49.00000  91.5%  25.2  866s
 2904506 1991221   59.17307  159  193  575.86173   49.00000  91.5%  25.2  870s
 2927710 2002667 infeasible  249       575.86173   49.00000  91.5%  25.3  878s
 2927747 2024482   49.00000  165  228  575.86173   49.00000  91.5%  25.3  883s
 2959779 2028849   80.50930  182  163  575.86173   49.00000  91.5%  25.3  885s
 2992255 2045186  150.83496  218  105  575.86173   49.00000  91.5%  25.3  893s
 2992338 2066668  161.33333  219   94  575.86173   49.00000  91.5%  25.3  898s
 3024370 2066770   55.44483  199  146  575.86173   49.00000  91.5%  25.3  901s
 3024496 2087546   58.16676  200  141  575.86173   49.00000  91.5%  25.3  906s
 3072106 2101307   52.66667  235  152  575.86173   49.00000  91.5%  25.4  910s
 3082052 2108462   51.00000  184  184  575.86173   49.00000  91.5%  25.4  915s
 3087930 2116877  276.33333  213  124  575.86173   49.00000  91.5%  25.4  923s
 3098592 2131182   58.00059  207  154  575.86173   49.00000  91.5%  25.5  926s
 3138134 2146183     cutoff  147       575.86173   49.00000  91.5%  25.5  930s
 3166080 2160133   62.33333  188  183  575.86173   49.00000  91.5%  25.5  938s
 3171004 2165136 infeasible  178       575.86173   49.00000  91.5%  25.5  940s
 3191990 2176184   51.37500  181  163  575.86173   49.00000  91.5%  25.5  945s
 3214268 2198156   50.50000  147  187  575.86173   49.00000  91.5%  25.5  950s
 3228645 2202032   66.66824  218  141  575.86173   49.00000  91.5%  25.6  959s
 3228684 2206200   70.60555  219  148  575.86173   49.00000  91.5%  25.6  960s
 3253230 2219484   70.00000  183  190  575.86173   49.00000  91.5%  25.6  966s
 3274645 2233555   52.16667  184  204  575.86173   49.00000  91.5%  25.6  971s
 3282895 2240878   51.50000  205  163  575.86173   49.00000  91.5%  25.6  975s
 3307245 2257948  241.16702  182  141  575.86173   49.00000  91.5%  25.6  980s
 3319595 2264163   56.83333  166  159  575.86173   49.00000  91.5%  25.6  985s
 3334552 2276846  192.33333  220  133  575.86173   49.00000  91.5%  25.6  990s
 3352721 2290532   50.03384  147  224  575.86173   49.00000  91.5%  25.6  995s
 3384410 2305473   73.50010  200  184  575.86173   49.00000  91.5%  25.6 1000s
 3403116 2322459  303.16667  231  116  575.86173   49.00000  91.5%  25.6 1006s
 3429732 2340024   49.00000   96  188  575.86173   49.00000  91.5%  25.7 1010s
 3442870 2345720   64.66667  248  133  575.86173   49.00000  91.5%  25.7 1015s
 3447400 2348524 infeasible  280       575.86173   49.00000  91.5%  25.7 1021s
 3460657 2359667   56.25073  236  145  575.86173   49.00000  91.5%  25.7 1025s
 3481874 2375925 infeasible  232       575.86173   49.00000  91.5%  25.7 1030s
 3496311 2386212   52.16667  165  178  575.86173   49.00000  91.5%  25.6 1035s
 3526929 2404999  104.00010  199  156  575.86173   49.00000  91.5%  25.6 1040s
 3552306 2423065   49.00000  167  179  575.86173   49.00000  91.5%  25.6 1045s
 3583111 2442857   60.50000  190  138  575.86173   49.00000  91.5%  25.6 1050s
 3599393 2458329   57.83333  178  173  575.86173   49.00000  91.5%  25.6 1056s
 3625525 2476024 infeasible  183       575.86173   49.00000  91.5%  25.6 1061s
 3646877 2491266  128.83333  153  144  575.86173   49.00000  91.5%  25.6 1065s
 3675862 2509403  393.72426  176  172  575.86173   49.00000  91.5%  25.6 1070s
 3696402 2525302   49.00000   72  212  575.86173   49.00000  91.5%  25.6 1075s
 3710340 2527836   49.50000  136  185  575.86173   49.00000  91.5%  25.6 1080s
 3736540 2544808   58.33333  123  183  575.86173   49.00000  91.5%  25.6 1089s
 3736582 2546932   58.33333  124  182  575.86173   49.00000  91.5%  25.6 1090s
 3749885 2553260 infeasible  197       575.86173   49.00000  91.5%  25.6 1095s
 3772394 2570783   49.00000  181  204  575.86173   49.00000  91.5%  25.5 1100s
 3782975 2579413   76.33333  130  145  575.86173   49.00000  91.5%  25.6 1105s
 3805898 2595516   67.66667  194  133  575.86173   49.00000  91.5%  25.6 1110s
 3810726 2598732  193.00000  243  126  575.86173   49.00000  91.5%  25.6 1115s
 3829165 2608251 infeasible  179       575.86173   49.00000  91.5%  25.6 1121s
 3850005 2621103  433.34679  172  143  575.86173   49.00000  91.5%  25.6 1125s
 3864075 2629692   49.00000  157  178  575.86173   49.00000  91.5%  25.5 1133s
 3872611 2638397   49.50000  131  200  575.86173   49.00000  91.5%  25.5 1135s
 3897895 2652155  421.00000  200  115  575.86173   49.00000  91.5%  25.5 1142s
 3908239 2661724  166.66667  188  149  575.86173   49.00000  91.5%  25.5 1145s
 3939559 2681924 infeasible  204       575.86173   49.00000  91.5%  25.5 1150s
 3957820 2691394   49.08333  176  168  575.86173   49.00000  91.5%  25.5 1155s
 3972845 2702206  117.66698  178  133  575.86173   49.00000  91.5%  25.5 1163s
 3979028 2710731   49.50000   99  205  575.86173   49.00000  91.5%  25.5 1165s
 4011582 2730589  219.66667  129  167  575.86173   49.00000  91.5%  25.5 1170s
 4037669 2748275   57.16667  142  189  575.86173   49.00000  91.5%  25.5 1175s
 4057950 2756661   68.83348  209  173  575.86173   49.00000  91.5%  25.5 1182s
 4066770 2764754   85.66843  205  128  575.86173   49.00000  91.5%  25.5 1186s
 4085843 2776115   72.16682  151  176  575.86173   49.00000  91.5%  25.5 1190s
 4109750 2792307   49.66667  182  184  575.86173   49.00000  91.5%  25.5 1197s
 4109923 2809564   49.66667  183  182  575.86173   49.00000  91.5%  25.5 1200s

Cutting planes:
  Learned: 250
  Gomory: 7
  Cover: 187
  Implied bound: 103
  Clique: 14
  MIR: 374
  StrongCG: 2
  Flow cover: 926
  RLT: 1
  Relax-and-lift: 184

Cleanup yields a better solution

Explored 4134533 nodes (105413713 simplex iterations) in 1200.18 seconds
Thread count was 32 (of 64 available processors)

Solution count 10: 575.862 575.984 576 ... 576

Time limit reached
Best objective 5.731320174664e+02, best bound 4.900000000000e+01, gap 91.4505%
