
Gurobi 9.1.2 (linux64) logging started Wed Mar 30 19:43:57 2022

Changed value of parameter LogFile to germany_v-Hamburg.log
   Prev:   Default: 
Changed value of parameter MIPFocus to 1
   Prev: 0  Min: 0  Max: 3  Default: 0
Changed value of parameter TimeLimit to 600.0
   Prev: inf  Min: 0.0  Max: inf  Default: inf
Warning: variables 0 and 276 have the same name "X[Koeln,Aachen]"
Warning: linear constraint 306 and linear constraint 307 have the same name "weight-constr-t5"
Warning: to let Gurobi read it back, use rlp format
Gurobi Optimizer version 9.1.2 build v9.1.2rc0 (linux64)
Thread count: 32 physical cores, 64 logical processors, using up to 32 threads
Optimize a model with 1963 rows, 1656 columns and 5898 nonzeros
Model fingerprint: 0x5120449a
Variable types: 300 continuous, 1356 integer (1356 binary)
Coefficient statistics:
  Matrix range     [1e+00, 1e+06]
  Objective range  [2e-01, 2e-01]
  Bounds range     [1e+00, 5e+05]
  RHS range        [1e+00, 1e+06]
Presolve removed 126 rows and 144 columns
Presolve time: 0.01s
Presolved: 1837 rows, 1512 columns, 10122 nonzeros
Variable types: 294 continuous, 1218 integer (1218 binary)

Root relaxation: objective 4.900000e+01, 199 iterations, 0.00 seconds

    Nodes    |    Current Node    |     Objective Bounds      |     Work
 Expl Unexpl |  Obj  Depth IntInf | Incumbent    BestBd   Gap | It/Node Time

     0     0   49.00000    0   89          -   49.00000      -     -    0s
     0     0   49.00000    0   90          -   49.00000      -     -    0s
     0     0   49.00000    0   63          -   49.00000      -     -    0s
     0     0   49.00000    0   39          -   49.00000      -     -    0s
     0     0   49.00000    0   33          -   49.00000      -     -    0s
H    0     0                    3975995.5000   49.00000   100%     -    0s
     0     0   49.00000    0   40 3975995.50   49.00000   100%     -    0s
H    0     0                     616.3333333   49.00000  92.0%     -    0s
H    0     0                     616.1666667   49.00000  92.0%     -    0s
H    0     0                     615.1666667   49.00000  92.0%     -    0s
H    0     2                     614.1666666   49.00000  92.0%     -    0s
     0     2   49.00000    0   38  614.16667   49.00000  92.0%     -    0s
H    1     4                     613.4999999   49.00000  92.0%   572    0s
H   11    14                     613.3333333   49.00000  92.0%  65.6    0s
H   29    56                     370.3333333   49.00000  86.8%  30.9    0s
H   33    56                     366.6666667   49.00000  86.6%  27.4    0s
H   38    56                     358.3333333   49.00000  86.3%  24.1    0s
H   89   120                     242.2500000   49.00000  79.8%  13.8    1s
H   90   120                     238.5000000   49.00000  79.5%  13.8    1s
H   91   120                     216.3333333   49.00000  77.3%  13.8    1s
H   95   120                     212.6666667   49.00000  77.0%  13.7    1s
H  153   184                     212.4999998   49.00000  76.9%  11.1    3s
H  154   184                     209.6666667   49.00000  76.6%  11.1    3s
H  155   184                     209.1666667   49.00000  76.6%  11.0    3s
H  166   184                     209.0000000   49.00000  76.6%  10.8    3s
H  169   184                     208.6666667   49.00000  76.5%  10.8    3s
H  171   184                     207.1666667   49.00000  76.3%  11.0    3s
H  184   184                     205.9166667   49.00000  76.2%  10.8    3s
H  185   216                     205.1666667   49.00000  76.1%  10.7    5s
H  218   246                     204.5000000   49.00000  76.0%  10.1    5s
H  227   246                     204.3333333   49.00000  76.0%  10.1    5s
H  232   246                     203.9583333   49.00000  76.0%  10.2    5s
H  249   352                     203.6250000   49.00000  75.9%   9.9    6s
H  310   352                     203.4583333   49.00000  75.9%   9.2    6s
H  979  1334                     202.9166666   49.00000  75.9%   7.8    6s
  3339  3172   62.00000   64   43  202.91667   49.00000  75.9%   6.5   10s
H 8045  7380                     202.9166666   49.00000  75.9%   5.7   12s
H 8164  8706                     202.9166666   49.00000  75.9%   5.8   12s
H 9396  8700                     188.0833333   49.00000  73.9%   5.7   12s
H 9481  8731                     185.1666667   49.00000  73.5%   5.7   13s
H 9485  8731                     185.0000000   49.00000  73.5%   5.7   13s
H 9510  8731                     184.6666667   49.00000  73.5%   5.7   13s
H 9998 10700                     184.0000000   49.00000  73.4%   5.7   13s
H11748 10731                     183.8333333   49.00000  73.3%   5.6   14s
H11755 10731                     183.6666667   49.00000  73.3%   5.6   14s
H11764 10731                     183.5000000   49.00000  73.3%   5.6   14s
H11767 10731                     183.3333333   49.00000  73.3%   5.6   14s
 11781 10732   74.83334  140   40  183.33333   49.00000  73.3%   5.6   15s
 12583 11804   49.66667   40  256  183.33333   49.00000  73.3%   9.8   21s
H12724 11219                     183.3333333   49.00000  73.3%  10.1   21s
H12742 10703                     183.3333331   49.00000  73.3%  10.1   21s
H13084 10104                     183.3333329   49.00000  73.3%  10.5   21s
H13157 12336                     183.3333328   49.00000  73.3%  10.6   22s
H13239 11871                     183.3333327   49.00000  73.3%  10.7   22s
H14428 11059                     183.3333326   49.00000  73.3%  12.3   22s
H15091 10443                     183.3333325   49.00000  73.3%  12.7   22s
H16314  9733                     183.3333319   49.00000  73.3%  13.5   23s
H16400 12993                     183.3333316   49.00000  73.3%  13.7   24s
H22705 12623                     183.3333303   49.00000  73.3%  18.6   24s
 23485 15166   57.16667   92  186  183.33333   49.00000  73.3%  19.3   25s
 36988 21453   56.00015  198  144  183.33333   49.00000  73.3%  24.4   30s
 47168 29383  147.83333  276   56  183.33333   49.00000  73.3%  25.9   35s
H48823 29381                     183.1666667   49.00000  73.2%  26.1   35s
H49029 31763                     183.0000000   49.00000  73.2%  26.2   36s
H57910 38526                     182.9999999   49.00000  73.2%  28.1   38s
H61177 42768                     182.3333333   49.00000  73.1%  28.6   39s
 66555 47210  151.16667  174  147  182.33333   49.00000  73.1%  29.2   40s
 72573 47237   50.66667   84  205  182.33333   49.00000  73.1%  29.4   49s
H72574 47194                     181.6666667   49.00000  73.0%  29.4   49s
 72609 50900   50.66667   85  205  181.66667   49.00000  73.0%  29.4   50s
 84048 55696  131.00000  134  136  181.66667   49.00000  73.0%  30.0   57s
H84069 55696                     181.6666666   49.00000  73.0%  30.0   57s
H84100 57154                     181.6666664   49.00000  73.0%  30.0   59s
 86218 59911   49.00000   46  202  181.66667   49.00000  73.0%  30.1   62s
 101220 72840  102.33333  149  150  181.66667   49.00000  73.0%  31.0   65s
 120820 89209  137.50083  225  131  181.66667   49.00000  73.0%  31.6   70s
H142037 97447                     181.6666664   49.00000  73.0%  32.7   73s
H143453 97447                     181.6666656   49.00000  73.0%  32.8   73s
 148337 104225  102.00000  219   93  181.66667   49.00000  73.0%  33.0   75s
 168257 113973   84.33334  213  115  181.66667   49.00000  73.0%  34.2   80s
 174968 118061  152.34636  201  129  181.66667   49.00000  73.0%  34.5   86s
 183488 126623 infeasible  190       181.66667   49.00000  73.0%  34.9   91s
 189188 126640   50.33333  194  129  181.66667   49.00000  73.0%  35.3   95s
 202262 137369   49.66667  198  143  181.66667   49.00000  73.0%  36.0  100s
 223923 144666   58.80474  217  163  181.66667   49.00000  73.0%  36.8  108s
H223935 144666                     181.6666101   49.00000  73.0%  36.8  108s
 226747 148436   56.94516  222  158  181.66661   49.00000  73.0%  36.9  110s
H227475 148436                     181.6666094   49.00000  73.0%  37.0  110s
 248299 160562  135.51136  202  116  181.66661   49.00000  73.0%  37.2  115s
 258843 161073   51.50694  219  123  181.66661   49.00000  73.0%  37.5  126s
 266740 167600  129.34105  205  113  181.66661   49.00000  73.0%  37.7  130s
 289897 179116  175.66687  198  127  181.66661   49.00000  73.0%  38.3  135s
 316811 190931   49.00000  190  114  181.66661   49.00000  73.0%  38.4  140s
 343436 200540   68.22222  239  116  181.66661   49.00000  73.0%  38.8  145s
 368391 208693   51.33333  206  114  181.66661   49.00000  73.0%  39.2  150s
 393172 219698   49.33333  197  137  181.66661   49.00000  73.0%  39.3  155s
 405583 222827 infeasible  219       181.66661   49.00000  73.0%  39.4  172s
 409511 228900   68.83484  217  125  181.66661   49.00000  73.0%  39.5  176s
 433300 237579     cutoff  259       181.66661   49.00000  73.0%  39.9  180s
 440018 240910   89.50000  207   95  181.66661   49.00000  73.0%  40.0  188s
 440061 255904   89.50000  208   97  181.66661   49.00000  73.0%  40.0  195s
 472093 255927   50.83334  193  134  181.66661   49.00000  73.0%  40.3  201s
 472134 271022   60.72606  194  137  181.66661   49.00000  73.0%  40.3  205s
 514176 277725   50.83435  213  126  181.66661   49.00000  73.0%  40.5  210s
 519568 277877   88.83831  217  133  181.66661   49.00000  73.0%  40.5  219s
 519616 279489  127.08424  218  106  181.66661   49.00000  73.0%  40.5  220s
 544054 291586   50.16667  194  142  181.66661   49.00000  73.0%  40.8  225s
 556807 298392  155.37877  222  153  181.66661   49.00000  73.0%  40.9  230s
 580450 307806 infeasible  259       181.66661   49.00000  73.0%  41.0  235s
 606011 321999   74.16667  197  129  181.66661   49.00000  73.0%  41.3  240s
 619373 326336   61.27778  256  115  181.66661   49.00000  73.0%  41.4  253s
 624204 329101   50.20000  220  135  181.66661   49.00000  73.0%  41.5  255s
 636603 338329   50.00415  211  128  181.66661   49.00000  73.0%  41.5  260s
 652743 342128  172.33333  239  105  181.66661   49.00000  73.0%  41.4  276s
 659353 344825  168.83374  200  101  181.66661   49.00000  73.0%  41.4  292s
 659402 360024  169.50000  201   99  181.66661   49.00000  73.0%  41.4  297s
 691434 360118   97.84219  262  131  181.66661   49.00000  73.0%  41.4  300s
 691736 374861  126.01573  264  117  181.66661   49.00000  73.0%  41.4  305s
 723768 374877   50.50062  222  139  181.66661   49.00000  73.0%  41.5  317s
 723815 390321 infeasible  220       181.66661   49.00000  73.0%  41.5  323s
 755847 394381  100.33333  251  100  181.66661   49.00000  73.0%  41.7  326s
 770163 397424  139.31604  235  134  181.66661   49.00000  73.0%  41.8  336s
 784209 406835 infeasible  242       181.66661   49.00000  73.0%  41.9  340s
 799763 412302   62.19471  216  123  181.66661   49.00000  73.0%  41.9  353s
 804797 415315  131.16667  228   96  181.66661   49.00000  73.0%  42.0  355s
 816323 420156 infeasible  236       181.66661   49.00000  73.0%  42.0  371s
 829256 429846   49.00000  195  125  181.66661   49.00000  73.0%  42.1  375s
 855708 439852  153.68113  224  119  181.66661   49.00000  73.0%  42.1  388s
 855755 455456 infeasible  225       181.66661   49.00000  73.0%  42.1  394s
 887787 458391   49.00000  220  105  181.66661   49.00000  73.0%  42.2  397s
 903823 463074 infeasible  236       181.66661   49.00000  73.0%  42.2  400s
 903868 463363 infeasible  237       181.66661   49.00000  73.0%  42.2  411s
 913261 469837   49.33333  203  107  181.66661   49.00000  73.0%  42.2  416s
 928585 476440   49.66668  215  137  181.66661   49.00000  73.0%  42.3  420s
 950220 489081 infeasible  192       181.66661   49.00000  73.0%  42.3  425s
 965078 491213 infeasible  209       181.66661   49.00000  73.0%  42.4  439s
 965120 492604 infeasible  207       181.66661   49.00000  73.0%  42.4  440s
 989386 504655   52.83333  228  106  181.66661   49.00000  73.0%  42.4  445s
 1008739 516782  139.91794  208  116  181.66661   49.00000  73.0%  42.4  451s
 1031262 525614   51.50000  219  149  181.66661   49.00000  73.0%  42.5  455s
 1057177 536309 infeasible  229       181.66661   49.00000  73.0%  42.6  460s
 1074469 547578   50.00000  214  142  181.66661   49.00000  73.0%  42.6  467s
 1091959 553862     cutoff  219       181.66661   49.00000  73.0%  42.7  470s
 1098188 553886   77.44729  212  147  181.66661   49.00000  73.0%  42.7  479s
 1098227 556039   67.50678  212  139  181.66661   49.00000  73.0%  42.7  481s
 1110427 562308  134.17521  228  124  181.66661   49.00000  73.0%  42.7  485s
 1134418 569311  107.83461  260  109  181.66661   49.00000  73.0%  42.8  490s
 1134648 583425  112.65017  263  115  181.66661   49.00000  73.0%  42.8  503s
 1166680 588113 infeasible  250       181.66661   49.00000  73.0%  42.8  506s
 1177363 588131  130.63908  185  145  181.66661   49.00000  73.0%  42.8  528s
 1181049 591348   68.16687  215  131  181.66661   49.00000  73.0%  42.8  530s
 1194086 596498  173.11111  248   92  181.66661   49.00000  73.0%  42.8  535s
 1209243 602028   49.00000  206  135  181.66661   49.00000  73.0%  42.8  551s
 1215605 607139 infeasible  241       181.66661   49.00000  73.0%  42.8  555s
 1244021 619249   49.00000  209  123  181.66661   49.00000  73.0%  42.8  560s
 1257588 623016   51.50000  227  130  181.66661   49.00000  73.0%  42.8  580s
 1264924 632064   49.00000  177  129  181.66661   49.00000  73.0%  42.9  586s
 1285828 634606  168.18532  220  133  181.66661   49.00000  73.0%  42.9  599s
 1285875 636007     cutoff  221       181.66661   49.00000  73.0%  42.9  600s

Cutting planes:
  Learned: 244
  Gomory: 3
  Cover: 209
  Implied bound: 132
  Clique: 24
  MIR: 561
  StrongCG: 3
  Flow cover: 1146
  GUB cover: 2
  RLT: 9
  Relax-and-lift: 541

Cleanup yields a better solution

Explored 1288532 nodes (55268558 simplex iterations) in 600.04 seconds
Thread count was 32 (of 64 available processors)

Solution count 10: 181.667 181.667 181.667 ... 183.333

Time limit reached
Best objective 1.814648802788e+02, best bound 4.900000000000e+01, gap 72.9975%

Gurobi 9.1.2 (linux64) logging started Tue Apr  5 01:22:46 2022

Changed value of parameter LogFile to germany_v-Hamburg.log
   Prev:   Default: 
Changed value of parameter MIPFocus to 1
   Prev: 0  Min: 0  Max: 3  Default: 0
Changed value of parameter TimeLimit to 1200.0
   Prev: inf  Min: 0.0  Max: inf  Default: inf
Warning: variables 0 and 276 have the same name "X[Muenchen,Passau]"
Warning: linear constraint 306 and linear constraint 307 have the same name "weight-constr-t5"
Warning: to let Gurobi read it back, use rlp format
Gurobi Optimizer version 9.1.2 build v9.1.2rc0 (linux64)
Thread count: 32 physical cores, 64 logical processors, using up to 32 threads
Optimize a model with 1963 rows, 1656 columns and 5898 nonzeros
Model fingerprint: 0x003df6cf
Variable types: 300 continuous, 1356 integer (1356 binary)
Coefficient statistics:
  Matrix range     [1e+00, 1e+06]
  Objective range  [2e-01, 2e-01]
  Bounds range     [1e+00, 5e+05]
  RHS range        [1e+00, 1e+06]
Presolve removed 126 rows and 144 columns
Presolve time: 0.01s
Presolved: 1837 rows, 1512 columns, 10122 nonzeros
Variable types: 294 continuous, 1218 integer (1218 binary)

Root relaxation: objective 4.900000e+01, 199 iterations, 0.00 seconds

    Nodes    |    Current Node    |     Objective Bounds      |     Work
 Expl Unexpl |  Obj  Depth IntInf | Incumbent    BestBd   Gap | It/Node Time

     0     0   49.00000    0   80          -   49.00000      -     -    0s
     0     0   49.00000    0   82          -   49.00000      -     -    0s
H    0     0                    3932409.8750   49.00000   100%     -    0s
     0     0   49.00000    0   53 3932409.88   49.00000   100%     -    0s
H    0     0                     592.7910882   49.00000  91.7%     -    0s
H    0     0                     450.6666667   49.00000  89.1%     -    0s
H    0     0                     446.6666667   49.00000  89.0%     -    0s
     0     2   49.00000    0   49  446.66667   49.00000  89.0%     -    0s
H    2     4                     444.0000000   49.00000  89.0%   297    0s
H    4     8                     443.5000000   49.00000  89.0%   156    0s
H    6     8                     442.1666667   49.00000  88.9%   114    0s
H    7    16                     441.8333333   49.00000  88.9%  99.0    0s
H   11    16                     441.6666667   49.00000  88.9%  65.6    0s
H   31    64                     441.1666667   49.00000  88.9%  34.5    1s
H   33    64                     440.8333333   49.00000  88.9%  32.8    1s
H   95   128                     420.4166667   49.00000  88.3%  19.4    2s
H   96   128                     289.0000000   49.00000  83.0%  19.2    2s
H  113   128                     257.5000000   49.00000  81.0%  18.1    2s
H  127   160                     232.8333333   49.00000  79.0%  17.8    3s
H  128   160                     231.5000000   49.00000  78.8%  17.7    3s
H  130   160                     229.8333333   49.00000  78.7%  17.4    3s
H  133   160                     228.3333333   49.00000  78.5%  17.3    3s
H  151   160                     226.8333333   49.00000  78.4%  16.6    3s
H  159   192                     225.3333333   49.00000  78.3%  16.3    4s
H  160   192                     220.8333333   49.00000  77.8%  16.2    4s
H  162   192                     219.6666667   49.00000  77.7%  16.2    4s
H  167   192                     216.4166667   49.00000  77.4%  16.0    4s
H  170   192                     213.4166667   49.00000  77.0%  16.1    4s
H  255   332                     213.2500000   49.00000  77.0%  13.1    5s
H  256   332                     211.4166667   49.00000  76.8%  13.1    5s
H  272   332                     211.2499999   49.00000  76.8%  12.5    5s
H  273   332                     210.7500000   49.00000  76.7%  12.5    5s
H  277   332                     210.2500000   49.00000  76.7%  12.4    5s
H  292   332                     209.4166667   49.00000  76.6%  12.1    5s
H 1067  1094                     206.9166667   49.00000  76.3%   8.3    6s
H 1070  1094                     204.6666667   49.00000  76.1%   8.3    6s
H 1090  1094                     198.8333333   49.00000  75.4%   8.3    6s
H 1101  1126                     197.6666667   49.00000  75.2%   8.3    8s
H 1102  1126                     197.0000000   49.00000  75.1%   8.3    8s
H 1104  1126                     196.8333333   49.00000  75.1%   8.3    8s
H 1119  1126                     195.6111111   49.00000  75.0%   8.3    8s
H 1134  1267                     195.4444444   49.00000  74.9%   8.2    8s
H 1141  1267                     194.4166667   49.00000  74.8%   8.2    8s
H 1276  1299                     194.3333333   49.00000  74.8%   8.1   10s
H 1279  1299                     194.0000000   49.00000  74.7%   8.1   10s
H 1297  1299                     194.0000000   49.00000  74.7%   8.1   10s
H 1309  1331                     193.8333333   49.00000  74.7%   8.0   11s
H 1346  1362                     193.6666667   49.00000  74.7%   8.0   12s
H 2266  2931                     193.6666666   49.00000  74.7%   7.5   13s
H 7558  7784                     193.6666666   49.00000  74.7%   6.6   14s
  8420 10007   54.50000  127   49  193.66667   49.00000  74.7%   6.6   15s
H11071 10037                     193.6666665   49.00000  74.7%   6.4   16s
H11085 10037                     193.6666661   49.00000  74.7%   6.4   16s
 11529 10957   49.00000   31  187  193.66667   49.00000  74.7%   9.2   24s
H12152 10246                     193.6666640   49.00000  74.7%   9.7   24s
 12162 13780 infeasible   47       193.66666   49.00000  74.7%   9.7   25s
H12200 13290                     193.6666637   49.00000  74.7%   9.7   25s
H14464 12081                     193.6666636   49.00000  74.7%  11.3   25s
H16271 11137                     193.3333333   49.00000  74.7%  12.0   26s
H16400 14867                     193.0000000   49.00000  74.6%  12.2   27s
H17031 14268                     192.6666667   49.00000  74.6%  13.0   27s
H21941 14853                     192.3333333   49.00000  74.5%  15.7   27s
H25326 13693                     192.1666667   49.00000  74.5%  17.1   28s
H25703 13802                     192.1666666   49.00000  74.5%  17.3   29s
 26359 13873  186.33333  121  134  192.16667   49.00000  74.5%  17.6   31s
H27397 14387                     192.1666664   49.00000  74.5%  18.2   32s
H28500 17668                     192.1666663   49.00000  74.5%  18.5   33s
H30094 17668                     192.1666663   49.00000  74.5%  19.2   33s
H33797 22384                     192.1666662   49.00000  74.5%  20.5   34s
H34016 22384                     192.1666660   49.00000  74.5%  20.6   34s
H34637 22384                     192.1665132   49.00000  74.5%  20.7   34s
 39788 23311  177.66667  172  115  192.16651   49.00000  74.5%  22.5   35s
 53381 35114   63.00000  131  114  192.16651   49.00000  74.5%  25.3   40s
 77629 46676   51.83333  118  148  192.16651   49.00000  74.5%  26.4   47s
 83664 50176  131.00000  176   83  192.16651   49.00000  74.5%  26.4   50s
 110728 66835   51.66688  131  161  192.16651   49.00000  74.5%  25.9   55s
 129119 81962 infeasible  228       192.16651   49.00000  74.5%  26.5   60s
 139449 81981  132.16667  180   96  192.16651   49.00000  74.5%  26.6   65s
 149729 88409     cutoff  204       192.16651   49.00000  74.5%  26.7   73s
 153895 92057  145.00000  150  111  192.16651   49.00000  74.5%  26.8   75s
 183487 109494     cutoff  165       192.16651   49.00000  74.5%  27.2   80s
 187649 109498 infeasible  181       192.16651   49.00000  74.5%  27.3   85s
 192315 117325 infeasible  154       192.16651   49.00000  74.5%  27.6   90s
 225880 135082 infeasible  173       192.16651   49.00000  74.5%  28.7   96s
H239945 139159                     192.1665130   49.00000  74.5%  29.0   98s
 247514 141959   51.00000  188  130  192.16651   49.00000  74.5%  29.1  100s
 264673 151243   53.16667  157  133  192.16651   49.00000  74.5%  29.2  105s
 288474 161543   96.83333  161  133  192.16651   49.00000  74.5%  29.6  112s
 288522 177021 infeasible  162       192.16651   49.00000  74.5%  29.6  117s
 320554 177303  137.67532  192  119  192.16651   49.00000  74.5%  29.9  120s
 321050 193303 infeasible  193       192.16651   49.00000  74.5%  29.9  125s
H364024 200223                     192.1665129   49.00000  74.5%  30.2  127s
 376116 207362  131.16762  148  114  192.16651   49.00000  74.5%  30.3  130s
 386244 209761 infeasible  189       192.16651   49.00000  74.5%  30.2  135s
 418619 226051   99.83333  170  104  192.16651   49.00000  74.5%  30.2  143s
 419124 241874  159.00000  136  102  192.16651   49.00000  74.5%  30.2  151s
 466005 249489  122.16667  211  119  192.16651   49.00000  74.5%  30.4  155s
 487802 264188  129.00229  160  128  192.16651   49.00000  74.5%  30.6  161s
H501808 268534                     192.1665129   49.00000  74.5%  30.7  162s
 515310 275475   50.83333  170  119  192.16651   49.00000  74.5%  30.8  166s
 538526 284549   86.83333  162  125  192.16651   49.00000  74.5%  30.9  170s
 561707 296673   49.33333  180  135  192.16651   49.00000  74.5%  31.0  175s
 570693 303427   69.83721  196  123  192.16651   49.00000  74.5%  31.1  180s
 593777 312644     cutoff  159       192.16651   49.00000  74.5%  31.1  185s
 611337 324627  152.33333  189  108  192.16651   49.00000  74.5%  31.2  190s
 633493 335656   73.00000  182  122  192.16651   49.00000  74.5%  31.2  195s
 658509 346285  151.00000  181  118  192.16651   49.00000  74.5%  31.1  201s
 674649 353590   53.00000  158  104  192.16651   49.00000  74.5%  31.1  214s
 674690 370791   53.00000  159  112  192.16651   49.00000  74.5%  31.1  219s
 706722 374953  134.50000  159  119  192.16651   49.00000  74.5%  31.2  221s
 732996 385957   49.00000  146  127  192.16651   49.00000  74.5%  31.2  225s
H756557 397169                     190.3333333   49.00000  74.3%  31.2  229s
 758490 399801 infeasible  124       190.33333   49.00000  74.3%  31.2  230s
H758500 399192                     188.6666667   49.00000  74.0%  31.2  230s
H759557 399133                     188.5000000   49.00000  74.0%  31.2  230s
H762670 398715                     187.6666667   49.00000  73.9%  31.2  230s
H763462 401473                     187.3333333   49.00000  73.8%  31.2  231s
H763780 401142                     186.8333333   49.00000  73.8%  31.2  231s
H764645 400877                     186.4166667   49.00000  73.7%  31.2  231s
H764784 400695                     186.3333333   49.00000  73.7%  31.2  231s
H765974 400377                     185.8333333   49.00000  73.6%  31.2  231s
H768173 400680                     183.5000000   49.00000  73.3%  31.2  233s
H772118 405014                     183.3333333   49.00000  73.3%  31.3  234s
H772300 404844                     183.1666667   49.00000  73.2%  31.3  234s
H772329 404674                     183.0000000   49.00000  73.2%  31.3  234s
H772411 404205                     182.5000000   49.00000  73.2%  31.3  234s
H774489 404010                     182.3055556   49.00000  73.1%  31.3  234s
H775309 403695                     182.0000000   49.00000  73.1%  31.3  234s
 779039 403724     cutoff  188       182.00000   49.00000  73.1%  31.3  238s
H779040 403182                     181.5000000   49.00000  73.0%  31.3  238s
 779074 405654   54.50000  187  119  181.50000   49.00000  73.0%  31.3  240s
H781353 405476                     181.3333333   49.00000  73.0%  31.3  240s
H783800 409126                     181.3333333   49.00000  73.0%  31.3  241s
H787028 407994                     180.3333333   49.00000  72.8%  31.3  241s
H794433 412350                     180.3333333   49.00000  72.8%  31.4  243s
H803442 416226                     180.3333333   49.00000  72.8%  31.4  244s
 804042 419811 infeasible  150       180.33333   49.00000  72.8%  31.4  245s
H804200 419811                     180.3333333   49.00000  72.8%  31.4  245s
H808717 419811                     180.3333332   49.00000  72.8%  31.4  245s
H811392 421382                     180.3333332   49.00000  72.8%  31.4  246s
 820154 424607 infeasible  172       180.33333   49.00000  72.8%  31.4  252s
H820158 424607                     180.3333331   49.00000  72.8%  31.4  252s
H820504 426042                     180.3333331   49.00000  72.8%  31.4  254s
 827071 432545   49.00000  153  143  180.33333   49.00000  72.8%  31.4  256s
H829805 432545                     180.3333328   49.00000  72.8%  31.4  256s
H835540 433982                     180.3333328   49.00000  72.8%  31.4  257s
H836247 433982                     180.3333325   49.00000  72.8%  31.4  257s
H836333 433982                     180.3333317   49.00000  72.8%  31.4  257s
H842702 437158                     180.3333317   49.00000  72.8%  31.4  258s
H844200 439431                     180.3333316   49.00000  72.8%  31.4  259s
H844290 439431                     180.3333316   49.00000  72.8%  31.4  259s
H844531 439431                     180.3333314   49.00000  72.8%  31.4  259s
H845221 439431                     180.3333313   49.00000  72.8%  31.4  259s
 848701 442588   55.33547  133  131  180.33333   49.00000  72.8%  31.4  260s
H850848 442588                     180.3333313   49.00000  72.8%  31.4  260s
 854824 442605  162.16667  208   85  180.33333   49.00000  72.8%  31.4  265s
 871965 454068  146.50000  198   86  180.33333   49.00000  72.8%  31.4  270s
 897993 469161   60.39156  209  120  180.33333   49.00000  72.8%  31.5  275s
 925994 480531   57.33333  152  143  180.33333   49.00000  72.8%  31.4  281s
 926041 496871   57.33333  153  142  180.33333   49.00000  72.8%  31.4  286s
 973920 507917   50.20000  144  112  180.33333   49.00000  72.8%  31.5  290s
H991265 516001                     180.3333313   49.00000  72.8%  31.5  293s
H997844 519026                     180.3333312   49.00000  72.8%  31.5  294s
H1001920 519026                     180.3333312   49.00000  72.8%  31.5  294s
 1002174 519095     cutoff  216       180.33333   49.00000  72.8%  31.5  297s
H1002331 519095                     180.3333312   49.00000  72.8%  31.5  297s
 1006889 521144   51.66667  176  117  180.33333   49.00000  72.8%  31.5  302s
 1013714 524438     cutoff  226       180.33333   49.00000  72.8%  31.5  307s
 1019101 530075 infeasible  200       180.33333   49.00000  72.8%  31.5  310s
 1031449 532041 infeasible  197       180.33333   49.00000  72.8%  31.5  315s
 1049263 542387   49.66819  171  140  180.33333   49.00000  72.8%  31.5  320s
H1065858 548463                     180.3333249   49.00000  72.8%  31.6  322s
 1080795 556137  133.33448  192  104  180.33332   49.00000  72.8%  31.6  325s
 1106128 566528   56.33467  177  138  180.33332   49.00000  72.8%  31.7  330s
 1137127 581291  116.84613  187   79  180.33332   49.00000  72.8%  31.8  335s
 1142794 596246   53.16667  200  108  180.33332   49.00000  72.8%  31.9  345s
 1196668 606847  134.66667  195  114  180.33332   49.00000  72.8%  32.0  350s
 1219549 615256   49.00000  136  129  180.33332   49.00000  72.8%  32.1  357s
 1231890 623275  163.16686  202   94  180.33332   49.00000  72.8%  32.2  360s
 1252719 630266   71.00473  204   93  180.33332   49.00000  72.8%  32.2  367s
 1259139 632873   50.95455  174  137  180.33332   49.00000  72.8%  32.2  371s
H1272197 638978                     180.3333229   49.00000  72.8%  32.2  374s
H1275008 639555                     180.3327446   49.00000  72.8%  32.2  375s
H1275077 639554                     180.3320170   49.00000  72.8%  32.2  375s
 1285557 645314   78.94444  173   95  180.33202   49.00000  72.8%  32.3  380s
 1302394 650184   93.33854  188   93  180.33202   49.00000  72.8%  32.3  385s
 1302447 664223   94.00439  189   94  180.33202   49.00000  72.8%  32.3  391s
 1334479 664243   58.16667  161  132  180.33202   49.00000  72.8%  32.3  396s
 1334523 678050   58.16667  162  134  180.33202   49.00000  72.8%  32.3  400s
 1383807 688339   76.33333  212  112  180.33202   49.00000  72.8%  32.4  405s
 1398688 695847  160.22222  192  112  180.33202   49.00000  72.8%  32.4  410s
 1416142 701416 infeasible  186       180.33202   49.00000  72.8%  32.5  415s
 1431868 710662  130.52303  178  117  180.33202   49.00000  72.8%  32.5  420s
 1458544 719744   50.00038  186  110  180.33202   49.00000  72.8%  32.5  425s
 1479891 731137  137.83333  208   98  180.33202   49.00000  72.8%  32.5  430s
 1510649 742886   58.88910  191  101  180.33202   49.00000  72.8%  32.6  437s
 1514344 744241   91.16839  173  108  180.33202   49.00000  72.8%  32.6  445s
 1519904 746375   53.83356  199  136  180.33202   49.00000  72.8%  32.6  457s
 1524999 748867   49.83333  192  119  180.33202   49.00000  72.8%  32.7  464s
 1525044 763415 infeasible  193       180.33202   49.00000  72.8%  32.7  470s
 1573713 772327 infeasible  217       180.33202   49.00000  72.8%  32.8  475s
 1578327 774583   80.94444  186  100  180.33202   49.00000  72.8%  32.8  480s
 1598334 779717   50.83333  197  130  180.33202   49.00000  72.8%  32.8  489s
 1598383 781875   50.83333  198  126  180.33202   49.00000  72.8%  32.8  490s
 1619926 792896  111.50154  198  128  180.33202   49.00000  72.8%  32.9  495s
 1634334 795795 infeasible  180       180.33202   49.00000  72.8%  32.9  500s
 1647209 801278 infeasible  193       180.33202   49.00000  72.8%  32.9  505s
 1669528 812883   88.58400  200  109  180.33202   49.00000  72.8%  33.0  510s
 1697713 825406 infeasible  230       180.33202   49.00000  72.8%  33.1  515s
 1724131 837834  166.70849  202  124  180.33202   49.00000  72.8%  33.2  520s
 1749324 847833     cutoff  195       180.33202   49.00000  72.8%  33.2  530s
 1749603 862002 infeasible  196       180.33202   49.00000  72.8%  33.2  535s
 1803604 872068 infeasible  209       180.33202   49.00000  72.8%  33.4  542s
 1811690 879045 infeasible  201       180.33202   49.00000  72.8%  33.4  546s
 1835197 885734  105.66667  209   74  180.33202   49.00000  72.8%  33.4  550s
 1861492 897099   49.00161  158  124  180.33202   49.00000  72.8%  33.5  555s
 1874994 901508 infeasible  193       180.33202   49.00000  72.8%  33.6  560s
 1875204 915045 infeasible  193       180.33202   49.00000  72.8%  33.6  567s
 1915567 920457   50.83333  194  113  180.33202   49.00000  72.8%  33.6  570s
 1938029 928803  143.50000  205  111  180.33202   49.00000  72.8%  33.7  578s
 1938076 942121  143.50000  206  115  180.33202   49.00000  72.8%  33.7  582s
 1975944 947737  150.88320  201   88  180.33202   49.00000  72.8%  33.7  585s
 2000282 957805     cutoff  211       180.33202   49.00000  72.8%  33.8  591s
 2012783 961499   49.00000  178  110  180.33202   49.00000  72.8%  33.8  595s
 2039682 972246   54.85538  214  129  180.33202   49.00000  72.8%  33.9  600s
 2047934 974038   87.03919  157  118  180.33202   49.00000  72.8%  33.9  606s
 2054319 976685 infeasible  150       180.33202   49.00000  72.8%  33.9  614s
 2054374 978574 infeasible  145       180.33202   49.00000  72.8%  33.9  615s
 2077669 986133   49.00000  166  119  180.33202   49.00000  72.8%  33.9  624s
 2077725 988427   49.00000  167  117  180.33202   49.00000  72.8%  33.9  625s
 2104776 999566   74.33333  229  111  180.33202   49.00000  72.8%  33.9  630s
 2122724 1004159  144.50000  194  100  180.33202   49.00000  72.8%  33.9  636s
 2122973 1017809     cutoff  194       180.33202   49.00000  72.8%  33.9  640s
 2177117 1029733   52.66667  185  121  180.33202   49.00000  72.8%  33.9  645s
 2202188 1042405     cutoff  202       180.33202   49.00000  72.8%  34.0  650s
 2224262 1054709   61.33333  249   86  180.33202   49.00000  72.8%  34.0  655s
 2235721 1059564   56.66667  226  123  180.33202   49.00000  72.8%  34.0  660s
 2245719 1061747   52.00000  182  104  180.33202   49.00000  72.8%  34.0  666s
 2250604 1063720   66.84576  216  120  180.33202   49.00000  72.8%  33.9  670s
 2250675 1077810   70.00120  217  121  180.33202   49.00000  72.8%  33.9  675s
 2299489 1088384  133.67122  174  135  180.33202   49.00000  72.8%  33.9  680s
 2328587 1102537   52.34722  185  141  180.33202   49.00000  72.8%  33.9  685s
 2344113 1112444 infeasible  215       180.33202   49.00000  72.8%  33.9  690s
 2358296 1117037  162.83333  241   84  180.33202   49.00000  72.8%  33.9  695s
 2384513 1128881   49.00000  168  132  180.33202   49.00000  72.8%  33.9  700s
 2397495 1134504 infeasible  223       180.33202   49.00000  72.8%  33.9  705s
 2419518 1144510   99.33333  162  124  180.33202   49.00000  72.8%  33.9  710s
 2448413 1159700 infeasible  221       180.33202   49.00000  72.8%  33.9  715s
 2456234 1159707   49.00000  144  128  180.33202   49.00000  72.8%  33.9  721s
 2469074 1165917  152.16667  196  109  180.33202   49.00000  72.8%  33.9  729s
 2469163 1168213  136.66667  195  110  180.33202   49.00000  72.8%  33.9  730s
 2473434 1168240  138.16667  229   94  180.33202   49.00000  72.8%  33.9  738s
 2473471 1183603 infeasible  230       180.33202   49.00000  72.8%  33.9  743s
 2505503 1187249 infeasible  193       180.33202   49.00000  72.8%  33.9  745s
 2514129 1187776   50.33333  169  128  180.33202   49.00000  72.8%  33.9  750s
 2536671 1202695   49.83333  181  128  180.33202   49.00000  72.8%  33.9  756s
 2553409 1206067   54.00000  212  134  180.33202   49.00000  72.8%  33.9  763s
 2559670 1212240   51.27778  198  132  180.33202   49.00000  72.8%  33.9  765s
 2565339 1212260 infeasible  237       180.33202   49.00000  72.8%  33.9  770s
 2576427 1221611  159.50000  243   61  180.33202   49.00000  72.8%  33.9  775s
 2594814 1225692 infeasible  200       180.33202   49.00000  72.8%  33.9  782s
 2595704 1228712   49.00000  173  115  180.33202   49.00000  72.8%  33.9  785s
 2612055 1236856 infeasible  226       180.33202   49.00000  72.8%  33.9  791s
 2625054 1241552   68.03704  210  103  180.33202   49.00000  72.8%  33.9  802s
 2629003 1245552 infeasible  235       180.33202   49.00000  72.8%  33.9  805s
 2653446 1256481   54.75059  204  128  180.33202   49.00000  72.8%  33.9  810s
 2657639 1256506 infeasible  223       180.33202   49.00000  72.8%  33.9  819s
 2657677 1258745   65.33333  222  101  180.33202   49.00000  72.8%  33.9  820s
 2678185 1269123   61.83333  184  107  180.33202   49.00000  72.8%  33.9  825s
 2707129 1280844   60.50000  206  110  180.33202   49.00000  72.8%  33.9  836s
 2719860 1287947   49.00000  133  125  180.33202   49.00000  72.8%  33.9  840s
 2742299 1300997     cutoff  204       180.33202   49.00000  72.8%  33.9  846s
 2757834 1306774   92.50000  178  116  180.33202   49.00000  72.8%  33.9  852s
 2757951 1322018   89.16681  177  134  180.33202   49.00000  72.8%  33.9  857s
 2798290 1328454  151.19589  208   93  180.33202   49.00000  72.8%  33.9  860s
 2816484 1336053  132.50000  226   78  180.33202   49.00000  72.8%  33.9  865s
 2834836 1347413   63.66878  210  119  180.33202   49.00000  72.8%  33.9  870s
 2862104 1360851   49.00000  162  124  180.33202   49.00000  72.8%  33.9  876s
 2875780 1366877   93.19444  204  114  180.33202   49.00000  72.8%  34.0  880s
 2898951 1378081     cutoff  221       180.33202   49.00000  72.8%  34.0  885s
 2911174 1381555  152.34463  211  118  180.33202   49.00000  72.8%  34.0  890s
 2932880 1393760   52.16686  197  134  180.33202   49.00000  72.8%  33.9  895s
 2947484 1398578   65.83410  187  129  180.33202   49.00000  72.8%  33.9  900s
 2947885 1414269   72.16667  188  120  180.33202   49.00000  72.8%  33.9  905s
 2997176 1425325  122.50000  212  103  180.33202   49.00000  72.8%  33.9  910s
 3024378 1436580     cutoff  196       180.33202   49.00000  72.8%  33.9  916s
 3047554 1445586  150.17553  224  109  180.33202   49.00000  72.8%  33.9  924s
 3047598 1462291  141.83333  225  100  180.33202   49.00000  72.8%  33.9  929s
 3079630 1465610   50.33333  177  126  180.33202   49.00000  72.8%  33.9  930s
 3107121 1480300  170.83381  189  125  180.33202   49.00000  72.8%  34.0  935s
 3129264 1488444  127.33391  209  100  180.33202   49.00000  72.8%  34.0  940s
 3150167 1500688 infeasible  215       180.33202   49.00000  72.8%  33.9  946s
 3177230 1515885  129.58696  194  109  180.33202   49.00000  72.8%  33.9  950s
 3205180 1527318  160.00000  175  108  180.33202   49.00000  72.8%  33.9  955s
 3233792 1539412  175.66667  194  106  180.33202   49.00000  72.8%  33.9  960s
 3260027 1551982  115.33333  227   90  180.33202   49.00000  72.8%  33.9  965s
 3281938 1563787 infeasible  223       180.33202   49.00000  72.8%  33.9  970s
 3304353 1576324  150.16667  207  114  180.33202   49.00000  72.8%  33.9  975s
 3331615 1584810 infeasible  237       180.33202   49.00000  72.8%  33.9  980s
 3355596 1596103  101.68767  201  108  180.33202   49.00000  72.8%  33.9  985s
 3374005 1607950 infeasible  170       180.33202   49.00000  72.8%  33.9  990s
 3396386 1620022  155.16667  220   92  180.33202   49.00000  72.8%  33.9  995s
 3426345 1633545 infeasible  215       180.33202   49.00000  72.8%  33.9 1001s
 3454777 1644909  162.33448  196   91  180.33202   49.00000  72.8%  33.9 1005s
 3483901 1655491   54.50115  173  148  180.33202   49.00000  72.8%  33.9 1010s
 3510481 1668957   69.33333  191  113  180.33202   49.00000  72.8%  33.8 1015s
 3515299 1669270   69.33645  198  124  180.33202   49.00000  72.8%  33.8 1020s
 3538616 1682013   70.33589  196  125  180.33202   49.00000  72.8%  33.8 1025s
 3554873 1691048  132.00000  197  112  180.33202   49.00000  72.8%  33.8 1031s
 3561984 1691070     cutoff  179       180.33202   49.00000  72.8%  33.8 1035s
 3562026 1706624  149.16667  177  104  180.33202   49.00000  72.8%  33.8 1040s
 3607079 1712993   69.50000  205  123  180.33202   49.00000  72.8%  33.8 1051s
 3613754 1715472  171.50000  206  105  180.33202   49.00000  72.8%  33.8 1058s
 3619669 1718035   54.00236  207  124  180.33202   49.00000  72.8%  33.8 1064s
 3619712 1720792   54.33451  208  119  180.33202   49.00000  72.8%  33.8 1065s
 3652555 1736557  159.50000  192   94  180.33202   49.00000  72.8%  33.8 1070s
 3669291 1744251 infeasible  197       180.33202   49.00000  72.8%  33.8 1075s
 3687885 1755043   82.96219  204  122  180.33202   49.00000  72.8%  33.8 1080s
 3719764 1767001   50.00000  200  146  180.33202   49.00000  72.8%  33.8 1089s
 3719806 1782658   50.00000  201  144  180.33202   49.00000  72.8%  33.8 1094s
 3751838 1786047   93.16667  203  105  180.33202   49.00000  72.8%  33.8 1095s
 3777387 1798123   52.37510  176  156  180.33202   49.00000  72.8%  33.7 1100s
 3807298 1809273  168.00000  180  105  180.33202   49.00000  72.8%  33.7 1105s
 3816789 1813002   50.36403  160  123  180.33202   49.00000  72.8%  33.7 1111s
 3816827 1827631 infeasible  161       180.33202   49.00000  72.8%  33.7 1115s
 3848937 1843045   54.16667  209  121  180.33202   49.00000  72.8%  33.7 1125s
 3881046 1858333   79.33333  187  101  180.33202   49.00000  72.8%  33.7 1133s
 3913078 1861924 infeasible  183       180.33202   49.00000  72.8%  33.7 1135s
 3934308 1871103   75.16820  216  114  180.33202   49.00000  72.8%  33.7 1140s
 3952289 1877160   53.68750  226  120  180.33202   49.00000  72.8%  33.7 1147s
 3956997 1881035  136.16962  199  114  180.33202   49.00000  72.8%  33.7 1150s
 3986096 1894559   49.83333  165  147  180.33202   49.00000  72.8%  33.7 1155s
 4009239 1903717  133.33570  201  104  180.33202   49.00000  72.8%  33.7 1164s
 4009280 1919215  139.33570  202  104  180.33202   49.00000  72.8%  33.7 1169s
 4041312 1923738   52.16715  159  169  180.33202   49.00000  72.8%  33.7 1170s
 4054328 1927905   54.16667  177  163  180.33202   49.00000  72.8%  33.7 1175s
 4072995 1937438   49.50000  187  102  180.33202   49.00000  72.8%  33.7 1180s
 4103434 1949054 infeasible  192       180.33202   49.00000  72.8%  33.7 1186s
 4125901 1957770  143.00038  195  136  180.33202   49.00000  72.8%  33.7 1190s
 4154588 1969096   69.66667  182  118  180.33202   49.00000  72.8%  33.7 1195s
 4163999 1972380   50.83333  193  128  180.33202   49.00000  72.8%  33.7 1200s

Cutting planes:
  Learned: 212
  Gomory: 10
  Cover: 152
  Implied bound: 132
  Clique: 22
  MIR: 548
  StrongCG: 3
  Flow cover: 1112
  GUB cover: 3
  RLT: 16
  Relax-and-lift: 552

Cleanup yields a better solution

Explored 4164056 nodes (140321567 simplex iterations) in 1200.03 seconds
Thread count was 32 (of 64 available processors)

Solution count 10: 180.332 180.333 180.333 ... 180.333

Time limit reached
Best objective 1.799999915252e+02, best bound 4.900000000000e+01, gap 72.7778%
