
Gurobi 9.1.2 (linux64) logging started Thu Mar 31 03:25:58 2022

Changed value of parameter LogFile to india_v-7.log
   Prev:   Default: 
Changed value of parameter MIPFocus to 1
   Prev: 0  Min: 0  Max: 3  Default: 0
Changed value of parameter TimeLimit to 600.0
   Prev: inf  Min: 0.0  Max: inf  Default: inf
Warning: variables 0 and 230 have the same name "X[24,0]"
Warning: linear constraint 216 and linear constraint 217 have the same name "weight-constr-t5"
Warning: to let Gurobi read it back, use rlp format
Gurobi Optimizer version 9.1.2 build v9.1.2rc0 (linux64)
Thread count: 32 physical cores, 64 logical processors, using up to 32 threads
Optimize a model with 1582 rows, 1380 columns and 4974 nonzeros
Model fingerprint: 0x2d32be6a
Variable types: 210 continuous, 1170 integer (1170 binary)
Coefficient statistics:
  Matrix range     [1e+00, 1e+06]
  Objective range  [2e-01, 2e-01]
  Bounds range     [1e+00, 5e+05]
  RHS range        [1e+00, 1e+06]
Presolve removed 138 rows and 156 columns
Presolve time: 0.02s
Presolved: 1444 rows, 1224 columns, 8071 nonzeros
Variable types: 204 continuous, 1020 integer (1020 binary)

Root relaxation: objective 3.400000e+01, 139 iterations, 0.00 seconds

    Nodes    |    Current Node    |     Objective Bounds      |     Work
 Expl Unexpl |  Obj  Depth IntInf | Incumbent    BestBd   Gap | It/Node Time

     0     0   34.00000    0   12          -   34.00000      -     -    0s
     0     0   34.00000    0   38          -   34.00000      -     -    0s
     0     0   34.00000    0   20          -   34.00000      -     -    0s
     0     0   34.00000    0   24          -   34.00000      -     -    0s
     0     0   34.00000    0   23          -   34.00000      -     -    0s
     0     0   34.00000    0   24          -   34.00000      -     -    0s
     0     0   34.00000    0   26          -   34.00000      -     -    0s
     0     0   34.00000    0   26          -   34.00000      -     -    0s
H    0     0                    2752690.3333   34.00000   100%     -    0s
     0     0   34.00000    0   20 2752690.33   34.00000   100%     -    0s
H    0     0                     140.0000000   34.00000  75.7%     -    0s
H    0     0                     120.3333333   34.00000  71.7%     -    0s
H    0     0                     119.0000000   34.00000  71.4%     -    0s
H    0     0                     118.8333333   34.00000  71.4%     -    0s
H    0     2                     108.1666666   34.00000  68.6%     -    0s
     0     2   34.00000    0   16  108.16667   34.00000  68.6%     -    0s
H    3     8                     107.8333333   34.00000  68.5%   119    0s
H    5     8                      93.3333260   34.00000  63.6%  78.6    0s
H    7    16                      93.0000000   34.00000  63.4%  57.6    0s
H   32    64                      89.5000000   34.00000  62.0%  19.0    0s
H   35    64                      88.8333143   34.00000  61.7%  17.7    0s
H   42    64                      87.6666666   34.00000  61.2%  15.1    0s
H   55    64                      84.8333333   34.00000  59.9%  13.3    0s
H   95   122                      84.3333333   34.00000  59.7%  10.5    2s
H   95   122                      84.0000000   34.00000  59.5%  10.5    2s
H   96   122                      82.5000000   34.00000  58.8%  10.4    2s
H   99   122                      80.3333333   34.00000  57.7%  10.1    2s
H  125   122                      77.6666667   34.00000  56.2%   8.9    2s
H  159   178                      77.5000000   34.00000  56.1%   8.2    3s
H  160   178                      76.8333333   34.00000  55.7%   8.1    3s
H  164   178                      76.5000000   34.00000  55.6%   8.0    3s
H  191   206                      76.1666667   34.00000  55.4%   7.5    5s
H  193   206                      75.8333333   34.00000  55.2%   7.5    5s
H  199   206                      75.5000000   34.00000  55.0%   7.4    5s
H  203   206                      75.3333333   34.00000  54.9%   7.4    5s
H  234   410                      75.1666667   34.00000  54.8%   7.5    5s
H  283   410                      75.0000000   34.00000  54.7%   6.8    5s
H  304   410                      74.8333333   34.00000  54.6%   6.7    5s
H  396   410                      74.6666667   34.00000  54.5%   6.1    5s
H  464  1004                      71.1666667   34.00000  52.2%   6.1    6s
H 1085  1040                      70.6666667   34.00000  51.9%   4.9    8s
H 1085  1040                      70.5333333   34.00000  51.8%   4.9    8s
H 1088  1040                      70.5000000   34.00000  51.8%   4.9    8s
H 1096  1040                      67.1666667   34.00000  49.4%   4.9    8s
H 1200  3445                      66.1666667   34.00000  48.6%   4.9    9s
H 1376  3445                      66.0000000   34.00000  48.5%   4.8    9s
H 1728  3445                      65.3333333   34.00000  48.0%   4.7    9s
H 3881  3476                      65.1666667   34.00000  47.8%   4.3   10s
H 3883  3476                      64.6666667   34.00000  47.4%   4.3   10s
H 3887  3476                      64.3333333   34.00000  47.2%   4.3   10s
H 9109  9226                      64.3333333   34.00000  47.2%   4.3   10s
*10584 11644             228      62.5416667   34.00000  45.6%   4.3   11s
*11091 11375             219      59.0416667   34.00000  42.4%   4.3   11s
 13980 11275   34.00000   22  111   59.04167   34.00000  42.4%   6.0   16s
 15263 15675   34.00000   41   96   59.04167   34.00000  42.4%   6.5   20s
 21661 17916   34.00000   42  111   59.04167   34.00000  42.4%   8.9   25s
 43041 23823   34.00000   33  111   59.04167   34.00000  42.4%  13.0   30s
 47557 28920   34.00000   66  120   59.04167   34.00000  42.4%  13.9   35s
 58068 33374   52.83333   79   67   59.04167   34.00000  42.4%  15.6   43s
 58255 55474   53.50000   80   68   59.04167   34.00000  42.4%  15.6   48s
 90287 58098   34.00000   93  107   59.04167   34.00000  42.4%  18.5   50s
 109940 69649   54.83333  101   97   59.04167   34.00000  42.4%  19.9   58s
 113117 77973   51.67031  143   72   59.04167   34.00000  42.4%  20.0   61s
 137186 86667   35.16667   84  112   59.04167   34.00000  42.4%  21.0   71s
 144770 95929   34.33333  104  114   59.04167   34.00000  42.4%  21.2   75s
 158516 101026   37.33333  110   84   59.04167   34.00000  42.4%  21.8   83s
 158564 121033   37.33333  111   83   59.04167   34.00000  42.4%  21.8   89s
 190596 121950   40.00000  177   55   59.04167   34.00000  42.4%  22.6   92s
 192400 126946   38.00000  101  117   59.04167   34.00000  42.4%  22.7   96s
 205873 138185   35.50000  119  115   59.04167   34.00000  42.4%  22.9  100s
 232336 146609   34.33333   82  113   59.04167   34.00000  42.4%  23.3  109s
 232749 153943   34.33333   83  105   59.04167   34.00000  42.4%  23.3  112s
 248423 158108   36.83333   84  132   59.04167   34.00000  42.4%  23.4  116s
 252693 158145   34.00000   49  113   59.04167   34.00000  42.4%  23.4  122s
 256801 168833   34.00000  113  100   59.04167   34.00000  42.4%  23.5  127s
 274059 178641   34.33333   98   74   59.04167   34.00000  42.4%  23.6  131s
 294290 187227   53.50000  119   70   59.04167   34.00000  42.4%  23.6  135s
 299298 187254     cutoff   89        59.04167   34.00000  42.4%  23.6  145s
 299335 206467   34.00000   93  108   59.04167   34.00000  42.4%  23.6  151s
 337815 216317     cutoff   90        59.04167   34.00000  42.4%  23.8  156s
 354611 220347   44.00000  165   67   59.04167   34.00000  42.4%  23.9  165s
 365934 230688   35.00000  109  103   59.04167   34.00000  42.4%  23.9  170s
 380324 236973   36.66667  112   97   59.04167   34.00000  42.4%  24.1  179s
 380369 241395   36.66667  113   92   59.04167   34.00000  42.4%  24.1  182s
 389351 246230   34.33333  140  114   59.04167   34.00000  42.4%  24.2  185s
 413441 254679 infeasible  177        59.04167   34.00000  42.4%  24.2  197s
 418021 257654   37.50000  113   90   59.04167   34.00000  42.4%  24.3  205s
 423982 261619   35.00000  135   96   59.04167   34.00000  42.4%  24.3  214s
 424015 265285   35.08333  135   99   59.04167   34.00000  42.4%  24.3  215s
 444529 274780   37.33333  173  100   59.04167   34.00000  42.4%  24.5  221s
 456859 279576 infeasible  143        59.04167   34.00000  42.4%  24.5  237s
 456897 282567   34.00000  118  101   59.04167   34.00000  42.4%  24.5  240s
 468904 291335   47.51381  147  105   59.04167   34.00000  42.4%  24.6  245s
 488047 301531   40.85065  181   73   59.04167   34.00000  42.4%  24.6  250s
 501978 310509   37.50000  114  100   59.04167   34.00000  42.4%  24.7  255s
 510294 310539   34.66667  150   97   59.04167   34.00000  42.4%  24.7  261s
 519491 318698   37.66667  171   70   59.04167   34.00000  42.4%  24.8  266s
 533104 326776   35.16667  178   88   59.04167   34.00000  42.4%  24.8  270s
 542776 327312   37.83760  135   86   59.04167   34.00000  42.4%  24.8  280s
 555718 338039   34.00000  128  103   59.04167   34.00000  42.4%  24.8  286s
 572736 349075   34.52439  137   92   59.04167   34.00000  42.4%  24.9  290s
 589765 354750 infeasible  207        59.04167   34.00000  42.4%  24.9  301s
 589813 373749   38.69231  208   86   59.04167   34.00000  42.4%  24.9  308s
 621845 377471   37.33333  171  102   59.04167   34.00000  42.4%  25.1  311s
 638581 383574   38.16667  122   88   59.04167   34.00000  42.4%  25.1  315s
 650186 393059 infeasible  117        59.04167   34.00000  42.4%  25.2  320s
 655932 393076   36.84187   97  119   59.04167   34.00000  42.4%  25.2  326s
 655979 412031   39.83333   98  110   59.04167   34.00000  42.4%  25.2  333s
 688011 415643   55.66667  108  107   59.04167   34.00000  42.4%  25.2  335s
 705592 421014   54.16667  140  122   59.04167   34.00000  42.4%  25.3  342s
 710957 428126   34.00000  155  116   59.04167   34.00000  42.4%  25.3  346s
 722228 439322 infeasible  162        59.04167   34.00000  42.4%  25.3  350s
 736502 439804   41.83333  107  109   59.04167   34.00000  42.4%  25.3  358s
 737385 440865 infeasible  115        59.04167   34.00000  42.4%  25.3  360s
 754373 456401   34.66667   95  129   59.04167   34.00000  42.4%  25.3  365s
 774931 461495   35.33333  101  100   59.04167   34.00000  42.4%  25.3  374s
 775804 462598   55.66667  114   80   59.04167   34.00000  42.4%  25.3  376s
 793639 477557 infeasible  148        59.04167   34.00000  42.4%  25.3  381s
 803027 478091   34.33333  107  111   59.04167   34.00000  42.4%  25.3  388s
 803895 479339   55.83333  106   94   59.04167   34.00000  42.4%  25.3  390s
 829204 494031   36.83333  127   78   59.04167   34.00000  42.4%  25.3  395s
 835234 498277   38.01493  156   93   59.04167   34.00000  42.4%  25.2  402s
 844972 503551   35.01324  144  101   59.04167   34.00000  42.4%  25.3  405s
 857992 517321   45.33440  137   91   59.04167   34.00000  42.4%  25.3  410s
 868147 517335   42.67362  120   96   59.04167   34.00000  42.4%  25.3  417s
 880198 527389 infeasible  114        59.04167   34.00000  42.4%  25.3  421s
 895896 533145   35.50000  149   94   59.04167   34.00000  42.4%  25.3  425s
 896545 533592   36.16667  157   83   59.04167   34.00000  42.4%  25.3  431s
 912283 545200   34.66667  108   75   59.04167   34.00000  42.4%  25.3  436s
 937211 554653   37.16667  128   68   59.04167   34.00000  42.4%  25.3  446s
 950164 566305   34.66667  121   93   59.04167   34.00000  42.4%  25.3  450s
 971692 574085   34.66667  126   91   59.04167   34.00000  42.4%  25.3  462s
 971730 590268   34.66667  127   94   59.04167   34.00000  42.4%  25.3  466s
 1020557 599121   41.55652  193   79   59.04167   34.00000  42.4%  25.3  470s
 1027186 602254   48.35278  224   76   59.04167   34.00000  42.4%  25.3  478s
 1033285 609197 infeasible  113        59.04167   34.00000  42.4%  25.3  481s
 1057141 617866   34.00000  110   98   59.04167   34.00000  42.4%  25.3  485s
 1063667 621618   34.00000   94   96   59.04167   34.00000  42.4%  25.3  494s
 1063710 637801   34.00000   95   94   59.04167   34.00000  42.4%  25.3  499s
 1095742 641660   56.50000  106   83   59.04167   34.00000  42.4%  25.3  501s
 1113152 649294   35.00000  122  119   59.04167   34.00000  42.4%  25.3  505s
 1119179 649308   57.33333  138   72   59.04167   34.00000  42.4%  25.2  514s
 1119228 652617   57.33333  139   72   59.04167   34.00000  42.4%  25.2  516s
 1140473 660911   35.66667  124  104   59.04167   34.00000  42.4%  25.3  520s
 1155419 668859     cutoff  127        59.04167   34.00000  42.4%  25.3  531s
 1155476 685441 infeasible  127        59.04167   34.00000  42.4%  25.3  537s
 1189346 701931 infeasible  144        59.04167   34.00000  42.4%  25.3  542s
 1219201 705102 infeasible  101        59.04167   34.00000  42.4%  25.4  545s
 1225664 705122   34.00000  110  101   59.04167   34.00000  42.4%  25.4  551s
 1230321 713299   34.33333  117   98   59.04167   34.00000  42.4%  25.4  555s
 1250462 723078   35.33333  116  106   59.04167   34.00000  42.4%  25.4  561s
 1267104 728950   35.83333  132   96   59.04167   34.00000  42.4%  25.5  570s
 1273057 733844   34.00000  114  101   59.04167   34.00000  42.4%  25.5  575s
 1288680 741727   34.00000  120   97   59.04167   34.00000  42.4%  25.5  580s
 1305285 747195   53.53035  130   92   59.04167   34.00000  42.4%  25.5  591s
 1312785 754479   36.66667  140   84   59.04167   34.00000  42.4%  25.5  595s

Cutting planes:
  Learned: 49
  Gomory: 7
  Cover: 272
  Implied bound: 95
  Clique: 88
  MIR: 735
  StrongCG: 2
  Flow cover: 916
  GUB cover: 2
  Zero half: 1
  RLT: 70
  Relax-and-lift: 548

Cleanup yields a better solution

Explored 1336291 nodes (34189439 simplex iterations) in 600.04 seconds
Thread count was 32 (of 64 available processors)

Solution count 10: 59.0417 62.5417 64.3333 ... 70.5

Time limit reached
Best objective 5.883333380487e+01, best bound 3.400000000000e+01, gap 42.2096%
