
Gurobi 9.1.2 (linux64) logging started Thu Mar 31 07:06:59 2022

Changed value of parameter LogFile to india_v-28.log
   Prev:   Default: 
Changed value of parameter MIPFocus to 1
   Prev: 0  Min: 0  Max: 3  Default: 0
Changed value of parameter TimeLimit to 600.0
   Prev: inf  Min: 0.0  Max: inf  Default: inf
Warning: variables 0 and 230 have the same name "X[24,0]"
Warning: linear constraint 216 and linear constraint 217 have the same name "weight-constr-t5"
Warning: to let Gurobi read it back, use rlp format
Gurobi Optimizer version 9.1.2 build v9.1.2rc0 (linux64)
Thread count: 32 physical cores, 64 logical processors, using up to 32 threads
Optimize a model with 1522 rows, 1380 columns and 4824 nonzeros
Model fingerprint: 0x4f124313
Variable types: 210 continuous, 1170 integer (1170 binary)
Coefficient statistics:
  Matrix range     [1e+00, 1e+06]
  Objective range  [2e-01, 2e-01]
  Bounds range     [1e+00, 5e+05]
  RHS range        [1e+00, 1e+06]
Presolve removed 318 rows and 366 columns
Presolve time: 0.01s
Presolved: 1204 rows, 1014 columns, 7116 nonzeros
Variable types: 198 continuous, 816 integer (810 binary)
Found heuristic solution: objective 287.9999998

Root relaxation: objective 3.400000e+01, 128 iterations, 0.00 seconds

    Nodes    |    Current Node    |     Objective Bounds      |     Work
 Expl Unexpl |  Obj  Depth IntInf | Incumbent    BestBd   Gap | It/Node Time

     0     0   34.00000    0   40  288.00000   34.00000  88.2%     -    0s
H    0     0                     286.9999998   34.00000  88.2%     -    0s
H    0     0                     161.0000000   34.00000  78.9%     -    0s
     0     0   34.00000    0   45  161.00000   34.00000  78.9%     -    0s
     0     0   34.00000    0   47  161.00000   34.00000  78.9%     -    0s
     0     0   34.00000    0   33  161.00000   34.00000  78.9%     -    0s
H    0     0                     160.3333333   34.00000  78.8%     -    0s
     0     0   34.00000    0   33  160.33333   34.00000  78.8%     -    0s
     0     0   34.00000    0   38  160.33333   34.00000  78.8%     -    0s
H    0     0                     134.5000000   34.00000  74.7%     -    0s
H    0     0                     102.5000000   34.00000  66.8%     -    0s
     0     0   34.00000    0   39  102.50000   34.00000  66.8%     -    0s
     0     0   34.00000    0   28  102.50000   34.00000  66.8%     -    0s
H    0     0                      98.0000000   34.00000  65.3%     -    0s
H    0     0                      97.3333333   34.00000  65.1%     -    0s
     0     0   34.00000    0   28   97.33333   34.00000  65.1%     -    0s
     0     0   34.00000    0   35   97.33333   34.00000  65.1%     -    0s
H    0     0                      97.0000000   34.00000  64.9%     -    0s
H    0     2                      96.0000000   34.00000  64.6%     -    0s
     0     2   34.00000    0   34   96.00000   34.00000  64.6%     -    0s
H    4     8                      96.0000000   34.00000  64.6%   106    0s
H    6     8                      95.8333333   34.00000  64.5%  78.8    0s
H   31    64                      73.5000000   34.00000  53.7%  22.9    0s
H   32    64                      73.0000000   34.00000  53.4%  22.3    0s
H   41    64                      72.3333333   34.00000  53.0%  18.0    0s
H   95   126                      70.1666667   34.00000  51.5%  10.9    1s
H   96   126                      65.6666667   34.00000  48.2%  10.8    1s
H   97   126                      64.6666667   34.00000  47.4%  10.7    1s
H   99   126                      62.8333333   34.00000  45.9%  10.5    1s
H  105   126                      61.3333333   34.00000  44.6%  10.3    1s
H  111   126                      60.8333333   34.00000  44.1%   9.9    1s
H  125   126                      59.5000000   34.00000  42.9%   9.1    1s
H  210   223                      58.5000000   34.00000  41.9%   7.5    1s
H  917  1535                      58.1666667   34.00000  41.5%   5.8    2s
H 1011  1535                      58.0000000   34.00000  41.4%   5.8    2s
H 1420  1535                      57.6666667   34.00000  41.0%   5.9    2s
H 1587  3204                      56.8333333   34.00000  40.2%   5.8    2s
H 2495  3204                      56.6666667   34.00000  40.0%   5.9    2s
H 3386  4144                      56.5000000   34.00000  39.8%   5.7    2s
H 3451  4144                      56.3333333   34.00000  39.6%   5.7    2s
H 3800  4144                      56.1666667   34.00000  39.5%   5.6    2s
H 5041  9202                      56.0000000   34.00000  39.3%   5.4    3s
 11400  9778   34.00000   21   78   56.00000   34.00000  39.3%   7.3    7s
H11402  9293                      55.1666667   34.00000  38.4%   7.3    7s
H11464  8873                      55.0000000   34.00000  38.2%   7.5    9s
 12197  9601   34.16667   47   97   55.00000   34.00000  38.2%  11.6   10s
 16491 11142   34.00000   45   75   55.00000   34.00000  38.2%  17.4   16s
H16520 10696                      54.9999924   34.00000  38.2%  17.6   16s
H18364 11265                      54.9999845   34.00000  38.2%  20.0   17s
H18368 10870                      54.9999840   34.00000  38.2%  20.0   17s
H19154 12045                      54.8333333   34.00000  38.0%  20.6   18s
H21591 12452                      54.5000000   34.00000  37.6%  22.8   19s
H22703 11692                      53.6666667   34.00000  36.6%  23.6   19s
 22704 13477   41.00000   96   94   53.66667   34.00000  36.6%  23.6   20s
H24618 12454                      53.0000000   34.00000  35.8%  24.7   20s
H30709 15508                      52.9999991   34.00000  35.8%  27.5   24s
 31185 20422   34.00000   67   86   53.00000   34.00000  35.8%  27.6   25s
H31400 20422                      52.9999990   34.00000  35.8%  27.6   26s
H31500 20422                      52.9999989   34.00000  35.8%  27.7   26s
H31848 20422                      52.9999988   34.00000  35.8%  27.9   26s
H36072 20422                      52.9999986   34.00000  35.8%  28.9   26s
H38017 21418                      52.9999979   34.00000  35.8%  29.2   27s
H38403 21418                      52.9999978   34.00000  35.8%  29.3   27s
H38985 21418                      52.9999978   34.00000  35.8%  29.3   27s
H40178 22782                      52.9999977   34.00000  35.8%  29.8   28s
 41484 24579   37.52381   67   77   53.00000   34.00000  35.8%  30.2   30s
H43023 24579                      52.9999977   34.00000  35.8%  30.6   30s
H45363 26240                      52.9999975   34.00000  35.8%  31.0   31s
H45700 30421                      52.9999972   34.00000  35.8%  31.1   33s
 50959 31837   34.83816  108  130   53.00000   34.00000  35.8%  31.9   35s
H51043 31837                      52.9999971   34.00000  35.8%  31.9   35s
H51577 31837                      52.9999971   34.00000  35.8%  32.1   35s
H56513 35956                      52.9999970   34.00000  35.8%  32.8   39s
 58580 39277   42.34969  120   90   53.00000   34.00000  35.8%  33.2   41s
H62795 39277                      52.9999970   34.00000  35.8%  34.4   41s
H63269 42632                      52.9999970   34.00000  35.8%  34.3   43s
 67368 46325   44.66667  121   82   53.00000   34.00000  35.8%  34.7   46s
H78783 51772                      52.9999970   34.00000  35.8%  35.5   48s
 79424 55843   34.66667  105   78   53.00000   34.00000  35.8%  35.5   50s
 85077 55866   42.51357  151   59   53.00000   34.00000  35.8%  35.8   55s
 92287 61179   34.00000   72  103   53.00000   34.00000  35.8%  36.0   61s
H92365 61179                      52.9999969   34.00000  35.8%  36.0   61s
 92439 84548   34.00000   73  101   53.00000   34.00000  35.8%  36.0   70s
H107014 84548                      52.9999969   34.00000  35.8%  36.3   70s
H122830 84548                      52.9999969   34.00000  35.8%  36.8   70s
 133962 92286   34.00000   61  108   53.00000   34.00000  35.8%  37.1   76s
 140801 99713   34.17025   82  107   53.00000   34.00000  35.8%  37.3   80s
H141498 99713                      52.9999968   34.00000  35.8%  37.3   80s
 153425 107882     cutoff   98        53.00000   34.00000  35.8%  37.4   85s
 160411 114514   47.16667   97   76   53.00000   34.00000  35.8%  37.7   91s
 172452 121599   35.50000   66   98   53.00000   34.00000  35.8%  38.0   95s
 184117 132054   39.50000  109   82   53.00000   34.00000  35.8%  38.2  100s
 199428 140808   34.33333   60   89   53.00000   34.00000  35.8%  38.2  106s
 208867 145873   40.66667   69   83   53.00000   34.00000  35.8%  38.2  110s
H217586 151218                      52.9999967   34.00000  35.8%  38.2  112s
 227734 158395 infeasible  115        53.00000   34.00000  35.8%  38.4  116s
 238619 165144   43.83333   97   64   53.00000   34.00000  35.8%  38.6  120s
 248251 172123   38.83333  124   68   53.00000   34.00000  35.8%  38.5  125s
 262607 181967   42.00000  102   65   53.00000   34.00000  35.8%  38.6  130s
 273530 184592   50.50000   83   60   53.00000   34.00000  35.8%  38.5  137s
 278539 193651   43.33333  107   51   53.00000   34.00000  35.8%  38.5  141s
H290480 196750                      52.9999962   34.00000  35.8%  38.5  143s
 291517 199490   35.33333   91  111   53.00000   34.00000  35.8%  38.5  145s
H301776 204062                      52.9999962   34.00000  35.8%  38.5  147s
 302033 207370   34.00000   74   88   53.00000   34.00000  35.8%  38.5  150s
H302264 207370                      52.9999961   34.00000  35.8%  38.5  150s
H315074 214482                      52.9999960   34.00000  35.8%  38.5  154s
 317699 216160   34.00000   54   45   53.00000   34.00000  35.8%  38.5  156s
 329974 225796   34.00000   82   92   53.00000   34.00000  35.8%  38.4  161s
 339326 232861     cutoff  142        53.00000   34.00000  35.8%  38.4  166s
 353215 242466     cutoff  168        53.00000   34.00000  35.8%  38.6  171s
 364097 247023   34.00000   75   95   53.00000   34.00000  35.8%  38.5  176s
 376358 256558   44.00000   93   66   53.00000   34.00000  35.8%  38.5  180s
 381402 256665   35.00000   75   85   53.00000   34.00000  35.8%  38.6  185s
 386708 266704 infeasible  105        53.00000   34.00000  35.8%  38.7  190s
H399217 269908                      52.9999959   34.00000  35.8%  38.6  193s
 402422 272894   34.00000   73  109   53.00000   34.00000  35.8%  38.6  195s
 415733 281609   34.16667   66  104   53.00000   34.00000  35.8%  38.7  200s
H417196 281609                      52.9999959   34.00000  35.8%  38.8  200s
 427716 292641   34.00000   88   72   53.00000   34.00000  35.8%  38.9  207s
H430576 292641                      52.9999958   34.00000  35.8%  38.9  207s
 434336 295128   34.83333  125   83   53.00000   34.00000  35.8%  38.9  210s
 448312 305965 infeasible  118        53.00000   34.00000  35.8%  38.9  217s
 460766 310742 infeasible   66        53.00000   34.00000  35.8%  38.9  222s
 463729 315404   43.33333   94   86   53.00000   34.00000  35.8%  38.9  225s
 476986 322844   50.28607  108   50   53.00000   34.00000  35.8%  38.8  230s
 488275 328960   42.16667  115   68   53.00000   34.00000  35.8%  38.9  235s
 499913 335923   34.33333  110   60   53.00000   34.00000  35.8%  38.8  240s
 511177 342409   39.33333  116   56   53.00000   34.00000  35.8%  38.8  245s
 520590 350399   34.00000   56   89   53.00000   34.00000  35.8%  38.8  250s
 530505 358694   35.46306  151  110   53.00000   34.00000  35.8%  38.8  255s
 542063 368961   34.16667   80   92   53.00000   34.00000  35.8%  38.7  262s
 560516 375412   37.66667   77   63   53.00000   34.00000  35.8%  38.7  267s
 570975 379724   39.33333  111   79   53.00000   34.00000  35.8%  38.7  274s
 571016 400296   39.33333  111   73   53.00000   34.00000  35.8%  38.7  284s
 603048 400382   46.50000  110   63   53.00000   34.00000  35.8%  38.6  290s
 603158 419849     cutoff  111        53.00000   34.00000  35.8%  38.6  301s
 641442 427088   37.00000  105   83   53.00000   34.00000  35.8%  38.5  306s
 652600 432865   34.11111  106  101   53.00000   34.00000  35.8%  38.4  310s
 663424 440915   51.83333   86   65   53.00000   34.00000  35.8%  38.3  316s
 673773 449425   35.34541   68   97   53.00000   34.00000  35.8%  38.4  320s
 683777 455804   38.00242   89   99   53.00000   34.00000  35.8%  38.3  325s
 697399 462397   35.76287   90   77   53.00000   34.00000  35.8%  38.2  330s
 710363 470317   52.33333  126   52   53.00000   34.00000  35.8%  38.2  335s
 719569 476950   41.33333  107   80   53.00000   34.00000  35.8%  38.2  341s
 730024 484380   39.53623   98   63   53.00000   34.00000  35.8%  38.2  346s
 738603 493767   47.66667   70   71   53.00000   34.00000  35.8%  38.2  352s
 748242 496802     cutoff   81        53.00000   34.00000  35.8%  38.1  355s
 760983 504251   34.00000   80   75   53.00000   34.00000  35.8%  38.1  360s
 773024 514455   51.89125  115   51   53.00000   34.00000  35.8%  38.1  365s
 782725 520734   34.00000   63   89   53.00000   34.00000  35.8%  38.1  370s
 796302 528539   41.50242  100   69   53.00000   34.00000  35.8%  38.0  376s
H806362 530685                      52.9999957   34.00000  35.8%  37.9  379s
 809379 532891   34.50000   80  112   53.00000   34.00000  35.8%  37.9  381s
 821639 540821   34.33333   88  107   53.00000   34.00000  35.8%  37.9  387s
 825732 546666   36.50496   93   86   53.00000   34.00000  35.8%  37.9  390s
H827771 546666                      52.9999957   34.00000  35.8%  37.9  390s
H838009 548713                      52.9999956   34.00000  35.8%  37.8  393s
 839350 552698     cutoff  131        53.00000   34.00000  35.8%  37.8  396s
 850911 560677 infeasible  101        53.00000   34.00000  35.8%  37.8  402s
 861729 567808   36.83575  121   72   53.00000   34.00000  35.8%  37.7  406s
 871979 573114 infeasible  130        53.00000   34.00000  35.8%  37.7  412s
 877218 576294   34.00000  103   90   53.00000   34.00000  35.8%  37.7  415s
 888203 584938   38.35145   94   86   53.00000   34.00000  35.8%  37.6  421s
 900414 591332   36.83346   92   87   53.00000   34.00000  35.8%  37.6  425s
 910371 596456   34.16667   77   81   53.00000   34.00000  35.8%  37.5  430s
 923060 602532   50.16667  107   82   53.00000   34.00000  35.8%  37.4  435s
 933235 609551   46.83333  119   81   53.00000   34.00000  35.8%  37.5  441s
 946502 617743   52.68265  100   58   53.00000   34.00000  35.8%  37.4  446s
 958292 622557   37.66667   71   93   53.00000   34.00000  35.8%  37.3  451s
 967549 630673   37.34722  126   76   53.00000   34.00000  35.8%  37.3  457s
 975108 633928   38.00000  102   98   53.00000   34.00000  35.8%  37.3  460s
 987330 639884     cutoff  119        53.00000   34.00000  35.8%  37.2  465s
 997753 647186   34.66667   87   60   53.00000   34.00000  35.8%  37.2  471s
 1007589 653126   34.50000   89  104   53.00000   34.00000  35.8%  37.2  476s
 1016602 662558   37.00000  114   77   53.00000   34.00000  35.8%  37.1  483s
 1028512 665541 infeasible   91        53.00000   34.00000  35.8%  37.1  485s
 1040266 671150   37.86836   69   73   53.00000   34.00000  35.8%  37.0  491s
 1049027 678407   48.92332  109   59   53.00000   34.00000  35.8%  36.9  496s
 1061081 683655     cutoff   91        53.00000   34.00000  35.8%  36.9  501s
 1071000 689074     cutoff  105        53.00000   34.00000  35.8%  36.8  506s
 1080611 697126   49.82390  153   75   53.00000   34.00000  35.8%  36.8  512s
 1089983 701210   35.50000   93   90   53.00000   34.00000  35.8%  36.7  515s
 1101546 708580   41.33333  113   71   53.00000   34.00000  35.8%  36.7  521s
 1112424 719388   34.00000   97   70   53.00000   34.00000  35.8%  36.6  528s
 1124706 722974 infeasible  121        53.00000   34.00000  35.8%  36.6  532s
 1131011 726833   48.51675  100   82   53.00000   34.00000  35.8%  36.5  535s
 1144709 734110   34.00000   77   87   53.00000   34.00000  35.8%  36.5  540s
 1156513 741270   34.83333  109   93   53.00000   34.00000  35.8%  36.4  546s
 1168534 747910   44.83333  114   78   53.00000   34.00000  35.8%  36.4  552s
 1181062 752287 infeasible  119        53.00000   34.00000  35.8%  36.3  559s
 1181101 754236   49.33333  117   56   53.00000   34.00000  35.8%  36.3  562s
 1189580 758651   38.08333   86   84   53.00000   34.00000  35.8%  36.3  567s
 1192437 763029   34.89051   87   90   53.00000   34.00000  35.8%  36.3  570s
 1206461 769897 infeasible  100        53.00000   34.00000  35.8%  36.2  576s
 1216670 775338   46.66667  127   64   53.00000   34.00000  35.8%  36.2  581s
 1221821 780219   38.00000  111   85   53.00000   34.00000  35.8%  36.2  585s
 1235118 787888   37.33333  109   89   53.00000   34.00000  35.8%  36.1  591s
 1246906 796432   37.66787  135   78   53.00000   34.00000  35.8%  36.1  599s
 1256416 797621   36.50000   92   70   53.00000   34.00000  35.8%  36.0  600s

Cutting planes:
  Learned: 175
  Gomory: 20
  Cover: 234
  Implied bound: 93
  Clique: 63
  MIR: 652
  StrongCG: 4
  Flow cover: 965
  GUB cover: 5
  Zero half: 3
  RLT: 165
  Relax-and-lift: 357

Explored 1258182 nodes (45321399 simplex iterations) in 600.02 seconds
Thread count was 32 (of 64 available processors)

Solution count 10: 53 53 53 ... 53

Time limit reached
Best objective 5.299999558719e+01, best bound 3.400000000000e+01, gap 35.8491%
