
Gurobi 9.1.2 (linux64) logging started Thu Mar 31 07:47:09 2022

Changed value of parameter LogFile to india_v-2.log
   Prev:   Default: 
Changed value of parameter MIPFocus to 1
   Prev: 0  Min: 0  Max: 3  Default: 0
Changed value of parameter TimeLimit to 600.0
   Prev: inf  Min: 0.0  Max: inf  Default: inf
Warning: variables 0 and 230 have the same name "X[24,0]"
Warning: linear constraint 216 and linear constraint 217 have the same name "weight-constr-t5"
Warning: to let Gurobi read it back, use rlp format
Gurobi Optimizer version 9.1.2 build v9.1.2rc0 (linux64)
Thread count: 32 physical cores, 64 logical processors, using up to 32 threads
Optimize a model with 1582 rows, 1380 columns and 4974 nonzeros
Model fingerprint: 0xa04549a9
Variable types: 210 continuous, 1170 integer (1170 binary)
Coefficient statistics:
  Matrix range     [1e+00, 1e+06]
  Objective range  [2e-01, 2e-01]
  Bounds range     [1e+00, 5e+05]
  RHS range        [1e+00, 1e+06]
Presolve removed 126 rows and 144 columns
Presolve time: 0.02s
Presolved: 1456 rows, 1236 columns, 8267 nonzeros
Variable types: 204 continuous, 1032 integer (1032 binary)

Root relaxation: objective 3.400000e+01, 146 iterations, 0.00 seconds

    Nodes    |    Current Node    |     Objective Bounds      |     Work
 Expl Unexpl |  Obj  Depth IntInf | Incumbent    BestBd   Gap | It/Node Time

     0     0   34.00000    0   26          -   34.00000      -     -    0s
     0     0   34.00000    0   53          -   34.00000      -     -    0s
     0     0   34.00000    0   53          -   34.00000      -     -    0s
     0     0   34.00000    0   22          -   34.00000      -     -    0s
     0     0   34.00000    0   25          -   34.00000      -     -    0s
     0     0   34.00000    0   17          -   34.00000      -     -    0s
     0     0   34.00000    0   17          -   34.00000      -     -    0s
     0     0   34.00000    0   20          -   34.00000      -     -    0s
     0     0   34.00000    0   22          -   34.00000      -     -    0s
H    0     0                    2512444.0000   34.00000   100%     -    0s
     0     0   34.00000    0   25 2512444.00   34.00000   100%     -    0s
H    0     0                     239.1666667   34.00000  85.8%     -    0s
H    0     0                     224.4999999   34.00000  84.9%     -    0s
H    0     0                     206.5000000   34.00000  83.5%     -    0s
H    0     2                     206.3333333   34.00000  83.5%     -    0s
     0     2   34.00000    0   25  206.33333   34.00000  83.5%     -    0s
H    1     4                     206.3333332   34.00000  83.5%   377    0s
H    2     4                     206.3333332   34.00000  83.5%   193    0s
H    3     8                     204.3333333   34.00000  83.4%   133    0s
H    7    16                     204.3333331   34.00000  83.4%  68.3    0s
H   10    16                     204.3333331   34.00000  83.4%  57.3    0s
H   31    64                     203.8333331   34.00000  83.3%  30.7    0s
H   33    64                     198.8333332   34.00000  82.9%  28.9    0s
H   34    64                     197.3333332   34.00000  82.8%  28.1    0s
H   95   128                     197.1666666   34.00000  82.8%  13.5    2s
H   95   128                     195.4999999   34.00000  82.6%  13.5    2s
H   96   128                     175.3333333   34.00000  80.6%  13.4    2s
H   98   128                     173.1666667   34.00000  80.4%  13.2    2s
H  100   128                     165.1666666   34.00000  79.4%  13.0    2s
H  125   128                     160.0000000   34.00000  78.7%  11.3    2s
H  126   128                     156.3333333   34.00000  78.3%  11.2    2s
H  159   192                     155.1666665   34.00000  78.1%   9.7    4s
H  160   192                     142.1666667   34.00000  76.1%   9.7    4s
H  162   192                     133.4166667   34.00000  74.5%   9.6    4s
H  254   274                     123.1666666   34.00000  72.4%   7.4    5s
H  258   274                     123.0000000   34.00000  72.4%   7.4    5s
H  300   717                     122.9999999   34.00000  72.4%   7.2    5s
H  328   717                     122.8333333   34.00000  72.3%   6.8    5s
H  393   717                     122.8333333   34.00000  72.3%   6.3    5s
H  421   717                     112.8333333   34.00000  69.9%   6.4    5s
H  766   749                     111.0000000   34.00000  69.4%   5.3    6s
H  767   749                     109.6666667   34.00000  69.0%   5.3    6s
H  768   749                     109.5000000   34.00000  68.9%   5.3    6s
H  770   749                     108.8333333   34.00000  68.8%   5.3    6s
H  771   749                     105.5000000   34.00000  67.8%   5.3    6s
H  779   749                     105.3333333   34.00000  67.7%   5.3    6s
H  793   749                     104.1666667   34.00000  67.4%   5.2    6s
H  798   786                     103.6666667   34.00000  67.2%   5.2    7s
H  799   786                     103.0000000   34.00000  67.0%   5.2    7s
H  810   786                     101.1666667   34.00000  66.4%   5.2    7s
H  837   818                     100.6666667   34.00000  66.2%   5.1    7s
H  838   818                      99.0000000   34.00000  65.7%   5.1    7s
H  839   818                      98.8333333   34.00000  65.6%   5.1    7s
H  841   818                      98.5000000   34.00000  65.5%   5.1    7s
H  869  2698                      98.1666667   34.00000  65.4%   5.1    8s
H  882  2698                      97.5000000   34.00000  65.1%   5.0    8s
H 1606  2698                      97.1666667   34.00000  65.0%   4.4    8s
H 3932  5069                      97.0000000   34.00000  64.9%   3.9    9s
  5795  8867   40.50000   86   39   97.00000   34.00000  64.9%   3.9   10s
H10502  8526                      96.6666667   34.00000  64.8%   5.8   13s
H10560  8149                      96.1666667   34.00000  64.6%   5.8   14s
 10795  8513   34.00000   25  116   96.16667   34.00000  64.6%   5.9   15s
H10888  8081                      95.5000000   34.00000  64.4%   6.0   15s
H13082  8819                      95.1666667   34.00000  64.3%   7.2   18s
H13094  8454                      95.0000000   34.00000  64.2%   7.2   18s
H14907  9842                      92.1666667   34.00000  63.1%   8.2   19s
H15802  9185                      91.6666667   34.00000  62.9%   8.6   20s
H15807  8873                      91.5000000   34.00000  62.8%   8.6   20s
H15810  8528                      89.8333333   34.00000  62.2%   8.6   20s
H15826  8238                      89.3333333   34.00000  61.9%   8.6   20s
H16424  9761                      88.8333333   34.00000  61.7%   8.9   21s
H17298  9218                      88.5000000   34.00000  61.6%   9.2   21s
H18266  8688                      88.1666667   34.00000  61.4%   9.6   21s
H18400 10877                      88.0000000   34.00000  61.4%   9.7   23s
H23332 11235                      87.8333333   34.00000  61.3%  11.2   24s
 24341 13337   43.50000   90   81   87.83333   34.00000  61.3%  11.5   25s
H25006 13337                      87.6666667   34.00000  61.2%  11.6   25s
 41491 23387 infeasible  106        87.66667   34.00000  61.2%  14.2   31s
H42336 23387                      87.6666665   34.00000  61.2%  14.3   31s
H43214 23413                      87.6666665   34.00000  61.2%  14.4   32s
H43221 23413                      87.6666664   34.00000  61.2%  14.4   32s
H43300 25578                      87.6666663   34.00000  61.2%  14.4   33s
 50142 30818   35.00000  135  109   87.66667   34.00000  61.2%  15.3   36s
H50523 30818                      87.6666650   34.00000  61.2%  15.3   36s
H53918 34095                      87.6666637   34.00000  61.2%  15.6   38s
H54000 34095                      87.6666637   34.00000  61.2%  15.7   38s
H54183 34095                      87.6666636   34.00000  61.2%  15.7   38s
 60196 40038   76.16667  176   64   87.66666   34.00000  61.2%  16.2   41s
H61249 40038                      87.6666636   34.00000  61.2%  16.3   41s
 66090 40069 infeasible  154        87.66666   34.00000  61.2%  16.6   46s
H66091 40069                      87.6666630   34.00000  61.2%  16.6   46s
H66108 40069                      87.6666628   34.00000  61.2%  16.6   46s
H66110 40069                      87.6666625   34.00000  61.2%  16.6   46s
H67734 44604                      87.6666622   34.00000  61.2%  16.7   48s
 72458 44628 infeasible  102        87.66666   34.00000  61.2%  17.0   53s
H72468 44628                      87.6666622   34.00000  61.2%  17.0   53s
H72474 44628                      87.6666621   34.00000  61.2%  17.0   53s
 76082 47726 infeasible  114        87.66666   34.00000  61.2%  17.1   56s
H76718 47726                      87.6666621   34.00000  61.2%  17.1   56s
 86289 53861   78.33984  129   97   87.66666   34.00000  61.2%  17.4   60s
 105654 64629   35.16667   94   85   87.66666   34.00000  61.2%  18.1   68s
 109019 67922   38.51389  123   90   87.66666   34.00000  61.2%  18.3   70s
 123426 82331 infeasible  119        87.66666   34.00000  61.2%  18.9   75s
 146196 91108   36.00000  118   71   87.66666   34.00000  61.2%  19.5   80s
H146779 91108                      87.6666620   34.00000  61.2%  19.5   80s
H149661 94631                      87.6666620   34.00000  61.2%  19.6   82s
H151918 94631                      87.6666619   34.00000  61.2%  19.6   82s
 152861 100979   45.33333  129   64   87.66666   34.00000  61.2%  19.6   85s
H168692 105280                      87.6666619   34.00000  61.2%  19.8   89s
 169197 108984   34.00000  115   74   87.66666   34.00000  61.2%  19.8   91s
H170980 108984                      87.6666613   34.00000  61.2%  19.8   91s
H173166 108984                      87.6666613   34.00000  61.2%  19.9   91s
H174621 111977                      87.6666612   34.00000  61.2%  19.8   94s
H176989 111977                      87.6666612   34.00000  61.2%  19.9   94s
 179042 116649   65.50000  127   64   87.66666   34.00000  61.2%  19.9   96s
 189045 127798   34.00000   63  130   87.66666   34.00000  61.2%  19.9  101s
H203189 130051                      87.6666612   34.00000  61.2%  20.1  103s
 204064 134705   34.01277  129  110   87.66666   34.00000  61.2%  20.2  105s
H211530 137748                      87.6666608   34.00000  61.2%  20.3  108s
 215538 142448   78.00000  104   69   87.66666   34.00000  61.2%  20.4  110s
H216282 142448                      87.6666608   34.00000  61.2%  20.4  110s
H216345 142448                      87.6666605   34.00000  61.2%  20.4  110s
H222265 142448                      87.6666604   34.00000  61.2%  20.6  110s
H223739 146316                      87.6666604   34.00000  61.2%  20.6  112s
H229081 146316                      87.6666604   34.00000  61.2%  20.7  112s
H231147 147906                      87.6666603   34.00000  61.2%  20.7  113s
 233275 151113   37.16667  105   74   87.66666   34.00000  61.2%  20.8  115s
H243065 154814                      87.6666603   34.00000  61.2%  21.1  119s
 244169 158897   72.50000   91   86   87.66666   34.00000  61.2%  21.1  121s
H248302 158897                      87.6666596   34.00000  61.2%  21.1  121s
H254133 162582                      87.6666596   34.00000  61.2%  21.2  123s
H259100 163549                      87.6666595   34.00000  61.2%  21.3  124s
H260616 163549                      87.6666595   34.00000  61.2%  21.3  124s
 260776 166947 infeasible  138        87.66666   34.00000  61.2%  21.3  126s
H262247 166947                      87.6666595   34.00000  61.2%  21.3  126s
 271905 173924   34.33333  125   91   87.66666   34.00000  61.2%  21.5  130s
H272889 173924                      87.6666595   34.00000  61.2%  21.6  130s
 289961 183036   71.50000  149   64   87.66666   34.00000  61.2%  21.8  136s
 297837 187623   73.16667  104   67   87.66666   34.00000  61.2%  22.0  140s
H302961 187623                      87.6666592   34.00000  61.2%  22.0  140s
H304100 191790                      87.6666588   34.00000  61.2%  22.0  142s
H304301 191790                      87.6666588   34.00000  61.2%  22.0  142s
H310059 191790                      87.6666587   34.00000  61.2%  22.1  142s
H311114 193454                      87.6666587   34.00000  61.2%  22.1  144s
 313228 198631   37.83333  133  105   87.66666   34.00000  61.2%  22.1  146s
H319784 198631                      87.6666587   34.00000  61.2%  22.2  146s
 323786 203112   80.16667  186   59   87.66666   34.00000  61.2%  22.2  150s
 339549 212771   41.83333  105   97   87.66666   34.00000  61.2%  22.3  157s
 348609 221164   62.85590  122   65   87.66666   34.00000  61.2%  22.3  161s
H361090 223658                      87.6666587   34.00000  61.2%  22.5  163s
 361287 227242 infeasible  130        87.66666   34.00000  61.2%  22.5  165s
 380805 239898   53.83333  122   69   87.66666   34.00000  61.2%  22.5  171s
 397054 246322   79.33333  136   73   87.66666   34.00000  61.2%  22.6  176s
 406201 253949   35.83333  123   82   87.66666   34.00000  61.2%  22.6  180s
 427492 262114   47.58493  143   81   87.66666   34.00000  61.2%  22.6  186s
 429074 262149   49.25000  145   68   87.66666   34.00000  61.2%  22.6  192s
 438480 268189   36.16667  129   84   87.66666   34.00000  61.2%  22.6  196s
 448952 274923 infeasible  137        87.66666   34.00000  61.2%  22.6  200s
 468159 283052   82.66667  174   66   87.66666   34.00000  61.2%  22.5  205s
 481049 292318   34.00174  136   83   87.66666   34.00000  61.2%  22.5  211s
 501097 300857 infeasible  138        87.66666   34.00000  61.2%  22.5  216s
 509301 306046   39.00000  156   76   87.66666   34.00000  61.2%  22.4  220s
 530300 314737   58.83333  205   46   87.66666   34.00000  61.2%  22.4  226s
 540123 320314 infeasible  121        87.66666   34.00000  61.2%  22.4  230s
 562025 331196   41.16667  161   67   87.66666   34.00000  61.2%  22.5  236s
 570208 337060     cutoff  159        87.66666   34.00000  61.2%  22.5  240s
 590642 347588   62.00651  161   95   87.66666   34.00000  61.2%  22.5  246s
 600634 353746 infeasible  122        87.66666   34.00000  61.2%  22.5  250s
 621297 359162   39.38889  150   86   87.66666   34.00000  61.2%  22.5  261s
 634804 368162   39.00000  174   73   87.66666   34.00000  61.2%  22.5  266s
 646334 373718   35.16667  129   85   87.66666   34.00000  61.2%  22.5  270s
 662144 381585   54.35128  153   84   87.66666   34.00000  61.2%  22.5  275s
 677946 390733 infeasible  150        87.66666   34.00000  61.2%  22.5  282s
 688292 394777     cutoff  142        87.66666   34.00000  61.2%  22.5  285s
 703087 401875   36.66667  130   77   87.66666   34.00000  61.2%  22.5  291s
 713393 406040   37.55556  165   64   87.66666   34.00000  61.2%  22.5  295s
 726152 412868 infeasible  134        87.66666   34.00000  61.2%  22.5  300s
 738941 418977   35.66667  112   93   87.66666   34.00000  61.2%  22.5  306s
 748643 418994 infeasible  143        87.66666   34.00000  61.2%  22.5  311s
 753963 421017   35.66667  130   90   87.66666   34.00000  61.2%  22.5  319s
 754015 422707   35.66667  131   87   87.66666   34.00000  61.2%  22.5  320s
H757411 422729                      87.6666586   34.00000  61.2%  22.5  325s
H758894 424908                      87.6666586   34.00000  61.2%  22.5  326s
 769246 432715 infeasible  141        87.66666   34.00000  61.2%  22.5  330s
 780877 441470   75.00000  144   73   87.66666   34.00000  61.2%  22.6  335s
 797884 448385   34.00000  124  108   87.66666   34.00000  61.2%  22.5  341s
 808889 452224     cutoff  143        87.66666   34.00000  61.2%  22.5  345s
 821749 459999 infeasible  154        87.66666   34.00000  61.2%  22.5  351s
 836663 471846     cutoff  162        87.66666   34.00000  61.2%  22.5  357s
 851506 477681   41.66667  138  108   87.66666   34.00000  61.2%  22.5  361s
 864893 482465   60.08483  154   70   87.66666   34.00000  61.2%  22.5  365s
 881268 490721   35.21096  130   93   87.66666   34.00000  61.2%  22.6  370s
 893637 499407 infeasible  195        87.66666   34.00000  61.2%  22.6  375s
 911522 506969 infeasible  148        87.66666   34.00000  61.2%  22.6  381s
 930875 511577   39.66667  208   63   87.66666   34.00000  61.2%  22.5  386s
 937849 517408   61.10764  128   71   87.66666   34.00000  61.2%  22.5  390s
 956731 521205 infeasible  138        87.66666   34.00000  61.2%  22.6  399s
 956775 523810   53.66667  137   67   87.66666   34.00000  61.2%  22.6  400s
 966594 529816   54.45916  135   90   87.66666   34.00000  61.2%  22.6  405s
 985324 538792   61.58333  122   67   87.66666   34.00000  61.2%  22.6  412s
 998598 545997 infeasible  177        87.66666   34.00000  61.2%  22.6  416s
 1018199 552453   62.16667  146   69   87.66666   34.00000  61.2%  22.6  420s
 1028266 559045   46.16667  188   53   87.66666   34.00000  61.2%  22.6  425s
 1049362 563547   35.52778  158   82   87.66666   34.00000  61.2%  22.6  434s
 1049405 567595   53.50000  159   70   87.66666   34.00000  61.2%  22.6  436s
 1063199 571377   44.00000  158   72   87.66666   34.00000  61.2%  22.6  440s
 1075017 580934   35.50000  138   71   87.66666   34.00000  61.2%  22.6  446s
 1084759 584710   34.38889  139   89   87.66666   34.00000  61.2%  22.6  450s
 1100117 593178   37.83333  155   78   87.66666   34.00000  61.2%  22.7  455s
 1118079 598347 infeasible  178        87.66666   34.00000  61.2%  22.7  461s
 1130845 602515   34.33333  129   82   87.66666   34.00000  61.2%  22.7  465s
 1143935 611398 infeasible  127        87.66666   34.00000  61.2%  22.7  470s
 1151098 611422   48.66667  159   93   87.66666   34.00000  61.2%  22.7  476s
 1151138 626497   56.00000  160   84   87.66666   34.00000  61.2%  22.7  484s
 1183170 628820   43.50000  107   75   87.66666   34.00000  61.2%  22.8  486s
 1197977 635543   39.83333  134   93   87.66666   34.00000  61.2%  22.8  490s
 1204669 635548   59.77608  138   94   87.66666   34.00000  61.2%  22.8  495s
H1206742 639013                      87.6666585   34.00000  61.2%  22.8  496s
 1215401 643401   51.71354  174   66   87.66666   34.00000  61.2%  22.8  500s
 1236795 654094   34.00000  157   87   87.66666   34.00000  61.2%  22.9  506s
 1245987 659137     cutoff  134        87.66666   34.00000  61.2%  22.9  510s
 1255797 659156 infeasible  142        87.66666   34.00000  61.2%  22.9  517s
 1261619 663948 infeasible  161        87.66666   34.00000  61.2%  22.9  520s
 1276207 673210   34.75439  159   89   87.66666   34.00000  61.2%  22.9  526s
 1293112 677304   39.00000  155   97   87.66666   34.00000  61.2%  22.9  530s
 1308117 686161     cutoff  134        87.66666   34.00000  61.2%  22.8  536s
 1313243 686185   34.50000  163   73   87.66666   34.00000  61.2%  22.8  542s
 1317998 691974 infeasible  156        87.66666   34.00000  61.2%  22.8  546s
 1332327 696305   80.00000  139   55   87.66666   34.00000  61.2%  22.8  550s
 1348552 702940   34.00000  131   92   87.66666   34.00000  61.2%  22.8  556s
 1358480 707970   34.33333  138   71   87.66666   34.00000  61.2%  22.8  560s
 1375961 713941     cutoff  204        87.66666   34.00000  61.2%  22.8  566s
 1385343 720213   34.66667  157   78   87.66666   34.00000  61.2%  22.8  570s
 1392099 720241   35.33333  143   70   87.66666   34.00000  61.2%  22.8  576s
 1399393 723663   37.33333  159   81   87.66666   34.00000  61.2%  22.8  584s
 1399441 738890   37.50000  159   84   87.66666   34.00000  61.2%  22.8  590s
 1431521 752540     cutoff  162        87.66666   34.00000  61.2%  22.8  600s

Cutting planes:
  Learned: 44
  Gomory: 1
  Cover: 165
  Implied bound: 125
  Clique: 57
  MIR: 656
  Flow cover: 799
  GUB cover: 5
  Zero half: 2
  RLT: 75
  Relax-and-lift: 434

Explored 1461283 nodes (33384913 simplex iterations) in 600.43 seconds
Thread count was 32 (of 64 available processors)

Solution count 10: 87.6667 87.6667 87.6667 ... 87.6667

Time limit reached
Best objective 8.766665850261e+01, best bound 3.400000000000e+01, gap 61.2167%
