
Gurobi 9.1.2 (linux64) logging started Sat Mar 19 21:26:32 2022

Changed value of parameter LogFile to ls_sym_v-(5, 7).log
   Prev:   Default: 
Changed value of parameter MIPFocus to 1
   Prev: 0  Min: 0  Max: 3  Default: 0
Changed value of parameter Threads to 4
   Prev: 0  Min: 0  Max: 1024  Default: 0
Changed value of parameter TimeLimit to 1800.0
   Prev: inf  Min: 0.0  Max: inf  Default: inf
Warning: variable name "X[(1, 0),(0, 0)]" has a space
Warning: constraint name "flow-constr-t0-v(3, 6)" has a space
Warning: to let Gurobi read it back, use rlp format
Gurobi Optimizer version 9.1.2 build v9.1.2rc0 (linux64)
Thread count: 16 physical cores, 32 logical processors, using up to 4 threads
Optimize a model with 3633 rows, 3264 columns and 12402 nonzeros
Model fingerprint: 0x7f5e240d
Variable types: 384 continuous, 2880 integer (2880 binary)
Coefficient statistics:
  Matrix range     [1e+00, 7e+04]
  Objective range  [2e-01, 2e-01]
  Bounds range     [1e+00, 3e+04]
  RHS range        [1e+00, 7e+04]
Presolve removed 339 rows and 348 columns
Presolve time: 0.05s
Presolved: 3294 rows, 2916 columns, 21783 nonzeros
Variable types: 384 continuous, 2532 integer (2532 binary)
Found heuristic solution: objective 211.8333333

Root relaxation: objective 6.400000e+01, 158 iterations, 0.00 seconds

    Nodes    |    Current Node    |     Objective Bounds      |     Work
 Expl Unexpl |  Obj  Depth IntInf | Incumbent    BestBd   Gap | It/Node Time

     0     0   64.00000    0   24  211.83333   64.00000  69.8%     -    0s
H    0     0                     149.1666667   64.00000  57.1%     -    0s
H    0     0                     136.8333333   64.00000  53.2%     -    0s
H    0     0                     132.8333333   64.00000  51.8%     -    0s
H    0     0                     130.8333333   64.00000  51.1%     -    0s
H    0     0                     116.1666667   64.00000  44.9%     -    0s
     0     0   64.00000    0   49  116.16667   64.00000  44.9%     -    0s
H    0     0                     113.4427083   64.00000  43.6%     -    0s
H    0     0                     108.0000000   64.00000  40.7%     -    0s
     0     0   64.00000    0   49  108.00000   64.00000  40.7%     -    0s
H    0     0                     106.8333333   64.00000  40.1%     -    0s
H    0     0                     105.8888889   64.00000  39.6%     -    0s
     0     0   64.00000    0   34  105.88889   64.00000  39.6%     -    0s
H    0     0                      99.7083333   64.00000  35.8%     -    0s
     0     0   64.00000    0   34   99.70833   64.00000  35.8%     -    0s
     0     0   64.00000    0   30   99.70833   64.00000  35.8%     -    0s
H    0     0                      96.6666667   64.00000  33.8%     -    1s
     0     0   64.00000    0   42   96.66667   64.00000  33.8%     -    1s
     0     0   64.00000    0   34   96.66667   64.00000  33.8%     -    1s
     0     0   64.00000    0   46   96.66667   64.00000  33.8%     -    1s
     0     0   64.00000    0   37   96.66667   64.00000  33.8%     -    1s
H    0     0                      93.6666667   64.00000  31.7%     -    1s
H    0     2                      93.5000000   64.00000  31.6%     -    2s
     0     2   64.00000    0   37   93.50000   64.00000  31.6%     -    2s
H    2     4                      93.3333333   64.00000  31.4%   117    2s
H   31    36                      93.1666667   64.00000  31.3%  18.1    3s
H   34    36                      93.0000000   64.00000  31.2%  16.6    3s
H   60    92                      91.5833333   64.00000  30.1%  10.5    3s
H   70    92                      91.4166667   64.00000  30.0%   9.3    3s
H  100   147                      89.6666667   64.00000  28.6%   7.4    4s
H  116   147                      89.1666667   64.00000  28.2%   6.7    4s
H  146   533                      89.0000000   64.00000  28.1%   5.8    5s
H  532   715                      87.7333333   64.00000  27.1%   4.2    5s
H  592   715                      87.6666667   64.00000  27.0%   4.0    5s
H  718   908                      87.5000000   64.00000  26.9%   3.8    6s
H  918  1278                      84.9552846   64.00000  24.7%   3.7    7s
H 1316  2174                      83.8333333   64.00000  23.7%   3.5    8s
H 2286  2063                      83.6666667   64.00000  23.5%   3.5    9s
H 2310  2063                      83.0000000   64.00000  22.9%   3.5    9s
H 2334  2058                      82.6666667   64.00000  22.6%   3.4    9s
H 2337  1956                      82.0000000   64.00000  22.0%   3.4   10s
H 2338  1860                      80.5833333   64.00000  20.6%   3.4   10s
H 2339  1767                      79.6666667   64.00000  19.7%   3.4   10s
H 2339  1679                      79.2500000   64.00000  19.2%   3.4   10s
H 2341  1596                      79.1666667   64.00000  19.2%   3.4   10s
H 2486  1701                      79.0000000   64.00000  19.0%  13.4   12s
H 3606  2467                      78.6666667   64.00000  18.6%  11.9   15s
H 3678  2368                      78.1666667   64.00000  18.1%  11.9   15s
H 3942  2286                      77.8333333   64.00000  17.8%  11.6   16s
H 4012  2441                      77.1666667   64.00000  17.1%  11.6   16s
H 4402  2296                      77.0000000   64.00000  16.9%  11.3   17s
  5241  3099   69.83333  114   46   77.00000   64.00000  16.9%  11.0   20s
H 6429  3614                      76.8666667   64.00000  16.7%  10.4   21s
H 6700  3931                      76.3666667   64.00000  16.2%  10.3   21s
H 6796  3902                      76.3333333   64.00000  16.2%  10.3   21s
H 6896  3899                      76.1666667   64.00000  16.0%  10.3   21s
H 7170  4104                      76.0000000   64.00000  15.8%  10.2   22s
  9307  5725   64.00000   48   73   76.00000   64.00000  15.8%   9.8   25s
H 9308  5503                      74.7708333   64.00000  14.4%   9.8   25s
H 9559  5909                      74.6666667   64.00000  14.3%   9.7   26s
H 9646  5909                      74.5476190   64.00000  14.1%   9.7   26s
H 9753  5906                      74.4772727   64.00000  14.1%   9.7   26s
H 9893  5906                      74.4722222   64.00000  14.1%   9.7   26s
H10201  6420                      74.3055556   64.00000  13.9%   9.7   27s
H10800  7336                      74.1388889   64.00000  13.7%   9.5   28s
H11654  7231                      73.9722222   64.00000  13.5%   9.3   28s
H11705  7583                      73.8000000   64.00000  13.3%   9.3   28s
 12275  7878   64.00000   39   73   73.80000   64.00000  13.3%   9.3   30s
 15663 10799   69.16667  143   91   73.80000   64.00000  13.3%   8.9   35s
H18841 13071                      73.6666667   64.00000  13.1%   8.8   38s
 21250 15224   64.00000   67   72   73.66667   64.00000  13.1%   8.6   40s
 26011 19188   64.00000  118   98   73.66667   64.00000  13.1%   8.6   45s
H28069 20609                      73.6666667   64.00000  13.1%   8.6   49s
 28864 21440   68.33333  130   77   73.66667   64.00000  13.1%   8.7   50s
 33535 25197   64.00000   77   92   73.66667   64.00000  13.1%   8.7   55s
 37767 28526   64.00000   77   85   73.66667   64.00000  13.1%   8.6   60s
 41478 31736   64.00000   72   63   73.66667   64.00000  13.1%   8.5   65s
 46418 35928   66.16667  244   71   73.66667   64.00000  13.1%   8.5   70s
 51793 40500   65.83333  165   70   73.66667   64.00000  13.1%   8.5   75s
 54255 42422   64.16667  112   84   73.66667   64.00000  13.1%   8.4   80s
H54902 42538                      73.6666666   64.00000  13.1%   8.5   81s
H54980 42842                      73.6666666   64.00000  13.1%   8.5   82s
H55101 42842                      73.6666664   64.00000  13.1%   8.5   82s
H55500 43283                      73.6666664   64.00000  13.1%   8.5   83s
H55600 43283                      73.6666664   64.00000  13.1%   8.5   83s
H55601 43283                      73.6666663   64.00000  13.1%   8.5   83s
H55990 43966                      73.6666663   64.00000  13.1%   8.5   84s
H56000 43966                      73.6666663   64.00000  13.1%   8.5   84s
H56200 43966                      73.6666663   64.00000  13.1%   8.5   84s
H56344 43966                      73.6666662   64.00000  13.1%   8.5   84s
H56869 44735                      73.6666662   64.00000  13.1%   8.5   84s
H57101 44735                      73.6666661   64.00000  13.1%   8.5   84s
 57782 44864   65.33333   74   68   73.66667   64.00000  13.1%   8.5   85s
H58200 45480                      73.6666661   64.00000  13.1%   8.5   86s
H58201 45480                      73.6666661   64.00000  13.1%   8.5   86s
H58679 45938                      73.6666659   64.00000  13.1%   8.5   87s
H59622 46880                      73.6666657   64.00000  13.1%   8.4   88s
H60433 47570                      73.6666657   64.00000  13.1%   8.4   88s
H60706 47570                      73.6666657   64.00000  13.1%   8.4   88s
H61226 47570                      73.6666657   64.00000  13.1%   8.4   88s
 61227 47692   64.00000   60   56   73.66667   64.00000  13.1%   8.4   90s
H61762 48376                      73.6666656   64.00000  13.1%   8.4   91s
H62672 49076                      73.6250000   64.00000  13.1%   8.4   92s
H63122 49354                      73.5416667   64.00000  13.0%   8.4   93s
H63800 50101                      73.5277778   64.00000  13.0%   8.4   94s
 64639 50663   64.33333  108   92   73.52778   64.00000  13.0%   8.4   95s
H65545 50323                      73.5000000   64.00000  12.9%   8.5   96s
 69573 53453   73.16667  197   85   73.50000   64.00000  12.9%   8.5  100s
 75413 58262   64.00000  181   68   73.50000   64.00000  12.9%   8.5  105s
H76050 58595                      73.5000000   64.00000  12.9%   8.5  105s
H76601 59207                      73.4999993   64.00000  12.9%   8.5  106s
H77189 59581                      73.4999993   64.00000  12.9%   8.5  106s
H77463 59581                      73.4999991   64.00000  12.9%   8.5  106s
H77575 59581                      73.4999987   64.00000  12.9%   8.5  106s
H77618 59928                      73.4999986   64.00000  12.9%   8.5  107s
H77917 59928                      73.4999985   64.00000  12.9%   8.5  107s
H78258 60196                      73.4999985   64.00000  12.9%   8.5  108s
H78645 60607                      73.4999985   64.00000  12.9%   8.5  108s
 80057 61736   64.66667  196   91   73.50000   64.00000  12.9%   8.5  110s
 83395 64450   70.00000  208   92   73.50000   64.00000  12.9%   8.6  115s
 88338 68839   72.66667  187   99   73.50000   64.00000  12.9%   8.6  120s
 92664 72100   64.00000  120   60   73.50000   64.00000  12.9%   8.6  125s
 97512 76115   64.00000  104  105   73.50000   64.00000  12.9%   8.6  130s
 101889 79676   69.33333  217   85   73.50000   64.00000  12.9%   8.7  135s
 106512 82993   65.50000  144   99   73.50000   64.00000  12.9%   8.7  140s
H107780 82747                      73.3333333   64.00000  12.7%   8.7  142s
H108420 82796                      73.1666667   64.00000  12.5%   8.7  143s
 110848 84669   64.00000  135   63   73.16667   64.00000  12.5%   8.7  145s
 112992 86713   72.50000  138   86   73.16667   64.00000  12.5%   8.7  150s
 117019 90031   72.00000  287   70   73.16667   64.00000  12.5%   8.7  155s
H119085 91623                      73.1666665   64.00000  12.5%   8.7  157s
H119519 92074                      73.1666664   64.00000  12.5%   8.7  157s
H120194 92543                      73.1666663   64.00000  12.5%   8.7  158s
H120448 92960                      73.1666662   64.00000  12.5%   8.7  159s
 121292 93251   64.83333  174   62   73.16667   64.00000  12.5%   8.7  161s
H124253 95703                      73.0000000   64.00000  12.3%   8.7  164s
 125059 96135   72.16667  226   81   73.00000   64.00000  12.3%   8.8  165s
 129017 99471   69.33333  338   64   73.00000   64.00000  12.3%   8.9  170s
 134109 103660   64.00000   82  105   73.00000   64.00000  12.3%   8.9  175s
H136583 105593                      73.0000000   64.00000  12.3%   8.8  177s
 138725 107358   66.50000  117  111   73.00000   64.00000  12.3%   8.9  180s
 142345 110244   64.66667  205   75   73.00000   64.00000  12.3%   8.9  185s
 145798 112989   64.00000   37   53   73.00000   64.00000  12.3%   8.9  190s
 150492 116060   64.16667  186   80   73.00000   64.00000  12.3%   8.9  195s
 152425 118169   64.00000  169   89   73.00000   64.00000  12.3%   9.0  200s
 157825 122133   64.00000   85   96   73.00000   64.00000  12.3%   9.0  205s
 160794 124622   64.00000  122  104   73.00000   64.00000  12.3%   9.0  210s
 165162 127862   64.00000  281   62   73.00000   64.00000  12.3%   9.0  215s
 168082 130723   64.66667  188   56   73.00000   64.00000  12.3%   9.1  220s
H168755 130746                      73.0000000   64.00000  12.3%   9.1  221s
H168900 131126                      73.0000000   64.00000  12.3%   9.1  222s
 171468 133282   64.00000   63   72   73.00000   64.00000  12.3%   9.1  225s
H175480 136545                      73.0000000   64.00000  12.3%   9.1  230s
H176058 137449                      73.0000000   64.00000  12.3%   9.0  231s
H177130 137988                      72.9999999   64.00000  12.3%   9.0  232s
H178588 138945                      72.9999999   64.00000  12.3%   9.0  233s
 179898 140282   65.83333  163   86   73.00000   64.00000  12.3%   9.0  235s
 183842 143569   66.33333  154   87   73.00000   64.00000  12.3%   9.0  240s
 186952 146149   65.66667  249   97   73.00000   64.00000  12.3%   9.1  245s
 189664 148486   64.00000   89   90   73.00000   64.00000  12.3%   9.1  250s
 193256 151710   72.66667  238   90   73.00000   64.00000  12.3%   9.1  255s
 197080 154558   64.33333  132   90   73.00000   64.00000  12.3%   9.1  260s
 200459 157595   64.00000   70   84   73.00000   64.00000  12.3%   9.1  265s
 204262 160355   64.00000  116   75   73.00000   64.00000  12.3%   9.1  271s
 205957 162252   68.00000   87   78   73.00000   64.00000  12.3%   9.1  275s
H206997 162743                      72.9999999   64.00000  12.3%   9.1  277s
H208433 164402                      72.9999999   64.00000  12.3%   9.1  279s
 208986 164909   64.00000  236   91   73.00000   64.00000  12.3%   9.1  280s
H210328 165747                      72.9999999   64.00000  12.3%   9.1  281s
H210404 165747                      72.9999999   64.00000  12.3%   9.1  281s
H210606 166263                      72.9999998   64.00000  12.3%   9.1  282s
H210606 166263                      72.9999998   64.00000  12.3%   9.1  282s
H210815 166263                      72.9999997   64.00000  12.3%   9.1  282s
H210916 166263                      72.9999997   64.00000  12.3%   9.1  282s
H211169 166945                      72.9999997   64.00000  12.3%   9.1  283s
H211200 166945                      72.9999996   64.00000  12.3%   9.1  283s
H211432 166945                      72.9999996   64.00000  12.3%   9.1  283s
H211600 166945                      72.9999994   64.00000  12.3%   9.1  283s
H212046 167376                      72.9999994   64.00000  12.3%   9.1  284s
H212100 167376                      72.9999994   64.00000  12.3%   9.1  284s
H212980 167752                      72.9999993   64.00000  12.3%   9.1  284s
H213088 167752                      72.9999992   64.00000  12.3%   9.1  284s
H213329 168146                      72.9999992   64.00000  12.3%   9.1  285s
H213500 168146                      72.9999992   64.00000  12.3%   9.1  285s
H213572 168146                      72.9999991   64.00000  12.3%   9.1  285s
H213700 168146                      72.9999991   64.00000  12.3%   9.1  285s
H213747 168146                      72.9999989   64.00000  12.3%   9.1  285s
H214649 168856                      72.9999989   64.00000  12.3%   9.1  286s
H215657 169560                      72.9999989   64.00000  12.3%   9.1  289s
H215709 169560                      72.9999989   64.00000  12.3%   9.1  289s
 215736 169644   64.66667  311   71   73.00000   64.00000  12.3%   9.1  290s
H215788 169644                      72.9999987   64.00000  12.3%   9.1  290s
H215984 169775                      72.9999986   64.00000  12.3%   9.1  291s
H216044 169779                      72.9999986   64.00000  12.3%   9.1  292s
 216826 170633     cutoff  341        73.00000   64.00000  12.3%   9.2  295s
H216827 170633                      72.9999986   64.00000  12.3%   9.2  295s
H218954 171976                      72.9999985   64.00000  12.3%   9.2  297s
H220350 173013                      72.9999985   64.00000  12.3%   9.2  299s
 221899 173776   67.33333  453   87   73.00000   64.00000  12.3%   9.2  300s
 225492 176094     cutoff  292        73.00000   64.00000  12.3%   9.3  305s
 229213 178575   72.66667  291   55   73.00000   64.00000  12.3%   9.3  310s
 231461 181520   67.16667  315   63   73.00000   64.00000  12.3%   9.3  316s
 238171 183317   64.33333  236   57   73.00000   64.00000  12.3%   9.4  320s
 241917 185186   70.66667  336   54   73.00000   64.00000  12.3%   9.4  325s
H245687 186903                      72.9999985   64.00000  12.3%   9.5  330s
H246702 187308                      72.9999985   64.00000  12.3%   9.5  331s
H249150 188574                      72.9999984   64.00000  12.3%   9.5  334s
H249554 188892                      72.9999983   64.00000  12.3%   9.5  334s
 250012 189434     cutoff  279        73.00000   64.00000  12.3%   9.5  335s
 253633 191687   69.16667  281   55   73.00000   64.00000  12.3%   9.6  340s
 258047 193756   64.00000  242   48   73.00000   64.00000  12.3%   9.6  345s
 259929 194857   72.33333  286   59   73.00000   64.00000  12.3%   9.6  350s
 263450 197099   66.16667  317   74   73.00000   64.00000  12.3%   9.7  355s
 267510 199303     cutoff  294        73.00000   64.00000  12.3%   9.7  360s
 271419 201281     cutoff  357        73.00000   64.00000  12.3%   9.8  365s
 275821 204007   67.00000  310   66   73.00000   64.00000  12.3%   9.8  370s
 280597 206038   69.83333  310   55   73.00000   64.00000  12.3%   9.9  375s
H280832 206038                      72.9999983   64.00000  12.3%   9.9  375s
 284682 208136   64.33333  278   49   73.00000   64.00000  12.3%   9.9  380s
 288977 210644   66.16667  318   60   73.00000   64.00000  12.3%   9.9  385s
 290948 212073   66.66667  415   71   73.00000   64.00000  12.3%  10.0  390s
 295138 214674     cutoff  320        73.00000   64.00000  12.3%  10.0  395s
 298015 216349   70.00000  288   75   73.00000   64.00000  12.3%  10.0  400s
 303218 218593     cutoff  326        73.00000   64.00000  12.3%  10.1  405s
 307798 221371   72.83333  346   64   73.00000   64.00000  12.3%  10.1  410s
 312537 224328   69.50000  295   61   73.00000   64.00000  12.3%  10.2  415s
 316106 226496   72.66667  323   43   73.00000   64.00000  12.3%  10.2  420s
H318958 227605                      72.9999983   64.00000  12.3%  10.2  422s
 321307 229206     cutoff  433        73.00000   64.00000  12.3%  10.2  425s
 325423 230783   70.33333  298   62   73.00000   64.00000  12.3%  10.2  430s
 330041 232721     cutoff  316        73.00000   64.00000  12.3%  10.3  435s
 335250 235342   64.66667  333   81   73.00000   64.00000  12.3%  10.3  440s
 339364 236763   64.34722  309   56   73.00000   64.00000  12.3%  10.3  445s
 342786 238828     cutoff  315        73.00000   64.00000  12.3%  10.3  450s
 347351 241797   64.83333  346   49   73.00000   64.00000  12.3%  10.4  455s
 352052 243551   65.66667  294   52   73.00000   64.00000  12.3%  10.4  460s
 355789 246004   71.16667  367   56   73.00000   64.00000  12.3%  10.5  465s
 360327 247798 infeasible  308        73.00000   64.00000  12.3%  10.5  470s
 365195 250403     cutoff  364        73.00000   64.00000  12.3%  10.5  475s
 369899 252689     cutoff  364        73.00000   64.00000  12.3%  10.6  480s
 373083 254687   65.00000  307   69   73.00000   64.00000  12.3%  10.6  485s
 378337 257095   72.50000  361   62   73.00000   64.00000  12.3%  10.6  490s
 382074 258790   67.00311  360   74   73.00000   64.00000  12.3%  10.6  495s
 386963 260928   67.16667  326   77   73.00000   64.00000  12.3%  10.7  500s
 391384 263009   70.83333  299   52   73.00000   64.00000  12.3%  10.7  505s
 395543 265169   64.66667  328   60   73.00000   64.00000  12.3%  10.7  510s
 400590 267601   67.33333  303   48   73.00000   64.00000  12.3%  10.7  515s
 405447 270251   64.83333  371   67   73.00000   64.00000  12.3%  10.8  520s
 409113 271975   71.50000  327   55   73.00000   64.00000  12.3%  10.8  525s
 413778 274146     cutoff  361        73.00000   64.00000  12.3%  10.8  530s
 418124 276183     cutoff  303        73.00000   64.00000  12.3%  10.8  535s
 422150 278070   72.00000  347   39   73.00000   64.00000  12.3%  10.9  540s
 426174 280248   64.33333  329   50   73.00000   64.00000  12.3%  10.9  545s
 430513 282552   64.68519  322   58   73.00000   64.00000  12.3%  10.9  550s
 435693 285381   66.00000  288   56   73.00000   64.00000  12.3%  11.0  555s
 439955 287953   64.00000  384   73   73.00000   64.00000  12.3%  11.0  560s
 444804 290118     cutoff  338        73.00000   64.00000  12.3%  11.0  565s
 449087 292452   64.50000  336   62   73.00000   64.00000  12.3%  11.0  570s
 453335 294795   64.16667  281   50   73.00000   64.00000  12.3%  11.0  575s
 456320 295743   72.16667  336   74   73.00000   64.00000  12.3%  11.0  580s
 461104 298594     cutoff  320        73.00000   64.00000  12.3%  11.1  585s
 463710 301358   64.00000  305   48   73.00000   64.00000  12.3%  11.1  590s
 471116 303732   64.16667  311   55   73.00000   64.00000  12.3%  11.1  595s
 474994 305288     cutoff  374        73.00000   64.00000  12.3%  11.1  600s
 479041 307741   64.16667  306   50   73.00000   64.00000  12.3%  11.2  605s
 483523 310028   65.59470  384   83   73.00000   64.00000  12.3%  11.2  610s
 488238 312359   68.50617  333   67   73.00000   64.00000  12.3%  11.2  615s
 493150 314662   68.00000  407   81   73.00000   64.00000  12.3%  11.2  620s
 497026 316169   68.33333  346   75   73.00000   64.00000  12.3%  11.2  625s
 501611 318293   64.00000  387   70   73.00000   64.00000  12.3%  11.2  630s
 506621 321075   72.50067  358   69   73.00000   64.00000  12.3%  11.3  635s
 510504 322889     cutoff  348        73.00000   64.00000  12.3%  11.3  640s
 514768 325052   65.33333  325   56   73.00000   64.00000  12.3%  11.3  645s
 517264 326334     cutoff  296        73.00000   64.00000  12.3%  11.3  650s
 522242 328350   65.33466  392   74   73.00000   64.00000  12.3%  11.3  655s
 526131 330568   69.00000  318   50   73.00000   64.00000  12.3%  11.3  660s
 530849 333439   64.00000  350   74   73.00000   64.00000  12.3%  11.4  665s
 535637 335401   65.00000  338   73   73.00000   64.00000  12.3%  11.4  670s
 540631 338105   64.00000  377   60   73.00000   64.00000  12.3%  11.4  675s
 545286 340548     cutoff  325        73.00000   64.00000  12.3%  11.5  680s
 549081 342379   64.33333  303   45   73.00000   64.00000  12.3%  11.5  685s
 554313 344728   72.66667  325   43   73.00000   64.00000  12.3%  11.5  690s
 558225 346963     cutoff  382        73.00000   64.00000  12.3%  11.5  695s
 561844 348686   71.66667  399   67   73.00000   64.00000  12.3%  11.5  700s
 566268 350850     cutoff  399        73.00000   64.00000  12.3%  11.5  705s
 570481 353815   64.33333  343   64   73.00000   64.00000  12.3%  11.6  710s
 574200 356025   65.66667  331   77   73.00000   64.00000  12.3%  11.6  715s
 578420 358274     cutoff  292        73.00000   64.00000  12.3%  11.6  720s
 582941 360356   66.33333  364   72   73.00000   64.00000  12.3%  11.6  725s
 587803 362609     cutoff  373        73.00000   64.00000  12.3%  11.6  730s
 591644 365146   71.16667  322   63   73.00000   64.00000  12.3%  11.6  735s
 594938 367368   65.79072  317   74   73.00000   64.00000  12.3%  11.7  740s
 598612 369248   67.50000  351   66   73.00000   64.00000  12.3%  11.7  745s
 600969 371083   67.50000  404   68   73.00000   64.00000  12.3%  11.7  750s
 605236 372814     cutoff  308        73.00000   64.00000  12.3%  11.7  755s
 609654 374876   69.69937  312   79   73.00000   64.00000  12.3%  11.7  760s
 614106 377458   72.83333  303   66   73.00000   64.00000  12.3%  11.7  765s
 618300 379149     cutoff  288        73.00000   64.00000  12.3%  11.7  770s
 622388 381093   64.66667  317   69   73.00000   64.00000  12.3%  11.7  775s
 625556 383592   72.83333  367   62   73.00000   64.00000  12.3%  11.7  780s
H628549 385104                      72.9999983   64.00000  12.3%  11.7  784s
 629866 385905   64.66667  336   68   73.00000   64.00000  12.3%  11.7  785s
H633304 387871                      72.9999982   64.00000  12.3%  11.7  788s
 634187 388243     cutoff  378        73.00000   64.00000  12.3%  11.7  790s
 638302 389852   72.66667  315   44   73.00000   64.00000  12.3%  11.7  795s
 641467 391650   64.83333  304   77   73.00000   64.00000  12.3%  11.7  800s
 644735 393743   64.03258  289   65   73.00000   64.00000  12.3%  11.7  805s
 649099 396137   70.66667  352   61   73.00000   64.00000  12.3%  11.7  810s
 653939 398421     cutoff  315        73.00000   64.00000  12.3%  11.7  815s
 657140 400082   71.00000  291   65   73.00000   64.00000  12.3%  11.8  820s
 660772 401786   66.73413  330   62   73.00000   64.00000  12.3%  11.8  825s
 662788 403041   66.66667  308   69   73.00000   64.00000  12.3%  11.8  830s
 665981 404631   70.66667  365   63   73.00000   64.00000  12.3%  11.8  835s
 669857 406729   69.50000  378   69   73.00000   64.00000  12.3%  11.8  840s
 673549 409579   65.00000  373   56   73.00000   64.00000  12.3%  11.8  845s
 676786 411137   64.00000  295   48   73.00000   64.00000  12.3%  11.8  850s
 679342 412646   70.58333  426   90   73.00000   64.00000  12.3%  11.8  855s
 684008 415512   64.00000  280   51   73.00000   64.00000  12.3%  11.8  860s
 688635 418151   66.91667  341   58   73.00000   64.00000  12.3%  11.8  865s
 691815 419746   72.83333  313   64   73.00000   64.00000  12.3%  11.8  870s
 694487 422908     cutoff  319        73.00000   64.00000  12.3%  11.9  875s
 701172 424316   72.66667  358   62   73.00000   64.00000  12.3%  11.9  880s
 705480 426390     cutoff  346        73.00000   64.00000  12.3%  11.9  885s
 708062 427142   72.66667  329   51   73.00000   64.00000  12.3%  11.9  890s
 711430 429650   66.50000  388   44   73.00000   64.00000  12.3%  11.9  895s
 714704 431337   65.50000  317   61   73.00000   64.00000  12.3%  11.9  900s
 717665 432589   72.66667  307   60   73.00000   64.00000  12.3%  11.9  905s
 721468 434820     cutoff  318        73.00000   64.00000  12.3%  11.9  910s
 726198 437294     cutoff  490        73.00000   64.00000  12.3%  11.9  915s
 730587 439472   68.16667  298   60   73.00000   64.00000  12.3%  11.9  920s
 733940 441494     cutoff  311        73.00000   64.00000  12.3%  11.9  925s
 737980 443516   66.16667  302   63   73.00000   64.00000  12.3%  11.9  930s
 742160 445965   64.66667  378   79   73.00000   64.00000  12.3%  11.9  935s
 744882 447548     cutoff  292        73.00000   64.00000  12.3%  11.9  940s
 749159 449356     cutoff  469        73.00000   64.00000  12.3%  11.9  945s
 752534 450661     cutoff  312        73.00000   64.00000  12.3%  11.9  950s
 756360 452530   67.16667  312   56   73.00000   64.00000  12.3%  11.9  955s
 760739 455099     cutoff  345        73.00000   64.00000  12.3%  12.0  960s
 763494 456444     cutoff  326        73.00000   64.00000  12.3%  12.0  965s
 768135 458216     cutoff  391        73.00000   64.00000  12.3%  12.0  970s
 772552 460302   71.33333  378   56   73.00000   64.00000  12.3%  12.0  975s
 776845 462089   72.00000  344   62   73.00000   64.00000  12.3%  12.0  980s
 780252 463672   69.16667  332   55   73.00000   64.00000  12.3%  12.0  985s
 783501 466152   64.66667  343   59   73.00000   64.00000  12.3%  12.0  990s
 786625 468124   64.34310  348   79   73.00000   64.00000  12.3%  12.0  995s
 790178 470195   64.83800  290   56   73.00000   64.00000  12.3%  12.0 1000s
 794460 472487   65.83333  330   74   73.00000   64.00000  12.3%  12.0 1005s
 797164 473692   67.83333  338   74   73.00000   64.00000  12.3%  12.0 1010s
 801208 475290   66.66667  298   79   73.00000   64.00000  12.3%  12.0 1015s
 805061 477144     cutoff  382        73.00000   64.00000  12.3%  12.1 1020s
 809711 479585   66.17052  414   66   73.00000   64.00000  12.3%  12.1 1025s
 813189 481692     cutoff  305        73.00000   64.00000  12.3%  12.1 1030s
 818195 484097   71.66667  312   65   73.00000   64.00000  12.3%  12.1 1035s
 821323 486259   67.09619  425   73   73.00000   64.00000  12.3%  12.1 1040s
 825569 488037   71.83333  319   44   73.00000   64.00000  12.3%  12.1 1045s
 830013 490144   66.16667  293   74   73.00000   64.00000  12.3%  12.1 1050s
 834163 492572   67.16667  380   68   73.00000   64.00000  12.3%  12.1 1055s
 838271 494512   72.00000  389   51   73.00000   64.00000  12.3%  12.1 1060s
 842415 496946   66.83333  363   70   73.00000   64.00000  12.3%  12.1 1065s
 846284 499517   72.66667  342   72   73.00000   64.00000  12.3%  12.1 1070s
 850239 501302   72.00000  320   50   73.00000   64.00000  12.3%  12.1 1075s
 854459 503900   70.83333  396   48   73.00000   64.00000  12.3%  12.2 1080s
 858751 506359     cutoff  323        73.00000   64.00000  12.3%  12.2 1085s
 861863 508144     cutoff  336        73.00000   64.00000  12.3%  12.2 1090s
 865720 510748   66.00000  340   73   73.00000   64.00000  12.3%  12.2 1095s
 868972 512757   64.00000  290   44   73.00000   64.00000  12.3%  12.2 1100s
 873532 515228   64.16667  333   67   73.00000   64.00000  12.3%  12.2 1105s
 876436 517129   72.16667  355   52   73.00000   64.00000  12.3%  12.2 1110s
 881612 520075   70.50000  331   58   73.00000   64.00000  12.3%  12.2 1115s
 885130 522489   71.85416  389   62   73.00000   64.00000  12.3%  12.2 1120s
 889856 524333   71.50000  293   54   73.00000   64.00000  12.3%  12.2 1125s
 894374 526483   67.33333  312   64   73.00000   64.00000  12.3%  12.2 1130s
 898666 529024   72.33333  303   48   73.00000   64.00000  12.3%  12.2 1135s
 902252 530837   72.00000  349   74   73.00000   64.00000  12.3%  12.2 1140s
 905494 533030     cutoff  296        73.00000   64.00000  12.3%  12.2 1145s
 909672 534704     cutoff  303        73.00000   64.00000  12.3%  12.2 1150s
 912279 535890   72.00000  310   52   73.00000   64.00000  12.3%  12.2 1155s
 916942 538368   64.33333  307   55   73.00000   64.00000  12.3%  12.3 1160s
 919593 539764   64.33333  338   66   73.00000   64.00000  12.3%  12.3 1165s
 923357 542094   68.16667  389   62   73.00000   64.00000  12.3%  12.3 1170s
 927855 544123   72.40625  301   61   73.00000   64.00000  12.3%  12.3 1175s
 932599 546794   71.00000  302   40   73.00000   64.00000  12.3%  12.3 1180s
 936556 548773   64.33333  306   69   73.00000   64.00000  12.3%  12.3 1185s
 940996 550738   64.66667  307   61   73.00000   64.00000  12.3%  12.3 1190s
 944900 553038     cutoff  344        73.00000   64.00000  12.3%  12.3 1195s
 948736 555369   68.83333  327   64   73.00000   64.00000  12.3%  12.3 1200s
 951367 556619     cutoff  351        73.00000   64.00000  12.3%  12.3 1205s
 954651 558701     cutoff  369        73.00000   64.00000  12.3%  12.3 1210s
 959327 560800   65.00000  334   73   73.00000   64.00000  12.3%  12.3 1215s
 961696 562106   65.00000  298   58   73.00000   64.00000  12.3%  12.3 1220s
 964927 563865   64.33333  338   59   73.00000   64.00000  12.3%  12.3 1226s
 967280 565708   65.25441  309   85   73.00000   64.00000  12.3%  12.3 1230s
 971079 567716     cutoff  324        73.00000   64.00000  12.3%  12.3 1235s
 975349 569943   66.66667  372   70   73.00000   64.00000  12.3%  12.3 1240s
 979356 571799     cutoff  366        73.00000   64.00000  12.3%  12.3 1245s
 983533 574298   69.44928  343   56   73.00000   64.00000  12.3%  12.3 1250s
 986996 576115     cutoff  373        73.00000   64.00000  12.3%  12.4 1255s
H990905 577541                      72.9999982   64.00000  12.3%  12.4 1259s
 991917 577991   65.33333  297   49   73.00000   64.00000  12.3%  12.4 1260s
 996194 580900   70.91667  441   55   73.00000   64.00000  12.3%  12.4 1265s
 1000812 582852     cutoff  315        73.00000   64.00000  12.3%  12.4 1270s
 1003871 584388     cutoff  317        73.00000   64.00000  12.3%  12.4 1275s
H1005920 585531                      72.9999981   64.00000  12.3%  12.4 1278s
H1006811 585825                      72.9999981   64.00000  12.3%  12.4 1279s
 1006928 586029 infeasible  305        73.00000   64.00000  12.3%  12.4 1280s
 1009616 587922   71.00000  312   60   73.00000   64.00000  12.3%  12.4 1285s
 1014041 590222     cutoff  310        73.00000   64.00000  12.3%  12.4 1290s
 1018660 592624   71.16667  367   77   73.00000   64.00000  12.3%  12.4 1295s
 1022033 594059 infeasible  344        73.00000   64.00000  12.3%  12.4 1300s
 1024717 594936   64.00000  316   49   73.00000   64.00000  12.3%  12.4 1306s
H1024720 594936                      72.9999981   64.00000  12.3%  12.4 1306s
 1025892 595429   66.66667  386   57   73.00000   64.00000  12.3%  12.4 1310s
H1029399 597639                      72.9999981   64.00000  12.3%  12.4 1314s
 1029584 597861     cutoff  336        73.00000   64.00000  12.3%  12.4 1315s
 1033040 600030   70.91667  342   48   73.00000   64.00000  12.3%  12.5 1320s
 1037428 602380     cutoff  312        73.00000   64.00000  12.3%  12.5 1325s
 1040957 604270   72.83333  372   56   73.00000   64.00000  12.3%  12.5 1330s
 1041901 606161   64.00000  322   74   73.00000   64.00000  12.3%  12.5 1335s
 1048256 607647   64.36591  313   65   73.00000   64.00000  12.3%  12.5 1340s
 1050966 609524   65.33333  312   65   73.00000   64.00000  12.3%  12.5 1345s
 1054752 611334   68.66667  386   59   73.00000   64.00000  12.3%  12.5 1350s
 1059293 613515   67.83333  379   62   73.00000   64.00000  12.3%  12.5 1355s
H1059579 613515                      72.9999981   64.00000  12.3%  12.5 1355s
 1062415 615706   68.83333  308   62   73.00000   64.00000  12.3%  12.5 1360s
 1065022 616820   65.50000  353   59   73.00000   64.00000  12.3%  12.5 1365s
 1068062 618733   71.25000  312   64   73.00000   64.00000  12.3%  12.5 1370s
 1072947 621124   72.37336  307   46   73.00000   64.00000  12.3%  12.5 1375s
 1076014 622552     cutoff  319        73.00000   64.00000  12.3%  12.5 1380s
 1079441 624913     cutoff  475        73.00000   64.00000  12.3%  12.5 1385s
 1083729 626843   64.00000  292   53   73.00000   64.00000  12.3%  12.5 1390s
 1088007 628943   70.66667  298   58   73.00000   64.00000  12.3%  12.5 1395s
 1090797 630125   72.33333  356   66   73.00000   64.00000  12.3%  12.5 1400s
 1094027 631879     cutoff  301        73.00000   64.00000  12.3%  12.5 1405s
 1098109 634317   70.00000  295   53   73.00000   64.00000  12.3%  12.5 1410s
 1102578 636738   67.01795  362   61   73.00000   64.00000  12.3%  12.5 1415s
 1107436 639379   72.50000  344   49   73.00000   64.00000  12.3%  12.5 1420s
 1111142 641353   72.33333  398   72   73.00000   64.00000  12.3%  12.5 1425s
 1114583 643761   70.36591  313   59   73.00000   64.00000  12.3%  12.5 1430s
 1119155 645838   68.33333  333   62   73.00000   64.00000  12.3%  12.5 1435s
 1123452 647722   65.00000  309   52   73.00000   64.00000  12.3%  12.5 1440s
 1126213 648916   68.83333  296   66   73.00000   64.00000  12.3%  12.5 1445s
 1130131 651066   72.83333  332   86   73.00000   64.00000  12.3%  12.5 1450s
 1133606 653201   64.00000  331   59   73.00000   64.00000  12.3%  12.6 1455s
 1136586 654614   64.00000  240   46   73.00000   64.00000  12.3%  12.6 1460s
H1140523 656285                      72.9999981   64.00000  12.3%  12.6 1464s
 1140957 656577   72.33333  401   70   73.00000   64.00000  12.3%  12.6 1465s
 1144990 659050   67.16667  342   79   73.00000   64.00000  12.3%  12.6 1470s
 1148323 660386   66.50000  336   59   73.00000   64.00000  12.3%  12.6 1475s
 1152299 662546 infeasible  299        73.00000   64.00000  12.3%  12.6 1480s
 1155464 664383   70.08333  368   73   73.00000   64.00000  12.3%  12.6 1485s
 1158532 665966   65.33333  296   46   73.00000   64.00000  12.3%  12.6 1490s
 1160426 666841   65.00000  285   44   73.00000   64.00000  12.3%  12.6 1495s
 1163265 668905   70.50529  343   56   73.00000   64.00000  12.3%  12.6 1500s
 1164186 669262   71.83333  341   39   73.00000   64.00000  12.3%  12.6 1505s
 1168176 671489   64.00000  249   43   73.00000   64.00000  12.3%  12.6 1510s
 1171882 673257   70.83333  332   68   73.00000   64.00000  12.3%  12.6 1515s
 1175003 674863     cutoff  275        73.00000   64.00000  12.3%  12.6 1520s
 1178585 677020   68.86591  266   74   73.00000   64.00000  12.3%  12.6 1525s
 1181846 678682   66.00926  266   50   73.00000   64.00000  12.3%  12.6 1530s
 1184718 680487   71.83333  274   56   73.00000   64.00000  12.3%  12.6 1535s
 1189256 682385     cutoff  301        73.00000   64.00000  12.3%  12.6 1540s
 1193833 684989     cutoff  380        73.00000   64.00000  12.3%  12.6 1545s
 1197497 686700   72.83333  294   59   73.00000   64.00000  12.3%  12.6 1551s
 1199148 687737   72.50000  448   66   73.00000   64.00000  12.3%  12.6 1555s
 1202999 690078   69.00000  270   65   73.00000   64.00000  12.3%  12.6 1560s
 1205388 691745   68.94928  276   64   73.00000   64.00000  12.3%  12.6 1565s
 1209473 693767     cutoff  308        73.00000   64.00000  12.3%  12.6 1570s
 1213130 695449 infeasible  289        73.00000   64.00000  12.3%  12.6 1575s
 1215895 696677     cutoff  284        73.00000   64.00000  12.3%  12.6 1580s
 1219538 698286   72.16667  317   45   73.00000   64.00000  12.3%  12.6 1585s
 1220704 700569   70.16667  271   58   73.00000   64.00000  12.3%  12.6 1591s
 1227004 702078     cutoff  398        73.00000   64.00000  12.3%  12.6 1595s
 1230773 703953   65.00000  265   47   73.00000   64.00000  12.3%  12.6 1600s
 1235073 705854   69.00000  286   72   73.00000   64.00000  12.3%  12.6 1605s
 1238139 707261     cutoff  306        73.00000   64.00000  12.3%  12.6 1610s
 1243012 709528   64.66667  278   39   73.00000   64.00000  12.3%  12.6 1615s
 1244286 710082   71.83333  322   73   73.00000   64.00000  12.3%  12.6 1620s
 1246768 711955   70.66667  294   56   73.00000   64.00000  12.3%  12.6 1625s
 1250570 713318   72.72222  290   63   73.00000   64.00000  12.3%  12.6 1630s
 1251972 715902   71.33333  298   72   73.00000   64.00000  12.3%  12.6 1635s
 1258271 716892   67.33333  288   45   73.00000   64.00000  12.3%  12.6 1640s
 1260889 717963   70.83333  308   60   73.00000   64.00000  12.3%  12.6 1645s
 1262529 720427   67.33333  288   49   73.00000   64.00000  12.3%  12.6 1653s
 1267228 720911   72.33333  348   89   73.00000   64.00000  12.3%  12.6 1655s
 1270003 722473   71.66667  274   34   73.00000   64.00000  12.3%  12.6 1660s
 1273846 724536   72.66667  349   81   73.00000   64.00000  12.3%  12.6 1665s
 1276741 726088   66.33333  281   52   73.00000   64.00000  12.3%  12.6 1670s
 1280606 727874     cutoff  291        73.00000   64.00000  12.3%  12.6 1675s
 1283783 730262   71.33333  278   49   73.00000   64.00000  12.3%  12.6 1682s
 1288491 730892   66.83333  280   41   73.00000   64.00000  12.3%  12.6 1685s
 1291078 732554   72.66667  328   47   73.00000   64.00000  12.3%  12.6 1690s
 1293026 733473   69.50000  305   54   73.00000   64.00000  12.3%  12.6 1695s
 1293932 733630   68.86591  276   75   73.00000   64.00000  12.3%  12.6 1700s
 1297946 735784   67.66667  313   48   73.00000   64.00000  12.3%  12.7 1705s
 1301023 737159   72.33333  286   57   73.00000   64.00000  12.3%  12.7 1710s
 1304162 738148   71.33862  327   86   73.00000   64.00000  12.3%  12.7 1715s
 1308248 740516   71.33333  324   55   73.00000   64.00000  12.3%  12.7 1720s
 1311162 741766     cutoff  292        73.00000   64.00000  12.3%  12.7 1726s
 1313412 742871   69.33333  264   69   73.00000   64.00000  12.3%  12.7 1730s
 1316124 744375   71.00000  286   45   73.00000   64.00000  12.3%  12.7 1735s
 1319031 745861   65.33796  305   51   73.00000   64.00000  12.3%  12.7 1740s
 1321732 747198   72.66667  297   53   73.00000   64.00000  12.3%  12.7 1746s
 1322989 748427     cutoff  372        73.00000   64.00000  12.3%  12.7 1750s
 1325154 749785   71.66667  331   85   73.00000   64.00000  12.3%  12.7 1755s
 1329761 751650   71.00000  308   69   73.00000   64.00000  12.3%  12.7 1760s
 1333183 753041   65.66667  295   46   73.00000   64.00000  12.3%  12.7 1765s
 1335757 754788   72.16667  341   63   73.00000   64.00000  12.3%  12.7 1770s
 1340089 756372   67.50000  349   81   73.00000   64.00000  12.3%  12.7 1775s
 1342409 757996   67.00000  330   67   73.00000   64.00000  12.3%  12.7 1780s
 1345869 759718   70.16667  394   62   73.00000   64.00000  12.3%  12.7 1785s
 1349785 761419   71.58333  270   46   73.00000   64.00000  12.3%  12.7 1790s
 1353971 763689   67.83333  284   49   73.00000   64.00000  12.3%  12.7 1795s
 1356646 764872     cutoff  329        73.00000   64.00000  12.3%  12.7 1800s

Cutting planes:
  Learned: 17
  Gomory: 3
  Cover: 148
  Implied bound: 151
  Clique: 124
  MIR: 256
  Flow cover: 345
  GUB cover: 1
  RLT: 28
  Relax-and-lift: 322

Explored 1356712 nodes (17209922 simplex iterations) in 1800.01 seconds
Thread count was 4 (of 32 available processors)

Solution count 10: 73 73 73 ... 73

Time limit reached
Best objective 7.299999805894e+01, best bound 6.400000000000e+01, gap 12.3288%
