
Gurobi 9.1.2 (linux64) logging started Sat Mar 19 14:26:19 2022

Changed value of parameter LogFile to ls_sym_v-(2, 6).log
   Prev:   Default: 
Changed value of parameter MIPFocus to 1
   Prev: 0  Min: 0  Max: 3  Default: 0
Changed value of parameter Threads to 4
   Prev: 0  Min: 0  Max: 1024  Default: 0
Changed value of parameter TimeLimit to 1800.0
   Prev: inf  Min: 0.0  Max: inf  Default: inf
Warning: variable name "X[(1, 0),(0, 0)]" has a space
Warning: constraint name "flow-constr-t0-v(3, 6)" has a space
Warning: to let Gurobi read it back, use rlp format
Gurobi Optimizer version 9.1.2 build v9.1.2rc0 (linux64)
Thread count: 16 physical cores, 32 logical processors, using up to 4 threads
Optimize a model with 3633 rows, 3264 columns and 12402 nonzeros
Model fingerprint: 0xcd94e237
Variable types: 384 continuous, 2880 integer (2880 binary)
Coefficient statistics:
  Matrix range     [1e+00, 7e+04]
  Objective range  [2e-01, 2e-01]
  Bounds range     [1e+00, 3e+04]
  RHS range        [1e+00, 7e+04]
Presolve removed 321 rows and 330 columns
Presolve time: 0.05s
Presolved: 3312 rows, 2934 columns, 21926 nonzeros
Variable types: 384 continuous, 2550 integer (2550 binary)

Root relaxation: objective 6.400000e+01, 158 iterations, 0.00 seconds

    Nodes    |    Current Node    |     Objective Bounds      |     Work
 Expl Unexpl |  Obj  Depth IntInf | Incumbent    BestBd   Gap | It/Node Time

     0     0   64.00000    0   46          -   64.00000      -     -    0s
     0     0   64.00000    0   73          -   64.00000      -     -    0s
H    0     0                     111.3333333   64.00000  42.5%     -    0s
     0     0   64.00000    0   71  111.33333   64.00000  42.5%     -    0s
H    0     0                     108.0416667   64.00000  40.8%     -    0s
     0     0   64.00000    0   40  108.04167   64.00000  40.8%     -    0s
H    0     0                     107.1666667   64.00000  40.3%     -    0s
H    0     0                     105.1666667   64.00000  39.1%     -    0s
     0     0   64.00000    0   30  105.16667   64.00000  39.1%     -    0s
H    0     0                     101.7000000   64.00000  37.1%     -    0s
H    0     0                      91.5000000   64.00000  30.1%     -    0s
H    0     0                      89.8333333   64.00000  28.8%     -    0s
     0     0   64.00000    0   30   89.83333   64.00000  28.8%     -    0s
H    0     0                      88.1250000   64.00000  27.4%     -    0s
     0     0   64.00000    0   40   88.12500   64.00000  27.4%     -    0s
H    0     0                      87.9583333   64.00000  27.2%     -    1s
H    0     0                      87.6666667   64.00000  27.0%     -    1s
     0     0   64.00000    0   48   87.66667   64.00000  27.0%     -    1s
     0     0   64.00000    0   22   87.66667   64.00000  27.0%     -    1s
H    0     0                      86.1666667   64.00000  25.7%     -    1s
H    0     0                      84.0000000   64.00000  23.8%     -    1s
     0     2   64.00000    0   22   84.00000   64.00000  23.8%     -    1s
H    2     4                      83.8333333   64.00000  23.7%   312    2s
H   31    36                      81.3750000   64.00000  21.4%  26.5    2s
H   33    36                      80.8333333   64.00000  20.8%  25.2    2s
H   60   113                      80.6666667   64.00000  20.7%  15.2    2s
H   78   113                      80.3333333   64.00000  20.3%  12.5    2s
H  114   148                      79.3333333   64.00000  19.3%   9.5    3s
H  150   148                      79.2500000   64.00000  19.2%   8.2    3s
H  168   312                      76.6111111   64.00000  16.5%   7.7    3s
H  459   646                      76.5555556   64.00000  16.4%   4.8    4s
H  853   876                      76.1388889   64.00000  15.9%  10.4    5s
H  979   994                      75.8055556   64.00000  15.6%   9.4    6s
H 1094   994                      75.5000000   64.00000  15.2%   9.0    6s
H 1095   993                      73.1250000   64.00000  12.5%   9.0    6s
H 1097   945                      72.9583333   64.00000  12.3%   8.9    6s
H 1098   897                      71.3333333   64.00000  10.3%   8.9    7s
  1188   962   64.00000   23   65   71.33333   64.00000  10.3%  31.7   10s
  1970  1476   64.00000   95   70   71.33333   64.00000  10.3%  22.8   15s
  2852  1948   64.66667  157   81   71.33333   64.00000  10.3%  18.6   20s
  3553  2427   64.00000  138   80   71.33333   64.00000  10.3%  17.7   26s
H 4611  3174                      70.9166667   64.00000  9.75%  15.6   29s
H 4790  3292                      70.8333333   64.00000  9.65%  15.4   30s
H 4800  3292                      70.8125000   64.00000  9.62%  15.3   30s
H 4901  3169                      70.4791667   64.00000  9.19%  15.1   30s
H 5046  3143                      69.8750000   64.00000  8.41%  15.0   30s
H 5062  3117                      69.2499998   64.00000  7.58%  15.0   31s
H 5149  3117                      69.2499997   64.00000  7.58%  14.9   31s
H 5200  3739                      69.2222222   64.00000  7.54%  14.8   32s
H 5500  3729                      69.0833333   64.00000  7.36%  14.5   32s
H 6068  3650                      68.7500000   64.00000  6.91%  14.8   34s
  6115  4179   65.00000  130  124   68.75000   64.00000  6.91%  14.8   35s
H 6200  4105                      68.6666667   64.00000  6.80%  14.7   35s
H 6647  4046                      68.3333333   64.00000  6.34%  14.8   35s
  7980  4908   64.00000  212  121   68.33333   64.00000  6.34%  14.5   40s
 10275  7541   64.00000  263   91   68.33333   64.00000  6.34%  14.2   46s
H12076  7830                      67.6666667   64.00000  5.42%  13.9   49s
 12254  8491   64.00000  248  102   67.66667   64.00000  5.42%  13.8   51s
 14253  9616   64.00000  262   92   67.66667   64.00000  5.42%  13.9   56s
 15161 10845   64.33333  396  105   67.66667   64.00000  5.42%  14.1   61s
 17139 11900   64.50000  285  103   67.66667   64.00000  5.42%  14.4   67s
 18464 13105 infeasible  401        67.66667   64.00000  5.42%  14.8   70s
 20354 14243   64.50000  303   89   67.66667   64.00000  5.42%  14.6   76s
 21670 15347   66.66667  429  101   67.66667   64.00000  5.42%  14.4   80s
 23342 16663     cutoff  277        67.66667   64.00000  5.42%  14.6   86s
 24901 17613   64.00000  283  102   67.66667   64.00000  5.42%  14.6   90s
 27022 18732   64.00000  383  114   67.66667   64.00000  5.42%  14.5   96s
 28804 19711   67.33333  477   99   67.66667   64.00000  5.42%  14.8  101s
 30137 20519   64.00000   21   56   67.66667   64.00000  5.42%  14.9  106s
 30790 21065   64.00000  112   84   67.66667   64.00000  5.42%  15.0  110s
 32196 21909   64.00000   56   88   67.66667   64.00000  5.42%  14.9  115s
 34539 23737   67.58333  494   85   67.66667   64.00000  5.42%  15.5  121s
 35466 25118   64.33333  211   85   67.66667   64.00000  5.42%  15.8  125s
 37228 26351   65.50000  159  118   67.66667   64.00000  5.42%  15.8  131s
 38945 27153   64.00000  102   90   67.66667   64.00000  5.42%  15.9  135s
 40621 28398   64.00000  223  110   67.66667   64.00000  5.42%  16.1  141s
 41623 29361   65.00000  305   95   67.66667   64.00000  5.42%  16.4  146s
H41904 29361                      67.6666666   64.00000  5.42%  16.4  146s
H42392 30028                      67.6666665   64.00000  5.42%  16.5  149s
H43530 30570                      67.6666665   64.00000  5.42%  16.8  151s
H43992 30570                      67.6666664   64.00000  5.42%  16.9  151s
H44062 30570                      67.6666664   64.00000  5.42%  17.0  151s
 44246 30978     cutoff  269        67.66667   64.00000  5.42%  17.1  155s
H44465 30978                      67.6666663   64.00000  5.42%  17.2  155s
H44800 31703                      67.6666663   64.00000  5.42%  17.2  157s
 45952 32446   64.00000  160  104   67.66667   64.00000  5.42%  17.2  161s
H46422 32446                      67.6666662   64.00000  5.42%  17.3  161s
H46511 32741                      67.6666660   64.00000  5.42%  17.2  163s
 46815 32956   64.00000  174   97   67.66667   64.00000  5.42%  17.2  166s
H46840 32956                      67.6666658   64.00000  5.42%  17.2  166s
 47711 33698   67.50000  224  113   67.66667   64.00000  5.42%  17.2  170s
 50306 35875   64.00412  268  104   67.66667   64.00000  5.42%  17.7  176s
 52544 37028   65.66667  320   90   67.66667   64.00000  5.42%  17.6  181s
 54372 37810   65.00000  261   91   67.66667   64.00000  5.42%  17.5  185s
 55539 38914   64.00000  143  115   67.66667   64.00000  5.42%  17.5  190s
 57154 39989   65.66667  291   82   67.66667   64.00000  5.42%  17.5  196s
 59629 41310   64.00000  219  104   67.66667   64.00000  5.42%  17.4  201s
 61642 42784   67.33333  253   81   67.66667   64.00000  5.42%  17.2  206s
 62782 43330   64.00000  217   86   67.66667   64.00000  5.42%  17.1  210s
H62783 43330                      67.6666657   64.00000  5.42%  17.1  210s
H64379 45813                      67.6666656   64.00000  5.42%  17.1  214s
 66634 45938   64.00000  228  102   67.66667   64.00000  5.42%  17.0  215s
H67067 46443                      67.6666656   64.00000  5.42%  17.0  218s
H67614 46618                      67.6666654   64.00000  5.42%  17.1  219s
H67822 46833                      67.6666654   64.00000  5.42%  17.1  220s
H67823 46833                      67.6666653   64.00000  5.42%  17.1  220s
H68626 47524                      67.6666653   64.00000  5.42%  17.0  224s
 69420 47738     cutoff  320        67.66667   64.00000  5.42%  17.0  226s
H69422 47738                      67.6666653   64.00000  5.42%  17.0  226s
 70061 48105   65.00000  254   75   67.66667   64.00000  5.42%  17.0  230s
H70713 48208                      67.6666653   64.00000  5.42%  17.0  233s
 70714 48270   65.33333  239   98   67.66667   64.00000  5.42%  17.0  235s
H70953 48722                      67.6666653   64.00000  5.42%  17.0  239s
H71178 48722                      67.6666652   64.00000  5.42%  17.0  239s
 71600 48895   66.33333  273  113   67.66667   64.00000  5.42%  17.1  240s
 73416 49702     cutoff  317        67.66667   64.00000  5.42%  17.1  246s
 73426 52372   64.00000  246  107   67.66667   64.00000  5.42%  17.1  253s
 77430 52374   66.00000  281  110   67.66667   64.00000  5.42%  17.2  255s
 77681 52893   66.66667  298  104   67.66667   64.00000  5.42%  17.2  261s
H78188 52893                      67.6666652   64.00000  5.42%  17.2  261s
H78545 52958                      67.6666652   64.00000  5.42%  17.1  264s
 78546 53026     cutoff  252        67.66667   64.00000  5.42%  17.1  267s
H78572 53026                      67.6666652   64.00000  5.42%  17.1  267s
 78757 53487   64.00000  121   88   67.66667   64.00000  5.42%  17.2  271s
 79249 54089   64.00000  107  104   67.66667   64.00000  5.42%  17.3  275s
H80801 54673                      67.6666651   64.00000  5.42%  17.2  279s
 80907 54677   67.33333  201   88   67.66667   64.00000  5.42%  17.2  280s
 82374 55948   67.33333  203   98   67.66667   64.00000  5.42%  17.1  285s
 82902 56503   64.16667  264  114   67.66667   64.00000  5.42%  17.3  290s
 84297 57462   65.66667  246  109   67.66667   64.00000  5.42%  17.4  296s
 84433 58422   65.66667  247  107   67.66667   64.00000  5.42%  17.4  300s
 86728 59494   64.33333  181  116   67.66667   64.00000  5.42%  17.5  305s
 88590 60637   64.00000  165   95   67.66667   64.00000  5.42%  17.6  311s
H89007 60637                      67.6666651   64.00000  5.42%  17.6  311s
 90080 61315   67.00000  203  117   67.66667   64.00000  5.42%  17.6  315s
 91669 62917   64.00000  189   95   67.66667   64.00000  5.42%  17.5  321s
 92404 63363   67.00000  243   93   67.66667   64.00000  5.42%  17.4  325s
 93895 64383   67.16667  273   90   67.66667   64.00000  5.42%  17.5  330s
 95572 64859     cutoff  217        67.66667   64.00000  5.42%  17.4  336s
 97269 66044   64.00000  205   98   67.66667   64.00000  5.42%  17.4  340s
 98665 66793   67.50000  247  107   67.66667   64.00000  5.42%  17.3  345s
 100024 67765     cutoff  229        67.66667   64.00000  5.42%  17.3  350s
 101939 68420   64.33333  211  107   67.66667   64.00000  5.42%  17.2  355s
 103204 69495     cutoff  238        67.66667   64.00000  5.42%  17.2  360s
H104563 69942                      67.6666651   64.00000  5.42%  17.1  363s
H104643 69942                      67.6666651   64.00000  5.42%  17.1  363s
 104802 70164   64.66667  222  100   67.66667   64.00000  5.42%  17.1  365s
 106914 70995     cutoff  237        67.66667   64.00000  5.42%  16.9  372s
 107426 71284   64.33333  188  110   67.66667   64.00000  5.42%  16.9  377s
 108214 72352   64.00000  210   92   67.66667   64.00000  5.42%  16.9  381s
 108866 72792   65.50000  228  112   67.66667   64.00000  5.42%  16.9  385s
 111013 73466 infeasible  225        67.66667   64.00000  5.42%  16.8  391s
 111896 74150     cutoff  251        67.66667   64.00000  5.42%  16.8  395s
 113281 75089     cutoff  242        67.66667   64.00000  5.42%  16.8  401s
 114621 75710   66.66667  233   98   67.66667   64.00000  5.42%  16.7  405s
 115145 75990   64.50000  190   94   67.66667   64.00000  5.42%  16.7  410s
 116185 76855   64.00000  212   55   67.66667   64.00000  5.42%  16.7  416s
 117539 77564   64.00000  223   94   67.66667   64.00000  5.42%  16.7  421s
 118736 78041   65.66667  300   83   67.66667   64.00000  5.42%  16.7  425s
 120225 79018   64.66667  263   91   67.66667   64.00000  5.42%  16.7  431s
 121881 79666   64.00000  216   96   67.66667   64.00000  5.42%  16.6  435s
 123429 80524   65.00000  222  105   67.66667   64.00000  5.42%  16.6  442s
 125168 81021   64.83333  222   94   67.66667   64.00000  5.42%  16.6  446s
 125736 81886   64.16667  269   99   67.66667   64.00000  5.42%  16.6  450s
 127535 82484   66.16667  324  101   67.66667   64.00000  5.42%  16.6  456s
 129368 83336   65.66667  239  112   67.66667   64.00000  5.42%  16.6  461s
 130809 84335   66.33333  294   90   67.66667   64.00000  5.42%  16.5  466s
 131590 84686   64.00000  254  104   67.66667   64.00000  5.42%  16.6  470s
 133299 85133 infeasible  363        67.66667   64.00000  5.42%  16.5  475s
 135311 86293   64.00000  269  100   67.66667   64.00000  5.42%  16.5  482s
 136675 87687   64.00000  315  105   67.66667   64.00000  5.42%  16.5  486s
 137465 89363   66.66667  377   92   67.66667   64.00000  5.42%  16.5  493s
 140202 89812   65.50000  415   92   67.66667   64.00000  5.42%  16.5  495s
H142258 90801                      67.6666651   64.00000  5.42%  16.5  499s
 142704 91168   65.66667  353  111   67.66667   64.00000  5.42%  16.5  501s
 143830 91743   65.66667  367  111   67.66667   64.00000  5.42%  16.4  506s
 145306 92579   64.00000  296  100   67.66667   64.00000  5.42%  16.5  511s
 145992 92834   64.00000  328   94   67.66667   64.00000  5.42%  16.5  515s
 147528 93841   66.00000  354  106   67.66667   64.00000  5.42%  16.5  521s
 148455 94183   64.58333  375  117   67.66667   64.00000  5.42%  16.5  525s
 149522 95001   64.51235  349  117   67.66667   64.00000  5.42%  16.6  531s
 151164 95829   66.83333  321  111   67.66667   64.00000  5.42%  16.7  535s
 152701 96525   67.16667  362   97   67.66667   64.00000  5.42%  16.6  540s
H152800 96525                      67.6666650   64.00000  5.42%  16.6  540s
 153440 96988   67.50003  367   94   67.66666   64.00000  5.42%  16.6  545s
 155569 97549   67.50000  391   98   67.66666   64.00000  5.42%  16.6  550s
 156925 98334     cutoff  364        67.66666   64.00000  5.42%  16.6  556s
 158324 99245   64.00000  358  117   67.66666   64.00000  5.42%  16.6  561s
 158984 99961     cutoff  357        67.66666   64.00000  5.42%  16.7  567s
 161126 100152     cutoff  382        67.66666   64.00000  5.42%  16.7  571s
 162078 100675   64.00000  370  116   67.66666   64.00000  5.42%  16.7  575s
 163492 101275   65.16667  343   80   67.66666   64.00000  5.42%  16.8  581s
H164456 101479                      67.6666650   64.00000  5.42%  16.8  582s
 164642 101820   64.00000  388   75   67.66666   64.00000  5.42%  16.8  585s
 166047 102150     cutoff  361        67.66666   64.00000  5.42%  16.8  591s
 166807 102617   66.54167  346  117   67.66666   64.00000  5.42%  16.8  595s
 169093 103279   66.66667  376   79   67.66666   64.00000  5.42%  16.9  600s
 170289 103855     cutoff  377        67.66666   64.00000  5.42%  16.9  606s
 171721 104445   65.33333  378   81   67.66666   64.00000  5.42%  17.0  611s
 172992 104687     cutoff  414        67.66666   64.00000  5.42%  17.0  616s
 173306 105106 infeasible  401        67.66666   64.00000  5.42%  17.0  620s
 175644 106140   66.50000  403   99   67.66666   64.00000  5.42%  17.0  626s
 176538 106344 infeasible  381        67.66666   64.00000  5.42%  17.0  630s
 178115 106767   64.66667  357   97   67.66666   64.00000  5.42%  17.1  636s
 179213 107123 infeasible  399        67.66666   64.00000  5.42%  17.1  640s
 180021 108352   64.00000  334  108   67.66666   64.00000  5.42%  17.1  650s
H184647 108498                      67.6666648   64.00000  5.42%  17.2  654s
 184649 108700   65.66667  372  109   67.66666   64.00000  5.42%  17.2  656s
 185764 109299   64.00000  374   92   67.66666   64.00000  5.42%  17.2  660s
 188241 109827     cutoff  414        67.66666   64.00000  5.42%  17.2  666s
 189825 110297     cutoff  406        67.66666   64.00000  5.42%  17.2  670s
 192243 110929   64.33333  402   77   67.66666   64.00000  5.42%  17.2  676s
H192252 110929                      67.6666648   64.00000  5.42%  17.2  676s
 192782 111240     cutoff  379        67.66666   64.00000  5.42%  17.2  680s
 194582 111822   64.45833  399   87   67.66666   64.00000  5.42%  17.1  685s
 195615 112078   65.00000  390   84   67.66666   64.00000  5.42%  17.1  690s
 198140 112624   64.62500  394   92   67.66666   64.00000  5.42%  17.1  695s
 198786 112894   64.00000  404   81   67.66666   64.00000  5.42%  17.1  700s
 200690 113352   64.00000  384   88   67.66666   64.00000  5.42%  17.1  705s
 203081 113851   64.00000  378   83   67.66666   64.00000  5.42%  17.1  710s
 204665 114238   64.00000  410   95   67.66666   64.00000  5.42%  17.1  716s
 205379 114563   66.66667  419   95   67.66666   64.00000  5.42%  17.1  720s
 207000 115059     cutoff  385        67.66666   64.00000  5.42%  17.1  725s
 207670 115339   64.16667  411   82   67.66666   64.00000  5.42%  17.1  730s
 210007 115833 infeasible  426        67.66666   64.00000  5.42%  17.1  736s
 212569 116088     cutoff  425        67.66666   64.00000  5.42%  17.1  741s
 213754 116416     cutoff  409        67.66666   64.00000  5.42%  17.1  746s
 215745 116906   64.00000  401   87   67.66666   64.00000  5.42%  17.1  750s
 217705 117197     cutoff  404        67.66666   64.00000  5.42%  17.1  756s
 219527 117642   65.00000  334   96   67.66666   64.00000  5.42%  17.1  761s
 220167 118124   66.91667  388   68   67.66666   64.00000  5.42%  17.1  766s
 222491 118865   65.33333  389   88   67.66666   64.00000  5.42%  17.1  771s
H223063 119660                      67.6666648   64.00000  5.42%  17.2  774s
 223812 119994   66.66667  447   82   67.66666   64.00000  5.42%  17.1  775s
 225633 121303   64.33333  312   89   67.66666   64.00000  5.42%  17.1  780s
 226762 122162   65.66667  350   93   67.66666   64.00000  5.42%  17.1  785s
 228763 123348   66.00000  343   82   67.66666   64.00000  5.42%  17.1  790s
 230078 124006     cutoff  437        67.66666   64.00000  5.42%  17.1  795s
 232040 124650   64.00000  400   89   67.66666   64.00000  5.42%  17.0  800s
 232092 127274   64.00000  401   89   67.66666   64.00000  5.42%  17.0  805s
 236492 127651   66.17181  435   99   67.66666   64.00000  5.42%  17.0  810s
H236657 127651                      67.6666648   64.00000  5.42%  17.0  810s
 237323 128204     cutoff  415        67.66666   64.00000  5.42%  17.0  815s
 238283 128519   66.66667  336   96   67.66666   64.00000  5.42%  17.0  820s
H238399 128523                      67.6666648   64.00000  5.42%  17.0  821s
 239249 128842     cutoff  345        67.66666   64.00000  5.42%  17.0  827s
 239894 129328   67.16667  372  125   67.66666   64.00000  5.42%  16.9  830s
 240645 129930   66.83333  351   81   67.66666   64.00000  5.42%  16.9  835s
 242511 130674   66.16667  319   97   67.66666   64.00000  5.42%  16.9  841s
 242746 132756   66.83333  320  100   67.66666   64.00000  5.42%  16.9  846s
 246833 132970   67.33333  355  110   67.66666   64.00000  5.42%  16.8  850s
H247368 133290                      67.6666647   64.00000  5.42%  16.8  852s
 247789 133784   66.66667  394  106   67.66666   64.00000  5.42%  16.8  855s
 249120 134580   67.00000  361   93   67.66666   64.00000  5.42%  16.8  860s
 251148 135678   66.83333  392   92   67.66666   64.00000  5.42%  16.8  866s
 252434 135896     cutoff  361        67.66666   64.00000  5.42%  16.7  870s
 253754 137351   67.00893  468   88   67.66666   64.00000  5.42%  16.7  875s
 255650 138250   64.16667  357   81   67.66666   64.00000  5.42%  16.7  881s
 257194 138618   66.50000  406   79   67.66666   64.00000  5.42%  16.7  885s
 259069 140144   66.83333  378  111   67.66666   64.00000  5.42%  16.7  890s
 260757 141130     cutoff  370        67.66666   64.00000  5.42%  16.6  895s
H261651 141603                      67.6666647   64.00000  5.42%  16.6  896s
 263886 142840   67.00000  410  101   67.66666   64.00000  5.42%  16.6  901s
H264260 142840                      67.6666647   64.00000  5.42%  16.6  901s
H265035 143217                      67.6666646   64.00000  5.42%  16.6  902s
 266299 143575   66.50000  402  110   67.66666   64.00000  5.42%  16.6  905s
H266300 143575                      67.6666646   64.00000  5.42%  16.6  905s
H267194 144028                      67.6666644   64.00000  5.42%  16.6  908s
 267553 144135     cutoff  406        67.66666   64.00000  5.42%  16.6  910s
 268846 144817   64.00000  336   95   67.66666   64.00000  5.42%  16.6  915s
H269166 144878                      67.6666644   64.00000  5.42%  16.5  917s
 269966 145890   66.50000  360  126   67.66666   64.00000  5.42%  16.5  920s
H271268 146225                      67.6666644   64.00000  5.42%  16.5  924s
 271401 146809   66.52532  370  122   67.66666   64.00000  5.42%  16.5  925s
 274823 147997   66.83333  401  113   67.66666   64.00000  5.42%  16.5  930s
H274828 147997                      67.6666644   64.00000  5.42%  16.5  930s
 275069 149712   66.83333  402  117   67.66666   64.00000  5.42%  16.5  935s
 279115 149875   65.50000  390  100   67.66666   64.00000  5.42%  16.5  940s
 280373 150768   66.50000  414  111   67.66666   64.00000  5.42%  16.4  945s
 281624 151520   66.16667  385  116   67.66666   64.00000  5.42%  16.4  950s
 282827 152064   67.33333  389  103   67.66666   64.00000  5.42%  16.4  955s
 284800 153130   64.00000  299  102   67.66666   64.00000  5.42%  16.4  960s
 286083 155249   66.50000  352  101   67.66666   64.00000  5.42%  16.4  969s
 290087 155248 infeasible  410        67.66666   64.00000  5.42%  16.4  973s
 290615 155461     cutoff  383        67.66666   64.00000  5.42%  16.4  977s
 291422 156001   65.75000  389   94   67.66666   64.00000  5.42%  16.4  980s
 293108 156749   65.74897  372   98   67.66666   64.00000  5.42%  16.4  985s
 294428 157344   66.00000  394   93   67.66666   64.00000  5.42%  16.4  990s
 296666 158295   66.66667  368  121   67.66666   64.00000  5.42%  16.3  995s
 298117 158723   66.83333  400   88   67.66666   64.00000  5.42%  16.3 1000s
 299542 159196   66.00000  364   93   67.66666   64.00000  5.42%  16.3 1005s
 300477 159820   67.04167  386  107   67.66666   64.00000  5.42%  16.3 1010s
 303031 160608   64.33333  357   90   67.66666   64.00000  5.42%  16.3 1015s
 304291 161593   65.01646  378  100   67.66666   64.00000  5.42%  16.3 1021s
 305036 161818   65.66667  362  100   67.66666   64.00000  5.42%  16.3 1025s
 306818 162128 infeasible  394        67.66666   64.00000  5.42%  16.3 1030s
 308459 163097     cutoff  384        67.66666   64.00000  5.42%  16.3 1036s
 309092 163324   65.00000  385  112   67.66666   64.00000  5.42%  16.3 1040s
 311288 164129   66.66667  432   98   67.66666   64.00000  5.42%  16.3 1046s
 311987 164790   65.50000  337  112   67.66666   64.00000  5.42%  16.3 1050s
 313165 165324   65.68313  398   89   67.66666   64.00000  5.42%  16.4 1055s
 314748 165599   65.83333  382  117   67.66666   64.00000  5.42%  16.4 1060s
 316856 166423   67.00000  421   94   67.66666   64.00000  5.42%  16.4 1065s
 318288 168478     cutoff  408        67.66666   64.00000  5.42%  16.4 1075s
 322710 168876   67.16667  358   96   67.66666   64.00000  5.42%  16.4 1080s
 323890 169188     cutoff  413        67.66666   64.00000  5.42%  16.4 1086s
 324449 169952   64.16667  400   98   67.66666   64.00000  5.42%  16.4 1090s
 325574 170342   65.83333  426  114   67.66666   64.00000  5.42%  16.4 1096s
 326484 170981   65.66667  377   83   67.66666   64.00000  5.42%  16.4 1100s
 327301 171774   65.50000  451   93   67.66666   64.00000  5.42%  16.4 1106s
 329025 172613     cutoff  432        67.66666   64.00000  5.42%  16.5 1110s
 330832 173640   66.16667  435   95   67.66666   64.00000  5.42%  16.5 1115s
 332386 174285   64.50000  389  112   67.66666   64.00000  5.42%  16.4 1121s
 333702 174643     cutoff  426        67.66666   64.00000  5.42%  16.4 1126s
 334743 175718     cutoff  417        67.66666   64.00000  5.42%  16.4 1130s
 336500 176740   64.00000  247  111   67.66666   64.00000  5.42%  16.4 1135s
 338646 177554 infeasible  397        67.66666   64.00000  5.42%  16.4 1140s
 341038 179029   67.16667  251   99   67.66666   64.00000  5.42%  16.4 1146s
 342502 180234   64.00000  261   85   67.66666   64.00000  5.42%  16.4 1150s
 343246 181020   65.83333  318  101   67.66666   64.00000  5.42%  16.4 1156s
 344623 181481 infeasible  271        67.66666   64.00000  5.42%  16.4 1160s
 346382 182454   66.50000  362   80   67.66666   64.00000  5.42%  16.4 1167s
 346902 183275   66.83333  385   87   67.66666   64.00000  5.42%  16.4 1170s
 348023 184154   66.16667  297  108   67.66666   64.00000  5.42%  16.4 1175s
 349992 184965   64.16667  206  105   67.66666   64.00000  5.42%  16.3 1180s
 350004 187619   64.00000  206   91   67.66666   64.00000  5.42%  16.3 1187s
 354366 187864   64.83333  273   96   67.66666   64.00000  5.42%  16.3 1190s
 354848 188407   64.00000  277  101   67.66666   64.00000  5.42%  16.3 1195s
 356516 189328   64.33333  240  103   67.66666   64.00000  5.42%  16.3 1200s
 357627 190548   64.00000  259   96   67.66666   64.00000  5.42%  16.2 1205s
 358824 191211   64.50000  335   86   67.66666   64.00000  5.42%  16.2 1210s
 360617 192134   67.50000  245  104   67.66666   64.00000  5.42%  16.2 1217s
 362266 192487   67.00000  301   89   67.66666   64.00000  5.42%  16.2 1220s
 363163 193137   64.00000  248  100   67.66666   64.00000  5.42%  16.2 1226s
H363640 193177                      67.6666644   64.00000  5.42%  16.2 1228s
 363699 193445   64.34848  249  115   67.66666   64.00000  5.42%  16.2 1230s
 365268 194363     cutoff  315        67.66666   64.00000  5.42%  16.2 1235s
 367290 195176   66.16667  298  100   67.66666   64.00000  5.42%  16.2 1241s
 368679 195769   64.50000  322   91   67.66666   64.00000  5.42%  16.2 1246s
 369962 196416   64.66667  261   86   67.66666   64.00000  5.42%  16.2 1251s
 371252 196985   66.33333  317  105   67.66666   64.00000  5.42%  16.1 1255s
 372697 197772     cutoff  292        67.66666   64.00000  5.42%  16.1 1260s
 374185 199032     cutoff  363        67.66666   64.00000  5.42%  16.2 1267s
 375804 199384   65.00000  307   97   67.66666   64.00000  5.42%  16.2 1270s
 376896 199531   67.00000  258  107   67.66666   64.00000  5.42%  16.2 1275s
 378374 200273   64.66667  374   96   67.66666   64.00000  5.42%  16.2 1281s
 379339 200548   64.00000  302   94   67.66666   64.00000  5.42%  16.2 1286s
 380804 200942   64.83333  363   95   67.66666   64.00000  5.42%  16.2 1292s
 381520 201757   65.66667  351  116   67.66666   64.00000  5.42%  16.2 1295s
 382927 201882 infeasible  371        67.66666   64.00000  5.42%  16.2 1300s
 384116 202379   64.66667  374  105   67.66666   64.00000  5.42%  16.2 1305s
 385243 202678   65.66667  371  101   67.66666   64.00000  5.42%  16.2 1311s
 386410 203064   64.85398  352   93   67.66666   64.00000  5.42%  16.2 1316s
 387583 203312   64.00000  322   91   67.66666   64.00000  5.42%  16.2 1320s
 388374 203476   64.00000  237   95   67.66666   64.00000  5.42%  16.2 1325s
 389533 203783   66.33333  308  113   67.66666   64.00000  5.42%  16.2 1330s
 391085 204205   64.00000  227  116   67.66666   64.00000  5.42%  16.2 1335s
 393225 205144 infeasible  245        67.66666   64.00000  5.42%  16.2 1341s
 394240 205685     cutoff  275        67.66666   64.00000  5.42%  16.2 1346s
 395815 206430   65.16667  284   89   67.66666   64.00000  5.42%  16.2 1350s
 396909 206921   64.00000  278   80   67.66666   64.00000  5.42%  16.2 1355s
H398521 207312                      67.6666644   64.00000  5.42%  16.2 1358s
H399001 207589                      67.6666644   64.00000  5.42%  16.2 1359s
 399498 207708     cutoff  250        67.66666   64.00000  5.42%  16.2 1361s
 401181 208299   64.00000  349   93   67.66666   64.00000  5.42%  16.2 1365s
 402041 208622   64.00000  323   97   67.66666   64.00000  5.42%  16.2 1370s
 403319 208911   64.33333  356   81   67.66666   64.00000  5.42%  16.2 1376s
 404499 209270   64.16667  351   82   67.66666   64.00000  5.42%  16.2 1380s
 405729 209767   66.33333  314  119   67.66666   64.00000  5.42%  16.2 1386s
 407578 209960   64.33333  301   90   67.66666   64.00000  5.42%  16.2 1390s
 408751 210550 infeasible  331        67.66666   64.00000  5.42%  16.2 1396s
 410344 211021   64.50000  275   99   67.66666   64.00000  5.42%  16.2 1401s
 412075 212060   64.33333  303   92   67.66666   64.00000  5.42%  16.1 1406s
 413711 212456 infeasible  279        67.66666   64.00000  5.42%  16.1 1411s
 415623 213224   64.83631  290  102   67.66666   64.00000  5.42%  16.1 1416s
 416703 213738     cutoff  310        67.66666   64.00000  5.42%  16.1 1421s
 418109 214042     cutoff  228        67.66666   64.00000  5.42%  16.1 1425s
 419033 214854   64.00000  352   83   67.66666   64.00000  5.42%  16.1 1431s
 420506 215184   65.00000  336   97   67.66666   64.00000  5.42%  16.1 1436s
 421604 215691     cutoff  314        67.66666   64.00000  5.42%  16.1 1441s
 421999 216070   66.83333  328  101   67.66666   64.00000  5.42%  16.1 1445s
 423513 218499     cutoff  342        67.66666   64.00000  5.42%  16.1 1457s
 427517 218658   64.11250  395  104   67.66666   64.00000  5.42%  16.2 1460s
 428507 219028   65.16667  345  111   67.66666   64.00000  5.42%  16.1 1466s
 429858 219861   67.16667  409  113   67.66666   64.00000  5.42%  16.2 1470s
H430001 219861                      67.6666643   64.00000  5.42%  16.1 1471s
 431137 220403     cutoff  364        67.66666   64.00000  5.42%  16.1 1476s
 431756 220601   64.00000  336   94   67.66666   64.00000  5.42%  16.1 1481s
 432941 220991   66.00000  351  114   67.66666   64.00000  5.42%  16.2 1485s
 434065 221705     cutoff  241        67.66666   64.00000  5.42%  16.2 1491s
 435460 222384   65.66667  333  105   67.66666   64.00000  5.42%  16.2 1495s
 437205 223167   64.00000  332   81   67.66666   64.00000  5.42%  16.2 1501s
 438289 223216     cutoff  385        67.66666   64.00000  5.42%  16.3 1505s
 439088 223906   67.50000  346  109   67.66666   64.00000  5.42%  16.3 1510s
 440436 224141   67.50000  376  113   67.66666   64.00000  5.42%  16.3 1515s
 441990 225071   64.83333  351  110   67.66666   64.00000  5.42%  16.3 1521s
 442238 225508   64.83333  359  101   67.66666   64.00000  5.42%  16.3 1525s
 443810 226097     cutoff  392        67.66666   64.00000  5.42%  16.4 1531s
 446038 226782   66.16667  335  109   67.66666   64.00000  5.42%  16.4 1537s
 446348 227233   65.66667  343  103   67.66666   64.00000  5.42%  16.4 1540s
 447822 227975   64.66667  328  115   67.66666   64.00000  5.42%  16.5 1546s
 449989 228972   64.66667  348  111   67.66666   64.00000  5.42%  16.5 1550s
 451366 229589   67.50000  333  111   67.66666   64.00000  5.42%  16.5 1556s
 452719 229826   67.50000  350  110   67.66666   64.00000  5.42%  16.5 1560s
 454420 230670   66.33333  331  120   67.66666   64.00000  5.42%  16.5 1566s
 454858 231256   65.33333  361   99   67.66666   64.00000  5.42%  16.5 1570s
 456225 231823     cutoff  404        67.66666   64.00000  5.42%  16.6 1575s
 458014 232217     cutoff  354        67.66666   64.00000  5.42%  16.6 1580s
 460005 233405   64.00000  326   73   67.66666   64.00000  5.42%  16.6 1585s
 461293 233864   67.33333  399   98   67.66666   64.00000  5.42%  16.6 1590s
 463615 234491   64.00000  342   85   67.66666   64.00000  5.42%  16.6 1597s
 464252 235123     cutoff  393        67.66666   64.00000  5.42%  16.6 1600s
 465375 235900   64.00000  360  104   67.66666   64.00000  5.42%  16.6 1606s
 468154 236761     cutoff  373        67.66666   64.00000  5.42%  16.6 1611s
 469027 237364   65.66667  379  105   67.66666   64.00000  5.42%  16.6 1616s
 469824 237829   64.00000  324   90   67.66666   64.00000  5.42%  16.7 1621s
 472469 238762   66.33333  392  104   67.66666   64.00000  5.42%  16.7 1625s
H472472 238710                      67.6111111   64.00000  5.34%  16.7 1625s
H472511 231383                      67.4444444   64.00000  5.11%  16.7 1627s
H472538 231128                      67.4166667   64.00000  5.07%  16.7 1627s
H472666 231125                      67.4000000   64.00000  5.04%  16.7 1627s
H472667 231119                      67.3888889   64.00000  5.03%  16.7 1627s
H472800 224708                      67.1944444   64.00000  4.75%  16.7 1628s
H473019 219072                      67.1666667   64.00000  4.71%  16.7 1628s
 473172 219559   64.00000  360  103   67.16667   64.00000  4.71%  16.7 1630s
H473300 211599                      67.0000000   64.00000  4.48%  16.7 1630s
 475193 212703 infeasible  414        67.00000   64.00000  4.48%  16.7 1635s
 476489 213747     cutoff  372        67.00000   64.00000  4.48%  16.7 1640s
 480255 214569   64.33333  351  111   67.00000   64.00000  4.48%  16.7 1646s
H480593 214569                      66.9999999   64.00000  4.48%  16.7 1646s
 481122 214964   66.16667  364  103   67.00000   64.00000  4.48%  16.7 1650s
H482272 215274                      66.9999999   64.00000  4.48%  16.8 1654s
 482274 215353   64.33333  338  109   67.00000   64.00000  4.48%  16.8 1655s
 482886 215618 infeasible  365        67.00000   64.00000  4.48%  16.8 1660s
 484059 216098 infeasible  356        67.00000   64.00000  4.48%  16.8 1666s
 485991 216606   64.66667  250   87   67.00000   64.00000  4.48%  16.8 1671s
 488010 217470     cutoff  346        67.00000   64.00000  4.48%  16.8 1676s
 489730 217953   64.00000  337  104   67.00000   64.00000  4.48%  16.8 1680s
 492394 219028     cutoff  413        67.00000   64.00000  4.48%  16.8 1686s
 493429 219538     cutoff  381        67.00000   64.00000  4.48%  16.8 1690s
 495005 220553   64.33333  178  105   67.00000   64.00000  4.48%  16.8 1696s
 496609 221004   66.83333  231   89   67.00000   64.00000  4.48%  16.8 1701s
 499000 221950   66.16667  364  118   67.00000   64.00000  4.48%  16.8 1706s
 499997 222512     cutoff  360        67.00000   64.00000  4.48%  16.9 1710s
 501111 223067   66.83333  224   95   67.00000   64.00000  4.48%  16.9 1715s
 502434 223995   64.00000  352   90   67.00000   64.00000  4.48%  16.9 1720s
 503792 224245   64.00000  352  109   67.00000   64.00000  4.48%  16.9 1725s
 504881 224770   66.00000  207   90   67.00000   64.00000  4.48%  16.9 1731s
 505565 225613   66.50000  295   88   67.00000   64.00000  4.48%  16.9 1735s
 507071 226078   65.00000  367   92   67.00000   64.00000  4.48%  16.9 1741s
 507929 226921     cutoff  368        67.00000   64.00000  4.48%  16.9 1745s
H508000 226921                      66.9999996   64.00000  4.48%  16.9 1745s
H508823 227163                      66.9999996   64.00000  4.48%  16.9 1747s
H508966 227163                      66.9999993   64.00000  4.48%  16.9 1747s
 509206 227409     cutoff  365        67.00000   64.00000  4.48%  16.9 1750s
H509208 227409                      66.9999992   64.00000  4.48%  16.9 1750s
 510683 228117   64.33333  192  126   67.00000   64.00000  4.48%  17.0 1755s
H510772 228117                      66.9999991   64.00000  4.48%  17.0 1755s
H511033 228658                      66.9999991   64.00000  4.48%  17.0 1757s
H511423 228658                      66.9999991   64.00000  4.48%  17.0 1757s
H511853 228766                      66.9999991   64.00000  4.48%  17.0 1759s
H511936 228766                      66.9999990   64.00000  4.48%  17.0 1759s
H512022 228766                      66.9999990   64.00000  4.48%  17.0 1759s
 512071 228973   66.66667  287   85   67.00000   64.00000  4.48%  17.0 1761s
H512201 228973                      66.9999990   64.00000  4.48%  17.0 1761s
 513486 229710   66.33333  285   94   67.00000   64.00000  4.48%  17.0 1765s
H513712 230526                      66.9999989   64.00000  4.48%  17.0 1768s
 514971 230601   64.33333  247   88   67.00000   64.00000  4.48%  17.0 1770s
H515143 230601                      66.9999988   64.00000  4.48%  17.0 1770s
 516400 231762   65.33333  253  110   67.00000   64.00000  4.48%  17.0 1776s
 518190 232569   64.00000  279   98   67.00000   64.00000  4.48%  17.0 1780s
H518201 232569                      66.9999988   64.00000  4.48%  17.0 1780s
 520075 233818     cutoff  280        67.00000   64.00000  4.48%  17.0 1785s
H521501 234347                      66.9999987   64.00000  4.48%  17.0 1789s
 521888 234548   66.50000  269   92   67.00000   64.00000  4.48%  17.0 1791s
H522200 234548                      66.9999987   64.00000  4.48%  17.0 1791s
 523008 235338     cutoff  297        67.00000   64.00000  4.48%  17.0 1795s
H523010 235338                      66.9999987   64.00000  4.48%  17.0 1795s
H523412 235338                      66.9999987   64.00000  4.48%  17.0 1795s
 525567 236481   64.00000  222  101   67.00000   64.00000  4.48%  17.0 1800s
H525678 236481                      66.9999987   64.00000  4.48%  17.0 1800s

Cutting planes:
  Learned: 73
  Gomory: 2
  Cover: 286
  Implied bound: 176
  Clique: 178
  MIR: 571
  Flow cover: 795
  GUB cover: 7
  RLT: 84
  Relax-and-lift: 529

Explored 525791 nodes (8950062 simplex iterations) in 1800.03 seconds
Thread count was 4 (of 32 available processors)

Solution count 10: 67 67 67 ... 67.1667

Time limit reached
Best objective 6.699999867165e+01, best bound 6.400000000000e+01, gap 4.4776%
