
Gurobi 9.1.2 (linux64) logging started Sat Mar 19 19:26:29 2022

Changed value of parameter LogFile to ls_sym_v-(4, 3).log
   Prev:   Default: 
Changed value of parameter MIPFocus to 1
   Prev: 0  Min: 0  Max: 3  Default: 0
Changed value of parameter Threads to 4
   Prev: 0  Min: 0  Max: 1024  Default: 0
Changed value of parameter TimeLimit to 1800.0
   Prev: inf  Min: 0.0  Max: inf  Default: inf
Warning: variable name "X[(1, 0),(0, 0)]" has a space
Warning: constraint name "flow-constr-t0-v(3, 6)" has a space
Warning: to let Gurobi read it back, use rlp format
Gurobi Optimizer version 9.1.2 build v9.1.2rc0 (linux64)
Thread count: 16 physical cores, 32 logical processors, using up to 4 threads
Optimize a model with 3621 rows, 3264 columns and 12372 nonzeros
Model fingerprint: 0x85b5208b
Variable types: 384 continuous, 2880 integer (2880 binary)
Coefficient statistics:
  Matrix range     [1e+00, 7e+04]
  Objective range  [2e-01, 2e-01]
  Bounds range     [1e+00, 3e+04]
  RHS range        [1e+00, 7e+04]
Presolve removed 381 rows and 396 columns
Presolve time: 0.05s
Presolved: 3240 rows, 2868 columns, 21400 nonzeros
Variable types: 384 continuous, 2484 integer (2484 binary)

Root relaxation: objective 6.400000e+01, 158 iterations, 0.01 seconds

    Nodes    |    Current Node    |     Objective Bounds      |     Work
 Expl Unexpl |  Obj  Depth IntInf | Incumbent    BestBd   Gap | It/Node Time

     0     0   64.00000    0   20          -   64.00000      -     -    0s
H    0     0                    2163.4999998   64.00000  97.0%     -    0s
H    0     0                     620.6666666   64.00000  89.7%     -    0s
H    0     0                     620.3333333   64.00000  89.7%     -    0s
H    0     0                     208.8333333   64.00000  69.4%     -    0s
H    0     0                     208.5000000   64.00000  69.3%     -    0s
     0     0   64.00000    0   56  208.50000   64.00000  69.3%     -    0s
H    0     0                     138.3666667   64.00000  53.7%     -    0s
H    0     0                     126.8333333   64.00000  49.5%     -    0s
     0     0   64.00000    0   65  126.83333   64.00000  49.5%     -    0s
H    0     0                     107.0000000   64.00000  40.2%     -    0s
     0     0   64.00000    0   42  107.00000   64.00000  40.2%     -    0s
H    0     0                      96.0833333   64.00000  33.4%     -    0s
     0     0   64.00000    0   58   96.08333   64.00000  33.4%     -    0s
H    0     0                      88.5000000   64.00000  27.7%     -    0s
     0     0   64.00000    0   50   88.50000   64.00000  27.7%     -    0s
H    0     0                      78.1666667   64.00000  18.1%     -    0s
     0     0   64.00000    0   70   78.16667   64.00000  18.1%     -    0s
     0     0   64.00000    0   48   78.16667   64.00000  18.1%     -    0s
H    0     0                      77.3333333   64.00000  17.2%     -    0s
     0     0   64.00000    0   45   77.33333   64.00000  17.2%     -    0s
     0     0   64.00000    0   32   77.33333   64.00000  17.2%     -    1s
H    0     0                      77.0000000   64.00000  16.9%     -    1s
H    0     2                      74.4895833   64.00000  14.1%     -    1s
     0     2   64.00000    0   26   74.48958   64.00000  14.1%     -    1s
H    1     4                      74.3229167   64.00000  13.9%   596    1s
H   31    36                      73.4895833   64.00000  12.9%  27.3    1s
H   32    36                      73.4166667   64.00000  12.8%  26.4    1s
H  102   131                      73.1666667   64.00000  12.5%  10.4    2s
H  156   324                      72.8000000   64.00000  12.1%   7.8    2s
H  329   393                      72.4166667   64.00000  11.6%   5.5    3s
H  329   393                      72.3333333   64.00000  11.5%   5.5    3s
H  331   393                      72.0833333   64.00000  11.2%   5.4    3s
H  494  1192                      72.0000000   64.00000  11.1%   4.9    4s
  1314  1280   66.66667  100   40   72.00000   64.00000  11.1%   4.4    5s
H 1439  1280                      71.1666667   64.00000  10.1%   4.2    5s
H 1441  1280                      70.6000000   64.00000  9.35%   4.3    5s
H 1444  1217                      70.1166667   64.00000  8.72%   4.3    5s
H 1446  1158                      69.7000000   64.00000  8.18%   4.2    5s
H 1446  1100                      69.6000000   64.00000  8.05%   4.2    5s
H 1540  1130                      69.5000000   64.00000  7.91%  20.0    8s
H 2387  1699                      69.3333333   64.00000  7.69%  15.9    9s
  2517  1844   65.00000  148   63   69.33333   64.00000  7.69%  15.5   10s
H 3158  1869                      69.0333333   64.00000  7.29%  17.5   12s
H 3187  1947                      68.5416667   64.00000  6.63%  17.4   13s
H 3423  1824                      68.5000000   64.00000  6.57%  16.9   13s
H 3500  2045                      68.4166667   64.00000  6.46%  16.8   13s
H 3755  1920                      68.3750000   64.00000  6.40%  16.3   13s
H 4016  2163                      68.2916667   64.00000  6.28%  16.3   14s
H 4050  2167                      68.2666667   64.00000  6.25%  16.2   15s
H 4052  2167                      68.2500000   64.00000  6.23%  16.2   15s
H 4080  2294                      68.2000000   64.00000  6.16%  16.1   15s
H 4700  3101                      67.9000000   64.00000  5.74%  15.1   17s
H 5200  3606                      67.7333333   64.00000  5.51%  14.3   17s
H 6231  4110                      67.5000000   64.00000  5.19%  13.2   19s
H 6238  4088                      67.3333333   64.00000  4.95%  13.2   19s
  6404  4469     cutoff  305        67.33333   64.00000  4.95%  13.1   20s
  9891  7045   66.00000  262  101   67.33333   64.00000  4.95%  11.7   26s
 13064  9761   64.00000   62   75   67.33333   64.00000  4.95%  10.9   30s
 16043 12768   64.83333  127   95   67.33333   64.00000  4.95%  10.6   35s
 18240 13976   64.00000  134   98   67.33333   64.00000  4.95%  10.2   40s
 21863 16975   67.00000  136  110   67.33333   64.00000  4.95%  10.2   45s
 25924 20332   66.50000  503   50   67.33333   64.00000  4.95%  10.2   51s
 26926 21059     cutoff   88        67.33333   64.00000  4.95%  10.3   55s
H28540 22444                      67.3333333   64.00000  4.95%  10.2   56s
H28969 23043                      67.3333331   64.00000  4.95%  10.2   57s
H29737 23415                      67.3333331   64.00000  4.95%  10.4   59s
 30162 24034   64.66667  114  113   67.33333   64.00000  4.95%  10.4   60s
H31085 24463                      67.3333330   64.00000  4.95%  10.3   62s
 32341 25425   66.33333  261   52   67.33333   64.00000  4.95%  10.2   65s
 36818 29164   64.00000  180   81   67.33333   64.00000  4.95%  10.4   70s
 39230 31376   66.66667  430   99   67.33333   64.00000  4.95%  10.4   75s
 42292 33472   64.00000   84   67   67.33333   64.00000  4.95%  10.4   80s
 46988 37071   65.33333  131   90   67.33333   64.00000  4.95%  10.5   85s
 48197 37825   64.00000   80   53   67.33333   64.00000  4.95%  10.6   90s
 51713 40447   64.00000  121   87   67.33333   64.00000  4.95%  10.5   96s
 54320 44680   64.00000   68   79   67.33333   64.00000  4.95%  10.5  101s
 58913 45979   64.83333  184   79   67.33333   64.00000  4.95%  10.5  106s
 59739 46945   64.83333  273   61   67.33333   64.00000  4.95%  10.5  110s
 63101 49380   64.00000  167   90   67.33333   64.00000  4.95%  10.5  116s
 66215 52123   64.00000  140   51   67.33333   64.00000  4.95%  10.5  120s
 68185 54214   64.50000  117   77   67.33333   64.00000  4.95%  10.5  125s
 72090 57324   64.00000  169   66   67.33333   64.00000  4.95%  10.5  130s
 74708 59135   65.33333  196   73   67.33333   64.00000  4.95%  10.4  135s
 77015 61110   67.16667  448   61   67.33333   64.00000  4.95%  10.4  140s
 79021 63491   66.00000  287   80   67.33333   64.00000  4.95%  10.4  145s
 82572 66162   64.00000   70   44   67.33333   64.00000  4.95%  10.3  150s
 87251 69878   65.50000  137   81   67.33333   64.00000  4.95%  10.3  155s
 89998 71767   64.00000  143   71   67.33333   64.00000  4.95%  10.3  160s
 94453 75224     cutoff  148        67.33333   64.00000  4.95%  10.3  165s
 96538 77568     cutoff  536        67.33333   64.00000  4.95%  10.2  170s
H97443 77572                      67.3333329   64.00000  4.95%  10.4  171s
 99741 80043   64.50000  309   83   67.33333   64.00000  4.95%  10.3  175s
H100277 80043                      67.3333328   64.00000  4.95%  10.3  175s
H100427 80498                      67.3333328   64.00000  4.95%  10.3  176s
H100868 80502                      67.3333327   64.00000  4.95%  10.3  177s
H101634 81143                      67.3333327   64.00000  4.95%  10.4  179s
 101636 81421   64.00000   80   66   67.33333   64.00000  4.95%  10.4  180s
 104821 83746   66.83333  303   66   67.33333   64.00000  4.95%  10.3  185s
H105395 84029                      67.3333326   64.00000  4.95%  10.3  186s
 107965 87491   65.50000  299   79   67.33333   64.00000  4.95%  10.3  190s
H109490 88080                      67.3333326   64.00000  4.95%  10.3  191s
 110980 89442   64.00000   82   52   67.33333   64.00000  4.95%  10.3  195s
 113301 90735   65.83333  225   80   67.33333   64.00000  4.95%  10.4  200s
H113353 90735                      67.3333326   64.00000  4.95%  10.4  200s
H114177 91712                      67.3333325   64.00000  4.95%  10.4  202s
 116334 92978   65.00000  261   68   67.33333   64.00000  4.95%  10.4  205s
H117599 94143                      67.3333323   64.00000  4.95%  10.4  207s
 119433 95594   64.00000   80   52   67.33333   64.00000  4.95%  10.4  210s
H119866 95869                      67.3333323   64.00000  4.95%  10.4  210s
H122199 97567                      67.3333299   64.00000  4.95%  10.3  214s
 122603 98572   65.66667  356   60   67.33333   64.00000  4.95%  10.3  215s
 125484 100383   67.16667  263   79   67.33333   64.00000  4.95%  10.3  220s
 129521 103638   64.66667  147   51   67.33333   64.00000  4.95%  10.3  225s
 132594 105796   64.00000  250   81   67.33333   64.00000  4.95%  10.3  230s
 136473 109005   64.00000   89   63   67.33333   64.00000  4.95%  10.3  236s
 139587 111757   64.00000  285   85   67.33333   64.00000  4.95%  10.4  240s
 143460 114937   64.00000   98  101   67.33333   64.00000  4.95%  10.4  245s
 147323 117924     cutoff  101        67.33333   64.00000  4.95%  10.4  250s
 150752 120612   64.00000   95   53   67.33333   64.00000  4.95%  10.5  255s
 152279 122135     cutoff  225        67.33333   64.00000  4.95%  10.5  260s
 155919 125071   65.00000  141   58   67.33333   64.00000  4.95%  10.5  265s
 158578 127578   64.00000  164   49   67.33333   64.00000  4.95%  10.5  270s
 163531 130704   64.33333  154   98   67.33333   64.00000  4.95%  10.4  275s
 165230 132215   64.00000  270   76   67.33333   64.00000  4.95%  10.4  280s
 168309 134428   64.00000  102   68   67.33333   64.00000  4.95%  10.4  285s
 169862 138422   64.66667  443   65   67.33333   64.00000  4.95%  10.4  292s
 174604 139488   64.00000  195   80   67.33333   64.00000  4.95%  10.4  295s
 178641 142510   64.33333  113  105   67.33333   64.00000  4.95%  10.4  300s
 180028 143981   67.00000  190  101   67.33333   64.00000  4.95%  10.4  305s
 182620 145755   67.16667  231   97   67.33333   64.00000  4.95%  10.4  310s
 185012 148168   64.66667  305   67   67.33333   64.00000  4.95%  10.4  315s
 188773 149994     cutoff  223        67.33333   64.00000  4.95%  10.4  320s
 191650 152658   64.33333  174   99   67.33333   64.00000  4.95%  10.4  325s
 194616 154803   64.00000  107   43   67.33333   64.00000  4.95%  10.3  331s
 197379 157354   64.00000  396   83   67.33333   64.00000  4.95%  10.3  335s
 199738 159267   64.00000  145   55   67.33333   64.00000  4.95%  10.3  340s
 203091 161769   64.00000  203   89   67.33333   64.00000  4.95%  10.3  345s
 204615 163374   64.00000  157   96   67.33333   64.00000  4.95%  10.3  350s
 208021 165305   64.00000  123   58   67.33333   64.00000  4.95%  10.3  355s
 210560 166988     cutoff  236        67.33333   64.00000  4.95%  10.3  360s
 214038 170006   64.00000  103   43   67.33333   64.00000  4.95%  10.3  365s
 215935 171587   64.16667  234  103   67.33333   64.00000  4.95%  10.3  370s
 218417 173542   64.00000  108   63   67.33333   64.00000  4.95%  10.3  375s
 220593 175350     cutoff  208        67.33333   64.00000  4.95%  10.3  380s
 223593 176928   64.66667  165   91   67.33333   64.00000  4.95%  10.3  385s
 225122 179034   65.74254  239   72   67.33333   64.00000  4.95%  10.3  390s
 227639 180843   65.00000  360   80   67.33333   64.00000  4.95%  10.3  395s
 230905 182514   64.00000  116   70   67.33333   64.00000  4.95%  10.3  400s
 233101 187388   64.00000   92   39   67.33333   64.00000  4.95%  10.3  406s
 238222 188189   64.00000  120   80   67.33333   64.00000  4.95%  10.3  410s
 239859 189895   66.16667  229   73   67.33333   64.00000  4.95%  10.3  415s
 241599 191082   65.00000  155   83   67.33333   64.00000  4.95%  10.3  420s
 242966 192324   64.00000  365   95   67.33333   64.00000  4.95%  10.3  425s
 247108 195195   64.00000  193   62   67.33333   64.00000  4.95%  10.3  431s
 249196 197264   67.00000  390   59   67.33333   64.00000  4.95%  10.3  435s
 252305 200032   64.16667  167   94   67.33333   64.00000  4.95%  10.3  440s
 253740 203685   64.00000  126   61   67.33333   64.00000  4.95%  10.3  445s
 259917 205870     cutoff  222        67.33333   64.00000  4.95%  10.3  450s
 262780 207945   66.00000  109   97   67.33333   64.00000  4.95%  10.3  455s
 266707 210448   65.66667  191   95   67.33333   64.00000  4.95%  10.3  460s
 268784 212884   65.00000  114   53   67.33333   64.00000  4.95%  10.3  465s
 271977 214621   65.50000  177   94   67.33333   64.00000  4.95%  10.3  470s
 274819 217450   65.00000  288   69   67.33333   64.00000  4.95%  10.3  475s
 278171 219989   64.50000  159   90   67.33333   64.00000  4.95%  10.3  480s
 280843 221838   64.00000  225   80   67.33333   64.00000  4.95%  10.3  485s
 283721 224342     cutoff  131        67.33333   64.00000  4.95%  10.3  490s
 289184 227813   66.00000  146   95   67.33333   64.00000  4.95%  10.3  496s
 290604 229468   64.00000  198   64   67.33333   64.00000  4.95%  10.3  500s
 293119 231124   65.00000  117   75   67.33333   64.00000  4.95%  10.3  505s
 296865 233807   67.00000  203   68   67.33333   64.00000  4.95%  10.3  510s
 299890 236162   64.00000  113   45   67.33333   64.00000  4.95%  10.3  515s
 302162 237723   67.16667  231   90   67.33333   64.00000  4.95%  10.3  520s
 304848 240181   64.00000  203   79   67.33333   64.00000  4.95%  10.3  525s
 307154 241814   67.16667  175   95   67.33333   64.00000  4.95%  10.3  530s
 309191 243553     cutoff  204        67.33333   64.00000  4.95%  10.3  535s
 312808 246129     cutoff  206        67.33333   64.00000  4.95%  10.3  540s
 315264 248174     cutoff  140        67.33333   64.00000  4.95%  10.3  545s
 318283 250481     cutoff   95        67.33333   64.00000  4.95%  10.3  550s
 322047 252831     cutoff  146        67.33333   64.00000  4.95%  10.3  555s
 325106 255640   64.00000  116   42   67.33333   64.00000  4.95%  10.3  560s
 327588 257631   66.33333  208   65   67.33333   64.00000  4.95%  10.3  565s
 329754 258525   64.33333  111   79   67.33333   64.00000  4.95%  10.3  570s
 332863 260976   67.16667  179   89   67.33333   64.00000  4.95%  10.3  575s
 336223 263242   65.66667  204   73   67.33333   64.00000  4.95%  10.3  581s
 338058 267610   64.50000  130  112   67.33333   64.00000  4.95%  10.3  587s
 342842 268645   64.16667  202   81   67.33333   64.00000  4.95%  10.3  590s
 344881 270086   65.83333  403   56   67.33333   64.00000  4.95%  10.3  595s
 346826 271430   64.33333  180   80   67.33333   64.00000  4.95%  10.3  600s
 349220 273380   64.00000  170   94   67.33333   64.00000  4.95%  10.3  605s
 351218 274901   65.00000  247  100   67.33333   64.00000  4.95%  10.3  610s
 354521 277576   65.00000  179   94   67.33333   64.00000  4.95%  10.4  615s
 356402 278814   64.00000  174   62   67.33333   64.00000  4.95%  10.4  620s
 358198 280056   65.33333  188   89   67.33333   64.00000  4.95%  10.4  625s
 362643 283438   64.00000  231   65   67.33333   64.00000  4.95%  10.4  630s
 363900 284274   65.33333  295   74   67.33333   64.00000  4.95%  10.4  635s
 367875 286788   64.00000  142   97   67.33333   64.00000  4.95%  10.4  640s
 369475 288365   64.00000  153   52   67.33333   64.00000  4.95%  10.4  645s
 373046 290620   64.83333  167   88   67.33333   64.00000  4.95%  10.4  650s
 375298 292738   65.83333  208   78   67.33333   64.00000  4.95%  10.4  655s
 379175 295486   66.00000  162   68   67.33333   64.00000  4.95%  10.4  660s
 379820 298059   66.66667  182   53   67.33333   64.00000  4.95%  10.4  666s
 385321 299173   64.16667  232   87   67.33333   64.00000  4.95%  10.4  670s
 387301 301146     cutoff  183        67.33333   64.00000  4.95%  10.4  675s
 389605 302044   67.16667  121  101   67.33333   64.00000  4.95%  10.4  680s
 390995 305171   67.16667  212   75   67.33333   64.00000  4.95%  10.4  686s
 394860 305891   64.00000  130   41   67.33333   64.00000  4.95%  10.5  690s
 396262 306988   65.16667  474   76   67.33333   64.00000  4.95%  10.5  695s
 399762 309225   64.00000  181   57   67.33333   64.00000  4.95%  10.5  700s
 401306 313171   64.00000  279   78   67.33333   64.00000  4.95%  10.5  708s
 405314 313481   66.83333  216  100   67.33333   64.00000  4.95%  10.5  710s
 407460 314761   67.16667  183   93   67.33333   64.00000  4.95%  10.5  715s
 410125 317186   65.16667  260   78   67.33333   64.00000  4.95%  10.5  720s
 411706 320981   64.33333  169   89   67.33333   64.00000  4.95%  10.5  727s
 415714 321541   64.00000  116   70   67.33333   64.00000  4.95%  10.5  730s
 417382 322647     cutoff  153        67.33333   64.00000  4.95%  10.5  735s
 419489 324424   65.33333  192   69   67.33333   64.00000  4.95%  10.5  740s
 421976 325897   66.83333  234   93   67.33333   64.00000  4.95%  10.5  745s
 426121 328717   66.66667  183   87   67.33333   64.00000  4.95%  10.5  750s
 429002 330937   64.00000  168   35   67.33333   64.00000  4.95%  10.5  755s
 430593 332366   66.50000  474   66   67.33333   64.00000  4.95%  10.5  760s
 432353 334218   64.00000  212   77   67.33333   64.00000  4.95%  10.5  765s
 434548 335622   64.33333  191   74   67.33333   64.00000  4.95%  10.5  770s
 437347 337206   66.33333  263   78   67.33333   64.00000  4.95%  10.6  775s
 439240 338553   66.00000  262   82   67.33333   64.00000  4.95%  10.6  780s
 442794 340808   64.00000  157   43   67.33333   64.00000  4.95%  10.6  786s
 442905 343452     cutoff  217        67.33333   64.00000  4.95%  10.6  790s
 447743 344112   67.00000  283   92   67.33333   64.00000  4.95%  10.6  795s
 449425 345592   65.66667  275   64   67.33333   64.00000  4.95%  10.6  800s
 452302 347268     cutoff  227        67.33333   64.00000  4.95%  10.6  806s
 454733 348826   67.16667  218   76   67.33333   64.00000  4.95%  10.6  810s
 456687 350521   64.00000  101   48   67.33333   64.00000  4.95%  10.6  815s
 459506 352462   66.33333  241   71   67.33333   64.00000  4.95%  10.6  820s
 462309 353911   64.00000  224   65   67.33333   64.00000  4.95%  10.6  825s
 463667 357676   65.00000  245   89   67.33333   64.00000  4.95%  10.6  831s
 467856 358469   65.00000  283   67   67.33333   64.00000  4.95%  10.7  835s
 470274 359904   67.16667  473   67   67.33333   64.00000  4.95%  10.7  840s
 472704 362099   64.33333  232   85   67.33333   64.00000  4.95%  10.7  845s
 473955 365751   66.33333  259   85   67.33333   64.00000  4.95%  10.7  851s
 478355 366232   65.66667  228   90   67.33333   64.00000  4.95%  10.7  855s
 481344 368537   64.00000  200   52   67.33333   64.00000  4.95%  10.7  860s
 483000 369789   64.00000  215   57   67.33333   64.00000  4.95%  10.7  865s
 484483 373111   64.33333  302   67   67.33333   64.00000  4.95%  10.7  871s
 488868 373747   64.66667  211   46   67.33333   64.00000  4.95%  10.7  875s
 491557 375511   64.00000  220   67   67.33333   64.00000  4.95%  10.7  880s
 494267 377539   64.00000  261   76   67.33333   64.00000  4.95%  10.7  885s
 495089 381252   64.66667  293  111   67.33333   64.00000  4.95%  10.7  891s
 499393 382015   64.16667  212   71   67.33333   64.00000  4.95%  10.7  895s
 501771 383709   66.16667  185  107   67.33333   64.00000  4.95%  10.7  900s
 505109 386090   64.00000  172   66   67.33333   64.00000  4.95%  10.7  905s
 509960 388908   64.00000  248   43   67.33333   64.00000  4.95%  10.8  910s
 511338 389343   67.00000  334   55   67.33333   64.00000  4.95%  10.8  915s
 514358 391083   65.66667  335   54   67.33333   64.00000  4.95%  10.8  920s
 516823 391836   64.00000  359   26   67.33333   64.00000  4.95%  10.8  925s
 520831 393428 infeasible  379        67.33333   64.00000  4.95%  10.8  930s
 522262 394049   64.00000  359   25   67.33333   64.00000  4.95%  10.8  935s
 525141 394929     cutoff  391        67.33333   64.00000  4.95%  10.8  940s
 527174 396118   66.50000  405   57   67.33333   64.00000  4.95%  10.8  945s
 529741 396834     cutoff  410        67.33333   64.00000  4.95%  10.8  950s
 531632 397366   65.33333  417   64   67.33333   64.00000  4.95%  10.8  955s
 533377 398134   64.00000  398   49   67.33333   64.00000  4.95%  10.8  960s
 536084 399180     cutoff  415        67.33333   64.00000  4.95%  10.8  965s
 538441 400193   67.16667  398   49   67.33333   64.00000  4.95%  10.8  970s
 541611 401267     cutoff  416        67.33333   64.00000  4.95%  10.9  975s
 544081 401717 infeasible  444        67.33333   64.00000  4.95%  10.9  980s
 546383 402329   66.66667  421   43   67.33333   64.00000  4.95%  10.9  986s
 547883 402815   66.17658  426   45   67.33333   64.00000  4.95%  10.9  990s
 551894 404393   66.50000  393   46   67.33333   64.00000  4.95%  10.9  995s
 553404 405358   67.16667  411   44   67.33333   64.00000  4.95%  10.9 1000s
 555468 405670   65.33333  422   33   67.33333   64.00000  4.95%  10.9 1006s
 557010 406114   66.33333  414   38   67.33333   64.00000  4.95%  11.0 1010s
 558283 407315   65.66667  410   25   67.33333   64.00000  4.95%  11.0 1016s
 563438 407900   64.66667  382   44   67.33333   64.00000  4.95%  11.0 1020s
 566078 408613   64.83333  399   25   67.33333   64.00000  4.95%  11.0 1025s
 568305 409232   67.00000  405   42   67.33333   64.00000  4.95%  11.0 1030s
 571813 410006   67.00000  390   42   67.33333   64.00000  4.95%  11.0 1035s
 574773 411126     cutoff  400        67.33333   64.00000  4.95%  11.0 1041s
 576683 411647   66.00000  419   31   67.33333   64.00000  4.95%  11.0 1045s
 578633 412434   64.66667  389   31   67.33333   64.00000  4.95%  11.1 1050s
 580916 413093     cutoff  417        67.33333   64.00000  4.95%  11.1 1055s
 582098 413547   64.00000  415   37   67.33333   64.00000  4.95%  11.1 1060s
 585462 414204     cutoff  386        67.33333   64.00000  4.95%  11.1 1065s
 587598 415042   64.00000  411   43   67.33333   64.00000  4.95%  11.1 1070s
 589692 415508   66.16667  417   36   67.33333   64.00000  4.95%  11.1 1075s
 592600 416359     cutoff  417        67.33333   64.00000  4.95%  11.1 1080s
 593862 416920     cutoff  428        67.33333   64.00000  4.95%  11.1 1085s
 596363 417427     cutoff  389        67.33333   64.00000  4.95%  11.1 1090s
 599537 418341   66.00000  433   37   67.33333   64.00000  4.95%  11.1 1096s
 601154 418796   64.33333  386   39   67.33333   64.00000  4.95%  11.1 1100s
 602903 419265   64.00000  429   30   67.33333   64.00000  4.95%  11.1 1105s
 605246 420022   64.00000  426   31   67.33333   64.00000  4.95%  11.1 1110s
 606995 420462   64.93056  416   57   67.33333   64.00000  4.95%  11.2 1115s
 609260 420942     cutoff  429        67.33333   64.00000  4.95%  11.2 1120s
 610774 422298   64.33333  411   48   67.33333   64.00000  4.95%  11.2 1127s
 615039 422365     cutoff  425        67.33333   64.00000  4.95%  11.2 1130s
 615654 422535   67.00000  429   39   67.33333   64.00000  4.95%  11.2 1135s
 617539 423336     cutoff  428        67.33333   64.00000  4.95%  11.2 1140s
 620024 423735   66.66667  425   44   67.33333   64.00000  4.95%  11.2 1145s
 621863 424175   67.00000  453   43   67.33333   64.00000  4.95%  11.2 1150s
 624332 424661   65.83333  430   38   67.33333   64.00000  4.95%  11.2 1155s
 626549 425450 infeasible  446        67.33333   64.00000  4.95%  11.2 1160s
 628365 425859   64.07273  444   35   67.33333   64.00000  4.95%  11.2 1165s
 630099 426130     cutoff  448        67.33333   64.00000  4.95%  11.2 1170s
 632703 426746     cutoff  454        67.33333   64.00000  4.95%  11.2 1175s
 634652 427022     cutoff  497        67.33333   64.00000  4.95%  11.2 1180s
 636458 427493     cutoff  431        67.33333   64.00000  4.95%  11.2 1185s
 639045 427947     cutoff  481        67.33333   64.00000  4.95%  11.2 1190s
 641510 428584     cutoff  447        67.33333   64.00000  4.95%  11.2 1195s
 643993 428937   64.00000  397   29   67.33333   64.00000  4.95%  11.3 1200s
 645461 429244   67.00000  416   43   67.33333   64.00000  4.95%  11.3 1206s
 647318 430031   65.66667  428   33   67.33333   64.00000  4.95%  11.3 1210s
 649279 430671   64.50000  450   51   67.33333   64.00000  4.95%  11.3 1215s
 651478 431240   66.16667  438   36   67.33333   64.00000  4.95%  11.3 1220s
 654017 432175 infeasible  433        67.33333   64.00000  4.95%  11.3 1226s
 655801 433127     cutoff  425        67.33333   64.00000  4.95%  11.3 1230s
 658604 433878     cutoff  440        67.33333   64.00000  4.95%  11.3 1236s
 660305 434506   64.00000  421   33   67.33333   64.00000  4.95%  11.3 1240s
 661881 435174   65.83333  439   47   67.33333   64.00000  4.95%  11.3 1245s
 664061 435458   64.00000  409   41   67.33333   64.00000  4.95%  11.3 1250s
 668070 436741     cutoff  440        67.33333   64.00000  4.95%  11.3 1255s
 669031 437308   65.66667  462   51   67.33333   64.00000  4.95%  11.3 1260s
 671004 437867   65.03704  423   38   67.33333   64.00000  4.95%  11.3 1265s
 672829 438091   64.11811  422   56   67.33333   64.00000  4.95%  11.3 1270s
 675507 438922     cutoff  414        67.33333   64.00000  4.95%  11.4 1275s
 678472 439668   64.00000  434   46   67.33333   64.00000  4.95%  11.4 1281s
 679748 440083   64.00000  438   34   67.33333   64.00000  4.95%  11.4 1285s
 680909 440328   66.01652  468   31   67.33333   64.00000  4.95%  11.4 1290s
 682891 441064   64.50000  451   46   67.33333   64.00000  4.95%  11.4 1295s
 685318 442106   67.00000  441   26   67.33333   64.00000  4.95%  11.4 1301s
 688014 442196   66.25483  473   51   67.33333   64.00000  4.95%  11.4 1305s
 689509 442581   65.35487  439   38   67.33333   64.00000  4.95%  11.4 1310s
 691163 442887   64.66667  413   26   67.33333   64.00000  4.95%  11.4 1315s
 693183 443404     cutoff  438        67.33333   64.00000  4.95%  11.4 1321s
 695057 443951   65.00000  429   29   67.33333   64.00000  4.95%  11.4 1326s
 699426 445064     cutoff  446        67.33333   64.00000  4.95%  11.4 1332s
 699674 445236   65.50000  441   31   67.33333   64.00000  4.95%  11.4 1335s
 700880 445556     cutoff  444        67.33333   64.00000  4.95%  11.4 1340s
 702471 445964   64.33333  434   35   67.33333   64.00000  4.95%  11.4 1345s
 703573 446558   65.33333  437   32   67.33333   64.00000  4.95%  11.4 1350s
 705255 446805   67.00000  433   26   67.33333   64.00000  4.95%  11.4 1356s
 706409 447814   65.33333  450   35   67.33333   64.00000  4.95%  11.4 1360s
 710057 448200   65.16667  454   27   67.33333   64.00000  4.95%  11.4 1365s
 711612 449011     cutoff  466        67.33333   64.00000  4.95%  11.4 1370s
 713704 449206   65.66667  438   35   67.33333   64.00000  4.95%  11.5 1375s
 716013 449910   64.50000  437   26   67.33333   64.00000  4.95%  11.5 1381s
 716558 451072   66.00000  446   40   67.33333   64.00000  4.95%  11.5 1385s
 720800 451222   67.01652  433   31   67.33333   64.00000  4.95%  11.5 1391s
 721386 451302   64.66667  439   39   67.33333   64.00000  4.95%  11.5 1396s
 722429 451650     cutoff  441        67.33333   64.00000  4.95%  11.5 1400s
 723804 452121   65.33333  434   30   67.33333   64.00000  4.95%  11.5 1405s
 726220 453110   64.00000  451   59   67.33333   64.00000  4.95%  11.5 1410s
 729071 453762   65.33333  435   29   67.33333   64.00000  4.95%  11.5 1415s
 731071 454512 infeasible  467        67.33333   64.00000  4.95%  11.5 1422s
 732770 454805   64.06884  421   65   67.33333   64.00000  4.95%  11.5 1426s
 734381 455327   65.83333  470   28   67.33333   64.00000  4.95%  11.5 1430s
 737149 455732   64.00000  411   26   67.33333   64.00000  4.95%  11.5 1435s
 740405 456568   66.23939  433   34   67.33333   64.00000  4.95%  11.5 1441s
 740961 456703   65.66667  433   34   67.33333   64.00000  4.95%  11.5 1446s
 742977 457160   64.83333  442   34   67.33333   64.00000  4.95%  11.5 1450s
 743647 457639   64.66667  454   29   67.33333   64.00000  4.95%  11.5 1455s
 746411 458365   65.00000  445   30   67.33333   64.00000  4.95%  11.5 1460s
 748607 458867     cutoff  438        67.33333   64.00000  4.95%  11.5 1466s
 752616 460024   65.33333  442   38   67.33333   64.00000  4.95%  11.6 1470s
 753315 460231   65.33333  463   41   67.33333   64.00000  4.95%  11.6 1475s
 754417 460432   64.00000  422   27   67.33333   64.00000  4.95%  11.6 1480s
 755775 460866   65.33333  465   28   67.33333   64.00000  4.95%  11.6 1485s
 757442 461123     cutoff  442        67.33333   64.00000  4.95%  11.6 1490s
 759405 462691   64.16667  427   36   67.33333   64.00000  4.95%  11.6 1496s
 763891 462861     cutoff  461        67.33333   64.00000  4.95%  11.6 1500s
 764542 463029   67.00000  447   28   67.33333   64.00000  4.95%  11.6 1505s
 766766 463617   66.68056  443   38   67.33333   64.00000  4.95%  11.6 1510s
 769066 464102   64.00000  439   40   67.33333   64.00000  4.95%  11.6 1515s
 771160 464443   65.56479  441   48   67.33333   64.00000  4.95%  11.6 1521s
 772671 464750     cutoff  440        67.33333   64.00000  4.95%  11.6 1526s
 774023 465137   65.50000  451   25   67.33333   64.00000  4.95%  11.6 1530s
 776175 465481     cutoff  442        67.33333   64.00000  4.95%  11.6 1536s
 777529 465869   65.16667  448   42   67.33333   64.00000  4.95%  11.6 1540s
 780540 466376     cutoff  444        67.33333   64.00000  4.95%  11.6 1545s
 782452 466501   64.66667  454   32   67.33333   64.00000  4.95%  11.6 1550s
 784517 466969     cutoff  451        67.33333   64.00000  4.95%  11.6 1555s
 785794 467369     cutoff  453        67.33333   64.00000  4.95%  11.6 1560s
 788685 468027   64.00000  436   46   67.33333   64.00000  4.95%  11.6 1565s
 790919 468656     cutoff  454        67.33333   64.00000  4.95%  11.6 1570s
 793680 469258   64.50000  435   44   67.33333   64.00000  4.95%  11.6 1576s
 795405 469636   66.17409  474   49   67.33333   64.00000  4.95%  11.6 1580s
 797212 470154     cutoff  453        67.33333   64.00000  4.95%  11.6 1585s
 798225 470426     cutoff  439        67.33333   64.00000  4.95%  11.6 1590s
 800885 470944   64.00000  445   37   67.33333   64.00000  4.95%  11.6 1596s
 801183 471953   64.33333  446   33   67.33333   64.00000  4.95%  11.6 1600s
 805565 472133   67.00072  448   37   67.33333   64.00000  4.95%  11.6 1605s
 807573 472428     cutoff  452        67.33333   64.00000  4.95%  11.6 1610s
 808923 472860   66.50000  450   36   67.33333   64.00000  4.95%  11.6 1615s
 810852 473144   65.40606  446   41   67.33333   64.00000  4.95%  11.6 1620s
 812206 474352   65.08333  447   42   67.33333   64.00000  4.95%  11.6 1625s
 816465 474387     cutoff  436        67.33333   64.00000  4.95%  11.6 1630s
 818321 474824   64.00000  439   30   67.33333   64.00000  4.95%  11.6 1636s
 819784 475186     cutoff  454        67.33333   64.00000  4.95%  11.6 1641s
 820392 475496     cutoff  463        67.33333   64.00000  4.95%  11.6 1645s
 822834 475913     cutoff  446        67.33333   64.00000  4.95%  11.6 1650s
 826489 476475   65.33333  441   36   67.33333   64.00000  4.95%  11.6 1656s
 826971 476714   66.18378  447   31   67.33333   64.00000  4.95%  11.6 1660s
 828512 477092   65.33333  458   33   67.33333   64.00000  4.95%  11.6 1665s
 831212 477730   65.66667  447   35   67.33333   64.00000  4.95%  11.6 1670s
 833583 478179   64.66667  436   39   67.33333   64.00000  4.95%  11.6 1675s
 836690 479018   66.50000  451   34   67.33333   64.00000  4.95%  11.6 1680s
 838621 479676   64.00000  441   27   67.33333   64.00000  4.95%  11.6 1685s
 839578 479951   64.00000  444   33   67.33333   64.00000  4.95%  11.6 1690s
 841714 480565   64.16667  485   39   67.33333   64.00000  4.95%  11.6 1695s
 844128 481119   66.85316  433   36   67.33333   64.00000  4.95%  11.6 1700s
 845579 481326   64.00000  457   37   67.33333   64.00000  4.95%  11.6 1705s
 847573 481835   65.83413  448   33   67.33333   64.00000  4.95%  11.6 1711s
 849222 482367     cutoff  450        67.33333   64.00000  4.95%  11.6 1716s
 851609 482740   66.14545  437   36   67.33333   64.00000  4.95%  11.6 1720s
 854200 483342 infeasible  435        67.33333   64.00000  4.95%  11.6 1726s
 855887 483728   64.16667  456   29   67.33333   64.00000  4.95%  11.6 1730s
 858043 484263     cutoff  458        67.33333   64.00000  4.95%  11.6 1735s
 859762 484779   67.16667  469   32   67.33333   64.00000  4.95%  11.7 1740s
 862705 485359   65.66667  441   28   67.33333   64.00000  4.95%  11.7 1745s
 863683 485586     cutoff  445        67.33333   64.00000  4.95%  11.7 1750s
 865365 486885   65.83333  450   46   67.33333   64.00000  4.95%  11.7 1756s
 870296 487135   66.57273  441   34   67.33333   64.00000  4.95%  11.7 1760s
 871700 487471   66.00000  438   28   67.33333   64.00000  4.95%  11.7 1765s
 873553 487906   65.83333  456   34   67.33333   64.00000  4.95%  11.7 1770s
 874996 488344     cutoff  451        67.33333   64.00000  4.95%  11.7 1776s
 876102 489512     cutoff  449        67.33333   64.00000  4.95%  11.7 1782s
 880280 489580     cutoff  436        67.33333   64.00000  4.95%  11.7 1785s
 882014 490075   64.00000  442   47   67.33333   64.00000  4.95%  11.7 1790s
 883767 490209     cutoff  454        67.33333   64.00000  4.95%  11.7 1795s
 885482 490542     cutoff  460        67.33333   64.00000  4.95%  11.7 1800s

Cutting planes:
  Learned: 21
  Gomory: 2
  Cover: 141
  Implied bound: 123
  Clique: 133
  MIR: 221
  Flow cover: 364
  GUB cover: 4
  RLT: 31
  Relax-and-lift: 322

Explored 885596 nodes (10356881 simplex iterations) in 1800.01 seconds
Thread count was 4 (of 32 available processors)

Solution count 10: 67.3333 67.3333 67.3333 ... 67.3333

Time limit reached
Best objective 6.733332985732e+01, best bound 6.400000000000e+01, gap 4.9505%
