
Gurobi 9.1.2 (linux64) logging started Sat Mar 19 19:56:30 2022

Changed value of parameter LogFile to ls_sym_v-(3, 7).log
   Prev:   Default: 
Changed value of parameter MIPFocus to 1
   Prev: 0  Min: 0  Max: 3  Default: 0
Changed value of parameter Threads to 4
   Prev: 0  Min: 0  Max: 1024  Default: 0
Changed value of parameter TimeLimit to 1800.0
   Prev: inf  Min: 0.0  Max: inf  Default: inf
Warning: variable name "X[(1, 0),(0, 0)]" has a space
Warning: constraint name "flow-constr-t0-v(3, 6)" has a space
Warning: to let Gurobi read it back, use rlp format
Gurobi Optimizer version 9.1.2 build v9.1.2rc0 (linux64)
Thread count: 16 physical cores, 32 logical processors, using up to 4 threads
Optimize a model with 3609 rows, 3264 columns and 12342 nonzeros
Model fingerprint: 0xda1f8ba2
Variable types: 384 continuous, 2880 integer (2880 binary)
Coefficient statistics:
  Matrix range     [1e+00, 7e+04]
  Objective range  [2e-01, 2e-01]
  Bounds range     [1e+00, 3e+04]
  RHS range        [1e+00, 7e+04]
Presolve removed 447 rows and 468 columns
Presolve time: 0.04s
Presolved: 3162 rows, 2796 columns, 20822 nonzeros
Variable types: 384 continuous, 2412 integer (2412 binary)
Found heuristic solution: objective 194.8333333

Root relaxation: objective 6.400000e+01, 149 iterations, 0.00 seconds

    Nodes    |    Current Node    |     Objective Bounds      |     Work
 Expl Unexpl |  Obj  Depth IntInf | Incumbent    BestBd   Gap | It/Node Time

     0     0   64.00000    0   30  194.83333   64.00000  67.2%     -    0s
H    0     0                     171.1666667   64.00000  62.6%     -    0s
H    0     0                     170.3333333   64.00000  62.4%     -    0s
H    0     0                     142.5000000   64.00000  55.1%     -    0s
H    0     0                     122.0000000   64.00000  47.5%     -    0s
     0     0   64.00000    0   93  122.00000   64.00000  47.5%     -    0s
H    0     0                     118.6666667   64.00000  46.1%     -    0s
     0     0   64.00000    0  104  118.66667   64.00000  46.1%     -    0s
H    0     0                     101.8333333   64.00000  37.2%     -    0s
     0     0   64.00000    0   34  101.83333   64.00000  37.2%     -    0s
H    0     0                      99.6666667   64.00000  35.8%     -    0s
H    0     0                      93.0238095   64.00000  31.2%     -    0s
H    0     0                      87.5000000   64.00000  26.9%     -    0s
H    0     0                      86.9000000   64.00000  26.4%     -    0s
     0     0   64.00000    0   28   86.90000   64.00000  26.4%     -    0s
H    0     0                      86.5666667   64.00000  26.1%     -    0s
H    0     0                      86.0416667   64.00000  25.6%     -    0s
H    0     0                      85.8333333   64.00000  25.4%     -    0s
H    0     0                      85.5000000   64.00000  25.1%     -    0s
H    0     0                      80.8333333   64.00000  20.8%     -    0s
H    0     0                      80.3333333   64.00000  20.3%     -    1s
H    0     0                      80.1666667   64.00000  20.2%     -    1s
     0     0   64.00000    0   22   80.16667   64.00000  20.2%     -    1s
H    0     0                      80.0000000   64.00000  20.0%     -    1s
     0     0   64.00000    0   30   80.00000   64.00000  20.0%     -    1s
     0     0   64.00000    0   27   80.00000   64.00000  20.0%     -    1s
     0     2   64.00000    0   27   80.00000   64.00000  20.0%     -    1s
  1350  1287   64.00000  175   56   80.00000   64.00000  20.0%   3.8    5s
  2165  1872   64.00000  109   71   80.00000   64.00000  20.0%  15.6   10s
H 2166  1797                      76.8333333   64.00000  16.7%  15.5   10s
H 2213  2085                      76.4166667   64.00000  16.2%  15.4   11s
H 2555  1912                      76.1666667   64.00000  16.0%  14.5   11s
H 2735  2027                      76.0000000   64.00000  15.8%  14.1   12s
  3509  2571   69.00000   74  101   76.00000   64.00000  15.8%  12.7   15s
  4125  2636   73.33333  127  103   76.00000   64.00000  15.8%  12.1   20s
  5560  3460   65.66667   92   50   76.00000   64.00000  15.8%  11.2   25s
  7861  5287   66.33333   73   76   76.00000   64.00000  15.8%  10.4   30s
 10922  9605   68.00000  192   90   76.00000   64.00000  15.8%  10.0   36s
 13652 10434 infeasible  170        76.00000   64.00000  15.8%  10.0   40s
 16030 12439     cutoff  265        76.00000   64.00000  15.8%  10.0   45s
H16987 12931                      76.0000000   64.00000  15.8%  10.0   45s
 19174 14708   68.00000   95   84   76.00000   64.00000  15.8%  10.0   50s
 21150 17490   68.33333  189   82   76.00000   64.00000  15.8%   9.9   56s
H22090 17490                      75.9333333   64.00000  15.7%  10.0   56s
H22523 17123                      74.9561404   64.00000  14.6%   9.9   56s
H22601 16795                      74.6250000   64.00000  14.2%   9.9   56s
H22788 16596                      74.0833333   64.00000  13.6%   9.9   56s
H23045 16029                      73.6250000   64.00000  13.1%   9.9   57s
H23105 16028                      73.5416667   64.00000  13.0%   9.9   57s
H23132 15421                      73.0000000   64.00000  12.3%   9.9   58s
H23159 15213                      72.8333333   64.00000  12.1%   9.9   58s
H23221 15700                      72.7500000   64.00000  12.0%   9.9   59s
H23783 15592                      72.6666667   64.00000  11.9%  10.0   59s
 23910 16098   71.00000   70   92   72.66667   64.00000  11.9%  10.0   60s
 26409 17497   72.50000  173   95   72.66667   64.00000  11.9%   9.9   65s
 28058 19083     cutoff  250        72.66667   64.00000  11.9%  10.0   70s
 29599 20384   65.33333  206   93   72.66667   64.00000  11.9%  10.1   75s
 31430 21676   70.00000   81   76   72.66667   64.00000  11.9%  10.2   80s
 33435 23321   67.33333  212   73   72.66667   64.00000  11.9%  10.3   85s
H33897 23492                      72.5416667   64.00000  11.8%  10.3   87s
H34435 23817                      72.5000000   64.00000  11.7%  10.3   89s
H34776 23817                      72.4166667   64.00000  11.6%  10.3   89s
 35080 24285   72.33333  287   68   72.41667   64.00000  11.6%  10.3   90s
H35698 23719                      72.2500000   64.00000  11.4%  10.3   90s
H35817 24149                      72.1666667   64.00000  11.3%  10.3   92s
H36627 23803                      72.0000000   64.00000  11.1%  10.3   92s
 38183 24940   64.66667  124   95   72.00000   64.00000  11.1%  10.3   96s
 40177 26846   66.16667  371   86   72.00000   64.00000  11.1%  10.3  100s
 43136 28510   64.00000  122  101   72.00000   64.00000  11.1%  10.3  106s
 43933 29516   71.83333  149   74   72.00000   64.00000  11.1%  10.4  110s
 46471 30923   65.33333  122  102   72.00000   64.00000  11.1%  10.5  115s
 47591 31844   71.83333  469   75   72.00000   64.00000  11.1%  10.5  120s
 49230 33020   70.16707  166   99   72.00000   64.00000  11.1%  10.7  125s
 50634 34659   66.66667  184  105   72.00000   64.00000  11.1%  10.8  130s
 52464 35948   64.83333  151   97   72.00000   64.00000  11.1%  10.8  135s
 54618 37246   64.00000  166   81   72.00000   64.00000  11.1%  10.8  141s
 55916 38032   64.00000  115   93   72.00000   64.00000  11.1%  10.8  146s
 56898 38956   65.50000  184   99   72.00000   64.00000  11.1%  10.8  150s
 58540 40430   68.16667  473   83   72.00000   64.00000  11.1%  10.8  156s
 59992 41624   65.83333  162   94   72.00000   64.00000  11.1%  10.8  160s
 61188 42328   71.33809  250  126   72.00000   64.00000  11.1%  10.8  165s
H62201 43377                      72.0000000   64.00000  11.1%  10.8  169s
 62780 43574   66.83333  196   85   72.00000   64.00000  11.1%  10.8  171s
 63369 44881   64.66667  235   90   72.00000   64.00000  11.1%  10.9  175s
H65701 45909                      71.9999997   64.00000  11.1%  10.9  178s
H66121 46483                      71.9999997   64.00000  11.1%  10.9  180s
H66481 46483                      71.9999996   64.00000  11.1%  10.9  180s
H66900 47080                      71.9999991   64.00000  11.1%  10.9  184s
 67546 47577     cutoff  252        72.00000   64.00000  11.1%  10.9  186s
H67700 47577                      71.9999990   64.00000  11.1%  10.9  186s
 69040 48290   69.33333  174  108   72.00000   64.00000  11.1%  10.9  190s
 70704 50167   71.33333  309   74   72.00000   64.00000  11.1%  10.9  196s
 73061 52079   70.33333  234   96   72.00000   64.00000  11.1%  11.0  201s
 74823 53201   69.63559  201   99   72.00000   64.00000  11.1%  11.0  206s
 76331 54102   68.33333  286  108   72.00000   64.00000  11.1%  11.1  210s
H77093 54524                      71.9999990   64.00000  11.1%  11.1  212s
 77842 55442   66.86854  238  127   72.00000   64.00000  11.1%  11.1  216s
 79674 57063   71.33333  291   69   72.00000   64.00000  11.1%  11.2  221s
 81030 58050   69.50000  283  112   72.00000   64.00000  11.1%  11.2  225s
 82481 58650   64.22222  224   99   72.00000   64.00000  11.1%  11.3  230s
 84133 60769   64.00000  209   90   72.00000   64.00000  11.1%  11.3  237s
 86350 61560   65.16667  237   96   72.00000   64.00000  11.1%  11.4  241s
 87525 62123   66.16667  307   80   72.00000   64.00000  11.1%  11.4  245s
 90155 63268   64.00000  234   95   72.00000   64.00000  11.1%  11.4  251s
H90393 63268                      71.9999990   64.00000  11.1%  11.4  251s
 91056 64166   65.16667  273   87   72.00000   64.00000  11.1%  11.4  255s
H91200 64166                      71.9999988   64.00000  11.1%  11.4  255s
 92897 65230   67.33333  232   96   72.00000   64.00000  11.1%  11.5  261s
H92994 65230                      71.9999988   64.00000  11.1%  11.5  261s
 93906 66205     cutoff  268        72.00000   64.00000  11.1%  11.5  265s
 96090 67538   64.85138  348   96   72.00000   64.00000  11.1%  11.7  271s
 97335 68493   64.83333  241   85   72.00000   64.00000  11.1%  11.8  275s
 99318 69240 infeasible  297        72.00000   64.00000  11.1%  11.8  281s
 100778 69907   71.00000  240  101   72.00000   64.00000  11.1%  11.9  285s
 102651 70639   64.33333  257  112   72.00000   64.00000  11.1%  12.0  291s
 103984 71627   67.16667  350  107   72.00000   64.00000  11.1%  12.0  295s
 105997 72861   66.33333  281   95   72.00000   64.00000  11.1%  12.1  300s
 107814 73703   65.16667  286   92   72.00000   64.00000  11.1%  12.1  305s
 108902 74657   70.66667  260  109   72.00000   64.00000  11.1%  12.1  310s
 111468 75714   65.33333  259   88   72.00000   64.00000  11.1%  12.2  316s
 112400 76497   65.50000  269   72   72.00000   64.00000  11.1%  12.2  320s
 115737 78512     cutoff  272        72.00000   64.00000  11.1%  12.3  326s
 117108 79418 infeasible  247        72.00000   64.00000  11.1%  12.4  330s
 119831 80445 infeasible  317        72.00000   64.00000  11.1%  12.5  335s
 123261 82127   65.50000  305   79   72.00000   64.00000  11.1%  12.7  340s
 124545 82692   71.16667  268   93   72.00000   64.00000  11.1%  12.8  345s
 125295 83081   66.00000  280   93   72.00000   64.00000  11.1%  12.8  350s
 126362 84521   65.00000  283  110   72.00000   64.00000  11.1%  12.8  355s
 129024 85221   69.66667  285  101   72.00000   64.00000  11.1%  12.9  361s
 130903 85770     cutoff  294        72.00000   64.00000  11.1%  13.0  365s
 133059 86777   65.50000  292   80   72.00000   64.00000  11.1%  13.0  371s
 134482 87322   66.33333  296   83   72.00000   64.00000  11.1%  13.1  376s
 136803 88180   64.33333  255  118   72.00000   64.00000  11.1%  13.2  381s
 138778 88742   67.00000  308   72   72.00000   64.00000  11.1%  13.3  385s
 140656 89442     cutoff  318        72.00000   64.00000  11.1%  13.4  390s
 142219 90157   64.16667  259  107   72.00000   64.00000  11.1%  13.5  395s
 144650 90917   67.26370  312   77   72.00000   64.00000  11.1%  13.6  400s
 146632 91403   67.16667  352   71   72.00000   64.00000  11.1%  13.7  405s
 149050 92194 infeasible  313        72.00000   64.00000  11.1%  13.8  411s
 151215 92717     cutoff  331        72.00000   64.00000  11.1%  13.9  415s
 153747 93313 infeasible  331        72.00000   64.00000  11.1%  14.0  421s
 155130 93669   64.00000  318   76   72.00000   64.00000  11.1%  14.1  425s
 156688 94101   64.00000  317   77   72.00000   64.00000  11.1%  14.1  430s
 158461 94505     cutoff  342        72.00000   64.00000  11.1%  14.2  435s
 159421 94887   64.00000  309   87   72.00000   64.00000  11.1%  14.3  440s
 161212 95799   64.00000  302   73   72.00000   64.00000  11.1%  14.4  445s
 162548 96828   68.50000  222   99   72.00000   64.00000  11.1%  14.4  452s
 163865 97497   65.00000  167   66   72.00000   64.00000  11.1%  14.4  456s
 165558 98521   67.68904  322   90   72.00000   64.00000  11.1%  14.4  461s
 167052 99170   64.67913  284   83   72.00000   64.00000  11.1%  14.4  466s
 167924 100026   70.66667  188  108   72.00000   64.00000  11.1%  14.4  471s
 169071 101450   68.66667  228  116   72.00000   64.00000  11.1%  14.4  477s
 170582 102055   68.66667  267   76   72.00000   64.00000  11.1%  14.4  481s
 171697 103238     cutoff  235        72.00000   64.00000  11.1%  14.4  486s
 173004 103752   64.00000  197   98   72.00000   64.00000  11.1%  14.4  491s
 174660 104143     cutoff  243        72.00000   64.00000  11.1%  14.4  495s
 175804 105218     cutoff  266        72.00000   64.00000  11.1%  14.4  501s
 177241 106025   69.25000  224   78   72.00000   64.00000  11.1%  14.4  505s
 178738 107518   66.16667  216  109   72.00000   64.00000  11.1%  14.4  513s
 180197 107996   64.33333  243   92   72.00000   64.00000  11.1%  14.4  515s
 181590 108895   71.00000  218  107   72.00000   64.00000  11.1%  14.4  520s
 183620 109842   64.33333  199   96   72.00000   64.00000  11.1%  14.4  525s
 185564 110881   67.66667  214   74   72.00000   64.00000  11.1%  14.4  532s
 186860 111502   69.16667  219   91   72.00000   64.00000  11.1%  14.4  536s
 187575 112142   70.27778  274  104   72.00000   64.00000  11.1%  14.4  540s
 188636 113206     cutoff  277        72.00000   64.00000  11.1%  14.4  546s
 190269 114278   66.00000  236   75   72.00000   64.00000  11.1%  14.4  551s
 192242 115045   64.00000  198   95   72.00000   64.00000  11.1%  14.4  555s
 193862 115679   70.00000  235  100   72.00000   64.00000  11.1%  14.4  560s
 195661 116661   64.66667  197   97   72.00000   64.00000  11.1%  14.4  566s
 196803 117518   64.66667  209   92   72.00000   64.00000  11.1%  14.4  570s
 198415 118711   64.00000  227   91   72.00000   64.00000  11.1%  14.4  575s
 200611 119374   67.33333  290   97   72.00000   64.00000  11.1%  14.4  580s
 200793 121025   67.66667  291   91   72.00000   64.00000  11.1%  14.4  587s
 205445 122328     cutoff  296        72.00000   64.00000  11.1%  14.4  591s
 206404 122867   67.50000  221   94   72.00000   64.00000  11.1%  14.3  595s
 208432 123561     cutoff  233        72.00000   64.00000  11.1%  14.3  600s
 209919 124217 infeasible  236        72.00000   64.00000  11.1%  14.3  605s
 211185 125062   64.00000  238   93   72.00000   64.00000  11.1%  14.3  610s
 213598 125935     cutoff  255        72.00000   64.00000  11.1%  14.3  616s
 214270 126110     cutoff  261        72.00000   64.00000  11.1%  14.3  620s
 216093 127280   65.33333  229   91   72.00000   64.00000  11.1%  14.3  625s
 218370 127824     cutoff  244        72.00000   64.00000  11.1%  14.3  631s
 219388 128423   64.66667  121  101   72.00000   64.00000  11.1%  14.3  636s
 220888 129308 infeasible  249        72.00000   64.00000  11.1%  14.3  641s
 223327 130133   67.51852  254   90   72.00000   64.00000  11.1%  14.2  646s
 225666 130861   67.33333  267   87   72.00000   64.00000  11.1%  14.2  651s
 226594 131171   66.58333  174  104   72.00000   64.00000  11.1%  14.2  656s
 227974 131777   64.00000  243   86   72.00000   64.00000  11.1%  14.2  661s
 229082 132154   64.33333  127   77   72.00000   64.00000  11.1%  14.2  667s
 229658 132655   66.83333  288   84   72.00000   64.00000  11.1%  14.2  671s
 230361 133208   70.33333  209   89   72.00000   64.00000  11.1%  14.2  675s
 230762 133880   64.00000  111  103   72.00000   64.00000  11.1%  14.2  680s
 231834 134725   64.50000  110   87   72.00000   64.00000  11.1%  14.2  685s
 234153 136079   71.16667  224  123   72.00000   64.00000  11.1%  14.2  691s
 235910 137130   64.00000  127  104   72.00000   64.00000  11.1%  14.2  696s
 236729 137824   71.33333  192   94   72.00000   64.00000  11.1%  14.2  700s
 238384 139411   66.33333  164  117   72.00000   64.00000  11.1%  14.2  706s
 239323 140247   64.00000  143  106   72.00000   64.00000  11.1%  14.2  711s
H239956 140247                      71.9999987   64.00000  11.1%  14.2  711s
 240674 141023   69.50000  178  124   72.00000   64.00000  11.1%  14.2  715s
 242591 142323     cutoff  249        72.00000   64.00000  11.1%  14.2  721s
 243513 143326   64.66667  247   93   72.00000   64.00000  11.1%  14.2  726s
 245368 144018   70.50000  219  102   72.00000   64.00000  11.1%  14.2  730s
H246022 144242                      71.9999986   64.00000  11.1%  14.2  732s
 246463 144666   71.83333  197   97   72.00000   64.00000  11.1%  14.2  736s
 247550 145689   70.16667  249  104   72.00000   64.00000  11.1%  14.2  741s
 249227 146585   64.00000  208   93   72.00000   64.00000  11.1%  14.2  746s
 250159 147286   64.66667  293  101   72.00000   64.00000  11.1%  14.2  751s
 250964 147819   71.16667  205   79   72.00000   64.00000  11.1%  14.2  756s
 252164 148825   64.00000  246   99   72.00000   64.00000  11.1%  14.2  761s
 253511 149498   69.00000  263  102   72.00000   64.00000  11.1%  14.2  766s
 253700 150826     cutoff  304        72.00000   64.00000  11.1%  14.2  772s
 255572 151171   64.00000  243  102   72.00000   64.00000  11.1%  14.2  775s
 256586 151819   67.33333  189  102   72.00000   64.00000  11.1%  14.2  780s
 258245 153113   64.33333  304   56   72.00000   64.00000  11.1%  14.2  787s
 258714 153727   64.33333  332   58   72.00000   64.00000  11.1%  14.3  790s
 260069 154550   65.50000  222   91   72.00000   64.00000  11.1%  14.3  796s
 261909 155502   70.00000  275   93   72.00000   64.00000  11.1%  14.3  801s
 263900 156358   66.50000  292   95   72.00000   64.00000  11.1%  14.3  806s
 264237 157267 infeasible  293        72.00000   64.00000  11.1%  14.3  810s
 266000 158015     cutoff  246        72.00000   64.00000  11.1%  14.3  816s
 267444 158923   66.33333  261   73   72.00000   64.00000  11.1%  14.3  821s
 268895 159834   71.66667  302  131   72.00000   64.00000  11.1%  14.3  826s
 270388 160850   64.00000  145   87   72.00000   64.00000  11.1%  14.3  831s
 272084 161842   71.66667  255  114   72.00000   64.00000  11.1%  14.3  836s
 273179 162697   67.83333  307   80   72.00000   64.00000  11.1%  14.3  841s
 274619 163474   64.00000  265   93   72.00000   64.00000  11.1%  14.3  846s
 276376 164716   66.83333  241   97   72.00000   64.00000  11.1%  14.3  850s
 278409 165948   64.00000  255  103   72.00000   64.00000  11.1%  14.3  855s
 279858 166747 infeasible  174        72.00000   64.00000  11.1%  14.3  861s
 281465 167497   71.00000  195  115   72.00000   64.00000  11.1%  14.4  865s
 283760 168933   70.50000  278   97   72.00000   64.00000  11.1%  14.4  870s
 284809 170390     cutoff  259        72.00000   64.00000  11.1%  14.4  877s
H285592 170390                      71.9999986   64.00000  11.1%  14.4  877s
 288088 171179     cutoff  204        72.00000   64.00000  11.1%  14.3  881s
 289212 171933   66.33333  177  109   72.00000   64.00000  11.1%  14.4  885s
 291172 173038   69.66667  180  118   72.00000   64.00000  11.1%  14.4  891s
 292666 173737   70.00000  197   89   72.00000   64.00000  11.1%  14.4  895s
 293881 174529     cutoff  179        72.00000   64.00000  11.1%  14.4  900s
 295157 175270   69.16667  239  126   72.00000   64.00000  11.1%  14.4  906s
 296769 176453   66.00000  283   98   72.00000   64.00000  11.1%  14.4  911s
 297613 177222   66.00000  300   92   72.00000   64.00000  11.1%  14.4  916s
 299380 177918   68.16667  353  109   72.00000   64.00000  11.1%  14.4  921s
 300233 178776 infeasible  360        72.00000   64.00000  11.1%  14.4  926s
 301631 179503 infeasible  188        72.00000   64.00000  11.1%  14.4  930s
 302614 179909   64.00000  226   98   72.00000   64.00000  11.1%  14.4  935s
 303470 180337     cutoff  177        72.00000   64.00000  11.1%  14.4  940s
 304993 181260   64.00000  178   98   72.00000   64.00000  11.1%  14.4  945s
 307209 182005   66.00000  212   93   72.00000   64.00000  11.1%  14.5  950s
 308669 182940     cutoff  178        72.00000   64.00000  11.1%  14.5  956s
 309959 183432   65.66667  265   96   72.00000   64.00000  11.1%  14.5  960s
 311288 184206   66.00000  224  101   72.00000   64.00000  11.1%  14.5  967s
 312496 184796   65.66667  263  104   72.00000   64.00000  11.1%  14.5  972s
 313189 185049     cutoff  236        72.00000   64.00000  11.1%  14.5  975s
 315164 185890   65.66667  247  101   72.00000   64.00000  11.1%  14.5  981s
 316180 186409   65.16667  195   76   72.00000   64.00000  11.1%  14.5  985s
 317808 186967     cutoff  244        72.00000   64.00000  11.1%  14.5  991s
 319112 187424   64.50000  207   94   72.00000   64.00000  11.1%  14.5  995s
 321589 188184     cutoff  211        72.00000   64.00000  11.1%  14.6 1001s
 323033 189599   64.83333  242   92   72.00000   64.00000  11.1%  14.6 1006s
 323885 190152 infeasible  258        72.00000   64.00000  11.1%  14.6 1011s
 325737 190845   71.66667  242  115   72.00000   64.00000  11.1%  14.6 1016s
 327136 191239   67.83333  224   75   72.00000   64.00000  11.1%  14.7 1020s
 329770 191967   64.33333  236   99   72.00000   64.00000  11.1%  14.7 1025s
 330882 192508     cutoff  270        72.00000   64.00000  11.1%  14.7 1030s
 332697 193431   66.66667  275   95   72.00000   64.00000  11.1%  14.7 1035s
 334550 194128   71.83333  152   98   72.00000   64.00000  11.1%  14.7 1040s
 335770 194909   65.16667  213  101   72.00000   64.00000  11.1%  14.8 1046s
 337013 195322   64.00833  212  112   72.00000   64.00000  11.1%  14.8 1050s
 337680 196813 infeasible  212        72.00000   64.00000  11.1%  14.8 1059s
 341424 196815   64.33333  117  129   72.00000   64.00000  11.1%  14.9 1060s
 342080 197239   68.83333  127  101   72.00000   64.00000  11.1%  14.9 1065s
 342509 198105   64.00000  132   96   72.00000   64.00000  11.1%  14.9 1071s
 343745 198590   64.50000  169   70   72.00000   64.00000  11.1%  14.9 1075s
 344457 199330   65.83333  218   63   72.00000   64.00000  11.1%  14.9 1080s
 345087 200010   65.83333  249   71   72.00000   64.00000  11.1%  14.9 1085s
 346285 200744   66.66667  347   83   72.00000   64.00000  11.1%  14.9 1092s
 347084 201429   67.83333  374   71   72.00000   64.00000  11.1%  14.9 1095s
 347988 202256   64.66667  243   94   72.00000   64.00000  11.1%  14.9 1102s
 348241 204002     cutoff  287        72.00000   64.00000  11.1%  14.9 1106s
 350806 204376   66.33333  208   76   72.00000   64.00000  11.1%  14.9 1110s
 352293 205323   65.00000  236   63   72.00000   64.00000  11.1%  14.9 1115s
 353086 205895   64.33333  169  118   72.00000   64.00000  11.1%  14.9 1120s
 354009 206774   64.66667  185   79   72.00000   64.00000  11.1%  14.9 1126s
 354848 207399   71.33333  230   79   72.00000   64.00000  11.1%  14.9 1130s
 355446 208113   67.00000  271  114   72.00000   64.00000  11.1%  14.9 1135s
 357096 208859   70.50000  289  112   72.00000   64.00000  11.1%  14.9 1142s
 358043 209788   66.33333  308  117   72.00000   64.00000  11.1%  14.9 1147s
 359079 211305   64.33333  212   75   72.00000   64.00000  11.1%  14.9 1154s
 360946 211840 infeasible  276        72.00000   64.00000  11.1%  14.9 1157s
 362408 212559   70.16667  326   85   72.00000   64.00000  11.1%  14.9 1161s
 364262 213489   64.50000  271  105   72.00000   64.00000  11.1%  14.9 1166s
 365492 214236   64.00000  196   81   72.00000   64.00000  11.1%  14.9 1170s
 366422 214991   64.00000  223   79   72.00000   64.00000  11.1%  14.9 1175s
 367992 215949   64.00000  320   60   72.00000   64.00000  11.1%  14.9 1180s
 369179 216557   66.00000  225   65   72.00000   64.00000  11.1%  14.9 1185s
 369291 218908   69.00307  233   82   72.00000   64.00000  11.1%  14.9 1195s
 374337 220411   71.83333  192   80   72.00000   64.00000  11.1%  14.8 1201s
 375525 221215   64.33333  205   70   72.00000   64.00000  11.1%  14.8 1206s
 377070 222240   65.33333  275   88   72.00000   64.00000  11.1%  14.8 1210s
 379489 223270   69.33333  343   84   72.00000   64.00000  11.1%  14.8 1215s
 381572 224825   65.33333  239   87   72.00000   64.00000  11.1%  14.8 1221s
 382385 225384   64.00000  215   82   72.00000   64.00000  11.1%  14.8 1226s
 383022 225942   67.33333  295   68   72.00000   64.00000  11.1%  14.8 1230s
 385231 227094 infeasible  286        72.00000   64.00000  11.1%  14.8 1236s
 386491 227922   66.00000  286   62   72.00000   64.00000  11.1%  14.8 1241s
 387711 229027   66.50000  228  102   72.00000   64.00000  11.1%  14.8 1246s
 389157 229854   64.00000  235   86   72.00000   64.00000  11.1%  14.7 1251s
 390212 231037   64.66667  312   82   72.00000   64.00000  11.1%  14.7 1257s
 391564 231236   69.20051  366  100   72.00000   64.00000  11.1%  14.7 1260s
 392768 232020   65.66667  269   79   72.00000   64.00000  11.1%  14.7 1265s
 394195 232777   66.00000  324   67   72.00000   64.00000  11.1%  14.7 1270s
 395781 234043   68.33333  289   79   72.00000   64.00000  11.1%  14.7 1277s
 396562 234262   67.16667  278   72   72.00000   64.00000  11.1%  14.7 1280s
 398333 235393     cutoff  323        72.00000   64.00000  11.1%  14.7 1287s
 399947 236490   64.00000  230   80   72.00000   64.00000  11.1%  14.7 1292s
 401215 237329   67.00000  274   64   72.00000   64.00000  11.1%  14.7 1297s
 403189 238151   64.66667  288   86   72.00000   64.00000  11.1%  14.7 1301s
 404506 239527   67.66667  278   74   72.00000   64.00000  11.1%  14.7 1306s
 406514 240482   66.50000  354   74   72.00000   64.00000  11.1%  14.6 1310s
 408421 241321     cutoff  278        72.00000   64.00000  11.1%  14.6 1315s
 410093 242581   64.00000  168   86   72.00000   64.00000  11.1%  14.6 1320s
 411371 244104   65.16667  322   75   72.00000   64.00000  11.1%  14.6 1327s
 413150 245137   64.16667  195  104   72.00000   64.00000  11.1%  14.6 1330s
 415234 246204     cutoff  358        72.00000   64.00000  11.1%  14.6 1335s
 416489 247128 infeasible  266        72.00000   64.00000  11.1%  14.6 1341s
 417857 247456   64.00000  267   96   72.00000   64.00000  11.1%  14.6 1345s
 419827 248607   64.00000  275  101   72.00000   64.00000  11.1%  14.6 1350s
 421378 249954   64.00000  313   76   72.00000   64.00000  11.1%  14.6 1355s
 423342 250397   69.16667  262   83   72.00000   64.00000  11.1%  14.6 1361s
 424725 250901     cutoff  295        72.00000   64.00000  11.1%  14.6 1365s
 426158 251695     cutoff  298        72.00000   64.00000  11.1%  14.6 1370s
 427655 252356   69.83333  351   79   72.00000   64.00000  11.1%  14.6 1375s
 429364 253348   65.16667  283   99   72.00000   64.00000  11.1%  14.6 1381s
 430354 253997   66.16667  276   93   72.00000   64.00000  11.1%  14.6 1385s
 432802 254852   66.50000  289   70   72.00000   64.00000  11.1%  14.6 1391s
 434004 255740   64.50000  267   90   72.00000   64.00000  11.1%  14.6 1395s
 435401 256231     cutoff  294        72.00000   64.00000  11.1%  14.6 1400s
 437576 257297   64.83333  280   68   72.00000   64.00000  11.1%  14.6 1406s
 438576 257905     cutoff  292        72.00000   64.00000  11.1%  14.6 1410s
 440636 258800   65.66667  322   78   72.00000   64.00000  11.1%  14.6 1416s
 442353 259369     cutoff  287        72.00000   64.00000  11.1%  14.6 1421s
 444005 260109   64.01146  290   87   72.00000   64.00000  11.1%  14.6 1425s
 445405 261101   66.08333  298   97   72.00000   64.00000  11.1%  14.6 1430s
 446581 261385   71.66667  220   82   72.00000   64.00000  11.1%  14.6 1435s
 447996 261847     cutoff  241        72.00000   64.00000  11.1%  14.6 1440s
 449340 262644   64.00000  256   88   72.00000   64.00000  11.1%  14.6 1446s
 449918 263238   71.33333  307   80   72.00000   64.00000  11.1%  14.6 1450s
 451110 263967   64.37037  254   76   72.00000   64.00000  11.1%  14.6 1455s
 452760 264702   64.66667  269   90   72.00000   64.00000  11.1%  14.6 1462s
 454522 265460   69.16667  266   74   72.00000   64.00000  11.1%  14.6 1466s
 455331 266245   66.16667  331   91   72.00000   64.00000  11.1%  14.6 1471s
 456880 266859   64.00000  257   91   72.00000   64.00000  11.1%  14.6 1475s
 457776 267421   67.50000  289   80   72.00000   64.00000  11.1%  14.6 1480s
 459247 268614   69.33333  330   74   72.00000   64.00000  11.1%  14.6 1486s
 460358 269225   67.16667  274   81   72.00000   64.00000  11.1%  14.6 1490s
 461897 269917   66.33333  315   75   72.00000   64.00000  11.1%  14.6 1495s
 464099 271354   64.00000  298   90   72.00000   64.00000  11.1%  14.6 1502s
 465439 271949   64.00000  269   94   72.00000   64.00000  11.1%  14.6 1507s
 466477 272306   65.66667  277   98   72.00000   64.00000  11.1%  14.6 1512s
 467609 273122     cutoff  284        72.00000   64.00000  11.1%  14.5 1517s
 468893 273646   65.50000  278   87   72.00000   64.00000  11.1%  14.5 1521s
 470014 274458     cutoff  298        72.00000   64.00000  11.1%  14.5 1527s
 471606 274959     cutoff  294        72.00000   64.00000  11.1%  14.5 1531s
 473417 275778   64.33333  292   94   72.00000   64.00000  11.1%  14.5 1536s
 474996 276237   66.33333  281   99   72.00000   64.00000  11.1%  14.5 1540s
 476462 277418   68.33333  292   94   72.00000   64.00000  11.1%  14.5 1546s
 478054 278227   64.66667  284  101   72.00000   64.00000  11.1%  14.5 1551s
 479506 278706     cutoff  321        72.00000   64.00000  11.1%  14.5 1555s
 481549 279294   65.00000  272   91   72.00000   64.00000  11.1%  14.5 1561s
 482678 280011   66.85185  322   89   72.00000   64.00000  11.1%  14.5 1565s
 484321 281142 infeasible  286        72.00000   64.00000  11.1%  14.5 1571s
 485455 281397   64.00000  274   91   72.00000   64.00000  11.1%  14.5 1575s
 486959 282094   67.35031  290   97   72.00000   64.00000  11.1%  14.5 1582s
 488187 282617   70.33333  292   96   72.00000   64.00000  11.1%  14.5 1586s
 489538 283405     cutoff  317        72.00000   64.00000  11.1%  14.5 1590s
 491684 284163     cutoff  320        72.00000   64.00000  11.1%  14.5 1596s
 493183 284773   67.34498  303   83   72.00000   64.00000  11.1%  14.5 1601s
 494007 285103   64.00000  287   98   72.00000   64.00000  11.1%  14.5 1605s
 495048 285704   64.00000  287  101   72.00000   64.00000  11.1%  14.5 1611s
 495484 286142   64.00000  306   94   72.00000   64.00000  11.1%  14.5 1615s
 497069 286588   65.53395  322  103   72.00000   64.00000  11.1%  14.5 1621s
 498571 286937     cutoff  307        72.00000   64.00000  11.1%  14.5 1626s
 499649 287561   70.16667  300   92   72.00000   64.00000  11.1%  14.5 1632s
 501158 288022     cutoff  314        72.00000   64.00000  11.1%  14.5 1636s
 502728 288741   67.16667  315   91   72.00000   64.00000  11.1%  14.5 1642s
 503153 289128   67.00000  308   88   72.00000   64.00000  11.1%  14.5 1645s
 504362 289746   67.66667  297   99   72.00000   64.00000  11.1%  14.5 1650s
 505604 290607   66.75642  303   97   72.00000   64.00000  11.1%  14.5 1657s
 507564 290999   66.00000  339   92   72.00000   64.00000  11.1%  14.5 1661s
 508768 291517   70.85489  334  121   72.00000   64.00000  11.1%  14.5 1667s
 509891 292180 infeasible  297        72.00000   64.00000  11.1%  14.5 1672s
 510500 292302   69.03383  339   94   72.00000   64.00000  11.1%  14.5 1675s
 511887 293036   65.33333  332  107   72.00000   64.00000  11.1%  14.5 1680s
 513063 293492 infeasible  332        72.00000   64.00000  11.1%  14.5 1685s
 514304 294412   64.00000  306   96   72.00000   64.00000  11.1%  14.5 1691s
 515425 294958   66.66667  321   79   72.00000   64.00000  11.1%  14.5 1696s
 516353 295615     cutoff  312        72.00000   64.00000  11.1%  14.5 1702s
 517745 295890     cutoff  353        72.00000   64.00000  11.1%  14.5 1705s
 519010 296489     cutoff  337        72.00000   64.00000  11.1%  14.5 1711s
 520549 296915   64.86728  343  101   72.00000   64.00000  11.1%  14.5 1716s
 521738 297596   66.66667  340   96   72.00000   64.00000  11.1%  14.6 1721s
 523233 298103     cutoff  325        72.00000   64.00000  11.1%  14.5 1727s
 523973 298289   68.33333  340   93   72.00000   64.00000  11.1%  14.6 1730s
 525136 298637 infeasible  351        72.00000   64.00000  11.1%  14.6 1735s
 526610 299218     cutoff  380        72.00000   64.00000  11.1%  14.6 1741s
 527650 299737   68.33333  327   87   72.00000   64.00000  11.1%  14.6 1747s
 528254 300029   64.66667  312  100   72.00000   64.00000  11.1%  14.6 1750s
 529685 300626   65.83333  351   97   72.00000   64.00000  11.1%  14.6 1756s
 530020 301129     cutoff  339        72.00000   64.00000  11.1%  14.6 1760s
 531840 301487     cutoff  353        72.00000   64.00000  11.1%  14.6 1765s
 533789 301934   64.33333  346   94   72.00000   64.00000  11.1%  14.6 1771s
 534257 302237   66.66667  353   98   72.00000   64.00000  11.1%  14.6 1777s
 534733 302682   66.67410  341   90   72.00000   64.00000  11.1%  14.6 1780s
 536305 303800   68.00000  383   77   72.00000   64.00000  11.1%  14.6 1786s
 537751 304617   65.33333  300   98   72.00000   64.00000  11.1%  14.6 1792s
 538656 304862   65.66667  334   96   72.00000   64.00000  11.1%  14.6 1795s
 540381 305206   67.50000  341  100   72.00000   64.00000  11.1%  14.6 1800s

Cutting planes:
  Learned: 56
  Gomory: 4
  Cover: 277
  Implied bound: 114
  Clique: 224
  MIR: 536
  Flow cover: 455
  GUB cover: 4
  RLT: 57
  Relax-and-lift: 749

Explored 540388 nodes (7877654 simplex iterations) in 1800.01 seconds
Thread count was 4 (of 32 available processors)

Solution count 10: 72 72 72 ... 72.75

Time limit reached
Best objective 7.199999862905e+01, best bound 6.400000000000e+01, gap 11.1111%
