
Gurobi 9.1.2 (linux64) logging started Thu Mar 31 15:59:34 2022

Changed value of parameter LogFile to ta2_v-N18.log
   Prev:   Default: 
Changed value of parameter MIPFocus to 1
   Prev: 0  Min: 0  Max: 3  Default: 0
Changed value of parameter TimeLimit to 600.0
   Prev: inf  Min: 0.0  Max: inf  Default: inf
Warning: variables 0 and 346 have the same name "X[N31,N1]"
Warning: linear constraint 396 and linear constraint 397 have the same name "weight-constr-t5"
Warning: to let Gurobi read it back, use rlp format
Gurobi Optimizer version 9.1.2 build v9.1.2rc0 (linux64)
Thread count: 32 physical cores, 64 logical processors, using up to 32 threads
Optimize a model with 2512 rows, 2076 columns and 7458 nonzeros
Model fingerprint: 0x35fabb78
Variable types: 390 continuous, 1686 integer (1686 binary)
Coefficient statistics:
  Matrix range     [1e+00, 1e+06]
  Objective range  [2e-01, 2e-01]
  Bounds range     [1e+00, 5e+05]
  RHS range        [1e+00, 1e+06]
Presolve removed 54 rows and 60 columns
Presolve time: 0.04s
Presolved: 2458 rows, 2016 columns, 9100 nonzeros
Variable types: 384 continuous, 1632 integer (1632 binary)

Root relaxation: objective 6.500000e+01, 269 iterations, 0.00 seconds

    Nodes    |    Current Node    |     Objective Bounds      |     Work
 Expl Unexpl |  Obj  Depth IntInf | Incumbent    BestBd   Gap | It/Node Time

     0     0   65.00000    0  109          -   65.00000      -     -    0s
     0     0   65.00000    0  200          -   65.00000      -     -    0s
     0     0   65.00000    0  205          -   65.00000      -     -    0s
     0     0   65.00000    0   95          -   65.00000      -     -    0s
     0     0   65.00000    0  103          -   65.00000      -     -    0s
     0     0   65.00000    0  101          -   65.00000      -     -    0s
     0     0   65.00000    0  119          -   65.00000      -     -    0s
     0     0   65.00000    0   97          -   65.00000      -     -    0s
     0     0   65.00000    0  101          -   65.00000      -     -    0s
     0     0   65.00000    0   95          -   65.00000      -     -    0s
H    0     0                    1644007.6667   65.00000   100%     -    1s
H    0     0                    9914.3333331   65.00000  99.3%     -    1s
H    0     0                    2506.6666662   65.00000  97.4%     -    1s
H    0     0                    2506.4999995   65.00000  97.4%     -    1s
H    0     2                    1477.1666665   65.00000  95.6%     -    1s
     0     2   65.00000    0   74 1477.16667   65.00000  95.6%     -    1s
H    1     4                    1469.9999998   65.00000  95.6%   415    1s
H    2     4                    1468.1666666   65.00000  95.6%   209    1s
H    3     8                    1467.9999999   65.00000  95.6%   141    1s
H    8    16                    1467.1666666   65.00000  95.6%  99.1    1s
H   25    32                    1466.9999998   65.00000  95.6%  48.0    1s
H   31    64                    1465.9999998   65.00000  95.6%  42.5    1s
H   32    64                    1198.6666666   65.00000  94.6%  41.7    1s
H   37    64                    1169.5000000   65.00000  94.4%  36.9    1s
H   39    64                    1169.1666666   65.00000  94.4%  35.7    1s
H   48    64                    1164.5000000   65.00000  94.4%  30.6    1s
H   95   128                    1140.0000000   65.00000  94.3%  17.9    4s
H   96   128                    1123.0000000   65.00000  94.2%  18.0    4s
H   98   128                     613.0000000   65.00000  89.4%  17.7    4s
H   99   128                     610.1666667   65.00000  89.3%  17.5    4s
H  159   192                     599.7267772   65.00000  89.2%  13.0    8s
H  180   192                     375.3333333   65.00000  82.7%  12.1    8s
H  185   192                     364.3333333   65.00000  82.2%  12.0    8s
H  190   192                     364.1666667   65.00000  82.2%  11.9    8s
H  191   224                     363.6666667   65.00000  82.1%  11.8   12s
H  192   224                     363.1666667   65.00000  82.1%  11.8   12s
H  193   224                     362.6666667   65.00000  82.1%  11.8   12s
H  197   224                     358.0000000   65.00000  81.8%  11.6   12s
H  202   224                     356.5000000   65.00000  81.8%  11.4   12s
H  223   274                     354.5000000   65.00000  81.7%  10.7   12s
H  230   274                     354.1666667   65.00000  81.6%  10.5   12s
H  817   848                     354.0000000   65.00000  81.6%   6.0   13s
H  846   848                     353.9999999   65.00000  81.6%   5.9   13s
H  847   848                     353.9999995   65.00000  81.6%   5.9   13s
   849  1669   65.00000   30  109  354.00000   65.00000  81.6%   5.9   15s
H  874  1669                     353.9999994   65.00000  81.6%   5.9   15s
H 1709  1719                     353.9999993   65.00000  81.6%   5.3   17s
H 2282  8874                     353.9999984   65.00000  81.6%   5.3   18s
H 3656  8874                     353.9999983   65.00000  81.6%   5.2   18s
H 9868 12881                     353.9999982   65.00000  81.6%   5.3   19s
H 9897 12881                     353.9999981   65.00000  81.6%   5.3   19s
H13450 12881                     353.9989595   65.00000  81.6%   5.5   19s
 19015 17429   69.83334  244   95  353.99896   65.00000  81.6%   5.6   20s
 19122 17533   65.00000   21  291  353.99896   65.00000  81.6%   7.7   26s
 21097 18954   65.00000   48  254  353.99896   65.00000  81.6%   8.7   37s
 25428 23289 infeasible  115       353.99896   65.00000  81.6%  10.8   40s
 36444 36552   71.83333  193  220  353.99896   65.00000  81.6%  15.5   45s
 60935 42952   77.66667  144  236  353.99896   65.00000  81.6%  21.5   50s
 82383 58296   70.83333  134  227  353.99896   65.00000  81.6%  22.5   55s
 88607 58318   82.16667  183  149  353.99896   65.00000  81.6%  22.8   61s
 96463 75132   65.33333  152  251  353.99896   65.00000  81.6%  23.8   67s
 119253 85192  312.17044  219  176  353.99896   65.00000  81.6%  26.4   70s
 128132 89006  212.16667  185  161  353.99896   65.00000  81.6%  26.8   75s
 128197 113961 infeasible  186       353.99896   65.00000  81.6%  26.8   85s
 178606 132900   76.66667  169  178  353.99896   65.00000  81.6%  29.7   90s
 191053 161627  126.18515  224  211  353.99896   65.00000  81.6%  29.9   99s
 222740 169704   66.16667  141  296  353.99896   65.00000  81.6%  30.5  101s
 240517 175484   65.00000   74  314  353.99896   65.00000  81.6%  30.7  110s
 253708 192642   65.00000  112  269  353.99896   65.00000  81.6%  31.2  115s
 279031 209908   79.00000  211  195  353.99896   65.00000  81.6%  32.2  120s
 297721 222757 infeasible  214       353.99896   65.00000  81.6%  32.7  125s
 307422 226583   65.50000  114  288  353.99896   65.00000  81.6%  32.9  131s
 317354 240618 infeasible  165       353.99896   65.00000  81.6%  33.1  135s
 338914 253525  325.67203  181  184  353.99896   65.00000  81.6%  33.5  140s
 359216 269334   73.33333  192  249  353.99896   65.00000  81.6%  34.2  145s
 379059 284999   68.66667  153  244  353.99896   65.00000  81.6%  34.5  150s
 402649 299674   75.00000  173  257  353.99896   65.00000  81.6%  35.1  156s
 420972 309778   75.67816  170  244  353.99896   65.00000  81.6%  35.3  160s
 434720 324451   88.66734  176  185  353.99896   65.00000  81.6%  35.5  165s
 456229 338492  264.00038  230  156  353.99896   65.00000  81.6%  35.8  170s
 464048 345948   66.16667  150  234  353.99896   65.00000  81.6%  35.9  175s
 483867 356865   65.83333  128  253  353.99896   65.00000  81.6%  36.3  184s
 483904 360357   65.83333  130  248  353.99896   65.00000  81.6%  36.3  185s
 493087 363660   71.50000  209  216  353.99896   65.00000  81.6%  36.4  193s
 498234 370691   94.16667  182  212  353.99896   65.00000  81.6%  36.4  195s
 513999 382604  240.66667  165  178  353.99896   65.00000  81.6%  36.7  201s
 525557 387489   67.50000  118  298  353.99896   65.00000  81.6%  36.7  205s
 525902 388143   67.50000  130  278  353.99896   65.00000  81.6%  36.7  214s
 526770 393923 infeasible  154       353.99896   65.00000  81.6%  36.8  216s
 535052 393950   73.83333  175  236  353.99896   65.00000  81.6%  36.8  223s
 535089 398814   73.83333  176  233  353.99896   65.00000  81.6%  36.8  225s
 541757 398833   65.33333  115  279  353.99896   65.00000  81.6%  36.9  237s
 541802 421982   65.33333  116  275  353.99896   65.00000  81.6%  36.9  250s
 586552 431235   65.66667  160  228  353.99896   65.00000  81.6%  37.8  260s
 593631 440394   65.00233  169  313  353.99896   65.00000  81.6%  38.0  265s
 615193 455445   65.16667  196  269  353.99896   65.00000  81.6%  38.5  271s
 628080 465838   67.33588  242  225  353.99896   65.00000  81.6%  38.9  275s
 632767 465853   65.00000  166  260  353.99896   65.00000  81.6%  39.1  283s
 632816 487610   65.00000  167  258  353.99896   65.00000  81.6%  39.1  289s
 664848 492879 infeasible  233       353.99896   65.00000  81.6%  39.3  291s
 681444 502691   65.00000  122  301  353.99896   65.00000  81.6%  39.5  295s
 696260 514829   65.00000   90  308  353.99896   65.00000  81.6%  39.6  301s
 712969 524438 infeasible  254       353.99896   65.00000  81.6%  39.9  305s
 727113 537118   65.00000  157  272  353.99896   65.00000  81.6%  40.1  310s
 747985 549585   65.66667  155  264  353.99896   65.00000  81.6%  40.5  315s
 770345 564476   68.66667  169  238  353.99896   65.00000  81.6%  40.7  321s
 775292 564506   65.00000  102  343  353.99896   65.00000  81.6%  40.7  327s
 780773 571083   69.25005  173  260  353.99896   65.00000  81.6%  40.7  330s
 801644 586131   66.50000  151  280  353.99896   65.00000  81.6%  41.0  335s
 821321 602273   67.88889  201  198  353.99896   65.00000  81.6%  41.2  341s
 837281 611472   67.34107  126  297  353.99896   65.00000  81.6%  41.4  346s
 851974 623873   66.50000  181  239  353.99896   65.00000  81.6%  41.5  350s
 872847 633389   70.83333  158  253  353.99896   65.00000  81.6%  41.7  360s
 873671 638637   70.83333  163  253  353.99896   65.00000  81.6%  41.8  365s
 887372 646054 infeasible  112       353.99896   65.00000  81.6%  41.8  370s
 892087 646081   68.23627  225  226  353.99896   65.00000  81.6%  41.8  384s
 892124 651148   68.24008  226  220  353.99896   65.00000  81.6%  41.8  386s
 899967 651173   65.00000  132  273  353.99896   65.00000  81.6%  41.8  399s
 900006 655653   65.00000  133  286  353.99896   65.00000  81.6%  41.8  400s
 916631 666960     cutoff  165       353.99896   65.00000  81.6%  41.9  405s
 928292 670431   75.16667  145  217  353.99896   65.00000  81.6%  42.0  420s
 938593 682566   75.00000  248  163  353.99896   65.00000  81.6%  42.2  425s
 960710 697482  241.50000  215  201  353.99896   65.00000  81.6%  42.4  430s
 978309 711580   65.00000  170  295  353.99896   65.00000  81.6%  42.4  436s
 997255 721114   87.66667  206  194  353.99896   65.00000  81.6%  42.5  440s
 1011977 726886   66.83333  177  217  353.99896   65.00000  81.6%  42.5  456s
 1012012 748430   66.83431  178  220  353.99896   65.00000  81.6%  42.5  467s
 1051948 756680  162.91927  199  176  353.99896   65.00000  81.6%  42.8  471s
 1067567 763500   74.66667  127  266  353.99896   65.00000  81.6%  42.9  487s
 1074015 772909   84.33333  184  282  353.99896   65.00000  81.6%  42.9  490s
 1091267 781776 infeasible  215       353.99896   65.00000  81.6%  43.0  495s
 1106722 788565   71.00000  185  195  353.99896   65.00000  81.6%  43.1  509s
 1106760 810577   71.00000  186  195  353.99896   65.00000  81.6%  43.1  517s
 1138792 810607  107.33333  180  226  353.99896   65.00000  81.6%  43.3  530s
 1138826 830823  107.33333  181  227  353.99896   65.00000  81.6%  43.3  536s
 1181734 840091   71.83333  188  216  353.99896   65.00000  81.6%  43.3  540s
 1198257 848813   78.00000  204  194  353.99896   65.00000  81.6%  43.3  554s
 1198295 851171   78.00000  205  194  353.99896   65.00000  81.6%  43.3  555s
 1217027 864230  111.66667  118  288  353.99896   65.00000  81.6%  43.4  561s
 1232139 878651   65.00000  158  246  353.99896   65.00000  81.6%  43.4  566s
 1256052 889488  122.66824  153  203  353.99896   65.00000  81.6%  43.5  571s
 1265133 902127 infeasible  203       353.99896   65.00000  81.6%  43.6  576s
 1278029 909244   69.39133  244  205  353.99896   65.00000  81.6%  43.6  580s
 1294429 920025   94.33908  187  189  353.99896   65.00000  81.6%  43.6  585s
 1319791 935494   65.00000  117  258  353.99896   65.00000  81.6%  43.6  590s
 1336994 947645   81.83333  153  248  353.99896   65.00000  81.6%  43.6  595s
 1355362 957363  111.84347  171  244  353.99896   65.00000  81.6%  43.7  600s

Cutting planes:
  Learned: 292
  Gomory: 18
  Cover: 300
  Implied bound: 227
  Clique: 24
  MIR: 581
  Flow cover: 1581
  GUB cover: 9
  RLT: 3
  Relax-and-lift: 604

Cleanup yields a better solution

Explored 1355438 nodes (59310582 simplex iterations) in 600.01 seconds
Thread count was 32 (of 64 available processors)

Solution count 10: 353.999 354 354 ... 354.5

Time limit reached
Best objective 3.537465941159e+02, best bound 6.500000000000e+01, gap 81.6253%
