
Gurobi 9.1.2 (linux64) logging started Thu Mar 31 18:40:16 2022

Changed value of parameter LogFile to ta2_v-N11.log
   Prev:   Default: 
Changed value of parameter MIPFocus to 1
   Prev: 0  Min: 0  Max: 3  Default: 0
Changed value of parameter TimeLimit to 600.0
   Prev: inf  Min: 0.0  Max: inf  Default: inf
Warning: variables 0 and 346 have the same name "X[N31,N1]"
Warning: linear constraint 396 and linear constraint 397 have the same name "weight-constr-t5"
Warning: to let Gurobi read it back, use rlp format
Gurobi Optimizer version 9.1.2 build v9.1.2rc0 (linux64)
Thread count: 32 physical cores, 64 logical processors, using up to 32 threads
Optimize a model with 2524 rows, 2076 columns and 7488 nonzeros
Model fingerprint: 0x58c573b6
Variable types: 390 continuous, 1686 integer (1686 binary)
Coefficient statistics:
  Matrix range     [1e+00, 1e+06]
  Objective range  [2e-01, 2e-01]
  Bounds range     [1e+00, 5e+05]
  RHS range        [1e+00, 1e+06]
Presolve removed 67 rows and 54 columns
Presolve time: 0.02s
Presolved: 2457 rows, 2022 columns, 14334 nonzeros
Variable types: 384 continuous, 1638 integer (1638 binary)

Root relaxation: objective 6.400000e+01, 253 iterations, 0.00 seconds

    Nodes    |    Current Node    |     Objective Bounds      |     Work
 Expl Unexpl |  Obj  Depth IntInf | Incumbent    BestBd   Gap | It/Node Time

     0     0   64.00000    0  107          -   64.00000      -     -    0s
     0     0   64.00000    0  121          -   64.00000      -     -    0s
     0     0   64.00000    0   85          -   64.00000      -     -    0s
     0     0   64.00000    0   87          -   64.00000      -     -    0s
     0     0   64.00000    0   85          -   64.00000      -     -    0s
     0     0   64.00000    0   85          -   64.00000      -     -    0s
     0     0   64.00000    0   82          -   64.00000      -     -    0s
     0     0   64.00000    0   90          -   64.00000      -     -    0s
H    0     0                    1699565.5000   64.00000   100%     -    0s
     0     0   64.00000    0   74 1699565.50   64.00000   100%     -    0s
H    0     0                    16474.583186   64.00000   100%     -    0s
H    0     0                    16465.166667   64.00000   100%     -    0s
H    0     2                    16465.166662   64.00000   100%     -    0s
     0     2   64.00000    0   74 16465.1667   64.00000   100%     -    0s
H    1     4                    2186.1666661   64.00000  97.1%   391    0s
H    3     8                    2162.1666663   64.00000  97.0%   147    0s
H    7    16                    2158.1666664   64.00000  97.0%  68.7    0s
H    9    16                    1183.1666666   64.00000  94.6%  54.2    0s
H   11    16                    1135.1666665   64.00000  94.4%  44.9    0s
H   32    64                    1116.0000000   64.00000  94.3%  21.8    1s
H   35    64                    1114.1666667   64.00000  94.3%  20.1    1s
H   41    64                     609.0000000   64.00000  89.5%  17.5    1s
H   47    64                     608.1666667   64.00000  89.5%  15.6    1s
H   95   128                     600.5000000   64.00000  89.3%  10.8    2s
H   96   128                     596.8333333   64.00000  89.3%  10.9    2s
H   98   128                     596.1666667   64.00000  89.3%  10.7    2s
H  100   128                     594.6666667   64.00000  89.2%  10.5    2s
H  159   192                     590.0000000   64.00000  89.2%   7.8    4s
H  160   192                     589.5000000   64.00000  89.1%   7.8    4s
H  166   192                     589.3333333   64.00000  89.1%   7.7    4s
H  172   192                     414.3333333   64.00000  84.6%   7.8    4s
H  178   192                     386.0000000   64.00000  83.4%   7.6    4s
H  191   224                     385.3333333   64.00000  83.4%   7.3    6s
H  200   224                     385.0000000   64.00000  83.4%   7.4    6s
H  212   224                     384.6666667   64.00000  83.4%   7.3    6s
H  215   224                     384.1666667   64.00000  83.3%   7.3    6s
H  230   443                     384.1666666   64.00000  83.3%   7.5    6s
H  251   443                     384.0000000   64.00000  83.3%   7.6    6s
H  486  1066                     383.8333333   64.00000  83.3%   6.8    7s
  1088  1098   70.00000   36   77  383.83333   64.00000  83.3%   7.2   10s
H 1709  3952                     383.8333332   64.00000  83.3%   7.0   11s
H 6784  6819                     383.8333331   64.00000  83.3%   5.6   12s
H 6882  6819                     383.0754416   64.00000  83.3%   5.6   12s
 10919 10130   64.00000   42   70  383.07544   64.00000  83.3%   5.5   15s
 16971 15423   65.00000   19  330  383.07544   64.16667  83.2%   7.5   20s
 17442 15737   68.16667   34  296  383.07544   64.16667  83.2%   7.7   25s
 21682 18494   64.83333   62  270  383.07544   64.22222  83.2%   9.6   31s
 25372 20068 infeasible  187       383.07544   64.22222  83.2%  11.0   38s
 27905 21436   64.50000   51  281  383.07544   64.22222  83.2%  11.8   40s
 40143 30999   65.50000  100  276  383.07544   64.50000  83.2%  14.9   45s
 48487 32019   82.33333  233  214  383.07544   64.50000  83.2%  15.6   52s
 53697 35571   64.66667   51  273  383.07544   64.50000  83.2%  16.4   55s
 78051 53709  218.33333  237  122  383.07544   64.50000  83.2%  17.4   60s
 110211 79695   64.50000  106  278  383.07544   64.50000  83.2%  18.3   65s
 138274 103111   64.50000   64  299  383.07544   64.50000  83.2%  18.5   70s
 161624 121452   67.16667  139  231  383.07544   64.50000  83.2%  19.0   75s
 179182 133100   85.66667  213  215  383.07544   64.50000  83.2%  19.4   80s
 208025 161062   75.12138  182  253  383.07544   64.50000  83.2%  20.4   86s
 228407 170441   78.50576  199  234  383.07544   64.50000  83.2%  20.8  105s
 247552 184990  238.33333  205  170  383.07544   64.50000  83.2%  21.2  113s
 252509 191515  231.16667  174  213  383.07544   64.50000  83.2%  21.2  115s
 275824 211941   73.16667  147  227  383.07544   64.50000  83.2%  21.2  120s
 282612 211965   65.00029  193  240  383.07544   64.50000  83.2%  21.3  128s
 285549 218864   71.25002  214  225  383.07544   64.50000  83.2%  21.6  130s
 316021 237904   67.00000  168  238  383.07544   64.50000  83.2%  22.3  135s
 320577 241047  241.50000  188  167  383.07544   64.50000  83.2%  22.3  140s
 344113 263739  236.16892  161  201  383.07544   64.50000  83.2%  22.9  145s
 362982 275019   67.46667  191  220  383.07544   64.50000  83.2%  23.3  154s
 363019 299378   68.00000  190  223  383.07544   64.50000  83.2%  23.3  160s
 404732 306735   65.89080  102  275  383.07544   64.50000  83.2%  23.5  167s
 406782 311126   68.66667  118  251  383.07544   64.50000  83.2%  23.6  170s
 426773 332270   78.00000  168  205  383.07544   64.50000  83.2%  23.7  175s
 441600 339634   64.50000   72  254  383.07544   64.50000  83.2%  23.9  180s
 456734 355573   66.50000  121  208  383.07544   64.50000  83.2%  24.2  186s
 467442 355599   64.50000  123  239  383.07544   64.50000  83.2%  24.3  196s
 477672 363202     cutoff  193       383.07544   64.50000  83.2%  24.3  200s
 502187 380743  263.83333  136  205  383.07544   64.50000  83.2%  24.4  217s
 507342 384875  283.33368  165  233  383.07544   64.50000  83.2%  24.5  221s
 518189 400715  266.80342  232  185  383.07544   64.50000  83.2%  24.5  225s
 544882 411167   66.66667  137  272  383.07544   64.50000  83.2%  24.6  230s
 559232 421723     cutoff  165       383.07544   64.50000  83.2%  24.8  244s
 559274 424348  145.00000  165  203  383.07544   64.50000  83.2%  24.8  245s
 581677 437256  124.50069  136  189  383.07544   64.50000  83.2%  24.9  258s
 581716 459929  124.50134  137  187  383.07544   64.50000  83.2%  24.9  264s
 607742 459929   68.00000  154  284  383.07544   64.50000  83.2%  25.1  265s
 631454 477180   72.66667  143  286  383.07544   64.50000  83.2%  25.4  270s
 653815 494617   69.33333  151  198  383.07544   64.50000  83.2%  25.7  275s
 673803 508424   65.83333  125  265  383.07544   64.50000  83.2%  25.8  281s
 691719 521227   67.33333  184  226  383.07544   64.50000  83.2%  25.9  285s
 721764 540683   71.50658  147  242  383.07544   64.50000  83.2%  25.9  290s
 736965 552086  196.33333  137  234  383.07544   64.50000  83.2%  25.9  295s
 758697 563982 infeasible  182       383.07544   64.50000  83.2%  26.0  307s
 764262 567758 infeasible  179       383.07544   64.50000  83.2%  26.0  315s
 783146 584516   75.50026  254  192  383.07544   64.50000  83.2%  26.1  320s
 802190 603557   85.66675  170  244  383.07544   64.50000  83.2%  26.3  326s
 825058 616283   83.16944  130  242  383.07544   64.50000  83.2%  26.4  330s
 846153 631652   65.16667  145  267  383.07544   64.50000  83.2%  26.6  335s
 851292 631677   71.25416  196  234  383.07544   64.50000  83.2%  26.6  343s
 856743 638080   65.33333  184  250  383.07544   64.50000  83.2%  26.6  345s
 874451 652187   71.66675  116  249  383.07544   64.50000  83.2%  26.8  350s
 889642 659164   76.66667  174  235  383.07544   64.50000  83.2%  26.7  367s
 890514 665029  118.66667  199  212  383.07544   64.50000  83.2%  26.7  370s
 912342 675404   84.66667  179  212  383.07544   64.50000  83.2%  26.9  389s
 912387 677958   84.66667  180  212  383.07544   64.50000  83.2%  26.9  390s
 928264 694737   68.16667   89  291  383.07544   64.50000  83.2%  26.9  396s
 947367 703317  238.00000  199  197  383.07544   64.50000  83.2%  27.0  400s
 961562 713292  119.00000  205  179  383.07544   64.50000  83.2%  27.1  405s
 984294 731609  258.16667  229  188  383.07544   64.50000  83.2%  27.3  410s
 989082 731638  299.83351  243  178  383.07544   64.50000  83.2%  27.3  420s
 1008374 747698   64.70000  134  258  383.07544   64.50000  83.2%  27.3  425s
 1024533 760374   66.83333  229  263  383.07544   64.50000  83.2%  27.4  430s
 1044078 772631  132.25050  226  222  383.07544   64.50000  83.2%  27.5  435s
 1053647 777486   69.50000  144  253  383.07544   64.50000  83.2%  27.6  446s
 1063991 792858   64.50000  142  290  383.07544   64.50000  83.2%  27.6  451s
 1086147 803073  121.16762  209  205  383.07544   64.50000  83.2%  27.7  455s
 1109609 820227  237.83333  168  231  383.07544   64.50000  83.2%  27.8  460s
 1127301 835585   86.83333  193  174  383.07544   64.50000  83.2%  27.8  466s
 1149682 843527   64.50000  172  270  383.07544   64.50000  83.2%  27.8  470s
 1169016 859873     cutoff  227       383.07544   64.50000  83.2%  27.8  475s
 1191939 877900   69.66667  220  210  383.07544   64.50000  83.2%  27.9  481s
 1210891 887354  260.83333  229  154  383.07544   64.50000  83.2%  27.9  485s
 1225131 900308   94.33333  129  260  383.07544   64.50000  83.2%  27.9  491s
 1238802 903057   90.00000  206  187  383.07544   64.50000  83.2%  27.9  499s
 1238843 906441  111.16667  207  185  383.07544   64.50000  83.2%  27.9  500s
 1253081 916869   69.16667  141  274  383.07544   64.50000  83.2%  28.0  505s
 1277285 931831   64.50000  125  284  383.07544   64.50000  83.2%  28.0  510s
 1286937 935565   74.33333  176  228  383.07544   64.50000  83.2%  28.0  516s
 1287807 941753   64.50000  120  249  383.07544   64.50000  83.2%  28.0  520s
 1295757 941783  307.16680  240  124  383.07544   64.50000  83.2%  28.0  529s
 1295791 946374  307.16680  241  125  383.07544   64.50000  83.2%  28.0  530s
 1302812 946396  106.83333  144  226  383.07544   64.50000  83.2%  28.0  541s
 1318788 962640  133.08333  236  210  383.07544   64.50000  83.2%  28.0  546s
 1343388 975656   72.83342  142  268  383.07544   64.50000  83.2%  28.1  550s
 1366569 991555     cutoff  157       383.07544   64.50000  83.2%  28.1  555s
 1375792 995887   89.00296  181  240  383.07544   64.50000  83.2%  28.1  567s
 1381688 1004637   65.50000  152  258  383.07544   64.50000  83.2%  28.1  570s
 1397818 1016644  220.83381  243  149  383.07544   64.50000  83.2%  28.2  575s
 1417642 1024191  306.00000  211  174  383.07544   64.50000  83.2%  28.2  589s
 1417681 1045668  306.00000  212  172  383.07544   64.50000  83.2%  28.2  595s

Cutting planes:
  Learned: 271
  Gomory: 10
  Cover: 204
  Implied bound: 189
  Clique: 33
  MIR: 553
  StrongCG: 2
  Flow cover: 1142
  GUB cover: 2
  Relax-and-lift: 321

Cleanup yields a better solution

Explored 1467792 nodes (41509926 simplex iterations) in 600.02 seconds
Thread count was 32 (of 64 available processors)

Solution count 10: 383.075 383.833 383.833 ... 385.333

Time limit reached
Best objective 3.828333333332e+02, best bound 6.449999999999e+01, gap 83.1519%
