
Gurobi 9.1.2 (linux64) logging started Thu Mar 31 16:29:42 2022

Changed value of parameter LogFile to ta2_v-N7.log
   Prev:   Default: 
Changed value of parameter MIPFocus to 1
   Prev: 0  Min: 0  Max: 3  Default: 0
Changed value of parameter TimeLimit to 600.0
   Prev: inf  Min: 0.0  Max: inf  Default: inf
Warning: variables 0 and 346 have the same name "X[N31,N1]"
Warning: linear constraint 396 and linear constraint 397 have the same name "weight-constr-t5"
Warning: to let Gurobi read it back, use rlp format
Gurobi Optimizer version 9.1.2 build v9.1.2rc0 (linux64)
Thread count: 32 physical cores, 64 logical processors, using up to 32 threads
Optimize a model with 2512 rows, 2076 columns and 7458 nonzeros
Model fingerprint: 0xb1428a39
Variable types: 390 continuous, 1686 integer (1686 binary)
Coefficient statistics:
  Matrix range     [1e+00, 1e+06]
  Objective range  [2e-01, 2e-01]
  Bounds range     [1e+00, 5e+05]
  RHS range        [1e+00, 1e+06]
Presolve removed 84 rows and 90 columns
Presolve time: 0.04s
Presolved: 2428 rows, 1986 columns, 8989 nonzeros
Variable types: 384 continuous, 1602 integer (1602 binary)

Root relaxation: objective 6.500000e+01, 270 iterations, 0.00 seconds

    Nodes    |    Current Node    |     Objective Bounds      |     Work
 Expl Unexpl |  Obj  Depth IntInf | Incumbent    BestBd   Gap | It/Node Time

     0     0   65.00000    0  107          -   65.00000      -     -    0s
     0     0   65.00000    0  195          -   65.00000      -     -    0s
     0     0   65.00000    0  194          -   65.00000      -     -    0s
     0     0   65.00000    0   86          -   65.00000      -     -    0s
     0     0   65.00000    0   89          -   65.00000      -     -    0s
     0     0   65.00000    0   98          -   65.00000      -     -    0s
     0     0   65.00000    0  122          -   65.00000      -     -    0s
     0     0   65.00000    0   91          -   65.00000      -     -    0s
     0     0   65.00000    0  116          -   65.00000      -     -    0s
H    0     0                    3304351.9767   65.00000   100%     -    0s
     0     0   65.00000    0   92 3304351.98   65.00000   100%     -    0s
H    0     0                     743.5000231   65.00000  91.3%     -    0s
H    0     0                     692.5000000   65.00000  90.6%     -    0s
H    0     0                     674.0000000   65.00000  90.4%     -    1s
H    0     0                     673.8333333   65.00000  90.4%     -    1s
H    0     2                     266.8333333   65.00000  75.6%     -    1s
     0     2   65.00000    0   91  266.83333   65.00000  75.6%     -    1s
H    1     4                     264.0000000   65.00000  75.4%   467    1s
H    3     8                     262.6666667   65.00000  75.3%   161    1s
H    7    16                     262.1666667   65.00000  75.2%   133    1s
H    8    16                     261.0000000   65.00000  75.1%   122    1s
H   13    16                     255.6875000   65.00000  74.6%  95.0    1s
H   31    64                     255.1875000   65.00000  74.5%  53.4    1s
H   34    64                     254.0833333   65.00000  74.4%  49.6    1s
H   37    64                     251.9166667   65.00000  74.2%  46.4    1s
H   43    64                     240.0000000   65.00000  72.9%  41.3    1s
H   95   128                     238.0833333   65.00000  72.7%  24.8    3s
H   96   128                     224.1666667   65.00000  71.0%  24.6    3s
H  104   128                     215.6666667   65.00000  69.9%  22.9    3s
H  114   128                     215.5000000   65.00000  69.8%  21.1    3s
H  117   128                     215.0000000   65.00000  69.8%  20.6    3s
H  126   128                     214.8333333   65.00000  69.7%  19.5    3s
H  159   192                     213.6666667   65.00000  69.6%  16.8    5s
H  160   192                     209.1666667   65.00000  68.9%  16.7    5s
H  181   192                     207.0000000   65.00000  68.6%  15.2    5s
H  191   224                     204.1666667   65.00000  68.2%  14.5    7s
H  197   224                     204.0000000   65.00000  68.1%  14.2    7s
H  211   224                     203.5000000   65.00000  68.1%  13.6    7s
H  237   446                     203.1666667   65.00000  68.0%  12.6    7s
H  391   446                     203.0000000   65.00000  68.0%  10.2    7s
H  448   478                     202.8333333   65.00000  68.0%   9.8    9s
H  449   478                     202.6666667   65.00000  67.9%   9.8    9s
H  454   478                     200.5000000   65.00000  67.6%   9.7    9s
H  479   510                     199.8333333   65.00000  67.5%   9.8   10s
H  482   510                     199.6666667   65.00000  67.4%   9.8   10s
H 2362  4225                     199.6666666   65.00000  67.4%   6.3   11s
H 4726  6384                     199.6666665   65.00000  67.4%   5.7   11s
H 5317  6384                     199.6666665   65.00000  67.4%   5.6   11s
 14812 13580   65.00000   19  305  199.66667   65.00000  67.4%   9.3   17s
H14828 12900                     199.5000000   65.00000  67.4%   9.4   17s
H14885 12304                     199.5000000   65.00000  67.4%   9.4   17s
H15335 12426                     199.4999980   65.00000  67.4%   9.8   18s
H15826 11872                     199.4999941   65.00000  67.4%  10.2   19s
 19189 16080   65.00000   76  307  199.49999   65.00000  67.4%  13.2   20s
 29330 23160   67.00000   71  322  199.49999   65.00000  67.4%  25.1   25s
 41166 25620 infeasible  160       199.49999   65.00000  67.4%  31.2   30s
 50450 32586  116.50000  247  206  199.49999   65.00000  67.4%  33.6   35s
 66824 46054   65.00000   32  344  199.49999   65.00000  67.4%  37.5   40s
 82327 56182   65.00000  112  279  199.49999   65.00000  67.4%  39.8   46s
 86062 56208   65.00000   82  310  199.49999   65.00000  67.4%  40.4   51s
 91952 60732   65.50000  129  293  199.49999   65.00000  67.4%  41.0   60s
 91989 84762   65.50000  130  287  199.49999   65.00000  67.4%  41.0   69s
 124021 85006   85.00000  157  275  199.49999   65.00000  67.4%  46.5   72s
 124403 108904   85.00000  163  257  199.49999   65.00000  67.4%  46.6   80s
 161971 118107 infeasible  209       199.49999   65.00000  67.4%  51.0   85s
 177468 126894 infeasible  183       199.49999   65.00000  67.4%  52.6   90s
 192310 138852   67.16667  179  267  199.49999   65.00000  67.4%  54.2   95s
 197517 138880   65.00000   81  280  199.49999   65.00000  67.4%  55.2  102s
 204197 143319   71.83333  111  316  199.49999   65.00000  67.4%  56.3  110s
 213130 152686 infeasible  189       199.49999   65.00000  67.4%  57.5  115s
 229690 164168 infeasible  161       199.49999   65.00000  67.4%  59.6  121s
 239764 171720   66.33333  128  296  199.49999   65.00000  67.4%  60.4  125s
 250902 176612   66.33333  144  283  199.49999   65.00000  67.4%  60.9  136s
 250942 199390   66.33333  145  283  199.49999   65.00000  67.4%  61.0  154s
 282974 203265   65.00000  123  288  199.49999   65.00000  67.4%  64.2  157s
 288522 205216  109.33333  167  303  199.49999   65.00000  67.4%  64.4  160s
 296815 215952   71.00000  137  259  199.49999   65.00000  67.4%  64.8  165s
 314660 227418   65.66667  149  244  199.49999   65.00000  67.4%  66.2  171s
 330236 237012   65.00000  140  341  199.49999   65.00000  67.4%  67.0  176s
 338677 241448   65.10419  134  300  199.49999   65.00000  67.4%  67.8  181s
 346708 250683   66.16667  108  335  199.49999   65.00000  67.4%  67.9  186s
 362688 258088   65.00000  145  246  199.49999   65.00000  67.4%  68.5  191s
 369285 263658   65.00000  157  290  199.49999   65.00000  67.4%  68.7  196s
 381650 271930   65.16667  182  277  199.49999   65.00000  67.4%  68.9  200s
 397105 282763   65.69697  133  302  199.49999   65.00000  67.4%  70.0  206s
 407286 289556   66.50000  160  306  199.49999   65.00000  67.4%  70.3  210s
 417329 297668 infeasible  185       199.49999   65.00000  67.4%  70.7  215s
 437158 307243   69.00000  155  261  199.49999   65.00000  67.4%  71.1  221s
 441072 308917  142.50000  129  281  199.49999   65.00000  67.4%  71.3  225s
 450122 315443   65.66667  165  319  199.49999   65.00000  67.4%  71.6  232s
 453823 319176   70.21028  170  281  199.49999   65.00000  67.4%  71.8  235s
 465852 326200 infeasible  162       199.49999   65.00000  67.4%  72.4  242s
 476803 333284   75.50000  158  310  199.49999   65.00000  67.4%  72.8  247s
 486821 340787   69.83333  152  265  199.49999   65.00000  67.4%  73.4  251s
 503710 349955   65.00000  138  305  199.49999   65.00000  67.4%  74.1  256s
 515619 356644 infeasible  127       199.49999   65.00000  67.4%  74.5  260s
 526769 365244   65.00000  168  295  199.49999   65.00000  67.4%  75.0  265s
 535652 369559   65.33333  150  313  199.49999   65.00000  67.4%  75.5  272s
 538977 369599   65.00000  178  255  199.49999   65.00000  67.4%  75.6  278s
 539031 389640   65.00000  179  254  199.49999   65.00000  67.4%  75.6  289s
 545037 389640   67.00000   75  342  199.49999   65.00000  67.4%  75.8  290s
 583262 397103 infeasible  148       199.49999   65.00000  67.4%  76.7  307s
 588508 400266   67.16667  105  282  199.49999   65.00000  67.4%  76.8  311s
 593663 406153 infeasible  220       199.49999   65.00000  67.4%  77.1  315s
 609591 417688   65.00000   92  310  199.49999   65.00000  67.4%  77.2  321s
 620043 423450  159.87044  194  217  199.49999   65.00000  67.4%  77.5  325s
 633839 431981   82.01228  167  199  199.49999   65.00000  67.4%  77.9  330s
 646093 439060 infeasible  131       199.49999   65.00000  67.4%  78.4  335s
 658582 446235 infeasible  153       199.49999   65.00000  67.4%  78.9  342s
 666913 453706  149.83333  140  205  199.49999   65.00000  67.4%  79.2  346s
 677030 458975   83.83333  173  269  199.49999   65.00000  67.4%  79.6  350s
 686402 463930   66.33333  126  283  199.49999   65.00000  67.4%  79.7  355s
 695317 469814 infeasible  183       199.49999   65.00000  67.4%  80.0  361s
H701846 472631                     199.3333333   65.00000  67.4%  80.1  363s
 705364 476535   66.00000  161  284  199.33333   65.00000  67.4%  80.2  365s
H705400 476527                     199.1666667   65.00000  67.4%  80.2  365s
H712268 479178                     199.1666666   65.00000  67.4%  80.4  367s
H714349 479158                     198.8333333   65.00000  67.3%  80.4  367s
H716100 482477                     198.6666667   65.00000  67.3%  80.5  369s
H716113 482426                     198.0000000   65.00000  67.2%  80.5  369s
H721358 482422                     197.8333333   65.00000  67.1%  80.6  369s
H721572 482361                     197.1666667   65.00000  67.0%  80.6  376s
H721575 482341                     197.0000000   65.00000  67.0%  80.6  376s
H721882 485414                     196.8333333   65.00000  67.0%  80.6  378s
 726732 485507 infeasible  166       196.83333   65.00000  67.0%  80.8  380s
H726740 485485                     196.6666667   65.00000  66.9%  80.8  380s
 727312 487839   65.00000  191  290  196.66667   65.00000  66.9%  80.8  386s
H730447 487839                     196.6666666   65.00000  66.9%  80.9  386s
H730910 487839                     196.6666639   65.00000  66.9%  80.9  386s
H731208 491678                     196.6666565   65.00000  66.9%  80.9  389s
H731300 491678                     196.6666564   65.00000  66.9%  80.9  389s
H731468 491678                     196.6666563   65.00000  66.9%  80.9  389s
 737309 494333  107.66667  180  244  196.66666   65.00000  66.9%  81.0  391s
H737400 494333                     196.6666561   65.00000  66.9%  81.0  391s
H745931 497482                     196.6666560   65.00000  66.9%  81.2  393s
 747054 499512   70.17486  151  264  196.66666   65.00000  66.9%  81.2  395s
H747100 499512                     196.6666559   65.00000  66.9%  81.2  395s
 760418 508821   73.83333  113  255  196.66666   65.00000  66.9%  81.5  401s
 766392 508844 infeasible  117       196.66666   65.00000  66.9%  81.7  412s
 771123 513791  127.53030  180  222  196.66666   65.00000  66.9%  81.8  416s
 780258 519626   65.91672  182  282  196.66666   65.00000  66.9%  82.0  420s
 790170 526168   66.77523  145  269  196.66666   65.00000  66.9%  82.3  425s
 805451 534292   82.16667  132  264  196.66666   65.00000  66.9%  82.6  431s
 810502 534313   65.00000  123  311  196.66666   65.00000  66.9%  82.6  441s
H810525 534313                     196.6666555   65.00000  66.9%  82.6  441s
 815205 540367   69.16667  177  235  196.66666   65.00000  66.9%  82.7  445s
H818532 540367                     196.6666553   65.00000  66.9%  82.7  446s
H820705 544332                     196.6666551   65.00000  66.9%  82.8  448s
H823876 544332                     196.6666551   65.00000  66.9%  82.8  448s
 828094 545670   82.83333  218  218  196.66666   65.00000  66.9%  82.8  450s
 835052 548000 infeasible  119       196.66666   65.00000  66.9%  83.0  463s
 835097 548438 infeasible  113       196.66666   65.00000  66.9%  83.0  466s
 835937 549727  145.16769  121  243  196.66666   65.00000  66.9%  83.1  471s
 845117 556597   66.00000  126  265  196.66666   65.00000  66.9%  83.2  479s
 849433 560188   75.00000  191  251  196.66666   65.00000  66.9%  83.3  481s
 863345 566144   65.33333  101  324  196.66666   65.00000  66.9%  83.4  486s
 875595 574634 infeasible  184       196.66666   65.00000  66.9%  83.7  491s
 880647 574649   65.00000  129  324  196.66666   65.00000  66.9%  83.8  509s
 880695 577678   65.00000  130  311  196.66666   65.00000  66.9%  83.8  511s
H886279 577687                     196.0000000   65.00000  66.8%  83.9  514s
 886461 595546  151.83333  170  249  196.00000   65.00000  66.8%  83.9  526s
H886700 595493                     195.8333333   65.00000  66.8%  83.9  527s
H888502 595469                     195.6666667   65.00000  66.8%  83.9  527s
H892405 595414                     195.3333333   65.00000  66.7%  84.0  527s
 918493 598411  103.33333  199  226  195.33333   65.00000  66.7%  84.3  530s
 935401 608762   66.00082  119  277  195.33333   65.00000  66.7%  84.5  536s
 945655 614251  111.50000  164  259  195.33333   65.00000  66.7%  84.6  540s
 962260 623277   73.33333  125  262  195.33333   65.00000  66.7%  84.9  546s
 972262 626077     cutoff  141       195.33333   65.00000  66.7%  85.0  562s
 972303 629311     cutoff  141       195.33333   65.00000  66.7%  85.0  565s
 989733 638435   69.83333  189  231  195.33333   65.00000  66.7%  85.2  571s
H990574 638435                     195.3333333   65.00000  66.7%  85.2  571s
H993500 641399                     195.3333333   65.00000  66.7%  85.2  573s
H993958 641399                     195.3333327   65.00000  66.7%  85.2  573s
H998574 641399                     195.3333327   65.00000  66.7%  85.3  573s
 998575 643670 infeasible  215       195.33333   65.00000  66.7%  85.3  575s
H998576 643670                     195.3333326   65.00000  66.7%  85.3  575s
H998701 643670                     195.3333322   65.00000  66.7%  85.3  575s
H1000198 643670                     195.3333321   65.00000  66.7%  85.3  575s
H1002437 643670                     195.3333321   65.00000  66.7%  85.3  575s
H1002600 646148                     195.3333320   65.00000  66.7%  85.3  578s
H1003481 646148                     195.3333320   65.00000  66.7%  85.3  578s
 1007020 649982   67.83333  208  211  195.33333   65.00000  66.7%  85.4  580s
H1013807 649982                     195.3333320   65.00000  66.7%  85.4  580s
 1026421 658711 infeasible  180       195.33333   65.00000  66.7%  85.5  586s
 1030192 659690   65.00000  167  297  195.33333   65.00000  66.7%  85.6  590s
 1043773 669518  191.34693  173  271  195.33333   65.00000  66.7%  85.8  597s
H1047132 669518                     195.3333292   65.00000  66.7%  85.8  597s
 1055795 672551 infeasible  180       195.33333   65.00000  66.7%  85.9  600s

Cutting planes:
  Learned: 333
  Gomory: 35
  Cover: 376
  Implied bound: 223
  Clique: 64
  MIR: 1055
  StrongCG: 1
  Flow cover: 1910
  GUB cover: 2
  Mod-K: 2
  RLT: 140
  Relax-and-lift: 760

Cleanup yields a better solution

Explored 1055839 nodes (90680374 simplex iterations) in 600.02 seconds
Thread count was 32 (of 64 available processors)

Solution count 10: 195.333 195.333 195.333 ... 195.833

Time limit reached
Best objective 1.953077425788e+02, best bound 6.500000000003e+01, gap 66.7192%
