
Gurobi 9.1.2 (linux64) logging started Thu Mar 31 09:58:00 2022

Changed value of parameter LogFile to ta2_v-N44.log
   Prev:   Default: 
Changed value of parameter MIPFocus to 1
   Prev: 0  Min: 0  Max: 3  Default: 0
Changed value of parameter TimeLimit to 600.0
   Prev: inf  Min: 0.0  Max: inf  Default: inf
Warning: variables 0 and 346 have the same name "X[N31,N1]"
Warning: linear constraint 396 and linear constraint 397 have the same name "weight-constr-t5"
Warning: to let Gurobi read it back, use rlp format
Gurobi Optimizer version 9.1.2 build v9.1.2rc0 (linux64)
Thread count: 32 physical cores, 64 logical processors, using up to 32 threads
Optimize a model with 2512 rows, 2076 columns and 7458 nonzeros
Model fingerprint: 0xdb752f33
Variable types: 390 continuous, 1686 integer (1686 binary)
Coefficient statistics:
  Matrix range     [1e+00, 1e+06]
  Objective range  [2e-01, 2e-01]
  Bounds range     [1e+00, 5e+05]
  RHS range        [1e+00, 1e+06]
Presolve removed 54 rows and 60 columns
Presolve time: 0.04s
Presolved: 2458 rows, 2016 columns, 9125 nonzeros
Variable types: 384 continuous, 1632 integer (1632 binary)

Root relaxation: objective 6.500000e+01, 269 iterations, 0.00 seconds

    Nodes    |    Current Node    |     Objective Bounds      |     Work
 Expl Unexpl |  Obj  Depth IntInf | Incumbent    BestBd   Gap | It/Node Time

     0     0   65.00000    0  116          -   65.00000      -     -    0s
     0     0   65.00000    0  223          -   65.00000      -     -    0s
     0     0   65.00000    0  225          -   65.00000      -     -    0s
     0     0   65.00000    0   84          -   65.00000      -     -    0s
     0     0   65.00000    0   92          -   65.00000      -     -    0s
     0     0   65.00000    0   87          -   65.00000      -     -    0s
     0     0   65.00000    0  104          -   65.00000      -     -    0s
     0     0   65.00000    0   89          -   65.00000      -     -    0s
     0     0   65.00000    0  103          -   65.00000      -     -    0s
H    0     0                    1966381.0000   65.00000   100%     -    0s
     0     0   65.00000    0   86 1966381.00   65.00000   100%     -    0s
H    0     0                     632.6666667   65.00000  89.7%     -    0s
H    0     0                     629.5000000   65.00000  89.7%     -    0s
H    0     0                     628.3333333   65.00000  89.7%     -    0s
H    0     2                     351.0000000   65.00000  81.5%     -    1s
     0     2   65.00000    0   80  351.00000   65.00000  81.5%     -    1s
H    8    16                     350.6666667   65.00000  81.5%   101    1s
H   32    64                     350.5000000   65.00000  81.5%  38.4    1s
H   33    64                     345.5000000   65.00000  81.2%  37.3    1s
H   39    64                     344.0000000   65.00000  81.1%  32.0    1s
H   40    64                     241.6666667   65.00000  73.1%  31.3    1s
H   95   128                     240.3333333   65.00000  73.0%  15.8    3s
H  110   128                     240.1666667   65.00000  72.9%  14.0    3s
H  120   128                     232.6666667   65.00000  72.1%  12.9    3s
H  127   160                     232.3333333   65.00000  72.0%  12.3    4s
H  128   160                     232.1666667   65.00000  72.0%  12.3    4s
H  148   160                     230.3333333   65.00000  71.8%  10.9    4s
H  159   192                     230.1666667   65.00000  71.8%  10.5   10s
H  160   192                     229.8333333   65.00000  71.7%  10.4   10s
H  169   192                     228.3333333   65.00000  71.5%  10.0   10s
H  255   627                     227.8333333   65.00000  71.5%   7.6   10s
H  616   627                     227.6666667   65.00000  71.4%   5.6   10s
H  790  2852                     227.3333333   65.00000  71.4%   5.3   11s
H 2926  2882                     226.8120854   65.00000  71.3%   5.2   12s
 14456 13371   65.83333  149  174  226.81209   65.00000  71.3%   5.5   15s
 14916 14302   65.00000   20  349  226.81209   65.00000  71.3%   9.2   20s
 30081 26832   89.16953  169  217  226.81209   65.00000  71.3%  22.2   26s
 40142 25749   66.33333  124  291  226.81209   65.00000  71.3%  25.2   35s
 48607 29671   67.66667   66  328  226.81209   65.00000  71.3%  28.9   47s
 51857 32543     cutoff  103       226.81209   65.00000  71.3%  30.5   50s
 59730 44241   75.83333   82  252  226.81209   65.00000  71.3%  33.1   55s
 84195 58574   66.33436  188  264  226.81209   65.00000  71.3%  37.6   60s
 104956 71887   65.00000  111  281  226.81209   65.00000  71.3%  39.5   65s
 122016 87867   65.00000   69  336  226.81209   65.00000  71.3%  42.1   72s
 134129 93987   65.33333  139  306  226.81209   65.00000  71.3%  43.3   75s
 152380 107988   66.66667  138  314  226.81209   65.00000  71.3%  45.2   81s
 164068 114830   69.16667  181  257  226.81209   65.00000  71.3%  47.1   85s
 178473 126151   65.00000  124  284  226.81209   65.00000  71.3%  48.3   90s
 184227 126174   67.83333  177  267  226.81209   65.00000  71.3%  48.8   98s
 184268 148108   67.83333  178  267  226.81209   65.00000  71.3%  48.9  107s
 216300 148258 infeasible  170       226.81209   65.00000  71.3%  50.8  110s
 216496 169663   65.66667  110  330  226.81209   65.00000  71.3%  50.8  118s
 248528 173425  175.33641  189  200  226.81209   65.00000  71.3%  52.9  121s
 259405 180345   65.00000   62  301  226.81209   65.00000  71.3%  53.4  125s
 273629 191104   65.50000  129  280  226.81209   65.00000  71.3%  54.1  130s
 291596 201712   66.18056  128  315  226.81209   65.00000  71.3%  55.2  135s
 301187 205720   71.17554  157  236  226.81209   65.00000  71.3%  55.6  148s
 301234 209442   69.00000  158  233  226.81209   65.00000  71.3%  55.6  150s
 316963 218666 infeasible  165       226.81209   65.00000  71.3%  56.2  155s
 330532 227770   74.16667  122  285  226.81209   65.00000  71.3%  56.8  160s
 346630 237646   66.33333  159  229  226.81209   65.00000  71.3%  57.7  165s
 358978 247155   65.00000  136  252  226.81209   65.00000  71.3%  58.3  170s
 373982 252336   65.16667  133  347  226.81209   65.00000  71.3%  58.9  185s
 374040 271529   65.16667  133  358  226.81209   65.00000  71.3%  58.9  194s
 406072 271554   74.33333  192  219  226.81209   65.00000  71.3%  60.3  208s
 406111 290811 infeasible  193       226.81209   65.00000  71.3%  60.3  218s
 438143 294048   73.33333  138  261  226.81209   65.00000  71.3%  61.8  220s
 453724 304380   67.00000   91  316  226.81209   65.00000  71.3%  62.5  225s
 469577 310445 infeasible  170       226.81209   65.00000  71.3%  62.8  238s
 469623 330157   65.00000   77  330  226.81209   65.00000  71.3%  62.8  247s
 501655 333728   67.00000  144  277  226.81209   65.00000  71.3%  63.5  250s
 517118 344671   65.00000  123  315  226.81209   65.00000  71.3%  63.9  255s
 533108 355355 infeasible  163       226.81209   65.00000  71.3%  64.0  261s
 548300 365980   65.12500  125  325  226.81209   65.00000  71.3%  64.4  266s
 558029 372570 infeasible  168       226.81209   65.00000  71.3%  64.5  270s
 575568 382732   69.66667  158  261  226.81209   65.00000  71.3%  64.6  275s
 588599 393295 infeasible  152       226.81209   65.00000  71.3%  64.9  281s
 600647 401103   66.50000  113  294  226.81209   65.00000  71.3%  64.9  285s
 616758 411402   65.00000   84  320  226.81209   65.00000  71.3%  64.8  290s
 625602 414639   65.00411   89  310  226.81209   65.00000  71.3%  64.9  303s
 625645 436103   65.00000   90  302  226.81209   65.00000  71.3%  64.9  312s
 657677 436123 infeasible  101       226.81209   65.00000  71.3%  65.1  323s
 657721 456877   67.87500  103  306  226.81209   65.00000  71.3%  65.1  334s
 689753 460391   70.50000  155  254  226.81209   65.00000  71.3%  65.3  336s
 700651 466633   68.66667  153  220  226.81209   65.00000  71.3%  65.4  340s
 715160 476329   66.16667  101  298  226.81209   65.00000  71.3%  65.6  346s
 720717 476342   68.36578  148  253  226.81209   65.00000  71.3%  65.7  355s
 720768 496301   69.33779  149  295  226.81209   65.00000  71.3%  65.7  366s
 759101 504690 infeasible  133       226.81209   65.00000  71.3%  65.8  371s
 776067 510843   66.22222  129  287  226.81209   65.00000  71.3%  65.9  388s
 776107 513947   66.22222  130  298  226.81209   65.00000  71.3%  65.9  390s
 793741 523443   65.83333  124  305  226.81209   65.00000  71.3%  66.2  395s
 801887 526341   69.83333  127  339  226.81209   65.00000  71.3%  66.3  407s
 807429 531676   65.00000  153  269  226.81209   65.00000  71.3%  66.5  410s
 816918 539462   77.33333  151  239  226.81209   65.00000  71.3%  66.6  415s
 833297 547311   66.83333  139  317  226.81209   65.00000  71.3%  66.8  420s
 848005 557531   75.04475  171  260  226.81209   65.00000  71.3%  67.1  426s
 864884 566335   65.33333  144  275  226.81209   65.00000  71.3%  67.3  431s
 879621 575510   70.50000  159  256  226.81209   65.00000  71.3%  67.4  436s
 892379 581979   84.66667  145  254  226.81209   65.00000  71.3%  67.8  440s
 906308 591002   65.16667  122  361  226.81209   65.00000  71.3%  68.0  446s
 919142 597682   66.00000  178  303  226.81209   65.00000  71.3%  68.2  450s
 934337 604065   77.16667  176  213  226.81209   65.00000  71.3%  68.5  465s
 944167 613054  120.00000  190  201  226.81209   65.00000  71.3%  68.7  471s
 955211 620231 infeasible  157       226.81209   65.00000  71.3%  69.0  475s
 972948 628172     cutoff  178       226.81209   65.00000  71.3%  69.2  480s
 984312 632441   67.00000  123  287  226.81209   65.00000  71.3%  69.5  504s
 984357 634649   67.00000  124  283  226.81209   65.00000  71.3%  69.5  506s
 998524 642714   65.00000  150  344  226.81209   65.00000  71.3%  69.7  511s
 1008504 650063 infeasible  196       226.81209   65.00000  71.3%  69.9  515s
 1021177 653221 infeasible  158       226.81209   65.00000  71.3%  70.0  528s
 1021236 655988   65.00000  158  308  226.81209   65.00000  71.3%  70.0  530s
 1035687 660754   69.00000  188  294  226.81209   65.00000  71.3%  70.2  550s
 1041009 663773 infeasible  216       226.81209   65.00000  71.3%  70.3  555s
 1041286 680966   82.00000  122  253  226.81209   65.00000  71.3%  70.3  564s
 1060305 680966 infeasible  168       226.81209   65.00000  71.3%  70.6  565s
 1086240 690003 infeasible  121       226.81209   65.00000  71.3%  70.9  571s
 1095927 693423   65.00000  127  291  226.81209   65.00000  71.3%  71.1  582s
 1100942 696272   65.50000  104  297  226.81209   65.00000  71.3%  71.2  591s
 1105654 702566   83.00070  148  223  226.81209   65.00000  71.3%  71.3  596s
 1118522 705765   65.50000  163  239  226.81209   65.00000  71.3%  71.4  600s

Cutting planes:
  Learned: 346
  Gomory: 21
  Cover: 404
  Implied bound: 238
  Clique: 70
  MIR: 1003
  Flow cover: 1822
  GUB cover: 2
  Mod-K: 1
  RLT: 111
  Relax-and-lift: 724

Cleanup yields a better solution

Explored 1118564 nodes (79925709 simplex iterations) in 600.02 seconds
Thread count was 32 (of 64 available processors)

Solution count 10: 226.812 227.333 227.667 ... 232.333

Time limit reached
Best objective 2.252518367768e+02, best bound 6.500000000001e+01, gap 71.1434%
