
Gurobi 9.1.2 (linux64) logging started Thu Mar 31 13:38:58 2022

Changed value of parameter LogFile to ta2_v-N62.log
   Prev:   Default: 
Changed value of parameter MIPFocus to 1
   Prev: 0  Min: 0  Max: 3  Default: 0
Changed value of parameter TimeLimit to 600.0
   Prev: inf  Min: 0.0  Max: inf  Default: inf
Warning: variables 0 and 346 have the same name "X[N31,N1]"
Warning: linear constraint 396 and linear constraint 397 have the same name "weight-constr-t5"
Warning: to let Gurobi read it back, use rlp format
Gurobi Optimizer version 9.1.2 build v9.1.2rc0 (linux64)
Thread count: 32 physical cores, 64 logical processors, using up to 32 threads
Optimize a model with 2512 rows, 2076 columns and 7458 nonzeros
Model fingerprint: 0x82bc17d1
Variable types: 390 continuous, 1686 integer (1686 binary)
Coefficient statistics:
  Matrix range     [1e+00, 1e+06]
  Objective range  [2e-01, 2e-01]
  Bounds range     [1e+00, 5e+05]
  RHS range        [1e+00, 1e+06]
Presolve removed 90 rows and 96 columns
Presolve time: 0.04s
Presolved: 2422 rows, 1980 columns, 9109 nonzeros
Variable types: 384 continuous, 1596 integer (1596 binary)

Root relaxation: objective 6.500000e+01, 272 iterations, 0.00 seconds

    Nodes    |    Current Node    |     Objective Bounds      |     Work
 Expl Unexpl |  Obj  Depth IntInf | Incumbent    BestBd   Gap | It/Node Time

     0     0   65.00000    0   92          -   65.00000      -     -    0s
     0     0   65.00000    0  176          -   65.00000      -     -    0s
     0     0   65.00000    0  174          -   65.00000      -     -    0s
     0     0   65.00000    0  102          -   65.00000      -     -    0s
     0     0   65.00000    0  102          -   65.00000      -     -    0s
     0     0   65.00000    0   94          -   65.00000      -     -    0s
     0     0   65.00000    0  116          -   65.00000      -     -    0s
     0     0   65.00000    0   74          -   65.00000      -     -    0s
     0     0   65.00000    0   93          -   65.00000      -     -    0s
     0     0   65.00000    0   83          -   65.00000      -     -    0s
H    0     0                    2678171.1667   65.00000   100%     -    1s
H    0     0                    8289.3333333   65.00000  99.2%     -    1s
H    0     0                    8285.5000000   65.00000  99.2%     -    1s
H    0     0                    8285.1666667   65.00000  99.2%     -    1s
H    0     2                    4198.0000000   65.00000  98.5%     -    1s
     0     2   65.00000    0   83 4198.00000   65.00000  98.5%     -    1s
H    1     4                    4197.9999996   65.00000  98.5%   452    1s
H    6     8                    4195.9999998   65.00000  98.5%  98.0    1s
H   12    16                    4185.0000000   65.00000  98.4%  73.2    1s
H   13    16                    4181.9999997   65.00000  98.4%  71.8    1s
H   15    32                    4177.3333331   65.00000  98.4%  69.3    1s
H   26    32                    4177.1666667   65.00000  98.4%  45.0    1s
H   31    64                    4174.6666664   65.00000  98.4%  40.4    1s
H   35    64                     618.5000000   65.00000  89.5%  37.0    1s
H   95   128                     351.0000000   65.00000  81.5%  21.3    3s
H   96   128                     344.5000000   65.00000  81.1%  21.1    3s
H   98   128                     344.0000000   65.00000  81.1%  21.2    3s
H  116   128                     342.1666667   65.00000  81.0%  19.2    3s
H  159   192                     339.1666667   65.00000  80.8%  16.1    7s
H  193   224                     338.6666667   65.00000  80.8%  14.1    9s
H  223   256                     338.0000000   65.00000  80.8%  12.9   10s
H  236   256                     337.5000000   65.00000  80.7%  12.4   10s
H  452   572                     337.3333333   65.00000  80.7%   9.3   10s
  1493  1932   66.00000   41   97  337.33333   65.00000  80.7%   7.1   15s
H 1507  1932                     336.3333333   65.00000  80.7%   7.0   15s
H 1522  1932                     330.8333333   65.00000  80.4%   7.0   15s
H 1687  1932                     330.6666667   65.00000  80.3%   6.8   15s
H 1959  3926                     327.1666665   65.00000  80.1%   6.6   17s
H 1960  3926                     325.8333333   65.00000  80.1%   6.6   17s
H 4100 11566                     325.5000000   65.00000  80.0%   5.7   19s
H 4200 11566                     325.4988689   65.00000  80.0%   5.7   19s
H 9465 11566                     325.2500000   65.00000  80.0%   5.6   19s
 12390 14566   65.66667   76  108  325.25000   65.00000  80.0%   5.5   20s
H12400 14566                     325.1666667   65.00000  80.0%   5.5   20s
H12511 14566                     325.0833333   65.00000  80.0%   5.5   20s
H13765 14566                     325.0000000   65.00000  80.0%   5.6   20s
H15033 14566                     324.8750000   65.00000  80.0%   5.7   20s
H15887 13839                     324.8333333   65.00000  80.0%   5.7   21s
H15887 13147                     324.5000000   65.00000  80.0%   5.7   21s
H15887 12490                     324.3333333   65.00000  80.0%   5.7   21s
H15893 11869                     324.1666667   65.00000  79.9%   5.7   22s
 15993 11968   65.00000   15  363  324.16667   65.00000  79.9%   8.6   28s
H16015 11367                     324.1666665   65.00000  79.9%   8.6   28s
H16057 10853                     324.1666665   65.00000  79.9%   8.6   28s
H16059 10316                     324.1666664   65.00000  79.9%   8.6   28s
H16155  9870                     324.1666663   65.00000  79.9%   8.8   29s
 16742 10712   65.00000   25  342  324.16667   65.00000  79.9%   9.5   30s
H23229 13840                     324.1666663   65.00000  79.9%  14.9   32s
H23743 13232                     324.1666508   65.00000  79.9%  15.1   38s
H23883 14063                     324.1666507   65.00000  79.9%  15.4   39s
H25031 13267                     324.0000000   65.00000  79.9%  16.9   39s
H25367 13888                     323.6666667   65.00000  79.9%  17.2   39s
 26582 16247   66.66667   69  295  323.66667   65.00000  79.9%  18.0   40s
H27168 15676                     323.5000000   65.00000  79.9%  18.5   40s
H27754 15126                     323.3333333   65.00000  79.9%  18.9   40s
 30158 14351  261.66848  188  193  323.33333   65.00000  79.9%  20.8   45s
H30159 14012                     323.0000000   65.00000  79.9%  20.8   45s
H30174 13686                     322.6666667   65.00000  79.9%  20.8   45s
H30181 13379                     322.5000000   65.00000  79.8%  20.8   45s
H35350 20808                     321.3333333   65.00000  79.8%  23.0   48s
H41845 21994                     321.3333279   65.00000  79.8%  24.6   48s
 45370 24638   73.50000  199  227  321.33333   65.00000  79.8%  25.5   50s
H45380 24638                     321.3333074   65.00000  79.8%  25.5   50s
 56504 37334   65.00000   70  315  321.33331   65.00000  79.8%  28.7   55s
 74463 49610  291.84655  226  172  321.33331   65.00000  79.8%  30.5   60s
 77213 49639   65.00000   57  314  321.33331   65.00000  79.8%  30.7   66s
 80163 52224   67.66667  111  293  321.33331   65.00000  79.8%  30.9   73s
 84644 60590 infeasible  210       321.33331   65.00000  79.8%  31.2   76s
 91188 61990 infeasible  165       321.33331   65.00000  79.8%  31.7   80s
 93461 86401   67.50000   76  299  321.33331   65.00000  79.8%  31.8   86s
 125493 86425   67.83376  155  245  321.33331   65.00000  79.8%  33.8   92s
 125533 111722   67.83333  156  230  321.33331   65.00000  79.8%  33.8  105s
 168512 124885  119.50295  217  171  321.33331   65.00000  79.8%  37.2  110s
H181257 131931                     320.8333333   65.00000  79.7%  37.8  112s
 186517 142873   80.16667  103  262  320.83333   65.00000  79.7%  38.1  116s
H191613 142873                     320.8333333   65.00000  79.7%  38.4  116s
H198796 144849                     320.1666667   65.00000  79.7%  38.7  117s
 200978 146303 infeasible  183       320.16667   65.00000  79.7%  38.9  120s
H201000 146286                     320.0000000   65.00000  79.7%  38.9  120s
H201264 146266                     319.8333333   65.00000  79.7%  38.9  120s
H201398 146266                     319.6666667   65.00000  79.7%  38.9  120s
H203635 149839                     319.5000000   65.00000  79.7%  39.2  121s
H209426 153048                     319.4997630   65.00000  79.7%  39.5  124s
 211720 157516   69.85924  132  258  319.49976   65.00000  79.7%  39.8  126s
 228933 166440 infeasible  143       319.49976   65.00000  79.7%  40.1  135s
 239865 177928   66.66823  143  279  319.49976   65.00000  79.7%  40.3  140s
 257723 188434   68.33333  223  227  319.49976   65.00000  79.7%  41.3  145s
 266828 195244   65.00000  108  307  319.49976   65.00000  79.7%  41.5  152s
 267895 201137  146.00213  135  236  319.49976   65.00000  79.7%  41.6  156s
 275248 203846   67.83333   82  309  319.49976   65.00000  79.7%  41.7  161s
H283085 209743                     319.3333333   65.00000  79.6%  41.9  164s
 287086 214385   66.50000   80  317  319.33333   65.00000  79.6%  42.1  165s
H291987 214385                     319.3333333   65.00000  79.6%  42.1  165s
 293423 214398   71.33333   92  275  319.33333   65.00000  79.6%  42.1  174s
H293435 214398                     319.3333333   65.00000  79.6%  42.1  174s
 293472 218791   71.33333   93  277  319.33333   65.00000  79.6%  42.1  176s
H293899 218791                     319.3333332   65.00000  79.6%  42.1  176s
H299361 220936                     319.3333332   65.00000  79.6%  42.2  177s
H299400 220936                     319.3333331   65.00000  79.6%  42.2  177s
 306311 228498   68.66667  137  271  319.33333   65.00000  79.6%  42.5  181s
 323688 235969   87.33333  172  212  319.33333   65.00000  79.6%  42.6  192s
 327139 240790   67.00072  122  275  319.33333   65.00000  79.6%  42.8  195s
 332328 243528   65.66667  141  280  319.33333   65.00000  79.6%  43.2  201s
H332377 243528                     319.3332246   65.00000  79.6%  43.2  201s
 333938 244328   67.33333  161  219  319.33322   65.00000  79.6%  43.3  206s
 334903 249078   67.50000  181  208  319.33322   65.00000  79.6%  43.4  211s
 350128 258462 infeasible  145       319.33322   65.00000  79.6%  43.8  218s
 359192 267015   65.33333  152  241  319.33322   65.00000  79.6%  44.0  221s
 369983 272373   65.00000  173  288  319.33322   65.00000  79.6%  44.3  226s
 380989 282745   67.33371  138  264  319.33322   65.00000  79.6%  44.7  230s
 397819 292493  119.00146  207  225  319.33322   65.00000  79.6%  44.9  235s
 407933 297588   79.25000  198  170  319.33322   65.00000  79.6%  45.0  243s
 407973 321322   94.26281  199  157  319.33322   65.00000  79.6%  45.0  260s
 450292 330421   67.83333  143  256  319.33322   65.00000  79.6%  45.5  265s
 462848 336546  243.50206  220  179  319.33322   65.00000  79.6%  45.6  272s
 463199 336967   66.00000  117  290  319.33322   65.00000  79.6%  45.6  276s
 470632 348434   82.83333  194  213  319.33322   65.00000  79.6%  45.7  281s
 488965 358655   70.00000  156  268  319.33322   65.00000  79.6%  46.1  285s
 494642 362311 infeasible  245       319.33322   65.00000  79.6%  46.1  291s
 509949 373346   75.00000  165  253  319.33322   65.00000  79.6%  46.2  295s
 522788 379100   67.33333  133  286  319.33322   65.00000  79.6%  46.4  304s
 522827 383480   67.33333  134  279  319.33322   65.00000  79.6%  46.4  306s
 538173 390652  116.16667  258  184  319.33322   65.00000  79.6%  46.5  311s
 549745 401279  298.24240  188  214  319.33322   65.00000  79.6%  46.4  316s
 560570 411061   66.16798  151  244  319.33322   65.00000  79.6%  46.5  320s
 582965 424410  276.83333  328  162  319.33322   65.00000  79.6%  47.0  326s
 593884 434827   65.00000  138  273  319.33322   65.00000  79.6%  47.0  330s
 611024 445735   83.83333  221  216  319.33322   65.00000  79.6%  47.2  335s
 621008 450948   70.66667  213  229  319.33322   65.00000  79.6%  47.3  340s
 624583 450976   66.50000   98  274  319.33322   65.00000  79.6%  47.3  346s
 624619 473205   66.50000   99  269  319.33322   65.00000  79.6%  47.3  354s
 656651 479128   65.94444  156  272  319.33322   65.00000  79.6%  47.6  356s
 674470 489458   67.50000  137  294  319.33322   65.00000  79.6%  47.6  360s
 688223 496164   65.00000  166  268  319.33322   65.00000  79.6%  47.9  369s
 688264 519459   66.16667  167  260  319.33322   65.00000  79.6%  47.9  378s
 720296 519600   76.50000  281  172  319.33322   65.00000  79.6%  48.2  381s
 720509 543497 infeasible  286       319.33322   65.00000  79.6%  48.2  389s
 752541 548461   75.27778  147  249  319.33322   65.00000  79.6%  48.4  391s
 762840 555195   67.08333  145  220  319.33322   65.00000  79.6%  48.5  396s
 781229 566919   65.16667  164  265  319.33322   65.00000  79.6%  48.4  401s
 793283 572923   74.33333  269  191  319.33322   65.00000  79.6%  48.7  406s
 806640 584815   65.00000  162  310  319.33322   65.00000  79.6%  48.7  411s
 816379 594479   67.83333   90  290  319.33322   65.00000  79.6%  48.9  415s
 834373 600997   65.00000  173  257  319.33322   65.00000  79.6%  48.9  421s
 845910 614001   65.00000  112  293  319.33322   65.00000  79.6%  48.9  426s
 863955 623730   65.00000  148  299  319.33322   65.00000  79.6%  49.0  430s
 877323 631213 infeasible  236       319.33322   65.00000  79.6%  49.2  437s
 878622 652972   92.50000  234  200  319.33322   65.00000  79.6%  49.2  445s
 923538 662038 infeasible  192       319.33322   65.00000  79.6%  49.5  457s
 928931 665801   78.00000  221  201  319.33322   65.00000  79.6%  49.6  460s
 936814 675538  105.02778  216  217  319.33322   65.00000  79.6%  49.7  465s
 955603 684579   65.00000  162  259  319.33322   65.00000  79.6%  50.0  476s
 958294 689675   67.83343  191  232  319.33322   65.00000  79.6%  50.0  481s
 969468 694158   67.50000  180  272  319.33322   65.00000  79.6%  50.1  490s
 976153 698510   65.00000  135  305  319.33322   65.00000  79.6%  50.1  500s
 976191 720469   65.00000  135  301  319.33322   65.00000  79.6%  50.1  508s
 1008223 720497  119.83440  251  167  319.33322   65.00000  79.6%  50.3  517s
 1008259 740921  122.33333  252  167  319.33322   65.00000  79.6%  50.3  531s
 1047509 749439  106.33431  180  225  319.33322   65.00000  79.6%  50.6  536s
 1064087 756662     cutoff  197       319.33322   65.00000  79.6%  50.6  540s
 1082245 768131  300.00085  262  140  319.33322   65.00000  79.6%  50.5  545s
 1097068 772924   67.00000  192  213  319.33322   65.00000  79.6%  50.6  557s
 1107053 778618   65.00000  179  232  319.33322   65.00000  79.6%  50.6  561s
 1107202 796305   65.00000  180  231  319.33322   65.00000  79.6%  50.6  569s
 1139234 800908  269.66667  218  169  319.33322   65.00000  79.6%  50.6  572s
 1156947 807561 infeasible  213       319.33322   65.00000  79.6%  50.6  576s
 1169708 811984   69.55000  211  199  319.33322   65.00000  79.6%  50.7  581s
 1169921 829038   69.55000  212  201  319.33322   65.00000  79.6%  50.7  589s
 1201953 829108  138.34334  232  148  319.33322   65.00000  79.6%  50.9  591s
 1202115 844129  169.50490  233  151  319.33322   65.00000  79.6%  50.9  599s
 1234147 844654     cutoff  209       319.33322   65.00000  79.6%  50.9  600s

Cutting planes:
  Learned: 302
  Gomory: 15
  Cover: 277
  Implied bound: 236
  Clique: 32
  MIR: 691
  StrongCG: 2
  Flow cover: 1674
  GUB cover: 4
  RLT: 6
  Relax-and-lift: 575

Cleanup yields a better solution

Explored 1235325 nodes (62930510 simplex iterations) in 600.03 seconds
Thread count was 32 (of 64 available processors)

Solution count 10: 319.333 319.333 319.333 ... 320

Time limit reached
Best objective 3.192613761406e+02, best bound 6.500000000000e+01, gap 79.6405%
