
Gurobi 9.1.2 (linux64) logging started Thu Mar 31 18:20:11 2022

Changed value of parameter LogFile to ta2_v-N33.log
   Prev:   Default: 
Changed value of parameter MIPFocus to 1
   Prev: 0  Min: 0  Max: 3  Default: 0
Changed value of parameter TimeLimit to 600.0
   Prev: inf  Min: 0.0  Max: inf  Default: inf
Warning: variables 0 and 346 have the same name "X[N31,N1]"
Warning: linear constraint 396 and linear constraint 397 have the same name "weight-constr-t5"
Warning: to let Gurobi read it back, use rlp format
Gurobi Optimizer version 9.1.2 build v9.1.2rc0 (linux64)
Thread count: 32 physical cores, 64 logical processors, using up to 32 threads
Optimize a model with 2476 rows, 2076 columns and 7368 nonzeros
Model fingerprint: 0xcd10fb1d
Variable types: 390 continuous, 1686 integer (1686 binary)
Coefficient statistics:
  Matrix range     [1e+00, 1e+06]
  Objective range  [2e-01, 2e-01]
  Bounds range     [1e+00, 5e+05]
  RHS range        [1e+00, 1e+06]
Presolve removed 198 rows and 222 columns
Presolve time: 0.04s
Presolved: 2278 rows, 1854 columns, 8611 nonzeros
Variable types: 384 continuous, 1470 integer (1470 binary)

Root relaxation: objective 6.500000e+01, 264 iterations, 0.00 seconds

    Nodes    |    Current Node    |     Objective Bounds      |     Work
 Expl Unexpl |  Obj  Depth IntInf | Incumbent    BestBd   Gap | It/Node Time

     0     0   65.00000    0  112          -   65.00000      -     -    0s
     0     0   65.00000    0  209          -   65.00000      -     -    0s
     0     0   65.00000    0  212          -   65.00000      -     -    0s
     0     0   65.00000    0   88          -   65.00000      -     -    0s
     0     0   65.00000    0  104          -   65.00000      -     -    0s
     0     0   65.00000    0   78          -   65.00000      -     -    0s
     0     0   65.00000    0   82          -   65.00000      -     -    0s
     0     0   65.00000    0  103          -   65.00000      -     -    0s
     0     0   65.00000    0  113          -   65.00000      -     -    0s
H    0     0                    7012436.1667   65.00000   100%     -    0s
     0     0   65.00000    0   86 7012436.17   65.00000   100%     -    0s
H    0     0                     209.0833333   65.00000  68.9%     -    1s
H    0     0                     207.9166667   65.00000  68.7%     -    1s
H    0     2                     202.5555556   65.00000  67.9%     -    1s
     0     2   65.00000    0   72  202.55556   65.00000  67.9%     -    1s
H    3     8                     202.3888889   65.00000  67.9%   140    1s
H    5     8                     202.2222222   65.00000  67.9%   107    1s
H    9    16                     202.0555555   65.00000  67.8%  76.1    1s
H   19    32                     201.8888889   65.00000  67.8%  43.5    1s
H   20    32                     201.0555555   65.00000  67.7%  41.4    1s
H   21    32                     200.8888889   65.00000  67.6%  39.5    1s
H   25    32                     200.8333333   65.00000  67.6%  35.1    1s
H   32    64                     192.5000000   65.00000  66.2%  30.7    1s
H   95   128                     190.8333333   65.00000  65.9%  13.0    3s
H   95   128                     189.4999997   65.00000  65.7%  13.0    3s
H   96   128                     188.6666667   65.00000  65.5%  12.9    3s
H   96   128                     188.5000000   65.00000  65.5%  12.9    3s
H   97   128                     186.5000000   65.00000  65.1%  12.8    3s
H   98   128                     180.3888889   65.00000  64.0%  12.7    3s
H  118   128                     174.0000000   65.00000  62.6%  11.2    3s
H  159   192                     168.6666667   65.00000  61.5%   9.6    6s
H  166   192                     168.3333333   65.00000  61.4%   9.4    6s
H  169   192                     167.8333333   65.00000  61.3%   9.3    6s
H  183   192                     164.3333332   65.00000  60.4%   9.0    6s
H  191   224                     163.3333333   65.00000  60.2%   8.9    8s
H  192   224                     162.6666667   65.00000  60.0%   8.8    8s
H  193   224                     162.5000000   65.00000  60.0%   8.8    8s
H  197   224                     162.1666667   65.00000  59.9%   8.8    8s
H  198   224                     161.8333333   65.00000  59.8%   8.8    8s
H  203   224                     161.5000000   65.00000  59.8%   8.7    8s
H  209   224                     160.5000000   65.00000  59.5%   8.7    8s
H  216   224                     159.8333333   65.00000  59.3%   8.5    8s
H  223   442                     158.5000000   65.00000  59.0%   8.6    8s
H  258   442                     158.1666667   65.00000  58.9%   8.1    8s
H  342   442                     157.8333333   65.00000  58.8%   7.6    8s
H  413   442                     157.3333333   65.00000  58.7%   7.1    8s
H  441   474                     155.8333333   65.00000  58.3%   6.9   10s
H  443   474                     154.1666667   65.00000  57.8%   6.9   10s
H  444   474                     154.0000000   65.00000  57.8%   6.9   10s
H  446   474                     153.8333333   65.00000  57.7%   6.9   10s
H  473   506                     152.1666667   65.00000  57.3%   6.7   12s
H  476   506                     151.5000000   65.00000  57.1%   6.6   12s
H  479   506                     149.6666667   65.00000  56.6%   6.6   12s
H  505   538                     149.1666667   65.00000  56.4%   6.5   14s
H  512   538                     148.6666667   65.00000  56.3%   6.5   14s
H  515   538                     147.0000000   65.00000  55.8%   6.5   14s
H  537   570                     145.1666667   65.00000  55.2%   6.4   16s
H  538   570                     144.6666667   65.00000  55.1%   6.4   16s
H  546   570                     144.0000000   65.00000  54.9%   6.4   16s
H  558   570                     143.6666667   65.00000  54.8%   6.4   16s
H  591  1959                     143.6666667   65.00000  54.8%   6.2   17s
H  600  1959                     143.6111111   65.00000  54.7%   6.2   17s
H 1138  1959                     143.5000000   65.00000  54.7%   5.5   17s
H 2000  5439                     143.3333333   65.00000  54.7%   5.3   18s
H 2100  5439                     143.2777778   65.00000  54.6%   5.3   18s
H 2225  5439                     143.1111111   65.00000  54.6%   5.3   18s
H 3377  5439                     142.9999950   65.00000  54.5%   5.2   18s
H 3502  5439                     142.3333333   65.00000  54.3%   5.2   18s
H 5098  5439                     139.8333333   65.00000  53.5%   5.2   18s
H 5728  8300                     139.4444444   65.00000  53.4%   5.2   19s
H 5912  8300                     137.7777778   65.00000  52.8%   5.2   19s
  8987 12526  134.16685  191   90  137.77778   65.00000  52.8%   5.3   20s
H 9114 12516                     137.6111111   65.00000  52.8%   5.3   20s
H13280 12514                     137.4444444   65.00000  52.7%   5.3   20s
H13800 16508                     137.4444443   65.00000  52.7%   5.3   21s
H14069 16508                     137.2777778   65.00000  52.7%   5.3   21s
H14824 16484                     136.4444444   65.00000  52.4%   5.3   21s
H18491 15664                     136.2777778   65.00000  52.3%   5.4   22s
 18592 15764   65.00000   18  286  136.27778   65.00000  52.3%   8.0   26s
H18593 14980                     135.9444444   65.00000  52.2%   8.0   26s
H18634 14254                     135.6111111   65.00000  52.1%   8.0   27s
H20532 15034                     135.5000000   65.00000  52.0%  10.5   28s
H23120 16866                     135.5000000   65.00000  52.0%  13.0   29s
H23255 16183                     135.0000000   65.00000  51.9%  13.0   29s
H24666 16074                     134.6666667   65.00000  51.7%  14.1   30s
H24722 15460                     132.6666667   65.00000  51.0%  14.3   30s
H25167 14760                     132.3333333   65.00000  50.9%  14.8   30s
H25849 15713                     132.3333333   65.00000  50.9%  15.6   32s
H26477 15010                     132.3333331   65.00000  50.9%  16.1   32s
H27334 14246                     132.1111111   65.00000  50.8%  16.8   32s
H28191 16833                     131.6666667   65.00000  50.6%  17.7   33s
H32049 16236                     131.5000000   65.00000  50.6%  19.6   34s
H32793 15585                     131.3333333   65.00000  50.5%  20.0   34s
 33194 21129     cutoff  214       131.33333   65.00000  50.5%  20.2   35s
H40877 18942                     131.3333333   65.00000  50.5%  23.4   36s
H41542 20938                     131.3333333   65.00000  50.5%  23.7   37s
H44362 22258                     131.3333332   65.00000  50.5%  24.8   37s
H45911 24881                     131.3333332   65.00000  50.5%  25.3   38s
H48637 24911                     131.3333332   65.00000  50.5%  26.2   39s
 48656 27408   66.00000   58  281  131.33333   65.00000  50.5%  26.3   40s
H49218 27408                     131.3333332   65.00000  50.5%  26.4   40s
H51426 27408                     131.3333331   65.00000  50.5%  27.0   40s
H51894 27565                     131.3333331   65.00000  50.5%  27.1   41s
H51914 27565                     131.3333330   65.00000  50.5%  27.1   41s
H52274 28180                     131.3333330   65.00000  50.5%  27.4   42s
H52303 28180                     131.3333330   65.00000  50.5%  27.4   42s
H52536 28180                     131.3333329   65.00000  50.5%  27.5   42s
H52900 31104                     131.3333328   65.00000  50.5%  27.6   43s
H57056 32812                     131.3333328   65.00000  50.5%  28.7   44s
H57525 32812                     131.3333328   65.00000  50.5%  28.8   44s
 58814 36244   68.00000   87  215  131.33333   65.00000  50.5%  29.1   45s
 63112 36275   71.16667   79  268  131.33333   65.00000  50.5%  30.1   52s
H63119 36272                     131.1666667   65.00000  50.4%  30.1   52s
 63144 61299   71.16667   80  267  131.16667   65.00000  50.4%  30.1   60s
H64170 61271                     131.0000000   65.00000  50.4%  30.3   60s
H96824 64041                     131.0000000   65.00000  50.4%  37.4   63s
 98927 64063   71.16667  158  174  131.00000   65.00000  50.4%  37.9   68s
 98968 72614   70.00073  159  181  131.00000   65.00000  50.4%  38.0   71s
 116267 75589   65.00000  149  196  131.00000   65.00000  50.4%  40.0   78s
 116305 78814   65.00000  150  196  131.00000   65.00000  50.4%  40.0   80s
 127072 84619   84.33333  181  179  131.00000   65.00000  50.4%  41.7   85s
 130526 95911   73.33333  169  148  131.00000   65.00000  50.4%  42.1   90s
H151833 99374                     131.0000000   65.00000  50.4%  44.1   92s
H158746 101654                     131.0000000   65.00000  50.4%  44.4   93s
 160043 105470  103.56439  164  159  131.00000   65.00000  50.4%  44.4   96s
 177224 113913   70.58029  178  167  131.00000   65.00000  50.4%  45.6  100s
H179280 113913                     130.9999999   65.00000  50.4%  45.7  100s
H183050 115690                     130.9999994   65.00000  50.4%  45.9  101s
 191266 123734   76.50000  223  141  131.00000   65.00000  50.4%  46.4  105s
 206824 131143   74.49041  183  172  131.00000   65.00000  50.4%  47.2  110s
 221853 140748  105.26141  168  184  131.00000   65.00000  50.4%  47.8  115s
 242472 147180   96.55862  199  143  131.00000   65.00000  50.4%  48.2  121s
 252470 155626 infeasible  113       131.00000   65.00000  50.4%  48.3  126s
 268135 165747   72.50153  158  184  131.00000   65.00000  50.4%  49.0  131s
 280817 168774   82.41027  164  180  131.00000   65.00000  50.4%  49.1  140s
 292762 175474 infeasible  161       131.00000   65.00000  50.4%  49.4  145s
 303704 184332   86.00000  175  148  131.00000   65.00000  50.4%  49.5  150s
H312358 186792                     130.9999993   65.00000  50.4%  49.5  151s
H312996 186792                     130.9999953   65.00000  50.4%  49.5  151s
H313400 189566                     130.9999953   65.00000  50.4%  49.6  153s
 318316 193602  103.08333  202  162  131.00000   65.00000  50.4%  49.6  155s
H327945 195346                     130.9999952   65.00000  50.4%  49.7  157s
 333495 199985 infeasible  220       131.00000   65.00000  50.4%  49.8  160s
 338037 200009     cutoff  204       131.00000   65.00000  50.4%  49.8  177s
 338077 200466 infeasible  205       131.00000   65.00000  50.4%  49.8  180s
 339893 205530   65.50000  178  179  131.00000   65.00000  50.4%  49.9  185s
 352077 209572   66.00000  178  184  131.00000   65.00000  50.4%  50.2  191s
 354146 226208   65.66667  169  191  131.00000   65.00000  50.4%  50.2  201s
H381070 226208                     130.9999952   65.00000  50.4%  50.4  201s
H382005 226208                     130.9999951   65.00000  50.4%  50.4  201s
H384924 230763                     130.9999950   65.00000  50.4%  50.4  203s
H385000 230763                     130.9999949   65.00000  50.4%  50.4  203s
H385100 230763                     130.9999948   65.00000  50.4%  50.4  203s
 394229 231912   65.83333  173  196  130.99999   65.00000  50.4%  50.4  205s
 410697 238727   66.41667  170  181  130.99999   65.00000  50.4%  50.6  213s
H410702 238727                     130.9999948   65.00000  50.4%  50.6  213s
 410741 241249   66.41667  171  181  130.99999   65.00000  50.4%  50.6  215s
 426689 248956  109.00461  178  153  130.99999   65.00000  50.4%  50.7  221s
 441481 256249   90.83333  202  169  130.99999   65.00000  50.4%  50.8  226s
 452653 262125   65.66973  180  216  130.99999   65.00000  50.4%  51.0  230s
 467862 267330   67.83333  131  238  130.99999   65.00000  50.4%  51.1  239s
 467910 270012   67.83333  132  236  130.99999   65.00000  50.4%  51.1  241s
H472111 270012                     130.9999947   65.00000  50.4%  51.1  241s
H472903 270128                     130.9999947   65.00000  50.4%  51.1  243s
H472904 270128                     130.9999946   65.00000  50.4%  51.1  243s
H472921 270128                     130.9999946   65.00000  50.4%  51.1  243s
H472966 270128                     130.9999945   65.00000  50.4%  51.1  243s
 473072 271071   67.00000   70  269  130.99999   65.00000  50.4%  51.1  247s
 480396 278953  119.67591  144  151  130.99999   65.00000  50.4%  51.2  251s
 485627 279000  128.77206  177  133  130.99999   65.00000  50.4%  51.5  256s
H485643 279000                     130.9999945   65.00000  50.4%  51.5  256s
H485700 283234                     130.9999944   65.00000  50.4%  51.5  258s
H485715 283234                     130.9999939   65.00000  50.4%  51.5  258s
H485956 283234                     130.9999934   65.00000  50.4%  51.5  258s
H486200 283234                     130.9999934   65.00000  50.4%  51.5  258s
H487339 283234                     130.9999933   65.00000  50.4%  51.5  258s
 491450 286172   65.00000   45  277  130.99999   65.00000  50.4%  51.6  261s
 501829 295387   65.00000   80  303  130.99999   65.00000  50.4%  51.8  265s
 519657 304229   81.22222  147  181  130.99999   65.00000  50.4%  52.2  274s
 520818 309538   68.33333  101  247  130.99999   65.00000  50.4%  52.2  276s
 528147 310394     cutoff  134       130.99999   65.00000  50.4%  52.3  280s
 535600 319512   69.00153  207  160  130.99999   65.00000  50.4%  52.5  285s
 541567 319538   68.83333  123  209  130.99999   65.00000  50.4%  52.7  291s
 547971 328634   67.66667  115  233  130.99999   65.00000  50.4%  52.8  295s
 563520 340042  101.53014  211  140  130.99999   65.00000  50.4%  53.3  301s
 580778 352851  107.87037  249  124  130.99999   65.00000  50.4%  53.5  307s
 593268 356402   82.16667  135  265  130.99999   65.00000  50.4%  53.4  310s
 601009 366229  102.67587  175  205  130.99999   65.00000  50.4%  53.6  316s
 611646 374920   87.88095  154  214  130.99999   65.00000  50.4%  53.8  320s
 631301 388625   85.03947  192  191  130.99999   65.00000  50.4%  54.1  326s
H641149 392290                     130.9999933   65.00000  50.4%  54.1  328s
 642511 397644  116.00000  132  238  130.99999   65.00000  50.4%  54.1  330s
H642700 397644                     130.9999931   65.00000  50.4%  54.1  330s
H643220 397644                     130.9999920   65.00000  50.4%  54.1  330s
H644257 397644                     130.9999920   65.00000  50.4%  54.1  330s
 650702 397704   71.33333  122  250  130.99999   65.00000  50.4%  54.1  335s
H650705 397704                     130.9999919   65.00000  50.4%  54.1  335s
H650791 400430                     130.9999919   65.00000  50.4%  54.1  337s
H650800 400430                     130.9999916   65.00000  50.4%  54.1  337s
H651316 400430                     130.9999916   65.00000  50.4%  54.1  337s
H653632 400430                     130.9999916   65.00000  50.4%  54.1  337s
H655171 403190                     130.9999915   65.00000  50.4%  54.1  339s
H656019 403190                     130.9999914   65.00000  50.4%  54.1  339s
 658811 406230   92.50000  158  189  130.99999   65.00000  50.4%  54.1  341s
 666717 409891   65.00000   97  227  130.99999   65.00000  50.4%  54.2  347s
 671894 417890   85.83333  147  243  130.99999   65.00000  50.4%  54.4  351s
H675086 417890                     130.9999914   65.00000  50.4%  54.4  352s
 681254 424813  110.46114  176  166  130.99999   65.00000  50.4%  54.6  355s
 697518 434608  121.33333  123  225  130.99999   65.00000  50.4%  54.7  360s
 709303 442216   84.50000  134  231  130.99999   65.00000  50.4%  54.6  365s
 720921 451327   65.00000   85  297  130.99999   65.00000  50.4%  54.7  370s
 733679 461891   65.50000  130  254  130.99999   65.00000  50.4%  55.1  376s
 743799 469266   72.69048   86  254  130.99999   65.00000  50.4%  55.3  381s
 755443 477029   65.00000   84  262  130.99999   65.00000  50.4%  55.4  385s
 771401 489885   81.75926  194  172  130.99999   65.00000  50.4%  55.5  391s
 778137 489911   65.16667  136  232  130.99999   65.00000  50.4%  55.5  402s
 781810 495923   86.33333  120  210  130.99999   65.00000  50.4%  55.5  407s
 792042 499526  103.83333   92  229  130.99999   65.00000  50.4%  55.6  414s
 792083 503406  103.83333   93  231  130.99999   65.00000  50.4%  55.6  416s
 804066 511275   65.83333  111  251  130.99999   65.00000  50.4%  55.6  420s
 817007 517375   76.00000   96  247  130.99999   65.00000  50.4%  55.7  430s
 827226 529632   67.00460  144  215  130.99999   65.00000  50.4%  55.7  436s
 838683 536356   65.00000   66  268  130.99999   65.00000  50.4%  55.8  440s
 852200 545781   76.00000  123  198  130.99999   65.00000  50.4%  55.9  445s
 867483 556375     cutoff  116       130.99999   65.00000  50.4%  56.0  451s
 876287 560403 infeasible  150       130.99999   65.00000  50.4%  56.1  457s
 877753 563406   74.86720  153  206  130.99999   65.00000  50.4%  56.1  460s
 882582 564485   77.66667  128  238  130.99999   65.00000  50.4%  56.2  465s
 889771 572439 infeasible  126       130.99999   65.00000  50.4%  56.4  470s
H894102 572439                     130.9999889   65.00000  50.4%  56.5  470s
H895780 574170                     130.9999885   65.00000  50.4%  56.6  472s
 898957 574191   66.77778  114  210  130.99999   65.00000  50.4%  56.6  482s
H898958 574191                     130.9999884   65.00000  50.4%  56.6  482s
 899000 576862   83.54167  115  210  130.99999   65.00000  50.4%  56.6  485s
 915516 583937 infeasible  152       130.99999   65.00000  50.4%  56.9  491s
 920553 598776  105.83333  165  168  130.99999   65.00000  50.4%  57.0  502s
 945438 602153     cutoff  135       130.99999   65.00000  50.4%  57.4  505s
 952417 602170   65.00000  129  232  130.99999   65.00000  50.4%  57.4  511s
 952464 617334   65.00000  130  228  130.99999   65.00000  50.4%  57.4  521s
 990158 622454  126.33333  159  159  130.99999   65.00000  50.4%  57.5  526s
 1007363 627497     cutoff  159       130.99999   65.00000  50.4%  57.6  531s
 1016733 631495   76.66667  161  176  130.99999   65.00000  50.4%  57.6  535s
 1028182 633942   84.50000  171  155  130.99999   65.00000  50.4%  57.6  544s
 1028227 635476   84.50000  169  161  130.99999   65.00000  50.4%  57.6  547s
 1032196 637375  107.83338  161  176  130.99999   65.00000  50.4%  57.6  550s
 1041948 640817   65.50000  159  213  130.99999   65.00000  50.4%  57.6  556s
H1043490 640817                     130.9999883   65.00000  50.4%  57.6  556s
 1056313 645569   66.00151  158  178  130.99999   65.00000  50.4%  57.7  560s
 1064982 647401   65.00000  151  178  130.99999   65.00000  50.4%  57.7  567s
 1065758 649189 infeasible  167       130.99999   65.00000  50.4%  57.7  570s
 1079056 655148   80.33333  186  144  130.99999   65.00000  50.4%  57.7  576s
 1090045 659153   65.37037  180  196  130.99999   65.00000  50.4%  57.7  580s
 1099827 661167 infeasible  176       130.99999   65.00000  50.4%  57.8  586s
H1100565 663091                     130.9999878   65.00000  50.4%  57.8  588s
 1105235 664786   65.33333  163  191  130.99999   65.00000  50.4%  57.8  590s
H1107742 664786                     130.9999877   65.00000  50.4%  57.8  590s
 1117457 667004   65.83333  161  184  130.99999   65.00000  50.4%  57.7  599s
 1117507 667311   65.83333  162  185  130.99999   65.00000  50.4%  57.7  600s

Cutting planes:
  Learned: 274
  Gomory: 29
  Cover: 394
  Implied bound: 188
  Clique: 104
  MIR: 1086
  StrongCG: 5
  Flow cover: 1651
  GUB cover: 5
  Zero half: 2
  RLT: 85
  Relax-and-lift: 686

Explored 1118350 nodes (64586557 simplex iterations) in 600.02 seconds
Thread count was 32 (of 64 available processors)

Solution count 10: 131 131 131 ... 131

Time limit reached
Best objective 1.309999877357e+02, best bound 6.500000000000e+01, gap 50.3817%
