
Gurobi 9.1.2 (linux64) logging started Thu Mar 31 11:38:26 2022

Changed value of parameter LogFile to ta2_v-N14.log
   Prev:   Default: 
Changed value of parameter MIPFocus to 1
   Prev: 0  Min: 0  Max: 3  Default: 0
Changed value of parameter TimeLimit to 600.0
   Prev: inf  Min: 0.0  Max: inf  Default: inf
Warning: variables 0 and 346 have the same name "X[N31,N1]"
Warning: linear constraint 396 and linear constraint 397 have the same name "weight-constr-t5"
Warning: to let Gurobi read it back, use rlp format
Gurobi Optimizer version 9.1.2 build v9.1.2rc0 (linux64)
Thread count: 32 physical cores, 64 logical processors, using up to 32 threads
Optimize a model with 2488 rows, 2076 columns and 7398 nonzeros
Model fingerprint: 0xae2002fa
Variable types: 390 continuous, 1686 integer (1686 binary)
Coefficient statistics:
  Matrix range     [1e+00, 1e+06]
  Objective range  [2e-01, 2e-01]
  Bounds range     [1e+00, 5e+05]
  RHS range        [1e+00, 1e+06]
Presolve removed 114 rows and 132 columns
Presolve time: 0.04s
Presolved: 2374 rows, 1944 columns, 8948 nonzeros
Variable types: 384 continuous, 1560 integer (1560 binary)

Root relaxation: objective 6.500000e+01, 265 iterations, 0.00 seconds

    Nodes    |    Current Node    |     Objective Bounds      |     Work
 Expl Unexpl |  Obj  Depth IntInf | Incumbent    BestBd   Gap | It/Node Time

     0     0   65.00000    0  113          -   65.00000      -     -    0s
     0     0   65.00000    0  200          -   65.00000      -     -    0s
     0     0   65.00000    0  192          -   65.00000      -     -    0s
     0     0   65.00000    0   91          -   65.00000      -     -    0s
     0     0   65.00000    0   90          -   65.00000      -     -    0s
     0     0   65.00000    0   72          -   65.00000      -     -    0s
     0     0   65.00000    0   84          -   65.00000      -     -    0s
     0     0   65.00000    0   85          -   65.00000      -     -    0s
     0     0   65.00000    0   96          -   65.00000      -     -    0s
H    0     0                    4227210.5000   65.00000   100%     -    0s
     0     0   65.00000    0   80 4227210.50   65.00000   100%     -    0s
H    0     0                     673.4583269   65.00000  90.3%     -    0s
H    0     0                     669.8333333   65.00000  90.3%     -    0s
H    0     0                     626.3333333   65.00000  89.6%     -    0s
H    0     0                     625.6666667   65.00000  89.6%     -    0s
H    0     2                     612.0000000   65.00000  89.4%     -    0s
     0     2   65.00000    0   78  612.00000   65.00000  89.4%     -    0s
H    2     4                     611.8333333   65.00000  89.4%   322    0s
H    3     8                     611.1666666   65.00000  89.4%   224    1s
H    7    16                     610.9166666   65.00000  89.4%   126    1s
H   31    64                     227.0833333   65.00000  71.4%  40.4    1s
H   95   128                     226.7500000   65.00000  71.3%  17.7    2s
H   95   128                     225.1666667   65.00000  71.1%  17.7    2s
H   96   128                     224.5000000   65.00000  71.0%  17.6    2s
H   99   128                     224.0000000   65.00000  71.0%  17.1    2s
H  113   128                     222.7916667   65.00000  70.8%  15.5    2s
H  127   160                     220.7500000   65.00000  70.6%  14.1    4s
H  131   160                     206.3333333   65.00000  68.5%  13.7    4s
H  159   192                     202.0000000   65.00000  67.8%  12.0    7s
H  160   192                     200.0000000   65.00000  67.5%  12.0    7s
H  255   640                     199.3333333   65.00000  67.4%   9.7    7s
H  459   640                     198.8333333   65.00000  67.3%   7.7    7s
H  668  1115                     198.6666667   65.00000  67.3%   7.0    7s
H  743  1115                     197.6666667   65.00000  67.1%   6.8    7s
H 1353  1929                     196.6666667   65.00000  66.9%   6.2    8s
H 1953  1961                     196.6666666   65.00000  66.9%   5.8   10s
H 1960  1961                     196.1666667   65.00000  66.9%   5.8   10s
H 1964  1961                     195.8333333   65.00000  66.8%   5.8   10s
H 3344  8853                     195.8333332   65.00000  66.8%   5.7   11s
H 3697  8853                     195.1666667   65.00000  66.7%   5.7   11s
H 9564  9206                     195.1661935   65.00000  66.7%   5.7   12s
H 9677  9206                     195.1645442   65.00000  66.7%   5.7   12s
H 9900 11161                     195.1621185   65.00000  66.7%   5.7   13s
 16992 14954   66.33333  114   80  195.16212   65.00000  66.7%   6.0   15s
 17653 16822   65.00000   31  294  195.16212   65.00000  66.7%   8.9   20s
 26652 21787   65.00000   69  312  195.16212   65.00000  66.7%  13.7   25s
H37139 25280                     194.8333333   65.00000  66.6%  19.8   29s
 37840 26671   66.83333  128  279  194.83333   65.00000  66.6%  20.1   30s
H43285 27928                     194.8333333   65.00000  66.6%  22.0   32s
 52252 32700   65.00000  119  282  194.83333   65.00000  66.6%  24.2   35s
H57230 33643                     194.8333323   65.00000  66.6%  25.3   36s
 61444 36285   73.83333   70  297  194.83333   65.00000  66.6%  26.0   40s
 61491 60785   67.83333   72  318  194.83333   65.00000  66.6%  26.1   47s
H82821 60779                     194.3333333   65.00000  66.6%  31.0   47s
H94849 66258                     194.3333333   65.00000  66.6%  32.7   49s
H95527 66254                     194.0000000   65.00000  66.5%  32.7   49s
H96275 66254                     193.9166667   65.00000  66.5%  32.8   49s
H100895 66315                     193.8333333   65.00000  66.5%  33.2   50s
H103338 69105                     193.3333333   65.00000  66.4%  33.9   51s
H104584 69144                     193.1666667   65.00000  66.4%  34.1   56s
H104612 69144                     192.9999995   65.00000  66.3%  34.1   56s
H104873 72555                     192.8333333   65.00000  66.3%  34.2   57s
H106151 72555                     192.8333327   65.00000  66.3%  34.4   57s
 112969 75255   69.51101  147  285  192.83333   65.00000  66.3%  36.0   66s
 122807 89284   65.00000   64  302  192.83333   65.00000  66.3%  36.9   71s
 139945 96871  129.33654  163  220  192.83333   65.00000  66.3%  37.7   75s
 149282 105918  114.83333  163  203  192.83333   65.00000  66.3%  38.8   80s
 168115 116007   66.16667  104  292  192.83333   65.00000  66.3%  40.0   85s
 179906 126339   68.50000  125  255  192.83333   65.00000  66.3%  41.6   90s
 197609 134821   70.66730  172  213  192.83333   65.00000  66.3%  43.1   97s
 202654 138458   65.00000  175  267  192.83333   65.00000  66.3%  43.6  115s
 204554 139791   65.00000  186  244  192.83333   65.00000  66.3%  43.8  120s
H214415 147353                     192.8333326   65.00000  66.3%  44.2  124s
 216203 153577  152.50000  160  214  192.83333   65.00000  66.3%  44.2  126s
 231985 160933   72.16667  138  276  192.83333   65.00000  66.3%  45.0  131s
 241414 164617   65.00000  149  300  192.83333   65.00000  66.3%  45.3  137s
 246215 173316   65.50000  151  299  192.83333   65.00000  66.3%  45.5  141s
 263627 182716   66.16667  145  248  192.83333   65.00000  66.3%  46.1  146s
 276479 189676   65.00000  130  304  192.83333   65.00000  66.3%  47.2  152s
 277421 211737   65.00000  142  290  192.83333   65.00000  66.3%  47.3  161s
 316245 219804     cutoff  151       192.83333   65.00000  66.3%  48.7  166s
 331146 229358 infeasible  184       192.83333   65.00000  66.3%  48.7  171s
H337988 232650                     192.8333290   65.00000  66.3%  48.8  172s
 340651 237277   65.33333  162  261  192.83333   65.00000  66.3%  48.8  175s
H350604 240359                     192.8333209   65.00000  66.3%  48.9  176s
H353344 243156                     192.8333209   65.00000  66.3%  48.9  178s
H356623 246784                     192.8333160   65.00000  66.3%  49.0  179s
 361777 249309   68.50014  133  231  192.83332   65.00000  66.3%  49.1  181s
 371185 257326     cutoff  159       192.83332   65.00000  66.3%  49.4  185s
 387827 268054   65.00000  166  278  192.83332   65.00000  66.3%  49.6  191s
 403373 279640   66.66667   95  307  192.83332   65.00000  66.3%  49.8  196s
 419972 288004 infeasible  142       192.83332   65.00000  66.3%  49.8  200s
 429827 295941 infeasible  151       192.83332   65.00000  66.3%  50.0  205s
H446504 303497                     192.8332399   65.00000  66.3%  50.6  227s
H447027 307099                     192.8330632   65.00000  66.3%  50.6  229s
 451817 307365   65.00000  160  289  192.83306   65.00000  66.3%  50.7  231s
H452400 311303                     192.8330629   65.00000  66.3%  50.7  233s
 457921 314813   65.00000  111  286  192.83306   65.00000  66.3%  50.9  235s
 466719 317074   65.33333  170  319  192.83306   65.00000  66.3%  51.0  254s
 466754 338956   65.33333  171  320  192.83306   65.00000  66.3%  51.0  273s
 498786 342986   72.11111  179  234  192.83306   65.00000  66.3%  51.4  276s
 510789 347466  136.38889  200  206  192.83306   65.00000  66.3%  51.8  291s
 517072 351571   65.00000   92  261  192.83306   65.00000  66.3%  52.0  296s
 521337 357956   65.00000  150  279  192.83306   65.00000  66.3%  52.0  301s
 534121 367908 infeasible  183       192.83306   65.00000  66.3%  52.1  305s
 551527 377518  148.33333  137  193  192.83306   65.00000  66.3%  52.3  310s
 565434 383478   65.00042   81  283  192.83306   65.00000  66.3%  52.7  322s
 565479 404664   65.00000   82  298  192.83306   65.00000  66.3%  52.7  340s
 605534 412280   65.00000  118  294  192.83306   65.00000  66.3%  53.3  346s
 614604 418498  112.33333  146  218  192.83306   65.00000  66.3%  53.4  352s
 623755 426809   65.41667  195  273  192.83306   65.00000  66.3%  53.7  356s
 641680 435764   74.16667  212  207  192.83306   65.00000  66.3%  53.8  360s
 645804 435786   66.00000  126  274  192.83306   65.00000  66.3%  53.9  370s
 654682 444617   86.83333  180  216  192.83306   65.00000  66.3%  54.0  376s
 663510 453816   65.16667  170  274  192.83306   65.00000  66.3%  54.1  380s
 677114 457370   66.33333  134  271  192.83306   65.00000  66.3%  54.2  385s
 691150 467361   71.83333  137  242  192.83306   65.00000  66.3%  54.3  390s
 696705 488277   65.00000   85  318  192.83306   65.00000  66.3%  54.4  401s
 737779 494199   67.66667  160  285  192.83306   65.00000  66.3%  54.9  409s
 737820 495894   67.66667  162  279  192.83306   65.00000  66.3%  54.9  411s
 752625 505797   65.00000  120  316  192.83306   65.00000  66.3%  55.1  415s
 761564 509750   65.00000   99  292  192.83306   65.00000  66.3%  55.3  425s
 761607 530869   65.00000  100  292  192.83306   65.00000  66.3%  55.3  432s
 793639 530892   65.00000  110  281  192.83306   65.00000  66.3%  55.6  443s
 793680 551919   65.00000  111  294  192.83306   65.00000  66.3%  55.6  452s
 825712 558134   80.16667  197  233  192.83306   65.00000  66.3%  55.7  455s
 844200 566515   66.50000  181  219  192.83306   65.00000  66.3%  55.8  461s
 848779 567034   65.00000   90  310  192.83306   65.00000  66.3%  55.8  468s
 849587 571670   66.16667  117  268  192.83306   65.00000  66.3%  55.8  470s
 863198 579733   70.33333  152  236  192.83306   65.00000  66.3%  55.9  475s
 879501 588977  153.36907  181  158  192.83306   65.00000  66.3%  56.1  480s
 899239 598291   65.50000  133  238  192.83306   65.00000  66.3%  56.2  485s
 908454 604390   68.83333  181  241  192.83306   65.00000  66.3%  56.3  498s
 908501 608569   68.83333  182  238  192.83306   65.00000  66.3%  56.3  500s
 919727 616500 infeasible  177       192.83306   65.00000  66.3%  56.3  507s
 933594 620387   67.16667  140  245  192.83306   65.00000  66.3%  56.4  519s
 933632 624270 infeasible  139       192.83306   65.00000  66.3%  56.4  521s
 939669 624296  138.33546  200  204  192.83306   65.00000  66.3%  56.5  534s
 939707 627686 infeasible  201       192.83306   65.00000  66.3%  56.5  535s
 944989 627705   65.00000  167  259  192.83306   65.00000  66.3%  56.6  547s
 949394 633316   67.33333  195  230  192.83306   65.00000  66.3%  56.7  552s
 953607 642604   68.33333  195  231  192.83306   65.00000  66.3%  56.7  556s
 980141 656229   67.50000  143  266  192.83306   65.00000  66.3%  56.7  561s
 997412 664647   68.00000  111  284  192.83306   65.00000  66.3%  56.8  566s
 1012687 675501   73.16667  200  220  192.83306   65.00000  66.3%  56.9  571s
 1022787 680150   65.00000  103  246  192.83306   65.00000  66.3%  56.9  576s
 1031735 686753   66.08333  156  286  192.83306   65.00000  66.3%  57.0  581s
 1045537 696777 infeasible  237       192.83306   65.00000  66.3%  57.1  586s
 1063742 705573   65.50000  138  298  192.83306   65.00000  66.3%  57.2  590s
 1079461 717285 infeasible  118       192.83306   65.00000  66.3%  57.3  596s
 1094029 721403   76.83333  160  234  192.83306   65.00000  66.3%  57.4  600s

Cutting planes:
  Learned: 335
  Gomory: 18
  Cover: 357
  Implied bound: 182
  Clique: 84
  MIR: 876
  StrongCG: 3
  Flow cover: 1579
  GUB cover: 6
  Mod-K: 1
  RLT: 120
  Relax-and-lift: 625

Cleanup yields a better solution

Explored 1094077 nodes (62781701 simplex iterations) in 600.02 seconds
Thread count was 32 (of 64 available processors)

Solution count 10: 192.833 192.833 192.833 ... 193.917

Time limit reached
Best objective 1.925090723948e+02, best bound 6.500000000000e+01, gap 66.2354%
