
Gurobi 9.1.2 (linux64) logging started Thu Mar 31 12:58:47 2022

Changed value of parameter LogFile to ta2_v-N53.log
   Prev:   Default: 
Changed value of parameter MIPFocus to 1
   Prev: 0  Min: 0  Max: 3  Default: 0
Changed value of parameter TimeLimit to 600.0
   Prev: inf  Min: 0.0  Max: inf  Default: inf
Warning: variables 0 and 346 have the same name "X[N31,N1]"
Warning: linear constraint 396 and linear constraint 397 have the same name "weight-constr-t5"
Warning: to let Gurobi read it back, use rlp format
Gurobi Optimizer version 9.1.2 build v9.1.2rc0 (linux64)
Thread count: 32 physical cores, 64 logical processors, using up to 32 threads
Optimize a model with 2500 rows, 2076 columns and 7428 nonzeros
Model fingerprint: 0x69b2eb5d
Variable types: 390 continuous, 1686 integer (1686 binary)
Coefficient statistics:
  Matrix range     [1e+00, 1e+06]
  Objective range  [2e-01, 2e-01]
  Bounds range     [1e+00, 5e+05]
  RHS range        [1e+00, 1e+06]
Presolve removed 120 rows and 132 columns
Presolve time: 0.04s
Presolved: 2380 rows, 1944 columns, 9049 nonzeros
Variable types: 384 continuous, 1560 integer (1560 binary)

Root relaxation: objective 6.500000e+01, 268 iterations, 0.00 seconds

    Nodes    |    Current Node    |     Objective Bounds      |     Work
 Expl Unexpl |  Obj  Depth IntInf | Incumbent    BestBd   Gap | It/Node Time

     0     0   65.00000    0  101          -   65.00000      -     -    0s
     0     0   65.00000    0  169          -   65.00000      -     -    0s
     0     0   65.00000    0  174          -   65.00000      -     -    0s
     0     0   65.00000    0   86          -   65.00000      -     -    0s
     0     0   65.00000    0   83          -   65.00000      -     -    0s
H    0     0                    132812.66662   65.00000   100%     -    0s
H    0     0                    20583.499998   65.00000   100%     -    0s
H    0     0                    20582.999998   65.00000   100%     -    0s
H    0     0                    20568.833331   65.00000   100%     -    0s
     0     0   65.00000    0   77 20568.8333   65.00000   100%     -    0s
H    0     0                    12373.666666   65.00000  99.5%     -    0s
H    0     0                    1513.4999999   65.00000  95.7%     -    0s
     0     0   65.00000    0   91 1513.50000   65.00000  95.7%     -    0s
     0     0   65.00000    0   76 1513.50000   65.00000  95.7%     -    0s
H    0     0                    1512.6666665   65.00000  95.7%     -    0s
H    0     0                    1478.6666663   65.00000  95.6%     -    0s
     0     0   65.00000    0   90 1478.66667   65.00000  95.6%     -    0s
H    0     0                    1063.8333336   65.00000  93.9%     -    0s
     0     0   65.00000    0   74 1063.83333   65.00000  93.9%     -    0s
H    0     0                    1063.4999999   65.00000  93.9%     -    0s
H    0     0                     704.3333333   65.00000  90.8%     -    0s
H    0     0                     701.6666667   65.00000  90.7%     -    0s
H    0     0                     691.6666666   65.00000  90.6%     -    0s
H    0     2                     250.0000000   65.00000  74.0%     -    0s
     0     2   65.00000    0   70  250.00000   65.00000  74.0%     -    0s
H    2     4                     249.0000000   65.00000  73.9%   198    0s
H    9    16                     237.0000000   65.00000  72.6%  78.4    0s
H   13    16                     235.0000000   65.00000  72.3%  64.6    0s
H   34    64                     234.5000000   65.00000  72.3%  33.7    1s
H   43    64                     232.8333333   65.00000  72.1%  27.2    1s
H   51    64                     232.0000000   65.00000  72.0%  23.9    1s
H   95   128                     190.1666667   65.00000  65.8%  15.3    3s
H   97   128                     180.5000000   65.00000  64.0%  15.0    3s
H  103   128                     176.1666667   65.00000  63.1%  14.3    3s
H  159   190                     175.5000000   65.00000  63.0%  10.5    5s
H  161   190                     175.3333333   65.00000  62.9%  10.4    5s
H  162   190                     174.7500000   65.00000  62.8%  10.4    5s
H  165   190                     174.1666667   65.00000  62.7%  10.3    5s
H  166   190                     162.3333333   65.00000  60.0%  10.2    5s
H  191   250                     162.0000000   65.00000  59.9%   9.3    5s
H  195   250                     161.1666667   65.00000  59.7%   9.2    5s
H  639   739                     159.0000000   65.00000  59.1%   7.1    5s
H  641   739                     153.4783682   65.00000  57.6%   7.1    5s
H  691   739                     152.1666667   65.00000  57.3%   7.0    5s
H  725   739                     151.3333333   65.00000  57.0%   7.0    5s
H  753  1058                     149.1666667   65.00000  56.4%   7.0    6s
H  803  1058                     148.5000000   65.00000  56.2%   6.9    6s
H  823  1058                     147.1666667   65.00000  55.8%   6.9    6s
H 1064  1618                     146.1666667   65.00000  55.5%   6.8    8s
H 1099  1618                     146.0000000   65.00000  55.5%   6.7    8s
H 1800  8210                     146.0000000   65.00000  55.5%   6.0    9s
  8532 11980   84.33334  207   79  146.00000   65.00000  55.5%   5.4   10s
H14369 14970                     146.0000000   65.00000  55.5%   5.6   11s
H16032 14227                     145.9999999   65.00000  55.5%   5.7   12s
H16131 13610                     145.9999987   65.00000  55.5%   8.7   17s
H16151 12928                     145.6666667   65.00000  55.4%   8.8   17s
H16195 12334                     145.5000000   65.00000  55.3%   8.8   17s
 18296 14346   65.00000   45  281  145.50000   65.00000  55.3%  11.0   20s
H18444 13686                     141.3333333   65.00000  54.0%  11.3   20s
H19082 12977                     140.5000000   65.00000  53.7%  11.8   22s
H19101 12419                     139.8333333   65.00000  53.5%  11.8   22s
H19125 11888                     139.5000000   65.00000  53.4%  11.9   22s
H19188 15121                     138.1111111   65.00000  52.9%  12.0   24s
H21247 13963                     138.0000000   65.00000  52.9%  14.7   24s
H23678 13796                     137.8333333   65.00000  52.8%  16.5   25s
H23700 13362                     137.3333333   65.00000  52.7%  16.5   25s
H24000 12857                     137.1666667   65.00000  52.6%  17.0   25s
H25092 12673                     137.0000000   65.00000  52.6%  18.7   26s
H25222 12265                     136.8333333   65.00000  52.5%  18.8   26s
H25261 11905                     136.3333333   65.00000  52.3%  18.9   26s
H25653 11443                     136.1666667   65.00000  52.3%  19.2   26s
H25668 11125                     136.0833333   65.00000  52.2%  19.3   26s
H25756 10829                     135.8333333   65.00000  52.1%  19.4   28s
H25758 10546                     135.6666667   65.00000  52.1%  19.4   28s
H25936 12940                     135.5000000   65.00000  52.0%  19.6   29s
 29045 19953   65.00000   83  308  135.50000   65.00000  52.0%  21.6   31s
H32842 19189                     135.1666667   65.00000  51.9%  23.4   31s
H39291 19214                     134.8333328   65.00000  51.8%  26.1   35s
H39497 20360                     134.5000000   65.00000  51.7%  26.2   35s
H40462 20347                     134.1666667   65.00000  51.6%  26.5   35s
H45460 24323                     133.1666667   65.00000  51.2%  28.5   37s
 45791 24620   67.38618   63  278  133.16667   65.00000  51.2%  28.7   41s
H45801 24608                     132.6666667   65.00000  51.0%  28.7   41s
H46113 24608                     132.6666662   65.00000  51.0%  28.9   41s
H46174 24608                     132.5000000   65.00000  50.9%  28.9   41s
H46200 25280                     132.3333333   65.00000  50.9%  28.9   42s
H46251 25279                     132.1666667   65.00000  50.8%  29.0   42s
H47505 27392                     132.1666665   65.00000  50.8%  29.6   44s
H47806 27392                     132.1666662   65.00000  50.8%  29.7   44s
H49556 27419                     132.1666662   65.00000  50.8%  30.5   57s
 53519 33041   65.66667  110  285  132.16667   65.00000  50.8%  31.5   60s
 73746 47494   66.83333  164  267  132.16667   65.00000  50.8%  36.6   67s
 75841 49622   69.66667  175  257  132.16667   65.00000  50.8%  37.3   71s
 83848 57755   74.66667  170  214  132.16667   65.00000  50.8%  39.0   75s
 91475 69373   65.00000  124  260  132.16667   65.00000  50.8%  40.1   81s
 108596 72249   73.02346  125  269  132.16667   65.00000  50.8%  41.5   85s
H108773 72249                     132.1666661   65.00000  50.8%  41.5   85s
H109600 76087                     132.1666660   65.00000  50.8%  41.5   87s
 114721 78638   65.00000   57  311  132.16667   65.00000  50.8%  42.1   90s
 124878 90509 infeasible  133       132.16667   65.00000  50.8%  43.7   97s
H130333 90509                     132.1666659   65.00000  50.8%  44.0   97s
 135696 91023   65.33333   93  321  132.16667   65.00000  50.8%  44.5  101s
H135705 91023                     132.1666659   65.00000  50.8%  44.5  101s
H136281 91023                     132.1666658   65.00000  50.8%  44.6  101s
 148448 102578  110.00000  172  230  132.16667   65.00000  50.8%  45.4  106s
 156554 112234  106.37227  180  254  132.16667   65.00000  50.8%  46.7  110s
H167541 115295                     132.1666658   65.00000  50.8%  47.7  112s
 175606 119353   66.34824  141  240  132.16667   65.00000  50.8%  48.2  127s
 180603 126500   65.00000  100  318  132.16667   65.00000  50.8%  48.2  131s
H188582 132948                     132.1666658   65.00000  50.8%  48.3  134s
 195421 133367 infeasible  185       132.16667   65.00000  50.8%  48.5  137s
H195584 133367                     132.1666657   65.00000  50.8%  48.5  137s
H195921 133367                     132.1666657   65.00000  50.8%  48.5  137s
 201680 139854   66.33333  134  269  132.16667   65.00000  50.8%  48.7  140s
 215301 150834   67.53929  103  285  132.16667   65.00000  50.8%  49.4  148s
H220322 150834                     132.1666650   65.00000  50.8%  49.6  149s
 220323 157573 infeasible  137       132.16667   65.00000  50.8%  49.6  152s
H220327 157573                     132.1666645   65.00000  50.8%  49.6  152s
H220961 157573                     132.1666642   65.00000  50.8%  49.6  152s
H223467 157573                     132.1666634   65.00000  50.8%  49.7  152s
H230093 162645                     132.1666632   65.00000  50.8%  49.9  154s
H231430 162645                     132.1666632   65.00000  50.8%  49.9  154s
H232883 162645                     132.1666597   65.00000  50.8%  49.9  154s
 236732 162894  131.50007  146  219  132.16666   65.00000  50.8%  50.0  156s
H236761 162894                     132.1666591   65.00000  50.8%  50.0  156s
H237106 162894                     132.1666590   65.00000  50.8%  50.0  156s
H237177 167533                     132.1666590   65.00000  50.8%  50.1  158s
H237788 167533                     132.1666589   65.00000  50.8%  50.1  158s
H238269 167533                     132.1666589   65.00000  50.8%  50.1  158s
H240508 167533                     132.1666589   65.00000  50.8%  50.1  158s
H241616 167533                     132.1666587   65.00000  50.8%  50.1  158s
 243810 171991   66.50000  127  294  132.16666   65.00000  50.8%  50.2  160s
H245753 171991                     132.1666587   65.00000  50.8%  50.3  160s
H255864 179544                     132.1666587   65.00000  50.8%  50.4  163s
H256045 179544                     132.1666587   65.00000  50.8%  50.4  163s
 263190 183782   65.33333  116  309  132.16666   65.00000  50.8%  50.6  166s
 275932 194217   73.83333  134  248  132.16666   65.00000  50.8%  51.1  170s
H276101 194217                     132.1666586   65.00000  50.8%  51.1  170s
 282707 214101   68.00000  132  274  132.16666   65.00000  50.8%  51.1  182s
H308932 214101                     132.1666586   65.00000  50.8%  51.8  182s
 309636 217245   67.34752  208  227  132.16666   65.00000  50.8%  51.8  187s
 314203 223839   94.10987  218  194  132.16666   65.00000  50.8%  51.9  190s
H316286 223839                     132.1666586   65.00000  50.8%  52.0  190s
 330716 228932   65.00000  111  284  132.16666   65.00000  50.8%  52.2  198s
H330730 228932                     132.1666586   65.00000  50.8%  52.2  198s
 330748 233429   65.00000  112  273  132.16666   65.00000  50.8%  52.2  200s
 337521 233448   65.66667  121  279  132.16666   65.00000  50.8%  52.3  209s
H337555 233448                     132.1666585   65.00000  50.8%  52.3  209s
 337565 237151   65.66667  122  279  132.16666   65.00000  50.8%  52.3  210s
 343016 237177   65.00000   70  305  132.16666   65.00000  50.8%  52.2  215s
 343054 258790   65.00000   71  301  132.16666   65.00000  50.8%  52.2  227s
 375086 258808   67.66667  161  263  132.16666   65.00000  50.8%  52.8  239s
 375132 280352   67.66667  162  259  132.16666   65.00000  50.8%  52.8  250s
 408715 300142   74.00000  218  217  132.16666   65.00000  50.8%  53.3  260s
 435991 300160  123.66667  203  189  132.16666   65.00000  50.8%  54.0  268s
 436035 305814  107.00000  203  201  132.16666   65.00000  50.8%  54.0  271s
 452410 313921   74.51084  153  244  132.16666   65.00000  50.8%  54.3  276s
 461151 317338   65.00000  102  291  132.16666   65.00000  50.8%  54.5  284s
 461188 321029   65.00000  103  294  132.16666   65.00000  50.8%  54.5  286s
 474158 329060  119.02830  228  211  132.16666   65.00000  50.8%  54.6  290s
 487693 337717  107.50000  161  201  132.16666   65.00000  50.8%  55.0  296s
 493091 339671   97.16938  220  206  132.16666   65.00000  50.8%  55.0  300s
 508314 350426   65.00000  182  238  132.16666   65.00000  50.8%  55.1  306s
 522317 359861  105.78139  231  168  132.16666   65.00000  50.8%  55.5  311s
 535397 367397   65.00000  200  222  132.16666   65.00000  50.8%  55.8  316s
 543878 373873   94.83333  244  166  132.16666   65.00000  50.8%  56.0  320s
 549261 373886   65.50000  139  293  132.16666   65.00000  50.8%  56.1  331s
 555438 380389   74.66667  208  218  132.16666   65.00000  50.8%  56.1  335s
 567427 387726     cutoff  120       132.16666   65.00000  50.8%  56.3  340s
 575474 392751   71.16667  217  190  132.16666   65.00000  50.8%  56.4  345s
 588096 397358   65.16667  209  207  132.16666   65.00000  50.8%  56.4  357s
 588990 402389   73.00000  219  197  132.16666   65.00000  50.8%  56.4  361s
H597721 405378                     131.5000000   65.00000  50.6%  56.6  363s
H601465 408430                     131.5000000   65.00000  50.6%  56.6  365s
 616148 417143   66.33333  111  294  131.50000   65.00000  50.6%  56.8  370s
H619237 417143                     131.5000000   65.00000  50.6%  56.9  370s
 621852 433401   98.33333  253  148  131.50000   65.00000  50.6%  57.0  382s
 653995 439663 infeasible  214       131.50000   65.00000  50.6%  57.2  387s
H655429 439663                     131.5000000   65.00000  50.6%  57.2  387s
 660136 441494   65.77069  204  270  131.50000   65.00000  50.6%  57.3  391s
H660200 441494                     131.4999999   65.00000  50.6%  57.3  391s
H665060 444803                     131.4999996   65.00000  50.6%  57.4  393s
 671109 447694   65.00167  189  228  131.50000   65.00000  50.6%  57.4  395s
H674878 447694                     131.4999995   65.00000  50.6%  57.5  395s
H677500 449522                     131.4999995   65.00000  50.6%  57.5  397s
H677851 449522                     131.4999995   65.00000  50.6%  57.5  397s
H680242 449522                     131.4999994   65.00000  50.6%  57.6  397s
H682298 451920                     131.4999994   65.00000  50.6%  57.6  399s
H683129 451920                     131.4999994   65.00000  50.6%  57.6  399s
 687592 455305 infeasible  211       131.50000   65.00000  50.6%  57.7  402s
 698958 458954  122.33333  235  158  131.50000   65.00000  50.6%  57.8  405s
 704106 458980 infeasible  230       131.50000   65.00000  50.6%  57.9  412s
 709057 462446   71.50407  226  183  131.50000   65.00000  50.6%  57.9  415s
H713592 464921                     131.4998002   65.00000  50.6%  58.0  417s
H718619 468215                     131.4998002   65.00000  50.6%  58.1  420s
H718802 468215                     131.4998001   65.00000  50.6%  58.1  420s
 736425 477174  104.67054  205  211  131.49980   65.00000  50.6%  58.3  425s
 750360 487874     cutoff  191       131.49980   65.00000  50.6%  58.4  431s
 758711 487903   83.50000  120  267  131.49980   65.00000  50.6%  58.4  436s
 767927 495659   65.16667  105  295  131.49980   65.00000  50.6%  58.4  440s
H768299 495659                     131.4998001   65.00000  50.6%  58.4  440s
H770308 495659                     131.4998001   65.00000  50.6%  58.4  441s
 782501 500280   67.33741  202  227  131.49980   65.00000  50.6%  58.4  450s
 782982 517720 infeasible  203       131.49980   65.00000  50.6%  58.4  459s
 815014 520367   73.33333  175  241  131.49980   65.00000  50.6%  58.5  462s
 823776 521619 infeasible  240       131.49980   65.00000  50.6%  58.7  469s
 824092 525746 infeasible  240       131.49980   65.00000  50.6%  58.7  472s
 831446 525974   92.33333  169  228  131.49980   65.00000  50.6%  58.7  477s
 831806 526987 infeasible  170       131.49980   65.00000  50.6%  58.7  480s
 841896 532936  114.83334  162  239  131.49980   65.00000  50.6%  58.8  487s
 844421 532967 infeasible  115       131.49980   65.00000  50.6%  58.8  494s
 844476 552901   66.16667  115  294  131.49980   65.00000  50.6%  58.8  517s
 876508 557227  107.83333  147  208  131.49980   65.00000  50.6%  59.0  520s
 892313 566265 infeasible  230       131.49980   65.00000  50.6%  59.3  525s
 907888 576482  123.66667  222  165  131.49980   65.00000  50.6%  59.3  531s
 920145 581405   97.50000  247  153  131.49980   65.00000  50.6%  59.4  535s
 932245 591040   84.33537  182  201  131.49980   65.00000  50.6%  59.6  540s
 944425 598883   78.33333  171  234  131.49980   65.00000  50.6%  59.7  545s
 959762 608037   67.16667  144  249  131.49980   65.00000  50.6%  59.9  551s
 969927 614403  117.50000  113  243  131.49980   65.00000  50.6%  60.0  556s
 982268 621204  109.83333  143  215  131.49980   65.00000  50.6%  60.1  560s
 995945 631047   68.66667  152  255  131.49980   65.00000  50.6%  60.2  565s
 1007433 639935   66.66667  156  260  131.49980   65.00000  50.6%  60.3  570s
 1014581 639959   73.33333  106  276  131.49980   65.00000  50.6%  60.3  576s
 1014621 641784   73.33333  107  268  131.49980   65.00000  50.6%  60.3  580s
 1027649 650771 infeasible  231       131.49980   65.00000  50.6%  60.4  586s
 1032631 653144   66.16667  168  271  131.49980   65.00000  50.6%  60.4  590s
 1046386 660161 infeasible  179       131.49980   65.00000  50.6%  60.5  596s
 1054609 664503   67.00000  142  296  131.49980   65.00000  50.6%  60.6  600s

Cutting planes:
  Learned: 285
  Gomory: 31
  Cover: 382
  Implied bound: 184
  Clique: 97
  MIR: 1101
  StrongCG: 6
  Flow cover: 1679
  GUB cover: 7
  Zero half: 2
  RLT: 83
  Relax-and-lift: 778

Cleanup yields a better solution

Explored 1055243 nodes (63913027 simplex iterations) in 600.02 seconds
Thread count was 32 (of 64 available processors)

Solution count 10: 131.5 131.5 131.5 ... 131.5

Time limit reached
Best objective 1.313333327396e+02, best bound 6.500000000000e+01, gap 50.5076%
