
Gurobi 9.1.2 (linux64) logging started Sun Apr  3 19:15:23 2022

Changed value of parameter LogFile to us-ca_v-Houston.log
   Prev:   Default: 
Changed value of parameter MIPFocus to 1
   Prev: 0  Min: 0  Max: 3  Default: 0
Changed value of parameter TimeLimit to 600.0
   Prev: inf  Min: 0.0  Max: inf  Default: inf

Gurobi 9.1.2 (linux64) logging started Mon Apr  4 06:18:11 2022

Changed value of parameter LogFile to us-ca_v-Houston.log
   Prev:   Default: 
Changed value of parameter MIPFocus to 1
   Prev: 0  Min: 0  Max: 3  Default: 0
Changed value of parameter TimeLimit to 1200.0
   Prev: inf  Min: 0.0  Max: inf  Default: inf
Warning: variables 0 and 200 have the same name "X[Houston,ElPaso]"
Warning: linear constraint 240 and linear constraint 241 have the same name "weight-constr-t5"
Warning: to let Gurobi read it back, use rlp format
Gurobi Optimizer version 9.1.2 build v9.1.2rc0 (linux64)
Thread count: 32 physical cores, 64 logical processors, using up to 32 threads
Optimize a model with 1442 rows, 1200 columns and 4236 nonzeros
Model fingerprint: 0xe1c0d24d
Variable types: 234 continuous, 966 integer (966 binary)
Coefficient statistics:
  Matrix range     [1e+00, 1e+06]
  Objective range  [2e-01, 2e-01]
  Bounds range     [1e+00, 5e+05]
  RHS range        [1e+00, 1e+06]
Presolve removed 90 rows and 102 columns
Presolve time: 0.01s
Presolved: 1352 rows, 1098 columns, 6924 nonzeros
Variable types: 228 continuous, 870 integer (870 binary)

Root relaxation: objective 3.800000e+01, 159 iterations, 0.00 seconds

    Nodes    |    Current Node    |     Objective Bounds      |     Work
 Expl Unexpl |  Obj  Depth IntInf | Incumbent    BestBd   Gap | It/Node Time

     0     0   38.00000    0   46          -   38.00000      -     -    0s
     0     0   38.00000    0   51          -   38.00000      -     -    0s
     0     0   38.00000    0   49          -   38.00000      -     -    0s
     0     0   38.00000    0   41          -   38.00000      -     -    0s
     0     0   38.00000    0   39          -   38.00000      -     -    0s
H    0     0                    3263201.6667   38.00000   100%     -    0s
     0     0   38.00000    0   44 3263201.67   38.00000   100%     -    0s
H    0     0                     923.1666656   38.00000  95.9%     -    0s
H    0     0                     918.6666667   38.00000  95.9%     -    0s
H    0     0                     918.5000000   38.00000  95.9%     -    0s
H    0     2                     661.4999999   38.00000  94.3%     -    1s
     0     2   38.00000    0   44  661.50000   38.00000  94.3%     -    1s
H   33    60                     661.3333333   38.00000  94.3%  24.8    1s
H   33    60                     534.5000000   38.00000  92.9%  24.8    1s
H   47    60                     474.3333333   38.00000  92.0%  19.2    1s
H   93   124                     286.8333333   38.00000  86.8%  14.3    2s
H   96   124                     286.1666667   38.00000  86.7%  14.1    2s
H  100   124                     272.3333333   38.00000  86.0%  13.8    2s
H  106   124                     258.5000000   38.00000  85.3%  13.8    2s
H  122   124                     251.8333333   38.00000  84.9%  13.9    2s
H  157   188                     251.3333333   38.00000  84.9%  12.9    5s
H  158   188                     251.1666667   38.00000  84.9%  12.8    5s
H  159   188                     249.0000000   38.00000  84.7%  12.7    5s
H  160   188                     248.3333333   38.00000  84.7%  12.7    5s
H  162   188                     247.0000000   38.00000  84.6%  12.7    5s
H  165   188                     246.1666667   38.00000  84.6%  12.7    5s
H  169   188                     230.3333333   38.00000  83.5%  12.6    5s
H  175   188                     225.8333333   38.00000  83.2%  12.4    5s
H  191   220                     225.6666659   38.00000  83.2%  11.7    7s
H  192   220                     224.8333333   38.00000  83.1%  11.7    7s
H  221   252                     224.0000000   38.00000  83.0%  11.3    9s
H  253   283                     222.6666667   38.00000  82.9%  10.9   10s
H  256   283                     222.1666667   38.00000  82.9%  10.8   10s
H  759  1120                     222.1666666   38.00000  82.9%   7.7   12s
H  819  1120                     222.1666652   38.00000  82.9%   7.6   12s
  3849  3793   39.00000   19   37  222.16667   38.00000  82.9%   6.3   15s
H 3853  3793                     222.1666649   38.00000  82.9%   6.3   15s
H 6567  5970                     222.0000000   38.00000  82.9%   6.1   17s
H 6622  6819                     221.9999999   38.00000  82.9%   6.1   18s
H 7021  6819                     221.8333333   38.00000  82.9%   6.0   18s
H 7622  7037                     221.6666667   38.00000  82.9%   6.0   19s
H 7900  9172                     221.6666666   38.00000  82.9%   5.9   19s
 10339  9203   61.66667  213   32  221.66667   38.00000  82.9%   5.8   20s
 10478  9305   38.00000   22  144  221.66667   38.00000  82.9%   7.7   25s
H11134  9666                     221.6666666   38.00000  82.9%   8.9   29s
 11578 12133   38.00000   55  139  221.66667   38.00000  82.9%   9.3   31s
H11909 11585                     221.6666665   38.00000  82.9%   9.6   31s
H15102 10503                     221.6666665   38.00000  82.9%  11.2   31s
H16639 12782                     221.6666665   38.00000  82.9%  11.9   32s
 20825 14576   38.00000   39  149  221.66667   38.00000  82.9%  13.3   35s
H23281 13382                     221.6666661   38.00000  82.9%  14.1   35s
H23789 14909                     221.6666660   38.00000  82.9%  14.2   37s
H25342 14052                     221.6666660   38.00000  82.9%  14.9   37s
 29850 18527  109.50000  116   96  221.66667   38.00000  82.9%  16.6   41s
H30543 18527                     221.6666655   38.00000  82.9%  16.8   41s
H33100 25969                     221.6666639   38.00000  82.9%  17.2   43s
H33398 25969                     221.6666637   38.00000  82.9%  17.2   43s
H33685 25969                     221.6666636   38.00000  82.9%  17.3   43s
H34546 25969                     221.6666636   38.00000  82.9%  17.5   43s
H36572 25969                     221.6666635   38.00000  82.9%  17.9   43s
H42071 27850                     221.6666635   38.00000  82.9%  18.6   44s
H43077 27850                     221.6666632   38.00000  82.9%  18.7   44s
H44290 27850                     221.6666631   38.00000  82.9%  18.7   44s
H44480 27882                     221.6666631   38.00000  82.9%  18.8   46s
H44495 27882                     221.6666631   38.00000  82.9%  18.8   46s
H46200 31659                     221.6666630   38.00000  82.9%  18.9   47s
 54673 37191  110.67148  146   78  221.66666   38.00000  82.9%  19.0   50s
H55208 37191                     221.6661593   38.00000  82.9%  19.0   50s
H58314 38653                     221.6661593   38.00000  82.9%  19.6   51s
 66118 46930   38.33424  106  121  221.66616   38.00000  82.9%  20.7   55s
 73656 54733   71.17903  153   78  221.66616   38.00000  82.9%  21.1   60s
 90362 67223   54.66667  126   81  221.66616   38.00000  82.9%  21.9   66s
 104095 71484   57.33356  142   65  221.66616   38.00000  82.9%  22.4   71s
 122320 83083   39.16667   55  136  221.66616   38.00000  82.9%  22.8   82s
 122356 106990   39.66667   54  150  221.66616   38.00000  82.9%  22.8   90s
 161185 113667   40.66667  122  120  221.66616   38.00000  82.9%  24.2   95s
 169710 121545   89.00000  156   60  221.66616   38.00000  82.9%  24.4  100s
 174595 121575   44.83447  120  117  221.66616   38.00000  82.9%  24.4  105s
 189195 131270   57.50000  128  106  221.66616   38.00000  82.9%  24.8  111s
 189267 152432   63.66667  133   88  221.66616   38.00000  82.9%  24.8  119s
 221299 157462   38.00000   83  136  221.66616   38.00000  82.9%  25.4  121s
 238673 164864   61.66667  137   81  221.66616   38.00000  82.9%  25.6  125s
 250551 175167   69.16667  153   81  221.66616   38.00000  82.9%  25.8  131s
 268298 181121   50.16667  123  109  221.66616   38.00000  82.9%  26.1  135s
 276915 184724   39.00000  119  112  221.66616   38.00000  82.9%  26.2  141s
 279358 188965  181.00000  170   36  221.66616   38.00000  82.9%  26.2  145s
 296629 200362   58.66667   66  141  221.66616   38.00000  82.9%  26.5  150s
 310519 208587 infeasible  169       221.66616   38.00000  82.9%  26.7  155s
 328510 216166   45.66667   97  130  221.66616   38.00000  82.9%  26.7  160s
 340069 224807  128.16667  126   72  221.66616   38.00000  82.9%  26.8  165s
 349265 229032  196.83333  175   38  221.66616   38.00000  82.9%  26.8  170s
 349440 250849 infeasible  176       221.66616   38.00000  82.9%  26.8  186s
 388440 256067   38.50000  111  134  221.66616   38.00000  82.9%  27.1  191s
 397065 261788   44.83454  137  102  221.66616   38.00000  82.9%  27.2  196s
 413947 271216  201.50000  180   45  221.66616   38.00000  82.9%  27.2  200s
 427101 284346   50.83333  133   96  221.66616   38.00000  82.9%  27.4  206s
 443165 290113   40.50003  120  123  221.66616   38.00000  82.9%  27.4  211s
 447832 297627 infeasible  152       221.66616   38.00000  82.9%  27.4  215s
 465188 305882   47.66667  123  112  221.66616   38.00000  82.9%  27.5  220s
 486950 318312  126.83333  194   62  221.66616   38.00000  82.9%  27.7  226s
 494812 327848   48.00000  135   91  221.66616   38.00000  82.9%  27.7  230s
 500795 328395   40.00000   95  130  221.66616   38.00000  82.9%  27.7  236s
 507704 337113  183.33439  173   43  221.66616   38.00000  82.9%  27.7  240s
 523694 347480 infeasible  129       221.66616   38.00000  82.9%  27.8  245s
 537987 357749   69.00008  151   82  221.66616   38.00000  82.9%  28.0  251s
 551035 362892   38.00090  107  124  221.66616   38.00000  82.9%  28.1  256s
H551109 362882                     221.5000000   38.00000  82.8%  28.1  256s
 555879 369955   50.00000  145  103  221.50000   38.00000  82.8%  28.2  261s
H560464 370054                     221.4999998   38.00000  82.8%  28.3  264s
 560517 373736   38.66712  121  126  221.50000   38.00000  82.8%  28.3  266s
H560543 373736                     221.4999997   38.00000  82.8%  28.3  266s
H562570 373736                     221.4999978   38.00000  82.8%  28.3  266s
H565300 378228                     221.4999977   38.00000  82.8%  28.4  268s
H568406 378228                     221.4999975   38.00000  82.8%  28.4  268s
 570963 382655   48.50000  119  102  221.50000   38.00000  82.8%  28.5  270s
 586929 393873   48.66690  112  123  221.50000   38.00000  82.8%  28.6  275s
 599606 402151   38.33333   90  134  221.50000   38.00000  82.8%  28.7  281s
 617646 414698   38.00053   83  131  221.50000   38.00000  82.8%  28.8  285s
 636709 429424  193.00033  101  105  221.50000   38.00000  82.8%  28.8  290s
 649618 437442   38.00000   67   95  221.50000   38.00000  82.8%  28.9  297s
 661866 444660  145.33333  119   65  221.50000   38.00000  82.8%  28.9  300s
 673255 450023   51.66772   97  109  221.50000   38.00000  82.8%  28.9  306s
 680607 459074   54.00080  102   88  221.50000   38.00000  82.8%  28.9  311s
 687230 459103  128.16667  127   45  221.50000   38.00000  82.8%  28.9  317s
 687265 460238  128.16667  128   50  221.50000   38.00000  82.8%  28.9  320s
 689080 460631   41.83333   99   96  221.50000   38.00000  82.8%  28.9  325s
 698395 466198  206.66703   84   78  221.50000   38.00000  82.8%  28.9  331s
H698481 466198                     221.4999975   38.00000  82.8%  28.9  331s
 698618 487978  207.16667   86   74  221.50000   38.00000  82.8%  28.9  339s
 730650 489539   53.33333   80   94  221.50000   38.00000  82.8%  29.0  342s
 732873 509895   64.66667  102   89  221.50000   38.00000  82.8%  29.0  351s
 770968 517353   43.33333   71  110  221.50000   38.00000  82.8%  29.1  355s
 779365 520913     cutoff  134       221.50000   38.00000  82.8%  29.1  363s
 785083 526117   54.39785   94   73  221.50000   38.00000  82.8%  29.1  366s
 792656 533170   60.50000  122   66  221.50000   38.00000  82.8%  29.1  370s
 809372 543984  132.00000  122   79  221.50000   38.00000  82.8%  29.2  375s
H810351 543984                     221.4999975   38.00000  82.8%  29.2  375s
H816322 544012                     221.4999975   38.00000  82.8%  29.1  380s
H816322 544012                     221.4999974   38.00000  82.8%  29.1  380s
H816328 541687                     216.6666667   38.00000  82.5%  29.1  380s
H816380 540164                     214.5000000   38.00000  82.3%  29.1  384s
H816827 539947                     214.3333333   38.00000  82.3%  29.1  384s
H817201 541810                     213.8333333   38.00000  82.2%  29.1  386s
H818997 539068                     211.5000000   38.00000  82.0%  29.1  386s
H821407 538952                     211.3333333   38.00000  82.0%  29.1  389s
H821503 538751                     211.1666667   38.00000  82.0%  29.1  389s
 821571 543629   57.50000  131   58  211.16667   38.00000  82.0%  29.1  391s
H821592 543268                     210.8333333   38.00000  82.0%  29.1  391s
H821600 542273                     210.0000000   38.00000  81.9%  29.1  391s
H821973 541666                     209.5000000   38.00000  81.9%  29.1  391s
H824107 540461                     208.6666667   38.00000  81.8%  29.1  391s
H828866 539947                     208.3333333   38.00000  81.8%  29.2  391s
H829624 541573                     208.1666667   38.00000  81.7%  29.2  393s
H829777 541372                     208.0000000   38.00000  81.7%  29.2  393s
 832365 542742  161.16667  112   58  208.00000   38.00000  81.7%  29.2  395s
H833965 542742                     207.9999999   38.00000  81.7%  29.2  395s
 846145 550393   38.45007   83  110  208.00000   38.00000  81.7%  29.2  405s
H846150 550393                     207.9999999   38.00000  81.7%  29.2  405s
 857870 559986  100.83333   99   94  208.00000   38.00000  81.7%  29.3  412s
 868009 569762     cutoff  105       208.00000   38.00000  81.7%  29.3  417s
 880271 576244   49.83333  101   71  208.00000   38.00000  81.7%  29.3  421s
 892814 585590   57.23174   95  100  208.00000   38.00000  81.7%  29.4  425s
H909606 594009                     207.9999986   38.00000  81.7%  29.5  431s
H913703 598123                     207.9999980   38.00000  81.7%  29.5  433s
 919129 602874   73.00000   99   83  208.00000   38.00000  81.7%  29.5  435s
 935534 613175  125.83333  122   60  208.00000   38.00000  81.7%  29.5  441s
 945406 621409  123.16667  102   64  208.00000   38.00000  81.7%  29.6  445s
 951503 642527   46.50000  118  107  208.00000   38.00000  81.7%  29.6  459s
 983535 642592 infeasible   89       208.00000   38.00000  81.7%  29.6  463s
 983635 664126  138.66667   90   75  208.00000   38.00000  81.7%  29.6  482s
H991708 664122                     207.9993509   38.00000  81.7%  29.7  482s
H1015667 668764                     207.9976637   38.00000  81.7%  29.7  486s
H1016188 668764                     207.9976631   38.00000  81.7%  29.7  486s
 1023835 671183   41.16667   78   99  207.99766   38.00000  81.7%  29.7  490s
 1039639 682723  164.01274  122   54  207.99766   38.00000  81.7%  29.7  495s
 1045382 686924  121.33333  109   61  207.99766   38.00000  81.7%  29.8  501s
 1055286 694711   38.00000   73  105  207.99766   38.00000  81.7%  29.8  507s
 1071354 703881   77.16667  127   59  207.99766   38.00000  81.7%  29.8  511s
 1087444 713256   58.50000  103   73  207.99766   38.00000  81.7%  29.8  516s
 1096420 716242   76.66667  137   71  207.99766   38.00000  81.7%  29.8  521s
 1105932 726354     cutoff  101       207.99766   38.00000  81.7%  29.7  527s
 1118452 732568  122.43934  108   92  207.99766   38.00000  81.7%  29.8  530s
 1127500 736840   38.00000   78  109  207.99766   38.00000  81.7%  29.8  539s
 1127539 739234   38.00000   79  105  207.99766   38.00000  81.7%  29.8  540s
 1142571 748083 infeasible   93       207.99766   38.00000  81.7%  29.8  545s
 1152851 759435   53.33333  100   77  207.99766   38.00000  81.7%  29.9  550s
 1172450 767986   58.16708  116  101  207.99766   38.00000  81.7%  30.0  559s
 1172489 770868 infeasible  116       207.99766   38.00000  81.7%  30.0  562s
 1181003 775630   55.00000   96   85  207.99766   38.00000  81.7%  29.9  565s
 1202732 789272   39.66812   99  137  207.99766   38.00000  81.7%  29.9  570s
 1213682 796169   98.16667   82   86  207.99766   38.00000  81.7%  30.0  577s
 1225640 800547     cutoff  129       207.99766   38.00000  81.7%  30.0  584s
 1225677 820646   87.66667  130   55  207.99766   38.00000  81.7%  30.0  594s
 1227679 820646  136.76389  116   73  207.99766   38.00000  81.7%  30.0  595s
 1269995 827632   38.00000   97  102  207.99766   38.00000  81.7%  30.0  602s
 1274795 830418   54.50000   76  113  207.99766   38.00000  81.7%  30.0  609s
 1274839 833732   54.50000   77  114  207.99766   38.00000  81.7%  30.0  610s
 1289859 844318 infeasible  123       207.99766   38.00000  81.7%  30.1  615s
 1307039 856302  207.00000   96   67  207.99766   38.00000  81.7%  30.1  621s
 1318528 862615     cutoff  140       207.99766   38.00000  81.7%  30.1  626s
 1335793 873334     cutoff  110       207.99766   38.00000  81.7%  30.1  630s
 1350730 879079  160.14942  137   48  207.99766   38.00000  81.7%  30.1  638s
 1350766 882688 infeasible  138       207.99766   38.00000  81.7%  30.1  640s
 1373578 895757   49.50798  108   96  207.99766   38.00000  81.7%  30.1  645s
 1387542 906888   41.16667   79  100  207.99766   38.00000  81.7%  30.1  650s
 1412666 922014   38.33333   74  114  207.99766   38.00000  81.7%  30.2  656s
 1425702 930488  128.50000  107   83  207.99766   38.00000  81.7%  30.2  660s
 1446311 944300 infeasible  173       207.99766   38.00000  81.7%  30.2  665s
 1460470 950489   63.80338   95   97  207.99766   38.00000  81.7%  30.2  670s
 1463750 950508  126.46962  106   84  207.99766   38.00000  81.7%  30.2  675s
 1473028 961387  176.81964  126   41  207.99766   38.00000  81.7%  30.2  681s
 1483845 967099   38.00000   59  108  207.99766   38.00000  81.7%  30.2  685s
 1498048 977789   41.80263  125   81  207.99766   38.00000  81.7%  30.2  690s
 1516954 988152   96.84402  127   49  207.99766   38.00000  81.7%  30.1  695s
 1533724 996366  207.41893   96   93  207.99766   38.00000  81.7%  30.1  701s
 1541220 1001200   83.67548  132   74  207.99766   38.00000  81.7%  30.2  706s
 1545405 1001225   63.83333  126   61  207.99766   38.00000  81.7%  30.2  711s
 1553854 1009187   45.66667  112   87  207.99766   38.00000  81.7%  30.2  716s
 1569907 1020496   63.66667  133   81  207.99766   38.00000  81.7%  30.2  721s
 1580422 1026215  196.00669  121   50  207.99766   38.00000  81.7%  30.2  726s
 1596593 1037370   63.83333  113   99  207.99766   38.00000  81.7%  30.2  731s
 1610581 1046194 infeasible  122       207.99766   38.00000  81.7%  30.3  736s
 1623376 1054564   63.66667   95  102  207.99766   38.00000  81.7%  30.3  740s
 1634187 1062677 infeasible  133       207.99766   38.00000  81.7%  30.3  745s
 1647680 1068418   45.33333   85  115  207.99766   38.00000  81.7%  30.3  752s
 1647839 1089674   45.33333   86  113  207.99766   38.00000  81.7%  30.3  766s
 1685790 1094866  132.50000  119   64  207.99766   38.00000  81.7%  30.3  771s
 1694548 1105184   41.33333   89   95  207.99766   38.00000  81.7%  30.4  776s
 1706861 1111508   42.91817   84   98  207.99766   38.00000  81.7%  30.4  780s
 1725101 1122011  156.66667  157   51  207.99766   38.00000  81.7%  30.4  785s
 1741117 1131094     cutoff  123       207.99766   38.00000  81.7%  30.4  790s
 1758364 1140898   86.33333  109   78  207.99766   38.00000  81.7%  30.4  795s
 1766519 1147359  153.66817  104   82  207.99766   38.00000  81.7%  30.4  800s
 1782077 1160183   51.00000  130   76  207.99766   38.00000  81.7%  30.4  805s
 1797745 1166826   38.66667   70   96  207.99766   38.00000  81.7%  30.5  812s
 1797780 1167272   38.66667   71   94  207.99766   38.00000  81.7%  30.5  815s
 1809749 1181689  137.33333  109   67  207.99766   38.00000  81.7%  30.5  821s
 1829814 1189250   46.83333   81   92  207.99766   38.00000  81.7%  30.5  826s
 1845755 1197909   90.33333  142   61  207.99766   38.00000  81.7%  30.5  831s
 1853793 1206011   44.66667   81  124  207.99766   38.00000  81.7%  30.5  835s
 1864637 1212431     cutoff  100       207.99766   38.00000  81.7%  30.5  840s
 1886925 1226330  135.00030   82   95  207.99766   38.00000  81.7%  30.5  847s
 1894776 1234303   42.91667  103  121  207.99766   38.00000  81.7%  30.5  851s
 1905411 1243956   38.50000   78  104  207.99766   38.00000  81.7%  30.6  857s
 1916455 1243986   62.33356  108  104  207.99766   38.00000  81.7%  30.6  862s
 1920923 1249985   98.66667   93   93  207.99766   38.00000  81.7%  30.6  865s
 1938667 1261028  163.00002  163   36  207.99766   38.00000  81.7%  30.6  870s
 1942765 1261052  162.00000  133   50  207.99766   38.00000  81.7%  30.6  875s
 1951237 1270316     cutoff  138       207.99766   38.00000  81.7%  30.6  881s
 1966887 1278844   41.35005  117  109  207.99766   38.00000  81.7%  30.6  887s
 1970588 1284999   58.83333   93  106  207.99766   38.00000  81.7%  30.6  890s
 1996987 1298503     cutoff   90       207.99766   38.00000  81.7%  30.6  896s
 2013978 1308177  165.33348  152   59  207.99766   38.00000  81.7%  30.6  901s
 2023655 1312193  189.66667  133   76  207.99766   38.00000  81.7%  30.6  907s
 2029507 1319635     cutoff  109       207.99766   38.00000  81.7%  30.6  911s
 2041995 1324667   48.33333   89   81  207.99766   38.00000  81.7%  30.7  918s
 2042031 1328480   48.33333   90   79  207.99766   38.00000  81.7%  30.7  920s
 2047890 1328504  120.50679  109   78  207.99766   38.00000  81.7%  30.7  927s
 2048784 1333268  150.33333  134   58  207.99766   38.00000  81.7%  30.7  930s
 2054705 1333297   44.83333  108   93  207.99766   38.00000  81.7%  30.7  940s
 2058049 1338959  121.16667  126   56  207.99766   38.00000  81.7%  30.7  946s
 2072582 1345860   76.66667  137   61  207.99766   38.00000  81.7%  30.7  950s
 2083490 1351036   89.83348   95   89  207.99766   38.00000  81.7%  30.7  956s
 2083525 1351679   90.00000   96   85  207.99766   38.00000  81.7%  30.7  962s
 2084391 1355502  133.71429  108   79  207.99766   38.00000  81.7%  30.7  965s
 2090930 1355621 infeasible   86       207.99766   38.00000  81.7%  30.7  970s
 2103091 1368334   42.00000   86  116  207.99766   38.00000  81.7%  30.7  975s
 2113369 1375173   57.23333  129   82  207.99766   38.00000  81.7%  30.7  980s
 2129765 1382399   42.50000   98  100  207.99766   38.00000  81.7%  30.8  990s
 2129800 1402170   39.25000   98  119  207.99766   38.00000  81.7%  30.8 1012s
 2161832 1406455   58.83333  120   75  207.99766   38.00000  81.7%  30.8 1016s
 2177610 1411276 infeasible  122       207.99766   38.00000  81.7%  30.8 1021s
 2183365 1415081   39.16667   85  131  207.99766   38.00000  81.7%  30.8 1026s
 2190136 1423266   41.16667   74  115  207.99766   38.00000  81.7%  30.8 1030s
 2201925 1430019   52.69444  100   80  207.99766   38.00000  81.7%  30.8 1037s
 2205997 1434471  162.66667   91   91  207.99766   38.00000  81.7%  30.8 1040s
 2222052 1442512  160.50000   92   65  207.99766   38.00000  81.7%  30.8 1045s
 2237625 1451139   90.37537  126   80  207.99766   38.00000  81.7%  30.8 1051s
 2246253 1458348   46.69318   86   93  207.99766   38.00000  81.7%  30.8 1055s
 2266120 1466557  121.00202   97   74  207.99766   38.00000  81.7%  30.8 1063s
 2269864 1471587   38.00000   84  104  207.99766   38.00000  81.7%  30.8 1065s
 2289293 1485293   99.66847   97   87  207.99766   38.00000  81.7%  30.8 1071s
 2305876 1497944 infeasible  128       207.99766   38.00000  81.7%  30.9 1075s
 2319449 1506854  179.83333  145   47  207.99766   38.00000  81.7%  30.9 1082s
 2331817 1513730  121.33376  126   70  207.99766   38.00000  81.7%  30.9 1085s
 2342675 1516832   82.00000  133   65  207.99766   38.00000  81.7%  30.9 1090s
 2351095 1523215  143.19010  143   70  207.99766   38.00000  81.7%  30.9 1097s
 2352187 1542678  148.02854  146   61  207.99766   38.00000  81.7%  30.9 1105s
 2395391 1549840  136.66667  104   68  207.99766   38.00000  81.7%  30.8 1110s
 2409620 1558023 infeasible  120       207.99766   38.00000  81.7%  30.8 1117s
 2415315 1562122   39.00000   81  102  207.99766   38.00000  81.7%  30.8 1122s
 2415753 1582773   39.00000   82  102  207.99766   38.00000  81.7%  30.8 1128s
 2447785 1582791     cutoff  100       207.99766   38.00000  81.7%  30.8 1136s
 2447829 1602631  119.00000   99   74  207.99766   38.00000  81.7%  30.8 1144s
 2478860 1602631 infeasible  152       207.99766   38.00000  81.7%  30.8 1145s
 2492780 1610237   38.00000   80  105  207.99766   38.00000  81.7%  30.8 1153s
 2492906 1613163   38.00000   81  105  207.99766   38.00000  81.7%  30.8 1155s
 2509053 1623917   40.08341  114   95  207.99766   38.00000  81.7%  30.8 1160s
 2525783 1632471   38.00000   92   94  207.99766   38.00000  81.7%  30.8 1165s
 2531683 1635614   38.00000   97  103  207.99766   38.00000  81.7%  30.8 1170s
 2536411 1638087   47.44324   87   93  207.99766   38.00000  81.7%  30.8 1177s
 2546022 1646534   54.88239   86   91  207.99766   38.00000  81.7%  30.8 1181s
 2561588 1657068  184.50000  142   30  207.99766   38.00000  81.7%  30.9 1186s
 2572635 1660873   38.00000   73  108  207.99766   38.00000  81.7%  30.9 1191s
 2572708 1680263   40.33333   73  119  207.99766   38.00000  81.7%  30.9 1199s

Cutting planes:
  Learned: 182
  Gomory: 27
  Cover: 107
  Implied bound: 93
  Clique: 9
  MIR: 338
  StrongCG: 1
  Flow cover: 732
  RLT: 3
  Relax-and-lift: 229

Cleanup yields a better solution

Explored 2604740 nodes (80378325 simplex iterations) in 1200.68 seconds
Thread count was 32 (of 64 available processors)

Solution count 10: 207.998 208 208 ... 210

Time limit reached
Best objective 2.068948183393e+02, best bound 3.800000000000e+01, gap 81.6332%
