
Gurobi 9.1.2 (linux64) logging started Mon Apr  4 02:37:09 2022

Changed value of parameter LogFile to us-ca_v-Montreal.log
   Prev:   Default: 
Changed value of parameter MIPFocus to 1
   Prev: 0  Min: 0  Max: 3  Default: 0
Changed value of parameter TimeLimit to 1200.0
   Prev: inf  Min: 0.0  Max: inf  Default: inf
Warning: variables 0 and 200 have the same name "X[Houston,ElPaso]"
Warning: linear constraint 240 and linear constraint 241 have the same name "weight-constr-t5"
Warning: to let Gurobi read it back, use rlp format
Gurobi Optimizer version 9.1.2 build v9.1.2rc0 (linux64)
Thread count: 32 physical cores, 64 logical processors, using up to 32 threads
Optimize a model with 1454 rows, 1200 columns and 4266 nonzeros
Model fingerprint: 0x3880bd25
Variable types: 234 continuous, 966 integer (966 binary)
Coefficient statistics:
  Matrix range     [1e+00, 1e+06]
  Objective range  [2e-01, 2e-01]
  Bounds range     [1e+00, 5e+05]
  RHS range        [1e+00, 1e+06]
Presolve removed 48 rows and 54 columns
Presolve time: 0.02s
Presolved: 1406 rows, 1146 columns, 7416 nonzeros
Variable types: 228 continuous, 918 integer (918 binary)

Root relaxation: objective 3.800000e+01, 158 iterations, 0.00 seconds

    Nodes    |    Current Node    |     Objective Bounds      |     Work
 Expl Unexpl |  Obj  Depth IntInf | Incumbent    BestBd   Gap | It/Node Time

     0     0   38.00000    0   38          -   38.00000      -     -    0s
     0     0   38.00000    0   54          -   38.00000      -     -    0s
     0     0   38.00000    0   54          -   38.00000      -     -    0s
     0     0   38.00000    0   39          -   38.00000      -     -    0s
     0     0   38.00000    0   24          -   38.00000      -     -    0s
     0     0   38.00000    0   26          -   38.00000      -     -    0s
     0     0   38.00000    0   22          -   38.00000      -     -    0s
H    0     0                    1661945.3333   38.00000   100%     -    0s
     0     0   38.00000    0   22 1661945.33   38.00000   100%     -    0s
H    0     0                    16428.499993   38.00000   100%     -    0s
H    0     0                    16426.999996   38.00000   100%     -    0s
H    0     0                    8239.9999999   38.00000   100%     -    1s
H    0     0                    8239.6666666   38.00000   100%     -    1s
H    0     2                    2120.4999996   38.00000  98.2%     -    1s
     0     2   38.00000    0   22 2120.50000   38.00000  98.2%     -    1s
H    7    16                    2117.1666663   38.00000  98.2%  51.0    1s
H   31    64                    2116.1666667   38.00000  98.2%  18.7    1s
H   32    64                    2109.8333329   38.00000  98.2%  18.8    1s
H   36    64                    1094.0000000   38.00000  96.5%  16.9    1s
H   95   128                    1092.8333333   38.00000  96.5%  11.3    2s
H   95   128                    1092.6666667   38.00000  96.5%  11.3    2s
H   96   128                    1092.1666667   38.00000  96.5%  11.2    2s
H   96   128                    1090.9999999   38.00000  96.5%  11.2    2s
H   97   128                     615.5000000   38.00000  93.8%  11.5    2s
H  159   192                     584.1666667   38.00000  93.5%  10.3    4s
H  165   192                     581.1666667   38.00000  93.5%  10.1    4s
H  180   192                     575.1666667   38.00000  93.4%   9.7    4s
   191   224   39.00000   10   18  575.16667   38.00000  93.4%   9.5    8s
H  198   224                     575.0000000   38.00000  93.4%   9.3    8s
H  272   444                     574.9999999   38.00000  93.4%   8.9    8s
H  944  1083                     574.9999999   38.00000  93.4%   7.9    9s
  1105  2980   44.00000   36   25  575.00000   38.00000  93.4%   7.7   10s
H 1706  2980                     574.9999977   38.00000  93.4%   7.3   10s
H 2410  2980                     574.9999975   38.00000  93.4%   6.9   10s
  5400  6633   38.00000   26   34  575.00000   38.00000  93.4%   6.2   15s
 13584 11744   38.00000   17  153  575.00000   38.00000  93.4%   6.8   20s
H13607 11153                     574.9999975   38.00000  93.4%   6.8   20s
 13712 11246   38.00000   19  164  575.00000   38.00000  93.4%   6.8   26s
H13721 10689                     574.9999974   38.00000  93.4%   6.8   26s
H16000 11497                     574.9999973   38.00000  93.4%   8.0   29s
 16041 14187   38.00000   54  147  575.00000   38.00000  93.4%   8.0   30s
 30224 26287  294.00093  149   74  575.00000   38.00000  93.4%  13.1   35s
H42143 22540                     574.9999971   38.00000  93.4%  15.2   37s
H42501 23135                     574.9999970   38.00000  93.4%  15.3   39s
 43001 25771   40.83349   81  153  575.00000   38.00000  93.4%  15.4   40s
H47042 26172                     574.9999970   38.00000  93.4%  15.9   41s
 51497 29079  223.00072  152  115  575.00000   38.00000  93.4%  16.4   50s
H51515 29079                     574.9999962   38.00000  93.4%  16.4   50s
H51704 31929                     574.9999960   38.00000  93.4%  16.5   51s
H55256 31929                     574.9999958   38.00000  93.4%  16.8   51s
 61534 45883 infeasible   66       575.00000   38.00000  93.4%  17.6   57s
H79005 49316                     574.9996298   38.00000  93.4%  18.7   59s
 79411 53811   42.00000  109  106  574.99963   38.00000  93.4%  18.7   60s
H79500 53811                     574.9946956   38.00000  93.4%  18.7   60s
 93525 67390   48.83333   72  139  574.99470   38.00000  93.4%  19.1   65s
 113677 72642   39.00000   77  138  574.99470   38.00000  93.4%  20.1   76s
 120506 81106 infeasible   98       574.99470   38.00000  93.4%  20.6   80s
 148411 99621   38.00118   67  149  574.99470   38.00000  93.4%  21.4   85s
 167228 114086  263.16679  148   79  574.99470   38.00000  93.4%  21.8   90s
 180547 119612 infeasible   95       574.99470   38.00000  93.4%  22.1   95s
 197396 133672   44.16669   98  120  574.99470   38.00000  93.4%  22.4  100s
 206246 137372   38.00000   79  154  574.99470   38.00000  93.4%  22.4  105s
 217441 148485   47.66667   79  145  574.99470   38.00000  93.4%  22.7  111s
 224017 148508  212.16680  117   88  574.99470   38.00000  93.4%  22.8  119s
 224058 169891  212.50000  118   79  574.99470   38.00000  93.4%  22.8  131s
 264075 178632   38.16674  108  127  574.99470   38.00000  93.4%  23.2  135s
 283808 191168   38.50000   71  177  574.99470   38.00000  93.4%  23.5  140s
 300137 199433   38.00000   62  149  574.99470   38.00000  93.4%  23.6  152s
 304395 202413 infeasible  126       574.99470   38.00000  93.4%  23.7  155s
 318687 211874   67.66705   86  132  574.99470   38.00000  93.4%  23.8  172s
 318743 233044 infeasible   87       574.99470   38.00000  93.4%  23.8  178s
 350775 238091   38.00000   87  114  574.99470   38.00000  93.4%  24.1  181s
 364242 241404   38.00000   60  158  574.99470   38.00000  93.4%  24.2  189s
 364286 245118   38.00000   61  150  574.99470   38.00000  93.4%  24.2  191s
 379369 254624   48.50000  133   88  574.99470   38.00000  93.4%  24.3  195s
 399570 263169   96.16667  112  103  574.99470   38.00000  93.4%  24.5  202s
 405055 268112   44.50142  134  127  574.99470   38.00000  93.4%  24.7  205s
 416361 280601   39.50005   90  138  574.99470   38.00000  93.4%  24.8  210s
 435020 288845  418.66667  140   75  574.99470   38.00000  93.4%  24.8  215s
 455518 303016   38.00000   49  162  574.99470   38.00000  93.4%  25.1  221s
 472431 310421 infeasible  128       574.99470   38.00000  93.4%  25.1  226s
 481967 314472   38.16672   75  151  574.99470   38.00000  93.4%  25.2  234s
 482013 334755   45.00000   76  136  574.99470   38.00000  93.4%  25.2  243s
 514045 334839   43.83430  126  120  574.99470   38.00000  93.4%  25.4  246s
 514227 354587 infeasible  127       574.99470   38.00000  93.4%  25.4  254s
 532245 354587   38.16700   80  182  574.99470   38.00000  93.4%  25.6  255s
 560005 364356   38.00000  101  171  574.99470   38.00000  93.4%  25.8  260s
 577878 377112   42.50000  121  143  574.99470   38.00000  93.4%  25.9  266s
 589418 383051   41.16911  120  133  574.99470   38.00000  93.4%  26.0  271s
 604288 393481   79.16667  149  102  574.99470   38.00000  93.4%  26.0  276s
 622437 400077   52.00010   90  118  574.99470   38.00000  93.4%  26.1  282s
 627962 403534   45.66667  100  164  574.99470   38.00000  93.4%  26.2  294s
 628005 406652   45.66667  101  159  574.99470   38.00000  93.4%  26.2  296s
 638174 413422   41.50000   97  160  574.99470   38.00000  93.4%  26.2  300s
 643782 413523  374.45512   93   92  574.99470   38.00000  93.4%  26.2  305s
 643932 432112  375.08717   94   93  574.99470   38.00000  93.4%  26.2  316s
 683276 437758   38.00000  116  165  574.99470   38.00000  93.4%  26.5  320s
 699558 449995   38.08697   84  172  574.99470   38.00000  93.4%  26.6  325s
 705707 450044   46.83538  105  134  574.99470   38.00000  93.4%  26.6  332s
 705770 468416   46.00031  103  156  574.99470   38.00000  93.4%  26.6  339s
 737802 468499   39.33333   99  139  574.99470   38.00000  93.4%  26.8  348s
 737950 488392 infeasible  100       574.99470   38.00000  93.4%  26.8  355s
 769982 488407  483.50000  124   91  574.99470   38.00000  93.4%  26.9  368s
 770030 506799     cutoff  125       574.99470   38.00000  93.4%  26.9  374s
 802062 506847 infeasible  112       574.99470   38.00000  93.4%  27.0  381s
 802153 525282   43.83333  112  148  574.99470   38.00000  93.4%  27.0  387s
 842617 530308   39.16688  103  166  574.99470   38.00000  93.4%  27.1  390s
 851214 537374 infeasible  103       574.99470   38.00000  93.4%  27.1  396s
 864798 547558   59.83333  141  138  574.99470   38.00000  93.4%  27.2  400s
 876838 552130   38.00000   92  152  574.99470   38.00000  93.4%  27.2  406s
 886159 557668   88.00005  146  104  574.99470   38.00000  93.4%  27.2  410s
 895592 560593   43.00000  113  162  574.99470   38.00000  93.4%  27.3  415s
 895883 579660   44.25021  111  153  574.99470   38.00000  93.4%  27.3  422s
 927915 584368   60.00000  126  107  574.99470   38.00000  93.4%  27.3  425s
 944535 590511 infeasible  129       574.99470   38.00000  93.4%  27.4  430s
 953237 593641   38.66667  112  162  574.99470   38.00000  93.4%  27.4  438s
 953401 597228   38.66667  113  162  574.99470   38.00000  93.4%  27.4  440s
 972009 606049   46.50000  127  117  574.99470   38.00000  93.4%  27.5  445s
 990361 617850  145.16667  150   77  574.99470   38.00000  93.4%  27.5  450s
 1005038 628257   41.50000   99  139  574.99470   38.00000  93.4%  27.6  456s
 1022733 638105   39.66667  116  145  574.99470   38.00000  93.4%  27.7  462s
 1035468 643451 infeasible  116       574.99470   38.00000  93.4%  27.7  465s
 1043554 649005   39.50000  138  136  574.99470   38.00000  93.4%  27.7  470s
 1062212 660422  387.50000  120  105  574.99470   38.00000  93.4%  27.7  475s
 1068457 660450   42.66667  106  169  574.99470   38.00000  93.4%  27.7  481s
 1076577 668212 infeasible  149       574.99470   38.00000  93.4%  27.7  486s
 1084261 674690  564.25328  158   88  574.99470   38.00000  93.4%  27.8  490s
 1104542 682524   43.00000  114  119  574.99470   38.00000  93.4%  27.9  501s
 1110387 685829  209.83341  132  121  574.99470   38.00000  93.4%  27.9  516s
 1115741 690529   39.87037  103  136  574.99470   38.00000  93.4%  27.9  520s
 1130809 701423 infeasible  135       574.99470   38.00000  93.4%  27.9  526s
 1146478 709114   39.33333  131  141  574.99470   38.00000  93.4%  28.0  531s
 1162466 719779   38.00086  116  146  574.99470   38.00000  93.4%  28.0  536s
 1179139 727097   46.51366  118  139  574.99470   38.00000  93.4%  28.0  540s
 1187807 730321 infeasible   98       574.99470   38.00000  93.4%  28.0  548s
 1187861 748700   59.16667   99  131  574.99470   38.00000  93.4%  28.0  558s
 1219893 752546   55.16667  144  117  574.99470   38.00000  93.4%  28.0  562s
 1233038 758357  131.39001  148   99  574.99470   38.00000  93.4%  28.1  565s
 1240702 761601 infeasible  136       574.99470   38.00000  93.4%  28.1  573s
 1247087 765688   40.50027  138  135  574.99470   38.00000  93.4%  28.2  580s
 1260100 777576  376.66667  116   89  574.99470   38.00000  93.4%  28.2  585s
 1275790 784861  378.16698   97  109  574.99470   38.00000  93.4%  28.2  590s
 1291962 795755   50.07557  158  106  574.99470   38.00000  93.4%  28.2  596s
 1298412 795776   40.00000  103  161  574.99470   38.00000  93.4%  28.2  602s
 1305583 800877  122.16677   99  107  574.99470   38.00000  93.4%  28.3  605s
 1314971 808323   58.50047   92  139  574.99470   38.00000  93.4%  28.3  610s
 1331034 817741  210.00000  125  138  574.99470   38.00000  93.4%  28.3  616s
 1345867 823101   44.50026  142  122  574.99470   38.00000  93.4%  28.3  625s
 1345978 841059   45.00000  143  120  574.99470   38.00000  93.4%  28.3  632s
 1378010 845391   39.16708  114  154  574.99470   38.00000  93.4%  28.4  635s
 1394396 852940   56.66667  106  137  574.99470   38.00000  93.4%  28.4  640s
 1409567 859109   38.00002   86  156  574.99470   38.00000  93.4%  28.4  646s
 1410390 877451   38.00005   87  154  574.99470   38.00000  93.4%  28.4  653s
 1442422 877496   38.33382   78  149  574.99470   38.00000  93.4%  28.5  660s
 1442532 894516   40.00072   79  150  574.99470   38.00000  93.4%  28.5  670s
 1481325 901575   44.16667  125  135  574.99470   38.00000  93.4%  28.5  675s
 1496765 909725 infeasible  140       574.99470   38.00000  93.4%  28.5  680s
 1513694 919247   41.83333  138  149  574.99470   38.00000  93.4%  28.5  686s
 1527617 924581   38.00000  102  133  574.99470   38.00000  93.4%  28.6  692s
 1533732 927496   64.33333  143  106  574.99470   38.00000  93.4%  28.6  703s
 1539943 934909 infeasible  129       574.99470   38.00000  93.4%  28.6  706s
 1555312 938849   39.33333  105  139  574.99470   38.00000  93.4%  28.6  710s
 1565660 946846   53.23425  136  105  574.99470   38.00000  93.4%  28.6  715s
 1577677 951358 infeasible  125       574.99470   38.00000  93.4%  28.6  727s
 1582848 956496   44.72233  128  139  574.99470   38.00000  93.4%  28.6  730s
 1598761 964545   45.00176  112  129  574.99470   38.00000  93.4%  28.6  736s
 1611862 968694 infeasible  164       574.99470   38.00000  93.4%  28.6  740s
 1620831 976010  208.00013  141   90  574.99470   38.00000  93.4%  28.6  745s
 1625752 976443 infeasible  129       574.99470   38.00000  93.4%  28.6  755s
 1632587 980435     cutoff   99       574.99470   38.00000  93.4%  28.6  760s
 1633388 997033 infeasible  120       574.99470   38.00000  93.4%  28.6  766s
 1679513 1005787   39.33344  114  146  574.99470   38.00000  93.4%  28.6  770s
 1696263 1014556   48.00000  133  127  574.99470   38.00000  93.4%  28.6  775s
 1697292 1014578   38.00000   89  144  574.99470   38.00000  93.4%  28.6  780s
 1697334 1030961   38.00000   90  142  574.99470   38.00000  93.4%  28.6  788s
 1729366 1034538 infeasible  117       574.99470   38.00000  93.4%  28.7  791s
 1742112 1038319 infeasible  153       574.99470   38.00000  93.4%  28.7  801s
 1748572 1041716  210.50000  159  101  574.99470   38.00000  93.4%  28.7  810s
 1754192 1044918   38.00000  127  152  574.99470   38.00000  93.4%  28.7  818s
 1760159 1047822  374.83338  136   94  574.99470   38.00000  93.4%  28.7  821s
 1760337 1064414  287.00000  136   91  574.99470   38.00000  93.4%  28.7  828s
 1792369 1067782 infeasible  125       574.99470   38.00000  93.4%  28.7  831s
 1805550 1073238  177.50000  146  103  574.99470   38.00000  93.4%  28.7  835s
 1818499 1081948 infeasible  137       574.99470   38.00000  93.4%  28.7  840s
 1831900 1089613 infeasible  148       574.99470   38.00000  93.4%  28.7  845s
 1847413 1096880  381.83333  145  123  574.99470   38.00000  93.4%  28.7  850s
 1856617 1099359  404.42863  167   95  574.99470   38.00000  93.4%  28.7  855s
 1857331 1116746  406.34158  168   80  574.99470   38.00000  93.4%  28.7  864s
 1889363 1120697     cutoff  162       574.99470   38.00000  93.4%  28.8  867s
 1900837 1123427   40.16667  155  134  574.99470   38.00000  93.4%  28.8  876s
 1910805 1131807   38.00000  125  152  574.99470   38.00000  93.4%  28.8  880s
 1915807 1131830  116.72371  155  125  574.99470   38.00000  93.4%  28.8  885s
 1924268 1139919  124.66667  128  139  574.99470   38.00000  93.4%  28.8  892s
 1937736 1145387 infeasible  135       574.99470   38.00000  93.4%  28.8  895s
 1949577 1152827  140.50005  119  140  574.99470   38.00000  93.4%  28.8  900s
 1961563 1158605   94.08438  119  100  574.99470   38.00000  93.4%  28.8  905s
 1977660 1165940 infeasible  118       574.99470   38.00000  93.4%  28.8  910s
 1988227 1169719   38.83359  111  144  574.99470   38.00000  93.4%  28.8  925s
 1988274 1186298   39.66672  111  146  574.99470   38.00000  93.4%  28.8  932s
 2020306 1189641   38.66667   88  160  574.99470   38.00000  93.4%  28.9  935s
 2035293 1197534     cutoff  160       574.99470   38.00000  93.4%  28.8  940s
 2057672 1209264   45.83351  128  118  574.99470   38.00000  93.4%  28.8  946s
 2064022 1209289   43.00062  131  144  574.99470   38.00000  93.4%  28.9  957s
 2071338 1214641   42.66667  137  130  574.99470   38.00000  93.4%  28.9  961s
 2080349 1222916 infeasible  133       574.99470   38.00000  93.4%  28.9  966s
 2088617 1222929   50.16843  140  141  574.99470   38.00000  93.4%  28.9  976s
 2088667 1240290 infeasible  141       574.99470   38.00000  93.4%  28.9  987s
 2120699 1244135  128.50098  114  130  574.99470   38.00000  93.4%  28.9  990s
 2131702 1246417   40.83333   99  137  574.99470   38.00000  93.4%  28.9  999s
 2131743 1250385   41.68378   99  129  574.99470   38.00000  93.4%  28.9 1001s
 2147847 1255255   39.16667  109  133  574.99470   38.00000  93.4%  28.9 1015s
 2154787 1258723   72.83346  151  130  574.99470   38.00000  93.4%  28.9 1032s
 2154828 1275539   72.83358  152  129  574.99470   38.00000  93.4%  28.9 1038s
 2186860 1279430   62.19444  104  115  574.99470   38.00000  93.4%  28.9 1042s
 2200139 1284940   38.50000   95  161  574.99470   38.00000  93.4%  28.9 1045s
 2219415 1298679   61.33682  107  138  574.99470   38.00000  93.4%  28.9 1051s
 2235976 1307314 infeasible  104       574.99470   38.00000  93.4%  28.9 1056s
 2251066 1316465  382.42150  150   89  574.99470   38.00000  93.4%  28.9 1061s
 2267629 1326039  119.34118  131  140  574.99470   38.00000  93.4%  28.9 1065s
 2282192 1330802   40.50284  137  171  574.99470   38.00000  93.4%  28.9 1074s
 2282232 1349822   40.83372  138  162  574.99470   38.00000  93.4%  28.9 1082s
 2314264 1353511     cutoff  147       574.99470   38.00000  93.4%  28.9 1085s
 2330800 1364355  205.33333  136  153  574.99470   38.00000  93.4%  28.9 1091s
 2337307 1364377   46.66667  111  154  574.99470   38.00000  93.4%  28.9 1097s
 2337348 1367717   60.33333  113  141  574.99470   38.00000  93.4%  28.9 1100s
 2357014 1377141   39.16667  116  144  574.99470   38.00000  93.4%  28.9 1106s
 2369017 1385996   38.00026  123  156  574.99470   38.00000  93.4%  28.9 1111s
 2388355 1395048   41.16672  122  166  574.99470   38.00000  93.4%  28.9 1116s
 2400584 1403295   38.00000  106  144  574.99470   38.00000  93.4%  28.9 1120s
 2416734 1413045  162.00010  150   86  574.99470   38.00000  93.4%  28.9 1125s
 2425356 1418332  426.80026  146   98  574.99470   38.00000  93.4%  29.0 1130s
 2442014 1428943   39.08492  141  147  574.99470   38.00000  93.4%  29.0 1135s
 2461474 1439510   87.16672  147  100  574.99470   38.00000  93.4%  29.0 1141s
 2478640 1448936 infeasible  128       574.99470   38.00000  93.4%  29.0 1146s
 2487167 1451681  555.00834  134  121  574.99470   38.00000  93.4%  29.0 1156s
 2491982 1454480   39.16667   97  142  574.99470   38.00000  93.4%  29.0 1165s
 2497331 1461575   73.16729  135   99  574.99470   38.00000  93.4%  29.0 1170s
 2514318 1470125  247.17973  116   86  574.99470   38.00000  93.4%  29.0 1176s
 2528691 1479051  412.83333  122   94  574.99470   38.00000  93.4%  29.0 1181s
 2543961 1487888  489.00000  173   78  574.99470   38.00000  93.4%  29.1 1186s
 2560623 1498099   45.66854  117  131  574.99470   38.00000  93.4%  29.1 1191s
 2576382 1502645  406.12617  128  117  574.99470   38.00000  93.4%  29.1 1196s
 2585981 1509893   43.00090  142  158  574.99470   38.00000  93.4%  29.1 1200s

Cutting planes:
  Learned: 196
  Gomory: 8
  Cover: 126
  Implied bound: 69
  Clique: 10
  MIR: 285
  Flow cover: 725
  GUB cover: 2
  RLT: 1
  Relax-and-lift: 137

Cleanup yields a better solution

Explored 2588591 nodes (75463852 simplex iterations) in 1200.04 seconds
Thread count was 32 (of 64 available processors)

Solution count 10: 574.995 575 575 ... 575.167

Time limit reached
Best objective 5.741394033346e+02, best bound 3.800000000000e+01, gap 93.3814%
