
Gurobi 9.1.2 (linux64) logging started Sat Mar 19 16:26:23 2022

Changed value of parameter LogFile to ls_sym_v-(2, 0).log
   Prev:   Default: 
Changed value of parameter MIPFocus to 1
   Prev: 0  Min: 0  Max: 3  Default: 0
Changed value of parameter Threads to 4
   Prev: 0  Min: 0  Max: 1024  Default: 0
Changed value of parameter TimeLimit to 1800.0
   Prev: inf  Min: 0.0  Max: inf  Default: inf
Warning: variable name "X[(1, 0),(0, 0)]" has a space
Warning: constraint name "flow-constr-t0-v(3, 6)" has a space
Warning: to let Gurobi read it back, use rlp format
Gurobi Optimizer version 9.1.2 build v9.1.2rc0 (linux64)
Thread count: 16 physical cores, 32 logical processors, using up to 4 threads
Optimize a model with 3645 rows, 3264 columns and 12432 nonzeros
Model fingerprint: 0xff07c020
Variable types: 384 continuous, 2880 integer (2880 binary)
Coefficient statistics:
  Matrix range     [1e+00, 7e+04]
  Objective range  [2e-01, 2e-01]
  Bounds range     [1e+00, 3e+04]
  RHS range        [1e+00, 7e+04]
Presolve removed 231 rows and 234 columns
Presolve time: 0.05s
Presolved: 3414 rows, 3030 columns, 22693 nonzeros
Variable types: 384 continuous, 2646 integer (2646 binary)

Root relaxation: objective 6.400000e+01, 160 iterations, 0.00 seconds

    Nodes    |    Current Node    |     Objective Bounds      |     Work
 Expl Unexpl |  Obj  Depth IntInf | Incumbent    BestBd   Gap | It/Node Time

     0     0   64.00000    0   26          -   64.00000      -     -    0s
     0     0   64.00000    0   62          -   64.00000      -     -    0s
H    0     0                     721.3333332   64.00000  91.1%     -    0s
H    0     0                     223.2500000   64.00000  71.3%     -    0s
     0     0   64.00000    0   42  223.25000   64.00000  71.3%     -    0s
H    0     0                     222.1666667   64.00000  71.2%     -    0s
H    0     0                     196.0000000   64.00000  67.3%     -    0s
     0     0   64.00000    0   34  196.00000   64.00000  67.3%     -    0s
H    0     0                     189.0000000   64.00000  66.1%     -    0s
H    0     0                     184.1666667   64.00000  65.2%     -    0s
     0     0   64.00000    0   26  184.16667   64.00000  65.2%     -    0s
H    0     0                     157.3333333   64.00000  59.3%     -    1s
     0     0   64.00000    0   34  157.33333   64.00000  59.3%     -    1s
     0     0   64.00000    0   32  157.33333   64.00000  59.3%     -    1s
H    0     0                     156.3333333   64.00000  59.1%     -    1s
H    0     0                     147.8333333   64.00000  56.7%     -    1s
     0     2   64.00000    0   32  147.83333   64.00000  56.7%     -    1s
H    1     4                     147.6666667   64.00000  56.7%   452    1s
H    3     8                     147.3333333   64.00000  56.6%   153    2s
H    6     8                     146.5000000   64.00000  56.3%  82.7    2s
H   31    36                     143.0000000   64.00000  55.2%  20.1    2s
H   33    36                     124.6666667   64.00000  48.7%  19.0    2s
H   60   109                     123.5000000   64.00000  48.2%  12.5    2s
H   93   109                     121.8333333   64.00000  47.5%   9.6    2s
H  110   200                     119.1666667   64.00000  46.3%   8.6    2s
H  136   200                     111.6666667   64.00000  42.7%   7.7    2s
H  203   292                     111.0000000   64.00000  42.3%   5.9    3s
H  226   292                     107.3333333   64.00000  40.4%   5.5    3s
H  274   292                     104.3333333   64.00000  38.7%   5.1    3s
H  300   655                     102.1666667   64.00000  37.4%   4.8    4s
H  300   655                     100.0000000   64.00000  36.0%   4.8    4s
H  701   659                      99.8333333   64.00000  35.9%   4.3    5s
H  702   659                      97.0000000   64.00000  34.0%   4.3    5s
H  731  1184                      96.5416667   64.00000  33.7%   4.3    6s
H  800  1181                      92.9166667   64.00000  31.1%   4.7    6s
H 1358  1492                      92.7500000   64.00000  31.0%   4.7    6s
H 1753  1491                      92.0000000   64.00000  30.4%   6.8    6s
H 1756  1418                      91.8333333   64.00000  30.3%   6.8    7s
H 1758  1348                      91.0000000   64.00000  29.7%   6.8    7s
H 1759  1281                      90.8333333   64.00000  29.5%   6.8    7s
H 1762  1219                      90.0833333   64.00000  29.0%   6.8    8s
H 1763  1158                      88.5000000   64.00000  27.7%   6.8    8s
H 1766  1102                      85.9166667   64.00000  25.5%   6.8    9s
H 1766  1046                      84.8333333   64.00000  24.6%   6.8    9s
H 1766   994                      84.6666667   64.00000  24.4%   6.8    9s
H 1767   947                      84.5000000   64.00000  24.3%  20.6    9s
H 1767   899                      84.3333333   64.00000  24.1%  20.6    9s
  1821   969   64.00000   17   84   84.33333   64.00000  24.1%  21.5   10s
H 1846   916                      83.8333333   64.00000  23.7%  21.3   10s
H 1856   888                      83.6666667   64.00000  23.5%  21.3   10s
H 1975  1071                      83.0000000   64.00000  22.9%  20.6   11s
H 2789  1654                      82.3333333   64.00000  22.3%  17.0   12s
  4754  2902   64.66667  213  104   82.33333   64.00000  22.3%  13.1   15s
  8327  5723   81.00000  219   83   82.33333   64.00000  22.3%  10.7   20s
 10616  8206   71.66667  287   88   82.33333   64.00000  22.3%  10.0   25s
 14478 10483   64.00000   17   86   82.33333   64.00000  22.3%   9.2   30s
H15916 11127                      82.1666667   64.00000  22.1%   9.0   31s
H16101 11079                      82.0000000   64.00000  22.0%   9.0   32s
H16137 11079                      81.9999865   64.00000  22.0%   9.0   32s
H16415 11265                      81.8333333   64.00000  21.8%   9.0   32s
H16714 11294                      81.6666667   64.00000  21.6%   9.0   33s
H16767 10456                      79.0000000   64.00000  19.0%   9.0   33s
H16900 10570                      78.2500000   64.00000  18.2%   9.0   33s
H17269 10882                      78.1666667   64.00000  18.1%   8.9   34s
H17373 10882                      78.0833333   64.00000  18.0%   8.9   34s
H17655 11215                      78.0000000   64.00000  17.9%   8.9   35s
H17825 11183                      77.8333333   64.00000  17.8%   8.9   35s
H17920 11129                      77.6666667   64.00000  17.6%   8.8   35s
H18066 11090                      77.5000000   64.00000  17.4%   8.8   35s
H18297 11500                      77.2500000   64.00000  17.2%   8.8   36s
H18438 11465                      77.1666667   64.00000  17.1%   8.8   36s
H20044 12520                      77.1666667   64.00000  17.1%   8.7   39s
 20046 12934     cutoff  306        77.16667   64.00000  17.1%   8.7   40s
H23156 15079                      77.0000000   64.00000  16.9%   8.5   44s
 23705 16018     cutoff  342        77.00000   64.00000  16.9%   8.5   45s
H23900 16018                      77.0000000   64.00000  16.9%   8.5   45s
H25400 17036                      77.0000000   64.00000  16.9%   8.5   47s
H26300 17750                      77.0000000   64.00000  16.9%   8.5   48s
 27331 18575   66.66667  326   90   77.00000   64.00000  16.9%   8.5   50s
 30706 21167   65.83333  160   61   77.00000   64.00000  16.9%   8.4   55s
H33332 23236                      76.9999999   64.00000  16.9%   8.4   58s
H33827 23789                      76.9999998   64.00000  16.9%   8.4   58s
H34362 23789                      76.9999995   64.00000  16.9%   8.4   58s
H34597 23907                      76.9999995   64.00000  16.9%   8.4   59s
 34785 24243   75.16667  227   97   77.00000   64.00000  16.9%   8.4   60s
H34901 24243                      76.9999994   64.00000  16.9%   8.4   60s
H35899 24888                      76.9999994   64.00000  16.9%   8.4   61s
H37400 26281                      76.9999993   64.00000  16.9%   8.4   62s
H38151 26452                      76.9999993   64.00000  16.9%   8.3   63s
H38300 26605                      76.9999992   64.00000  16.9%   8.3   63s
H38308 26605                      76.9999991   64.00000  16.9%   8.3   63s
 39374 27750   75.66667  471   83   77.00000   64.00000  16.9%   8.3   65s
H40863 28801                      76.9999991   64.00000  16.9%   8.2   66s
 44355 31550   64.00000  160   76   77.00000   64.00000  16.9%   8.2   70s
H46279 32777                      76.9999991   64.00000  16.9%   8.2   71s
H46513 32777                      76.9999991   64.00000  16.9%   8.2   71s
 48828 35107   76.01111  244   87   77.00000   64.00000  16.9%   8.1   75s
 52566 37547   64.00000   97   82   77.00000   64.00000  16.9%   8.0   80s
 55611 40376   71.33333  192  113   77.00000   64.00000  16.9%   8.1   85s
 60027 42929   69.83333  238   90   77.00000   64.00000  16.9%   8.2   91s
 62207 44565   64.50000  263   94   77.00000   64.00000  16.9%   8.2   95s
 65427 47496   64.00000  144   82   77.00000   64.00000  16.9%   8.2  100s
 68553 49674   72.16667  338   86   77.00000   64.00000  16.9%   8.2  105s
 71881 52378   65.83333  184   77   77.00000   64.00000  16.9%   8.2  110s
 76351 56026   76.33333  220  104   77.00000   64.00000  16.9%   8.2  115s
H76500 56026                      76.9999990   64.00000  16.9%   8.2  115s
 80205 58624   65.50000  274   61   77.00000   64.00000  16.9%   8.1  120s
 84356 62218   68.33333  352  102   77.00000   64.00000  16.9%   8.2  125s
 87793 64694   71.66667  247   82   77.00000   64.00000  16.9%   8.2  130s
H90687 66374                      76.9999986   64.00000  16.9%   8.2  133s
H90814 66832                      76.9999986   64.00000  16.9%   8.2  134s
H91087 66832                      76.9999985   64.00000  16.9%   8.2  134s
 91451 67400   74.33333  208   75   77.00000   64.00000  16.9%   8.2  135s
H91900 67400                      76.9999983   64.00000  16.9%   8.2  135s
H92892 68167                      76.9999982   64.00000  16.9%   8.2  136s
H93400 68675                      76.9999982   64.00000  16.9%   8.2  137s
H94081 68969                      76.9999982   64.00000  16.9%   8.2  138s
 95531 70331   68.83333  354   92   77.00000   64.00000  16.9%   8.2  140s
H95740 70331                      76.9999981   64.00000  16.9%   8.3  140s
H99688 73216                      76.9999981   64.00000  16.9%   8.3  144s
 99842 73220   75.83333  253   92   77.00000   64.00000  16.9%   8.3  146s
H102300 75435                      76.9999981   64.00000  16.9%   8.3  150s
 106599 78767   72.50000  210   66   77.00000   64.00000  16.9%   8.3  155s
 110279 81402   70.83333  168  109   77.00000   64.00000  16.9%   8.2  160s
 112950 83222   64.00000  182   92   77.00000   64.00000  16.9%   8.2  165s
H113802 83672                      76.9999980   64.00000  16.9%   8.2  166s
 116704 86681   75.83333  277   95   77.00000   64.00000  16.9%   8.2  170s
H118964 87371                      76.9999980   64.00000  16.9%   8.2  171s
 121137 88675   64.33333  228   93   77.00000   64.00000  16.9%   8.2  175s
 124268 91160   64.00000  214  108   77.00000   64.00000  16.9%   8.2  180s
H128564 93801                      76.9999980   64.00000  16.9%   8.2  184s
 128711 94202   64.00000  294   76   77.00000   64.00000  16.9%   8.2  185s
H128800 94202                      76.9999980   64.00000  16.9%   8.2  185s
H130700 95455                      76.9999979   64.00000  16.9%   8.3  188s
H130843 95455                      76.9999979   64.00000  16.9%   8.3  188s
H131205 95813                      76.9999979   64.00000  16.9%   8.3  189s
H131613 96121                      76.9999978   64.00000  16.9%   8.3  189s
 132036 96498   74.33333  313   81   77.00000   64.00000  16.9%   8.3  190s
H132831 96498                      76.9999977   64.00000  16.9%   8.3  190s
H134000 97333                      76.9999976   64.00000  16.9%   8.3  192s
H134638 97747                      76.9999976   64.00000  16.9%   8.3  193s
H134700 97747                      76.9999975   64.00000  16.9%   8.3  193s
H135193 98039                      76.9999975   64.00000  16.9%   8.3  194s
 135699 98334   68.66667  341   58   77.00000   64.00000  16.9%   8.3  195s
H135811 98334                      76.9999975   64.00000  16.9%   8.3  195s
H136207 98334                      76.9999975   64.00000  16.9%   8.3  195s
H136211 98634                      76.9999974   64.00000  16.9%   8.3  195s
H136481 98634                      76.9999974   64.00000  16.9%   8.3  195s
H138535 99555                      76.9999974   64.00000  16.9%   8.4  199s
 138745 100121   66.33333  324   83   77.00000   64.00000  16.9%   8.4  200s
 142692 102315   64.66667  358   84   77.00000   64.00000  16.9%   8.5  205s
 145244 104031   65.50000  300   69   77.00000   64.00000  16.9%   8.6  210s
 149949 105789   69.26111  354   89   77.00000   64.00000  16.9%   8.7  215s
 153578 107195     cutoff  388        77.00000   64.00000  16.9%   8.7  220s
 155830 108205   64.50000  313   64   77.00000   64.00000  16.9%   8.8  225s
 158646 110181   66.26111  343   87   77.00000   64.00000  16.9%   8.8  230s
 162759 111576   69.16667  350   77   77.00000   64.00000  16.9%   8.9  235s
 166372 113083   64.83333  324   79   77.00000   64.00000  16.9%   9.0  240s
 169404 115214   67.66667  371   90   77.00000   64.00000  16.9%   9.1  245s
 173321 116820   73.50000  357  100   77.00000   64.00000  16.9%   9.1  250s
 176481 118411   73.50000  350   78   77.00000   64.00000  16.9%   9.2  255s
 179290 120701   67.83333  319   68   77.00000   64.00000  16.9%   9.2  261s
 183558 121945   74.00000  343   71   77.00000   64.00000  16.9%   9.3  265s
 187025 123796   68.66667  337   90   77.00000   64.00000  16.9%   9.4  270s
 190564 125371   64.00000  360   92   77.00000   64.00000  16.9%   9.4  275s
 191326 126067   75.33333  316   80   77.00000   64.00000  16.9%   9.4  280s
 193167 126728   65.50000  308   51   77.00000   64.00000  16.9%   9.5  285s
 194950 127944   73.66667  344   80   77.00000   64.00000  16.9%   9.5  290s
 198036 129482   65.00000  330   81   77.00000   64.00000  16.9%   9.5  295s
H199839 130178                      76.9999974   64.00000  16.9%   9.6  297s
 201897 131156   74.33472  348   70   77.00000   64.00000  16.9%   9.6  300s
H202684 131311                      76.9999973   64.00000  16.9%   9.6  301s
 203984 131870   76.33333  326   78   77.00000   64.00000  16.9%   9.6  305s
 206522 133011   75.66667  364  115   77.00000   64.00000  16.9%   9.7  310s
 210237 134904   67.66667  341   86   77.00000   64.00000  16.9%   9.7  315s
 211601 136410   64.33333  345   99   77.00000   64.00000  16.9%   9.7  320s
 214358 137274   74.33333  337   69   77.00000   64.00000  16.9%   9.7  325s
 217778 138852   69.16667  323   78   77.00000   64.00000  16.9%   9.8  330s
 220884 140770   70.16667  400   82   77.00000   64.00000  16.9%   9.8  335s
 224444 142043   71.83333  303   60   77.00000   64.00000  16.9%   9.8  340s
 226891 142691   66.33333  355   82   77.00000   64.00000  16.9%   9.9  345s
 231087 144486   67.66667  324   67   77.00000   64.00000  16.9%   9.9  350s
 234676 146650   64.83333  342   82   77.00000   64.00000  16.9%   9.9  355s
 238988 148718   65.00000  341   85   77.00000   64.00000  16.9%  10.0  360s
 242562 150344   71.83333  332   69   77.00000   64.00000  16.9%  10.0  365s
 245486 151466     cutoff  324        77.00000   64.00000  16.9%  10.0  370s
 248962 152629   64.50278  333   85   77.00000   64.00000  16.9%  10.0  375s
 252763 154173   68.51481  335   58   77.00000   64.00000  16.9%  10.1  380s
 256478 155636   64.00000  313   70   77.00000   64.00000  16.9%  10.1  385s
 259659 157102   65.83333  322   69   77.00000   64.00000  16.9%  10.2  390s
 262917 158327   74.83333  350   76   77.00000   64.00000  16.9%  10.2  396s
 265437 159693   64.66667  331   61   77.00000   64.00000  16.9%  10.2  400s
 269282 161139   64.00000  331   71   77.00000   64.00000  16.9%  10.2  406s
 271846 163001   66.50000  355   82   77.00000   64.00000  16.9%  10.2  410s
 274860 164349   64.00000  334   79   77.00000   64.00000  16.9%  10.3  415s
 278493 165924   67.00000  288   69   77.00000   64.00000  16.9%  10.3  420s
 282642 167456   65.66667  324   54   77.00000   64.00000  16.9%  10.3  427s
 284513 168686   71.83333  354   79   77.00000   64.00000  16.9%  10.3  430s
 287422 169686   65.00000  281   90   77.00000   64.00000  16.9%  10.4  435s
 290546 172034   75.66667  411   60   77.00000   64.00000  16.9%  10.4  440s
 293517 173230   69.83333  287   65   77.00000   64.00000  16.9%  10.4  446s
 295476 176311   64.00000  306   88   77.00000   64.00000  16.9%  10.4  452s
 300069 176743     cutoff  399        77.00000   64.00000  16.9%  10.4  455s
 303179 178663   64.00000  313   74   77.00000   64.00000  16.9%  10.4  460s
 307596 180911     cutoff  386        77.00000   64.00000  16.9%  10.5  465s
 311234 182354   64.00000  348   81   77.00000   64.00000  16.9%  10.5  470s
 315132 184458     cutoff  373        77.00000   64.00000  16.9%  10.5  475s
 318582 185795   64.33333  312   72   77.00000   64.00000  16.9%  10.5  481s
 320291 186728     cutoff  347        77.00000   64.00000  16.9%  10.5  485s
 323417 187542   64.33333  210   87   77.00000   64.00000  16.9%  10.5  490s
 325117 188150   75.33333  352   79   77.00000   64.00000  16.9%  10.5  495s
 328515 189698   76.50000  361   75   77.00000   64.00000  16.9%  10.5  500s
 332170 191944   66.66667  387   95   77.00000   64.00000  16.9%  10.6  505s
 335908 193580   69.33333  357   84   77.00000   64.00000  16.9%  10.6  510s
 338941 195505   66.66667  289   78   77.00000   64.00000  16.9%  10.6  515s
 342894 197328   64.33333  238   75   77.00000   64.00000  16.9%  10.6  520s
 346718 199750     cutoff  340        77.00000   64.00000  16.9%  10.6  525s
 349869 201423   64.00000  333   66   77.00000   64.00000  16.9%  10.6  530s
H351550 202211                      76.9999973   64.00000  16.9%  10.6  531s
H352968 203130                      76.9999973   64.00000  16.9%  10.6  535s
 354668 204065   64.00000  352   79   77.00000   64.00000  16.9%  10.6  540s
 357897 205086   67.16667  342   87   77.00000   64.00000  16.9%  10.7  545s
 362377 206647   64.00000  337   82   77.00000   64.00000  16.9%  10.7  550s
 365665 208046   65.83333  326   80   77.00000   64.00000  16.9%  10.7  555s
 370269 209726   69.33333  346   86   77.00000   64.00000  16.9%  10.7  560s
 372800 211278     cutoff  357        77.00000   64.00000  16.9%  10.7  565s
 375657 212294   71.00000  385   80   77.00000   64.00000  16.9%  10.7  570s
 378531 213763   73.16667  352   73   77.00000   64.00000  16.9%  10.7  575s
 381578 214999   75.66667  330   62   77.00000   64.00000  16.9%  10.8  580s
 382916 215594     cutoff  405        77.00000   64.00000  16.9%  10.8  585s
 387141 218063   64.00000  143   76   77.00000   64.00000  16.9%  10.8  590s
 389894 220180   64.66667  331   71   77.00000   64.00000  16.9%  10.8  595s
 394248 221851   73.66667  330   65   77.00000   64.00000  16.9%  10.8  600s
 397748 223961   64.00000  105  113   77.00000   64.00000  16.9%  10.8  605s
 400599 225761   71.33333  343   73   77.00000   64.00000  16.9%  10.8  610s
 404795 227334     cutoff  324        77.00000   64.00000  16.9%  10.8  615s
 408126 228986   69.83333  357   77   77.00000   64.00000  16.9%  10.9  620s
 411279 230446   72.02315  308   73   77.00000   64.00000  16.9%  10.9  625s
 414653 232019   68.66667  355   53   77.00000   64.00000  16.9%  10.9  630s
 417651 233953     cutoff  368        77.00000   64.00000  16.9%  10.9  635s
 421727 235327   64.00000  345   78   77.00000   64.00000  16.9%  10.9  641s
 422113 236320   68.33333  371  101   77.00000   64.00000  16.9%  10.9  645s
 426295 237950   71.33333  324   76   77.00000   64.00000  16.9%  10.9  650s
 428639 239057 infeasible  326        77.00000   64.00000  16.9%  10.9  655s
 432560 241471   65.39259  338   76   77.00000   64.00000  16.9%  11.0  660s
 435793 242987     cutoff  336        77.00000   64.00000  16.9%  11.0  665s
 439298 244615   64.00000  336   82   77.00000   64.00000  16.9%  11.0  670s
 441837 245827   65.66667  359   73   77.00000   64.00000  16.9%  11.0  675s
 446048 248103   65.16667  331   85   77.00000   64.00000  16.9%  11.0  680s
 447749 249293   66.00000  361   72   77.00000   64.00000  16.9%  11.0  685s
 449647 250232   64.83333  379   86   77.00000   64.00000  16.9%  11.0  690s
 451466 251390   74.16667  371   96   77.00000   64.00000  16.9%  11.0  695s
 455400 252643     cutoff  395        77.00000   64.00000  16.9%  11.0  700s
 457273 253107     cutoff  331        77.00000   64.00000  16.9%  11.0  705s
 460063 254648   69.50000  370   78   77.00000   64.00000  16.9%  11.0  710s
 462878 256248   65.33333  361   81   77.00000   64.00000  16.9%  11.0  715s
 466505 257088   76.83333  358   68   77.00000   64.00000  16.9%  11.0  720s
 469638 258844     cutoff  406        77.00000   64.00000  16.9%  11.0  725s
 473238 260633   69.33333  379   70   77.00000   64.00000  16.9%  11.0  730s
 477476 262491     cutoff  353        77.00000   64.00000  16.9%  11.1  735s
 480801 264071   75.50000  360   83   77.00000   64.00000  16.9%  11.1  740s
 483194 265315   64.33333  345   73   77.00000   64.00000  16.9%  11.1  745s
 487450 266549     cutoff  357        77.00000   64.00000  16.9%  11.1  750s
 490898 268045   65.00000  334   84   77.00000   64.00000  16.9%  11.1  755s
 494238 269777   69.00000  388   76   77.00000   64.00000  16.9%  11.1  760s
 497035 270755     cutoff  359        77.00000   64.00000  16.9%  11.1  765s
 499377 271952   66.33333  359   86   77.00000   64.00000  16.9%  11.1  770s
 501936 273762   65.00000  320   89   77.00000   64.00000  16.9%  11.1  775s
 505342 275005   72.83333  340   57   77.00000   64.00000  16.9%  11.1  780s
 508700 276007   64.00000  341   70   77.00000   64.00000  16.9%  11.1  785s
 510750 277342   66.00000  351   72   77.00000   64.00000  16.9%  11.2  790s
 514334 279629   66.08333  358   89   77.00000   64.00000  16.9%  11.2  795s
 515222 281603   69.25000  391   96   77.00000   64.00000  16.9%  11.2  802s
 520292 282195   74.67870  394   90   77.00000   64.00000  16.9%  11.2  805s
 523323 283471   71.33333  330   82   77.00000   64.00000  16.9%  11.2  810s
 525925 286340   71.83333  341   74   77.00000   64.00000  16.9%  11.2  817s
 531146 287165     cutoff  372        77.00000   64.00000  16.9%  11.2  820s
 534304 288394     cutoff  309        77.00000   64.00000  16.9%  11.2  825s
 538225 289895   74.83333  314   84   77.00000   64.00000  16.9%  11.2  830s
 541775 291849     cutoff  352        77.00000   64.00000  16.9%  11.2  835s
 545377 293507   71.66667  400   86   77.00000   64.00000  16.9%  11.2  841s
 546952 294302   72.66667  318   73   77.00000   64.00000  16.9%  11.2  845s
 551818 296463   64.50000  282   72   77.00000   64.00000  16.9%  11.2  850s
 554223 297763   67.00000  328   86   77.00000   64.00000  16.9%  11.2  855s
 556478 298761     cutoff  333        77.00000   64.00000  16.9%  11.2  860s
 560106 300385   72.33333  322   89   77.00000   64.00000  16.9%  11.2  865s
 563973 302217 infeasible  369        77.00000   64.00000  16.9%  11.2  870s
 567393 303398   74.33333  317   85   77.00000   64.00000  16.9%  11.2  875s
 568101 305760   64.16667  300   75   77.00000   64.00000  16.9%  11.3  883s
 572117 305957   74.00000  350   68   77.00000   64.00000  16.9%  11.3  885s
H574701 307261                      76.9999973   64.00000  16.9%  11.3  889s
 575133 307650   64.33333  186  113   77.00000   64.00000  16.9%  11.3  890s
H575675 307956                      76.9999972   64.00000  16.9%  11.3  891s
 578368 308891     cutoff  330        77.00000   64.00000  16.9%  11.3  895s
H578434 308891                      76.9999972   64.00000  16.9%  11.3  895s
H580198 310472                      76.9999972   64.00000  16.9%  11.3  898s
 582041 311071     cutoff  334        77.00000   64.00000  16.9%  11.3  900s
H582983 311153                      76.9999970   64.00000  16.9%  11.3  900s
H583000 311227                      76.9999968   64.00000  16.9%  11.3  901s
H583100 311227                      76.9999968   64.00000  16.9%  11.3  901s
H584911 312162                      76.9999967   64.00000  16.9%  11.3  904s
 585012 312165   76.00000  290   80   77.00000   64.00000  16.9%  11.3  905s
H585042 312327                      76.9999967   64.00000  16.9%  11.3  908s
H585535 312437                      76.9999967   64.00000  16.9%  11.3  909s
 585720 312844   64.33333  323   67   77.00000   64.00000  16.9%  11.3  910s
H586939 313235                      76.9999967   64.00000  16.9%  11.3  912s
 587902 313910   67.83333  339   68   77.00000   64.00000  16.9%  11.3  915s
H588131 314341                      76.9999966   64.00000  16.9%  11.3  916s
H589083 314542                      76.9999966   64.00000  16.9%  11.3  917s
 590477 315359   64.33333  314   81   77.00000   64.00000  16.9%  11.3  921s
 592636 317134     cutoff  343        77.00000   64.00000  16.9%  11.3  925s
 594631 318273     cutoff  335        77.00000   64.00000  16.9%  11.3  930s
H597477 319299                      76.9999966   64.00000  16.9%  11.3  932s
 598410 320129   67.50000  357   83   77.00000   64.00000  16.9%  11.3  935s
 600395 321663     cutoff  351        77.00000   64.00000  16.9%  11.3  940s
 603674 322774   71.33333  303   81   77.00000   64.00000  16.9%  11.3  945s
H604267 323040                      76.9999966   64.00000  16.9%  11.3  946s
H604401 323368                      76.9999964   64.00000  16.9%  11.3  948s
 605534 324091     cutoff  207        77.00000   64.00000  16.9%  11.3  950s
 609677 325956   69.33333  363   73   77.00000   64.00000  16.9%  11.3  955s
 613363 327982   73.33333  322   82   77.00000   64.00000  16.9%  11.3  960s
H615663 328821                      76.9999964   64.00000  16.9%  11.3  963s
H616096 329161                      76.9999964   64.00000  16.9%  11.3  964s
 616155 329590   64.00000  301   74   77.00000   64.00000  16.9%  11.3  965s
 619710 331627   64.83333  294   64   77.00000   64.00000  16.9%  11.3  970s
 620605 333338   72.50000  352   73   77.00000   64.00000  16.9%  11.3  976s
 624982 333697   67.50000  338   75   77.00000   64.00000  16.9%  11.3  980s
H626902 334867                      76.9999964   64.00000  16.9%  11.3  983s
 628109 335897   73.66667  320   64   77.00000   64.00000  16.9%  11.3  985s
 630906 337875     cutoff  363        77.00000   64.00000  16.9%  11.4  990s
 634659 339649   64.16667  338   90   77.00000   64.00000  16.9%  11.4  995s
 637171 341586   65.33333  302   76   77.00000   64.00000  16.9%  11.4 1000s
H637809 341586                      76.9999964   64.00000  16.9%  11.4 1000s
 640178 343360   69.93704  413   96   77.00000   64.00000  16.9%  11.4 1005s
 644542 345564   73.66667  341   74   77.00000   64.00000  16.9%  11.4 1010s
 647417 347538   73.50000  390   92   77.00000   64.00000  16.9%  11.4 1015s
 650994 350037   68.50000  362   87   77.00000   64.00000  16.9%  11.4 1020s
 652352 350931   64.50000  326   76   77.00000   64.00000  16.9%  11.4 1026s
 655905 353089   64.00000  277   66   77.00000   64.00000  16.9%  11.4 1030s
 659355 355251   64.00000  341   91   77.00000   64.00000  16.9%  11.4 1035s
 661752 356402   73.00000  314   69   77.00000   64.00000  16.9%  11.4 1040s
 663423 357755   64.16667  284   78   77.00000   64.00000  16.9%  11.4 1045s
 667798 359624   67.33333  325   74   77.00000   64.00000  16.9%  11.4 1050s
 671258 361502   68.00000  343   77   77.00000   64.00000  16.9%  11.4 1055s
 674027 362446   65.16667  329   83   77.00000   64.00000  16.9%  11.4 1060s
 675642 363362   64.85260  332   71   77.00000   64.00000  16.9%  11.4 1065s
 677496 364993   66.33333  314   96   77.00000   64.00000  16.9%  11.4 1070s
 682213 366928   69.33333  293   62   77.00000   64.00000  16.9%  11.4 1075s
 685179 368646   69.83333  303   89   77.00000   64.00000  16.9%  11.4 1081s
 687553 370122   74.16667  393   81   77.00000   64.00000  16.9%  11.4 1085s
 691233 372147     cutoff  349        77.00000   64.00000  16.9%  11.4 1090s
 693207 373257   66.33333  316   94   77.00000   64.00000  16.9%  11.4 1095s
 696255 374921   65.66667  324   56   77.00000   64.00000  16.9%  11.4 1100s
 700270 377273   67.16667  365   95   77.00000   64.00000  16.9%  11.4 1105s
 703943 379365   65.16667  383   85   77.00000   64.00000  16.9%  11.4 1110s
 706795 381282   75.83333  365   69   77.00000   64.00000  16.9%  11.4 1115s
 710020 383280   65.50000  367  100   77.00000   64.00000  16.9%  11.4 1120s
 713378 384888   64.50000  313   77   77.00000   64.00000  16.9%  11.4 1125s
 716035 386820   73.50000  336  111   77.00000   64.00000  16.9%  11.4 1130s
 718428 388257     cutoff  314        77.00000   64.00000  16.9%  11.4 1135s
 722006 390078   64.66667  288   80   77.00000   64.00000  16.9%  11.4 1140s
 724607 391632   70.00000  320   94   77.00000   64.00000  16.9%  11.4 1145s
 726158 395213   65.50000  314   89   77.00000   64.00000  16.9%  11.4 1152s
H726200 395213                      76.9999963   64.00000  16.9%  11.4 1152s
 730634 395661     cutoff  320        77.00000   64.00000  16.9%  11.4 1155s
 735279 398748   65.00000  260  100   77.00000   64.00000  16.9%  11.4 1160s
 736831 401953   73.50000  330   97   77.00000   64.00000  16.9%  11.4 1168s
 741589 402737 infeasible  360        77.00000   64.00000  16.9%  11.4 1170s
 744657 404756   70.50000  400   83   77.00000   64.00000  16.9%  11.4 1175s
 747046 406206   64.16667  152  104   77.00000   64.00000  16.9%  11.4 1180s
 750421 408084   64.66667  366   74   77.00000   64.00000  16.9%  11.4 1185s
 754212 410130   70.83333  301   74   77.00000   64.00000  16.9%  11.4 1190s
H755751 410852                      76.9999963   64.00000  16.9%  11.4 1192s
 757395 411959   66.83333  311   86   77.00000   64.00000  16.9%  11.4 1195s
 761636 414131   71.68371  418   81   77.00000   64.00000  16.9%  11.4 1200s
 763069 415205   75.66667  361  102   77.00000   64.00000  16.9%  11.4 1205s
 767311 417618   71.66667  203   90   77.00000   64.00000  16.9%  11.4 1210s
 771198 419863   66.83908  349  106   77.00000   64.00000  16.9%  11.4 1215s
 774974 422071   64.50652  311   81   77.00000   64.00000  16.9%  11.4 1220s
 776708 423282   75.83333  320   89   77.00000   64.00000  16.9%  11.4 1225s
 778632 426279   75.83333  325   84   77.00000   64.00000  16.9%  11.4 1235s
 784961 429218   64.00000  321  101   77.00000   64.00000  16.9%  11.4 1240s
 789491 431598   71.50000  312   90   77.00000   64.00000  16.9%  11.4 1245s
H790739 432251                      76.9999963   64.00000  16.9%  11.4 1246s
 793684 434052   67.33333  331   65   77.00000   64.00000  16.9%  11.4 1250s
 795642 435319   66.16667  305   84   77.00000   64.00000  16.9%  11.4 1255s
H797401 436604                      76.9999963   64.00000  16.9%  11.4 1258s
 798133 437233     cutoff  382        77.00000   64.00000  16.9%  11.4 1260s
 800976 438829     cutoff  338        77.00000   64.00000  16.9%  11.4 1265s
 805379 441184   66.00000  331   72   77.00000   64.00000  16.9%  11.4 1270s
 808333 443276   70.83333  298   74   77.00000   64.00000  16.9%  11.4 1275s
 811492 445292   64.83333  181   91   77.00000   64.00000  16.9%  11.4 1280s
 815170 447394   74.00000  320   70   77.00000   64.00000  16.9%  11.4 1285s
 817213 448763   65.33333  265   71   77.00000   64.00000  16.9%  11.4 1290s
 820374 450298   71.66667  367   95   77.00000   64.00000  16.9%  11.4 1295s
 821107 453244   73.33333  419  103   77.00000   64.00000  16.9%  11.4 1305s
 827002 454824   65.16667  344   81   77.00000   64.00000  16.9%  11.4 1311s
 828122 455997   67.83333  387   65   77.00000   64.00000  16.9%  11.4 1315s
 832073 458627   64.83333  336   85   77.00000   64.00000  16.9%  11.4 1320s
 834635 460530   76.50000  223   99   77.00000   64.00000  16.9%  11.4 1325s
 838379 462994   64.00000  271   84   77.00000   64.00000  16.9%  11.4 1330s
 841635 465174   75.88793  339   95   77.00000   64.00000  16.9%  11.4 1335s
 846709 467911   73.50000  366   86   77.00000   64.00000  16.9%  11.4 1340s
 850569 469961   64.83333  290  115   77.00000   64.00000  16.9%  11.4 1345s
 853391 471810   66.33333  311   79   77.00000   64.00000  16.9%  11.4 1350s
 856951 474284   69.50000  334   68   77.00000   64.00000  16.9%  11.4 1355s
 860185 476659   64.83333  200   92   77.00000   64.00000  16.9%  11.4 1360s
 863577 478543   70.00000  340   62   77.00000   64.00000  16.9%  11.4 1366s
 864304 481699   64.00000  269   88   77.00000   64.00000  16.9%  11.4 1372s
 869899 482923   74.83333  369   70   77.00000   64.00000  16.9%  11.4 1375s
 871756 484117   64.33333  290   75   77.00000   64.00000  16.9%  11.4 1380s
 873594 485583   72.66667  295   88   77.00000   64.00000  16.9%  11.4 1385s
 877297 487551     cutoff  383        77.00000   64.00000  16.9%  11.4 1391s
 878382 488277   67.00000  317   75   77.00000   64.00000  16.9%  11.4 1395s
 881083 490345   64.00000  291   73   77.00000   64.00000  16.9%  11.4 1400s
 883912 491816   67.83333  320   70   77.00000   64.00000  16.9%  11.4 1405s
 886286 493928   69.66667  336   68   77.00000   64.00000  16.9%  11.4 1410s
 888428 495178   72.50000  262   82   77.00000   64.00000  16.9%  11.4 1415s
 891497 497084   74.50000  331   88   77.00000   64.00000  16.9%  11.4 1420s
 895321 500230   64.33333  338   92   77.00000   64.00000  16.9%  11.4 1425s
 898653 502236   64.00000  152   65   77.00000   64.00000  16.9%  11.4 1430s
 901736 504073   73.00000  389   85   77.00000   64.00000  16.9%  11.4 1435s
 904250 505682   71.66667  390   98   77.00000   64.00000  16.9%  11.4 1440s
 905967 506338   64.66667  327   92   77.00000   64.00000  16.9%  11.4 1445s
 909679 508868   64.16667  170   92   77.00000   64.00000  16.9%  11.4 1450s
 912796 510774   64.66667  335   77   77.00000   64.00000  16.9%  11.4 1455s
 915569 512800   65.83333  302   78   77.00000   64.00000  16.9%  11.4 1460s
 918030 515325     cutoff  247        77.00000   64.00000  16.9%  11.4 1465s
 922497 516941   64.66667  173   94   77.00000   64.00000  16.9%  11.4 1471s
 924403 518929   67.00000  327   79   77.00000   64.00000  16.9%  11.4 1475s
 927202 520533   68.83333  356   80   77.00000   64.00000  16.9%  11.4 1480s
 929827 522576   64.66667  208  103   77.00000   64.00000  16.9%  11.4 1485s
 933752 524885   64.33333  178   84   77.00000   64.00000  16.9%  11.4 1490s
 936894 527451   69.75000  374   85   77.00000   64.00000  16.9%  11.4 1495s
 939179 529297   64.83333  196   90   77.00000   64.00000  16.9%  11.4 1500s
 943711 532171   76.66852  326  101   77.00000   64.00000  16.9%  11.4 1505s
 946924 534485   75.00000  276  106   77.00000   64.00000  16.9%  11.4 1510s
 950144 536540     cutoff  354        77.00000   64.00000  16.9%  11.4 1515s
 952046 538097   66.00000  298   80   77.00000   64.00000  16.9%  11.4 1520s
 955570 539984   75.50000  255  104   77.00000   64.00000  16.9%  11.4 1525s
 959486 542263   67.33333  191   96   77.00000   64.00000  16.9%  11.4 1530s
 963357 544353   71.83333  351   80   77.00000   64.00000  16.9%  11.4 1535s
 966032 546447   68.50000  319   85   77.00000   64.00000  16.9%  11.4 1540s
 969556 548834   70.83333  301  105   77.00000   64.00000  16.9%  11.3 1545s
 972545 550446   70.00000  339   74   77.00000   64.00000  16.9%  11.3 1550s
 976189 553256     cutoff  344        77.00000   64.00000  16.9%  11.3 1555s
 979723 556292   64.50000  389   85   77.00000   64.00000  16.9%  11.3 1560s
 983501 559785   71.66667  291  110   77.00000   64.00000  16.9%  11.3 1565s
 988158 563240   74.33333  424   88   77.00000   64.00000  16.9%  11.3 1570s
 991478 566249   66.66667  264  110   77.00000   64.00000  16.9%  11.3 1575s
 994836 568671   66.33333  327  101   77.00000   64.00000  16.9%  11.3 1580s
 997294 570595   65.33333  383  100   77.00000   64.00000  16.9%  11.3 1585s
 1000471 573255   64.50000  220   97   77.00000   64.00000  16.9%  11.3 1590s
 1004128 576222   64.00000  181   86   77.00000   64.00000  16.9%  11.3 1595s
 1009165 580005   64.00000  277   81   77.00000   64.00000  16.9%  11.3 1600s
 1012220 582622   64.66667  260  101   77.00000   64.00000  16.9%  11.3 1605s
 1016066 585005   64.66667  223   80   77.00000   64.00000  16.9%  11.3 1610s
 1018459 586808   75.33333  267   85   77.00000   64.00000  16.9%  11.3 1615s
 1022217 589577   64.33333  271  102   77.00000   64.00000  16.9%  11.3 1620s
 1026180 592807   65.50000  271   92   77.00000   64.00000  16.9%  11.3 1625s
 1028658 594737   66.00000  256  101   77.00000   64.00000  16.9%  11.3 1630s
 1031978 597042     cutoff  296        77.00000   64.00000  16.9%  11.3 1635s
 1035147 598944   72.83333  301   77   77.00000   64.00000  16.9%  11.3 1640s
 1037985 601584   70.50000  351   80   77.00000   64.00000  16.9%  11.3 1645s
 1042079 604953   64.00000  217   62   77.00000   64.00000  16.9%  11.3 1650s
 1044859 607473   65.33333  362   85   77.00000   64.00000  16.9%  11.3 1655s
H1046618 608850                      76.9999963   64.00000  16.9%  11.3 1658s
 1048540 609959   64.33333  279  101   77.00000   64.00000  16.9%  11.3 1660s
 1052174 611947   64.00000  264   61   77.00000   64.00000  16.9%  11.2 1665s
 1054317 614103   74.00000  430   93   77.00000   64.00000  16.9%  11.2 1670s
 1056935 616391   64.00000  202   66   77.00000   64.00000  16.9%  11.2 1675s
 1060917 618264     cutoff  369        77.00000   64.00000  16.9%  11.2 1680s
 1061876 619136   64.00000  215   85   77.00000   64.00000  16.9%  11.2 1685s
 1065009 622082   69.33333  413   97   77.00000   64.00000  16.9%  11.2 1690s
 1068937 624366   69.33333  298  102   77.00000   64.00000  16.9%  11.2 1695s
 1070951 626113   76.50000  315   83   77.00000   64.00000  16.9%  11.2 1700s
 1073237 627290   71.83333  309   89   77.00000   64.00000  16.9%  11.2 1705s
 1075310 629406   74.83333  257   94   77.00000   64.00000  16.9%  11.2 1710s
 1078828 631979   64.33333  298   92   77.00000   64.00000  16.9%  11.2 1715s
 1082050 633882     cutoff  289        77.00000   64.00000  16.9%  11.2 1720s
 1084437 635683   75.33333  319  106   77.00000   64.00000  16.9%  11.2 1725s
 1087353 637756   69.50000  347   91   77.00000   64.00000  16.9%  11.2 1730s
 1090311 640092   75.52132  321  114   77.00000   64.00000  16.9%  11.2 1735s
 1093661 642588   75.00000  322   98   77.00000   64.00000  16.9%  11.2 1740s
 1097960 645907     cutoff  402        77.00000   64.00000  16.9%  11.2 1746s
 1101376 648059   66.16667  360   97   77.00000   64.00000  16.9%  11.2 1750s
 1105457 650453   71.16667  313   94   77.00000   64.00000  16.9%  11.2 1755s
 1107280 653441   64.00000  235   90   77.00000   64.00000  16.9%  11.2 1761s
 1111441 654577   65.00000  292   73   77.00000   64.00000  16.9%  11.2 1765s
 1114869 656656   69.33333  353   85   77.00000   64.00000  16.9%  11.2 1770s
 1118711 659358   64.83333  271   96   77.00000   64.00000  16.9%  11.2 1775s
 1121292 660773   68.16667  276   71   77.00000   64.00000  16.9%  11.2 1780s
 1123702 662455   66.20893  282  117   77.00000   64.00000  16.9%  11.2 1785s
 1125613 664167   64.33333  343   84   77.00000   64.00000  16.9%  11.2 1790s
 1130174 666950     cutoff  327        77.00000   64.00000  16.9%  11.2 1795s
 1132563 668624   68.17405  344   95   77.00000   64.00000  16.9%  11.2 1800s

Cutting planes:
  Learned: 24
  Gomory: 1
  Cover: 140
  Implied bound: 117
  Clique: 86
  MIR: 245
  Flow cover: 259
  GUB cover: 2
  Zero half: 3
  RLT: 25
  Relax-and-lift: 355

Explored 1132570 nodes (12680490 simplex iterations) in 1800.01 seconds
Thread count was 4 (of 32 available processors)

Solution count 10: 77 77 77 ... 77

Time limit reached
Best objective 7.699999626883e+01, best bound 6.400000000000e+01, gap 16.8831%
