
Gurobi 9.1.2 (linux64) logging started Sun Mar 20 01:18:46 2022

Changed value of parameter LogFile to ls_sym_v-(6, 6).log
   Prev:   Default: 
Changed value of parameter MIPFocus to 1
   Prev: 0  Min: 0  Max: 3  Default: 0
Changed value of parameter Threads to 4
   Prev: 0  Min: 0  Max: 1024  Default: 0
Changed value of parameter TimeLimit to 1800.0
   Prev: inf  Min: 0.0  Max: inf  Default: inf
Warning: variable name "X[(1, 0),(0, 0)]" has a space
Warning: constraint name "flow-constr-t0-v(3, 6)" has a space
Warning: to let Gurobi read it back, use rlp format
Gurobi Optimizer version 9.1.2 build v9.1.2rc0 (linux64)
Thread count: 16 physical cores, 32 logical processors, using up to 4 threads
Optimize a model with 3645 rows, 3264 columns and 12438 nonzeros
Model fingerprint: 0x5fda7c90
Variable types: 384 continuous, 2880 integer (2880 binary)
Coefficient statistics:
  Matrix range     [1e+00, 7e+04]
  Objective range  [2e-01, 2e-01]
  Bounds range     [1e+00, 3e+04]
  RHS range        [1e+00, 7e+04]
Presolve removed 310 rows and 312 columns
Presolve time: 0.05s
Presolved: 3335 rows, 2952 columns, 22109 nonzeros
Variable types: 378 continuous, 2574 integer (2574 binary)
Found heuristic solution: objective 414.8333333

Root relaxation: objective 6.300000e+01, 173 iterations, 0.00 seconds

    Nodes    |    Current Node    |     Objective Bounds      |     Work
 Expl Unexpl |  Obj  Depth IntInf | Incumbent    BestBd   Gap | It/Node Time

     0     0   63.00000    0   26  414.83333   63.00000  84.8%     -    0s
H    0     0                     195.5000000   63.00000  67.8%     -    0s
H    0     0                     176.5000000   63.00000  64.3%     -    0s
H    0     0                     176.1666667   63.00000  64.2%     -    0s
     0     0   63.00000    0   95  176.16667   63.00000  64.2%     -    0s
H    0     0                     169.5000000   63.00000  62.8%     -    0s
     0     0   63.00000    0  100  169.50000   63.00000  62.8%     -    0s
H    0     0                     149.4166667   63.00000  57.8%     -    0s
H    0     0                     143.3333333   63.00000  56.0%     -    0s
     0     0   63.00000    0   36  143.33333   63.00000  56.0%     -    0s
H    0     0                     127.2500000   63.00000  50.5%     -    0s
     0     0   63.00000    0   50  127.25000   63.00000  50.5%     -    0s
     0     0   63.00000    0   42  127.25000   63.00000  50.5%     -    0s
H    0     0                     126.7500000   63.00000  50.3%     -    1s
     0     0   63.00000    0   42  126.75000   63.00000  50.3%     -    1s
H    0     0                     103.1666667   63.00000  38.9%     -    1s
     0     0   63.00000    0   33  103.16667   63.00000  38.9%     -    1s
     0     0   63.00000    0   81  103.16667   63.00000  38.9%     -    1s
     0     0   63.00000    0   48  103.16667   63.00000  38.9%     -    1s
H    0     0                      98.9166667   63.00000  36.3%     -    1s
H    0     0                      97.3333333   63.00000  35.3%     -    1s
     0     2   63.00000    0   48   97.33333   63.00000  35.3%     -    1s
H   31    36                      94.8333333   63.00000  33.6%  35.7    2s
H  396   528                      94.0000000   63.00000  33.0%   5.6    3s
H  745   712                      93.5000000   63.00000  32.6%   4.7    4s
H  785   976                      93.3333333   63.00000  32.5%   4.8    4s
H 1063  1106                      93.1666667   63.00000  32.4%   4.7    5s
H 1063  1106                      93.1250000   63.00000  32.3%   4.7    5s
H 1211  1106                      93.0000000   63.00000  32.3%   4.6    5s
H 1221  1056                      89.5000000   63.00000  29.6%   4.6    6s
H 1225  1005                      87.3333333   63.00000  27.9%   4.5    7s
H 1225   954                      85.3333333   63.00000  26.2%   4.5    7s
H 1228   910                      84.8333333   63.00000  25.7%  22.2    8s
H 1296   913                      84.4736842   63.00000  25.4%  22.4    9s
H 1297   868                      83.8333333   63.00000  24.9%  22.4    9s
H 1302   836                      83.6666667   63.00000  24.7%  22.4    9s
H 1308   795                      83.5000000   63.00000  24.6%  22.4    9s
  1309   858   63.00000   27   86   83.50000   63.00000  24.6%  22.4   10s
H 1324   816                      82.6666667   63.00000  23.8%  22.3   10s
H 1373   877                      82.5000000   63.00000  23.6%  22.0   11s
H 1426   825                      82.3333333   63.00000  23.5%  21.6   11s
H 1454   784                      82.0833333   63.00000  23.2%  21.4   11s
H 1485  1029                      81.8333333   63.00000  23.0%  23.6   13s
H 1830  1041                      81.5833333   63.00000  22.8%  22.5   14s
H 1926  1178                      80.6000000   63.00000  21.8%  21.7   16s
H 2076  1102                      80.1666667   63.00000  21.4%  22.3   16s
H 2126  1278                      79.8405797   63.00000  21.1%  21.9   18s
  2356  1645   76.16667  159   77   79.84058   63.00000  21.1%  20.7   20s
H 2958  1691                      79.6739130   63.00000  20.9%  18.5   22s
H 3100  2151                      79.6250000   63.00000  20.9%  19.4   24s
H 3392  2151                      79.5416667   63.00000  20.8%  21.3   24s
  3569  2417   63.00000  187  100   79.54167   63.00000  20.8%  20.9   25s
H 3600  2378                      79.3750000   63.00000  20.6%  20.8   25s
H 3601  2365                      79.3333333   63.00000  20.6%  20.8   25s
H 3941  2584                      78.5000000   63.00000  19.7%  19.6   28s
  4197  3054   63.00000  263  108   78.50000   63.00000  19.7%  19.1   30s
H 4613  3023                      78.2916667   63.00000  19.5%  17.9   30s
H 5109  3431                      78.2500000   63.00000  19.5%  18.4   32s
  5168  3847   63.16667  420   88   78.25000   63.00000  19.5%  19.4   35s
H 5466  3841                      78.0000000   63.00000  19.2%  19.3   35s
H 5805  4160                      77.9583333   63.00000  19.2%  18.6   37s
H 5831  4160                      77.9523810   63.00000  19.2%  19.1   37s
H 6201  4532                      77.8333333   63.00000  19.1%  19.8   40s
H 6512  4532                      77.5980392   63.00000  18.8%  19.2   40s
H 6613  4954                      77.5000000   63.00000  18.7%  19.0   42s
H 7503  5842                      77.5000000   63.00000  18.7%  18.3   47s
H 7797  5842                      77.3958333   63.00000  18.6%  18.4   47s
H 8300  5957                      76.8000000   63.00000  18.0%  18.1   49s
H 8626  5880                      76.4878800   63.00000  17.6%  18.2   49s
H 8968  5709                      75.1545467   63.00000  16.2%  17.7   51s
H 9305  6168                      74.4833333   63.00000  15.4%  17.7   54s
  9753  6656     cutoff  375        74.48333   63.00000  15.4%  17.8   57s
H 9757  6656                      74.4166667   63.00000  15.3%  17.8   57s
H10874  7127                      74.2500000   63.00000  15.2%  18.3   59s
 10991  7869   63.00000   76   61   74.25000   63.00000  15.2%  18.2   62s
H11422  7817                      74.0833333   63.00000  15.0%  18.0   62s
H12063  8316                      74.0000000   63.00000  14.9%  17.8   64s
 12564  8818   65.00000  190  112   74.00000   63.00000  14.9%  17.5   67s
H13302  8818                      73.9999998   63.00000  14.9%  17.7   67s
H13303  9229                      73.8333333   63.00000  14.7%  17.7   69s
 13845  9934   63.00000  135   79   73.83333   63.00000  14.7%  18.5   71s
H14244  9934                      73.8333329   63.00000  14.7%  18.2   71s
H14800 10608                      73.8333326   63.00000  14.7%  18.2   73s
H15510 11204                      73.8333326   63.00000  14.7%  18.0   76s
H15510 11204                      73.8333326   63.00000  14.7%  18.0   76s
H15691 11204                      73.8333325   63.00000  14.7%  17.9   76s
H15745 11204                      73.8333325   63.00000  14.7%  17.8   76s
H16035 11140                      73.6666667   63.00000  14.5%  17.6   76s
H16227 11036                      73.1500000   63.00000  13.9%  17.5   78s
H16744 11477                      72.9833333   63.00000  13.7%  17.5   80s
H16800 11363                      72.6500000   63.00000  13.3%  17.5   80s
H17096 11363                      72.5606061   63.00000  13.2%  17.5   80s
H17400 11630                      72.5000000   63.00000  13.1%  17.5   82s
H17709 11992                      72.3333333   63.00000  12.9%  17.2   85s
H18172 11940                      72.1666667   63.00000  12.7%  16.9   85s
H18476 12202                      72.0000000   63.00000  12.5%  17.0   87s
 18586 12545 infeasible  150        72.00000   63.00000  12.5%  16.9   90s
 20569 14652   65.00000  333  112   72.00000   63.00000  12.5%  16.5   96s
H22546 15978                      72.0000000   63.00000  12.5%  15.9  100s
H23286 16238                      71.9999994   63.00000  12.5%  16.0  103s
 23589 16403   63.83333  298   85   72.00000   63.00000  12.5%  16.2  105s
H23707 16403                      71.9999993   63.00000  12.5%  16.1  105s
H23720 16403                      71.9999987   63.00000  12.5%  16.1  105s
H23972 16700                      71.9999987   63.00000  12.5%  16.4  108s
 24191 16993   69.00000  264   75   72.00000   63.00000  12.5%  16.3  110s
H24467 16993                      71.9999986   63.00000  12.5%  16.2  110s
H24486 16993                      71.9999985   63.00000  12.5%  16.3  110s
H24857 17294                      71.9999985   63.00000  12.5%  16.6  113s
 24950 17860   63.00000  240  102   72.00000   63.00000  12.5%  16.7  115s
H25870 18420                      71.9999984   63.00000  12.5%  16.6  118s
 26341 18925   67.66667  310   89   72.00000   63.00000  12.5%  16.5  122s
H27021 18925                      71.9999984   63.00000  12.5%  16.3  122s
 27082 19518     cutoff  332        72.00000   63.00000  12.5%  16.3  125s
 28385 20433     cutoff  379        72.00000   63.00000  12.5%  16.1  130s
 29367 21239   69.16667  337  105   72.00000   63.00000  12.5%  15.8  135s
H30077 21239                      71.9999982   63.00000  12.5%  15.8  135s
 31471 22472   71.83333  306  125   72.00000   63.00000  12.5%  15.4  141s
 32122 25080   63.83333  241  102   72.00000   63.00000  12.5%  15.4  153s
H34149 25080                      71.9999982   63.00000  12.5%  15.2  153s
 36126 25538   63.00000  286   91   72.00000   63.00000  12.5%  15.1  156s
H36591 25538                      71.9999982   63.00000  12.5%  15.1  156s
 37233 26407   70.33333  401  110   72.00000   63.00000  12.5%  15.3  161s
H38287 26477                      71.9999982   63.00000  12.5%  15.1  163s
 38403 26562     cutoff  341        72.00000   63.00000  12.5%  15.1  165s
 39390 27459   63.00000  330   83   72.00000   63.00000  12.5%  15.4  171s
 40047 28063     cutoff  409        72.00000   63.00000  12.5%  15.6  175s
H41407 28563                      71.9999981   63.00000  12.5%  15.5  179s
H41823 28698                      71.9999981   63.00000  12.5%  15.7  182s
H42113 29410                      71.9999981   63.00000  12.5%  15.7  184s
H43021 29932                      71.9999981   63.00000  12.5%  15.7  187s
 44873 31117   63.00000  247   83   72.00000   63.00000  12.5%  16.0  192s
H45762 31256                      71.9999981   63.00000  12.5%  16.1  194s
 45967 31651     cutoff  353        72.00000   63.00000  12.5%  16.1  196s
 46644 31985     cutoff  355        72.00000   63.00000  12.5%  16.1  200s
H46646 31985                      71.9999980   63.00000  12.5%  16.1  200s
 47502 32492   63.00000  270  106   72.00000   63.00000  12.5%  16.1  205s
 48749 33013   63.00000  361   89   72.00000   63.00000  12.5%  16.2  211s
 49109 33659   64.37500  396   85   72.00000   63.00000  12.5%  16.1  216s
 49833 33924   63.79227  418   85   72.00000   63.00000  12.5%  16.1  221s
 50527 33927   63.79167  423   83   72.00000   63.00000  12.5%  16.1  225s
H50530 33927                      71.9999980   63.00000  12.5%  16.1  225s
H50626 34088                      71.9999980   63.00000  12.5%  16.1  227s
 50733 34297   63.79167  465   84   72.00000   63.00000  12.5%  16.1  230s
 51986 34915   63.01075  359  105   72.00000   63.00000  12.5%  16.0  237s
 53054 35822   65.33333  454  102   72.00000   63.00000  12.5%  16.1  242s
 53320 36404   66.83333  454   99   72.00000   63.00000  12.5%  16.1  245s
 54185 36408   69.37500  428  100   72.00000   63.00000  12.5%  16.2  250s
 54622 36837     cutoff  308        72.00000   63.00000  12.5%  16.2  255s
 55595 38001   63.33333  369   85   72.00000   63.00000  12.5%  16.2  261s
 57243 38480   63.33333  295  108   72.00000   63.00000  12.5%  16.2  266s
 58137 39351   71.66667  411  101   72.00000   63.00000  12.5%  16.2  271s
H58406 39351                      71.9999980   63.00000  12.5%  16.2  271s
 59891 39943   70.50000  378   96   72.00000   63.00000  12.5%  16.2  275s
H60037 39943                      71.9999980   63.00000  12.5%  16.2  275s
 60467 40404   63.83333  289  112   72.00000   63.00000  12.5%  16.1  281s
 61401 40785   67.33333   85   95   72.00000   63.00000  12.5%  16.1  286s
 62764 41457   63.00000  118   62   72.00000   63.00000  12.5%  16.1  292s
 63651 42110   63.00000  144   82   72.00000   63.00000  12.5%  16.0  298s
 63675 44962   63.00000  145   85   72.00000   63.00000  12.5%  16.0  308s
 67679 44982 infeasible  470        72.00000   63.00000  12.5%  15.9  311s
 68005 45532   63.00000  102  102   72.00000   63.00000  12.5%  15.9  316s
 68715 46024   63.33333  362   99   72.00000   63.00000  12.5%  15.9  320s
 69413 46526   71.50000  267  108   72.00000   63.00000  12.5%  15.8  325s
 70297 46778     cutoff  385        72.00000   63.00000  12.5%  15.8  331s
 71280 47385   66.83333  236  125   72.00000   63.00000  12.5%  15.9  336s
 72147 48051     cutoff  274        72.00000   63.00000  12.5%  16.0  342s
 72311 48754   71.83333  272  116   72.00000   63.00000  12.5%  16.0  345s
 73693 49635     cutoff  241        72.00000   63.00000  12.5%  16.0  350s
 75000 50536   71.66667  244  106   72.00000   63.00000  12.5%  16.0  356s
 75804 51099   68.33333  243   88   72.00000   63.00000  12.5%  15.9  360s
 78593 52055     cutoff  381        72.00000   63.00000  12.5%  15.9  367s
 79404 52738   64.00000  312   92   72.00000   63.00000  12.5%  16.0  372s
 79511 53373   69.00000  309   93   72.00000   63.00000  12.5%  16.0  375s
 80659 53785   63.00000  258   89   72.00000   63.00000  12.5%  16.0  380s
 81690 54510     cutoff  301        72.00000   63.00000  12.5%  16.0  385s
 83356 55771   70.50000  157  120   72.00000   63.00000  12.5%  16.0  391s
 84439 56557   63.00000  316   83   72.00000   63.00000  12.5%  16.0  396s
 85784 57329     cutoff  345        72.00000   63.00000  12.5%  16.0  402s
 86731 57818   63.00000  277   90   72.00000   63.00000  12.5%  16.0  405s
 88305 58606   64.00000  116  113   72.00000   63.00000  12.5%  16.1  410s
 90056 59295   68.33333  393  115   72.00000   63.00000  12.5%  16.1  416s
 91101 59704   63.00000   81   94   72.00000   63.00000  12.5%  16.1  422s
 91899 60769     cutoff  157        72.00000   63.00000  12.5%  16.1  427s
 93277 61493   63.00000  103  102   72.00000   63.00000  12.5%  16.1  431s
 94424 62189   70.87500  221   67   72.00000   63.00000  12.5%  16.2  436s
 95639 62794     cutoff  222        72.00000   63.00000  12.5%  16.3  442s
 96067 63844   70.95833  221   81   72.00000   63.00000  12.5%  16.3  446s
 98277 64884   63.00000  264   92   72.00000   63.00000  12.5%  16.5  450s
 99901 66083   63.00000  297  118   72.00000   63.00000  12.5%  16.4  456s
H100567 66397                      71.9999980   63.00000  12.5%  16.4  459s
H100996 66719                      71.9999979   63.00000  12.5%  16.4  461s
 101689 67325   71.16667  337   81   72.00000   63.00000  12.5%  16.4  465s
H102262 67325                      71.9999979   63.00000  12.5%  16.4  465s
 102961 68097   64.66667  290   93   72.00000   63.00000  12.5%  16.4  471s
 103697 68530   64.00000  306   88   72.00000   63.00000  12.5%  16.3  475s
 104697 68797   70.50000  323   99   72.00000   63.00000  12.5%  16.3  480s
H105576 69444                      71.9999978   63.00000  12.5%  16.3  485s
 106552 70068   71.83333  178   89   72.00000   63.00000  12.5%  16.3  491s
 107756 70930     cutoff  372        72.00000   63.00000  12.5%  16.3  496s
 109024 71361   71.50000  218   84   72.00000   63.00000  12.5%  16.2  501s
 110580 71992   63.00000  320  117   72.00000   63.00000  12.5%  16.2  506s
 111808 72652     cutoff  350        72.00000   63.00000  12.5%  16.1  511s
H112889 73230                      71.9999978   63.00000  12.5%  16.1  514s
 113527 73398   71.16667  332  107   72.00000   63.00000  12.5%  16.1  516s
H113601 73398                      71.9999977   63.00000  12.5%  16.0  516s
 114610 74102   67.83333  278  103   72.00000   63.00000  12.5%  16.0  522s
H114659 74102                      71.9999976   63.00000  12.5%  16.0  522s
 114713 74582   65.00000  290  104   72.00000   63.00000  12.5%  16.0  525s
H114738 74582                      71.9999976   63.00000  12.5%  16.0  525s
 115992 75290   67.54167  364   80   72.00000   63.00000  12.5%  16.0  530s
 116676 77933   70.00000  229   85   72.00000   63.00000  12.5%  16.0  542s
 120687 78193     cutoff  356        72.00000   63.00000  12.5%  15.8  546s
 121104 78651   63.66667  340   99   72.00000   63.00000  12.5%  15.8  550s
H121326 78651                      71.9999976   63.00000  12.5%  15.8  550s
 122783 79215   64.16667  237  103   72.00000   63.00000  12.5%  15.7  558s
H122788 79215                      71.9999976   63.00000  12.5%  15.7  558s
 122789 79230   64.16667  238  103   72.00000   63.00000  12.5%  15.7  560s
 123976 79719   63.16667  237   82   72.00000   63.00000  12.5%  15.6  567s
 123981 80095   63.16667  238   81   72.00000   63.00000  12.5%  15.6  570s
H124326 80095                      71.9999975   63.00000  12.5%  15.6  570s
H124896 80250                      71.9999974   63.00000  12.5%  15.6  571s
 125469 80572     cutoff  274        72.00000   63.00000  12.5%  15.6  576s
 125729 80743   63.00000  242  100   72.00000   63.00000  12.5%  15.6  580s
H125905 80743                      71.9999974   63.00000  12.5%  15.6  580s
H126064 81021                      71.9999973   63.00000  12.5%  15.6  582s
H126498 81029                      71.9999973   63.00000  12.5%  15.6  585s
H126741 81224                      71.9999972   63.00000  12.5%  15.6  588s
 126742 81358   71.50000  237   99   72.00000   63.00000  12.5%  15.6  591s
H126888 81358                      71.9999971   63.00000  12.5%  15.6  591s
 127477 82283   71.83333  252  106   72.00000   63.00000  12.5%  15.6  596s
 128193 82689   63.00000  190   85   72.00000   63.00000  12.5%  15.5  600s
H129284 83046                      71.9999971   63.00000  12.5%  15.5  603s
 129590 83393   71.66667  260   82   72.00000   63.00000  12.5%  15.5  606s
 131163 83960   63.00000  274   96   72.00000   63.00000  12.5%  15.5  611s
 131901 84515   64.00000  298   88   72.00000   63.00000  12.5%  15.5  617s
 132112 84663   67.33333  323   98   72.00000   63.00000  12.5%  15.5  620s
 133155 85196   68.08333  342  104   72.00000   63.00000  12.5%  15.5  626s
 134090 85606   68.41667  369   91   72.00000   63.00000  12.5%  15.5  632s
 134094 85847   68.41667  370   93   72.00000   63.00000  12.5%  15.5  635s
 134815 86271 infeasible  434        72.00000   63.00000  12.5%  15.5  642s
 135543 86490   69.16667  208   86   72.00000   63.00000  12.5%  15.5  645s
 136626 86973     cutoff  362        72.00000   63.00000  12.5%  15.5  651s
 137485 87423   70.16667  309   98   72.00000   63.00000  12.5%  15.5  660s
 137494 89638     cutoff  310        72.00000   63.00000  12.5%  15.5  671s
 141504 90113   69.41667  337  111   72.00000   63.00000  12.5%  15.5  676s
 142231 90239   66.66667  325   95   72.00000   63.00000  12.5%  15.5  680s
 142528 90465   65.33333  294   79   72.00000   63.00000  12.5%  15.5  685s
 143007 90736   71.16912  325  102   72.00000   63.00000  12.5%  15.5  690s
 143455 91192   70.16667  375  104   72.00000   63.00000  12.5%  15.5  695s
 144305 91416   70.33333  325  109   72.00000   63.00000  12.5%  15.5  701s
 145018 91615   63.00000  316   73   72.00000   63.00000  12.5%  15.5  706s
 145603 91894   69.50000  334   98   72.00000   63.00000  12.5%  15.5  712s
 146298 92339   64.83333  394   87   72.00000   63.00000  12.5%  15.5  717s
 146908 92439   63.66667  370  102   72.00000   63.00000  12.5%  15.5  720s
 147585 92715   65.33333  405   79   72.00000   63.00000  12.5%  15.5  726s
 148561 93113     cutoff  405        72.00000   63.00000  12.5%  15.5  732s
 148708 93300   71.33333  369   69   72.00000   63.00000  12.5%  15.6  735s
 150021 93761   65.33333  354   57   72.00000   63.00000  12.5%  15.6  741s
 151647 94328   63.00000  359  103   72.00000   63.00000  12.5%  15.6  746s
 152792 94808   69.29167  384   80   72.00000   63.00000  12.5%  15.6  753s
 153055 95168   63.00000  374   88   72.00000   63.00000  12.5%  15.6  756s
 153687 95712   63.16667  372   92   72.00000   63.00000  12.5%  15.6  761s
 154758 96139     cutoff  407        72.00000   63.00000  12.5%  15.6  767s
 155679 96388   63.00000  279   97   72.00000   63.00000  12.5%  15.7  770s
 156723 96655   63.00000  367   90   72.00000   63.00000  12.5%  15.7  776s
 157834 97010   66.50000  389  105   72.00000   63.00000  12.5%  15.7  782s
 157905 97280   69.16667  404  105   72.00000   63.00000  12.5%  15.7  785s
 158949 97698   69.33333  391  103   72.00000   63.00000  12.5%  15.7  790s
 160095 98317   67.50000  320   97   72.00000   63.00000  12.5%  15.7  796s
H160435 98317                      71.9999971   63.00000  12.5%  15.7  796s
 161579 98770   68.66667  391  100   72.00000   63.00000  12.5%  15.7  801s
 162464 99337   69.50000  349   92   72.00000   63.00000  12.5%  15.8  806s
 163635 100191   71.00000  368   92   72.00000   63.00000  12.5%  15.8  812s
 164678 100389     cutoff  396        72.00000   63.00000  12.5%  15.8  815s
 165916 101074     cutoff  413        72.00000   63.00000  12.5%  15.7  820s
 166954 101562   70.66927  330   96   72.00000   63.00000  12.5%  15.7  826s
 168029 102148   65.00000  316   84   72.00000   63.00000  12.5%  15.8  831s
 169520 102626   70.50000  401   85   72.00000   63.00000  12.5%  15.8  837s
 170215 103138   64.83333  374  102   72.00000   63.00000  12.5%  15.8  842s
 170647 103401   63.00000  373  105   72.00000   63.00000  12.5%  15.7  845s
 171757 103993   68.33333  456   95   72.00000   63.00000  12.5%  15.7  851s
 173227 104950   63.85417  436  106   72.00000   63.00000  12.5%  15.8  856s
 174126 105048     cutoff  317        72.00000   63.00000  12.5%  15.8  861s
 175417 105510 infeasible  372        72.00000   63.00000  12.5%  15.8  867s
 175479 105772   67.83333  372  101   72.00000   63.00000  12.5%  15.9  870s
 176632 106495   67.75000  316   98   72.00000   63.00000  12.5%  15.9  876s
 177968 106939   64.84289  413   89   72.00000   63.00000  12.5%  15.9  881s
 179562 107443     cutoff  422        72.00000   63.00000  12.5%  16.0  887s
 179938 107614   69.16667  425  113   72.00000   63.00000  12.5%  16.0  891s
 180256 108125   69.16667  428  115   72.00000   63.00000  12.5%  16.0  895s
 181853 108425     cutoff  393        72.00000   63.00000  12.5%  16.0  900s
 182790 108916   63.00000  304  113   72.00000   63.00000  12.5%  16.1  905s
 183623 109387   65.50000  301   82   72.00000   63.00000  12.5%  16.2  910s
 184961 109604 infeasible  419        72.00000   63.00000  12.5%  16.2  916s
 186590 110183 infeasible  415        72.00000   63.00000  12.5%  16.2  921s
 187466 110964   64.83333  315  104   72.00000   63.00000  12.5%  16.2  926s
 188685 111369   67.75000  420  113   72.00000   63.00000  12.5%  16.2  932s
 189696 111869     cutoff  340        72.00000   63.00000  12.5%  16.3  937s
 190210 112775   70.50347  371  102   72.00000   63.00000  12.5%  16.3  941s
 191995 113087   65.00000  328  114   72.00000   63.00000  12.5%  16.4  945s
 193174 113525   63.66667  348  132   72.00000   63.00000  12.5%  16.4  951s
 193991 113818     cutoff  366        72.00000   63.00000  12.5%  16.4  956s
 195329 114524   64.66667  337  105   72.00000   63.00000  12.5%  16.4  961s
 196668 114895   71.33333  359   96   72.00000   63.00000  12.5%  16.5  965s
 197946 115751 infeasible  345        72.00000   63.00000  12.5%  16.5  970s
 198653 116202   70.02889  368  122   72.00000   63.00000  12.5%  16.5  975s
 199682 116574   63.00000  334  110   72.00000   63.00000  12.5%  16.5  980s
 201293 117180   68.08333  400   90   72.00000   63.00000  12.5%  16.5  985s
 202123 117627   68.33333  404   88   72.00000   63.00000  12.5%  16.5  991s
 203296 118404   66.33692  342   98   72.00000   63.00000  12.5%  16.5  995s
 203925 118916   64.50000  382  105   72.00000   63.00000  12.5%  16.5 1001s
 205039 119447     cutoff  435        72.00000   63.00000  12.5%  16.5 1006s
 206139 119835   68.16667  335  101   72.00000   63.00000  12.5%  16.5 1011s
 207306 120472   71.78646  336   73   72.00000   63.00000  12.5%  16.5 1015s
 208228 121064   64.25000  396  103   72.00000   63.00000  12.5%  16.6 1021s
 209450 121534 infeasible  418        72.00000   63.00000  12.5%  16.6 1025s
 210438 122325   71.16667  357   98   72.00000   63.00000  12.5%  16.6 1030s
 211750 122588   68.66667  355  103   72.00000   63.00000  12.5%  16.6 1035s
 212988 122909   66.66667  375  119   72.00000   63.00000  12.5%  16.6 1041s
 213690 123485   63.66667  342  115   72.00000   63.00000  12.5%  16.6 1045s
 214891 124039   67.00000  357  113   72.00000   63.00000  12.5%  16.6 1050s
 215604 124421   63.00000  296   88   72.00000   63.00000  12.5%  16.6 1055s
 216893 125700   67.66667  375   92   72.00000   63.00000  12.5%  16.6 1061s
 217740 126168   71.50000  362  108   72.00000   63.00000  12.5%  16.6 1066s
 218481 126352   68.16667  391  119   72.00000   63.00000  12.5%  16.6 1070s
 219346 126984   63.00000  262  110   72.00000   63.00000  12.5%  16.6 1075s
 220242 127243   65.83333  416   87   72.00000   63.00000  12.5%  16.6 1080s
 221726 127837     cutoff  387        72.00000   63.00000  12.5%  16.6 1085s
 222669 128218     cutoff  335        72.00000   63.00000  12.5%  16.6 1090s
 224010 128533     cutoff  410        72.00000   63.00000  12.5%  16.6 1097s
 224958 128763   63.33333  372  102   72.00000   63.00000  12.5%  16.7 1103s
 225100 129058   66.16667  373  108   72.00000   63.00000  12.5%  16.7 1105s
 225936 129491   70.66667  343   89   72.00000   63.00000  12.5%  16.7 1110s
 227985 129968   69.16667  421   85   72.00000   63.00000  12.5%  16.7 1116s
 228537 130279   69.00000  437  108   72.00000   63.00000  12.5%  16.7 1121s
 229793 130697   63.00000  381  100   72.00000   63.00000  12.5%  16.7 1126s
 230377 131387   63.83333  314   66   72.00000   63.00000  12.5%  16.7 1131s
 231789 132154   63.00000  302   77   72.00000   63.00000  12.5%  16.7 1137s
 233698 132160   68.08333  449   86   72.00000   63.00000  12.5%  16.7 1140s
 234424 132877   66.16667  412   91   72.00000   63.00000  12.5%  16.7 1145s
 235813 133171   68.33333  348   76   72.00000   63.00000  12.5%  16.7 1151s
 236866 133450   67.00000  370   84   72.00000   63.00000  12.5%  16.7 1156s
 237787 134033   67.33333  327   99   72.00000   63.00000  12.5%  16.7 1161s
 238539 134423   70.33333  363   95   72.00000   63.00000  12.5%  16.7 1166s
 239682 135168     cutoff  397        72.00000   63.00000  12.5%  16.8 1171s
 240397 135244   63.16667  317  108   72.00000   63.00000  12.5%  16.8 1175s
 241672 136204   65.91667  356   95   72.00000   63.00000  12.5%  16.8 1183s
 242922 136296     cutoff  345        72.00000   63.00000  12.5%  16.9 1186s
H243470 136624                      71.9999971   63.00000  12.5%  16.9 1187s
 244418 137280   70.00087  390  113   72.00000   63.00000  12.5%  16.9 1191s
 245353 137492   66.57420  332  104   72.00000   63.00000  12.5%  16.9 1196s
H245601 137609                      71.9999971   63.00000  12.5%  16.9 1198s
 245819 137639   63.00000  318  103   72.00000   63.00000  12.5%  16.9 1203s
H245820 137639                      71.9999971   63.00000  12.5%  16.9 1203s
 245904 137832   63.00000  319  106   72.00000   63.00000  12.5%  16.9 1205s
 246542 138265 infeasible  361        72.00000   63.00000  12.5%  16.9 1210s
 248971 138925   66.33333  340   85   72.00000   63.00000  12.5%  16.9 1219s
 249068 139389   66.33333  341   90   72.00000   63.00000  12.5%  16.9 1221s
 250290 139971 infeasible  371        72.00000   63.00000  12.5%  16.9 1226s
 251109 140244 infeasible  383        72.00000   63.00000  12.5%  16.9 1231s
 252817 140956   70.33333  372  109   72.00000   63.00000  12.5%  16.9 1235s
 254657 141641   68.33333  370   96   72.00000   63.00000  12.5%  16.8 1241s
 255603 142108   63.83333  319   86   72.00000   63.00000  12.5%  16.8 1245s
 257153 142709   66.33333  365  105   72.00000   63.00000  12.5%  16.8 1251s
 258257 143089   63.00000  336   89   72.00000   63.00000  12.5%  16.8 1255s
 258832 143547     cutoff  369        72.00000   63.00000  12.5%  16.8 1260s
 260459 144570   68.00000  356  107   72.00000   63.00000  12.5%  16.8 1267s
 261836 144988     cutoff  391        72.00000   63.00000  12.5%  16.8 1272s
 262237 145390   70.83333  368  107   72.00000   63.00000  12.5%  16.8 1275s
 264177 146186   63.16667  377   85   72.00000   63.00000  12.5%  16.8 1282s
 264911 146706 infeasible  348        72.00000   63.00000  12.5%  16.8 1287s
 266439 147863   67.50000  371  109   72.00000   63.00000  12.5%  16.8 1291s
 267807 148089   66.66667  382  101   72.00000   63.00000  12.5%  16.7 1296s
 268706 148096 infeasible  316        72.00000   63.00000  12.5%  16.7 1300s
 269795 148788   63.00000  351   91   72.00000   63.00000  12.5%  16.7 1305s
 270798 149589   66.50000  376  101   72.00000   63.00000  12.5%  16.7 1311s
 272213 149839   68.83333  369   92   72.00000   63.00000  12.5%  16.7 1319s
 272424 150205   67.33333  361   90   72.00000   63.00000  12.5%  16.7 1321s
 273910 151144   64.16667  399  118   72.00000   63.00000  12.5%  16.7 1326s
 275480 151614     cutoff  356        72.00000   63.00000  12.5%  16.7 1331s
 276638 152026     cutoff  419        72.00000   63.00000  12.5%  16.7 1336s
 277178 152147   69.33333  378   98   72.00000   63.00000  12.5%  16.7 1340s
 278308 152842   69.00000  378   96   72.00000   63.00000  12.5%  16.6 1346s
 280040 153151   64.50000  386   91   72.00000   63.00000  12.5%  16.6 1352s
 280046 153358   64.66667  382   94   72.00000   63.00000  12.5%  16.6 1355s
 281225 153508   63.00000  373   87   72.00000   63.00000  12.5%  16.6 1360s
 282707 154380 infeasible  409        72.00000   63.00000  12.5%  16.6 1366s
 283570 154738     cutoff  367        72.00000   63.00000  12.5%  16.6 1371s
 285566 154948   69.33707  408  120   72.00000   63.00000  12.5%  16.6 1376s
 285798 155163   63.00000  384   88   72.00000   63.00000  12.5%  16.6 1380s
 286912 155887   67.66667  385   97   72.00000   63.00000  12.5%  16.6 1386s
 287968 156008   63.00000  361   97   72.00000   63.00000  12.5%  16.6 1392s
 288293 156381   66.00000  370   92   72.00000   63.00000  12.5%  16.6 1396s
 289192 156832   65.83333  375   83   72.00000   63.00000  12.5%  16.6 1402s
 289913 157180   71.83333  183   87   72.00000   63.00000  12.5%  16.6 1405s
 291652 157442   67.66667  176  118   72.00000   63.00000  12.5%  16.5 1410s
 292619 158632   63.00000  147   89   72.00000   63.00000  12.5%  16.5 1416s
 293908 159470   64.66667  154   86   72.00000   63.00000  12.5%  16.5 1421s
 295295 159599   63.00000  152   82   72.00000   63.00000  12.5%  16.5 1425s
 295809 160452   63.83333  232   81   72.00000   63.00000  12.5%  16.5 1430s
 297785 160909     cutoff  198        72.00000   63.00000  12.5%  16.4 1435s
 299266 161770   70.66667  166   79   72.00000   63.00000  12.5%  16.4 1441s
 300240 162068   71.66667  218   80   72.00000   63.00000  12.5%  16.4 1445s
 302062 162857     cutoff  189        72.00000   63.00000  12.5%  16.3 1451s
 303084 163375     cutoff  221        72.00000   63.00000  12.5%  16.3 1456s
 304062 164031   64.33333  180  113   72.00000   63.00000  12.5%  16.3 1460s
 305573 164782   63.00000  201   90   72.00000   63.00000  12.5%  16.3 1465s
 306513 165683   66.66667  323   91   72.00000   63.00000  12.5%  16.3 1470s
 308058 166608   63.00000  160   81   72.00000   63.00000  12.5%  16.3 1477s
 309267 167005   64.00000  204   98   72.00000   63.00000  12.5%  16.3 1481s
 310307 167483   63.00000  143   79   72.00000   63.00000  12.5%  16.2 1485s
 311380 168612   67.17262  186   86   72.00000   63.00000  12.5%  16.2 1492s
 312264 168638   71.50000  220  100   72.00000   63.00000  12.5%  16.2 1495s
 313234 169223   71.33333  283   79   72.00000   63.00000  12.5%  16.2 1500s
 314571 170472   67.00000  219  101   72.00000   63.00000  12.5%  16.2 1507s
 315756 170728   69.33333  229  120   72.00000   63.00000  12.5%  16.2 1510s
H316028 170728                      71.9999971   63.00000  12.5%  16.2 1510s
 317419 171871   71.15565  213   96   72.00000   63.00000  12.5%  16.1 1517s
 318177 172241   70.50000  224   87   72.00000   63.00000  12.5%  16.1 1521s
 318891 172244     cutoff  158        72.00000   63.00000  12.5%  16.1 1525s
 319562 172941   66.00000  220   86   72.00000   63.00000  12.5%  16.1 1531s
 320601 173068   69.50000  271   90   72.00000   63.00000  12.5%  16.1 1536s
H320925 173158                      71.9999970   63.00000  12.5%  16.1 1538s
 321208 173182   69.50000  273   90   72.00000   63.00000  12.5%  16.1 1541s
 321856 173511     cutoff  185        72.00000   63.00000  12.5%  16.1 1546s
 322830 174164   64.83333  187   95   72.00000   63.00000  12.5%  16.1 1551s
 323966 174836     cutoff  333        72.00000   63.00000  12.5%  16.0 1556s
 325105 175785   70.83333  227  111   72.00000   63.00000  12.5%  16.0 1562s
 325975 176428   63.00000  189   96   72.00000   63.00000  12.5%  16.0 1565s
 327889 177054   67.33333  284  100   72.00000   63.00000  12.5%  16.0 1571s
 328866 177414   65.66667  229   80   72.00000   63.00000  12.5%  16.0 1575s
 329890 177994     cutoff  241        72.00000   63.00000  12.5%  16.0 1580s
 330696 178465   65.66667  234  105   72.00000   63.00000  12.5%  15.9 1585s
 331700 179408   63.33333  239   99   72.00000   63.00000  12.5%  15.9 1591s
 332291 179779   70.33333  284   91   72.00000   63.00000  12.5%  15.9 1596s
 333127 180087   68.33333  234  107   72.00000   63.00000  12.5%  15.9 1600s
 333876 180351     cutoff  254        72.00000   63.00000  12.5%  15.9 1605s
 335420 181128     cutoff  177        72.00000   63.00000  12.5%  15.9 1612s
 335987 181620     cutoff  238        72.00000   63.00000  12.5%  15.9 1615s
 336882 182094     cutoff  250        72.00000   63.00000  12.5%  15.9 1621s
 338133 182795     cutoff  245        72.00000   63.00000  12.5%  15.9 1626s
 339341 183337   71.75000  319  107   72.00000   63.00000  12.5%  15.9 1631s
 340665 183886   63.66667  236   92   72.00000   63.00000  12.5%  15.9 1636s
 341766 184113   70.16667  243   74   72.00000   63.00000  12.5%  15.9 1641s
 342830 184588   63.00000  268  101   72.00000   63.00000  12.5%  15.9 1645s
 343830 184949     cutoff  301        72.00000   63.00000  12.5%  15.9 1650s
 344945 185703   63.50000  223   67   72.00000   63.00000  12.5%  15.9 1655s
 346445 186177   70.66667  288   99   72.00000   63.00000  12.5%  15.9 1660s
 347474 186541   71.83333  248   91   72.00000   63.00000  12.5%  15.9 1665s
 349079 187303   65.83333  302   89   72.00000   63.00000  12.5%  15.9 1670s
 350168 187826   63.00000  236   73   72.00000   63.00000  12.5%  15.9 1675s
 351391 188368     cutoff  253        72.00000   63.00000  12.5%  15.8 1680s
 351811 188917   63.00000  281   94   72.00000   63.00000  12.5%  15.8 1685s
 353089 189353 infeasible  271        72.00000   63.00000  12.5%  15.8 1690s
 354167 189915   69.00000  262   95   72.00000   63.00000  12.5%  15.8 1695s
 355273 190614   70.16667  251  101   72.00000   63.00000  12.5%  15.8 1700s
 356705 191755   68.50000  324   88   72.00000   63.00000  12.5%  15.8 1707s
 358122 191973   64.00000  251   86   72.00000   63.00000  12.5%  15.8 1710s
 358751 192396   64.16667  272   94   72.00000   63.00000  12.5%  15.8 1715s
 360170 192783   69.16667  272   85   72.00000   63.00000  12.5%  15.7 1720s
 361489 193636   64.83333  335  110   72.00000   63.00000  12.5%  15.7 1726s
 362111 194142   67.19249  341  113   72.00000   63.00000  12.5%  15.7 1731s
 363026 194626   70.16667  288   94   72.00000   63.00000  12.5%  15.7 1736s
 364557 195253   71.16667  293   91   72.00000   63.00000  12.5%  15.7 1742s
 365823 195984   71.33333  281   87   72.00000   63.00000  12.5%  15.7 1747s
 366201 196467     cutoff  331        72.00000   63.00000  12.5%  15.7 1751s
 368057 197503   67.19255  349  107   72.00000   63.00000  12.5%  15.7 1755s
 369437 197813   69.67038  333  100   72.00000   63.00000  12.5%  15.7 1763s
 369504 198258   69.67038  334  100   72.00000   63.00000  12.5%  15.7 1766s
 370481 198683   63.00000  110   84   72.00000   63.00000  12.5%  15.7 1770s
 371535 199184   63.33333  339  102   72.00000   63.00000  12.5%  15.7 1775s
 373747 199850   70.50000  342   97   72.00000   63.00000  12.5%  15.7 1781s
 374418 200438   65.36237  362   84   72.00000   63.00000  12.5%  15.7 1786s
H375700 200854                      71.9999970   63.00000  12.5%  15.7 1792s
 377368 201380   65.66667  319   96   72.00000   63.00000  12.5%  15.7 1797s
 379054 201772   65.00000  337  106   72.00000   63.00000  12.5%  15.7 1800s

Cutting planes:
  Learned: 18
  Gomory: 4
  Cover: 158
  Implied bound: 143
  Clique: 88
  MIR: 343
  Flow cover: 530
  GUB cover: 1
  RLT: 102
  Relax-and-lift: 488

Explored 379142 nodes (5953669 simplex iterations) in 1800.01 seconds
Thread count was 4 (of 32 available processors)

Solution count 10: 72 72 72 ... 72

Time limit reached
Best objective 7.199999703376e+01, best bound 6.300000000000e+01, gap 12.5000%
