
Gurobi 9.1.2 (linux64) logging started Sun Mar 20 03:18:50 2022

Changed value of parameter LogFile to ls_sym_v-(4, 4).log
   Prev:   Default: 
Changed value of parameter MIPFocus to 1
   Prev: 0  Min: 0  Max: 3  Default: 0
Changed value of parameter Threads to 4
   Prev: 0  Min: 0  Max: 1024  Default: 0
Changed value of parameter TimeLimit to 1800.0
   Prev: inf  Min: 0.0  Max: inf  Default: inf
Warning: variable name "X[(1, 0),(0, 0)]" has a space
Warning: constraint name "flow-constr-t0-v(3, 6)" has a space
Warning: to let Gurobi read it back, use rlp format
Gurobi Optimizer version 9.1.2 build v9.1.2rc0 (linux64)
Thread count: 16 physical cores, 32 logical processors, using up to 4 threads
Optimize a model with 3645 rows, 3264 columns and 12438 nonzeros
Model fingerprint: 0xc5e934ef
Variable types: 384 continuous, 2880 integer (2880 binary)
Coefficient statistics:
  Matrix range     [1e+00, 7e+04]
  Objective range  [2e-01, 2e-01]
  Bounds range     [1e+00, 3e+04]
  RHS range        [1e+00, 7e+04]
Presolve removed 310 rows and 312 columns
Presolve time: 0.07s
Presolved: 3335 rows, 2952 columns, 22111 nonzeros
Variable types: 378 continuous, 2574 integer (2574 binary)
Found heuristic solution: objective 392.8333333

Root relaxation: objective 6.300000e+01, 164 iterations, 0.01 seconds

    Nodes    |    Current Node    |     Objective Bounds      |     Work
 Expl Unexpl |  Obj  Depth IntInf | Incumbent    BestBd   Gap | It/Node Time

     0     0   63.00000    0   48  392.83333   63.00000  84.0%     -    0s
H    0     0                     390.6666666   63.00000  83.9%     -    0s
     0     0   63.00000    0   92  390.66667   63.00000  83.9%     -    0s
H    0     0                     369.0000000   63.00000  82.9%     -    0s
H    0     0                     366.6666667   63.00000  82.8%     -    0s
     0     0   63.00000    0  100  366.66667   63.00000  82.8%     -    0s
H    0     0                     213.8333333   63.00000  70.5%     -    0s
H    0     0                     191.6666667   63.00000  67.1%     -    0s
H    0     0                     184.0000000   63.00000  65.8%     -    0s
     0     0   63.00000    0   52  184.00000   63.00000  65.8%     -    0s
H    0     0                     182.0000000   63.00000  65.4%     -    0s
     0     0   63.00000    0   66  182.00000   63.00000  65.4%     -    0s
H    0     0                     137.0000000   63.00000  54.0%     -    0s
     0     0   63.00000    0   54  137.00000   63.00000  54.0%     -    0s
H    0     0                     132.8333333   63.00000  52.6%     -    0s
H    0     0                     125.0000000   63.00000  49.6%     -    0s
     0     0   63.00000    0   74  125.00000   63.00000  49.6%     -    0s
     0     0   63.00000    0   44  125.00000   63.00000  49.6%     -    1s
H    0     0                     115.6666667   63.00000  45.5%     -    1s
     0     0   63.00000    0   63  115.66667   63.00000  45.5%     -    1s
     0     0   63.00000    0   50  115.66667   63.00000  45.5%     -    1s
H    0     0                     115.5000000   63.00000  45.5%     -    1s
     0     2   63.00000    0   50  115.50000   63.00000  45.5%     -    1s
H   31    36                      95.6666667   63.00000  34.1%  36.5    2s
H   61    92                      94.1666667   63.00000  33.1%  19.6    2s
H   77    92                      93.1666667   63.00000  32.4%  16.6    2s
H  260   407                      87.1666667   63.00000  27.7%   7.1    3s
H  413   501                      86.7500000   63.00000  27.4%   6.3    4s
H  512  1315                      86.2916667   63.00000  27.0%   5.8    5s
H 1395  1319                      86.2500000   63.00000  27.0%   4.3    6s
H 1396  1319                      85.9166667   63.00000  26.7%   4.4    6s
H 1402  1254                      85.7083333   63.00000  26.5%   4.5    6s
H 1404  1194                      85.6666667   63.00000  26.5%   4.5    6s
H 1404  1134                      85.5000000   63.00000  26.3%   4.5    6s
H 1411  1081                      85.1250000   63.00000  26.0%   4.4    8s
  1504  1252   63.00000   24   79   85.12500   63.00000  26.0%  20.0   10s
H 2123  1584                      85.1248264   63.00000  26.0%  18.4   12s
H 2273  1637                      85.1248254   63.00000  26.0%  17.7   13s
H 2291  1582                      85.1248243   63.00000  26.0%  17.7   13s
  2599  2102   63.00000  121   90   85.12482   63.00000  26.0%  16.5   15s
  4670  3444   63.00000  147  111   85.12482   63.00000  26.0%  12.2   20s
H 6153  4613                      85.0000000   63.00000  25.9%  12.9   24s
  6476  5382   66.83333  339   95   85.00000   63.00000  25.9%  12.7   25s
H 7484  5380                      84.3333333   63.00000  25.3%  12.3   26s
  8577  6744   66.33333  273  100   84.33333   63.00000  25.3%  11.6   30s
H 8760  6744                      84.2500000   63.00000  25.2%  11.5   30s
H 9017  7095                      84.1666667   63.00000  25.1%  11.4   31s
H 9114  7088                      84.0000000   63.00000  25.0%  11.3   31s
H 9451  7631                      83.8333333   63.00000  24.9%  11.2   32s
H 9629  7630                      83.6666667   63.00000  24.7%  11.1   32s
 10960  8767   65.50000  340  106   83.66667   63.00000  24.7%  10.7   35s
 13716 11087   65.33333  375   93   83.66667   63.00000  24.7%  11.1   41s
H13918 11087                      83.5833333   63.00000  24.6%  11.3   41s
H14103 11380                      83.5000000   63.00000  24.6%  11.3   42s
H14977 11797                      82.8333333   63.00000  23.9%  11.1   43s
H15077 11788                      82.5833333   63.00000  23.7%  11.0   43s
H15347 11935                      82.5000000   63.00000  23.6%  11.2   45s
H15401 11897                      81.9583333   63.00000  23.1%  11.2   45s
H15655 12225                      81.9166667   63.00000  23.1%  11.2   46s
H15807 12154                      81.6666667   63.00000  22.9%  11.4   46s
H16675 12646                      81.3333333   63.00000  22.5%  11.4   48s
H17225 13110                      81.1250000   63.00000  22.3%  11.5   49s
 17629 13614     cutoff  206        81.12500   63.00000  22.3%  11.4   50s
H17631 13508                      80.5000000   63.00000  21.7%  11.4   50s
H17919 13490                      80.3333333   63.00000  21.6%  11.5   50s
H18089 13460                      80.0000000   63.00000  21.2%  11.5   50s
H18280 13591                      77.8115942   63.00000  19.0%  11.4   52s
H18887 13779                      77.6956522   63.00000  18.9%  11.7   53s
H18900 13612                      77.1666667   63.00000  18.4%  11.7   53s
H18956 13351                      76.1666667   63.00000  17.3%  11.7   53s
H19357 13712                      76.0000000   63.00000  17.1%  11.9   54s
 19759 14329   63.00000  152   96   76.00000   63.00000  17.1%  11.9   56s
 22194 15736     cutoff  386        76.00000   63.00000  17.1%  11.7   61s
 23398 17088   63.66667   92  114   76.00000   63.00000  17.1%  11.7   65s
 25575 18587   67.16667  207  130   76.00000   63.00000  17.1%  12.0   71s
 27251 19540   73.16667  410  108   76.00000   63.00000  17.1%  11.8   75s
 28891 20622     cutoff  404        76.00000   63.00000  17.1%  12.1   80s
H29002 20622                      75.9999999   63.00000  17.1%  12.1   80s
H29183 20559                      75.8333333   63.00000  16.9%  12.1   80s
H29379 20711                      75.6666667   63.00000  16.7%  12.0   81s
H30481 20347                      74.5000000   63.00000  15.4%  12.1   83s
 30812 20667 infeasible  383        74.50000   63.00000  15.4%  12.0   86s
 32327 21456   74.16667  408  122   74.50000   63.00000  15.4%  12.1   90s
 33652 22444   68.16667  365  112   74.50000   63.00000  15.4%  12.0   96s
 35974 24087   65.83333  369  104   74.50000   63.00000  15.4%  12.1  101s
 37303 25338   68.83333  403   98   74.50000   63.00000  15.4%  12.0  105s
 39567 26542     cutoff  367        74.50000   63.00000  15.4%  12.1  110s
H40322 26542                      74.4999999   63.00000  15.4%  12.1  110s
 41251 27794   63.66667  361   87   74.50000   63.00000  15.4%  12.1  115s
 43544 29078   63.33333  329  102   74.50000   63.00000  15.4%  12.1  120s
H45563 29932                      74.4999999   63.00000  15.4%  12.0  124s
H45736 30281                      74.4999998   63.00000  15.4%  12.0  126s
H45800 30281                      74.4999997   63.00000  15.4%  12.0  126s
 47596 31367   68.50000  436  105   74.50000   63.00000  15.4%  12.1  130s
 49194 32479   63.00000  370  116   74.50000   63.00000  15.4%  12.3  135s
 50950 33516   72.33333  269  100   74.50000   63.00000  15.4%  12.3  140s
H51559 33731                      74.4999996   63.00000  15.4%  12.3  141s
H52028 34138                      74.4999995   63.00000  15.4%  12.5  143s
H52836 34554                      74.4999995   63.00000  15.4%  12.5  144s
 53103 35110   63.33333  288   77   74.50000   63.00000  15.4%  12.5  146s
H53924 35114                      74.4999994   63.00000  15.4%  12.5  148s
 54437 35860   66.66667  244  112   74.50000   63.00000  15.4%  12.6  150s
H54643 35860                      74.4999994   63.00000  15.4%  12.5  150s
H55302 36216                      74.4999993   63.00000  15.4%  12.5  152s
 56204 37362   64.66667  242  121   74.50000   63.00000  15.4%  12.6  156s
H56229 37362                      74.4999993   63.00000  15.4%  12.6  156s
H56771 37644                      74.4999992   63.00000  15.4%  12.6  158s
H56800 37644                      74.4999992   63.00000  15.4%  12.6  158s
 57165 38042   72.83333  237  116   74.50000   63.00000  15.4%  12.5  160s
H58487 38780                      74.4999991   63.00000  15.4%  12.5  164s
 58493 38860   63.50000  238   93   74.50000   63.00000  15.4%  12.5  166s
 59398 39438   63.83333  275   97   74.50000   63.00000  15.4%  12.5  171s
H59429 39438                      74.4999991   63.00000  15.4%  12.4  171s
 59886 40266   64.16667  290   87   74.50000   63.00000  15.4%  12.4  175s
H61000 41093                      74.4999990   63.00000  15.4%  12.4  179s
 61797 41270   63.00000  249   99   74.50000   63.00000  15.4%  12.4  181s
 62365 41617   71.66667  276  104   74.50000   63.00000  15.4%  12.4  185s
 63715 42752   67.16667  240  118   74.50000   63.00000  15.4%  12.3  191s
 65275 43866   63.00000  267  114   74.50000   63.00000  15.4%  12.2  195s
 66911 44515   63.00000  250  100   74.50000   63.00000  15.4%  12.2  201s
 67937 45252   71.00000  369   88   74.50000   63.00000  15.4%  12.2  205s
H68057 45252                      74.4999990   63.00000  15.4%  12.2  205s
 69960 46286   63.66667  380   96   74.50000   63.00000  15.4%  12.2  211s
 71444 46951     cutoff  354        74.50000   63.00000  15.4%  12.2  216s
 73371 48196   63.16667  288  112   74.50000   63.00000  15.4%  12.2  221s
H74968 48635                      74.4999990   63.00000  15.4%  12.2  224s
 75250 49024   71.83333  316  118   74.50000   63.00000  15.4%  12.2  225s
H76003 49043                      74.4999990   63.00000  15.4%  12.2  228s
 76078 49063     cutoff  384        74.50000   63.00000  15.4%  12.2  230s
 77398 49711   73.16667  336  124   74.50000   63.00000  15.4%  12.3  235s
H77401 49711                      74.4999990   63.00000  15.4%  12.3  235s
H77409 49711                      74.4999989   63.00000  15.4%  12.3  235s
H77833 50131                      74.4999989   63.00000  15.4%  12.3  237s
 78800 50601   73.33333  314  115   74.50000   63.00000  15.4%  12.3  241s
 80501 51418   68.66667  327  117   74.50000   63.00000  15.4%  12.3  246s
H81208 51581                      74.4999988   63.00000  15.4%  12.4  248s
 81970 52334     cutoff  327        74.50000   63.00000  15.4%  12.4  251s
 83819 53339   68.83333  300  123   74.50000   63.00000  15.4%  12.4  256s
 84168 54489 infeasible  301        74.50000   63.00000  15.4%  12.4  260s
H86746 55140                      74.4999988   63.00000  15.4%  12.4  263s
 87697 56157     cutoff  354        74.50000   63.00000  15.4%  12.4  266s
H87910 56157                      74.4999988   63.00000  15.4%  12.4  266s
H88433 56387                      74.4999987   63.00000  15.4%  12.4  267s
H88667 56593                      74.4999987   63.00000  15.4%  12.4  269s
 88947 56699   64.50000  321  121   74.50000   63.00000  15.4%  12.4  270s
H89200 56963                      74.4999986   63.00000  15.4%  12.4  272s
 89964 57583   64.66667  366  119   74.50000   63.00000  15.4%  12.5  275s
H89989 57583                      74.4999986   63.00000  15.4%  12.5  275s
H92062 58093                      74.4999986   63.00000  15.4%  12.5  281s
 92360 58299   71.38889  297  114   74.50000   63.00000  15.4%  12.5  285s
 93433 58816   71.83333  315  100   74.50000   63.00000  15.4%  12.5  290s
 94628 60348 infeasible  346        74.50000   63.00000  15.4%  12.5  296s
 95944 60518   71.33333  348   98   74.50000   63.00000  15.4%  12.5  300s
 96931 61442   63.00000  167  125   74.50000   63.00000  15.4%  12.5  306s
 98505 62650   63.00000  202  115   74.50000   63.00000  15.4%  12.5  310s
 100080 63949     cutoff  237        74.50000   63.00000  15.4%  12.5  316s
 101212 64787   63.00000  236  105   74.50000   63.00000  15.4%  12.6  320s
 103139 66042   63.83333  252   94   74.50000   63.00000  15.4%  12.6  327s
 104147 66700   63.50000  187  116   74.50000   63.00000  15.4%  12.6  330s
H104796 67196                      74.4999985   63.00000  15.4%  12.6  332s
H105499 67577                      74.4999984   63.00000  15.4%  12.6  334s
H106015 67963                      74.4999984   63.00000  15.4%  12.6  336s
H107846 69348                      74.4999983   63.00000  15.4%  12.6  339s
 108074 69693   65.50000  310   84   74.50000   63.00000  15.4%  12.6  341s
H108295 69693                      74.4999983   63.00000  15.4%  12.6  341s
H108811 70076                      74.4999983   63.00000  15.4%  12.5  343s
H109626 70620                      74.4999983   63.00000  15.4%  12.5  344s
 109802 70943   72.16667  241  111   74.50000   63.00000  15.4%  12.5  346s
 111106 72337   63.00000  199  124   74.50000   63.00000  15.4%  12.5  351s
H112212 72648                      74.4999983   63.00000  15.4%  12.5  353s
 112443 72739   68.66667  252  107   74.50000   63.00000  15.4%  12.5  356s
H112503 72739                      74.4999982   63.00000  15.4%  12.5  356s
H112722 73063                      74.4999982   63.00000  15.4%  12.5  358s
H112923 73253                      74.4999982   63.00000  15.4%  12.5  360s
H114208 73972                      74.4999982   63.00000  15.4%  12.5  364s
H114258 74089                      74.4999982   63.00000  15.4%  12.5  366s
 114688 74482   63.00000  110  103   74.50000   63.00000  15.4%  12.5  371s
H114739 74482                      74.4999981   63.00000  15.4%  12.5  371s
H115319 74903                      74.4999981   63.00000  15.4%  12.4  373s
H115511 74981                      74.4999980   63.00000  15.4%  12.4  375s
H115781 75725                      74.4999979   63.00000  15.4%  12.4  378s
 116686 75821   69.00000  471  109   74.50000   63.00000  15.4%  12.4  381s
H116687 75821                      74.4999979   63.00000  15.4%  12.4  381s
H116779 75821                      74.4999979   63.00000  15.4%  12.4  381s
H116852 76036                      74.4999978   63.00000  15.4%  12.4  384s
 117196 76560   69.00000  473  102   74.50000   63.00000  15.4%  12.4  386s
 118890 77646   67.16667  305   98   74.50000   63.00000  15.4%  12.4  391s
H119490 78186                      74.4999977   63.00000  15.4%  12.4  394s
 120123 79033     cutoff  273        74.50000   63.00000  15.4%  12.4  396s
H120847 79033                      74.4999977   63.00000  15.4%  12.4  396s
 121316 79654   66.50000  475   97   74.50000   63.00000  15.4%  12.4  402s
H121341 79654                      74.4999373   63.00000  15.4%  12.4  402s
H121853 79943                      74.4999373   63.00000  15.4%  12.4  404s
 122195 80192   63.00000  356  110   74.49994   63.00000  15.4%  12.4  406s
 123231 81420   63.00000  412   84   74.49994   63.00000  15.4%  12.4  411s
 124821 82127     cutoff  351        74.49994   63.00000  15.4%  12.4  417s
 125809 83220   63.50000  301  124   74.49994   63.00000  15.4%  12.4  421s
H127154 83520                      74.4999372   63.00000  15.4%  12.4  423s
 127408 83884   70.66667  625  123   74.49994   63.00000  15.4%  12.4  425s
 129264 84832   71.66667  447  116   74.49994   63.00000  15.4%  12.4  430s
 130083 85314     cutoff  484        74.49994   63.00000  15.4%  12.4  436s
 131596 86369   71.16667  388   94   74.49994   63.00000  15.4%  12.4  442s
 132126 86975   71.16667  392   97   74.49994   63.00000  15.4%  12.4  446s
 133006 87612   74.00000  428  104   74.49994   63.00000  15.4%  12.4  451s
 133792 88105   63.33333  477   99   74.49994   63.00000  15.4%  12.4  456s
 134826 88306   72.66667  471  115   74.49994   63.00000  15.4%  12.4  460s
 136360 88973   63.50000  444  113   74.49994   63.00000  15.4%  12.5  466s
 136935 89969   64.17116  476   99   74.49994   63.00000  15.4%  12.5  470s
 138544 90681   63.00000  471   96   74.49994   63.00000  15.4%  12.5  475s
H138746 90681                      74.4999372   63.00000  15.4%  12.5  475s
 139836 92045     cutoff  475        74.49994   63.00000  15.4%  12.6  480s
 142185 92904   65.00000  321  131   74.49994   63.00000  15.4%  12.6  485s
 143493 93808   65.16667  391  102   74.49994   63.00000  15.4%  12.6  490s
 144707 94521   64.83333  334  110   74.49994   63.00000  15.4%  12.6  495s
 145776 94801   65.00000  382  113   74.49994   63.00000  15.4%  12.6  500s
 147450 95818   63.00000  109   95   74.49994   63.00000  15.4%  12.6  505s
 148587 96719   71.16667  380  130   74.49994   63.00000  15.4%  12.6  510s
 149433 97744   73.83333  529   87   74.49994   63.00000  15.4%  12.6  515s
 151066 98609   63.83333  311  124   74.49994   63.00000  15.4%  12.6  521s
 151848 99329     cutoff  495        74.49994   63.00000  15.4%  12.6  525s
 153257 100449   63.66667  162   99   74.49994   63.00000  15.4%  12.6  530s
 155128 101430     cutoff  212        74.49994   63.00000  15.4%  12.6  536s
 156594 102353   63.00000  102  103   74.49994   63.00000  15.4%  12.6  541s
 158044 102900   63.00000  318  108   74.49994   63.00000  15.4%  12.5  545s
 158882 103630   70.83333  337  124   74.49994   63.00000  15.4%  12.5  551s
 159795 104344   73.33333  351  130   74.49994   63.00000  15.4%  12.6  555s
 160996 105264   72.66667  350  105   74.49994   63.00000  15.4%  12.6  560s
 162603 105878 infeasible  264        74.49994   63.00000  15.4%  12.6  566s
 163548 107255   63.66667  176   97   74.49994   63.00000  15.4%  12.6  571s
 165714 108678   68.84197  379   92   74.49994   63.00000  15.4%  12.6  576s
 167087 110066   66.00000  146  144   74.49994   63.00000  15.4%  12.6  580s
H168928 110886                      74.4999370   63.00000  15.4%  12.6  584s
 169057 111367   64.00000  227  115   74.49994   63.00000  15.4%  12.6  585s
 169850 112190   63.00000  204  130   74.49994   63.00000  15.4%  12.6  590s
 171201 113187   74.33333  176  102   74.49994   63.00000  15.4%  12.6  595s
 172703 114178   67.16667  187  138   74.49994   63.00000  15.4%  12.5  600s
 174082 114929   74.33333  292  111   74.49994   63.00000  15.4%  12.5  606s
 175859 115816     cutoff  248        74.49994   63.00000  15.4%  12.5  610s
 177214 117052     cutoff  410        74.49994   63.00000  15.4%  12.5  615s
 178641 118380   64.66667  151  112   74.49994   63.00000  15.4%  12.5  620s
 179891 119166   63.33333  167   71   74.49994   63.00000  15.4%  12.5  625s
 181050 120263   72.83333  235  106   74.49994   63.00000  15.4%  12.5  631s
 181892 120368   63.00000  180   92   74.49994   63.00000  15.4%  12.5  635s
 183795 121771   64.16667  158   67   74.49994   63.00000  15.4%  12.5  641s
 184753 122956   69.66667  225  126   74.49994   63.00000  15.4%  12.5  646s
 185537 123137   66.33333  196   73   74.49994   63.00000  15.4%  12.5  650s
 187484 124798     cutoff  227        74.49994   63.00000  15.4%  12.5  656s
 188618 125757     cutoff  243        74.49994   63.00000  15.4%  12.5  660s
 190597 126808   67.16667  193   93   74.49994   63.00000  15.4%  12.5  665s
 192302 127954     cutoff  226        74.49994   63.00000  15.4%  12.5  671s
 194839 129484   68.83333  269  104   74.49994   63.00000  15.4%  12.5  677s
 195660 130212 infeasible  247        74.49994   63.00000  15.4%  12.5  680s
 196944 131122   71.50000  455   84   74.49994   63.00000  15.4%  12.5  685s
 198712 132387   65.66667  254   96   74.49994   63.00000  15.4%  12.5  692s
 199096 133508   65.66667  255   95   74.49994   63.00000  15.4%  12.5  695s
 201483 133912     cutoff  242        74.49994   63.00000  15.4%  12.5  702s
 202392 134363   73.00000  254   99   74.49994   63.00000  15.4%  12.5  705s
 203577 135760   73.83333  250   80   74.49994   63.00000  15.4%  12.5  710s
 205737 136785   72.50000  228  100   74.49994   63.00000  15.4%  12.5  716s
 206634 137856     cutoff  233        74.49994   63.00000  15.4%  12.5  720s
 208022 138748   63.00000  136  119   74.49994   63.00000  15.4%  12.5  726s
 209544 139580   69.50000  230  100   74.49994   63.00000  15.4%  12.5  730s
 211704 140662   63.00000  267  117   74.49994   63.00000  15.4%  12.5  735s
 213246 141692   65.16667  324  101   74.49994   63.00000  15.4%  12.5  741s
 214274 141992     cutoff  249        74.49994   63.00000  15.4%  12.5  745s
 215139 142682 infeasible  272        74.49994   63.00000  15.4%  12.5  751s
 216813 143414   67.19656  271   98   74.49994   63.00000  15.4%  12.5  757s
 217466 143729   65.66667  268  112   74.49994   63.00000  15.4%  12.5  762s
 218201 144395   63.00000  242   98   74.49994   63.00000  15.4%  12.5  766s
 218937 145346   68.16667  256   96   74.49994   63.00000  15.4%  12.5  770s
 220635 145963 infeasible  272        74.49994   63.00000  15.4%  12.5  777s
 221604 147209   66.50000  302  113   74.49994   63.00000  15.4%  12.5  781s
 223037 147792   65.00000  364   83   74.49994   63.00000  15.4%  12.5  785s
 224380 148179     cutoff  281        74.49994   63.00000  15.4%  12.5  791s
 225288 148596 infeasible  275        74.49994   63.00000  15.4%  12.5  795s
 226297 149045     cutoff  276        74.49994   63.00000  15.4%  12.5  800s
 227372 150102   69.33333  259  101   74.49994   63.00000  15.4%  12.5  805s
 229035 150812   70.66667  379   86   74.49994   63.00000  15.4%  12.5  811s
 230335 151647   72.50000  316  108   74.49994   63.00000  15.4%  12.5  815s
 232047 152123   69.50000  310  112   74.49994   63.00000  15.4%  12.5  820s
 233039 153206   67.08333  356  111   74.49994   63.00000  15.4%  12.5  826s
 234191 153414 infeasible  339        74.49994   63.00000  15.4%  12.5  830s
 234864 154436   65.00000  330  104   74.49994   63.00000  15.4%  12.5  835s
 237053 155723   73.00000  274  100   74.49994   63.00000  15.4%  12.5  841s
 237990 156137   63.00000  125  110   74.49994   63.00000  15.4%  12.5  845s
 240028 157595     cutoff  345        74.49994   63.00000  15.4%  12.5  851s
 241792 158350   67.66667  214   99   74.49994   63.00000  15.4%  12.5  856s
 243142 159100   63.16667  151  109   74.49994   63.00000  15.4%  12.5  861s
 244191 160158   64.00000  272  110   74.49994   63.00000  15.4%  12.5  865s
 245677 160879   67.33333  428   94   74.49994   63.00000  15.4%  12.5  870s
 247577 162179     cutoff  236        74.49994   63.00000  15.4%  12.5  876s
H248404 162458                      74.4999370   63.00000  15.4%  12.5  878s
 248432 162932   63.00000  191  101   74.49994   63.00000  15.4%  12.5  880s
 250076 163708   63.00000  192  101   74.49994   63.00000  15.4%  12.5  885s
 251290 165460   63.00000  231  109   74.49994   63.00000  15.4%  12.5  891s
 252509 165931 infeasible  356        74.49994   63.00000  15.4%  12.5  896s
 253394 166474   64.33333  259   95   74.49994   63.00000  15.4%  12.5  900s
 255215 168166   65.08446  397   92   74.49994   63.00000  15.4%  12.5  906s
 256254 168657   63.66667  230  111   74.49994   63.00000  15.4%  12.5  910s
 257202 169385   64.83333  216  106   74.49994   63.00000  15.4%  12.5  916s
 258132 170143     cutoff  359        74.49994   63.00000  15.4%  12.5  920s
 259792 171109   74.00000  324  103   74.49994   63.00000  15.4%  12.4  925s
 261582 173071   71.25000  327  104   74.49994   63.00000  15.4%  12.4  932s
 263771 173569 infeasible  269        74.49994   63.00000  15.4%  12.4  936s
H264167 173569                      74.4999369   63.00000  15.4%  12.4  936s
 265096 174149   73.87528  259  108   74.49994   63.00000  15.4%  12.4  940s
 265993 174749   68.83333  328  120   74.49994   63.00000  15.4%  12.4  946s
 266586 175275   68.83333  368  107   74.49994   63.00000  15.4%  12.4  950s
 267394 175867   68.66667  198  135   74.49994   63.00000  15.4%  12.4  956s
 268504 176618   63.67712  243  108   74.49994   63.00000  15.4%  12.4  960s
 270335 177871   63.16667  271  113   74.49994   63.00000  15.4%  12.5  965s
 272150 179695   74.16667  256  111   74.49994   63.00000  15.4%  12.4  973s
 274385 180158   73.33333  302   92   74.49994   63.00000  15.4%  12.4  976s
 276128 180589   74.41667  255   85   74.49994   63.00000  15.4%  12.4  982s
 277266 181773   63.83333  224  102   74.49994   63.00000  15.4%  12.4  986s
 278058 182051   64.33333  212  104   74.49994   63.00000  15.4%  12.4  991s
 279042 182673   63.91667  271   97   74.49994   63.00000  15.4%  12.4  995s
 280391 183715   73.33333  221  105   74.49994   63.00000  15.4%  12.4 1001s
 281310 184150   73.00000  302  106   74.49994   63.00000  15.4%  12.4 1005s
 283193 185399   63.25000  272  112   74.49994   63.00000  15.4%  12.4 1011s
 284400 186621   63.08389  249  108   74.49994   63.00000  15.4%  12.4 1015s
 285971 187656   63.00000  202   92   74.49994   63.00000  15.4%  12.4 1021s
 286404 188205   63.00000  207  101   74.49994   63.00000  15.4%  12.4 1027s
 287301 189020   65.00000  282   89   74.49994   63.00000  15.4%  12.4 1031s
 288934 189851   64.83333  232  124   74.49994   63.00000  15.4%  12.4 1037s
 289441 190453   68.83333  214  138   74.49994   63.00000  15.4%  12.4 1041s
 291012 191008   65.50000  251  105   74.49994   63.00000  15.4%  12.4 1045s
 291756 191373   72.50000  210  112   74.49994   63.00000  15.4%  12.5 1051s
 292520 191983   72.84030  362   98   74.49994   63.00000  15.4%  12.5 1056s
 293293 193540   66.16667  270  113   74.49994   63.00000  15.4%  12.5 1063s
 295160 193616   63.83333  283  107   74.49994   63.00000  15.4%  12.5 1066s
 295925 194262     cutoff  361        74.49994   63.00000  15.4%  12.5 1070s
 296970 195340   63.33333  245  100   74.49994   63.00000  15.4%  12.5 1075s
 298832 196178   63.00000  227  118   74.49994   63.00000  15.4%  12.5 1081s
 299378 196760   74.00000  250   98   74.49994   63.00000  15.4%  12.5 1085s
 300604 197827   74.16667  289   94   74.49994   63.00000  15.4%  12.5 1090s
 302616 198588   69.16667  269  106   74.49994   63.00000  15.4%  12.5 1096s
 304222 199273   63.00112  232  107   74.49994   63.00000  15.4%  12.5 1101s
 304404 201713   63.00000  232  106   74.49994   63.00000  15.4%  12.5 1108s
 308091 201818   65.50000  257   83   74.49994   63.00000  15.4%  12.5 1111s
 309011 202748   63.50000  277  102   74.49994   63.00000  15.4%  12.5 1116s
 309804 203507   65.00000  278   96   74.49994   63.00000  15.4%  12.5 1120s
 311577 203995   72.50000  262   89   74.49994   63.00000  15.4%  12.5 1126s
 312103 204469   63.66673  249  113   74.49994   63.00000  15.4%  12.5 1130s
 313544 205575   64.66667  363   99   74.49994   63.00000  15.4%  12.5 1135s
 314327 206552   65.33333  388   86   74.49994   63.00000  15.4%  12.5 1141s
 315337 208887   63.33333  252  119   74.49994   63.00000  15.4%  12.5 1150s
 319144 209474     cutoff  277        74.49994   63.00000  15.4%  12.5 1155s
 320295 210703 infeasible  278        74.49994   63.00000  15.4%  12.5 1160s
 322468 211582   71.33333  280  116   74.49994   63.00000  15.4%  12.5 1167s
H322923 211913                      74.4999369   63.00000  15.4%  12.5 1169s
 323220 212355     cutoff  289        74.49994   63.00000  15.4%  12.5 1170s
 324823 213508   71.83333  268   98   74.49994   63.00000  15.4%  12.5 1176s
 326276 214004     cutoff  333        74.49994   63.00000  15.4%  12.5 1180s
 327775 215315   66.66667  312   99   74.49994   63.00000  15.4%  12.5 1186s
 329263 215661   70.08333  383  104   74.49994   63.00000  15.4%  12.5 1191s
 330032 216192   64.70833  266  105   74.49994   63.00000  15.4%  12.5 1195s
 331045 217723   64.70833  272  109   74.49994   63.00000  15.4%  12.5 1201s
 332488 218278     cutoff  362        74.49994   63.00000  15.4%  12.5 1205s
 333818 218754   63.16667  288  120   74.49994   63.00000  15.4%  12.5 1212s
 334941 219251   68.91667  386   92   74.49994   63.00000  15.4%  12.5 1216s
 335797 219669   67.41667  334   99   74.49994   63.00000  15.4%  12.5 1220s
 337470 220531   67.33333  339   94   74.49994   63.00000  15.4%  12.5 1226s
 338618 221297   71.41667  310  111   74.49994   63.00000  15.4%  12.5 1231s
 339847 222397   71.16667  328   89   74.49994   63.00000  15.4%  12.5 1235s
 341379 223491   63.66667  300  113   74.49994   63.00000  15.4%  12.4 1241s
 342200 223879   63.66667  328   91   74.49994   63.00000  15.4%  12.4 1245s
 343575 225032   63.50000  280  110   74.49994   63.00000  15.4%  12.4 1250s
 344713 225761   69.16667  380   95   74.49994   63.00000  15.4%  12.5 1255s
 346425 226914   67.58333  361   96   74.49994   63.00000  15.4%  12.4 1261s
 347524 227938   64.16667  362   86   74.49994   63.00000  15.4%  12.4 1265s
 349576 229547   63.00000  313   88   74.49994   63.00000  15.4%  12.4 1270s
 351325 230521   63.00000  307   88   74.49994   63.00000  15.4%  12.4 1276s
 352240 230748   66.66667  352  118   74.49994   63.00000  15.4%  12.4 1280s
 353384 231412   71.50000  383  114   74.49994   63.00000  15.4%  12.4 1286s
 354343 232156   67.37500  308  106   74.49994   63.00000  15.4%  12.4 1290s
 356292 233078   63.00000  353   87   74.49994   63.00000  15.4%  12.4 1295s
 357394 235360   71.71875  364   85   74.49994   63.00000  15.4%  12.4 1305s
 361591 235617   64.58333  396   79   74.49994   63.00000  15.4%  12.4 1310s
 362999 236785   71.35117  349   95   74.49994   63.00000  15.4%  12.4 1316s
 363972 237147   64.16667  391   97   74.49994   63.00000  15.4%  12.4 1321s
 364770 237857 infeasible  410        74.49994   63.00000  15.4%  12.4 1326s
 366543 238492   70.50000  357   85   74.49994   63.00000  15.4%  12.4 1331s
 367439 239681   67.66667  422   86   74.49994   63.00000  15.4%  12.4 1335s
 369061 240483 infeasible  353        74.49994   63.00000  15.4%  12.4 1341s
 371351 241094   64.50000  382   99   74.49994   63.00000  15.4%  12.4 1346s
 372000 241484 infeasible  404        74.49994   63.00000  15.4%  12.4 1351s
 373153 241908 infeasible  407        74.49994   63.00000  15.4%  12.4 1355s
 374161 242739   68.33333  379   92   74.49994   63.00000  15.4%  12.4 1360s
 376204 243416   68.50000  462   83   74.49994   63.00000  15.4%  12.4 1365s
 377398 244506     cutoff  453        74.49994   63.00000  15.4%  12.4 1370s
 378925 246316   68.16667  395   87   74.49994   63.00000  15.4%  12.4 1377s
 380808 246489   65.50000  418   80   74.49994   63.00000  15.4%  12.4 1380s
 381709 247167   65.33333  418   97   74.49994   63.00000  15.4%  12.4 1385s
 383366 247842   68.16667  342  108   74.49994   63.00000  15.4%  12.4 1391s
 385037 249093   66.16667  281   86   74.49994   63.00000  15.4%  12.4 1395s
 386696 250216   66.16667  423   85   74.49994   63.00000  15.4%  12.4 1400s
 388254 250622   63.50000  363   96   74.49994   63.00000  15.4%  12.4 1406s
 389312 251637 infeasible  397        74.49994   63.00000  15.4%  12.4 1410s
 390786 252257     cutoff  429        74.49994   63.00000  15.4%  12.4 1415s
 391660 252678   63.00000  339  106   74.49994   63.00000  15.4%  12.4 1420s
 393534 253762 infeasible  379        74.49994   63.00000  15.4%  12.4 1426s
H394036 253762                      74.4999369   63.00000  15.4%  12.4 1426s
 395621 254864   65.66667  356  103   74.49994   63.00000  15.4%  12.4 1431s
 396193 255311   67.83333  358   99   74.49994   63.00000  15.4%  12.4 1435s
 397138 256011   65.66667  229   82   74.49994   63.00000  15.4%  12.4 1440s
 399548 256869 infeasible  413        74.49994   63.00000  15.4%  12.4 1446s
 399566 259080   70.33333  418   92   74.49994   63.00000  15.4%  12.4 1452s
 403888 259269   68.50000  425   96   74.49994   63.00000  15.4%  12.4 1456s
 404255 259784   64.33333  204  114   74.49994   63.00000  15.4%  12.4 1460s
 405400 260415 infeasible  365        74.49994   63.00000  15.4%  12.4 1465s
 406674 261048   64.83333  354  105   74.49994   63.00000  15.4%  12.4 1470s
H407452 261390                      74.4999368   63.00000  15.4%  12.4 1471s
 408277 262158   68.33333  372  108   74.49994   63.00000  15.4%  12.4 1476s
 408592 262363   73.33333  372   96   74.49994   63.00000  15.4%  12.4 1480s
 410336 263590   65.33333  264   94   74.49994   63.00000  15.4%  12.3 1486s
 412177 263807   63.33333  256   90   74.49994   63.00000  15.4%  12.3 1491s
 413282 264619   66.55556  275  102   74.49994   63.00000  15.4%  12.3 1496s
 413599 265205     cutoff  306        74.49994   63.00000  15.4%  12.3 1500s
 415049 265508   63.00000  256   89   74.49994   63.00000  15.4%  12.3 1505s
 417033 266573   68.66667  238   99   74.49994   63.00000  15.4%  12.3 1511s
 418734 267478     cutoff  293        74.49994   63.00000  15.4%  12.3 1517s
 419896 268380   63.00000  244   86   74.49994   63.00000  15.4%  12.3 1521s
 420517 268833   71.50000  332   94   74.49994   63.00000  15.4%  12.3 1525s
 422383 269394   67.00000  270  113   74.49994   63.00000  15.4%  12.3 1531s
 423702 270017   73.16667  306   95   74.49994   63.00000  15.4%  12.3 1536s
 425328 271355   65.00000  277   91   74.49994   63.00000  15.4%  12.3 1541s
 426622 271958   63.66667  285  106   74.49994   63.00000  15.4%  12.3 1546s
H427089 272054                      74.4999368   63.00000  15.4%  12.3 1548s
 427188 272251   70.33333  295  120   74.49994   63.00000  15.4%  12.3 1550s
 428423 273046   68.00000  283   89   74.49994   63.00000  15.4%  12.3 1555s
 429835 273802   64.16667  265   99   74.49994   63.00000  15.4%  12.3 1560s
 431117 274544   64.00000  255  108   74.49994   63.00000  15.4%  12.3 1566s
 432448 275711   71.66667  258  105   74.49994   63.00000  15.4%  12.3 1572s
 434471 276388     cutoff  296        74.49994   63.00000  15.4%  12.3 1577s
 435342 276909   67.01361  329   97   74.49994   63.00000  15.4%  12.3 1581s
 436467 277781   72.33333  339  106   74.49994   63.00000  15.4%  12.3 1586s
 437736 278443   65.00000  317   95   74.49994   63.00000  15.4%  12.3 1590s
 439726 279799   73.00000  306  113   74.49994   63.00000  15.4%  12.3 1596s
 441015 280480   65.83333  317  116   74.49994   63.00000  15.4%  12.3 1600s
 441819 280911   69.16667  389  114   74.49994   63.00000  15.4%  12.3 1605s
H442598 280911                      74.4999367   63.00000  15.4%  12.3 1605s
 443269 281628     cutoff  348        74.49994   63.00000  15.4%  12.3 1610s
 445026 282272   70.00000  347   97   74.49994   63.00000  15.4%  12.3 1616s
 446147 282746     cutoff  274        74.49994   63.00000  15.4%  12.3 1620s
 448066 283357   67.66667  318  107   74.49994   63.00000  15.4%  12.3 1626s
 448955 284452     cutoff  268        74.49994   63.00000  15.4%  12.3 1630s
 450809 285158   70.16667  349   98   74.49994   63.00000  15.4%  12.3 1636s
 452057 285440   63.33333  306  117   74.49994   63.00000  15.4%  12.3 1641s
 452929 285855 infeasible  386        74.49994   63.00000  15.4%  12.3 1645s
 454369 286302   72.00000  262  110   74.49994   63.00000  15.4%  12.3 1650s
 455071 286936   70.66667  274   98   74.49994   63.00000  15.4%  12.3 1655s
 456390 287228   73.37723  318   98   74.49994   63.00000  15.4%  12.3 1661s
 456974 287639   64.33333  272  111   74.49994   63.00000  15.4%  12.3 1665s
 458896 288601 infeasible  340        74.49994   63.00000  15.4%  12.3 1671s
 459709 289705   65.50000  278   82   74.49994   63.00000  15.4%  12.3 1675s
 461465 290516   73.00000  302  117   74.49994   63.00000  15.4%  12.3 1681s
 462310 291050   72.83333  306  108   74.49994   63.00000  15.4%  12.3 1685s
 464033 292660   65.00000  304   99   74.49994   63.00000  15.4%  12.3 1693s
 466732 292896   72.16667  304  112   74.49994   63.00000  15.4%  12.3 1696s
 467605 293514     cutoff  286        74.49994   63.00000  15.4%  12.3 1701s
 468926 293832   63.00000  272  113   74.49994   63.00000  15.4%  12.3 1705s
 470159 294465   65.00000  305  107   74.49994   63.00000  15.4%  12.3 1710s
 470683 295003   64.83333  310  112   74.49994   63.00000  15.4%  12.3 1715s
 472110 295543   64.66667  279  104   74.49994   63.00000  15.4%  12.3 1720s
H473700 296802                      74.4999367   63.00000  15.4%  12.3 1724s
 474072 297357   65.50000  278  104   74.49994   63.00000  15.4%  12.3 1726s
 475219 297931   64.50000  295  112   74.49994   63.00000  15.4%  12.3 1730s
 476122 298459   71.50000  335  116   74.49994   63.00000  15.4%  12.3 1735s
 477416 298935   70.16667  319  112   74.49994   63.00000  15.4%  12.3 1740s
 479010 300263   65.00000  337   92   74.49994   63.00000  15.4%  12.3 1747s
H480202 300650                      74.4999367   63.00000  15.4%  12.3 1749s
 480678 301248   66.83333  274  109   74.49994   63.00000  15.4%  12.3 1751s
 481676 301829   65.16667  285  108   74.49994   63.00000  15.4%  12.3 1757s
 482459 302336   65.16667  282  113   74.49994   63.00000  15.4%  12.3 1762s
 483460 302710 infeasible  317        74.49994   63.00000  15.4%  12.3 1766s
 484109 303113   72.00000  315  100   74.49994   63.00000  15.4%  12.3 1770s
 486478 303746   65.33333  340  101   74.49994   63.00000  15.4%  12.3 1776s
 487265 304870   63.33333  346   97   74.49994   63.00000  15.4%  12.3 1780s
 488743 305553   63.33333  272  102   74.49994   63.00000  15.4%  12.3 1785s
 489779 305973   67.16667  334   99   74.49994   63.00000  15.4%  12.3 1790s
 491228 307028 infeasible  438        74.49994   63.00000  15.4%  12.3 1796s
 492385 307783   64.50000  296  111   74.49994   63.00000  15.4%  12.3 1800s

Cutting planes:
  Learned: 28
  Gomory: 3
  Cover: 188
  Implied bound: 120
  Clique: 108
  MIR: 413
  StrongCG: 2
  Flow cover: 521
  GUB cover: 1
  RLT: 118
  Relax-and-lift: 447

Cleanup yields a better solution

Explored 492395 nodes (6045018 simplex iterations) in 1800.01 seconds
Thread count was 4 (of 32 available processors)

Solution count 10: 74.4999 74.5 74.5 ... 74.5

Time limit reached
Best objective 7.447569673961e+01, best bound 6.300000000000e+01, gap 15.4086%
