
Gurobi 9.1.2 (linux64) logging started Wed Aug  9 07:15:51 2023

Changed value of parameter LogFile to max-ls_r=('4', '6').log
   Prev:   Default: 
Changed value of parameter MIPFocus to 1
   Prev: 0  Min: 0  Max: 3  Default: 0
Changed value of parameter Threads to 32
   Prev: 0  Min: 0  Max: 1024  Default: 0
Changed value of parameter TimeLimit to 3600.0
   Prev: inf  Min: 0.0  Max: inf  Default: inf
Warning: variable name "X[('6', '6'),('7', '6')]" has a space
Warning: constraint name "flow-constr-t0-v('6', '3')" has a space
Warning: to let Gurobi read it back, use rlp format
Gurobi Optimizer version 9.1.2 build v9.1.2rc0 (linux64)
Thread count: 16 physical cores, 32 logical processors, using up to 32 threads
Optimize a model with 2931 rows, 2688 columns and 10256 nonzeros
Model fingerprint: 0x15eb7139
Variable types: 256 continuous, 2432 integer (2432 binary)
Coefficient statistics:
  Matrix range     [1e+00, 7e+04]
  Objective range  [2e-01, 2e-01]
  Bounds range     [1e+00, 3e+04]
  RHS range        [1e+00, 7e+04]
Presolve removed 423 rows and 432 columns
Presolve time: 0.07s
Presolved: 2508 rows, 2256 columns, 17017 nonzeros
Variable types: 256 continuous, 2000 integer (2000 binary)

Root relaxation: objective 6.400000e+01, 138 iterations, 0.00 seconds

    Nodes    |    Current Node    |     Objective Bounds      |     Work
 Expl Unexpl |  Obj  Depth IntInf | Incumbent    BestBd   Gap | It/Node Time

     0     0   64.00000    0   22          -   64.00000      -     -    0s
H    0     0                    4164.9999997   64.00000  98.5%     -    0s
H    0     0                     573.0000000   64.00000  88.8%     -    0s
H    0     0                     570.7500000   64.00000  88.8%     -    0s
     0     0   64.00000    0   51  570.75000   64.00000  88.8%     -    0s
H    0     0                     272.0625000   64.00000  76.5%     -    0s
H    0     0                     172.7500000   64.00000  63.0%     -    0s
H    0     0                     107.8333333   64.00000  40.6%     -    0s
H    0     0                     103.7500000   64.00000  38.3%     -    0s
     0     0   64.00000    0   54  103.75000   64.00000  38.3%     -    0s
H    0     0                      95.7500000   64.00000  33.2%     -    0s
     0     0   64.00000    0   25   95.75000   64.00000  33.2%     -    0s
H    0     0                      93.7500000   64.00000  31.7%     -    0s
     0     0   64.00000    0   29   93.75000   64.00000  31.7%     -    0s
H    0     0                      92.5000000   64.00000  30.8%     -    0s
     0     0   64.00000    0   36   92.50000   64.00000  30.8%     -    0s
H    0     0                      85.7500000   64.00000  25.4%     -    0s
     0     0   64.00000    0   42   85.75000   64.00000  25.4%     -    0s
H    0     0                      83.7500000   64.00000  23.6%     -    0s
     0     0   64.00000    0   22   83.75000   64.00000  23.6%     -    1s
H    0     0                      83.0000000   64.00000  22.9%     -    1s
H    0     0                      82.5000000   64.00000  22.4%     -    1s
     0     0   64.00000    0   32   82.50000   64.00000  22.4%     -    1s
     0     0   64.00000    0   28   82.50000   64.00000  22.4%     -    1s
H    0     0                      80.2500000   64.00000  20.2%     -    1s
     0     2   64.00000    0   28   80.25000   64.00000  20.2%     -    1s
H   31    62                      79.7500000   64.00000  19.7%  24.9    2s
H   37    62                      79.5000000   64.00000  19.5%  21.3    2s
H   95   126                      78.7500000   64.00000  18.7%  10.4    4s
H   96   126                      78.5000000   64.00000  18.5%  10.3    4s
H   97   126                      77.0000000   64.00000  16.9%  10.2    4s
   159   186   64.00000    9   34   77.00000   64.00000  16.9%   7.5    6s
H  161   186                      77.0000000   64.00000  16.9%   7.4    6s
H  164   186                      76.5000000   64.00000  16.3%   7.4    6s
H  183   186                      75.4999999   64.00000  15.2%   6.8    6s
H  196   218                      75.4999998   64.00000  15.2%   6.5    6s
H  204   218                      75.0000000   64.00000  14.7%   6.4    6s
H 1766  1687                      74.9999999   64.00000  14.7%   3.4    8s
H 1766  1687                      74.2500000   64.00000  13.8%   3.4    8s
H 1800  3853                      74.0000000   64.00000  13.5%   3.3    8s
H 1827  3853                      73.7045455   64.00000  13.2%   3.3    8s
H 2323  3853                      72.9545455   64.00000  12.3%   3.1    8s
  4225  3659   64.00000   70   36   72.95455   64.00000  12.3%   2.9   10s
H 4226  3650                      72.4285714   64.00000  11.6%   2.9   10s
H 4231  3641                      72.2500000   64.00000  11.4%   2.9   10s
H 4234  3635                      72.0000000   64.00000  11.1%   2.9   10s
H 4254  3635                      71.5000000   64.00000  10.5%   2.9   10s
H 4264  3447                      71.0000000   64.00000  9.86%   2.9   10s
H 4270  3278                      70.9999997   64.00000  9.86%   2.9   11s
H 4272  3115                      69.3750000   64.00000  7.75%   2.9   12s
H 4313  3005                      69.1250000   64.00000  7.41%   6.5   13s
H 4333  2850                      69.0000000   64.00000  7.25%   6.6   13s
  4367  2897   64.00000   20   52   69.00000   64.00000  7.25%   6.8   16s
  4781  3149   64.00000   26   51   69.00000   64.00000  7.25%   7.3   21s
H 6166  3843                      69.0000000   64.00000  7.25%   7.8   23s
  6195  3863   64.00000   45   35   69.00000   64.00000  7.25%   7.8   25s
H 6197  3729                      69.0000000   64.00000  7.25%   7.8   25s
 12105  7498   64.00000  133   39   69.00000   64.00000  7.25%   8.0   31s
H17721 11472                      69.0000000   64.00000  7.25%   8.2   34s
 17747 15129   68.50000  242   39   69.00000   64.00000  7.25%   8.2   35s
H18061 15129                      68.9999999   64.00000  7.25%   8.2   35s
H18973 15129                      68.9999998   64.00000  7.25%   8.3   35s
H22321 15155                      68.9999997   64.00000  7.25%   8.3   37s
H22324 15155                      68.9999997   64.00000  7.25%   8.3   37s
H22325 15155                      68.9999997   64.00000  7.25%   8.3   37s
H22327 15155                      68.9999996   64.00000  7.25%   8.3   37s
H22332 13538                      68.2500000   64.00000  6.23%   8.3   37s
H22818 16118                      68.0000000   64.00000  5.88%   8.4   38s
 26594 17870   64.00000  136   40   68.00000   64.00000  5.88%   8.5   40s
H29548 18230                      67.9999998   64.00000  5.88%   8.7   44s
H29916 27349                      67.9999996   64.00000  5.88%   8.7   47s
 51034 32378   65.25000  150   54   68.00000   64.00000  5.88%   9.0   51s
H57003 36805                      67.9999994   64.00000  5.88%   9.0   54s
 57014 36829   64.00000  178   38   68.00000   64.00000  5.88%   9.0   56s
H57023 36829                      67.9999926   64.00000  5.88%   9.0   56s
 61693 42280   64.50000  262   39   67.99999   64.00000  5.88%   9.0   60s
 91432 71553   67.00000  154   42   67.99999   64.00000  5.88%   9.1   68s
 109947 71575   67.00000  198   34   67.99999   64.00000  5.88%   9.1   71s
 110840 72411   67.00000  211   27   67.99999   64.00000  5.88%   9.2   75s
 117500 80372   64.25000  151   54   67.99999   64.00000  5.88%   9.2   80s
 126106 91017   64.75000  182   43   67.99999   64.00000  5.88%   9.3   88s
 140942 99873 infeasible  174        67.99999   64.00000  5.88%   9.4   91s
 160360 113541   66.00000  191   44   67.99999   64.00000  5.88%   9.5   97s
 178959 113570   64.50000  182   46   67.99999   64.00000  5.88%   9.6  101s
 185541 120621   65.75000  201   59   67.99999   64.00000  5.88%   9.6  106s
 196827 132094     cutoff  212        67.99999   64.00000  5.88%   9.6  110s
 212531 132115   67.00000  160   45   67.99999   64.00000  5.88%   9.7  115s
 219248 138338   64.00000  172   38   67.99999   64.00000  5.88%   9.7  120s
 225318 156068   64.00000  169   32   67.99999   64.00000  5.88%   9.7  128s
 257350 156090   64.00000  171   32   67.99999   64.00000  5.88%   9.8  133s
 257391 174137   64.00000  172   30   67.99999   64.00000  5.88%   9.8  139s
 289423 174151   64.75000  187   40   67.99999   64.00000  5.88%   9.9  144s
 289470 192522   64.75000  187   53   67.99999   64.00000  5.88%   9.9  149s
 307488 192522     cutoff  183        67.99999   64.00000  5.88%   9.9  150s
 322736 210926   67.75000  186   41   67.99999   64.00000  5.88%   9.9  159s
 351533 210926   66.00000  180   37   67.99999   64.00000  5.88%   9.9  160s
 353958 229058   67.75000  170   37   67.99999   64.00000  5.88%   9.9  171s
 387581 244173     cutoff  177        67.99999   64.00000  5.88%   9.8  179s
 418422 244198 infeasible  245        67.99999   64.00000  5.88%   9.8  184s
 418461 258029     cutoff  244        67.99999   64.00000  5.88%   9.8  189s
 450493 258262   64.75000  165   41   67.99999   64.00000  5.88%   9.8  191s
 451023 269470   64.75000  173   46   67.99999   64.00000  5.88%   9.8  199s
 483055 269580   64.00000  282   43   67.99999   64.00000  5.88%   9.7  202s
 483359 280141   64.00000  283   40   67.99999   64.00000  5.88%   9.7  209s
 515391 280429 infeasible  225        67.99999   64.00000  5.88%   9.7  212s
 516101 290783   65.00000  223   20   67.99999   64.00000  5.88%   9.7  217s
 548133 290797     cutoff  244        67.99999   64.00000  5.88%   9.7  222s
 548179 300917   65.25000  244   22   67.99999   64.00000  5.88%   9.7  228s
 580211 300962   64.00000  229   20   67.99999   64.00000  5.88%   9.7  231s
 580373 311607   64.50000  230   20   67.99999   64.00000  5.88%   9.7  239s
 612405 311674     cutoff  287        67.99999   64.00000  5.88%   9.7  242s
 612751 322185     cutoff  308        67.99999   64.00000  5.88%   9.7  250s
 645014 331835   66.25000  302   17   67.99999   64.00000  5.88%   9.8  258s
 677046 331852   66.50000  294   46   67.99999   64.00000  5.88%   9.8  263s
 677090 341986   67.50000  295   53   67.99999   64.00000  5.88%   9.8  268s
 709122 342006   64.25000  235   19   67.99999   64.00000  5.88%   9.8  272s
 709165 351710   64.00000  235   19   67.99999   64.00000  5.88%   9.8  280s
 741473 362609   64.00000  255   16   67.99999   64.00000  5.88%   9.8  292s
 773505 362685     cutoff  257        67.99999   64.00000  5.88%   9.8  295s
 773613 372997   64.75000  258   30   67.99999   64.00000  5.88%   9.8  302s
 805645 373130   64.25000  306   28   67.99999   64.00000  5.88%   9.9  305s
 806028 383552   64.00000  306   16   67.99999   64.00000  5.88%   9.9  311s
 838060 383568   64.50000  279   28   67.99999   64.00000  5.88%   9.9  316s
 838105 394037   64.50000  280   26   67.99999   64.00000  5.88%   9.9  322s
 870137 394091   67.50000  335   38   67.99999   64.00000  5.88%  10.0  325s
 870259 405187   67.57895  336   56   67.99999   64.00000  5.88%  10.0  333s
 902291 405223   65.00000  315   33   67.99999   64.00000  5.88%  10.0  336s
 902397 415905   65.00000  312   30   67.99999   64.00000  5.88%  10.0  344s
 918413 415905   64.00000  285   28   67.99999   64.00000  5.88%  10.0  345s
 934516 425456   64.00000  246   21   67.99999   64.00000  5.88%  10.0  353s
 966548 425475   64.00000  261   35   67.99999   64.00000  5.88%  10.0  358s
 966591 437739   65.50000  262   38   67.99999   64.00000  5.88%  10.0  364s
 998623 437754   65.25000  263   16   67.99999   64.00000  5.88%  10.1  366s
 998677 451018   66.25000  264   14   67.99999   64.00000  5.88%  10.1  375s
 1030755 463076   67.00000  328   44   67.99999   64.00000  5.88%  10.1  387s
 1062787 463085   64.00000  278   33   67.99999   64.00000  5.88%  10.1  390s
 1062843 474709   64.00000  279   33   67.99999   64.00000  5.88%  10.1  398s
 1094875 474754     cutoff  286        67.99999   64.00000  5.88%  10.2  401s
 1094995 487556   66.25000  284   29   67.99999   64.00000  5.88%  10.2  408s
 1127027 487575   64.00000  311   39   67.99999   64.00000  5.88%  10.2  413s
 1127072 499190   64.00000  312   37   67.99999   64.00000  5.88%  10.2  419s
 1158103 499190   64.00277  291   29   67.99999   64.00000  5.88%  10.2  420s
 1159199 510738   65.75000  304   25   67.99999   64.00000  5.88%  10.2  431s
 1191231 510757     cutoff  239        67.99999   64.00000  5.88%  10.2  437s
 1191275 523469     cutoff  239        67.99999   64.00000  5.88%  10.2  443s
 1223307 523483   67.75000  297   57   67.99999   64.00000  5.88%  10.3  449s
 1223355 534659   67.75000  298   57   67.99999   64.00000  5.88%  10.3  454s
 1232364 534659     cutoff  317        67.99999   64.00000  5.88%  10.3  455s
 1255430 546708     cutoff  292        67.99999   64.00000  5.88%  10.3  466s
 1287508 559406     cutoff  325        67.99999   64.00000  5.88%  10.3  475s
 1319540 559421   64.00000  302   30   67.99999   64.00000  5.88%  10.3  481s
 1319588 572407   64.00000  303   30   67.99999   64.00000  5.88%  10.3  487s
 1351620 572425   67.33051  290   40   67.99999   64.00000  5.88%  10.4  491s
 1351665 585282   67.78289  291   36   67.99999   64.00000  5.88%  10.4  500s
 1383742 597993   64.75000  292   40   67.99999   64.00000  5.88%  10.4  509s
 1415774 598006   65.00000  378   47   67.99999   64.00000  5.88%  10.4  515s
 1415820 610302   66.00000  379   49   67.99999   64.00000  5.88%  10.4  520s
 1447891 622170     cutoff  282        67.99999   64.00000  5.88%  10.4  531s
 1479959 635400 infeasible  339        67.99999   64.00000  5.88%  10.5  546s
 1512050 647970   65.50000  294   26   67.99999   64.00000  5.88%  10.5  556s
 1544082 647985   67.50000  293   25   67.99999   64.00000  5.88%  10.5  561s
 1544127 660425   67.50000  294   25   67.99999   64.00000  5.88%  10.5  567s
 1576159 660452   64.25000  331   37   67.99999   64.00000  5.88%  10.5  570s
 1576245 673594   64.25000  332   36   67.99999   64.00000  5.88%  10.5  579s
 1608277 673630     cutoff  312        67.99999   64.00000  5.88%  10.5  581s
 1608373 686539   66.65276  311   40   67.99999   64.00000  5.88%  10.5  589s
 1610375 686539   64.00000  338   43   67.99999   64.00000  5.88%  10.5  590s
 1640524 699523   67.00000  338   44   67.99999   64.00000  5.88%  10.6  598s
 1672556 699540   67.00000  269   44   67.99999   64.00000  5.88%  10.6  604s
 1672602 712312   67.50000  270   44   67.99999   64.00000  5.88%  10.6  610s
 1704742 724664   66.25000  293   32   67.99999   64.00000  5.88%  10.6  622s
 1736774 724688   65.50000  335   34   67.99999   64.00000  5.88%  10.6  625s
 1736859 737551   66.50000  336   42   67.99999   64.00000  5.88%  10.6  634s
 1768891 737574   65.50000  333   24   67.99999   64.00000  5.88%  10.6  637s
 1768930 749612   65.50000  334   22   67.99999   64.00000  5.88%  10.6  643s
 1800962 749619   65.50000  343   38   67.99999   64.00000  5.88%  10.7  648s
 1801017 762288   65.57895  342   48   67.99999   64.00000  5.88%  10.7  655s
 1833099 775171   64.00000  298   31   67.99999   64.00000  5.88%  10.7  668s
 1865131 775187   67.00000  320   36   67.99999   64.00000  5.88%  10.7  671s
 1865177 788376   67.00000  321   39   67.99999   64.00000  5.88%  10.7  680s
 1897263 799566     cutoff  345        67.99999   64.00000  5.88%  10.7  692s
 1929295 799586   65.50000  308   28   67.99999   64.00000  5.88%  10.8  695s
 1929350 811148     cutoff  310        67.99999   64.00000  5.88%  10.8  701s
 1961382 811161     cutoff  323        67.99999   64.00000  5.88%  10.8  707s
 1961430 821665   66.00000  323   21   67.99999   64.00000  5.88%  10.8  713s
 1993462 821703     cutoff  352        67.99999   64.00000  5.88%  10.8  715s
 1993569 832274   66.50000  351   33   67.99999   64.00000  5.88%  10.8  724s
 2025601 832290   64.25000  332   25   67.99999   64.00000  5.88%  10.8  727s
 2025715 842751   64.00000  333   25   67.99999   64.00000  5.88%  10.8  735s
 2057800 853601   66.50000  342   24   67.99999   64.00000  5.88%  10.8  745s
 2089832 853614   67.28025  332   40   67.99999   64.00000  5.88%  10.9  750s
 2089875 864026     cutoff  333        67.99999   64.00000  5.88%  10.9  757s
 2121907 864036     cutoff  329        67.99999   64.00000  5.88%  10.9  764s
 2121957 875153   67.75000  326   41   67.99999   64.00000  5.88%  10.9  770s
 2154039 886526     cutoff  333        67.99999   64.00000  5.88%  10.9  782s
 2186071 886523     cutoff  339        67.99999   64.00000  5.88%  10.9  785s
 2186133 896975   67.27632  343   31   67.99999   64.00000  5.88%  10.9  794s
 2218165 896981     cutoff  333        67.99999   64.00000  5.88%  10.9  797s
 2218219 908554   64.00000  304   47   67.99999   64.00000  5.88%  10.9  805s
 2250297 920000   66.25000  329   20   67.99999   64.00000  5.88%  10.9  814s
 2282329 920013   67.50000  372   26   67.99999   64.00000  5.88%  10.9  819s
 2282373 930372     cutoff  373        67.99999   64.00000  5.88%  10.9  826s
 2314405 930389   64.50000  350   39   67.99999   64.00000  5.88%  11.0  830s
 2314449 940210   64.50000  351   37   67.99999   64.00000  5.88%  11.0  839s
 2346481 940213     cutoff  358        67.99999   64.00000  5.88%  11.0  842s
 2346537 950727   67.25000  357   33   67.99999   64.00000  5.88%  11.0  851s
 2378650 962434   65.50000  314   27   67.99999   64.00000  5.88%  11.0  862s
 2410682 962452     cutoff  328        67.99999   64.00000  5.88%  11.0  865s
 2410743 972988     cutoff  327        67.99999   64.00000  5.88%  11.0  872s
 2442775 973007     cutoff  314        67.99999   64.00000  5.88%  11.0  879s
 2442815 985090   64.00000  280   32   67.99999   64.00000  5.88%  11.0  885s
 2474847 985090 infeasible  325        67.99999   64.00000  5.88%  11.0  891s
 2474909 996178   65.04605  323   34   67.99999   64.00000  5.88%  11.0  898s
 2506941 996199 infeasible  340        67.99999   64.00000  5.88%  11.0  903s
 2506983 1006237     cutoff  340        67.99999   64.00000  5.88%  11.0  909s
 2520997 1006237     cutoff  320        67.99999   64.00000  5.88%  11.0  910s
 2539148 1016472   65.25000  312   25   67.99999   64.00000  5.88%  11.0  921s
 2571230 1027463     cutoff  272        67.99999   64.00000  5.88%  11.1  934s
 2603262 1027491   67.25000  343   23   67.99999   64.00000  5.88%  11.1  937s
 2603378 1039184     cutoff  344        67.99999   64.00000  5.88%  11.1  943s
 2635410 1039202     cutoff  379        67.99999   64.00000  5.88%  11.1  949s
 2635453 1050174   66.75000  378   40   67.99999   64.00000  5.88%  11.1  955s
 2667485 1050192   67.25000  355   40   67.99999   64.00000  5.88%  11.1  961s
 2667531 1062197     cutoff  356        67.99999   64.00000  5.88%  11.1  968s
 2699563 1062206   67.75000  352   30   67.99999   64.00000  5.88%  11.1  971s
 2699631 1072718     cutoff  353        67.99999   64.00000  5.88%  11.1  979s
 2718650 1072718   66.75000  311   40   67.99999   64.00000  5.88%  11.1  980s
 2731764 1084273   64.25000  328   29   67.99999   64.00000  5.88%  11.1  994s
 2763796 1084288   64.75000  344   18   67.99999   64.00000  5.88%  11.1  997s
 2763843 1096108   65.00000  345   17   67.99999   64.00000  5.88%  11.1 1005s
 2795920 1107445   64.87500  369   30   67.99999   64.00000  5.88%  11.1 1018s
 2827952 1107455     cutoff  358        67.99999   64.00000  5.88%  11.1 1021s
 2828005 1119495   66.50000  359   32   67.99999   64.00000  5.88%  11.1 1029s
 2849026 1119495   64.00000  327   22   67.99999   64.00000  5.88%  11.1 1030s
 2860118 1130661 infeasible  307        67.99999   64.00000  5.88%  11.1 1039s
 2892150 1130672   64.00000  192   23   67.99999   64.00000  5.88%  11.1 1045s
 2892199 1140988   64.00000  193   27   67.99999   64.00000  5.88%  11.1 1051s
 2924344 1151624   65.62499  341   41   67.99999   64.00000  5.88%  11.2 1063s
 2956376 1151639     cutoff  325        67.99999   64.00000  5.88%  11.2 1066s
 2956421 1162187   66.75000  324   23   67.99999   64.00000  5.88%  11.2 1075s
 2988499 1173821   64.00000  331   34   67.99999   64.00000  5.88%  11.2 1088s
 3020531 1173839     cutoff  360        67.99999   64.00000  5.88%  11.2 1091s
 3020627 1185262     cutoff  360        67.99999   64.00000  5.88%  11.2 1099s
 3047654 1185262     cutoff  333        67.99999   64.00000  5.88%  11.2 1100s
 3052704 1195898   67.25000  346   34   67.99999   64.00000  5.88%  11.2 1111s
 3084736 1195910   66.50000  362   38   67.99999   64.00000  5.88%  11.2 1116s
 3084784 1207224   66.50000  363   38   67.99999   64.00000  5.88%  11.2 1123s
 3116816 1207275     cutoff  376        67.99999   64.00000  5.88%  11.2 1126s
 3116937 1217772     cutoff  375        67.99999   64.00000  5.88%  11.2 1134s
 3148969 1217781     cutoff  368        67.99999   64.00000  5.88%  11.2 1140s
 3149021 1226436   67.25000  366   32   67.99999   64.00000  5.88%  11.2 1146s
 3181053 1226461   66.25000  388   24   67.99999   64.00000  5.88%  11.2 1152s
 3181091 1237305   67.50000  389   24   67.99999   64.00000  5.88%  11.2 1159s
 3203113 1237305   65.75000  398   30   67.99999   64.00000  5.88%  11.2 1160s
 3213168 1247457   67.75000  382   54   67.99999   64.00000  5.88%  11.2 1174s
 3245200 1247470   64.50000  360   22   67.99999   64.00000  5.88%  11.2 1177s
 3245250 1256500     cutoff  359        67.99999   64.00000  5.88%  11.2 1186s
 3277282 1256519   66.00000  339   31   67.99999   64.00000  5.88%  11.2 1190s
 3277323 1265348   66.62500  340   31   67.99999   64.00000  5.88%  11.2 1197s
 3309355 1265358   65.75000  398   30   67.99999   64.00000  5.88%  11.2 1202s
 3309408 1275593   65.75000  399   30   67.99999   64.00000  5.88%  11.2 1209s
 3341440 1275602     cutoff  365        67.99999   64.00000  5.88%  11.2 1213s
 3341518 1285480     cutoff  367        67.99999   64.00000  5.88%  11.2 1223s
 3373550 1285496   64.00000  198   36   67.99999   64.00000  5.88%  11.3 1226s
 3373596 1295581   64.00000  199   36   67.99999   64.00000  5.88%  11.3 1235s
 3405815 1305816   65.26974  364   42   67.99999   64.00000  5.88%  11.3 1245s
 3437847 1305812     cutoff  322        67.99999   64.00000  5.88%  11.3 1251s
 3437909 1315687   64.50000  323   24   67.99999   64.00000  5.88%  11.3 1257s
 3469941 1315696   65.25000  404   40   67.99999   64.00000  5.88%  11.3 1262s
 3469995 1324533   65.25000  404   37   67.99999   64.00000  5.88%  11.3 1271s
 3502069 1333881   66.50000  345   34   67.99999   64.00000  5.88%  11.3 1283s
 3534101 1333897   64.75000  359   22   67.99999   64.00000  5.88%  11.3 1286s
 3534172 1342705   65.75000  360   20   67.99999   64.00000  5.88%  11.3 1295s
 3566255 1351262   64.00000  178   26   67.99999   64.00000  5.88%  11.3 1304s
 3598287 1351275 infeasible  274        67.99999   64.00000  5.88%  11.3 1310s
 3598334 1360187   65.00000  317   16   67.99999   64.00000  5.88%  11.3 1317s
 3630366 1360201   66.50000  343   48   67.99999   64.00000  5.88%  11.3 1323s
 3630415 1369293   66.50000  344   44   67.99999   64.00000  5.88%  11.3 1329s
 3662447 1369289   65.75000  367   31   67.99999   64.00000  5.88%  11.3 1332s
 3662510 1379454   65.87499  368   27   67.99999   64.00000  5.88%  11.3 1342s
 3694604 1389098   65.50000  371   39   67.99999   64.00000  5.88%  11.3 1353s
 3726636 1389088   66.75000  341   32   67.99999   64.00000  5.88%  11.3 1357s
 3726728 1398872     cutoff  342        67.99999   64.00000  5.88%  11.3 1369s
 3758760 1398881     cutoff  401        67.99999   64.00000  5.88%  11.3 1373s
 3758807 1407801   66.00000  399   30   67.99999   64.00000  5.88%  11.3 1381s
 3790839 1407805   65.50000  384   24   67.99999   64.00000  5.88%  11.4 1385s
 3790895 1417352     cutoff  385        67.99999   64.00000  5.88%  11.4 1394s
 3822927 1417381   67.18860  404   38   67.99999   64.00000  5.88%  11.4 1396s
 3823006 1426115     cutoff  405        67.99999   64.00000  5.88%  11.4 1403s
 3855038 1426125   66.65276  341   35   67.99999   64.00000  5.88%  11.4 1408s
 3855090 1434148 infeasible  341        67.99999   64.00000  5.88%  11.4 1415s
 3887174 1442754   65.50000  373   19   67.99999   64.00000  5.88%  11.4 1427s
 3919206 1442789   64.00000  375   20   67.99999   64.00000  5.88%  11.4 1430s
 3919322 1452118   64.25000  376   43   67.99999   64.00000  5.88%  11.4 1439s
 3951354 1452124     cutoff  366        67.99999   64.00000  5.88%  11.4 1442s
 3951431 1460347   65.00000  362   24   67.99999   64.00000  5.88%  11.4 1450s
 3983561 1468700     cutoff  376        67.99999   64.00000  5.88%  11.4 1460s
 4015593 1468716   64.88620  402   46   67.99999   64.00000  5.88%  11.4 1466s
 4015639 1477648   64.88620  403   47   67.99999   64.00000  5.88%  11.4 1475s
 4047737 1486129   64.00000  372   16   67.99999   64.00000  5.88%  11.4 1486s
 4079915 1497288   66.25000  371   29   67.99999   64.00000  5.88%  11.4 1499s
 4111947 1497320   64.00000  194   36   67.99999   64.00000  5.88%  11.4 1502s
 4112053 1511458   64.00000  195   44   67.99999   64.00000  5.88%  11.4 1511s
 4144184 1523646   67.75000  296   35   67.99999   64.00000  5.88%  11.4 1523s
 4176216 1523661   65.50000  354   26   67.99999   64.00000  5.88%  11.4 1526s
 4176265 1535248   65.50000  355   24   67.99999   64.00000  5.88%  11.4 1532s
 4208297 1535260   66.00000  298   33   67.99999   64.00000  5.88%  11.4 1538s
 4208349 1548071     cutoff  299        67.99999   64.00000  5.88%  11.4 1544s
 4240381 1548089   67.02632  349   33   67.99999   64.00000  5.88%  11.4 1549s
 4240427 1559767   67.12500  350   30   67.99999   64.00000  5.88%  11.4 1557s
 4272459 1559782   66.00000  392   21   67.99999   64.00000  5.88%  11.4 1560s
 4272551 1573611     cutoff  393        67.99999   64.00000  5.88%  11.4 1570s
 4304631 1586143   65.00000  287   46   67.99999   64.00000  5.88%  11.4 1585s
 4336728 1597364   67.00000  320   19   67.99999   64.00000  5.88%  11.4 1597s
 4368760 1597367   66.00000  354   41   67.99999   64.00000  5.88%  11.4 1600s
 4368812 1608637   66.25000  355   47   67.99999   64.00000  5.88%  11.4 1609s
 4400844 1608708   64.75000  333   43   67.99999   64.00000  5.88%  11.4 1612s
 4400961 1621720   64.75000  334   43   67.99999   64.00000  5.88%  11.4 1618s
 4432993 1621731   66.00000  273   34   67.99999   64.00000  5.88%  11.4 1624s
 4433043 1634998     cutoff  274        67.99999   64.00000  5.88%  11.4 1630s
 4465132 1648351   65.87500  272   34   67.99999   64.00000  5.88%  11.4 1641s
 4497239 1662263     cutoff  329        67.99999   64.00000  5.88%  11.4 1653s
 4529271 1662290   67.75000  268   37   67.99999   64.00000  5.88%  11.4 1656s
 4529304 1675613     cutoff  269        67.99999   64.00000  5.88%  11.4 1662s
 4561336 1675636   64.75000  272   32   67.99999   64.00000  5.88%  11.4 1668s
 4561375 1688719   65.75000  273   34   67.99999   64.00000  5.88%  11.4 1674s
 4593407 1688758   66.50000  184   35   67.99999   64.00000  5.88%  11.4 1677s
 4593476 1703246   67.75000  185   33   67.99999   64.00000  5.88%  11.4 1685s
 4625592 1716269     cutoff  293        67.99999   64.00000  5.88%  11.4 1700s
 4657670 1730224     cutoff  322        67.99999   64.00000  5.88%  11.4 1712s
 4689702 1730282   66.51316  362   35   67.99999   64.00000  5.88%  11.4 1715s
 4689869 1744886   66.51316  363   35   67.99999   64.00000  5.88%  11.4 1721s
 4721901 1744893 infeasible  328        67.99999   64.00000  5.88%  11.4 1727s
 4721952 1757952     cutoff  327        67.99999   64.00000  5.88%  11.4 1733s
 4753984 1757970   66.50000  296   32   67.99999   64.00000  5.88%  11.4 1736s
 4754030 1771856   66.50000  297   30   67.99999   64.00000  5.88%  11.4 1745s
 4786216 1783818   67.75000  245   26   67.99999   64.00000  5.88%  11.4 1756s
 4818248 1783842   66.00000  258   23   67.99999   64.00000  5.88%  11.4 1760s
 4818287 1794996   66.00000  259   22   67.99999   64.00000  5.88%  11.4 1766s
 4850319 1795018   67.75000  304   43   67.99999   64.00000  5.88%  11.4 1771s
 4850360 1807754     cutoff  305        67.99999   64.00000  5.88%  11.4 1778s
 4882392 1807774   67.00000  325   39   67.99999   64.00000  5.88%  11.4 1781s
 4882433 1818224   67.00000  326   38   67.99999   64.00000  5.88%  11.4 1790s
 4914530 1829441   67.00000  331   31   67.99999   64.00000  5.88%  11.4 1802s
 4946562 1829464   66.37500  279   26   67.99999   64.00000  5.88%  11.4 1806s
 4946601 1840742     cutoff  280        67.99999   64.00000  5.88%  11.4 1812s
 4978633 1840751     cutoff  378        67.99999   64.00000  5.88%  11.4 1818s
 4978684 1851646     cutoff  377        67.99999   64.00000  5.88%  11.4 1824s
 5010716 1851662     cutoff  325        67.99999   64.00000  5.88%  11.4 1829s
 5010760 1862502   66.12500  325   33   67.99999   64.00000  5.88%  11.4 1836s
 5042839 1873454   64.00000  183   39   67.99999   64.00000  5.88%  11.4 1848s
 5074871 1873573     cutoff  397        67.99999   64.00000  5.88%  11.4 1851s
 5075145 1885048     cutoff  398        67.99999   64.00000  5.88%  11.4 1859s
 5078148 1885048   66.75000  361   32   67.99999   64.00000  5.88%  11.4 1860s
 5107255 1894571   67.00000  375   29   67.99999   64.00000  5.88%  11.4 1868s
 5139287 1894585   66.00000  385   33   67.99999   64.00000  5.88%  11.4 1874s
 5139335 1904433   67.00000  386   33   67.99999   64.00000  5.88%  11.4 1880s
 5171415 1914630   66.00000  356   23   67.99999   64.00000  5.88%  11.4 1891s
 5203502 1925778   66.00000  368   32   67.99999   64.00000  5.88%  11.4 1903s
 5235534 1925903   64.00000  205   22   67.99999   64.00000  5.88%  11.4 1905s
 5235807 1935310     cutoff  206        67.99999   64.00000  5.88%  11.4 1911s
 5267839 1935321   66.50000  364   27   67.99999   64.00000  5.88%  11.4 1918s
 5267887 1944660   66.50000  365   30   67.99999   64.00000  5.88%  11.4 1924s
 5299919 1944680   64.75000  375   22   67.99999   64.00000  5.88%  11.4 1930s
 5299961 1956622   64.75000  376   22   67.99999   64.00000  5.88%  11.4 1936s
 5332047 1967187   67.75000  323   40   67.99999   64.00000  5.88%  11.4 1947s
 5364079 1967208   64.00000  285   23   67.99999   64.00000  5.88%  11.4 1950s
 5364124 1976779   64.50000  286   21   67.99999   64.00000  5.88%  11.4 1959s
 5396156 1976797     cutoff  362        67.99999   64.00000  5.88%  11.4 1962s
 5396237 1987686   65.75000  361   26   67.99999   64.00000  5.88%  11.4 1968s
 5428269 1987698     cutoff  384        67.99999   64.00000  5.88%  11.4 1974s
 5428315 1997634     cutoff  385        67.99999   64.00000  5.88%  11.4 1980s
 5460407 2007522     cutoff  368        67.99999   64.00000  5.88%  11.4 1991s
 5492543 2017202     cutoff  365        67.99999   64.00000  5.88%  11.4 2003s
 5524575 2017214   66.50000  379   28   67.99999   64.00000  5.88%  11.4 2005s
 5524650 2026821     cutoff  380        67.99999   64.00000  5.88%  11.4 2012s
 5556682 2026836     cutoff  343        67.99999   64.00000  5.88%  11.4 2017s
 5556723 2037490   65.25000  341   40   67.99999   64.00000  5.88%  11.4 2023s
 5588755 2037505   65.75000  388   34   67.99999   64.00000  5.88%  11.4 2026s
 5588802 2048997   65.75000  389   32   67.99999   64.00000  5.88%  11.4 2036s
 5620884 2060637   65.50000  316   38   67.99999   64.00000  5.88%  11.4 2047s
 5652916 2060645     cutoff  347        67.99999   64.00000  5.88%  11.4 2050s
 5652970 2071789   66.61842  345   53   67.99999   64.00000  5.88%  11.4 2059s
 5685002 2071791   65.00000  377   40   67.99999   64.00000  5.88%  11.4 2064s
 5685061 2081671     cutoff  378        67.99999   64.00000  5.88%  11.4 2070s
 5717142 2091171   67.50000  330   39   67.99999   64.00000  5.88%  11.4 2081s
 5749222 2100602   66.75000  348   33   67.99999   64.00000  5.88%  11.4 2093s
 5781254 2100677     cutoff  370        67.99999   64.00000  5.88%  11.4 2096s
 5781442 2111801   65.50000  366   27   67.99999   64.00000  5.88%  11.4 2102s
 5813474 2111818     cutoff  349        67.99999   64.00000  5.88%  11.4 2108s
 5813521 2120927   66.75000  349   32   67.99999   64.00000  5.88%  11.4 2114s
 5827535 2120927     cutoff  332        67.99999   64.00000  5.88%  11.4 2115s
 5845601 2129866   64.50000  340   23   67.99999   64.00000  5.88%  11.4 2126s
 5877730 2138939   64.50000  370   33   67.99999   64.00000  5.88%  11.4 2134s
 5909762 2138949     cutoff  316        67.99999   64.00000  5.88%  11.4 2140s
 5909815 2148425   67.25000  315   28   67.99999   64.00000  5.88%  11.4 2146s
 5941900 2158439     cutoff  206        67.99999   64.00000  5.88%  11.4 2158s
 5973932 2158454   65.25000  350   38   67.99999   64.00000  5.88%  11.4 2161s
 5973979 2167718   67.25000  351   40   67.99999   64.00000  5.88%  11.4 2170s
 6006011 2167720   66.10714  378   31   67.99999   64.00000  5.88%  11.4 2176s
 6006069 2178396     cutoff  379        67.99999   64.00000  5.88%  11.4 2182s
 6038101 2178413   66.00000  354   36   67.99999   64.00000  5.88%  11.4 2188s
 6038146 2188452   66.00000  355   34   67.99999   64.00000  5.88%  11.4 2194s
 6070178 2188456     cutoff  379        67.99999   64.00000  5.88%  11.4 2198s
 6070261 2199237   67.00000  379   33   67.99999   64.00000  5.88%  11.4 2207s
 6102293 2199243     cutoff  352        67.99999   64.00000  5.88%  11.4 2210s
 6102350 2208660     cutoff  353        67.99999   64.00000  5.88%  11.4 2216s
 6134382 2208680     cutoff  388        67.99999   64.00000  5.88%  11.4 2221s
 6134425 2220108     cutoff  388        67.99999   64.00000  5.88%  11.4 2228s
 6166457 2220134   64.50000  233   36   67.99999   64.00000  5.88%  11.4 2231s
 6166493 2230869   64.50000  234   40   67.99999   64.00000  5.88%  11.4 2243s
 6198525 2230883     cutoff  343        67.99999   64.00000  5.88%  11.4 2246s
 6198573 2241612   67.50000  343   24   67.99999   64.00000  5.88%  11.4 2255s
 6230689 2252652   65.25000  236   44   67.99999   64.00000  5.88%  11.4 2264s
 6231690 2252652     cutoff  336        67.99999   64.00000  5.88%  11.4 2265s
 6262721 2252660   65.00000  330   33   67.99999   64.00000  5.88%  11.4 2270s
 6262775 2264643   64.75000  329   16   67.99999   64.00000  5.88%  11.4 2277s
 6294807 2264655   65.37500  314   37   67.99999   64.00000  5.88%  11.4 2280s
 6294857 2276606   67.00000  311   37   67.99999   64.00000  5.88%  11.4 2289s
 6326889 2276623   66.00000  385   35   67.99999   64.00000  5.88%  11.4 2292s
 6326935 2287423   67.00000  386   33   67.99999   64.00000  5.88%  11.4 2300s
 6359017 2298999     cutoff  340        67.99999   64.00000  5.88%  11.4 2310s
 6391049 2298999   66.90789  347   58   67.99999   64.00000  5.88%  11.4 2315s
 6391108 2311914     cutoff  348        67.99999   64.00000  5.88%  11.4 2321s
 6423140 2311936   66.25000  346   33   67.99999   64.00000  5.88%  11.4 2325s
 6423182 2325289   66.25000  347   33   67.99999   64.00000  5.88%  11.4 2333s
 6455214 2325309   65.50000  313   23   67.99999   64.00000  5.88%  11.4 2336s
 6455257 2336649   65.50000  314   23   67.99999   64.00000  5.88%  11.4 2343s
 6487289 2336670   64.75000  374   35   67.99999   64.00000  5.88%  11.4 2349s
 6487332 2347676   65.75000  375   33   67.99999   64.00000  5.88%  11.4 2358s
 6519364 2347675     cutoff  270        67.99999   64.00000  5.88%  11.4 2361s
 6519427 2361038     cutoff  385        67.99999   64.00000  5.88%  11.4 2370s
 6551514 2373591     cutoff  263        67.99999   64.00000  5.88%  11.4 2382s
 6583546 2373653   64.75000  354   57   67.99999   64.00000  5.88%  11.4 2385s
 6583640 2386367   66.25000  355   34   67.99999   64.00000  5.88%  11.4 2395s
 6615789 2398737   66.00000  320   22   67.99999   64.00000  5.88%  11.5 2404s
 6647821 2398756   64.25000  307   30   67.99999   64.00000  5.88%  11.5 2409s
 6647863 2410753   65.50000  308   28   67.99999   64.00000  5.88%  11.5 2416s
 6679940 2421673   66.01645  396   24   67.99999   64.00000  5.88%  11.5 2428s
 6711972 2421678   64.75000  402   39   67.99999   64.00000  5.88%  11.5 2431s
 6712027 2433711   65.25000  403   39   67.99999   64.00000  5.88%  11.5 2440s
 6744104 2446052   66.75000  339   39   67.99999   64.00000  5.88%  11.5 2449s
 6776136 2446073     cutoff  320        67.99999   64.00000  5.88%  11.5 2455s
 6776174 2459128     cutoff  320        67.99999   64.00000  5.88%  11.5 2462s
 6808206 2459144     cutoff  357        67.99999   64.00000  5.88%  11.5 2467s
 6808254 2471066   66.00000  308   27   67.99999   64.00000  5.88%  11.5 2477s
 6840286 2471076     cutoff  368        67.99999   64.00000  5.88%  11.5 2480s
 6840338 2483429   66.53947  364   41   67.99999   64.00000  5.88%  11.5 2488s
 6872370 2483441     cutoff  350        67.99999   64.00000  5.88%  11.5 2492s
 6872417 2495326   65.75000  349   37   67.99999   64.00000  5.88%  11.5 2500s
 6904449 2495346   66.75000  307   38   67.99999   64.00000  5.88%  11.5 2505s
 6904490 2506637   66.75000  308   44   67.99999   64.00000  5.88%  11.5 2512s
 6936522 2506650     cutoff  338        67.99999   64.00000  5.88%  11.5 2515s
 6936571 2518621     cutoff  339        67.99999   64.00000  5.88%  11.5 2521s
 6968603 2518641     cutoff  322        67.99999   64.00000  5.88%  11.5 2526s
 6968647 2529621     cutoff  323        67.99999   64.00000  5.88%  11.5 2533s
 7000679 2529632   64.50000  286   28   67.99999   64.00000  5.88%  11.5 2539s
 7000730 2542160   64.50000  287   26   67.99999   64.00000  5.88%  11.5 2546s
 7032813 2554243 infeasible  331        67.99999   64.00000  5.88%  11.5 2558s
 7064845 2554258   64.00000  330   34   67.99999   64.00000  5.88%  11.5 2561s
 7064889 2566719   64.00000  331   35   67.99999   64.00000  5.88%  11.5 2569s
 7096921 2566738   65.50000  335   39   67.99999   64.00000  5.88%  11.5 2573s
 7096963 2578816   66.50000  336   37   67.99999   64.00000  5.88%  11.5 2580s
 7128995 2578838   65.00000  248   40   67.99999   64.00000  5.88%  11.5 2586s
 7129035 2591421   65.04167  249   37   67.99999   64.00000  5.88%  11.5 2592s
 7161067 2591434   67.00000  335   28   67.99999   64.00000  5.88%  11.5 2597s
 7161112 2602735   67.00000  336   26   67.99999   64.00000  5.88%  11.5 2605s
 7193194 2613779   64.25000  323   24   67.99999   64.00000  5.88%  11.5 2617s
 7225226 2613794   64.00000  296   38   67.99999   64.00000  5.88%  11.5 2620s
 7225271 2625649   65.00000  297   49   67.99999   64.00000  5.88%  11.5 2628s
 7257303 2625662   66.75000  360   31   67.99999   64.00000  5.88%  11.5 2632s
 7257354 2637015   66.50000  361   27   67.99999   64.00000  5.88%  11.5 2640s
 7289438 2648438   65.25000  283   49   67.99999   64.00000  5.88%  11.5 2650s
 7321470 2648458     cutoff  329        67.99999   64.00000  5.88%  11.5 2655s
 7321509 2659541     cutoff  330        67.99999   64.00000  5.88%  11.5 2661s
 7353541 2659555   66.50000  344   25   67.99999   64.00000  5.88%  11.5 2665s
 7353591 2670470     cutoff  345        67.99999   64.00000  5.88%  11.5 2673s
 7385623 2670486     cutoff  343        67.99999   64.00000  5.88%  11.5 2676s
 7385670 2683249   64.25000  341   36   67.99999   64.00000  5.88%  11.5 2685s
 7417780 2693915   65.75000  324   30   67.99999   64.00000  5.88%  11.5 2696s
 7449860 2705771   66.75000  329   41   67.99999   64.00000  5.88%  11.5 2706s
 7481892 2705788   64.25000  312   30   67.99999   64.00000  5.88%  11.5 2711s
 7481932 2716626   64.25000  309   33   67.99999   64.00000  5.88%  11.5 2721s
 7513964 2716645   64.25000  327   34   67.99999   64.00000  5.88%  11.5 2726s
 7514007 2729574   64.25000  328   42   67.99999   64.00000  5.88%  11.5 2733s
 7546039 2729591   65.50000  315   43   67.99999   64.00000  5.88%  11.5 2738s
 7546082 2742046   67.00000  316   37   67.99999   64.00000  5.88%  11.5 2746s
 7578187 2754964   66.00000  254   23   67.99999   64.00000  5.88%  11.5 2758s
 7610219 2754971   66.04336  333   33   67.99999   64.00000  5.88%  11.6 2761s
 7610268 2766317     cutoff  334        67.99999   64.00000  5.88%  11.6 2769s
 7642300 2766332   64.75000  360   39   67.99999   64.00000  5.88%  11.6 2772s
 7642347 2778417   64.79167  361   40   67.99999   64.00000  5.88%  11.6 2782s
 7674379 2778449 infeasible  359        67.99999   64.00000  5.88%  11.6 2785s
 7674445 2789721   66.25000  359   44   67.99999   64.00000  5.88%  11.6 2792s
 7706477 2789735   66.25000  377   50   67.99999   64.00000  5.88%  11.6 2798s
 7706524 2801281   67.02632  377   53   67.99999   64.00000  5.88%  11.6 2804s
 7738556 2801307   65.50000  264   31   67.99999   64.00000  5.88%  11.6 2807s
 7738593 2812910   65.50000  265   31   67.99999   64.00000  5.88%  11.6 2816s
 7770625 2812919   65.00000  242   20   67.99999   64.00000  5.88%  11.6 2820s
 7770676 2825159   65.00000  243   22   67.99999   64.00000  5.88%  11.6 2829s
 7802708 2825170   66.00000  407   41   67.99999   64.00000  5.88%  11.6 2832s
 7802759 2836093   65.50000  407   41   67.99999   64.00000  5.88%  11.6 2841s
 7834837 2847203     cutoff  333        67.99999   64.00000  5.88%  11.6 2852s
 7866869 2847206   65.00000  355   41   67.99999   64.00000  5.88%  11.6 2855s
 7866950 2859454     cutoff  356        67.99999   64.00000  5.88%  11.6 2862s
 7898982 2859462   64.00000  257   38   67.99999   64.00000  5.88%  11.6 2867s
 7899035 2870323   64.00000  258   34   67.99999   64.00000  5.88%  11.6 2874s
 7931067 2870341   67.75000  359   46   67.99999   64.00000  5.88%  11.6 2879s
 7931111 2881983   67.75000  360   46   67.99999   64.00000  5.88%  11.6 2886s
 7963197 2894220   64.00000  280   30   67.99999   64.00000  5.88%  11.6 2897s
 7995229 2894240     cutoff  338        67.99999   64.00000  5.88%  11.6 2900s
 7995284 2905873     cutoff  339        67.99999   64.00000  5.88%  11.6 2910s
 8027473 2917417     cutoff  360        67.99999   64.00000  5.88%  11.6 2922s
 8059505 2917438   66.00000  340   19   67.99999   64.00000  5.88%  11.6 2926s
 8059547 2929014   65.00000  341   21   67.99999   64.00000  5.88%  11.6 2935s
 8091579 2929023     cutoff  287        67.99999   64.00000  5.88%  11.6 2941s
 8091627 2941000   65.75000  286   49   67.99999   64.00000  5.88%  11.6 2948s
 8123659 2941017   64.00000  358   34   67.99999   64.00000  5.88%  11.6 2953s
 8123706 2953315   64.00000  359   38   67.99999   64.00000  5.88%  11.6 2960s
 8155798 2965822   65.25000  322   24   67.99999   64.00000  5.88%  11.6 2972s
 8187830 2965832     cutoff  347        67.99999   64.00000  5.88%  11.6 2975s
 8187879 2978155   64.00000  179   39   67.99999   64.00000  5.88%  11.6 2984s
 8204896 2978155   67.00000  393   28   67.99999   64.00000  5.88%  11.6 2985s
 8219946 2990438   64.75000  257   26   67.99999   64.00000  5.88%  11.6 2996s
 8252049 3002377   64.75000  205   51   67.99999   64.00000  5.88%  11.6 3006s
 8284081 3002389   67.50000  233   34   67.99999   64.00000  5.88%  11.6 3011s
 8284130 3014595   67.50000  234   33   67.99999   64.00000  5.88%  11.6 3018s
 8316162 3014646     cutoff  277        67.99999   64.00000  5.88%  11.6 3020s
 8316299 3027149     cutoff  210        67.99999   64.00000  5.88%  11.6 3029s
 8332315 3027149     cutoff  223        67.99999   64.00000  5.88%  11.6 3030s
 8348377 3041864   67.71093  364   39   67.99999   64.00000  5.88%  11.6 3042s
 8380409 3041881   64.50000  335   29   67.99999   64.00000  5.88%  11.6 3046s
 8380453 3056487   64.50000  336   29   67.99999   64.00000  5.88%  11.6 3055s
 8412605 3071963   65.00000  246   43   67.99999   64.00000  5.88%  11.6 3067s
 8444637 3071989   67.75000  282   41   67.99999   64.00000  5.88%  11.5 3070s
 8444691 3087065   64.00000  282   35   67.99999   64.00000  5.88%  11.5 3077s
 8476723 3087076   65.50000  318   26   67.99999   64.00000  5.88%  11.5 3082s
 8476773 3102076   65.50000  319   24   67.99999   64.00000  5.88%  11.5 3092s
 8508805 3102093   65.25000  279   38   67.99999   64.00000  5.88%  11.5 3098s
 8508850 3116886   65.25000  280   40   67.99999   64.00000  5.88%  11.5 3105s
 8540882 3116906   64.50000  254   37   67.99999   64.00000  5.88%  11.5 3110s
 8540924 3132396   64.50000  255   37   67.99999   64.00000  5.88%  11.5 3117s
 8572956 3132427   67.37499  327   36   67.99999   64.00000  5.88%  11.5 3120s
 8573034 3147415   66.51690  332   42   67.99999   64.00000  5.88%  11.5 3130s
 8605107 3162297     cutoff  266        67.99999   64.00000  5.88%  11.5 3142s
 8637139 3162315   64.00000  265   29   67.99999   64.00000  5.88%  11.5 3146s
 8637185 3178172   64.25000  266   30   67.99999   64.00000  5.88%  11.5 3155s
 8669292 3193133   64.00000  259   26   67.99999   64.00000  5.88%  11.5 3167s
 8701324 3193157   65.00000  263   33   67.99999   64.00000  5.88%  11.5 3171s
 8701396 3207577   65.00000  264   50   67.99999   64.00000  5.88%  11.5 3178s
 8733428 3207598   66.00000  307   44   67.99999   64.00000  5.88%  11.5 3183s
 8733471 3222348     cutoff  308        67.99999   64.00000  5.88%  11.5 3192s
 8765503 3222357     cutoff  248        67.99999   64.00000  5.88%  11.5 3195s
 8765550 3236729 infeasible  218        67.99999   64.00000  5.88%  11.5 3205s
 8797622 3250727   65.50219  313   46   67.99999   64.00000  5.88%  11.5 3218s
 8829654 3250749     cutoff  250        67.99999   64.00000  5.88%  11.5 3221s
 8829694 3264796     cutoff  259        67.99999   64.00000  5.88%  11.5 3230s
 8861770 3278354   65.59722  261   37   67.99999   64.00000  5.88%  11.5 3242s
 8893802 3278374     cutoff  314        67.99999   64.00000  5.88%  11.5 3246s
 8893846 3293181     cutoff  315        67.99999   64.00000  5.88%  11.5 3255s
 8925978 3307904   64.75000  222   40   67.99999   64.00000  5.88%  11.5 3270s
 8958220 3323282   66.25000  262   31   67.99999   64.00000  5.88%  11.5 3283s
 8990252 3323301   66.25000  250   56   67.99999   64.00000  5.88%  11.5 3286s
 8990295 3338519   66.25000  251   51   67.99999   64.00000  5.88%  11.5 3295s
 9022367 3354666   66.20586  249   35   67.99999   64.00000  5.88%  11.5 3305s
 9054399 3354684   67.75000  202   43   67.99999   64.00000  5.88%  11.5 3311s
 9054443 3370255   67.75000  203   44   67.99999   64.00000  5.88%  11.5 3318s
 9086475 3370279   65.00000  296   41   67.99999   64.00000  5.88%  11.5 3323s
 9086514 3386600   65.00000  297   41   67.99999   64.00000  5.88%  11.5 3330s
 9118589 3402166   64.00000  259   27   67.99999   64.00000  5.88%  11.5 3343s
 9150621 3402187   66.25000  204   32   67.99999   64.00000  5.88%  11.5 3346s
 9150660 3418882   66.25000  205   32   67.99999   64.00000  5.88%  11.5 3357s
 9182692 3418901     cutoff  273        67.99999   64.00000  5.88%  11.5 3360s
 9182735 3435634   64.00000  251   36   67.99999   64.00000  5.88%  11.5 3369s
 9188741 3435634   66.50000  292   33   67.99999   64.00000  5.88%  11.5 3370s
 9214839 3451613   66.00000  274   30   67.99999   64.00000  5.88%  11.5 3385s
 9246954 3468886   67.75000  265   47   67.99999   64.00000  5.88%  11.5 3397s
 9278986 3468912   65.25000  285   32   67.99999   64.00000  5.88%  11.5 3401s
 9279042 3485103   65.01316  285   36   67.99999   64.00000  5.88%  11.5 3411s
 9311165 3501107   66.00000  284   41   67.99999   64.00000  5.88%  11.5 3421s
 9343197 3501123     cutoff  257        67.99999   64.00000  5.88%  11.5 3427s
 9343244 3517384     cutoff  258        67.99999   64.00000  5.88%  11.5 3434s
 9375276 3517399   65.75000  240   65   67.99999   64.00000  5.88%  11.5 3439s
 9375324 3533721   65.75000  241   61   67.99999   64.00000  5.88%  11.5 3447s
 9407356 3533735   67.50000  272   35   67.99999   64.00000  5.88%  11.5 3451s
 9407402 3550150     cutoff  273        67.99999   64.00000  5.88%  11.5 3461s
 9439471 3567471 infeasible  261        67.99999   64.00000  5.88%  11.5 3475s
 9471548 3583552   64.50000  211   36   67.99999   64.00000  5.88%  11.5 3489s
 9503580 3583561     cutoff  178        67.99999   64.00000  5.88%  11.5 3493s
 9503630 3599527     cutoff  179        67.99999   64.00000  5.88%  11.5 3500s
 9535662 3599553   66.50000  284   46   67.99999   64.00000  5.88%  11.5 3506s
 9535699 3615327   66.50000  285   47   67.99999   64.00000  5.88%  11.5 3513s
 9567731 3615340   67.75000  226   36   67.99999   64.00000  5.88%  11.5 3518s
 9567780 3632060   67.75000  227   37   67.99999   64.00000  5.88%  11.5 3525s
 9599850 3647952   64.50000  288   47   67.99999   64.00000  5.88%  11.5 3538s
 9631882 3647964   67.51316  256   41   67.99999   64.00000  5.88%  11.5 3542s
 9631925 3664487   67.52632  257   40   67.99999   64.00000  5.88%  11.5 3551s
 9663957 3664512   65.50000  279   37   67.99999   64.00000  5.88%  11.5 3555s
 9664004 3680142   65.50000  280   35   67.99999   64.00000  5.88%  11.5 3564s
 9673013 3680142   65.75000  257   39   67.99999   64.00000  5.88%  11.5 3565s
 9696091 3696412   66.75000  256   40   67.99999   64.00000  5.88%  11.5 3576s
 9728123 3696428   66.75000  273   54   67.99999   64.00000  5.88%  11.5 3582s
 9728165 3711893   66.75000  274   54   67.99999   64.00000  5.88%  11.5 3593s
 9760197 3711918   64.00000  202   38   67.99999   64.00000  5.88%  11.5 3596s
 9760232 3714309   64.00000  203   38   67.99999   64.00000  5.88%  11.5 3600s

Cutting planes:
  Learned: 62
  Gomory: 3
  Cover: 192
  Implied bound: 98
  Clique: 118
  MIR: 373
  Flow cover: 430
  GUB cover: 2
  RLT: 62
  Relax-and-lift: 479

Explored 9765366 nodes (112313944 simplex iterations) in 3600.15 seconds
Thread count was 32 (of 32 available processors)

Solution count 10: 68 68 68 ... 69

Time limit reached
Best objective 6.799999259553e+01, best bound 6.400000000000e+01, gap 5.8823%
