
Gurobi 9.1.2 (linux64) logging started Wed Aug  9 15:31:03 2023

Changed value of parameter LogFile to max-ls_r=('6', '5').log
   Prev:   Default: 
Changed value of parameter MIPFocus to 1
   Prev: 0  Min: 0  Max: 3  Default: 0
Changed value of parameter Threads to 32
   Prev: 0  Min: 0  Max: 1024  Default: 0
Changed value of parameter TimeLimit to 3600.0
   Prev: inf  Min: 0.0  Max: inf  Default: inf
Warning: variable name "X[('6', '6'),('7', '6')]" has a space
Warning: constraint name "flow-constr-t0-v('6', '3')" has a space
Warning: to let Gurobi read it back, use rlp format
Gurobi Optimizer version 9.1.2 build v9.1.2rc0 (linux64)
Thread count: 16 physical cores, 32 logical processors, using up to 32 threads
Optimize a model with 2931 rows, 2688 columns and 10256 nonzeros
Model fingerprint: 0xe43a66df
Variable types: 256 continuous, 2432 integer (2432 binary)
Coefficient statistics:
  Matrix range     [1e+00, 7e+04]
  Objective range  [2e-01, 2e-01]
  Bounds range     [1e+00, 3e+04]
  RHS range        [1e+00, 7e+04]
Presolve removed 423 rows and 432 columns
Presolve time: 0.06s
Presolved: 2508 rows, 2256 columns, 17024 nonzeros
Variable types: 256 continuous, 2000 integer (2000 binary)
Found heuristic solution: objective 3476.4999995

Root relaxation: objective 6.400000e+01, 152 iterations, 0.00 seconds

    Nodes    |    Current Node    |     Objective Bounds      |     Work
 Expl Unexpl |  Obj  Depth IntInf | Incumbent    BestBd   Gap | It/Node Time

     0     0   64.00000    0   30 3476.50000   64.00000  98.2%     -    0s
H    0     0                    3475.9999995   64.00000  98.2%     -    0s
H    0     0                     146.8928571   64.00000  56.4%     -    0s
H    0     0                     146.3928571   64.00000  56.3%     -    0s
     0     0   64.00000    0   60  146.39286   64.00000  56.3%     -    0s
H    0     0                     125.2500000   64.00000  48.9%     -    0s
H    0     0                     112.0000000   64.00000  42.9%     -    0s
     0     0   64.00000    0   67  112.00000   64.00000  42.9%     -    0s
     0     0   64.00000    0   26  112.00000   64.00000  42.9%     -    0s
H    0     0                     106.5000000   64.00000  39.9%     -    0s
     0     0   64.00000    0   36  106.50000   64.00000  39.9%     -    0s
H    0     0                     105.7500000   64.00000  39.5%     -    0s
H    0     0                     101.5000000   64.00000  36.9%     -    0s
     0     0   64.00000    0   18  101.50000   64.00000  36.9%     -    0s
H    0     0                      91.9000000   64.00000  30.4%     -    0s
     0     0   64.00000    0   31   91.90000   64.00000  30.4%     -    0s
H    0     0                      86.0000000   64.00000  25.6%     -    0s
     0     0   64.00000    0   47   86.00000   64.00000  25.6%     -    0s
     0     0   64.00000    0   28   86.00000   64.00000  25.6%     -    0s
H    0     0                      84.7500000   64.00000  24.5%     -    0s
H    0     0                      81.2000000   64.00000  21.2%     -    0s
H    0     2                      78.4166667   64.00000  18.4%     -    1s
     0     2   64.00000    0   22   78.41667   64.00000  18.4%     -    1s
H    1     4                      77.5833333   64.00000  17.5%   322    1s
H   31    64                      77.1666667   64.00000  17.1%  23.3    2s
H   33    64                      77.0000000   64.00000  16.9%  22.3    2s
H   43    64                      73.5681818   64.00000  13.0%  17.4    2s
H   46    64                      73.4545455   64.00000  12.9%  16.5    2s
H   50    64                      73.1785714   64.00000  12.5%  15.8    2s
H  255   285                      72.9285714   64.00000  12.2%   4.9    4s
H  256   285                      72.7500000   64.00000  12.0%   4.9    4s
H  260   285                      72.5000000   64.00000  11.7%   4.9    4s
H  287   317                      72.2500000   64.00000  11.4%   4.7    5s
H  296   317                      72.0000000   64.00000  11.1%   4.6    5s
H 1026  1038                      71.2500000   64.00000  10.2%   3.2    7s
H 2665  2625                      71.0000000   64.00000  9.86%   2.8    8s
H 2688  2620                      70.5000000   64.00000  9.22%   2.8    8s
H 2742  4781                      70.2500000   64.00000  8.90%   2.8    9s
  5048  5011   64.00000   81   37   70.25000   64.00000  8.90%   2.7   10s
H 5049  4940                      70.0000000   64.00000  8.57%   2.7   10s
H12273 10546                      69.0000000   64.00000  7.25%   2.6   14s
H12273 10019                      68.0000000   64.00000  5.88%   2.6   14s
 12277 10027   64.00000   17   52   68.00000   64.00000  5.88%   3.6   15s
 12465 10180   64.00000   23   42   68.00000   64.00000  5.88%   3.9   21s
 14184 11223   64.00000   52   54   68.00000   64.00000  5.88%   6.1   25s
 17978 15118   64.00000  115   49   68.00000   64.00000  5.88%   8.0   30s
 23522 17882   66.00000  141   74   68.00000   64.00000  5.88%  10.6   35s
 29481 22109   67.50000  131   89   68.00000   64.00000  5.88%  11.7   41s
H42608 24254                      67.9999998   64.00000  5.88%  13.1   42s
H43390 24280                      67.9999997   64.00000  5.88%  13.3   44s
H43393 24280                      67.9999997   64.00000  5.88%  13.3   44s
 43426 24955   64.00000  126   82   68.00000   64.00000  5.88%  13.3   46s
 48900 28820   64.00000  171   62   68.00000   64.00000  5.88%  13.4   50s
 54172 33164   65.50000  346   45   68.00000   64.00000  5.88%  13.7   56s
 59379 40001   64.00000   79   55   68.00000   64.00000  5.88%  14.4   60s
H59889 40001                      67.9999996   64.00000  5.88%  14.5   60s
 79330 53560   65.50000  391   53   68.00000   64.00000  5.88%  14.8   66s
 80231 54667   65.50000  419   49   68.00000   64.00000  5.88%  14.9   70s
 88671 63869   64.00000  157   46   68.00000   64.00000  5.88%  15.0   76s
 92223 79326   64.50000  179   39   68.00000   64.00000  5.88%  15.0   80s
 113927 79334   67.00000  258   63   68.00000   64.00000  5.88%  15.3   85s
 121109 84597   64.00000  168   55   68.00000   64.00000  5.88%  15.4   91s
 121149 106274   64.25000  169   49   68.00000   64.00000  5.88%  15.4   98s
 153181 106607   66.75000  212   47   68.00000   64.00000  5.88%  15.7  101s
 153589 127797   66.75000  215   49   68.00000   64.00000  5.88%  15.7  110s
 186017 149551   65.50000  175   90   68.00000   64.00000  5.88%  15.4  128s
H197054 149522                      67.9999923   64.00000  5.88%  15.5  128s
 218049 149635   66.00000  213   71   67.99999   64.00000  5.88%  15.5  131s
 218206 170784   66.00000  214   71   67.99999   64.00000  5.88%  15.5  143s
 250238 170893   67.00000  114   72   67.99999   64.00000  5.88%  15.2  146s
 250429 191655     cutoff  174        67.99999   64.00000  5.88%  15.2  155s
 282461 191684   64.00000  162   53   67.99999   64.00000  5.88%  15.0  161s
 282495 209875     cutoff  163        67.99999   64.00000  5.88%  15.0  170s
 314527 209898   66.00000  168   59   67.99999   64.00000  5.88%  14.9  176s
 314565 228756   66.75000  169   63   67.99999   64.00000  5.88%  14.9  184s
 318569 228756   67.50000  224   68   67.99999   64.00000  5.88%  14.8  185s
 346597 228784   64.00000  222   52   67.99999   64.00000  5.88%  14.6  190s
 346631 245420   64.00000  223   52   67.99999   64.00000  5.88%  14.6  199s
 348633 245420   64.00000  192   56   67.99999   64.00000  5.88%  14.6  200s
 378663 245420   65.25000  205   66   67.99999   64.00000  5.88%  14.5  205s
 378723 264523   67.25000  206   58   67.99999   64.00000  5.88%  14.5  215s
 410755 264542     cutoff  298        67.99999   64.00000  5.88%  14.4  220s
 410797 280486     cutoff  297        67.99999   64.00000  5.88%  14.4  231s
 442829 280509   64.40625  204   50   67.99999   64.00000  5.88%  14.3  237s
 442870 296791     cutoff  205        67.99999   64.00000  5.88%  14.3  245s
 474902 296797 infeasible  435        67.99999   64.00000  5.88%  14.2  251s
 474958 310601   64.00000  247   51   67.99999   64.00000  5.88%  14.2  265s
 506990 310620   66.00000  280   58   67.99999   64.00000  5.88%  14.2  272s
 507034 324443   66.00000  281   65   67.99999   64.00000  5.88%  14.2  283s
 539066 324485     cutoff  224        67.99999   64.00000  5.88%  14.2  286s
 539146 336691   67.00000  224   58   67.99999   64.00000  5.88%  14.2  296s
 571178 336709   64.00000  274   42   67.99999   64.00000  5.88%  14.1  301s
 571223 350597   64.00000  275   39   67.99999   64.00000  5.88%  14.1  311s
 603319 362799     cutoff  281        67.99999   64.00000  5.88%  14.1  325s
 635394 376198     cutoff  250        67.99999   64.00000  5.88%  14.1  338s
 667426 376202   66.75000  271   47   67.99999   64.00000  5.88%  14.0  342s
 667501 387479   66.75000  272   45   67.99999   64.00000  5.88%  14.0  353s
 699533 387496   67.00000  280   42   67.99999   64.00000  5.88%  14.0  356s
 699590 398470 infeasible  281        67.99999   64.00000  5.88%  14.0  367s
 731622 398490   64.25000  275   40   67.99999   64.00000  5.88%  14.0  371s
 731698 411624   64.25000  276   40   67.99999   64.00000  5.88%  14.0  380s
 763876 421645   64.50000  288   43   67.99999   64.00000  5.88%  14.0  395s
H789625 421603                      67.9999880   64.00000  5.88%  14.0  396s
 795958 430818   66.31250  272   56   67.99999   64.00000  5.88%  13.9  408s
 827990 430833   67.75000  266   65   67.99999   64.00000  5.88%  13.9  412s
 828037 443027   67.75000  267   71   67.99999   64.00000  5.88%  13.9  420s
 860164 452076     cutoff  270        67.99999   64.00000  5.88%  13.8  435s
 892196 452087     cutoff  355        67.99999   64.00000  5.88%  13.8  441s
 892249 458670   64.11580  354   56   67.99999   64.00000  5.88%  13.8  449s
 924281 458690     cutoff  316        67.99999   64.00000  5.88%  13.8  455s
 924325 464647   65.00000  316   52   67.99999   64.00000  5.88%  13.8  461s
 956357 464668   64.25000  312   42   67.99999   64.00000  5.88%  13.7  467s
 956399 470417   64.25000  313   42   67.99999   64.00000  5.88%  13.7  474s
 969412 470417   66.00000  252   66   67.99999   64.00000  5.88%  13.7  475s
 988431 470429   66.62500  299   60   67.99999   64.00000  5.88%  13.7  480s
 988481 475977     cutoff  299        67.99999   64.00000  5.88%  13.7  487s
 1020513 475988   66.50000  261   79   67.99999   64.00000  5.88%  13.7  492s
 1020565 484592     cutoff  262        67.99999   64.00000  5.88%  13.7  499s
 1038583 484592   65.00000  300   59   67.99999   64.00000  5.88%  13.7  500s
 1052597 484565   64.00000  328   56   67.99999   64.00000  5.88%  13.6  505s
 1052684 490242   65.93776  329   52   67.99999   64.00000  5.88%  13.6  512s
 1084716 490249   64.00000  280   63   67.99999   64.00000  5.88%  13.6  518s
 1084773 494438   64.00000  281   61   67.99999   64.00000  5.88%  13.6  526s
 1116805 494449     cutoff  330        67.99999   64.00000  5.88%  13.5  531s
 1116858 498382   64.69968  329   53   67.99999   64.00000  5.88%  13.5  538s
 1148890 498398     cutoff  336        67.99999   64.00000  5.88%  13.5  543s
 1148938 501641   64.00000  335   57   67.99999   64.00000  5.88%  13.5  551s
 1180970 501655 infeasible  282        67.99999   64.00000  5.88%  13.4  556s
 1181020 505130     cutoff  275        67.99999   64.00000  5.88%  13.4  563s
 1213052 505137     cutoff  290        67.99999   64.00000  5.88%  13.4  569s
 1213109 508168   64.00000  291   60   67.99999   64.00000  5.88%  13.4  576s
 1245141 508178     cutoff  276        67.99999   64.00000  5.88%  13.4  582s
 1245191 511628     cutoff  276        67.99999   64.00000  5.88%  13.4  589s
 1277223 511635   64.00000  274   65   67.99999   64.00000  5.88%  13.4  595s
 1277279 515333   64.00000  275   65   67.99999   64.00000  5.88%  13.4  601s
 1309311 515334   65.50000  312   51   67.99999   64.00000  5.88%  13.4  607s
 1309369 521894     cutoff  313        67.99999   64.00000  5.88%  13.4  619s
 1322382 521894   64.00000  355   48   67.99999   64.00000  5.88%  13.3  620s
 1341459 531020   66.50000  275   98   67.99999   64.00000  5.88%  13.3  632s
 1373491 531041   64.25000  289   73   67.99999   64.00000  5.88%  13.3  636s
 1373532 543292     cutoff  290        67.99999   64.00000  5.88%  13.3  644s
 1402561 543292   65.00000  299   51   67.99999   64.00000  5.88%  13.3  645s
 1405642 554175     cutoff  214        67.99999   64.00000  5.88%  13.3  657s
 1437674 554195   64.00000  213   71   67.99999   64.00000  5.88%  13.3  660s
 1437718 566927   65.75000  214   71   67.99999   64.00000  5.88%  13.3  668s
 1469750 566935   64.50000  308   63   67.99999   64.00000  5.88%  13.2  673s
 1469806 577092   65.50000  309   61   67.99999   64.00000  5.88%  13.2  682s
 1501838 577109   65.02083  316   62   67.99999   64.00000  5.88%  13.3  686s
 1501885 589698     cutoff  317        67.99999   64.00000  5.88%  13.3  694s
 1533917 589690   67.84374  285   68   67.99999   64.00000  5.88%  13.2  698s
 1533985 597625     cutoff  285        67.99999   64.00000  5.88%  13.2  707s
 1566017 597636 infeasible  318        67.99999   64.00000  5.88%  13.3  710s
 1566070 606079     cutoff  303        67.99999   64.00000  5.88%  13.3  719s
 1598102 606093   66.00000  261   68   67.99999   64.00000  5.88%  13.3  723s
 1598152 617190   66.75000  263   68   67.99999   64.00000  5.88%  13.3  731s
 1630184 617176   64.50000  320   67   67.99999   64.00000  5.88%  13.3  735s
 1630262 624067     cutoff  321        67.99999   64.00000  5.88%  13.3  744s
 1653285 624067 infeasible  269        67.99999   64.00000  5.88%  13.3  745s
 1662349 634460   66.00000  255   72   67.99999   64.00000  5.88%  13.3  756s
 1694381 634451     cutoff  336        67.99999   64.00000  5.88%  13.3  760s
 1694451 640588     cutoff  317        67.99999   64.00000  5.88%  13.3  769s
 1726483 640587   65.75000  341   53   67.99999   64.00000  5.88%  13.4  773s
 1726548 646451     cutoff  342        67.99999   64.00000  5.88%  13.4  784s
 1754576 646451     cutoff  333        67.99999   64.00000  5.88%  13.4  785s
 1758631 652039     cutoff  335        67.99999   64.00000  5.88%  13.4  797s
 1790663 652054   64.00000  329   58   67.99999   64.00000  5.88%  13.5  800s
 1790711 661517   64.00000  330   61   67.99999   64.00000  5.88%  13.5  809s
 1822743 661499     cutoff  356        67.99999   64.00000  5.88%  13.5  813s
 1822825 666966   66.00000  269   49   67.99999   64.00000  5.88%  13.5  822s
 1854857 666976   66.50000  338   47   67.99999   64.00000  5.88%  13.5  826s
 1854911 672819   64.50000  338   44   67.99999   64.00000  5.88%  13.5  833s
 1886943 672830     cutoff  318        67.99999   64.00000  5.88%  13.5  839s
 1886994 679123     cutoff  319        67.99999   64.00000  5.88%  13.5  846s
 1919026 679137   66.75000  345   44   67.99999   64.00000  5.88%  13.5  852s
 1919076 684637   66.75000  346   43   67.99999   64.00000  5.88%  13.5  859s
 1951108 684657 infeasible  318        67.99999   64.00000  5.88%  13.6  865s
 1951149 693171   65.00000  316   50   67.99999   64.00000  5.88%  13.6  871s
 1983181 693140     cutoff  351        67.99999   64.00000  5.88%  13.5  877s
 1983276 698222 infeasible  352        67.99999   64.00000  5.88%  13.5  884s
 2015308 698230   64.68750  328   41   67.99999   64.00000  5.88%  13.6  893s
 2015362 702969     cutoff  329        67.99999   64.00000  5.88%  13.6  901s
 2047394 702967     cutoff  377        67.99999   64.00000  5.88%  13.6  906s
 2047460 707862   65.00000  378   61   67.99999   64.00000  5.88%  13.6  913s
 2079492 707874   65.00000  309   44   67.99999   64.00000  5.88%  13.6  919s
 2079542 712921   65.00000  310   44   67.99999   64.00000  5.88%  13.6  927s
 2111574 712926   64.76562  374   56   67.99999   64.00000  5.88%  13.6  933s
 2111633 718480 infeasible  375        67.99999   64.00000  5.88%  13.6  939s
 2143665 718489     cutoff  360        67.99999   64.00000  5.88%  13.6  946s
 2143718 725233 infeasible  359        67.99999   64.00000  5.88%  13.6  953s
 2175750 725243   67.00000  289   61   67.99999   64.00000  5.88%  13.6  959s
 2175802 731869     cutoff  290        67.99999   64.00000  5.88%  13.6  967s
 2207834 731882   66.50228  285   52   67.99999   64.00000  5.88%  13.6  973s
 2207885 740128 infeasible  286        67.99999   64.00000  5.88%  13.6  979s
 2217895 740128     cutoff  278        67.99999   64.00000  5.88%  13.6  980s
 2239917 740123     cutoff  337        67.99999   64.00000  5.88%  13.6  985s
 2239986 746710     cutoff  311        67.99999   64.00000  5.88%  13.6  993s
 2272018 746713   66.00000  289   67   67.99999   64.00000  5.88%  13.6  998s
 2272076 753809   66.00000  288   71   67.99999   64.00000  5.88%  13.6 1006s
 2304108 753814   67.06250  348   53   67.99999   64.00000  5.88%  13.6 1011s
 2304165 760840     cutoff  349        67.99999   64.00000  5.88%  13.6 1019s
 2336197 760859   64.00000  308   59   67.99999   64.00000  5.88%  13.6 1025s
 2336242 768136   64.50000  309   55   67.99999   64.00000  5.88%  13.6 1032s
 2368274 768152   65.25000  336   44   67.99999   64.00000  5.88%  13.6 1038s
 2368322 773904   65.25000  337   49   67.99999   64.00000  5.88%  13.6 1045s
 2400354 773924   65.50000  326   56   67.99999   64.00000  5.88%  13.6 1053s
 2400396 779489   65.86000  327   62   67.99999   64.00000  5.88%  13.6 1061s
 2432428 779500   64.00000  327   65   67.99999   64.00000  5.88%  13.6 1067s
 2432481 784526   64.00000  328   62   67.99999   64.00000  5.88%  13.6 1074s
 2464513 784535   64.50000  345   70   67.99999   64.00000  5.88%  13.7 1080s
 2464566 789961     cutoff  346        67.99999   64.00000  5.88%  13.7 1088s
 2496598 789978   65.50000  270   63   67.99999   64.00000  5.88%  13.7 1094s
 2496643 795600   65.50000  271   61   67.99999   64.00000  5.88%  13.7 1103s
 2528675 795611     cutoff  337        67.99999   64.00000  5.88%  13.7 1107s
 2528727 803528     cutoff  323        67.99999   64.00000  5.88%  13.7 1115s
 2560838 808923   64.00000  332   64   67.99999   64.00000  5.88%  13.7 1128s
 2592870 808921     cutoff  327        67.99999   64.00000  5.88%  13.7 1132s
 2592934 814906     cutoff  333        67.99999   64.00000  5.88%  13.7 1142s
 2624966 814927   64.25000  320   63   67.99999   64.00000  5.88%  13.7 1146s
 2625009 821599   64.25000  321   63   67.99999   64.00000  5.88%  13.7 1155s
 2657095 828853   64.00000  326   61   67.99999   64.00000  5.88%  13.7 1169s
 2689127 828868   64.50000  254   50   67.99999   64.00000  5.88%  13.8 1172s
 2689173 838970   64.50000  254   59   67.99999   64.00000  5.88%  13.8 1182s
 2721205 838932     cutoff  321        67.99999   64.00000  5.88%  13.7 1186s
 2721307 846771 infeasible  318        67.99999   64.00000  5.88%  13.7 1196s
 2753339 846798   64.00000  312   34   67.99999   64.00000  5.88%  13.8 1200s
 2753376 854522   64.00000  313   34   67.99999   64.00000  5.88%  13.8 1210s
 2785408 854544     cutoff  323        67.99999   64.00000  5.88%  13.8 1216s
 2785450 865439   64.25000  324   36   67.99999   64.00000  5.88%  13.8 1225s
 2817642 872768   64.00000  323   30   67.99999   64.00000  5.88%  13.7 1239s
 2848673 872768   64.00000  309   49   67.99999   64.00000  5.88%  13.8 1240s
 2849715 879137     cutoff  322        67.99999   64.00000  5.88%  13.8 1252s
 2881747 879165   66.25000  338   39   67.99999   64.00000  5.88%  13.8 1257s
 2881782 888675   67.00000  339   37   67.99999   64.00000  5.88%  13.8 1265s
 2913867 894968 infeasible  336        67.99999   64.00000  5.88%  13.8 1279s
 2945899 894984   65.00000  367   28   67.99999   64.00000  5.88%  13.8 1283s
 2945946 904304   64.02344  367   30   67.99999   64.00000  5.88%  13.8 1291s
 2977978 904239 infeasible  383        67.99999   64.00000  5.88%  13.8 1295s
 2978107 909796   64.00000  356   45   67.99999   64.00000  5.88%  13.8 1305s
 3010176 917760   64.00000  216   57   67.99999   64.00000  5.88%  13.8 1316s
 3042208 917646     cutoff  386        67.99999   64.00000  5.88%  13.8 1322s
 3042385 921421   64.00000  366   34   67.99999   64.00000  5.88%  13.8 1331s
 3074417 921426   64.50000  172   65   67.99999   64.00000  5.88%  13.8 1335s
 3074476 925881   64.50000  173   60   67.99999   64.00000  5.88%  13.8 1345s
 3106508 925902 infeasible  319        67.99999   64.00000  5.88%  13.8 1350s
 3106551 932691   64.00000  390   30   67.99999   64.00000  5.88%  13.8 1359s
 3138583 932715     cutoff  394        67.99999   64.00000  5.88%  13.8 1363s
 3138623 940660   64.54687  393   34   67.99999   64.00000  5.88%  13.8 1371s
 3170655 940578   64.00000  243   68   67.99999   64.00000  5.88%  13.8 1375s
 3170801 948499   64.00000  244   68   67.99999   64.00000  5.88%  13.8 1390s
 3202876 958371   64.00000  271   56   67.99999   64.00000  5.88%  13.8 1404s
 3234908 958319     cutoff  309        67.99999   64.00000  5.88%  13.8 1408s
 3235024 966533 infeasible  309        67.99999   64.00000  5.88%  13.8 1416s
 3267056 966551   66.00000  293   57   67.99999   64.00000  5.88%  13.8 1422s
 3267102 975622     cutoff  296        67.99999   64.00000  5.88%  13.8 1433s
 3299134 975642     cutoff  311        67.99999   64.00000  5.88%  13.8 1439s
 3299177 988363   65.75000  309   51   67.99999   64.00000  5.88%  13.8 1447s
 3331209 988353 infeasible  383        67.99999   64.00000  5.88%  13.8 1452s
 3331283 998169   64.25000  379   32   67.99999   64.00000  5.88%  13.8 1462s
 3363315 998177   66.50000  257   54   67.99999   64.00000  5.88%  13.8 1467s
 3363371 1006903     cutoff  258        67.99999   64.00000  5.88%  13.8 1476s
 3395403 1006912   64.00000  324   79   67.99999   64.00000  5.88%  13.8 1482s
 3395458 1018377   64.00000  325   77   67.99999   64.00000  5.88%  13.8 1488s
 3427490 1018393     cutoff  379        67.99999   64.00000  5.88%  13.8 1494s
 3427537 1026407     cutoff  378        67.99999   64.00000  5.88%  13.8 1502s
 3459569 1026401     cutoff  338        67.99999   64.00000  5.88%  13.9 1508s
 3459636 1038223   65.50000  339   72   67.99999   64.00000  5.88%  13.9 1515s
 3491668 1038222   64.50000  304   59   67.99999   64.00000  5.88%  13.8 1521s
 3491731 1047287   67.00000  307   54   67.99999   64.00000  5.88%  13.8 1531s
 3523763 1047291     cutoff  326        67.99999   64.00000  5.88%  13.9 1537s
 3523823 1056168     cutoff  327        67.99999   64.00000  5.88%  13.9 1545s
 3555855 1056175   64.00000  341   63   67.99999   64.00000  5.88%  13.9 1552s
 3555912 1067308   64.00000  342   63   67.99999   64.00000  5.88%  13.9 1558s
 3587944 1067322   66.60937  373   64   67.99999   64.00000  5.88%  13.9 1567s
 3587993 1074496 infeasible  374        67.99999   64.00000  5.88%  13.9 1574s
 3619024 1074496     cutoff  325        67.99999   64.00000  5.88%  13.9 1575s
 3620025 1074507   64.00000  356   25   67.99999   64.00000  5.88%  13.9 1582s
 3620077 1080054     cutoff  357        67.99999   64.00000  5.88%  13.9 1590s
 3652109 1080071   65.00000  300   79   67.99999   64.00000  5.88%  13.9 1595s
 3652152 1086312     cutoff  301        67.99999   64.00000  5.88%  13.9 1602s
 3684184 1086325   64.50000  336   32   67.99999   64.00000  5.88%  13.8 1608s
 3684233 1090971   64.50000  337   32   67.99999   64.00000  5.88%  13.8 1615s
 3716265 1090982   64.00000  338   30   67.99999   64.00000  5.88%  13.8 1620s
 3716317 1096947   64.00000  339   30   67.99999   64.00000  5.88%  13.8 1627s
 3748349 1096950   66.75000  352   31   67.99999   64.00000  5.88%  13.8 1633s
 3748405 1102286 infeasible  353        67.99999   64.00000  5.88%  13.8 1640s
 3780437 1102300     cutoff  374        67.99999   64.00000  5.88%  13.8 1646s
 3780486 1107631     cutoff  372        67.99999   64.00000  5.88%  13.8 1653s
 3812518 1107638     cutoff  366        67.99999   64.00000  5.88%  13.8 1659s
 3812574 1113515     cutoff  367        67.99999   64.00000  5.88%  13.8 1665s
 3844606 1113534   65.25000  367   25   67.99999   64.00000  5.88%  13.8 1671s
 3844648 1119644   64.50000  366   34   67.99999   64.00000  5.88%  13.8 1678s
 3876680 1119658   64.25000  330   25   67.99999   64.00000  5.88%  13.8 1684s
 3876729 1126153     cutoff  331        67.99999   64.00000  5.88%  13.8 1690s
 3908761 1126162   65.00000  379   33   67.99999   64.00000  5.88%  13.8 1696s
 3908810 1131621   64.33036  379   34   67.99999   64.00000  5.88%  13.8 1703s
 3940842 1131636   65.00000  387   40   67.99999   64.00000  5.88%  13.8 1709s
 3940890 1137504   66.75000  388   35   67.99999   64.00000  5.88%  13.8 1715s
 3972922 1137498   64.75000  375   42   67.99999   64.00000  5.88%  13.7 1721s
 3972990 1141996   64.25000  374   42   67.99999   64.00000  5.88%  13.7 1728s
 4005022 1142004   66.00000  354   33   67.99999   64.00000  5.88%  13.7 1734s
 4005075 1146721   66.00000  355   33   67.99999   64.00000  5.88%  13.7 1746s
 4037107 1146721     cutoff  367        67.99999   64.00000  5.88%  13.7 1752s
 4037170 1153129     cutoff  367        67.99999   64.00000  5.88%  13.7 1758s
 4069202 1153104   65.25000  377   36   67.99999   64.00000  5.88%  13.7 1764s
 4069290 1157441   65.25000  378   42   67.99999   64.00000  5.88%  13.7 1772s
 4101322 1157439   64.00000  364   45   67.99999   64.00000  5.88%  13.7 1776s
 4101387 1162949   64.00000  365   45   67.99999   64.00000  5.88%  13.7 1784s
 4123409 1162949   65.50000  385   36   67.99999   64.00000  5.88%  13.7 1785s
 4133491 1167637   65.50000  384   45   67.99999   64.00000  5.88%  13.7 1797s
 4165523 1167642   65.50000  361   32   67.99999   64.00000  5.88%  13.7 1801s
 4165582 1172045   65.50000  362   30   67.99999   64.00000  5.88%  13.7 1810s
 4197614 1172050   65.18750  372   32   67.99999   64.00000  5.88%  13.7 1815s
 4197672 1178499   65.74999  373   34   67.99999   64.00000  5.88%  13.7 1823s
 4229704 1178504     cutoff  387        67.99999   64.00000  5.88%  13.7 1827s
 4229763 1183336   64.00000  384   40   67.99999   64.00000  5.88%  13.7 1835s
 4261848 1189360     cutoff  381        67.99999   64.00000  5.88%  13.7 1847s
 4293880 1189346     cutoff  357        67.99999   64.00000  5.88%  13.6 1851s
 4293958 1193792     cutoff  357        67.99999   64.00000  5.88%  13.6 1859s
 4325990 1193797   65.50000  379   31   67.99999   64.00000  5.88%  13.6 1863s
 4326047 1199513     cutoff  380        67.99999   64.00000  5.88%  13.6 1871s
 4358079 1199511   66.35156  360   33   67.99999   64.00000  5.88%  13.6 1875s
 4358143 1204134     cutoff  361        67.99999   64.00000  5.88%  13.6 1889s
 4390175 1204146   66.50000  381   33   67.99999   64.00000  5.88%  13.6 1893s
 4390225 1208547     cutoff  382        67.99999   64.00000  5.88%  13.6 1902s
 4422257 1208554   65.50000  369   37   67.99999   64.00000  5.88%  13.6 1906s
 4422314 1215353     cutoff  370        67.99999   64.00000  5.88%  13.6 1914s
 4454346 1215349     cutoff  382        67.99999   64.00000  5.88%  13.6 1918s
 4454414 1220636     cutoff  364        67.99999   64.00000  5.88%  13.6 1927s
 4486446 1220645   64.00000  361   31   67.99999   64.00000  5.88%  13.6 1930s
 4486500 1226953   64.00000  361   29   67.99999   64.00000  5.88%  13.6 1939s
 4518532 1226928     cutoff  372        67.99999   64.00000  5.88%  13.6 1942s
 4518618 1232361   64.00000  374   28   67.99999   64.00000  5.88%  13.6 1952s
 4550650 1232370     cutoff  394        67.99999   64.00000  5.88%  13.6 1955s
 4550704 1238618   67.50000  393   42   67.99999   64.00000  5.88%  13.6 1963s
 4582736 1238628     cutoff  411        67.99999   64.00000  5.88%  13.6 1967s
 4582789 1243895 infeasible  409        67.99999   64.00000  5.88%  13.6 1977s
 4614821 1243904   64.25000  383   26   67.99999   64.00000  5.88%  13.6 1980s
 4614876 1248306   65.25000  383   27   67.99999   64.00000  5.88%  13.6 1989s
 4625887 1248306   64.75000  377   29   67.99999   64.00000  5.88%  13.6 1990s
 4646965 1254097   65.00000  405   31   67.99999   64.00000  5.88%  13.6 2002s
 4678997 1254106   66.00000  368   39   67.99999   64.00000  5.88%  13.5 2005s
 4679049 1258411   66.00000  369   37   67.99999   64.00000  5.88%  13.5 2015s
 4711129 1264747   64.00000  379   50   67.99999   64.00000  5.88%  13.5 2027s
 4743161 1264722     cutoff  385        67.99999   64.00000  5.88%  13.5 2033s
 4743248 1269253     cutoff  382        67.99999   64.00000  5.88%  13.5 2042s
 4775280 1269254     cutoff  353        67.99999   64.00000  5.88%  13.5 2046s
 4775342 1273825   65.00000  389   43   67.99999   64.00000  5.88%  13.5 2055s
 4807429 1279360   66.00000  379   36   67.99999   64.00000  5.88%  13.5 2067s
 4839461 1279355   65.75000  392   38   67.99999   64.00000  5.88%  13.5 2070s
 4839530 1283217   65.43750  392   43   67.99999   64.00000  5.88%  13.5 2080s
 4871612 1287715   64.00000  380   42   67.99999   64.00000  5.88%  13.5 2093s
 4903644 1287719   64.50000  368   31   67.99999   64.00000  5.88%  13.5 2097s
 4903704 1293659   65.50000  369   31   67.99999   64.00000  5.88%  13.5 2105s
 4935803 1298656     cutoff  396        67.99999   64.00000  5.88%  13.5 2118s
 4967835 1298668     cutoff  382        67.99999   64.00000  5.88%  13.5 2122s
 4967887 1305430   64.00000  360   30   67.99999   64.00000  5.88%  13.5 2130s
 4999999 1308854 infeasible  405        67.99999   64.00000  5.88%  13.5 2142s
 5032031 1308862     cutoff  380        67.99999   64.00000  5.88%  13.5 2146s
 5032086 1313864     cutoff  376        67.99999   64.00000  5.88%  13.5 2154s
 5063117 1313864   65.00000  377   34   67.99999   64.00000  5.88%  13.5 2155s
 5064118 1313872   65.50000  391   38   67.99999   64.00000  5.88%  13.5 2160s
 5064172 1320004   66.75000  392   34   67.99999   64.00000  5.88%  13.5 2166s
 5096204 1320009   64.25000  379   29   67.99999   64.00000  5.88%  13.4 2172s
 5096260 1323559 infeasible  380        67.99999   64.00000  5.88%  13.4 2179s
 5128292 1323560 infeasible  376        67.99999   64.00000  5.88%  13.4 2185s
 5128354 1329028   64.75000  374   31   67.99999   64.00000  5.88%  13.4 2192s
 5160386 1329041     cutoff  400        67.99999   64.00000  5.88%  13.4 2200s
 5160436 1334187     cutoff  400        67.99999   64.00000  5.88%  13.4 2207s
 5192468 1334176   66.25000  390   40   67.99999   64.00000  5.88%  13.4 2213s
 5192541 1338473     cutoff  390        67.99999   64.00000  5.88%  13.4 2221s
 5224573 1338467   65.00000  364   23   67.99999   64.00000  5.88%  13.4 2226s
 5224640 1342863   65.00000  365   26   67.99999   64.00000  5.88%  13.4 2234s
 5256672 1342873   66.25000  397   35   67.99999   64.00000  5.88%  13.4 2240s
 5256726 1348212 infeasible  398        67.99999   64.00000  5.88%  13.4 2246s
 5288758 1348215     cutoff  375        67.99999   64.00000  5.88%  13.4 2252s
 5288816 1352641     cutoff  375        67.99999   64.00000  5.88%  13.4 2259s
 5320848 1352647   64.00000  361   36   67.99999   64.00000  5.88%  13.4 2265s
 5320906 1357662   64.00000  362   33   67.99999   64.00000  5.88%  13.4 2271s
 5352938 1357671     cutoff  374        67.99999   64.00000  5.88%  13.4 2277s
 5352990 1362379 infeasible  375        67.99999   64.00000  5.88%  13.4 2284s
 5357995 1362379 infeasible  388        67.99999   64.00000  5.88%  13.4 2285s
 5385022 1362390   65.00000  361   27   67.99999   64.00000  5.88%  13.4 2290s
 5385073 1366700   65.00000  362   36   67.99999   64.00000  5.88%  13.4 2298s
 5417105 1366714   64.25000  358   32   67.99999   64.00000  5.88%  13.4 2304s
 5417153 1372373   64.25000  359   32   67.99999   64.00000  5.88%  13.4 2310s
 5449185 1372366     cutoff  386        67.99999   64.00000  5.88%  13.4 2316s
 5449254 1376854   65.00000  383   26   67.99999   64.00000  5.88%  13.4 2323s
 5481286 1376862     cutoff  372        67.99999   64.00000  5.88%  13.4 2329s
 5481342 1381395   65.25000  371   43   67.99999   64.00000  5.88%  13.4 2337s
 5513374 1381398     cutoff  368        67.99999   64.00000  5.88%  13.4 2343s
 5513434 1386165   66.78125  367   46   67.99999   64.00000  5.88%  13.4 2349s
 5545466 1386180 infeasible  358        67.99999   64.00000  5.88%  13.4 2355s
 5545514 1390212   65.00000  371   39   67.99999   64.00000  5.88%  13.4 2362s
 5577546 1390222   64.27016  390   31   67.99999   64.00000  5.88%  13.4 2370s
 5577598 1394961   64.28906  391   31   67.99999   64.00000  5.88%  13.4 2377s
 5609630 1394970   65.28906  387   34   67.99999   64.00000  5.88%  13.4 2383s
 5609682 1400594   67.25000  383   38   67.99999   64.00000  5.88%  13.4 2389s
 5641714 1400601   66.24107  375   43   67.99999   64.00000  5.88%  13.3 2394s
 5641766 1405933     cutoff  376        67.99999   64.00000  5.88%  13.3 2402s
 5673798 1405947     cutoff  376        67.99999   64.00000  5.88%  13.3 2408s
 5673846 1411210   65.32292  376   38   67.99999   64.00000  5.88%  13.3 2414s
 5689862 1411210   64.75000  333   25   67.99999   64.00000  5.88%  13.3 2415s
 5705878 1411200     cutoff  345        67.99999   64.00000  5.88%  13.3 2420s
 5705950 1414927   66.75000  343   29   67.99999   64.00000  5.88%  13.3 2427s
 5737982 1414935     cutoff  374        67.99999   64.00000  5.88%  13.3 2433s
 5738038 1419631   65.00000  375   24   67.99999   64.00000  5.88%  13.3 2440s
 5770070 1419646   66.75000  381   32   67.99999   64.00000  5.88%  13.3 2446s
 5770118 1425871 infeasible  382        67.99999   64.00000  5.88%  13.3 2452s
 5802150 1425874     cutoff  347        67.99999   64.00000  5.88%  13.3 2458s
 5802211 1429822     cutoff  347        67.99999   64.00000  5.88%  13.3 2466s
 5834243 1429826 infeasible  373        67.99999   64.00000  5.88%  13.3 2472s
 5834303 1433953   64.00000  353   35   67.99999   64.00000  5.88%  13.3 2479s
 5866335 1433962   65.00000  351   31   67.99999   64.00000  5.88%  13.3 2484s
 5866388 1440020   65.00000  352   31   67.99999   64.00000  5.88%  13.3 2491s
 5898420 1440031   64.50000  373   35   67.99999   64.00000  5.88%  13.3 2497s
 5898473 1444155   64.50000  374   33   67.99999   64.00000  5.88%  13.3 2504s
 5930505 1444165     cutoff  344        67.99999   64.00000  5.88%  13.3 2510s
 5930558 1447971   65.96874  350   34   67.99999   64.00000  5.88%  13.3 2517s
 5962590 1447985     cutoff  366        67.99999   64.00000  5.88%  13.3 2523s
 5962639 1453060     cutoff  367        67.99999   64.00000  5.88%  13.3 2529s
 5994671 1453047     cutoff  400        67.99999   64.00000  5.88%  13.3 2537s
 5994745 1457202   65.00000  358   27   67.99999   64.00000  5.88%  13.3 2545s
 6026777 1457204   64.00000  346   43   67.99999   64.00000  5.88%  13.3 2551s
 6026839 1461980   64.00000  347   43   67.99999   64.00000  5.88%  13.3 2559s
 6058871 1461994   64.00000  342   25   67.99999   64.00000  5.88%  13.3 2564s
 6058921 1467767   64.00000  343   23   67.99999   64.00000  5.88%  13.3 2573s
 6090953 1467761     cutoff  381        67.99999   64.00000  5.88%  13.3 2577s
 6091022 1471451     cutoff  383        67.99999   64.00000  5.88%  13.3 2586s
 6123054 1471458   64.12500  348   28   67.99999   64.00000  5.88%  13.3 2590s
 6123107 1475384   64.62500  349   27   67.99999   64.00000  5.88%  13.3 2599s
 6155139 1475391   64.00000  353   36   67.99999   64.00000  5.88%  13.3 2603s
 6155195 1480252   64.00000  354   36   67.99999   64.00000  5.88%  13.3 2611s
 6187295 1483971 infeasible  378        67.99999   64.00000  5.88%  13.3 2623s
 6219327 1483976   64.00000  341   31   67.99999   64.00000  5.88%  13.3 2627s
 6219386 1488693     cutoff  342        67.99999   64.00000  5.88%  13.3 2635s
 6251482 1493022   65.18750  392   47   67.99999   64.00000  5.88%  13.2 2648s
 6283514 1493027   65.00000  371   31   67.99999   64.00000  5.88%  13.2 2652s
 6283572 1497132   65.00000  372   32   67.99999   64.00000  5.88%  13.2 2661s
 6315604 1497126   64.00000  378   40   67.99999   64.00000  5.88%  13.2 2665s
 6315673 1502484   64.00000  379   38   67.99999   64.00000  5.88%  13.2 2673s
 6347705 1502492   64.75000  354   28   67.99999   64.00000  5.88%  13.2 2676s
 6347758 1507036   65.25000  355   35   67.99999   64.00000  5.88%  13.2 2685s
 6379840 1512859     cutoff  374        67.99999   64.00000  5.88%  13.2 2697s
 6411872 1512858     cutoff  362        67.99999   64.00000  5.88%  13.2 2701s
 6411935 1516613     cutoff  361        67.99999   64.00000  5.88%  13.2 2714s
 6420944 1516613   64.50000  377   28   67.99999   64.00000  5.88%  13.2 2715s
 6444010 1521001     cutoff  385        67.99999   64.00000  5.88%  13.2 2727s
 6476042 1521006     cutoff  361        67.99999   64.00000  5.88%  13.2 2731s
 6476099 1527723   65.50000  359   28   67.99999   64.00000  5.88%  13.2 2740s
 6508198 1532588     cutoff  413        67.99999   64.00000  5.88%  13.2 2752s
 6540230 1532601     cutoff  379        67.99999   64.00000  5.88%  13.2 2756s
 6540281 1538055   66.25000  380   30   67.99999   64.00000  5.88%  13.2 2763s
 6572313 1538048   64.75000  405   33   67.99999   64.00000  5.88%  13.2 2767s
 6572384 1542108   64.00000  405   34   67.99999   64.00000  5.88%  13.2 2776s
 6604416 1542126     cutoff  362        67.99999   64.00000  5.88%  13.2 2780s
 6604462 1546736     cutoff  362        67.99999   64.00000  5.88%  13.2 2788s
 6636494 1546738 infeasible  389        67.99999   64.00000  5.88%  13.2 2792s
 6636555 1551807   64.00000  359   28   67.99999   64.00000  5.88%  13.2 2800s
 6668657 1555612     cutoff  408        67.99999   64.00000  5.88%  13.2 2812s
 6700689 1555624   65.00000  396   29   67.99999   64.00000  5.88%  13.2 2816s
 6700739 1560849   65.25000  397   26   67.99999   64.00000  5.88%  13.2 2824s
 6732771 1560831     cutoff  378        67.99999   64.00000  5.88%  13.2 2828s
 6732853 1565011   64.25000  371   26   67.99999   64.00000  5.88%  13.2 2837s
 6764885 1565027   64.00000  363   26   67.99999   64.00000  5.88%  13.2 2840s
 6764932 1569488   64.00000  364   25   67.99999   64.00000  5.88%  13.2 2849s
 6796964 1569495 infeasible  401        67.99999   64.00000  5.88%  13.2 2853s
 6797021 1576031 infeasible  400        67.99999   64.00000  5.88%  13.2 2861s
 6829053 1576001     cutoff  408        67.99999   64.00000  5.88%  13.1 2865s
 6829147 1580257   64.25000  400   22   67.99999   64.00000  5.88%  13.1 2878s
 6861179 1580268   67.25000  394   26   67.99999   64.00000  5.88%  13.1 2883s
 6861232 1584095 infeasible  395        67.99999   64.00000  5.88%  13.1 2891s
 6893264 1584105   65.18750  404   28   67.99999   64.00000  5.88%  13.1 2895s
 6893316 1589720     cutoff  405        67.99999   64.00000  5.88%  13.1 2903s
 6925348 1589720     cutoff  391        67.99999   64.00000  5.88%  13.1 2907s
 6925412 1593457   64.37500  389   29   67.99999   64.00000  5.88%  13.1 2916s
 6957444 1593463   64.00000  365   32   67.99999   64.00000  5.88%  13.1 2920s
 6957500 1597375   64.00000  366   32   67.99999   64.00000  5.88%  13.1 2930s
 6989587 1602309     cutoff  387        67.99999   64.00000  5.88%  13.1 2941s
 7021619 1602291   64.00000  419   36   67.99999   64.00000  5.88%  13.1 2945s
 7021699 1606351   64.00000  420   36   67.99999   64.00000  5.88%  13.1 2954s
 7049727 1606351     cutoff  380        67.99999   64.00000  5.88%  13.1 2955s
 7053801 1609767   64.00000  368   31   67.99999   64.00000  5.88%  13.1 2967s
 7085833 1609772   64.00000  381   41   67.99999   64.00000  5.88%  13.1 2971s
 7085889 1613126   64.00000  382   38   67.99999   64.00000  5.88%  13.1 2980s
 7117980 1618211 infeasible  417        67.99999   64.00000  5.88%  13.1 2993s
 7150012 1618216     cutoff  408        67.99999   64.00000  5.88%  13.1 2997s
 7150071 1622492   66.00000  409   30   67.99999   64.00000  5.88%  13.1 3005s
 7182160 1626468     cutoff  405        67.99999   64.00000  5.88%  13.1 3018s
 7214192 1626468   67.25000  376   40   67.99999   64.00000  5.88%  13.1 3022s
 7214254 1631773 infeasible  377        67.99999   64.00000  5.88%  13.1 3031s
 7246286 1631760   64.25391  391   41   67.99999   64.00000  5.88%  13.1 3035s
 7246362 1635088   64.25781  392   39   67.99999   64.00000  5.88%  13.1 3047s
 7278394 1635094   66.75000  370   39   67.99999   64.00000  5.88%  13.1 3053s
 7278448 1638768   67.75000  372   34   67.99999   64.00000  5.88%  13.1 3060s
 7310480 1638774   65.50000  424   30   67.99999   64.00000  5.88%  13.1 3066s
 7310538 1642648   65.25000  423   37   67.99999   64.00000  5.88%  13.1 3073s
 7342570 1642663   64.00000  424   39   67.99999   64.00000  5.88%  13.0 3079s
 7342618 1646395   64.00000  425   40   67.99999   64.00000  5.88%  13.0 3086s
 7374650 1646404     cutoff  408        67.99999   64.00000  5.88%  13.0 3092s
 7374705 1649476     cutoff  407        67.99999   64.00000  5.88%  13.0 3099s
 7391722 1649476   66.49999  394   41   67.99999   64.00000  5.88%  13.0 3100s
 7406737 1649494   65.50000  393   36   67.99999   64.00000  5.88%  13.0 3105s
 7406783 1653972     cutoff  394        67.99999   64.00000  5.88%  13.0 3111s
 7438815 1653967   64.00000  363   40   67.99999   64.00000  5.88%  13.0 3117s
 7438883 1657220   64.00000  364   41   67.99999   64.00000  5.88%  13.0 3124s
 7470915 1657224 infeasible  388        67.99999   64.00000  5.88%  13.0 3130s
 7470974 1661040   67.00000  388   36   67.99999   64.00000  5.88%  13.0 3137s
 7503006 1661051   67.25000  439   29   67.99999   64.00000  5.88%  13.0 3143s
 7503058 1664813 infeasible  440        67.99999   64.00000  5.88%  13.0 3150s
 7535090 1664818     cutoff  347        67.99999   64.00000  5.88%  13.0 3155s
 7535149 1670465   65.75000  348   41   67.99999   64.00000  5.88%  13.0 3162s
 7567181 1670447     cutoff  423        67.99999   64.00000  5.88%  13.0 3167s
 7567261 1673789 infeasible  420        67.99999   64.00000  5.88%  13.0 3174s
 7599293 1673800     cutoff  419        67.99999   64.00000  5.88%  13.0 3180s
 7599345 1677143 infeasible  419        67.99999   64.00000  5.88%  13.0 3187s
 7631377 1677161   66.03710  411   48   67.99999   64.00000  5.88%  13.0 3193s
 7631423 1681988     cutoff  412        67.99999   64.00000  5.88%  13.0 3203s
 7663455 1681981     cutoff  392        67.99999   64.00000  5.88%  13.0 3209s
 7663525 1684957 infeasible  388        67.99999   64.00000  5.88%  13.0 3216s
 7695557 1684962     cutoff  381        67.99999   64.00000  5.88%  13.0 3222s
 7695616 1689355     cutoff  381        67.99999   64.00000  5.88%  13.0 3230s
 7727648 1689363 infeasible  421        67.99999   64.00000  5.88%  13.0 3235s
 7727704 1694304 infeasible  422        67.99999   64.00000  5.88%  13.0 3243s
 7759736 1694302   64.75000  364   29   67.99999   64.00000  5.88%  13.0 3248s
 7759802 1700329     cutoff  365        67.99999   64.00000  5.88%  13.0 3255s
 7791834 1700312   64.25000  385   40   67.99999   64.00000  5.88%  13.0 3261s
 7791915 1704620   66.00000  386   35   67.99999   64.00000  5.88%  13.0 3268s
 7823947 1704629   64.00000  416   31   67.99999   64.00000  5.88%  13.0 3273s
 7824000 1708960   64.50000  417   31   67.99999   64.00000  5.88%  13.0 3281s
 7856032 1708973     cutoff  369        67.99999   64.00000  5.88%  13.0 3287s
 7856083 1714964     cutoff  368        67.99999   64.00000  5.88%  13.0 3293s
 7888115 1714941   65.68750  366   33   67.99999   64.00000  5.88%  13.0 3299s
 7888202 1719486     cutoff  367        67.99999   64.00000  5.88%  13.0 3307s
 7920234 1719496   64.00000  357   28   67.99999   64.00000  5.88%  13.0 3313s
 7920288 1724163   64.00000  358   29   67.99999   64.00000  5.88%  13.0 3321s
 7952320 1724180   67.00000  390   31   67.99999   64.00000  5.88%  13.0 3327s
 7952367 1730372     cutoff  391        67.99999   64.00000  5.88%  13.0 3333s
 7984399 1730364     cutoff  367        67.99999   64.00000  5.88%  13.0 3338s
 7984469 1735002   64.00000  371   28   67.99999   64.00000  5.88%  13.0 3345s
 8016501 1735008   65.24999  405   44   67.99999   64.00000  5.88%  13.0 3354s
 8016559 1739086   64.06250  405   45   67.99999   64.00000  5.88%  13.0 3361s
 8048591 1739098   64.00000  384   27   67.99999   64.00000  5.88%  13.0 3367s
 8048643 1744390   65.25000  385   23   67.99999   64.00000  5.88%  13.0 3372s
 8080675 1744397   64.00000  374   32   67.99999   64.00000  5.88%  13.0 3378s
 8080729 1748630   64.00000  375   34   67.99999   64.00000  5.88%  13.0 3385s
 8112761 1748643   66.50000  361   30   67.99999   64.00000  5.88%  13.0 3391s
 8112810 1752543 infeasible  362        67.99999   64.00000  5.88%  13.0 3398s
 8144842 1752550   64.00000  379   33   67.99999   64.00000  5.88%  13.0 3403s
 8144898 1758286   64.00000  380   33   67.99999   64.00000  5.88%  13.0 3409s
 8156910 1758286   64.86006  354   63   67.99999   64.00000  5.88%  13.0 3410s
 8176930 1758302   64.00000  343   34   67.99999   64.00000  5.88%  12.9 3416s
 8176975 1762211   64.00000  344   34   67.99999   64.00000  5.88%  12.9 3423s
 8209007 1762217   67.25000  388   26   67.99999   64.00000  5.88%  12.9 3429s
 8209062 1767476   65.68750  388   26   67.99999   64.00000  5.88%  12.9 3435s
 8241094 1767473   64.25000  375   29   67.99999   64.00000  5.88%  12.9 3440s
 8241160 1770756   64.50000  376   26   67.99999   64.00000  5.88%  12.9 3447s
 8273192 1770772   64.25000  414   34   67.99999   64.00000  5.88%  12.9 3453s
 8273239 1774559   64.25000  415   34   67.99999   64.00000  5.88%  12.9 3461s
 8305271 1774560   65.18750  361   46   67.99999   64.00000  5.88%  12.9 3466s
 8305331 1779529   64.00000  359   39   67.99999   64.00000  5.88%  12.9 3473s
 8337363 1779523     cutoff  368        67.99999   64.00000  5.88%  12.9 3478s
 8337430 1783475     cutoff  353        67.99999   64.00000  5.88%  12.9 3486s
 8369462 1783489     cutoff  362        67.99999   64.00000  5.88%  12.9 3492s
 8369510 1787592     cutoff  364        67.99999   64.00000  5.88%  12.9 3499s
 8386527 1787592   64.00000  363   29   67.99999   64.00000  5.88%  12.9 3500s
 8401542 1787602   64.00000  365   39   67.99999   64.00000  5.88%  12.9 3505s
 8401593 1793641   64.00000  366   37   67.99999   64.00000  5.88%  12.9 3512s
 8433625 1793647   65.00000  361   27   67.99999   64.00000  5.88%  12.9 3518s
 8433683 1797589   66.25000  362   27   67.99999   64.00000  5.88%  12.9 3525s
 8465715 1797598 infeasible  334        67.99999   64.00000  5.88%  12.9 3533s
 8465768 1801501   67.00000  334   34   67.99999   64.00000  5.88%  12.9 3540s
 8497800 1801506   64.00000  359   31   67.99999   64.00000  5.88%  12.9 3546s
 8497858 1806008   64.00000  360   31   67.99999   64.00000  5.88%  12.9 3555s
 8529942 1811356     cutoff  375        67.99999   64.00000  5.88%  12.9 3567s
 8561974 1811364   67.25000  370   39   67.99999   64.00000  5.88%  12.9 3570s
 8562028 1815321 infeasible  371        67.99999   64.00000  5.88%  12.9 3579s
 8594060 1815332   65.89286  387   31   67.99999   64.00000  5.88%  12.9 3583s
 8594111 1820354     cutoff  388        67.99999   64.00000  5.88%  12.9 3591s
 8626143 1820347   64.00000  391   29   67.99999   64.00000  5.88%  12.9 3596s
 8626212 1821390   64.00000  392   30   67.99999   64.00000  5.88%  12.9 3600s

Cutting planes:
  Learned: 89
  Gomory: 11
  Cover: 198
  Implied bound: 106
  Clique: 117
  MIR: 508
  StrongCG: 3
  Flow cover: 521
  GUB cover: 2
  RLT: 62
  Relax-and-lift: 554

Explored 8634994 nodes (111519319 simplex iterations) in 3600.28 seconds
Thread count was 32 (of 32 available processors)

Solution count 10: 68 68 68 ... 71

Time limit reached
Best objective 6.799998800361e+01, best bound 6.400000000000e+01, gap 5.8823%
