
Gurobi 9.1.2 (linux64) logging started Wed Aug  9 18:39:30 2023

Changed value of parameter LogFile to max-ls_r=('3', '6').log
   Prev:   Default: 
Changed value of parameter MIPFocus to 1
   Prev: 0  Min: 0  Max: 3  Default: 0
Changed value of parameter Threads to 32
   Prev: 0  Min: 0  Max: 1024  Default: 0
Changed value of parameter TimeLimit to 3600.0
   Prev: inf  Min: 0.0  Max: inf  Default: inf
Warning: variable name "X[('6', '6'),('7', '6')]" has a space
Warning: constraint name "flow-constr-t0-v('6', '3')" has a space
Warning: to let Gurobi read it back, use rlp format
Gurobi Optimizer version 9.1.2 build v9.1.2rc0 (linux64)
Thread count: 16 physical cores, 32 logical processors, using up to 32 threads
Optimize a model with 2931 rows, 2688 columns and 10256 nonzeros
Model fingerprint: 0xf54ed128
Variable types: 256 continuous, 2432 integer (2432 binary)
Coefficient statistics:
  Matrix range     [1e+00, 7e+04]
  Objective range  [2e-01, 2e-01]
  Bounds range     [1e+00, 3e+04]
  RHS range        [1e+00, 7e+04]
Presolve removed 415 rows and 424 columns
Presolve time: 0.04s
Presolved: 2516 rows, 2264 columns, 17083 nonzeros
Variable types: 256 continuous, 2008 integer (2008 binary)

Root relaxation: objective 6.400000e+01, 145 iterations, 0.00 seconds

    Nodes    |    Current Node    |     Objective Bounds      |     Work
 Expl Unexpl |  Obj  Depth IntInf | Incumbent    BestBd   Gap | It/Node Time

     0     0   64.00000    0   16          -   64.00000      -     -    0s
H    0     0                     258.2500000   64.00000  75.2%     -    0s
H    0     0                     256.2500000   64.00000  75.0%     -    0s
H    0     0                     255.7500000   64.00000  75.0%     -    0s
     0     0   64.00000    0   33  255.75000   64.00000  75.0%     -    0s
H    0     0                     200.5000000   64.00000  68.1%     -    0s
H    0     0                     120.2500000   64.00000  46.8%     -    0s
H    0     0                     117.0000000   64.00000  45.3%     -    0s
     0     0   64.00000    0   33  117.00000   64.00000  45.3%     -    0s
     0     0   64.00000    0   28  117.00000   64.00000  45.3%     -    0s
H    0     0                      93.1875000   64.00000  31.3%     -    0s
H    0     0                      91.7500000   64.00000  30.2%     -    0s
     0     0   64.00000    0   28   91.75000   64.00000  30.2%     -    0s
H    0     0                      85.8437500   64.00000  25.4%     -    0s
     0     0   64.00000    0   22   85.84375   64.00000  25.4%     -    0s
H    0     0                      84.8437500   64.00000  24.6%     -    0s
H    0     0                      84.0000000   64.00000  23.8%     -    0s
H    0     0                      83.5000000   64.00000  23.4%     -    0s
H    0     0                      83.1250000   64.00000  23.0%     -    0s
     0     0   64.00000    0   25   83.12500   64.00000  23.0%     -    0s
H    0     0                      82.3750000   64.00000  22.3%     -    1s
     0     0   64.00000    0   24   82.37500   64.00000  22.3%     -    1s
     0     0   64.00000    0   26   82.37500   64.00000  22.3%     -    1s
     0     0   64.00000    0   24   82.37500   64.00000  22.3%     -    1s
H    0     0                      82.1250000   64.00000  22.1%     -    1s
H    0     0                      81.7500000   64.00000  21.7%     -    1s
     0     2   64.00000    0   24   81.75000   64.00000  21.7%     -    1s
H    1     4                      77.5000000   64.00000  17.4%   248    1s
H   31    64                      77.0000000   64.00000  16.9%  20.3    2s
H   31    64                      76.5000000   64.00000  16.3%  20.3    2s
H   34    64                      75.7500000   64.00000  15.5%  18.6    2s
H   40    64                      74.2500000   64.00000  13.8%  15.9    2s
H   97   128                      73.5000000   64.00000  12.9%   8.5    3s
H  128   160                      71.7500000   64.00000  10.8%   7.1    4s
H  131   160                      71.5000000   64.00000  10.5%   7.0    4s
H  191   224                      70.5000000   64.00000  9.22%   5.4    5s
H  256   287                      70.4999994   64.00000  9.22%   4.7    8s
H  259   287                      70.0000000   64.00000  8.57%   4.6    8s
   804  1960   64.00000   30   30   70.00000   64.00000  8.57%   3.9   10s
  9353  8664   64.00000  113   35   70.00000   64.00000  8.57%   3.5   15s
  9518  8807   64.00000   22   42   70.00000   64.00000  8.57%   5.3   20s
H 9866  8976                      69.9999999   64.00000  8.57%   5.6   23s
H10007  8517                      69.9999998   64.00000  8.57%   5.7   23s
 12065 13414   64.00000   49   38   70.00000   64.00000  8.57%   7.0   25s
H16447 11594                      69.9999996   64.00000  8.57%   7.5   27s
H16467 11244                      69.9999994   64.00000  8.57%   7.5   29s
H16469 10890                      69.9999994   64.00000  8.57%   7.5   29s
H16474 10552                      69.9999993   64.00000  8.57%   7.5   29s
H16483 10230                      69.9999992   64.00000  8.57%   7.5   29s
 16503 13497   64.00000   91   55   70.00000   64.00000  8.57%   7.5   30s
H17830 12752                      69.9999990   64.00000  8.57%   7.5   30s
 32170 24683   65.00000  113   39   70.00000   64.00000  8.57%   7.8   35s
H42182 24705                      69.9999988   64.00000  8.57%   8.0   37s
H42239 25245                      69.9999988   64.00000  8.57%   8.1   39s
 43058 27926   68.25000  191   24   70.00000   64.00000  8.57%   8.1   40s
H43100 25645                      69.5000000   64.00000  7.91%   8.1   40s
H47260 24994                      69.2500000   64.00000  7.58%   8.3   43s
H47264 23495                      68.7500000   64.00000  6.91%   8.3   43s
H49147 27427                      68.5000000   64.00000  6.57%   8.3   44s
 53640 27253   65.00000  159   35   68.50000   64.00000  6.57%   8.4   48s
H53644 27250                      68.4166667   64.00000  6.46%   8.4   48s
H53648 25678                      68.0000000   64.00000  5.88%   8.4   48s
 60063 29887   65.00000  283   21   68.00000   64.00000  5.88%   8.3   51s
 68565 41012   66.00000  196   17   68.00000   64.00000  5.88%   8.8   56s
 84869 42610     cutoff  181        68.00000   64.00000  5.88%   9.2   60s
H95352 42584                      68.0000000   64.00000  5.88%   9.6   64s
 95399 53521     cutoff  176        68.00000   64.00000  5.88%   9.6   67s
 128253 63165     cutoff  166        68.00000   64.00000  5.88%  10.1   75s
H145295 63161                      67.9999795   64.00000  5.88%  10.4   75s
H160299 63263                      67.9999781   64.00000  5.88%  10.5   78s
 160719 72047     cutoff  216        67.99998   64.00000  5.88%  10.5   82s
 192751 72060     cutoff  168        67.99998   64.00000  5.88%  10.8   87s
 192799 82027   64.00000  156   15   67.99998   64.00000  5.88%  10.8   93s
 224831 82043   66.75000  186   19   67.99998   64.00000  5.88%  11.2   96s
 224876 91558   67.07692  187   33   67.99998   64.00000  5.88%  11.2  102s
 256612 91573   67.50000  212   50   67.99998   64.00000  5.88%  11.5  105s
 256657 102991     cutoff  213        67.99998   64.00000  5.88%  11.5  111s
 288738 114094     cutoff  134        67.99998   64.00000  5.88%  11.7  120s
 320613 124749     cutoff  183        67.99998   64.00000  5.88%  11.9  129s
 347640 124749   67.50000  146   28   67.99998   64.00000  5.88%  12.0  130s
 352807 134706     cutoff  146        67.99998   64.00000  5.88%  12.1  136s
 383162 134699   64.03125  158   38   67.99998   64.00000  5.88%  12.2  143s
 383233 144192   64.03125  159   42   67.99998   64.00000  5.88%  12.2  148s
 412932 144208   65.50000  166   38   67.99998   64.00000  5.88%  12.2  151s
 412976 153830   64.00000  167   38   67.99998   64.00000  5.88%  12.2  157s
 444246 153830   67.75000  180   28   67.99998   64.00000  5.88%  12.3  160s
 444308 162836   67.75000  181   28   67.99998   64.00000  5.88%  12.3  167s
 474251 162844     cutoff  173        67.99998   64.00000  5.88%  12.3  170s
 474343 171441   64.50000  170   22   67.99998   64.00000  5.88%  12.3  177s
 505645 171460   67.00000  229   19   67.99998   64.00000  5.88%  12.4  180s
 505949 179248   67.28906  247   35   67.99998   64.00000  5.88%  12.4  185s
 537226 179249     cutoff  192        67.99998   64.00000  5.88%  12.5  190s
 554576 186540   64.87500  160   44   67.99998   64.00000  5.88%  12.4  195s
 568433 186544     cutoff  191        67.99998   64.00000  5.88%  12.5  200s
 592381 193649   64.16129  210   36   67.99998   64.00000  5.88%  12.4  205s
 598104 200613   67.00000  229   24   67.99998   64.00000  5.88%  12.5  213s
 627317 200774   66.09375  240   26   67.99998   64.00000  5.88%  12.4  217s
 628123 207331     cutoff  241        67.99998   64.00000  5.88%  12.4  222s
 658235 207332     cutoff  244        67.99998   64.00000  5.88%  12.4  227s
 658292 213905     cutoff  244        67.99998   64.00000  5.88%  12.4  233s
 688433 214105   64.06250  263   16   67.99998   64.00000  5.88%  12.4  236s
 690137 220305   67.00000  290   21   67.99998   64.00000  5.88%  12.4  242s
 719953 220575     cutoff  243        67.99998   64.00000  5.88%  12.4  246s
 721959 227725     cutoff  277        67.99998   64.00000  5.88%  12.4  251s
 753991 227742     cutoff  248        67.99998   64.00000  5.88%  12.4  257s
 754035 236528 infeasible  249        67.99998   64.00000  5.88%  12.4  264s
 755036 236528   65.18750  185   33   67.99998   64.00000  5.88%  12.4  265s
 788385 244715     cutoff  244        67.99998   64.00000  5.88%  12.4  274s
 812409 244715   67.75000  282   67   67.99998   64.00000  5.88%  12.4  275s
 820417 244767   64.25000  240   20   67.99998   64.00000  5.88%  12.4  280s
 820540 253062   64.25000  241   20   67.99998   64.00000  5.88%  12.4  287s
 852572 253071   64.00000  269   16   67.99998   64.00000  5.88%  12.5  293s
 852625 261718   64.00000  269   14   67.99998   64.00000  5.88%  12.5  298s
 884657 261720     cutoff  295        67.99998   64.00000  5.88%  12.5  304s
 884718 270505   65.50000  271   13   67.99998   64.00000  5.88%  12.5  310s
 916750 270517   64.50000  222   30   67.99998   64.00000  5.88%  12.5  316s
 916800 280468     cutoff  223        67.99998   64.00000  5.88%  12.5  321s
 948832 280451   64.00000  226   23   67.99998   64.00000  5.88%  12.6  327s
 948935 290901     cutoff  227        67.99998   64.00000  5.88%  12.6  333s
 980967 290917     cutoff  232        67.99998   64.00000  5.88%  12.6  339s
 981014 303395   64.03516  229   26   67.99998   64.00000  5.88%  12.6  346s
 1013046 303400     cutoff  189        67.99998   64.00000  5.88%  12.7  352s
 1013104 317743     cutoff  246        67.99998   64.00000  5.88%  12.7  358s
 1045136 317760   64.75000  297   50   67.99998   64.00000  5.88%  12.7  366s
 1045181 333673   64.75000  298   50   67.99998   64.00000  5.88%  12.7  372s
 1077213 333691   67.50000  156   82   67.99998   64.00000  5.88%  12.8  378s
 1077257 350197     cutoff  157        67.99998   64.00000  5.88%  12.8  385s
 1109289 350720   65.50000  416   53   67.99998   64.00000  5.88%  12.9  390s
 1110138 366775   66.25000  416   50   67.99998   64.00000  5.88%  12.9  400s
 1143176 382685     cutoff  156        67.99998   64.00000  5.88%  13.0  414s
 1175208 383076     cutoff  100        67.99998   64.00000  5.88%  13.1  418s
 1176225 398786     cutoff  101        67.99998   64.00000  5.88%  13.1  427s
 1208257 399194   66.50000  258   64   67.99998   64.00000  5.88%  13.2  431s
 1208977 414879   67.75000  172   47   67.99998   64.00000  5.88%  13.2  439s
 1241009 415228     cutoff  145        67.99998   64.00000  5.88%  13.2  443s
 1241912 429436   67.75000  146   66   67.99998   64.00000  5.88%  13.2  452s
 1273944 429748   64.00000  223   67   67.99998   64.00000  5.88%  13.2  457s
 1274576 444159   64.00000  156   50   67.99998   64.00000  5.88%  13.2  466s
 1306608 444415   67.25000  156   48   67.99998   64.00000  5.88%  13.3  470s
 1307329 458402   67.25000  157   48   67.99998   64.00000  5.88%  13.3  478s
 1339361 458860   64.00000  153   70   67.99998   64.00000  5.88%  13.2  482s
 1340710 471462     cutoff  187        67.99998   64.00000  5.88%  13.2  491s
 1372742 471835   64.00000  216   49   67.99998   64.00000  5.88%  13.3  495s
 1373711 485175   64.00000  231   63   67.99998   64.00000  5.88%  13.3  503s
 1405743 485568   67.50000  269   48   67.99998   64.00000  5.88%  13.3  507s
 1406828 500930   67.75000  166   64   67.99998   64.00000  5.88%  13.3  517s
 1438860 501052   64.50000  150   82   67.99998   64.00000  5.88%  13.2  522s
 1439052 516725   65.00000  151   80   67.99998   64.00000  5.88%  13.2  529s
 1471084 516745     cutoff  177        67.99998   64.00000  5.88%  13.2  535s
 1471126 534270   66.00000  177   66   67.99998   64.00000  5.88%  13.2  542s
 1503158 534287   66.50000  125   75   67.99998   64.00000  5.88%  13.3  548s
 1503203 552317   67.00000  126   75   67.99998   64.00000  5.88%  13.3  555s
 1535235 552340 infeasible  491        67.99998   64.00000  5.88%  13.3  561s
 1535274 569488     cutoff  279        67.99998   64.00000  5.88%  13.3  571s
 1567306 569515   64.00000  221   35   67.99998   64.00000  5.88%  13.3  577s
 1567343 585158   64.00000  222   35   67.99998   64.00000  5.88%  13.3  584s
 1598374 585158   64.00000  166   68   67.99998   64.00000  5.88%  13.3  585s
 1599375 585180   64.31250  373   48   67.99998   64.00000  5.88%  13.3  590s
 1599417 598767   64.00000  373   48   67.99998   64.00000  5.88%  13.3  595s
 1631449 598785   67.75000  285   40   67.99998   64.00000  5.88%  13.3  602s
 1631494 611235   67.75000  286   38   67.99998   64.00000  5.88%  13.3  607s
 1663526 611256   66.00000  272   36   67.99998   64.00000  5.88%  13.3  613s
 1663567 624317   66.50000  272   34   67.99998   64.00000  5.88%  13.3  619s
 1695599 624338     cutoff  264        67.99998   64.00000  5.88%  13.3  625s
 1695639 638126 infeasible  264        67.99998   64.00000  5.88%  13.3  630s
 1727671 638144   65.00000  400   44   67.99998   64.00000  5.88%  13.4  636s
 1727712 650409   66.50000  401   44   67.99998   64.00000  5.88%  13.4  641s
 1759744 650423   66.50000  341   31   67.99998   64.00000  5.88%  13.4  647s
 1759792 663542   66.50000  342   31   67.99998   64.00000  5.88%  13.4  653s
 1791824 663564   67.75000  316   39   67.99998   64.00000  5.88%  13.4  658s
 1791864 676014   67.75000  317   41   67.99998   64.00000  5.88%  13.4  664s
 1823896 676030   66.75000  284   33   67.99998   64.00000  5.88%  13.4  670s
 1823942 687807   67.25000  284   28   67.99998   64.00000  5.88%  13.4  675s
 1855974 687821     cutoff  335        67.99998   64.00000  5.88%  13.4  681s
 1856021 699689   66.50000  335   50   67.99998   64.00000  5.88%  13.4  687s
 1888053 700001   67.75000  359   42   67.99998   64.00000  5.88%  13.4  691s
 1889066 713403   67.75000  360   43   67.99998   64.00000  5.88%  13.4  698s
 1921098 713679   64.00000  146   60   67.99998   64.00000  5.88%  13.4  702s
 1921743 726947   64.00000  147   60   67.99998   64.00000  5.88%  13.4  709s
 1953775 727275   65.28125  318   26   67.99998   64.00000  5.88%  13.4  714s
 1954514 740423   66.25000  319   19   67.99998   64.00000  5.88%  13.4  721s
 1986546 740743   65.75000  277   25   67.99998   64.00000  5.88%  13.4  725s
 1987359 754240   66.31250  278   25   67.99998   64.00000  5.88%  13.4  732s
 2019391 754583 infeasible  351        67.99998   64.00000  5.88%  13.5  736s
 2020135 767990   66.25000  336   47   67.99998   64.00000  5.88%  13.5  744s
 2052167 768304     cutoff  296        67.99998   64.00000  5.88%  13.5  748s
 2052730 781561   65.00000  294   37   67.99998   64.00000  5.88%  13.5  756s
 2084762 781577     cutoff  281        67.99998   64.00000  5.88%  13.5  762s
 2084803 795490     cutoff  279        67.99998   64.00000  5.88%  13.5  769s
 2089808 795490     cutoff  265        67.99998   64.00000  5.88%  13.5  770s
 2117831 809912   67.75000  347   58   67.99998   64.00000  5.88%  13.5  781s
 2149863 810189   65.50000  349   40   67.99998   64.00000  5.88%  13.5  785s
 2150585 822599   65.75000  350   34   67.99998   64.00000  5.88%  13.5  792s
 2182617 822896   66.03125  384   35   67.99998   64.00000  5.88%  13.5  797s
 2183477 835204   66.00000  383   33   67.99998   64.00000  5.88%  13.5  805s
 2216525 848309   66.50000  334   50   67.99998   64.00000  5.88%  13.5  816s
 2248557 848640   64.00000  370   44   67.99998   64.00000  5.88%  13.5  820s
 2249308 860465   64.00000  371   43   67.99998   64.00000  5.88%  13.5  827s
 2281340 860788   67.50000  272   48   67.99998   64.00000  5.88%  13.5  831s
 2282400 873263   64.00000  307   26   67.99998   64.00000  5.88%  13.5  838s
 2314432 873529     cutoff  382        67.99998   64.00000  5.88%  13.5  843s
 2315022 886769   67.25000  379   36   67.99998   64.00000  5.88%  13.5  850s
 2347054 886777   66.43058  288   65   67.99998   64.00000  5.88%  13.5  855s
 2347103 900019     cutoff  289        67.99998   64.00000  5.88%  13.5  860s
 2379135 900037     cutoff  305        67.99998   64.00000  5.88%  13.5  866s
 2379179 912902     cutoff  306        67.99998   64.00000  5.88%  13.5  872s
 2411211 912921   67.50000  378   37   67.99998   64.00000  5.88%  13.5  877s
 2411256 925572   67.50000  379   40   67.99998   64.00000  5.88%  13.5  882s
 2443288 925582   67.75000  307   48   67.99998   64.00000  5.88%  13.5  888s
 2443341 938326     cutoff  308        67.99998   64.00000  5.88%  13.5  894s
 2475373 938347   66.00000  317   35   67.99998   64.00000  5.88%  13.5  899s
 2475415 950411   64.50000  316   31   67.99998   64.00000  5.88%  13.5  905s
 2507447 950421   64.75000  328   40   67.99998   64.00000  5.88%  13.5  911s
 2507497 962837   64.75000  329   40   67.99998   64.00000  5.88%  13.5  916s
 2539529 962845 infeasible  352        67.99998   64.00000  5.88%  13.5  923s
 2539581 976427   66.50000  351   37   67.99998   64.00000  5.88%  13.5  928s
 2571613 976440   66.50000  377   28   67.99998   64.00000  5.88%  13.5  934s
 2571661 988424     cutoff  375        67.99998   64.00000  5.88%  13.5  940s
 2603693 988441   67.75000  335   39   67.99998   64.00000  5.88%  13.5  946s
 2603736 1001212   67.75000  336   39   67.99998   64.00000  5.88%  13.5  951s
 2635768 1001220   65.75000  287   50   67.99998   64.00000  5.88%  13.5  960s
 2635820 1014138   65.50000  287   54   67.99998   64.00000  5.88%  13.5  965s
 2667852 1014159   65.25000  383   36   67.99998   64.00000  5.88%  13.5  971s
 2667892 1026156   65.35833  384   34   67.99998   64.00000  5.88%  13.5  977s
 2699924 1026177     cutoff  353        67.99998   64.00000  5.88%  13.5  982s
 2699967 1038555   67.00000  353   27   67.99998   64.00000  5.88%  13.5  988s
 2731999 1038568   67.81250  369   37   67.99998   64.00000  5.88%  13.5  994s
 2732047 1050761     cutoff  370        67.99998   64.00000  5.88%  13.5  999s
 2764079 1050785   64.50000  306   45   67.99998   64.00000  5.88%  13.5 1006s
 2764119 1062354 infeasible  307        67.99998   64.00000  5.88%  13.5 1011s
 2796151 1062368   65.00000  292   48   67.99998   64.00000  5.88%  13.5 1017s
 2796198 1073981   65.00000  293   50   67.99998   64.00000  5.88%  13.5 1023s
 2828230 1073985     cutoff  390        67.99998   64.00000  5.88%  13.5 1028s
 2828286 1085379     cutoff  391        67.99998   64.00000  5.88%  13.5 1034s
 2860318 1085384   65.25000  329   27   67.99998   64.00000  5.88%  13.5 1040s
 2860374 1096687   64.75000  330   40   67.99998   64.00000  5.88%  13.5 1045s
 2892406 1096707   64.00000  290   41   67.99998   64.00000  5.88%  13.5 1051s
 2892446 1108116   64.00000  291   34   67.99998   64.00000  5.88%  13.5 1057s
 2924478 1108718   67.00000  341   24   67.99998   64.00000  5.88%  13.5 1062s
 2925927 1119332 infeasible  342        67.99998   64.00000  5.88%  13.5 1069s
 2957959 1119703   67.00000  344   45   67.99998   64.00000  5.88%  13.5 1073s
 2959090 1131117     cutoff  345        67.99998   64.00000  5.88%  13.5 1081s
 2991122 1131462   66.75000  334   27   67.99998   64.00000  5.88%  13.5 1085s
 2991957 1142061     cutoff  335        67.99998   64.00000  5.88%  13.5 1092s
 3023989 1142334     cutoff  338        67.99998   64.00000  5.88%  13.5 1097s
 3024985 1152871     cutoff  339        67.99998   64.00000  5.88%  13.5 1105s
 3058155 1163833   65.75000  363   25   67.99998   64.00000  5.88%  13.5 1116s
 3090187 1164110   67.25000  294   24   67.99998   64.00000  5.88%  13.5 1120s
 3091090 1173550 infeasible  310        67.99998   64.00000  5.88%  13.5 1127s
 3123122 1173566   66.56452  335   40   67.99998   64.00000  5.88%  13.5 1134s
 3123164 1184087   66.62500  336   41   67.99998   64.00000  5.88%  13.5 1141s
 3155196 1184584     cutoff  414        67.99998   64.00000  5.88%  13.5 1145s
 3156449 1196940   66.50000  414   26   67.99998   64.00000  5.88%  13.5 1152s
 3188481 1197235   64.00000  325   29   67.99998   64.00000  5.88%  13.5 1157s
 3189320 1208685   64.25000  328   23   67.99998   64.00000  5.88%  13.5 1164s
 3213344 1208685     cutoff  354        67.99998   64.00000  5.88%  13.5 1165s
 3221977 1220511   66.12500  339   38   67.99998   64.00000  5.88%  13.5 1176s
 3254009 1221084     cutoff  300        67.99998   64.00000  5.88%  13.5 1181s
 3255162 1233356     cutoff  301        67.99998   64.00000  5.88%  13.5 1188s
 3287194 1233568     cutoff  343        67.99998   64.00000  5.88%  13.5 1192s
 3288168 1245019   65.50000  340   27   67.99998   64.00000  5.88%  13.5 1200s
 3321006 1257053   64.50000  314   33   67.99998   64.00000  5.88%  13.5 1211s
 3353038 1257293     cutoff  286        67.99998   64.00000  5.88%  13.5 1215s
 3353784 1269202     cutoff  285        67.99998   64.00000  5.88%  13.5 1223s
 3385816 1269539   66.00000  417   47   67.99998   64.00000  5.88%  13.5 1227s
 3386827 1281685 infeasible  390        67.99998   64.00000  5.88%  13.5 1235s
 3420052 1292584 infeasible  327        67.99998   64.00000  5.88%  13.5 1246s
 3452084 1292864     cutoff  274        67.99998   64.00000  5.88%  13.5 1251s
 3452685 1304646   64.00000  286   40   67.99998   64.00000  5.88%  13.5 1258s
 3484717 1304831   67.50000  320   40   67.99998   64.00000  5.88%  13.5 1262s
 3485398 1315830   67.50000  321   40   67.99998   64.00000  5.88%  13.5 1270s
 3517430 1315891   67.75000  357   34   67.99998   64.00000  5.88%  13.5 1276s
 3517654 1328418     cutoff  358        67.99998   64.00000  5.88%  13.5 1281s
 3549686 1328424   65.50000  341   23   67.99998   64.00000  5.88%  13.5 1287s
 3549740 1339525   64.75000  338   35   67.99998   64.00000  5.88%  13.5 1292s
 3581772 1339546   66.00000  346   41   67.99998   64.00000  5.88%  13.5 1299s
 3581814 1351001   66.00000  347   39   67.99998   64.00000  5.88%  13.5 1304s
 3613846 1351018 infeasible  298        67.99998   64.00000  5.88%  13.5 1313s
 3613891 1358664     cutoff  298        67.99998   64.00000  5.88%  13.5 1319s
 3645923 1358683   64.00000  321   23   67.99998   64.00000  5.88%  13.6 1325s
 3645968 1366381   64.75000  322   23   67.99998   64.00000  5.88%  13.6 1332s
 3678000 1366391     cutoff  335        67.99998   64.00000  5.88%  13.6 1338s
 3678052 1373465   65.50000  333   44   67.99998   64.00000  5.88%  13.6 1344s
 3699073 1373465 infeasible  326        67.99998   64.00000  5.88%  13.6 1345s
 3710084 1373474     cutoff  359        67.99998   64.00000  5.88%  13.6 1350s
 3710138 1379973     cutoff  359        67.99998   64.00000  5.88%  13.6 1357s
 3742170 1379992   66.00000  319   33   67.99998   64.00000  5.88%  13.6 1362s
 3742214 1385581 infeasible  320        67.99998   64.00000  5.88%  13.6 1369s
 3774246 1385601   65.25000  309   33   67.99998   64.00000  5.88%  13.6 1375s
 3774290 1391167   65.32143  310   34   67.99998   64.00000  5.88%  13.6 1381s
 3806322 1391177 infeasible  325        67.99998   64.00000  5.88%  13.6 1387s
 3806376 1397590     cutoff  326        67.99998   64.00000  5.88%  13.6 1393s
 3838408 1397601 infeasible  332        67.99998   64.00000  5.88%  13.6 1400s
 3838461 1404473   66.25000  332   37   67.99998   64.00000  5.88%  13.6 1406s
 3870493 1404490 infeasible  311        67.99998   64.00000  5.88%  13.6 1412s
 3870540 1410574   64.00000  384   30   67.99998   64.00000  5.88%  13.6 1418s
 3902572 1410591     cutoff  342        67.99998   64.00000  5.88%  13.7 1424s
 3902619 1417510     cutoff  341        67.99998   64.00000  5.88%  13.7 1431s
 3934651 1417525   66.50000  319   41   67.99998   64.00000  5.88%  13.7 1437s
 3934700 1424110   66.57056  320   42   67.99998   64.00000  5.88%  13.7 1444s
 3966732 1424123   65.50000  360   26   67.99998   64.00000  5.88%  13.7 1449s
 3966783 1431144   65.50000  361   24   67.99998   64.00000  5.88%  13.7 1456s
 3998815 1431149   64.00000  366   42   67.99998   64.00000  5.88%  13.7 1462s
 3998874 1438751   64.00000  367   42   67.99998   64.00000  5.88%  13.7 1469s
 4030906 1438774     cutoff  374        67.99998   64.00000  5.88%  13.7 1477s
 4030946 1445303   64.00000  375   23   67.99998   64.00000  5.88%  13.7 1484s
 4062978 1445308   66.00000  298   39   67.99998   64.00000  5.88%  13.8 1490s
 4063037 1452392     cutoff  299        67.99998   64.00000  5.88%  13.8 1496s
 4095069 1452399   64.00000  318   37   67.99998   64.00000  5.88%  13.8 1502s
 4095126 1460822   64.75000  320   28   67.99998   64.00000  5.88%  13.8 1509s
 4127158 1460826   64.00000  301   25   67.99998   64.00000  5.88%  13.8 1515s
 4127218 1468529   64.25000  302   25   67.99998   64.00000  5.88%  13.8 1521s
 4159250 1468541   64.00000  309   32   67.99998   64.00000  5.88%  13.8 1528s
 4159302 1477298   64.00000  310   29   67.99998   64.00000  5.88%  13.8 1535s
 4192466 1484622     cutoff  289        67.99998   64.00000  5.88%  13.9 1547s
 4224498 1484769   66.00000  366   43   67.99998   64.00000  5.88%  13.9 1551s
 4225495 1492887   66.00000  367   42   67.99998   64.00000  5.88%  13.9 1560s
 4258685 1500120   65.50000  281   61   67.99998   64.00000  5.88%  13.9 1572s
 4290717 1500480 infeasible  316        67.99998   64.00000  5.88%  13.9 1577s
 4291719 1508846   64.75000  352   24   67.99998   64.00000  5.88%  13.9 1586s
 4323751 1508982   65.00000  282   45   67.99998   64.00000  5.88%  13.9 1590s
 4324259 1516813   65.25000  289   43   67.99998   64.00000  5.88%  13.9 1598s
 4356291 1516948     cutoff  287        67.99998   64.00000  5.88%  14.0 1603s
 4356928 1524452   64.46875  287   31   67.99998   64.00000  5.88%  14.0 1611s
 4388960 1524523   65.78125  342   33   67.99998   64.00000  5.88%  14.0 1615s
 4389472 1530986   64.00000  302   27   67.99998   64.00000  5.88%  14.0 1624s
 4421504 1531037   65.87500  347   38   67.99998   64.00000  5.88%  14.0 1628s
 4421808 1537746   66.06250  348   42   67.99998   64.00000  5.88%  14.0 1637s
 4453840 1537888     cutoff  353        67.99998   64.00000  5.88%  14.0 1641s
 4454516 1543893   66.00000  352   42   67.99998   64.00000  5.88%  14.0 1649s
 4478540 1543893     cutoff  280        67.99998   64.00000  5.88%  14.1 1650s
 4486548 1543904   64.50000  308   33   67.99998   64.00000  5.88%  14.1 1656s
 4486600 1550127   64.50000  309   32   67.99998   64.00000  5.88%  14.1 1665s
 4519528 1557239   65.00000  292   26   67.99998   64.00000  5.88%  14.1 1678s
 4551560 1557328     cutoff  307        67.99998   64.00000  5.88%  14.1 1682s
 4552126 1564166 infeasible  306        67.99998   64.00000  5.88%  14.1 1691s
 4584158 1564426   65.00000  264   29   67.99998   64.00000  5.88%  14.1 1695s
 4585020 1571879   64.00000  306   29   67.99998   64.00000  5.88%  14.1 1703s
 4617052 1572043 infeasible  319        67.99998   64.00000  5.88%  14.1 1708s
 4617580 1579019   64.25000  281   43   67.99998   64.00000  5.88%  14.1 1717s
 4649612 1579184   64.75000  303   30   67.99998   64.00000  5.88%  14.2 1721s
 4650219 1586017   66.21665  304   37   67.99998   64.00000  5.88%  14.2 1730s
 4682804 1593700   65.00000  285   36   67.99998   64.00000  5.88%  14.2 1742s
 4714836 1593789   64.75781  371   33   67.99998   64.00000  5.88%  14.2 1747s
 4715241 1601225     cutoff  296        67.99998   64.00000  5.88%  14.2 1756s
 4747273 1601323     cutoff  403        67.99998   64.00000  5.88%  14.2 1760s
 4747709 1608431   64.25000  341   37   67.99998   64.00000  5.88%  14.2 1768s
 4779741 1608552 infeasible  331        67.99998   64.00000  5.88%  14.2 1772s
 4780262 1615673   66.43058  293   62   67.99998   64.00000  5.88%  14.2 1781s
 4812294 1615727 infeasible  346        67.99998   64.00000  5.88%  14.2 1785s
 4812683 1622595 infeasible  345        67.99998   64.00000  5.88%  14.2 1794s
 4844715 1622837   66.00000  428   37   67.99998   64.00000  5.88%  14.3 1798s
 4845349 1629996   66.00000  429   37   67.99998   64.00000  5.88%  14.3 1807s
 4877381 1630135   65.00000  304   25   67.99998   64.00000  5.88%  14.3 1811s
 4878083 1637375   64.50000  312   36   67.99998   64.00000  5.88%  14.3 1819s
 4880085 1637375   64.18750  365   25   67.99998   64.00000  5.88%  14.3 1820s
 4910115 1637456   65.75000  344   35   67.99998   64.00000  5.88%  14.3 1825s
 4910347 1644683     cutoff  345        67.99998   64.00000  5.88%  14.3 1834s
 4933370 1644683   66.31250  294   43   67.99998   64.00000  5.88%  14.3 1835s
 4942379 1644706   65.00000  293   26   67.99998   64.00000  5.88%  14.3 1840s
 4942466 1651422   66.00000  294   26   67.99998   64.00000  5.88%  14.3 1847s
 4974498 1651439     cutoff  400        67.99998   64.00000  5.88%  14.3 1852s
 4974545 1658134 infeasible  400        67.99998   64.00000  5.88%  14.3 1859s
 5006577 1658146   65.50000  327   34   67.99998   64.00000  5.88%  14.4 1865s
 5006629 1664420     cutoff  328        67.99998   64.00000  5.88%  14.4 1871s
 5038661 1664425   65.75000  384   35   67.99998   64.00000  5.88%  14.4 1877s
 5038718 1672627   65.75000  382   50   67.99998   64.00000  5.88%  14.4 1884s
 5064744 1672627   64.00000  287   23   67.99998   64.00000  5.88%  14.4 1885s
 5070750 1672640   65.50000  338   25   67.99998   64.00000  5.88%  14.4 1890s
 5070799 1680374 infeasible  339        67.99998   64.00000  5.88%  14.4 1897s
 5102831 1680377   64.00000  330   29   67.99998   64.00000  5.88%  14.4 1903s
 5102892 1687719   64.00000  331   29   67.99998   64.00000  5.88%  14.4 1910s
 5134924 1687737 infeasible  297        67.99998   64.00000  5.88%  14.4 1916s
 5134970 1693762   64.03125  296   40   67.99998   64.00000  5.88%  14.4 1922s
 5167002 1693763 infeasible  362        67.99998   64.00000  5.88%  14.4 1928s
 5167064 1700948   64.75000  362   47   67.99998   64.00000  5.88%  14.4 1934s
 5168065 1700948   64.00000  312   21   67.99998   64.00000  5.88%  14.4 1935s
 5199096 1700960     cutoff  318        67.99998   64.00000  5.88%  14.4 1941s
 5199145 1708709     cutoff  321        67.99998   64.00000  5.88%  14.4 1947s
 5231177 1708723   67.00000  329   31   67.99998   64.00000  5.88%  14.5 1953s
 5231224 1715237 infeasible  330        67.99998   64.00000  5.88%  14.5 1960s
 5263256 1715236 infeasible  296        67.99998   64.00000  5.88%  14.5 1966s
 5263319 1722018 infeasible  328        67.99998   64.00000  5.88%  14.5 1972s
 5295351 1722036   64.50000  326   24   67.99998   64.00000  5.88%  14.5 1978s
 5295397 1728627 infeasible  327        67.99998   64.00000  5.88%  14.5 1985s
 5327429 1728617   66.00000  278   24   67.99998   64.00000  5.88%  14.5 1991s
 5327503 1736057   64.00000  278   26   67.99998   64.00000  5.88%  14.5 1997s
 5359535 1736066   64.78125  342   32   67.99998   64.00000  5.88%  14.5 2006s
 5359589 1742351 infeasible  343        67.99998   64.00000  5.88%  14.5 2012s
 5391621 1742359 infeasible  330        67.99998   64.00000  5.88%  14.5 2018s
 5391675 1748451 infeasible  330        67.99998   64.00000  5.88%  14.5 2025s
 5423707 1748461   65.50000  289   26   67.99998   64.00000  5.88%  14.5 2031s
 5423761 1755293   65.86665  290   30   67.99998   64.00000  5.88%  14.5 2037s
 5455793 1755308   64.75000  359   43   67.99998   64.00000  5.88%  14.5 2043s
 5455842 1763175   64.75000  360   41   67.99998   64.00000  5.88%  14.5 2050s
 5487874 1763179   65.00000  337   26   67.99998   64.00000  5.88%  14.6 2056s
 5487933 1771246   65.00000  338   26   67.99998   64.00000  5.88%  14.6 2062s
 5519965 1771265   64.75000  317   30   67.99998   64.00000  5.88%  14.6 2068s
 5520010 1778856 infeasible  318        67.99998   64.00000  5.88%  14.6 2075s
 5552042 1778870 infeasible  359        67.99998   64.00000  5.88%  14.6 2081s
 5552092 1786286     cutoff  357        67.99998   64.00000  5.88%  14.6 2087s
 5584124 1786300     cutoff  339        67.99998   64.00000  5.88%  14.6 2094s
 5584173 1795985   66.63567  337   50   67.99998   64.00000  5.88%  14.6 2100s
 5616205 1795987   64.50000  348   32   67.99998   64.00000  5.88%  14.6 2107s
 5616262 1804210   65.00000  348   27   67.99998   64.00000  5.88%  14.6 2113s
 5648294 1804223   66.74643  318   49   67.99998   64.00000  5.88%  14.6 2119s
 5648344 1811481     cutoff  319        67.99998   64.00000  5.88%  14.6 2126s
 5680376 1811498   64.25000  267   25   67.99998   64.00000  5.88%  14.6 2132s
 5680423 1818885   64.25000  268   25   67.99998   64.00000  5.88%  14.6 2139s
 5701444 1818885   64.50000  368   30   67.99998   64.00000  5.88%  14.6 2140s
 5712906 1825945   65.01786  305   30   67.99998   64.00000  5.88%  14.7 2152s
 5744938 1826210   64.25000  350   29   67.99998   64.00000  5.88%  14.7 2156s
 5745503 1833895   64.25000  351   26   67.99998   64.00000  5.88%  14.7 2165s
 5778050 1841264 infeasible  299        67.99998   64.00000  5.88%  14.7 2183s
 5810082 1841368   65.00000  283   33   67.99998   64.00000  5.88%  14.7 2187s
 5810680 1848309     cutoff  284        67.99998   64.00000  5.88%  14.7 2196s
 5842712 1848447   64.50000  319   25   67.99998   64.00000  5.88%  14.7 2200s
 5843486 1854894   64.50000  320   23   67.99998   64.00000  5.88%  14.7 2208s
 5875518 1854990   65.00000  305   54   67.99998   64.00000  5.88%  14.7 2212s
 5876257 1861826   64.50000  335   35   67.99998   64.00000  5.88%  14.7 2221s
 5908289 1862005     cutoff  289        67.99998   64.00000  5.88%  14.8 2226s
 5909275 1869061     cutoff  290        67.99998   64.00000  5.88%  14.8 2234s
 5941307 1869233   67.25000  283   34   67.99998   64.00000  5.88%  14.8 2238s
 5941804 1876054   66.00000  287   28   67.99998   64.00000  5.88%  14.8 2246s
 5973836 1876156   66.00000  311   42   67.99998   64.00000  5.88%  14.8 2251s
 5974336 1882122   66.00000  312   38   67.99998   64.00000  5.88%  14.8 2259s
 5975337 1882122   65.50000  340   51   67.99998   64.00000  5.88%  14.8 2260s
 6006980 1889737   64.10833  326   40   67.99998   64.00000  5.88%  14.8 2272s
 6039012 1889842   65.87500  324   36   67.99998   64.00000  5.88%  14.8 2276s
 6039812 1896712   64.50000  306   29   67.99998   64.00000  5.88%  14.8 2285s
 6072373 1903521   65.00000  301   26   67.99998   64.00000  5.88%  14.8 2297s
 6104405 1903685     cutoff  309        67.99998   64.00000  5.88%  14.9 2301s
 6105086 1910976   65.50000  310   29   67.99998   64.00000  5.88%  14.9 2310s
 6137118 1911091   64.00000  334   39   67.99998   64.00000  5.88%  14.9 2315s
 6137679 1918393   64.00000  304   26   67.99998   64.00000  5.88%  14.9 2323s
 6169711 1918429 infeasible  311        67.99998   64.00000  5.88%  14.9 2328s
 6170103 1925726   64.75000  309   48   67.99998   64.00000  5.88%  14.9 2336s
 6202135 1925885     cutoff  326        67.99998   64.00000  5.88%  14.9 2340s
 6202746 1932788   64.75000  297   35   67.99998   64.00000  5.88%  14.9 2349s
 6224768 1932788   65.00000  314   41   67.99998   64.00000  5.88%  14.9 2350s
 6235784 1939544   64.00000  349   24   67.99998   64.00000  5.88%  14.9 2362s
 6267816 1939700 infeasible  331        67.99998   64.00000  5.88%  15.0 2366s
 6268542 1947241     cutoff  330        67.99998   64.00000  5.88%  15.0 2374s
 6281555 1947241   66.43750  342   36   67.99998   64.00000  5.88%  15.0 2375s
 6301347 1954244   66.00000  318   37   67.99998   64.00000  5.88%  15.0 2387s
 6333379 1954399   65.00000  319   25   67.99998   64.00000  5.88%  15.0 2391s
 6334363 1960813   65.00000  320   25   67.99998   64.00000  5.88%  15.0 2400s
 6366879 1967295 infeasible  317        67.99998   64.00000  5.88%  15.0 2413s
 6398911 1967437   64.50000  290   26   67.99998   64.00000  5.88%  15.0 2417s
 6399374 1973121     cutoff  294        67.99998   64.00000  5.88%  15.0 2426s
 6431406 1973368   65.00000  306   29   67.99998   64.00000  5.88%  15.0 2431s
 6432391 1979623   65.50000  307   31   67.99998   64.00000  5.88%  15.0 2439s
 6436395 1979623   64.34375  379   29   67.99998   64.00000  5.88%  15.0 2440s
 6465241 1987021   64.00000  354   33   67.99998   64.00000  5.88%  15.0 2456s
 6497273 1987046 infeasible  361        67.99998   64.00000  5.88%  15.0 2461s
 6497595 1992352   66.38645  286   72   67.99998   64.00000  5.88%  15.0 2470s
 6530291 1999123   65.50000  285   37   67.99998   64.00000  5.88%  15.1 2482s
 6562323 1999141   64.25000  331   28   67.99998   64.00000  5.88%  15.1 2488s
 6562456 2005555   64.09375  332   31   67.99998   64.00000  5.88%  15.1 2494s
 6582476 2005555   64.37500  277   28   67.99998   64.00000  5.88%  15.1 2495s
 6594488 2005557 infeasible  320        67.99998   64.00000  5.88%  15.1 2500s
 6594549 2012832 infeasible  321        67.99998   64.00000  5.88%  15.1 2507s
 6626581 2012834   64.75000  398   28   67.99998   64.00000  5.88%  15.1 2513s
 6626642 2018695   64.75000  399   28   67.99998   64.00000  5.88%  15.1 2519s
 6635651 2018695   64.50000  354   25   67.99998   64.00000  5.88%  15.1 2520s
 6658674 2018695     cutoff  356        67.99998   64.00000  5.88%  15.1 2526s
 6658736 2024853   64.01172  305   28   67.99998   64.00000  5.88%  15.1 2532s
 6690768 2024855   65.75000  333   38   67.99998   64.00000  5.88%  15.1 2539s
 6690830 2031222     cutoff  334        67.99998   64.00000  5.88%  15.1 2546s
 6722862 2031235   64.00000  319   34   67.99998   64.00000  5.88%  15.1 2552s
 6722912 2037839 infeasible  320        67.99998   64.00000  5.88%  15.1 2558s
 6754944 2037851   64.00000  327   25   67.99998   64.00000  5.88%  15.1 2565s
 6754996 2043758   65.00000  328   25   67.99998   64.00000  5.88%  15.1 2571s
 6787028 2043767   65.25000  334   32   67.99998   64.00000  5.88%  15.2 2577s
 6787082 2048835     cutoff  338        67.99998   64.00000  5.88%  15.2 2583s
 6819114 2048848   64.00000  335   22   67.99998   64.00000  5.88%  15.2 2590s
 6819165 2054437   64.00000  336   22   67.99998   64.00000  5.88%  15.2 2596s
 6851197 2054438   65.75000  363   25   67.99998   64.00000  5.88%  15.2 2602s
 6851260 2059452 infeasible  364        67.99998   64.00000  5.88%  15.2 2609s
 6883292 2059471   64.75000  353   36   67.99998   64.00000  5.88%  15.2 2615s
 6883336 2065041   64.75000  354   36   67.99998   64.00000  5.88%  15.2 2622s
 6915368 2065048     cutoff  363        67.99998   64.00000  5.88%  15.2 2628s
 6915425 2069826   64.00000  314   23   67.99998   64.00000  5.88%  15.2 2634s
 6947457 2069838   65.27344  348   37   67.99998   64.00000  5.88%  15.2 2641s
 6947508 2074502 infeasible  350        67.99998   64.00000  5.88%  15.2 2649s
 6976537 2074502     cutoff  323        67.99998   64.00000  5.88%  15.2 2650s
 6979540 2074506   65.52344  343   27   67.99998   64.00000  5.88%  15.2 2656s
 6979599 2079248 infeasible  348        67.99998   64.00000  5.88%  15.2 2662s
 7011631 2079258     cutoff  403        67.99998   64.00000  5.88%  15.2 2669s
 7011685 2083245   64.58333  340   41   67.99998   64.00000  5.88%  15.2 2675s
 7043717 2083257   65.27344  344   27   67.99998   64.00000  5.88%  15.2 2681s
 7043769 2088650   65.50000  345   27   67.99998   64.00000  5.88%  15.2 2688s
 7075801 2088661     cutoff  293        67.99998   64.00000  5.88%  15.2 2695s
 7075853 2094269 infeasible  294        67.99998   64.00000  5.88%  15.2 2701s
 7107885 2094276   65.75000  282   36   67.99998   64.00000  5.88%  15.2 2707s
 7107942 2099935     cutoff  282        67.99998   64.00000  5.88%  15.2 2714s
 7139974 2099947     cutoff  336        67.99998   64.00000  5.88%  15.2 2721s
 7140026 2105184     cutoff  334        67.99998   64.00000  5.88%  15.2 2727s
 7172058 2105196   64.26562  340   53   67.99998   64.00000  5.88%  15.2 2737s
 7172110 2111267   64.50000  341   50   67.99998   64.00000  5.88%  15.2 2743s
 7204142 2111290   65.02344  349   36   67.99998   64.00000  5.88%  15.2 2749s
 7204183 2116664     cutoff  350        67.99998   64.00000  5.88%  15.2 2756s
 7236215 2116685   67.75000  322   29   67.99998   64.00000  5.88%  15.2 2762s
 7236258 2122227 infeasible  323        67.99998   64.00000  5.88%  15.2 2768s
 7268290 2122242   64.00000  344   30   67.99998   64.00000  5.88%  15.2 2774s
 7268339 2128262   64.50000  341   26   67.99998   64.00000  5.88%  15.2 2781s
 7300371 2128274   64.06250  368   23   67.99998   64.00000  5.88%  15.2 2787s
 7300423 2134211   67.00000  369   19   67.99998   64.00000  5.88%  15.2 2794s
 7332455 2134214 infeasible  298        67.99998   64.00000  5.88%  15.2 2800s
 7332516 2140397   65.75000  299   30   67.99998   64.00000  5.88%  15.2 2807s
 7364548 2140406     cutoff  353        67.99998   64.00000  5.88%  15.2 2813s
 7364603 2146102 infeasible  354        67.99998   64.00000  5.88%  15.2 2820s
 7396635 2146107   64.50000  342   40   67.99998   64.00000  5.88%  15.2 2826s
 7396694 2151661   64.50000  343   38   67.99998   64.00000  5.88%  15.2 2832s
 7428726 2151670   64.50000  342   22   67.99998   64.00000  5.88%  15.2 2838s
 7428781 2157101   64.00000  342   22   67.99998   64.00000  5.88%  15.2 2845s
 7460813 2157116   65.25000  355   30   67.99998   64.00000  5.88%  15.2 2851s
 7460862 2162330   65.25000  356   28   67.99998   64.00000  5.88%  15.2 2857s
 7492894 2162335   64.50000  347   24   67.99998   64.00000  5.88%  15.2 2863s
 7492950 2166767   64.50000  348   24   67.99998   64.00000  5.88%  15.2 2870s
 7526254 2171899   66.25000  410   26   67.99998   64.00000  5.88%  15.2 2883s
 7558286 2172060   64.75000  350   26   67.99998   64.00000  5.88%  15.2 2887s
 7559230 2177243     cutoff  347        67.99998   64.00000  5.88%  15.2 2895s
 7592803 2182368   64.00000  354   28   67.99998   64.00000  5.88%  15.2 2908s
 7624835 2182569   64.50000  356   20   67.99998   64.00000  5.88%  15.2 2912s
 7626174 2187194     cutoff  361        67.99998   64.00000  5.88%  15.2 2926s
 7658206 2187364 infeasible  379        67.99998   64.00000  5.88%  15.2 2930s
 7659939 2192322 infeasible  357        67.99998   64.00000  5.88%  15.2 2938s
 7691971 2192500   66.02564  374   40   67.99998   64.00000  5.88%  15.2 2942s
 7693018 2196820   66.03226  375   37   67.99998   64.00000  5.88%  15.2 2951s
 7725050 2197179 infeasible  359        67.99998   64.00000  5.88%  15.2 2955s
 7726495 2202185   67.16667  339   35   67.99998   64.00000  5.88%  15.2 2963s
 7758527 2202388   67.16667  355   47   67.99998   64.00000  5.88%  15.2 2968s
 7759915 2207057     cutoff  356        67.99998   64.00000  5.88%  15.2 2976s
 7791947 2207213   66.25000  357   24   67.99998   64.00000  5.88%  15.2 2981s
 7793146 2212684     cutoff  358        67.99998   64.00000  5.88%  15.2 2989s
 7806159 2212684   64.75000  346   26   67.99998   64.00000  5.88%  15.2 2990s
 7826067 2217877   64.50000  402   28   67.99998   64.00000  5.88%  15.2 3002s
 7858099 2218058   64.25000  368   31   67.99998   64.00000  5.88%  15.2 3006s
 7858840 2222456   64.25000  370   33   67.99998   64.00000  5.88%  15.2 3014s
 7867849 2222456   64.50000  335   25   67.99998   64.00000  5.88%  15.2 3015s
 7891988 2226874   66.00000  352   20   67.99998   64.00000  5.88%  15.3 3027s
 7924020 2227028     cutoff  356        67.99998   64.00000  5.88%  15.3 3031s
 7925188 2232012 infeasible  353        67.99998   64.00000  5.88%  15.3 3039s
 7950213 2232012   64.50000  370   28   67.99998   64.00000  5.88%  15.3 3040s
 7958434 2237028     cutoff  352        67.99998   64.00000  5.88%  15.3 3052s
 7990466 2237225 infeasible  359        67.99998   64.00000  5.88%  15.3 3056s
 7991656 2242252     cutoff  309        67.99998   64.00000  5.88%  15.3 3065s
 8024590 2247298   64.00000  299   27   67.99998   64.00000  5.88%  15.3 3078s
 8056622 2247407   64.00000  364   39   67.99998   64.00000  5.88%  15.3 3082s
 8057351 2252016   64.00000  365   39   67.99998   64.00000  5.88%  15.3 3090s
 8089383 2252070   64.50000  368   45   67.99998   64.00000  5.88%  15.3 3095s
 8090194 2256878   65.25000  371   22   67.99998   64.00000  5.88%  15.3 3103s
 8122226 2256990     cutoff  367        67.99998   64.00000  5.88%  15.3 3107s
 8123193 2262199     cutoff  367        67.99998   64.00000  5.88%  15.3 3116s
 8155225 2262338     cutoff  321        67.99998   64.00000  5.88%  15.3 3120s
 8155899 2267936 infeasible  324        67.99998   64.00000  5.88%  15.3 3129s
 8187931 2268151   65.00000  336   26   67.99998   64.00000  5.88%  15.3 3133s
 8189367 2274467 infeasible  340        67.99998   64.00000  5.88%  15.3 3142s
 8221399 2274666   66.00000  353   18   67.99998   64.00000  5.88%  15.3 3146s
 8222143 2280963   64.50000  368   33   67.99998   64.00000  5.88%  15.3 3155s
 8254702 2286850   64.75000  347   37   67.99998   64.00000  5.88%  15.3 3168s
 8286734 2286986   64.59375  367   36   67.99998   64.00000  5.88%  15.3 3172s
 8287378 2292458   64.59375  368   36   67.99998   64.00000  5.88%  15.3 3184s
 8311402 2292458   64.50000  311   24   67.99998   64.00000  5.88%  15.3 3185s
 8319835 2298412     cutoff  330        67.99998   64.00000  5.88%  15.3 3197s
 8351867 2298572   64.50000  365   33   67.99998   64.00000  5.88%  15.3 3201s
 8352727 2304363 infeasible  365        67.99998   64.00000  5.88%  15.3 3210s
 8385601 2309917     cutoff  352        67.99998   64.00000  5.88%  15.3 3222s
 8417633 2310029   64.00000  322   41   67.99998   64.00000  5.88%  15.3 3227s
 8418048 2315310   64.50000  323   33   67.99998   64.00000  5.88%  15.3 3235s
 8450080 2315340 infeasible  333        67.99998   64.00000  5.88%  15.3 3240s
 8450283 2320878     cutoff  341        67.99998   64.00000  5.88%  15.3 3249s
 8482315 2320927   65.75000  384   36   67.99998   64.00000  5.88%  15.3 3253s
 8482539 2326313   65.75000  385   36   67.99998   64.00000  5.88%  15.3 3262s
 8514571 2326367     cutoff  341        67.99998   64.00000  5.88%  15.3 3267s
 8514937 2332320 infeasible  339        67.99998   64.00000  5.88%  15.3 3274s
 8546969 2332331     cutoff  343        67.99998   64.00000  5.88%  15.4 3280s
 8547022 2337934   64.75000  341   35   67.99998   64.00000  5.88%  15.4 3287s
 8579054 2337930   66.00000  348   26   67.99998   64.00000  5.88%  15.4 3293s
 8579122 2343413   66.01094  349   31   67.99998   64.00000  5.88%  15.4 3299s
 8588131 2343413     cutoff  356        67.99998   64.00000  5.88%  15.4 3300s
 8611154 2343427   65.60833  311   38   67.99998   64.00000  5.88%  15.4 3305s
 8611202 2349698 infeasible  312        67.99998   64.00000  5.88%  15.4 3312s
 8643234 2349703     cutoff  281        67.99998   64.00000  5.88%  15.4 3318s
 8643290 2354751   66.25000  282   28   67.99998   64.00000  5.88%  15.4 3325s
 8675322 2354764     cutoff  357        67.99998   64.00000  5.88%  15.4 3331s
 8675372 2360152   67.50000  356   37   67.99998   64.00000  5.88%  15.4 3338s
 8707404 2360174   66.25000  342   30   67.99998   64.00000  5.88%  15.4 3344s
 8707446 2365112   66.27778  343   38   67.99998   64.00000  5.88%  15.4 3351s
 8739478 2365112   66.00000  357   47   67.99998   64.00000  5.88%  15.4 3357s
 8739540 2370893   66.12500  358   51   67.99998   64.00000  5.88%  15.4 3364s
 8771572 2370908 infeasible  369        67.99998   64.00000  5.88%  15.4 3370s
 8771621 2377801   65.77344  367   32   67.99998   64.00000  5.88%  15.4 3378s
 8803653 2377809   64.00000  338   31   67.99998   64.00000  5.88%  15.4 3385s
 8803708 2384040   64.00000  339   31   67.99998   64.00000  5.88%  15.4 3391s
 8835740 2384045   64.50000  320   33   67.99998   64.00000  5.88%  15.4 3397s
 8835798 2390430   64.75000  321   28   67.99998   64.00000  5.88%  15.4 3403s
 8867830 2390443 infeasible  337        67.99998   64.00000  5.88%  15.4 3410s
 8867881 2396374 infeasible  337        67.99998   64.00000  5.88%  15.4 3416s
 8899913 2396389 infeasible  310        67.99998   64.00000  5.88%  15.4 3422s
 8899962 2402026 infeasible  311        67.99998   64.00000  5.88%  15.4 3429s
 8931994 2402042   65.25000  342   29   67.99998   64.00000  5.88%  15.4 3435s
 8932042 2407693   66.25000  343   27   67.99998   64.00000  5.88%  15.4 3442s
 8964074 2407707     cutoff  358        67.99998   64.00000  5.88%  15.4 3448s
 8964122 2414232     cutoff  358        67.99998   64.00000  5.88%  15.4 3454s
 8968126 2414232   64.00000  340   29   67.99998   64.00000  5.88%  15.4 3455s
 8996154 2414240   66.00000  356   18   67.99998   64.00000  5.88%  15.4 3463s
 8996208 2419921 infeasible  357        67.99998   64.00000  5.88%  15.4 3470s
 9028240 2419930     cutoff  361        67.99998   64.00000  5.88%  15.4 3476s
 9028295 2425687 infeasible  361        67.99998   64.00000  5.88%  15.4 3483s
 9060327 2425700     cutoff  346        67.99998   64.00000  5.88%  15.4 3489s
 9060376 2431114   65.50000  347   39   67.99998   64.00000  5.88%  15.4 3495s
 9092408 2431126   64.25000  354   21   67.99998   64.00000  5.88%  15.5 3501s
 9092459 2436953   64.30466  354   28   67.99998   64.00000  5.88%  15.5 3508s
 9124491 2436972   66.34375  343   39   67.99998   64.00000  5.88%  15.5 3514s
 9124535 2442470   66.25000  342   30   67.99998   64.00000  5.88%  15.5 3520s
 9156567 2442478   64.06185  381   42   67.99998   64.00000  5.88%  15.5 3526s
 9156622 2448291   64.50000  382   28   67.99998   64.00000  5.88%  15.5 3533s
 9188654 2448301   64.00000  331   56   67.99998   64.00000  5.88%  15.5 3539s
 9188707 2455083   64.00000  332   47   67.99998   64.00000  5.88%  15.5 3545s
 9220739 2455089   65.03125  337   45   67.99998   64.00000  5.88%  15.5 3551s
 9220796 2460417   66.00000  338   34   67.99998   64.00000  5.88%  15.5 3558s
 9252828 2460424   64.76562  355   51   67.99998   64.00000  5.88%  15.5 3564s
 9252885 2466182 infeasible  356        67.99998   64.00000  5.88%  15.5 3571s
 9284917 2466178     cutoff  351        67.99998   64.00000  5.88%  15.5 3577s
 9284984 2471912     cutoff  293        67.99998   64.00000  5.88%  15.5 3583s
 9317016 2471929   64.12500  351   23   67.99998   64.00000  5.88%  15.5 3589s
 9317062 2477355   65.50000  352   26   67.99998   64.00000  5.88%  15.5 3596s
 9349094 2477371 infeasible  387        67.99998   64.00000  5.88%  15.5 3600s

Cutting planes:
  Learned: 102
  Gomory: 7
  Cover: 268
  Implied bound: 93
  Clique: 101
  MIR: 519
  StrongCG: 2
  Flow cover: 554
  GUB cover: 5
  RLT: 57
  Relax-and-lift: 628

Cleanup yields a better solution

Explored 9349142 nodes (145113557 simplex iterations) in 3600.08 seconds
Thread count was 32 (of 32 available processors)

Solution count 10: 68 68 68 ... 70

Time limit reached
Best objective 6.795529840252e+01, best bound 6.400000000000e+01, gap 5.8204%
