
Gurobi 9.1.2 (linux64) logging started Tue Aug  8 22:05:51 2023

Changed value of parameter LogFile to max-ls_r=('0', '6').log
   Prev:   Default: 
Changed value of parameter MIPFocus to 1
   Prev: 0  Min: 0  Max: 3  Default: 0
Changed value of parameter Threads to 32
   Prev: 0  Min: 0  Max: 1024  Default: 0
Changed value of parameter TimeLimit to 3600.0
   Prev: inf  Min: 0.0  Max: inf  Default: inf
Warning: variable name "X[('2', '3'),('2', '5')]" has a space
Warning: constraint name "flow-constr-t0-v('0', '6')" has a space
Warning: to let Gurobi read it back, use rlp format
Gurobi Optimizer version 9.1.2 build v9.1.2rc0 (linux64)
Thread count: 16 physical cores, 32 logical processors, using up to 32 threads
Optimize a model with 2955 rows, 2688 columns and 10316 nonzeros
Model fingerprint: 0x1a363635
Variable types: 256 continuous, 2432 integer (2432 binary)
Coefficient statistics:
  Matrix range     [1e+00, 7e+04]
  Objective range  [2e-01, 2e-01]
  Bounds range     [1e+00, 3e+04]
  RHS range        [1e+00, 7e+04]
Presolve removed 239 rows and 236 columns
Presolve time: 0.05s
Presolved: 2716 rows, 2452 columns, 18584 nonzeros
Variable types: 256 continuous, 2196 integer (2196 binary)

Root relaxation: objective 6.400000e+01, 152 iterations, 0.01 seconds

    Nodes    |    Current Node    |     Objective Bounds      |     Work
 Expl Unexpl |  Obj  Depth IntInf | Incumbent    BestBd   Gap | It/Node Time

     0     0   64.00000    0   24          -   64.00000      -     -    0s
H    0     0                     419.0000000   64.00000  84.7%     -    0s
H    0     0                     418.7500000   64.00000  84.7%     -    0s
     0     0   64.00000    0   48  418.75000   64.00000  84.7%     -    0s
H    0     0                     249.0000000   64.00000  74.3%     -    0s
H    0     0                     135.7500000   64.00000  52.9%     -    0s
     0     0   64.00000    0   48  135.75000   64.00000  52.9%     -    0s
     0     0   64.00000    0   16  135.75000   64.00000  52.9%     -    0s
H    0     0                     133.3750000   64.00000  52.0%     -    0s
     0     0   64.00000    0   18  133.37500   64.00000  52.0%     -    0s
H    0     0                     115.5000000   64.00000  44.6%     -    0s
     0     0   64.00000    0   22  115.50000   64.00000  44.6%     -    0s
H    0     0                      84.0000000   64.00000  23.8%     -    0s
     0     0   64.00000    0   22   84.00000   64.00000  23.8%     -    0s
     0     0   64.00000    0   17   84.00000   64.00000  23.8%     -    0s
     0     0   64.00000    0   10   84.00000   64.00000  23.8%     -    0s
H    0     0                      78.7500000   64.00000  18.7%     -    0s
H    0     0                      78.0000000   64.00000  17.9%     -    1s
     0     2   64.00000    0   10   78.00000   64.00000  17.9%     -    1s
H    2     4                      77.8750000   64.00000  17.8%  93.5    1s
H   31    64                      77.5000000   64.00000  17.4%  12.3    1s
H   32    64                      77.0000000   64.00000  16.9%  12.0    1s
H   44    64                      76.7500000   64.00000  16.6%   9.0    1s
H   99   128                      76.5000000   64.00000  16.3%   5.4    3s
H  110   128                      74.5000000   64.00000  14.1%   5.0    3s
H  130   158                      73.7500000   64.00000  13.2%   4.4    4s
H  132   158                      73.5000000   64.00000  12.9%   4.4    4s
H  152   158                      72.5000000   64.00000  11.7%   4.0    4s
H  159   190                      72.2500000   64.00000  11.4%   3.9    5s
H  167   190                      72.0000000   64.00000  11.1%   3.7    5s
H  173   190                      71.2500000   64.00000  10.2%   3.6    5s
H  191   222                      71.0000000   64.00000  9.86%   3.4    6s
H  203   222                      70.9999998   64.00000  9.86%   3.3    6s
H  218   222                      69.7500000   64.00000  8.24%   5.9    6s
H  223   266                      68.2500000   64.00000  6.23%   5.8    7s
H  236   266                      68.0000000   64.00000  5.88%   5.6    7s
  2045  1998   64.00000   65   24   68.00000   64.00000  5.88%   8.7   10s
 10279  9423   64.00000   20   73   68.00000   64.00000  5.88%  12.3   19s
 10343  9466   64.00000   21   62   68.00000   64.00000  5.88%  12.3   24s
 10460  9544   64.00000   23   60   68.00000   64.00000  5.88%  12.3   26s
 11100 12797   64.00000   33   59   68.00000   64.00000  5.88%  12.5   30s
 17745 13493   66.50000  131   81   68.00000   64.00000  5.88%  12.1   35s
H17781 13014                      67.9999998   64.00000  5.88%  12.1   35s
 23910 18262   64.00000   71   69   68.00000   64.00000  5.88%  13.3   40s
 28887 18106   65.00000  171   69   68.00000   64.00000  5.88%  13.4   47s
H40098 21163                      67.1250000   64.00000  4.66%  14.3   50s
H40405 18445                      67.0000000   64.00000  4.48%  14.2   53s
H40415 18106                      66.6666667   64.00000  4.00%  14.2   53s
H40416 17113                      66.5000000   64.00000  3.76%  14.2   53s
H40417 15227                      66.0000000   64.00000  3.03%  14.2   53s
 40469 15702   64.50000  244   68   66.00000   64.00000  3.03%  14.2   56s
 44376 17757   64.75000   90   85   66.00000   64.00000  3.03%  15.3   60s
 48792 20524   64.00000  115   65   66.00000   64.00000  3.03%  15.7   66s
H52079 23570                      66.0000000   64.00000  3.03%  16.1   67s
H54902 26260                      66.0000000   64.00000  3.03%  16.1   68s
 57032 26284     cutoff  104        66.00000   64.00000  3.03%  16.3   71s
H57033 26284                      65.9999999   64.00000  3.03%  16.3   71s
H57038 26284                      65.9999999   64.00000  3.03%  16.3   71s
H57784 27774                      65.9999999   64.00000  3.03%  16.4   72s
 59776 33684   64.00000  236   77   66.00000   64.00000  3.03%  16.6   77s
H60849 33684                      65.9999999   64.00000  3.03%  16.8   77s
H62890 33684                      65.9999999   64.00000  3.03%  17.1   77s
 70367 33698     cutoff   85        66.00000   64.00000  3.03%  17.4   82s
H70378 33698                      65.9999999   64.00000  3.03%  17.4   82s
H70390 33698                      65.9999998   64.00000  3.03%  17.4   82s
H70400 33698                      65.9999997   64.00000  3.03%  17.4   82s
 78761 38460     cutoff  168        66.00000   64.00000  3.03%  17.6   88s
H78770 38460                      65.9999997   64.00000  3.03%  17.6   88s
H78772 38460                      65.9999997   64.00000  3.03%  17.6   88s
 78876 38481   64.25000  168   83   66.00000   64.00000  3.03%  17.7   90s
 82211 40463   64.00000  155   64   66.00000   64.00000  3.03%  18.0   97s
H82227 40463                      65.9999997   64.00000  3.03%  18.0   97s
 88241 46679 infeasible  186        66.00000   64.00000  3.03%  18.3  100s
H89763 46679                      65.9999996   64.00000  3.03%  18.4  100s
H90717 46679                      65.9999989   64.00000  3.03%  18.5  100s
H93629 46708                      65.9999987   64.00000  3.03%  18.7  108s
H93634 46708                      65.9999987   64.00000  3.03%  18.7  108s
 93663 63957     cutoff  190        66.00000   64.00000  3.03%  18.8  121s
H98694 63957                      65.9999987   64.00000  3.03%  19.0  121s
 125695 74437   65.50000  301   83   66.00000   64.00000  3.03%  21.0  127s
H128954 74437                      65.9999987   64.00000  3.03%  20.8  127s
H140134 74437                      65.9999986   64.00000  3.03%  20.9  127s
 145157 74462   64.00000   98  103   66.00000   64.00000  3.03%  20.8  134s
H145182 74462                      65.9999983   64.00000  3.03%  20.8  134s
 145195 76054     cutoff   99        66.00000   64.00000  3.03%  20.8  135s
H146756 76054                      65.9999982   64.00000  3.03%  20.8  135s
H146967 76054                      65.9999982   64.00000  3.03%  20.8  135s
 148335 76068     cutoff  244        66.00000   64.00000  3.03%  20.8  141s
H148344 76068                      65.9999981   64.00000  3.03%  20.8  141s
H148361 76068                      65.9999981   64.00000  3.03%  20.8  141s
H148374 76068                      65.9999981   64.00000  3.03%  20.8  141s
H148568 76418                      65.9999980   64.00000  3.03%  20.8  144s
 149227 77292     cutoff  249        66.00000   64.00000  3.03%  20.9  149s
H149339 77292                      65.9999980   64.00000  3.03%  20.9  149s
 151170 81933   64.50000  239   68   66.00000   64.00000  3.03%  20.8  151s
 160576 81957   64.00000  231   80   66.00000   64.00000  3.03%  20.8  158s
H160580 81957                      65.9999980   64.00000  3.03%  20.8  158s
H160610 81957                      65.9999980   64.00000  3.03%  20.8  158s
 160616 98117   65.75000  232   78   66.00000   64.00000  3.03%  20.8  166s
H185642 98117                      65.9999980   64.00000  3.03%  20.4  166s
 192648 98136   65.50000  305   86   66.00000   64.00000  3.03%  20.3  173s
H192652 98136                      65.9999979   64.00000  3.03%  20.3  173s
 192692 112522   65.50000  306   83   66.00000   64.00000  3.03%  20.3  183s
H213738 112522                      65.9999979   64.00000  3.03%  20.2  183s
 224724 112532   64.00000  228   72   66.00000   64.00000  3.03%  20.1  190s
H224764 112532                      65.9999978   64.00000  3.03%  20.2  190s
 224777 127476 infeasible  229        66.00000   64.00000  3.03%  20.2  199s
 256809 127493   65.37500  241   67   66.00000   64.00000  3.03%  19.7  207s
H256840 127493                      65.9999978   64.00000  3.03%  19.7  207s
 256853 141458     cutoff  242        66.00000   64.00000  3.03%  19.7  217s
 288885 141474     cutoff  239        66.00000   64.00000  3.03%  19.6  222s
H288892 141474                      65.9999978   64.00000  3.03%  19.6  222s
 288931 155236   64.50000  236   62   66.00000   64.00000  3.03%  19.6  233s

Gurobi 9.1.2 (linux64) logging started Thu Aug 10 11:44:56 2023

Changed value of parameter LogFile to max-ls_r=('0', '6').log
   Prev:   Default: 
Changed value of parameter MIPFocus to 1
   Prev: 0  Min: 0  Max: 3  Default: 0
Changed value of parameter Threads to 32
   Prev: 0  Min: 0  Max: 1024  Default: 0
Changed value of parameter TimeLimit to 3600.0
   Prev: inf  Min: 0.0  Max: inf  Default: inf
Warning: variable name "X[('6', '6'),('7', '6')]" has a space
Warning: constraint name "flow-constr-t0-v('6', '3')" has a space
Warning: to let Gurobi read it back, use rlp format
Gurobi Optimizer version 9.1.2 build v9.1.2rc0 (linux64)
Thread count: 16 physical cores, 32 logical processors, using up to 32 threads
Optimize a model with 2955 rows, 2688 columns and 10316 nonzeros
Model fingerprint: 0xcc650015
Variable types: 256 continuous, 2432 integer (2432 binary)
Coefficient statistics:
  Matrix range     [1e+00, 7e+04]
  Objective range  [2e-01, 2e-01]
  Bounds range     [1e+00, 3e+04]
  RHS range        [1e+00, 7e+04]
Presolve removed 239 rows and 236 columns
Presolve time: 0.04s
Presolved: 2716 rows, 2452 columns, 18585 nonzeros
Variable types: 256 continuous, 2196 integer (2196 binary)
Found heuristic solution: objective 2606.7499998

Root relaxation: objective 6.400000e+01, 155 iterations, 0.00 seconds

    Nodes    |    Current Node    |     Objective Bounds      |     Work
 Expl Unexpl |  Obj  Depth IntInf | Incumbent    BestBd   Gap | It/Node Time

     0     0   64.00000    0   34 2606.75000   64.00000  97.5%     -    0s
H    0     0                     284.7500000   64.00000  77.5%     -    0s
H    0     0                     284.5000000   64.00000  77.5%     -    0s
H    0     0                     167.5000000   64.00000  61.8%     -    0s
H    0     0                     167.0000000   64.00000  61.7%     -    0s
H    0     0                     134.7500000   64.00000  52.5%     -    0s
     0     0   64.00000    0   89  134.75000   64.00000  52.5%     -    0s
H    0     0                     128.7500000   64.00000  50.3%     -    0s
     0     0   64.00000    0   84  128.75000   64.00000  50.3%     -    0s
H    0     0                     111.0000000   64.00000  42.3%     -    0s
H    0     0                     109.7500000   64.00000  41.7%     -    0s
     0     0   64.00000    0   34  109.75000   64.00000  41.7%     -    0s
H    0     0                      93.0000000   64.00000  31.2%     -    0s
     0     0   64.00000    0   36   93.00000   64.00000  31.2%     -    0s
H    0     0                      89.2500000   64.00000  28.3%     -    0s
     0     0   64.00000    0   20   89.25000   64.00000  28.3%     -    0s
H    0     0                      87.8750000   64.00000  27.2%     -    0s
H    0     0                      86.4166667   64.00000  25.9%     -    0s
     0     0   64.00000    0   28   86.41667   64.00000  25.9%     -    0s
     0     0   64.00000    0   24   86.41667   64.00000  25.9%     -    0s
     0     0   64.00000    0   28   86.41667   64.00000  25.9%     -    0s
H    0     0                      84.8666667   64.00000  24.6%     -    1s
H    0     0                      81.8750000   64.00000  21.8%     -    1s
     0     2   64.00000    0   24   81.87500   64.00000  21.8%     -    1s
H    2     4                      79.7500000   64.00000  19.7%   244    1s
H   31    58                      78.0000000   64.00000  17.9%  27.6    2s
H   31    58                      76.8750000   64.00000  16.7%  27.6    2s
H   38    58                      75.1250000   64.00000  14.8%  22.9    2s
H   61    58                      75.0000000   64.00000  14.7%  16.5    2s
H   95   122                      74.5000000   64.00000  14.1%  11.6    3s
H   96   122                      74.2500000   64.00000  13.8%  11.5    3s
H  102   122                      73.7500000   64.00000  13.2%  11.0    3s
H  109   122                      73.2500000   64.00000  12.6%  10.4    3s
H  118   122                      73.0000000   64.00000  12.3%   9.8    3s
H  191   218                      72.1666667   64.00000  11.3%   7.1    5s
H  193   218                      72.0000000   64.00000  11.1%   7.0    5s
H  198   218                      71.4166667   64.00000  10.4%   6.9    5s
H  199   218                      71.0000000   64.00000  9.86%   6.9    5s
H  204   218                      70.7500000   64.00000  9.54%   6.8    5s
H  223   250                      68.0000000   64.00000  5.88%   6.3    7s
H  224   250                      68.0000000   64.00000  5.88%   6.3    7s
H  255   282                      68.0000000   64.00000  5.88%   5.8   10s
H  368   822                      67.9999999   64.00000  5.88%   4.7   10s
H  793   822                      67.9999995   64.00000  5.88%   4.1   10s
H  882  3601                      67.9999995   64.00000  5.88%   3.8   11s
H 2300  3601                      67.9999995   64.00000  5.88%   3.3   11s
H 3711  3630                      67.9999994   64.00000  5.88%   4.1   15s
H 3711  3630                      67.9999994   64.00000  5.88%   4.1   15s
H 3712  3630                      67.9999994   64.00000  5.88%   4.1   15s
H 3721  3630                      67.9999993   64.00000  5.88%   4.1   15s
H 3744  3630                      67.9999993   64.00000  5.88%   4.1   15s
H 3799  4431                      67.9999992   64.00000  5.88%   4.1   16s
H 3880  4431                      67.9999991   64.00000  5.88%   4.1   16s
H 4150  4431                      67.9999990   64.00000  5.88%   4.0   16s
H 4714  5473                      67.9999989   64.00000  5.88%   3.9   17s
H 4834  5473                      67.9999989   64.00000  5.88%   3.9   17s
H 4997  5473                      67.9999989   64.00000  5.88%   3.9   17s
  5713 10856   64.00000  171   57   68.00000   64.00000  5.88%   3.9   20s
H11705 10882                      67.9999988   64.00000  5.88%   4.3   24s
H11707 10882                      67.9999988   64.00000  5.88%   4.3   24s
H11726 10882                      67.9999988   64.00000  5.88%   4.3   24s
 11740 10884   64.00000   12   28   68.00000   64.00000  5.88%   4.3   25s
H11749 10345                      67.9999988   64.00000  5.88%   4.3   26s
 11845 10442   64.00000   17   72   68.00000   64.00000  5.88%   6.0   30s
H11865  9918                      66.9166667   64.00000  4.36%   6.0   30s
H11941  9497                      66.6666667   64.00000  4.00%   6.0   31s
H11956  9025                      66.6250000   64.00000  3.94%   6.0   31s
H11959  8580                      66.5000000   64.00000  3.76%   6.0   31s
H11966  8156                      66.0000000   64.00000  3.03%   6.0   31s
 16264 12790   64.00000   87   56   66.00000   64.00000  3.03%   6.8   35s
 20854 12172   64.50000  109   68   66.00000   64.00000  3.03%   7.1   40s
H20858 11771                      66.0000000   64.00000  3.03%   7.1   40s
H20874 11386                      65.9999990   64.00000  3.03%   7.1   40s
 30894 17682   65.50000  107   77   66.00000   64.00000  3.03%   7.7   46s
 42097 18178     cutoff  105        66.00000   64.00000  3.03%   8.1   50s
 52626 23314   64.25000  139   62   66.00000   64.00000  3.03%   8.3   55s
H63733 25433                      65.9999988   64.00000  3.03%   8.4   59s
 64022 34083   64.50000   91   44   66.00000   64.00000  3.03%   8.4   63s
 96054 34395   64.25000   85   45   66.00000   64.00000  3.03%   8.4   67s
 97657 42016     cutoff  131        66.00000   64.00000  3.03%   8.4   71s
 132488 47110   65.75000   93   46   66.00000   64.00000  3.03%   8.7   77s
 154818 47125     cutoff  146        66.00000   64.00000  3.03%   8.9   80s
 160994 54561     cutoff  156        66.00000   64.00000  3.03%   8.9   89s
 184017 54561   64.00000  120   64   66.00000   64.00000  3.03%   9.2   90s
 201277 57641     cutoff  139        66.00000   64.00000  3.03%   9.3   96s
 210327 59435   64.25000  148   39   66.00000   64.00000  3.03%   9.4  100s
 224255 60790     cutoff  174        66.00000   64.00000  3.03%   9.5  105s
 224308 66722     cutoff  170        66.00000   64.00000  3.03%   9.5  110s
 256392 71902   64.50000  162   43   66.00000   64.00000  3.03%   9.7  120s
 291652 72668   65.50000  176   34   66.00000   64.00000  3.03%   9.8  125s
 306303 75572     cutoff  188        66.00000   64.00000  3.03%   9.9  131s
 314747 76658   65.50000  194   35   66.00000   64.00000  3.03%   9.9  135s
 324721 81498     cutoff  190        66.00000   64.00000  3.03%   9.9  143s
 356753 81865   64.89999  151   38   66.00000   64.00000  3.03%  10.0  145s
 362492 84957     cutoff  186        66.00000   64.00000  3.03%  10.0  151s
H379963 86158                      65.9999792   64.00000  3.03%  10.1  153s
H387301 86221                      65.9999502   64.00000  3.03%  10.1  156s
 387871 91056   64.00000  194   41   65.99995   64.00000  3.03%  10.1  161s
 427992 92230   64.00000  147   34   65.99995   64.00000  3.03%  10.3  165s
 436508 94561   65.50000  177   53   65.99995   64.00000  3.03%  10.3  170s
 452985 95926   65.87500  169   39   65.99995   64.00000  3.03%  10.4  176s
 453185 100900     cutoff  170        65.99995   64.00000  3.03%  10.4  181s
 484316 100915   65.00000  135   36   65.99995   64.00000  3.03%  10.4  185s
 515504 106033     cutoff  172        65.99995   64.00000  3.03%  10.5  193s
 515908 111267   64.00000  169   42   65.99995   64.00000  3.03%  10.5  197s
 547051 111508     cutoff  134        65.99995   64.00000  3.03%  10.5  200s
 548477 116560   65.50000  178   41   65.99995   64.00000  3.03%  10.5  205s
 580787 122295   64.00000  161   42   65.99995   64.00000  3.03%  10.5  214s
 611971 122313   64.00000  138   46   65.99995   64.00000  3.03%  10.6  218s
 612145 127080   64.00000  139   45   65.99995   64.00000  3.03%  10.6  222s
 643128 127099   65.00000  143   54   65.99995   64.00000  3.03%  10.6  226s
 643294 132229   65.00000  144   54   65.99995   64.00000  3.03%  10.6  231s
 673412 132247     cutoff  122        65.99995   64.00000  3.03%  10.6  235s
 703804 137039     cutoff  121        65.99995   64.00000  3.03%  10.7  243s
 704075 142157     cutoff  146        65.99995   64.00000  3.03%  10.7  247s
 733704 142130     cutoff  163        65.99995   64.00000  3.03%  10.7  251s
 734361 147172   64.75467  186   48   65.99995   64.00000  3.03%  10.7  256s
 770338 148838     cutoff  119        65.99995   64.00000  3.03%  10.8  262s
 777928 150511     cutoff  102        65.99995   64.00000  3.03%  10.8  265s
 792807 152851   64.00000   62   48   65.99995   64.00000  3.03%  10.8  271s
 824511 155282     cutoff  104        65.99995   64.00000  3.03%  10.9  276s
 831774 156413     cutoff  153        65.99995   64.00000  3.03%  10.9  280s
 850430 162641 infeasible  147        65.99995   64.00000  3.03%  10.9  287s
 866265 162649     cutoff  126        65.99995   64.00000  3.03%  10.9  291s
 867371 163654     cutoff  136        65.99995   64.00000  3.03%  10.9  295s
 891716 165742   64.00000  100   55   65.99995   64.00000  3.03%  10.9  301s
 901680 166607   65.25000   77   46   65.99995   64.00000  3.03%  11.0  306s
 905356 169145   64.50000   91   50   65.99995   64.00000  3.03%  11.0  311s
 922739 170207   64.00000   60   55   65.99995   64.00000  3.03%  11.0  316s
 931579 171041   65.75000  184   35   65.99995   64.00000  3.03%  11.0  320s
 939756 176657     cutoff  116        65.99995   64.00000  3.03%  11.0  328s
 971788 178457   65.75000  137   66   65.99995   64.00000  3.03%  11.1  331s
 984703 182108     cutoff  195        65.99995   64.00000  3.03%  11.1  336s
 1013663 184832   65.04948  109   70   65.99995   64.00000  3.03%  11.1  343s
 1014012 189933   64.50000  109   54   65.99995   64.00000  3.03%  11.1  347s
 1046044 191434     cutoff  216        65.99995   64.00000  3.03%  11.1  351s
 1059445 192139   65.50000  204   49   65.99995   64.00000  3.03%  11.1  356s
 1065335 195532   65.00000  192   44   65.99995   64.00000  3.03%  11.1  360s
 1081230 195541   64.00000  189   47   65.99995   64.00000  3.03%  11.2  365s
 1081282 200339   65.25000  190   47   65.99995   64.00000  3.03%  11.2  370s
 1121167 201453 infeasible  218        65.99995   64.00000  3.03%  11.2  376s
 1122160 204456   64.00000  184   48   65.99995   64.00000  3.03%  11.2  382s
 1137727 205942   65.00000  118   52   65.99995   64.00000  3.03%  11.2  385s
 1147265 211160   65.50000  112   66   65.99995   64.00000  3.03%  11.2  395s
 1190380 212934     cutoff  225        65.99995   64.00000  3.03%  11.3  405s
 1207177 217736   65.00000  195   46   65.99995   64.00000  3.03%  11.3  411s
 1228476 219627     cutoff  194        65.99995   64.00000  3.03%  11.3  416s
 1248607 225157   65.00000  209   55   65.99995   64.00000  3.03%  11.3  422s
 1265194 225180   65.50000  211   55   65.99995   64.00000  3.03%  11.3  426s
 1265263 230055   65.50000  212   54   65.99995   64.00000  3.03%  11.3  431s
 1297295 230061   64.00000  188   47   65.99995   64.00000  3.03%  11.3  435s
 1297350 234610     cutoff  189        65.99995   64.00000  3.03%  11.3  444s
 1327380 234610 infeasible  196        65.99995   64.00000  3.03%  11.4  445s
 1337516 236485   65.14479  214   52   65.99995   64.00000  3.03%  11.4  450s
 1343435 239603     cutoff  208        65.99995   64.00000  3.03%  11.4  457s
 1366989 239687   64.25000  193   53   65.99995   64.00000  3.03%  11.4  461s
 1367451 243903     cutoff  194        65.99995   64.00000  3.03%  11.4  465s
 1403832 248941 infeasible  218        65.99995   64.00000  3.03%  11.4  473s
 1435864 249184     cutoff  206        65.99995   64.00000  3.03%  11.5  477s
 1437161 253405   64.75000  203   50   65.99995   64.00000  3.03%  11.5  482s
 1469193 253480     cutoff  212        65.99995   64.00000  3.03%  11.5  486s
 1469661 257608     cutoff  211        65.99995   64.00000  3.03%  11.5  491s
 1501693 257688   65.52083   96   50   65.99995   64.00000  3.03%  11.5  495s
 1521146 261391     cutoff  209        65.99995   64.00000  3.03%  11.5  500s
 1534416 265713   65.25000  194   50   65.99995   64.00000  3.03%  11.5  508s
 1566448 265811     cutoff  187        65.99995   64.00000  3.03%  11.6  512s
 1566958 269460     cutoff  196        65.99995   64.00000  3.03%  11.6  516s
 1598990 269474   65.00467  206   59   65.99995   64.00000  3.03%  11.6  523s
 1599037 273279     cutoff  207        65.99995   64.00000  3.03%  11.6  527s
 1631069 273401     cutoff  186        65.99995   64.00000  3.03%  11.6  531s
 1632429 277261   64.00000  112   44   65.99995   64.00000  3.03%  11.6  537s
 1664461 277832     cutoff  184        65.99995   64.00000  3.03%  11.6  540s
 1695140 280800     cutoff  100        65.99995   64.00000  3.03%  11.6  550s
 1695193 284642   64.00000  100   54   65.99995   64.00000  3.03%  11.6  555s
 1727490 288448     cutoff  190        65.99995   64.00000  3.03%  11.7  566s
 1759522 289163     cutoff  201        65.99995   64.00000  3.03%  11.7  570s
 1773357 291550   64.54848  130   50   65.99995   64.00000  3.03%  11.7  576s
 1805714 293279     cutoff  196        65.99995   64.00000  3.03%  11.7  583s
 1811489 294100 infeasible  206        65.99995   64.00000  3.03%  11.7  586s
 1824053 295369   64.00000  201   54   65.99995   64.00000  3.03%  11.7  591s
 1824108 299425   64.00000  202   50   65.99995   64.00000  3.03%  11.7  596s
 1856140 299463   65.25000  200   77   65.99995   64.00000  3.03%  11.7  600s
 1856346 302884     cutoff  200        65.99995   64.00000  3.03%  11.7  607s
 1888378 303241   64.00000  202   53   65.99995   64.00000  3.03%  11.8  610s
 1892256 306662   65.25000  190   47   65.99995   64.00000  3.03%  11.8  615s
 1923054 308668   64.75000  178   45   65.99995   64.00000  3.03%  11.8  620s
 1926026 312802   64.75000  179   43   65.99995   64.00000  3.03%  11.8  626s
 1958058 315542   65.00000  131   49   65.99995   64.00000  3.03%  11.8  630s
 1974053 316607   65.50000  164   69   65.99995   64.00000  3.03%  11.8  635s
 1993810 318982   64.00000  151   45   65.99995   64.00000  3.03%  11.8  641s
 1993867 324871   64.00000  152   45   65.99995   64.00000  3.03%  11.8  648s
 2025899 326174     cutoff  132        65.99995   64.00000  3.03%  11.8  651s
 2034444 329831     cutoff  142        65.99995   64.00000  3.03%  11.8  658s
 2056719 332913   65.70000  210   58   65.99995   64.00000  3.03%  11.9  662s
 2072447 332926   65.00000  219   51   65.99995   64.00000  3.03%  11.9  666s
 2081882 334927   65.15000  138   54   65.99995   64.00000  3.03%  11.9  670s
 2091566 340245   65.50000  226   63   65.99995   64.00000  3.03%  11.9  675s
 2109067 340452   64.00000  162   41   65.99995   64.00000  3.03%  11.9  681s
 2128441 347159   64.25000  155   57   65.99995   64.00000  3.03%  11.9  688s
 2137155 347173     cutoff  178        65.99995   64.00000  3.03%  11.9  693s
 2137203 351101     cutoff  179        65.99995   64.00000  3.03%  11.9  695s
 2157917 355702   64.75000  178   45   65.99995   64.00000  3.03%  11.9  700s
 2178118 357499     cutoff  192        65.99995   64.00000  3.03%  11.9  705s
 2198686 362495   65.75000  171   59   65.99995   64.00000  3.03%  11.9  711s
 2209561 364860   65.00000  146   39   65.99995   64.00000  3.03%  11.9  716s
 2235164 368704   64.25000  162   39   65.99995   64.00000  3.03%  11.9  721s
 2245333 370853   65.81944  161   48   65.99995   64.00000  3.03%  11.9  726s
 2273167 375539   64.25000  190   48   65.99995   64.00000  3.03%  11.9  732s
 2284671 378484   64.00000  171   48   65.99995   64.00000  3.03%  11.9  737s
 2298724 380763   65.00000  157   58   65.99995   64.00000  3.03%  11.9  740s
 2311530 386597 infeasible  142        65.99995   64.00000  3.03%  12.0  748s
 2343562 386608   64.00000  185   49   65.99995   64.00000  3.03%  12.0  752s
 2343732 392424   65.25000  196   37   65.99995   64.00000  3.03%  12.0  758s
 2375764 393688   65.00000  178   48   65.99995   64.00000  3.03%  12.0  762s
 2390294 396113   64.50000  155   43   65.99995   64.00000  3.03%  12.0  767s
 2403537 398052   65.50000  150   45   65.99995   64.00000  3.03%  12.0  772s
 2417572 400090   64.00833  147   46   65.99995   64.00000  3.03%  12.0  775s
 2442262 401026     cutoff  185        65.99995   64.00000  3.03%  12.0  782s
 2451933 403325   64.50000  122   48   65.99995   64.00000  3.03%  12.0  786s
 2474347 405187     cutoff  204        65.99995   64.00000  3.03%  12.0  792s
 2484902 408616     cutoff  144        65.99995   64.00000  3.03%  12.0  796s
 2507190 410181   65.25000  171   50   65.99995   64.00000  3.03%  12.1  804s
 2507252 411683   65.25000  172   44   65.99995   64.00000  3.03%  12.1  805s
 2528447 414826   64.25000  169   44   65.99995   64.00000  3.03%  12.1  811s
 2556621 417642   64.00000  176   49   65.99995   64.00000  3.03%  12.1  817s
 2564923 417849   64.75000  158   51   65.99995   64.00000  3.03%  12.1  820s
 2580926 422130   64.75000  158   43   65.99995   64.00000  3.03%  12.1  825s
 2596715 426532   64.00000  178   42   65.99995   64.00000  3.03%  12.1  836s
 2628747 427626   64.50000  147   43   65.99995   64.00000  3.03%  12.1  840s
 2642598 429141     cutoff  169        65.99995   64.00000  3.03%  12.1  845s
 2655678 431200     cutoff  172        65.99995   64.00000  3.03%  12.1  850s
 2684581 433549   65.50000  145   48   65.99995   64.00000  3.03%  12.1  857s
 2693674 434790   64.50000  138   42   65.99995   64.00000  3.03%  12.1  860s
 2704640 436293   64.00000  159   49   65.99995   64.00000  3.03%  12.1  865s
 2704835 440643   64.00000  160   51   65.99995   64.00000  3.03%  12.1  872s
 2736867 441738     cutoff  144        65.99995   64.00000  3.03%  12.1  876s
 2760020 443751   64.25000  156   52   65.99995   64.00000  3.03%  12.1  885s
 2771597 446781   64.01014  170   46   65.99995   64.00000  3.03%  12.1  890s
 2796832 449082   64.00000  177   51   65.99995   64.00000  3.03%  12.1  896s
 2805855 452443     cutoff  147        65.99995   64.00000  3.03%  12.1  901s
 2823118 452703   64.75000  157   51   65.99995   64.00000  3.03%  12.1  905s
 2842985 455439 infeasible  162        65.99995   64.00000  3.03%  12.1  914s
 2843043 460125   64.50000  155   42   65.99995   64.00000  3.03%  12.1  919s
 2871071 460125 infeasible  158        65.99995   64.00000  3.03%  12.1  920s
 2875075 460134   65.25000  209   49   65.99995   64.00000  3.03%  12.1  925s
 2875126 463980   65.50000  210   48   65.99995   64.00000  3.03%  12.1  930s
 2908148 468332   65.50000  156   51   65.99995   64.00000  3.03%  12.1  939s
 2940180 468370   64.00000  152   45   65.99995   64.00000  3.03%  12.1  943s
 2940397 472486   64.00000  153   45   65.99995   64.00000  3.03%  12.1  949s
 2962419 472486     cutoff  173        65.99995   64.00000  3.03%  12.1  950s
 2980904 474298     cutoff  117        65.99995   64.00000  3.03%  12.1  955s
 2997348 476453   64.00000  162   43   65.99995   64.00000  3.03%  12.1  960s
 3012383 478998   65.75000  163   48   65.99995   64.00000  3.03%  12.1  965s
 3016861 482398     cutoff  162        65.99995   64.00000  3.03%  12.1  970s
 3040835 482604   64.00000  180   37   65.99995   64.00000  3.03%  12.1  975s
 3057081 484691   65.00000  164   46   65.99995   64.00000  3.03%  12.1  981s
 3057145 489871     cutoff  165        65.99995   64.00000  3.03%  12.1  986s
 3097168 491913   64.50000  105   48   65.99995   64.00000  3.03%  12.0  992s
 3113916 493943     cutoff  134        65.99995   64.00000  3.03%  12.0  997s
 3128126 496362     cutoff  170        65.99995   64.00000  3.03%  12.0 1002s
 3140725 496369     cutoff  163        65.99995   64.00000  3.03%  12.0 1007s
 3151717 498589     cutoff  195        65.99995   64.00000  3.03%  12.0 1012s
 3175643 500328   64.50000  171   48   65.99995   64.00000  3.03%  12.0 1016s
 3178470 500531     cutoff  178        65.99995   64.00000  3.03%  12.0 1020s
 3194978 503665   64.00000  129   55   65.99995   64.00000  3.03%  12.0 1025s
 3217396 507439   64.00000  169   46   65.99995   64.00000  3.03%  12.0 1032s
 3230461 508508   65.00000  185   40   65.99995   64.00000  3.03%  12.0 1035s
 3240821 510802   65.00000  166   48   65.99995   64.00000  3.03%  12.0 1040s
 3269035 512171   65.13333  166   49   65.99995   64.00000  3.03%  12.0 1048s
 3269096 516854 infeasible  167        65.99995   64.00000  3.03%  12.0 1053s
 3301128 518107     cutoff  150        65.99995   64.00000  3.03%  12.0 1057s
 3321735 519824   65.00000  144   61   65.99995   64.00000  3.03%  12.0 1064s
 3321789 521472   65.00000  145   61   65.99995   64.00000  3.03%  12.0 1066s
 3332750 526424   64.00833  184   43   65.99995   64.00000  3.03%  12.0 1074s
 3364782 527517     cutoff  156        65.99995   64.00000  3.03%  12.0 1077s
 3372795 527599   65.50000  142   44   65.99995   64.00000  3.03%  12.0 1080s
 3386819 531645 infeasible  175        65.99995   64.00000  3.03%  12.0 1085s
 3411400 534056   64.25000  143   51   65.99995   64.00000  3.03%  12.0 1091s
 3419840 534066   64.25000  106   47   65.99995   64.00000  3.03%  12.0 1096s
 3433242 537018     cutoff  158        65.99995   64.00000  3.03%  12.0 1101s
 3456018 539539     cutoff  156        65.99995   64.00000  3.03%  12.0 1105s
 3464741 542692   65.00000  166   45   65.99995   64.00000  3.03%  12.0 1112s
 3482025 544050 infeasible  178        65.99995   64.00000  3.03%  12.0 1115s
 3492801 545432     cutoff  173        65.99995   64.00000  3.03%  12.0 1120s
 3518474 547535   64.71667  177   47   65.99995   64.00000  3.03%  12.0 1125s
 3526341 549621     cutoff  153        65.99995   64.00000  3.03%  12.0 1130s
 3542772 551104     cutoff  157        65.99995   64.00000  3.03%  12.0 1135s
 3564605 555401   64.33333  176   47   65.99995   64.00000  3.03%  12.0 1141s
 3578295 555408     cutoff  188        65.99995   64.00000  3.03%  12.0 1145s
 3578350 559274   65.50000  189   47   65.99995   64.00000  3.03%  12.0 1153s
 3610382 560543   64.00000  188   45   65.99995   64.00000  3.03%  12.0 1156s
 3628402 561859     cutoff  218        65.99995   64.00000  3.03%  12.0 1162s
 3642878 564750     cutoff  199        65.99995   64.00000  3.03%  12.0 1167s
 3665351 566295   64.25000  170   46   65.99995   64.00000  3.03%  11.9 1173s
 3675890 567843     cutoff  189        65.99995   64.00000  3.03%  11.9 1179s
 3676022 571697     cutoff  188        65.99995   64.00000  3.03%  11.9 1184s
 3708054 572775     cutoff  186        65.99995   64.00000  3.03%  11.9 1187s
 3715240 573012   64.00000  198   44   65.99995   64.00000  3.03%  11.9 1190s
 3725878 577637   64.00000  125   47   65.99995   64.00000  3.03%  11.9 1197s
 3749637 578424   64.66667  181   45   65.99995   64.00000  3.03%  11.9 1200s
 3757669 580910     cutoff  190        65.99995   64.00000  3.03%  11.9 1206s
 3789258 583390   64.00000  162   44   65.99995   64.00000  3.03%  11.9 1212s
 3812192 585345     cutoff  200        65.99995   64.00000  3.03%  11.9 1217s
 3822798 587767     cutoff  194        65.99995   64.00000  3.03%  11.9 1222s
 3845429 589482     cutoff  203        65.99995   64.00000  3.03%  11.9 1227s
 3854021 590597     cutoff  152        65.99995   64.00000  3.03%  11.9 1232s
 3854742 594787     cutoff  153        65.99995   64.00000  3.03%  11.9 1237s
 3886774 595400     cutoff  170        65.99995   64.00000  3.03%  11.9 1240s
 3899037 598172     cutoff  164        65.99995   64.00000  3.03%  11.9 1246s
 3924937 599552   64.50000  193   41   65.99995   64.00000  3.03%  11.9 1252s
 3925561 603744     cutoff  194        65.99995   64.00000  3.03%  11.9 1258s
 3957593 604480     cutoff  168        65.99995   64.00000  3.03%  11.9 1261s
 3967775 605077     cutoff  192        65.99995   64.00000  3.03%  11.9 1267s
 3968482 608892     cutoff  193        65.99995   64.00000  3.03%  11.9 1272s
 3998559 608974   65.00000  194   40   65.99995   64.00000  3.03%  11.9 1276s
 3999313 612867     cutoff  195        65.99995   64.00000  3.03%  11.9 1281s
 4031345 612875   64.50000  163   46   65.99995   64.00000  3.03%  11.9 1288s
 4031401 617502   64.01436  164   47   65.99995   64.00000  3.03%  11.9 1292s
 4063433 617512   64.84167  187   43   65.99995   64.00000  3.03%  11.9 1296s
 4063491 621700   64.50833  186   48   65.99995   64.00000  3.03%  11.9 1302s
 4095523 622583     cutoff  159        65.99995   64.00000  3.03%  11.9 1306s
 4107187 625088     cutoff  142        65.99995   64.00000  3.03%  11.9 1311s
 4133896 627400   65.50000  181   57   65.99995   64.00000  3.03%  11.9 1317s
 4133961 631719   65.58333  182   59   65.99995   64.00000  3.03%  11.9 1322s
 4165993 631842   65.13333  176   45   65.99995   64.00000  3.03%  11.9 1326s
 4166702 636171   65.50833  177   37   65.99995   64.00000  3.03%  11.9 1331s
 4198734 636359     cutoff  159        65.99995   64.00000  3.03%  11.9 1335s
 4200005 640300     cutoff  192        65.99995   64.00000  3.03%  11.9 1341s
 4232037 640336   65.25000  176   47   65.99995   64.00000  3.03%  11.9 1346s
 4232268 644454   65.25000  177   42   65.99995   64.00000  3.03%  11.9 1350s
 4264300 644469   64.00000  170   46   65.99995   64.00000  3.03%  11.9 1356s
 4264348 648461   64.00000  171   46   65.99995   64.00000  3.03%  11.9 1362s
 4296380 648471     cutoff  182        65.99995   64.00000  3.03%  11.9 1370s
 4296433 652702   64.41667  202   44   65.99995   64.00000  3.03%  11.9 1376s
 4328465 652712     cutoff  181        65.99995   64.00000  3.03%  11.9 1382s
 4328515 656441     cutoff  179        65.99995   64.00000  3.03%  11.9 1389s
 4360547 657221   65.25000  215   44   65.99995   64.00000  3.03%  11.8 1392s
 4366281 657910   64.00000  211   55   65.99995   64.00000  3.03%  11.8 1395s
 4387800 661637   65.75000  169   55   65.99995   64.00000  3.03%  11.8 1401s
 4400233 661637   64.00000  190   48   65.99995   64.00000  3.03%  11.8 1405s
 4400492 665954   64.00000  191   48   65.99995   64.00000  3.03%  11.8 1410s
 4438785 666815   64.03611  184   48   65.99995   64.00000  3.03%  11.8 1416s
 4450019 670066   65.00000  125   49   65.99995   64.00000  3.03%  11.8 1421s
 4473585 672671     cutoff  169        65.99995   64.00000  3.03%  11.8 1426s
 4486625 672679   65.00000  157   42   65.99995   64.00000  3.03%  11.8 1432s
 4498254 675327   64.25000  148   49   65.99995   64.00000  3.03%  11.8 1436s
 4521611 677270     cutoff  206        65.99995   64.00000  3.03%  11.8 1441s
 4531676 680345     cutoff  197        65.99995   64.00000  3.03%  11.8 1447s
 4548582 680619   64.50000  193   57   65.99995   64.00000  3.03%  11.8 1451s
 4569469 684079   64.08333  139   39   65.99995   64.00000  3.03%  11.8 1457s
 4588271 685732   64.50000  207   51   65.99995   64.00000  3.03%  11.8 1461s
 4592735 685979     cutoff  174        65.99995   64.00000  3.03%  11.8 1466s
 4613182 688525   65.52083  155   59   65.99995   64.00000  3.03%  11.8 1472s
 4613459 692460     cutoff  156        65.99995   64.00000  3.03%  11.8 1477s
 4645491 693519   64.83333  145   47   65.99995   64.00000  3.03%  11.8 1480s
 4655798 695015   64.50000  196   48   65.99995   64.00000  3.03%  11.8 1485s
 4681070 696575   64.50000  150   59   65.99995   64.00000  3.03%  11.8 1493s
 4681119 700533   64.50000  151   58   65.99995   64.00000  3.03%  11.8 1498s
 4713151 701625   64.50000  205   50   65.99995   64.00000  3.03%  11.8 1501s
 4722966 704192     cutoff  207        65.99995   64.00000  3.03%  11.8 1507s
 4752659 706876   64.00000  155   47   65.99995   64.00000  3.03%  11.8 1512s
 4763627 708744   64.50000  201   43   65.99995   64.00000  3.03%  11.8 1517s
 4790250 710349     cutoff  196        65.99995   64.00000  3.03%  11.8 1525s
 4790297 713935     cutoff  196        65.99995   64.00000  3.03%  11.8 1530s
 4829912 715502     cutoff  178        65.99995   64.00000  3.03%  11.7 1536s
 4846592 717960 infeasible  199        65.99995   64.00000  3.03%  11.7 1541s
 4859397 721666     cutoff  193        65.99995   64.00000  3.03%  11.7 1549s
 4876414 721666   64.00000  133   50   65.99995   64.00000  3.03%  11.7 1550s
 4899428 722857   64.50000  192   47   65.99995   64.00000  3.03%  11.7 1555s
 4914864 725499   64.00000  140   56   65.99995   64.00000  3.03%  11.7 1560s
 4928902 729453     cutoff  174        65.99995   64.00000  3.03%  11.7 1568s
 4960934 729574   64.26014  217   57   65.99995   64.00000  3.03%  11.7 1571s
 4962277 733061   65.75000  177   58   65.99995   64.00000  3.03%  11.7 1577s
 4994309 733699     cutoff  198        65.99995   64.00000  3.03%  11.7 1580s
 5003776 736014     cutoff  169        65.99995   64.00000  3.03%  11.7 1586s
 5033285 737619   64.25000  189   45   65.99995   64.00000  3.03%  11.7 1594s
 5033331 741848     cutoff  191        65.99995   64.00000  3.03%  11.7 1599s
 5045343 741848     cutoff  211        65.99995   64.00000  3.03%  11.7 1600s
 5071539 744657   64.00000  191   44   65.99995   64.00000  3.03%  11.7 1605s
 5086506 746047   64.00521  205   49   65.99995   64.00000  3.03%  11.7 1610s
 5107002 748909     cutoff  177        65.99995   64.00000  3.03%  11.7 1615s
 5119124 750364   65.00833  212   49   65.99995   64.00000  3.03%  11.7 1620s
 5129534 754372   64.00000  198   42   65.99995   64.00000  3.03%  11.7 1629s
 5161566 754497     cutoff  180        65.99995   64.00000  3.03%  11.7 1633s
 5162223 758629   64.80556  198   46   65.99995   64.00000  3.03%  11.7 1638s
 5194255 758633     cutoff  160        65.99995   64.00000  3.03%  11.7 1645s
 5194312 762076     cutoff  159        65.99995   64.00000  3.03%  11.7 1650s
 5226529 766231     cutoff  168        65.99995   64.00000  3.03%  11.7 1658s
 5258561 766257     cutoff  201        65.99995   64.00000  3.03%  11.7 1662s
 5258693 769366     cutoff  203        65.99995   64.00000  3.03%  11.7 1667s
 5290725 769362   64.00000  176   53   65.99995   64.00000  3.03%  11.7 1673s
 5290791 773717   64.00000  175   54   65.99995   64.00000  3.03%  11.7 1680s
 5329768 774938   64.50000  204   66   65.99995   64.00000  3.03%  11.7 1685s
 5345256 776755   65.00000  207   49   65.99995   64.00000  3.03%  11.7 1691s
 5361090 779645     cutoff  122        65.99995   64.00000  3.03%  11.7 1696s
 5373245 779650   64.00000  208   48   65.99995   64.00000  3.03%  11.7 1701s
 5384425 782371   65.00823  206   40   65.99995   64.00000  3.03%  11.7 1706s
 5393997 787185   64.39634  226   50   65.99995   64.00000  3.03%  11.7 1714s
 5426029 787185     cutoff  183        65.99995   64.00000  3.03%  11.7 1718s
 5426088 791900   65.25000  180   51   65.99995   64.00000  3.03%  11.7 1722s
 5458120 791902   64.83333  211   53   65.99995   64.00000  3.03%  11.7 1728s
 5458179 796424   64.41667  211   49   65.99995   64.00000  3.03%  11.7 1733s
 5490211 797736     cutoff  220        65.99995   64.00000  3.03%  11.7 1736s
 5501971 799777   64.00000  185   45   65.99995   64.00000  3.03%  11.7 1741s
 5513033 799912     cutoff  124        65.99995   64.00000  3.03%  11.7 1747s
 5513977 802852   64.50000  193   43   65.99995   64.00000  3.03%  11.7 1750s
 5542225 805718   64.29167  195   43   65.99995   64.00000  3.03%  11.7 1755s
 5553019 807422   65.25000  197   40   65.99995   64.00000  3.03%  11.7 1760s
 5572943 809054   64.02083  202   47   65.99995   64.00000  3.03%  11.7 1765s
 5586757 809765     cutoff  179        65.99995   64.00000  3.03%  11.7 1770s
 5598855 812812     cutoff  208        65.99995   64.00000  3.03%  11.7 1775s
 5613229 814049   64.75000  198   38   65.99995   64.00000  3.03%  11.7 1780s
 5639070 817841     cutoff  190        65.99995   64.00000  3.03%  11.7 1787s
 5649973 817849   64.00000  200   43   65.99995   64.00000  3.03%  11.7 1790s
 5669788 821087     cutoff  197        65.99995   64.00000  3.03%  11.7 1796s
 5680733 822218   65.00000  152   48   65.99995   64.00000  3.03%  11.7 1800s
 5696726 823296   64.00000  171   46   65.99995   64.00000  3.03%  11.7 1805s
 5715860 826131     cutoff  224        65.99995   64.00000  3.03%  11.7 1811s
 5727069 830427     cutoff  228        65.99995   64.00000  3.03%  11.7 1818s
 5759101 831407   64.50000  235   44   65.99995   64.00000  3.03%  11.7 1822s
 5767103 833172   64.00000  197   41   65.99995   64.00000  3.03%  11.7 1827s
 5789952 835306     cutoff  192        65.99995   64.00000  3.03%  11.7 1832s
 5812501 837202     cutoff  202        65.99995   64.00000  3.03%  11.7 1836s
 5813858 838119   64.76087  194   51   65.99995   64.00000  3.03%  11.7 1840s
 5836487 840167     cutoff  181        65.99995   64.00000  3.03%  11.7 1845s
 5848992 842248   64.25000  209   38   65.99995   64.00000  3.03%  11.7 1851s
 5867842 844117   65.25000  223   40   65.99995   64.00000  3.03%  11.7 1856s
 5876883 846394   65.75000  230   52   65.99995   64.00000  3.03%  11.7 1860s
 5885227 850170   64.75000  222   45   65.99995   64.00000  3.03%  11.7 1868s
 5917259 850986     cutoff  205        65.99995   64.00000  3.03%  11.7 1871s
 5927471 853488   65.25000  189   47   65.99995   64.00000  3.03%  11.6 1877s
 5942187 855123     cutoff  199        65.99995   64.00000  3.03%  11.6 1880s
 5954885 859875     cutoff  182        65.99995   64.00000  3.03%  11.6 1887s
 5986917 861169   65.00000  172   46   65.99995   64.00000  3.03%  11.6 1891s
 5994570 861172   64.00000  195   47   65.99995   64.00000  3.03%  11.6 1896s
 6010038 863177 infeasible  237        65.99995   64.00000  3.03%  11.6 1900s
 6023071 864418   64.00000  113   46   65.99995   64.00000  3.03%  11.6 1905s
 6023156 867874 infeasible  114        65.99995   64.00000  3.03%  11.6 1910s
 6060147 870434     cutoff  203        65.99995   64.00000  3.03%  11.6 1916s
 6079213 871377   64.60435  246   47   65.99995   64.00000  3.03%  11.7 1921s
 6095661 872494   64.42857  250   59   65.99995   64.00000  3.03%  11.7 1926s
 6112875 874794   64.00000  228   45   65.99995   64.00000  3.03%  11.7 1931s
 6123960 877425   64.25000  233   62   65.99995   64.00000  3.03%  11.7 1939s
 6128965 877425   65.25000  220   52   65.99995   64.00000  3.03%  11.7 1940s
 6162380 878063     cutoff  217        65.99995   64.00000  3.03%  11.7 1946s
 6175616 880586     cutoff  209        65.99995   64.00000  3.03%  11.7 1951s
 6188764 883190   64.00000  212   49   65.99995   64.00000  3.03%  11.7 1959s
 6207783 883190     cutoff  211        65.99995   64.00000  3.03%  11.7 1960s
 6221601 886883   64.00000  228   45   65.99995   64.00000  3.03%  11.7 1968s
 6253633 886888   65.50000  208   56   65.99995   64.00000  3.03%  11.7 1972s
 6253985 890814     cutoff  209        65.99995   64.00000  3.03%  11.7 1978s
 6286017 890823   64.25000  206   50   65.99995   64.00000  3.03%  11.7 1982s
 6286069 894814   64.25000  207   49   65.99995   64.00000  3.03%  11.7 1987s
 6318101 895878   64.30000  199   52   65.99995   64.00000  3.03%  11.7 1990s
 6327773 897893   64.50000  202   47   65.99995   64.00000  3.03%  11.7 1995s
 6341686 899320   64.50000  235   45   65.99995   64.00000  3.03%  11.7 2000s
 6367158 900728     cutoff  213        65.99995   64.00000  3.03%  11.7 2005s
 6375922 902790   64.50000  202   43   65.99995   64.00000  3.03%  11.7 2010s
 6391191 904789   65.50000  234   43   65.99995   64.00000  3.03%  11.7 2015s
 6419195 906300   64.50000  196   44   65.99995   64.00000  3.03%  11.7 2022s
 6419248 910072   65.25000  197   39   65.99995   64.00000  3.03%  11.7 2029s
 6451280 910071     cutoff  215        65.99995   64.00000  3.03%  11.7 2033s
 6451344 914153   65.00000  212   45   65.99995   64.00000  3.03%  11.7 2039s
 6464357 914153   65.25000  204   50   65.99995   64.00000  3.03%  11.7 2040s
 6488603 915151   64.25000  164   46   65.99995   64.00000  3.03%  11.7 2045s
 6506822 916518   64.00000  179   53   65.99995   64.00000  3.03%  11.7 2050s
 6520870 919385   65.50000  210   48   65.99995   64.00000  3.03%  11.7 2056s
 6532010 919394   64.50000  180   47   65.99995   64.00000  3.03%  11.7 2061s
 6540290 920826     cutoff  195        65.99995   64.00000  3.03%  11.7 2069s
 6540347 921485   64.00000  151   45   65.99995   64.00000  3.03%  11.7 2070s
 6554930 922536     cutoff  223        65.99995   64.00000  3.03%  11.7 2075s
 6567610 924000   64.00000  150   36   65.99995   64.00000  3.03%  11.7 2082s
 6567765 924879   64.00000  151   36   65.99995   64.00000  3.03%  11.7 2085s
 6587478 927963   65.00000  149   50   65.99995   64.00000  3.03%  11.7 2091s
 6600940 927966   64.00000  133   50   65.99995   64.00000  3.03%  11.7 2096s
 6608145 928769     cutoff  174        65.99995   64.00000  3.03%  11.7 2101s
 6616013 929710     cutoff  173        65.99995   64.00000  3.03%  11.7 2106s
 6629025 931539   64.50000  218   47   65.99995   64.00000  3.03%  11.7 2110s
 6636194 932297   64.00000  189   46   65.99995   64.00000  3.03%  11.7 2116s
 6642876 933132   64.00000  158   44   65.99995   64.00000  3.03%  11.7 2120s
 6650515 936891     cutoff  169        65.99995   64.00000  3.03%  11.7 2128s
 6682547 937819     cutoff  199        65.99995   64.00000  3.03%  11.7 2131s
 6693613 939127   64.00000  211   46   65.99995   64.00000  3.03%  11.7 2136s
 6703346 940273   65.25000  243   50   65.99995   64.00000  3.03%  11.7 2141s
 6729521 941618     cutoff  215        65.99995   64.00000  3.03%  11.7 2146s
 6736630 942257   64.25000  221   42   65.99995   64.00000  3.03%  11.7 2150s
 6742555 942865     cutoff  225        65.99995   64.00000  3.03%  11.7 2157s
 6750427 943819     cutoff  234        65.99995   64.00000  3.03%  11.7 2161s
 6772379 945262     cutoff  167        65.99995   64.00000  3.03%  11.7 2165s
 6780623 947287     cutoff  133        65.99995   64.00000  3.03%  11.7 2171s
 6796201 947438   64.00000  160   50   65.99995   64.00000  3.03%  11.7 2175s
 6812015 949848     cutoff  134        65.99995   64.00000  3.03%  11.6 2180s
 6826724 949930     cutoff  153        65.99995   64.00000  3.03%  11.6 2185s
 6843094 951833     cutoff  239        65.99995   64.00000  3.03%  11.6 2191s
 6862515 953135   64.00000  164   50   65.99995   64.00000  3.03%  11.6 2198s
 6872021 954853     cutoff  181        65.99995   64.00000  3.03%  11.6 2202s
 6892785 956521   64.00000  193   49   65.99995   64.00000  3.03%  11.6 2208s
 6892844 956626   65.50000  194   47   65.99995   64.00000  3.03%  11.6 2210s
 6916826 959046   64.04375  202   58   65.99995   64.00000  3.03%  11.6 2216s
 6926376 959948   64.25000  212   46   65.99995   64.00000  3.03%  11.6 2220s
 6940472 963084   64.00000  187   46   65.99995   64.00000  3.03%  11.6 2227s
 6957248 963097   65.50000  203   52   65.99995   64.00000  3.03%  11.6 2230s
 6971061 965407   64.00000  220   38   65.99995   64.00000  3.03%  11.6 2237s
 6977846 966534     cutoff  225        65.99995   64.00000  3.03%  11.6 2240s
 7002086 968077     cutoff  191        65.99995   64.00000  3.03%  11.6 2246s
 7002367 971604   65.79167  192   57   65.99995   64.00000  3.03%  11.6 2250s
 7037687 973473     cutoff  227        65.99995   64.00000  3.03%  11.6 2257s
 7049768 973520   64.50000  175   54   65.99995   64.00000  3.03%  11.6 2260s
 7066095 975974   64.00000  162   53   65.99995   64.00000  3.03%  11.6 2265s
 7077946 978215     cutoff  171        65.99995   64.00000  3.03%  11.6 2270s
 7101721 979883   64.25000  239   45   65.99995   64.00000  3.03%  11.6 2277s
 7101855 983212     cutoff  240        65.99995   64.00000  3.03%  11.6 2282s
 7133887 983724   65.00000  219   52   65.99995   64.00000  3.03%  11.6 2285s
 7150247 986155   64.50000  209   52   65.99995   64.00000  3.03%  11.6 2290s
 7156510 986266     cutoff  245        65.99995   64.00000  3.03%  11.6 2297s
 7157393 988911   65.35680  247   56   65.99995   64.00000  3.03%  11.6 2300s
 7182966 991423   64.79167  219   48   65.99995   64.00000  3.03%  11.6 2305s
 7203530 991672     cutoff  220        65.99995   64.00000  3.03%  11.6 2311s
 7213808 992807     cutoff  195        65.99995   64.00000  3.03%  11.6 2316s
 7214011 996639   64.00000  203   43   65.99995   64.00000  3.03%  11.6 2321s
 7246183 1000541   64.25000  199   55   65.99995   64.00000  3.03%  11.6 2330s
 7278504 1005052   64.00000  228   47   65.99995   64.00000  3.03%  11.6 2341s
 7315787 1005958   64.00000  178   43   65.99995   64.00000  3.03%  11.6 2346s
 7318299 1007891   64.00000  202   42   65.99995   64.00000  3.03%  11.6 2350s
 7347126 1009369     cutoff  164        65.99995   64.00000  3.03%  11.6 2355s
 7347476 1013135     cutoff  165        65.99995   64.00000  3.03%  11.6 2360s
 7384456 1014406   64.00000  196   53   65.99995   64.00000  3.03%  11.6 2365s
 7402934 1018308   64.00000  212   43   65.99995   64.00000  3.03%  11.6 2371s
 7415435 1022703     cutoff  203        65.99995   64.00000  3.03%  11.6 2379s
 7416436 1022703   64.00000  218   53   65.99995   64.00000  3.03%  11.6 2380s
 7452201 1024006   64.50000  179   47   65.99995   64.00000  3.03%  11.6 2385s
 7459429 1025839     cutoff  221        65.99995   64.00000  3.03%  11.6 2391s
 7482735 1028438   65.50000  219   59   65.99995   64.00000  3.03%  11.6 2396s
 7493945 1028439   65.00000  203   50   65.99995   64.00000  3.03%  11.6 2402s
 7502303 1029458   64.00000  164   50   65.99995   64.00000  3.03%  11.6 2405s
 7517044 1031039   64.00000  157   52   65.99995   64.00000  3.03%  11.6 2412s
 7517103 1035023   64.00000  158   50   65.99995   64.00000  3.03%  11.6 2416s
 7549135 1035026     cutoff  228        65.99995   64.00000  3.03%  11.6 2421s
 7549196 1038719   64.87500  227   53   65.99995   64.00000  3.03%  11.6 2427s
 7581228 1039064   64.00000  233   40   65.99995   64.00000  3.03%  11.6 2430s
 7605594 1041151   64.00000  221   49   65.99995   64.00000  3.03%  11.6 2438s
 7616632 1042858     cutoff  238        65.99995   64.00000  3.03%  11.6 2442s
 7620976 1044825     cutoff  231        65.99995   64.00000  3.03%  11.6 2445s
 7639825 1044831     cutoff  231        65.99995   64.00000  3.03%  11.6 2451s
 7653780 1047857   65.00000  222   44   65.99995   64.00000  3.03%  11.6 2457s
 7668775 1047873   65.33333  237   50   65.99995   64.00000  3.03%  11.6 2462s
 7669893 1047989   64.00000  237   46   65.99995   64.00000  3.03%  11.6 2466s
 7681235 1049123   64.50000  233   44   65.99995   64.00000  3.03%  11.6 2473s
 7681290 1052718   64.72618  234   49   65.99995   64.00000  3.03%  11.6 2478s
 7713322 1053559   65.50000  222   53   65.99995   64.00000  3.03%  11.6 2481s
 7730995 1054694     cutoff  242        65.99995   64.00000  3.03%  11.6 2488s
 7740750 1055468     cutoff  250        65.99995   64.00000  3.03%  11.6 2492s
 7748414 1056922   64.54167  246   44   65.99995   64.00000  3.03%  11.6 2496s
 7757004 1058088     cutoff  244        65.99995   64.00000  3.03%  11.6 2500s
 7779843 1059947     cutoff  229        65.99995   64.00000  3.03%  11.5 2505s
 7789403 1061491     cutoff  256        65.99995   64.00000  3.03%  11.5 2510s
 7811432 1062376   65.00000  230   48   65.99995   64.00000  3.03%  11.5 2515s
 7811485 1065662   65.00000  231   46   65.99995   64.00000  3.03%  11.5 2520s
 7850781 1067993     cutoff  204        65.99995   64.00000  3.03%  11.5 2525s
 7870347 1069262   64.25000  234   45   65.99995   64.00000  3.03%  11.5 2530s
 7880089 1070331     cutoff  202        65.99995   64.00000  3.03%  11.5 2535s
 7880221 1074470   64.25000  238   48   65.99995   64.00000  3.03%  11.5 2540s
 7917752 1075909     cutoff  224        65.99995   64.00000  3.03%  11.5 2545s
 7934097 1078811   64.00000  237   44   65.99995   64.00000  3.03%  11.5 2551s
 7946020 1082052   64.00000  235   44   65.99995   64.00000  3.03%  11.5 2562s
 7978052 1082370   64.22618  246   42   65.99995   64.00000  3.03%  11.5 2565s
 7995368 1083848   64.00000  229   43   65.99995   64.00000  3.03%  11.5 2571s
 8008763 1085984     cutoff  224        65.99995   64.00000  3.03%  11.5 2576s
 8020591 1086565     cutoff  247        65.99995   64.00000  3.03%  11.5 2581s
 8036944 1087500   64.50000  235   50   65.99995   64.00000  3.03%  11.5 2585s
 8051459 1088937   64.50000  235   42   65.99995   64.00000  3.03%  11.5 2590s
 8061471 1089724   65.75496  231   54   65.99995   64.00000  3.03%  11.5 2595s
 8071780 1090559   64.50000  233   48   65.99995   64.00000  3.03%  11.5 2600s
 8071831 1093398   64.50000  234   47   65.99995   64.00000  3.03%  11.5 2605s
 8104302 1096648   64.50000  249   52   65.99995   64.00000  3.03%  11.5 2614s
 8126324 1096648     cutoff  249        65.99995   64.00000  3.03%  11.5 2615s
 8136384 1099945     cutoff  229        65.99995   64.00000  3.03%  11.5 2624s
 8168416 1099977     cutoff  247        65.99995   64.00000  3.03%  11.5 2627s
 8168772 1103329   64.00000  244   42   65.99995   64.00000  3.03%  11.5 2633s
 8200804 1104063   65.25000  243   40   65.99995   64.00000  3.03%  11.5 2635s
 8207684 1105761   64.25000  213   39   65.99995   64.00000  3.03%  11.5 2641s
 8221139 1106746     cutoff  203        65.99995   64.00000  3.03%  11.5 2646s
 8242133 1108905   65.00000  226   50   65.99995   64.00000  3.03%  11.5 2651s
 8262674 1111039   64.00000  221   44   65.99995   64.00000  3.03%  11.5 2656s
 8271580 1114011     cutoff  225        65.99995   64.00000  3.03%  11.5 2664s
 8289598 1114011   64.00000  226   49   65.99995   64.00000  3.03%  11.5 2665s
 8303663 1117327   64.00000  191   53   65.99995   64.00000  3.03%  11.5 2674s
 8335695 1117330   65.00000  152   46   65.99995   64.00000  3.03%  11.5 2678s
 8335753 1120430   65.00000  153   44   65.99995   64.00000  3.03%  11.5 2685s
 8367854 1123571   65.00000  205   47   65.99995   64.00000  3.03%  11.5 2695s
 8404789 1124360   64.25000  238   45   65.99995   64.00000  3.03%  11.5 2701s
 8409302 1126856     cutoff  243        65.99995   64.00000  3.03%  11.5 2707s
 8433000 1126865   65.75000  222   51   65.99995   64.00000  3.03%  11.5 2713s
 8433054 1130067   65.75000  223   51   65.99995   64.00000  3.03%  11.5 2717s
 8465086 1130077   64.50000  170   46   65.99995   64.00000  3.03%  11.5 2721s
 8465137 1132803   64.50000  171   46   65.99995   64.00000  3.03%  11.5 2728s
 8497169 1133452   64.50000  246   49   65.99995   64.00000  3.03%  11.5 2731s
 8504189 1135740     cutoff  234        65.99995   64.00000  3.03%  11.5 2737s
 8531608 1137215   64.08333  173   55   65.99995   64.00000  3.03%  11.5 2742s
 8531817 1141016   64.50000  174   48   65.99995   64.00000  3.03%  11.5 2747s
 8567811 1142107     cutoff  215        65.99995   64.00000  3.03%  11.5 2752s
 8574326 1143062   64.08333  247   51   65.99995   64.00000  3.03%  11.5 2755s
 8596857 1145553     cutoff  230        65.99995   64.00000  3.03%  11.5 2762s
 8608659 1145561   64.00000  239   41   65.99995   64.00000  3.03%  11.5 2765s
 8615435 1146486   65.75000  182   47   65.99995   64.00000  3.03%  11.5 2772s
 8621333 1146997   64.00000  220   45   65.99995   64.00000  3.03%  11.5 2775s
 8626950 1147611     cutoff  230        65.99995   64.00000  3.03%  11.5 2782s
 8627003 1151595     cutoff  229        65.99995   64.00000  3.03%  11.5 2787s
 8659035 1151600   65.00000  189   47   65.99995   64.00000  3.03%  11.5 2791s
 8659091 1155482     cutoff  190        65.99995   64.00000  3.03%  11.5 2796s
 8691123 1155513     cutoff  237        65.99995   64.00000  3.03%  11.5 2800s
 8691359 1159483     cutoff  237        65.99995   64.00000  3.03%  11.5 2805s
 8723539 1163431   64.75000  245   41   65.99995   64.00000  3.03%  11.5 2813s
 8755571 1163433   65.25000  243   47   65.99995   64.00000  3.03%  11.5 2818s
 8755662 1167321     cutoff  244        65.99995   64.00000  3.03%  11.5 2823s
 8787694 1167637   64.00000  207   39   65.99995   64.00000  3.03%  11.5 2825s
 8790209 1169982     cutoff  210        65.99995   64.00000  3.03%  11.5 2830s
 8808519 1170031   64.00000  250   39   65.99995   64.00000  3.03%  11.5 2836s
 8817457 1170982     cutoff  244        65.99995   64.00000  3.03%  11.5 2840s
 8817738 1174324     cutoff  243        65.99995   64.00000  3.03%  11.5 2846s
 8859711 1175433   64.50000  228   47   65.99995   64.00000  3.03%  11.5 2852s
 8867796 1176324     cutoff  220        65.99995   64.00000  3.03%  11.5 2855s
 8877110 1177815   64.25000  225   44   65.99995   64.00000  3.03%  11.5 2860s
 8883944 1180997     cutoff  237        65.99995   64.00000  3.03%  11.5 2869s
 8915976 1181024   65.50000  209   48   65.99995   64.00000  3.03%  11.5 2873s
 8916135 1184134   65.50000  210   48   65.99995   64.00000  3.03%  11.5 2878s
 8948167 1184142   64.00000  256   39   65.99995   64.00000  3.03%  11.5 2882s
 8948227 1187527   64.54167  257   41   65.99995   64.00000  3.03%  11.5 2887s
 8980259 1187552     cutoff  242        65.99995   64.00000  3.03%  11.5 2892s
 8980344 1190869     cutoff  242        65.99995   64.00000  3.03%  11.5 2897s
 9012376 1190896     cutoff  217        65.99995   64.00000  3.03%  11.5 2901s
 9012494 1193980   65.50000  216   53   65.99995   64.00000  3.03%  11.5 2906s
 9044526 1194066   65.00000  207   41   65.99995   64.00000  3.03%  11.5 2910s
 9044896 1197613   65.00000  208   41   65.99995   64.00000  3.03%  11.5 2915s
 9077064 1201447     cutoff  213        65.99995   64.00000  3.03%  11.5 2924s
 9088075 1201447     cutoff  225        65.99995   64.00000  3.03%  11.5 2925s
 9109262 1204925   64.00000  231   46   65.99995   64.00000  3.03%  11.5 2933s
 9141294 1204923   64.75000  243   49   65.99995   64.00000  3.03%  11.5 2937s
 9141359 1208520   64.75000  244   49   65.99995   64.00000  3.03%  11.5 2942s
 9173391 1208532     cutoff  241        65.99995   64.00000  3.03%  11.5 2946s
 9173484 1212467   65.02083  240   47   65.99995   64.00000  3.03%  11.5 2951s
 9205516 1212502   65.00000  262   39   65.99995   64.00000  3.03%  11.5 2955s
 9205738 1215792     cutoff  263        65.99995   64.00000  3.03%  11.5 2960s
 9237770 1215801   64.75000  240   43   65.99995   64.00000  3.03%  11.5 2967s
 9237972 1219071     cutoff  241        65.99995   64.00000  3.03%  11.5 2972s
 9270004 1219076     cutoff  241        65.99995   64.00000  3.03%  11.5 2978s
 9270061 1222344     cutoff  241        65.99995   64.00000  3.03%  11.5 2983s
 9302093 1222340     cutoff  196        65.99995   64.00000  3.03%  11.5 2987s
 9302160 1225971     cutoff  197        65.99995   64.00000  3.03%  11.5 2992s
 9334192 1225959     cutoff  232        65.99995   64.00000  3.03%  11.5 2996s
 9334328 1229215   65.00000  205   40   65.99995   64.00000  3.03%  11.5 3001s
 9366360 1229215   64.78125  219   45   65.99995   64.00000  3.03%  11.5 3008s
 9366424 1232903   64.78125  220   45   65.99995   64.00000  3.03%  11.5 3013s
 9398456 1233080     cutoff  272        65.99995   64.00000  3.03%  11.5 3016s
 9400131 1235655   65.75000  270   59   65.99995   64.00000  3.03%  11.5 3021s
 9425385 1235666     cutoff  212        65.99995   64.00000  3.03%  11.5 3026s
 9426285 1235856   64.50000  209   43   65.99995   64.00000  3.03%  11.5 3030s
 9442559 1237215   64.00000  207   43   65.99995   64.00000  3.03%  11.5 3037s
 9442620 1239960   64.00000  208   43   65.99995   64.00000  3.03%  11.5 3042s
 9474652 1240643   64.04167  159   47   65.99995   64.00000  3.03%  11.5 3045s
 9480376 1242083     cutoff  208        65.99995   64.00000  3.03%  11.5 3050s
 9505575 1243149     cutoff  240        65.99995   64.00000  3.03%  11.5 3056s
 9505641 1246218     cutoff  239        65.99995   64.00000  3.03%  11.5 3061s
 9538239 1249591   64.00000  180   50   65.99995   64.00000  3.03%  11.5 3069s
 9544245 1249591   65.00000  189   49   65.99995   64.00000  3.03%  11.5 3070s
 9570401 1252801     cutoff  211        65.99995   64.00000  3.03%  11.5 3079s
 9602433 1252812   65.00000  211   48   65.99995   64.00000  3.03%  11.5 3083s
 9602485 1256075     cutoff  212        65.99995   64.00000  3.03%  11.5 3090s
 9634734 1259633   65.50000  196   46   65.99995   64.00000  3.03%  11.5 3099s
 9666766 1259648   65.00000  219   49   65.99995   64.00000  3.03%  11.5 3103s
 9666813 1263274     cutoff  221        65.99995   64.00000  3.03%  11.5 3108s
 9698845 1263279   65.00000  224   61   65.99995   64.00000  3.03%  11.5 3114s
 9698899 1267371   65.00000  225   59   65.99995   64.00000  3.03%  11.5 3119s
 9718919 1267371   64.25000  238   44   65.99995   64.00000  3.03%  11.5 3120s
 9736790 1268218   64.50000  222   39   65.99995   64.00000  3.03%  11.5 3128s
 9738980 1271685   64.75000  220   46   65.99995   64.00000  3.03%  11.5 3133s
 9770709 1272372   64.00000  206   45   65.99995   64.00000  3.03%  11.5 3135s
 9779075 1272947 infeasible  222        65.99995   64.00000  3.03%  11.5 3141s
 9797026 1275005   64.75000  217   42   65.99995   64.00000  3.03%  11.5 3147s
 9806732 1276398   64.25000  239   48   65.99995   64.00000  3.03%  11.5 3151s
 9824067 1277757   65.75000  175   45   65.99995   64.00000  3.03%  11.5 3156s
 9833107 1278756   64.00000  208   44   65.99995   64.00000  3.03%  11.5 3160s
 9851678 1280722     cutoff  181        65.99995   64.00000  3.03%  11.5 3165s
 9856275 1281189   64.00000  199   43   65.99995   64.00000  3.03%  11.5 3171s
 9863638 1282757     cutoff  242        65.99995   64.00000  3.03%  11.5 3175s
 9888470 1284996     cutoff  167        65.99995   64.00000  3.03%  11.5 3182s
 9893623 1285593     cutoff  226        65.99995   64.00000  3.03%  11.5 3186s
 9898100 1285973     cutoff  179        65.99995   64.00000  3.03%  11.5 3190s
 9904287 1290410     cutoff  223        65.99995   64.00000  3.03%  11.5 3199s
 9918301 1290410   65.50000  217   47   65.99995   64.00000  3.03%  11.5 3200s
 9952492 1291931     cutoff  226        65.99995   64.00000  3.03%  11.5 3208s
 9961059 1292929     cutoff  198        65.99995   64.00000  3.03%  11.5 3210s
 9971281 1294256   65.00000  229   42   65.99995   64.00000  3.03%  11.5 3216s
 9987520 1297401     cutoff  171        65.99995   64.00000  3.03%  11.5 3221s
 10003293 1298047   64.00000  229   42   65.99995   64.00000  3.03%  11.5 3225s
 10019244 1301199   64.00000  198   50   65.99995   64.00000  3.03%  11.5 3230s
 10032633 1304969   64.75000  221   46   65.99995   64.00000  3.03%  11.5 3237s
 10062769 1304974     cutoff  227        65.99995   64.00000  3.03%  11.5 3241s
 10062823 1308524   64.00000  226   46   65.99995   64.00000  3.03%  11.5 3247s
 10094855 1308539     cutoff  174        65.99995   64.00000  3.03%  11.5 3252s
 10094903 1312144     cutoff  172        65.99995   64.00000  3.03%  11.5 3258s
 10126935 1312148   64.00000  153   49   65.99995   64.00000  3.03%  11.5 3262s
 10126994 1315812   64.01042  154   56   65.99995   64.00000  3.03%  11.5 3268s
 10159026 1316283   65.25000  243   51   65.99995   64.00000  3.03%  11.5 3271s
 10167143 1318326   65.50000  211   63   65.99995   64.00000  3.03%  11.5 3276s
 10178080 1318399     cutoff  240        65.99995   64.00000  3.03%  11.5 3281s
 10181860 1318692     cutoff  228        65.99995   64.00000  3.03%  11.5 3286s
 10182495 1320747     cutoff  229        65.99995   64.00000  3.03%  11.5 3290s
 10201481 1325148     cutoff  239        65.99995   64.00000  3.03%  11.5 3298s
 10233513 1325167   64.25000  225   52   65.99995   64.00000  3.03%  11.5 3301s
 10233587 1328962   64.75000  226   48   65.99995   64.00000  3.03%  11.5 3307s
 10265619 1329455     cutoff  242        65.99995   64.00000  3.03%  11.5 3310s
 10275090 1329998   65.00000  170   59   65.99995   64.00000  3.03%  11.5 3316s
 10290672 1331768     cutoff  224        65.99995   64.00000  3.03%  11.5 3321s
 10300227 1333648   64.75000  226   48   65.99995   64.00000  3.03%  11.5 3325s
 10316927 1334917     cutoff  230        65.99995   64.00000  3.03%  11.5 3330s
 10332859 1337148   64.00000  115   47   65.99995   64.00000  3.03%  11.5 3336s
 10341276 1338839   65.00000  248   45   65.99995   64.00000  3.03%  11.5 3341s
 10365615 1340060   64.00000  166   49   65.99995   64.00000  3.03%  11.5 3347s
 10365725 1343666   64.00000  166   45   65.99995   64.00000  3.03%  11.5 3354s
 10372732 1343666   64.00000  170   52   65.99995   64.00000  3.03%  11.5 3355s
 10397819 1348158   65.75000  188   39   65.99995   64.00000  3.03%  11.5 3362s
 10429851 1348700   65.25000  177   36   65.99995   64.00000  3.03%  11.5 3365s
 10439770 1349517   64.18750  212   57   65.99995   64.00000  3.03%  11.5 3371s
 10457860 1351638     cutoff  177        65.99995   64.00000  3.03%  11.5 3380s
 10466870 1352931   64.50000  169   40   65.99995   64.00000  3.03%  11.5 3385s
 10466919 1356660   64.50000  169   39   65.99995   64.00000  3.03%  11.5 3390s
 10499015 1360290   65.75000  176   45   65.99995   64.00000  3.03%  11.5 3400s
 10531047 1360298 infeasible  185        65.99995   64.00000  3.03%  11.5 3405s
 10531103 1363877   64.00000  180   39   65.99995   64.00000  3.03%  11.5 3411s
 10563135 1363885   65.50000  195   52   65.99995   64.00000  3.03%  11.6 3418s
 10563187 1367894     cutoff  196        65.99995   64.00000  3.03%  11.6 3423s
 10595219 1367897 infeasible  183        65.99995   64.00000  3.03%  11.6 3428s
 10595326 1371765     cutoff  184        65.99995   64.00000  3.03%  11.6 3433s
 10627358 1371786     cutoff  190        65.99995   64.00000  3.03%  11.6 3437s
 10627519 1376347     cutoff  182        65.99995   64.00000  3.03%  11.6 3442s
 10659551 1376369     cutoff  123        65.99995   64.00000  3.03%  11.6 3446s
 10659853 1381173   64.00000  145   39   65.99995   64.00000  3.03%  11.6 3453s
 10691885 1381190   64.91667  185   53   65.99995   64.00000  3.03%  11.5 3461s
 10691932 1385636     cutoff  186        65.99995   64.00000  3.03%  11.5 3466s
 10726232 1388689     cutoff  195        65.99995   64.00000  3.03%  11.5 3473s
 10740319 1389341   65.75000  149   65   65.99995   64.00000  3.03%  11.5 3475s
 10755848 1393050   64.00000  106   45   65.99995   64.00000  3.03%  11.5 3482s
 10768267 1393194     cutoff  128        65.99995   64.00000  3.03%  11.5 3486s
 10781343 1396064     cutoff  139        65.99995   64.00000  3.03%  11.5 3490s
 10794026 1397437   64.25000  114   36   65.99995   64.00000  3.03%  11.5 3495s
 10818511 1401587   65.25000  132   40   65.99995   64.00000  3.03%  11.5 3501s
 10826413 1404930     cutoff  124        65.99995   64.00000  3.03%  11.5 3506s
 10850152 1406623   64.00000  118   49   65.99995   64.00000  3.03%  11.5 3512s
 10850397 1411942   64.50000  119   50   65.99995   64.00000  3.03%  11.5 3517s
 10882429 1412439   65.50000  140   62   65.99995   64.00000  3.03%  11.5 3520s
 10894527 1415008   65.25000  145   55   65.99995   64.00000  3.03%  11.5 3525s
 10911429 1416658     cutoff  132        65.99995   64.00000  3.03%  11.5 3530s
 10911524 1422336     cutoff  133        65.99995   64.00000  3.03%  11.5 3535s
 10947535 1424622   65.25000  156   50   65.99995   64.00000  3.03%  11.5 3540s
 10960210 1424629   64.50000  148   46   65.99995   64.00000  3.03%  11.5 3546s
 10968241 1426762   64.75000  174   38   65.99995   64.00000  3.03%  11.5 3550s
 10978664 1430475   64.00000  149   50   65.99995   64.00000  3.03%  11.5 3555s
 10999193 1430948     cutoff  173        65.99995   64.00000  3.03%  11.5 3561s
 11005626 1431795   65.75000  150   51   65.99995   64.00000  3.03%  11.5 3566s
 11005905 1436975   65.75000  151   47   65.99995   64.00000  3.03%  11.5 3571s
 11040406 1438626   65.25000  159   38   65.99995   64.00000  3.03%  11.5 3577s
 11047803 1440423     cutoff  169        65.99995   64.00000  3.03%  11.5 3580s
 11073970 1443295     cutoff  188        65.99995   64.00000  3.03%  11.5 3587s
 11076291 1447375   64.25000  186   31   65.99995   64.00000  3.03%  11.5 3593s
 11108323 1448723   64.50000  141   40   65.99995   64.00000  3.03%  11.5 3596s
 11124395 1449294   64.25000  148   45   65.99995   64.00000  3.03%  11.5 3600s

Cutting planes:
  Learned: 47
  Gomory: 7
  Cover: 263
  Implied bound: 116
  Clique: 126
  MIR: 395
  StrongCG: 2
  Flow cover: 473
  GUB cover: 5
  Mod-K: 1
  RLT: 49
  Relax-and-lift: 834

Cleanup yields a better solution

Explored 11124456 nodes (127588600 simplex iterations) in 3600.04 seconds
Thread count was 32 (of 32 available processors)

Solution count 10: 66 66 66 ... 68

Time limit reached
Best objective 6.593215707293e+01, best bound 6.400000000000e+01, gap 2.9305%
