
Gurobi 9.1.2 (linux64) logging started Wed Aug  9 13:28:28 2023

Changed value of parameter LogFile to max-ls_r=('5', '4').log
   Prev:   Default: 
Changed value of parameter MIPFocus to 1
   Prev: 0  Min: 0  Max: 3  Default: 0
Changed value of parameter Threads to 32
   Prev: 0  Min: 0  Max: 1024  Default: 0
Changed value of parameter TimeLimit to 3600.0
   Prev: inf  Min: 0.0  Max: inf  Default: inf
Warning: variable name "X[('6', '6'),('7', '6')]" has a space
Warning: constraint name "flow-constr-t0-v('6', '3')" has a space
Warning: to let Gurobi read it back, use rlp format
Gurobi Optimizer version 9.1.2 build v9.1.2rc0 (linux64)
Thread count: 16 physical cores, 32 logical processors, using up to 32 threads
Optimize a model with 2931 rows, 2688 columns and 10256 nonzeros
Model fingerprint: 0x946d9e73
Variable types: 256 continuous, 2432 integer (2432 binary)
Coefficient statistics:
  Matrix range     [1e+00, 7e+04]
  Objective range  [2e-01, 2e-01]
  Bounds range     [1e+00, 3e+04]
  RHS range        [1e+00, 7e+04]
Presolve removed 423 rows and 432 columns
Presolve time: 0.05s
Presolved: 2508 rows, 2256 columns, 17025 nonzeros
Variable types: 256 continuous, 2000 integer (2000 binary)
Found heuristic solution: objective 1108.9999999

Root relaxation: objective 6.400000e+01, 150 iterations, 0.00 seconds

    Nodes    |    Current Node    |     Objective Bounds      |     Work
 Expl Unexpl |  Obj  Depth IntInf | Incumbent    BestBd   Gap | It/Node Time

     0     0   64.00000    0   23 1109.00000   64.00000  94.2%     -    0s
H    0     0                     245.2500000   64.00000  73.9%     -    0s
H    0     0                     244.5000000   64.00000  73.8%     -    0s
     0     0   64.00000    0   37  244.50000   64.00000  73.8%     -    0s
H    0     0                     135.5000000   64.00000  52.8%     -    0s
H    0     0                     129.5000000   64.00000  50.6%     -    0s
H    0     0                     121.1071429   64.00000  47.2%     -    0s
H    0     0                     120.8571429   64.00000  47.0%     -    0s
     0     0   64.00000    0   39  120.85714   64.00000  47.0%     -    0s
H    0     0                     113.7500000   64.00000  43.7%     -    0s
H    0     0                     111.5000000   64.00000  42.6%     -    0s
     0     0   64.00000    0   20  111.50000   64.00000  42.6%     -    0s
H    0     0                     109.0000000   64.00000  41.3%     -    0s
H    0     0                     108.5000000   64.00000  41.0%     -    0s
     0     0   64.00000    0   32  108.50000   64.00000  41.0%     -    0s
     0     0   64.00000    0   33  108.50000   64.00000  41.0%     -    0s
H    0     0                     105.7291667   64.00000  39.5%     -    0s
H    0     0                      93.4791667   64.00000  31.5%     -    1s
     0     0   64.00000    0   30   93.47917   64.00000  31.5%     -    1s
H    0     0                      84.6666667   64.00000  24.4%     -    1s
     0     0   64.00000    0   34   84.66667   64.00000  24.4%     -    1s
H    0     0                      82.9166667   64.00000  22.8%     -    1s
H    0     0                      82.2500000   64.00000  22.2%     -    1s
     0     2   64.00000    0   34   82.25000   64.00000  22.2%     -    1s
H   31    60                      82.1250000   64.00000  22.1%  18.1    2s
H   32    60                      82.0000000   64.00000  22.0%  17.5    2s
H   33    60                      81.8750000   64.00000  21.8%  17.0    2s
H   37    60                      81.1666667   64.00000  21.1%  15.3    2s
H   55    60                      80.7500000   64.00000  20.7%  11.1    2s
H   59    60                      80.7142857   64.00000  20.7%  11.0    2s
H   96   124                      79.5000000   64.00000  19.5%   7.6    2s
H  159   188                      76.7500000   64.00000  16.6%   5.3    3s
H  160   188                      76.5000000   64.00000  16.3%   5.2    3s
H  161   188                      76.1428571   64.00000  15.9%   5.2    3s
H  168   188                      76.0000000   64.00000  15.8%   5.2    3s
H  184   188                      74.7916667   64.00000  14.4%   4.8    3s
H  191   222                      74.7083333   64.00000  14.3%   4.7    4s
H  192   222                      74.5416667   64.00000  14.1%   4.7    4s
H  194   222                      73.9166667   64.00000  13.4%   4.7    4s
H  205   222                      73.6666667   64.00000  13.1%   4.5    4s
H  225   251                      72.2500000   64.00000  11.4%   4.3    5s
H  232   251                      72.0000000   64.00000  11.1%   4.2    5s
H  261   283                      71.9999993   64.00000  11.1%   3.9    7s
H  300   804                      71.9999986   64.00000  11.1%   3.7    8s
H  300   804                      71.9999986   64.00000  11.1%   3.7    8s
H  835   832                      71.9999985   64.00000  11.1%   2.8   10s
H  837   832                      71.9999984   64.00000  11.1%   2.8   10s
H 3928  3606                      71.9999983   64.00000  11.1%   2.6   11s
H 4056  3530                      71.9999982   64.00000  11.1%   6.4   17s
H 4061  3357                      71.5000000   64.00000  10.5%   6.4   17s
H 4067  3191                      70.5000000   64.00000  9.22%   6.4   17s
H 4120  3082                      70.0000000   64.00000  8.57%   6.5   20s
H 5611  6496                      69.9999998   64.00000  8.57%   7.7   23s
  8598  9153   64.50000  103   50   70.00000   64.00000  8.57%   9.3   25s
H 9398  8747                      69.9999996   64.00000  8.57%   9.4   25s
H12701  7693                      69.5000000   64.00000  7.91%   9.8   27s
H12718  7651                      69.2500000   64.00000  7.58%   9.8   27s
H12787  8264                      69.0000000   64.00000  7.25%   9.8   29s
 13596 10245   64.75000  183   51   69.00000   64.00000  7.25%  10.4   30s
 24780 17308   67.50000   81   70   69.00000   64.00000  7.25%  10.8   36s
 28995 21234   64.00000   85   58   69.00000   64.00000  7.25%  11.3   41s
 42442 32489   64.00000  163   64   69.00000   64.00000  7.25%  12.5   46s
 47612 37784   66.50000  452   49   69.00000   64.00000  7.25%  12.5   50s
H49689 38470                      68.9999998   64.00000  7.25%  12.5   54s
H50133 38470                      68.9999970   64.00000  7.25%  12.6   54s
 50210 42360   68.75000  404   66   69.00000   64.00000  7.25%  12.7   56s
 59752 45678   64.00000   68   74   69.00000   64.00000  7.25%  13.0   60s
 60062 70035   64.00000   69   74   69.00000   64.00000  7.25%  13.1   68s
 92094 70275   64.00000   87   69   69.00000   64.00000  7.25%  13.6   71s
 92461 92149   64.00000   94   70   69.00000   64.00000  7.25%  13.6   80s
 124538 114289   68.75000  159   50   69.00000   64.00000  7.25%  13.9   94s
 156570 114319   68.50000  177   69   69.00000   64.00000  7.25%  13.8   97s
 156604 136054   68.50000  177   67   69.00000   64.00000  7.25%  13.8  112s
 188636 136076   65.50000  138   77   69.00000   64.00000  7.25%  13.7  115s
 188678 157312   64.50000  138   75   69.00000   64.00000  7.25%  13.7  126s
 220710 157332   68.50000  115   69   69.00000   64.00000  7.25%  13.5  130s
 220753 178340   68.50000  116   69   69.00000   64.00000  7.25%  13.5  140s
 252826 200658   66.02500  133   75   69.00000   64.00000  7.25%  13.3  154s
 257831 200658   64.00000  129   56   69.00000   64.00000  7.25%  13.2  155s
 284858 200680     cutoff  143        69.00000   64.00000  7.25%  12.8  160s
 284896 223340     cutoff  143        69.00000   64.00000  7.25%  12.8  169s
 301913 223340   64.00000  178   52   69.00000   64.00000  7.25%  12.6  170s
 316928 223366   64.75000  134   23   69.00000   64.00000  7.25%  12.4  175s
 316965 245420   64.00000  134   25   69.00000   64.00000  7.25%  12.4  184s
 348997 245436   64.50000  149   35   69.00000   64.00000  7.25%  12.1  187s
 349045 266151   64.50000  150   37   69.00000   64.00000  7.25%  12.1  196s
 381077 266166   67.75000  149   42   69.00000   64.00000  7.25%  11.9  202s
 381124 288746     cutoff  150        69.00000   64.00000  7.25%  11.9  212s
 413156 288768   66.00000  174   39   69.00000   64.00000  7.25%  11.7  215s
 413196 309769   66.00000  175   50   69.00000   64.00000  7.25%  11.7  228s
 445228 309793   64.00000  136   35   69.00000   64.00000  7.25%  11.5  231s
 445266 330885   64.00000  137   36   69.00000   64.00000  7.25%  11.5  242s
 477298 334518   67.75000  187   26   69.00000   64.00000  7.25%  11.3  245s
 484141 339057     cutoff  226        69.00000   64.00000  7.25%  11.3  250s
 495777 342657   65.75000  175   45   69.00000   64.00000  7.25%  11.2  256s
 496531 347234     cutoff  187        69.00000   64.00000  7.25%  11.2  260s
 504017 351770   68.00000  163   58   69.00000   64.00000  7.25%  11.2  267s
 510866 352221   64.00000  140   25   69.00000   64.00000  7.25%  11.2  270s
 511496 372216   64.00000  141   23   69.00000   64.00000  7.25%  11.2  282s
 543528 372472   64.00000  278   56   69.00000   64.00000  7.25%  11.1  285s
 544095 393284   64.00000  279   65   69.00000   64.00000  7.25%  11.1  295s
 576688 413770   66.75000  204   31   69.00000   64.00000  7.25%  11.0  310s
 617709 419307     cutoff  181        69.00000   64.00000  7.25%  10.8  316s
 617789 421619     cutoff  183        69.00000   64.00000  7.25%  10.8  320s
 621011 426099   67.25000  237   79   69.00000   64.00000  7.25%  10.8  326s
 627923 426116   68.75000  233   64   69.00000   64.00000  7.25%  10.8  331s
 632531 429474   66.00000  185   52   69.00000   64.00000  7.25%  10.8  337s
H632559 371300                      68.5000000   64.00000  6.57%  10.8  337s
H633612 374851                      68.4000000   64.00000  6.43%  10.8  339s
H636602 374686                      68.3333333   64.00000  6.34%  10.8  339s
H638600 355588                      68.2500000   64.00000  6.23%  10.8  344s
H638609 333686                      68.0000000   64.00000  5.88%  10.8  344s
 638637 352772     cutoff  136        68.00000   64.00000  5.88%  10.8  352s
 670669 352784   64.75000  189   53   68.00000   64.00000  5.88%  10.8  355s
 670707 373257   64.75000  186   39   68.00000   64.00000  5.88%  10.8  363s
 702739 373279   67.75000  172   48   68.00000   64.00000  5.88%  10.7  367s
 702779 393768   67.75000  173   50   68.00000   64.00000  5.88%  10.7  373s
 734811 393792   65.00000  226   51   68.00000   64.00000  5.88%  10.6  378s
 734848 413898   65.00000  227   54   68.00000   64.00000  5.88%  10.6  383s
 766880 413918   64.00000  166   48   68.00000   64.00000  5.88%  10.5  389s
 766922 433917   64.00000  167   44   68.00000   64.00000  5.88%  10.5  396s
H780961 433917                      67.9999996   64.00000  5.88%  10.5  397s
H798954 433942                      67.9999994   64.00000  5.88%  10.5  402s
H798957 433942                      67.9999993   64.00000  5.88%  10.5  402s
H798966 433941                      67.9999991   64.00000  5.88%  10.5  402s
H798968 433940                      67.9999990   64.00000  5.88%  10.5  402s
H798977 433934                      67.9999962   64.00000  5.88%  10.5  402s
 798992 453144   66.00000  159   32   68.00000   64.00000  5.88%  10.5  411s
 837684 458491   64.75000  163   43   68.00000   64.00000  5.88%  10.4  417s
 838520 458782     cutoff  180        68.00000   64.00000  5.88%  10.4  420s
 855546 470091     cutoff  148        68.00000   64.00000  5.88%  10.4  426s
 862601 474355   66.25000  270   43   68.00000   64.00000  5.88%  10.4  432s
 862638 493410   66.25000  271   41   68.00000   64.00000  5.88%  10.4  438s
 894670 493432     cutoff  159        68.00000   64.00000  5.88%  10.3  443s
 894709 512827   64.50000  153   34   68.00000   64.00000  5.88%  10.3  448s
 926741 512854   64.00000  138   30   68.00000   64.00000  5.88%  10.3  453s
 926777 531031   64.00000  139   30   68.00000   64.00000  5.88%  10.3  459s
 958809 531052   64.00000  233   53   68.00000   64.00000  5.88%  10.3  465s
 958851 549715   64.00000  234   53   68.00000   64.00000  5.88%  10.3  470s
 990883 549727     cutoff  173        68.00000   64.00000  5.88%  10.3  475s
 990933 568853     cutoff  173        68.00000   64.00000  5.88%  10.3  481s
 1022965 568870   66.50000  231   45   68.00000   64.00000  5.88%  10.2  486s
 1023011 588161     cutoff  232        68.00000   64.00000  5.88%  10.2  491s
 1055043 588184   64.25000  179   30   68.00000   64.00000  5.88%  10.2  496s
 1055084 605726   64.00000  176   35   68.00000   64.00000  5.88%  10.2  500s
 1087116 605753   64.25000  142   34   68.00000   64.00000  5.88%  10.1  506s
 1087153 624018   64.25000  143   32   68.00000   64.00000  5.88%  10.1  512s
 1119185 624107   65.75000  206   44   68.00000   64.00000  5.88%  10.1  515s
 1119340 643029   65.75000  207   46   68.00000   64.00000  5.88%  10.1  522s
 1151372 643137     cutoff  158        68.00000   64.00000  5.88%  10.1  525s
 1151507 661205   66.25000  162   50   68.00000   64.00000  5.88%  10.1  532s
 1183539 661234   67.50000  166   60   68.00000   64.00000  5.88%  10.0  535s
 1183605 679009   67.50000  167   62   68.00000   64.00000  5.88%  10.0  542s
 1215637 679096   67.50000  193   30   68.00000   64.00000  5.88%  10.0  545s
 1215843 698263     cutoff  194        68.00000   64.00000  5.88%  10.0  551s
 1247875 698426   64.00000  195   34   68.00000   64.00000  5.88%  10.0  555s
 1248104 716816   64.00000  196   40   68.00000   64.00000  5.88%  10.0  562s
 1280136 716893     cutoff  416        68.00000   64.00000  5.88%  10.0  566s
 1280340 734510     cutoff  416        68.00000   64.00000  5.88%  10.0  574s
 1312372 734551   64.25000  188   30   68.00000   64.00000  5.88%   9.9  577s
 1312463 751792   67.50000  158   50   68.00000   64.00000  5.88%   9.9  584s
 1318469 751792   65.75000  250   37   68.00000   64.00000  5.88%   9.9  585s
 1344644 770623   67.75000  353   60   68.00000   64.00000  5.88%  10.0  601s
 1376792 788808   64.50000  224   55   68.00000   64.00000  5.88%   9.9  611s
 1408996 806803     cutoff  194        68.00000   64.00000  5.88%   9.9  621s
 1441087 824011     cutoff  317        68.00000   64.00000  5.88%   9.9  631s
 1473119 824036   67.50000  159   66   68.00000   64.00000  5.88%   9.9  635s
 1473168 842111   67.50000  160   65   68.00000   64.00000  5.88%   9.9  641s
 1505386 859371     cutoff  291        68.00000   64.00000  5.88%   9.9  652s
 1537418 859388   67.00000  247   45   68.00000   64.00000  5.88%   9.9  655s
 1537475 875640   67.00000  248   40   68.00000   64.00000  5.88%   9.9  662s
 1569507 875724   64.00000  183   37   68.00000   64.00000  5.88%   9.9  665s
 1569701 894145   64.00000  184   33   68.00000   64.00000  5.88%   9.9  672s
 1601733 894165     cutoff  190        68.00000   64.00000  5.88%   9.9  675s
 1601776 910557   67.75000  190   63   68.00000   64.00000  5.88%   9.9  681s
 1633808 910604   64.50000  224   34   68.00000   64.00000  5.88%   9.9  685s
 1633907 927882   64.50000  225   32   68.00000   64.00000  5.88%   9.9  692s
 1665939 927936     cutoff  188        68.00000   64.00000  5.88%   9.9  695s
 1666058 945120 infeasible  185        68.00000   64.00000  5.88%   9.9  701s
 1698090 945135   67.00000  258   35   68.00000   64.00000  5.88%   9.9  706s
 1698136 961524   67.00000  259   35   68.00000   64.00000  5.88%   9.9  711s
 1730168 961548   64.75000  258   36   68.00000   64.00000  5.88%   9.9  717s
 1730204 977885   65.50000  259   36   68.00000   64.00000  5.88%   9.9  721s
 1762236 977908   64.00000  189   55   68.00000   64.00000  5.88%   9.8  726s
 1762276 994435   64.00000  190   55   68.00000   64.00000  5.88%   9.8  731s
 1794308 994457     cutoff  187        68.00000   64.00000  5.88%   9.8  736s
 1794349 1011180   67.25000  185   52   68.00000   64.00000  5.88%   9.8  741s
 1826381 1011186     cutoff  214        68.00000   64.00000  5.88%   9.8  746s
 1826439 1027371     cutoff  215        68.00000   64.00000  5.88%   9.8  752s
 1858471 1027390   64.00000  191   42   68.00000   64.00000  5.88%   9.8  757s
 1858515 1045578   64.00000  192   46   68.00000   64.00000  5.88%   9.8  762s
 1890547 1045600   67.00000  209   50   68.00000   64.00000  5.88%   9.8  769s
 1890587 1062658   67.00000  210   51   68.00000   64.00000  5.88%   9.8  774s
 1922619 1062678   65.25000  213   70   68.00000   64.00000  5.88%   9.8  779s
 1922659 1079617     cutoff  216        68.00000   64.00000  5.88%   9.8  784s
 1954691 1079621     cutoff  229        68.00000   64.00000  5.88%   9.8  789s
 1954750 1094216 infeasible  230        68.00000   64.00000  5.88%   9.8  795s
 1986782 1094229   66.00000  197   33   68.00000   64.00000  5.88%   9.8  800s
 1986832 1109666   66.00000  198   38   68.00000   64.00000  5.88%   9.8  805s
 2018909 1124397   67.50000  254   35   68.00000   64.00000  5.88%   9.8  814s
 2043934 1124397     cutoff  234        68.00000   64.00000  5.88%   9.8  815s
 2050988 1138323   64.50000  295   37   68.00000   64.00000  5.88%   9.8  824s
 2070007 1138323   67.25000  200   62   68.00000   64.00000  5.88%   9.8  825s
 2083063 1150602     cutoff  222        68.00000   64.00000  5.88%   9.8  835s
 2115095 1150615 infeasible  247        68.00000   64.00000  5.88%   9.8  840s
 2120146 1163062   65.50000  254   22   68.00000   64.00000  5.88%   9.8  845s
 2147173 1163074   65.25000  269   31   68.00000   64.00000  5.88%   9.8  850s
 2179253 1176008     cutoff  264        68.00000   64.00000  5.88%   9.8  859s
 2179306 1188110     cutoff  265        68.00000   64.00000  5.88%   9.8  865s
 2211338 1188127   66.00000  190   51   68.00000   64.00000  5.88%   9.8  870s
 2218390 1200041     cutoff  172        68.00000   64.00000  5.88%   9.8  875s
 2243415 1200060   64.75000  260   38   68.00000   64.00000  5.88%   9.8  880s
 2243459 1212895   64.75000  261   35   68.00000   64.00000  5.88%   9.8  885s
 2275491 1212910     cutoff  257        68.00000   64.00000  5.88%   9.8  892s
 2275538 1224774 infeasible  258        68.00000   64.00000  5.88%   9.8  898s
 2307570 1224792   67.15000  251   71   68.00000   64.00000  5.88%   9.8  904s
 2307614 1235944     cutoff  252        68.00000   64.00000  5.88%   9.8  909s
 2339646 1235962   64.50000  189   36   68.00000   64.00000  5.88%   9.8  912s
 2339691 1247192   64.50000  190   42   68.00000   64.00000  5.88%   9.8  919s
 2371723 1247209   67.50000  268   32   68.00000   64.00000  5.88%   9.8  922s
 2371769 1258048 infeasible  269        68.00000   64.00000  5.88%   9.8  929s
 2403801 1258052     cutoff  254        68.00000   64.00000  5.88%   9.8  932s
 2403870 1269660   67.75000  254   43   68.00000   64.00000  5.88%   9.8  938s
 2435902 1269678   64.25000  263   30   68.00000   64.00000  5.88%   9.8  941s
 2435946 1279303   64.25000  264   38   68.00000   64.00000  5.88%   9.8  949s
 2467978 1279316     cutoff  296        68.00000   64.00000  5.88%   9.8  952s
 2468029 1289380     cutoff  297        68.00000   64.00000  5.88%   9.8  958s
 2500061 1289395   64.50000  184   54   68.00000   64.00000  5.88%   9.8  962s
 2500108 1300131   64.50000  185   54   68.00000   64.00000  5.88%   9.8  968s
 2532140 1300129   64.00000  269   29   68.00000   64.00000  5.88%   9.8  972s
 2532214 1309344   64.00000  270   29   68.00000   64.00000  5.88%   9.8  979s
 2539221 1309344   67.25000  281   34   68.00000   64.00000  5.88%   9.8  980s
 2564301 1320039   64.25000  260   38   68.00000   64.00000  5.88%   9.9  989s
 2591328 1320039   65.00000  262   36   68.00000   64.00000  5.88%   9.8  990s
 2596399 1330532   64.75000  277   34   68.00000   64.00000  5.88%   9.8 1000s
 2628476 1342316     cutoff  282        68.00000   64.00000  5.88%   9.9 1010s
 2660553 1354236   67.25000  261   45   68.00000   64.00000  5.88%   9.9 1020s
 2692585 1354244   64.75000  266   34   68.00000   64.00000  5.88%   9.9 1025s
 2692641 1363893   64.75000  267   33   68.00000   64.00000  5.88%   9.9 1032s
 2724673 1363908   66.25000  219   31   68.00000   64.00000  5.88%   9.9 1038s
 2724721 1376234   66.25000  220   29   68.00000   64.00000  5.88%   9.9 1045s
 2756797 1386264   64.00000  149   43   68.00000   64.00000  5.88%   9.9 1056s
 2788829 1386272   66.00000  240   34   68.00000   64.00000  5.88%   9.9 1060s
 2788885 1396552   66.75000  240   34   68.00000   64.00000  5.88%   9.9 1066s
 2820955 1406434   64.00000  251   38   68.00000   64.00000  5.88%   9.9 1077s
 2852987 1406440   65.00000  239   36   68.00000   64.00000  5.88%   9.9 1081s
 2853043 1417041   65.25000  240   36   68.00000   64.00000  5.88%   9.9 1087s
 2885075 1417050     cutoff  270        68.00000   64.00000  5.88%   9.9 1090s
 2885123 1427967     cutoff  271        68.00000   64.00000  5.88%   9.9 1097s
 2917155 1427960   64.50000  175   30   68.00000   64.00000  5.88%   9.9 1100s
 2917226 1436591   64.75000  176   35   68.00000   64.00000  5.88%   9.9 1107s
 2949258 1436614   67.25000  271   31   68.00000   64.00000  5.88%  10.0 1111s
 2949336 1445588     cutoff  272        68.00000   64.00000  5.88%  10.0 1118s
 2981368 1445595   66.00000  258   30   68.00000   64.00000  5.88%  10.0 1122s
 2981422 1455869     cutoff  259        68.00000   64.00000  5.88%  10.0 1128s
 3013454 1455883   64.75000  242   22   68.00000   64.00000  5.88%  10.0 1131s
 3013500 1464959   66.75000  241   29   68.00000   64.00000  5.88%  10.0 1138s
 3045532 1464966   67.50000  250   29   68.00000   64.00000  5.88%  10.0 1142s
 3045585 1476562     cutoff  251        68.00000   64.00000  5.88%  10.0 1149s
 3077617 1476572   64.62500  265   31   68.00000   64.00000  5.88%  10.0 1152s
 3077669 1485470   67.24997  266   28   68.00000   64.00000  5.88%  10.0 1164s
 3109701 1485487   64.00000  282   39   68.00000   64.00000  5.88%  10.0 1169s
 3109745 1495516   65.00000  283   39   68.00000   64.00000  5.88%  10.0 1174s
 3141777 1495531 infeasible  250        68.00000   64.00000  5.88%  10.0 1179s
 3141820 1504120   64.00000  248   33   68.00000   64.00000  5.88%  10.0 1184s
 3156835 1504120   66.00000  270   51   68.00000   64.00000  5.88%  10.1 1185s
 3173894 1514442     cutoff  303        68.00000   64.00000  5.88%  10.1 1194s
 3205926 1514460   65.12500  283   33   68.00000   64.00000  5.88%  10.1 1199s
 3205970 1522779   67.62500  284   37   68.00000   64.00000  5.88%  10.1 1205s
 3238002 1522792     cutoff  256        68.00000   64.00000  5.88%  10.1 1210s
 3270081 1532590     cutoff  273        68.00000   64.00000  5.88%  10.1 1219s
 3270137 1541404   64.00000  250   21   68.00000   64.00000  5.88%  10.1 1225s
 3302169 1541407   64.00000  243   30   68.00000   64.00000  5.88%  10.1 1230s
 3332257 1552770   64.00000  262   22   68.00000   64.00000  5.88%  10.1 1235s
 3334302 1562099     cutoff  264        68.00000   64.00000  5.88%  10.1 1245s
 3366334 1562124   64.00000  197   26   68.00000   64.00000  5.88%  10.2 1250s
 3366372 1571726   64.00000  198   26   68.00000   64.00000  5.88%  10.2 1255s
 3398404 1571736   64.00000  274   39   68.00000   64.00000  5.88%  10.2 1260s
 3398452 1579967   66.00000  275   43   68.00000   64.00000  5.88%  10.2 1265s
 3430484 1579978   67.25000  273   35   68.00000   64.00000  5.88%  10.2 1270s
 3462567 1589505     cutoff  270        68.00000   64.00000  5.88%  10.2 1279s
 3462629 1597305   64.00000  265   24   68.00000   64.00000  5.88%  10.2 1284s
 3494661 1597322   66.50000  256   32   68.00000   64.00000  5.88%  10.2 1289s
 3494708 1606185   66.50000  257   32   68.00000   64.00000  5.88%  10.2 1294s
 3499713 1606185     cutoff  282        68.00000   64.00000  5.88%  10.2 1295s
 3526784 1616269     cutoff  282        68.00000   64.00000  5.88%  10.2 1304s
 3558816 1616289   66.00000  285   23   68.00000   64.00000  5.88%  10.2 1309s
 3558857 1624200   66.00000  286   23   68.00000   64.00000  5.88%  10.2 1314s
 3590889 1624204     cutoff  284        68.00000   64.00000  5.88%  10.3 1319s
 3590947 1632306   64.25000  281   31   68.00000   64.00000  5.88%  10.3 1323s
 3622979 1632305   67.75000  303   38   68.00000   64.00000  5.88%  10.3 1328s
 3623039 1640374 infeasible  304        68.00000   64.00000  5.88%  10.3 1334s
 3655071 1640382   64.00000  285   26   68.00000   64.00000  5.88%  10.3 1339s
 3655126 1649364     cutoff  286        68.00000   64.00000  5.88%  10.3 1347s
 3687158 1649363   65.74998  259   34   68.00000   64.00000  5.88%  10.3 1352s
 3687216 1657557   66.99998  259   30   68.00000   64.00000  5.88%  10.3 1358s
 3719248 1657570   64.25000  289   25   68.00000   64.00000  5.88%  10.3 1363s
 3719295 1667907   66.25000  290   28   68.00000   64.00000  5.88%  10.3 1367s
 3751327 1667925   67.50000  301   25   68.00000   64.00000  5.88%  10.3 1372s
 3751369 1676208     cutoff  302        68.00000   64.00000  5.88%  10.3 1378s
 3783401 1676207     cutoff  292        68.00000   64.00000  5.88%  10.3 1384s
 3783460 1685921     cutoff  291        68.00000   64.00000  5.88%  10.3 1388s
 3815492 1685932   65.25000  250   37   68.00000   64.00000  5.88%  10.3 1393s
 3815539 1693552   65.25000  251   34   68.00000   64.00000  5.88%  10.3 1398s
 3847571 1693561   65.53748  269   44   68.00000   64.00000  5.88%  10.3 1403s
 3847619 1703680     cutoff  270        68.00000   64.00000  5.88%  10.3 1408s
 3879651 1703689   67.75000  311   36   68.00000   64.00000  5.88%  10.3 1414s
 3879703 1712111     cutoff  312        68.00000   64.00000  5.88%  10.3 1419s
 3911735 1712128   65.50000  309   45   68.00000   64.00000  5.88%  10.4 1424s
 3911780 1723024     cutoff  310        68.00000   64.00000  5.88%  10.4 1429s
 3943812 1723036     cutoff  304        68.00000   64.00000  5.88%  10.4 1433s
 3943858 1733540   64.00000  270   29   68.00000   64.00000  5.88%  10.4 1439s
 3965880 1733540   65.75000  305   42   68.00000   64.00000  5.88%  10.4 1440s
 3975966 1741216   67.75000  289   29   68.00000   64.00000  5.88%  10.4 1450s
 4008045 1751702 infeasible  289        68.00000   64.00000  5.88%  10.4 1461s
 4040077 1751712   64.00000  262   35   68.00000   64.00000  5.88%  10.4 1465s
 4040129 1759860   64.00000  260   37   68.00000   64.00000  5.88%  10.4 1472s
 4072161 1759877   65.50000  276   42   68.00000   64.00000  5.88%  10.4 1475s
 4072205 1769278     cutoff  276        68.00000   64.00000  5.88%  10.4 1482s
 4104237 1769284   66.75000  280   38   68.00000   64.00000  5.88%  10.4 1485s
 4104288 1776852     cutoff  281        68.00000   64.00000  5.88%  10.4 1492s
 4136320 1776861     cutoff  314        68.00000   64.00000  5.88%  10.4 1495s
 4136372 1787964     cutoff  320        68.00000   64.00000  5.88%  10.4 1502s
 4168404 1787978     cutoff  264        68.00000   64.00000  5.88%  10.4 1506s
 4168451 1798929   67.35714  265   31   68.00000   64.00000  5.88%  10.4 1512s
 4200483 1798926     cutoff  291        68.00000   64.00000  5.88%  10.4 1515s
 4200550 1807183 infeasible  290        68.00000   64.00000  5.88%  10.4 1522s
 4232582 1807196   64.00000  282   26   68.00000   64.00000  5.88%  10.4 1527s
 4232629 1819122   66.00000  283   26   68.00000   64.00000  5.88%  10.4 1534s
 4264661 1819116     cutoff  294        68.00000   64.00000  5.88%  10.4 1538s
 4264728 1829010     cutoff  288        68.00000   64.00000  5.88%  10.4 1545s
 4296803 1841106   65.52500  299   46   68.00000   64.00000  5.88%  10.4 1555s
 4328884 1852030   66.50000  275   25   68.00000   64.00000  5.88%  10.4 1565s
 4360974 1861359     cutoff  285        68.00000   64.00000  5.88%  10.4 1575s
 4393054 1871460   67.75000  303   33   68.00000   64.00000  5.88%  10.4 1585s
 4425134 1881952   67.00000  295   27   68.00000   64.00000  5.88%  10.4 1595s
 4457223 1891203 infeasible  298        68.00000   64.00000  5.88%  10.4 1606s
 4489308 1902017     cutoff  291        68.00000   64.00000  5.88%  10.5 1616s
 4521393 1912405   65.42500  289   34   68.00000   64.00000  5.88%  10.5 1625s
 4553497 1921468   65.50000  303   29   68.00000   64.00000  5.88%  10.5 1636s
 4585529 1921480   64.00000  297   43   68.00000   64.00000  5.88%  10.5 1640s
 4585579 1931844     cutoff  297        68.00000   64.00000  5.88%  10.5 1647s
 4617611 1931854     cutoff  284        68.00000   64.00000  5.88%  10.5 1651s
 4617664 1942419     cutoff  285        68.00000   64.00000  5.88%  10.5 1658s
 4649696 1942429   65.50000  314   39   68.00000   64.00000  5.88%  10.5 1661s
 4649747 1950269 infeasible  315        68.00000   64.00000  5.88%  10.5 1669s
 4681779 1950287     cutoff  320        68.00000   64.00000  5.88%  10.5 1673s
 4681823 1961118   66.25000  320   48   68.00000   64.00000  5.88%  10.5 1679s
 4713855 1961133     cutoff  292        68.00000   64.00000  5.88%  10.5 1683s
 4713903 1971961   66.25000  292   30   68.00000   64.00000  5.88%  10.5 1690s
 4746025 1980688   64.50000  189   34   68.00000   64.00000  5.88%  10.5 1701s
 4778057 1980712   65.50000  295   41   68.00000   64.00000  5.88%  10.5 1705s
 4778097 1990923   65.50000  296   38   68.00000   64.00000  5.88%  10.5 1711s
 4810129 1990940   64.00000  331   42   68.00000   64.00000  5.88%  10.5 1715s
 4810173 1999396   64.00000  332   42   68.00000   64.00000  5.88%  10.5 1725s
 4842246 2009873   65.57500  300   31   68.00000   64.00000  5.88%  10.6 1735s
 4874337 2020365     cutoff  299        68.00000   64.00000  5.88%  10.6 1744s
 4906369 2020382   66.24997  301   27   68.00000   64.00000  5.88%  10.6 1749s
 4906414 2029430     cutoff  302        68.00000   64.00000  5.88%  10.6 1756s
 4938446 2029441 infeasible  315        68.00000   64.00000  5.88%  10.6 1761s
 4938498 2039808 infeasible  315        68.00000   64.00000  5.88%  10.6 1766s
 4970530 2039830     cutoff  294        68.00000   64.00000  5.88%  10.6 1771s
 4970572 2049984     cutoff  291        68.00000   64.00000  5.88%  10.6 1776s
 5002604 2049988   67.75000  324   26   68.00000   64.00000  5.88%  10.6 1781s
 5002656 2056735     cutoff  325        68.00000   64.00000  5.88%  10.6 1788s
 5034688 2056748 infeasible  321        68.00000   64.00000  5.88%  10.6 1793s
 5034736 2069006   67.00000  319   39   68.00000   64.00000  5.88%  10.6 1798s
 5066768 2069022   67.75000  327   37   68.00000   64.00000  5.88%  10.6 1804s
 5066814 2082353   67.95000  328   40   68.00000   64.00000  5.88%  10.6 1810s
 5098846 2082370     cutoff  294        68.00000   64.00000  5.88%  10.6 1816s
 5098893 2096500     cutoff  292        68.00000   64.00000  5.88%  10.6 1822s
 5130925 2096491   64.00000  256   44   68.00000   64.00000  5.88%  10.6 1827s
 5130998 2110661   64.00000  257   49   68.00000   64.00000  5.88%  10.6 1833s
 5163030 2110679   64.25000  204   47   68.00000   64.00000  5.88%  10.6 1838s
 5163074 2126649   66.25000  205   55   68.00000   64.00000  5.88%  10.6 1844s
 5167078 2126649   66.75000  178   35   68.00000   64.00000  5.88%  10.6 1845s
 5195106 2126667     cutoff  309        68.00000   64.00000  5.88%  10.6 1850s
 5197152 2141483   64.75000  176   25   68.00000   64.00000  5.88%  10.6 1855s
 5227182 2141497     cutoff  350        68.00000   64.00000  5.88%  10.6 1860s
 5227229 2157317     cutoff  351        68.00000   64.00000  5.88%  10.6 1866s
 5259261 2157335     cutoff  303        68.00000   64.00000  5.88%  10.6 1873s
 5259307 2170204   66.50000  302   41   68.00000   64.00000  5.88%  10.6 1877s
 5291339 2170221     cutoff  245        68.00000   64.00000  5.88%  10.6 1882s
 5291384 2185371     cutoff  246        68.00000   64.00000  5.88%  10.6 1887s
 5323416 2185388   65.50000  308   25   68.00000   64.00000  5.88%  10.6 1892s
 5323463 2200368   65.50000  309   23   68.00000   64.00000  5.88%  10.6 1897s
 5355495 2200393   64.00000  194   35   68.00000   64.00000  5.88%  10.6 1902s
 5355533 2214557   64.75000  195   36   68.00000   64.00000  5.88%  10.6 1908s
 5387565 2214564     cutoff  263        68.00000   64.00000  5.88%  10.6 1914s
 5387619 2229716   64.00000  180   45   68.00000   64.00000  5.88%  10.6 1919s
 5419651 2229726   64.25000  191   34   68.00000   64.00000  5.88%  10.6 1923s
 5419704 2245064   67.00000  192   41   68.00000   64.00000  5.88%  10.6 1928s
 5451736 2245084   64.00000  309   46   68.00000   64.00000  5.88%  10.6 1933s
 5451777 2259905   64.03750  310   53   68.00000   64.00000  5.88%  10.6 1938s
 5483809 2259923   64.00000  159   37   68.00000   64.00000  5.88%  10.6 1946s
 5483855 2273550   64.00000  160   35   68.00000   64.00000  5.88%  10.6 1952s
 5515887 2273567   67.75000  266   34   68.00000   64.00000  5.88%  10.6 1957s
 5515933 2286317   67.75000  267   37   68.00000   64.00000  5.88%  10.6 1962s
 5547965 2286332   67.50000  216   58   68.00000   64.00000  5.88%  10.6 1967s
 5548014 2299699   67.50000  217   58   68.00000   64.00000  5.88%  10.6 1973s
 5580046 2299716   66.00000  215   55   68.00000   64.00000  5.88%  10.5 1978s
 5580091 2313222   66.00000  217   42   68.00000   64.00000  5.88%  10.5 1983s
 5612123 2313237   64.00000  261   31   68.00000   64.00000  5.88%  10.5 1988s
 5612172 2325671   64.00000  262   35   68.00000   64.00000  5.88%  10.5 1994s
 5644204 2325693   65.00000  251   36   68.00000   64.00000  5.88%  10.5 1999s
 5644243 2339688   65.00000  252   37   68.00000   64.00000  5.88%  10.5 2004s
 5676275 2339701   64.00000  234   52   68.00000   64.00000  5.88%  10.5 2009s
 5676322 2353366   64.00000  235   56   68.00000   64.00000  5.88%  10.5 2014s
 5708354 2353362   64.00000  245   45   68.00000   64.00000  5.88%  10.5 2019s
 5708421 2365656 infeasible  246        68.00000   64.00000  5.88%  10.5 2025s
 5740453 2365674     cutoff  233        68.00000   64.00000  5.88%  10.5 2030s
 5740498 2379742     cutoff  230        68.00000   64.00000  5.88%  10.5 2035s
 5772530 2379757     cutoff  266        68.00000   64.00000  5.88%  10.5 2040s
 5772575 2393653   67.00000  264   45   68.00000   64.00000  5.88%  10.5 2045s
 5804607 2393675   64.00000  197   27   68.00000   64.00000  5.88%  10.5 2051s
 5804648 2405711   64.00000  198   27   68.00000   64.00000  5.88%  10.5 2057s
 5836680 2405730   64.00000  285   27   68.00000   64.00000  5.88%  10.5 2062s
 5836724 2418725   64.00000  286   27   68.00000   64.00000  5.88%  10.5 2067s
 5868756 2418745   64.00000  255   37   68.00000   64.00000  5.88%  10.5 2073s
 5868795 2432654   64.50000  256   43   68.00000   64.00000  5.88%  10.5 2079s
 5900827 2432665   67.25000  208   39   68.00000   64.00000  5.88%  10.5 2084s
 5900878 2445466   67.25000  209   37   68.00000   64.00000  5.88%  10.5 2091s
 5932910 2445483   67.00000  219   53   68.00000   64.00000  5.88%  10.5 2097s
 5932955 2459129     cutoff  220        68.00000   64.00000  5.88%  10.5 2103s
 5964987 2459140   65.25000  278   39   68.00000   64.00000  5.88%  10.5 2107s
 5965034 2472126   65.25000  277   37   68.00000   64.00000  5.88%  10.5 2113s
 5997066 2472116     cutoff  278        68.00000   64.00000  5.88%  10.5 2117s
 5997134 2485558     cutoff  279        68.00000   64.00000  5.88%  10.5 2125s
 6029213 2499304   67.75000  292   31   68.00000   64.00000  5.88%  10.5 2135s
 6061291 2512992     cutoff  231        68.00000   64.00000  5.88%  10.5 2146s
 6093323 2512991   67.25000  219   28   68.00000   64.00000  5.88%  10.5 2150s
 6093387 2525164     cutoff  220        68.00000   64.00000  5.88%  10.5 2158s
 6125419 2525181   66.25000  275   31   68.00000   64.00000  5.88%  10.5 2162s
 6125464 2538433   66.25000  276   29   68.00000   64.00000  5.88%  10.5 2169s
 6157496 2538445   65.50000  306   33   68.00000   64.00000  5.88%  10.5 2172s
 6157547 2551678     cutoff  307        68.00000   64.00000  5.88%  10.5 2179s
 6189579 2551700   65.75000  267   33   68.00000   64.00000  5.88%  10.5 2183s
 6189619 2563261   65.75000  268   31   68.00000   64.00000  5.88%  10.5 2191s
 6221703 2576077     cutoff  237        68.00000   64.00000  5.88%  10.5 2202s
 6253735 2576097   64.30000  277   58   68.00000   64.00000  5.88%  10.5 2205s
 6253776 2590033   64.75000  278   45   68.00000   64.00000  5.88%  10.5 2212s
 6285808 2590044   66.50000  289   41   68.00000   64.00000  5.88%  10.5 2216s
 6285858 2602636   66.50000  290   39   68.00000   64.00000  5.88%  10.5 2223s
 6317890 2602647     cutoff  271        68.00000   64.00000  5.88%  10.5 2226s
 6317940 2614663   67.25000  272   56   68.00000   64.00000  5.88%  10.5 2242s
 6349972 2614678     cutoff  283        68.00000   64.00000  5.88%  10.5 2245s
 6350017 2626888   64.25000  277   20   68.00000   64.00000  5.88%  10.5 2252s
 6382049 2626905   67.50000  327   42   68.00000   64.00000  5.88%  10.5 2255s
 6382092 2639619   67.50000  328   48   68.00000   64.00000  5.88%  10.5 2263s
 6414124 2639636     cutoff  294        68.00000   64.00000  5.88%  10.5 2267s
 6414170 2653858   66.50000  293   37   68.00000   64.00000  5.88%  10.5 2274s
 6446202 2653872     cutoff  298        68.00000   64.00000  5.88%  10.5 2278s
 6446251 2666937   65.00000  218   44   68.00000   64.00000  5.88%  10.5 2285s
 6478325 2679227   67.50000  335   61   68.00000   64.00000  5.88%  10.5 2296s
 6510400 2692867     cutoff  263        68.00000   64.00000  5.88%  10.5 2306s
 6542476 2705009   67.00000  287   38   68.00000   64.00000  5.88%  10.5 2316s
 6574549 2718299   64.75000  271   45   68.00000   64.00000  5.88%  10.5 2327s
 6606581 2718308   67.25000  218   27   68.00000   64.00000  5.88%  10.5 2330s
 6606635 2730816     cutoff  219        68.00000   64.00000  5.88%  10.5 2338s
 6638667 2730826   66.00000  301   24   68.00000   64.00000  5.88%  10.5 2341s
 6638720 2743607 infeasible  302        68.00000   64.00000  5.88%  10.5 2348s
 6670752 2743622   66.25000  273   36   68.00000   64.00000  5.88%  10.5 2351s
 6670799 2757000   66.75000  271   33   68.00000   64.00000  5.88%  10.5 2358s
 6702831 2757000     cutoff  304        68.00000   64.00000  5.88%  10.5 2362s
 6702894 2768754   65.50000  301   41   68.00000   64.00000  5.88%  10.5 2369s
 6711903 2768754   64.50000  233   43   68.00000   64.00000  5.88%  10.5 2370s
 6734972 2782264     cutoff  279        68.00000   64.00000  5.88%  10.6 2382s
 6767004 2782282   67.08125  259   39   68.00000   64.00000  5.88%  10.6 2385s
 6767047 2795949   67.25000  260   38   68.00000   64.00000  5.88%  10.6 2393s
 6799079 2795963   65.75000  293   49   68.00000   64.00000  5.88%  10.6 2396s
 6799126 2806961   65.75000  294   47   68.00000   64.00000  5.88%  10.6 2404s
 6831158 2806964     cutoff  264        68.00000   64.00000  5.88%  10.6 2407s
 6831217 2820005   67.50000  263   73   68.00000   64.00000  5.88%  10.6 2414s
 6863249 2820022   64.75000  286   31   68.00000   64.00000  5.88%  10.6 2417s
 6863293 2833930     cutoff  287        68.00000   64.00000  5.88%  10.6 2425s
 6895371 2846168   65.00000  260   48   68.00000   64.00000  5.88%  10.6 2436s
 6927454 2859756   64.00000  260   44   68.00000   64.00000  5.88%  10.6 2446s
 6959486 2859769     cutoff  246        68.00000   64.00000  5.88%  10.6 2450s
 6959536 2872370     cutoff  247        68.00000   64.00000  5.88%  10.6 2463s
 6991568 2872369   67.75000  213   29   68.00000   64.00000  5.88%  10.6 2467s
 6991633 2884720     cutoff  214        68.00000   64.00000  5.88%  10.6 2474s
 7010652 2884720   64.25000  265   23   68.00000   64.00000  5.88%  10.6 2475s
 7023708 2899233   67.25000  242   26   68.00000   64.00000  5.88%  10.6 2485s
 7055787 2911834     cutoff  286        68.00000   64.00000  5.88%  10.6 2497s
 7087819 2911860   65.25000  281   42   68.00000   64.00000  5.88%  10.6 2501s
 7087856 2924175   65.25000  282   42   68.00000   64.00000  5.88%  10.6 2506s
 7119888 2924194     cutoff  289        68.00000   64.00000  5.88%  10.6 2511s
 7119932 2937377     cutoff  289        68.00000   64.00000  5.88%  10.6 2516s
 7151964 2937390   67.50000  257   58   68.00000   64.00000  5.88%  10.6 2521s
 7152014 2950518     cutoff  258        68.00000   64.00000  5.88%  10.6 2528s
 7184046 2950529   66.50000  262   37   68.00000   64.00000  5.88%  10.6 2533s
 7184098 2963629   66.50000  263   48   68.00000   64.00000  5.88%  10.6 2538s
 7216130 2963655   65.50000  281   43   68.00000   64.00000  5.88%  10.6 2544s
 7216167 2974161     cutoff  282        68.00000   64.00000  5.88%  10.6 2548s
 7248199 2974178     cutoff  317        68.00000   64.00000  5.88%  10.6 2554s
 7248246 2985275     cutoff  315        68.00000   64.00000  5.88%  10.6 2559s
 7265263 2985275   67.50000  283   46   68.00000   64.00000  5.88%  10.6 2560s
 7280332 2997228     cutoff  308        68.00000   64.00000  5.88%  10.6 2571s
 7312364 2997249   64.00000  290   36   68.00000   64.00000  5.88%  10.6 2576s
 7312407 3010248   64.00000  289   36   68.00000   64.00000  5.88%  10.6 2581s
 7344439 3010259   66.75000  282   39   68.00000   64.00000  5.88%  10.6 2587s
 7344489 3023408   66.75000  283   39   68.00000   64.00000  5.88%  10.6 2593s
 7376521 3023412   66.00000  318   36   68.00000   64.00000  5.88%  10.6 2598s
 7376580 3035323   66.00000  319   36   68.00000   64.00000  5.88%  10.6 2604s
 7408612 3035333     cutoff  276        68.00000   64.00000  5.88%  10.6 2609s
 7408664 3047323   67.75000  278   37   68.00000   64.00000  5.88%  10.6 2615s
 7440696 3047336     cutoff  236        68.00000   64.00000  5.88%  10.6 2620s
 7440746 3057725   66.75000  237   36   68.00000   64.00000  5.88%  10.6 2625s
 7472778 3057727   67.75000  254   55   68.00000   64.00000  5.88%  10.6 2631s
 7472838 3068607   67.75000  255   50   68.00000   64.00000  5.88%  10.6 2637s
 7504870 3068621   67.75000  241   38   68.00000   64.00000  5.88%  10.6 2643s
 7504919 3079022   67.75000  242   34   68.00000   64.00000  5.88%  10.6 2648s
 7536951 3079023   67.00000  315   44   68.00000   64.00000  5.88%  10.6 2653s
 7537011 3088632   67.00000  316   46   68.00000   64.00000  5.88%  10.6 2658s
 7569043 3088652   64.50000  306   30   68.00000   64.00000  5.88%  10.6 2664s
 7569085 3099108   64.50000  307   30   68.00000   64.00000  5.88%  10.6 2670s
 7601117 3099122   67.00000  332   45   68.00000   64.00000  5.88%  10.6 2678s
 7601167 3109555   67.00000  333   45   68.00000   64.00000  5.88%  10.6 2684s
 7633199 3109572   65.50000  296   28   68.00000   64.00000  5.88%  10.6 2689s
 7633245 3121090     cutoff  297        68.00000   64.00000  5.88%  10.6 2694s
 7647259 3121090     cutoff  337        68.00000   64.00000  5.88%  10.6 2695s
 7665319 3128797   67.00000  302   37   68.00000   64.00000  5.88%  10.6 2705s
 7697351 3128814   67.00000  307   34   68.00000   64.00000  5.88%  10.6 2711s
 7697398 3138858   67.00000  308   37   68.00000   64.00000  5.88%  10.6 2716s
 7729430 3138876   67.25000  255   52   68.00000   64.00000  5.88%  10.6 2722s
 7729475 3148954     cutoff  256        68.00000   64.00000  5.88%  10.6 2727s
 7761507 3148941   65.25000  348   28   68.00000   64.00000  5.88%  10.6 2732s
 7761581 3158118   64.75000  349   36   68.00000   64.00000  5.88%  10.6 2738s
 7793613 3158121   66.50000  331   34   68.00000   64.00000  5.88%  10.7 2743s
 7793673 3166889 infeasible  332        68.00000   64.00000  5.88%  10.7 2748s
 7825705 3166906     cutoff  326        68.00000   64.00000  5.88%  10.7 2753s
 7825750 3177331   67.50000  326   52   68.00000   64.00000  5.88%  10.7 2758s
 7857782 3177345   66.50000  315   35   68.00000   64.00000  5.88%  10.7 2763s
 7857831 3188718     cutoff  316        68.00000   64.00000  5.88%  10.7 2769s
 7889863 3188741   67.50000  289   47   68.00000   64.00000  5.88%  10.7 2775s
 7889904 3198472   67.50000  290   46   68.00000   64.00000  5.88%  10.7 2780s
 7921936 3198479     cutoff  337        68.00000   64.00000  5.88%  10.7 2785s
 7921989 3209205   64.50000  336   30   68.00000   64.00000  5.88%  10.7 2790s
 7954021 3209213   66.25000  345   28   68.00000   64.00000  5.88%  10.6 2795s
 7954076 3219155     cutoff  346        68.00000   64.00000  5.88%  10.6 2801s
 7986108 3219184   64.00000  190   26   68.00000   64.00000  5.88%  10.7 2807s
 7986142 3229772   64.00000  191   26   68.00000   64.00000  5.88%  10.7 2812s
 8018174 3229787     cutoff  344        68.00000   64.00000  5.88%  10.7 2819s
 8018223 3241954   66.45000  342   29   68.00000   64.00000  5.88%  10.7 2824s
 8050255 3241971   65.00000  226   50   68.00000   64.00000  5.88%  10.7 2829s
 8050302 3251691   65.00000  227   50   68.00000   64.00000  5.88%  10.7 2835s
 8082334 3251706   64.00000  314   28   68.00000   64.00000  5.88%  10.7 2841s
 8082379 3262253   65.00000  315   32   68.00000   64.00000  5.88%  10.7 2846s
 8114411 3262269     cutoff  341        68.00000   64.00000  5.88%  10.7 2851s
 8114458 3271547     cutoff  338        68.00000   64.00000  5.88%  10.7 2856s
 8146490 3271555     cutoff  338        68.00000   64.00000  5.88%  10.7 2861s
 8146543 3278985   64.00000  337   21   68.00000   64.00000  5.88%  10.7 2867s
 8178575 3278998   64.00000  303   27   68.00000   64.00000  5.88%  10.7 2872s
 8178626 3288039   64.27500  304   56   68.00000   64.00000  5.88%  10.7 2878s
 8210658 3288045   64.00000  268   28   68.00000   64.00000  5.88%  10.7 2884s
 8210712 3297446   64.25000  269   26   68.00000   64.00000  5.88%  10.7 2889s
 8242744 3297454     cutoff  298        68.00000   64.00000  5.88%  10.7 2894s
 8242799 3306402   65.00000  295   37   68.00000   64.00000  5.88%  10.7 2900s
 8274831 3306408   65.50000  328   38   68.00000   64.00000  5.88%  10.7 2906s
 8274888 3317634   65.50000  329   38   68.00000   64.00000  5.88%  10.7 2910s
 8306920 3317650   67.75000  241   80   68.00000   64.00000  5.88%  10.7 2916s
 8306959 3328215   67.75000  242   80   68.00000   64.00000  5.88%  10.7 2921s
 8338991 3328222   66.25000  334   43   68.00000   64.00000  5.88%  10.7 2926s
 8339045 3340082   67.25000  335   41   68.00000   64.00000  5.88%  10.7 2932s
 8371077 3340094     cutoff  342        68.00000   64.00000  5.88%  10.7 2936s
 8371127 3353419   67.50000  343   62   68.00000   64.00000  5.88%  10.7 2942s
 8403159 3353437   64.00000  241   28   68.00000   64.00000  5.88%  10.7 2946s
 8403204 3366439   64.00000  242   27   68.00000   64.00000  5.88%  10.7 2952s
 8435236 3366465   66.75000  239   40   68.00000   64.00000  5.88%  10.7 2955s
 8435270 3378119   66.75000  240   39   68.00000   64.00000  5.88%  10.7 2962s
 8467302 3378137     cutoff  299        68.00000   64.00000  5.88%  10.7 2968s
 8467343 3389743   64.50000  239   36   68.00000   64.00000  5.88%  10.7 2975s
 8499422 3404243   64.25000  246   36   68.00000   64.00000  5.88%  10.7 2986s
 8531497 3419262   64.00000  187   32   68.00000   64.00000  5.88%  10.7 2996s
 8563529 3419239     cutoff  236        68.00000   64.00000  5.88%  10.6 3000s
 8563616 3433913 infeasible  233        68.00000   64.00000  5.88%  10.6 3007s
 8595648 3433927 infeasible  280        68.00000   64.00000  5.88%  10.6 3011s
 8595696 3449463   64.00000  280   26   68.00000   64.00000  5.88%  10.6 3017s
 8627728 3449479   67.50000  264   27   68.00000   64.00000  5.88%  10.6 3021s
 8627772 3461752     cutoff  265        68.00000   64.00000  5.88%  10.6 3027s
 8659804 3461771   66.00000  263   23   68.00000   64.00000  5.88%  10.6 3030s
 8659846 3473623   66.00000  264   25   68.00000   64.00000  5.88%  10.6 3037s
 8691878 3473651   66.00000  266   46   68.00000   64.00000  5.88%  10.6 3041s
 8691914 3486043   66.00000  266   44   68.00000   64.00000  5.88%  10.6 3047s
 8723946 3486063   67.75000  269   39   68.00000   64.00000  5.88%  10.6 3051s
 8723990 3498423     cutoff  270        68.00000   64.00000  5.88%  10.6 3057s
 8756022 3498445   67.00000  308   20   68.00000   64.00000  5.88%  10.6 3061s
 8756064 3509306     cutoff  309        68.00000   64.00000  5.88%  10.6 3068s
 8788096 3509314 infeasible  305        68.00000   64.00000  5.88%  10.6 3071s
 8788150 3521013 infeasible  305        68.00000   64.00000  5.88%  10.6 3078s
 8820182 3521024   66.51282  260   35   68.00000   64.00000  5.88%  10.6 3081s
 8820233 3531414   67.25000  261   33   68.00000   64.00000  5.88%  10.6 3087s
 8852265 3531426     cutoff  291        68.00000   64.00000  5.88%  10.6 3091s
 8852317 3541854   67.75000  292   31   68.00000   64.00000  5.88%  10.6 3098s
 8884349 3541854   64.00000  264   49   68.00000   64.00000  5.88%  10.6 3102s
 8884410 3553120   64.00000  265   49   68.00000   64.00000  5.88%  10.6 3109s
 8916442 3553137   64.25000  244   27   68.00000   64.00000  5.88%  10.6 3112s
 8916488 3563109   64.25000  245   29   68.00000   64.00000  5.88%  10.6 3119s
 8945517 3563109   64.25000  243   42   68.00000   64.00000  5.88%  10.6 3120s
 8948520 3563117     cutoff  320        68.00000   64.00000  5.88%  10.6 3125s
 8948576 3573474   66.25000  321   38   68.00000   64.00000  5.88%  10.6 3131s
 8980608 3573497   66.00000  318   22   68.00000   64.00000  5.88%  10.6 3135s
 8980649 3582811   67.50000  319   25   68.00000   64.00000  5.88%  10.6 3143s
 9012681 3582822     cutoff  315        68.00000   64.00000  5.88%  10.6 3146s
 9012731 3594091     cutoff  316        68.00000   64.00000  5.88%  10.6 3153s
 9044763 3594096   67.25000  287   32   68.00000   64.00000  5.88%  10.6 3157s
 9044820 3606812   67.25000  288   36   68.00000   64.00000  5.88%  10.6 3164s
 9076852 3606822   64.00000  268   31   68.00000   64.00000  5.88%  10.6 3167s
 9076904 3622090   64.00000  269   31   68.00000   64.00000  5.88%  10.6 3174s
 9108936 3622111   64.00000  317   36   68.00000   64.00000  5.88%  10.6 3177s
 9108977 3636197   64.00000  318   36   68.00000   64.00000  5.88%  10.6 3183s
 9141009 3636221   65.00000  283   26   68.00000   64.00000  5.88%  10.6 3186s
 9141048 3648697   65.00000  284   26   68.00000   64.00000  5.88%  10.6 3193s
 9173080 3648709     cutoff  284        68.00000   64.00000  5.88%  10.6 3197s
 9173129 3662839     cutoff  282        68.00000   64.00000  5.88%  10.6 3203s
H9195121 3662823                      67.9999896   64.00000  5.88%  10.6 3206s
 9205205 3676686     cutoff  264        67.99999   64.00000  5.88%  10.6 3214s
 9214214 3676686   67.25000  293   34   67.99999   64.00000  5.88%  10.6 3215s
 9237282 3691671   64.00000  305   43   67.99999   64.00000  5.88%  10.6 3224s
 9269314 3691669     cutoff  303        67.99999   64.00000  5.88%  10.6 3227s
 9269377 3704144     cutoff  304        67.99999   64.00000  5.88%  10.6 3234s
 9301409 3704157   64.00000  284   36   67.99999   64.00000  5.88%  10.6 3237s
 9301458 3719132   64.00000  285   36   67.99999   64.00000  5.88%  10.6 3243s
 9333490 3719143   67.00000  306   44   67.99999   64.00000  5.88%  10.6 3246s
 9333540 3733413   67.50000  308   45   67.99999   64.00000  5.88%  10.6 3252s
 9365572 3733425   65.75000  322   29   67.99999   64.00000  5.88%  10.6 3255s
 9365623 3745544 infeasible  323        67.99999   64.00000  5.88%  10.6 3262s
 9397655 3745561   64.00000  287   36   67.99999   64.00000  5.88%  10.6 3268s
 9397700 3759256   64.00000  288   38   67.99999   64.00000  5.88%  10.6 3274s
 9423726 3759256   67.80000  335   45   67.99999   64.00000  5.88%  10.6 3275s
 9429777 3771838   67.25000  301   45   67.99999   64.00000  5.88%  10.6 3284s
 9455803 3771838   66.50000  305   74   67.99999   64.00000  5.88%  10.6 3285s
 9461855 3785189   65.75000  318   39   67.99999   64.00000  5.88%  10.6 3294s
 9493887 3785212   67.75000  301   43   67.99999   64.00000  5.88%  10.6 3297s
 9493927 3799026     cutoff  302        67.99999   64.00000  5.88%  10.6 3303s
 9525959 3799025     cutoff  317        67.99999   64.00000  5.88%  10.6 3306s
 9526023 3811780     cutoff  313        67.99999   64.00000  5.88%  10.6 3313s
 9558055 3811799   64.00000  281   38   67.99999   64.00000  5.88%  10.6 3316s
 9558099 3826331   64.50000  284   45   67.99999   64.00000  5.88%  10.6 3322s
 9590131 3826352     cutoff  308        67.99999   64.00000  5.88%  10.6 3325s
 9590173 3840845   65.25000  307   38   67.99999   64.00000  5.88%  10.6 3331s
 9622259 3853640   66.12500  325   36   67.99999   64.00000  5.88%  10.6 3341s
 9654291 3853645   64.00000  316   35   67.99999   64.00000  5.88%  10.6 3345s
 9654348 3867988   64.00000  317   35   67.99999   64.00000  5.88%  10.6 3351s
 9686380 3868011   67.50000  277   46   67.99999   64.00000  5.88%  10.6 3355s
 9686419 3881760     cutoff  278        67.99999   64.00000  5.88%  10.6 3361s
 9718501 3895564   64.00000  322   39   67.99999   64.00000  5.88%  10.6 3370s
 9750533 3895531     cutoff  290        67.99999   64.00000  5.88%  10.6 3375s
 9750627 3907828     cutoff  291        67.99999   64.00000  5.88%  10.6 3380s
 9782659 3907838     cutoff  308        67.99999   64.00000  5.88%  10.6 3385s
 9782713 3922009     cutoff  309        67.99999   64.00000  5.88%  10.6 3390s
 9814745 3922032   65.25000  329   35   67.99999   64.00000  5.88%  10.6 3395s
 9846816 3936054   65.50000  344   33   67.99999   64.00000  5.88%  10.6 3404s
 9846882 3949195   65.50000  345   32   67.99999   64.00000  5.88%  10.6 3409s
 9862898 3949195   65.25000  297   28   67.99999   64.00000  5.88%  10.6 3410s
 9878914 3949213   64.00000  332   38   67.99999   64.00000  5.88%  10.6 3416s
 9878958 3963122   65.50000  335   34   67.99999   64.00000  5.88%  10.6 3420s
 9910990 3963136     cutoff  309        67.99999   64.00000  5.88%  10.6 3425s
 9911036 3974681     cutoff  309        67.99999   64.00000  5.88%  10.6 3431s
 9943068 3974704   65.00000  326   26   67.99999   64.00000  5.88%  10.6 3436s
 9943107 3988317   65.00000  327   37   67.99999   64.00000  5.88%  10.6 3440s
 9975139 3988334   64.00000  329   42   67.99999   64.00000  5.88%  10.6 3445s
 9977188 4002421     cutoff  337        67.99999   64.00000  5.88%  10.6 3450s
 10007260 4014531   65.85000  341   41   67.99999   64.00000  5.88%  10.6 3460s
 10039292 4014553     cutoff  330        67.99999   64.00000  5.88%  10.6 3465s
 10053348 4027923   65.50000  282   25   67.99999   64.00000  5.88%  10.6 3470s
 10071412 4041748     cutoff  313        67.99999   64.00000  5.88%  10.6 3479s
 10103444 4041763     cutoff  308        67.99999   64.00000  5.88%  10.6 3484s
 10103488 4052673     cutoff  309        67.99999   64.00000  5.88%  10.6 3489s
 10135520 4052687   67.50000  291   35   67.99999   64.00000  5.88%  10.6 3494s
 10135570 4065662 infeasible  292        67.99999   64.00000  5.88%  10.6 3498s
 10167602 4065685   65.00000  373   46   67.99999   64.00000  5.88%  10.6 3503s
 10167641 4078284   65.00000  374   49   67.99999   64.00000  5.88%  10.6 3507s
 10199673 4078297   64.00000  301   28   67.99999   64.00000  5.88%  10.6 3512s
 10199724 4089384   64.00000  302   28   67.99999   64.00000  5.88%  10.6 3518s
 10231756 4089398     cutoff  340        67.99999   64.00000  5.88%  10.6 3523s
 10231804 4102878   64.00000  316   27   67.99999   64.00000  5.88%  10.6 3527s
 10263836 4102887   64.00000  318   40   67.99999   64.00000  5.88%  10.6 3532s
 10263888 4115882   64.00000  318   47   67.99999   64.00000  5.88%  10.6 3537s
 10295920 4115895 infeasible  344        67.99999   64.00000  5.88%  10.6 3542s
 10295969 4129523     cutoff  341        67.99999   64.00000  5.88%  10.6 3546s
 10328001 4129515   65.50000  297   29   67.99999   64.00000  5.88%  10.6 3553s
 10328072 4141038     cutoff  298        67.99999   64.00000  5.88%  10.6 3558s
 10360104 4141048   67.25000  328   39   67.99999   64.00000  5.88%  10.6 3564s
 10360156 4153915   65.50000  327   37   67.99999   64.00000  5.88%  10.6 3568s
 10392188 4153921   67.06818  327   36   67.99999   64.00000  5.88%  10.6 3573s
 10392243 4166572   65.00000  327   29   67.99999   64.00000  5.88%  10.6 3578s
 10424275 4166585   67.25000  323   26   67.99999   64.00000  5.88%  10.6 3583s
 10424324 4179572   67.25000  324   26   67.99999   64.00000  5.88%  10.6 3588s
 10456356 4179582   64.00000  323   28   67.99999   64.00000  5.88%  10.6 3593s
 10456408 4192137   64.00000  324   28   67.99999   64.00000  5.88%  10.6 3597s
 10488440 4192158   67.75000  341   35   67.99999   64.00000  5.88%  10.6 3600s

Cutting planes:
  Learned: 86
  Gomory: 5
  Cover: 155
  Implied bound: 87
  Clique: 82
  MIR: 389
  StrongCG: 1
  Flow cover: 380
  RLT: 35
  Relax-and-lift: 476

Explored 10488481 nodes (111218439 simplex iterations) in 3600.04 seconds
Thread count was 32 (of 32 available processors)

Solution count 10: 68 68 68 ... 68.3333

Time limit reached
Best objective 6.799998961939e+01, best bound 6.400000000000e+01, gap 5.8823%
