
Gurobi 9.1.2 (linux64) logging started Wed Aug  9 14:30:55 2023

Changed value of parameter LogFile to max-ls_r=('7', '6').log
   Prev:   Default: 
Changed value of parameter MIPFocus to 1
   Prev: 0  Min: 0  Max: 3  Default: 0
Changed value of parameter Threads to 32
   Prev: 0  Min: 0  Max: 1024  Default: 0
Changed value of parameter TimeLimit to 3600.0
   Prev: inf  Min: 0.0  Max: inf  Default: inf
Warning: variable name "X[('6', '6'),('7', '6')]" has a space
Warning: constraint name "flow-constr-t0-v('6', '3')" has a space
Warning: to let Gurobi read it back, use rlp format
Gurobi Optimizer version 9.1.2 build v9.1.2rc0 (linux64)
Thread count: 16 physical cores, 32 logical processors, using up to 32 threads
Optimize a model with 2939 rows, 2688 columns and 10276 nonzeros
Model fingerprint: 0x42618fe3
Variable types: 256 continuous, 2432 integer (2432 binary)
Coefficient statistics:
  Matrix range     [1e+00, 7e+04]
  Objective range  [2e-01, 2e-01]
  Bounds range     [1e+00, 3e+04]
  RHS range        [1e+00, 7e+04]
Presolve removed 367 rows and 372 columns
Presolve time: 0.04s
Presolved: 2572 rows, 2316 columns, 17497 nonzeros
Variable types: 256 continuous, 2060 integer (2060 binary)
Found heuristic solution: objective 1140.9999999

Root relaxation: objective 6.400000e+01, 143 iterations, 0.00 seconds

    Nodes    |    Current Node    |     Objective Bounds      |     Work
 Expl Unexpl |  Obj  Depth IntInf | Incumbent    BestBd   Gap | It/Node Time

     0     0   64.00000    0   30 1141.00000   64.00000  94.4%     -    0s
H    0     0                     339.0000000   64.00000  81.1%     -    0s
H    0     0                     338.7500000   64.00000  81.1%     -    0s
     0     0   64.00000    0   55  338.75000   64.00000  81.1%     -    0s
H    0     0                     151.1250000   64.00000  57.7%     -    0s
     0     0   64.00000    0   64  151.12500   64.00000  57.7%     -    0s
     0     0   64.00000    0   39  151.12500   64.00000  57.7%     -    0s
H    0     0                     129.0000000   64.00000  50.4%     -    0s
     0     0   64.00000    0   43  129.00000   64.00000  50.4%     -    0s
H    0     0                     126.5000000   64.00000  49.4%     -    0s
     0     0   64.00000    0   30  126.50000   64.00000  49.4%     -    0s
H    0     0                     124.7500000   64.00000  48.7%     -    0s
H    0     0                     124.2500000   64.00000  48.5%     -    1s
H    0     0                     124.0000000   64.00000  48.4%     -    1s
H    0     0                     122.5000000   64.00000  47.8%     -    1s
H    0     0                     110.2500000   64.00000  42.0%     -    1s
H    0     0                     110.0000000   64.00000  41.8%     -    1s
     0     0   64.00000    0   34  110.00000   64.00000  41.8%     -    1s
     0     0   64.00000    0   38  110.00000   64.00000  41.8%     -    1s
     0     0   64.00000    0   25  110.00000   64.00000  41.8%     -    1s
H    0     0                      96.0000000   64.00000  33.3%     -    1s
H    0     0                      87.5000000   64.00000  26.9%     -    1s
H    0     2                      86.5000000   64.00000  26.0%     -    1s
     0     2   64.00000    0   20   86.50000   64.00000  26.0%     -    1s
H    1     4                      85.6875000   64.00000  25.3%   437    1s
H   31    64                      85.0000000   64.00000  24.7%  21.9    2s
H   95   128                      84.7500000   64.00000  24.5%  10.6    4s
H   96   128                      83.0000000   64.00000  22.9%  10.5    4s
H  109   128                      82.7500000   64.00000  22.7%   9.9    4s
H  123   128                      82.0000000   64.00000  22.0%   9.1    4s
H  191   224                      81.7500000   64.00000  21.7%   6.6    5s
H  195   224                      80.7500000   64.00000  20.7%   6.5    5s
H  223   256                      80.7499996   64.00000  20.7%   8.9    7s
H  225   256                      80.5000000   64.00000  20.5%   8.8    7s
H  233   256                      80.2500000   64.00000  20.2%   8.6    7s
H  245   256                      80.0000000   64.00000  20.0%   8.2    7s
H 2970  2964                      79.9999998   64.00000  20.0%   3.4    9s
H 3143  2993                      79.9999998   64.00000  20.0%   3.4   11s
H 3145  2969                      79.5000000   64.00000  19.5%   3.4   11s
H 3150  2961                      76.7500000   64.00000  16.6%   3.4   11s
H 3175  2961                      76.6666667   64.00000  16.5%   3.4   11s
H 3200  8631                      76.2500000   64.00000  16.1%   3.4   12s
H 3731  8631                      76.0625000   64.00000  15.9%   3.3   12s
H 4211  8631                      76.0000000   64.00000  15.8%   3.2   12s
H10294  8467                      75.9512503   64.00000  15.7%   3.5   14s
 10339  8470   66.00000   65   29   75.95125   64.00000  15.7%   3.5   15s
 10441  8571   64.00000   18   40   75.95125   64.00000  15.7%   4.9   21s
 11491  9358   64.00000   35   37   75.95125   64.00000  15.7%   5.5   26s
 16588 13666   73.75000  116   33   75.95125   64.00000  15.7%   6.1   31s
 21608 18103     cutoff  165        75.95125   64.00000  15.7%   7.4   36s
 30872 20367   74.75000  120   59   75.95125   64.00000  15.7%   8.2   42s
 31907 30403   75.75000  149   66   75.95125   64.00000  15.7%   8.1   47s
 47421 32148   68.75000  226   43   75.95125   64.00000  15.7%   8.7   51s
 51870 40392   65.50000  233   38   75.95125   64.00000  15.7%   8.7   55s
 61101 53586   67.50000   92   60   75.95125   64.00000  15.7%   8.8   63s
 72274 56299   75.50000  360   66   75.95125   64.00000  15.7%   9.3   65s
 80361 64030   64.00000  172   77   75.95125   64.00000  15.7%   9.6   71s
 89438 71883   70.00000  301   57   75.95125   64.00000  15.7%   9.9   76s
 94509 74715   70.25000  332   53   75.95125   64.00000  15.7%  10.1   80s
 97892 85985   72.25000  355   46   75.95125   64.00000  15.7%  10.3   85s
 118761 92448   70.50000  285   54   75.95125   64.00000  15.7%  10.4   90s
 126570 103651   65.00000  278   49   75.95125   64.00000  15.7%  10.8   97s
 134244 107923   65.00000   98   68   75.95125   64.00000  15.7%  10.8  102s
 140667 111788   73.88512  264   61   75.95125   64.00000  15.7%  10.9  105s
 145484 114355   68.00000  225   65   75.95125   64.00000  15.7%  11.0  111s
 148441 120312   75.00000  169   70   75.95125   64.00000  15.7%  10.9  115s
 163638 125817   70.50000  167   79   75.95125   64.00000  15.7%  11.4  121s
 169549 133077   75.50000  143   74   75.95125   64.00000  15.7%  11.5  126s
 174948 133379 infeasible  164        75.95125   64.00000  15.7%  11.6  131s
 180373 141500   66.50000  267   91   75.95125   64.00000  15.7%  11.8  137s
 185876 142286   69.12500  395   55   75.95125   64.00000  15.7%  11.8  141s
 186895 165287   71.50000  420   58   75.95125   64.00000  15.7%  11.8  154s
 218168 165899   69.50000  136   75   75.95125   64.00000  15.7%  12.4  158s
 219122 187197   64.00000  136   66   75.95125   64.00000  15.7%  12.4  175s
 250105 205520   64.00000  113   47   75.95125   64.00000  15.7%  12.5  190s
 274107 215814   68.50000  153   81   75.95125   64.00000  15.7%  12.7  198s
 284732 217371   75.00000  342   42   75.95125   64.00000  15.7%  12.7  202s
 286713 231717   64.00000  123   54   75.95125   64.00000  15.7%  12.7  210s
 306514 238259     cutoff  183        75.95125   64.00000  15.7%  12.9  217s
 314761 239131   64.50000   92   80   75.95125   64.00000  15.7%  13.0  220s
 315943 261360   64.50000   93   80   75.95125   64.00000  15.7%  13.0  233s
 345615 262909   64.00000  100   47   75.95125   64.00000  15.7%  13.2  238s
 347808 271036   75.50000  121   60   75.95125   64.00000  15.7%  13.2  245s
 363554 280066   66.50000  150   75   75.95125   64.00000  15.7%  13.3  254s
 373783 280492   66.25000  161   69   75.95125   64.00000  15.7%  13.3  258s
 374440 286825   69.00000  179   62   75.95125   64.00000  15.7%  13.3  262s
 383144 288052   67.25000  153   60   75.95125   64.00000  15.7%  13.3  266s
 384851 304530     cutoff  169        75.95125   64.00000  15.7%  13.3  275s
 407997 308608     cutoff  435        75.95125   64.00000  15.7%  13.2  282s
 412880 309541   72.25000  203   58   75.95125   64.00000  15.7%  13.2  285s
 414358 327266   64.50000  116   46   75.95125   64.00000  15.7%  13.2  295s
 440547 331018   65.00000   79   68   75.95125   64.00000  15.7%  13.1  302s
 446092 331541   64.50000  131   55   75.95125   64.00000  15.7%  13.1  306s
 446769 354932   66.50000  167   64   75.95125   64.00000  15.7%  13.1  320s
 478801 356375     cutoff  246        75.95125   64.00000  15.7%  13.1  325s
 481121 367107   65.00000  224   53   75.95125   64.00000  15.7%  13.1  332s
 497159 367919     cutoff  255        75.95125   64.00000  15.7%  13.1  335s
 503774 372730   74.00000  268   50   75.95125   64.00000  15.7%  13.1  343s
 504763 378206   74.00000  295   46   75.95125   64.00000  15.7%  13.1  347s
 512761 379034   64.88184  141   54   75.95125   64.00000  15.7%  13.1  351s
 513773 402331   67.50000  156   45   75.95125   64.00000  15.7%  13.1  364s
 526440 402331   64.25000  178   51   75.95125   64.00000  15.7%  13.2  365s
 545407 421712   66.00000  196   55   75.95125   64.00000  15.7%  13.1  382s
 574125 423323   64.00000  187   59   75.95125   64.00000  15.7%  13.2  387s
 576236 434692   67.00000  211   52   75.95125   64.00000  15.7%  13.2  395s
 593178 434995   66.50000  139   61   75.95125   64.00000  15.7%  13.2  404s
 593239 439713   66.50000  141   64   75.95125   64.00000  15.7%  13.2  408s
 599740 441191   74.25000  218   83   75.95125   64.00000  15.7%  13.2  412s
 601963 446200   64.00000  196   36   75.95125   64.00000  15.7%  13.2  416s
 608923 447608   64.00000  166   69   75.95125   64.00000  15.7%  13.2  421s
 610911 462721   70.75000  244   72   75.95125   64.00000  15.7%  13.2  430s
 631562 467188   69.25000  249   56   75.95125   64.00000  15.7%  13.2  437s
 637001 469052   71.25000  266   59   75.95125   64.00000  15.7%  13.2  441s
 639573 472283     cutoff  286        75.95125   64.00000  15.7%  13.2  445s
 647409 478152   67.25000  174   64   75.95125   64.00000  15.7%  13.2  454s
 655147 479575   69.75000  252   66   75.95125   64.00000  15.7%  13.2  459s
 657513 484033   71.25000  272   70   75.95125   64.00000  15.7%  13.2  463s
 666490 484613   64.00000  257   55   75.95125   64.00000  15.7%  13.2  468s
 667847 488985   65.50000  268   55   75.95125   64.00000  15.7%  13.2  473s
 675558 489834   67.50000  248   69   75.95125   64.00000  15.7%  13.2  477s
 676684 507526   69.50000  250   57   75.95125   64.00000  15.7%  13.2  492s
 704325 508872   64.50000  244   72   75.95125   64.00000  15.7%  13.3  496s
 706653 512693   75.75000  271   44   75.95125   64.00000  15.7%  13.3  501s
 714524 520926   66.00000  374   46   75.95125   64.00000  15.7%  13.3  510s
 725627 526291   68.50000  195   67   75.95125   64.00000  15.7%  13.3  518s
 733243 527327     cutoff  219        75.95125   64.00000  15.7%  13.3  522s
 734971 530739   64.00000  184   73   75.95125   64.00000  15.7%  13.3  527s
 741525 532329   75.50000  261   70   75.95125   64.00000  15.7%  13.3  531s
 743935 541688   66.00000  173   58   75.95125   64.00000  15.7%  13.3  539s
 757889 542441   65.25000  253   60   75.95125   64.00000  15.7%  13.3  543s
 758870 546383   64.00000  214   52   75.95125   64.00000  15.7%  13.3  549s
 765863 547657   64.00000  268   54   75.95125   64.00000  15.7%  13.3  553s
 767985 551797   64.50000  287   73   75.95125   64.00000  15.7%  13.3  558s
 776010 553526   65.01792  262   85   75.95125   64.00000  15.7%  13.3  563s
 778807 561857   68.12500  285   62   75.95125   64.00000  15.7%  13.3  569s
 791182 562492 infeasible  302        75.95125   64.00000  15.7%  13.4  573s
 792179 566079   64.50000  252   71   75.95125   64.00000  15.7%  13.4  577s
 798115 567951   64.75000  265   73   75.95125   64.00000  15.7%  13.4  581s
 801371 572953   73.00000  306   81   75.95125   64.00000  15.7%  13.4  586s
 808816 574915     cutoff  342        75.95125   64.00000  15.7%  13.4  590s
 811572 581585   70.25000  380   65   75.95125   64.00000  15.7%  13.4  597s
 824149 582837   74.77688  316   53   75.95125   64.00000  15.7%  13.4  601s
 826478 586608   73.50000  302   47   75.95125   64.00000  15.7%  13.4  605s
 837563 593696     cutoff  318        75.95125   64.00000  15.7%  13.4  614s
 844679 594547   67.50000  222   61   75.95125   64.00000  15.7%  13.4  619s
 845732 614670   74.75000  244   53   75.95125   64.00000  15.7%  13.4  634s
 877012 616595   68.75000  257   53   75.95125   64.00000  15.7%  13.5  639s
 880210 625608     cutoff  100        75.95125   64.00000  15.7%  13.5  645s
 895173 629072   64.25000  218   74   75.95125   64.00000  15.7%  13.4  652s
 900510 630422   68.50000  245   51   75.95125   64.00000  15.7%  13.4  656s
 903164 634144   71.00000  257   58   75.95125   64.00000  15.7%  13.4  661s
 910347 634971   64.25000  276   61   75.95125   64.00000  15.7%  13.5  665s
 911958 648489   69.28584  330   58   75.95125   64.00000  15.7%  13.5  676s
 933859 649141   67.00000  206   65   75.95125   64.00000  15.7%  13.5  680s
 936294 651277   74.50000  234   64   75.95125   64.00000  15.7%  13.5  687s
 938169 656765   74.75000  236   62   75.95125   64.00000  15.7%  13.5  693s
 947342 658364   69.50000  383   48   75.95125   64.00000  15.7%  13.5  697s
 949701 669789   71.25896  268   67   75.95125   64.00000  15.7%  13.5  705s
 968875 674775   69.87024  369   74   75.95125   64.00000  15.7%  13.5  713s
 974714 676734   69.75456  365   48   75.95125   64.00000  15.7%  13.5  717s
 977315 681562   69.75000  410   32   75.95125   64.00000  15.7%  13.5  721s
 985638 684895   67.75000  292   40   75.95125   64.00000  15.7%  13.5  727s
 990827 685390   71.00000  304   42   75.95125   64.00000  15.7%  13.5  731s
 991783 688977   72.25000  279   31   75.95125   64.00000  15.7%  13.5  735s
 997349 694658   64.00000  210   79   75.95125   64.00000  15.7%  13.5  745s
 1006527 700810   64.75000  139   87   75.95125   64.00000  15.7%  13.5  754s
 1015121 700903   74.25000  281   37   75.95125   64.00000  15.7%  13.6  756s
 1015284 703555     cutoff  282        75.95125   64.00000  15.7%  13.6  760s
 1020289 707077 infeasible   99        75.95125   64.00000  15.7%  13.6  767s
 1025577 707870   64.25000  271   80   75.95125   64.00000  15.7%  13.6  770s
 1034042 714404   69.00000  327   62   75.95125   64.00000  15.7%  13.6  778s
 1036837 721769   73.50000  341   63   75.95125   64.00000  15.7%  13.6  783s
 1045983 721950   72.75000  181   68   75.95125   64.00000  15.7%  13.6  786s
 1051885 726309   64.00000  199   60   75.95125   64.00000  15.7%  13.6  792s
 1052239 731609   65.25000  246   53   75.95125   64.00000  15.7%  13.6  795s
 1060282 735131   66.25000  258   63   75.95125   64.00000  15.7%  13.6  801s
 1066429 743188   74.75000  189   83   75.95125   64.00000  15.7%  13.7  808s
 1076100 743227   64.00000   91   56   75.95125   64.00000  15.7%  13.7  812s
 1076201 743254   64.00000   92   58   75.95125   64.00000  15.7%  13.7  815s
 1081702 748043   65.00000  211   65   75.95125   64.00000  15.7%  13.6  820s
 1088088 752977   65.75000  222   41   75.95125   64.00000  15.7%  13.6  826s
 1095882 758542   66.50000  109   40   75.95125   64.00000  15.7%  13.6  830s
 1096288 758570   75.25000  308   48   75.95125   64.00000  15.7%  13.6  835s
 1096323 782689   75.25466  309   54   75.95125   64.00000  15.7%  13.6  850s
 1128355 784785   70.00000  263   46   75.95125   64.00000  15.7%  13.7  855s
 1131827 785037 infeasible  297        75.95125   64.00000  15.7%  13.7  860s
 1132202 794875 infeasible  298        75.95125   64.00000  15.7%  13.7  868s
 1146421 796290   65.25000  329   46   75.95125   64.00000  15.7%  13.7  871s
 1148415 800108   64.00000   66   66   75.95125   64.00000  15.7%  13.7  875s
 1156714 807655     cutoff  232        75.95125   64.00000  15.7%  13.7  884s
 1163234 809927   73.50000  192   45   75.95125   64.00000  15.7%  13.7  888s
 1166166 818757   70.25000  114   77   75.95125   64.00000  15.7%  13.7  895s
 1188899 826906   67.00000  148   49   75.95125   64.00000  15.7%  13.7  904s
 1188933 832161   67.00000  149   49   75.95125   64.00000  15.7%  13.7  907s
 1195570 832185   67.00000  224   51   75.95125   64.00000  15.7%  13.7  912s
 1195609 854567   67.00000  225   48   75.95125   64.00000  15.7%  13.7  926s
 1227641 857609 infeasible  353        75.95125   64.00000  15.7%  13.7  931s
 1232110 861038   64.00000   93   69   75.95125   64.00000  15.7%  13.7  936s
 1237094 864362   74.50000  167   51   75.95125   64.00000  15.7%  13.7  941s
 1241539 874949   75.50000  183   49   75.95125   64.00000  15.7%  13.7  946s
 1255704 876353   64.50000  170   58   75.95125   64.00000  15.7%  13.6  950s
 1268635 883884   68.50000  111   65   75.95125   64.00000  15.7%  13.6  956s
 1268776 887252 infeasible  113        75.95125   64.00000  15.7%  13.6  962s
 1273337 892507   75.50000  168   67   75.95125   64.00000  15.7%  13.6  967s
 1280106 892599   75.25000  199   65   75.95125   64.00000  15.7%  13.6  972s
 1280140 897404   75.25000  200   64   75.95125   64.00000  15.7%  13.6  975s
 1286868 903791   64.00000  285   49   75.95125   64.00000  15.7%  13.6  982s
 1294765 903816   75.75000  192   71   75.95125   64.00000  15.7%  13.6  987s
 1294802 909428   75.75000  193   70   75.95125   64.00000  15.7%  13.6  990s
 1302513 913971   64.00000   64   59   75.95125   64.00000  15.7%  13.6  996s
 1309792 913985   74.75000  223   69   75.95125   64.00000  15.7%  13.5 1000s
 1315288 918322   71.25000  294   52   75.95125   64.00000  15.7%  13.5 1008s
 1315321 923003     cutoff  295        75.95125   64.00000  15.7%  13.5 1011s
 1320990 924554   74.50000  277   83   75.95125   64.00000  15.7%  13.5 1016s
 1323136 941221   75.50000  321   64   75.95125   64.00000  15.7%  13.5 1025s
 1346026 943115   64.50000  198   75   75.95125   64.00000  15.7%  13.5 1031s
 1347765 944593   64.50000  199   75   75.95125   64.00000  15.7%  13.5 1035s
 1358836 953056   66.00000  207   50   75.95125   64.00000  15.7%  13.5 1043s
 1363059 955653   64.00000  181   70   75.95125   64.00000  15.7%  13.5 1048s
 1367518 959776     cutoff  250        75.95125   64.00000  15.7%  13.5 1053s
 1374666 969488   75.00000  214   57   75.95125   64.00000  15.7%  13.5 1059s
 1387309 970848   68.50000  377   50   75.95125   64.00000  15.7%  13.5 1062s
 1389337 976542   69.50000  378   50   75.95125   64.00000  15.7%  13.5 1066s
 1398342 976560   74.25000  288   71   75.95125   64.00000  15.7%  13.5 1072s
 1398387 979420   74.25000  289   70   75.95125   64.00000  15.7%  13.5 1075s
 1403855 980210   64.50000  286   73   75.95125   64.00000  15.7%  13.5 1080s
 1410839 984801   66.00000  250   96   75.95125   64.00000  15.7%  13.5 1087s
H1411419 880153                      74.7500000   64.00000  14.4%  13.5 1088s
H1411533 865813                      74.5000000   64.00000  14.1%  13.5 1095s
H1411535 853324                      74.2500000   64.00000  13.8%  13.5 1095s
H1411542 839072                      74.0000000   64.00000  13.5%  13.5 1095s
H1411543 812976                      73.5000000   64.00000  12.9%  13.5 1095s
 1411604 819458   69.25000  252   94   73.50000   64.00000  12.9%  13.5 1100s
H1411700 794296                      73.0000000   64.00000  12.3%  13.5 1100s
 1422051 793800   65.50000  248   83   73.00000   64.00000  12.3%  13.4 1106s
H1422071 771700                      72.5000000   64.00000  11.7%  13.4 1106s
H1422079 749818                      72.0000000   64.00000  11.1%  13.4 1107s
 1422095 770596   65.50000  249   84   72.00000   64.00000  11.1%  13.4 1119s
H1438139 770596                      71.9999998   64.00000  11.1%  13.4 1119s
 1448121 770596   65.00000  165   66   72.00000   64.00000  11.1%  13.4 1120s
 1454127 770615     cutoff  215        72.00000   64.00000  11.1%  13.4 1127s
H1454129 770615                      71.9999996   64.00000  11.1%  13.4 1127s
H1454131 770615                      71.9999996   64.00000  11.1%  13.4 1127s
 1454169 789872   71.75000  214   78   72.00000   64.00000  11.1%  13.4 1142s
 1486201 793033     cutoff  251        72.00000   64.00000  11.1%  13.4 1148s
 1490122 802765   68.00000  226   64   72.00000   64.00000  11.1%  13.4 1153s
 1504894 802787     cutoff  325        72.00000   64.00000  11.1%  13.4 1159s
 1504935 806305     cutoff  325        72.00000   64.00000  11.1%  13.4 1163s
 1511946 806330     cutoff  309        72.00000   64.00000  11.1%  13.4 1168s
 1511984 809033   66.00000  310   56   72.00000   64.00000  11.1%  13.4 1171s
 1516552 815291   71.50000  192   79   72.00000   64.00000  11.1%  13.4 1176s
 1527024 815339     cutoff  235        72.00000   64.00000  11.1%  13.3 1184s
 1527087 817209   67.75000  234   56   72.00000   64.00000  11.1%  13.3 1187s
 1531130 818330   64.50000  210   56   72.00000   64.00000  11.1%  13.3 1193s
 1532982 818697   70.50000  202   82   72.00000   64.00000  11.1%  13.3 1197s
 1533637 824502   71.25000  218   90   72.00000   64.00000  11.1%  13.3 1201s
 1543649 824530   64.00896  233   49   72.00000   64.00000  11.1%  13.3 1206s
 1543684 827985   64.01792  234   49   72.00000   64.00000  11.1%  13.3 1210s
 1550276 828011   65.50000  237   56   72.00000   64.00000  11.1%  13.3 1216s
 1550313 846313   66.50000  238   54   72.00000   64.00000  11.1%  13.3 1232s
 1582345 848415   64.00000  282   70   72.00000   64.00000  11.1%  13.3 1238s
H1582556 848415                      71.9999995   64.00000  11.1%  13.3 1238s
 1585776 852599   68.00000  199   74   72.00000   64.00000  11.1%  13.3 1245s
H1586201 852599                      71.9999995   64.00000  11.1%  13.3 1245s
H1586860 852599                      71.9999995   64.00000  11.1%  13.3 1245s
H1589602 852599                      71.9999994   64.00000  11.1%  13.3 1245s
H1593450 854674                      71.9999993   64.00000  11.1%  13.3 1251s
H1597600 856607                      71.9999992   64.00000  11.1%  13.3 1257s
H1598360 856607                      71.9999991   64.00000  11.1%  13.3 1257s
H1599118 856607                      71.9999991   64.00000  11.1%  13.3 1257s
H1600032 856607                      71.9999991   64.00000  11.1%  13.3 1257s
 1601718 864241 infeasible  270        72.00000   64.00000  11.1%  13.3 1264s
H1602466 864241                      71.9999991   64.00000  11.1%  13.3 1264s
H1603235 864241                      71.9999990   64.00000  11.1%  13.3 1264s
 1614661 865346   64.50000  292   73   72.00000   64.00000  11.1%  13.3 1268s
 1616664 874546     cutoff  316        72.00000   64.00000  11.1%  13.3 1279s
H1617224 874546                      71.9999989   64.00000  11.1%  13.3 1279s
H1634470 875306                      71.9999989   64.00000  11.1%  13.2 1284s
H1634563 875306                      71.9999987   64.00000  11.1%  13.2 1284s
H1634932 875306                      71.9999987   64.00000  11.1%  13.2 1284s
H1634994 875306                      71.9999983   64.00000  11.1%  13.2 1284s
H1635714 878817                      71.9999982   64.00000  11.1%  13.2 1290s
H1642603 879833                      71.9999982   64.00000  11.1%  13.2 1294s
H1643850 879833                      71.9999981   64.00000  11.1%  13.2 1294s
 1644357 880968   70.25000  253   63   72.00000   64.00000  11.1%  13.2 1299s
H1644667 880968                      71.9999980   64.00000  11.1%  13.2 1299s
 1646479 889370   65.50000  215   56   72.00000   64.00000  11.1%  13.2 1310s
 1663837 889389   68.75000  247   52   72.00000   64.00000  11.1%  13.2 1316s
H1663854 889389                      71.9999980   64.00000  11.1%  13.2 1316s
 1663881 894055   68.75000  248   50   72.00000   64.00000  11.1%  13.2 1320s
 1671979 894082   65.50000  264   67   72.00000   64.00000  11.1%  13.2 1326s
 1672015 897824   64.00000  265   63   72.00000   64.00000  11.1%  13.2 1330s
 1680135 897845     cutoff  246        72.00000   64.00000  11.1%  13.2 1336s
H1680148 897845                      71.9999979   64.00000  11.1%  13.2 1336s
 1680178 913099     cutoff  247        72.00000   64.00000  11.1%  13.2 1349s
 1691189 913099   70.75000  225   60   72.00000   64.00000  11.1%  13.2 1350s
 1712210 913118   66.50000  325   67   72.00000   64.00000  11.1%  13.2 1356s
 1712254 928880   66.50000  326   65   72.00000   64.00000  11.1%  13.2 1371s
 1744286 929603   69.00000  345   63   72.00000   64.00000  11.1%  13.2 1377s
 1746142 938449     cutoff  338        72.00000   64.00000  11.1%  13.2 1388s
 1764197 939041   67.00000  312   43   72.00000   64.00000  11.1%  13.2 1393s
 1765500 943525   67.00000  314   43   72.00000   64.00000  11.1%  13.2 1398s
 1774409 945585   65.00000  237   53   72.00000   64.00000  11.1%  13.2 1403s
 1777901 954293   65.00000  275   65   72.00000   64.00000  11.1%  13.2 1410s
 1793274 957729     cutoff  287        72.00000   64.00000  11.1%  13.2 1417s
 1798864 957755   65.75000  266   77   72.00000   64.00000  11.1%  13.2 1423s
 1798902 960553   65.75000  267   77   72.00000   64.00000  11.1%  13.2 1427s
 1804470 961752   67.00000  225   63   72.00000   64.00000  11.1%  13.2 1432s
 1806482 969427   65.00000  296   57   72.00000   64.00000  11.1%  13.2 1444s
 1822048 970914     cutoff  310        72.00000   64.00000  11.1%  13.2 1449s
 1825627 972814   69.25000  254   56   72.00000   64.00000  11.1%  13.2 1456s
 1830480 974511   65.75000  248   59   72.00000   64.00000  11.1%  13.2 1462s
H1832175 974511                      71.9999979   64.00000  11.1%  13.2 1463s
 1834022 974832   69.25000  252   63   72.00000   64.00000  11.1%  13.2 1467s
H1834116 974832                      71.9999979   64.00000  11.1%  13.2 1467s
 1834689 989536   70.75000  260   70   72.00000   64.00000  11.1%  13.2 1487s
 1866721 993494   64.00000  258   56   72.00000   64.00000  11.1%  13.2 1493s
 1876116 993522   64.25000  229   58   72.00000   64.00000  11.1%  13.2 1496s
 1881386 996850   66.25000  242   54   72.00000   64.00000  11.1%  13.2 1502s
 1881450 999506   66.50000  242   57   72.00000   64.00000  11.1%  13.2 1506s
 1886129 999528   68.75000  328   53   72.00000   64.00000  11.1%  13.2 1512s
H1886143 999528                      71.9999978   64.00000  11.1%  13.2 1512s
 1886169 1001760   68.75000  329   56   72.00000   64.00000  11.1%  13.2 1516s
 1890663 1003457   70.25000  246   56   72.00000   64.00000  11.1%  13.2 1521s
H1893255 1003457                      71.9999978   64.00000  11.1%  13.2 1521s
 1894114 1005115   67.00000  235   61   72.00000   64.00000  11.1%  13.2 1525s
H1894276 1005115                      71.9999973   64.00000  11.1%  13.2 1525s
 1897398 1007706   68.75000  291   54   72.00000   64.00000  11.1%  13.2 1530s
 1902862 1008389   71.81250  334   65   72.00000   64.00000  11.1%  13.2 1536s
H1903631 1008389                      71.9999970   64.00000  11.1%  13.2 1536s
 1904366 1012656   68.25000  269   65   72.00000   64.00000  11.1%  13.2 1543s
H1907198 1012656                      71.9999970   64.00000  11.1%  13.2 1543s
H1908694 1012656                      71.9999970   64.00000  11.1%  13.2 1543s
 1913108 1014776     cutoff  285        72.00000   64.00000  11.1%  13.2 1549s
H1913110 1014776                      71.9999969   64.00000  11.1%  13.2 1549s
 1918315 1017846   70.50000  252   79   72.00000   64.00000  11.1%  13.2 1555s
H1920849 1017846                      71.9999969   64.00000  11.1%  13.2 1555s
H1923074 1017846                      71.9999969   64.00000  11.1%  13.2 1555s
H1923346 1017846                      71.9999968   64.00000  11.1%  13.2 1555s
 1924853 1017964     cutoff  309        72.00000   64.00000  11.1%  13.2 1560s
H1924855 1017964                      71.9999968   64.00000  11.1%  13.2 1561s
 1925282 1021132     cutoff  310        72.00000   64.00000  11.1%  13.2 1567s
H1927923 1021132                      71.9999967   64.00000  11.1%  13.2 1567s
H1929227 1021132                      71.9999964   64.00000  11.1%  13.2 1567s
 1931108 1021572     cutoff  305        72.00000   64.00000  11.1%  13.2 1573s
H1931110 1021572                      71.9999964   64.00000  11.1%  13.2 1573s
H1931427 1021572                      71.9999964   64.00000  11.1%  13.2 1573s
H1931522 1021572                      71.9999964   64.00000  11.1%  13.2 1573s
 1931824 1037269   68.00000  304   56   72.00000   64.00000  11.1%  13.2 1591s
H1937846 1037269                      71.9999963   64.00000  11.1%  13.2 1592s
H1938845 1037269                      71.9999963   64.00000  11.1%  13.2 1592s
H1960867 1037269                      71.9999963   64.00000  11.1%  13.2 1593s
 1963856 1038735 infeasible  317        72.00000   64.00000  11.1%  13.2 1598s
H1964786 1038735                      71.9999963   64.00000  11.1%  13.2 1598s
H1965073 1038735                      71.9999962   64.00000  11.1%  13.2 1598s
 1966683 1044915   64.50000  297   46   72.00000   64.00000  11.1%  13.2 1607s
H1968153 1044915                      71.9999962   64.00000  11.1%  13.2 1607s
 1978321 1046857   64.00000  283   71   72.00000   64.00000  11.1%  13.2 1612s
H1978801 1046857                      71.9999962   64.00000  11.1%  13.2 1612s
 1982459 1047824   67.25000  328   47   72.00000   64.00000  11.1%  13.2 1617s
 1984843 1050173   67.25000  329   47   72.00000   64.00000  11.1%  13.2 1623s
 1990742 1053874   64.00000  254   62   72.00000   64.00000  11.1%  13.2 1630s
 1997339 1055403   64.00000  239   35   72.00000   64.00000  11.1%  13.2 1636s
H1998329 1055403                      71.9999962   64.00000  11.1%  13.2 1636s
 2000074 1059416     cutoff  257        72.00000   64.00000  11.1%  13.2 1645s
 2007796 1063799   66.25000  276   57   72.00000   64.00000  11.1%  13.2 1653s
H2008393 1063799                      71.9999961   64.00000  11.1%  13.2 1653s
H2012270 1063799                      71.9999961   64.00000  11.1%  13.2 1654s
 2015241 1068270     cutoff  323        72.00000   64.00000  11.1%  13.2 1661s
H2015761 1068270                      71.9999960   64.00000  11.1%  13.2 1662s
H2021288 1068270                      71.9999958   64.00000  11.1%  13.2 1662s
 2023405 1071456   71.12500  298   44   72.00000   64.00000  11.1%  13.2 1668s
H2026457 1071456                      71.9999957   64.00000  11.1%  13.2 1668s
 2030492 1071666   64.25000  283   74   72.00000   64.00000  11.1%  13.2 1674s
H2030919 1071666                      71.9999957   64.00000  11.1%  13.2 1674s
 2030920 1086213   65.25000  292   60   72.00000   64.00000  11.1%  13.2 1694s
H2042957 1086213                      71.9999957   64.00000  11.1%  13.2 1694s
H2043958 1086213                      71.9999957   64.00000  11.1%  13.2 1694s
H2044959 1086213                      71.9999957   64.00000  11.1%  13.2 1695s
H2052967 1086213                      71.9999956   64.00000  11.1%  13.2 1695s
 2062952 1089306 infeasible  296        72.00000   64.00000  11.1%  13.2 1700s
H2068722 1089306                      71.9999956   64.00000  11.1%  13.2 1700s
 2069945 1090159   71.75000  309   60   72.00000   64.00000  11.1%  13.2 1705s
H2070477 1090159                      71.9999956   64.00000  11.1%  13.2 1705s
H2070480 1090159                      71.9999956   64.00000  11.1%  13.2 1705s
H2071564 1090159                      71.9999955   64.00000  11.1%  13.2 1705s
 2071569 1091981   64.00000  279   52   72.00000   64.00000  11.1%  13.2 1711s
H2074457 1091981                      71.9999955   64.00000  11.1%  13.2 1711s
H2075822 1093871                      71.9999955   64.00000  11.1%  13.2 1717s
 2080154 1096478 infeasible  369        72.00000   64.00000  11.1%  13.2 1723s
 2087566 1097928   64.25000  324   58   72.00000   64.00000  11.1%  13.2 1729s
H2088394 1097928                      71.9999954   64.00000  11.1%  13.2 1729s
 2090696 1099148   70.00000  330   57   72.00000   64.00000  11.1%  13.2 1735s
H2091474 1099148                      71.9999954   64.00000  11.1%  13.2 1735s
 2093675 1100717   65.50000  331   57   72.00000   64.00000  11.1%  13.2 1741s
H2094030 1100717                      71.9999954   64.00000  11.1%  13.2 1741s
 2097652 1104001   71.50000  276   62   72.00000   64.00000  11.1%  13.2 1748s
 2105918 1106393 infeasible  317        72.00000   64.00000  11.1%  13.2 1753s
H2107653 1106393                      71.9999954   64.00000  11.1%  13.2 1754s
H2110388 1106393                      71.9999954   64.00000  11.1%  13.2 1754s
H2111082 1106393                      71.9999954   64.00000  11.1%  13.2 1754s
 2111663 1109241 infeasible  320        72.00000   64.00000  11.1%  13.2 1760s
 2118702 1111745   64.75000  272   47   72.00000   64.00000  11.1%  13.2 1766s
 2124159 1113493     cutoff  304        72.00000   64.00000  11.1%  13.2 1771s
 2128159 1116834   65.25000  268   63   72.00000   64.00000  11.1%  13.2 1778s
 2134951 1118878   64.00000  306   56   72.00000   64.00000  11.1%  13.2 1783s
H2138136 1118878                      71.9999954   64.00000  11.1%  13.2 1784s
 2139819 1124161   65.25000  315   53   72.00000   64.00000  11.1%  13.2 1789s
H2149471 1125895                      71.9999953   64.00000  11.1%  13.2 1795s
 2153167 1127866   67.00000  159   71   72.00000   64.00000  11.1%  13.2 1800s
 2156456 1131001   67.00000  189   65   72.00000   64.00000  11.1%  13.2 1807s
H2156941 1131001                      71.9999953   64.00000  11.1%  13.2 1807s
H2161420 1136638                      71.9999953   64.00000  11.1%  13.2 1815s
 2173019 1139926   69.75000  279   53   72.00000   64.00000  11.1%  13.2 1821s
 2180028 1143851   66.00000  277   54   72.00000   64.00000  11.1%  13.2 1827s
 2187489 1143914   69.00000  283   56   72.00000   64.00000  11.1%  13.2 1832s
 2187602 1162000   64.50000  283   61   72.00000   64.00000  11.1%  13.2 1854s
 2219634 1165652   67.50000   98   61   72.00000   64.00000  11.1%  13.2 1860s
 2226002 1171326   70.75000  118   58   72.00000   64.00000  11.1%  13.2 1870s
 2235580 1171507   65.00000  110   54   72.00000   64.00000  11.1%  13.2 1876s
 2235935 1173797   65.00000  111   52   72.00000   64.00000  11.1%  13.2 1880s
 2239897 1174456     cutoff  322        72.00000   64.00000  11.1%  13.2 1885s
 2240994 1177302   71.50000  323   40   72.00000   64.00000  11.1%  13.2 1891s
 2245796 1183033   67.00000   91   76   72.00000   64.00000  11.1%  13.2 1896s
 2255713 1183209   71.25000  125   84   72.00000   64.00000  11.1%  13.2 1902s
H2255775 1183209                      71.9999953   64.00000  11.1%  13.2 1902s
 2255952 1203454   70.54870  145   75   72.00000   64.00000  11.1%  13.2 1918s
 2287984 1203473   68.54838  202   73   72.00000   64.00000  11.1%  13.2 1928s
 2288029 1222801   69.00000  203   63   72.00000   64.00000  11.1%  13.2 1942s
 2320061 1222906   64.00000  136   68   72.00000   64.00000  11.1%  13.2 1949s
 2320248 1242674   64.00000  136   68   72.00000   64.00000  11.1%  13.2 1962s
 2352280 1242773   65.00000  155   56   72.00000   64.00000  11.1%  13.2 1969s
 2352575 1260452   65.00000  156   57   72.00000   64.00000  11.1%  13.2 1983s
 2384607 1260680     cutoff  180        72.00000   64.00000  11.1%  13.2 1989s
 2385180 1279461     cutoff  180        72.00000   64.00000  11.1%  13.2 2003s
 2417212 1279708     cutoff  220        72.00000   64.00000  11.1%  13.2 2009s
 2417725 1298496   71.00000  204   61   72.00000   64.00000  11.1%  13.2 2022s
 2449757 1298886   67.50000  140   62   72.00000   64.00000  11.1%  13.2 2027s
 2450368 1317357   71.25000  123   62   72.00000   64.00000  11.1%  13.2 2040s
 2482400 1317717     cutoff  185        72.00000   64.00000  11.1%  13.2 2046s
 2483001 1336514   70.25000  168   56   72.00000   64.00000  11.1%  13.2 2058s
 2515033 1337793   70.54928  177   53   72.00000   64.00000  11.1%  13.2 2064s
 2517104 1354494     cutoff  158        72.00000   64.00000  11.1%  13.2 2073s
H2524510 1354494                      71.9999953   64.00000  11.1%  13.2 2074s
 2545370 1354610   69.25000  227   47   72.00000   64.00000  11.1%  13.2 2079s
 2545732 1372399   69.75000  228   42   72.00000   64.00000  11.1%  13.2 2092s
 2577764 1372868     cutoff  244        72.00000   64.00000  11.1%  13.2 2098s
 2578528 1390765     cutoff  244        72.00000   64.00000  11.1%  13.2 2109s
 2610560 1391123   65.50000  158   60   72.00000   64.00000  11.1%  13.2 2114s
 2611310 1409058     cutoff  220        72.00000   64.00000  11.1%  13.2 2128s
H2613329 1409058                      71.9999953   64.00000  11.1%  13.2 2129s
 2643342 1409194 infeasible  220        72.00000   64.00000  11.1%  13.2 2134s
 2643747 1425289   68.75000  220   50   72.00000   64.00000  11.1%  13.2 2146s
 2675779 1425439   67.00000  268   79   72.00000   64.00000  11.1%  13.2 2153s
 2676024 1442749   67.00000  269   79   72.00000   64.00000  11.1%  13.2 2162s
 2708056 1442727 infeasible  254        72.00000   64.00000  11.1%  13.1 2170s
 2708142 1458500     cutoff  229        72.00000   64.00000  11.1%  13.1 2182s
 2740174 1458522     cutoff  231        72.00000   64.00000  11.1%  13.1 2189s
 2740213 1476509   69.00000  229   63   72.00000   64.00000  11.1%  13.1 2201s
 2772245 1477128   71.85752  272   45   72.00000   64.00000  11.1%  13.1 2207s
 2773696 1491710   64.00000  234   67   72.00000   64.00000  11.1%  13.1 2219s
 2780703 1491710   69.25000  265   51   72.00000   64.00000  11.1%  13.1 2220s
 2806834 1506561 infeasible  276        72.00000   64.00000  11.1%  13.1 2236s
 2834422 1507176   65.00000  142   68   72.00000   64.00000  11.1%  13.1 2241s
 2835809 1521269   65.00000  142   65   72.00000   64.00000  11.1%  13.1 2251s
 2867566 1521288   69.53869  270   50   72.00000   64.00000  11.1%  13.1 2259s
 2867605 1535591   71.25000  270   44   72.00000   64.00000  11.1%  13.1 2271s
 2899637 1535596   70.50087  338   56   72.00000   64.00000  11.1%  13.1 2280s
 2899691 1551718   70.50087  337   58   72.00000   64.00000  11.1%  13.1 2288s
 2931723 1551735     cutoff  210        72.00000   64.00000  11.1%  13.1 2296s
 2931769 1565266     cutoff  209        72.00000   64.00000  11.1%  13.1 2307s
 2963801 1565279   70.00000  258   40   72.00000   64.00000  11.1%  13.1 2314s
 2963851 1580043   70.00000  258   45   72.00000   64.00000  11.1%  13.1 2324s
 2995883 1580066   67.50000  210   58   72.00000   64.00000  11.1%  13.1 2334s
 2995924 1595928   67.50000  211   59   72.00000   64.00000  11.1%  13.1 2344s
 3017946 1595928   68.50000  249   59   72.00000   64.00000  11.1%  13.1 2345s
 3027956 1595912 infeasible  243        72.00000   64.00000  11.1%  13.1 2351s
 3028034 1610847     cutoff  241        72.00000   64.00000  11.1%  13.1 2362s
 3060066 1610934   69.50000  267   53   72.00000   64.00000  11.1%  13.1 2368s
 3060212 1624622   69.00000  267   52   72.00000   64.00000  11.1%  13.1 2379s
 3076228 1624622   68.25000  254   41   72.00000   64.00000  11.1%  13.1 2380s
 3094083 1639092 infeasible  213        72.00000   64.00000  11.1%  13.1 2393s
 3122607 1639627   71.75896  267   55   72.00000   64.00000  11.1%  13.1 2398s
 3123947 1653719   71.77688  267   63   72.00000   64.00000  11.1%  13.1 2410s
 3157834 1664950   68.00000  225   52   72.00000   64.00000  11.1%  13.1 2422s
 3176383 1664942     cutoff  248        72.00000   64.00000  11.1%  13.1 2426s
 3177294 1670111   66.87500  239   47   72.00000   64.00000  11.1%  13.1 2432s
 3186914 1670133   68.50000  234   52   72.00000   64.00000  11.1%  13.1 2438s
 3186954 1682670   68.75000  235   49   72.00000   64.00000  11.1%  13.1 2450s
 3218986 1682689   68.50000  164   86   72.00000   64.00000  11.1%  13.1 2457s
 3219029 1695557   68.50000  165   86   72.00000   64.00000  11.1%  13.1 2468s
 3251061 1695576     cutoff  288        72.00000   64.00000  11.1%  13.2 2473s
 3251153 1708375   65.75000  230   43   72.00000   64.00000  11.1%  13.2 2488s
 3283185 1708404   71.50000  222   42   72.00000   64.00000  11.1%  13.2 2494s
 3283284 1720643   71.50000  223   42   72.00000   64.00000  11.1%  13.2 2507s
 3315316 1720784   68.75000  240   46   72.00000   64.00000  11.1%  13.2 2512s
 3315595 1733187     cutoff  244        72.00000   64.00000  11.1%  13.2 2529s
 3347627 1733269   66.50000  237   43   72.00000   64.00000  11.1%  13.2 2533s
 3347928 1744740   67.00000  246   51   72.00000   64.00000  11.1%  13.2 2546s
 3379960 1744809     cutoff  212        72.00000   64.00000  11.1%  13.2 2550s
 3380084 1756284   64.00000  200   48   72.00000   64.00000  11.1%  13.2 2566s
 3412116 1756416   64.00000  287   63   72.00000   64.00000  11.1%  13.2 2571s
 3412374 1767064   64.62500  214   44   72.00000   64.00000  11.1%  13.2 2584s
 3444406 1767100   66.50000  220   36   72.00000   64.00000  11.1%  13.3 2589s
 3444554 1776985 infeasible  225        72.00000   64.00000  11.1%  13.3 2608s
 3476586 1777010   65.50000  256   60   72.00000   64.00000  11.1%  13.3 2615s
 3476624 1788439   65.75000  257   56   72.00000   64.00000  11.1%  13.3 2627s
 3508656 1788453 infeasible  174        72.00000   64.00000  11.1%  13.3 2634s
 3508706 1801541   66.00000  173   54   72.00000   64.00000  11.1%  13.3 2645s
 3540738 1801554   71.25000  177   71   72.00000   64.00000  11.1%  13.3 2652s
 3540785 1813208   68.25000  177   63   72.00000   64.00000  11.1%  13.3 2664s
 3572817 1813222     cutoff  251        72.00000   64.00000  11.1%  13.3 2671s
 3572867 1825328   69.50000  251   41   72.00000   64.00000  11.1%  13.3 2682s
 3604899 1825345   65.00000  159   63   72.00000   64.00000  11.1%  13.4 2689s
 3604945 1839585   65.00000  160   65   72.00000   64.00000  11.1%  13.4 2699s
 3636977 1839602 infeasible  181        72.00000   64.00000  11.1%  13.4 2705s
 3637022 1851551 infeasible  183        72.00000   64.00000  11.1%  13.4 2717s
 3669054 1851559   64.00000  177   55   72.00000   64.00000  11.1%  13.4 2725s
 3669110 1863810   64.75896  178   52   72.00000   64.00000  11.1%  13.4 2735s
H3692159 1863810                      71.9999952   64.00000  11.1%  13.4 2736s
 3701142 1863826   65.25000  159   62   72.00000   64.00000  11.1%  13.4 2742s
 3701190 1875748   66.50000  160   67   72.00000   64.00000  11.1%  13.4 2755s
 3733222 1875818   68.25000  200   55   72.00000   64.00000  11.1%  13.4 2760s
 3733469 1890176   66.25000  209   65   72.00000   64.00000  11.1%  13.4 2770s
 3765501 1890154   64.00000  189   55   72.00000   64.00000  11.1%  13.4 2777s
 3765584 1902640   64.00000  190   55   72.00000   64.00000  11.1%  13.4 2787s
 3797616 1902660   67.50000  184   65   72.00000   64.00000  11.1%  13.4 2794s
 3797659 1913727 infeasible  185        72.00000   64.00000  11.1%  13.4 2804s
 3829691 1913743   67.50000  187   61   72.00000   64.00000  11.1%  13.4 2810s
 3829749 1927283 infeasible  188        72.00000   64.00000  11.1%  13.4 2821s
 3861781 1927297     cutoff  242        72.00000   64.00000  11.1%  13.4 2826s
 3861908 1938568   64.00000  195   56   72.00000   64.00000  11.1%  13.4 2839s
 3893940 1938584   68.28584  200   48   72.00000   64.00000  11.1%  13.5 2843s
 3894031 1948513   69.00000  201   52   72.00000   64.00000  11.1%  13.5 2856s
 3926063 1948553     cutoff  199        72.00000   64.00000  11.1%  13.5 2860s
 3926159 1958673   65.00000  260   74   72.00000   64.00000  11.1%  13.5 2872s
 3958191 1958698   64.00000  262   55   72.00000   64.00000  11.1%  13.5 2877s
 3958262 1971326   64.00000  263   55   72.00000   64.00000  11.1%  13.5 2888s
 3990294 1971321   67.89023  267   43   72.00000   64.00000  11.1%  13.5 2892s
 3990363 1981119   69.75000  268   33   72.00000   64.00000  11.1%  13.5 2905s
 4022455 1990087     cutoff  222        72.00000   64.00000  11.1%  13.5 2928s
 4054487 1990093   65.75000  202   61   72.00000   64.00000  11.1%  13.6 2937s
 4054544 2000877   64.00000  202   64   72.00000   64.00000  11.1%  13.6 2947s
 4086576 2000892   69.50000  222   74   72.00000   64.00000  11.1%  13.6 2954s
 4086623 2013684   69.50000  223   73   72.00000   64.00000  11.1%  13.6 2968s
 4118655 2013693   67.50000  211   52   72.00000   64.00000  11.1%  13.6 2976s
 4118707 2032370   70.75000  212   54   72.00000   64.00000  11.1%  13.6 2989s
 4141730 2032370 infeasible  203        72.00000   64.00000  11.1%  13.6 2990s
 4150739 2032366     cutoff  206        72.00000   64.00000  11.1%  13.6 2996s
 4150807 2053200   64.00000   53   70   72.00000   64.00000  11.1%  13.6 3010s
 4182839 2053223   64.00000   99   83   72.00000   64.00000  11.1%  13.7 3017s
 4182878 2075831   64.00000  100   79   72.00000   64.00000  11.1%  13.7 3031s
 4214910 2075838   71.54301  165   52   72.00000   64.00000  11.1%  13.7 3037s
 4214967 2097905   71.54301  165   63   72.00000   64.00000  11.1%  13.7 3053s
 4246999 2097925   71.50000  149   50   72.00000   64.00000  11.1%  13.8 3060s
 4247041 2121184   71.50000  150   48   72.00000   64.00000  11.1%  13.8 3073s
 4279073 2121209   66.25000  133   74   72.00000   64.00000  11.1%  13.8 3079s
 4279112 2143346   66.25000  134   74   72.00000   64.00000  11.1%  13.8 3096s
 4311144 2143401   68.25000  185   46   72.00000   64.00000  11.1%  13.8 3101s
 4311243 2165041   64.25000  108   67   72.00000   64.00000  11.1%  13.8 3116s
 4343275 2165071   71.00000  295   45   72.00000   64.00000  11.1%  13.8 3120s
 4343344 2186066   71.00000  296   44   72.00000   64.00000  11.1%  13.8 3137s
 4375376 2186139     cutoff  250        72.00000   64.00000  11.1%  13.9 3141s
 4375494 2209059   71.75000  153   84   72.00000   64.00000  11.1%  13.9 3159s
 4407526 2209082   64.00000  288   60   72.00000   64.00000  11.1%  13.9 3163s
 4407592 2230390   64.00000  289   62   72.00000   64.00000  11.1%  13.9 3180s
 4439699 2251417     cutoff  180        72.00000   64.00000  11.1%  13.9 3199s
 4455715 2251417   64.75000  128   60   72.00000   64.00000  11.1%  13.9 3200s
 4471779 2273535   70.75000  283   65   72.00000   64.00000  11.1%  13.9 3219s
 4492800 2273535   69.75000  259   48   72.00000   64.00000  11.1%  13.9 3220s
 4503811 2273558   65.25000  101   65   72.00000   64.00000  11.1%  13.9 3226s
 4503851 2294560   65.25000  102   65   72.00000   64.00000  11.1%  13.9 3238s
 4535883 2294579   65.50000  265   55   72.00000   64.00000  11.1%  13.9 3245s
 4535928 2315703   68.75000  266   52   72.00000   64.00000  11.1%  13.9 3258s
 4567960 2315725   71.25000  178   71   72.00000   64.00000  11.1%  13.9 3266s
 4567999 2335947   71.25000  179   70   72.00000   64.00000  11.1%  13.9 3277s
 4600031 2335965   67.00000  216   67   72.00000   64.00000  11.1%  13.9 3285s
 4600075 2355820   68.75000  217   65   72.00000   64.00000  11.1%  13.9 3298s
 4632107 2355839   64.00000  188   61   72.00000   64.00000  11.1%  13.9 3305s
 4632151 2376411   64.00000  189   64   72.00000   64.00000  11.1%  13.9 3316s
 4664183 2376438   64.50000  189   51   72.00000   64.00000  11.1%  13.9 3326s
 4664220 2395091   64.25000  188   52   72.00000   64.00000  11.1%  13.9 3338s
 4696252 2395112   66.25000  237   57   72.00000   64.00000  11.1%  13.9 3345s
 4696294 2413718   66.00000  235   64   72.00000   64.00000  11.1%  13.9 3358s
 4728326 2413741     cutoff  168        72.00000   64.00000  11.1%  13.9 3366s
 4728367 2434590     cutoff  167        72.00000   64.00000  11.1%  13.9 3382s
 4760399 2434594     cutoff  214        72.00000   64.00000  11.1%  13.9 3387s
 4760461 2453204 infeasible  216        72.00000   64.00000  11.1%  13.9 3401s
 4792493 2453234   70.50000  232   47   72.00000   64.00000  11.1%  13.9 3406s
 4792537 2471647   70.75000  233   47   72.00000   64.00000  11.1%  13.9 3420s
 4824569 2471671   71.50000  240   62   72.00000   64.00000  11.1%  13.9 3425s
 4824609 2490812   71.50000  241   60   72.00000   64.00000  11.1%  13.9 3439s
 4855640 2490812   68.50000  225   70   72.00000   64.00000  11.1%  13.9 3440s
 4856747 2507993   69.25000  208   62   72.00000   64.00000  11.1%  13.9 3456s
 4888779 2508016   64.00000  219   65   72.00000   64.00000  11.1%  13.9 3461s
 4888818 2526270   64.00000  220   63   72.00000   64.00000  11.1%  13.9 3475s
 4920850 2526292   65.00000  223   55   72.00000   64.00000  11.1%  13.9 3480s
 4920890 2544190   65.00000  224   55   72.00000   64.00000  11.1%  13.9 3493s
 4952922 2544208   70.75000  243   64   72.00000   64.00000  11.1%  13.9 3498s
 4952965 2562252     cutoff  244        72.00000   64.00000  11.1%  13.9 3510s
 4984997 2562258   65.25000  227   70   72.00000   64.00000  11.1%  13.9 3518s
 4985055 2578281   65.25000  228   70   72.00000   64.00000  11.1%  13.9 3532s
 5017087 2578298   64.00000  235   59   72.00000   64.00000  11.1%  13.9 3539s
 5017132 2595007   64.00000  236   63   72.00000   64.00000  11.1%  13.9 3551s
 5049164 2595031     cutoff  250        72.00000   64.00000  11.1%  13.9 3558s
 5049202 2612375     cutoff  251        72.00000   64.00000  11.1%  13.9 3569s
 5081234 2612389   67.00000  237   62   72.00000   64.00000  11.1%  13.8 3576s
 5081281 2628618   67.50000  238   57   72.00000   64.00000  11.1%  13.8 3588s
 5113313 2628641   66.50000  256   61   72.00000   64.00000  11.1%  13.8 3599s
 5113352 2629870   66.50000  257   61   72.00000   64.00000  11.1%  13.8 3600s

Cutting planes:
  Learned: 100
  Gomory: 11
  Cover: 244
  Implied bound: 92
  Clique: 87
  MIR: 574
  StrongCG: 2
  Flow cover: 650
  GUB cover: 2
  RLT: 32
  Relax-and-lift: 779

Explored 5116033 nodes (70846713 simplex iterations) in 3600.11 seconds
Thread count was 32 (of 32 available processors)

Solution count 10: 72 72 72 ... 72

Time limit reached
Best objective 7.199999520678e+01, best bound 6.400000000000e+01, gap 11.1111%
