
Gurobi 9.1.2 (linux64) logging started Wed Aug  9 17:39:26 2023

Changed value of parameter LogFile to max-ls_r=('4', '0').log
   Prev:   Default: 
Changed value of parameter MIPFocus to 1
   Prev: 0  Min: 0  Max: 3  Default: 0
Changed value of parameter Threads to 32
   Prev: 0  Min: 0  Max: 1024  Default: 0
Changed value of parameter TimeLimit to 3600.0
   Prev: inf  Min: 0.0  Max: inf  Default: inf
Warning: variable name "X[('6', '6'),('7', '6')]" has a space
Warning: constraint name "flow-constr-t0-v('6', '3')" has a space
Warning: to let Gurobi read it back, use rlp format
Gurobi Optimizer version 9.1.2 build v9.1.2rc0 (linux64)
Thread count: 16 physical cores, 32 logical processors, using up to 32 threads
Optimize a model with 2955 rows, 2688 columns and 10316 nonzeros
Model fingerprint: 0x434a7c0b
Variable types: 256 continuous, 2432 integer (2432 binary)
Coefficient statistics:
  Matrix range     [1e+00, 7e+04]
  Objective range  [2e-01, 2e-01]
  Bounds range     [1e+00, 3e+04]
  RHS range        [1e+00, 7e+04]
Presolve removed 239 rows and 236 columns
Presolve time: 0.07s
Presolved: 2716 rows, 2452 columns, 18591 nonzeros
Variable types: 256 continuous, 2196 integer (2196 binary)

Root relaxation: objective 6.400000e+01, 156 iterations, 0.01 seconds

    Nodes    |    Current Node    |     Objective Bounds      |     Work
 Expl Unexpl |  Obj  Depth IntInf | Incumbent    BestBd   Gap | It/Node Time

     0     0   64.00000    0   30          -   64.00000      -     -    0s
     0     0   64.00000    0   43          -   64.00000      -     -    0s
H    0     0                     862.9999999   64.00000  92.6%     -    0s
     0     0   64.00000    0   45  863.00000   64.00000  92.6%     -    0s
     0     0   64.00000    0   30  863.00000   64.00000  92.6%     -    0s
H    0     0                     249.6666667   64.00000  74.4%     -    0s
     0     0   64.00000    0   22  249.66667   64.00000  74.4%     -    0s
H    0     0                     215.5000000   64.00000  70.3%     -    0s
     0     0   64.00000    0   32  215.50000   64.00000  70.3%     -    0s
     0     0   64.00000    0   30  215.50000   64.00000  70.3%     -    0s
H    0     0                     208.0000000   64.00000  69.2%     -    0s
H    0     0                     147.0000000   64.00000  56.5%     -    0s
     0     0   64.00000    0   30  147.00000   64.00000  56.5%     -    0s
     0     0   64.00000    0   20  147.00000   64.00000  56.5%     -    0s
H    0     0                     132.8437500   64.00000  51.8%     -    0s
H    0     0                     131.0000000   64.00000  51.1%     -    0s
H    0     0                     129.5000000   64.00000  50.6%     -    1s
H    0     2                      82.5000000   64.00000  22.4%     -    1s
     0     2   64.00000    0   20   82.50000   64.00000  22.4%     -    1s
H    1     4                      82.0000000   64.00000  22.0%   212    1s
H   31    60                      76.0000000   64.00000  15.8%  15.6    2s
H   39    60                      75.8750000   64.00000  15.7%  12.6    2s
H   47    60                      75.5000000   64.00000  15.2%  11.7    2s
H   95   124                      74.2500000   64.00000  13.8%   9.3    5s
H  103   124                      74.1250000   64.00000  13.7%   9.1    5s
H  107   124                      72.6250000   64.00000  11.9%   9.1    5s
H  125   124                      72.5000000   64.00000  11.7%   8.5    5s
H  127   156                      72.2500000   64.00000  11.4%   8.4    5s
H  135   156                      71.2500000   64.00000  10.2%   8.0    5s
H  136   156                      71.0000000   64.00000  9.86%   8.0    5s
H  194   220                      70.0000000   64.00000  8.57%   6.3    7s
H  226   252                      69.5000000   64.00000  7.91%   5.8    9s
   639  1768   64.00000   24   41   69.50000   64.00000  7.91%   5.2   10s
H  827  1768                      69.0000000   64.00000  7.25%   4.7   10s
H 1885  1795                      68.6666667   64.00000  6.80%   7.5   12s
H 1889  1792                      68.2500000   64.00000  6.23%   7.6   12s
H 2737  2595                      68.0000000   64.00000  5.88%   8.6   13s
  2792  2627   64.50000   73   40   68.00000   64.00000  5.88%   8.7   15s
H 2800  2627                      67.9999999   64.00000  5.88%   8.7   15s
H 6941  6577                      67.9999996   64.00000  5.88%   8.2   18s
H 6979  6251                      67.9999995   64.00000  5.88%   8.2   19s
  6982  6253   66.00000   87   45   68.00000   64.00000  5.88%   8.2   20s
  7081  6352   64.00000   15   61   68.00000   64.00000  5.88%  11.3   25s
H 7092  6036                      67.5000000   64.00000  5.19%  11.3   25s
H 7146  5785                      67.0000000   64.00000  4.48%  11.3   27s
H 7154  5499                      66.0000000   64.00000  3.03%  11.3   27s
H 7486  5434                      66.0000000   64.00000  3.03%  11.4   29s
  7497  6670   64.00000   22   53   66.00000   64.00000  3.03%  11.4   30s
H 9005  6474                      66.0000000   64.00000  3.03%  12.4   32s
 15029  9150   64.00000   57   82   66.00000   64.00000  3.03%  12.1   35s
 19859 10859   64.00000  100   87   66.00000   64.00000  3.03%  13.5   41s
 22812 12211   64.00000  161   82   66.00000   64.00000  3.03%  13.8   45s
H22817 12211                      65.9999997   64.00000  3.03%  13.8   45s
H25752 14516                      65.9999997   64.00000  3.03%  14.7   48s
 29125 21781   65.50000  146   58   66.00000   64.00000  3.03%  14.8   52s
H32761 21781                      65.9999995   64.00000  3.03%  15.0   52s
 39323 21989   64.00000   80   54   66.00000   64.00000  3.03%  15.5   55s
H43072 24055                      65.9999995   64.00000  3.03%  15.3   56s
 44685 26375     cutoff  107        66.00000   64.00000  3.03%  15.5   60s
H49879 26389                      65.9999986   64.00000  3.03%  15.4   62s
H50967 27985                      65.9999985   64.00000  3.03%  15.5   63s
H53586 28008                      65.9999985   64.00000  3.03%  15.5   69s
H53590 28008                      65.9999984   64.00000  3.03%  15.5   69s
H53591 28008                      65.9999983   64.00000  3.03%  15.5   69s
 53627 29703   64.00000   81   54   66.00000   64.00000  3.03%  15.5   70s
H54184 29703                      65.9999982   64.00000  3.03%  15.5   70s
H56994 29728                      65.9999981   64.00000  3.03%  15.5   75s
H57004 29728                      65.9999981   64.00000  3.03%  15.5   75s
 57887 32032   64.00000   59   76   66.00000   64.00000  3.03%  15.4   81s
H59873 32032                      65.9999980   64.00000  3.03%  15.4   81s
H60100 32032                      65.9999979   64.00000  3.03%  15.4   81s
H61620 35457                      65.9999978   64.00000  3.03%  15.4   84s
 64484 35457   65.00000  193   77   66.00000   64.00000  3.03%  15.5   85s
H68208 44668                      65.9999978   64.00000  3.03%  15.4   87s
 81093 44685     cutoff  129        66.00000   64.00000  3.03%  15.6   93s
 81140 48393   64.50000  128   93   66.00000   64.00000  3.03%  15.6   95s
 87306 52101     cutoff   70        66.00000   64.00000  3.03%  15.6  100s
H90547 52101                      65.9999977   64.00000  3.03%  15.6  100s
 93899 52465   64.37500  170   60   66.00000   64.00000  3.03%  15.6  105s
H94283 52465                      65.9999977   64.00000  3.03%  15.6  105s
 94457 70881   64.00000  169   89   66.00000   64.00000  3.03%  15.6  113s
 126489 70898   64.00000  111   65   66.00000   64.00000  3.03%  16.0  120s
 126536 89365     cutoff  112        66.00000   64.00000  3.03%  16.1  127s
 158568 89387   64.00000  150   59   66.00000   64.00000  3.03%  16.3  132s
H158592 89387                      65.9999977   64.00000  3.03%  16.3  132s
 158610 106393   64.00000  151   58   66.00000   64.00000  3.03%  16.3  141s
 190642 106416   64.25000  285   78   66.00000   64.00000  3.03%  16.5  149s
 190680 122826   64.25000  286   76   66.00000   64.00000  3.03%  16.5  156s
 222712 122846   65.75000  195   86   66.00000   64.00000  3.03%  16.4  163s
 222755 137604     cutoff  196        66.00000   64.00000  3.03%  16.4  170s
 254787 137620     cutoff  166        66.00000   64.00000  3.03%  16.3  177s
 254833 151239     cutoff  167        66.00000   64.00000  3.03%  16.3  184s
 264843 151239     cutoff  149        66.00000   64.00000  3.03%  16.2  185s
 286865 151257     cutoff  172        66.00000   64.00000  3.03%  16.3  192s
 286908 165151   64.00000  193   36   66.00000   64.00000  3.03%  16.3  199s
H291938 165151                      65.9999977   64.00000  3.03%  16.3  199s
 299921 165151     cutoff  161        66.00000   64.00000  3.03%  16.2  200s
 318940 165167   64.00000  146   94   66.00000   64.00000  3.03%  16.1  207s
 318981 177354   64.00000  147   91   66.00000   64.00000  3.03%  16.1  216s
 351013 177374     cutoff  147        66.00000   64.00000  3.03%  16.3  223s
H351051 177374                      65.9999976   64.00000  3.03%  16.3  223s
 351055 191813     cutoff  148        66.00000   64.00000  3.03%  16.3  230s
 383087 191832   65.75000  150   79   66.00000   64.00000  3.03%  16.1  238s
 383131 206136     cutoff  151        66.00000   64.00000  3.03%  16.1  245s
 415163 206160   65.75000  184   76   66.00000   64.00000  3.03%  15.9  256s
 415200 219249   65.00000  183   79   66.00000   64.00000  3.03%  15.9  267s
 447232 219269   64.00000  150   96   66.00000   64.00000  3.03%  16.0  273s
H447233 219269                      65.9999972   64.00000  3.03%  16.0  273s
 447272 234370   64.00000  151   94   66.00000   64.00000  3.03%  16.0  284s
 479304 234380   64.00000  155   42   66.00000   64.00000  3.03%  15.9  290s
 479358 246937   64.00000  156   46   66.00000   64.00000  3.03%  15.9  302s
 511390 246948     cutoff  227        66.00000   64.00000  3.03%  15.8  306s
 511438 257828   64.00000  178   36   66.00000   64.00000  3.03%  15.8  316s
 543470 257829     cutoff  195        66.00000   64.00000  3.03%  15.7  321s
 543528 265765   65.75000  200   48   66.00000   64.00000  3.03%  15.7  332s
 575560 265775   64.00000  210   42   66.00000   64.00000  3.03%  15.7  338s
 575608 272357   64.00000  211   41   66.00000   64.00000  3.03%  15.7  352s
 607640 272378   65.75000  198   53   66.00000   64.00000  3.03%  15.7  357s
 607683 278573   65.75000  199   61   66.00000   64.00000  3.03%  15.7  368s
 638356 278580   64.00000  155   58   66.00000   64.00000  3.03%  15.8  374s
 638411 287048   65.00000  155   42   66.00000   64.00000  3.03%  15.8  384s
 670443 287042   65.30000  225   46   66.00000   64.00000  3.03%  15.6  388s
 670511 293663     cutoff  226        66.00000   64.00000  3.03%  15.6  398s
 701910 293674     cutoff  209        66.00000   64.00000  3.03%  15.6  404s
 701961 299773     cutoff  208        66.00000   64.00000  3.03%  15.6  415s
 733993 299793   64.75658  275   46   66.00000   64.00000  3.03%  15.6  420s
 734034 307105     cutoff  276        66.00000   64.00000  3.03%  15.6  429s
 766066 307075   64.00000  250   39   66.00000   64.00000  3.03%  15.4  434s
 766157 311796 infeasible  251        66.00000   64.00000  3.03%  15.4  444s
 795523 311796     cutoff  265        66.00000   64.00000  3.03%  15.3  445s
 797583 316690   64.13750  208   59   66.00000   64.00000  3.03%  15.3  459s
 828995 316710   65.25000  206   65   66.00000   64.00000  3.03%  15.2  466s
H829019 316710                      65.9999948   64.00000  3.03%  15.2  466s
 829038 322275     cutoff  207        65.99999   64.00000  3.03%  15.2  475s
 860465 322295   65.00000  212   38   65.99999   64.00000  3.03%  15.2  483s
 860506 329458     cutoff  213        65.99999   64.00000  3.03%  15.2  490s
 892538 329463     cutoff  199        65.99999   64.00000  3.03%  15.1  497s
 892594 334825     cutoff  261        65.99999   64.00000  3.03%  15.1  506s
 924626 334848   64.29167  258   56   65.99999   64.00000  3.03%  15.1  513s
 924667 339209     cutoff  259        65.99999   64.00000  3.03%  15.1  522s
 956178 339218   64.00000  204   39   65.99999   64.00000  3.03%  15.1  529s
 956224 344125   64.00000  205   35   65.99999   64.00000  3.03%  15.1  537s
 987786 344135     cutoff  240        65.99999   64.00000  3.03%  15.1  545s
 987837 351332   64.00000  211   56   65.99999   64.00000  3.03%  15.1  551s
 1019869 351309     cutoff  166        65.99999   64.00000  3.03%  15.1  559s
 1019951 356184     cutoff  167        65.99999   64.00000  3.03%  15.1  568s
 1051983 356206     cutoff  298        65.99999   64.00000  3.03%  15.1  576s
 1052025 359877   64.50000  297   42   65.99999   64.00000  3.03%  15.1  583s
 1083661 359893   64.75000  201   53   65.99999   64.00000  3.03%  15.1  591s
 1083706 364086   65.15908  202   64   65.99999   64.00000  3.03%  15.1  599s
 1115738 364092   65.25000  238   45   65.99999   64.00000  3.03%  15.1  606s
 1115793 369652     cutoff  239        65.99999   64.00000  3.03%  15.1  614s
 1147825 369660   64.50000  222   41   65.99999   64.00000  3.03%  15.1  622s
 1147877 373702   64.50000  223   45   65.99999   64.00000  3.03%  15.1  630s
 1179909 373708   64.75000  309   28   65.99999   64.00000  3.03%  15.1  638s
 1179965 378743     cutoff  310        65.99999   64.00000  3.03%  15.1  645s
 1211997 378762     cutoff  238        65.99999   64.00000  3.03%  15.1  654s
 1212041 385713   65.25000  238   46   65.99999   64.00000  3.03%  15.1  661s
 1244073 385721   64.50000  228   47   65.99999   64.00000  3.03%  15.1  668s
 1244122 390703     cutoff  229        65.99999   64.00000  3.03%  15.1  679s
 1275639 390718     cutoff  311        65.99999   64.00000  3.03%  15.1  686s
 1275685 397118     cutoff  311        65.99999   64.00000  3.03%  15.1  693s
 1307717 397099   65.25625  231   57   65.99999   64.00000  3.03%  15.1  701s
 1307794 401613   65.33958  235   56   65.99999   64.00000  3.03%  15.1  708s
 1339392 401625   64.75000  253   51   65.99999   64.00000  3.03%  15.2  716s
 1339442 407073     cutoff  251        65.99999   64.00000  3.03%  15.2  723s
 1371216 407068   65.25000  229   50   65.99999   64.00000  3.03%  15.1  730s
 1371285 410115   65.25000  230   49   65.99999   64.00000  3.03%  15.1  739s
 1375082 410115   64.00000  244   27   65.99999   64.00000  3.03%  15.1  740s
 1403110 410176     cutoff  261        65.99999   64.00000  3.03%  15.1  745s
 1403403 413566   64.50000  261   35   65.99999   64.00000  3.03%  15.1  756s
 1435435 413724   64.25000  259   23   65.99999   64.00000  3.03%  15.2  762s
 1436363 418202   64.25000  260   21   65.99999   64.00000  3.03%  15.2  771s
 1468306 418205     cutoff  276        65.99999   64.00000  3.03%  15.2  777s
 1468775 421696     cutoff  263        65.99999   64.00000  3.03%  15.2  787s
 1500807 421862   64.00000  245   36   65.99999   64.00000  3.03%  15.2  793s
 1501416 424947   64.02083  245   47   65.99999   64.00000  3.03%  15.2  807s
 1533448 425026     cutoff  292        65.99999   64.00000  3.03%  15.2  813s
 1534321 428625 infeasible  280        65.99999   64.00000  3.03%  15.2  823s
 1566353 428789   64.00000  233   48   65.99999   64.00000  3.03%  15.2  829s
 1567508 434299   64.00000  235   40   65.99999   64.00000  3.03%  15.2  837s
 1599540 434337   64.00000  232   51   65.99999   64.00000  3.03%  15.2  845s
 1599920 438903     cutoff  233        65.99999   64.00000  3.03%  15.2  855s
 1631952 438972   64.50000  251   42   65.99999   64.00000  3.03%  15.2  862s
 1632462 444262   64.60000  207   36   65.99999   64.00000  3.03%  15.2  872s
 1664494 444443   64.00000  226   38   65.99999   64.00000  3.03%  15.2  877s
 1665447 451422   64.50000  227   38   65.99999   64.00000  3.03%  15.2  886s
 1697479 451446     cutoff  234        65.99999   64.00000  3.03%  15.2  892s
 1697799 455878   64.50000  188   41   65.99999   64.00000  3.03%  15.2  902s
 1729831 456055     cutoff  286        65.99999   64.00000  3.03%  15.2  908s
 1730758 462910   64.50000  177   38   65.99999   64.00000  3.03%  15.2  917s
 1762790 462936   65.00000  180   59   65.99999   64.00000  3.03%  15.2  922s
 1763362 467679   64.00000  198   40   65.99999   64.00000  3.03%  15.2  932s
 1795303 468070 infeasible  225        65.99999   64.00000  3.03%  15.2  938s
 1796709 474555     cutoff  241        65.99999   64.00000  3.03%  15.2  947s
 1828741 474685     cutoff  273        65.99999   64.00000  3.03%  15.2  952s
 1829682 479059     cutoff  274        65.99999   64.00000  3.03%  15.2  962s
 1861681 479499     cutoff  247        65.99999   64.00000  3.03%  15.2  969s
 1864182 482992   64.00000  268   38   65.99999   64.00000  3.03%  15.2  979s
 1896214 483324     cutoff  230        65.99999   64.00000  3.03%  15.3  984s
 1899050 488306 infeasible  237        65.99999   64.00000  3.03%  15.3  993s
 1931082 488324   64.50000  240   54   65.99999   64.00000  3.03%  15.3  999s
 1932227 491157   64.50000  241   56   65.99999   64.00000  3.03%  15.3 1009s
 1964259 491617     cutoff  255        65.99999   64.00000  3.03%  15.3 1015s
 1966723 496029     cutoff  230        65.99999   64.00000  3.03%  15.3 1024s
 1998755 496016     cutoff  272        65.99999   64.00000  3.03%  15.3 1030s
 1999741 499158     cutoff  272        65.99999   64.00000  3.03%  15.3 1040s
 2031773 499510     cutoff  261        65.99999   64.00000  3.03%  15.3 1046s
 2033683 504533   65.00000  260   46   65.99999   64.00000  3.03%  15.3 1055s
 2065715 504627 infeasible  239        65.99999   64.00000  3.03%  15.3 1060s
 2067055 508091     cutoff  220        65.99999   64.00000  3.03%  15.3 1070s
 2099087 508101   64.75000  259   43   65.99999   64.00000  3.03%  15.4 1082s
 2099137 512115     cutoff  260        65.99999   64.00000  3.03%  15.4 1091s
 2131169 512128     cutoff  229        65.99999   64.00000  3.03%  15.4 1099s
 2131217 517910     cutoff  230        65.99999   64.00000  3.03%  15.4 1107s
 2163249 517906     cutoff  233        65.99999   64.00000  3.03%  15.4 1115s
 2163316 521577 infeasible  230        65.99999   64.00000  3.03%  15.4 1123s
 2195348 521569     cutoff  195        65.99999   64.00000  3.03%  15.4 1131s
 2195417 526542   65.75000  196   43   65.99999   64.00000  3.03%  15.4 1139s
 2227449 526547   65.00000  265   42   65.99999   64.00000  3.03%  15.4 1146s
 2227504 532733     cutoff  266        65.99999   64.00000  3.03%  15.4 1153s
 2259536 532728 infeasible  239        65.99999   64.00000  3.03%  15.4 1161s
 2259602 537405 infeasible  238        65.99999   64.00000  3.03%  15.4 1169s
 2291634 537414   64.75000  234   51   65.99999   64.00000  3.03%  15.4 1176s
 2291686 542899     cutoff  235        65.99999   64.00000  3.03%  15.4 1183s
 2323718 542894     cutoff  236        65.99999   64.00000  3.03%  15.4 1191s
 2323784 547789     cutoff  248        65.99999   64.00000  3.03%  15.4 1199s
 2355816 547794     cutoff  207        65.99999   64.00000  3.03%  15.4 1207s
 2355872 554032   64.50000  205   39   65.99999   64.00000  3.03%  15.4 1214s
 2387904 554033   65.06250  286   49   65.99999   64.00000  3.03%  15.4 1221s
 2387964 557457   65.75000  286   46   65.99999   64.00000  3.03%  15.4 1229s
 2419996 557458     cutoff  271        65.99999   64.00000  3.03%  15.4 1236s
 2420056 561748   65.75000  269   40   65.99999   64.00000  3.03%  15.4 1244s
 2435071 561748 infeasible  214        65.99999   64.00000  3.03%  15.4 1245s
 2452088 561757   64.50000  229   43   65.99999   64.00000  3.03%  15.4 1252s
 2452139 567387   64.50000  230   42   65.99999   64.00000  3.03%  15.4 1259s
 2484171 567394   65.25000  245   43   65.99999   64.00000  3.03%  15.4 1267s
 2484223 571400     cutoff  246        65.99999   64.00000  3.03%  15.4 1275s
 2516255 571413     cutoff  242        65.99999   64.00000  3.03%  15.4 1283s
 2516303 577148     cutoff  243        65.99999   64.00000  3.03%  15.4 1289s
 2548335 577162   65.25000  229   53   65.99999   64.00000  3.03%  15.4 1297s
 2548384 581923   65.25000  230   49   65.99999   64.00000  3.03%  15.4 1306s
 2580416 581931   64.00000  230   44   65.99999   64.00000  3.03%  15.4 1317s
 2580469 585546   64.00000  231   42   65.99999   64.00000  3.03%  15.4 1325s
 2612501 585555   64.25000  219   44   65.99999   64.00000  3.03%  15.4 1333s
 2612553 590045   64.25000  220   44   65.99999   64.00000  3.03%  15.4 1340s
 2644585 590046 infeasible  272        65.99999   64.00000  3.03%  15.4 1348s
 2644646 593062 infeasible  272        65.99999   64.00000  3.03%  15.4 1355s
 2676678 593065   65.00000  196   44   65.99999   64.00000  3.03%  15.4 1363s
 2676735 598182     cutoff  197        65.99999   64.00000  3.03%  15.4 1370s
 2708767 598172 infeasible  266        65.99999   64.00000  3.03%  15.4 1378s
 2708835 601509     cutoff  265        65.99999   64.00000  3.03%  15.4 1386s
 2740867 601523   64.75000  167   65   65.99999   64.00000  3.03%  15.4 1394s
 2740913 605399   64.75000  168   65   65.99999   64.00000  3.03%  15.4 1403s
 2772945 605402 infeasible  289        65.99999   64.00000  3.03%  15.4 1411s
 2773002 610749   65.25000  288   45   65.99999   64.00000  3.03%  15.4 1417s
 2805034 610756     cutoff  255        65.99999   64.00000  3.03%  15.4 1425s
 2805088 614870     cutoff  256        65.99999   64.00000  3.03%  15.4 1434s
 2828111 614870   64.00000  223   54   65.99999   64.00000  3.03%  15.4 1435s
 2837120 614871   64.00000  217   27   65.99999   64.00000  3.03%  15.4 1442s
 2837177 620529     cutoff  218        65.99999   64.00000  3.03%  15.4 1449s
 2869209 620540   64.00000  237   31   65.99999   64.00000  3.03%  15.4 1456s
 2869259 625053     cutoff  238        65.99999   64.00000  3.03%  15.4 1464s
 2901291 625115   64.50000  225   46   65.99999   64.00000  3.03%  15.4 1471s
 2901572 631269 infeasible  226        65.99999   64.00000  3.03%  15.4 1480s
 2933604 631509   64.50000  197   50   65.99999   64.00000  3.03%  15.4 1486s
 2934985 635987     cutoff  198        65.99999   64.00000  3.03%  15.4 1496s
 2967017 636268   64.75000  248   40   65.99999   64.00000  3.03%  15.4 1502s
 2968392 643205   64.08444  269   27   65.99999   64.00000  3.03%  15.4 1512s
 3000424 643233   65.50000  227   52   65.99999   64.00000  3.03%  15.4 1517s
 3001139 648242     cutoff  228        65.99999   64.00000  3.03%  15.4 1528s
 3033171 648364     cutoff  256        65.99999   64.00000  3.03%  15.4 1534s
 3034062 654144   65.00000  251   60   65.99999   64.00000  3.03%  15.4 1543s
 3066094 654132   64.00000  227   44   65.99999   64.00000  3.03%  15.4 1553s
 3066169 659016   64.08333  228   46   65.99999   64.00000  3.03%  15.4 1563s
 3098201 659173   64.25000  194   48   65.99999   64.00000  3.03%  15.4 1570s
 3098894 664073   64.25000  195   49   65.99999   64.00000  3.03%  15.4 1580s
 3130926 664144   64.25000  222   39   65.99999   64.00000  3.03%  15.4 1586s
 3131716 669812   65.93421  223   44   65.99999   64.00000  3.03%  15.4 1595s
 3163748 669826   64.00000  245   34   65.99999   64.00000  3.03%  15.4 1600s
 3164892 673719 infeasible  246        65.99999   64.00000  3.03%  15.4 1610s
 3196924 674036   65.08333  226   45   65.99999   64.00000  3.03%  15.4 1616s
 3198472 678797     cutoff  223        65.99999   64.00000  3.03%  15.4 1625s
 3230504 678880 infeasible  246        65.99999   64.00000  3.03%  15.4 1630s
 3231526 683079   65.08823  215   53   65.99999   64.00000  3.03%  15.4 1641s
 3263558 683170     cutoff  242        65.99999   64.00000  3.03%  15.4 1647s
 3264554 686992 infeasible  240        65.99999   64.00000  3.03%  15.4 1657s
 3296586 687176   64.66667  239   47   65.99999   64.00000  3.03%  15.4 1663s
 3297464 692362   65.25000  239   40   65.99999   64.00000  3.03%  15.4 1672s
 3329496 692346     cutoff  249        65.99999   64.00000  3.03%  15.4 1679s
 3330144 695685   65.25000  248   35   65.99999   64.00000  3.03%  15.4 1689s
 3362176 695873 infeasible  214        65.99999   64.00000  3.03%  15.4 1695s
 3363455 699443     cutoff  273        65.99999   64.00000  3.03%  15.4 1705s
 3395487 699529 infeasible  258        65.99999   64.00000  3.03%  15.4 1711s
 3396350 704632   65.74999  267   51   65.99999   64.00000  3.03%  15.4 1720s
 3428382 704885   64.25000  243   37   65.99999   64.00000  3.03%  15.4 1726s
 3429832 708758     cutoff  239        65.99999   64.00000  3.03%  15.4 1736s
 3461864 709049   64.75000  240   43   65.99999   64.00000  3.03%  15.4 1742s
 3463279 714251     cutoff  213        65.99999   64.00000  3.03%  15.4 1751s
 3495311 714335     cutoff  224        65.99999   64.00000  3.03%  15.4 1757s
 3496402 718288   64.50000  226   47   65.99999   64.00000  3.03%  15.4 1768s
 3528434 718457     cutoff  248        65.99999   64.00000  3.03%  15.5 1775s
 3529484 724220   65.00000  250   36   65.99999   64.00000  3.03%  15.5 1784s
 3561516 724207   64.25000  241   52   65.99999   64.00000  3.03%  15.4 1793s
 3561588 727682   64.25000  242   44   65.99999   64.00000  3.03%  15.4 1803s
 3593620 727864 infeasible  224        65.99999   64.00000  3.03%  15.5 1809s
 3594576 731356 infeasible  245        65.99999   64.00000  3.03%  15.5 1819s
 3616598 731356 infeasible  246        65.99999   64.00000  3.03%  15.5 1820s
 3626608 731547   65.00000  268   39   65.99999   64.00000  3.03%  15.5 1825s
 3627760 735065   65.00000  269   44   65.99999   64.00000  3.03%  15.5 1835s
 3659792 735269     cutoff  236        65.99999   64.00000  3.03%  15.5 1841s
 3661040 741344     cutoff  258        65.99999   64.00000  3.03%  15.5 1850s
 3693072 741362   65.00000  205   57   65.99999   64.00000  3.03%  15.5 1856s
 3693746 744832     cutoff  206        65.99999   64.00000  3.03%  15.5 1866s
 3725778 744890   65.50000  223   43   65.99999   64.00000  3.03%  15.5 1872s
 3726243 750425     cutoff  224        65.99999   64.00000  3.03%  15.5 1881s
 3758275 750677   64.00000  236   41   65.99999   64.00000  3.03%  15.5 1887s
 3759198 754588   64.75000  241   38   65.99999   64.00000  3.03%  15.5 1897s
 3791230 754744   64.50000  235   39   65.99999   64.00000  3.03%  15.5 1905s
 3792268 757649   64.50000  236   39   65.99999   64.00000  3.03%  15.5 1915s
 3824300 757811   64.75000  233   45   65.99999   64.00000  3.03%  15.5 1921s
 3825536 762636     cutoff  255        65.99999   64.00000  3.03%  15.5 1930s
 3857568 762647   64.93750  248   55   65.99999   64.00000  3.03%  15.5 1935s
 3858164 766588 infeasible  249        65.99999   64.00000  3.03%  15.5 1946s
 3890196 766702   64.25000  235   38   65.99999   64.00000  3.03%  15.5 1952s
 3891090 771667     cutoff  239        65.99999   64.00000  3.03%  15.5 1961s
 3923122 771657   64.00000  268   42   65.99999   64.00000  3.03%  15.5 1969s
 3923192 775770 infeasible  269        65.99999   64.00000  3.03%  15.5 1977s
 3955224 775788   64.50000  222   44   65.99999   64.00000  3.03%  15.5 1984s
 3955270 780387   64.56250  223   50   65.99999   64.00000  3.03%  15.5 1993s
 3987302 780399 infeasible  260        65.99999   64.00000  3.03%  15.5 2001s
 3987352 786227 infeasible  259        65.99999   64.00000  3.03%  15.5 2008s
 4019384 786236     cutoff  227        65.99999   64.00000  3.03%  15.5 2018s
 4019434 789210     cutoff  228        65.99999   64.00000  3.03%  15.5 2027s
 4051466 789212   64.00000  247   35   65.99999   64.00000  3.03%  15.5 2036s
 4051523 792115   64.25000  248   36   65.99999   64.00000  3.03%  15.5 2044s
 4083555 792129     cutoff  230        65.99999   64.00000  3.03%  15.6 2052s
 4083600 796892     cutoff  250        65.99999   64.00000  3.03%  15.6 2059s
 4115632 796908     cutoff  235        65.99999   64.00000  3.03%  15.6 2067s
 4115675 800250 infeasible  247        65.99999   64.00000  3.03%  15.6 2075s
 4147707 800243     cutoff  249        65.99999   64.00000  3.03%  15.6 2084s
 4147773 803733     cutoff  249        65.99999   64.00000  3.03%  15.6 2092s
 4179805 803747   65.25000  224   47   65.99999   64.00000  3.03%  15.6 2100s
 4179855 809081 infeasible  225        65.99999   64.00000  3.03%  15.6 2106s
 4211887 809090     cutoff  237        65.99999   64.00000  3.03%  15.6 2114s
 4211937 812710     cutoff  238        65.99999   64.00000  3.03%  15.6 2124s
 4243969 812720     cutoff  253        65.99999   64.00000  3.03%  15.6 2132s
 4244020 818329   64.25000  251   37   65.99999   64.00000  3.03%  15.6 2140s
 4276052 818318     cutoff  239        65.99999   64.00000  3.03%  15.6 2148s
 4276125 822064 infeasible  245        65.99999   64.00000  3.03%  15.6 2157s
 4308157 822071   65.00000  256   36   65.99999   64.00000  3.03%  15.6 2164s
 4308214 826328   65.08333  257   43   65.99999   64.00000  3.03%  15.6 2172s
 4340246 826346   64.00000  249   44   65.99999   64.00000  3.03%  15.6 2180s
 4340289 832315   64.00000  250   43   65.99999   64.00000  3.03%  15.6 2187s
 4372321 832329     cutoff  248        65.99999   64.00000  3.03%  15.6 2194s
 4372366 838682   64.00000  205   35   65.99999   64.00000  3.03%  15.6 2204s
 4392386 838682     cutoff  237        65.99999   64.00000  3.03%  15.6 2205s
 4404398 838703   64.75000  217   43   65.99999   64.00000  3.03%  15.6 2213s
 4404441 846390   64.75000  218   42   65.99999   64.00000  3.03%  15.6 2220s
 4436473 846394   65.75000  221   51   65.99999   64.00000  3.03%  15.6 2231s
 4436527 850994 infeasible  222        65.99999   64.00000  3.03%  15.6 2239s
 4468559 851011   64.00000  234   42   65.99999   64.00000  3.03%  15.6 2248s
 4468603 855033 infeasible  235        65.99999   64.00000  3.03%  15.6 2256s
 4500635 855045   64.00000  248   41   65.99999   64.00000  3.03%  15.6 2263s
 4500684 860104   64.00000  249   42   65.99999   64.00000  3.03%  15.6 2270s
 4532716 860119   64.00000  243   45   65.99999   64.00000  3.03%  15.6 2278s
 4532764 863806   64.00000  243   41   65.99999   64.00000  3.03%  15.6 2286s
 4564796 863813     cutoff  251        65.99999   64.00000  3.03%  15.6 2294s
 4564850 869901   64.00625  247   55   65.99999   64.00000  3.03%  15.6 2301s
 4596882 869891   65.75000  210   55   65.99999   64.00000  3.03%  15.6 2309s
 4596955 873830   65.75000  211   51   65.99999   64.00000  3.03%  15.6 2317s
 4628987 873830   64.00000  236   58   65.99999   64.00000  3.03%  15.6 2325s
 4629047 877922   64.00000  237   54   65.99999   64.00000  3.03%  15.6 2333s
 4661079 877931     cutoff  227        65.99999   64.00000  3.03%  15.6 2341s
 4661130 883169   64.72045  228   47   65.99999   64.00000  3.03%  15.6 2348s
 4693162 883191   64.00000  244   41   65.99999   64.00000  3.03%  15.6 2356s
 4693201 887320 infeasible  245        65.99999   64.00000  3.03%  15.6 2364s
 4725233 887340   64.00000  181   38   65.99999   64.00000  3.03%  15.6 2372s
 4725274 892700   64.00000  182   42   65.99999   64.00000  3.03%  15.6 2379s
 4757306 892693   64.00000  233   41   65.99999   64.00000  3.03%  15.6 2387s
 4757371 896841 infeasible  234        65.99999   64.00000  3.03%  15.6 2396s
 4789403 896838     cutoff  255        65.99999   64.00000  3.03%  15.6 2404s
 4789468 900182   64.00000  253   37   65.99999   64.00000  3.03%  15.6 2412s
 4821500 900195   64.00000  246   36   65.99999   64.00000  3.03%  15.7 2420s
 4821549 905875     cutoff  247        65.99999   64.00000  3.03%  15.7 2428s
 4853581 905880     cutoff  255        65.99999   64.00000  3.03%  15.6 2436s
 4853638 909693     cutoff  256        65.99999   64.00000  3.03%  15.6 2444s
 4885670 909703   64.00000  224   41   65.99999   64.00000  3.03%  15.7 2452s
 4885721 913868     cutoff  225        65.99999   64.00000  3.03%  15.7 2464s
 4917753 913877   64.00000  267   46   65.99999   64.00000  3.03%  15.7 2471s
 4917805 919730   64.00000  267   42   65.99999   64.00000  3.03%  15.7 2478s
 4949837 919729     cutoff  255        65.99999   64.00000  3.03%  15.7 2486s
 4949901 923012     cutoff  256        65.99999   64.00000  3.03%  15.7 2494s
 4981933 923022 infeasible  260        65.99999   64.00000  3.03%  15.7 2502s
 4981981 927024 infeasible  259        65.99999   64.00000  3.03%  15.7 2510s
 5014013 927023     cutoff  226        65.99999   64.00000  3.03%  15.7 2519s
 5014070 931426     cutoff  227        65.99999   64.00000  3.03%  15.7 2525s
 5046102 931426   64.54342  222   51   65.99999   64.00000  3.03%  15.7 2533s
 5046154 934576   64.65833  223   50   65.99999   64.00000  3.03%  15.7 2543s
 5078186 934636   65.00000  242   40   65.99999   64.00000  3.03%  15.7 2549s
 5078551 939306   65.50000  243   46   65.99999   64.00000  3.03%  15.7 2558s
 5110583 939304     cutoff  240        65.99999   64.00000  3.03%  15.7 2565s
 5110773 943158     cutoff  234        65.99999   64.00000  3.03%  15.7 2575s
 5142805 943268 infeasible  214        65.99999   64.00000  3.03%  15.7 2581s
 5143323 948051   64.00000  226   35   65.99999   64.00000  3.03%  15.7 2590s
 5175355 948042     cutoff  183        65.99999   64.00000  3.03%  15.7 2597s
 5175606 952029   64.81818  184   39   65.99999   64.00000  3.03%  15.7 2607s
 5207638 952252 infeasible  240        65.99999   64.00000  3.03%  15.7 2613s
 5208304 957669     cutoff  263        65.99999   64.00000  3.03%  15.7 2624s
 5240336 957788   64.00000  104   55   65.99999   64.00000  3.03%  15.7 2630s
 5241008 964014     cutoff  211        65.99999   64.00000  3.03%  15.7 2639s
 5273040 964012     cutoff  212        65.99999   64.00000  3.03%  15.7 2648s
 5273097 969578   65.00000  211   34   65.99999   64.00000  3.03%  15.7 2659s
 5305129 969600     cutoff  246        65.99999   64.00000  3.03%  15.7 2665s
 5305362 974846   64.50000  234   36   65.99999   64.00000  3.03%  15.7 2674s
 5337394 974925     cutoff  239        65.99999   64.00000  3.03%  15.7 2680s
 5337803 980188   65.00000  238   39   65.99999   64.00000  3.03%  15.7 2691s
 5369835 980325   65.25000  238   37   65.99999   64.00000  3.03%  15.7 2697s
 5370432 986097   65.25000  239   35   65.99999   64.00000  3.03%  15.7 2706s
 5402464 986161   64.50000  246   33   65.99999   64.00000  3.03%  15.7 2712s
 5403030 990350   64.50000  247   36   65.99999   64.00000  3.03%  15.7 2723s
 5435062 990479   65.75000  275   46   65.99999   64.00000  3.03%  15.7 2730s
 5435633 995556     cutoff  276        65.99999   64.00000  3.03%  15.7 2739s
 5467665 995578   64.00000  259   37   65.99999   64.00000  3.03%  15.6 2746s
 5467912 999584     cutoff  260        65.99999   64.00000  3.03%  15.6 2756s
 5499944 999719   64.25000  225   42   65.99999   64.00000  3.03%  15.7 2763s
 5500758 1004835     cutoff  226        65.99999   64.00000  3.03%  15.7 2772s
 5532790 1004857     cutoff  268        65.99999   64.00000  3.03%  15.6 2779s
 5533148 1008645   65.00000  228   47   65.99999   64.00000  3.03%  15.6 2790s
 5565180 1008716     cutoff  279        65.99999   64.00000  3.03%  15.7 2795s
 5565798 1013832   65.25000  277   51   65.99999   64.00000  3.03%  15.7 2804s
 5567800 1013832   64.20454  217   56   65.99999   64.00000  3.03%  15.7 2805s
 5597830 1013890     cutoff  226        65.99999   64.00000  3.03%  15.7 2810s
 5598629 1017959   65.80000  226   45   65.99999   64.00000  3.03%  15.7 2820s
 5630661 1018017     cutoff  228        65.99999   64.00000  3.03%  15.7 2826s
 5630976 1021892     cutoff  229        65.99999   64.00000  3.03%  15.7 2835s
 5663008 1021889   64.50000  273   31   65.99999   64.00000  3.03%  15.6 2841s
 5663500 1024635     cutoff  277        65.99999   64.00000  3.03%  15.6 2851s
 5695532 1024685   64.00000  220   44   65.99999   64.00000  3.03%  15.6 2857s
 5695854 1028579   64.00000  221   40   65.99999   64.00000  3.03%  15.6 2867s
 5727886 1028718     cutoff  230        65.99999   64.00000  3.03%  15.7 2873s
 5728514 1032970   65.50000  228   38   65.99999   64.00000  3.03%  15.7 2885s
 5760546 1032969   64.00000  236   39   65.99999   64.00000  3.03%  15.6 2891s
 5761145 1036465     cutoff  294        65.99999   64.00000  3.03%  15.6 2901s
 5793177 1036531     cutoff  234        65.99999   64.00000  3.03%  15.7 2907s
 5793613 1042006     cutoff  232        65.99999   64.00000  3.03%  15.7 2916s
 5825645 1042033   65.68636  234   56   65.99999   64.00000  3.03%  15.6 2922s
 5826001 1045851     cutoff  235        65.99999   64.00000  3.03%  15.6 2933s
 5858033 1046023   65.57418  263   51   65.99999   64.00000  3.03%  15.6 2939s
 5858704 1050470   64.00000  263   36   65.99999   64.00000  3.03%  15.6 2948s
 5890736 1050500   64.00000  260   36   65.99999   64.00000  3.03%  15.6 2953s
 5890949 1053839 infeasible  264        65.99999   64.00000  3.03%  15.6 2964s
 5922981 1053990     cutoff  260        65.99999   64.00000  3.03%  15.6 2969s
 5923531 1057572     cutoff  284        65.99999   64.00000  3.03%  15.6 2980s
 5955563 1057633     cutoff  243        65.99999   64.00000  3.03%  15.7 2986s
 5956159 1061885   64.62500  257   41   65.99999   64.00000  3.03%  15.7 2995s
 5988191 1061955 infeasible  240        65.99999   64.00000  3.03%  15.6 3000s
 5988569 1064920   65.00000  239   43   65.99999   64.00000  3.03%  15.6 3011s
 6020601 1064966   64.00000  218   46   65.99999   64.00000  3.03%  15.6 3017s
 6020829 1069920   65.00000  219   44   65.99999   64.00000  3.03%  15.6 3026s
 6052861 1069946     cutoff  239        65.99999   64.00000  3.03%  15.6 3032s
 6053061 1073384 infeasible  240        65.99999   64.00000  3.03%  15.6 3042s
 6085093 1073450   64.00000  213   43   65.99999   64.00000  3.03%  15.6 3048s
 6085439 1079202   65.00000  218   34   65.99999   64.00000  3.03%  15.6 3057s
 6117471 1079194   64.00000  261   37   65.99999   64.00000  3.03%  15.6 3063s
 6117638 1082320   64.00000  262   49   65.99999   64.00000  3.03%  15.6 3078s
 6149670 1082372   64.50000  270   56   65.99999   64.00000  3.03%  15.6 3084s
 6150063 1086044   64.58333  271   56   65.99999   64.00000  3.03%  15.6 3094s
 6182095 1086083     cutoff  261        65.99999   64.00000  3.03%  15.7 3100s
 6182366 1090798     cutoff  264        65.99999   64.00000  3.03%  15.7 3109s
 6214398 1090794   64.25000  208   43   65.99999   64.00000  3.03%  15.6 3116s
 6214630 1094584   64.25000  209   43   65.99999   64.00000  3.03%  15.6 3126s
 6246662 1094683   64.00000  234   42   65.99999   64.00000  3.03%  15.7 3132s
 6247154 1099800   64.00000  235   37   65.99999   64.00000  3.03%  15.7 3141s
 6279186 1099844   64.25000  302   33   65.99999   64.00000  3.03%  15.6 3148s
 6279478 1103289 infeasible  303        65.99999   64.00000  3.03%  15.6 3158s
 6311510 1103312   64.75000  239   34   65.99999   64.00000  3.03%  15.6 3164s
 6311682 1107031   65.25800  244   56   65.99999   64.00000  3.03%  15.6 3174s
 6343714 1107068   64.00000  275   36   65.99999   64.00000  3.03%  15.7 3180s
 6344021 1112979   64.01266  276   58   65.99999   64.00000  3.03%  15.7 3188s
 6376053 1112990   64.25000  251   40   65.99999   64.00000  3.03%  15.6 3197s
 6376101 1116889   64.25000  252   40   65.99999   64.00000  3.03%  15.6 3206s
 6408133 1116894 infeasible  248        65.99999   64.00000  3.03%  15.7 3214s
 6408191 1122608   65.81522  248   47   65.99999   64.00000  3.03%  15.7 3222s
 6440223 1122620   65.00000  229   43   65.99999   64.00000  3.03%  15.6 3229s
 6440272 1127489 infeasible  230        65.99999   64.00000  3.03%  15.6 3238s
 6472304 1127486 infeasible  280        65.99999   64.00000  3.03%  15.6 3246s
 6472366 1131421     cutoff  252        65.99999   64.00000  3.03%  15.6 3254s
 6474368 1131421   64.00000  235   45   65.99999   64.00000  3.03%  15.6 3255s
 6504398 1131430     cutoff  252        65.99999   64.00000  3.03%  15.7 3263s
 6504449 1136199     cutoff  250        65.99999   64.00000  3.03%  15.7 3269s
 6536481 1136206   65.75000  265   36   65.99999   64.00000  3.03%  15.6 3277s
 6536534 1139652 infeasible  266        65.99999   64.00000  3.03%  15.6 3286s
 6568566 1139661   64.00000  228   41   65.99999   64.00000  3.03%  15.7 3295s
 6568611 1144451   64.00000  229   40   65.99999   64.00000  3.03%  15.7 3301s
 6600643 1144466   64.28646  248   43   65.99999   64.00000  3.03%  15.6 3309s
 6600686 1148088 infeasible  249        65.99999   64.00000  3.03%  15.6 3317s
 6632718 1148095   64.57812  250   48   65.99999   64.00000  3.03%  15.7 3325s
 6632772 1152136   64.50000  247   38   65.99999   64.00000  3.03%  15.7 3332s
 6664804 1152152 infeasible  273        65.99999   64.00000  3.03%  15.6 3341s
 6664849 1154919   64.00000  261   45   65.99999   64.00000  3.03%  15.6 3349s
 6696881 1154926     cutoff  276        65.99999   64.00000  3.03%  15.6 3357s
 6696936 1159758   65.75000  276   36   65.99999   64.00000  3.03%  15.6 3364s
 6728968 1159741   64.25000  248   42   65.99999   64.00000  3.03%  15.6 3375s
 6729047 1162654   64.50000  249   36   65.99999   64.00000  3.03%  15.6 3383s
 6761079 1162668     cutoff  262        65.99999   64.00000  3.03%  15.6 3392s
 6761127 1166588     cutoff  262        65.99999   64.00000  3.03%  15.6 3400s
 6793159 1166604     cutoff  277        65.99999   64.00000  3.03%  15.7 3408s
 6793203 1172118   64.00000  278   34   65.99999   64.00000  3.03%  15.7 3415s
 6825235 1172113   64.00625  275   42   65.99999   64.00000  3.03%  15.6 3423s
 6825294 1175874 infeasible  276        65.99999   64.00000  3.03%  15.6 3432s
 6857222 1175870   64.25000  236   54   65.99999   64.00000  3.03%  15.6 3440s
 6857285 1178987   64.25000  237   54   65.99999   64.00000  3.03%  15.6 3448s
 6889317 1178995   64.00000  287   36   65.99999   64.00000  3.03%  15.7 3456s
 6889371 1182504   64.70833  288   39   65.99999   64.00000  3.03%  15.7 3464s
 6921403 1182511 infeasible  309        65.99999   64.00000  3.03%  15.7 3472s
 6921458 1186638   64.80312  307   60   65.99999   64.00000  3.03%  15.7 3478s
 6953490 1186644   65.75000  273   37   65.99999   64.00000  3.03%  15.7 3487s
 6953544 1189809     cutoff  274        65.99999   64.00000  3.03%  15.7 3496s
 6985576 1189816 infeasible  267        65.99999   64.00000  3.03%  15.7 3505s
 6985630 1193177 infeasible  266        65.99999   64.00000  3.03%  15.7 3513s
 7017662 1193185   64.25000  221   48   65.99999   64.00000  3.03%  15.7 3521s
 7017715 1198491   64.00000  222   48   65.99999   64.00000  3.03%  15.7 3527s
 7049747 1198511     cutoff  238        65.99999   64.00000  3.03%  15.7 3535s
 7049790 1202117   64.50000  239   40   65.99999   64.00000  3.03%  15.7 3543s
 7081822 1202117     cutoff  257        65.99999   64.00000  3.03%  15.7 3551s
 7081879 1207324   65.25000  258   48   65.99999   64.00000  3.03%  15.7 3558s
 7113911 1207315   64.25000  233   37   65.99999   64.00000  3.03%  15.7 3567s
 7113978 1209833     cutoff  234        65.99999   64.00000  3.03%  15.7 3576s
 7146010 1209842 infeasible  264        65.99999   64.00000  3.03%  15.7 3584s
 7146065 1213100   64.50000  263   41   65.99999   64.00000  3.03%  15.7 3592s
 7178097 1213111   64.00000  189   56   65.99999   64.00000  3.03%  15.7 3600s

Cutting planes:
  Learned: 78
  Gomory: 7
  Cover: 402
  Implied bound: 132
  Clique: 156
  MIR: 548
  Flow cover: 586
  GUB cover: 13
  RLT: 56
  Relax-and-lift: 1163

Explored 7178145 nodes (112500433 simplex iterations) in 3600.09 seconds
Thread count was 32 (of 32 available processors)

Solution count 10: 66 66 66 ... 66

Time limit reached
Best objective 6.599999481631e+01, best bound 6.400000000000e+01, gap 3.0303%
