
Gurobi 9.1.2 (linux64) logging started Thu Aug 10 04:43:05 2023

Changed value of parameter LogFile to max-ls_r=('3', '3').log
   Prev:   Default: 
Changed value of parameter MIPFocus to 1
   Prev: 0  Min: 0  Max: 3  Default: 0
Changed value of parameter Threads to 32
   Prev: 0  Min: 0  Max: 1024  Default: 0
Changed value of parameter TimeLimit to 3600.0
   Prev: inf  Min: 0.0  Max: inf  Default: inf
Warning: variable name "X[('6', '6'),('7', '6')]" has a space
Warning: constraint name "flow-constr-t0-v('6', '3')" has a space
Warning: to let Gurobi read it back, use rlp format
Gurobi Optimizer version 9.1.2 build v9.1.2rc0 (linux64)
Thread count: 16 physical cores, 32 logical processors, using up to 32 threads
Optimize a model with 2931 rows, 2688 columns and 10260 nonzeros
Model fingerprint: 0xdfca3c9e
Variable types: 256 continuous, 2432 integer (2432 binary)
Coefficient statistics:
  Matrix range     [1e+00, 7e+04]
  Objective range  [2e-01, 2e-01]
  Bounds range     [1e+00, 3e+04]
  RHS range        [1e+00, 7e+04]
Presolve removed 416 rows and 424 columns
Presolve time: 0.04s
Presolved: 2515 rows, 2264 columns, 17111 nonzeros
Variable types: 252 continuous, 2012 integer (2012 binary)

Root relaxation: objective 6.300000e+01, 157 iterations, 0.00 seconds

    Nodes    |    Current Node    |     Objective Bounds      |     Work
 Expl Unexpl |  Obj  Depth IntInf | Incumbent    BestBd   Gap | It/Node Time

     0     0   63.00000    0   30          -   63.00000      -     -    0s
H    0     0                     754.7500000   63.00000  91.7%     -    0s
H    0     0                     740.7500000   63.00000  91.5%     -    0s
H    0     0                     148.2500000   63.00000  57.5%     -    0s
H    0     0                     147.7500000   63.00000  57.4%     -    0s
H    0     0                     111.2500000   63.00000  43.4%     -    0s
     0     0   63.00000    0   71  111.25000   63.00000  43.4%     -    0s
H    0     0                     108.0000000   63.00000  41.7%     -    0s
     0     0   63.00000    0   71  108.00000   63.00000  41.7%     -    0s
H    0     0                     107.7500000   63.00000  41.5%     -    0s
     0     0   63.00000    0   30  107.75000   63.00000  41.5%     -    0s
H    0     0                     104.7500000   63.00000  39.9%     -    0s
     0     0   63.00000    0   46  104.75000   63.00000  39.9%     -    0s
     0     0   63.00000    0   30  104.75000   63.00000  39.9%     -    0s
     0     0   63.00000    0   30  104.75000   63.00000  39.9%     -    0s
H    0     0                     103.5000000   63.00000  39.1%     -    0s
     0     0   63.00000    0   30  103.50000   63.00000  39.1%     -    0s
H    0     0                     101.2500000   63.00000  37.8%     -    0s
     0     0   63.00000    0   32  101.25000   63.00000  37.8%     -    0s
     0     0   63.00000    0   24  101.25000   63.00000  37.8%     -    0s
H    0     0                      94.2500000   63.00000  33.2%     -    1s
H    0     0                      92.0000000   63.00000  31.5%     -    1s
     0     2   63.00000    0   24   92.00000   63.00000  31.5%     -    1s
H   37    64                      91.5000000   63.00000  31.1%  16.6    1s
H   95   128                      90.0000000   63.00000  30.0%   7.9    4s
H   96   128                      86.6071429   63.00000  27.3%   7.9    4s
H  115   128                      83.2500000   63.00000  24.3%   6.8    4s
H  117   128                      79.7500000   63.00000  21.0%   6.7    4s
H  159   192                      79.5000000   63.00000  20.8%   5.3    6s
H  167   192                      79.2500000   63.00000  20.5%   5.1    6s
H  175   192                      79.0000000   63.00000  20.3%   4.9    6s
H 1030  1085                      78.9999998   63.00000  20.3%  33.3    9s
  1094  4782   63.00000   39   50   79.00000   63.00000  20.3%  31.5   10s
H 1455  4782                      78.7500000   63.00000  20.0%  27.0   10s
H 1688  4782                      77.0000000   63.00000  18.2%  24.4   10s
H 4920  4732                      75.0000000   63.00000  16.0%  13.5   12s
H 4923  4714                      74.2500000   63.00000  15.2%  13.5   12s
H 4930  4714                      74.2000000   63.00000  15.1%  13.5   12s
H 4982  5486                      73.9499996   63.00000  14.8%  13.4   14s
H 5036  5481                      73.7500000   63.00000  14.6%  13.2   14s
H 5090  5481                      73.5000000   63.00000  14.3%  13.1   14s
H 5144  5472                      73.0000000   63.00000  13.7%  13.2   14s
  5823  6595   63.00000  174   42   73.00000   63.00000  13.7%  12.1   15s
H 9659 11864                      72.9999999   63.00000  13.7%  11.1   17s
H13047 11888                      72.9999996   63.00000  13.7%   9.9   20s
 13194 11993   63.00000   19   53   73.00000   63.00000  13.7%  11.1   27s
H13317 11452                      72.9999990   63.00000  13.7%  11.1   29s
 13579 11654   63.00000   25   63   73.00000   63.00000  13.7%  11.0   31s
 14998 15502   63.00000   46   63   73.00000   63.00000  13.7%  10.6   35s
 21652 16320   72.00000  149   46   73.00000   63.00000  13.7%   9.8   40s
H21660 15066                      72.0000000   63.00000  12.5%   9.8   40s
H22173 15718                      71.7500000   63.00000  12.2%   9.7   41s
H22451 15116                      71.5833333   63.00000  12.0%   9.7   41s
H22699 14529                      71.5000000   63.00000  11.9%   9.7   41s
H23407 13789                      71.2500000   63.00000  11.6%   9.6   43s
 23418 16909   63.50000   45   63   71.25000   63.00000  11.6%   9.6   45s
H23500 16444                      71.0833333   63.00000  11.4%   9.6   45s
H23665 15888                      71.0000000   63.00000  11.3%   9.6   45s
H26962 14376                      70.9999999   63.00000  11.3%   9.2   47s
H26965 14000                      70.9999998   63.00000  11.3%   9.2   47s
H26966 13559                      70.7500000   63.00000  11.0%   9.2   47s
H27000 14792                      70.2500000   63.00000  10.3%   9.2   47s
H28726 13819                      70.0000000   63.00000  10.0%   9.1   47s
 29198 19843   63.00000   31   48   70.00000   63.00000  10.0%   9.0   50s
 40831 22280   69.75000  138   64   70.00000   63.00000  10.0%   9.1   55s
 46371 26138   63.00000  125   79   70.00000   63.00000  10.0%   9.2   61s
H46382 26138                      70.0000000   63.00000  10.0%   9.2   61s
 51275 34004   65.00000  207   74   70.00000   63.00000  10.0%   9.2   66s
H56409 34033                      69.9999999   63.00000  10.0%   9.5   69s
 56431 36964   63.00000   71   65   70.00000   63.00000  10.0%   9.5   71s
H56783 36964                      69.9999999   63.00000  10.0%   9.5   71s
H59863 36964                      69.9999999   63.00000  10.0%   9.6   71s
 65594 41170   69.50000  152   82   70.00000   63.00000  10.0%   9.9   76s
 69134 57229   63.00000  134   52   70.00000   63.00000  10.0%  10.1   82s
 87784 57253   63.75000  149   66   70.00000   63.00000  10.0%  10.0   86s
 94650 62985   65.00000  401   58   70.00000   63.00000  10.0%  10.0   93s
 94713 88362   65.00000  402   61   70.00000   63.00000  10.0%  10.0  100s
 126745 88389   63.00000  142   66   70.00000   63.00000  10.0%  10.0  105s
H126764 88389                      69.9999963   63.00000  10.0%  10.0  105s
 126781 113396   63.00000  143   68   70.00000   63.00000  10.0%  10.0  112s
 158813 114170   63.75000  154   72   70.00000   63.00000  10.0%   9.6  115s
 159891 139085   63.75000  168   68   70.00000   63.00000  10.0%   9.6  123s
 191923 139520   63.00000  129   48   70.00000   63.00000  10.0%   9.4  126s
 192581 164726   64.25000  130   50   70.00000   63.00000  10.0%   9.4  134s
 218607 164726   63.00000  145   65   70.00000   63.00000  10.0%   9.1  135s
 225114 189783   63.00000  131   50   70.00000   63.00000  10.0%   9.1  152s
 257146 190054   63.50000  237   52   70.00000   63.00000  10.0%   9.0  155s
 257504 215626   64.25000  244   51   70.00000   63.00000  10.0%   9.0  163s
 289536 215912   67.50000  155   56   70.00000   63.00000  10.0%   9.0  166s
 289978 239194   67.50000  156   56   70.00000   63.00000  10.0%   9.0  174s
 322010 239202   63.50000  136   57   70.00000   63.00000  10.0%   8.9  177s
 322066 265296   63.50000  137   57   70.00000   63.00000  10.0%   8.9  185s
 354173 290759   63.00000  173   72   70.00000   63.00000  10.0%   8.9  196s
 386205 290880   67.50000  431   62   70.00000   63.00000  10.0%   8.8  200s
 386424 313199   67.50000  432   62   70.00000   63.00000  10.0%   8.8  208s
 418456 313228   65.00000  307   56   70.00000   63.00000  10.0%   8.7  211s
 418491 334743   65.00000  305   50   70.00000   63.00000  10.0%   8.7  220s
 450574 355428   63.00000  238   45   70.00000   63.00000  10.0%   8.8  230s
 482606 355454   63.00000  231   49   70.00000   63.00000  10.0%   8.9  236s
 482644 376286   63.00000  232   57   70.00000   63.00000  10.0%   8.9  241s
 514676 376308   68.01979  245   60   70.00000   63.00000  10.0%   9.0  247s
 514717 395283   68.68116  246   71   70.00000   63.00000  10.0%   9.0  252s
 546749 395306   69.00000  253   54   70.00000   63.00000  10.0%   9.0  258s
 546788 415841   69.00000  254   52   70.00000   63.00000  10.0%   9.0  263s
 578820 415871   63.00000  236   68   70.00000   63.00000  10.0%   9.0  266s
 578890 435658   63.00000  237   66   70.00000   63.00000  10.0%   9.0  274s
 610922 435680     cutoff  258        70.00000   63.00000  10.0%   9.1  278s
 610961 456659   69.00000  259   51   70.00000   63.00000  10.0%   9.1  286s
 643034 477496   63.00000  270   59   70.00000   63.00000  10.0%   9.1  296s
 675066 477493   63.00000  324   70   70.00000   63.00000  10.0%   9.1  300s
H675103 477493                      69.9999962   63.00000  10.0%   9.1  300s
 675162 497516   63.00000  321   69   70.00000   63.00000  10.0%   9.1  306s
 707194 497535   66.75000  269   61   70.00000   63.00000  10.0%   9.1  312s
 707239 519413   66.75000  270   61   70.00000   63.00000  10.0%   9.1  318s
 739271 519435   63.00000  264   46   70.00000   63.00000  10.0%   9.2  323s
 739313 538429   63.00000  265   39   70.00000   63.00000  10.0%   9.2  330s
 771381 559580   65.25000  356   63   70.00000   63.00000  10.0%   9.2  341s
 803413 559597   65.67054  341   61   70.00000   63.00000  10.0%   9.3  345s
 803458 578174     cutoff  341        70.00000   63.00000  10.0%   9.3  352s
 835490 578196   67.00000  351   73   70.00000   63.00000  10.0%   9.4  355s
 835530 596495   69.75000  352   62   70.00000   63.00000  10.0%   9.4  368s
 867562 596496   68.75000  291   60   70.00000   63.00000  10.0%   9.4  371s
 867623 613966   68.75000  292   60   70.00000   63.00000  10.0%   9.4  379s
 880636 613966   63.00000  286   37   70.00000   63.00000  10.0%   9.4  380s
 899702 632249   69.50000  297   67   70.00000   63.00000  10.0%   9.5  390s
 931807 651331   63.00000  330   65   70.00000   63.00000  10.0%   9.5  402s
 963839 651351     cutoff  312        70.00000   63.00000  10.0%   9.6  405s
 963882 672485   66.75000  311   55   70.00000   63.00000  10.0%   9.6  413s
 995914 672507     cutoff  380        70.00000   63.00000  10.0%   9.6  416s
 995954 692831   69.00000  380   54   70.00000   63.00000  10.0%   9.6  424s
 1027986 692830   69.75000  283   29   70.00000   63.00000  10.0%   9.6  427s
 1028050 710980   69.75000  284   38   70.00000   63.00000  10.0%   9.6  433s
 1060082 711002   64.00000  285   57   70.00000   63.00000  10.0%   9.7  439s
 1060124 731339   64.50000  284   58   70.00000   63.00000  10.0%   9.7  444s
 1069133 731339   67.25000  256   44   70.00000   63.00000  10.0%   9.7  445s
 1092156 731361   64.00000  292   64   70.00000   63.00000  10.0%   9.7  450s
 1092194 751063   66.00000  293   62   70.00000   63.00000  10.0%   9.7  456s
 1124280 770141   63.00000  228   38   70.00000   63.00000  10.0%   9.7  467s
 1156312 770166     cutoff  306        70.00000   63.00000  10.0%   9.7  470s
 1156350 788358   69.75000  303   60   70.00000   63.00000  10.0%   9.7  477s
 1188382 788385   65.75000  307   47   70.00000   63.00000  10.0%   9.8  481s
 1188417 807766   65.75000  308   45   70.00000   63.00000  10.0%   9.8  487s
 1220449 807726   68.25000  358   51   70.00000   63.00000  10.0%   9.8  491s
 1220552 829315   68.25000  358   51   70.00000   63.00000  10.0%   9.8  498s
 1252584 829344   66.75000  280   69   70.00000   63.00000  10.0%   9.8  502s
 1252618 849567     cutoff  281        70.00000   63.00000  10.0%   9.8  509s
 1284650 849592   63.00000  266   44   70.00000   63.00000  10.0%   9.8  512s
 1284687 871787   65.50000  267   66   70.00000   63.00000  10.0%   9.8  519s
 1316719 871767   63.00000  244   54   70.00000   63.00000  10.0%   9.8  522s
 1316801 892439   66.00000  245   47   70.00000   63.00000  10.0%   9.8  530s
 1348869 913394   64.75000  285   54   70.00000   63.00000  10.0%   9.8  540s
 1380939 933127   68.62500  401   39   70.00000   63.00000  10.0%   9.8  550s
 1413011 953594     cutoff  329        70.00000   63.00000  10.0%   9.8  561s
 1445043 953575     cutoff  301        70.00000   63.00000  10.0%   9.8  565s
 1445126 973915   69.87500  301   52   70.00000   63.00000  10.0%   9.8  574s
 1465146 973915   69.75000  347   42   70.00000   63.00000  10.0%   9.8  575s
 1477223 993087   63.00000  277   34   70.00000   63.00000  10.0%   9.8  584s
 1501247 993087   64.47464  291   80   70.00000   63.00000  10.0%   9.8  585s
 1509299 1012194     cutoff  370        70.00000   63.00000  10.0%   9.8  594s
 1531321 1012194   69.00000  258   53   70.00000   63.00000  10.0%   9.8  595s
 1541420 1030283   65.75000  358   44   70.00000   63.00000  10.0%   9.8  606s
 1573452 1030308 infeasible  297        70.00000   63.00000  10.0%   9.8  610s
 1573491 1048506   65.75000  297   38   70.00000   63.00000  10.0%   9.8  617s
 1605523 1048524   69.25000  328   31   70.00000   63.00000  10.0%   9.8  620s
 1605568 1065237     cutoff  329        70.00000   63.00000  10.0%   9.8  627s
 1637600 1065152   63.50000  285   43   70.00000   63.00000  10.0%   9.8  630s
 1637747 1079333   65.50000  286   41   70.00000   63.00000  10.0%   9.8  637s
 1669779 1079361   63.75000  271   40   70.00000   63.00000  10.0%   9.8  641s
 1669814 1092913   63.75000  272   42   70.00000   63.00000  10.0%   9.8  648s
 1701846 1092926   65.75000  302   29   70.00000   63.00000  10.0%   9.9  651s
 1701897 1105588   63.00000  300   35   70.00000   63.00000  10.0%   9.9  658s
 1733929 1105612   64.00000  302   45   70.00000   63.00000  10.0%   9.9  661s
 1733969 1117845   64.00000  303   43   70.00000   63.00000  10.0%   9.9  668s
 1766001 1117863   67.50000  354   29   70.00000   63.00000  10.0%   9.9  672s
 1766047 1129981     cutoff  355        70.00000   63.00000  10.0%   9.9  680s
 1798131 1143497   66.25000  301   34   70.00000   63.00000  10.0%   9.9  691s
 1830209 1156228     cutoff  341        70.00000   63.00000  10.0%   9.9  702s
 1862241 1156251   67.00000  345   34   70.00000   63.00000  10.0%   9.9  705s
 1862282 1168959   67.50000  346   35   70.00000   63.00000  10.0%   9.9  711s
 1894314 1168927 infeasible  334        70.00000   63.00000  10.0%   9.9  715s
 1894409 1179722 infeasible  335        70.00000   63.00000  10.0%   9.9  722s
 1926441 1179738   69.25000  301   46   70.00000   63.00000  10.0%   9.9  725s
 1926487 1190645 infeasible  302        70.00000   63.00000  10.0%   9.9  733s
 1958519 1190666   64.25000  317   51   70.00000   63.00000  10.0%   9.9  737s
 1958560 1203591   64.25000  318   51   70.00000   63.00000  10.0%   9.9  743s
 1990592 1203598   63.87500  351   43   70.00000   63.00000  10.0%   9.9  746s
 1990647 1214602   63.00000  351   43   70.00000   63.00000  10.0%   9.9  754s
 2022679 1214626   63.50000  341   33   70.00000   63.00000  10.0%  10.0  760s
 2022718 1228588   63.50000  342   31   70.00000   63.00000  10.0%  10.0  766s
 2054873 1239090   63.00000  302   32   70.00000   63.00000  10.0%  10.0  776s
 2086905 1239108   67.00000  314   31   70.00000   63.00000  10.0%  10.0  780s
 2086950 1250980 infeasible  315        70.00000   63.00000  10.0%  10.0  788s
 2118982 1250999   65.75000  349   36   70.00000   63.00000  10.0%  10.0  791s
 2119027 1264751   66.00000  350   34   70.00000   63.00000  10.0%  10.0  797s
 2151059 1264773   66.00000  359   31   70.00000   63.00000  10.0%  10.0  800s
 2151099 1278348   66.00000  360   31   70.00000   63.00000  10.0%  10.0  807s
 2183131 1278273 infeasible  345        70.00000   63.00000  10.0%  10.0  810s
 2183270 1290598     cutoff  340        70.00000   63.00000  10.0%  10.0  818s
 2215302 1290619   65.75000  339   36   70.00000   63.00000  10.0%  10.0  822s
 2215345 1304439   65.75000  340   36   70.00000   63.00000  10.0%  10.0  828s
 2247377 1304384 infeasible  326        70.00000   63.00000  10.0%  10.0  834s
 2247495 1316609   65.50000  333   36   70.00000   63.00000  10.0%  10.0  841s
 2279527 1316632   66.37500  307   49   70.00000   63.00000  10.0%  10.0  845s
 2279566 1328630   66.37500  308   49   70.00000   63.00000  10.0%  10.0  851s
 2311713 1339201   65.50000  329   41   70.00000   63.00000  10.0%  10.0  861s
 2343745 1339220   63.25000  336   39   70.00000   63.00000  10.0%  10.0  865s
 2343787 1352790   65.75000  337   41   70.00000   63.00000  10.0%  10.0  872s
 2375819 1352782   66.50000  336   41   70.00000   63.00000  10.0%  10.0  875s
 2375891 1364678 infeasible  337        70.00000   63.00000  10.0%  10.0  883s
 2407923 1364702   66.00000  287   36   70.00000   63.00000  10.0%  10.0  887s
 2407963 1375246   66.27326  288   40   70.00000   63.00000  10.0%  10.0  894s
 2439995 1375265   63.50000  352   37   70.00000   63.00000  10.0%  10.0  898s
 2440037 1389377   63.50000  353   35   70.00000   63.00000  10.0%  10.0  904s
 2469066 1389377   63.00000  277   47   70.00000   63.00000  10.0%  10.0  905s
 2472119 1401066   67.50000  361   31   70.00000   63.00000  10.0%  10.0  917s
 2504151 1401086   67.00000  367   43   70.00000   63.00000  10.0%  10.0  920s
 2504195 1414520   67.00000  368   40   70.00000   63.00000  10.0%  10.0  927s
 2536227 1414463     cutoff  335        70.00000   63.00000  10.0%  10.0  930s
 2536346 1425971 infeasible  334        70.00000   63.00000  10.0%  10.0  937s
 2568378 1425990     cutoff  406        70.00000   63.00000  10.0%  10.0  940s
 2568422 1438945   67.25000  406   39   70.00000   63.00000  10.0%  10.0  947s
 2600454 1438916   63.00000  349   37   70.00000   63.00000  10.0%  10.0  951s
 2600546 1449363   63.00000  350   35   70.00000   63.00000  10.0%  10.0  958s
 2632578 1449386   65.75000  346   31   70.00000   63.00000  10.0%  10.0  962s
 2632619 1460373   65.75000  345   35   70.00000   63.00000  10.0%  10.0  969s
 2634621 1460373   65.00000  310   37   70.00000   63.00000  10.0%  10.0  970s
 2664697 1472495   65.00000  321   48   70.00000   63.00000  10.0%  10.0  979s
 2666699 1472495   68.75000  319   38   70.00000   63.00000  10.0%  10.0  980s
 2696781 1483663   65.50000  305   43   70.00000   63.00000  10.0%  10.0  989s
 2728813 1483626   66.50000  338   46   70.00000   63.00000  10.0%  10.0  992s
 2728912 1492715 infeasible  339        70.00000   63.00000  10.0%  10.0  998s
 2760944 1492725   67.50000  364   30   70.00000   63.00000  10.0%  10.1 1005s
 2760997 1503026     cutoff  365        70.00000   63.00000  10.0%  10.1 1010s
 2793029 1502988   66.75000  333   38   70.00000   63.00000  10.0%  10.1 1015s
 2793131 1509973   66.75000  333   28   70.00000   63.00000  10.0%  10.1 1022s
 2825163 1509992   64.75000  315   31   70.00000   63.00000  10.0%  10.1 1028s
 2825208 1520021   64.75000  316   31   70.00000   63.00000  10.0%  10.1 1032s
 2857240 1520008   66.00000  363   42   70.00000   63.00000  10.0%  10.1 1038s
 2857317 1528731     cutoff  364        70.00000   63.00000  10.0%  10.1 1044s
 2889349 1528752   67.50000  372   34   70.00000   63.00000  10.0%  10.1 1052s
 2889391 1537825   67.00000  371   40   70.00000   63.00000  10.0%  10.1 1059s
 2921423 1537843   65.02326  306   41   70.00000   63.00000  10.0%  10.1 1064s
 2921469 1549666   64.00000  306   34   70.00000   63.00000  10.0%  10.1 1069s
 2937485 1549666   69.02326  307   43   70.00000   63.00000  10.0%  10.1 1070s
 2953501 1549677   67.25000  347   37   70.00000   63.00000  10.0%  10.1 1075s
 2953550 1558519   64.92054  347   36   70.00000   63.00000  10.0%  10.1 1081s
 2985582 1558523   66.25000  329   36   70.00000   63.00000  10.0%  10.1 1087s
 2985641 1571457   66.25000  330   35   70.00000   63.00000  10.0%  10.1 1092s
 3017673 1571397     cutoff  324        70.00000   63.00000  10.0%  10.1 1098s
 3017796 1581096   63.00000  339   34   70.00000   63.00000  10.0%  10.1 1104s
 3049828 1581110     cutoff  343        70.00000   63.00000  10.0%  10.1 1110s
 3049876 1590580     cutoff  344        70.00000   63.00000  10.0%  10.1 1115s
 3081908 1590602   69.25000  397   45   70.00000   63.00000  10.0%  10.1 1121s
 3081949 1603343   69.30208  398   48   70.00000   63.00000  10.0%  10.1 1126s
 3113981 1603350     cutoff  326        70.00000   63.00000  10.0%  10.1 1132s
 3114035 1613425   64.00000  310   32   70.00000   63.00000  10.0%  10.1 1138s
 3146067 1613433     cutoff  351        70.00000   63.00000  10.0%  10.1 1144s
 3146123 1624731     cutoff  351        70.00000   63.00000  10.0%  10.1 1149s
 3174151 1624731   66.75000  368   39   70.00000   63.00000  10.0%  10.1 1150s
 3178155 1624678     cutoff  363        70.00000   63.00000  10.0%  10.1 1155s
 3178271 1634033   64.25000  340   29   70.00000   63.00000  10.0%  10.1 1161s
 3210303 1634050   63.00000  309   35   70.00000   63.00000  10.0%  10.2 1167s
 3210350 1644181   63.00000  310   35   70.00000   63.00000  10.0%  10.2 1172s
 3242382 1644203   65.75000  348   31   70.00000   63.00000  10.0%  10.2 1178s
 3242423 1655961     cutoff  349        70.00000   63.00000  10.0%  10.2 1183s
 3274455 1655976   69.50000  355   28   70.00000   63.00000  10.0%  10.2 1191s
 3274501 1663427     cutoff  356        70.00000   63.00000  10.0%  10.2 1197s
 3306533 1663451   66.02326  301   37   70.00000   63.00000  10.0%  10.2 1203s
 3306572 1674600   65.00000  301   33   70.00000   63.00000  10.0%  10.2 1208s
 3338604 1674552 infeasible  336        70.00000   63.00000  10.0%  10.2 1214s
 3338716 1681627 infeasible  339        70.00000   63.00000  10.0%  10.2 1220s
 3370748 1681654   63.00042  309   49   70.00000   63.00000  10.0%  10.2 1226s
 3370785 1692950   63.01042  310   47   70.00000   63.00000  10.0%  10.2 1230s
 3402817 1692879 infeasible  372        70.00000   63.00000  10.0%  10.2 1236s
 3402950 1700642   63.00000  327   33   70.00000   63.00000  10.0%  10.2 1242s
 3434982 1700653     cutoff  407        70.00000   63.00000  10.0%  10.2 1248s
 3435035 1709874   66.87500  408   56   70.00000   63.00000  10.0%  10.2 1254s
 3461061 1709874   63.00521  342   34   70.00000   63.00000  10.0%  10.2 1255s
 3467067 1709895   67.37500  379   36   70.00000   63.00000  10.0%  10.2 1260s
 3467108 1721148   67.37500  380   40   70.00000   63.00000  10.0%  10.2 1265s
 3499140 1721164   64.25000  366   43   70.00000   63.00000  10.0%  10.2 1270s
 3499187 1729220   64.25000  367   43   70.00000   63.00000  10.0%  10.2 1276s
 3531219 1729233     cutoff  325        70.00000   63.00000  10.0%  10.2 1282s
 3531270 1740809   65.50000  324   38   70.00000   63.00000  10.0%  10.2 1287s
 3563302 1740824   63.00000  317   38   70.00000   63.00000  10.0%  10.2 1293s
 3563351 1748508   63.00000  318   38   70.00000   63.00000  10.0%  10.2 1299s
 3595383 1748514   63.75000  334   38   70.00000   63.00000  10.0%  10.3 1305s
 3597442 1759432   66.50000  333   44   70.00000   63.00000  10.0%  10.3 1310s
 3627472 1759444   69.75000  336   33   70.00000   63.00000  10.0%  10.3 1315s
 3627520 1764939     cutoff  337        70.00000   63.00000  10.0%  10.3 1323s
 3659552 1764954   65.00000  327   49   70.00000   63.00000  10.0%  10.3 1329s
 3659599 1776123   65.00000  328   49   70.00000   63.00000  10.0%  10.3 1337s
 3691631 1776137   63.00000  307   41   70.00000   63.00000  10.0%  10.3 1342s
 3691680 1784047   63.00000  308   43   70.00000   63.00000  10.0%  10.3 1349s
 3720709 1784047   66.75000  365   39   70.00000   63.00000  10.0%  10.3 1350s
 3723712 1784068   66.00000  322   44   70.00000   63.00000  10.0%  10.3 1355s
 3723755 1794875     cutoff  323        70.00000   63.00000  10.0%  10.3 1360s
 3755787 1794889   66.00000  333   44   70.00000   63.00000  10.0%  10.3 1366s
 3755834 1803083   66.00521  334   44   70.00000   63.00000  10.0%  10.3 1371s
 3787866 1803106 infeasible  390        70.00000   63.00000  10.0%  10.3 1378s
 3787907 1813220   64.87500  391   41   70.00000   63.00000  10.0%  10.3 1383s
 3819939 1813230   63.00000  322   34   70.00000   63.00000  10.0%  10.3 1388s
 3819989 1821508   63.00000  323   32   70.00000   63.00000  10.0%  10.3 1395s
 3852021 1821519   65.60752  334   45   70.00000   63.00000  10.0%  10.3 1401s
 3852072 1831311   69.25000  336   37   70.00000   63.00000  10.0%  10.3 1405s
 3884104 1831314   66.25000  346   45   70.00000   63.00000  10.0%  10.3 1411s
 3884162 1840477   66.25000  347   45   70.00000   63.00000  10.0%  10.3 1417s
 3916194 1840493     cutoff  305        70.00000   63.00000  10.0%  10.4 1424s
 3916238 1852063   63.00000  336   39   70.00000   63.00000  10.0%  10.4 1429s
 3944266 1852063   69.02221  417   38   70.00000   63.00000  10.0%  10.4 1430s
 3948270 1852080     cutoff  362        70.00000   63.00000  10.0%  10.4 1435s
 3948315 1861125     cutoff  363        70.00000   63.00000  10.0%  10.4 1441s
 3980347 1861141   67.25000  430   29   70.00000   63.00000  10.0%  10.4 1447s
 3980394 1871704   67.25000  431   28   70.00000   63.00000  10.0%  10.4 1452s
 4012426 1871725   69.25000  305   36   70.00000   63.00000  10.0%  10.4 1458s
 4012469 1880054   69.25000  306   37   70.00000   63.00000  10.0%  10.4 1465s
 4044501 1880076   66.75000  420   38   70.00000   63.00000  10.0%  10.4 1471s
 4044543 1891348 infeasible  419        70.00000   63.00000  10.0%  10.4 1476s
 4076575 1891327   65.25000  433   56   70.00000   63.00000  10.0%  10.4 1481s
 4076654 1900572     cutoff  434        70.00000   63.00000  10.0%  10.4 1488s
 4108686 1900594   63.25000  390   33   70.00000   63.00000  10.0%  10.4 1494s
 4108727 1912125   63.25000  391   33   70.00000   63.00000  10.0%  10.4 1499s
 4140759 1912116   66.33333  354   44   70.00000   63.00000  10.0%  10.4 1506s
 4140832 1920547   66.25000  352   48   70.00000   63.00000  10.0%  10.4 1515s
 4172864 1920566   64.12500  345   37   70.00000   63.00000  10.0%  10.4 1520s
 4172909 1929025   64.12500  346   37   70.00000   63.00000  10.0%  10.4 1527s
 4204941 1929038   66.50000  338   43   70.00000   63.00000  10.0%  10.4 1533s
 4204991 1940638   66.75000  339   41   70.00000   63.00000  10.0%  10.4 1538s
 4237023 1940640   65.00000  328   33   70.00000   63.00000  10.0%  10.4 1544s
 4237083 1950194   65.00000  329   35   70.00000   63.00000  10.0%  10.4 1551s
 4269115 1950216   66.30208  380   46   70.00000   63.00000  10.0%  10.4 1557s
 4269157 1960544   66.25000  378   51   70.00000   63.00000  10.0%  10.4 1562s
 4301189 1960506 infeasible  406        70.00000   63.00000  10.0%  10.4 1568s
 4301288 1969649     cutoff  406        70.00000   63.00000  10.0%  10.4 1575s
 4333320 1969667   66.00000  325   39   70.00000   63.00000  10.0%  10.4 1580s
 4333364 1979627   69.00000  326   33   70.00000   63.00000  10.0%  10.4 1585s
 4365396 1979605 infeasible  328        70.00000   63.00000  10.0%  10.5 1592s
 4365479 1989125 infeasible  328        70.00000   63.00000  10.0%  10.5 1598s
 4397511 1989137     cutoff  414        70.00000   63.00000  10.0%  10.5 1604s
 4397562 1997765   63.00000  379   29   70.00000   63.00000  10.0%  10.5 1610s
 4429594 1997776   67.08333  335   48   70.00000   63.00000  10.0%  10.5 1616s
 4429645 2007830   66.50000  331   48   70.00000   63.00000  10.0%  10.5 1621s
 4461677 2007840   65.25000  394   46   70.00000   63.00000  10.0%  10.5 1627s
 4461729 2016321   65.25000  395   48   70.00000   63.00000  10.0%  10.5 1632s
 4493761 2016332   67.25000  336   32   70.00000   63.00000  10.0%  10.5 1639s
 4493813 2027568   67.25000  337   32   70.00000   63.00000  10.0%  10.5 1644s
 4525845 2027586     cutoff  381        70.00000   63.00000  10.0%  10.5 1652s
 4525889 2035608 infeasible  381        70.00000   63.00000  10.0%  10.5 1657s
 4557921 2035626 infeasible  370        70.00000   63.00000  10.0%  10.5 1664s
 4557965 2044410   64.25000  397   38   70.00000   63.00000  10.0%  10.5 1669s
 4589997 2044426   63.00000  411   35   70.00000   63.00000  10.0%  10.5 1675s
 4590043 2055289   63.87500  412   37   70.00000   63.00000  10.0%  10.5 1680s
 4622075 2055297   67.50000  365   54   70.00000   63.00000  10.0%  10.5 1686s
 4622128 2063252   67.75000  366   49   70.00000   63.00000  10.0%  10.5 1692s
 4654160 2063266   63.00000  309   34   70.00000   63.00000  10.0%  10.5 1698s
 4654209 2073549   63.00000  310   34   70.00000   63.00000  10.0%  10.5 1703s
 4686241 2073547   66.25000  363   32   70.00000   63.00000  10.0%  10.5 1709s
 4686306 2082411   65.75000  363   31   70.00000   63.00000  10.0%  10.5 1715s
 4718338 2082425   66.00000  352   45   70.00000   63.00000  10.0%  10.5 1721s
 4718387 2093421   69.25000  353   42   70.00000   63.00000  10.0%  10.5 1726s
 4750419 2093389     cutoff  445        70.00000   63.00000  10.0%  10.5 1732s
 4750514 2103872   67.05398  445   50   70.00000   63.00000  10.0%  10.5 1738s
 4782546 2103894   63.50000  314   52   70.00000   63.00000  10.0%  10.5 1744s
 4782588 2114778   63.50000  315   52   70.00000   63.00000  10.0%  10.5 1750s
 4814620 2114779 infeasible  344        70.00000   63.00000  10.0%  10.5 1756s
 4814682 2124499     cutoff  385        70.00000   63.00000  10.0%  10.5 1762s
 4846714 2124512   66.52326  361   53   70.00000   63.00000  10.0%  10.5 1767s
 4846764 2133797   66.50000  361   48   70.00000   63.00000  10.0%  10.5 1773s
 4878796 2133817   67.50000  364   47   70.00000   63.00000  10.0%  10.5 1779s
 4878839 2144751     cutoff  365        70.00000   63.00000  10.0%  10.5 1783s
 4910871 2144768   68.25000  343   27   70.00000   63.00000  10.0%  10.5 1792s
 4910918 2154990     cutoff  342        70.00000   63.00000  10.0%  10.5 1798s
 4942950 2155013   68.50000  367   41   70.00000   63.00000  10.0%  10.5 1804s
 4942990 2166023     cutoff  368        70.00000   63.00000  10.0%  10.5 1809s
 4975022 2165979 infeasible  337        70.00000   63.00000  10.0%  10.5 1815s
 4975130 2175211   65.50000  340   33   70.00000   63.00000  10.0%  10.5 1820s
 5007162 2175233 infeasible  314        70.00000   63.00000  10.0%  10.5 1826s
 5007202 2186280 infeasible  314        70.00000   63.00000  10.0%  10.5 1832s
 5039234 2186297   67.25000  368   41   70.00000   63.00000  10.0%  10.5 1838s
 5039280 2198867   69.25000  369   47   70.00000   63.00000  10.0%  10.5 1843s
 5071312 2198881     cutoff  400        70.00000   63.00000  10.0%  10.5 1849s
 5071360 2208947   66.62500  399   66   70.00000   63.00000  10.0%  10.5 1854s
 5088377 2208947   63.00000  325   38   70.00000   63.00000  10.0%  10.5 1855s
 5103392 2208960     cutoff  342        70.00000   63.00000  10.0%  10.5 1860s
 5103443 2220010   66.04651  342   40   70.00000   63.00000  10.0%  10.5 1865s
 5135475 2219943 infeasible  354        70.00000   63.00000  10.0%  10.5 1871s
 5135606 2226980     cutoff  306        70.00000   63.00000  10.0%  10.5 1878s
 5167638 2227006   66.25000  330   45   70.00000   63.00000  10.0%  10.5 1881s
 5167676 2235734   66.25000  331   45   70.00000   63.00000  10.0%  10.5 1886s
 5199708 2235663 infeasible  345        70.00000   63.00000  10.0%  10.5 1890s
 5199843 2243833   63.00000  312   42   70.00000   63.00000  10.0%  10.5 1897s
 5231875 2243851   67.00000  431   43   70.00000   63.00000  10.0%  10.5 1902s
 5231921 2254723   67.25000  432   41   70.00000   63.00000  10.0%  10.5 1908s
 5263953 2254682   65.75000  316   31   70.00000   63.00000  10.0%  10.5 1911s
 5264056 2264293   67.00000  317   37   70.00000   63.00000  10.0%  10.5 1919s
 5289081 2264293   66.25000  406   33   70.00000   63.00000  10.0%  10.5 1920s
 5296145 2276718   66.50000  340   45   70.00000   63.00000  10.0%  10.5 1929s
 5328177 2276703     cutoff  376        70.00000   63.00000  10.0%  10.5 1935s
 5328256 2285198     cutoff  399        70.00000   63.00000  10.0%  10.5 1943s
 5360288 2285223   63.50000  302   43   70.00000   63.00000  10.0%  10.5 1946s
 5360326 2296191   64.50000  303   39   70.00000   63.00000  10.0%  10.5 1953s
 5392358 2296148   65.50000  356   31   70.00000   63.00000  10.0%  10.5 1957s
 5392464 2304832     cutoff  357        70.00000   63.00000  10.0%  10.5 1964s
 5405477 2304832   66.00000  356   39   70.00000   63.00000  10.0%  10.5 1965s
 5424542 2315566   65.75000  377   32   70.00000   63.00000  10.0%  10.5 1975s
 5456621 2323778   63.00000  312   37   70.00000   63.00000  10.0%  10.5 1985s
 5488694 2334998   68.37500  441   25   70.00000   63.00000  10.0%  10.5 1995s
 5520774 2343993   63.87500  408   44   70.00000   63.00000  10.0%  10.5 2007s
 5552806 2344011   67.25000  348   41   70.00000   63.00000  10.0%  10.5 2010s
 5552851 2354625     cutoff  349        70.00000   63.00000  10.0%  10.5 2016s
 5584883 2354625   69.00000  336   38   70.00000   63.00000  10.0%  10.5 2020s
 5584943 2362885 infeasible  336        70.00000   63.00000  10.0%  10.5 2027s
 5616975 2362900     cutoff  318        70.00000   63.00000  10.0%  10.5 2030s
 5617024 2372537   63.25000  316   40   70.00000   63.00000  10.0%  10.5 2037s
 5649056 2372556   63.00000  306   36   70.00000   63.00000  10.0%  10.5 2040s
 5649100 2383509   63.00000  307   36   70.00000   63.00000  10.0%  10.5 2047s
 5681132 2383480   66.25000  342   40   70.00000   63.00000  10.0%  10.5 2050s
 5681224 2392423     cutoff  343        70.00000   63.00000  10.0%  10.5 2058s
 5713256 2392441   67.50000  333   51   70.00000   63.00000  10.0%  10.5 2061s
 5713301 2403504 infeasible  334        70.00000   63.00000  10.0%  10.5 2068s
 5745333 2403465   64.50000  313   36   70.00000   63.00000  10.0%  10.5 2071s
 5745436 2411891   64.50000  314   35   70.00000   63.00000  10.0%  10.5 2078s
 5777468 2411907   66.00000  308   36   70.00000   63.00000  10.0%  10.5 2085s
 5777514 2420016   64.75000  308   34   70.00000   63.00000  10.0%  10.5 2092s
H5789551 2349876                      69.7500000   63.00000  9.68%  10.5 2094s
H5809546 2243845                      69.2500000   63.00000  9.03%  10.5 2099s
H5809547 2191049                      69.0000000   63.00000  8.70%  10.5 2100s
 5809590 2200444   68.75000  310   45   69.00000   63.00000  8.70%  10.5 2107s
 5841622 2200453   64.00000  343   38   69.00000   63.00000  8.70%  10.5 2111s
 5841671 2208130   63.50000  343   40   69.00000   63.00000  8.70%  10.5 2119s
 5873703 2208143   67.00000  316   36   69.00000   63.00000  8.70%  10.5 2123s
H5873704 2208142                      68.9999998   63.00000  8.70%  10.5 2124s
 5873753 2219022 infeasible  317        69.00000   63.00000  8.70%  10.5 2131s
H5874780 2219022                      68.9999996   63.00000  8.70%  10.5 2132s
H5884789 2219022                      68.9999996   63.00000  8.70%  10.5 2132s
H5886792 2219014                      68.9999800   63.00000  8.70%  10.5 2133s
 5905785 2221011     cutoff  290        68.99998   63.00000  8.70%  10.5 2135s
 5912964 2221018   63.00000  308   38   68.99998   63.00000  8.70%  10.5 2140s
 5918551 2222398   67.00000  322   36   68.99998   63.00000  8.70%  10.5 2146s
 5924232 2223705   64.50000  403   36   68.99998   63.00000  8.70%  10.5 2152s
 5928649 2224857     cutoff  309        68.99998   63.00000  8.70%  10.5 2158s
 5935042 2226511     cutoff  364        68.99998   63.00000  8.70%  10.5 2164s
 5935089 2234992     cutoff  363        68.99998   63.00000  8.70%  10.5 2171s
 5967121 2235010   63.00000  273   50   68.99998   63.00000  8.70%  10.5 2177s
 5967165 2246622   63.00000  274   50   68.99998   63.00000  8.70%  10.5 2184s
 5999197 2246639   68.75000  320   47   68.99998   63.00000  8.70%  10.5 2190s
 5999244 2259996   68.75000  321   46   68.99998   63.00000  8.70%  10.5 2197s
 6031276 2260014   66.00000  333   43   68.99998   63.00000  8.70%  10.5 2202s
 6031319 2273097   64.50000  332   45   68.99998   63.00000  8.70%  10.5 2209s
 6063351 2273112   68.75000  305   32   68.99998   63.00000  8.70%  10.5 2215s
 6063398 2286797   68.75000  306   35   68.99998   63.00000  8.70%  10.5 2221s
 6095430 2286755   68.75000  382   31   68.99998   63.00000  8.70%  10.5 2227s
 6095534 2298527     cutoff  383        68.99998   63.00000  8.70%  10.5 2233s
 6127566 2298540   67.50000  313   40   68.99998   63.00000  8.70%  10.5 2241s
 6127610 2310297   67.50000  313   40   68.99998   63.00000  8.70%  10.5 2248s
 6159642 2310312   63.25000  299   39   68.99998   63.00000  8.70%  10.5 2254s
 6159688 2324282   63.25000  300   39   68.99998   63.00000  8.70%  10.5 2260s
 6191720 2324302   66.00000  302   40   68.99998   63.00000  8.70%  10.5 2266s
 6191762 2336149   65.75000  302   40   68.99998   63.00000  8.70%  10.5 2272s
 6223794 2336162   68.25000  304   50   68.99998   63.00000  8.70%  10.5 2278s
 6223844 2349655     cutoff  305        68.99998   63.00000  8.70%  10.5 2284s
 6255876 2349676   67.25000  351   39   68.99998   63.00000  8.70%  10.5 2290s
 6255917 2361538 infeasible  352        68.99998   63.00000  8.70%  10.5 2297s
 6287949 2361549     cutoff  314        68.99998   63.00000  8.70%  10.5 2302s
 6288000 2374291   65.08333  310   34   68.99998   63.00000  8.70%  10.5 2308s
 6320032 2374302   67.50000  320   39   68.99998   63.00000  8.70%  10.5 2314s
 6320083 2384866   67.50000  321   37   68.99998   63.00000  8.70%  10.5 2321s
 6352115 2384885   67.00000  349   37   68.99998   63.00000  8.70%  10.5 2327s
 6352160 2398736   66.25000  348   31   68.99998   63.00000  8.70%  10.5 2333s
 6384192 2398711 infeasible  336        68.99998   63.00000  8.70%  10.5 2339s
 6384277 2411261     cutoff  337        68.99998   63.00000  8.70%  10.5 2346s
 6416309 2411278   68.25000  308   35   68.99998   63.00000  8.70%  10.5 2352s
 6416356 2425612     cutoff  309        68.99998   63.00000  8.70%  10.5 2358s
 6448388 2425516     cutoff  335        68.99998   63.00000  8.70%  10.5 2362s
 6448548 2435872   63.00000  296   32   68.99998   63.00000  8.70%  10.5 2371s
 6480580 2435888     cutoff  322        68.99998   63.00000  8.70%  10.5 2375s
 6480628 2449780   63.00000  297   34   68.99998   63.00000  8.70%  10.5 2384s
 6512660 2449727 infeasible  347        68.99998   63.00000  8.70%  10.5 2388s
 6512776 2461023   63.00000  295   34   68.99998   63.00000  8.70%  10.5 2397s
 6544808 2461045 infeasible  347        68.99998   63.00000  8.70%  10.5 2401s
 6544850 2471750   65.75000  345   35   68.99998   63.00000  8.70%  10.5 2414s
 6576882 2471771   65.25000  330   41   68.99998   63.00000  8.70%  10.5 2418s
 6576925 2484342   65.25000  331   42   68.99998   63.00000  8.70%  10.5 2427s
 6608957 2484364     cutoff  311        68.99998   63.00000  8.70%  10.5 2431s
 6608998 2498097 infeasible  311        68.99998   63.00000  8.70%  10.5 2439s
 6641030 2498053     cutoff  315        68.99998   63.00000  8.70%  10.5 2443s
 6641137 2509426     cutoff  313        68.99998   63.00000  8.70%  10.5 2452s
 6673169 2509448   65.75000  310   51   68.99998   63.00000  8.70%  10.5 2456s
 6673209 2522249   63.78646  306   52   68.99998   63.00000  8.70%  10.5 2464s
 6705241 2522187     cutoff  326        68.99998   63.00000  8.70%  10.5 2468s
 6705367 2533239     cutoff  317        68.99998   63.00000  8.70%  10.5 2478s
 6737399 2533260   65.50000  311   46   68.99998   63.00000  8.70%  10.5 2481s
 6737440 2543307   63.50000  312   34   68.99998   63.00000  8.70%  10.5 2490s
 6769519 2555954   65.75000  361   36   68.99998   63.00000  8.70%  10.5 2503s
 6801551 2555917 infeasible  317        68.99998   63.00000  8.70%  10.5 2506s
 6801651 2566481     cutoff  317        68.99998   63.00000  8.70%  10.5 2515s
 6833740 2576446   68.81818  327   51   68.99998   63.00000  8.70%  10.5 2528s
 6865772 2576459 infeasible  331        68.99998   63.00000  8.70%  10.5 2532s
 6865821 2588097 infeasible  329        68.99998   63.00000  8.70%  10.5 2540s
 6897993 2597906   65.50000  319   41   68.99998   63.00000  8.70%  10.5 2552s
 6930025 2597925   67.76042  333   40   68.99998   63.00000  8.70%  10.5 2556s
 6930069 2610002   67.76042  333   42   68.99998   63.00000  8.70%  10.5 2565s
 6962200 2619774   64.50000  314   51   68.99998   63.00000  8.70%  10.5 2578s
 6994232 2619788   64.00000  315   49   68.99998   63.00000  8.70%  10.5 2582s
 6994281 2629901   64.00000  316   47   68.99998   63.00000  8.70%  10.5 2591s
 7026313 2629908     cutoff  405        68.99998   63.00000  8.70%  10.5 2595s
 7026367 2639301   63.53488  315   41   68.99998   63.00000  8.70%  10.5 2604s
 7058399 2639315     cutoff  339        68.99998   63.00000  8.70%  10.5 2608s
 7058448 2652257   67.75000  338   37   68.99998   63.00000  8.70%  10.5 2616s
 7090480 2652232   67.00000  317   47   68.99998   63.00000  8.70%  10.5 2620s
 7090569 2661946     cutoff  318        68.99998   63.00000  8.70%  10.5 2630s
 7122640 2671613   63.25000  311   47   68.99998   63.00000  8.70%  10.5 2643s
 7154672 2671635     cutoff  298        68.99998   63.00000  8.70%  10.5 2647s
 7154714 2683525     cutoff  297        68.99998   63.00000  8.70%  10.5 2655s
 7186839 2693095   68.00000  308   37   68.99998   63.00000  8.70%  10.5 2668s
 7218871 2693111   63.50000  311   39   68.99998   63.00000  8.70%  10.5 2672s
 7218918 2702595   63.50000  312   39   68.99998   63.00000  8.70%  10.5 2681s
 7250950 2702618   68.75000  361   43   68.99998   63.00000  8.70%  10.5 2685s
 7250991 2716616   68.75000  362   41   68.99998   63.00000  8.70%  10.5 2698s
 7283023 2716550   68.27326  331   45   68.99998   63.00000  8.70%  10.5 2702s
 7283152 2727312     cutoff  332        68.99998   63.00000  8.70%  10.5 2712s
 7315184 2727320   65.25000  331   41   68.99998   63.00000  8.70%  10.5 2716s
 7315234 2737298   65.26136  332   40   68.99998   63.00000  8.70%  10.5 2725s
 7347312 2746349   66.50000  311   35   68.99998   63.00000  8.70%  10.5 2738s
 7379344 2746365   63.75000  300   42   68.99998   63.00000  8.70%  10.5 2742s
 7379390 2758698   63.75000  301   42   68.99998   63.00000  8.70%  10.5 2750s
 7411551 2767919   63.00000  305   38   68.99998   63.00000  8.70%  10.5 2764s
 7443583 2767926     cutoff  342        68.99998   63.00000  8.70%  10.5 2767s
 7443639 2777072     cutoff  338        68.99998   63.00000  8.70%  10.5 2776s
 7475671 2777089   65.00000  313   43   68.99998   63.00000  8.70%  10.5 2780s
 7475718 2789158   65.00000  314   43   68.99998   63.00000  8.70%  10.5 2788s
 7507750 2789111     cutoff  298        68.99998   63.00000  8.70%  10.5 2792s
 7507858 2798963   65.75000  296   49   68.99998   63.00000  8.70%  10.5 2801s
 7539890 2798981   63.50000  313   39   68.99998   63.00000  8.70%  10.5 2805s
 7539934 2808159   63.50000  314   39   68.99998   63.00000  8.70%  10.5 2814s
 7571966 2808177     cutoff  328        68.99998   63.00000  8.70%  10.5 2818s
 7572012 2820939   65.25000  328   36   68.99998   63.00000  8.70%  10.5 2826s
 7604044 2820859   65.00000  304   39   68.99998   63.00000  8.70%  10.5 2830s
 7604187 2829919   65.00000  305   37   68.99998   63.00000  8.70%  10.5 2838s
 7636219 2829942   66.50000  325   43   68.99998   63.00000  8.70%  10.5 2842s
 7636257 2839693   66.50000  326   45   68.99998   63.00000  8.70%  10.5 2851s
 7668289 2839709     cutoff  320        68.99998   63.00000  8.70%  10.5 2855s
 7668335 2851748     cutoff  320        68.99998   63.00000  8.70%  10.5 2863s
 7700367 2851695     cutoff  335        68.99998   63.00000  8.70%  10.5 2867s
 7700484 2861083     cutoff  336        68.99998   63.00000  8.70%  10.5 2876s
 7732516 2861099   68.00000  328   35   68.99998   63.00000  8.70%  10.5 2880s
 7732564 2870404 infeasible  329        68.99998   63.00000  8.70%  10.5 2889s
 7764596 2870424 infeasible  350        68.99998   63.00000  8.70%  10.5 2892s
 7764637 2883229   68.00000  351   46   68.99998   63.00000  8.70%  10.5 2900s
 7796824 2893575   68.52273  328   49   68.99998   63.00000  8.70%  10.5 2913s
 7828856 2893590   65.00000  317   40   68.99998   63.00000  8.70%  10.5 2916s
 7828905 2903575   66.50000  318   39   68.99998   63.00000  8.70%  10.5 2925s
 7860980 2915714   65.00000  335   38   68.99998   63.00000  8.70%  10.5 2937s
 7893012 2915644   67.75000  347   30   68.99998   63.00000  8.70%  10.5 2941s
 7893146 2925410     cutoff  348        68.99998   63.00000  8.70%  10.5 2950s
 7925225 2937454     cutoff  324        68.99998   63.00000  8.70%  10.5 2962s
 7957257 2937356 infeasible  368        68.99998   63.00000  8.70%  10.5 2965s
 7957418 2947271     cutoff  318        68.99998   63.00000  8.70%  10.5 2974s
 7989450 2947285   68.50000  329   53   68.99998   63.00000  8.70%  10.5 2978s
 7989500 2957120     cutoff  330        68.99998   63.00000  8.70%  10.5 2987s
 8021532 2957145   66.25000  319   40   68.99998   63.00000  8.70%  10.5 2993s
 8021571 2966725   66.25000  320   39   68.99998   63.00000  8.70%  10.5 3002s
 8053603 2966743   67.75000  338   52   68.99998   63.00000  8.70%  10.5 3006s
 8053649 2979305   66.28488  338   52   68.99998   63.00000  8.70%  10.5 3014s
 8085681 2979256   64.25000  311   37   68.99998   63.00000  8.70%  10.5 3018s
 8085793 2988212   64.25000  312   33   68.99998   63.00000  8.70%  10.5 3026s
 8117825 2988238   67.25000  336   44   68.99998   63.00000  8.70%  10.5 3031s
 8117863 2997836 infeasible  337        68.99998   63.00000  8.70%  10.5 3037s
 8149895 2997856   64.25000  315   44   68.99998   63.00000  8.70%  10.5 3043s
 8149936 3010769   65.29651  316   47   68.99998   63.00000  8.70%  10.5 3049s
 8181968 3010793   63.53488  313   50   68.99998   63.00000  8.70%  10.5 3055s
 8182008 3020206   65.00000  314   41   68.99998   63.00000  8.70%  10.5 3061s
 8214040 3020228   66.25000  307   36   68.99998   63.00000  8.70%  10.5 3067s
 8214081 3032321   66.25000  308   36   68.99998   63.00000  8.70%  10.5 3073s
 8246113 3032261   67.25000  331   42   68.99998   63.00000  8.70%  10.5 3079s
 8246236 3041499     cutoff  332        68.99998   63.00000  8.70%  10.5 3086s
 8278268 3041521   64.25000  316   36   68.99998   63.00000  8.70%  10.5 3092s
 8278309 3051377   64.25000  317   36   68.99998   63.00000  8.70%  10.5 3098s
 8310341 3051393     cutoff  343        68.99998   63.00000  8.70%  10.5 3104s
 8310386 3063747   66.25000  340   50   68.99998   63.00000  8.70%  10.5 3110s
 8342418 3063765   68.75000  327   34   68.99998   63.00000  8.70%  10.5 3115s
 8342463 3073599 infeasible  328        68.99998   63.00000  8.70%  10.5 3122s
 8374495 3073601   66.25000  362   38   68.99998   63.00000  8.70%  10.5 3128s
 8374555 3085909   66.25000  363   40   68.99998   63.00000  8.70%  10.5 3133s
 8406587 3085817 infeasible  384        68.99998   63.00000  8.70%  10.5 3139s
 8406743 3094595   63.00000  306   51   68.99998   63.00000  8.70%  10.5 3146s
 8438775 3094625   63.50000  313   37   68.99998   63.00000  8.70%  10.5 3152s
 8438809 3104112   63.50000  314   37   68.99998   63.00000  8.70%  10.5 3161s
 8470841 3104138   68.25000  321   41   68.99998   63.00000  8.70%  10.5 3167s
 8470879 3115693   65.25000  322   52   68.99998   63.00000  8.70%  10.5 3172s
 8502911 3115627 infeasible  335        68.99998   63.00000  8.70%  10.5 3178s
 8503041 3125190   63.00000  300   51   68.99998   63.00000  8.70%  10.5 3184s
 8509047 3125190   65.00000  317   38   68.99998   63.00000  8.70%  10.5 3185s
 8535073 3125206     cutoff  322        68.99998   63.00000  8.70%  10.5 3190s
 8535121 3135422   63.53488  323   40   68.99998   63.00000  8.70%  10.5 3197s
 8567153 3135444     cutoff  317        68.99998   63.00000  8.70%  10.5 3203s
 8567195 3148027     cutoff  317        68.99998   63.00000  8.70%  10.5 3209s
 8599227 3148053   68.75000  330   41   68.99998   63.00000  8.70%  10.5 3215s
 8599265 3157750 infeasible  331        68.99998   63.00000  8.70%  10.5 3221s
 8631297 3157766   66.00000  345   36   68.99998   63.00000  8.70%  10.5 3227s
 8631344 3169719   67.75000  346   32   68.99998   63.00000  8.70%  10.5 3232s
 8663376 3169675   68.25000  339   39   68.99998   63.00000  8.70%  10.5 3238s
 8663482 3179788 infeasible  340        68.99998   63.00000  8.70%  10.5 3245s
 8695514 3179809     cutoff  340        68.99998   63.00000  8.70%  10.5 3251s
 8695556 3189589   66.25000  341   39   68.99998   63.00000  8.70%  10.5 3257s
 8727588 3189592     cutoff  302        68.99998   63.00000  8.70%  10.5 3263s
 8727648 3201290     cutoff  303        68.99998   63.00000  8.70%  10.5 3269s
 8759680 3201292     cutoff  342        68.99998   63.00000  8.70%  10.5 3275s
 8759738 3210875   65.50000  309   34   68.99998   63.00000  8.70%  10.5 3281s
 8791770 3210894   66.75000  347   35   68.99998   63.00000  8.70%  10.5 3290s
 8791814 3220300   66.75000  348   35   68.99998   63.00000  8.70%  10.5 3296s
 8823846 3220319   67.26215  339   35   68.99998   63.00000  8.70%  10.5 3302s
 8823890 3232332   68.25000  340   31   68.99998   63.00000  8.70%  10.5 3308s
 8855922 3232348   66.75000  326   47   68.99998   63.00000  8.70%  10.5 3314s
 8855969 3242928   66.75000  327   45   68.99998   63.00000  8.70%  10.5 3320s
 8888001 3242947     cutoff  307        68.99998   63.00000  8.70%  10.5 3326s
 8888046 3254580   68.25000  307   45   68.99998   63.00000  8.70%  10.5 3332s
 8920078 3254597   66.50000  314   54   68.99998   63.00000  8.70%  10.5 3338s
 8920124 3265268   66.50000  315   55   68.99998   63.00000  8.70%  10.5 3345s
 8952156 3265277     cutoff  323        68.99998   63.00000  8.70%  10.5 3351s
 8952209 3277812   66.75000  322   36   68.99998   63.00000  8.70%  10.5 3357s
 8984241 3277756     cutoff  318        68.99998   63.00000  8.70%  10.5 3362s
 8984360 3288785   65.00000  299   33   68.99998   63.00000  8.70%  10.5 3369s
 9016392 3288799   68.00000  330   48   68.99998   63.00000  8.70%  10.5 3375s
 9016441 3302247     cutoff  331        68.99998   63.00000  8.70%  10.5 3380s
 9048473 3302181     cutoff  365        68.99998   63.00000  8.70%  10.5 3386s
 9048601 3312718     cutoff  367        68.99998   63.00000  8.70%  10.5 3393s
 9080633 3312724   66.50000  310   35   68.99998   63.00000  8.70%  10.5 3398s
 9080688 3326179     cutoff  311        68.99998   63.00000  8.70%  10.5 3404s
 9112720 3326143     cutoff  302        68.99998   63.00000  8.70%  10.5 3410s
 9112820 3334457   65.75000  303   40   68.99998   63.00000  8.70%  10.5 3416s
 9144852 3334470     cutoff  322        68.99998   63.00000  8.70%  10.5 3422s
 9144903 3345265   63.00000  296   40   68.99998   63.00000  8.70%  10.5 3429s
 9176935 3345277   66.75000  340   42   68.99998   63.00000  8.70%  10.5 3435s
 9176987 3357508   66.75000  341   42   68.99998   63.00000  8.70%  10.5 3440s
 9209019 3357527 infeasible  350        68.99998   63.00000  8.70%  10.5 3449s
 9209064 3367252 infeasible  349        68.99998   63.00000  8.70%  10.5 3455s
 9241096 3367266   65.25000  305   34   68.99998   63.00000  8.70%  10.5 3461s
 9241146 3376445     cutoff  306        68.99998   63.00000  8.70%  10.5 3468s
 9273178 3376460   67.04167  309   40   68.99998   63.00000  8.70%  10.5 3473s
 9273227 3389930   68.00000  310   37   68.99998   63.00000  8.70%  10.5 3479s
 9305259 3389947   66.25000  330   33   68.99998   63.00000  8.70%  10.5 3485s
 9305303 3399386   66.25000  331   33   68.99998   63.00000  8.70%  10.5 3492s
 9337335 3399408   66.00000  326   50   68.99998   63.00000  8.70%  10.5 3498s
 9337376 3411855   67.25000  327   48   68.99998   63.00000  8.70%  10.5 3503s
 9369408 3411831   67.00000  289   37   68.99998   63.00000  8.70%  10.5 3509s
 9369495 3422575     cutoff  290        68.99998   63.00000  8.70%  10.5 3516s
 9401527 3422598   65.50000  323   36   68.99998   63.00000  8.70%  10.5 3522s
 9401567 3433304     cutoff  323        68.99998   63.00000  8.70%  10.5 3528s
 9433599 3433321   66.50000  334   44   68.99998   63.00000  8.70%  10.5 3534s
 9433646 3445747   66.50000  335   44   68.99998   63.00000  8.70%  10.5 3540s
 9465678 3445759   67.87766  301   49   68.99998   63.00000  8.70%  10.5 3546s
 9465727 3455547     cutoff  302        68.99998   63.00000  8.70%  10.5 3553s
 9497759 3455563     cutoff  335        68.99998   63.00000  8.70%  10.5 3559s
 9497805 3468335   68.50000  333   43   68.99998   63.00000  8.70%  10.5 3564s
 9502810 3468335     cutoff  338        68.99998   63.00000  8.70%  10.5 3565s
 9529837 3468290   65.00000  323   36   68.99998   63.00000  8.70%  10.5 3570s
 9529946 3478502   67.00000  324   34   68.99998   63.00000  8.70%  10.5 3577s
 9561978 3478510   67.00000  327   44   68.99998   63.00000  8.70%  10.5 3583s
 9562033 3488703   67.00000  329   43   68.99998   63.00000  8.70%  10.5 3590s
 9594065 3488724   64.75000  294   45   68.99998   63.00000  8.70%  10.5 3596s
 9594107 3499367   67.28488  295   47   68.99998   63.00000  8.70%  10.5 3600s

Cutting planes:
  Learned: 18
  Gomory: 3
  Cover: 116
  Implied bound: 82
  Clique: 88
  MIR: 306
  Flow cover: 435
  GUB cover: 1
  RLT: 116
  Relax-and-lift: 456

Explored 9618339 nodes (100674695 simplex iterations) in 3600.52 seconds
Thread count was 32 (of 32 available processors)

Solution count 10: 69 69 69 ... 70

Time limit reached
Best objective 6.899997996333e+01, best bound 6.300000000000e+01, gap 8.6956%
