
Gurobi 9.1.2 (linux64) logging started Thu Aug 10 14:45:14 2023

Changed value of parameter LogFile to max-ls_r=('5', '5').log
   Prev:   Default: 
Changed value of parameter MIPFocus to 1
   Prev: 0  Min: 0  Max: 3  Default: 0
Changed value of parameter Threads to 32
   Prev: 0  Min: 0  Max: 1024  Default: 0
Changed value of parameter TimeLimit to 3600.0
   Prev: inf  Min: 0.0  Max: inf  Default: inf
Warning: variable name "X[('6', '6'),('7', '6')]" has a space
Warning: constraint name "flow-constr-t0-v('6', '3')" has a space
Warning: to let Gurobi read it back, use rlp format
Gurobi Optimizer version 9.1.2 build v9.1.2rc0 (linux64)
Thread count: 16 physical cores, 32 logical processors, using up to 32 threads
Optimize a model with 2931 rows, 2688 columns and 10260 nonzeros
Model fingerprint: 0x907b8817
Variable types: 256 continuous, 2432 integer (2432 binary)
Coefficient statistics:
  Matrix range     [1e+00, 7e+04]
  Objective range  [2e-01, 2e-01]
  Bounds range     [1e+00, 3e+04]
  RHS range        [1e+00, 7e+04]
Presolve removed 432 rows and 440 columns
Presolve time: 0.09s
Presolved: 2499 rows, 2248 columns, 16976 nonzeros
Variable types: 252 continuous, 1996 integer (1996 binary)
Found heuristic solution: objective 1151.7499999

Root relaxation: objective 6.300000e+01, 159 iterations, 0.00 seconds

    Nodes    |    Current Node    |     Objective Bounds      |     Work
 Expl Unexpl |  Obj  Depth IntInf | Incumbent    BestBd   Gap | It/Node Time

     0     0   63.00000    0   32 1151.75000   63.00000  94.5%     -    0s
H    0     0                    1150.9999999   63.00000  94.5%     -    0s
H    0     0                    1076.2500000   63.00000  94.1%     -    0s
     0     0   63.00000    0   79 1076.25000   63.00000  94.1%     -    0s
H    0     0                     566.5625000   63.00000  88.9%     -    0s
H    0     0                     136.5000000   63.00000  53.8%     -    0s
     0     0   63.00000    0   85  136.50000   63.00000  53.8%     -    0s
H    0     0                     130.3333333   63.00000  51.7%     -    0s
     0     0   63.00000    0   44  130.33333   63.00000  51.7%     -    0s
H    0     0                     122.5000000   63.00000  48.6%     -    0s
     0     0   63.00000    0   40  122.50000   63.00000  48.6%     -    0s
     0     0   63.00000    0   42  122.50000   63.00000  48.6%     -    0s
H    0     0                     108.7500000   63.00000  42.1%     -    0s
H    0     0                     103.2500000   63.00000  39.0%     -    0s
     0     0   63.00000    0   40  103.25000   63.00000  39.0%     -    0s
H    0     0                     102.7500000   63.00000  38.7%     -    0s
     0     0   63.00000    0   65  102.75000   63.00000  38.7%     -    0s
     0     0   63.00000    0   38  102.75000   63.00000  38.7%     -    0s
H    0     0                      99.0000000   63.00000  36.4%     -    0s
H    0     0                      88.2500000   63.00000  28.6%     -    1s
H    0     0                      86.5000000   63.00000  27.2%     -    1s
     0     2   63.00000    0   38   86.50000   63.00000  27.2%     -    1s
H   31    64                      80.7500000   63.00000  22.0%  21.1    2s
H   95   128                      78.5000000   63.00000  19.7%   9.4    2s
H  159   192                      77.7500000   63.00000  19.0%   6.3    3s
H  165   192                      77.5000000   63.00000  18.7%   6.1    3s
H  191   224                      77.2500000   63.00000  18.4%   5.4    4s
H  192   224                      77.0000000   63.00000  18.2%   5.4    4s
H  207   224                      76.0000000   63.00000  17.1%   5.1    4s
   223   310   63.00000   11   58   76.00000   63.00000  17.1%   4.8    5s
H 1018  1041                      75.7500000   63.00000  16.8%   2.5    7s
H 1048  1073                      75.2500000   63.00000  16.3%   2.5    9s
H 1051  1073                      75.0000000   63.00000  16.0%   2.5    9s
H 1058  1073                      74.2500000   63.00000  15.2%   2.5    9s
H 1067  1073                      74.0000000   63.00000  14.9%   2.5    9s
  1080  2942   63.00000   38   66   74.00000   63.00000  14.9%   2.5   10s
H 3021  2969                      73.9999999   63.00000  14.9%   3.2   12s
H 3284  5692                      73.9999998   63.00000  14.9%   3.1   13s
H 5861  5724                      73.9999996   63.00000  14.9%   2.8   14s
  5881  6683   65.00000  195   58   74.00000   63.00000  14.9%   2.8   16s
H 5954  6683                      73.9999995   63.00000  14.9%   2.8   16s
H 7016  6945                      73.9999995   63.00000  14.9%   2.7   17s
H 7019  6945                      73.9999994   63.00000  14.9%   2.7   17s
H 7077  6945                      73.9999993   63.00000  14.9%   2.8   17s
H 7278  8541                      73.9999991   63.00000  14.9%   2.7   19s
H 7305  8541                      73.9999990   63.00000  14.9%   2.7   19s
H 7452  8541                      73.9999989   63.00000  14.9%   2.9   19s
  8978  9520   63.00000   23   58   74.00000   63.00000  14.9%   3.1   21s
H 9166  9520                      73.9999988   63.00000  14.9%   3.1   21s
H 9368  9520                      73.9999988   63.00000  14.9%   3.1   21s
H 9635  9520                      73.9999988   63.00000  14.9%   3.2   21s
 10182  9625   63.00000   17   51   74.00000   63.00000  14.9%   4.8   27s
H10286  9210                      73.7500000   63.00000  14.6%   4.8   29s
H10296  8753                      73.2500000   63.00000  14.0%   5.2   29s
 10370  9173   63.00000   20   52   73.25000   63.00000  14.0%   5.9   30s
H10756  8646                      73.0000000   63.00000  13.7%   6.1   32s
 10786  9466   63.00000   27   46   73.00000   63.00000  13.7%   6.1   35s
H11824  9502                      73.0000000   63.00000  13.7%   8.0   37s
H20579 13591                      72.9999999   63.00000  13.7%  12.2   41s
H20593 13217                      72.9999999   63.00000  13.7%  12.2   41s
H20788 15778                      72.9999997   63.00000  13.7%  12.1   42s
H24496 14237                      72.9999996   63.00000  13.7%  12.5   47s
H24497 13921                      72.9999995   63.00000  13.7%  12.5   47s
H24524 13611                      72.9999994   63.00000  13.7%  12.7   47s
 27729 15319 infeasible  113        73.00000   63.00000  13.7%  13.5   50s
 34765 21286   63.00000   62   60   73.00000   63.00000  13.7%  14.6   56s
 41205 35272   63.00000  102   57   73.00000   63.00000  13.7%  15.4   60s
 51808 36974   63.00000  169   69   73.00000   63.00000  13.7%  16.6   65s
 63618 45128   63.00000   69   75   73.00000   63.00000  13.7%  17.0   73s
 63656 68234   63.00000   70   72   73.00000   63.00000  13.7%  17.0   79s
 95688 68257     cutoff  233        73.00000   63.00000  13.7%  18.2   84s
H95690 68257                      72.9999993   63.00000  13.7%  18.2   84s
 95728 94001     cutoff  234        73.00000   63.00000  13.7%  18.3   90s
 127760 94033   71.50000  495   29   73.00000   63.00000  13.7%  18.2   95s
H127761 94033                      72.9999993   63.00000  13.7%  18.2   95s
H127763 94033                      72.9999993   63.00000  13.7%  18.2   95s
 127792 116150   71.50000  496   31   73.00000   63.00000  13.7%  18.2  101s
 159824 116173   68.75000  412   58   73.00000   63.00000  13.7%  17.9  105s
H159825 116173                      72.9999992   63.00000  13.7%  17.9  105s
H159828 116173                      72.9999992   63.00000  13.7%  17.9  105s
H159841 116173                      72.9999989   63.00000  13.7%  17.9  105s
 159868 139617   68.75000  413   57   73.00000   63.00000  13.7%  17.9  113s
H159889 139617                      72.9999988   63.00000  13.7%  17.9  113s
H160890 139617                      72.9999987   63.00000  13.7%  17.8  113s
H190920 139617                      72.9999987   63.00000  13.7%  17.5  114s
H191900 139645                      72.9999984   63.00000  13.7%  17.5  118s
H191920 139645                      72.9999980   63.00000  13.7%  17.5  118s
 191935 162703   63.00000  167   51   73.00000   63.00000  13.7%  17.5  124s
H198968 162703                      72.9999980   63.00000  13.7%  17.4  125s
H201971 162703                      72.9999978   63.00000  13.7%  17.3  125s
H224001 163319                      72.9999978   63.00000  13.7%  17.0  128s
H224198 163319                      72.9999977   63.00000  13.7%  17.0  128s
H224407 163319                      72.9999977   63.00000  13.7%  17.0  128s
 224774 188189 infeasible  244        73.00000   63.00000  13.7%  17.0  135s
H224775 188189                      72.9999976   63.00000  13.7%  17.0  135s
H225775 188189                      72.9999975   63.00000  13.7%  17.0  135s
H256154 188195                      72.9999974   63.00000  13.7%  16.6  138s
H256155 188195                      72.9999974   63.00000  13.7%  16.6  138s
 256205 210392   63.00000  180   84   73.00000   63.00000  13.7%  16.6  148s
H262211 210392                      72.9999973   63.00000  13.7%  16.5  148s
 288237 213596   64.50000  251   60   73.00000   63.00000  13.7%  16.4  151s
H292560 214253                      72.9999973   63.00000  13.7%  16.4  154s
 293268 222529   66.75000  317   51   73.00000   63.00000  13.7%  16.4  158s
H294064 222529                      72.9999972   63.00000  13.7%  16.4  158s
 306200 222553   67.00000  545   56   73.00000   63.00000  13.7%  16.2  161s
H306205 222553                      72.9999972   63.00000  13.7%  16.2  161s
 315561 228666   72.50000  281   67   73.00000   63.00000  13.7%  16.1  169s
H315590 228666                      72.9999972   63.00000  13.7%  16.1  169s
 315601 229190   72.50000  280   61   73.00000   63.00000  13.7%  16.1  171s
 323177 233923   63.00000  212   62   73.00000   63.00000  13.7%  16.1  177s
 323675 255791   63.25000  218   60   73.00000   63.00000  13.7%  16.1  184s
 355707 255812   63.00000  146   59   73.00000   63.00000  13.7%  16.0  188s
 355746 278711   63.00000  147   57   73.00000   63.00000  13.7%  16.0  196s
 387778 278733   72.75000  426   54   73.00000   63.00000  13.7%  15.9  201s
 387818 300681     cutoff  427        73.00000   63.00000  13.7%  15.9  210s
 419850 300707   64.00000  273   79   73.00000   63.00000  13.7%  15.7  216s
 419888 322792   67.25000  274   71   73.00000   63.00000  13.7%  15.7  221s
 451920 322819   67.00000  157   69   73.00000   63.00000  13.7%  15.5  227s
 451954 345415   67.00000  158   68   73.00000   63.00000  13.7%  15.5  234s
 483986 345483   72.50000  184   61   73.00000   63.00000  13.7%  15.4  238s
 484067 367264   72.75000  185   66   73.00000   63.00000  13.7%  15.4  246s
 516099 367290   72.54146  227   70   73.00000   63.00000  13.7%  15.2  250s
 516135 386948     cutoff  228        73.00000   63.00000  13.7%  15.2  257s
 548167 386976     cutoff  263        73.00000   63.00000  13.7%  15.1  268s
 548203 408474     cutoff  260        73.00000   63.00000  13.7%  15.1  273s
 580235 408493     cutoff  343        73.00000   63.00000  13.7%  15.0  278s
 580278 428938   70.50000  342   75   73.00000   63.00000  13.7%  15.0  283s
 612310 428964   65.00000  293   73   73.00000   63.00000  13.7%  14.8  291s
 612346 450370   65.00000  294   73   73.00000   63.00000  13.7%  14.8  296s
 644378 450375     cutoff  266        73.00000   63.00000  13.7%  14.6  300s
 644435 472636   63.00000  230   64   73.00000   63.00000  13.7%  14.6  308s
 676467 472668   64.50000  286   62   73.00000   63.00000  13.7%  14.5  312s
 676499 494345   65.00000  285   60   73.00000   63.00000  13.7%  14.5  320s
 708531 494367   64.25000  201   74   73.00000   63.00000  13.7%  14.4  326s
 708568 516559   63.75000  201   88   73.00000   63.00000  13.7%  14.4  337s
 740600 516586   63.00000  325   64   73.00000   63.00000  13.7%  14.3  343s
 740635 537846   63.00000  325   67   73.00000   63.00000  13.7%  14.3  348s
 772667 537871   67.00000  183   75   73.00000   63.00000  13.7%  14.2  354s
 772705 558665   70.75000  184   83   73.00000   63.00000  13.7%  14.2  359s
 804737 558688     cutoff  274        73.00000   63.00000  13.7%  14.2  363s
 804776 582563     cutoff  275        73.00000   63.00000  13.7%  14.2  372s
 836808 582586   64.00000  322   67   73.00000   63.00000  13.7%  14.2  377s
 836848 603619   64.00000  323   65   73.00000   63.00000  13.7%  14.2  385s
 868880 603643     cutoff  248        73.00000   63.00000  13.7%  14.1  390s
 868920 623532     cutoff  248        73.00000   63.00000  13.7%  14.1  395s
 900952 623559   64.50000  284   77   73.00000   63.00000  13.7%  14.1  402s
 900988 644505   64.50521  280   63   73.00000   63.00000  13.7%  14.1  407s
 933020 644532   72.50000  428   51   73.00000   63.00000  13.7%  14.1  413s
 933054 667018   72.50000  429   51   73.00000   63.00000  13.7%  14.1  417s
 965086 667020     cutoff  339        73.00000   63.00000  13.7%  14.0  423s
 965144 688865     cutoff  340        73.00000   63.00000  13.7%  14.0  428s
 997176 688888   71.51923  374   58   73.00000   63.00000  13.7%  13.9  432s
 997217 710940     cutoff  375        73.00000   63.00000  13.7%  13.9  440s
 1029249 710965     cutoff  287        73.00000   63.00000  13.7%  13.9  446s
 1029288 732275   72.75000  286   64   73.00000   63.00000  13.7%  13.9  454s
 1061320 732298   72.00000  214   83   73.00000   63.00000  13.7%  13.9  462s
H1061341 621378                      71.7500000   63.00000  12.2%  13.9  462s
 1061359 642267     cutoff  215        71.75000   63.00000  12.2%  13.9  469s
H1062300 630329                      71.5000000   63.00000  11.9%  13.9  469s
H1067906 630049                      71.3333333   63.00000  11.7%  13.9  469s
H1074813 619853                      71.2500000   63.00000  11.6%  13.9  470s
H1093391 617802                      71.2499994   63.00000  11.6%  13.8  475s
H1093392 605775                      71.0000000   63.00000  11.3%  13.8  475s
 1093462 627249     cutoff  239        71.00000   63.00000  11.3%  13.8  483s
H1104498 627249                      70.9999998   63.00000  11.3%  13.8  483s
H1125494 627269                      70.9999992   63.00000  11.3%  13.8  488s
H1125501 627269                      70.9999991   63.00000  11.3%  13.8  488s
H1125508 627269                      70.9999989   63.00000  11.3%  13.8  488s
 1125534 646498     cutoff  232        71.00000   63.00000  11.3%  13.8  499s
H1126300 646498                      70.9999988   63.00000  11.3%  13.8  500s
H1126560 646498                      70.9999987   63.00000  11.3%  13.8  500s
H1129103 646498                      70.9999987   63.00000  11.3%  13.8  500s
H1157575 646541                      70.9999986   63.00000  11.3%  13.8  504s
H1157581 646541                      70.9999985   63.00000  11.3%  13.8  504s
H1157616 646541                      70.9999984   63.00000  11.3%  13.8  504s
 1157627 666898   63.00000  174   66   71.00000   63.00000  11.3%  13.8  514s
H1157653 666898                      70.9999983   63.00000  11.3%  13.8  515s
H1158600 666898                      70.9999982   63.00000  11.3%  13.8  515s
H1163605 666898                      70.9999982   63.00000  11.3%  13.8  515s
H1163806 666898                      70.9999979   63.00000  11.3%  13.8  515s
 1189659 666959   69.50000  140   81   71.00000   63.00000  11.3%  13.8  520s
H1189662 666959                      70.9999979   63.00000  11.3%  13.8  520s
H1189663 666959                      70.9999978   63.00000  11.3%  13.8  520s
H1189775 666959                      70.9999978   63.00000  11.3%  13.8  520s
H1189779 666959                      70.9999978   63.00000  11.3%  13.8  520s
H1189829 666959                      70.9999978   63.00000  11.3%  13.8  520s
 1189884 690197   69.50000  141   81   71.00000   63.00000  11.3%  13.8  529s
H1190910 690197                      70.9999977   63.00000  11.3%  13.8  529s
H1197919 690197                      70.9999975   63.00000  11.3%  13.8  529s
 1221916 690225   65.00000  294   53   71.00000   63.00000  11.3%  13.8  534s
H1221923 690225                      70.9999975   63.00000  11.3%  13.8  534s
 1221952 710608   65.00000  295   53   71.00000   63.00000  11.3%  13.8  544s
H1234990 710608                      70.9999975   63.00000  11.3%  13.8  544s
H1239995 710608                      70.9999974   63.00000  11.3%  13.8  544s
H1253984 710635                      70.9999973   63.00000  11.3%  13.8  548s
 1254020 732746 infeasible   95        71.00000   63.00000  11.3%  13.8  555s
H1267513 732746                      70.9999973   63.00000  11.3%  13.8  556s
 1286052 732769   70.75000  202   79   71.00000   63.00000  11.3%  13.8  564s
H1286055 732769                      70.9999973   63.00000  11.3%  13.8  564s
H1286060 732769                      70.9999971   63.00000  11.3%  13.8  564s
 1286092 752984 infeasible  203        71.00000   63.00000  11.3%  13.8  572s
H1298130 752984                      70.9999971   63.00000  11.3%  13.8  573s
 1318124 753010     cutoff  244        71.00000   63.00000  11.3%  13.8  579s
H1318141 753010                      70.9999971   63.00000  11.3%  13.8  580s
 1318160 774956   70.26562  243   53   71.00000   63.00000  11.3%  13.8  590s
 1350192 774978   64.50000  301   84   71.00000   63.00000  11.3%  13.9  597s
 1350233 798026   64.50000  302   82   71.00000   63.00000  11.3%  13.9  603s
H1382265 798040                      70.9999971   63.00000  11.3%  13.9  609s
 1382314 818483   64.25000  171   93   71.00000   63.00000  11.3%  13.9  617s
H1402620 818483                      70.9999970   63.00000  11.3%  13.9  617s
 1414346 818507   64.50000  206   82   71.00000   63.00000  11.3%  13.9  623s
 1414384 842849   65.50000  207   74   71.00000   63.00000  11.3%  13.9  631s
 1446416 842867     cutoff  348        71.00000   63.00000  11.3%  13.9  638s
 1446455 863996   70.75000  347   62   71.00000   63.00000  11.3%  13.9  645s
 1478487 864024   70.75000  161   58   71.00000   63.00000  11.3%  13.8  652s
 1478523 886544   70.75000  162   58   71.00000   63.00000  11.3%  13.8  658s
 1510555 886564   68.75000  274   60   71.00000   63.00000  11.3%  13.8  663s
 1510597 907522   68.50000  275   57   71.00000   63.00000  11.3%  13.8  671s
 1542629 907520   63.50000  218   75   71.00000   63.00000  11.3%  13.7  678s
 1542692 929240   63.75000  219   72   71.00000   63.00000  11.3%  13.7  685s
 1574724 929264   64.50000  232   72   71.00000   63.00000  11.3%  13.7  691s
 1574761 950525   64.50000  233   72   71.00000   63.00000  11.3%  13.7  700s
 1606832 971183     cutoff  214        71.00000   63.00000  11.3%  13.6  713s
 1638864 971202   69.50000  294   69   71.00000   63.00000  11.3%  13.5  718s
 1638907 990656   69.50000  295   71   71.00000   63.00000  11.3%  13.5  724s
 1670939 990672   69.25000  255   41   71.00000   63.00000  11.3%  13.5  730s
 1670985 1009677   67.25000  255   43   71.00000   63.00000  11.3%  13.5  736s
 1703017 1009696   66.75000  184   58   71.00000   63.00000  11.3%  13.4  741s
 1703059 1029876   66.75000  185   58   71.00000   63.00000  11.3%  13.4  747s
 1735091 1029887   66.75000  207   68   71.00000   63.00000  11.3%  13.4  753s
 1735139 1049107   66.75000  208   68   71.00000   63.00000  11.3%  13.4  761s
 1767171 1049130   63.50000  244   48   71.00000   63.00000  11.3%  13.3  767s
 1767211 1068899   63.50000  245   48   71.00000   63.00000  11.3%  13.3  773s
 1799243 1068920   69.75000  273   50   71.00000   63.00000  11.3%  13.3  779s
 1799283 1088081   69.75000  273   58   71.00000   63.00000  11.3%  13.3  784s
 1821305 1088081   63.00000  246   65   71.00000   63.00000  11.3%  13.3  785s
 1831315 1088097   64.75000  245   68   71.00000   63.00000  11.3%  13.2  790s
 1831360 1106655   66.00000  243   64   71.00000   63.00000  11.3%  13.2  797s
 1863392 1106676     cutoff  209        71.00000   63.00000  11.3%  13.2  803s
 1863432 1124985   69.75000  207   74   71.00000   63.00000  11.3%  13.2  812s
 1895464 1124995   63.50000  285   68   71.00000   63.00000  11.3%  13.2  821s
 1895514 1141367   63.50000  286   68   71.00000   63.00000  11.3%  13.2  827s
 1927546 1141390   68.75000  353   53   71.00000   63.00000  11.3%  13.1  832s
 1927585 1159004   68.75000  354   53   71.00000   63.00000  11.3%  13.1  839s
 1959617 1159025     cutoff  340        71.00000   63.00000  11.3%  13.1  843s
 1959658 1177351   70.50000  336   69   71.00000   63.00000  11.3%  13.1  852s
 1991690 1177367   65.00000  296   38   71.00000   63.00000  11.3%  13.0  856s
 1991734 1196566   65.00000  297   38   71.00000   63.00000  11.3%  13.0  865s
H2018226 1196566                      70.9999947   63.00000  11.3%  13.0  866s
 2023766 1196587   70.75000  341   57   70.99999   63.00000  11.3%  13.0  871s
 2023808 1215385     cutoff  342        70.99999   63.00000  11.3%  13.0  878s
 2055840 1215406     cutoff  335        70.99999   63.00000  11.3%  12.9  884s
 2055882 1233089   70.75000  331   59   70.99999   63.00000  11.3%  12.9  889s
 2087914 1233107 infeasible  311        70.99999   63.00000  11.3%  12.9  894s
 2087957 1250806 infeasible  312        70.99999   63.00000  11.3%  12.9  904s
 2119989 1250829   63.50000  285   44   70.99999   63.00000  11.3%  12.9  908s
 2120029 1268434   64.00000  286   42   70.99999   63.00000  11.3%  12.9  917s
 2152061 1268451   65.00000  211   77   70.99999   63.00000  11.3%  12.8  922s
 2152102 1285895   65.00000  212   77   70.99999   63.00000  11.3%  12.8  929s
 2184134 1285917   63.25000  296   67   70.99999   63.00000  11.3%  12.8  936s
H2184163 1285917                      70.9999947   63.00000  11.3%  12.8  937s
 2184174 1303162   66.75000  297   73   70.99999   63.00000  11.3%  12.8  943s
 2216206 1303185   69.00000  223   55   70.99999   63.00000  11.3%  12.8  949s
 2216244 1322649   69.00000  222   60   70.99999   63.00000  11.3%  12.8  958s
 2248276 1322667   66.00000  294   56   70.99999   63.00000  11.3%  12.7  965s
 2248318 1341724   68.00000  295   56   70.99999   63.00000  11.3%  12.7  973s
 2280350 1341746   70.75000  275   50   70.99999   63.00000  11.3%  12.7  979s
 2280390 1360628     cutoff  276        70.99999   63.00000  11.3%  12.7  985s
 2312422 1360650     cutoff  312        70.99999   63.00000  11.3%  12.7  993s
 2312464 1378608     cutoff  310        70.99999   63.00000  11.3%  12.7  999s
 2344496 1378619   70.00000  291   55   70.99999   63.00000  11.3%  12.7 1002s
 2344541 1396986     cutoff  292        70.99999   63.00000  11.3%  12.7 1012s
 2376573 1396998     cutoff  260        70.99999   63.00000  11.3%  12.6 1016s
 2376624 1414816     cutoff  261        70.99999   63.00000  11.3%  12.6 1025s
 2408656 1414841   64.00000  309   59   70.99999   63.00000  11.3%  12.6 1030s
 2408695 1432892   64.64423  310   61   70.99999   63.00000  11.3%  12.6 1036s
 2440727 1432909     cutoff  214        70.99999   63.00000  11.3%  12.6 1042s
 2440773 1449064   63.75000  206   56   70.99999   63.00000  11.3%  12.6 1048s
 2472805 1449078   66.25000  229   53   70.99999   63.00000  11.3%  12.6 1052s
 2472852 1466658     cutoff  230        70.99999   63.00000  11.3%  12.6 1060s
 2504884 1466676   70.01923  234   63   70.99999   63.00000  11.3%  12.5 1065s
 2504927 1483770     cutoff  235        70.99999   63.00000  11.3%  12.5 1080s
 2536959 1483788   67.00000  287   71   70.99999   63.00000  11.3%  12.5 1087s
 2537001 1499541   68.75000  288   67   70.99999   63.00000  11.3%  12.5 1094s
 2569033 1499557   70.50000  321   55   70.99999   63.00000  11.3%  12.5 1099s
 2569077 1516006     cutoff  322        70.99999   63.00000  11.3%  12.5 1106s
 2601109 1516028   70.50000  272   77   70.99999   63.00000  11.3%  12.5 1112s
 2601149 1532267     cutoff  273        70.99999   63.00000  11.3%  12.5 1119s
 2633181 1532283   67.00000  315   69   70.99999   63.00000  11.3%  12.5 1123s
 2633227 1548637   67.00000  316   70   70.99999   63.00000  11.3%  12.5 1133s
 2665259 1548654   64.25000  207   67   70.99999   63.00000  11.3%  12.5 1138s
 2665306 1564433   64.25000  208   67   70.99999   63.00000  11.3%  12.5 1145s
 2697338 1564446   65.00000  208   54   70.99999   63.00000  11.3%  12.4 1150s
 2697387 1580513   68.50000  209   53   70.99999   63.00000  11.3%  12.4 1157s
 2729419 1580529   63.00000  227   76   70.99999   63.00000  11.3%  12.4 1163s
 2729464 1596102   63.00000  228   79   70.99999   63.00000  11.3%  12.4 1169s
 2761496 1596125   70.75000  254   56   70.99999   63.00000  11.3%  12.4 1173s
 2761535 1613838     cutoff  255        70.99999   63.00000  11.3%  12.4 1183s
 2793567 1613861     cutoff  307        70.99999   63.00000  11.3%  12.4 1187s
 2793608 1629522   66.00000  305   39   70.99999   63.00000  11.3%  12.4 1196s
 2825640 1629545   70.00000  291   53   70.99999   63.00000  11.3%  12.3 1202s
 2825680 1645529     cutoff  292        70.99999   63.00000  11.3%  12.3 1209s
 2857712 1645545   70.50000  241   69   70.99999   63.00000  11.3%  12.3 1214s
 2857758 1660292     cutoff  242        70.99999   63.00000  11.3%  12.3 1220s
 2889790 1660304   69.25000  321   59   70.99999   63.00000  11.3%  12.3 1226s
 2889837 1676271     cutoff  322        70.99999   63.00000  11.3%  12.3 1232s
 2921869 1676333   69.00000  276   49   70.99999   63.00000  11.3%  12.3 1235s
 2921971 1693121     cutoff  277        70.99999   63.00000  11.3%  12.3 1244s
 2954003 1693139   66.50000  415   92   70.99999   63.00000  11.3%  12.3 1249s
 2954049 1709724   66.58000  416   91   70.99999   63.00000  11.3%  12.3 1256s
 2986081 1709742   70.50000  419   61   70.99999   63.00000  11.3%  12.3 1262s
 2986126 1725532     cutoff  420        70.99999   63.00000  11.3%  12.3 1268s
 3018158 1725559   64.00000  330   81   70.99999   63.00000  11.3%  12.2 1274s
 3018195 1740841   64.00000  331   86   70.99999   63.00000  11.3%  12.2 1280s
 3050227 1740854     cutoff  365        70.99999   63.00000  11.3%  12.2 1285s
 3050276 1759104   65.50000  365   69   70.99999   63.00000  11.3%  12.2 1294s
 3082308 1759128   70.75000  509   44   70.99999   63.00000  11.3%  12.2 1297s
 3082347 1776848   70.75000  509   50   70.99999   63.00000  11.3%  12.2 1307s
 3114379 1776869   63.00000  318   84   70.99999   63.00000  11.3%  12.2 1312s
 3114419 1793159   63.00000  319   84   70.99999   63.00000  11.3%  12.2 1318s
 3146451 1793179   63.00000  361   72   70.99999   63.00000  11.3%  12.2 1325s
 3146491 1808704   63.00000  362   70   70.99999   63.00000  11.3%  12.2 1332s
 3178523 1808721   64.00000  447   70   70.99999   63.00000  11.3%  12.2 1338s
 3178567 1825763   64.25000  448   68   70.99999   63.00000  11.3%  12.2 1344s
 3210599 1825781   65.25000  442   56   70.99999   63.00000  11.3%  12.2 1348s
 3210645 1842418   65.25000  446   54   70.99999   63.00000  11.3%  12.2 1357s
 3242677 1842437   68.00000  460   64   70.99999   63.00000  11.3%  12.2 1362s
 3242719 1857402   68.00000  461   64   70.99999   63.00000  11.3%  12.2 1371s
 3274751 1857423   70.75000  454   59   70.99999   63.00000  11.3%  12.2 1376s
 3274790 1874333   70.78486  455   64   70.99999   63.00000  11.3%  12.2 1384s
 3306822 1874349   63.50000  478   60   70.99999   63.00000  11.3%  12.2 1389s
 3306868 1889617   63.00000  477   62   70.99999   63.00000  11.3%  12.2 1395s
 3338900 1889639   64.00000  420   63   70.99999   63.00000  11.3%  12.2 1400s
 3338937 1906503   66.00000  421   56   70.99999   63.00000  11.3%  12.2 1407s
 3370969 1906512   65.25000  433   70   70.99999   63.00000  11.3%  12.2 1411s
 3371019 1922455   65.50000  434   68   70.99999   63.00000  11.3%  12.2 1420s
 3403051 1922475     cutoff  430        70.99999   63.00000  11.3%  12.1 1426s
 3403094 1938041   70.75000  429   65   70.99999   63.00000  11.3%  12.1 1434s
 3433124 1938041   63.00000  344   62   70.99999   63.00000  11.3%  12.1 1435s
 3435171 1953261   69.50000  420   65   70.99999   63.00000  11.3%  12.1 1449s
 3467203 1953281   70.50000  357   63   70.99999   63.00000  11.3%  12.1 1454s
 3467244 1969068   70.50000  357   65   70.99999   63.00000  11.3%  12.1 1461s
H3499276 1898524                      70.7500000   63.00000  11.0%  12.1 1468s
 3499320 1911908   63.50000  400   69   70.75000   63.00000  11.0%  12.1 1474s
 3531352 1911922   68.25000  473   58   70.75000   63.00000  11.0%  12.1 1482s
H3531353 1843465                      70.5000000   63.00000  10.6%  12.1 1483s
H3531354 1792439                      70.2500000   63.00000  10.3%  12.1 1483s
H3531371 1741079                      70.0000000   63.00000  10.0%  12.1 1484s
 3531398 1755524   64.75000  472   61   70.00000   63.00000  10.0%  12.1 1492s
H3536428 1755521                      69.9999996   63.00000  10.0%  12.1 1493s
 3563430 1755528   69.50000  405   61   70.00000   63.00000  10.0%  12.1 1499s
H3563433 1755528                      69.9999994   63.00000  10.0%  12.1 1499s
H3563441 1755527                      69.9999987   63.00000  10.0%  12.1 1499s
 3563482 1770895 infeasible  406        70.00000   63.00000  10.0%  12.1 1507s
H3563500 1770895                      69.9999987   63.00000  10.0%  12.1 1508s
H3563507 1770895                      69.9999986   63.00000  10.0%  12.1 1508s
H3565502 1770895                      69.9999986   63.00000  10.0%  12.1 1508s
H3571207 1770895                      69.9999986   63.00000  10.0%  12.1 1509s
H3574518 1770895                      69.9999984   63.00000  10.0%  12.1 1509s
H3593537 1770895                      69.9999984   63.00000  10.0%  12.1 1510s
H3595514 1770915                      69.9999984   63.00000  10.0%  12.1 1517s
H3595516 1770915                      69.9999984   63.00000  10.0%  12.1 1517s
H3595522 1770915                      69.9999983   63.00000  10.0%  12.1 1517s
H3595527 1770851                      69.9999411   63.00000  10.0%  12.1 1518s
H3595539 1631124                      69.2499986   63.00000  9.03%  12.1 1518s
 3595555 1646214     cutoff  421        69.25000   63.00000  9.03%  12.1 1527s
H3595582 1596100                      68.9999988   63.00000  8.70%  12.1 1527s
H3596400 1596100                      68.9999988   63.00000  8.70%  12.1 1527s
H3607311 1596100                      68.9999986   63.00000  8.70%  12.1 1528s
H3619612 1596100                      68.9999984   63.00000  8.70%  12.1 1528s
 3627587 1595257     cutoff  403        69.00000   63.00000  8.70%  12.1 1534s
H3627588 1595257                      68.9999983   63.00000  8.70%  12.1 1535s
H3627591 1595257                      68.9999982   63.00000  8.70%  12.1 1535s
H3627599 1595257                      68.9999982   63.00000  8.70%  12.1 1535s
H3627599 1595257                      68.9999981   63.00000  8.70%  12.1 1535s
 3627642 1610052 infeasible  404        69.00000   63.00000  8.70%  12.1 1544s
H3631671 1610052                      68.9999979   63.00000  8.70%  12.1 1544s
 3632647 1610052   68.00000  397   70   69.00000   63.00000  8.70%  12.1 1545s
H3659674 1610065                      68.9999979   63.00000  8.70%  12.1 1551s
H3659676 1610065                      68.9999978   63.00000  8.70%  12.1 1551s
H3659686 1610065                      68.9999977   63.00000  8.70%  12.1 1552s
H3659687 1610065                      68.9999949   63.00000  8.70%  12.1 1552s
 3659721 1627193   64.00000  189   68   68.99999   63.00000  8.70%  12.1 1562s
H3659800 1627193                      68.9999949   63.00000  8.70%  12.1 1562s
H3679767 1627193                      68.9999948   63.00000  8.70%  12.2 1563s
 3691753 1627211   68.75000  373   66   68.99999   63.00000  8.70%  12.2 1569s
 3691797 1644994   68.75000  374   63   68.99999   63.00000  8.70%  12.2 1577s
H3706837 1644994                      68.9999947   63.00000  8.70%  12.2 1578s
 3723829 1645009     cutoff  205        68.99999   63.00000  8.70%  12.2 1585s
 3723873 1663650   68.75000  204   66   68.99999   63.00000  8.70%  12.2 1593s
H3739914 1663650                      68.9999947   63.00000  8.70%  12.2 1594s
 3755905 1663675   63.00000  167   72   68.99999   63.00000  8.70%  12.3 1600s
 3755944 1683314   63.00000  168   72   68.99999   63.00000  8.70%  12.3 1608s
H3758972 1683314                      68.9999946   63.00000  8.70%  12.3 1609s
 3786975 1683314   63.00000  216   90   68.99999   63.00000  8.70%  12.3 1610s
 3787976 1683332     cutoff  254        68.99999   63.00000  8.70%  12.3 1615s
 3788022 1703691   68.00000  255   88   68.99999   63.00000  8.70%  12.3 1634s
 3820054 1703710   68.25000  197   71   68.99999   63.00000  8.70%  12.3 1640s
 3820097 1723525   68.25000  198   71   68.99999   63.00000  8.70%  12.3 1649s
H3824132 1723525                      68.9999945   63.00000  8.70%  12.3 1650s
 3852129 1723554   63.00000  181   78   68.99999   63.00000  8.70%  12.3 1655s
 3852163 1742502   63.00000  182   78   68.99999   63.00000  8.70%  12.3 1664s
H3867203 1742502                      68.9999945   63.00000  8.70%  12.3 1665s
 3884195 1742525     cutoff  177        68.99999   63.00000  8.70%  12.3 1670s
H3884200 1742525                      68.9999944   63.00000  8.70%  12.3 1671s
 3884236 1761113   68.75000  176   92   68.99999   63.00000  8.70%  12.3 1679s
 3916268 1761137   65.00000  274   58   68.99999   63.00000  8.70%  12.4 1685s
H3916277 1761137                      68.9999943   63.00000  8.70%  12.4 1685s
 3916307 1780461   65.50000  275   55   68.99999   63.00000  8.70%  12.4 1694s
 3948339 1780465   67.75000  223   66   68.99999   63.00000  8.70%  12.4 1699s
 3948391 1799369   67.75000  224   66   68.99999   63.00000  8.70%  12.4 1708s
H3962430 1799369                      68.9999943   63.00000  8.70%  12.4 1709s
 3980423 1799388   66.50000  184   87   68.99999   63.00000  8.70%  12.4 1714s
H3980458 1799388                      68.9999942   63.00000  8.70%  12.4 1715s
 3980466 1817475   66.50000  185   84   68.99999   63.00000  8.70%  12.4 1723s
 4012498 1817494   63.50000  191   78   68.99999   63.00000  8.70%  12.4 1729s
 4012538 1835622   63.50000  192   76   68.99999   63.00000  8.70%  12.4 1741s
H4027314 1835622                      68.9999942   63.00000  8.70%  12.4 1742s
 4044570 1835646   68.50000  174   70   68.99999   63.00000  8.70%  12.4 1747s
 4044607 1854751   68.50000  175   70   68.99999   63.00000  8.70%  12.4 1755s
 4076639 1854774   68.87500  387   69   68.99999   63.00000  8.70%  12.4 1761s
 4076678 1872867   68.87500  388   69   68.99999   63.00000  8.70%  12.4 1770s
 4108710 1872895   68.75000  180   81   68.99999   63.00000  8.70%  12.4 1776s
 4108744 1892255     cutoff  181        68.99999   63.00000  8.70%  12.4 1785s
H4127788 1892255                      68.9999942   63.00000  8.70%  12.4 1786s
H4140776 1892272                      68.9999941   63.00000  8.70%  12.4 1792s
 4140820 1911415   67.50000  205   68   68.99999   63.00000  8.70%  12.4 1803s
 4172852 1911962   67.50000  258   59   68.99999   63.00000  8.70%  12.4 1807s
 4173906 1930023   66.00000  258   56   68.99999   63.00000  8.70%  12.4 1817s
 4205938 1930608     cutoff  287        68.99999   63.00000  8.70%  12.4 1820s
 4207083 1948848   63.50000  244   75   68.99999   63.00000  8.70%  12.4 1831s
H4238515 1950029                      68.9999941   63.00000  8.70%  12.4 1835s
 4239437 1959147   66.75000  241   64   68.99999   63.00000  8.70%  12.4 1841s
H4248597 1959147                      68.9999941   63.00000  8.70%  12.4 1842s
 4255237 1960063   63.00000  206   69   68.99999   63.00000  8.70%  12.4 1845s
H4256332 1960063                      68.9999940   63.00000  8.70%  12.4 1845s
H4257995 1960990                      68.9999939   63.00000  8.70%  12.4 1849s
 4258694 1961884   63.50000  233   67   68.99999   63.00000  8.70%  12.4 1853s
H4259444 1961884                      68.9999939   63.00000  8.70%  12.4 1853s
 4259883 1971997   63.50000  256   68   68.99999   63.00000  8.70%  12.4 1858s
 4277027 1972020     cutoff  249        68.99999   63.00000  8.70%  12.4 1863s
 4277067 1990538     cutoff  249        68.99999   63.00000  8.70%  12.4 1872s
H4295110 1990538                      68.9999938   63.00000  8.70%  12.4 1872s
 4309099 1990557   64.75000  224   64   68.99999   63.00000  8.70%  12.4 1878s
 4309142 2008328   65.25000  225   63   68.99999   63.00000  8.70%  12.4 1886s
 4341174 2008353   68.00000  346   50   68.99999   63.00000  8.70%  12.4 1893s
 4341212 2025439   68.00000  347   49   68.99999   63.00000  8.70%  12.4 1904s
 4373244 2025464   63.00000  269   90   68.99999   63.00000  8.70%  12.4 1910s
 4373282 2044609   63.00000  270   90   68.99999   63.00000  8.70%  12.4 1918s
 4405314 2044619     cutoff  367        68.99999   63.00000  8.70%  12.4 1924s
H4405361 2044619                      68.9999938   63.00000  8.70%  12.4 1924s
 4405367 2062074   68.75000  368   34   68.99999   63.00000  8.70%  12.4 1931s
 4437399 2062097 infeasible  265        68.99999   63.00000  8.70%  12.4 1937s
 4437438 2080920   67.75000  265   78   68.99999   63.00000  8.70%  12.4 1945s
H4468494 2080920                      68.9999938   63.00000  8.70%  12.4 1946s
 4469470 2080940   68.75000  327   88   68.99999   63.00000  8.70%  12.4 1953s
 4469511 2098378   68.75000  326   95   68.99999   63.00000  8.70%  12.4 1959s
 4499541 2098378   63.00000  114   73   68.99999   63.00000  8.70%  12.4 1960s
 4501543 2098397   68.50000  166   50   68.99999   63.00000  8.70%  12.4 1965s
 4501588 2117141   68.50000  167   49   68.99999   63.00000  8.70%  12.4 1974s
H4510622 2117141                      68.9999937   63.00000  8.70%  12.4 1975s
 4533620 2117155   68.50000  255   62   68.99999   63.00000  8.70%  12.3 1980s
 4533665 2134487     cutoff  256        68.99999   63.00000  8.70%  12.3 1988s
 4565697 2134505   63.00000  277   58   68.99999   63.00000  8.70%  12.3 1993s
 4565741 2152348   63.00000  278   62   68.99999   63.00000  8.70%  12.3 2001s
 4597773 2152370     cutoff  195        68.99999   63.00000  8.70%  12.3 2007s
H4597791 2152370                      68.9999937   63.00000  8.70%  12.3 2007s
 4597814 2171851     cutoff  193        68.99999   63.00000  8.70%  12.3 2016s
 4629846 2171861     cutoff  233        68.99999   63.00000  8.70%  12.3 2021s
 4629895 2190132   63.00000  137   52   68.99999   63.00000  8.70%  12.3 2029s
 4657923 2190132   68.00000  242   85   68.99999   63.00000  8.70%  12.3 2030s
 4661927 2190157   64.83333  310   40   68.99999   63.00000  8.70%  12.3 2037s
 4661964 2209653   63.58333  310   44   68.99999   63.00000  8.70%  12.3 2045s
 4693996 2209676   67.00000  226   52   68.99999   63.00000  8.70%  12.3 2051s
 4694036 2229198   67.00000  227   52   68.99999   63.00000  8.70%  12.3 2058s
 4726068 2229225   66.50000  235   48   68.99999   63.00000  8.70%  12.2 2064s
 4726105 2248860   68.50000  236   46   68.99999   63.00000  8.70%  12.2 2071s
 4758137 2248882   64.25000  210   63   68.99999   63.00000  8.70%  12.2 2077s
 4758179 2267820   63.50000  210   57   68.99999   63.00000  8.70%  12.2 2085s
 4790211 2267846 infeasible  275        68.99999   63.00000  8.70%  12.2 2091s
 4790249 2288594   64.00000  121   67   68.99999   63.00000  8.70%  12.2 2099s
 4792251 2288594   63.00000  185   57   68.99999   63.00000  8.70%  12.2 2100s
 4822281 2288615   65.75000  248   58   68.99999   63.00000  8.70%  12.2 2106s
 4822324 2309218   65.75000  249   56   68.99999   63.00000  8.70%  12.2 2113s
 4854356 2309242   65.75000  190   78   68.99999   63.00000  8.70%  12.2 2121s
 4854394 2331200   66.25000  191   76   68.99999   63.00000  8.70%  12.2 2129s
 4886426 2331228   65.50000  247   61   68.99999   63.00000  8.70%  12.3 2135s
 4886462 2352959   65.50000  249   59   68.99999   63.00000  8.70%  12.3 2143s
 4918494 2352980   68.99998  200   49   68.99999   63.00000  8.70%  12.3 2150s
 4918535 2374470     cutoff  200        68.99999   63.00000  8.70%  12.3 2157s
 4950567 2374483   63.00000  223   66   68.99999   63.00000  8.70%  12.3 2164s
 4950617 2394815   63.00000  224   93   68.99999   63.00000  8.70%  12.3 2173s
 4982649 2394838   63.00000  170   91   68.99999   63.00000  8.70%  12.3 2180s
 4982688 2414113   63.00000  171   88   68.99999   63.00000  8.70%  12.3 2187s
 5014720 2414134   68.50000  226   58   68.99999   63.00000  8.70%  12.3 2194s
 5014762 2433332   68.50000  227   54   68.99999   63.00000  8.70%  12.3 2202s
 5046794 2433348   64.75000  227   56   68.99999   63.00000  8.70%  12.3 2211s
 5046840 2453093   65.80288  228   58   68.99999   63.00000  8.70%  12.3 2218s
 5078872 2453105     cutoff  192        68.99999   63.00000  8.70%  12.4 2222s
 5078921 2471952   63.00000  197   61   68.99999   63.00000  8.70%  12.4 2232s
 5110953 2471980   67.75000  191   56   68.99999   63.00000  8.70%  12.4 2237s
 5110989 2490754   68.00000  192   55   68.99999   63.00000  8.70%  12.4 2249s
 5143021 2490773   63.50000  176   63   68.99999   63.00000  8.70%  12.4 2253s
 5143065 2509737   63.68750  177   70   68.99999   63.00000  8.70%  12.4 2264s
 5164086 2509737     cutoff  216        68.99999   63.00000  8.70%  12.4 2265s
 5175136 2527176   63.75000  195   79   68.99999   63.00000  8.70%  12.4 2280s
 5207207 2544502   64.75000  227   72   68.99999   63.00000  8.70%  12.4 2295s
 5239239 2544522   67.75000  254   67   68.99999   63.00000  8.70%  12.4 2300s
 5239282 2561690   67.75000  255   70   68.99999   63.00000  8.70%  12.4 2311s
 5271314 2561707   63.50000  234  104   68.99999   63.00000  8.70%  12.4 2315s
 5271358 2578972   63.50000  235  104   68.99999   63.00000  8.70%  12.4 2326s
 5303437 2596962     cutoff  209        68.99999   63.00000  8.70%  12.4 2339s
 5328462 2596962     cutoff  260        68.99999   63.00000  8.70%  12.4 2340s
 5335506 2615051   66.25000  297   66   68.99999   63.00000  8.70%  12.4 2353s
 5367538 2615068   68.75000  220   67   68.99999   63.00000  8.70%  12.4 2357s
 5367583 2632060   68.75000  221   72   68.99999   63.00000  8.70%  12.4 2367s
 5399615 2632079   67.25000  256   77   68.99999   63.00000  8.70%  12.4 2371s
H5399648 2632079                      68.9999937   63.00000  8.70%  12.4 2373s
 5399657 2648421   67.25000  257   79   68.99999   63.00000  8.70%  12.4 2387s
 5431689 2648445     cutoff  237        68.99999   63.00000  8.70%  12.4 2394s
 5431727 2664706   65.37500  238   58   68.99999   63.00000  8.70%  12.4 2400s
 5463759 2664728   68.50000  233   57   68.99999   63.00000  8.70%  12.4 2407s
 5463801 2679816     cutoff  234        68.99999   63.00000  8.70%  12.4 2414s
 5495833 2679835   68.75000  299   81   68.99999   63.00000  8.70%  12.4 2419s
 5495875 2696860   68.75000  300   76   68.99999   63.00000  8.70%  12.4 2426s
 5527907 2696876   68.75000  341   65   68.99999   63.00000  8.70%  12.4 2433s
 5527955 2712977   68.75000  342   65   68.99999   63.00000  8.70%  12.4 2440s
 5559987 2712994   68.71154  192   70   68.99999   63.00000  8.70%  12.4 2447s
 5560032 2728349   68.50000  192   68   68.99999   63.00000  8.70%  12.4 2453s
 5592064 2728370     cutoff  288        68.99999   63.00000  8.70%  12.4 2459s
 5592105 2744598     cutoff  288        68.99999   63.00000  8.70%  12.4 2467s
 5624137 2744623   68.25000  245   67   68.99999   63.00000  8.70%  12.4 2475s
 5624175 2760336   68.25000  246   67   68.99999   63.00000  8.70%  12.4 2482s
 5656207 2760357   64.50000  237   62   68.99999   63.00000  8.70%  12.4 2489s
 5656248 2775159   64.50000  238   60   68.99999   63.00000  8.70%  12.4 2497s
 5688280 2775173     cutoff  283        68.99999   63.00000  8.70%  12.4 2503s
 5688327 2790681   68.00000  284   46   68.99999   63.00000  8.70%  12.4 2510s
 5720359 2790699   68.75000  223   72   68.99999   63.00000  8.70%  12.4 2519s
 5720400 2806299   66.50000  224   75   68.99999   63.00000  8.70%  12.4 2527s
 5752432 2806313   64.75000  280   75   68.99999   63.00000  8.70%  12.4 2537s
 5752477 2823114   64.75000  281   75   68.99999   63.00000  8.70%  12.4 2544s
 5784509 2823131   63.25000  292   63   68.99999   63.00000  8.70%  12.4 2551s
 5784553 2838467   64.75000  290   60   68.99999   63.00000  8.70%  12.4 2559s
 5816585 2838485   68.75000  246   71   68.99999   63.00000  8.70%  12.4 2565s
 5816631 2854839   68.75000  247   70   68.99999   63.00000  8.70%  12.4 2573s
 5848663 2854861   67.75000  276   61   68.99999   63.00000  8.70%  12.4 2579s
 5848702 2871025     cutoff  277        68.99999   63.00000  8.70%  12.4 2588s
 5880734 2871047   68.75000  321   69   68.99999   63.00000  8.70%  12.4 2594s
 5880775 2886311     cutoff  322        68.99999   63.00000  8.70%  12.4 2602s
 5912807 2886331   68.00000  297   73   68.99999   63.00000  8.70%  12.4 2608s
 5912849 2902550   68.00000  298   73   68.99999   63.00000  8.70%  12.4 2616s
 5944881 2902573   68.00000  250   76   68.99999   63.00000  8.70%  12.4 2622s
 5944920 2916973     cutoff  251        68.99999   63.00000  8.70%  12.4 2628s
 5976952 2916996     cutoff  366        68.99999   63.00000  8.70%  12.4 2634s
 5976990 2931209     cutoff  365        68.99999   63.00000  8.70%  12.4 2643s
 6009022 2931231   68.75000  288   78   68.99999   63.00000  8.70%  12.4 2649s
 6009061 2945233   68.75000  289   79   68.99999   63.00000  8.70%  12.4 2657s
 6041093 2945255   68.25000  335   59   68.99999   63.00000  8.70%  12.4 2664s
 6041134 2959415   68.25000  336   57   68.99999   63.00000  8.70%  12.4 2671s
 6073166 2959432   66.00000  248   74   68.99999   63.00000  8.70%  12.4 2677s
 6073211 2973207   66.00000  249   74   68.99999   63.00000  8.70%  12.4 2685s
 6105243 2973215     cutoff  297        68.99999   63.00000  8.70%  12.4 2691s
 6105293 2987219   68.00000  297   75   68.99999   63.00000  8.70%  12.4 2700s
 6137325 2987234     cutoff  357        68.99999   63.00000  8.70%  12.4 2708s
 6137369 3001183   68.75000  358   61   68.99999   63.00000  8.70%  12.4 2716s
 6169401 3001202     cutoff  317        68.99999   63.00000  8.70%  12.4 2724s
 6169445 3015406   68.50000  315   51   68.99999   63.00000  8.70%  12.4 2732s
 6201477 3015425   63.00000  123   87   68.99999   63.00000  8.70%  12.4 2738s
 6201521 3029975   66.75000  124   77   68.99999   63.00000  8.70%  12.4 2745s
 6233553 3029984   66.00000  310   60   68.99999   63.00000  8.70%  12.4 2751s
 6233605 3043284   66.00000  311   58   68.99999   63.00000  8.70%  12.4 2759s
 6265637 3043307   63.75000  333   63   68.99999   63.00000  8.70%  12.4 2765s
 6265677 3057001   63.75000  334   63   68.99999   63.00000  8.70%  12.4 2774s
 6297709 3057023   63.25000  247   71   68.99999   63.00000  8.70%  12.4 2781s
 6297748 3070151   63.27184  248   64   68.99999   63.00000  8.70%  12.4 2788s
 6329780 3070163   68.75000  311   58   68.99999   63.00000  8.70%  12.4 2795s
 6329830 3083212   68.75962  312   58   68.99999   63.00000  8.70%  12.4 2802s
 6361862 3083236   64.00000  279   75   68.99999   63.00000  8.70%  12.4 2808s
 6361902 3096124   64.75000  280   77   68.99999   63.00000  8.70%  12.4 2817s
 6393934 3096129   65.50000  339   58   68.99999   63.00000  8.70%  12.4 2823s
 6393991 3107696   64.25000  339   58   68.99999   63.00000  8.70%  12.4 2830s
 6426023 3107704   66.50000  291   61   68.99999   63.00000  8.70%  12.4 2836s
 6426073 3120995 infeasible  292        68.99999   63.00000  8.70%  12.4 2844s
 6458105 3121015   67.75000  296   60   68.99999   63.00000  8.70%  12.4 2851s
 6458147 3134725     cutoff  297        68.99999   63.00000  8.70%  12.4 2859s
 6490179 3134745   68.50000  372   56   68.99999   63.00000  8.70%  12.3 2865s
 6490222 3147070   68.50000  373   52   68.99999   63.00000  8.70%  12.3 2872s
 6522254 3147081   63.00000  313   69   68.99999   63.00000  8.70%  12.3 2880s
 6522299 3160712   63.00000  314   69   68.99999   63.00000  8.70%  12.3 2888s
 6554331 3160725   67.75000  354   56   68.99999   63.00000  8.70%  12.3 2894s
 6554380 3173467   67.75000  355   56   68.99999   63.00000  8.70%  12.3 2903s
 6586412 3173487   67.00000  347   58   68.99999   63.00000  8.70%  12.3 2909s
 6586456 3186870   67.00000  348   53   68.99999   63.00000  8.70%  12.3 2916s
 6618488 3186888     cutoff  371        68.99999   63.00000  8.70%  12.3 2923s
 6618531 3198955   66.01992  371   62   68.99999   63.00000  8.70%  12.3 2930s
 6650563 3198975   64.75000  290   57   68.99999   63.00000  8.70%  12.3 2937s
 6650604 3211900   64.75000  291   57   68.99999   63.00000  8.70%  12.3 2945s
 6682636 3211919   67.56731  339   51   68.99999   63.00000  8.70%  12.3 2951s
 6682677 3225028     cutoff  340        68.99999   63.00000  8.70%  12.3 2958s
 6714709 3225051     cutoff  337        68.99999   63.00000  8.70%  12.3 2965s
 6714748 3238450   68.62500  340   68   68.99999   63.00000  8.70%  12.3 2973s
 6746780 3238468   65.53646  341   73   68.99999   63.00000  8.70%  12.3 2980s
 6746824 3251723   65.50000  342   72   68.99999   63.00000  8.70%  12.3 2989s
 6753831 3251723   66.87500  336   63   68.99999   63.00000  8.70%  12.3 2990s
 6778856 3251732     cutoff  342        68.99999   63.00000  8.70%  12.3 2996s
 6778911 3263979   67.75000  327   65   68.99999   63.00000  8.70%  12.3 3003s
 6810943 3264001   68.75000  330   63   68.99999   63.00000  8.70%  12.3 3010s
 6810982 3276017   68.75000  330   63   68.99999   63.00000  8.70%  12.3 3018s
 6843014 3276036   64.50000  309   62   68.99999   63.00000  8.70%  12.3 3024s
 6843058 3288519   66.50000  310   60   68.99999   63.00000  8.70%  12.3 3034s
 6875090 3288533   67.00000  376   59   68.99999   63.00000  8.70%  12.3 3040s
 6875137 3300652   67.00000  376   59   68.99999   63.00000  8.70%  12.3 3049s
 6907169 3300670   66.50000  347   67   68.99999   63.00000  8.70%  12.3 3058s
 6907215 3313061   67.25000  348   67   68.99999   63.00000  8.70%  12.3 3067s
 6939247 3313076   68.50000  368   87   68.99999   63.00000  8.70%  12.3 3074s
 6939293 3325925   68.62500  369   85   68.99999   63.00000  8.70%  12.3 3083s
 6971325 3325928   63.00000  285   60   68.99999   63.00000  8.70%  12.3 3090s
 6971386 3338476   64.50000  286   60   68.99999   63.00000  8.70%  12.3 3099s
 7003418 3338496   65.50000  329   67   68.99999   63.00000  8.70%  12.3 3105s
 7003462 3350154   67.00000  329   65   68.99999   63.00000  8.70%  12.3 3115s
 7035494 3350178   68.50000  365   49   68.99999   63.00000  8.70%  12.3 3121s
 7035534 3362429   68.50000  366   51   68.99999   63.00000  8.70%  12.3 3132s
 7067566 3362446   68.75000  337   61   68.99999   63.00000  8.70%  12.3 3138s
 7067610 3373835     cutoff  338        68.99999   63.00000  8.70%  12.3 3146s
 7099642 3373838   68.76442  366   83   68.99999   63.00000  8.70%  12.3 3153s
 7099696 3385156     cutoff  366        68.99999   63.00000  8.70%  12.3 3161s
 7131728 3385171 infeasible  356        68.99999   63.00000  8.70%  12.3 3168s
 7131773 3395679   66.12500  355   79   68.99999   63.00000  8.70%  12.3 3176s
 7163805 3395691   67.25000  424   78   68.99999   63.00000  8.70%  12.3 3183s
 7163854 3406676     cutoff  423        68.99999   63.00000  8.70%  12.3 3191s
 7195886 3406696   68.50000  325   65   68.99999   63.00000  8.70%  12.3 3197s
 7195927 3418514     cutoff  326        68.99999   63.00000  8.70%  12.3 3207s
 7227959 3418542   65.25000  356   76   68.99999   63.00000  8.70%  12.3 3213s
 7227995 3429832     cutoff  357        68.99999   63.00000  8.70%  12.3 3221s
 7260027 3429854   65.50000  382   76   68.99999   63.00000  8.70%  12.3 3231s
 7260069 3441415   67.75000  383   75   68.99999   63.00000  8.70%  12.3 3241s
 7292101 3441438   68.12500  358   84   68.99999   63.00000  8.70%  12.3 3247s
 7292141 3452580     cutoff  353        68.99999   63.00000  8.70%  12.3 3256s
 7324173 3452595   63.00000  206   69   68.99999   63.00000  8.70%  12.3 3264s
 7324221 3463231   63.00000  207   74   68.99999   63.00000  8.70%  12.3 3272s
 7356253 3463240     cutoff  343        68.99999   63.00000  8.70%  12.3 3278s
 7356305 3475062   68.25000  341   60   68.99999   63.00000  8.70%  12.3 3287s
 7388337 3475063   68.75000  377   61   68.99999   63.00000  8.70%  12.3 3294s
 7388392 3486625   68.75000  378   61   68.99999   63.00000  8.70%  12.3 3302s
 7420424 3486639   65.75000  408   69   68.99999   63.00000  8.70%  12.3 3309s
 7420470 3498056     cutoff  409        68.99999   63.00000  8.70%  12.3 3318s
 7452502 3498069   68.37500  364   83   68.99999   63.00000  8.70%  12.3 3325s
 7452549 3512066   68.37500  365   80   68.99999   63.00000  8.70%  12.3 3333s
 7484581 3512079   67.12500  353   64   68.99999   63.00000  8.70%  12.3 3339s
 7484630 3526745     cutoff  354        68.99999   63.00000  8.70%  12.3 3348s
 7516662 3526767   63.00000  383   68   68.99999   63.00000  8.70%  12.3 3354s
 7516702 3543926   63.00000  384   68   68.99999   63.00000  8.70%  12.3 3361s
 7548734 3543926     cutoff  386        68.99999   63.00000  8.70%  12.3 3368s
 7548795 3561478   63.00000  245   52   68.99999   63.00000  8.70%  12.3 3375s
 7580827 3561483 infeasible  330        68.99999   63.00000  8.70%  12.3 3382s
 7580882 3577892   68.00000  329   52   68.99999   63.00000  8.70%  12.3 3389s
 7612914 3577910 infeasible  367        68.99999   63.00000  8.70%  12.3 3395s
 7612958 3596017   66.80214  366   62   68.99999   63.00000  8.70%  12.3 3402s
 7644990 3596034   65.00000  264   51   68.99999   63.00000  8.70%  12.3 3408s
 7645031 3614202     cutoff  265        68.99999   63.00000  8.70%  12.3 3415s
 7677063 3614223   64.00000  345   52   68.99999   63.00000  8.70%  12.3 3421s
 7677106 3631123     cutoff  346        68.99999   63.00000  8.70%  12.3 3430s
 7709138 3631143   64.00000  322   59   68.99999   63.00000  8.70%  12.3 3436s
 7709180 3648482   64.00000  323   60   68.99999   63.00000  8.70%  12.3 3442s
 7741212 3648505     cutoff  279        68.99999   63.00000  8.70%  12.3 3449s
 7741252 3664826   68.75000  280   54   68.99999   63.00000  8.70%  12.3 3454s
 7750261 3664826   66.25000  285   48   68.99999   63.00000  8.70%  12.3 3455s
 7773284 3664841   66.75000  353   54   68.99999   63.00000  8.70%  12.3 3460s
 7773329 3682661   66.75000  354   54   68.99999   63.00000  8.70%  12.3 3467s
 7805361 3682682   66.50000  276   72   68.99999   63.00000  8.70%  12.3 3473s
 7805401 3700293   66.50000  277   72   68.99999   63.00000  8.70%  12.3 3480s
 7837433 3700318   68.50000  290   64   68.99999   63.00000  8.70%  12.2 3486s
 7837468 3716508 infeasible  291        68.99999   63.00000  8.70%  12.2 3492s
 7869500 3716532   68.75000  317   48   68.99999   63.00000  8.70%  12.2 3499s
 7869540 3733668   68.75000  317   43   68.99999   63.00000  8.70%  12.2 3506s
 7901572 3733683     cutoff  236        68.99999   63.00000  8.70%  12.2 3512s
 7901620 3749490     cutoff  236        68.99999   63.00000  8.70%  12.2 3518s
 7933652 3749507   64.00000  249   69   68.99999   63.00000  8.70%  12.2 3527s
 7933697 3768683   63.50000  249   70   68.99999   63.00000  8.70%  12.2 3535s
 7965729 3768706 infeasible  271        68.99999   63.00000  8.70%  12.2 3542s
 7965770 3786014     cutoff  270        68.99999   63.00000  8.70%  12.2 3550s
 7997802 3786040   63.00000  268   40   68.99999   63.00000  8.70%  12.2 3556s
 7997838 3801637   63.00000  269   40   68.99999   63.00000  8.70%  12.2 3564s
 8029870 3801660   65.50000  286   52   68.99999   63.00000  8.70%  12.2 3570s
 8029911 3817453   65.50000  287   52   68.99999   63.00000  8.70%  12.2 3577s
 8061943 3817474   68.75000  265   53   68.99999   63.00000  8.70%  12.2 3583s
 8061983 3832173   68.75000  266   53   68.99999   63.00000  8.70%  12.2 3591s
 8094015 3832195   64.00000  262   55   68.99999   63.00000  8.70%  12.2 3597s
 8094056 3839074   67.55769  263   53   68.99999   63.00000  8.70%  12.2 3600s

Cutting planes:
  Learned: 54
  Gomory: 10
  Cover: 161
  Implied bound: 116
  Clique: 77
  MIR: 481
  Flow cover: 667
  GUB cover: 1
  RLT: 103
  Relax-and-lift: 555

Cleanup yields a better solution

Explored 8106743 nodes (98583338 simplex iterations) in 3600.29 seconds
Thread count was 32 (of 32 available processors)

Solution count 10: 69 69 69 ... 69.25

Time limit reached
Best objective 6.899755704433e+01, best bound 6.300000000000e+01, gap 8.6924%
