
Gurobi 9.1.2 (linux64) logging started Thu Aug 10 00:41:07 2023

Changed value of parameter LogFile to max-ls_r=('0', '1').log
   Prev:   Default: 
Changed value of parameter MIPFocus to 1
   Prev: 0  Min: 0  Max: 3  Default: 0
Changed value of parameter Threads to 32
   Prev: 0  Min: 0  Max: 1024  Default: 0
Changed value of parameter TimeLimit to 3600.0
   Prev: inf  Min: 0.0  Max: inf  Default: inf
Warning: variable name "X[('6', '6'),('7', '6')]" has a space
Warning: constraint name "flow-constr-t0-v('6', '3')" has a space
Warning: to let Gurobi read it back, use rlp format
Gurobi Optimizer version 9.1.2 build v9.1.2rc0 (linux64)
Thread count: 16 physical cores, 32 logical processors, using up to 32 threads
Optimize a model with 2971 rows, 2688 columns and 10356 nonzeros
Model fingerprint: 0x8b67bee2
Variable types: 256 continuous, 2432 integer (2432 binary)
Coefficient statistics:
  Matrix range     [1e+00, 7e+04]
  Objective range  [2e-01, 2e-01]
  Bounds range     [1e+00, 3e+04]
  RHS range        [1e+00, 7e+04]
Presolve removed 159 rows and 148 columns
Presolve time: 0.05s
Presolved: 2812 rows, 2540 columns, 19294 nonzeros
Variable types: 256 continuous, 2284 integer (2284 binary)

Root relaxation: objective 6.400000e+01, 162 iterations, 0.00 seconds

    Nodes    |    Current Node    |     Objective Bounds      |     Work
 Expl Unexpl |  Obj  Depth IntInf | Incumbent    BestBd   Gap | It/Node Time

     0     0   64.00000    0   22          -   64.00000      -     -    0s
     0     0   64.00000    0   46          -   64.00000      -     -    0s
H    0     0                    4703.7499997   64.00000  98.6%     -    0s
H    0     0                     857.0000000   64.00000  92.5%     -    0s
     0     0   64.00000    0   46  857.00000   64.00000  92.5%     -    0s
H    0     0                     820.0000000   64.00000  92.2%     -    0s
     0     0   64.00000    0   28  820.00000   64.00000  92.2%     -    0s
H    0     0                     819.7500000   64.00000  92.2%     -    0s
H    0     0                     815.7500000   64.00000  92.2%     -    0s
H    0     0                     557.0000000   64.00000  88.5%     -    0s
H    0     0                     426.5000000   64.00000  85.0%     -    0s
H    0     0                     361.2500000   64.00000  82.3%     -    0s
H    0     0                     338.5000000   64.00000  81.1%     -    0s
     0     0   64.00000    0   22  338.50000   64.00000  81.1%     -    0s
H    0     0                     317.5000000   64.00000  79.8%     -    1s
H    0     0                     276.7500000   64.00000  76.9%     -    1s
H    0     0                     176.5000000   64.00000  63.7%     -    1s
H    0     0                     174.7500000   64.00000  63.4%     -    1s
H    0     0                     174.5000000   64.00000  63.3%     -    1s
H    0     0                     170.5000000   64.00000  62.5%     -    1s
H    0     0                     169.7500000   64.00000  62.3%     -    1s
     0     0   64.00000    0   38  169.75000   64.00000  62.3%     -    1s
H    0     0                     169.0000000   64.00000  62.1%     -    1s
     0     0   64.00000    0   24  169.00000   64.00000  62.1%     -    1s
H    0     0                     165.7500000   64.00000  61.4%     -    1s
     0     0   64.00000    0   64  165.75000   64.00000  61.4%     -    1s
     0     0   64.00000    0   24  165.75000   64.00000  61.4%     -    1s
H    0     0                     165.0000000   64.00000  61.2%     -    1s
     0     2   64.00000    0   20  165.00000   64.00000  61.2%     -    1s
H    2     4                     164.7500000   64.00000  61.2%   104    2s
H   31    64                     164.0000000   64.00000  61.0%  12.7    2s
H   55    64                     163.7500000   64.00000  60.9%   8.3    2s
H   95   128                     131.8333333   64.00000  51.5%   5.8    5s
H  105   128                     126.5000000   64.00000  49.4%   5.4    5s
H  111   128                     125.0000000   64.00000  48.8%   5.2    5s
H  115   128                     115.9166667   64.00000  44.8%   5.1    5s
H  124   128                     107.0000000   64.00000  40.2%   4.9    5s
H  159   190                     104.5000000   64.00000  38.8%   4.1    6s
H  172   190                     104.0000000   64.00000  38.5%   3.9    6s
H  174   190                     103.7500000   64.00000  38.3%   3.9    6s
H  191   222                     103.2500000   64.00000  38.0%   3.6    8s
H  203   222                     103.0000000   64.00000  37.9%   3.5    8s
   479  1258   64.00000   19   38  103.00000   64.00000  37.9%   2.5   10s
H  813  1258                     101.2500000   64.00000  36.8%   2.4   10s
H 1293  1581                     100.2500000   64.00000  36.2%   3.3   12s
H 1295  1581                      99.2500000   64.00000  35.5%   3.3   12s
H 1631  1609                      97.0000000   64.00000  34.0%   3.1   15s
H 7280  7375                      96.9999998   64.00000  34.0%   2.7   16s
H 7952  7400                      96.9999996   64.00000  34.0%   2.7   18s
H 7953  7185                      95.2500000   64.00000  32.8%   2.7   18s
H 7987  7109                      94.4166667   64.00000  32.2%   2.7   18s
H 7991  6745                      94.3333333   64.00000  32.2%   2.7   19s
H 7993  6409                      93.7500000   64.00000  31.7%   2.7   19s
  7997  6412   64.00000   12   32   93.75000   64.00000  31.7%   2.7   20s
H 7997  6091                      92.7000000   64.00000  31.0%   2.7   20s
H 7997  5786                      92.0000000   64.00000  30.4%   2.7   20s
H 8043  5549                      90.0000000   64.00000  28.9%   4.7   21s
H 8095  5320                      89.9999998   64.00000  28.9%   4.9   27s
H 8097  5058                      89.9994272   64.00000  28.9%   5.0   27s
H 8101  4808                      88.2715736   64.00000  27.5%   5.0   27s
H 8110  4569                      87.0000000   64.00000  26.4%   5.0   27s
H 8125  4340                      84.0000000   64.00000  23.8%   5.0   27s
H 8248  4239                      83.0000000   64.00000  22.9%   6.4   30s
H 9485  4842                      82.9999998   64.00000  22.9%  10.6   37s
H 9488  4649                      82.9999998   64.00000  22.9%  10.6   37s
 10381 11256   64.00000   54   51   83.00000   64.00000  22.9%  13.1   42s
 17044  9067   66.00000  129   70   83.00000   64.00000  22.9%  14.4   45s
 21508 12289   66.00000  142   78   83.00000   64.00000  22.9%  15.5   50s
H21510 12289                      82.9999998   64.00000  22.9%  15.5   50s
 25504 15845   66.00000  173   76   83.00000   64.00000  22.9%  16.4   56s
 29403 28155   66.00000  204   95   83.00000   64.00000  22.9%  17.6   62s
H37277 28155                      82.9997766   64.00000  22.9%  19.5   62s
H39607 28186                      82.9997704   64.00000  22.9%  19.7   65s
H39630 28186                      82.9997694   64.00000  22.9%  19.8   65s
 40481 28943   66.50000  105   67   82.99977   64.00000  22.9%  20.2   70s
 42333 33785   64.00000  154   75   82.99977   64.00000  22.9%  21.0   75s
 46340 34614   66.00000  200   71   82.99977   64.00000  22.9%  22.1   80s
 51359 40441   72.50000  119   90   82.99977   64.00000  22.9%  22.8   85s
 55426 40794   64.00000   68   80   82.99977   64.00000  22.9%  23.1   90s
 58763 50010   64.00000  119   78   82.99977   64.00000  22.9%  24.3  101s
 66783 53797   65.00000  388   56   82.99977   64.00000  22.9%  25.3  108s
 71101 54577   64.25000  101  115   82.99977   64.00000  22.9%  25.2  111s
 72090 55125   64.25000  102  110   82.99977   64.00000  22.9%  25.1  116s
 72843 60659   64.25000  104  114   82.99977   64.00000  22.9%  25.2  120s
 80423 63949   64.50000  101  126   82.99977   64.00000  22.9%  25.9  125s
H83098 62544                      82.0000000   64.00000  22.0%  26.1  125s
 84428 63552     cutoff  180        82.00000   64.00000  22.0%  26.2  130s
 85955 69571   64.00000  104   82   82.00000   64.00000  22.0%  26.5  135s
 95096 72018   64.00000  211   60   82.00000   64.00000  22.0%  26.9  141s
H96924 72018                      81.9996206   64.00000  22.0%  26.9  141s
 98719 82976   64.00000   76   76   81.99962   64.00000  22.0%  26.8  150s
 111521 90189   66.00000  219   88   81.99962   64.00000  22.0%  26.3  155s
 120359 90219   78.50000  234   70   81.99962   64.00000  22.0%  25.8  163s
 120393 93868   79.75000  235   65   81.99962   64.00000  22.0%  25.8  167s
 125565 94033   64.00000  136   86   81.99962   64.00000  22.0%  25.6  178s
 125787 116887   64.00000  137   86   81.99962   64.00000  22.0%  25.7  195s
 157819 116916   79.75000  347   85   81.99962   64.00000  22.0%  24.5  203s
 157853 140944   79.75000  348   83   81.99962   64.00000  22.0%  24.5  217s
 189885 140970   64.00000  121   77   81.99962   64.00000  22.0%  23.4  227s
 189923 163506   64.00000  122   77   81.99962   64.00000  22.0%  23.4  243s
 221955 165891   66.75000  210   53   81.99962   64.00000  22.0%  22.4  249s
 224865 172277   71.75000  222   44   81.99962   64.00000  22.0%  22.3  257s
 234200 179022   64.00000   64   80   81.99962   64.00000  22.0%  22.2  263s
 243133 179803   64.00000   95   73   81.99962   64.00000  22.0%  22.0  266s
 244167 184986   64.50000  109   72   81.99962   64.00000  22.0%  22.0  272s
 251585 185840   75.50000  246   63   81.99962   64.00000  22.0%  22.0  277s
 252943 204182     cutoff  212        81.99962   64.00000  22.0%  22.0  292s
 278926 204724   68.00000  129   97   81.99962   64.00000  22.0%  21.9  297s
 279735 206386   75.00000  130  101   81.99962   64.00000  22.0%  21.9  301s
 282018 208991   76.25000  161   63   81.99962   64.00000  22.0%  21.9  307s
 285238 219992   66.25000  114   87   81.99962   64.00000  22.0%  22.0  315s
 299774 220481   79.09375  274   71   81.99962   64.00000  22.0%  21.8  320s
 300360 221355   79.01504  274   67   81.99962   64.00000  22.0%  21.8  325s
 301461 223326   79.03008  275   69   81.99962   64.00000  22.0%  21.8  331s
 304054 228720   67.25000  102   98   81.99962   64.00000  22.0%  21.8  337s
 310881 228750   66.75000  191  111   81.99962   64.00000  22.0%  21.8  346s
 310915 251900   66.75000  192  113   81.99962   64.00000  22.0%  21.8  366s
 342947 253926   81.75385  168   72   81.99962   64.00000  22.0%  21.6  372s
 346159 253980   74.75000  118   88   81.99962   64.00000  22.0%  21.6  384s
 346227 261735   74.75000  120   90   81.99962   64.00000  22.0%  21.6  392s
 356711 264355   79.50000  355   54   81.99962   64.00000  22.0%  21.5  398s
 360592 266905   69.50000  183   80   81.99962   64.00000  22.0%  21.4  403s
 363925 269632   66.00000  104   60   81.99962   64.00000  22.0%  21.4  410s
 367903 274831   75.75000  146   83   81.99962   64.00000  22.0%  21.4  417s
 375124 278443 infeasible  187        81.99962   64.00000  22.0%  21.4  424s
 380215 282701   71.75000  194   75   81.99962   64.00000  22.0%  21.3  429s
 385077 290885   75.00000  254   76   81.99962   64.00000  22.0%  21.3  436s
 396168 290909   65.25000  144   79   81.99962   64.00000  22.0%  21.1  442s
 396208 297644   65.25000  145   84   81.99962   64.00000  22.0%  21.1  446s
 405393 297676   69.00000  214   44   81.99962   64.00000  22.0%  21.1  453s
 405425 320992   69.00000  214   41   81.99962   64.00000  22.0%  21.1  470s
 437457 323321   64.00000  180   68   81.99962   64.00000  22.0%  20.8  476s
 440291 331161   65.00000  222   80   81.99962   64.00000  22.0%  20.8  486s
 452026 334959     cutoff  335        81.99962   64.00000  22.0%  20.6  492s
 457552 342645   64.00000  137   80   81.99962   64.00000  22.0%  20.6  498s
 466306 346084   78.25000  225   79   81.99962   64.00000  22.0%  20.6  504s
 470561 355397   79.50000  299   74   81.99962   64.00000  22.0%  20.5  511s
 483121 355919   69.75000  375   78   81.99962   64.00000  22.0%  20.4  515s
 490054 361212   74.75000  174   57   81.99962   64.00000  22.0%  20.3  524s
 491527 366331   74.75000  175   57   81.99962   64.00000  22.0%  20.3  529s
 500088 368221   64.50000  208   67   81.99962   64.00000  22.0%  20.2  535s
 502592 376035   68.50000  280   67   81.99962   64.00000  22.0%  20.2  544s
 512736 376035   65.75000  229   68   81.99962   64.00000  22.0%  20.0  545s
 513192 382347   69.25000  172   49   81.99962   64.00000  22.0%  20.0  552s
 521897 382832     cutoff  335        81.99962   64.00000  22.0%  19.9  557s
 522573 388354 infeasible  343        81.99962   64.00000  22.0%  19.9  564s
 530599 388863   64.75000  184   84   81.99962   64.00000  22.0%  19.9  571s
 531463 412266   64.75000  186   84   81.99962   64.00000  22.0%  19.9  588s
 563495 413150     cutoff  276        81.99962   64.00000  22.0%  19.5  595s
 565335 432476   79.25000  275   80   81.99962   64.00000  22.0%  19.5  609s
 590763 432630   71.50000  190   92   81.99962   64.00000  22.0%  19.4  614s
 590991 435890   78.75000  201   76   81.99962   64.00000  22.0%  19.4  618s
 596251 438085     cutoff  339        81.99962   64.00000  22.0%  19.3  625s
 599204 451846   64.00000  191   85   81.99962   64.00000  22.0%  19.3  636s
 616537 452275   67.50000  246   73   81.99962   64.00000  22.0%  19.2  640s
 623866 457187   81.25000  292   68   81.99962   64.00000  22.0%  19.1  649s
 624767 461990     cutoff  231        81.99962   64.00000  22.0%  19.1  654s
 631759 464052   69.25000  268   71   81.99962   64.00000  22.0%  19.1  659s
 634471 474667   69.25000  287   59   81.99962   64.00000  22.0%  19.1  669s
 649545 476257   67.50000  192   66   81.99962   64.00000  22.0%  19.0  675s
 652078 480642   66.00752  197   81   81.99962   64.00000  22.0%  19.0  681s
 659752 482189   66.50000  242   68   81.99962   64.00000  22.0%  18.9  686s
 661731 488605     cutoff  290        81.99962   64.00000  22.0%  18.9  692s
 670766 488733   64.25000  139   62   81.99962   64.00000  22.0%  18.9  696s
 670955 492284   67.25000  140   59   81.99962   64.00000  22.0%  18.9  701s
 676039 492941   70.75000  281   62   81.99962   64.00000  22.0%  18.8  706s
 676960 496383   65.50000  260   70   81.99962   64.00000  22.0%  18.8  711s
 683062 497052   67.25000  270   70   81.99962   64.00000  22.0%  18.8  717s
 684217 498230   69.50000  273   63   81.99962   64.00000  22.0%  18.7  723s
 685902 500276   73.75000  286   60   81.99962   64.00000  22.0%  18.8  730s
 688783 503095   66.25000  172   72   81.99962   64.00000  22.0%  18.7  736s
 692638 505588   64.00000  138   81   81.99962   64.00000  22.0%  18.7  744s
 695606 517924   65.00000  173   77   81.99962   64.00000  22.0%  18.7  754s
 714941 518650 infeasible  283        81.99962   64.00000  22.0%  18.5  759s
 716058 518756   80.50000  284   61   81.99962   64.00000  22.0%  18.5  762s
 716228 520321   80.50000  285   57   81.99962   64.00000  22.0%  18.5  767s
 718968 525533   65.75000  259   66   81.99962   64.00000  22.0%  18.5  773s
 727635 528417   77.75000  346   77   81.99962   64.00000  22.0%  18.4  778s
 732153 530325   64.25000  209   64   81.99962   64.00000  22.0%  18.4  785s
 735168 534344   74.75000  216   62   81.99962   64.00000  22.0%  18.4  792s
 742681 538728   78.00000  143   67   81.99962   64.00000  22.0%  18.3  799s
 750421 538779   66.00000  248   74   81.99962   64.00000  22.0%  18.3  806s
 750496 544526   68.25000  250   67   81.99962   64.00000  22.0%  18.3  811s
 759491 545941   64.00000  155   56   81.99962   64.00000  22.0%  18.2  819s
 761480 561841   64.00000  165   58   81.99962   64.00000  22.0%  18.2  832s
 785417 562601   81.50000  425   68   81.99962   64.00000  22.0%  18.0  837s
 786651 568538   81.50000  426   66   81.99962   64.00000  22.0%  18.0  842s
 793878 570709   78.62500  289   68   81.99962   64.00000  22.0%  18.0  848s
 796447 584246   77.00000  278   74   81.99962   64.00000  22.0%  18.0  859s
 816810 585001   68.50000  185   64   81.99962   64.00000  22.0%  17.8  863s
 818027 589160   68.50000  186   64   81.99962   64.00000  22.0%  17.8  869s
 824738 591316   66.00000  264   68   81.99962   64.00000  22.0%  17.8  876s
 827820 596972   68.00000  315   52   81.99962   64.00000  22.0%  17.7  884s
 832572 596972   77.00000  332   59   81.99962   64.00000  22.0%  17.7  885s
 836220 600517   81.75000  340   59   81.99962   64.00000  22.0%  17.7  891s
 842270 608382   68.50000  181   70   81.99962   64.00000  22.0%  17.6  898s
 852919 610873   66.50000  263   74   81.99962   64.00000  22.0%  17.6  903s
 856099 616137   66.50000  215   64   81.99962   64.00000  22.0%  17.6  910s
 863626 616988   77.75000  267   67   81.99962   64.00000  22.0%  17.5  915s
 864995 619654   64.00000  304   82   81.99962   64.00000  22.0%  17.5  920s
 869577 619697   73.25000  302   57   81.99962   64.00000  22.0%  17.5  927s
 869660 625419     cutoff  304        81.99962   64.00000  22.0%  17.5  933s
 877177 626690   75.75000  411   66   81.99962   64.00000  22.0%  17.4  938s
 878912 632973   75.50000  429   68   81.99962   64.00000  22.0%  17.4  944s
 887789 634840   68.00000  144   83   81.99962   64.00000  22.0%  17.3  950s
 890636 644971   68.00000  156   89   81.99962   64.00000  22.0%  17.3  960s
 909424 645618   77.25000  210   76   81.99962   64.00000  22.0%  17.2  966s
 910866 650311   81.75000  272   92   81.99962   64.00000  22.0%  17.2  971s
 918007 655256   76.50000  370   63   81.99962   64.00000  22.0%  17.2  977s
 926918 655423   65.50000  354   68   81.99962   64.00000  22.0%  17.1  981s
 927158 659113   65.50000  355   68   81.99962   64.00000  22.0%  17.1  986s
 933975 659183   65.75000  310   78   81.99962   64.00000  22.0%  17.1  990s
 934063 659204   65.75000  311   72   81.99962   64.00000  22.0%  17.1  996s
 934106 662832   65.75000  312   72   81.99962   64.00000  22.0%  17.1 1002s
 940908 662845   80.78008  384   76   81.99962   64.00000  22.0%  17.0 1008s
 940959 666725   81.25000  385   73   81.99962   64.00000  22.0%  17.0 1013s
 947193 667762   69.75000  392   69   81.99962   64.00000  22.0%  17.0 1020s
 948720 681693   69.75000  445   72   81.99962   64.00000  22.0%  17.0 1038s
 972570 683012   67.25000  358   80   81.99962   64.00000  22.0%  16.9 1044s
 974828 688031   78.00000  384   80   81.99962   64.00000  22.0%  16.9 1050s
 983737 689990   65.75000  294   82   81.99962   64.00000  22.0%  16.9 1057s
 987087 698809   64.50000  285   66   81.99962   64.00000  22.0%  16.8 1066s
 1001575 699374   67.25000  330   77   81.99962   64.00000  22.0%  16.8 1071s
 1002307 704714   70.50000  348   63   81.99962   64.00000  22.0%  16.8 1076s
 1010287 705252   78.00000  335   60   81.99962   64.00000  22.0%  16.7 1082s
 1011035 710560   78.50000  342   54   81.99962   64.00000  22.0%  16.7 1087s
 1020158 712075   70.50000  375   67   81.99962   64.00000  22.0%  16.7 1094s
 1023281 724767   64.75000  347   76   81.99962   64.00000  22.0%  16.7 1104s
 1041457 725016   71.25000  407   64   81.99962   64.00000  22.0%  16.6 1108s
 1041895 729216   66.50000  383   70   81.99962   64.00000  22.0%  16.6 1113s
 1047319 730753 infeasible  389        81.99962   64.00000  22.0%  16.6 1117s
 1049191 736260   79.00000  351   77   81.99962   64.00000  22.0%  16.6 1123s
 1056950 736860   64.75000  383   56   81.99962   64.00000  22.0%  16.5 1127s
 1057894 741033   64.00000  383   50   81.99962   64.00000  22.0%  16.5 1133s
 1063933 743113   70.25000  416   59   81.99962   64.00000  22.0%  16.5 1139s
 1066567 748664   71.50000  453   66   81.99962   64.00000  22.0%  16.5 1145s
 1075038 749993     cutoff  382        81.99962   64.00000  22.0%  16.5 1151s
 1077113 754868   69.50000  304   72   81.99962   64.00000  22.0%  16.5 1157s
 1086682 756441   70.25000  359   64   81.99962   64.00000  22.0%  16.4 1162s
 1088828 764998   74.50000  285   51   81.99962   64.00000  22.0%  16.4 1174s
 1103301 767981   76.75000  120   69   81.99962   64.00000  22.0%  16.4 1180s
 1107864 772955 infeasible  402        81.99962   64.00000  22.0%  16.4 1187s
 1115917 775314   76.75000  396   88   81.99962   64.00000  22.0%  16.3 1193s
 1120181 777965   71.00000  401   68   81.99962   64.00000  22.0%  16.3 1201s
 1125125 782040   74.50000  401   76   81.99962   64.00000  22.0%  16.3 1208s
 1131790 787019   67.75000  382   69   81.99962   64.00000  22.0%  16.3 1215s
 1140534 789298     cutoff  351        81.99962   64.00000  22.0%  16.3 1221s
 1143868 795365   67.25000  165   99   81.99962   64.00000  22.0%  16.3 1227s
 1151931 798123   67.25000  333   71   81.99962   64.00000  22.0%  16.2 1233s
 1156119 805351   66.50000  351   75   81.99962   64.00000  22.0%  16.2 1241s
 1167845 806426   70.50000  362   76   81.99962   64.00000  22.0%  16.2 1248s
 1169742 811059   81.50000  397   69   81.99962   64.00000  22.0%  16.2 1255s
 1177503 813564   79.25000  134   77   81.99962   64.00000  22.0%  16.1 1260s
 1180965 818596   74.50000  187   76   81.99962   64.00000  22.0%  16.1 1267s
 1188596 819110   64.00000  280   64   81.99962   64.00000  22.0%  16.1 1273s
 1189460 822964   71.25000  379   71   81.99962   64.00000  22.0%  16.1 1278s
 1195459 824318   67.50000  184   86   81.99962   64.00000  22.0%  16.1 1284s
 1197657 829486   71.00000  215   80   81.99962   64.00000  22.0%  16.1 1290s
 1205359 831602   66.00000  358   64   81.99962   64.00000  22.0%  16.1 1297s
 1207976 836058   64.50000  338   78   81.99962   64.00000  22.0%  16.1 1302s
 1214211 836083   72.75000  389   86   81.99962   64.00000  22.0%  16.0 1309s
 1214250 856653   73.00000  390   89   81.99962   64.00000  22.0%  16.0 1331s
 1246282 857905   70.50000  445   63   81.99962   64.00000  22.0%  16.0 1337s
 1248815 866660   72.79511  447   63   81.99962   64.00000  22.0%  16.0 1348s
 1265754 867614   73.50000  362   52   81.99962   64.00000  22.0%  16.0 1354s
 1267450 872881   77.50000  390   51   81.99962   64.00000  22.0%  15.9 1361s
 1276542 874943   70.25000  325   79   81.99962   64.00000  22.0%  15.9 1368s
 1280267 880877   64.00000  177   76   81.99962   64.00000  22.0%  15.9 1376s
 1291694 881547   67.75000  172   80   81.99962   64.00000  22.0%  15.9 1382s
 1293040 886868   67.75000  179   75   81.99962   64.00000  22.0%  15.9 1388s
 1302419 888536   65.75752  351   69   81.99962   64.00000  22.0%  15.9 1394s
 1305612 893314   65.00000  128   73   81.99962   64.00000  22.0%  15.8 1399s
 1314847 893478   73.75000  186   62   81.99962   64.00000  22.0%  15.8 1403s
 1315191 896027   73.75000  187   62   81.99962   64.00000  22.0%  15.8 1408s
 1319995 896392   64.00000  147   67   81.99962   64.00000  22.0%  15.8 1413s
 1320718 901185   64.00000  148   72   81.99962   64.00000  22.0%  15.8 1418s
 1329375 901635     cutoff  194        81.99962   64.00000  22.0%  15.8 1422s
 1330211 906138     cutoff  195        81.99962   64.00000  22.0%  15.8 1428s
 1337575 908036   66.25000  174   72   81.99962   64.00000  22.0%  15.8 1434s
 1340950 916426   70.00000  416   61   81.99962   64.00000  22.0%  15.8 1443s
 1354450 918003   75.25000  428   81   81.99962   64.00000  22.0%  15.7 1448s
 1357201 926068   66.50000  118   76   81.99962   64.00000  22.0%  15.7 1454s
 1370665 927738 infeasible  363        81.99962   64.00000  22.0%  15.7 1460s
 1373661 938488   80.00000  412   70   81.99962   64.00000  22.0%  15.7 1469s
 1389822 939579   64.56928  152   83   81.99962   64.00000  22.0%  15.6 1474s
 1391245 945236   65.50000  176   77   81.99962   64.00000  22.0%  15.6 1480s
 1400662 947294   64.50000  138   84   81.99962   64.00000  22.0%  15.6 1486s
 1404092 955796   73.25000  208   68   81.99962   64.00000  22.0%  15.6 1495s
 1418644 957146     cutoff  144        81.99962   64.00000  22.0%  15.6 1500s
 1420724 963098   75.75000  144   82   81.99962   64.00000  22.0%  15.6 1507s
 1430394 965357   79.75000  339   69   81.99962   64.00000  22.0%  15.5 1513s
 1434129 974721   64.00000  173   69   81.99962   64.00000  22.0%  15.5 1520s
 1447823 975298   67.00000  174   63   81.99962   64.00000  22.0%  15.5 1526s
 1448620 981498   74.25000  175   60   81.99962   64.00000  22.0%  15.5 1532s
 1456885 981779   76.25000  214   71   81.99962   64.00000  22.0%  15.5 1538s
 1457227 986569   75.00000  215   66   81.99962   64.00000  22.0%  15.5 1543s
 1464878 988051   81.75000  238   66   81.99962   64.00000  22.0%  15.5 1550s
 1467461 998663   66.00000  183   62   81.99962   64.00000  22.0%  15.5 1561s
 1485276 999655   65.50000  334   63   81.99962   64.00000  22.0%  15.4 1566s
 1486582 999702   67.00000  335   63   81.99962   64.00000  22.0%  15.4 1573s
 1486638 1001781   70.75000  337   72   81.99962   64.00000  22.0%  15.4 1579s
 1490267 1002765   69.25000  345   77   81.99962   64.00000  22.0%  15.4 1585s
 1492021 1006359   80.00000  360   48   81.99962   64.00000  22.0%  15.4 1592s
 1499374 1007045   64.00000  293   58   81.99962   64.00000  22.0%  15.4 1597s
 1500466 1027160   74.75000  170   75   81.99962   64.00000  22.0%  15.4 1614s
 1530365 1027160   68.00000  320   65   81.99962   64.00000  22.0%  15.4 1615s
 1531100 1027632   67.87500  345   42   81.99962   64.00000  22.0%  15.4 1621s
 1531980 1049405   74.75000  364   40   81.99962   64.00000  22.0%  15.4 1639s
 1564012 1051597     cutoff  397        81.99962   64.00000  22.0%  15.3 1648s
 1567813 1059689   78.50000  193   75   81.99962   64.00000  22.0%  15.3 1657s
 1582782 1059715   77.75000  357   64   81.99962   64.00000  22.0%  15.2 1661s
 1582820 1066534   79.00000  359   72   81.99962   64.00000  22.0%  15.2 1667s
 1592731 1066557     cutoff  351        81.99962   64.00000  22.0%  15.2 1675s
 1592768 1069898   72.04135  350   82   81.99962   64.00000  22.0%  15.2 1680s
 1598483 1071295   69.50000  167   78   81.99962   64.00000  22.0%  15.2 1687s
 1600543 1089276   65.40625  396   52   81.99962   64.00000  22.0%  15.2 1699s
 1628168 1091555   64.75000  192   73   81.99962   64.00000  22.0%  15.1 1707s
 1631263 1099308   64.75000  211   71   81.99962   64.00000  22.0%  15.1 1717s
 1642915 1102924   72.25564  294   71   81.99962   64.00000  22.0%  15.1 1724s
 1648341 1109560   64.00000  179   79   81.99962   64.00000  22.0%  15.1 1730s
 1659216 1112218     cutoff  222        81.99962   64.00000  22.0%  15.1 1737s
 1664256 1121237   64.00000  315   58   81.99962   64.00000  22.0%  15.1 1744s
 1679493 1121258   69.25000  353   53   81.99962   64.00000  22.0%  15.0 1747s
 1679549 1126280   69.25000  354   53   81.99962   64.00000  22.0%  15.0 1752s
 1687967 1126306   70.75000  406   63   81.99962   64.00000  22.0%  15.0 1759s
 1688004 1130025   70.75000  409   61   81.99962   64.00000  22.0%  15.0 1763s
 1694974 1130044   73.75000  423   70   81.99962   64.00000  22.0%  15.0 1770s
 1695019 1151542   73.75000  424   69   81.99962   64.00000  22.0%  15.0 1786s
 1727051 1151563   69.50000  448   59   81.99962   64.00000  22.0%  14.9 1795s
 1727094 1170883   72.50000  449   57   81.99962   64.00000  22.0%  14.9 1809s
 1751118 1170883     cutoff  160        81.99962   64.00000  22.0%  14.9 1810s
 1759126 1170908   67.00000  214   68   81.99962   64.00000  22.0%  14.9 1818s
 1759165 1192528   67.75000  215   68   81.99962   64.00000  22.0%  14.9 1836s
 1791197 1194868   77.25000  460   55   81.99962   64.00000  22.0%  14.8 1843s
 1795502 1198213   65.76504  419   55   81.99962   64.00000  22.0%  14.8 1849s
 1797777 1198213   81.75000  430   43   81.99962   64.00000  22.0%  14.8 1850s
 1802186 1200671   64.75000  372   67   81.99962   64.00000  22.0%  14.8 1856s
 1806165 1202538   69.25000  328   68   81.99962   64.00000  22.0%  14.8 1861s
 1808930 1206635   75.00000  354   60   81.99962   64.00000  22.0%  14.8 1868s
 1815481 1212878   64.00000  174   76   81.99962   64.00000  22.0%  14.8 1875s
 1825904 1212891   80.50000  211   83   81.99962   64.00000  22.0%  14.8 1882s
 1825953 1232812   80.50000  212   90   81.99962   64.00000  22.0%  14.8 1897s
 1857985 1232837   76.25000  257   75   81.99962   64.00000  22.0%  14.7 1905s
 1858022 1252897   76.50000  258   70   81.99962   64.00000  22.0%  14.7 1920s
 1890054 1255224   81.25000  384   68   81.99962   64.00000  22.0%  14.6 1928s
 1894146 1258859   81.25000  412   56   81.99962   64.00000  22.0%  14.6 1934s
 1898692 1264008   66.12500  399   49   81.99962   64.00000  22.0%  14.6 1941s
 1906154 1271170   73.50000  343   62   81.99962   64.00000  22.0%  14.6 1948s
 1918852 1271198   79.75000  430   58   81.99962   64.00000  22.0%  14.6 1959s
 1918888 1276032   79.75000  431   58   81.99962   64.00000  22.0%  14.6 1963s
 1927900 1276047   66.75000  167   78   81.99962   64.00000  22.0%  14.5 1973s
 1927947 1296030   66.75000  168   78   81.99962   64.00000  22.0%  14.5 1990s
 1959979 1296057   81.75000  235   72   81.99962   64.00000  22.0%  14.5 1999s
 1960015 1317919   81.75000  236   72   81.99962   64.00000  22.0%  14.5 2013s
 1992047 1319879 infeasible  369        81.99962   64.00000  22.0%  14.4 2020s
 1995667 1325685   69.75000  420   74   81.99962   64.00000  22.0%  14.4 2028s
 2003338 1329506   65.50000  191   74   81.99962   64.00000  22.0%  14.4 2034s
 2003978 1329506 infeasible  209        81.99962   64.00000  22.0%  14.4 2035s
 2009191 1336945   66.25000  218   86   81.99962   64.00000  22.0%  14.4 2040s
 2019192 1336974   66.31015  225   81   81.99962   64.00000  22.0%  14.4 2046s
 2019227 1342259   71.03125  224   81   81.99962   64.00000  22.0%  14.4 2051s
 2027875 1342289   67.75000  241   80   81.99962   64.00000  22.0%  14.4 2058s
 2027908 1362276   66.75000  241   83   81.99962   64.00000  22.0%  14.4 2076s
 2059940 1364884     cutoff  179        81.99962   64.00000  22.0%  14.3 2083s
 2064801 1372836     cutoff  190        81.99962   64.00000  22.0%  14.3 2089s
 2080030 1372851   81.50000  453   61   81.99962   64.00000  22.0%  14.3 2097s
 2080077 1376733   79.50000  450   55   81.99962   64.00000  22.0%  14.3 2100s
 2086607 1381952   68.12595  450   61   81.99962   64.00000  22.0%  14.3 2108s
 2095386 1381978   81.75000  372   48   81.99962   64.00000  22.0%  14.3 2115s
 2095423 1400515   81.75000  373   46   81.99962   64.00000  22.0%  14.3 2135s
 2127455 1400534   66.25000  396   72   81.99962   64.00000  22.0%  14.2 2143s
 2127499 1418307   70.25000  397   72   81.99962   64.00000  22.0%  14.2 2157s
 2159531 1421770   78.26504  259   56   81.99962   64.00000  22.0%  14.2 2164s
 2165204 1429325   72.50000  234   71   81.99962   64.00000  22.0%  14.1 2169s
 2176889 1429344   81.50000  187   72   81.99962   64.00000  22.0%  14.1 2176s
 2176931 1432514     cutoff  188        81.99962   64.00000  22.0%  14.1 2181s
 2183509 1432541   72.50000  195   64   81.99962   64.00000  22.0%  14.1 2188s
 2183546 1435929   72.50000  196   64   81.99962   64.00000  22.0%  14.1 2191s
 2190478 1435963   81.87500  265   61   81.99962   64.00000  22.0%  14.1 2197s
 2190592 1453303     cutoff  266        81.99962   64.00000  22.0%  14.1 2214s
 2219621 1453303   66.25000  214   56   81.99962   64.00000  22.0%  14.1 2215s
 2222624 1453320   77.50000  304   72   81.99962   64.00000  22.0%  14.1 2223s
 2222670 1471067   77.51504  305   70   81.99962   64.00000  22.0%  14.1 2238s
 2254702 1471071   65.50000  211   62   81.99962   64.00000  22.0%  14.0 2246s
 2254762 1490129   65.50000  212   62   81.99962   64.00000  22.0%  14.0 2263s
 2286794 1492196   66.50000  239   75   81.99962   64.00000  22.0%  14.0 2269s
 2291658 1501622   72.75000  269   95   81.99962   64.00000  22.0%  14.0 2275s
 2307508 1501651   65.50000  217   65   81.99962   64.00000  22.0%  13.9 2282s
 2307542 1505195   65.50000  218   63   81.99962   64.00000  22.0%  13.9 2285s
 2313235 1505222   69.50000  247   54   81.99962   64.00000  22.0%  13.9 2292s
 2313272 1508044 infeasible  248        81.99962   64.00000  22.0%  13.9 2296s
 2317811 1510652   73.75000  212   66   81.99962   64.00000  22.0%  13.9 2301s
 2321862 1518154   77.54887  224   70   81.99962   64.00000  22.0%  13.9 2308s
 2335252 1518180   70.12500  255   58   81.99962   64.00000  22.0%  13.9 2319s
 2335289 1521884   73.12500  254   56   81.99962   64.00000  22.0%  13.9 2323s
 2341742 1521906     cutoff  221        81.99962   64.00000  22.0%  13.9 2330s
 2341782 1524803 infeasible  220        81.99962   64.00000  22.0%  13.9 2335s
 2348607 1524831   77.75000  249   52   81.99962   64.00000  22.0%  13.9 2343s
 2348643 1541151     cutoff  250        81.99962   64.00000  22.0%  13.9 2358s
 2380675 1541173   77.00000  279   55   81.99962   64.00000  22.0%  13.8 2367s
 2380717 1557321   76.25000  276   53   81.99962   64.00000  22.0%  13.8 2381s
 2412749 1557349   75.25000  424   58   81.99962   64.00000  22.0%  13.8 2391s
 2412785 1574283   77.25000  425   58   81.99962   64.00000  22.0%  13.8 2404s
 2444817 1574402 infeasible  379        81.99962   64.00000  22.0%  13.8 2412s
 2445134 1590354   74.25000  379   63   81.99962   64.00000  22.0%  13.8 2425s
 2477166 1590377   68.81585  413   64   81.99962   64.00000  22.0%  13.7 2433s
 2477207 1607320   74.00000  414   54   81.99962   64.00000  22.0%  13.7 2448s
 2509239 1607340   75.12500  238   61   81.99962   64.00000  22.0%  13.7 2456s
 2509280 1622092     cutoff  239        81.99962   64.00000  22.0%  13.7 2475s
 2541312 1622236   80.75000  406   57   81.99962   64.00000  22.0%  13.6 2484s
 2541549 1638585   80.75000  407   57   81.99962   64.00000  22.0%  13.6 2494s
 2559567 1638585 infeasible  268        81.99962   64.00000  22.0%  13.6 2495s
 2573581 1638600   75.11480  408   57   81.99962   64.00000  22.0%  13.6 2502s
 2573628 1654750 infeasible  407        81.99962   64.00000  22.0%  13.6 2524s
 2605660 1654769   75.75000  411   58   81.99962   64.00000  22.0%  13.6 2532s
 2605703 1672371   75.75000  412   58   81.99962   64.00000  22.0%  13.6 2545s
 2637735 1672370   80.50000  273   69   81.99962   64.00000  22.0%  13.5 2552s
 2637798 1687720     cutoff  269        81.99962   64.00000  22.0%  13.5 2567s
 2669830 1687732     cutoff  408        81.99962   64.00000  22.0%  13.5 2575s
 2669882 1706442   77.77756  405   49   81.99962   64.00000  22.0%  13.5 2591s
 2701914 1708432   67.50000  272   67   81.99962   64.00000  22.0%  13.5 2597s
 2705666 1708454   69.25581  289   68   81.99962   64.00000  22.0%  13.5 2606s
 2705707 1712893   70.10589  290   68   81.99962   64.00000  22.0%  13.5 2613s
 2712574 1714512   67.75000  227   57   81.99962   64.00000  22.0%  13.5 2620s
 2715869 1717494   80.25000  201   69   81.99962   64.00000  22.0%  13.5 2627s
 2721260 1719876   77.25000  185   74   81.99962   64.00000  22.0%  13.5 2634s
 2725341 1723633     cutoff  206        81.99962   64.00000  22.0%  13.5 2642s
 2731872 1728260   78.52256  213   73   81.99962   64.00000  22.0%  13.5 2648s
 2739015 1728287   72.00000  171   96   81.99962   64.00000  22.0%  13.5 2659s
 2739051 1732834   72.00000  172   97   81.99962   64.00000  22.0%  13.5 2664s
 2746229 1733907   76.25000  417   55   81.99962   64.00000  22.0%  13.5 2668s
 2747709 1740363   79.25000  451   46   81.99962   64.00000  22.0%  13.5 2676s
 2756716 1740395   78.25000  259   65   81.99962   64.00000  22.0%  13.5 2682s
 2756748 1744819     cutoff  260        81.99962   64.00000  22.0%  13.5 2687s
 2762958 1746440   65.25000  144   91   81.99962   64.00000  22.0%  13.5 2693s
 2765104 1754981   78.25000  187   63   81.99962   64.00000  22.0%  13.5 2704s
 2778866 1757018   75.00000  176   87   81.99962   64.00000  22.0%  13.5 2711s
 2781756 1762658   75.00000  190   91   81.99962   64.00000  22.0%  13.6 2718s
 2791208 1766118   77.75000  293   93   81.99962   64.00000  22.0%  13.6 2724s
 2796263 1770124   81.00000  287   61   81.99962   64.00000  22.0%  13.6 2730s
 2802782 1771138     cutoff  238        81.99962   64.00000  22.0%  13.6 2736s
 2804537 1776044   76.25000  163   93   81.99962   64.00000  22.0%  13.6 2741s
 2812162 1778234   73.25000  188  103   81.99962   64.00000  22.0%  13.6 2748s
 2814903 1785130     cutoff  312        81.99962   64.00000  22.0%  13.6 2754s
 2822396 1785130   73.25000  176   90   81.99962   64.00000  22.0%  13.6 2755s
 2823686 1786094   76.25000  206   77   81.99962   64.00000  22.0%  13.6 2760s
 2824955 1791993   74.75000  293   65   81.99962   64.00000  22.0%  13.6 2766s
 2832458 1793739   64.00000  191   73   81.99962   64.00000  22.0%  13.6 2771s
 2834720 1804710   65.50000  214   78   81.99962   64.00000  22.0%  13.6 2782s
 2850978 1805707   67.50000  228   90   81.99962   64.00000  22.0%  13.6 2788s
 2852556 1811521   79.75000  251   77   81.99962   64.00000  22.0%  13.6 2794s
 2861467 1812663     cutoff  174        81.99962   64.00000  22.0%  13.6 2800s
 2863413 1823191   64.00000  123   73   81.99962   64.00000  22.0%  13.6 2814s
 2879669 1824885 infeasible  261        81.99962   64.00000  22.0%  13.6 2822s
 2881821 1833076   65.00000  190   72   81.99962   64.00000  22.0%  13.6 2829s
 2892408 1835692     cutoff  185        81.99962   64.00000  22.0%  13.6 2836s
 2896067 1841559   73.25000  181   80   81.99962   64.00000  22.0%  13.6 2844s
 2905233 1843825     cutoff  212        81.99962   64.00000  22.0%  13.6 2850s
 2908855 1848332   70.75000  152   78   81.99962   64.00000  22.0%  13.6 2856s
 2916308 1851338   80.87500  234   67   81.99962   64.00000  22.0%  13.6 2863s
 2920716 1856793   67.50000  198   64   81.99962   64.00000  22.0%  13.6 2870s
 2929540 1861327   67.25000  229  100   81.99962   64.00000  22.0%  13.6 2876s
 2935330 1863195   67.75000  207   68   81.99962   64.00000  22.0%  13.6 2883s
 2937639 1871043   81.75000  245   64   81.99962   64.00000  22.0%  13.6 2890s
 2947121 1873163   72.75000  158   91   81.99962   64.00000  22.0%  13.7 2896s
 2949661 1878317     cutoff  172        81.99962   64.00000  22.0%  13.7 2903s
 2957956 1879551   68.00000  233   83   81.99962   64.00000  22.0%  13.7 2909s
 2959762 1883520   78.25000  263  111   81.99962   64.00000  22.0%  13.7 2915s
 2965695 1883910   66.50000  234   50   81.99962   64.00000  22.0%  13.7 2921s
 2966445 1889476 infeasible  232        81.99962   64.00000  22.0%  13.7 2928s
 2975851 1890140   64.50000  181   69   81.99962   64.00000  22.0%  13.7 2932s
 2976778 1893958     cutoff  216        81.99962   64.00000  22.0%  13.7 2937s
 2983172 1894964   80.50000  309   63   81.99962   64.00000  22.0%  13.7 2943s
 2984700 1899742   64.75000  173   97   81.99962   64.00000  22.0%  13.7 2950s
 2992653 1901087   74.00000  173   67   81.99962   64.00000  22.0%  13.6 2956s
 2995321 1910687   78.00000  194   67   81.99962   64.00000  22.0%  13.6 2967s
 3010291 1910800   73.25000  214   70   81.99962   64.00000  22.0%  13.6 2971s
 3010456 1916043   73.25000  215   70   81.99962   64.00000  22.0%  13.6 2977s
 3018248 1916184   64.25000  156   81   81.99962   64.00000  22.0%  13.6 2981s
 3018438 1921019   64.25000  157   81   81.99962   64.00000  22.0%  13.6 2986s
 3025488 1921600   67.75000  220   90   81.99962   64.00000  22.0%  13.6 2994s
 3026286 1945139   74.75000  233   84   81.99962   64.00000  22.0%  13.6 3020s
 3058146 1946343     cutoff  176        81.99962   64.00000  22.0%  13.7 3028s
 3060304 1958423   66.81250  211   87   81.99962   64.00000  22.0%  13.7 3040s
 3078461 1959550   64.00000  167   59   81.99962   64.00000  22.0%  13.7 3047s
 3080034 1965468   65.50000  182  109   81.99962   64.00000  22.0%  13.7 3053s
 3087993 1965941   76.50000  219   94   81.99962   64.00000  22.0%  13.7 3061s
 3088553 1989638   75.75000  222  104   81.99962   64.00000  22.0%  13.7 3087s
 3120585 1990475   69.75000  229   84   81.99962   64.00000  22.0%  13.7 3094s
 3121783 2010845   77.00000  237   83   81.99962   64.00000  22.0%  13.7 3110s
 3152046 2012322   68.25000  209   72   81.99962   64.00000  22.0%  13.7 3117s
 3154498 2022058   65.75000  178  105   81.99962   64.00000  22.0%  13.7 3129s
 3168849 2023615   68.75000  233   67   81.99962   64.00000  22.0%  13.7 3135s
 3171026 2029444   64.00000  164   69   81.99962   64.00000  22.0%  13.7 3142s
 3180663 2030618     cutoff  209        81.99962   64.00000  22.0%  13.7 3147s
 3182349 2036829   65.50000  227   74   81.99962   64.00000  22.0%  13.7 3153s
 3189934 2037067   66.00000  211   58   81.99962   64.00000  22.0%  13.7 3156s
 3190201 2042482   64.50000  212   65   81.99962   64.00000  22.0%  13.7 3162s
 3197832 2042730   77.75000  201   83   81.99962   64.00000  22.0%  13.7 3165s
 3203477 2046413   71.00000  160   77   81.99962   64.00000  22.0%  13.7 3174s
 3203855 2051386   71.00000  161   77   81.99962   64.00000  22.0%  13.7 3179s
 3210156 2051939   69.00000  103   80   81.99962   64.00000  22.0%  13.7 3184s
 3210936 2057393   75.75000  104   87   81.99962   64.00000  22.0%  13.7 3189s
 3218311 2059856   66.75000  220   66   81.99962   64.00000  22.0%  13.7 3196s
 3221513 2071923   69.00000  205   67   81.99962   64.00000  22.0%  13.7 3205s
 3238233 2076123   68.75000  256   87   81.99962   64.00000  22.0%  13.7 3215s
 3244523 2081315   73.75000  334   71   81.99962   64.00000  22.0%  13.7 3223s
 3251999 2081344   65.75000  261   58   81.99962   64.00000  22.0%  13.7 3233s
 3252033 2102924   65.75000  262   56   81.99962   64.00000  22.0%  13.7 3253s
 3284065 2102945   76.00000  217   64   81.99962   64.00000  22.0%  13.7 3262s
 3284108 2126945   79.25326  218   65   81.99962   64.00000  22.0%  13.7 3280s
H3287803 2071033                      81.2500000   64.00000  21.2%  13.7 3282s
 3316140 2072397   64.00000  220   80   81.25000   64.00000  21.2%  13.7 3288s
H3316200 2041992                      80.7500000   64.00000  20.7%  13.7 3290s
H3316442 2041992                      80.7500000   64.00000  20.7%  13.7 3291s
H3316790 2041992                      80.7499999   64.00000  20.7%  13.7 3291s
H3316933 2026883                      80.5000000   64.00000  20.5%  13.7 3291s
H3317493 2011158                      80.2500000   64.00000  20.2%  13.7 3292s
 3318997 2018344   64.00000  214   48   80.25000   64.00000  20.2%  13.7 3302s
H3319204 2002500                      80.0000000   64.00000  20.0%  13.7 3302s
H3323326 2002500                      79.9999991   64.00000  20.0%  13.7 3302s
 3329460 2008447   64.00000  197   72   80.00000   64.00000  20.0%  13.7 3309s
H3330038 2008447                      79.9999987   64.00000  20.0%  13.7 3310s
H3330179 2008447                      79.9999987   64.00000  20.0%  13.7 3310s
H3331606 2008447                      79.9999986   64.00000  20.0%  13.7 3310s
H3331890 2008447                      79.9999986   64.00000  20.0%  13.7 3311s
H3336207 2008447                      79.9999986   64.00000  20.0%  13.7 3311s
 3337993 2011639   76.00000  172   64   80.00000   64.00000  20.0%  13.7 3317s
H3338000 2011639                      79.9999985   64.00000  20.0%  13.7 3318s
H3338208 2011639                      79.9999984   64.00000  20.0%  13.7 3318s
 3343482 2015607   76.50775  275   66   80.00000   64.00000  20.0%  13.7 3323s
H3344846 2015607                      79.9999984   64.00000  20.0%  13.7 3324s
H3346098 2015607                      79.9999983   64.00000  20.0%  13.7 3324s
 3350017 2020426   70.50000  247   61   80.00000   64.00000  20.0%  13.7 3330s
H3353616 2020426                      79.9999983   64.00000  20.0%  13.7 3331s
 3357081 2024071   74.00000  266   80   80.00000   64.00000  20.0%  13.7 3337s
H3357320 2024071                      79.9999983   64.00000  20.0%  13.7 3337s
 3362732 2025838     cutoff  240        80.00000   64.00000  20.0%  13.7 3342s
 3365475 2026413   79.75376  273   53   80.00000   64.00000  20.0%  13.7 3347s
 3366472 2030225   64.00000  181   83   80.00000   64.00000  20.0%  13.7 3353s
 3373034 2037031   68.25000  310  101   80.00000   64.00000  20.0%  13.7 3358s
 3382507 2042763   79.05643  292   70   80.00000   64.00000  20.0%  13.7 3365s
H3384501 2042763                      79.9999983   64.00000  20.0%  13.7 3365s
 3389350 2050478   70.00000  257   65   80.00000   64.00000  20.0%  13.7 3371s
H3398363 2050478                      79.9999981   64.00000  20.0%  13.7 3371s
 3399268 2050964   67.25000  259   65   80.00000   64.00000  20.0%  13.7 3375s
 3405438 2054690   71.28008  278   74   80.00000   64.00000  20.0%  13.7 3386s
 3405478 2058676   71.37500  279   73   80.00000   64.00000  20.0%  13.7 3391s
 3411612 2062177   68.75000  263   70   80.00000   64.00000  20.0%  13.7 3397s
 3416504 2072503   64.00000  244   94   80.00000   64.00000  20.0%  13.7 3404s
 3429765 2072530   73.25000  362   49   80.00000   64.00000  20.0%  13.7 3411s
 3436815 2077171     cutoff  291        80.00000   64.00000  20.0%  13.7 3420s
 3436853 2080737     cutoff  292        80.00000   64.00000  20.0%  13.7 3425s
 3442315 2080761   64.50000  205   70   80.00000   64.00000  20.0%  13.7 3433s
 3442355 2101664   64.50000  206   70   80.00000   64.00000  20.0%  13.7 3450s
H3456514 2101664                      79.9999981   64.00000  20.0%  13.7 3451s
 3474387 2101684   65.00000  195   74   80.00000   64.00000  20.0%  13.7 3458s
H3474410 2101684                      79.9999981   64.00000  20.0%  13.7 3459s
 3474430 2122073   65.75000  192   79   80.00000   64.00000  20.0%  13.7 3479s
 3493449 2122073     cutoff  229        80.00000   64.00000  20.0%  13.7 3480s
H3504029 2122073                      79.9999981   64.00000  20.0%  13.7 3481s
 3506462 2122068   69.50000  258   66   80.00000   64.00000  20.0%  13.7 3488s
 3506531 2141294   72.75000  259   64   80.00000   64.00000  20.0%  13.7 3504s
H3522115 2141294                      79.9999980   64.00000  20.0%  13.7 3505s
 3538563 2141313   78.00000  254   64   80.00000   64.00000  20.0%  13.7 3513s
H3538576 2141313                      79.9999980   64.00000  20.0%  13.7 3514s
 3538606 2163475   78.00000  255   63   80.00000   64.00000  20.0%  13.7 3528s
H3553815 2163475                      79.9999980   64.00000  20.0%  13.7 3530s
 3570638 2165516   64.50000  269   78   80.00000   64.00000  20.0%  13.7 3535s
H3570848 2165516                      79.9999979   64.00000  20.0%  13.7 3536s
 3573809 2176731   72.50000  265   60   80.00000   64.00000  20.0%  13.7 3545s
H3586338 2176731                      79.9999979   64.00000  20.0%  13.7 3546s
H3588676 2176731                      79.9999978   64.00000  20.0%  13.7 3546s
 3589945 2176757   70.37500  403   80   80.00000   64.00000  20.0%  13.7 3553s
 3589983 2180231   70.37500  404   80   80.00000   64.00000  20.0%  13.7 3556s
 3595463 2181177   71.37970  440   64   80.00000   64.00000  20.0%  13.7 3561s
 3596963 2185157   71.62500  441   61   80.00000   64.00000  20.0%  13.7 3565s
H3598964 2185157                      79.9999977   64.00000  20.0%  13.7 3566s
 3604332 2185180   78.00000  377   53   80.00000   64.00000  20.0%  13.7 3573s
H3604333 2185180                      79.9999977   64.00000  20.0%  13.7 3573s
 3604373 2204002   78.00000  378   51   80.00000   64.00000  20.0%  13.7 3588s
 3636405 2204031   65.50000  310   79   80.00000   64.00000  20.0%  13.7 3595s
 3636440 2210675   65.75000  311   76   80.00000   64.00000  20.0%  13.7 3600s

Cutting planes:
  Learned: 72
  Gomory: 3
  Cover: 333
  Implied bound: 121
  Clique: 83
  MIR: 654
  StrongCG: 3
  Flow cover: 956
  GUB cover: 4
  Zero half: 2
  RLT: 36
  Relax-and-lift: 802

Explored 3645646 nodes (50091782 simplex iterations) in 3600.17 seconds
Thread count was 32 (of 32 available processors)

Solution count 10: 80 80 80 ... 80

Time limit reached
Best objective 7.999999772177e+01, best bound 6.400000000000e+01, gap 20.0000%
