
Gurobi 9.1.2 (linux64) logging started Tue Aug  8 22:10:20 2023

Changed value of parameter LogFile to max-ls_r=('6', '3').log
   Prev:   Default: 
Changed value of parameter MIPFocus to 1
   Prev: 0  Min: 0  Max: 3  Default: 0
Changed value of parameter Threads to 32
   Prev: 0  Min: 0  Max: 1024  Default: 0
Changed value of parameter TimeLimit to 3600.0
   Prev: inf  Min: 0.0  Max: inf  Default: inf
Warning: variable name "X[('6', '6'),('7', '6')]" has a space
Warning: constraint name "flow-constr-t0-v('6', '3')" has a space
Warning: to let Gurobi read it back, use rlp format
Gurobi Optimizer version 9.1.2 build v9.1.2rc0 (linux64)
Thread count: 16 physical cores, 32 logical processors, using up to 32 threads
Optimize a model with 2931 rows, 2688 columns and 10256 nonzeros
Model fingerprint: 0x77b8e019
Variable types: 256 continuous, 2432 integer (2432 binary)
Coefficient statistics:
  Matrix range     [1e+00, 7e+04]
  Objective range  [2e-01, 2e-01]
  Bounds range     [1e+00, 3e+04]
  RHS range        [1e+00, 7e+04]
Presolve removed 415 rows and 424 columns
Presolve time: 0.04s
Presolved: 2516 rows, 2264 columns, 17084 nonzeros
Variable types: 256 continuous, 2008 integer (2008 binary)
Found heuristic solution: objective 8291.9999995

Root relaxation: objective 6.400000e+01, 150 iterations, 0.00 seconds

    Nodes    |    Current Node    |     Objective Bounds      |     Work
 Expl Unexpl |  Obj  Depth IntInf | Incumbent    BestBd   Gap | It/Node Time

     0     0   64.00000    0   20 8292.00000   64.00000  99.2%     -    0s
H    0     0                     165.5000000   64.00000  61.3%     -    0s
H    0     0                     165.2500000   64.00000  61.3%     -    0s
H    0     0                      98.8000000   64.00000  35.2%     -    0s
H    0     0                      97.3000000   64.00000  34.2%     -    0s
     0     0   64.00000    0   45   97.30000   64.00000  34.2%     -    0s
H    0     0                      83.0000000   64.00000  22.9%     -    0s
     0     0   64.00000    0   53   83.00000   64.00000  22.9%     -    0s
     0     0   64.00000    0   20   83.00000   64.00000  22.9%     -    0s
H    0     0                      82.7500000   64.00000  22.7%     -    0s
     0     0   64.00000    0   24   82.75000   64.00000  22.7%     -    0s
     0     0   64.00000    0   24   82.75000   64.00000  22.7%     -    0s
H    0     0                      80.7500000   64.00000  20.7%     -    0s
     0     0   64.00000    0   24   80.75000   64.00000  20.7%     -    0s
     0     0   64.00000    0   26   80.75000   64.00000  20.7%     -    0s
     0     0   64.00000    0   41   80.75000   64.00000  20.7%     -    0s
     0     0   64.00000    0   20   80.75000   64.00000  20.7%     -    0s
     0     2   64.00000    0   20   80.75000   64.00000  20.7%     -    1s
H   31    64                      79.7499994   64.00000  19.7%  18.6    2s
H   33    64                      79.2500000   64.00000  19.2%  17.8    2s
H   42    64                      79.0000000   64.00000  19.0%  14.7    2s
H   46    64                      78.5000000   64.00000  18.5%  13.6    2s
H   50    64                      78.0000000   64.00000  17.9%  13.4    2s
H   95   128                      77.7500000   64.00000  17.7%  10.3    3s
H   96   128                      72.9166667   64.00000  12.2%  10.3    3s
H  159   190                      72.2500000   64.00000  11.4%   7.8    5s
H  160   190                      71.5000000   64.00000  10.5%   7.8    5s
H  164   190                      69.7500000   64.00000  8.24%   7.8    5s
H  165   190                      68.7500000   64.00000  6.91%   7.7    5s
H  191   222                      68.5000000   64.00000  6.57%   7.1    6s
H  193   222                      68.0000000   64.00000  5.88%   7.1    6s
  1723  1674   64.00000   46   30   68.00000   64.00000  5.88%   3.8   10s
  6791  6236   64.00000   55   26   68.00000   64.00000  5.88%   4.4   15s
  6983  6391   64.00000   18   46   68.00000   64.00000  5.88%   6.9   22s
  7272  6569   64.00000   23   48   68.00000   64.00000  5.88%   9.4   26s
  8735 11344   64.00000   46   53   68.00000   64.00000  5.88%  15.3   30s
 13833 14575   64.00000   31   49   68.00000   64.00000  5.88%  19.7   35s
 20880 14000   64.00000  135   45   68.00000   64.00000  5.88%  18.4   40s
H22889 14608                      67.9999999   64.00000  5.88%  20.2   41s
H23144 14412                      67.9999998   64.00000  5.88%  20.4   44s
H23202 14231                      67.9999998   64.00000  5.88%  20.4   44s
H23359 14231                      67.9999997   64.00000  5.88%  20.3   44s
 23386 14895   64.00000  205   66   68.00000   64.00000  5.88%  20.3   47s
H27349 18278                      67.9999996   64.00000  5.88%  21.2   48s
 28409 18309   64.00000  375   49   68.00000   64.00000  5.88%  21.5   52s
H28410 18309                      67.9999995   64.00000  5.88%  21.5   52s
H28721 19024                      67.9999995   64.00000  5.88%  21.8   54s
H28773 19024                      67.9999994   64.00000  5.88%  21.8   54s
 29295 27896   64.00000  402   64   68.00000   64.00000  5.88%  22.1   57s
 41327 27922   64.00000  185   78   68.00000   64.00000  5.88%  24.1   60s
H41363 27922                      67.9999992   64.00000  5.88%  24.1   60s
H42009 30646                      67.9999988   64.00000  5.88%  24.2   61s
H44606 30675                      67.9999988   64.00000  5.88%  24.3   65s
 49717 34530   67.50000   69   78   68.00000   64.00000  5.88%  24.6   72s
 52775 36645   67.00000   87   81   68.00000   64.00000  5.88%  25.4   75s
 56118 41470     cutoff  172        68.00000   64.00000  5.88%  25.9   80s
 62917 56746   67.75000  113   85   68.00000   64.00000  5.88%  26.7   90s
 82281 57412   65.00000  101   79   68.00000   64.00000  5.88%  28.0   96s
 91499 63678   65.00000  131   74   68.00000   64.00000  5.88%  27.8  104s
 92319 85381   65.00000  133   69   68.00000   64.00000  5.88%  27.8  116s
 124351 86107   67.50000  171   73   68.00000   64.00000  5.88%  28.3  120s
H125275 86107                      67.9999987   64.00000  5.88%  28.3  120s
 125485 108419   64.00000  131   61   68.00000   64.00000  5.88%  28.3  132s
H126801 108419                      67.9999987   64.00000  5.88%  28.2  132s
 157517 108496   64.00000  121   49   68.00000   64.00000  5.88%  27.7  136s
 157707 129678   64.00000  122   71   68.00000   64.00000  5.88%  27.7  147s
H169311 129678                      67.9999986   64.00000  5.88%  27.5  147s
H185227 129678                      67.9999986   64.00000  5.88%  27.1  148s
H189739 129704                      67.9999985   64.00000  5.88%  27.0  154s
H189740 129704                      67.9999985   64.00000  5.88%  27.0  154s
H189755 129704                      67.9999985   64.00000  5.88%  27.0  154s
 189776 149925   65.75000  168   87   68.00000   64.00000  5.88%  27.0  166s
H195807 149925                      67.9999985   64.00000  5.88%  26.8  166s
H219831 149925                      67.9999984   64.00000  5.88%  26.4  166s
 221808 149944     cutoff  247        68.00000   64.00000  5.88%  26.4  172s
H221815 149944                      67.9999984   64.00000  5.88%  26.4  172s
 221853 170216   64.25000  165   57   68.00000   64.00000  5.88%  26.4  184s
H237715 170216                      67.9999984   64.00000  5.88%  26.4  184s
H240898 170216                      67.9999983   64.00000  5.88%  26.5  184s
 253885 171175     cutoff  191        68.00000   64.00000  5.88%  26.4  189s
H253886 171175                      67.9999982   64.00000  5.88%  26.4  189s
H254735 171175                      67.9999982   64.00000  5.88%  26.3  189s
 255122 191119   64.00000  199   65   68.00000   64.00000  5.88%  26.3  201s
H268291 191119                      67.9999981   64.00000  5.88%  26.2  201s
H287132 191055                      67.9999980   64.00000  5.88%  25.8  207s
 287174 210513   65.25000  205   69   68.00000   64.00000  5.88%  25.8  217s
H298210 210513                      67.9999977   64.00000  5.88%  25.7  218s
H300212 210513                      67.9999977   64.00000  5.88%  25.6  218s
H303216 210513                      67.9999976   64.00000  5.88%  25.6  218s
 319206 210541   67.00000   34   66   68.00000   64.00000  5.88%  25.2  224s
H319220 210541                      67.9999976   64.00000  5.88%  25.2  224s
H319228 210541                      67.9999975   64.00000  5.88%  25.2  224s
 319242 230646   67.00000   35   65   68.00000   64.00000  5.88%  25.2  233s
 351274 230660   64.00000  142   67   68.00000   64.00000  5.88%  24.6  240s
H351284 230660                      67.9999975   64.00000  5.88%  24.6  240s
 351319 250148   64.00000  143   61   68.00000   64.00000  5.88%  24.6  250s
 383351 250161   65.25000  163   75   68.00000   64.00000  5.88%  24.2  255s
H383365 250161                      67.9999975   64.00000  5.88%  24.2  255s
 383401 267946   65.25000  164   76   68.00000   64.00000  5.88%  24.2  266s
H384427 267946                      67.9999975   64.00000  5.88%  24.2  266s
 415433 267971     cutoff  195        68.00000   64.00000  5.88%  23.8  273s
H415465 267971                      67.9999975   64.00000  5.88%  23.8  273s
 415472 286198   67.25000  195   50   68.00000   64.00000  5.88%  23.8  281s
H417501 286198                      67.9999975   64.00000  5.88%  23.8  281s
H430512 286198                      67.9999974   64.00000  5.88%  23.6  282s
 447504 286219   64.00000  124   65   68.00000   64.00000  5.88%  23.3  288s
H447523 286219                      67.9999974   64.00000  5.88%  23.3  288s
 447544 303170   64.00000  125   74   68.00000   64.00000  5.88%  23.3  298s
 479576 303194   64.00000  175   62   68.00000   64.00000  5.88%  23.1  305s
 479616 321249   64.00000  175   65   68.00000   64.00000  5.88%  23.1  313s
 511648 321271   67.50000  163   83   68.00000   64.00000  5.88%  22.6  320s
 511689 338586   67.50000  164   81   68.00000   64.00000  5.88%  22.6  329s
 539717 338586   65.00000  187   63   68.00000   64.00000  5.88%  22.2  330s
 543721 338609   67.50000  283   53   68.00000   64.00000  5.88%  22.1  336s
H543745 338609                      67.9999974   64.00000  5.88%  22.1  336s
 543760 354207   67.83333  284   77   68.00000   64.00000  5.88%  22.1  346s
 575792 354226     cutoff  224        68.00000   64.00000  5.88%  21.9  357s
H575801 354226                      67.9999974   64.00000  5.88%  21.9  357s
 575833 369931   67.50000  225   65   68.00000   64.00000  5.88%  21.9  365s
H593217 369931                      67.9999973   64.00000  5.88%  21.8  366s
 607865 369952   67.00000  212   58   68.00000   64.00000  5.88%  21.6  372s
H607885 369952                      67.9999973   64.00000  5.88%  21.6  372s
 607907 386510   67.00000  213   61   68.00000   64.00000  5.88%  21.6  380s
H607932 386510                      67.9999972   64.00000  5.88%  21.6  380s
H608933 386510                      67.9999972   64.00000  5.88%  21.6  380s
H624950 386510                      67.9999972   64.00000  5.88%  21.5  380s
 639939 386530   64.00000  263   55   68.00000   64.00000  5.88%  21.3  386s
H639969 386530                      67.9999971   64.00000  5.88%  21.3  386s
 639980 401871   64.00000  264   48   68.00000   64.00000  5.88%  21.3  397s
 672012 401892   67.28261  232   58   68.00000   64.00000  5.88%  21.2  404s
 672051 421049   65.00000  230   51   68.00000   64.00000  5.88%  21.2  415s
 704083 421078 infeasible  305        68.00000   64.00000  5.88%  21.2  422s
 704118 439316   65.63542  305   52   68.00000   64.00000  5.88%  21.2  431s
 736150 439332     cutoff  260        68.00000   64.00000  5.88%  21.2  438s
 736197 457048   64.75000  260   59   68.00000   64.00000  5.88%  21.2  449s
 740201 457048   64.75000  258   59   68.00000   64.00000  5.88%  21.2  450s
 768229 457072   67.75000  295   73   68.00000   64.00000  5.88%  21.2  455s
 768269 475223     cutoff  296        68.00000   64.00000  5.88%  21.2  465s
 800301 475249   64.00000  252   50   68.00000   64.00000  5.88%  21.3  471s
 800339 493692   64.00000  253   48   68.00000   64.00000  5.88%  21.3  480s
 832371 493707   67.50000  266   74   68.00000   64.00000  5.88%  21.3  487s
 832415 512245   67.50000  267   70   68.00000   64.00000  5.88%  21.3  496s
 864447 512268   67.75000  312   73   68.00000   64.00000  5.88%  21.3  503s
 864487 529986   67.75000  313   72   68.00000   64.00000  5.88%  21.3  512s
 896519 529981   66.50000  195   82   68.00000   64.00000  5.88%  21.3  519s
 896586 546620     cutoff  196        68.00000   64.00000  5.88%  21.3  531s
 928618 546632   67.75000  233   66   68.00000   64.00000  5.88%  21.4  537s
 928665 563224   67.75000  234   64   68.00000   64.00000  5.88%  21.4  548s
 960697 563240   67.62500  357   59   68.00000   64.00000  5.88%  21.4  553s
 960739 580559     cutoff  356        68.00000   64.00000  5.88%  21.4  563s
 992771 580582   64.50000  265   66   68.00000   64.00000  5.88%  21.5  570s
 992809 596609   64.50000  266   66   68.00000   64.00000  5.88%  21.5  579s
 1005822 596609   65.25000  273   84   68.00000   64.00000  5.88%  21.5  580s
 1024841 596608   66.25000  230   99   68.00000   64.00000  5.88%  21.5  586s
 1024904 612274   66.25000  231  101   68.00000   64.00000  5.88%  21.5  597s
 1056936 612295   67.00000  202   62   68.00000   64.00000  5.88%  21.5  608s
 1056979 628094   67.00000  203   62   68.00000   64.00000  5.88%  21.5  619s
 1089011 628112   67.50000  206   72   68.00000   64.00000  5.88%  21.5  625s
 1089055 643709   67.50000  207   74   68.00000   64.00000  5.88%  21.5  638s
 1121087 643733   65.00000  248   77   68.00000   64.00000  5.88%  21.5  643s
 1121127 658863   65.25000  249   79   68.00000   64.00000  5.88%  21.5  655s
 1153159 658866   67.25000  247   66   68.00000   64.00000  5.88%  21.5  662s
 1153219 675642   67.25000  248   66   68.00000   64.00000  5.88%  21.5  671s
 1185251 675664   64.00000  181   60   68.00000   64.00000  5.88%  21.5  678s
 1185292 692081 infeasible  182        68.00000   64.00000  5.88%  21.5  688s
 1217324 692105   64.75000  266   70   68.00000   64.00000  5.88%  21.5  695s
H1217363 692105                      67.9999971   64.00000  5.88%  21.5  695s
 1217364 705230   64.75000  266   77   68.00000   64.00000  5.88%  21.5  707s
 1249396 705246   67.50000  190   52   68.00000   64.00000  5.88%  21.5  713s
H1249422 705246                      67.9999971   64.00000  5.88%  21.5  713s
 1249444 720985   67.50000  191   51   68.00000   64.00000  5.88%  21.5  725s
 1281476 721012   64.25000  208   67   68.00000   64.00000  5.88%  21.5  732s
 1281511 736198   67.50000  208   71   68.00000   64.00000  5.88%  21.5  743s
H1297552 736198                      67.9999971   64.00000  5.88%  21.5  744s
 1313543 736191     cutoff  217        68.00000   64.00000  5.88%  21.5  751s
 1313613 750680   67.25000  218   70   68.00000   64.00000  5.88%  21.5  763s
 1345645 750704   67.00000  192   93   68.00000   64.00000  5.88%  21.5  769s
 1345683 766279     cutoff  193        68.00000   64.00000  5.88%  21.5  780s
 1377715 766300   64.01042  210   58   68.00000   64.00000  5.88%  21.5  785s
 1377754 780490   64.25000  211   53   68.00000   64.00000  5.88%  21.5  797s
 1409786 780476   67.00000  213   67   68.00000   64.00000  5.88%  21.4  804s
 1409861 794091     cutoff  214        68.00000   64.00000  5.88%  21.4  815s
H1419896 794091                      67.9999970   64.00000  5.88%  21.3  815s
H1441893 794104                      67.9999970   64.00000  5.88%  21.3  822s
 1441941 807693   65.99999  240   58   68.00000   64.00000  5.88%  21.3  834s
 1473973 807707   64.75000  249   66   68.00000   64.00000  5.88%  21.2  840s
 1474017 820697   64.75000  250   66   68.00000   64.00000  5.88%  21.2  852s
H1491059 820697                      67.9999970   64.00000  5.88%  21.2  853s
H1501069 820697                      67.9999969   64.00000  5.88%  21.1  853s
 1506049 820715   64.00000  196   62   68.00000   64.00000  5.88%  21.1  859s
H1506053 820715                      67.9999969   64.00000  5.88%  21.1  859s
 1506091 835022   64.25000  195   61   68.00000   64.00000  5.88%  21.1  876s
H1522133 835022                      67.9999969   64.00000  5.88%  21.1  876s
 1538123 835022     cutoff  207        68.00000   64.00000  5.88%  21.0  883s
 1538185 848276     cutoff  198        68.00000   64.00000  5.88%  21.0  895s
H1567240 848276                      67.9999968   64.00000  5.88%  21.0  896s
H1569241 848276                      67.9999968   64.00000  5.88%  21.0  896s
 1570217 848299   65.00000  236   55   68.00000   64.00000  5.88%  20.9  902s
H1570236 848299                      67.9999968   64.00000  5.88%  20.9  902s
 1570256 862087   65.00000  237   55   68.00000   64.00000  5.88%  20.9  913s
H1573284 862087                      67.9999968   64.00000  5.88%  20.9  914s
 1602288 862071     cutoff  278        68.00000   64.00000  5.88%  20.8  921s
 1602366 875165     cutoff  278        68.00000   64.00000  5.88%  20.8  931s
H1628417 875165                      67.9999968   64.00000  5.88%  20.8  932s
 1634398 875184   66.00000  204   67   68.00000   64.00000  5.88%  20.8  938s
 1634443 886815 infeasible  205        68.00000   64.00000  5.88%  20.8  951s
H1666475 886841                      67.9999967   64.00000  5.88%  20.7  957s
 1666513 900775   65.50000  195   52   68.00000   64.00000  5.88%  20.7  968s
H1682554 900775                      67.9999967   64.00000  5.88%  20.7  969s
H1698545 900791                      67.9999967   64.00000  5.88%  20.7  976s
 1698592 911472 infeasible  237        68.00000   64.00000  5.88%  20.7  988s
 1730624 911482     cutoff  278        68.00000   64.00000  5.88%  20.6  993s
 1730673 925516   65.75000  279   56   68.00000   64.00000  5.88%  20.6 1003s
 1762705 925505     cutoff  248        68.00000   64.00000  5.88%  20.5 1011s
 1762775 938618     cutoff  246        68.00000   64.00000  5.88%  20.5 1021s
H1763801 938618                      67.9999967   64.00000  5.88%  20.5 1021s
 1794807 938644   67.75000  273   74   68.00000   64.00000  5.88%  20.5 1028s
 1794843 953958   67.75000  274   73   68.00000   64.00000  5.88%  20.5 1038s
 1826875 953975   64.25000  231   69   68.00000   64.00000  5.88%  20.5 1044s
 1826919 969083   64.25000  232   69   68.00000   64.00000  5.88%  20.5 1055s
 1858951 969105     cutoff  229        68.00000   64.00000  5.88%  20.5 1061s
 1858992 984896   65.00000  227   81   68.00000   64.00000  5.88%  20.5 1071s
 1891024 984916   64.00000  197   65   68.00000   64.00000  5.88%  20.5 1079s
 1891065 1001748   64.00000  198   72   68.00000   64.00000  5.88%  20.5 1088s
 1923097 1001772   67.00000  173   65   68.00000   64.00000  5.88%  20.5 1095s
 1923134 1017101     cutoff  174        68.00000   64.00000  5.88%  20.5 1105s
 1955166 1017114     cutoff  207        68.00000   64.00000  5.88%  20.6 1112s
 1955216 1034625 infeasible  207        68.00000   64.00000  5.88%  20.6 1122s
 1987248 1034653   65.75000  205   70   68.00000   64.00000  5.88%  20.6 1128s
H1987251 1034653                      67.9999966   64.00000  5.88%  20.6 1128s
 1987281 1051589   65.75000  206   74   68.00000   64.00000  5.88%  20.6 1138s
H1994313 1051589                      67.9999966   64.00000  5.88%  20.6 1138s
 2019313 1051612     cutoff  220        68.00000   64.00000  5.88%  20.6 1145s
 2019353 1066528   67.04167  221   67   68.00000   64.00000  5.88%  20.6 1155s
 2051385 1066533   64.75000  210   75   68.00000   64.00000  5.88%  20.5 1161s
 2051440 1080551   65.00000  211   77   68.00000   64.00000  5.88%  20.5 1172s
 2083472 1080567   64.00000  185   82   68.00000   64.00000  5.88%  20.6 1178s
 2083518 1096557   64.00000  186   82   68.00000   64.00000  5.88%  20.6 1188s
 2115550 1096576   64.50000  186   84   68.00000   64.00000  5.88%  20.6 1195s
 2115592 1111575   64.25000  186   86   68.00000   64.00000  5.88%  20.6 1206s
 2147624 1111578     cutoff  270        68.00000   64.00000  5.88%  20.7 1213s
 2147682 1126524     cutoff  270        68.00000   64.00000  5.88%  20.7 1224s
H2166726 1126524                      67.9999966   64.00000  5.88%  20.7 1225s
 2179714 1126541   65.00000  243   73   68.00000   64.00000  5.88%  20.7 1231s
H2179717 1126541                      67.9999966   64.00000  5.88%  20.7 1232s
 2179761 1141264 infeasible  244        68.00000   64.00000  5.88%  20.7 1241s
 2211793 1141281   65.75000  255   72   68.00000   64.00000  5.88%  20.7 1249s
 2211835 1154164   66.50000  256   97   68.00000   64.00000  5.88%  20.7 1259s
 2243867 1154181   67.25000  264   65   68.00000   64.00000  5.88%  20.7 1266s
 2243911 1168426 infeasible  265        68.00000   64.00000  5.88%  20.7 1277s
 2275943 1168445   67.50000  259   73   68.00000   64.00000  5.88%  20.7 1283s
 2275985 1181351     cutoff  260        68.00000   64.00000  5.88%  20.7 1298s
H2301035 1181351                      67.9999965   64.00000  5.88%  20.7 1300s
 2308017 1181362     cutoff  217        68.00000   64.00000  5.88%  20.7 1306s
 2308068 1194354   65.24997  223   76   68.00000   64.00000  5.88%  20.7 1317s
 2340100 1194371   65.04167  258   65   68.00000   64.00000  5.88%  20.7 1326s
 2340140 1206387   64.75000  258   55   68.00000   64.00000  5.88%  20.7 1336s
 2372172 1206407   64.00000  235   57   68.00000   64.00000  5.88%  20.7 1342s
 2372211 1217634   64.00000  235   60   68.00000   64.00000  5.88%  20.7 1353s
 2404243 1217649   64.75000  271   82   68.00000   64.00000  5.88%  20.7 1359s
 2404289 1229427   64.75000  272   82   68.00000   64.00000  5.88%  20.7 1370s
 2436321 1229432     cutoff  294        68.00000   64.00000  5.88%  20.7 1378s
 2436378 1240846 infeasible  294        68.00000   64.00000  5.88%  20.7 1388s
 2468410 1240863   66.50000  248   70   68.00000   64.00000  5.88%  20.6 1396s
 2468453 1253436   66.50000  249   70   68.00000   64.00000  5.88%  20.6 1405s
 2500485 1253447   65.75000  240   70   68.00000   64.00000  5.88%  20.6 1413s
 2500535 1265594   65.75000  241   70   68.00000   64.00000  5.88%  20.6 1421s
 2532567 1265604   67.25000  247   71   68.00000   64.00000  5.88%  20.5 1427s
 2532618 1277542     cutoff  246        68.00000   64.00000  5.88%  20.5 1439s
 2540626 1277542   66.75000  246   58   68.00000   64.00000  5.88%  20.5 1440s
 2564650 1277560     cutoff  211        68.00000   64.00000  5.88%  20.5 1446s
H2564669 1277560                      67.9999965   64.00000  5.88%  20.5 1447s
 2564694 1288950     cutoff  211        68.00000   64.00000  5.88%  20.5 1457s
H2595750 1288950                      67.9999965   64.00000  5.88%  20.5 1458s
 2596726 1288971   67.75000  264   70   68.00000   64.00000  5.88%  20.5 1465s
 2596766 1299174   67.75000  265   66   68.00000   64.00000  5.88%  20.5 1474s
 2628798 1299181   64.00000  271   61   68.00000   64.00000  5.88%  20.5 1481s
 2628854 1309999   64.00000  272   62   68.00000   64.00000  5.88%  20.5 1491s
 2660886 1310014   64.00000  257   54   68.00000   64.00000  5.88%  20.4 1497s
 2660930 1320471   64.75000  257   47   68.00000   64.00000  5.88%  20.4 1506s
 2692962 1320481     cutoff  232        68.00000   64.00000  5.88%  20.4 1513s
 2693015 1330739     cutoff  256        68.00000   64.00000  5.88%  20.4 1523s
 2725047 1330753   67.00000  252   68   68.00000   64.00000  5.88%  20.4 1530s
 2725095 1341540   67.00000  253   71   68.00000   64.00000  5.88%  20.4 1539s
 2757127 1341546   67.25000  216   49   68.00000   64.00000  5.88%  20.3 1546s
 2757181 1352164   66.25000  215   54   68.00000   64.00000  5.88%  20.3 1558s
 2789213 1352184   64.75000  183   94   68.00000   64.00000  5.88%  20.3 1564s
 2789255 1363792   64.50000  180   88   68.00000   64.00000  5.88%  20.3 1573s
 2821287 1363805   64.75000  270   53   68.00000   64.00000  5.88%  20.3 1580s
 2821337 1373882   64.75000  271   49   68.00000   64.00000  5.88%  20.3 1590s
 2853369 1373894   64.50000  300   60   68.00000   64.00000  5.88%  20.3 1597s
 2853419 1385830   64.00000  300   60   68.00000   64.00000  5.88%  20.3 1607s
 2885451 1385837     cutoff  316        68.00000   64.00000  5.88%  20.3 1614s
 2885504 1397889     cutoff  314        68.00000   64.00000  5.88%  20.3 1624s
 2913532 1397889   65.50000  243   82   68.00000   64.00000  5.88%  20.3 1625s
 2917536 1397903   66.00000  231   69   68.00000   64.00000  5.88%  20.3 1636s
 2917586 1411235   65.00000  231   67   68.00000   64.00000  5.88%  20.3 1645s
 2949618 1411240 infeasible  218        68.00000   64.00000  5.88%  20.3 1652s
 2949675 1424040   64.00000  217   84   68.00000   64.00000  5.88%  20.3 1664s
 2960686 1424040     cutoff  339        68.00000   64.00000  5.88%  20.3 1665s
 2981707 1424058   64.50000  192   66   68.00000   64.00000  5.88%  20.3 1671s
 2981752 1437384   64.50000  193   66   68.00000   64.00000  5.88%  20.3 1680s
 3013784 1437402   67.50000  258   70   68.00000   64.00000  5.88%  20.3 1687s
H3013819 1437402                      67.9999965   64.00000  5.88%  20.3 1688s
 3013827 1450172   67.50000  259   68   68.00000   64.00000  5.88%  20.3 1699s
 3037851 1450172     cutoff  218        68.00000   64.00000  5.88%  20.3 1700s
 3045859 1450183   67.00620  311   73   68.00000   64.00000  5.88%  20.3 1707s
 3045910 1463574   67.25000  311   77   68.00000   64.00000  5.88%  20.3 1715s
 3077942 1463593   67.50000  229   84   68.00000   64.00000  5.88%  20.3 1723s
 3077987 1476995   65.50000  228   67   68.00000   64.00000  5.88%  20.3 1733s
 3110019 1477004   67.50000  216   76   68.00000   64.00000  5.88%  20.3 1739s
 3110071 1489473   67.50000  217   77   68.00000   64.00000  5.88%  20.3 1752s
 3142103 1489483 infeasible  267        68.00000   64.00000  5.88%  20.3 1757s
 3142153 1502143   64.75000  266   70   68.00000   64.00000  5.88%  20.3 1767s
 3174185 1502155   67.75000  292   65   68.00000   64.00000  5.88%  20.3 1773s
 3174233 1514359     cutoff  293        68.00000   64.00000  5.88%  20.3 1783s
 3206265 1514368   66.00000  329   63   68.00000   64.00000  5.88%  20.3 1791s
 3206319 1526659   66.50000  330   61   68.00000   64.00000  5.88%  20.3 1800s
 3238351 1526680   66.75000  240   62   68.00000   64.00000  5.88%  20.3 1808s
 3238392 1537546   66.75000  241   64   68.00000   64.00000  5.88%  20.3 1819s
 3270424 1537564   65.50000  224   79   68.00000   64.00000  5.88%  20.3 1826s
 3270470 1550192 infeasible  225        68.00000   64.00000  5.88%  20.3 1837s
 3302502 1550184     cutoff  250        68.00000   64.00000  5.88%  20.3 1844s
 3302572 1561141     cutoff  250        68.00000   64.00000  5.88%  20.3 1856s
 3334604 1561166 infeasible  165        68.00000   64.00000  5.88%  20.4 1863s
 3334643 1573940   64.00000  214   68   68.00000   64.00000  5.88%  20.4 1873s
 3366675 1573942     cutoff  298        68.00000   64.00000  5.88%  20.4 1880s
 3366736 1585491   67.50000  296   75   68.00000   64.00000  5.88%  20.4 1892s
 3398768 1585506   64.50000  257   73   68.00000   64.00000  5.88%  20.4 1901s
 3398814 1596538   64.50000  258   67   68.00000   64.00000  5.88%  20.4 1915s
 3430846 1596558   64.50000  253   68   68.00000   64.00000  5.88%  20.4 1922s
 3430889 1607889     cutoff  254        68.00000   64.00000  5.88%  20.4 1932s
 3462921 1607874     cutoff  251        68.00000   64.00000  5.88%  20.4 1939s
 3462998 1618033 infeasible  255        68.00000   64.00000  5.88%  20.4 1951s
 3495030 1618040     cutoff  263        68.00000   64.00000  5.88%  20.4 1957s
 3495085 1626927     cutoff  263        68.00000   64.00000  5.88%  20.4 1970s
 3527117 1626943   65.25000  278   59   68.00000   64.00000  5.88%  20.4 1976s
 3527164 1637428     cutoff  279        68.00000   64.00000  5.88%  20.4 1986s
 3559196 1637417   65.75000  332   56   68.00000   64.00000  5.88%  20.4 1993s
 3559265 1647043   65.50000  332   57   68.00000   64.00000  5.88%  20.4 2004s
 3591297 1647049   64.25000  286   64   68.00000   64.00000  5.88%  20.5 2012s
 3591349 1656877   67.25000  287   73   68.00000   64.00000  5.88%  20.5 2024s
 3623381 1656885   67.00000  243   62   68.00000   64.00000  5.88%  20.5 2031s
 3623434 1666137   67.00000  244   62   68.00000   64.00000  5.88%  20.5 2042s
 3655466 1666137   65.75000  279   77   68.00000   64.00000  5.88%  20.5 2051s
 3655529 1676926 infeasible  280        68.00000   64.00000  5.88%  20.5 2062s
 3687561 1676925   67.00000  235   68   68.00000   64.00000  5.88%  20.5 2068s
 3687623 1686356   67.00000  236   68   68.00000   64.00000  5.88%  20.5 2081s
 3719655 1686369   66.00000  242   81   68.00000   64.00000  5.88%  20.5 2088s
 3719705 1696401   66.00000  243   81   68.00000   64.00000  5.88%  20.5 2101s
 3751737 1696419 infeasible  234        68.00000   64.00000  5.88%  20.5 2106s
 3751782 1706435   64.00000  235   65   68.00000   64.00000  5.88%  20.5 2119s
 3764795 1706435     cutoff  284        68.00000   64.00000  5.88%  20.6 2120s
 3783814 1706454   64.00000  257   68   68.00000   64.00000  5.88%  20.6 2126s
 3783859 1718631   64.00000  258   71   68.00000   64.00000  5.88%  20.6 2136s
 3815891 1718632   64.00000  216   87   68.00000   64.00000  5.88%  20.6 2148s
 3815949 1729306   64.00000  216   87   68.00000   64.00000  5.88%  20.6 2159s
 3847981 1729314 infeasible  200        68.00000   64.00000  5.88%  20.6 2166s
 3848033 1741742 infeasible  198        68.00000   64.00000  5.88%  20.6 2179s
 3860045 1741742 infeasible  310        68.00000   64.00000  5.88%  20.6 2180s
 3880065 1741761   67.00000  245   61   68.00000   64.00000  5.88%  20.6 2186s
 3880108 1755314   67.00000  246   61   68.00000   64.00000  5.88%  20.6 2196s
 3912140 1755329     cutoff  208        68.00000   64.00000  5.88%  20.6 2204s
 3912187 1768826     cutoff  209        68.00000   64.00000  5.88%  20.6 2217s
 3944219 1768850   65.75000  233   47   68.00000   64.00000  5.88%  20.7 2226s
 3944259 1783313   65.75000  234   47   68.00000   64.00000  5.88%  20.7 2237s
 3976291 1783336   65.50000  301   68   68.00000   64.00000  5.88%  20.7 2245s
 3976332 1796203   65.50000  302   69   68.00000   64.00000  5.88%  20.7 2255s
 4008364 1796213   67.25000  337   78   68.00000   64.00000  5.88%  20.7 2262s
 4008417 1809923   67.25000  338   83   68.00000   64.00000  5.88%  20.7 2274s
 4040449 1809941     cutoff  220        68.00000   64.00000  5.88%  20.6 2280s
 4040493 1822833     cutoff  221        68.00000   64.00000  5.88%  20.6 2292s
 4072525 1822855   66.50000  276   47   68.00000   64.00000  5.88%  20.6 2299s
 4072567 1837440   66.50000  277   51   68.00000   64.00000  5.88%  20.6 2310s
 4104599 1837462   67.50000  239   77   68.00000   64.00000  5.88%  20.6 2317s
 4104639 1852523     cutoff  240        68.00000   64.00000  5.88%  20.6 2327s
 4136671 1852512     cutoff  273        68.00000   64.00000  5.88%  20.6 2335s
 4136746 1865403     cutoff  273        68.00000   64.00000  5.88%  20.6 2345s
 4168778 1865415   65.50000  255   57   68.00000   64.00000  5.88%  20.5 2353s
 4168830 1879656   65.50000  256   66   68.00000   64.00000  5.88%  20.5 2362s
 4200862 1879643     cutoff  232        68.00000   64.00000  5.88%  20.5 2370s
 4200934 1891827     cutoff  232        68.00000   64.00000  5.88%  20.5 2381s
 4232966 1891837   64.00000  239   72   68.00000   64.00000  5.88%  20.5 2389s
 4233018 1905189   64.00000  240   71   68.00000   64.00000  5.88%  20.5 2399s
 4245030 1905189   65.00000  225   64   68.00000   64.00000  5.88%  20.5 2400s
 4265050 1905210   66.00000  319   83   68.00000   64.00000  5.88%  20.5 2406s
 4265092 1917488   67.25000  320   86   68.00000   64.00000  5.88%  20.5 2418s
 4297124 1917495     cutoff  266        68.00000   64.00000  5.88%  20.5 2424s
 4297180 1930794     cutoff  267        68.00000   64.00000  5.88%  20.5 2437s
 4329212 1930811     cutoff  229        68.00000   64.00000  5.88%  20.5 2444s
 4329258 1941803     cutoff  229        68.00000   64.00000  5.88%  20.5 2455s
H4343297 1941803                      67.9999965   64.00000  5.88%  20.5 2457s
 4361290 1941823   64.50000  252   61   68.00000   64.00000  5.88%  20.5 2463s
H4361313 1941823                      67.9999965   64.00000  5.88%  20.5 2465s
 4361329 1954594   64.50000  253   62   68.00000   64.00000  5.88%  20.5 2475s
 4393361 1954617   64.00000  257   62   68.00000   64.00000  5.88%  20.5 2481s
 4393398 1965955   64.00000  258   62   68.00000   64.00000  5.88%  20.5 2492s
 4425430 1965961   66.00000  254   81   68.00000   64.00000  5.88%  20.5 2500s
 4425482 1977910   66.00595  255   84   68.00000   64.00000  5.88%  20.5 2509s
 4457514 1977926   67.25000  255   57   68.00000   64.00000  5.88%  20.5 2516s
 4457561 1988531     cutoff  255        68.00000   64.00000  5.88%  20.5 2525s
 4489593 1988548   65.25000  256   60   68.00000   64.00000  5.88%  20.4 2533s
 4489639 1999070   64.00000  256   63   68.00000   64.00000  5.88%  20.4 2541s
 4521671 1999084   66.75000  280   48   68.00000   64.00000  5.88%  20.4 2548s
 4521720 2010468   66.75000  281   49   68.00000   64.00000  5.88%  20.4 2559s
 4553752 2010473     cutoff  276        68.00000   64.00000  5.88%  20.4 2565s
 4553807 2020617     cutoff  277        68.00000   64.00000  5.88%  20.4 2576s
 4585839 2020613 infeasible  262        68.00000   64.00000  5.88%  20.4 2582s
 4585905 2030794 infeasible  262        68.00000   64.00000  5.88%  20.4 2593s
 4617937 2030812   66.00000  317   67   68.00000   64.00000  5.88%  20.4 2601s
 4617982 2041348     cutoff  318        68.00000   64.00000  5.88%  20.4 2612s
 4650014 2041367   67.75000  288   74   68.00000   64.00000  5.88%  20.4 2621s
 4650055 2053070     cutoff  289        68.00000   64.00000  5.88%  20.4 2630s
 4682087 2053087   64.00000  227   56   68.00000   64.00000  5.88%  20.4 2638s
 4682131 2064904   65.25000  228   65   68.00000   64.00000  5.88%  20.4 2647s
 4714163 2064921 infeasible  238        68.00000   64.00000  5.88%  20.4 2655s
 4714207 2075859   67.50000  238   69   68.00000   64.00000  5.88%  20.4 2663s
 4746239 2075865   67.75000  202   92   68.00000   64.00000  5.88%  20.4 2670s
 4746290 2085105     cutoff  203        68.00000   64.00000  5.88%  20.4 2683s
 4778322 2085117   64.00000  311   62   68.00000   64.00000  5.88%  20.3 2690s
 4778371 2093107   64.12500  312   62   68.00000   64.00000  5.88%  20.3 2701s
 4810403 2093121   66.50000  255   61   68.00000   64.00000  5.88%  20.3 2706s
 4810452 2102601   67.00000  256   62   68.00000   64.00000  5.88%  20.3 2716s
 4842484 2102621     cutoff  279        68.00000   64.00000  5.88%  20.3 2723s
 4842525 2110802     cutoff  280        68.00000   64.00000  5.88%  20.3 2734s
 4874557 2110819   64.75000  226   57   68.00000   64.00000  5.88%  20.3 2741s
 4874598 2120227   64.75000  227   57   68.00000   64.00000  5.88%  20.3 2749s
 4881605 2120227     cutoff  265        68.00000   64.00000  5.88%  20.3 2750s
 4906630 2120201 infeasible  281        68.00000   64.00000  5.88%  20.2 2757s
 4906718 2128701   64.25000  242   61   68.00000   64.00000  5.88%  20.2 2767s
 4938750 2128714   67.50000  238   82   68.00000   64.00000  5.88%  20.2 2774s
 4938800 2137733     cutoff  239        68.00000   64.00000  5.88%  20.2 2783s
 4970832 2137746   64.75000  236   75   68.00000   64.00000  5.88%  20.2 2790s
 4970880 2148640   64.75000  237   76   68.00000   64.00000  5.88%  20.2 2801s
 5002912 2148651   65.00000  304   40   68.00000   64.00000  5.88%  20.2 2811s
 5002962 2161200   66.28720  304   46   68.00000   64.00000  5.88%  20.2 2822s
 5034994 2161220   67.25000  261   67   68.00000   64.00000  5.88%  20.2 2828s
H5035012 2161220                      67.9999964   64.00000  5.88%  20.2 2830s
 5035038 2175291     cutoff  262        68.00000   64.00000  5.88%  20.2 2840s
H5042071 2175291                      67.9999964   64.00000  5.88%  20.2 2842s
 5067070 2175307   67.50000  265   51   68.00000   64.00000  5.88%  20.2 2849s
 5067117 2189107     cutoff  266        68.00000   64.00000  5.88%  20.2 2861s
 5099149 2189128   67.75000  305   77   68.00000   64.00000  5.88%  20.2 2869s
 5099191 2203471   67.75000  306   74   68.00000   64.00000  5.88%  20.2 2878s
 5131223 2203495   67.50000  243   64   68.00000   64.00000  5.88%  20.2 2885s
 5131259 2217650   67.50000  244   64   68.00000   64.00000  5.88%  20.2 2894s
 5163291 2217660   67.00000  356   59   68.00000   64.00000  5.88%  20.2 2901s
 5163341 2230542     cutoff  357        68.00000   64.00000  5.88%  20.2 2911s
 5195373 2230557   67.50000  305   60   68.00000   64.00000  5.88%  20.2 2917s
 5195420 2245078   67.50000  307   73   68.00000   64.00000  5.88%  20.2 2928s
 5227452 2245098   66.50000  289   91   68.00000   64.00000  5.88%  20.2 2934s
 5227495 2257428   66.50000  290   91   68.00000   64.00000  5.88%  20.2 2945s
 5259527 2257435   66.25000  291   72   68.00000   64.00000  5.88%  20.2 2951s
 5259581 2269367 infeasible  292        68.00000   64.00000  5.88%  20.2 2963s
 5291613 2269384   64.00000  284   78   68.00000   64.00000  5.88%  20.2 2968s
 5291659 2281139   64.00000  285   77   68.00000   64.00000  5.88%  20.2 2977s
 5323691 2281157 infeasible  320        68.00000   64.00000  5.88%  20.1 2984s
 5323733 2292190   66.00000  321   81   68.00000   64.00000  5.88%  20.1 2994s
 5336746 2292190   66.25000  314   81   68.00000   64.00000  5.88%  20.1 2995s
 5355765 2292201   64.50000  293   46   68.00000   64.00000  5.88%  20.1 3003s
 5355814 2305356   64.50000  294   55   68.00000   64.00000  5.88%  20.1 3012s
 5387846 2305364   64.75000  282   80   68.00000   64.00000  5.88%  20.1 3019s
 5387894 2318274   64.75000  283   78   68.00000   64.00000  5.88%  20.1 3028s
 5419926 2318273   64.00000  283   62   68.00000   64.00000  5.88%  20.1 3036s
 5419989 2328295   65.00000  284   57   68.00000   64.00000  5.88%  20.1 3046s
 5452021 2328304   67.75000  327   86   68.00000   64.00000  5.88%  20.1 3053s
 5452076 2340686   67.75000  328   88   68.00000   64.00000  5.88%  20.1 3064s
 5484108 2340683   65.43645  308   90   68.00000   64.00000  5.88%  20.1 3070s
 5484170 2350719     cutoff  309        68.00000   64.00000  5.88%  20.1 3082s
 5516202 2350734   64.00000  188   67   68.00000   64.00000  5.88%  20.1 3092s
 5516249 2360492   64.00000  189   73   68.00000   64.00000  5.88%  20.1 3104s
 5535268 2360492     cutoff  402        68.00000   64.00000  5.88%  20.1 3105s
 5548281 2360508   67.27083  323   52   68.00000   64.00000  5.88%  20.1 3111s
 5548324 2371739     cutoff  322        68.00000   64.00000  5.88%  20.1 3122s
 5580356 2371750     cutoff  337        68.00000   64.00000  5.88%  20.1 3129s
 5580406 2381487     cutoff  337        68.00000   64.00000  5.88%  20.1 3141s
 5612438 2381499   65.00000  315   55   68.00000   64.00000  5.88%  20.1 3148s
 5612481 2394985   66.25000  316   59   68.00000   64.00000  5.88%  20.1 3159s
 5640509 2394985   66.25000  342   66   68.00000   64.00000  5.88%  20.1 3160s
 5644513 2395004   66.75000  267   64   68.00000   64.00000  5.88%  20.1 3167s
 5644556 2407235   67.00000  268   61   68.00000   64.00000  5.88%  20.1 3178s
 5676588 2407245     cutoff  288        68.00000   64.00000  5.88%  20.1 3185s
 5676636 2421176   67.75000  289   65   68.00000   64.00000  5.88%  20.1 3196s
 5708668 2421198   65.25000  315   62   68.00000   64.00000  5.88%  20.1 3202s
H5708677 2421198                      67.9999964   64.00000  5.88%  20.1 3204s
 5708707 2434625   64.75000  316   62   68.00000   64.00000  5.88%  20.1 3216s
 5740739 2434645   66.75000  392   58   68.00000   64.00000  5.88%  20.1 3223s
 5740782 2449129   66.75000  393   54   68.00000   64.00000  5.88%  20.1 3232s
 5772814 2449142     cutoff  336        68.00000   64.00000  5.88%  20.1 3239s
 5772859 2463801   64.25000  286   62   68.00000   64.00000  5.88%  20.1 3248s
 5804891 2463817     cutoff  339        68.00000   64.00000  5.88%  20.1 3256s
 5804937 2477423     cutoff  338        68.00000   64.00000  5.88%  20.1 3266s
 5836969 2477435   64.50000  359   59   68.00000   64.00000  5.88%  20.1 3273s
 5837015 2492831   65.75000  360   54   68.00000   64.00000  5.88%  20.1 3284s
 5869047 2492851   64.00000  285   72   68.00000   64.00000  5.88%  20.1 3288s
 5869089 2508167   64.75000  285   66   68.00000   64.00000  5.88%  20.1 3300s
 5901121 2508167   65.50000  285   52   68.00000   64.00000  5.88%  20.1 3305s
 5901185 2522277   66.50000  286   56   68.00000   64.00000  5.88%  20.1 3318s
 5933217 2522290   65.50000  303   61   68.00000   64.00000  5.88%  20.1 3324s
 5933268 2537318   65.50000  304   59   68.00000   64.00000  5.88%  20.1 3334s
 5963298 2537318   64.00000  282   54   68.00000   64.00000  5.88%  20.1 3335s
 5965300 2537339   67.75000  351   72   68.00000   64.00000  5.88%  20.1 3342s
 5965342 2551899   67.75000  352   69   68.00000   64.00000  5.88%  20.1 3356s
 5997374 2551899   64.25000  340   70   68.00000   64.00000  5.88%  20.1 3363s
 5997433 2565501   64.25000  341   70   68.00000   64.00000  5.88%  20.1 3374s
 6029465 2565520   64.00000  283   56   68.00000   64.00000  5.88%  20.0 3381s
 6029510 2580149   64.00000  284   56   68.00000   64.00000  5.88%  20.0 3390s
 6061542 2580156   64.25000  296   74   68.00000   64.00000  5.88%  20.0 3396s
 6061597 2593719   64.00000  296   74   68.00000   64.00000  5.88%  20.0 3409s
 6093629 2593741   65.50000  316   80   68.00000   64.00000  5.88%  20.0 3415s
 6093668 2607590   65.50000  317   79   68.00000   64.00000  5.88%  20.0 3425s
 6125700 2607601   67.00000  392   68   68.00000   64.00000  5.88%  20.0 3431s
 6125750 2622545   67.25000  393   67   68.00000   64.00000  5.88%  20.0 3442s
H6151826 2622159                      67.9999891   64.00000  5.88%  20.0 3444s
 6157782 2622163     cutoff  447        67.99999   64.00000  5.88%  20.0 3448s
 6157838 2635281   64.00000  322   60   67.99999   64.00000  5.88%  20.0 3460s
 6189870 2635307   65.75000  349   64   67.99999   64.00000  5.88%  20.0 3467s
 6189908 2648770   65.75000  350   63   67.99999   64.00000  5.88%  20.0 3477s
 6221940 2648792   67.75000  383   53   67.99999   64.00000  5.88%  20.0 3483s
 6221980 2661990   67.75000  384   53   67.99999   64.00000  5.88%  20.0 3493s
 6254012 2661985     cutoff  307        67.99999   64.00000  5.88%  19.9 3499s
 6254081 2674055   64.50000  305   70   67.99999   64.00000  5.88%  19.9 3510s
 6286113 2674073   67.00000  367   69   67.99999   64.00000  5.88%  19.9 3517s
 6286158 2687180     cutoff  368        67.99999   64.00000  5.88%  19.9 3526s
 6318190 2687192   67.50000  369   62   67.99999   64.00000  5.88%  19.9 3533s
 6318239 2698673     cutoff  370        67.99999   64.00000  5.88%  19.9 3546s
 6350271 2698691   65.50000  322   66   67.99999   64.00000  5.88%  19.9 3552s
 6350316 2710390 infeasible  323        67.99999   64.00000  5.88%  19.9 3563s
 6382348 2710389   66.75000  375   77   67.99999   64.00000  5.88%  19.8 3569s
 6382411 2721620   66.50000  375   80   67.99999   64.00000  5.88%  19.8 3582s
 6414443 2721625   67.00000  371   67   67.99999   64.00000  5.88%  19.8 3587s
 6414500 2734827     cutoff  372        67.99999   64.00000  5.88%  19.8 3599s

Cutting planes:
  Learned: 105
  Gomory: 9
  Cover: 366
  Implied bound: 108
  Clique: 127
  MIR: 651
  Flow cover: 712
  GUB cover: 7
  Zero half: 1
  RLT: 75
  Relax-and-lift: 935

Explored 6446532 nodes (127683868 simplex iterations) in 3600.13 seconds
Thread count was 32 (of 32 available processors)

Solution count 10: 68 68 68 ... 68

Time limit reached
Best objective 6.799998911522e+01, best bound 6.400000000000e+01, gap 5.8823%
