
Gurobi 9.1.2 (linux64) logging started Thu Aug 10 10:44:18 2023

Changed value of parameter LogFile to max-ls_r=('7', '4').log
   Prev:   Default: 
Changed value of parameter MIPFocus to 1
   Prev: 0  Min: 0  Max: 3  Default: 0
Changed value of parameter Threads to 32
   Prev: 0  Min: 0  Max: 1024  Default: 0
Changed value of parameter TimeLimit to 3600.0
   Prev: inf  Min: 0.0  Max: inf  Default: inf
Warning: variable name "X[('6', '6'),('7', '6')]" has a space
Warning: constraint name "flow-constr-t0-v('6', '3')" has a space
Warning: to let Gurobi read it back, use rlp format
Gurobi Optimizer version 9.1.2 build v9.1.2rc0 (linux64)
Thread count: 16 physical cores, 32 logical processors, using up to 32 threads
Optimize a model with 2939 rows, 2688 columns and 10276 nonzeros
Model fingerprint: 0x6ff571f4
Variable types: 256 continuous, 2432 integer (2432 binary)
Coefficient statistics:
  Matrix range     [1e+00, 7e+04]
  Objective range  [2e-01, 2e-01]
  Bounds range     [1e+00, 3e+04]
  RHS range        [1e+00, 7e+04]
Presolve removed 367 rows and 372 columns
Presolve time: 0.09s
Presolved: 2572 rows, 2316 columns, 17503 nonzeros
Variable types: 256 continuous, 2060 integer (2060 binary)
Found heuristic solution: objective 16460.999999

Root relaxation: objective 6.400000e+01, 146 iterations, 0.00 seconds

    Nodes    |    Current Node    |     Objective Bounds      |     Work
 Expl Unexpl |  Obj  Depth IntInf | Incumbent    BestBd   Gap | It/Node Time

     0     0   64.00000    0   31 16461.0000   64.00000   100%     -    0s
H    0     0                    16452.999999   64.00000   100%     -    0s
H    0     0                    16451.249999   64.00000   100%     -    0s
H    0     0                    16441.249999   64.00000   100%     -    0s
     0     0   64.00000    0   49 16441.2500   64.00000   100%     -    0s
H    0     0                    2113.4999998   64.00000  97.0%     -    0s
H    0     0                     371.0000000   64.00000  82.7%     -    0s
     0     0   64.00000    0   56  371.00000   64.00000  82.7%     -    0s
H    0     0                     341.2500000   64.00000  81.2%     -    0s
     0     0   64.00000    0   28  341.25000   64.00000  81.2%     -    0s
H    0     0                     139.0000000   64.00000  54.0%     -    0s
H    0     0                     117.0000000   64.00000  45.3%     -    0s
     0     0   64.00000    0   46  117.00000   64.00000  45.3%     -    0s
     0     0   64.00000    0   32  117.00000   64.00000  45.3%     -    0s
H    0     0                     102.5000000   64.00000  37.6%     -    0s
     0     0   64.00000    0   36  102.50000   64.00000  37.6%     -    1s
     0     0   64.00000    0   46  102.50000   64.00000  37.6%     -    1s
     0     0   64.00000    0   68  102.50000   64.00000  37.6%     -    1s
H    0     0                     101.7500000   64.00000  37.1%     -    1s
     0     2   64.00000    0   18  101.75000   64.00000  37.1%     -    1s
H    1     4                      94.2500000   64.00000  32.1%   209    1s
H   31    62                      87.2500000   64.00000  26.6%  16.3    2s
H   61    62                      86.0000000   64.00000  25.6%  11.1    2s
H   95   126                      85.0000000   64.00000  24.7%   8.0    2s
H   96   126                      84.5000000   64.00000  24.3%   7.9    2s
H   99   126                      84.2500000   64.00000  24.0%   7.7    2s
H  105   126                      84.0000000   64.00000  23.8%   7.4    2s
H  127   158                      82.0000000   64.00000  22.0%   6.5    3s
H  128   158                      81.5000000   64.00000  21.5%   6.5    3s
H  159   190                      81.0000000   64.00000  21.0%   5.5    4s
   255   634   64.00000   12   24   81.00000   64.00000  21.0%   4.2    5s
H  926  1144                      80.7500000   64.00000  20.7%   2.9    5s
H 1705  5309                      80.5000000   64.00000  20.5%   2.7    6s
H 5545  5330                      80.2500000   64.00000  20.2%   2.6    7s
H 5559  5242                      80.0000000   64.00000  20.0%   2.6    7s
H 8640  8068                      79.9999998   64.00000  20.0%   2.6    9s
H 8652  7855                      76.5000000   64.00000  16.3%   2.6    9s
  8663  7847   64.00000   54   68   76.50000   64.00000  16.3%   2.6   10s
H 8667  7457                      76.0000000   64.00000  15.8%   2.6   11s
H 8803  7200                      75.9999997   64.00000  15.8%   5.2   14s
H 8832  6868                      75.9999995   64.00000  15.8%   5.2   16s
H 8832  6531                      75.9999994   64.00000  15.8%   5.2   16s
H 8835  6210                      75.9999993   64.00000  15.8%   5.2   16s
H 8837  5905                      75.9999993   64.00000  15.8%   5.2   16s
H 8846  5613                      75.9998992   64.00000  15.8%   5.2   16s
H 8926  5403                      75.9998984   64.00000  15.8%   5.3   18s
  9446  8254   64.00000   28   33   75.99990   64.00000  15.8%   5.6   20s
 18484 10613   66.75000  124   82   75.99990   64.00000  15.8%   7.1   25s
 27579 16372   64.00000  156   60   75.99990   64.00000  15.8%   8.2   30s
 42753 28612   64.00000   56   71   75.99990   64.00000  15.8%   8.9   35s
 53524 37214   64.00000  101   54   75.99990   64.00000  15.8%   9.0   40s
 59999 58360   66.25000  272   69   75.99990   64.00000  15.8%   8.8   47s
 77725 59094   64.00000  273   75   75.99990   64.00000  15.8%   8.4   50s
 90388 80663   75.25000  107   57   75.99990   64.00000  15.8%   8.4   56s
 111081 86733   64.50000  100   61   75.99990   64.00000  15.8%   8.3   60s
 122683 102023   64.00000   95   59   75.99990   64.00000  15.8%   8.4   66s
 139455 109914   64.50000  295   68   75.99990   64.00000  15.8%   8.2   70s
 144316 115954   67.25000   66   65   75.99990   64.00000  15.8%   8.3   76s
 154530 120989   66.00000  113   82   75.99990   64.00000  15.8%   8.4   82s
 154569 145530   66.00000  114   82   75.99990   64.00000  15.8%   8.4   87s
 186601 145916   64.25000  183   53   75.99990   64.00000  15.8%   8.7   90s
 187164 170457   66.25000  184   53   75.99990   64.00000  15.8%   8.7   98s
 219196 170614   75.25000  109   50   75.99990   64.00000  15.8%   9.0  101s
 219378 193872     cutoff  110        75.99990   64.00000  15.8%   9.0  106s
 251410 193901   72.75000  156   69   75.99990   64.00000  15.8%   9.3  111s
 251445 218604   72.75000  157   69   75.99990   64.00000  15.8%   9.3  116s
 283646 241054   73.50000  129   33   75.99990   64.00000  15.8%   9.4  123s
 315678 241205   72.75000  207   78   75.99990   64.00000  15.8%   9.6  126s
 315861 263920   72.75000  208   83   75.99990   64.00000  15.8%   9.6  131s
 347960 288487   72.75000  243   55   75.99990   64.00000  15.8%   9.8  138s
 379992 288554     cutoff  210        75.99990   64.00000  15.8%   9.7  141s
 380077 310962     cutoff  211        75.99990   64.00000  15.8%   9.7  146s
 412144 335009   72.75000  145   71   75.99990   64.00000  15.8%   9.9  152s
 447139 343098   75.50000  178   71   75.99990   64.00000  15.8%   9.8  156s
 456567 345041   73.25000  146   42   75.99990   64.00000  15.8%   9.9  160s
 468602 355757   74.75000  189   79   75.99990   64.00000  15.8%   9.9  165s
 478833 362815   74.25000  127   66   75.99990   64.00000  15.8%  10.0  171s
 494731 373938   72.75000  158   62   75.99990   64.00000  15.8%  10.0  176s
 508900 380261     cutoff  147        75.99990   64.00000  15.8%  10.1  182s
 514927 387999   75.25000  315   61   75.99990   64.00000  15.8%  10.1  185s
 533573 400227   64.00000  132   50   75.99990   64.00000  15.8%  10.1  191s
 543431 412067 infeasible  126        75.99990   64.00000  15.8%  10.2  195s
 553908 416929   73.75000  191   39   75.99990   64.00000  15.8%  10.2  200s
 567007 421642   74.75000  359   87   75.99990   64.00000  15.8%  10.3  205s
 567102 444468   74.75000  360   87   75.99990   64.00000  15.8%  10.3  210s
 599190 467237   73.50000  148   63   75.99990   64.00000  15.8%  10.3  219s
 631222 467265   67.25000  126   60   75.99990   64.00000  15.8%  10.4  222s
 631268 490583   67.25000  127   60   75.99990   64.00000  15.8%  10.4  227s
 663300 490612   66.25000  127   37   75.99990   64.00000  15.8%  10.5  233s
 663335 512633   66.25000  128   37   75.99990   64.00000  15.8%  10.5  239s
 695367 512664   75.75000  281   58   75.99990   64.00000  15.8%  10.6  242s
 695399 535490   75.75000  282   55   75.99990   64.00000  15.8%  10.6  248s
 727431 535598   75.75000  265   52   75.99990   64.00000  15.8%  10.6  250s
 727550 558513   75.75000  266   51   75.99990   64.00000  15.8%  10.6  255s
 759731 581846 infeasible  130        75.99990   64.00000  15.8%  10.6  263s
 791763 581871   73.50000  173   55   75.99990   64.00000  15.8%  10.7  266s
 823834 605065   66.00000  158   58   75.99990   64.00000  15.8%  10.6  272s
 823984 627855   66.00000  156   65   75.99990   64.00000  15.8%  10.6  277s
 856016 627880   74.50000  209   62   75.99990   64.00000  15.8%  10.7  280s
 856055 650656   74.50000  210   62   75.99990   64.00000  15.8%  10.7  286s
 888252 672767   64.00000  152   58   75.99990   64.00000  15.8%  10.7  294s
 920284 674957   75.75000  162   44   75.99990   64.00000  15.8%  10.7  296s
 931021 685126   64.50000  184   62   75.99990   64.00000  15.8%  10.7  300s
 947840 692105   64.00000  231   73   75.99990   64.00000  15.8%  10.7  307s
 947885 692646   64.00000  232   73   75.99990   64.00000  15.8%  10.7  310s
 958605 699326   74.25000  150   65   75.99990   64.00000  15.8%  10.8  318s
 958641 721042   74.50000  151   70   75.99990   64.00000  15.8%  10.8  323s
 990673 721066   75.25000  143   32   75.99990   64.00000  15.8%  10.8  326s
 990713 743851   75.25000  144   32   75.99990   64.00000  15.8%  10.8  332s
 1022745 743869   65.00000  106   63   75.99990   64.00000  15.8%  10.9  337s
 1022789 765531   65.00000  107   65   75.99990   64.00000  15.8%  10.9  342s
 1054821 765560   73.50000  220   66   75.99990   64.00000  15.8%  10.9  345s
 1054856 787318   73.50000  221   64   75.99990   64.00000  15.8%  10.9  350s
 1086922 809697   74.00000  213   66   75.99990   64.00000  15.8%  10.9  359s
 1118954 809722     cutoff  369        75.99990   64.00000  15.8%  11.0  362s
 1118991 833103     cutoff  369        75.99990   64.00000  15.8%  11.0  365s
 1151202 855260   67.00000  215   52   75.99990   64.00000  15.8%  10.9  373s
 1183234 855288   75.00000  138   74   75.99990   64.00000  15.8%  11.0  376s
 1183270 877760   75.75000  143   67   75.99990   64.00000  15.8%  11.0  381s
 1215429 900713   71.30172  339   63   75.99990   64.00000  15.8%  10.9  389s
 1247461 900736   67.00000  215   69   75.99990   64.00000  15.8%  11.0  392s
 1247502 923626   67.00000  215   61   75.99990   64.00000  15.8%  11.0  397s
 1279534 923653   75.75000  282   55   75.99990   64.00000  15.8%  11.0  400s
 1311603 947448 infeasible  200        75.99990   64.00000  15.8%  11.0  407s
 1311750 970093   64.00000  131   28   75.99990   64.00000  15.8%  11.0  414s
 1343782 971743   75.75000  155   62   75.99990   64.00000  15.8%  11.1  416s
 1346148 989624   64.00000  154   57   75.99990   64.00000  15.8%  11.1  424s
 1371711 989661   75.75000  208   63   75.99990   64.00000  15.8%  11.1  425s
 1377883 994058   75.75000  218   55   75.99990   64.00000  15.8%  11.1  431s
 1377925 1016424   75.75000  219   58   75.99990   64.00000  15.8%  11.1  438s
 1409957 1016444   74.00000  327   63   75.99990   64.00000  15.8%  11.1  441s
 1409997 1038176   74.00000  328   61   75.99990   64.00000  15.8%  11.1  446s
 1442072 1061054   73.75000  253   53   75.99990   64.00000  15.8%  11.1  452s
 1474104 1061003 infeasible  149        75.99990   64.00000  15.8%  11.1  455s
 1474217 1082422   64.00000  151   50   75.99990   64.00000  15.8%  11.1  460s
 1506293 1106125   65.00000  201   27   75.99990   64.00000  15.8%  11.1  466s
 1538325 1106080   64.50000  228   65   75.99990   64.00000  15.8%  11.1  472s
 1538431 1126817   64.50000  229   65   75.99990   64.00000  15.8%  11.1  477s
 1570537 1147331   70.50000  228   52   75.99990   64.00000  15.8%  11.1  484s
 1602569 1147450   75.75000  242   70   75.99990   64.00000  15.8%  11.2  487s
 1602756 1168315   75.75000  243   67   75.99990   64.00000  15.8%  11.2  492s
 1634866 1188468 infeasible  209        75.99990   64.00000  15.8%  11.3  500s
 1666940 1212480   72.75000  217   33   75.99990   64.00000  15.8%  11.3  507s
 1699139 1234524   66.75000  132   27   75.99990   64.00000  15.8%  11.3  515s
 1731211 1255325   64.00000  164   64   75.99990   64.00000  15.8%  11.3  523s
 1763243 1255356   64.50000  156   60   75.99990   64.00000  15.8%  11.4  525s
 1763285 1277486   64.50000  157   59   75.99990   64.00000  15.8%  11.4  530s
 1795489 1298512   73.75000  152   24   75.99990   64.00000  15.8%  11.3  538s
 1827521 1298561   64.00000  192   52   75.99990   64.00000  15.8%  11.4  541s
 1827650 1320102 infeasible  193        75.99990   64.00000  15.8%  11.4  548s
 1859682 1320141   74.00000  218   38   75.99990   64.00000  15.8%  11.5  550s
 1859732 1341614   74.00000  219   43   75.99990   64.00000  15.8%  11.5  556s
 1896773 1346249   67.00000  239   53   75.99990   64.00000  15.8%  11.5  560s
 1904139 1352966   64.00000  216   63   75.99990   64.00000  15.8%  11.5  566s
 1912209 1357515   75.25000  191   47   75.99990   64.00000  15.8%  11.5  571s
 1923214 1363009 infeasible  209        75.99990   64.00000  15.8%  11.5  575s
 1942687 1376635   71.75000  188   48   75.99990   64.00000  15.8%  11.6  580s
 1950166 1383903   74.25000  274   49   75.99990   64.00000  15.8%  11.6  585s
 1964639 1395338   73.25000  196   58   75.99990   64.00000  15.8%  11.6  590s
 1980375 1402265   73.75000  242   53   75.99990   64.00000  15.8%  11.6  596s
 1988698 1413286   74.75000  240   53   75.99990   64.00000  15.8%  11.6  601s
 2001443 1419560   73.00000  229   58   75.99990   64.00000  15.8%  11.6  605s
 2018540 1427109   75.80556  280   46   75.99990   64.00000  15.8%  11.7  612s
 2028018 1433700   72.75000  206   48   75.99990   64.00000  15.8%  11.7  616s
 2037797 1443403   73.25000  292   52   75.99990   64.00000  15.8%  11.7  621s
 2049280 1449729   73.50000  199   61   75.99990   64.00000  15.8%  11.7  627s
 2050072 1461426     cutoff  208        75.99990   64.00000  15.8%  11.7  631s
 2075796 1468924   74.87500  241   56   75.99990   64.00000  15.8%  11.7  635s
 2090703 1481105 infeasible  222        75.99990   64.00000  15.8%  11.8  641s
 2103745 1484225   64.00000  156   49   75.99990   64.00000  15.8%  11.8  650s
 2111176 1510327   75.75000  362   72   75.99990   64.00000  15.8%  11.8  659s
 2143208 1510353   64.00000  188   31   75.99990   64.00000  15.8%  11.8  662s
 2143246 1530644   65.25000  189   51   75.99990   64.00000  15.8%  11.8  667s
 2175278 1530666   64.00000  193   44   75.99990   64.00000  15.8%  11.8  670s
 2175319 1551651   64.00000  194   44   75.99990   64.00000  15.8%  11.8  675s
 2207392 1573196   75.50000  221   51   75.99990   64.00000  15.8%  11.9  685s
 2239486 1594668   75.75000  246   63   75.99990   64.00000  15.8%  11.9  693s
 2271518 1594709 infeasible  159        75.99990   64.00000  15.8%  11.9  696s
 2271581 1616441   64.50000  160   38   75.99990   64.00000  15.8%  11.9  701s
 2303678 1637137     cutoff  226        75.99990   64.00000  15.8%  12.0  710s
 2335710 1637155   75.25000  213   58   75.99990   64.00000  15.8%  12.0  716s
 2335753 1658456   75.25000  214   60   75.99990   64.00000  15.8%  12.0  721s
 2367785 1658474   73.75000  181   53   75.99990   64.00000  15.8%  12.0  727s
 2367828 1680235   74.75000  182   50   75.99990   64.00000  15.8%  12.0  732s
 2399860 1680259   75.25000  177   60   75.99990   64.00000  15.8%  12.0  738s
 2399898 1701658   75.25000  178   60   75.99990   64.00000  15.8%  12.0  744s
 2431930 1701685   64.00000  252   60   75.99990   64.00000  15.8%  12.0  749s
 2431935 1701685   73.50000  231   67   75.99990   64.00000  15.8%  12.0  750s
 2431967 1721564   64.00000  253   60   75.99990   64.00000  15.8%  12.0  755s
 2464036 1742046   73.25000  226   52   75.99990   64.00000  15.8%  12.1  765s
 2496115 1762197   72.75000  183   52   75.99990   64.00000  15.8%  12.1  776s
 2528180 1783440   74.25000  205   66   75.99990   64.00000  15.8%  12.1  787s
 2560248 1803518   74.25000  196   74   75.99990   64.00000  15.8%  12.1  794s
 2562250 1803518   64.33333  247   69   75.99990   64.00000  15.8%  12.1  795s
 2592280 1803545   74.25000  218   72   75.99990   64.00000  15.8%  12.2  800s
 2592317 1825590   74.25000  219   72   75.99990   64.00000  15.8%  12.2  806s
 2624410 1848502   64.50000  241   40   75.99990   64.00000  15.8%  12.2  814s
 2656442 1848422   73.34914  227   80   75.99990   64.00000  15.8%  12.2  816s
 2656583 1870025 infeasible  227        75.99990   64.00000  15.8%  12.2  822s
 2688615 1870047     cutoff  245        75.99990   64.00000  15.8%  12.2  828s
 2688655 1890478   73.75000  246   52   75.99990   64.00000  15.8%  12.2  835s
 2720748 1911079   75.53448  316   64   75.99990   64.00000  15.8%  12.2  843s
 2752780 1911105   68.50000  217   47   75.99990   64.00000  15.8%  12.2  850s
 2752818 1931670   68.50000  218   47   75.99990   64.00000  15.8%  12.2  856s
 2784894 1953492     cutoff  300        75.99990   64.00000  15.8%  12.3  865s
 2825373 1962387   75.75000  238   73   75.99990   64.00000  15.8%  12.3  871s
 2841261 1971725   75.25000  303   47   75.99990   64.00000  15.8%  12.3  876s
 2853771 1981742   64.00000  149   60   75.99990   64.00000  15.8%  12.3  881s
 2870177 1990834   64.25000  224   32   75.99990   64.00000  15.8%  12.3  886s
 2880535 1994304   73.75000  189   59   75.99990   64.00000  15.8%  12.3  890s
 2880574 2015536   73.75000  190   61   75.99990   64.00000  15.8%  12.3  896s
 2916712 2021956   74.00000  214   72   75.99990   64.00000  15.8%  12.3  900s
 2931200 2028041     cutoff  214        75.99990   64.00000  15.8%  12.4  906s
 2936965 2031866   64.00000  233   49   75.99990   64.00000  15.8%  12.4  910s
 2944346 2038858   73.25000  211   48   75.99990   64.00000  15.8%  12.4  916s
 2953718 2045618 infeasible  202        75.99990   64.00000  15.8%  12.4  920s
 2964121 2051993   74.25000  242   65   75.99990   64.00000  15.8%  12.4  925s
 2978653 2062344   75.76724  359   54   75.99990   64.00000  15.8%  12.4  930s
 2994462 2071418   75.75000  298   67   75.99990   64.00000  15.8%  12.4  935s
 3007540 2077323   68.00000  186   25   75.99990   64.00000  15.8%  12.4  941s
 3017459 2086220   64.00000  193   34   75.99990   64.00000  15.8%  12.4  945s
 3031685 2091891 infeasible  199        75.99990   64.00000  15.8%  12.4  951s
 3037135 2095717   66.25000  203   56   75.99990   64.00000  15.8%  12.4  955s
 3037173 2116086   64.00000  203   56   75.99990   64.00000  15.8%  12.4  961s
 3069241 2136671   73.50000  256   50   75.99990   64.00000  15.8%  12.4  971s
 3105205 2138986 infeasible  178        75.99990   64.00000  15.8%  12.5  975s
 3106095 2146871   66.75000  220   49   75.99990   64.00000  15.8%  12.5  981s
 3117470 2146899   75.00000  282   63   75.99990   64.00000  15.8%  12.5  985s
 3119986 2151158   75.75000  289   47   75.99990   64.00000  15.8%  12.5  990s
 3133328 2168051     cutoff  218        75.99990   64.00000  15.8%  12.5  997s
 3151110 2169385   74.50000  190   60   75.99990   64.00000  15.8%  12.5 1001s
 3155175 2171676   75.50000  239   56   75.99990   64.00000  15.8%  12.5 1007s
 3160507 2177402     cutoff  291        75.99990   64.00000  15.8%  12.5 1010s
 3175397 2185474   64.00000  215   30   75.99990   64.00000  15.8%  12.5 1015s
 3177966 2188445   64.00000  200   77   75.99990   64.00000  15.8%  12.5 1020s
 3192569 2198745   75.50000  224   42   75.99990   64.00000  15.8%  12.5 1025s
 3206900 2204857   75.00000  237   70   75.99990   64.00000  15.8%  12.5 1032s
 3211588 2210173   74.25000  228   66   75.99990   64.00000  15.8%  12.5 1035s
 3225352 2218956   73.75000  239   74   75.99990   64.00000  15.8%  12.5 1040s
 3239703 2227794   73.25000  246   62   75.99990   64.00000  15.8%  12.5 1045s
 3249670 2231066   75.50000  345   60   75.99990   64.00000  15.8%  12.5 1050s
 3258917 2242546   72.75000  236   73   75.99990   64.00000  15.8%  12.5 1055s
 3270580 2245445     cutoff  285        75.99990   64.00000  15.8%  12.5 1060s
 3274495 2247356   64.75000  235   47   75.99990   64.00000  15.8%  12.5 1067s
 3275300 2251798 infeasible  246        75.99990   64.00000  15.8%  12.5 1070s
 3292680 2258558     cutoff  220        75.99990   64.00000  15.8%  12.5 1079s
 3292724 2279475     cutoff  221        75.99990   64.00000  15.8%  12.5 1085s
 3324800 2300946   73.50000  187   25   75.99990   64.00000  15.8%  12.5 1096s
 3356871 2321709 infeasible  253        75.99990   64.00000  15.8%  12.5 1104s
 3388903 2321731     cutoff  254        75.99990   64.00000  15.8%  12.6 1107s
 3388942 2343193   75.81250  254   66   75.99990   64.00000  15.8%  12.6 1112s
 3420974 2343219   64.00000  260   45   75.99990   64.00000  15.8%  12.6 1115s
 3421015 2364831   64.00000  261   43   75.99990   64.00000  15.8%  12.6 1123s
 3453047 2364848   75.75000  223   75   75.99990   64.00000  15.8%  12.6 1126s
 3453089 2385263   75.75000  224   75   75.99990   64.00000  15.8%  12.6 1132s
 3485173 2405978   73.50000  268   41   75.99990   64.00000  15.8%  12.6 1140s
 3517242 2427073 infeasible  187        75.99990   64.00000  15.8%  12.6 1150s
 3552000 2428744   64.00000  211   40   75.99990   64.00000  15.8%  12.6 1156s
 3562328 2437208   73.75000  258   62   75.99990   64.00000  15.8%  12.6 1160s
 3571417 2446334   75.50000  356   59   75.99990   64.00000  15.8%  12.6 1165s
 3580907 2455753   64.50000  253   51   75.99990   64.00000  15.8%  12.6 1170s
 3592110 2456384   75.50000  295   67   75.99990   64.00000  15.8%  12.6 1176s
 3596641 2458578   75.75000  236   60   75.99990   64.00000  15.8%  12.6 1180s
 3609244 2468009   75.25000  322   52   75.99990   64.00000  15.8%  12.6 1185s
 3624851 2481523   74.00000  252   59   75.99990   64.00000  15.8%  12.6 1191s
 3638502 2488531 infeasible  196        75.99990   64.00000  15.8%  12.6 1196s
 3650888 2495510   64.00000  203   31   75.99990   64.00000  15.8%  12.6 1200s
 3656785 2498359   73.75000  232   52   75.99990   64.00000  15.8%  12.6 1207s
 3663261 2506888 infeasible  223        75.99990   64.00000  15.8%  12.6 1211s
 3673506 2515548   73.75000  259   55   75.99990   64.00000  15.8%  12.6 1215s
 3690810 2520767   73.75000  269   55   75.99990   64.00000  15.8%  12.6 1221s
 3699902 2529919     cutoff  266        75.99990   64.00000  15.8%  12.6 1226s
 3708066 2535601   64.00000  238   34   75.99990   64.00000  15.8%  12.6 1230s
 3725744 2544782   74.00000  206   51   75.99990   64.00000  15.8%  12.7 1235s
 3738473 2554399 infeasible  230        75.99990   64.00000  15.8%  12.7 1240s
 3754531 2564538   73.75000  218   49   75.99990   64.00000  15.8%  12.7 1245s
 3767893 2574782   73.50000  196   66   75.99990   64.00000  15.8%  12.7 1250s
 3781639 2583298     cutoff  252        75.99990   64.00000  15.8%  12.7 1255s
 3797868 2595359   65.00000  218   53   75.99990   64.00000  15.8%  12.7 1261s
 3813369 2603084   73.75000  287   43   75.99990   64.00000  15.8%  12.7 1266s
 3826703 2614395   67.75000  233   53   75.99990   64.00000  15.8%  12.7 1271s
 3843066 2619683     cutoff  254        75.99990   64.00000  15.8%  12.7 1275s
 3855668 2627900 infeasible  170        75.99990   64.00000  15.8%  12.7 1281s
 3855833 2650125 infeasible  187        75.99990   64.00000  15.8%  12.7 1287s
 3887865 2650153   64.00000  227   57   75.99990   64.00000  15.8%  12.7 1296s
 3887899 2671465   64.00000  228   57   75.99990   64.00000  15.8%  12.7 1302s
 3920369 2693227   64.00000  232   53   75.99990   64.00000  15.8%  12.7 1310s
 3952644 2713990     cutoff  210        75.99990   64.00000  15.8%  12.7 1319s
 3984676 2714191   75.75000  190   75   75.99990   64.00000  15.8%  12.7 1321s
 3985047 2735129     cutoff  208        75.99990   64.00000  15.8%  12.7 1327s
 4017079 2735292   74.25000  338   54   75.99990   64.00000  15.8%  12.7 1330s
 4017361 2756983   74.25000  339   54   75.99990   64.00000  15.8%  12.7 1335s
 4049648 2777651   74.12500  276   61   75.99990   64.00000  15.8%  12.7 1343s
 4081680 2777665   65.00000  204   63   75.99990   64.00000  15.8%  12.8 1349s
 4081728 2798893   65.00000  204   61   75.99990   64.00000  15.8%  12.8 1355s
 4113760 2798919   68.25000  204   57   75.99990   64.00000  15.8%  12.8 1361s
 4113797 2820441   75.25000  205   57   75.99990   64.00000  15.8%  12.8 1367s
 4145829 2820574   75.75000  278   54   75.99990   64.00000  15.8%  12.8 1370s
 4146049 2840396     cutoff  279        75.99990   64.00000  15.8%  12.8 1375s
 4178728 2861707   75.25000  286   69   75.99990   64.00000  15.8%  12.8 1384s
 4210760 2861732   69.75000  205   69   75.99990   64.00000  15.8%  12.8 1390s
 4210797 2881372     cutoff  206        75.99990   64.00000  15.8%  12.8 1396s
 4243431 2903517     cutoff  295        75.99990   64.00000  15.8%  12.8 1404s
 4275463 2903583   71.01717  234   61   75.99990   64.00000  15.8%  12.8 1407s
 4275566 2924195     cutoff  235        75.99990   64.00000  15.8%  12.8 1412s
 4307849 2944994   64.00000  143   31   75.99990   64.00000  15.8%  12.8 1420s
 4340162 2965662   75.25000  286   53   75.99990   64.00000  15.8%  12.8 1428s
 4372194 2965977     cutoff  187        75.99990   64.00000  15.8%  12.8 1431s
 4372685 2988791   75.00000  223   68   75.99990   64.00000  15.8%  12.8 1437s
 4405078 3009905   64.00000  201   49   75.99990   64.00000  15.8%  12.8 1445s
 4437110 3009916   69.50000  259   52   75.99990   64.00000  15.8%  12.8 1451s
 4437161 3030657   72.50000  260   56   75.99990   64.00000  15.8%  12.8 1457s
 4469193 3030683   75.75000  296   72   75.99990   64.00000  15.8%  12.8 1460s
 4469228 3051075     cutoff  297        75.99990   64.00000  15.8%  12.8 1465s
 4501260 3051103   74.75000  222   49   75.99990   64.00000  15.8%  12.8 1472s
 4501296 3071006   74.75000  223   48   75.99990   64.00000  15.8%  12.8 1478s
 4533328 3071693   64.00000  221   81   75.99990   64.00000  15.8%  12.8 1480s
 4534341 3091196   64.00000  241   53   75.99990   64.00000  15.8%  12.8 1486s
 4566411 3111332   74.00000  219   70   75.99990   64.00000  15.8%  12.8 1494s
 4572417 3111332     cutoff  206        75.99990   64.00000  15.8%  12.8 1495s
 4599362 3133615     cutoff  319        75.99990   64.00000  15.8%  12.8 1501s
 4631743 3154270   64.00000  155   40   75.99990   64.00000  15.8%  12.8 1509s
 4656768 3154270   64.00000  188   28   75.99990   64.00000  15.8%  12.8 1510s
 4663775 3154295   66.00000  209   45   75.99990   64.00000  15.8%  12.8 1515s
 4663810 3174765 infeasible  210        75.99990   64.00000  15.8%  12.8 1522s
 4695842 3175240     cutoff  299        75.99990   64.00000  15.8%  12.8 1525s
 4696631 3196408     cutoff  302        75.99990   64.00000  15.8%  12.8 1534s
 4728654 3196972   64.00000  144   42   75.99990   64.00000  15.8%  12.9 1537s
 4729524 3217770   72.75000  167   62   75.99990   64.00000  15.8%  12.9 1542s
 4761556 3218480   75.25000  252   62   75.99990   64.00000  15.8%  12.9 1545s
 4794689 3240528   64.00000  191   79   75.99990   64.00000  15.8%  12.8 1551s
 4794944 3259806   64.00000  198   67   75.99990   64.00000  15.8%  12.8 1557s
 4827310 3279883   64.00000  197   66   75.99990   64.00000  15.8%  12.9 1567s
 4859342 3280438     cutoff  282        75.99990   64.00000  15.8%  12.9 1570s
 4892276 3302271 infeasible  211        75.99990   64.00000  15.8%  12.8 1576s
 4892444 3323564   67.75000  210   47   75.99990   64.00000  15.8%  12.8 1582s
 4929956 3327564   73.75000  325   57   75.99990   64.00000  15.8%  12.8 1586s
 4931618 3331647 infeasible  206        75.99990   64.00000  15.8%  12.8 1590s
 4947980 3338082   64.50000  209   67   75.99990   64.00000  15.8%  12.8 1597s
 4952793 3344355   75.50000  262   67   75.99990   64.00000  15.8%  12.8 1601s
 4961128 3356107   64.00000  175   41   75.99990   64.00000  15.8%  12.8 1606s
 4981566 3359400   75.25000  233   60   75.99990   64.00000  15.8%  12.8 1610s
 4991517 3372011     cutoff  261        75.99990   64.00000  15.8%  12.8 1616s
 5010900 3376615     cutoff  279        75.99990   64.00000  15.8%  12.9 1622s
 5010940 3377153   75.50000  278   59   75.99990   64.00000  15.8%  12.9 1625s
 5023392 3386559   73.25000  237   35   75.99990   64.00000  15.8%  12.9 1630s
 5038375 3395045   73.75000  204   74   75.99990   64.00000  15.8%  12.9 1636s
 5045756 3403465   65.00000  269   60   75.99990   64.00000  15.8%  12.9 1640s
 5058835 3408368   74.25000  241   71   75.99990   64.00000  15.8%  12.9 1646s
 5065110 3412514   73.25000  229   48   75.99990   64.00000  15.8%  12.9 1651s
 5066010 3413741   64.25000  226   60   75.99990   64.00000  15.8%  12.9 1656s
 5079946 3421838   75.25000  252   61   75.99990   64.00000  15.8%  12.9 1660s
 5083921 3445494   75.25000  218   70   75.99990   64.00000  15.8%  12.9 1670s
 5116037 3467949   64.00000  251   50   75.99990   64.00000  15.8%  12.9 1678s
 5148069 3468021   73.50000  256   60   75.99990   64.00000  15.8%  12.9 1680s
 5148158 3488141   73.50000  257   60   75.99990   64.00000  15.8%  12.9 1686s
 5180190 3488168   75.75000  269   77   75.99990   64.00000  15.8%  12.9 1692s
 5180227 3508667   75.75000  267   79   75.99990   64.00000  15.8%  12.9 1702s
 5212259 3508732   64.00000  200   30   75.99990   64.00000  15.8%  12.9 1705s
 5212375 3529128   64.00000  201   29   75.99990   64.00000  15.8%  12.9 1712s
 5244407 3529158     cutoff  250        75.99990   64.00000  15.8%  12.9 1715s
 5244475 3550205   75.75000  247   49   75.99990   64.00000  15.8%  12.9 1723s
 5276507 3550243   71.75000  175   66   75.99990   64.00000  15.8%  12.9 1725s
 5276572 3570030     cutoff  175        75.99990   64.00000  15.8%  12.9 1731s
 5308687 3590116   73.75000  264   70   75.99990   64.00000  15.8%  12.9 1740s
 5340784 3610465   74.25000  228   61   75.99990   64.00000  15.8%  12.9 1748s
 5372816 3610525   74.50000  216   43   75.99990   64.00000  15.8%  12.9 1751s
 5372882 3632668   74.50000  217   41   75.99990   64.00000  15.8%  12.9 1755s
 5405081 3653366   64.00000  193   26   75.99990   64.00000  15.8%  12.9 1764s
 5437113 3653414     cutoff  201        75.99990   64.00000  15.8%  12.9 1766s
 5437191 3673862   69.00000  200   54   75.99990   64.00000  15.8%  12.9 1772s
 5469223 3673903   74.00000  212   51   75.99990   64.00000  15.8%  12.9 1775s
 5501313 3695361 infeasible  282        75.99990   64.00000  15.8%  12.9 1781s
 5501480 3716228   69.75000  284   58   75.99990   64.00000  15.8%  12.9 1789s
 5533512 3716293   64.00000  208   68   75.99990   64.00000  15.8%  12.9 1792s
 5533601 3736113   64.00000  209   66   75.99990   64.00000  15.8%  12.9 1797s
 5565633 3736174   75.25000  281   37   75.99990   64.00000  15.8%  12.9 1800s
 5597770 3758284   64.50000  218   66   75.99990   64.00000  15.8%  12.9 1809s
 5597928 3778459   64.50000  219   66   75.99990   64.00000  15.8%  12.9 1814s
 5609940 3778459   64.00000  199   32   75.99990   64.00000  15.8%  12.9 1815s
 5629960 3778473     cutoff  224        75.99990   64.00000  15.8%  12.9 1820s
 5630005 3798129 infeasible  200        75.99990   64.00000  15.8%  12.9 1831s
 5662098 3817985     cutoff  219        75.99990   64.00000  15.8%  12.9 1839s
 5694130 3818011   75.75000  224   71   75.99990   64.00000  15.8%  12.9 1843s
 5694168 3838598   75.75000  225   70   75.99990   64.00000  15.8%  12.9 1850s
 5726242 3859253   75.50000  474   44   75.99990   64.00000  15.8%  12.9 1861s
 5761735 3861473   75.00000  209   71   75.99990   64.00000  15.8%  12.9 1866s
 5768675 3865923   75.75000  387   55   75.99990   64.00000  15.8%  12.9 1871s
 5774241 3871579   69.00000  220   28   75.99990   64.00000  15.8%  12.9 1875s
 5788170 3878196   64.00000  211   59   75.99990   64.00000  15.8%  12.9 1882s
 5788211 3899182   64.00000  212   59   75.99990   64.00000  15.8%  12.9 1889s
 5820243 3901739   74.25000  304   65   75.99990   64.00000  15.8%  12.9 1891s
 5824297 3905684     cutoff  233        75.99990   64.00000  15.8%  12.9 1896s
 5830089 3909408   75.50000  266   48   75.99990   64.00000  15.8%  12.9 1900s
 5839277 3915211   73.50000  240   63   75.99990   64.00000  15.8%  12.9 1906s
 5853817 3925608   73.50000  227   64   75.99990   64.00000  15.8%  12.9 1911s
 5860699 3928269   74.25000  331   70   75.99990   64.00000  15.8%  12.9 1916s
 5864828 3931874   75.75000  264   51   75.99990   64.00000  15.8%  12.9 1920s
 5880498 3940634   73.75862  349   64   75.99990   64.00000  15.8%  12.9 1925s
 5883929 3945518   75.75000  260   62   75.99990   64.00000  15.8%  12.9 1930s
 5892310 3945545   73.75000  234   67   75.99990   64.00000  15.8%  12.9 1935s
 5893184 3952811   73.75000  248   64   75.99990   64.00000  15.8%  12.9 1940s
 5910759 3958036   74.25000  187   70   75.99990   64.00000  15.8%  12.9 1945s
 5910794 3978252   74.25000  188   63   75.99990   64.00000  15.8%  12.9 1951s
 5942895 3998891   75.25000  212   70   75.99990   64.00000  15.8%  12.9 1962s
 5974972 4018707     cutoff  264        75.99990   64.00000  15.8%  13.0 1971s
 6007063 4038289   74.25000  256   62   75.99990   64.00000  15.8%  13.0 1979s
 6011067 4038289   67.50000  214   52   75.99990   64.00000  15.8%  13.0 1980s
 6039095 4038313   75.25000  226   54   75.99990   64.00000  15.8%  13.0 1986s
 6039135 4058714     cutoff  227        75.99990   64.00000  15.8%  13.0 1994s
 6071167 4058756   75.50000  228   48   75.99990   64.00000  15.8%  13.0 1996s
 6071240 4079623   75.50000  229   44   75.99990   64.00000  15.8%  13.0 2004s
 6081250 4079623   75.75000  300   64   75.99990   64.00000  15.8%  13.0 2005s
 6103311 4100017   64.00862  235   49   75.99990   64.00000  15.8%  13.0 2013s
 6135343 4100036   75.50000  251   75   75.99990   64.00000  15.8%  13.0 2016s
 6135386 4120289     cutoff  252        75.99990   64.00000  15.8%  13.0 2022s
 6167418 4120310   64.00000  295   67   75.99990   64.00000  15.8%  13.0 2025s
 6167457 4141257   64.00000  296   67   75.99990   64.00000  15.8%  13.0 2031s
 6199528 4161646     cutoff  238        75.99990   64.00000  15.8%  13.0 2039s
 6209538 4161646   64.00000  236   50   75.99990   64.00000  15.8%  13.0 2040s
 6231560 4161672   65.50000  200   38   75.99990   64.00000  15.8%  13.0 2045s
 6231596 4182675 infeasible  201        75.99990   64.00000  15.8%  13.0 2051s
 6263677 4203639   75.25000  237   70   75.99990   64.00000  15.8%  13.0 2059s
 6286700 4203639   74.25000  252   65   75.99990   64.00000  15.8%  13.0 2060s
 6295767 4226685   75.50000  282   76   75.99990   64.00000  15.8%  13.0 2066s
 6327973 4246891   69.00431  349   54   75.99990   64.00000  15.8%  13.0 2075s
 6360005 4246917   74.50000  259   64   75.99990   64.00000  15.8%  13.0 2080s
 6360042 4267011   74.50000  260   62   75.99990   64.00000  15.8%  13.0 2086s
 6392111 4290205   74.50000  214   42   75.99990   64.00000  15.8%  13.0 2093s
 6424143 4290129 infeasible  240        75.99990   64.00000  15.8%  13.0 2095s
 6424341 4311129   73.50000  239   56   75.99990   64.00000  15.8%  13.0 2101s
 6456407 4331574     cutoff  213        75.99990   64.00000  15.8%  13.0 2112s
 6488439 4331592   74.25000  249   61   75.99990   64.00000  15.8%  13.0 2115s
 6488482 4352786   74.25000  250   63   75.99990   64.00000  15.8%  13.0 2120s
 6520549 4374273   74.75000  248   70   75.99990   64.00000  15.8%  13.0 2127s
 6552581 4374193 infeasible  268        75.99990   64.00000  15.8%  13.0 2130s
 6552723 4393893   64.00000  205   60   75.99990   64.00000  15.8%  13.0 2135s
 6584755 4393914   74.78448  228   53   75.99990   64.00000  15.8%  13.0 2141s
 6584794 4414303   74.75000  227   53   75.99990   64.00000  15.8%  13.0 2146s
 6619880 4416400   71.00000  246   59   75.99990   64.00000  15.8%  13.0 2152s
 6628143 4425213   67.75000  223   63   75.99990   64.00000  15.8%  13.0 2156s
 6642871 4433655   75.75000  343   58   75.99990   64.00000  15.8%  13.0 2161s
 6649978 4440258   73.25000  196   65   75.99990   64.00000  15.8%  13.0 2165s
 6666811 4449937   75.50000  324   60   75.99990   64.00000  15.8%  13.0 2170s
 6680384 4458108   74.75000  232   51   75.99990   64.00000  15.8%  13.0 2176s
 6692666 4463515   75.25000  226   51   75.99990   64.00000  15.8%  13.0 2180s
 6705166 4473405   74.75000  209   61   75.99990   64.00000  15.8%  13.0 2185s
 6713430 4475768   75.75000  274   68   75.99990   64.00000  15.8%  13.0 2190s
 6733829 4490273   75.50000  259   68   75.99990   64.00000  15.8%  13.0 2195s
 6740433 4495511   75.75000  342   54   75.99990   64.00000  15.8%  13.0 2201s
 6744041 4499463   74.50000  243   54   75.99990   64.00000  15.8%  13.0 2205s
 6760013 4508652   75.75000  235   61   75.99990   64.00000  15.8%  13.0 2211s
 6765005 4509293   74.25000  297   65   75.99990   64.00000  15.8%  13.0 2216s
 6776723 4516938   75.00000  261   66   75.99990   64.00000  15.8%  13.0 2220s
 6776760 4536958   75.00000  262   67   75.99990   64.00000  15.8%  13.0 2229s
 6808792 4536981   75.25000  224   83   75.99990   64.00000  15.8%  13.0 2231s
 6808833 4557806   75.25000  222   71   75.99990   64.00000  15.8%  13.0 2238s
 6840865 4557824   64.50000  205   50   75.99990   64.00000  15.8%  13.0 2245s
 6840908 4578557   64.50000  206   50   75.99990   64.00000  15.8%  13.0 2251s
 6872940 4578576   73.50000  222   72   75.99990   64.00000  15.8%  13.0 2257s
 6872983 4599805   73.50000  222   61   75.99990   64.00000  15.8%  13.0 2265s
 6905015 4599832   74.50000  245   78   75.99990   64.00000  15.8%  13.0 2272s
 6905051 4620636   74.50000  246   81   75.99990   64.00000  15.8%  13.0 2278s
 6937083 4620649   69.75000  239   59   75.99990   64.00000  15.8%  13.0 2280s
 6937132 4641394   69.75000  240   57   75.99990   64.00000  15.8%  13.0 2286s
 6969196 4662600   74.00000  258   61   75.99990   64.00000  15.8%  13.0 2295s
 7001267 4683777   75.75000  282   53   75.99990   64.00000  15.8%  13.0 2303s
 7033299 4683802   64.00000  229   56   75.99990   64.00000  15.8%  13.0 2307s
 7033334 4704125   64.00000  230   49   75.99990   64.00000  15.8%  13.0 2313s
 7065366 4704154   74.25000  325   63   75.99990   64.00000  15.8%  13.0 2316s
 7065401 4726703   74.25000  326   63   75.99990   64.00000  15.8%  13.0 2320s
 7097578 4747365   64.00000  227   60   75.99990   64.00000  15.8%  13.0 2329s
 7129610 4747384 infeasible  238        75.99990   64.00000  15.8%  13.0 2334s
 7129651 4768779 infeasible  239        75.99990   64.00000  15.8%  13.0 2340s
 7161722 4790394     cutoff  251        75.99990   64.00000  15.8%  13.0 2352s
 7193754 4790419   74.75000  271   73   75.99990   64.00000  15.8%  13.0 2355s
 7225824 4811930 infeasible  248        75.99990   64.00000  15.8%  13.0 2361s
 7225996 4832538   64.00000  204   60   75.99990   64.00000  15.8%  13.0 2367s
 7258028 4832560   75.75000  185   64   75.99990   64.00000  15.8%  13.0 2370s
 7258069 4853517   75.75000  186   64   75.99990   64.00000  15.8%  13.0 2376s
 7290157 4875105   75.50000  244   65   75.99990   64.00000  15.8%  13.0 2383s
 7322189 4874989 infeasible  275        75.99990   64.00000  15.8%  13.0 2386s
 7322367 4896390 infeasible  273        75.99990   64.00000  15.8%  13.0 2391s
 7354438 4916620   75.75000  352   68   75.99990   64.00000  15.8%  13.0 2400s
 7386470 4916642   75.75000  309   54   75.99990   64.00000  15.8%  13.0 2406s
 7386511 4936690   75.75000  310   58   75.99990   64.00000  15.8%  13.0 2411s
 7418581 4959912     cutoff  225        75.99990   64.00000  15.8%  13.0 2418s
 7450613 4959833 infeasible  215        75.99990   64.00000  15.8%  13.0 2421s
 7450753 4980594   64.00000  191   26   75.99990   64.00000  15.8%  13.0 2426s
 7482785 4980617   74.50000  258   60   75.99990   64.00000  15.8%  13.0 2433s
 7482825 5001284     cutoff  259        75.99990   64.00000  15.8%  13.0 2440s
 7514898 5022241   73.75431  218   64   75.99990   64.00000  15.8%  13.0 2449s
 7546930 5022263   75.50000  363   62   75.99990   64.00000  15.8%  13.0 2455s
 7546971 5042694   75.50000  364   61   75.99990   64.00000  15.8%  13.0 2461s
 7579038 5063547   73.62500  251   55   75.99990   64.00000  15.8%  13.1 2469s
 7611070 5063572   74.75000  220   79   75.99990   64.00000  15.8%  13.1 2473s
 7611109 5083849   74.75000  221   77   75.99990   64.00000  15.8%  13.1 2480s
 7655242 5092884 infeasible  253        75.99990   64.00000  15.8%  13.1 2486s
 7663801 5099788   73.25000  202   60   75.99990   64.00000  15.8%  13.1 2491s
 7674061 5104692 infeasible  217        75.99990   64.00000  15.8%  13.1 2495s
 7676522 5117683   72.75000  263   52   75.99990   64.00000  15.8%  13.1 2502s
 7698358 5120674   64.50000  281   53   75.99990   64.00000  15.8%  13.1 2505s
 7701320 5121534   64.00000  210   46   75.99990   64.00000  15.8%  13.1 2511s
 7715117 5130741   74.75000  244   69   75.99990   64.00000  15.8%  13.1 2515s
 7715155 5152013   74.75000  245   78   75.99990   64.00000  15.8%  13.1 2523s
 7747187 5152032   74.00000  210   56   75.99990   64.00000  15.8%  13.1 2526s
 7747231 5172697   74.00000  211   58   75.99990   64.00000  15.8%  13.1 2532s
 7779263 5172723   72.75000  256   53   75.99990   64.00000  15.8%  13.1 2535s
 7779300 5193336   72.75000  257   51   75.99990   64.00000  15.8%  13.1 2543s
 7811332 5193363     cutoff  301        75.99990   64.00000  15.8%  13.1 2545s
 7811369 5213897   75.00000  301   46   75.99990   64.00000  15.8%  13.1 2551s
 7843438 5234807 infeasible  213        75.99990   64.00000  15.8%  13.1 2560s
 7875470 5234831     cutoff  222        75.99990   64.00000  15.8%  13.1 2566s
 7875510 5255400 infeasible  223        75.99990   64.00000  15.8%  13.1 2574s
 7881516 5255400   74.25000  247   50   75.99990   64.00000  15.8%  13.1 2575s
 7907588 5276994   75.25000  250   73   75.99990   64.00000  15.8%  13.1 2584s
 7939620 5277015   75.50000  366   64   75.99990   64.00000  15.8%  13.1 2590s
 7939663 5297675   75.65000  367   65   75.99990   64.00000  15.8%  13.1 2596s
 7971695 5297705   64.00000  223   53   75.99990   64.00000  15.8%  13.1 2602s
 7971729 5318498 infeasible  224        75.99990   64.00000  15.8%  13.1 2608s
 8003761 5318524     cutoff  270        75.99990   64.00000  15.8%  13.1 2611s
 8003797 5339377   75.75000  271   62   75.99990   64.00000  15.8%  13.1 2617s
 8035829 5339406   75.00000  240   80   75.99990   64.00000  15.8%  13.1 2620s
 8035864 5362292   75.00000  241   80   75.99990   64.00000  15.8%  13.1 2625s
 8068036 5381792   73.00000  243   55   75.99990   64.00000  15.8%  13.1 2633s
 8100068 5381818   75.25000  267   51   75.99990   64.00000  15.8%  13.1 2636s
 8100102 5402301   75.25000  267   50   75.99990   64.00000  15.8%  13.1 2642s
 8132134 5402326   64.00000  273   61   75.99990   64.00000  15.8%  13.1 2645s
 8164205 5424242 infeasible  266        75.99990   64.00000  15.8%  13.1 2655s
 8164355 5445001   64.00000  194   60   75.99990   64.00000  15.8%  13.1 2662s
 8196387 5445030   73.00000  261   55   75.99990   64.00000  15.8%  13.1 2665s
 8196421 5464576   73.00000  262   55   75.99990   64.00000  15.8%  13.1 2675s
 8228489 5485264     cutoff  294        75.99990   64.00000  15.8%  13.1 2683s
 8260521 5485283   75.53409  293   95   75.99990   64.00000  15.8%  13.1 2686s
 8260564 5505568     cutoff  294        75.99990   64.00000  15.8%  13.1 2692s
 8292596 5505592   74.00000  251   64   75.99990   64.00000  15.8%  13.1 2695s
 8292633 5526787   74.00000  249   66   75.99990   64.00000  15.8%  13.1 2701s
 8324665 5526809   64.00000  243   59   75.99990   64.00000  15.8%  13.1 2707s
 8324705 5547729   64.00000  244   59   75.99990   64.00000  15.8%  13.1 2714s
 8354735 5547729   75.00000  251   54   75.99990   64.00000  15.8%  13.1 2715s
 8356769 5568298   74.00000  182   74   75.99990   64.00000  15.8%  13.1 2722s
 8388801 5568324   64.50000  214   70   75.99990   64.00000  15.8%  13.1 2725s
 8420869 5589808 infeasible  281        75.99990   64.00000  15.8%  13.1 2732s
 8420999 5609442     cutoff  281        75.99990   64.00000  15.8%  13.1 2737s
 8453031 5609461 infeasible  215        75.99990   64.00000  15.8%  13.1 2740s
 8453075 5630584     cutoff  215        75.99990   64.00000  15.8%  13.1 2748s
 8485107 5630611   72.75000  234   58   75.99990   64.00000  15.8%  13.1 2751s
 8485143 5650863   72.75000  235   58   75.99990   64.00000  15.8%  13.1 2756s
 8517175 5650888   66.00000  196   52   75.99990   64.00000  15.8%  13.1 2762s
 8517212 5671349   64.00000  196   50   75.99990   64.00000  15.8%  13.1 2768s
 8549244 5671384   73.75000  239   67   75.99990   64.00000  15.8%  13.2 2771s
 8549295 5693209   73.75000  240   64   75.99990   64.00000  15.8%  13.2 2777s
 8581327 5693139 infeasible  276        75.99990   64.00000  15.8%  13.1 2780s
 8581460 5712678   64.00000  216   28   75.99990   64.00000  15.8%  13.1 2787s
 8613492 5712700   74.75000  206   44   75.99990   64.00000  15.8%  13.2 2790s
 8613534 5733057   74.75000  207   45   75.99990   64.00000  15.8%  13.2 2795s
 8645604 5753253   74.25000  252   75   75.99990   64.00000  15.8%  13.2 2804s
 8677636 5753277   73.75000  215   65   75.99990   64.00000  15.8%  13.2 2807s
 8677673 5774449   73.75000  214   64   75.99990   64.00000  15.8%  13.2 2811s
 8709705 5774390   65.50000  213   63   75.99990   64.00000  15.8%  13.2 2817s
 8709826 5795564   65.50000  214   63   75.99990   64.00000  15.8%  13.2 2822s
 8741858 5795584   73.75000  231   63   75.99990   64.00000  15.8%  13.2 2825s
 8741901 5816359   73.75000  232   59   75.99990   64.00000  15.8%  13.2 2831s
 8773970 5836274   72.75000  249   47   75.99990   64.00000  15.8%  13.2 2842s
 8806002 5836299   74.50000  234   44   75.99990   64.00000  15.8%  13.2 2845s
 8806038 5856979   74.50000  235   44   75.99990   64.00000  15.8%  13.2 2851s
 8838070 5857001   74.75000  258   80   75.99990   64.00000  15.8%  13.2 2857s
 8838110 5876395     cutoff  259        75.99990   64.00000  15.8%  13.2 2865s
 8870182 5896859     cutoff  263        75.99990   64.00000  15.8%  13.2 2874s
 8902214 5896879   73.75000  266   59   75.99990   64.00000  15.8%  13.2 2877s
 8902258 5919023   73.75000  267   58   75.99990   64.00000  15.8%  13.2 2880s
 8934290 5918945   64.00000  212   43   75.99990   64.00000  15.8%  13.2 2887s
 8934430 5938897   65.20690  213   46   75.99990   64.00000  15.8%  13.2 2894s
 8966462 5939666     cutoff  213        75.99990   64.00000  15.8%  13.2 2897s
 8968034 5952210   64.00000  253   48   75.99990   64.00000  15.8%  13.2 2901s
 8987285 5953316   73.75000  243   27   75.99990   64.00000  15.8%  13.2 2906s
 8995865 5958494 infeasible  223        75.99990   64.00000  15.8%  13.2 2912s
 8995909 5979289   66.75000  223   44   75.99990   64.00000  15.8%  13.2 2919s
 9027941 5979316   75.25000  255   47   75.99990   64.00000  15.8%  13.2 2922s
 9027978 5999346   75.25000  256   47   75.99990   64.00000  15.8%  13.2 2928s
 9060010 5999361   75.25000  282   75   75.99990   64.00000  15.8%  13.2 2932s
 9060055 6019945   74.75000  281   75   75.99990   64.00000  15.8%  13.2 2942s
 9092087 6021264   75.50000  306   66   75.99990   64.00000  15.8%  13.2 2945s
 9107155 6029105   75.50000  357   62   75.99990   64.00000  15.8%  13.2 2951s
 9109755 6031056   68.50000  204   45   75.99990   64.00000  15.8%  13.2 2955s
 9110635 6033655   75.00000  229   56   75.99990   64.00000  15.8%  13.2 2960s
 9121926 6038774 infeasible  205        75.99990   64.00000  15.8%  13.2 2966s
 9121961 6057898   64.25000  205   56   75.99990   64.00000  15.8%  13.2 2972s
 9153993 6057914   75.25000  253   52   75.99990   64.00000  15.8%  13.2 2975s
 9154038 6077912   75.50000  251   50   75.99990   64.00000  15.8%  13.2 2982s
 9186070 6077933   74.25000  236   36   75.99990   64.00000  15.8%  13.2 2988s
 9186113 6098375   74.25000  237   36   75.99990   64.00000  15.8%  13.2 2994s
 9218145 6098402     cutoff  209        75.99990   64.00000  15.8%  13.2 3000s
 9218180 6118417   64.00000  137   30   75.99990   64.00000  15.8%  13.2 3007s
 9250212 6118447   64.00000  211   30   75.99990   64.00000  15.8%  13.2 3010s
 9250268 6138163   64.00000  212   29   75.99990   64.00000  15.8%  13.2 3020s
 9282300 6138182 infeasible  218        75.99990   64.00000  15.8%  13.2 3026s
 9282345 6158102 infeasible  218        75.99990   64.00000  15.8%  13.2 3034s
 9314377 6158243   75.50000  283   53   75.99990   64.00000  15.8%  13.2 3036s
 9314606 6177605   75.50000  285   54   75.99990   64.00000  15.8%  13.2 3042s
 9346638 6177635   74.00000  265   65   75.99990   64.00000  15.8%  13.2 3045s
 9346690 6197949   74.00000  266   62   75.99990   64.00000  15.8%  13.2 3052s
 9378722 6198039   65.00000  248   48   75.99990   64.00000  15.8%  13.3 3055s
 9378850 6219071   65.00000  256   37   75.99990   64.00000  15.8%  13.3 3063s
 9410882 6221904   72.75000  248   66   75.99990   64.00000  15.8%  13.3 3066s
 9417462 6228498   74.75000  227   69   75.99990   64.00000  15.8%  13.3 3070s
 9434980 6233923   75.50000  305   52   75.99990   64.00000  15.8%  13.3 3077s
 9440612 6238617   64.00000  207   47   75.99990   64.00000  15.8%  13.3 3080s
 9456533 6249527   64.00000  244   58   75.99990   64.00000  15.8%  13.3 3086s
 9464920 6251902   64.00000  211   56   75.99990   64.00000  15.8%  13.3 3090s
 9474670 6257933   75.75000  349   59   75.99990   64.00000  15.8%  13.3 3097s
 9480046 6263524   64.00000  193   31   75.99990   64.00000  15.8%  13.3 3100s
 9483207 6266955   75.75000  230   88   75.99990   64.00000  15.8%  13.3 3105s
 9488131 6270099   64.75000  156   33   75.99990   64.00000  15.8%  13.3 3110s
 9502754 6281977   73.25000  232   44   75.99990   64.00000  15.8%  13.3 3115s
 9519303 6290238   74.25000  261   52   75.99990   64.00000  15.8%  13.3 3120s
 9532221 6301857   74.25000  298   51   75.99990   64.00000  15.8%  13.3 3126s
 9541236 6304330   75.00000  275   50   75.99990   64.00000  15.8%  13.3 3131s
 9554562 6311652   66.00000  197   48   75.99990   64.00000  15.8%  13.3 3136s
 9563881 6317793   74.50000  311   59   75.99990   64.00000  15.8%  13.3 3140s
 9577920 6324801   74.75000  254   51   75.99990   64.00000  15.8%  13.3 3147s
 9577960 6325454   74.75000  255   47   75.99990   64.00000  15.8%  13.3 3150s
 9589884 6337617   65.00000  203   27   75.99990   64.00000  15.8%  13.3 3156s
 9597694 6357930     cutoff  262        75.99990   64.00000  15.8%  13.3 3164s
 9629726 6358157   75.50000  269   47   75.99990   64.00000  15.8%  13.3 3167s
 9630074 6377571     cutoff  270        75.99990   64.00000  15.8%  13.3 3173s
 9662106 6377672   69.00000  231   27   75.99990   64.00000  15.8%  13.3 3175s
 9662340 6397061   69.00000  232   70   75.99990   64.00000  15.8%  13.3 3183s
 9694372 6397354   64.00000  213   50   75.99990   64.00000  15.8%  13.3 3186s
 9694911 6417091   64.00000  222   53   75.99990   64.00000  15.8%  13.3 3192s
 9726943 6417117   73.75000  234   59   75.99990   64.00000  15.8%  13.3 3195s
 9726980 6437290   73.75000  234   66   75.99990   64.00000  15.8%  13.3 3203s
 9759012 6437502   74.25000  218   80   75.99990   64.00000  15.8%  13.3 3205s
 9759342 6456968   74.25000  219   80   75.99990   64.00000  15.8%  13.3 3211s
 9791658 6478649   74.00000  251   62   75.99990   64.00000  15.8%  13.3 3219s
 9802669 6478649     cutoff  308        75.99990   64.00000  15.8%  13.3 3220s
 9823690 6478670   73.50000  269   60   75.99990   64.00000  15.8%  13.3 3225s
 9823732 6499101   73.50000  270   58   75.99990   64.00000  15.8%  13.3 3231s
 9855764 6499123   64.00000  225   50   75.99990   64.00000  15.8%  13.3 3235s
 9855804 6520095   64.00000  225   49   75.99990   64.00000  15.8%  13.3 3241s
 9888075 6541207     cutoff  238        75.99990   64.00000  15.8%  13.3 3252s
 9920435 6561296   75.25000  247   59   75.99990   64.00000  15.8%  13.3 3262s
 9952852 6581972   64.50000  221   38   75.99990   64.00000  15.8%  13.3 3270s
 9985239 6602897   74.25000  362   52   75.99990   64.00000  15.8%  13.3 3282s
 10017271 6603018   75.25000  292   63   75.99990   64.00000  15.8%  13.3 3285s
 10017457 6623380   75.25000  293   61   75.99990   64.00000  15.8%  13.3 3291s
 10049617 6644457   75.75000  285   44   75.99990   64.00000  15.8%  13.3 3299s
 10081649 6644684     cutoff  285        75.99990   64.00000  15.8%  13.3 3302s
 10082089 6664573   75.75000  286   45   75.99990   64.00000  15.8%  13.3 3307s
 10114121 6664837   75.75000  257   62   75.99990   64.00000  15.8%  13.3 3310s
 10114492 6685190   75.75000  261   58   75.99990   64.00000  15.8%  13.3 3315s
 10147024 6705964   75.00000  333   49   75.99990   64.00000  15.8%  13.3 3322s
 10179361 6726775   75.54049  369   52   75.99990   64.00000  15.8%  13.3 3330s
 10211786 6748717   74.25000  276   63   75.99990   64.00000  15.8%  13.3 3336s
 10244163 6769746   67.50000  270   60   75.99990   64.00000  15.8%  13.3 3345s
 10276195 6769765   75.50000  225   61   75.99990   64.00000  15.8%  13.3 3351s
 10276236 6791294 infeasible  226        75.99990   64.00000  15.8%  13.3 3356s
 10308588 6811221 infeasible  184        75.99990   64.00000  15.8%  13.3 3365s
 10340620 6811249   64.00000  202   38   75.99990   64.00000  15.8%  13.3 3370s
 10340656 6832337   64.00000  203   38   75.99990   64.00000  15.8%  13.3 3376s
 10372896 6854545   75.75000  206   69   75.99990   64.00000  15.8%  13.3 3383s
 10404928 6854685 infeasible  257        75.99990   64.00000  15.8%  13.3 3385s
 10405355 6874078   73.25000  227   63   75.99990   64.00000  15.8%  13.3 3393s
 10437387 6874195   65.50000  200   51   75.99990   64.00000  15.8%  13.3 3396s
 10437558 6894450   65.50000  201   50   75.99990   64.00000  15.8%  13.3 3401s
 10469590 6894476   64.00000  176   71   75.99990   64.00000  15.8%  13.3 3407s
 10469628 6915397   64.00000  177   73   75.99990   64.00000  15.8%  13.3 3413s
 10501660 6915422   64.00000  222   71   75.99990   64.00000  15.8%  13.3 3417s
 10501697 6936839   66.25000  222   64   75.99990   64.00000  15.8%  13.3 3425s
 10537590 6939437   73.25000  239   65   75.99990   64.00000  15.8%  13.3 3431s
 10545455 6943967   75.00000  219   64   75.99990   64.00000  15.8%  13.3 3436s
 10549815 6946380   64.00000  218   64   75.99990   64.00000  15.8%  13.3 3441s
 10556603 6955117   75.75000  200   66   75.99990   64.00000  15.8%  13.3 3445s
 10564862 6965713   71.04687  250   61   75.99990   64.00000  15.8%  13.3 3450s
 10579526 6968261   64.00000  205   33   75.99990   64.00000  15.8%  13.3 3455s
 10592462 6976764     cutoff  307        75.99990   64.00000  15.8%  13.3 3461s
 10600140 6978618   74.62500  250   57   75.99990   64.00000  15.8%  13.3 3465s
 10601015 6985321   74.62500  277   61   75.99990   64.00000  15.8%  13.3 3471s
 10610827 6991345   64.00000  208   73   75.99990   64.00000  15.8%  13.3 3475s
 10627615 6996467   64.00000  243   51   75.99990   64.00000  15.8%  13.3 3484s
 10627655 7017417 infeasible  244        75.99990   64.00000  15.8%  13.3 3492s
 10659687 7017442   75.25000  343   47   75.99990   64.00000  15.8%  13.3 3495s
 10659725 7037207   75.25000  344   47   75.99990   64.00000  15.8%  13.3 3502s
 10691757 7037237   74.25479  251   60   75.99990   64.00000  15.8%  13.4 3505s
 10691791 7057481   74.26724  252   59   75.99990   64.00000  15.8%  13.4 3511s
 10723865 7078911   64.75000  270   57   75.99990   64.00000  15.8%  13.4 3522s
 10755897 7078931   75.75000  290   43   75.99990   64.00000  15.8%  13.4 3525s
 10755938 7099403   75.75000  291   43   75.99990   64.00000  15.8%  13.4 3530s
 10787970 7099428   74.25000  208   51   75.99990   64.00000  15.8%  13.4 3536s
 10788009 7120495   74.25000  209   50   75.99990   64.00000  15.8%  13.4 3542s
 10820041 7120515 infeasible  291        75.99990   64.00000  15.8%  13.4 3545s
 10820084 7140728 infeasible  291        75.99990   64.00000  15.8%  13.4 3551s
 10852155 7160677   72.75000  211   52   75.99990   64.00000  15.8%  13.4 3561s
 10884231 7181311   69.00000  257   57   75.99990   64.00000  15.8%  13.4 3569s
 10885232 7181311   64.50000  215   42   75.99990   64.00000  15.8%  13.4 3570s
 10916298 7203295   75.75000  308   60   75.99990   64.00000  15.8%  13.4 3578s
 10948330 7203320   75.50000  169   40   75.99990   64.00000  15.8%  13.4 3585s
 10948368 7223453   75.50000  170   40   75.99990   64.00000  15.8%  13.4 3592s
 10980400 7223480   74.25000  332   49   75.99990   64.00000  15.8%  13.4 3599s
 10980437 7226023   74.25521  333   55   75.99990   64.00000  15.8%  13.4 3600s

Cutting planes:
  Learned: 45
  Gomory: 1
  Cover: 204
  Implied bound: 112
  Clique: 90
  MIR: 383
  Flow cover: 412
  GUB cover: 2
  RLT: 29
  Relax-and-lift: 525

Cleanup yields a better solution

Explored 10984203 nodes (146894689 simplex iterations) in 3600.09 seconds
Thread count was 32 (of 32 available processors)

Solution count 10: 75.9999 76 76 ... 80

Time limit reached
Best objective 7.594059109624e+01, best bound 6.400000000000e+01, gap 15.7236%
