
Gurobi 9.1.2 (linux64) logging started Wed Aug  9 09:27:49 2023

Changed value of parameter LogFile to max-ls_r=('7', '0').log
   Prev:   Default: 
Changed value of parameter MIPFocus to 1
   Prev: 0  Min: 0  Max: 3  Default: 0
Changed value of parameter Threads to 32
   Prev: 0  Min: 0  Max: 1024  Default: 0
Changed value of parameter TimeLimit to 3600.0
   Prev: inf  Min: 0.0  Max: inf  Default: inf
Warning: variable name "X[('6', '6'),('7', '6')]" has a space
Warning: constraint name "flow-constr-t0-v('6', '3')" has a space
Warning: to let Gurobi read it back, use rlp format
Gurobi Optimizer version 9.1.2 build v9.1.2rc0 (linux64)
Thread count: 16 physical cores, 32 logical processors, using up to 32 threads
Optimize a model with 2963 rows, 2688 columns and 10336 nonzeros
Model fingerprint: 0x6e87fe52
Variable types: 256 continuous, 2432 integer (2432 binary)
Coefficient statistics:
  Matrix range     [1e+00, 7e+04]
  Objective range  [2e-01, 2e-01]
  Bounds range     [1e+00, 3e+04]
  RHS range        [1e+00, 7e+04]
Presolve removed 207 rows and 200 columns
Presolve time: 0.11s
Presolved: 2756 rows, 2488 columns, 18875 nonzeros
Variable types: 256 continuous, 2232 integer (2232 binary)

Root relaxation: objective 6.400000e+01, 160 iterations, 0.00 seconds

    Nodes    |    Current Node    |     Objective Bounds      |     Work
 Expl Unexpl |  Obj  Depth IntInf | Incumbent    BestBd   Gap | It/Node Time

     0     0   64.00000    0   24          -   64.00000      -     -    0s
H    0     0                     188.7500000   64.00000  66.1%     -    0s
H    0     0                     188.2500000   64.00000  66.0%     -    0s
     0     0   64.00000    0   48  188.25000   64.00000  66.0%     -    0s
H    0     0                     129.4166667   64.00000  50.5%     -    0s
     0     0   64.00000    0   48  129.41667   64.00000  50.5%     -    0s
H    0     0                      96.1250000   64.00000  33.4%     -    0s
     0     0   64.00000    0   30   96.12500   64.00000  33.4%     -    0s
H    0     0                      89.7500000   64.00000  28.7%     -    0s
H    0     0                      85.8571429   64.00000  25.5%     -    0s
     0     0   64.00000    0   24   85.85714   64.00000  25.5%     -    1s
H    0     0                      83.7500000   64.00000  23.6%     -    1s
     0     0   64.00000    0   26   83.75000   64.00000  23.6%     -    1s
     0     0   64.00000    0   40   83.75000   64.00000  23.6%     -    1s
H    0     0                      82.2500000   64.00000  22.2%     -    1s
     0     0   64.00000    0   26   82.25000   64.00000  22.2%     -    1s
H    0     0                      81.2500000   64.00000  21.2%     -    1s
     0     2   64.00000    0   18   81.25000   64.00000  21.2%     -    1s
H   32    62                      81.0000000   64.00000  21.0%  28.6    2s
H   52    62                      80.1071429   64.00000  20.1%  19.2    2s
H   95   126                      79.5000000   64.00000  19.5%  12.7    3s
H   98   126                      78.9166667   64.00000  18.9%  12.4    3s
H  108   126                      78.7500000   64.00000  18.7%  11.7    3s
H  121   126                      78.6666667   64.00000  18.6%  10.9    3s
H  128   158                      78.4166667   64.00000  18.4%  10.4    3s
H  130   158                      78.0833333   64.00000  18.0%  10.2    3s
H  138   158                      77.9166667   64.00000  17.9%  10.1    3s
H  159   190                      77.3750000   64.00000  17.3%   9.1    4s
H  170   190                      77.2500000   64.00000  17.2%   8.7    4s
H  172   190                      77.1250000   64.00000  17.0%   8.6    4s
H  174   190                      77.0000000   64.00000  16.9%   8.5    4s
H  191   222                      76.7500000   64.00000  16.6%   8.0    5s
H  196   222                      76.5000000   64.00000  16.3%  11.9    5s
H  213   222                      76.2500000   64.00000  16.1%  11.2    5s
H  931  1658                      75.2500000   64.00000  15.0%   6.4    6s
H 1701  1689                      73.0000000   64.00000  12.3%   4.7    8s
H 1703  1689                      72.3125000   64.00000  11.5%   4.7    8s
H 1712  1689                      69.0000000   64.00000  7.25%   4.7    8s
H 1760  2451                      68.1250000   64.00000  6.06%   4.6    9s
H 1923  2451                      67.8750000   64.00000  5.71%   4.5    9s
H 2086  2451                      67.6250000   64.00000  5.36%   4.8    9s
  2600  2417   64.00000   68   50   67.62500   64.00000  5.36%   4.4   11s
H 2609  2408                      67.5000000   64.00000  5.19%   4.4   11s
H 2610  2368                      67.2500000   64.00000  4.83%   4.4   11s
H 2617  2366                      67.0000000   64.00000  4.48%   4.4   11s
 10303 17174   64.00000   48   50   67.00000   64.00000  4.48%   3.3   15s
 19575 17279   64.00000   17   80   67.00000   64.00000  4.48%   4.3   21s
H19597 16412                      66.9999999   64.00000  4.48%   4.4   21s
H19601 15595                      66.9999999   64.00000  4.48%   4.4   21s
H19602 14818                      66.9999998   64.00000  4.48%   4.4   21s
 21685 20134   66.50000   40   74   67.00000   64.00000  4.48%   5.0   25s
 34822 24052   66.75000  363   69   67.00000   64.00000  4.48%   6.7   30s
H37821 22315                      66.9999996   64.00000  4.48%   7.0   30s
H38107 21544                      66.9999995   64.00000  4.48%   7.0   31s
H38165 21377                      66.9999994   64.00000  4.48%   7.0   34s
H38925 20491                      66.9999993   64.00000  4.48%   7.1   34s
 39013 24112   66.00000   65  102   67.00000   64.00000  4.48%   7.1   35s
H40951 22866                      66.9999992   64.00000  4.48%   7.3   35s
H41038 22267                      66.9999991   64.00000  4.48%   7.3   35s
H45429 21786                      66.9999991   64.00000  4.48%   7.6   36s
H51324 22718                      66.9999990   64.00000  4.48%   8.1   38s
 55274 25364   65.25000  184  105   67.00000   64.00000  4.48%   8.4   40s
 59285 27957   66.25000  216  111   67.00000   64.00000  4.48%   8.7   46s
 75007 38721   64.00000   79  102   67.00000   64.00000  4.48%   9.2   50s
H78961 41587                      66.9999989   64.00000  4.48%   9.3   53s
H79811 44423                      66.9999988   64.00000  4.48%   9.3   54s
H82112 44423                      66.9999988   64.00000  4.48%   9.4   54s
 83003 44449   64.00000  181  106   67.00000   64.00000  4.48%   9.4   55s
H83038 44449                      66.9999987   64.00000  4.48%   9.4   55s
 88289 54920   64.50000  219   96   67.00000   64.00000  4.48%   9.6   61s
 100700 54944   65.00000  117  124   67.00000   64.00000  4.48%  10.2   65s
 104780 57656   64.50000   99  101   67.00000   64.00000  4.48%  10.5   77s
 109056 60357   64.00000  186   85   67.00000   64.00000  4.48%  10.7   80s
 115620 63499     cutoff  235        67.00000   64.00000  4.48%  11.0   87s
 118373 70537   64.25000  294   99   67.00000   64.00000  4.48%  11.1   92s
 127665 70582   64.50000  103   96   67.00000   64.00000  4.48%  11.5   95s
 139689 77388   66.00000  156   90   67.00000   64.00000  4.48%  11.8  100s
 141890 77943 infeasible  228        67.00000   64.00000  4.48%  11.9  106s
 152807 84338   66.75000  168  111   67.00000   64.00000  4.48%  12.0  112s
 153989 102333 infeasible  169        67.00000   64.00000  4.48%  12.0  119s
 168003 102333   64.00000  365   95   67.00000   64.00000  4.48%  12.3  120s
 186320 120526   66.00000  316   81   67.00000   64.00000  4.48%  12.4  131s
 218352 120554   64.00000  175  105   67.00000   64.00000  4.48%  12.8  135s
 218400 136135   64.00000  176  105   67.00000   64.00000  4.48%  12.8  146s
 250432 138731     cutoff  236        67.00000   64.00000  4.48%  13.0  150s
 266197 145604   66.25000  125  107   67.00000   64.00000  4.48%  13.2  156s
 275418 150961   66.50000  354   94   67.00000   64.00000  4.48%  13.3  161s
 282035 150987   66.75000  165  107   67.00000   64.00000  4.48%  13.3  165s
 282072 167643   66.75000  166  103   67.00000   64.00000  4.48%  13.3  174s
 286076 167643   64.00000  143  108   67.00000   64.00000  4.48%  13.4  175s
 321153 172623   64.00000  227   98   67.00000   64.00000  4.48%  13.6  180s
 334490 176548   64.00000  234   95   67.00000   64.00000  4.48%  13.7  188s
 334528 180189   64.00000  233   84   67.00000   64.00000  4.48%  13.7  190s
 344040 180197   64.50000  222   98   67.00000   64.00000  4.48%  13.7  198s
 344093 194414   64.50000  223  104   67.00000   64.00000  4.48%  13.7  205s
 376125 194424   64.75000  230  106   67.00000   64.00000  4.48%  13.7  214s
H376147 194424                      66.9999987   64.00000  4.48%  13.7  214s
 376178 208426     cutoff  231        67.00000   64.00000  4.48%  13.7  221s
H403227 208426                      66.9999985   64.00000  4.48%  13.7  222s
H408210 208449                      66.9999985   64.00000  4.48%  13.8  229s
H408213 208449                      66.9999984   64.00000  4.48%  13.8  229s
H408223 208449                      66.9999984   64.00000  4.48%  13.8  229s
H408243 208449                      66.9999983   64.00000  4.48%  13.8  230s
 408251 221247     cutoff  288        67.00000   64.00000  4.48%  13.8  239s
 440283 224056     cutoff  243        67.00000   64.00000  4.48%  13.9  242s
 446747 228040   64.00000  201   96   67.00000   64.00000  4.48%  13.9  245s
 461872 230415     cutoff  186        67.00000   64.00000  4.48%  14.0  252s
 465846 232556   66.50000  280  104   67.00000   64.00000  4.48%  13.9  255s
 470249 236082     cutoff  262        67.00000   64.00000  4.48%  14.0  260s
 485485 239713   66.75000  217   86   67.00000   64.00000  4.48%  13.9  267s
 491144 244228   64.56250  213  108   67.00000   64.00000  4.48%  14.0  271s
 501059 248951   64.75000  272   85   67.00000   64.00000  4.48%  14.0  276s
 510898 253510   64.00000   45   99   67.00000   64.00000  4.48%  14.0  280s
 519044 257802     cutoff  303        67.00000   64.00000  4.48%  14.0  285s
H525778 257822                      66.9999983   64.00000  4.48%  14.0  289s
 525795 260676   64.25000  274  105   67.00000   64.00000  4.48%  14.0  291s
 530839 260689   65.25000  194   98   67.00000   64.00000  4.48%  14.0  295s
H530840 260689                      66.9999981   64.00000  4.48%  14.0  295s
H530879 260689                      66.9999979   64.00000  4.48%  14.0  295s
 530888 278004   65.89062  195   96   67.00000   64.00000  4.48%  14.0  304s
H546715 278004                      66.9999979   64.00000  4.48%  14.0  304s
H549418 278004                      66.9999978   64.00000  4.48%  14.0  304s
 562920 278022   64.00000  181   84   67.00000   64.00000  4.48%  14.0  313s
H562951 278022                      66.9999978   64.00000  4.48%  14.0  313s
H562954 278022                      66.9999978   64.00000  4.48%  14.0  313s
 562962 293660   64.75000  182   95   67.00000   64.00000  4.48%  14.0  320s
 595046 309413   66.75000  275   95   67.00000   64.00000  4.48%  14.0  332s
 627078 309433   64.00000  292   92   67.00000   64.00000  4.48%  13.9  336s
 627115 325313   64.00000  293   92   67.00000   64.00000  4.48%  13.9  347s
 659147 328732   65.00000  282   98   67.00000   64.00000  4.48%  13.9  351s
 670500 330784     cutoff  206        67.00000   64.00000  4.48%  13.9  361s
H670522 330784                      66.9999978   64.00000  4.48%  13.9  361s
 671672 336842   64.00000  235  102   67.00000   64.00000  4.48%  13.9  366s
 681867 340210   64.00000  177   84   67.00000   64.00000  4.48%  13.9  370s
 690945 351220   64.00000   86   96   67.00000   64.00000  4.48%  13.9  379s
 713261 351240   65.25000  135   93   67.00000   64.00000  4.48%  13.9  381s
 719943 355204   65.00000  293   96   67.00000   64.00000  4.48%  13.9  386s
 722180 365343   65.00000  294   97   67.00000   64.00000  4.48%  13.9  391s
 744582 367289   64.00000  162   95   67.00000   64.00000  4.48%  13.9  396s
 749205 367307   65.50000  163  101   67.00000   64.00000  4.48%  13.9  400s
H749236 367307                      66.9999977   64.00000  4.48%  13.9  400s
 749249 381892   65.60000  164  106   67.00000   64.00000  4.48%  13.9  408s
H775300 381892                      66.9999977   64.00000  4.48%  14.0  409s
 781281 381897   65.50000  125   98   67.00000   64.00000  4.48%  14.0  412s
 781338 396219   65.50000  125  104   67.00000   64.00000  4.48%  14.0  421s
 813370 396234     cutoff  119        67.00000   64.00000  4.48%  14.1  430s
 813419 410994   65.00000  117   97   67.00000   64.00000  4.48%  14.1  437s
 845451 411015   64.00000  145   99   67.00000   64.00000  4.48%  14.1  441s
 845494 425888   64.00000  146   99   67.00000   64.00000  4.48%  14.1  449s
 877526 425908   65.26923  212   90   67.00000   64.00000  4.48%  14.1  453s
 877569 439965   65.50000  213   87   67.00000   64.00000  4.48%  14.1  460s
 909601 439982   66.75000  154   95   67.00000   64.00000  4.48%  14.1  465s
 909645 453869 infeasible  155        67.00000   64.00000  4.48%  14.1  475s
 941721 467717   66.75000  153  105   67.00000   64.00000  4.48%  14.2  486s
 973753 467733     cutoff  309        67.00000   64.00000  4.48%  14.2  491s
 973799 482138   66.75000  310   77   67.00000   64.00000  4.48%  14.2  498s
 1005831 482155   64.75000  196  105   67.00000   64.00000  4.48%  14.1  502s
 1005876 494986     cutoff  197        67.00000   64.00000  4.48%  14.1  509s
 1017888 494986   64.00000  173   92   67.00000   64.00000  4.48%  14.1  510s
 1037956 508203     cutoff  221        67.00000   64.00000  4.48%  14.2  521s
 1069988 508227   64.50000  206  104   67.00000   64.00000  4.48%  14.2  525s
 1070024 520693   64.50000  207   99   67.00000   64.00000  4.48%  14.2  533s
 1102056 522488   64.00000  206   95   67.00000   64.00000  4.48%  14.2  536s
 1105423 527309   64.00000  204  100   67.00000   64.00000  4.48%  14.2  540s
 1115431 528582   64.00000  319   80   67.00000   64.00000  4.48%  14.2  545s
 1121989 531256   66.75000  213   85   67.00000   64.00000  4.48%  14.3  550s
 1126863 533087 infeasible  212        67.00000   64.00000  4.48%  14.3  557s
 1131715 533100     cutoff  241        67.00000   64.00000  4.48%  14.3  561s
 1131764 544948   66.00000  240   99   67.00000   64.00000  4.48%  14.3  572s
H1163796 546938                      66.9999977   64.00000  4.48%  14.4  576s
 1175106 551363     cutoff  215        67.00000   64.00000  4.48%  14.4  580s
 1179006 553126   66.50000  237   98   67.00000   64.00000  4.48%  14.4  586s
 1188895 554691   64.00000  257  107   67.00000   64.00000  4.48%  14.4  593s
 1188956 556633   64.00000  258  109   67.00000   64.00000  4.48%  14.4  596s
 1197172 562109   65.00000  266  109   67.00000   64.00000  4.48%  14.5  602s
 1209733 562096   66.00000  229   87   67.00000   64.00000  4.48%  14.5  605s
 1214755 563912     cutoff  223        67.00000   64.00000  4.48%  14.5  614s
 1214825 565154     cutoff  222        67.00000   64.00000  4.48%  14.5  616s
 1218938 565170   65.75000  235   98   67.00000   64.00000  4.48%  14.5  620s
 1224302 566702     cutoff  200        67.00000   64.00000  4.48%  14.5  625s
 1224352 575716     cutoff  200        67.00000   64.00000  4.48%  14.5  635s
 1256431 585038   65.75000  231  113   67.00000   64.00000  4.48%  14.6  649s
H1256457 585038                      66.9999977   64.00000  4.48%  14.6  649s
 1277452 585038     cutoff  237        67.00000   64.00000  4.48%  14.7  650s
 1291217 588071   66.00000  280  111   67.00000   64.00000  4.48%  14.7  657s
 1298545 588088     cutoff  304        67.00000   64.00000  4.48%  14.7  664s
 1298591 592391   65.00000  303   79   67.00000   64.00000  4.48%  14.7  667s
 1310566 592397   64.00000  211  114   67.00000   64.00000  4.48%  14.7  670s
H1310603 592397                      66.9999977   64.00000  4.48%  14.7  670s
H1311926 593262                      66.9999976   64.00000  4.48%  14.7  673s
 1312718 593639   65.74999  218  119   67.00000   64.00000  4.48%  14.7  676s
 1321975 596100   66.00000  311  115   67.00000   64.00000  4.48%  14.8  686s
 1322028 604395   66.00000  312  114   67.00000   64.00000  4.48%  14.8  696s
 1354060 604409     cutoff  265        67.00000   64.00000  4.48%  14.9  704s
 1354108 611900   66.05000  264  104   67.00000   64.00000  4.48%  14.9  714s
 1386140 611905   64.00000  159   84   67.00000   64.00000  4.48%  15.0  721s
 1386192 620299   66.00000  160   82   67.00000   64.00000  4.48%  15.0  736s
 1418224 621297 infeasible  283        67.00000   64.00000  4.48%  15.0  740s
H1419546 621297                      66.9999975   64.00000  4.48%  15.0  740s
 1426660 622391 infeasible  280        67.00000   64.00000  4.48%  15.0  747s
 1426703 623541 infeasible  278        67.00000   64.00000  4.48%  15.0  750s
 1438424 625462     cutoff  251        67.00000   64.00000  4.48%  15.1  756s
 1447452 627436 infeasible  226        67.00000   64.00000  4.48%  15.1  762s
 1450112 629793   64.00000  272  110   67.00000   64.00000  4.48%  15.1  766s
 1463638 632130     cutoff  289        67.00000   64.00000  4.48%  15.1  771s
 1471923 635069 infeasible  289        67.00000   64.00000  4.48%  15.2  776s
 1479940 635736     cutoff  253        67.00000   64.00000  4.48%  15.2  783s
 1479989 637692   65.75000  254  101   67.00000   64.00000  4.48%  15.2  788s
 1489564 638344   65.25000  269  112   67.00000   64.00000  4.48%  15.2  790s
 1497883 640957   64.25000  212  101   67.00000   64.00000  4.48%  15.2  796s
 1507268 642581   65.35000  303  107   67.00000   64.00000  4.48%  15.2  801s
 1510360 645103 infeasible  338        67.00000   64.00000  4.48%  15.2  805s
 1528059 647343   66.60000  305  108   67.00000   64.00000  4.48%  15.3  811s
 1535336 649091   64.75000  264  106   67.00000   64.00000  4.48%  15.3  816s
 1541452 651295   64.00000  186  104   67.00000   64.00000  4.48%  15.3  820s
 1543551 656439   64.75000  207  104   67.00000   64.00000  4.48%  15.3  826s
 1563070 656446     cutoff  232        67.00000   64.00000  4.48%  15.3  833s
 1563127 657524     cutoff  233        67.00000   64.00000  4.48%  15.3  835s
 1574777 659571   64.00000  267  101   67.00000   64.00000  4.48%  15.4  842s
 1576566 664130   64.00000  275  101   67.00000   64.00000  4.48%  15.4  848s
 1599291 664145     cutoff  283        67.00000   64.00000  4.48%  15.4  851s
 1605612 666105     cutoff  286        67.00000   64.00000  4.48%  15.4  856s
 1607661 672722     cutoff  304        67.00000   64.00000  4.48%  15.4  862s
 1632838 672704     cutoff  241        67.00000   64.00000  4.48%  15.5  865s
 1637249 673618   64.75000  303   87   67.00000   64.00000  4.48%  15.5  870s
 1638590 677968   64.25000  322   95   67.00000   64.00000  4.48%  15.5  878s
 1663804 677979     cutoff  278        67.00000   64.00000  4.48%  15.5  881s
 1671671 681111   64.00000  285   86   67.00000   64.00000  4.48%  15.5  886s
 1677501 682638 infeasible  292        67.00000   64.00000  4.48%  15.5  891s
 1685464 683944 infeasible  293        67.00000   64.00000  4.48%  15.5  896s
 1694363 685550   66.99999  163   88   67.00000   64.00000  4.48%  15.5  902s
 1700609 686219   64.75000  231  119   67.00000   64.00000  4.48%  15.5  905s
 1702735 686259     cutoff  253        67.00000   64.00000  4.48%  15.5  910s
 1703220 688106   64.00000  257   98   67.00000   64.00000  4.48%  15.5  917s
 1714185 688111   64.06250  288  112   67.00000   64.00000  4.48%  15.6  922s
 1714243 689239   64.10000  289  111   67.00000   64.00000  4.48%  15.6  927s
 1723036 690493     cutoff  306        67.00000   64.00000  4.48%  15.6  930s
 1730427 695652     cutoff  289        67.00000   64.00000  4.48%  15.6  945s
 1764178 701004   66.75000  291  107   67.00000   64.00000  4.48%  15.6  957s
 1789810 701162 infeasible  289        67.00000   64.00000  4.48%  15.6  964s
 1790701 701387   64.00000  291   98   67.00000   64.00000  4.48%  15.6  966s
 1799451 702561     cutoff  278        67.00000   64.00000  4.48%  15.6  973s
 1804490 703499   66.10000  306   98   67.00000   64.00000  4.48%  15.7  983s
 1804538 704612     cutoff  305        67.00000   64.00000  4.48%  15.7  985s
 1809815 704617     cutoff  275        67.00000   64.00000  4.48%  15.7  998s
 1813132 705866   64.00000  282  104   67.00000   64.00000  4.48%  15.7 1001s
 1819566 707154   64.00000  229  129   67.00000   64.00000  4.48%  15.7 1006s
 1828200 708690     cutoff  201        67.00000   64.00000  4.48%  15.7 1015s
 1835535 710070   64.25000  297  101   67.00000   64.00000  4.48%  15.7 1023s
 1835594 710818   66.25000  298  102   67.00000   64.00000  4.48%  15.7 1025s
 1845434 712913   66.00000  240  114   67.00000   64.00000  4.48%  15.7 1030s
 1855386 714562 infeasible  301        67.00000   64.00000  4.48%  15.7 1036s
 1859245 714614   66.00000  311  106   67.00000   64.00000  4.48%  15.8 1040s
 1868533 718109     cutoff  237        67.00000   64.00000  4.48%  15.8 1047s
 1877697 720971     cutoff  241        67.00000   64.00000  4.48%  15.8 1052s
 1882905 720982   64.75000  208  123   67.00000   64.00000  4.48%  15.8 1057s
 1888530 722460 infeasible  182        67.00000   64.00000  4.48%  15.8 1064s
 1888580 731021   64.00000  221   99   67.00000   64.00000  4.48%  15.8 1082s
 1920612 732278 infeasible  330        67.00000   64.00000  4.48%  15.9 1086s
 1931139 734996   65.75000  301   95   67.00000   64.00000  4.48%  15.9 1090s
 1940889 738361 infeasible  248        67.00000   64.00000  4.48%  15.9 1095s
 1954653 741667   64.00000  133  118   67.00000   64.00000  4.48%  15.9 1101s
H1954684 741663                      66.9999945   64.00000  4.48%  15.9 1102s
 1954703 751972   64.00000  134  116   66.99999   64.00000  4.48%  15.9 1112s
 1986735 751986   64.00000  292   95   66.99999   64.00000  4.48%  16.0 1122s
 1986782 763225   64.00000  293   95   66.99999   64.00000  4.48%  16.0 1130s
 2024411 767636     cutoff  297        66.99999   64.00000  4.48%  16.0 1137s
 2033377 770315     cutoff  315        66.99999   64.00000  4.48%  16.0 1141s
 2042569 774539   64.00000  171   81   66.99999   64.00000  4.48%  16.0 1145s
 2050922 779880   66.50000  221   89   66.99999   64.00000  4.48%  16.0 1151s
 2064234 783201   64.00000  142  116   66.99999   64.00000  4.48%  16.0 1157s
 2074392 786476   64.50000  268  106   66.99999   64.00000  4.48%  16.0 1161s
 2076890 786744   64.00000  261   98   66.99999   64.00000  4.48%  16.0 1169s
 2077762 789323 infeasible  197        66.99999   64.00000  4.48%  16.0 1172s
 2085151 790782     cutoff  279        66.99999   64.00000  4.48%  16.0 1175s
 2098424 795501   64.00000   80  100   66.99999   64.00000  4.48%  16.0 1180s
 2106623 798669   64.00000  167   83   66.99999   64.00000  4.48%  16.0 1185s
 2114817 802782   65.62500  268  106   66.99999   64.00000  4.48%  16.0 1190s
 2127468 807500   65.25000  201  102   66.99999   64.00000  4.48%  16.0 1195s
 2138778 814598     cutoff   90        66.99999   64.00000  4.48%  16.1 1201s
 2150887 820458   64.50000  203   88   66.99999   64.00000  4.48%  16.1 1206s
 2158379 820478   66.00000  114   92   66.99999   64.00000  4.48%  16.1 1210s
 2165875 826424   66.25000  104  102   66.99999   64.00000  4.48%  16.1 1216s
 2171455 826441     cutoff  203        66.99999   64.00000  4.48%  16.1 1224s
 2171500 827891   66.99999  202   98   66.99999   64.00000  4.48%  16.1 1225s
 2175843 841909     cutoff  116        66.99999   64.00000  4.48%  16.1 1237s
 2207875 841926   64.00000  123  101   66.99999   64.00000  4.48%  16.1 1246s
 2207922 858049   64.00000  124   99   66.99999   64.00000  4.48%  16.1 1254s
 2239954 858206   65.75000  156   84   66.99999   64.00000  4.48%  16.1 1257s
 2240363 873677   65.75000  157   82   66.99999   64.00000  4.48%  16.1 1265s
 2272395 873700   64.50000  139  131   66.99999   64.00000  4.48%  16.1 1274s
 2272435 889494   64.50000  140  133   66.99999   64.00000  4.48%  16.1 1282s
 2304467 889620   66.75000  169   85   66.99999   64.00000  4.48%  16.1 1285s
 2304688 903424   65.25000  121  106   66.99999   64.00000  4.48%  16.1 1295s
 2336720 903433     cutoff  163        66.99999   64.00000  4.48%  16.1 1304s
 2336775 918227   65.75000  164   87   66.99999   64.00000  4.48%  16.1 1315s
H2353817 918101                      66.9999889   64.00000  4.48%  16.1 1315s
 2373292 920170   64.00000   92  107   66.99999   64.00000  4.48%  16.1 1321s
H2381240 923571                      66.9999862   64.00000  4.48%  16.1 1325s
 2384283 928205   64.25000  176  109   66.99999   64.00000  4.48%  16.1 1330s
 2391590 928221     cutoff  237        66.99999   64.00000  4.48%  16.1 1338s
 2391635 930642   64.00000  234   95   66.99999   64.00000  4.48%  16.1 1340s
 2397920 930657   65.50000  163  100   66.99999   64.00000  4.48%  16.1 1349s
 2397965 942208   65.50000  164  104   66.99999   64.00000  4.48%  16.1 1360s
 2430773 955347     cutoff  185        66.99999   64.00000  4.48%  16.2 1371s
 2462805 955356   64.00000  185   84   66.99999   64.00000  4.48%  16.2 1380s
 2462859 967620   64.00000  186   90   66.99999   64.00000  4.48%  16.2 1388s
 2494891 968039     cutoff  253        66.99999   64.00000  4.48%  16.2 1392s
 2495859 980288   64.50000  247   90   66.99999   64.00000  4.48%  16.2 1400s
 2532467 984366   64.25000  261   87   66.99999   64.00000  4.48%  16.2 1406s
 2539080 984385   64.50000  283   98   66.99999   64.00000  4.48%  16.2 1411s
 2545338 986489   64.50000  241  107   66.99999   64.00000  4.48%  16.2 1416s
 2552654 989980     cutoff  290        66.99999   64.00000  4.48%  16.2 1420s
 2562041 993316   64.00000  262   86   66.99999   64.00000  4.48%  16.2 1426s
 2574871 997076   64.25000  251   99   66.99999   64.00000  4.48%  16.2 1430s
 2586395 999463   66.49999  263   79   66.99999   64.00000  4.48%  16.2 1437s
 2591219 1002331   66.75000  210   75   66.99999   64.00000  4.48%  16.2 1442s
 2601161 1005131   65.00000  293   84   66.99999   64.00000  4.48%  16.2 1446s
 2610936 1007074     cutoff  353        66.99999   64.00000  4.48%  16.2 1451s
 2619773 1009737     cutoff  262        66.99999   64.00000  4.48%  16.3 1455s
 2630743 1013081     cutoff  252        66.99999   64.00000  4.48%  16.3 1460s
 2634910 1013071   64.10937  310   91   66.99999   64.00000  4.48%  16.3 1465s
 2643113 1016077     cutoff  326        66.99999   64.00000  4.48%  16.3 1471s
 2651123 1019461   64.00000  209   73   66.99999   64.00000  4.48%  16.3 1477s
 2658615 1019461   65.75000  261  110   66.99999   64.00000  4.48%  16.3 1482s
 2658674 1027304     cutoff  262        66.99999   64.00000  4.48%  16.3 1492s
 2690706 1028581   65.00000  323   95   66.99999   64.00000  4.48%  16.4 1496s
 2702455 1029752   65.49999  230   87   66.99999   64.00000  4.48%  16.4 1503s
 2702500 1029975     cutoff  231        66.99999   64.00000  4.48%  16.4 1506s
 2703975 1031507   64.75000  276   80   66.99999   64.00000  4.48%  16.4 1512s
 2712190 1034081 infeasible  280        66.99999   64.00000  4.48%  16.4 1517s
 2719577 1036318     cutoff  243        66.99999   64.00000  4.48%  16.4 1522s
 2728095 1036333   64.50000  256  104   66.99999   64.00000  4.48%  16.4 1529s
 2728142 1037298   64.58333  257  107   66.99999   64.00000  4.48%  16.4 1531s
 2733026 1038976 infeasible  304        66.99999   64.00000  4.48%  16.4 1535s
 2743378 1039993 infeasible  267        66.99999   64.00000  4.48%  16.5 1541s
 2748669 1041195     cutoff  277        66.99999   64.00000  4.48%  16.5 1545s
 2750422 1045595   65.00000  212   94   66.99999   64.00000  4.48%  16.5 1552s
 2773717 1046476     cutoff  232        66.99999   64.00000  4.48%  16.5 1555s
 2780332 1048320     cutoff  237        66.99999   64.00000  4.48%  16.5 1560s
 2795277 1051854   64.25000  347   71   66.99999   64.00000  4.48%  16.5 1566s
 2799780 1051859 infeasible  257        66.99999   64.00000  4.48%  16.5 1570s
 2804887 1055172   64.75000  249   89   66.99999   64.00000  4.48%  16.6 1575s
 2809097 1056577   64.84998  244  105   66.99999   64.00000  4.48%  16.6 1581s
 2813920 1056589   65.00000  202   84   66.99999   64.00000  4.48%  16.6 1585s
 2813972 1064663   65.00000  203   88   66.99999   64.00000  4.48%  16.6 1595s
 2854124 1067843     cutoff  264        66.99999   64.00000  4.48%  16.6 1601s
 2860397 1070767   64.00000  233   84   66.99999   64.00000  4.48%  16.6 1605s
 2873819 1075322 infeasible  293        66.99999   64.00000  4.48%  16.6 1611s
 2877605 1075334   66.25000  234   83   66.99999   64.00000  4.48%  16.6 1617s
 2877653 1085066     cutoff  235        66.99999   64.00000  4.48%  16.6 1629s
 2909685 1085077   65.00000  264   91   66.99999   64.00000  4.48%  16.6 1635s
 2909738 1095372   65.00000  265   93   66.99999   64.00000  4.48%  16.6 1643s
 2941770 1095389   66.00000  244  112   66.99999   64.00000  4.48%  16.6 1648s
 2941814 1107555   66.00000  245  112   66.99999   64.00000  4.48%  16.6 1657s
 2973846 1109849   66.00000  214  105   66.99999   64.00000  4.48%  16.6 1661s
 2985145 1111856   64.00000  217  108   66.99999   64.00000  4.48%  16.6 1667s
 2988825 1113262   64.00000  247   97   66.99999   64.00000  4.48%  16.6 1673s
 2988875 1113561   64.00000  248   92   66.99999   64.00000  4.48%  16.6 1677s
 2989723 1114390   64.00000  257   92   66.99999   64.00000  4.48%  16.6 1680s
 2996027 1119251     cutoff  276        66.99999   64.00000  4.48%  16.6 1686s
 3010126 1130599     cutoff  260        66.99999   64.00000  4.48%  16.6 1696s
 3039893 1142111   66.77500  295   89   66.99999   64.00000  4.48%  16.6 1708s
 3071811 1143740   66.00000  246   93   66.99999   64.00000  4.48%  16.6 1712s
 3083482 1146732     cutoff  206        66.99999   64.00000  4.48%  16.6 1716s
 3091700 1149041 infeasible  322        66.99999   64.00000  4.48%  16.6 1724s
 3091744 1151745   65.25000  321   92   66.99999   64.00000  4.48%  16.6 1726s
 3100536 1155055   65.25000  199  109   66.99999   64.00000  4.48%  16.6 1730s
 3112217 1159418   65.50000  281   80   66.99999   64.00000  4.48%  16.6 1736s
 3118000 1159435     cutoff  292        66.99999   64.00000  4.48%  16.6 1742s
 3123205 1161620   65.00000  298   89   66.99999   64.00000  4.48%  16.6 1749s
 3123244 1162997     cutoff  299        66.99999   64.00000  4.48%  16.6 1751s
 3131269 1166673   65.25000  208  119   66.99999   64.00000  4.48%  16.6 1755s
 3142286 1171331     cutoff  212        66.99999   64.00000  4.48%  16.6 1761s
 3153609 1173730   65.00000  283   93   66.99999   64.00000  4.48%  16.6 1765s
 3158356 1175697     cutoff  199        66.99999   64.00000  4.48%  16.6 1770s
 3164315 1175694   64.25000  197  115   66.99999   64.00000  4.48%  16.6 1776s
 3168706 1179217     cutoff  230        66.99999   64.00000  4.48%  16.6 1781s
 3180867 1182807   66.00000  232   96   66.99999   64.00000  4.48%  16.6 1786s
 3187870 1184057 infeasible  271        66.99999   64.00000  4.48%  16.6 1793s
 3187926 1185911   65.99999  271   97   66.99999   64.00000  4.48%  16.6 1795s
 3193620 1185928     cutoff  204        66.99999   64.00000  4.48%  16.6 1803s
 3193665 1186258   64.25000  204  117   66.99999   64.00000  4.48%  16.6 1806s
 3203525 1188666 infeasible  278        66.99999   64.00000  4.48%  16.6 1813s
 3203578 1198137   64.00000  206  108   66.99999   64.00000  4.48%  16.6 1823s
 3235610 1198143   65.50000  247  110   66.99999   64.00000  4.48%  16.6 1827s
 3235664 1208666   65.50000  248  108   66.99999   64.00000  4.48%  16.6 1835s
 3267696 1210140   64.75000  247  114   66.99999   64.00000  4.48%  16.5 1840s
 3284199 1216323   64.01562  256  118   66.99999   64.00000  4.48%  16.5 1846s
 3292530 1218041   64.75000  232  103   66.99999   64.00000  4.48%  16.5 1851s
 3297158 1223704   66.00000  273  112   66.99999   64.00000  4.48%  16.5 1856s
 3309302 1224814   64.50000  260   95   66.99999   64.00000  4.48%  16.5 1860s
 3317205 1225913 infeasible  257        66.99999   64.00000  4.48%  16.5 1871s
 3320912 1227060   64.00000  233   89   66.99999   64.00000  4.48%  16.5 1875s
 3328431 1233525   64.00000  280   96   66.99999   64.00000  4.48%  16.5 1885s
 3347610 1233536 infeasible  336        66.99999   64.00000  4.48%  16.5 1893s
 3347661 1235363   66.00000  333   87   66.99999   64.00000  4.48%  16.5 1895s
 3359387 1238543 infeasible  269        66.99999   64.00000  4.48%  16.5 1901s
 3362659 1243774   65.00000  273   96   66.99999   64.00000  4.48%  16.5 1906s
 3380725 1243782 infeasible  296        66.99999   64.00000  4.48%  16.5 1914s
 3380780 1244782     cutoff  297        66.99999   64.00000  4.48%  16.5 1916s
 3384152 1246498   64.75000  230  114   66.99999   64.00000  4.48%  16.5 1920s
 3389680 1246514   65.25000  283  105   66.99999   64.00000  4.48%  16.5 1928s
 3389726 1254836 infeasible  284        66.99999   64.00000  4.48%  16.5 1938s
 3421758 1256137     cutoff  274        66.99999   64.00000  4.48%  16.5 1942s
 3425363 1260786   65.25000  265  108   66.99999   64.00000  4.48%  16.5 1946s
 3441835 1261363   64.00000  257  107   66.99999   64.00000  4.48%  16.5 1951s
 3450195 1262656 infeasible  279        66.99999   64.00000  4.48%  16.5 1961s
 3455874 1265488     cutoff  257        66.99999   64.00000  4.48%  16.5 1966s
 3458815 1268203   64.75000  241  100   66.99999   64.00000  4.48%  16.5 1971s
 3472617 1271810   64.00000  279   74   66.99999   64.00000  4.48%  16.5 1976s
 3484430 1272551   64.50000  306  117   66.99999   64.00000  4.48%  16.5 1980s
 3491444 1275628   64.50000  289  101   66.99999   64.00000  4.48%  16.5 1987s
 3503425 1277944   64.25000  285  102   66.99999   64.00000  4.48%  16.5 1991s
 3510380 1277946   64.00000  263  115   66.99999   64.00000  4.48%  16.5 1999s
 3510440 1278925   64.50000  265  110   66.99999   64.00000  4.48%  16.5 2001s
 3515410 1278937     cutoff  258        66.99999   64.00000  4.48%  16.5 2008s
 3515462 1280040   64.00000  255   91   66.99999   64.00000  4.48%  16.5 2010s
 3521675 1280063   64.25000  273  103   66.99999   64.00000  4.48%  16.5 2021s
 3521714 1286157     cutoff  273        66.99999   64.00000  4.48%  16.5 2030s
 3556900 1289395     cutoff  263        66.99999   64.00000  4.48%  16.5 2038s
 3568241 1289761     cutoff  295        66.99999   64.00000  4.48%  16.5 2040s
 3579867 1294064   64.00000  242  115   66.99999   64.00000  4.48%  16.5 2045s
 3589872 1296545 infeasible  275        66.99999   64.00000  4.48%  16.5 2050s
 3600180 1297720   64.00000  260  102   66.99999   64.00000  4.48%  16.5 2058s
 3600243 1298557   64.25000  262  104   66.99999   64.00000  4.48%  16.5 2060s
 3612863 1302710   64.25000  277   98   66.99999   64.00000  4.48%  16.5 2067s
 3622932 1304201   64.25000  276   96   66.99999   64.00000  4.48%  16.4 2071s
 3630294 1306285   65.75000  334   80   66.99999   64.00000  4.48%  16.4 2075s
 3644213 1312046   66.75000  224  111   66.99999   64.00000  4.48%  16.4 2082s
 3651745 1312069   64.50000  184  101   66.99999   64.00000  4.48%  16.4 2086s
 3654133 1314429   64.25000  273  103   66.99999   64.00000  4.48%  16.4 2090s
 3668002 1319192   65.00000  291   97   66.99999   64.00000  4.48%  16.4 2097s
 3672300 1319194   64.50000  290  106   66.99999   64.00000  4.48%  16.4 2101s
 3676256 1322335 infeasible  296        66.99999   64.00000  4.48%  16.4 2107s
 3686576 1325992   64.00000  212  102   66.99999   64.00000  4.48%  16.4 2112s
 3695621 1329545     cutoff  302        66.99999   64.00000  4.48%  16.4 2116s
 3705452 1333290 infeasible  277        66.99999   64.00000  4.48%  16.4 2121s
 3715771 1334556   64.50000  213  110   66.99999   64.00000  4.48%  16.4 2125s
 3726875 1337020     cutoff  293        66.99999   64.00000  4.48%  16.4 2132s
 3728599 1338801   64.50000  216  105   66.99999   64.00000  4.48%  16.4 2135s
 3736755 1340368   65.50000  256  120   66.99999   64.00000  4.48%  16.4 2141s
 3736809 1348258   66.50000  257  115   66.99999   64.00000  4.48%  16.4 2151s
 3768841 1350951 infeasible  245        66.99999   64.00000  4.48%  16.4 2155s
 3783587 1353862   65.00000  206   95   66.99999   64.00000  4.48%  16.4 2160s
 3786910 1353875   65.25000  236   96   66.99999   64.00000  4.48%  16.4 2166s
 3791095 1355022   65.25000  268   95   66.99999   64.00000  4.48%  16.4 2172s
 3791150 1357411   65.25000  269   95   66.99999   64.00000  4.48%  16.4 2176s
 3803786 1361663     cutoff  230        66.99999   64.00000  4.48%  16.4 2182s
 3816780 1363435 infeasible  232        66.99999   64.00000  4.48%  16.4 2186s
 3823106 1365800     cutoff  218        66.99999   64.00000  4.48%  16.4 2190s
 3834549 1370583     cutoff  234        66.99999   64.00000  4.48%  16.4 2197s
 3849962 1371569   65.75000  244  105   66.99999   64.00000  4.48%  16.4 2200s
 3860128 1373454   65.50000  251  103   66.99999   64.00000  4.48%  16.4 2207s
 3863822 1377855     cutoff  269        66.99999   64.00000  4.48%  16.3 2211s
 3885500 1378924     cutoff  247        66.99999   64.00000  4.48%  16.3 2225s
 3889665 1379806   66.00750  247   97   66.99999   64.00000  4.48%  16.3 2235s
 3889719 1386710 infeasible  248        66.99999   64.00000  4.48%  16.3 2244s
 3921751 1387623   64.00000  245   97   66.99999   64.00000  4.48%  16.3 2248s
 3925380 1390946   64.00000  266  103   66.99999   64.00000  4.48%  16.3 2252s
 3937659 1393352   65.25000  279   93   66.99999   64.00000  4.48%  16.3 2257s
 3946684 1394528     cutoff  283        66.99999   64.00000  4.48%  16.3 2260s
 3955530 1398495   65.75000  247   95   66.99999   64.00000  4.48%  16.3 2267s
 3968710 1398496 infeasible  248        66.99999   64.00000  4.48%  16.3 2279s
 3968770 1399390     cutoff  249        66.99999   64.00000  4.48%  16.3 2282s
 3973785 1400529   65.00000  241  105   66.99999   64.00000  4.48%  16.3 2287s
 3979043 1402392     cutoff  239        66.99999   64.00000  4.48%  16.3 2291s
 3989662 1405645   65.75000  281   82   66.99999   64.00000  4.48%  16.3 2299s
 4005585 1405661   65.25000  260  108   66.99999   64.00000  4.48%  16.3 2307s
 4011733 1406861 infeasible  254        66.99999   64.00000  4.48%  16.3 2311s
 4017444 1408314   65.00000  261   98   66.99999   64.00000  4.48%  16.3 2316s
 4020354 1410682   64.00000  283   80   66.99999   64.00000  4.48%  16.3 2320s
 4035598 1412788   64.50000  276  107   66.99999   64.00000  4.48%  16.4 2325s
 4049148 1415252   64.75000  250   94   66.99999   64.00000  4.48%  16.4 2332s
 4053143 1418479     cutoff  261        66.99999   64.00000  4.48%  16.4 2336s
 4067805 1419137     cutoff  264        66.99999   64.00000  4.48%  16.3 2340s
 4075304 1420989   64.00000  279   93   66.99999   64.00000  4.48%  16.4 2345s
 4085479 1423086     cutoff  273        66.99999   64.00000  4.48%  16.4 2350s
 4090243 1423725   64.55000  221  111   66.99999   64.00000  4.48%  16.4 2356s
 4098721 1425280   64.00000  288   98   66.99999   64.00000  4.48%  16.4 2361s
 4108855 1426012     cutoff  285        66.99999   64.00000  4.48%  16.4 2368s
 4108921 1431161   64.75000  284   83   66.99999   64.00000  4.48%  16.4 2379s
 4140953 1433407   64.50000  299   95   66.99999   64.00000  4.48%  16.4 2383s
 4149264 1433605   65.50000  261  101   66.99999   64.00000  4.48%  16.4 2385s
 4157531 1436658   65.25000  278   98   66.99999   64.00000  4.48%  16.4 2392s
 4166306 1438551     cutoff  316        66.99999   64.00000  4.48%  16.4 2397s
 4172391 1439188     cutoff  252        66.99999   64.00000  4.48%  16.4 2400s
 4177130 1439201   64.00000  262   98   66.99999   64.00000  4.48%  16.4 2405s
 4182131 1440965   64.00000  233   83   66.99999   64.00000  4.48%  16.4 2411s
 4192742 1442698   64.50000  288   91   66.99999   64.00000  4.48%  16.4 2416s
 4203338 1444464   64.00000  286   99   66.99999   64.00000  4.48%  16.4 2422s
 4212700 1445002   64.00000  279   97   66.99999   64.00000  4.48%  16.4 2429s
 4212747 1445534     cutoff  280        66.99999   64.00000  4.48%  16.4 2431s
 4222762 1446922     cutoff  318        66.99999   64.00000  4.48%  16.4 2436s
 4231826 1449197   64.25250  336   91   66.99999   64.00000  4.48%  16.4 2442s
 4237130 1449201   65.00000  276   91   66.99999   64.00000  4.48%  16.4 2446s
 4237189 1454973   65.10000  277   88   66.99999   64.00000  4.48%  16.4 2457s
 4269221 1456781   64.00000  254   86   66.99999   64.00000  4.48%  16.4 2461s
 4278607 1458016     cutoff  253        66.99999   64.00000  4.48%  16.4 2465s
 4291973 1460548     cutoff  282        66.99999   64.00000  4.48%  16.4 2471s
 4299718 1463175   64.50000  238   95   66.99999   64.00000  4.48%  16.4 2477s
 4305635 1463173   65.25000  242   97   66.99999   64.00000  4.48%  16.4 2481s
 4305700 1463369   65.40000  243   99   66.99999   64.00000  4.48%  16.4 2485s
 4317655 1465616   64.00000  300   83   66.99999   64.00000  4.48%  16.4 2496s
 4324595 1466536 infeasible  309        66.99999   64.00000  4.48%  16.4 2506s
 4331392 1467948     cutoff  232        66.99999   64.00000  4.48%  16.4 2511s
 4332918 1472463 infeasible  273        66.99999   64.00000  4.48%  16.4 2520s
 4370508 1474740   64.75000  253  103   66.99999   64.00000  4.48%  16.4 2526s
 4375745 1474757   64.00000  296   89   66.99999   64.00000  4.48%  16.4 2530s
 4376669 1475190   66.74999  301   87   66.99999   64.00000  4.48%  16.4 2536s
 4382835 1477321   66.63500  234  111   66.99999   64.00000  4.48%  16.4 2541s
 4393896 1479433   64.00000  254   93   66.99999   64.00000  4.48%  16.4 2546s
 4404019 1480712   64.00000  309   94   66.99999   64.00000  4.48%  16.4 2550s
 4416538 1482209   65.00000  262   88   66.99999   64.00000  4.48%  16.4 2555s
 4425157 1485571   64.35227  281   94   66.99999   64.00000  4.48%  16.4 2562s
 4431078 1488100   64.75000  301   94   66.99999   64.00000  4.48%  16.4 2565s
 4447173 1488707     cutoff  268        66.99999   64.00000  4.48%  16.4 2570s
 4451663 1490494   64.00000  295   95   66.99999   64.00000  4.48%  16.4 2575s
 4461975 1495092     cutoff  244        66.99999   64.00000  4.48%  16.4 2581s
 4471921 1496414     cutoff  323        66.99999   64.00000  4.48%  16.4 2585s
 4485352 1497438   64.60000  280   95   66.99999   64.00000  4.48%  16.4 2590s
 4498191 1501106     cutoff  288        66.99999   64.00000  4.48%  16.4 2595s
 4502145 1501744     cutoff  330        66.99999   64.00000  4.48%  16.4 2603s
 4506343 1502409     cutoff  283        66.99999   64.00000  4.48%  16.4 2606s
 4511005 1503675     cutoff  318        66.99999   64.00000  4.48%  16.4 2614s
 4511066 1504498   65.00000  318   99   66.99999   64.00000  4.48%  16.4 2615s
 4519872 1508011   64.25000  263   97   66.99999   64.00000  4.48%  16.4 2622s
 4532532 1508850   65.00000  229   79   66.99999   64.00000  4.48%  16.4 2626s
 4535885 1508856   64.25000  308   90   66.99999   64.00000  4.48%  16.4 2633s
 4535941 1510538   64.25000  309   92   66.99999   64.00000  4.48%  16.4 2635s
 4543305 1510546   64.25000  264   97   66.99999   64.00000  4.48%  16.4 2641s
 4549150 1511615   64.31667  318   86   66.99999   64.00000  4.48%  16.4 2650s
 4549192 1516712   65.25000  319  100   66.99999   64.00000  4.48%  16.4 2659s
 4581224 1518181     cutoff  295        66.99999   64.00000  4.48%  16.4 2663s
 4586171 1520132   66.25000  297   84   66.99999   64.00000  4.48%  16.4 2667s
 4591488 1520362   64.74999  302  102   66.99999   64.00000  4.48%  16.4 2670s
 4604893 1522120     cutoff  223        66.99999   64.00000  4.48%  16.4 2675s
 4615464 1525937   64.12500  288  102   66.99999   64.00000  4.48%  16.4 2681s
 4633510 1529306   64.00000  258   99   66.99999   64.00000  4.48%  16.3 2688s
 4633584 1529565   64.00000  259   97   66.99999   64.00000  4.48%  16.3 2690s
 4640318 1530431   64.37500  288   82   66.99999   64.00000  4.48%  16.3 2695s
 4645956 1531309   66.00000  268   86   66.99999   64.00000  4.48%  16.3 2700s
 4646439 1535721     cutoff  274        66.99999   64.00000  4.48%  16.3 2708s
 4678471 1535763 infeasible  290        66.99999   64.00000  4.48%  16.3 2712s
 4678804 1542664     cutoff  290        66.99999   64.00000  4.48%  16.3 2720s
 4711484 1548968     cutoff  328        66.99999   64.00000  4.48%  16.3 2731s
 4743516 1549014 infeasible  331        66.99999   64.00000  4.48%  16.3 2735s
 4743871 1556026     cutoff  329        66.99999   64.00000  4.48%  16.3 2743s
 4775903 1556108     cutoff  267        66.99999   64.00000  4.48%  16.2 2747s
 4776427 1562542     cutoff  266        66.99999   64.00000  4.48%  16.2 2756s
 4808459 1562763     cutoff  215        66.99999   64.00000  4.48%  16.2 2760s
 4809207 1573892   64.00000  215  126   66.99999   64.00000  4.48%  16.2 2768s
 4841239 1574288   66.25000  234  105   66.99999   64.00000  4.48%  16.2 2772s
 4842097 1587226   64.25000  237  103   66.99999   64.00000  4.48%  16.2 2780s
 4874736 1599187     cutoff  228        66.99999   64.00000  4.48%  16.2 2791s
 4906768 1599201   64.80000  242   94   66.99999   64.00000  4.48%  16.2 2796s
 4906816 1608876   65.75000  244  100   66.99999   64.00000  4.48%  16.2 2805s
 4939355 1619993   65.25000  248  101   66.99999   64.00000  4.48%  16.2 2818s
 4971387 1620093   66.75000  260  109   66.99999   64.00000  4.48%  16.2 2822s
 4971659 1630897   66.75000  261  108   66.99999   64.00000  4.48%  16.2 2830s
 5004056 1642373   65.50000  286   96   66.99999   64.00000  4.48%  16.2 2841s
 5036088 1642529     cutoff  230        66.99999   64.00000  4.48%  16.1 2845s
 5036512 1653159   66.53750  236  102   66.99999   64.00000  4.48%  16.1 2854s
 5068544 1653303     cutoff  283        66.99999   64.00000  4.48%  16.1 2857s
 5068963 1662468   64.00000  254   97   66.99999   64.00000  4.48%  16.1 2868s
 5100995 1662478     cutoff  275        66.99999   64.00000  4.48%  16.1 2878s
 5101047 1673345   66.24999  276   86   66.99999   64.00000  4.48%  16.1 2885s
 5133079 1673427   65.25000  273  101   66.99999   64.00000  4.48%  16.1 2890s
 5133453 1683405   65.75000  274  107   66.99999   64.00000  4.48%  16.1 2897s
 5165485 1683393     cutoff  276        66.99999   64.00000  4.48%  16.1 2907s
 5165560 1692588     cutoff  276        66.99999   64.00000  4.48%  16.1 2918s
 5197592 1692672   65.25000  262  100   66.99999   64.00000  4.48%  16.1 2922s
 5197846 1702459   65.25000  263   99   66.99999   64.00000  4.48%  16.1 2930s
 5229878 1702466     cutoff  312        66.99999   64.00000  4.48%  16.1 2935s
 5229932 1712301     cutoff  312        66.99999   64.00000  4.48%  16.1 2942s
 5261964 1712382   65.80000  336   87   66.99999   64.00000  4.48%  16.1 2946s
 5262248 1720350     cutoff  341        66.99999   64.00000  4.48%  16.1 2955s
 5294280 1720365   64.82500  278   95   66.99999   64.00000  4.48%  16.1 2966s
 5294328 1728555   65.74999  279   92   66.99999   64.00000  4.48%  16.1 2973s
 5326360 1728577     cutoff  280        66.99999   64.00000  4.48%  16.1 2983s
 5326402 1736131   66.25000  279   91   66.99999   64.00000  4.48%  16.1 2992s
 5358434 1736350   65.25000  312   97   66.99999   64.00000  4.48%  16.1 2995s
 5359050 1744406   64.00000  310   97   66.99999   64.00000  4.48%  16.1 3008s
 5391082 1744516   64.50000  292  103   66.99999   64.00000  4.48%  16.1 3012s
 5391475 1751707   64.00000  315   90   66.99999   64.00000  4.48%  16.1 3021s
 5423507 1751779     cutoff  340        66.99999   64.00000  4.48%  16.1 3025s
 5423898 1758479   65.50000  263  102   66.99999   64.00000  4.48%  16.1 3032s
 5455930 1758497     cutoff  327        66.99999   64.00000  4.48%  16.1 3042s
 5455973 1763860     cutoff  325        66.99999   64.00000  4.48%  16.1 3051s
 5488005 1763868     cutoff  291        66.99999   64.00000  4.48%  16.1 3057s
 5488061 1768593 infeasible  291        66.99999   64.00000  4.48%  16.1 3067s
 5520093 1769869   64.75000  293   93   66.99999   64.00000  4.48%  16.2 3071s
 5533077 1771890   64.25000  322   89   66.99999   64.00000  4.48%  16.2 3075s
 5543055 1773713     cutoff  298        66.99999   64.00000  4.48%  16.2 3082s
 5543356 1774584     cutoff  299        66.99999   64.00000  4.48%  16.2 3085s
 5555347 1776544   64.00000  256  114   66.99999   64.00000  4.48%  16.2 3090s
 5569410 1778447 infeasible  345        66.99999   64.00000  4.48%  16.2 3098s
 5569449 1779004 infeasible  344        66.99999   64.00000  4.48%  16.2 3100s
 5580026 1780421   65.37500  322   88   66.99999   64.00000  4.48%  16.2 3106s
 5588787 1781928     cutoff  300        66.99999   64.00000  4.48%  16.2 3111s
 5593268 1783936   64.00000  337   99   66.99999   64.00000  4.48%  16.2 3115s
 5602855 1783954   64.50000  283   81   66.99999   64.00000  4.48%  16.2 3121s
 5606318 1785172   65.00000  325   85   66.99999   64.00000  4.48%  16.2 3125s
 5608806 1785946   64.00000  299   95   66.99999   64.00000  4.48%  16.2 3130s
 5618290 1787688   64.15000  308   90   66.99999   64.00000  4.48%  16.2 3138s
 5618336 1799372   64.55000  309   92   66.99999   64.00000  4.48%  16.2 3148s
 5650368 1802529   66.50000  119  106   66.99999   64.00000  4.48%  16.2 3152s
 5656404 1806101   64.00000  188   96   66.99999   64.00000  4.48%  16.2 3155s
 5670794 1812021   64.00000  139  124   66.99999   64.00000  4.48%  16.2 3161s
 5680339 1817807     cutoff  195        66.99999   64.00000  4.48%  16.2 3166s
 5692253 1822269   64.75000  218  122   66.99999   64.00000  4.48%  16.2 3170s
 5703721 1830279   66.75000  211  110   66.99999   64.00000  4.48%  16.2 3176s
 5715038 1836914   64.00000  155  108   66.99999   64.00000  4.48%  16.2 3182s
 5726310 1838080   65.00000  144  109   66.99999   64.00000  4.48%  16.2 3186s
 5726355 1838463   64.75000  142  112   66.99999   64.00000  4.48%  16.2 3192s
 5733940 1842165   64.75000  151  114   66.99999   64.00000  4.48%  16.2 3200s
 5739418 1848123     cutoff  207        66.99999   64.00000  4.48%  16.2 3205s
 5745753 1850326   64.75000  200  110   66.99999   64.00000  4.48%  16.2 3210s
 5756376 1855647     cutoff  187        66.99999   64.00000  4.48%  16.2 3215s
 5759280 1856056   64.00000  267  132   66.99999   64.00000  4.48%  16.2 3224s
 5760168 1859613   65.25000  283  131   66.99999   64.00000  4.48%  16.2 3227s
 5767020 1859622     cutoff  150        66.99999   64.00000  4.48%  16.2 3237s
 5767073 1862450   66.25000  149   94   66.99999   64.00000  4.48%  16.2 3240s
 5773460 1862466   65.25000  365  112   66.99999   64.00000  4.48%  16.2 3245s
 5773508 1877246   65.25000  366  112   66.99999   64.00000  4.48%  16.2 3255s
 5805540 1877261     cutoff  234        66.99999   64.00000  4.48%  16.2 3265s
 5805587 1891739   66.00000  234  110   66.99999   64.00000  4.48%  16.2 3273s
 5837619 1891897   64.00000  258  117   66.99999   64.00000  4.48%  16.2 3277s
 5838025 1904990 infeasible  273        66.99999   64.00000  4.48%  16.2 3287s
 5870057 1905062   64.25000  201  115   66.99999   64.00000  4.48%  16.2 3291s
 5870327 1919574   64.25000  201  111   66.99999   64.00000  4.48%  16.2 3299s
 5873330 1919574   64.00000  190  112   66.99999   64.00000  4.48%  16.2 3300s
 5902718 1932578     cutoff  192        66.99999   64.00000  4.48%  16.2 3313s
 5934750 1932590 infeasible  229        66.99999   64.00000  4.48%  16.2 3322s
 5934797 1945247   66.75000  229  112   66.99999   64.00000  4.48%  16.2 3330s
 5966955 1958056   65.50000  284  110   66.99999   64.00000  4.48%  16.2 3345s
 5999153 1969829   64.00000  266  117   66.99999   64.00000  4.48%  16.2 3357s
 6031185 1969836     cutoff  272        66.99999   64.00000  4.48%  16.2 3366s
 6031238 1979655 infeasible  275        66.99999   64.00000  4.48%  16.2 3376s
 6063270 1979670   66.00000  222  102   66.99999   64.00000  4.48%  16.2 3385s
 6063318 1989748   66.00000  223  107   66.99999   64.00000  4.48%  16.2 3393s
 6095350 1989757     cutoff  294        66.99999   64.00000  4.48%  16.2 3402s
 6095404 1999669   66.84375  294   94   66.99999   64.00000  4.48%  16.2 3412s
 6127436 1999693   64.25000  226  104   66.99999   64.00000  4.48%  16.2 3415s
 6127625 2011506   64.25000  231   96   66.99999   64.00000  4.48%  16.2 3425s
 6159657 2011600     cutoff  274        66.99999   64.00000  4.48%  16.2 3430s
 6159880 2022282   65.50000  349   88   66.99999   64.00000  4.48%  16.2 3440s
 6192166 2032197   66.25000  265   85   66.99999   64.00000  4.48%  16.2 3452s
 6224198 2032237   66.25000  263  107   66.99999   64.00000  4.48%  16.2 3456s
 6224410 2040971     cutoff  264        66.99999   64.00000  4.48%  16.2 3470s
 6256609 2051940   65.75000  264  110   66.99999   64.00000  4.48%  16.2 3481s
 6288641 2052047   66.00000  279   92   66.99999   64.00000  4.48%  16.2 3485s
 6289025 2062059     cutoff  276        66.99999   64.00000  4.48%  16.2 3494s
 6312048 2062059   66.00000  250  111   66.99999   64.00000  4.48%  16.2 3495s
 6321326 2072855   66.50000  278   84   66.99999   64.00000  4.48%  16.2 3506s
 6353570 2083094   64.00000  261  116   66.99999   64.00000  4.48%  16.2 3518s
 6385602 2083083   64.00000  284  108   66.99999   64.00000  4.48%  16.2 3522s
 6385785 2090826   65.75000  285  108   66.99999   64.00000  4.48%  16.2 3533s
 6417817 2090851     cutoff  307        66.99999   64.00000  4.48%  16.2 3537s
 6417956 2100089     cutoff  306        66.99999   64.00000  4.48%  16.2 3545s
 6449988 2100116     cutoff  319        66.99999   64.00000  4.48%  16.2 3550s
 6450111 2108262   65.50000  318  107   66.99999   64.00000  4.48%  16.2 3557s
 6482143 2108217   66.00000  305  101   66.99999   64.00000  4.48%  16.2 3561s
 6482366 2115469     cutoff  306        66.99999   64.00000  4.48%  16.2 3573s
 6514398 2115479 infeasible  328        66.99999   64.00000  4.48%  16.3 3577s
 6514481 2123396     cutoff  326        66.99999   64.00000  4.48%  16.3 3585s
 6546694 2131302   64.00000  306  124   66.99999   64.00000  4.48%  16.3 3597s
 6578726 2131316   65.50000  331   94   66.99999   64.00000  4.48%  16.3 3600s

Cutting planes:
  Learned: 83
  Gomory: 7
  Cover: 418
  Implied bound: 153
  Clique: 127
  MIR: 606
  StrongCG: 1
  Flow cover: 703
  GUB cover: 4
  RLT: 69
  Relax-and-lift: 1327

Cleanup yields a better solution

Explored 6578771 nodes (107060804 simplex iterations) in 3600.04 seconds
Thread count was 32 (of 32 available processors)

Solution count 10: 67 67 67 ... 67

Time limit reached
Best objective 6.697735639834e+01, best bound 6.400000000000e+01, gap 4.4453%
