
Gurobi 9.1.2 (linux64) logging started Wed Aug  9 22:40:49 2023

Changed value of parameter LogFile to max-ls_r=('3', '7').log
   Prev:   Default: 
Changed value of parameter MIPFocus to 1
   Prev: 0  Min: 0  Max: 3  Default: 0
Changed value of parameter Threads to 32
   Prev: 0  Min: 0  Max: 1024  Default: 0
Changed value of parameter TimeLimit to 3600.0
   Prev: inf  Min: 0.0  Max: inf  Default: inf
Warning: variable name "X[('6', '6'),('7', '6')]" has a space
Warning: constraint name "flow-constr-t0-v('6', '3')" has a space
Warning: to let Gurobi read it back, use rlp format
Gurobi Optimizer version 9.1.2 build v9.1.2rc0 (linux64)
Thread count: 16 physical cores, 32 logical processors, using up to 32 threads
Optimize a model with 2939 rows, 2688 columns and 10276 nonzeros
Model fingerprint: 0x54ac688d
Variable types: 256 continuous, 2432 integer (2432 binary)
Coefficient statistics:
  Matrix range     [1e+00, 7e+04]
  Objective range  [2e-01, 2e-01]
  Bounds range     [1e+00, 3e+04]
  RHS range        [1e+00, 7e+04]
Presolve removed 359 rows and 364 columns
Presolve time: 0.05s
Presolved: 2580 rows, 2324 columns, 17568 nonzeros
Variable types: 256 continuous, 2068 integer (2068 binary)
Found heuristic solution: objective 2357.9999999

Root relaxation: objective 6.400000e+01, 147 iterations, 0.00 seconds

    Nodes    |    Current Node    |     Objective Bounds      |     Work
 Expl Unexpl |  Obj  Depth IntInf | Incumbent    BestBd   Gap | It/Node Time

     0     0   64.00000    0   41 2358.00000   64.00000  97.3%     -    0s
H    0     0                    2354.9999999   64.00000  97.3%     -    0s
H    0     0                    2227.9999999   64.00000  97.1%     -    0s
     0     0   64.00000    0   60 2228.00000   64.00000  97.1%     -    0s
H    0     0                     316.2500000   64.00000  79.8%     -    0s
     0     0   64.00000    0   75  316.25000   64.00000  79.8%     -    0s
H    0     0                     311.0000000   64.00000  79.4%     -    0s
     0     0   64.00000    0   36  311.00000   64.00000  79.4%     -    0s
H    0     0                     183.7500000   64.00000  65.2%     -    0s
     0     0   64.00000    0   34  183.75000   64.00000  65.2%     -    0s
H    0     0                     175.5000000   64.00000  63.5%     -    0s
     0     0   64.00000    0   42  175.50000   64.00000  63.5%     -    0s
H    0     0                     170.2500000   64.00000  62.4%     -    0s
     0     0   64.00000    0   44  170.25000   64.00000  62.4%     -    0s
H    0     0                     132.7500000   64.00000  51.8%     -    0s
H    0     0                     124.7500000   64.00000  48.7%     -    0s
     0     0   64.00000    0   33  124.75000   64.00000  48.7%     -    0s
     0     0   64.00000    0   40  124.75000   64.00000  48.7%     -    0s
     0     0   64.00000    0   24  124.75000   64.00000  48.7%     -    0s
H    0     0                     123.2500000   64.00000  48.1%     -    0s
H    0     0                     121.7500000   64.00000  47.4%     -    1s
     0     2   64.00000    0   22  121.75000   64.00000  47.4%     -    1s
H   31    58                     120.7500000   64.00000  47.0%  14.9    1s
H   37    58                     120.0000000   64.00000  46.7%  12.7    1s
H   38    58                     119.5000000   64.00000  46.4%  12.4    1s
H  101   122                     119.2500000   64.00000  46.3%   7.0    2s
H  135   154                     119.0000000   64.00000  46.2%   5.8    3s
H  139   154                     118.7500000   64.00000  46.1%   5.6    3s
H  159   184                     116.5000000   64.00000  45.1%   5.3    3s
H  160   184                     114.2500000   64.00000  44.0%   5.2    3s
H  183   184                     113.0000000   64.00000  43.4%   4.8    3s
H  253   280                     100.4318182   64.00000  36.3%   4.3    4s
H  254   280                      98.3888889   64.00000  35.0%   4.3    4s
H  257   280                      94.2499999   64.00000  32.1%   4.3    4s
H  258   280                      87.7500000   64.00000  27.1%   4.3    4s
H  285   312                      83.5000000   64.00000  23.4%   4.3    6s
H  286   312                      81.2500000   64.00000  21.2%   4.3    6s
H  317   344                      80.7500000   64.00000  20.7%   4.3    8s
H  320   344                      80.5000000   64.00000  20.5%   4.3    8s
H  323   344                      80.2500000   64.00000  20.2%   4.3    8s
H  349   376                      80.2500000   64.00000  20.2%   4.2    9s
H  356   376                      80.0000000   64.00000  20.0%   4.3    9s
  1354  1599   64.00000   40   38   80.00000   64.00000  20.0%   3.0   11s
  9037  8767   78.25000  197   41   80.00000   64.00000  20.0%   2.9   15s
 12985 12356   64.00000   14   45   80.00000   64.00000  20.0%   4.0   20s
 13143 12491   64.00000   20   79   80.00000   64.00000  20.0%   4.3   25s
 18021 18321   64.00000   97   48   80.00000   64.00000  20.0%   5.2   30s
H19204 17150                      78.5000000   64.00000  18.5%   5.4   30s
H21274 15674                      78.0000000   64.00000  17.9%   5.6   33s
H21278 14835                      76.7500000   64.00000  16.6%   5.6   33s
H21279 14188                      76.5000000   64.00000  16.3%   5.6   33s
H21306 13637                      76.2500000   64.00000  16.1%   5.7   33s
H21480 16411                      76.0000000   64.00000  15.8%   5.7   34s
 24987 15166   66.00000  178   34   76.00000   64.00000  15.8%   5.9   36s
 28852 17820   64.00000   51   84   76.00000   64.00000  15.8%   6.1   40s
H29900 26040                      75.9999998   64.00000  15.8%   6.1   43s
 40696 23084   70.75000  169   57   76.00000   64.00000  15.8%   7.0   45s
 40765 26165   74.75000  170   56   76.00000   64.00000  15.8%   7.0   50s
 49541 29561   64.00000   39   63   76.00000   64.00000  15.8%   7.2   57s
H49570 29561                      75.9999996   64.00000  15.8%   7.2   57s
H50440 31690                      75.9999995   64.00000  15.8%   7.3   58s
 52517 31714   75.75000  143   51   76.00000   64.00000  15.8%   7.3   60s
H56870 35571                      75.9999980   64.00000  15.8%   7.4   63s
 60705 41923     cutoff  220        76.00000   64.00000  15.8%   7.4   67s
 79788 56296   67.00000  149   45   76.00000   64.00000  15.8%   7.6   70s
H84129 56296                      75.9999979   64.00000  15.8%   7.6   70s
 86145 56315   73.00000  232   43   76.00000   64.00000  15.8%   7.6   75s
H86168 56315                      75.9999979   64.00000  15.8%   7.6   75s
H86169 56315                      75.9999978   64.00000  15.8%   7.6   75s
H86172 56315                      75.9999978   64.00000  15.8%   7.6   75s
H86313 57003                      75.9999976   64.00000  15.8%   7.6   76s
H87470 57279                      75.9999975   64.00000  15.8%   7.7   78s
 95334 71812   64.13458  196   39   76.00000   64.00000  15.8%   7.8   83s
 119846 71824   64.50000  232   33   76.00000   64.00000  15.8%   8.2   85s
 126306 74888   67.00694  197   35   76.00000   64.00000  15.8%   8.3   92s
 126350 87519   67.50000  198   31   76.00000   64.00000  15.8%   8.3   97s
 158382 87866   64.25000  257   35   76.00000   64.00000  15.8%   8.6  100s
 159597 100189 infeasible  258        76.00000   64.00000  15.8%   8.6  105s
 191629 100192   68.50000  232   27   76.00000   64.00000  15.8%   8.7  111s
 191689 112885 infeasible  233        76.00000   64.00000  15.8%   8.7  115s
H194718 112885                      75.9999975   64.00000  15.8%   8.7  115s
 223721 112899   75.75000  261   44   76.00000   64.00000  15.8%   8.9  121s
H223727 112899                      75.9999975   64.00000  15.8%   8.9  121s
 223769 124495     cutoff  262        76.00000   64.00000  15.8%   8.9  126s
H246722 124495                      75.9999975   64.00000  15.8%   8.9  127s
H254825 124495                      75.9999963   64.00000  15.8%   8.9  127s
 255801 124505 infeasible  324        76.00000   64.00000  15.8%   8.9  130s
 287887 135030     cutoff  313        76.00000   64.00000  15.8%   9.0  138s
H287890 135030                      75.9999962   64.00000  15.8%   9.0  138s
H287894 135030                      75.9999961   64.00000  15.8%   9.0  138s
 287934 144967   64.01389  289   38   76.00000   64.00000  15.8%   9.0  142s
 319966 144970   72.75000  226   37   76.00000   64.00000  15.8%   9.0  146s
 320027 155317     cutoff  227        76.00000   64.00000  15.8%   9.0  152s
 352059 155323 infeasible  293        76.00000   64.00000  15.8%   9.1  157s
 352117 165049   67.25000  340   27   76.00000   64.00000  15.8%   9.1  164s
 367132 165049   68.75000  283   28   76.00000   64.00000  15.8%   9.1  165s
 384149 165063   67.00000  227   37   76.00000   64.00000  15.8%   9.1  170s
H384164 165063                      75.9999961   64.00000  15.8%   9.1  170s
 416231 175361   75.50000  280   33   76.00000   64.00000  15.8%   9.2  178s
 416289 185446   75.50000  281   33   76.00000   64.00000  15.8%   9.2  184s
 430303 185446   65.75000  315   32   76.00000   64.00000  15.8%   9.2  185s
 448361 195257   66.25000  321   31   76.00000   64.00000  15.8%   9.2  193s
 480393 195278   75.25000  267   45   76.00000   64.00000  15.8%   9.3  198s
 480436 206697     cutoff  268        76.00000   64.00000  15.8%   9.3  203s
 512468 206705 infeasible  296        76.00000   64.00000  15.8%   9.3  208s
 512524 217588   71.50000  295   31   76.00000   64.00000  15.8%   9.3  212s
 544556 217605   64.00000  277   44   76.00000   64.00000  15.8%   9.4  217s
 544603 229334   64.00000  278   43   76.00000   64.00000  15.8%   9.4  223s
 576635 229350   64.00000  224   31   76.00000   64.00000  15.8%   9.4  227s
 576679 239717   69.25070  227   35   76.00000   64.00000  15.8%   9.4  233s
 608711 239725   65.00000  301   34   76.00000   64.00000  15.8%   9.5  238s
 608764 250515 infeasible  302        76.00000   64.00000  15.8%   9.5  242s
 640796 250514 infeasible  343        76.00000   64.00000  15.8%   9.5  247s
 640860 259888   75.00000  341   27   76.00000   64.00000  15.8%   9.5  251s
 672892 259909 infeasible  291        76.00000   64.00000  15.8%   9.6  257s
H672894 248839                      75.2500000   64.00000  15.0%   9.6  257s
 672935 258105   67.75000  291   29   75.25000   64.00000  15.0%   9.6  261s
H673900 255335                      75.0000000   64.00000  14.7%   9.6  261s
H704967 245579                      74.0000000   64.00000  13.5%   9.6  265s
H704969 239218                      73.2500000   64.00000  12.6%   9.6  265s
H705009 237048                      73.0000000   64.00000  12.3%   9.6  265s
 705014 245481   66.25000  296   35   73.00000   64.00000  12.3%   9.6  273s
H724058 245480                      72.9999920   64.00000  12.3%   9.6  273s
 737046 248167 infeasible  229        72.99999   64.00000  12.3%   9.6  276s
 746325 248173   64.00000  229   33   72.99999   64.00000  12.3%   9.6  280s
 756129 250420 infeasible  314        72.99999   64.00000  12.3%   9.6  289s
 756181 250611   64.00000  324   50   72.99999   64.00000  12.3%   9.6  292s
 757028 250746 infeasible  332        72.99999   64.00000  12.3%   9.6  295s
 767121 253314   67.00000  334   31   72.99999   64.00000  12.3%   9.6  301s
 767165 263669   67.50000  334   33   72.99999   64.00000  12.3%   9.6  305s
 799197 263677 infeasible  347        72.99999   64.00000  12.3%   9.7  310s
 831284 272595 infeasible  280        72.99999   64.00000  12.3%   9.7  317s
 831342 281283   69.75000  277   30   72.99999   64.00000  12.3%   9.7  322s
 863374 281301   70.25000  304   35   72.99999   64.00000  12.3%   9.7  325s
 863416 290828     cutoff  305        72.99999   64.00000  12.3%   9.7  331s
 895506 299166 infeasible  265        72.99999   64.00000  12.3%   9.7  338s
 927538 299174   71.25000  354   32   72.99999   64.00000  12.3%   9.8  344s
 927593 308328     cutoff  355        72.99999   64.00000  12.3%   9.8  348s
 959625 308344   64.00000  327   32   72.99999   64.00000  12.3%   9.8  353s
 959671 317206   64.00000  328   30   72.99999   64.00000  12.3%   9.8  357s
 991703 317222   64.37500  325   36   72.99999   64.00000  12.3%   9.8  362s
 991748 326608   64.37500  326   36   72.99999   64.00000  12.3%   9.8  367s
 1023780 326622     cutoff  305        72.99999   64.00000  12.3%   9.8  372s
 1023830 336619 infeasible  302        72.99999   64.00000  12.3%   9.8  377s
 1055862 336623   65.00000  264   33   72.99999   64.00000  12.3%   9.8  380s
 1055921 345993   65.00000  265   33   72.99999   64.00000  12.3%   9.8  385s
 1088007 355748   65.00000  276   33   72.99999   64.00000  12.3%   9.8  394s
 1116035 355748   70.00000  303   28   72.99999   64.00000  12.3%   9.8  395s
 1120089 365184   71.00000  288   28   72.99999   64.00000  12.3%   9.8  403s
 1152121 365197   68.79346  307   42   72.99999   64.00000  12.3%   9.8  406s
 1152168 373945   68.91846  309   41   72.99999   64.00000  12.3%   9.8  411s
 1184200 373965   64.00000  313   33   72.99999   64.00000  12.3%   9.8  416s
 1184244 383138     cutoff  314        72.99999   64.00000  12.3%   9.8  420s
 1216276 383154   65.00000  309   29   72.99999   64.00000  12.3%   9.8  425s
 1248356 391337   64.00000  297   36   72.99999   64.00000  12.3%   9.8  435s
 1248397 401453   67.25048  298   45   72.99999   64.00000  12.3%   9.8  440s
 1280429 401445 infeasible  295        72.99999   64.00000  12.3%   9.8  445s
 1280501 410653   66.54346  281   33   72.99999   64.00000  12.3%   9.8  450s
 1312585 419167   64.54918  322   54   72.99999   64.00000  12.3%   9.9  459s
 1344617 419181 infeasible  290        72.99999   64.00000  12.3%   9.9  463s
 1344666 428501   67.50000  290   29   72.99999   64.00000  12.3%   9.9  469s
 1376698 428516   65.50000  314   31   72.99999   64.00000  12.3%   9.9  472s
 1376747 436601   64.00000  314   33   72.99999   64.00000  12.3%   9.9  477s
 1408779 436612 infeasible  322        72.99999   64.00000  12.3%   9.9  481s
 1408832 445037   66.50000  278   29   72.99999   64.00000  12.3%   9.9  485s
 1440864 445053   68.00000  312   32   72.99999   64.00000  12.3%   9.9  491s
 1440910 453200   66.00000  312   29   72.99999   64.00000  12.3%   9.9  495s
H1470965 453200                      72.9999880   64.00000  12.3%   9.9  495s
 1472984 460573   70.00000  291   33   72.99999   64.00000  12.3%   9.9  505s
 1505065 468804   66.54346  244   35   72.99999   64.00000  12.3%   9.9  513s
 1537097 468813   66.75000  272   34   72.99999   64.00000  12.3%   9.9  517s
 1537150 477429   66.75000  273   34   72.99999   64.00000  12.3%   9.9  521s
 1569182 477444   70.50000  263   45   72.99999   64.00000  12.3%   9.9  526s
 1589251 486100   70.00000  295   31   72.99999   64.00000  12.3%   9.9  530s
 1601310 495190   72.00000  299   27   72.99999   64.00000  12.3%   9.9  538s
 1633342 495201   69.50000  286   37   72.99999   64.00000  12.3%   9.9  543s
 1633393 502651   71.75000  285   37   72.99999   64.00000  12.3%   9.9  547s
 1665425 502663   67.75000  304   31   72.99999   64.00000  12.3%   9.9  551s
 1665477 511197   72.25000  305   29   72.99999   64.00000  12.3%   9.9  557s
 1697509 511215 infeasible  305        72.99999   64.00000  12.3%   9.9  560s
 1697554 518721   64.50000  303   29   72.99999   64.00000  12.3%   9.9  568s
 1729586 518742   70.50000  316   29   72.99999   64.00000  12.3%   9.9  571s
 1729629 526526     cutoff  317        72.99999   64.00000  12.3%   9.9  577s
 1761661 526536 infeasible  308        72.99999   64.00000  12.3%   9.9  580s
 1761715 533906 infeasible  306        72.99999   64.00000  12.3%   9.9  585s
 1793801 540965 infeasible  312        72.99999   64.00000  12.3%   9.9  593s
 1825833 540974   64.75000  306   40   72.99999   64.00000  12.3%   9.9  598s
 1825886 548346   64.75000  307   40   72.99999   64.00000  12.3%   9.9  601s
 1857918 548367   65.00000  302   32   72.99999   64.00000  12.3%   9.9  607s
 1857961 556302   67.50000  303   27   72.99999   64.00000  12.3%   9.9  611s
 1889993 556322   68.50000  339   44   72.99999   64.00000  12.3%   9.9  616s
 1922067 564139   68.00000  310   35   72.99999   64.00000  12.3%   9.9  624s
 1922112 570999   66.00000  310   34   72.99999   64.00000  12.3%   9.9  628s
 1954144 571014     cutoff  349        72.99999   64.00000  12.3%   9.9  635s
 1986223 578248   69.25142  320   46   72.99999   64.00000  12.3%   9.9  643s
 1986266 585417   71.25071  320   40   72.99999   64.00000  12.3%   9.9  649s
 2018298 585413 infeasible  305        72.99999   64.00000  12.3%   9.9  653s
 2018357 592728 infeasible  300        72.99999   64.00000  12.3%   9.9  658s
 2050389 592724   68.75000  298   37   72.99999   64.00000  12.3%  10.0  662s
 2050456 600196   69.50000  299   37   72.99999   64.00000  12.3%  10.0  667s
 2082488 600204   68.50000  295   32   72.99999   64.00000  12.3%  10.0  671s
 2082543 608271   68.50000  296   34   72.99999   64.00000  12.3%  10.0  675s
 2114575 608273 infeasible  297        72.99999   64.00000  12.3%  10.0  680s
 2146664 615856   72.50000  290   36   72.99999   64.00000  12.3%  10.0  689s
 2146716 622698     cutoff  290        72.99999   64.00000  12.3%  10.0  693s
 2178748 622712   71.50000  340   30   72.99999   64.00000  12.3%  10.0  697s
 2178797 629561     cutoff  341        72.99999   64.00000  12.3%  10.0  700s
 2210829 629578 infeasible  311        72.99999   64.00000  12.3%  10.0  705s
 2242908 637514     cutoff  333        72.99999   64.00000  12.3%  10.0  714s
 2242962 644276     cutoff  334        72.99999   64.00000  12.3%  10.0  718s
 2274994 644279   67.11776  302   45   72.99999   64.00000  12.3%  10.0  723s
 2275054 651719   69.54346  303   42   72.99999   64.00000  12.3%  10.0  727s
 2307086 651723     cutoff  335        72.99999   64.00000  12.3%  10.0  732s
 2307140 658078   72.25000  335   38   72.99999   64.00000  12.3%  10.0  736s
 2339172 658090   72.75000  355   45   72.99999   64.00000  12.3%  10.0  741s
 2339224 664418   72.25000  356   45   72.99999   64.00000  12.3%  10.0  745s
 2371315 671173 infeasible  296        72.99999   64.00000  12.3%  10.0  754s
 2403347 671191   72.25000  310   36   72.99999   64.00000  12.3%  10.0  757s
 2403392 678030 infeasible  311        72.99999   64.00000  12.3%  10.0  768s
 2435424 678034   68.79346  311   45   72.99999   64.00000  12.3%  10.0  771s
 2435482 685594 infeasible  312        72.99999   64.00000  12.3%  10.0  777s
 2467514 685600   65.62500  312   33   72.99999   64.00000  12.3%  10.0  782s
 2467570 692826   65.74276  313   43   72.99999   64.00000  12.3%  10.0  785s
 2499602 692832   64.00000  321   33   72.99999   64.00000  12.3%  10.0  790s
 2531687 698573   70.75000  353   39   72.99999   64.00000  12.3%  10.0  797s
 2531747 706081 infeasible  354        72.99999   64.00000  12.3%  10.0  803s
 2563779 706085 infeasible  302        72.99999   64.00000  12.3%  10.0  810s
 2595871 713007 infeasible  298        72.99999   64.00000  12.3%  10.0  818s
 2595916 719415 infeasible  297        72.99999   64.00000  12.3%  10.0  822s
 2627948 719423     cutoff  319        72.99999   64.00000  12.3%  10.0  827s
 2628001 726770     cutoff  319        72.99999   64.00000  12.3%  10.0  831s
 2660033 726784   68.29346  304   35   72.99999   64.00000  12.3%  10.0  835s
 2670091 734133   64.61776  300   40   72.99999   64.00000  12.3%  10.0  840s
 2692160 741929   68.50000  366   33   72.99999   64.00000  12.3%  10.0  848s
 2724192 741926     cutoff  344        72.99999   64.00000  12.3%  10.0  852s
 2724259 749284     cutoff  345        72.99999   64.00000  12.3%  10.0  856s
 2756291 749276 infeasible  344        72.99999   64.00000  12.3%  10.0  860s
 2756362 756502 infeasible  344        72.99999   64.00000  12.3%  10.0  866s
 2788438 764115 infeasible  306        72.99999   64.00000  12.3%  10.0  875s
 2820525 772662     cutoff  332        72.99999   64.00000  12.3%  10.0  884s
 2852557 772676   68.75000  315   45   72.99999   64.00000  12.3%  10.1  887s
 2852606 780637   69.25000  315   41   72.99999   64.00000  12.3%  10.1  891s
 2884638 780653   69.50000  352   32   72.99999   64.00000  12.3%  10.1  897s
 2884685 789288   69.50000  353   30   72.99999   64.00000  12.3%  10.1  901s
 2916765 795624   68.00000  308   31   72.99999   64.00000  12.3%  10.1  909s
 2918767 795624   67.54346  280   35   72.99999   64.00000  12.3%  10.1  910s
 2948850 804005 infeasible  334        72.99999   64.00000  12.3%  10.1  919s
 2980882 804030   69.50463  316   38   72.99999   64.00000  12.3%  10.1  922s
 2980921 812840 infeasible  317        72.99999   64.00000  12.3%  10.1  927s
 3012953 812843   66.00000  308   36   72.99999   64.00000  12.3%  10.1  931s
 3013012 820993   66.00000  309   36   72.99999   64.00000  12.3%  10.1  941s
 3045089 828194   66.79346  306   35   72.99999   64.00000  12.3%  10.1  950s
 3077174 837049   64.00000  335   41   72.99999   64.00000  12.3%  10.1  958s
 3109206 837067   65.00000  305   31   72.99999   64.00000  12.3%  10.1  962s
 3109248 845384   67.00000  308   30   72.99999   64.00000  12.3%  10.1  967s
 3141280 845403   67.04346  312   37   72.99999   64.00000  12.3%  10.1  970s
 3141324 854907 infeasible  313        72.99999   64.00000  12.3%  10.1  975s
 3173408 862905 infeasible  306        72.99999   64.00000  12.3%  10.1  984s
 3205440 862922   66.11776  314   38   72.99999   64.00000  12.3%  10.1  987s
 3205485 871139   68.54346  315   35   72.99999   64.00000  12.3%  10.1  991s
 3237517 871153   64.00000  269   33   72.99999   64.00000  12.3%  10.1  996s
 3237564 879180   64.00000  270   33   72.99999   64.00000  12.3%  10.1 1000s
 3269596 879189   66.00000  316   31   72.99999   64.00000  12.3%  10.1 1005s
 3301681 887537 infeasible  326        72.99999   64.00000  12.3%  10.1 1014s
 3301731 896621   67.25000  303   27   72.99999   64.00000  12.3%  10.1 1018s
 3333763 896634   69.25000  298   33   72.99999   64.00000  12.3%  10.1 1023s
 3333811 905191   65.25000  298   33   72.99999   64.00000  12.3%  10.1 1027s
 3365843 905196 infeasible  326        72.99999   64.00000  12.3%  10.1 1032s
 3365898 913658   67.00000  309   31   72.99999   64.00000  12.3%  10.1 1036s
 3397930 913668   67.00000  286   33   72.99999   64.00000  12.3%  10.1 1041s
 3397983 921658     cutoff  286        72.99999   64.00000  12.3%  10.1 1046s
 3430065 929827   64.75000  320   36   72.99999   64.00000  12.3%  10.1 1055s
 3462140 938590 infeasible  301        72.99999   64.00000  12.3%  10.1 1064s
 3494172 938589 infeasible  313        72.99999   64.00000  12.3%  10.1 1067s
 3494233 945888 infeasible  313        72.99999   64.00000  12.3%  10.1 1072s
 3526265 945894   65.00000  319   31   72.99999   64.00000  12.3%  10.1 1075s
 3526322 953250   69.00000  320   32   72.99999   64.00000  12.3%  10.1 1086s
 3558399 960893 infeasible  345        72.99999   64.00000  12.3%  10.1 1095s
 3590477 968439   70.00000  325   31   72.99999   64.00000  12.3%  10.1 1104s
 3622509 968453   64.50694  333   34   72.99999   64.00000  12.3%  10.1 1107s
 3622555 977574   64.00000  333   34   72.99999   64.00000  12.3%  10.1 1112s
 3654587 977590   64.00000  325   36   72.99999   64.00000  12.3%  10.1 1117s
 3654635 986280   64.00000  325   33   72.99999   64.00000  12.3%  10.1 1122s
 3686667 986289 infeasible  353        72.99999   64.00000  12.3%  10.1 1127s
 3686718 995126   71.25000  352   29   72.99999   64.00000  12.3%  10.1 1131s
 3718790 1002868   72.00000  325   38   72.99999   64.00000  12.3%  10.1 1140s
 3750888 1010858 infeasible  328        72.99999   64.00000  12.3%  10.1 1149s
 3761899 1010858   68.50000  279   31   72.99999   64.00000  12.3%  10.1 1150s
 3782972 1018735     cutoff  315        72.99999   64.00000  12.3%  10.1 1156s
 3815004 1018749 infeasible  317        72.99999   64.00000  12.3%  10.1 1162s
 3815054 1026603   66.54346  297   35   72.99999   64.00000  12.3%  10.1 1166s
 3847141 1034249   69.00000  311   40   72.99999   64.00000  12.3%  10.1 1175s
 3879226 1041933     cutoff  331        72.99999   64.00000  12.3%  10.1 1184s
 3911258 1041952   67.04346  283   35   72.99999   64.00000  12.3%  10.1 1188s
 3911300 1049699 infeasible  284        72.99999   64.00000  12.3%  10.1 1193s
 3943332 1049714 infeasible  338        72.99999   64.00000  12.3%  10.1 1196s
 3943379 1057569   67.54346  338   34   72.99999   64.00000  12.3%  10.1 1202s
 3975411 1057583   67.25000  339   38   72.99999   64.00000  12.3%  10.1 1205s
 3975461 1066145   66.25000  339   40   72.99999   64.00000  12.3%  10.1 1210s
 4007540 1074411   70.04346  310   44   72.99999   64.00000  12.3%  10.1 1220s
 4039614 1082402   64.75000  299   33   72.99999   64.00000  12.3%  10.1 1229s
 4065640 1082402   66.54346  285   36   72.99999   64.00000  12.3%  10.1 1230s
 4071696 1090022   64.75000  303   36   72.99999   64.00000  12.3%  10.1 1240s
 4103778 1097576   69.29346  309   37   72.99999   64.00000  12.3%  10.1 1248s
 4135810 1097587   64.00000  318   29   72.99999   64.00000  12.3%  10.1 1252s
 4135861 1104372   64.50000  319   29   72.99999   64.00000  12.3%  10.1 1257s
 4167893 1104384   67.50000  306   29   72.99999   64.00000  12.3%  10.1 1261s
 4167944 1112177   65.11776  306   37   72.99999   64.00000  12.3%  10.1 1266s
 4199976 1112193   71.25000  340   30   72.99999   64.00000  12.3%  10.1 1271s
 4200021 1119327     cutoff  341        72.99999   64.00000  12.3%  10.1 1275s
 4232053 1119335     cutoff  343        72.99999   64.00000  12.3%  10.1 1281s
 4232107 1127303   71.75000  340   31   72.99999   64.00000  12.3%  10.1 1285s
 4264139 1127315 infeasible  328        72.99999   64.00000  12.3%  10.1 1290s
 4296223 1135084   65.00000  318   33   72.99999   64.00000  12.3%  10.1 1298s
 4296271 1143484   65.00000  319   39   72.99999   64.00000  12.3%  10.1 1304s
 4328303 1143476 infeasible  317        72.99999   64.00000  12.3%  10.1 1307s
 4328374 1150911   64.50000  290   31   72.99999   64.00000  12.3%  10.1 1312s
 4360406 1150931   64.00694  333   33   72.99999   64.00000  12.3%  10.1 1316s
 4392481 1157767   69.25000  329   33   72.99999   64.00000  12.3%  10.1 1324s
 4392526 1164842 infeasible  330        72.99999   64.00000  12.3%  10.1 1328s
 4424558 1164858 infeasible  310        72.99999   64.00000  12.3%  10.1 1333s
 4424606 1172370 infeasible  310        72.99999   64.00000  12.3%  10.1 1337s
 4456638 1172383   69.00000  318   33   72.99999   64.00000  12.3%  10.1 1341s
 4456688 1181039 infeasible  319        72.99999   64.00000  12.3%  10.1 1345s
 4488720 1181040     cutoff  301        72.99999   64.00000  12.3%  10.1 1350s
 4520814 1187352 infeasible  350        72.99999   64.00000  12.3%  10.0 1358s
 4520858 1195151   68.29346  350   35   72.99999   64.00000  12.3%  10.0 1362s
 4552890 1195174   67.50000  315   30   72.99999   64.00000  12.3%  10.0 1369s
 4552931 1202917 infeasible  316        72.99999   64.00000  12.3%  10.0 1373s
 4584963 1202937   64.00000  310   31   72.99999   64.00000  12.3%  10.1 1377s
 4585006 1211380   64.00000  311   31   72.99999   64.00000  12.3%  10.1 1381s
 4617038 1211388   64.00000  299   32   72.99999   64.00000  12.3%  10.0 1386s
 4633109 1219081     cutoff  365        72.99999   64.00000  12.3%  10.1 1390s
 4649183 1226305   65.00000  323   31   72.99999   64.00000  12.3%  10.1 1398s
 4681215 1226310   65.50000  292   29   72.99999   64.00000  12.3%  10.1 1403s
 4681273 1233507   65.00000  292   31   72.99999   64.00000  12.3%  10.1 1407s
 4713305 1233515   68.00000  295   31   72.99999   64.00000  12.3%  10.0 1411s
 4713360 1240372 infeasible  296        72.99999   64.00000  12.3%  10.0 1416s
 4745438 1247270     cutoff  297        72.99999   64.00000  12.3%  10.0 1425s
 4777518 1254840   68.00000  320   31   72.99999   64.00000  12.3%  10.0 1434s
 4809550 1254846   70.75000  326   27   72.99999   64.00000  12.3%  10.0 1437s
 4809607 1261497   67.86776  326   45   72.99999   64.00000  12.3%  10.0 1443s
 4841639 1261511 infeasible  293        72.99999   64.00000  12.3%  10.0 1446s
 4841687 1268528   69.54346  293   35   72.99999   64.00000  12.3%  10.0 1450s
 4873719 1268545   71.75000  362   41   72.99999   64.00000  12.3%  10.0 1455s
 4898789 1276387   69.00000  313   31   72.99999   64.00000  12.3%  10.0 1460s
 4905843 1284486 infeasible  314        72.99999   64.00000  12.3%  10.0 1468s
 4937875 1284494   66.36776  337   39   72.99999   64.00000  12.3%  10.0 1471s
 4937931 1293721   68.79346  338   35   72.99999   64.00000  12.3%  10.0 1477s
 4969963 1293738   65.11776  317   39   72.99999   64.00000  12.3%  10.0 1481s
 4970010 1302001   67.54346  318   35   72.99999   64.00000  12.3%  10.0 1485s
 5002042 1302022   66.00000  300   30   72.99999   64.00000  12.3%  10.0 1490s
 5002081 1310061   66.00000  301   30   72.99999   64.00000  12.3%  10.0 1498s
 5034113 1310071   72.81570  350   37   72.99999   64.00000  12.3%  10.0 1501s
 5034165 1317428   72.81570  350   35   72.99999   64.00000  12.3%  10.0 1506s
 5066252 1324221     cutoff  313        72.99999   64.00000  12.3%  10.0 1515s
 5098335 1332374   71.75000  313   29   72.99999   64.00000  12.3%  10.0 1524s
 5099336 1332374   72.50000  320   43   72.99999   64.00000  12.3%  10.0 1525s
 5130426 1340480   64.00000  275   35   72.99999   64.00000  12.3%  10.0 1533s
 5162458 1340496   72.25000  369   34   72.99999   64.00000  12.3%  10.0 1536s
 5162506 1349311   72.25000  370   34   72.99999   64.00000  12.3%  10.0 1542s
 5194538 1349325   67.00000  317   36   72.99999   64.00000  12.3%  10.0 1545s
 5194588 1357944   65.02574  318   37   72.99999   64.00000  12.3%  10.0 1551s
 5226678 1366544 infeasible  321        72.99999   64.00000  12.3%  10.0 1560s
 5258755 1375008 infeasible  323        72.99999   64.00000  12.3%  10.0 1567s
 5290787 1375026   70.75000  347   32   72.99999   64.00000  12.3%  10.0 1573s
 5290833 1381931     cutoff  348        72.99999   64.00000  12.3%  10.0 1577s
 5322865 1381940   65.00000  326   36   72.99999   64.00000  12.3%  10.0 1582s
 5322920 1389243   65.00000  327   35   72.99999   64.00000  12.3%  10.0 1586s
 5354952 1389246   70.00000  354   31   72.99999   64.00000  12.3%  10.0 1594s
 5355011 1396875   72.00000  355   31   72.99999   64.00000  12.3%  10.0 1598s
 5387043 1396878   71.75000  347   35   72.99999   64.00000  12.3%  10.0 1603s
 5387101 1406060     cutoff  348        72.99999   64.00000  12.3%  10.0 1607s
 5419133 1406073   69.25000  330   33   72.99999   64.00000  12.3%  10.0 1613s
 5419184 1413630   69.25000  331   33   72.99999   64.00000  12.3%  10.0 1616s
 5451216 1413644   65.11776  299   38   72.99999   64.00000  12.3%  10.0 1620s
 5451265 1421458   69.00000  300   36   72.99999   64.00000  12.3%  10.0 1626s
 5483340 1428386 infeasible  288        72.99999   64.00000  12.3%  10.0 1635s
 5515423 1436548   72.50000  317   28   72.99999   64.00000  12.3%  10.0 1643s
 5547455 1436560   69.50000  335   30   72.99999   64.00000  12.3%  10.0 1648s
 5547506 1443263     cutoff  336        72.99999   64.00000  12.3%  10.0 1652s
 5579538 1443256   71.50000  338   39   72.99999   64.00000  12.3%  10.0 1657s
 5579607 1450378 infeasible  339        72.99999   64.00000  12.3%  10.0 1661s
 5611639 1450388     cutoff  333        72.99999   64.00000  12.3%  10.0 1665s
 5620699 1458739 infeasible  318        72.99999   64.00000  12.3%  10.0 1670s
 5643774 1465955   69.75000  326   49   72.99999   64.00000  12.3%  10.0 1678s
 5675806 1465964     cutoff  337        72.99999   64.00000  12.3%  10.0 1682s
 5675860 1473942   64.02778  318   31   72.99999   64.00000  12.3%  10.0 1687s
 5707892 1473956   70.37500  348   29   72.99999   64.00000  12.3%  10.0 1691s
 5707942 1481725   69.37500  348   29   72.99999   64.00000  12.3%  10.0 1695s
 5739974 1481732 infeasible  332        72.99999   64.00000  12.3%  10.0 1700s
 5755043 1489703   70.25000  320   33   72.99999   64.00000  12.3%  10.0 1705s
 5772108 1497894   71.25000  346   27   72.99999   64.00000  12.3%  10.0 1713s
 5804140 1497911   69.54346  269   43   72.99999   64.00000  12.3%  10.0 1718s
 5804186 1506262 infeasible  270        72.99999   64.00000  12.3%  10.0 1722s
 5836218 1506272   64.50000  308   31   72.99999   64.00000  12.3%  10.0 1727s
 5836270 1514087   64.50000  309   31   72.99999   64.00000  12.3%  10.0 1732s
 5868302 1514095     cutoff  335        72.99999   64.00000  12.3%  10.0 1737s
 5868358 1521718 infeasible  297        72.99999   64.00000  12.3%  10.0 1743s
 5900390 1521723 infeasible  288        72.99999   64.00000  12.3%  10.0 1746s
 5900448 1529729   66.54346  308   33   72.99999   64.00000  12.3%  10.0 1752s
 5932480 1529742   64.25000  312   33   72.99999   64.00000  12.3%  10.0 1756s
 5932528 1537786   66.00000  313   31   72.99999   64.00000  12.3%  10.0 1762s
 5964560 1537796 infeasible  293        72.99999   64.00000  12.3%  10.0 1765s
 5964612 1545906   68.25039  293   43   72.99999   64.00000  12.3%  10.0 1771s
 5996644 1545917 infeasible  330        72.99999   64.00000  12.3%  10.0 1775s
 5996693 1553904   64.75347  318   33   72.99999   64.00000  12.3%  10.0 1781s
 6028800 1562199 infeasible  310        72.99999   64.00000  12.3%  10.0 1795s
 6060885 1570364 infeasible  319        72.99999   64.00000  12.3%  10.0 1804s
 6072897 1570364 infeasible  335        72.99999   64.00000  12.3%  10.0 1805s
 6092965 1578877   65.51465  342   49   72.99999   64.00000  12.3%  10.0 1814s
 6124997 1578893   64.00000  321   31   72.99999   64.00000  12.3%  10.0 1817s
 6125044 1586449   67.25000  322   27   72.99999   64.00000  12.3%  10.0 1823s
 6157076 1586460   69.75000  304   33   72.99999   64.00000  12.3%  10.0 1827s
 6157129 1594773     cutoff  305        72.99999   64.00000  12.3%  10.0 1831s
 6189161 1594779   71.95584  300   39   72.99999   64.00000  12.3%  10.0 1836s
 6189216 1603421   67.25000  299   39   72.99999   64.00000  12.3%  10.0 1840s
 6221248 1603413   68.75000  341   29   72.99999   64.00000  12.3%  10.0 1845s
 6226323 1611493   66.79346  299   38   72.99999   64.00000  12.3%  10.0 1850s
 6253410 1620183   69.00000  303   35   72.99999   64.00000  12.3%  10.0 1860s
 6285508 1628136     cutoff  303        72.99999   64.00000  12.3%  10.0 1869s
 6315538 1628136   72.50000  348   39   72.99999   64.00000  12.3%  10.0 1870s
 6317601 1636611   64.12500  314   29   72.99999   64.00000  12.3%  10.0 1878s
 6349633 1636629   67.00000  317   33   72.99999   64.00000  12.3%  10.0 1881s
 6349678 1645324   67.00000  318   33   72.99999   64.00000  12.3%  10.0 1885s
 6381710 1645338 infeasible  321        72.99999   64.00000  12.3%  10.0 1891s
 6381758 1654518 infeasible  320        72.99999   64.00000  12.3%  10.0 1895s
 6413790 1654527     cutoff  353        72.99999   64.00000  12.3%  10.0 1900s
 6415847 1662760   64.00000  329   43   72.99999   64.00000  12.3%  10.0 1905s
 6445948 1671456 infeasible  320        72.99999   64.00000  12.3%  10.0 1914s
 6477980 1671459   68.25000  304   39   72.99999   64.00000  12.3%  10.0 1917s
 6478040 1678992   68.75000  305   38   72.99999   64.00000  12.3%  10.0 1921s
 6510072 1679000     cutoff  337        72.99999   64.00000  12.3%  10.0 1926s
 6510124 1687900     cutoff  333        72.99999   64.00000  12.3%  10.0 1931s
 6542156 1687919   65.00000  304   39   72.99999   64.00000  12.3%  10.0 1936s
 6542201 1696099   69.25000  302   28   72.99999   64.00000  12.3%  10.0 1940s
 6574233 1696116 infeasible  319        72.99999   64.00000  12.3%  10.0 1945s
 6574278 1705301 infeasible  317        72.99999   64.00000  12.3%  10.0 1952s
 6606310 1705316   64.00000  282   35   72.99999   64.00000  12.3%  10.0 1957s
 6606356 1714150   64.00116  283   46   72.99999   64.00000  12.3%  10.0 1961s
 6638388 1714168   72.25000  332   31   72.99999   64.00000  12.3%  10.0 1966s
 6638432 1722658   72.25000  333   31   72.99999   64.00000  12.3%  10.0 1970s
 6670464 1722673   69.25000  343   34   72.99999   64.00000  12.3%  10.0 1975s
 6670512 1731805   69.25000  344   33   72.99999   64.00000  12.3%  10.0 1980s
 6702590 1740099   69.25000  319   27   72.99999   64.00000  12.3%  10.1 1989s
 6734622 1740115 infeasible  312        72.99999   64.00000  12.3%  10.1 1992s
 6734669 1749415 infeasible  312        72.99999   64.00000  12.3%  10.1 1998s
 6766701 1749421   64.00000  332   35   72.99999   64.00000  12.3%  10.1 2001s
 6766759 1757532   64.00000  333   35   72.99999   64.00000  12.3%  10.1 2008s
 6798791 1757534     cutoff  354        72.99999   64.00000  12.3%  10.1 2013s
 6798852 1766147     cutoff  355        72.99999   64.00000  12.3%  10.1 2018s
 6830884 1766158   64.00000  333   30   72.99999   64.00000  12.3%  10.1 2021s
 6830936 1774515   64.00000  333   30   72.99999   64.00000  12.3%  10.1 2027s
 6862968 1774536   70.75000  308   34   72.99999   64.00000  12.3%  10.1 2031s
 6863011 1782544   70.75000  309   32   72.99999   64.00000  12.3%  10.1 2037s
 6895043 1782557   69.28819  315   36   72.99999   64.00000  12.3%  10.1 2040s
 6895094 1790038   69.32639  316   38   72.99999   64.00000  12.3%  10.1 2046s
 6927169 1797979     cutoff  332        72.99999   64.00000  12.3%  10.1 2055s
 6959253 1806625   69.25000  318   29   72.99999   64.00000  12.3%  10.1 2064s
 6968262 1806625     cutoff  343        72.99999   64.00000  12.3%  10.1 2065s
 6991335 1815532     cutoff  326        72.99999   64.00000  12.3%  10.1 2074s
 7023367 1815534   66.54346  337   40   72.99999   64.00000  12.3%  10.1 2077s
 7023428 1823779 infeasible  338        72.99999   64.00000  12.3%  10.1 2083s
 7055460 1823785   70.79346  335   42   72.99999   64.00000  12.3%  10.1 2087s
 7055517 1831710 infeasible  336        72.99999   64.00000  12.3%  10.1 2093s
 7087549 1831723 infeasible  306        72.99999   64.00000  12.3%  10.1 2096s
 7087599 1840249   66.00000  306   34   72.99999   64.00000  12.3%  10.1 2102s
 7119631 1840259     cutoff  316        72.99999   64.00000  12.3%  10.1 2105s
 7151717 1848832 infeasible  311        72.99999   64.00000  12.3%  10.1 2114s
 7151767 1857887   65.50000  309   31   72.99999   64.00000  12.3%  10.1 2119s
 7183799 1857889   69.50000  350   36   72.99999   64.00000  12.3%  10.1 2122s
 7183861 1867236   69.50000  351   36   72.99999   64.00000  12.3%  10.1 2128s
 7215893 1867247 infeasible  326        72.99999   64.00000  12.3%  10.1 2132s
 7215945 1875479 infeasible  327        72.99999   64.00000  12.3%  10.1 2139s
 7247977 1875496   65.00000  283   36   72.99999   64.00000  12.3%  10.1 2142s
 7248022 1883922   65.50000  284   34   72.99999   64.00000  12.3%  10.1 2146s
 7280054 1883935   71.50000  326   31   72.99999   64.00000  12.3%  10.1 2151s
 7280105 1892930   71.75000  327   33   72.99999   64.00000  12.3%  10.1 2155s
 7312183 1901661   64.00000  317   36   72.99999   64.00000  12.3%  10.1 2166s
 7344272 1909999   64.00000  330   33   72.99999   64.00000  12.3%  10.1 2176s
 7376358 1917946   68.00000  281   33   72.99999   64.00000  12.3%  10.1 2185s
 7408453 1925830   66.02083  341   47   72.99999   64.00000  12.3%  10.1 2193s
 7440485 1925842 infeasible  333        72.99999   64.00000  12.3%  10.1 2199s
 7440534 1934312   71.00000  333   34   72.99999   64.00000  12.3%  10.1 2203s
 7472566 1934330     cutoff  337        72.99999   64.00000  12.3%  10.1 2210s
 7504642 1943052   71.75000  357   37   72.99999   64.00000  12.3%  10.1 2219s
 7504697 1951231 infeasible  358        72.99999   64.00000  12.3%  10.1 2224s
 7533726 1951231   68.25000  279   27   72.99999   64.00000  12.3%  10.1 2225s
 7536793 1959828   64.25000  272   48   72.99999   64.00000  12.3%  10.1 2234s
 7568825 1959841     cutoff  317        72.99999   64.00000  12.3%  10.1 2237s
 7568876 1969216   72.25000  316   29   72.99999   64.00000  12.3%  10.1 2243s
 7600908 1969228   70.50000  263   38   72.99999   64.00000  12.3%  10.1 2247s
 7600958 1978560     cutoff  264        72.99999   64.00000  12.3%  10.1 2253s
 7632990 1978574   68.00000  326   37   72.99999   64.00000  12.3%  10.1 2257s
 7633040 1987887   68.50000  327   35   72.99999   64.00000  12.3%  10.1 2262s
 7665072 1987904   68.25694  328   35   72.99999   64.00000  12.3%  10.1 2266s
 7665118 1996709   69.25000  329   33   72.99999   64.00000  12.3%  10.1 2271s
 7697150 1996725   64.00000  327   35   72.99999   64.00000  12.3%  10.1 2275s
 7697198 2006068   67.25039  328   40   72.99999   64.00000  12.3%  10.1 2281s
 7729276 2016097   64.00000  251   41   72.99999   64.00000  12.3%  10.1 2290s
 7761351 2025867   70.00000  254   32   72.99999   64.00000  12.3%  10.1 2299s
 7793383 2025871     cutoff  352        72.99999   64.00000  12.3%  10.1 2302s
 7793441 2034886     cutoff  353        72.99999   64.00000  12.3%  10.1 2308s
 7825473 2034901   69.25000  304   32   72.99999   64.00000  12.3%  10.1 2311s
 7825520 2044031     cutoff  305        72.99999   64.00000  12.3%  10.1 2317s
 7857552 2044047   72.50000  272   48   72.99999   64.00000  12.3%  10.1 2320s
 7857600 2053323 infeasible  273        72.99999   64.00000  12.3%  10.1 2326s
 7889632 2053334   65.25000  281   37   72.99999   64.00000  12.3%  10.1 2331s
 7889685 2062957   66.25000  282   37   72.99999   64.00000  12.3%  10.1 2339s
 7893689 2062957   65.00000  278   31   72.99999   64.00000  12.3%  10.1 2340s
 7921761 2072234   67.54346  287   40   72.99999   64.00000  12.3%  10.1 2350s
 7953846 2082190   64.00000  261   33   72.99999   64.00000  12.3%  10.1 2360s
 7985925 2091134   65.50000  262   33   72.99999   64.00000  12.3%  10.1 2370s
 8018016 2100761 infeasible  274        72.99999   64.00000  12.3%  10.1 2377s
 8050048 2100782   69.25000  271   35   72.99999   64.00000  12.3%  10.1 2382s
 8050089 2110662   69.25000  272   33   72.99999   64.00000  12.3%  10.1 2386s
 8082121 2110675   69.50000  354   34   72.99999   64.00000  12.3%  10.1 2390s
 8082170 2119893   72.00000  355   32   72.99999   64.00000  12.3%  10.1 2396s
 8114251 2129901   67.00000  254   32   72.99999   64.00000  12.3%  10.1 2405s
 8146324 2138450 infeasible  303        72.99999   64.00000  12.3%  10.1 2413s
 8178356 2138454   69.50000  264   40   72.99999   64.00000  12.3%  10.1 2418s
 8178416 2147592   69.50000  265   39   72.99999   64.00000  12.3%  10.1 2422s
 8210448 2147605   65.50000  267   33   72.99999   64.00000  12.3%  10.1 2427s
 8210497 2156570   69.50000  268   31   72.99999   64.00000  12.3%  10.1 2431s
 8242529 2156582 infeasible  288        72.99999   64.00000  12.3%  10.1 2435s
 8243581 2166051   64.00000  274   37   72.99999   64.00000  12.3%  10.1 2440s
 8274659 2174871   64.00000  262   34   72.99999   64.00000  12.3%  10.1 2448s
 8306691 2174895   71.00000  283   33   72.99999   64.00000  12.3%  10.1 2454s
 8306729 2184301 infeasible  284        72.99999   64.00000  12.3%  10.1 2458s
 8338761 2184314     cutoff  259        72.99999   64.00000  12.3%  10.1 2463s
 8338810 2193559     cutoff  260        72.99999   64.00000  12.3%  10.1 2467s
 8370842 2193563   66.00000  255   35   72.99999   64.00000  12.3%  10.1 2472s
 8370899 2202993   66.00000  256   35   72.99999   64.00000  12.3%  10.1 2480s
 8402931 2203005 infeasible  292        72.99999   64.00000  12.3%  10.1 2485s
 8435015 2212406   64.00000  261   33   72.99999   64.00000  12.3%  10.1 2494s
 8435061 2222283   68.50000  262   34   72.99999   64.00000  12.3%  10.1 2498s
 8467093 2222301   64.50000  280   43   72.99999   64.00000  12.3%  10.1 2503s
 8467139 2231594   64.50000  281   43   72.99999   64.00000  12.3%  10.1 2507s
 8499171 2231612   64.00000  280   35   72.99999   64.00000  12.3%  10.1 2511s
 8499217 2241772   64.00000  281   37   72.99999   64.00000  12.3%  10.1 2516s
 8531249 2241789   70.75000  336   35   72.99999   64.00000  12.3%  10.2 2520s
 8551314 2251592   64.00000  240   35   72.99999   64.00000  12.3%  10.2 2525s
 8563363 2261082 infeasible  305        72.99999   64.00000  12.3%  10.2 2534s
 8595395 2261095   69.50000  279   36   72.99999   64.00000  12.3%  10.2 2537s
 8595446 2271173   70.50000  280   34   72.99999   64.00000  12.3%  10.2 2544s
 8627478 2271188 infeasible  285        72.99999   64.00000  12.3%  10.2 2547s
 8627526 2281607   66.87500  286   47   72.99999   64.00000  12.3%  10.2 2553s
 8659558 2281614     cutoff  263        72.99999   64.00000  12.3%  10.2 2557s
 8659615 2290086     cutoff  264        72.99999   64.00000  12.3%  10.2 2563s
 8691647 2290103   70.50000  271   29   72.99999   64.00000  12.3%  10.2 2567s
 8691694 2299807 infeasible  272        72.99999   64.00000  12.3%  10.2 2573s
 8723726 2299827   68.75000  264   31   72.99999   64.00000  12.3%  10.2 2576s
 8723769 2310008   72.25000  265   31   72.99999   64.00000  12.3%  10.2 2583s
 8755801 2310017 infeasible  296        72.99999   64.00000  12.3%  10.2 2588s
 8755853 2320092   66.00000  281   37   72.99999   64.00000  12.3%  10.2 2594s
 8768866 2320092     cutoff  318        72.99999   64.00000  12.3%  10.2 2595s
 8787933 2329358     cutoff  344        72.99999   64.00000  12.3%  10.2 2604s
 8808954 2329358   66.50000  302   33   72.99999   64.00000  12.3%  10.2 2605s
 8820031 2339579   64.00000  283   33   72.99999   64.00000  12.3%  10.2 2615s
 8852107 2349758 infeasible  286        72.99999   64.00000  12.3%  10.2 2625s
 8884194 2358505   67.54346  298   35   72.99999   64.00000  12.3%  10.2 2635s
 8916283 2367674     cutoff  304        72.99999   64.00000  12.3%  10.2 2645s
 8948364 2378007 infeasible  300        72.99999   64.00000  12.3%  10.2 2653s
 8980396 2378018     cutoff  318        72.99999   64.00000  12.3%  10.2 2659s
 8980449 2386500     cutoff  319        72.99999   64.00000  12.3%  10.2 2663s
 9012481 2386506   65.50000  282   40   72.99999   64.00000  12.3%  10.2 2670s
 9044569 2395604   70.00000  273   33   72.99999   64.00000  12.3%  10.2 2679s
 9044625 2405614   71.25000  274   33   72.99999   64.00000  12.3%  10.2 2683s
 9076657 2405622   64.50000  301   32   72.99999   64.00000  12.3%  10.2 2689s
 9076709 2415493   68.00000  302   30   72.99999   64.00000  12.3%  10.2 2693s
 9108741 2415504 infeasible  293        72.99999   64.00000  12.3%  10.2 2699s
 9108793 2425058 infeasible  292        72.99999   64.00000  12.3%  10.2 2703s
 9140825 2425070 infeasible  315        72.99999   64.00000  12.3%  10.2 2710s
 9172908 2434437     cutoff  312        72.99999   64.00000  12.3%  10.2 2719s
 9172957 2443913     cutoff  313        72.99999   64.00000  12.3%  10.2 2723s
 9204989 2443928     cutoff  304        72.99999   64.00000  12.3%  10.2 2728s
 9205038 2454016   68.34926  305   41   72.99999   64.00000  12.3%  10.2 2732s
 9237070 2454029 infeasible  294        72.99999   64.00000  12.3%  10.2 2738s
 9237121 2462853   65.50000  295   58   72.99999   64.00000  12.3%  10.2 2742s
 9269153 2462859 infeasible  268        72.99999   64.00000  12.3%  10.2 2746s
 9269211 2471544 infeasible  266        72.99999   64.00000  12.3%  10.2 2752s
 9301243 2471558 infeasible  284        72.99999   64.00000  12.3%  10.2 2757s
 9301292 2480690   64.00000  283   31   72.99999   64.00000  12.3%  10.2 2761s
 9333324 2480702   68.83333  353   41   72.99999   64.00000  12.3%  10.2 2767s
 9333376 2490204 infeasible  354        72.99999   64.00000  12.3%  10.2 2771s
 9365408 2490204   69.25000  316   37   72.99999   64.00000  12.3%  10.2 2777s
 9365471 2499243   71.25000  317   37   72.99999   64.00000  12.3%  10.2 2781s
 9397503 2499252   65.00000  262   31   72.99999   64.00000  12.3%  10.2 2787s
 9397557 2508645   64.00000  262   33   72.99999   64.00000  12.3%  10.2 2791s
 9429589 2508654   64.25000  269   41   72.99999   64.00000  12.3%  10.2 2797s
 9429643 2517555   64.25000  270   45   72.99999   64.00000  12.3%  10.2 2803s
 9461675 2517573   65.50000  275   35   72.99999   64.00000  12.3%  10.2 2806s
 9461720 2526288   65.50000  276   33   72.99999   64.00000  12.3%  10.2 2812s
 9493752 2526298   69.00000  265   35   72.99999   64.00000  12.3%  10.2 2816s
 9493806 2536428   72.75000  266   33   72.99999   64.00000  12.3%  10.2 2823s
 9525838 2536448 infeasible  315        72.99999   64.00000  12.3%  10.2 2826s
 9525882 2546456   66.50000  264   33   72.99999   64.00000  12.3%  10.2 2832s
 9557914 2546469 infeasible  259        72.99999   64.00000  12.3%  10.2 2835s
 9557964 2556106   64.25000  257   33   72.99999   64.00000  12.3%  10.2 2841s
 9589996 2556119   72.50000  277   33   72.99999   64.00000  12.3%  10.2 2845s
 9622079 2565374   66.50000  249   35   72.99999   64.00000  12.3%  10.2 2855s
 9654165 2574747 infeasible  291        72.99999   64.00000  12.3%  10.2 2864s
 9654207 2583611   65.00000  290   41   72.99999   64.00000  12.3%  10.2 2868s
 9686239 2583620   65.00000  276   31   72.99999   64.00000  12.3%  10.2 2874s
 9686294 2591725   67.50000  277   33   72.99999   64.00000  12.3%  10.2 2880s
 9718374 2601901   66.25000  282   35   72.99999   64.00000  12.3%  10.2 2888s
 9750406 2601913 infeasible  305        72.99999   64.00000  12.3%  10.2 2894s
 9750458 2611112 infeasible  307        72.99999   64.00000  12.3%  10.2 2898s
 9782490 2611124   65.00000  275   34   72.99999   64.00000  12.3%  10.2 2903s
 9782542 2619730   65.00000  276   35   72.99999   64.00000  12.3%  10.2 2907s
 9814574 2619749   70.50000  304   31   72.99999   64.00000  12.3%  10.2 2914s
 9814619 2629037   70.50000  305   32   72.99999   64.00000  12.3%  10.2 2918s
 9846651 2629053   65.50000  271   35   72.99999   64.00000  12.3%  10.2 2923s
 9846697 2638002     cutoff  272        72.99999   64.00000  12.3%  10.2 2927s
 9878729 2638005 infeasible  284        72.99999   64.00000  12.3%  10.2 2933s
 9878790 2647823 infeasible  285        72.99999   64.00000  12.3%  10.2 2937s
 9910822 2647819 infeasible  293        72.99999   64.00000  12.3%  10.2 2942s
 9910889 2657677   69.50000  293   29   72.99999   64.00000  12.3%  10.2 2946s
 9942921 2657685     cutoff  281        72.99999   64.00000  12.3%  10.2 2952s
 9942977 2665900     cutoff  282        72.99999   64.00000  12.3%  10.2 2956s
 9975009 2665912 infeasible  300        72.99999   64.00000  12.3%  10.2 2961s
 9975059 2675413   64.00000  270   33   72.99999   64.00000  12.3%  10.2 2965s
 10007091 2675415   67.25000  284   31   72.99999   64.00000  12.3%  10.2 2971s
 10007152 2684373   64.25000  284   33   72.99999   64.00000  12.3%  10.2 2975s
 10039240 2694343   64.50000  270   39   72.99999   64.00000  12.3%  10.2 2984s
 10050251 2694343 infeasible  310        72.99999   64.00000  12.3%  10.2 2985s
 10071325 2702943 infeasible  284        72.99999   64.00000  12.3%  10.2 2994s
 10103357 2702959 infeasible  314        72.99999   64.00000  12.3%  10.2 2997s
 10103405 2712179   66.00000  312   38   72.99999   64.00000  12.3%  10.2 3001s
 10135437 2712186   64.00000  271   33   72.99999   64.00000  12.3%  10.2 3007s
 10135490 2720525   64.00000  272   38   72.99999   64.00000  12.3%  10.2 3012s
 10167522 2720522 infeasible  232        72.99999   64.00000  12.3%  10.2 3018s
 10167587 2729331   71.75000  233   35   72.99999   64.00000  12.3%  10.2 3022s
 10199619 2729350 infeasible  279        72.99999   64.00000  12.3%  10.2 3027s
 10199661 2737761   64.50000  248   29   72.99999   64.00000  12.3%  10.2 3031s
 10231693 2737778   64.00000  253   35   72.99999   64.00000  12.3%  10.2 3035s
 10231739 2747186   64.00000  254   35   72.99999   64.00000  12.3%  10.2 3041s
 10263771 2747197   64.00000  268   33   72.99999   64.00000  12.3%  10.2 3045s
 10263823 2755801   66.00000  269   35   72.99999   64.00000  12.3%  10.2 3051s
 10295904 2764977   64.00000  259   37   72.99999   64.00000  12.3%  10.3 3058s
 10327936 2764993   66.50000  271   34   72.99999   64.00000  12.3%  10.3 3066s
 10327983 2773735 infeasible  272        72.99999   64.00000  12.3%  10.3 3070s
 10360015 2773751   64.50000  239   35   72.99999   64.00000  12.3%  10.3 3075s
 10392094 2782754   65.75000  271   29   72.99999   64.00000  12.3%  10.3 3085s
 10424179 2791367   72.50000  294   30   72.99999   64.00000  12.3%  10.3 3094s
 10424220 2800547     cutoff  295        72.99999   64.00000  12.3%  10.3 3098s
 10456252 2800561   64.00000  284   34   72.99999   64.00000  12.3%  10.3 3101s
 10456300 2810167   64.00000  285   34   72.99999   64.00000  12.3%  10.3 3107s
 10488332 2810187   67.25000  301   33   72.99999   64.00000  12.3%  10.3 3111s
 10488376 2819056   66.25000  298   33   72.99999   64.00000  12.3%  10.3 3117s
 10520408 2819070     cutoff  301        72.99999   64.00000  12.3%  10.3 3121s
 10520456 2828822     cutoff  301        72.99999   64.00000  12.3%  10.3 3127s
 10552488 2828825   64.00000  256   33   72.99999   64.00000  12.3%  10.3 3131s
 10552548 2837641   64.00000  257   33   72.99999   64.00000  12.3%  10.3 3135s
 10584580 2837651   64.00000  329   34   72.99999   64.00000  12.3%  10.3 3140s
 10584633 2847177   64.00000  330   32   72.99999   64.00000  12.3%  10.3 3145s
 10616665 2847188   71.75000  306   35   72.99999   64.00000  12.3%  10.3 3151s
 10616716 2855968   68.50000  302   35   72.99999   64.00000  12.3%  10.3 3155s
 10648807 2865037   65.50685  271   36   72.99999   64.00000  12.3%  10.3 3164s
 10680839 2865049     cutoff  291        72.99999   64.00000  12.3%  10.3 3167s
 10680891 2874670   69.51389  290   34   72.99999   64.00000  12.3%  10.3 3173s
 10712923 2874686   71.50000  287   35   72.99999   64.00000  12.3%  10.3 3178s
 10712971 2883733     cutoff  288        72.99999   64.00000  12.3%  10.3 3183s
 10745003 2883748     cutoff  319        72.99999   64.00000  12.3%  10.3 3187s
 10745051 2893285     cutoff  320        72.99999   64.00000  12.3%  10.3 3193s
 10777083 2893292   65.75000  281   35   72.99999   64.00000  12.3%  10.3 3196s
 10777134 2902933   65.75000  282   35   72.99999   64.00000  12.3%  10.3 3203s
 10809166 2902940 infeasible  280        72.99999   64.00000  12.3%  10.3 3206s
 10809223 2912300 infeasible  279        72.99999   64.00000  12.3%  10.3 3218s
 10841255 2912312   69.00000  323   32   72.99999   64.00000  12.3%  10.3 3221s
 10841305 2921051   68.50000  325   32   72.99999   64.00000  12.3%  10.3 3227s
 10873337 2921057   64.09722  257   52   72.99999   64.00000  12.3%  10.3 3230s
 10873394 2929707   68.00000  258   52   72.99999   64.00000  12.3%  10.3 3236s
 10905477 2937549   66.50000  305   33   72.99999   64.00000  12.3%  10.3 3245s
 10937563 2945747   65.50000  286   32   72.99999   64.00000  12.3%  10.3 3253s
 10969595 2945752   66.00000  259   37   72.99999   64.00000  12.3%  10.3 3259s
 10969654 2954447 infeasible  260        72.99999   64.00000  12.3%  10.3 3263s
 11001686 2954454 infeasible  296        72.99999   64.00000  12.3%  10.3 3269s
 11001743 2962669   66.00000  296   39   72.99999   64.00000  12.3%  10.3 3273s
 11033775 2962681   66.00000  290   34   72.99999   64.00000  12.3%  10.3 3276s
 11033826 2971933     cutoff  291        72.99999   64.00000  12.3%  10.3 3283s
 11065858 2971936   72.50000  303   43   72.99999   64.00000  12.3%  10.3 3286s
 11065916 2980535     cutoff  304        72.99999   64.00000  12.3%  10.3 3292s
 11097948 2980551   64.25000  254   36   72.99999   64.00000  12.3%  10.3 3296s
 11097996 2989656   64.25000  255   37   72.99999   64.00000  12.3%  10.3 3300s
 11130028 2989674   68.50000  250   33   72.99999   64.00000  12.3%  10.3 3305s
 11162106 2998154   67.75000  264   37   72.99999   64.00000  12.3%  10.3 3312s
 11162162 3007521   65.75000  264   31   72.99999   64.00000  12.3%  10.3 3318s
 11194194 3007532   65.75000  337   36   72.99999   64.00000  12.3%  10.3 3322s
 11194247 3015875   65.78472  338   41   72.99999   64.00000  12.3%  10.3 3328s
 11226279 3015883   69.00000  287   33   72.99999   64.00000  12.3%  10.3 3331s
 11226334 3025217     cutoff  288        72.99999   64.00000  12.3%  10.3 3335s
 11258366 3025220     cutoff  325        72.99999   64.00000  12.3%  10.3 3342s
 11258426 3033666   69.50000  325   31   72.99999   64.00000  12.3%  10.3 3346s
 11290458 3033674   64.00000  261   35   72.99999   64.00000  12.3%  10.3 3351s
 11290512 3042624   64.00000  262   35   72.99999   64.00000  12.3%  10.3 3355s
 11322592 3051673     cutoff  325        72.99999   64.00000  12.3%  10.3 3365s
 11354670 3060283 infeasible  295        72.99999   64.00000  12.3%  10.3 3374s
 11362678 3060283   65.50000  344   29   72.99999   64.00000  12.3%  10.3 3375s
 11386749 3070002   72.75000  288   46   72.99999   64.00000  12.3%  10.3 3384s
 11418781 3070020   72.25000  275   55   72.99999   64.00000  12.3%  10.3 3387s
 11418826 3079693   72.25000  276   59   72.99999   64.00000  12.3%  10.3 3392s
 11450858 3079711     cutoff  309        72.99999   64.00000  12.3%  10.3 3395s
 11450902 3089938     cutoff  305        72.99999   64.00000  12.3%  10.3 3402s
 11482934 3089953   71.00000  274   42   72.99999   64.00000  12.3%  10.3 3406s
 11482981 3099261   66.50000  272   40   72.99999   64.00000  12.3%  10.3 3412s
 11515013 3099272   67.00000  271   35   72.99999   64.00000  12.3%  10.3 3416s
 11515065 3108576   66.00000  272   37   72.99999   64.00000  12.3%  10.3 3423s
 11547097 3108588 infeasible  271        72.99999   64.00000  12.3%  10.3 3428s
 11547149 3118799   66.25000  271   31   72.99999   64.00000  12.3%  10.3 3434s
 11579181 3118804 infeasible  320        72.99999   64.00000  12.3%  10.3 3437s
 11579240 3128172 infeasible  321        72.99999   64.00000  12.3%  10.3 3444s
 11611272 3128188   64.00000  262   33   72.99999   64.00000  12.3%  10.3 3447s
 11611320 3138133   66.00000  263   35   72.99999   64.00000  12.3%  10.3 3453s
 11643352 3138158   69.81530  294   67   72.99999   64.00000  12.3%  10.3 3457s
 11643390 3148323   71.38621  295   66   72.99999   64.00000  12.3%  10.3 3463s
 11675422 3148349   64.25000  280   34   72.99999   64.00000  12.3%  10.3 3466s
 11675460 3157301   66.25000  281   35   72.99999   64.00000  12.3%  10.3 3470s
 11707492 3157318   64.00000  271   34   72.99999   64.00000  12.3%  10.3 3475s
 11739569 3166970   64.00000  262   35   72.99999   64.00000  12.3%  10.3 3485s
 11766653 3175613   72.50000  287   34   72.99999   64.00000  12.3%  10.3 3490s
 11771711 3185246 infeasible  263        72.99999   64.00000  12.3%  10.3 3499s
 11803743 3185255   72.50000  286   45   72.99999   64.00000  12.3%  10.3 3503s
 11803798 3194627   72.75000  287   45   72.99999   64.00000  12.3%  10.3 3509s
 11835830 3194632 infeasible  293        72.99999   64.00000  12.3%  10.3 3513s
 11835886 3202919   69.75000  292   27   72.99999   64.00000  12.3%  10.3 3519s
 11867918 3202930   64.50000  283   33   72.99999   64.00000  12.3%  10.3 3523s
 11867970 3211944   64.50000  284   33   72.99999   64.00000  12.3%  10.3 3527s
 11900002 3211954   69.00000  297   31   72.99999   64.00000  12.3%  10.3 3532s
 11900055 3221218   69.00000  298   34   72.99999   64.00000  12.3%  10.3 3536s
 11932087 3221237 infeasible  321        72.99999   64.00000  12.3%  10.3 3541s
 11932127 3230944   66.00000  285   35   72.99999   64.00000  12.3%  10.3 3545s
 11964208 3239480   66.50000  281   31   72.99999   64.00000  12.3%  10.3 3554s
 11982226 3239480   67.00000  311   33   72.99999   64.00000  12.3%  10.3 3555s
 11996240 3239498   67.50000  287   31   72.99999   64.00000  12.3%  10.3 3560s
 11996285 3248719 infeasible  288        72.99999   64.00000  12.3%  10.3 3566s
 12028317 3248731   70.00000  264   37   72.99999   64.00000  12.3%  10.3 3570s
 12028366 3258026   70.00000  265   37   72.99999   64.00000  12.3%  10.3 3575s
 12060449 3267033   65.25000  283   40   72.99999   64.00000  12.3%  10.3 3585s
 12092481 3267035     cutoff  231        72.99999   64.00000  12.3%  10.3 3590s
 12092541 3275775 infeasible  230        72.99999   64.00000  12.3%  10.3 3596s
 12124573 3275786   66.00000  278   41   72.99999   64.00000  12.3%  10.3 3600s

Cutting planes:
  Learned: 31
  Gomory: 1
  Cover: 150
  Implied bound: 88
  Clique: 96
  MIR: 287
  Flow cover: 227
  GUB cover: 1
  Mod-K: 1
  RLT: 23
  Relax-and-lift: 395

Cleanup yields a better solution

Explored 12124625 nodes (125046109 simplex iterations) in 3600.06 seconds
Thread count was 32 (of 32 available processors)

Solution count 10: 73 73 73 ... 76

Time limit reached
Best objective 7.299638386534e+01, best bound 6.400000000000e+01, gap 12.3244%
