
Gurobi 9.1.2 (linux64) logging started Wed Aug  9 19:39:36 2023

Changed value of parameter LogFile to max-ls_r=('5', '3').log
   Prev:   Default: 
Changed value of parameter MIPFocus to 1
   Prev: 0  Min: 0  Max: 3  Default: 0
Changed value of parameter Threads to 32
   Prev: 0  Min: 0  Max: 1024  Default: 0
Changed value of parameter TimeLimit to 3600.0
   Prev: inf  Min: 0.0  Max: inf  Default: inf
Warning: variable name "X[('6', '6'),('7', '6')]" has a space
Warning: constraint name "flow-constr-t0-v('6', '3')" has a space
Warning: to let Gurobi read it back, use rlp format
Gurobi Optimizer version 9.1.2 build v9.1.2rc0 (linux64)
Thread count: 16 physical cores, 32 logical processors, using up to 32 threads
Optimize a model with 2931 rows, 2688 columns and 10256 nonzeros
Model fingerprint: 0x166a2c7f
Variable types: 256 continuous, 2432 integer (2432 binary)
Coefficient statistics:
  Matrix range     [1e+00, 7e+04]
  Objective range  [2e-01, 2e-01]
  Bounds range     [1e+00, 3e+04]
  RHS range        [1e+00, 7e+04]
Presolve removed 415 rows and 424 columns
Presolve time: 0.04s
Presolved: 2516 rows, 2264 columns, 17081 nonzeros
Variable types: 256 continuous, 2008 integer (2008 binary)
Found heuristic solution: objective 20615.749997
Found heuristic solution: objective 1205.7499999

Root relaxation: objective 6.400000e+01, 151 iterations, 0.00 seconds

    Nodes    |    Current Node    |     Objective Bounds      |     Work
 Expl Unexpl |  Obj  Depth IntInf | Incumbent    BestBd   Gap | It/Node Time

     0     0   64.00000    0   47 1205.75000   64.00000  94.7%     -    0s
H    0     0                    1203.7499999   64.00000  94.7%     -    0s
H    0     0                    1203.4999999   64.00000  94.7%     -    0s
H    0     0                    1202.4999999   64.00000  94.7%     -    0s
     0     0   64.00000    0   52 1202.50000   64.00000  94.7%     -    0s
H    0     0                     103.0000000   64.00000  37.9%     -    0s
H    0     0                      99.2500000   64.00000  35.5%     -    0s
H    0     0                      97.7500000   64.00000  34.5%     -    0s
H    0     0                      93.7500000   64.00000  31.7%     -    0s
     0     0   64.00000    0   59   93.75000   64.00000  31.7%     -    0s
H    0     0                      90.7500000   64.00000  29.5%     -    0s
     0     0   64.00000    0   46   90.75000   64.00000  29.5%     -    0s
H    0     0                      79.7500000   64.00000  19.7%     -    0s
     0     0   64.00000    0   54   79.75000   64.00000  19.7%     -    0s
     0     0   64.00000    0   28   79.75000   64.00000  19.7%     -    0s
     0     0   64.00000    0   28   79.75000   64.00000  19.7%     -    0s
     0     0   64.00000    0   22   79.75000   64.00000  19.7%     -    0s
H    0     0                      79.0000000   64.00000  19.0%     -    0s
     0     0   64.00000    0   28   79.00000   64.00000  19.0%     -    0s
     0     0   64.00000    0   14   79.00000   64.00000  19.0%     -    0s
H    0     0                      71.7500000   64.00000  10.8%     -    0s
H    0     0                      70.0000000   64.00000  8.57%     -    1s
     0     2   64.00000    0   14   70.00000   64.00000  8.57%     -    1s
H   97   128                      69.5000000   64.00000  7.91%   8.5    3s
H  159   192                      69.3749999   64.00000  7.75%   6.0    3s
H  167   192                      69.1250000   64.00000  7.41%   5.8    3s
H  246   470                      69.0000000   64.00000  7.25%  15.8    4s
   469   510   64.00000   19   25   69.00000   64.00000  7.25%   9.3    5s
H  490   510                      68.2500000   64.00000  6.23%   9.0    5s
H 2223  2102                      68.0000000   64.00000  5.88%   8.5    6s
  7307  6612   67.25000  124   24   68.00000   64.00000  5.88%   7.9   10s
  7439  6731   64.00000   22   32   68.00000   64.00000  5.88%  10.2   15s
  7818  6973   64.00000   28   33   68.00000   64.00000  5.88%  10.2   20s
 11827  9387   66.00000   71   52   68.00000   64.00000  5.88%   9.7   26s
 20700 13481   64.00000   31   21   68.00000   64.00000  5.88%   9.2   32s
 26663 15849   67.75000   93   91   68.00000   64.00000  5.88%   9.4   36s
 30426 18493   64.00000   59   55   68.00000   64.00000  5.88%   9.2   41s
H32810 28700                      67.9999999   64.00000  5.88%   9.0   43s
H42780 28730                      67.9999999   64.00000  5.88%   9.0   46s
H42781 28730                      67.9999999   64.00000  5.88%   9.0   46s
H42786 28730                      67.9999998   64.00000  5.88%   9.0   46s
H42839 29400                      67.9999997   64.00000  5.88%   9.0   48s
H43126 29400                      67.9999997   64.00000  5.88%   9.0   48s
 43647 29526   66.00000  472   50   68.00000   64.00000  5.88%   9.0   50s
H43648 29526                      67.9999997   64.00000  5.88%   9.0   50s
H43661 29526                      67.9999997   64.00000  5.88%   9.0   50s
H48548 33469                      67.9999997   64.00000  5.88%   8.9   53s
H48558 33469                      67.9999996   64.00000  5.88%   8.9   53s
H48583 33497                      67.9999996   64.00000  5.88%   8.9   56s
H52188 36960                      67.9999996   64.00000  5.88%   8.8   59s
 52209 42262   64.00000  127   46   68.00000   64.00000  5.88%   8.8   60s
H57977 42288                      67.9999996   64.00000  5.88%   8.7   62s
 62306 53076   66.25000  512   46   68.00000   64.00000  5.88%   8.8   66s
H71958 53098                      67.9999995   64.00000  5.88%   9.1   69s
 71990 59815   67.75000  142   55   68.00000   64.00000  5.88%   9.1   71s
H74150 59815                      67.9999995   64.00000  5.88%   9.2   71s
H76519 59815                      67.9999995   64.00000  5.88%   9.2   71s
H78549 59815                      67.9999995   64.00000  5.88%   9.3   71s
H81980 59841                      67.9999994   64.00000  5.88%   9.4   73s
H82010 59841                      67.9999993   64.00000  5.88%   9.4   73s
 89899 64879   64.00000  106   31   68.00000   64.00000  5.88%   9.6   76s
H89902 64879                      67.9999993   64.00000  5.88%   9.6   76s
H89905 64879                      67.9999993   64.00000  5.88%   9.6   76s
H89922 64879                      67.9999993   64.00000  5.88%   9.6   76s
 95364 74625   65.50000  152   77   68.00000   64.00000  5.88%   9.6   82s
H96642 74625                      67.9999990   64.00000  5.88%   9.7   82s
H107403 76693                      67.9999990   64.00000  5.88%   9.7   84s
 111400 82441   67.25000  204   32   68.00000   64.00000  5.88%   9.8   85s
H120872 82457                      67.9999990   64.00000  5.88%   9.8   90s
H120876 82457                      67.9999990   64.00000  5.88%   9.8   90s
H130662 87896                      67.9999990   64.00000  5.88%   9.9   94s
 131335 107075   67.00000  183   28   68.00000   64.00000  5.88%   9.9  100s
H167381 115160                      67.9999990   64.00000  5.88%  10.0  104s
 179038 115177   64.00000   66   34   68.00000   64.00000  5.88%  10.0  109s
H179043 115177                      67.9999989   64.00000  5.88%  10.0  109s
 179083 115634   64.00000   67   36   68.00000   64.00000  5.88%  10.0  112s
 181060 120491   64.00000  120   35   68.00000   64.00000  5.88%  10.0  116s
H188079 120510                      67.9999989   64.00000  5.88%  10.1  118s
 188108 120981   67.75000  223   36   68.00000   64.00000  5.88%  10.1  121s
 198407 127133   67.00000  158    8   68.00000   64.00000  5.88%  10.1  125s
 199112 145455   64.00000  158   10   68.00000   64.00000  5.88%  10.1  131s
H208852 145455                      67.9999989   64.00000  5.88%  10.1  131s
 231144 145474   65.00000  219   43   68.00000   64.00000  5.88%  10.1  137s
H231168 145474                      67.9999989   64.00000  5.88%  10.1  137s
 231186 163427   65.00000  220   43   68.00000   64.00000  5.88%  10.1  144s
H251207 163427                      67.9999989   64.00000  5.88%  10.2  144s
 263218 163451   67.50000  216   67   68.00000   64.00000  5.88%  10.3  150s
 263258 182292     cutoff  217        68.00000   64.00000  5.88%  10.3  156s
H291428 182266                      67.9999621   64.00000  5.88%  10.4  157s
 295290 182283     cutoff  294        67.99996   64.00000  5.88%  10.5  162s
H295292 182283                      67.9999587   64.00000  5.88%  10.5  162s
 295330 198319   67.00000  293   32   67.99996   64.00000  5.88%  10.5  169s
 327362 198335   64.00000  162   18   67.99996   64.00000  5.88%  10.5  173s
 327409 215582   64.00000  163   14   67.99996   64.00000  5.88%  10.5  181s
 359441 223235   67.50000  261   41   67.99996   64.00000  5.88%  10.6  185s
 374409 226048     cutoff  217        67.99996   64.00000  5.88%  10.7  190s
 380021 226070   64.00000  262   27   67.99996   64.00000  5.88%  10.7  195s
 384698 229278   67.75000  226   15   67.99996   64.00000  5.88%  10.7  202s
 386568 233038     cutoff  222        67.99996   64.00000  5.88%  10.7  206s
 392813 233058   67.00000  278   25   67.99996   64.00000  5.88%  10.7  210s
 392855 250256   67.00000  279   25   67.99996   64.00000  5.88%  10.7  217s
 424887 250767   67.50000  222   47   67.99996   64.00000  5.88%  10.8  220s
 426046 266438     cutoff  232        67.99996   64.00000  5.88%  10.8  226s
 458734 284040   66.50000  253   12   67.99996   64.00000  5.88%  10.9  237s
 490766 284418   67.75000  247   31   67.99996   64.00000  5.88%  11.0  240s
 491441 300040     cutoff  248        67.99996   64.00000  5.88%  11.0  247s
 523473 300133     cutoff  214        67.99996   64.00000  5.88%  11.0  251s
 523645 316116   67.75000  214   57   67.99996   64.00000  5.88%  11.0  256s
 555677 316141 infeasible  230        67.99996   64.00000  5.88%  11.1  262s
 555715 333039     cutoff  230        67.99996   64.00000  5.88%  11.1  268s
 587747 333053     cutoff  258        67.99996   64.00000  5.88%  11.1  273s
 587793 348918   67.50000  259   36   67.99996   64.00000  5.88%  11.1  278s
 619825 348942   66.00000  247   33   67.99996   64.00000  5.88%  11.1  283s
 619865 366542   66.00000  248   33   67.99996   64.00000  5.88%  11.1  293s
 651897 366566   64.25000  226   39   67.99996   64.00000  5.88%  11.2  297s
 651934 383670   64.25000  227   33   67.99996   64.00000  5.88%  11.2  303s
 683966 383693   65.00000  254   29   67.99996   64.00000  5.88%  11.2  308s
 684007 399564   65.00000  255   29   67.99996   64.00000  5.88%  11.2  314s
 716039 399582   67.50000  209   11   67.99996   64.00000  5.88%  11.2  319s
 716083 416485   67.50000  210   11   67.99996   64.00000  5.88%  11.2  325s
 748115 416509     cutoff  225        67.99996   64.00000  5.88%  11.3  330s
 748154 431230 infeasible  201        67.99996   64.00000  5.88%  11.3  335s
 780239 447360   66.50000  267   36   67.99996   64.00000  5.88%  11.3  347s
 812271 447387   66.25000  303   31   67.99996   64.00000  5.88%  11.3  350s
 812329 464512   66.25000  304   31   67.99996   64.00000  5.88%  11.3  359s
 844361 464533     cutoff  270        67.99996   64.00000  5.88%  11.4  362s
 844436 478525     cutoff  271        67.99996   64.00000  5.88%  11.4  370s
 876508 493464   67.25000  242   45   67.99996   64.00000  5.88%  11.4  379s
 908540 493482   66.50000  223   27   67.99996   64.00000  5.88%  11.4  384s
 908583 508975   66.50000  224   27   67.99996   64.00000  5.88%  11.4  389s
 930605 508975   65.00000  266   30   67.99996   64.00000  5.88%  11.4  390s
 940670 524648     cutoff  299        67.99996   64.00000  5.88%  11.4  400s
 972760 540829   67.75000  290   36   67.99996   64.00000  5.88%  11.4  411s
 1004837 555418   64.00000  233   14   67.99996   64.00000  5.88%  11.4  420s
 1036869 555438   65.75000  356   25   67.99996   64.00000  5.88%  11.5  426s
 1036913 570843   65.75000  357   25   67.99996   64.00000  5.88%  11.5  433s
 1068945 570859   64.00000  211   20   67.99996   64.00000  5.88%  11.5  439s
 1068991 585816   64.25000  212   26   67.99996   64.00000  5.88%  11.5  445s
 1101023 585831   66.25000  279   47   67.99996   64.00000  5.88%  11.5  450s
 1101070 601295   66.25000  280   46   67.99996   64.00000  5.88%  11.5  456s
 1133145 616864     cutoff  276        67.99996   64.00000  5.88%  11.5  468s
 1165177 616886   66.50000  264   41   67.99996   64.00000  5.88%  11.5  473s
 1165216 632671     cutoff  265        67.99996   64.00000  5.88%  11.5  478s
 1197248 632683   67.75000  228   30   67.99996   64.00000  5.88%  11.5  483s
 1197296 647663     cutoff  229        67.99996   64.00000  5.88%  11.5  489s
 1229328 647680     cutoff  327        67.99996   64.00000  5.88%  11.5  494s
 1229373 662954   67.50000  328   25   67.99996   64.00000  5.88%  11.5  503s
 1261405 662977   64.50000  281   35   67.99996   64.00000  5.88%  11.5  508s
 1261444 677827   64.54348  282   38   67.99996   64.00000  5.88%  11.5  513s
 1293476 677844   65.00000  265   21   67.99996   64.00000  5.88%  11.5  517s
 1293522 693055   65.25000  266   15   67.99996   64.00000  5.88%  11.5  525s
 1325595 707965   64.00000  245   20   67.99996   64.00000  5.88%  11.6  536s
 1357670 722635     cutoff  272        67.99996   64.00000  5.88%  11.6  547s
 1389702 722656   67.75000  254   60   67.99996   64.00000  5.88%  11.6  551s
 1389744 737316   67.75000  255   59   67.99996   64.00000  5.88%  11.6  559s
 1421776 737331   66.25000  292   26   67.99996   64.00000  5.88%  11.6  563s
 1421819 750899     cutoff  293        67.99996   64.00000  5.88%  11.6  569s
 1443841 750899   64.00000  235   12   67.99996   64.00000  5.88%  11.6  570s
 1453895 766947   67.00000  268   39   67.99996   64.00000  5.88%  11.6  580s
 1485968 781238   67.75000  272   20   67.99996   64.00000  5.88%  11.6  591s
 1518041 796024     cutoff  267        67.99996   64.00000  5.88%  11.6  601s
 1550073 796046   65.00000  299   44   67.99996   64.00000  5.88%  11.6  605s
 1550111 810377   65.02083  300   47   67.99996   64.00000  5.88%  11.6  616s
 1582176 826189   67.00000  222   14   67.99996   64.00000  5.88%  11.6  627s
 1614208 826196   67.75000  245   22   67.99996   64.00000  5.88%  11.6  630s
 1614261 841649     cutoff  246        67.99996   64.00000  5.88%  11.6  636s
 1646293 841672   66.75000  303   37   67.99996   64.00000  5.88%  11.6  642s
 1646331 855975     cutoff  304        67.99996   64.00000  5.88%  11.6  647s
 1678363 855985   65.25000  268   14   67.99996   64.00000  5.88%  11.6  653s
 1678414 870361   66.25000  269   12   67.99996   64.00000  5.88%  11.6  659s
 1710446 870380   67.25000  278   28   67.99996   64.00000  5.88%  11.6  665s
 1710488 885456     cutoff  279        67.99996   64.00000  5.88%  11.6  670s
 1742520 885475     cutoff  307        67.99996   64.00000  5.88%  11.6  676s
 1742562 899461   67.50000  309   52   67.99996   64.00000  5.88%  11.6  683s
 1774594 899482   64.00000  267   22   67.99996   64.00000  5.88%  11.7  686s
 1774637 913473   64.00000  268   29   67.99996   64.00000  5.88%  11.7  693s
 1806669 913489   67.50000  288   18   67.99996   64.00000  5.88%  11.7  697s
 1806714 927516   67.50000  289   18   67.99996   64.00000  5.88%  11.7  704s
 1814722 927516   67.75000  274   41   67.99996   64.00000  5.88%  11.7  705s
 1838793 942588     cutoff  230        67.99996   64.00000  5.88%  11.7  716s
 1870825 942607   64.50000  253   19   67.99996   64.00000  5.88%  11.7  720s
 1870869 956038   64.50000  254   19   67.99996   64.00000  5.88%  11.7  727s
 1902901 956061   64.62500  288   21   67.99996   64.00000  5.88%  11.7  732s
 1902940 969408   64.62500  289   21   67.99996   64.00000  5.88%  11.7  740s
 1935021 982551     cutoff  307        67.99996   64.00000  5.88%  11.7  750s
 1967053 982557   67.25000  235   43   67.99996   64.00000  5.88%  11.7  756s
 1967109 996516     cutoff  237        67.99996   64.00000  5.88%  11.7  762s
 1999141 996541   67.75000  276   26   67.99996   64.00000  5.88%  11.7  767s
 1999180 1010038     cutoff  277        67.99996   64.00000  5.88%  11.7  773s
 2031212 1010055   67.50000  274   32   67.99996   64.00000  5.88%  11.7  779s
 2031255 1024877   67.50000  275   27   67.99996   64.00000  5.88%  11.7  784s
 2036260 1024877   66.00000  353   30   67.99996   64.00000  5.88%  11.7  785s
 2063328 1039570     cutoff  247        67.99996   64.00000  5.88%  11.7  796s
 2095360 1039585   65.75000  261   34   67.99996   64.00000  5.88%  11.7  800s
 2095407 1053038   65.75000  262   34   67.99996   64.00000  5.88%  11.7  806s
 2127439 1053056   67.75000  258   24   67.99996   64.00000  5.88%  11.7  811s
 2127481 1067456     cutoff  259        67.99996   64.00000  5.88%  11.7  817s
 2159513 1067478   67.50000  277   47   67.99996   64.00000  5.88%  11.8  822s
 2159551 1081038     cutoff  278        67.99996   64.00000  5.88%  11.8  828s
 2191583 1081047   67.75000  234   24   67.99996   64.00000  5.88%  11.8  833s
 2191631 1095760     cutoff  235        67.99996   64.00000  5.88%  11.8  839s
 2223663 1095781   66.00000  276   18   67.99996   64.00000  5.88%  11.8  844s
 2223705 1109747   66.00000  277   18   67.99996   64.00000  5.88%  11.8  850s
 2255737 1109763     cutoff  267        67.99996   64.00000  5.88%  11.8  855s
 2255783 1124019   67.00000  267   16   67.99996   64.00000  5.88%  11.8  861s
 2287815 1124040     cutoff  265        67.99996   64.00000  5.88%  11.8  866s
 2287857 1137784   67.00000  266   26   67.99996   64.00000  5.88%  11.8  875s
 2319934 1151495   64.75000  305   10   67.99996   64.00000  5.88%  11.8  887s
 2351966 1151511   67.75000  324   17   67.99996   64.00000  5.88%  11.8  891s
 2352010 1165486   67.75000  325   17   67.99996   64.00000  5.88%  11.8  899s
 2353011 1165486     cutoff  297        67.99996   64.00000  5.88%  11.8  900s
 2384091 1178355   64.00000  260   33   67.99996   64.00000  5.88%  11.8  911s
 2416123 1178378   64.00000  262   27   67.99996   64.00000  5.88%  11.8  915s
 2416163 1193102   64.00000  263   25   67.99996   64.00000  5.88%  11.8  923s
 2448195 1193122   67.75000  288   38   67.99996   64.00000  5.88%  11.8  926s
 2448239 1206957     cutoff  289        67.99996   64.00000  5.88%  11.8  935s
 2480316 1221359   66.00000  341   18   67.99996   64.00000  5.88%  11.8  945s
 2512402 1235542   66.00000  313   37   67.99996   64.00000  5.88%  11.8  956s
 2544490 1250167     cutoff  245        67.99996   64.00000  5.88%  11.8  967s
 2576522 1250194   67.06250  298   17   67.99996   64.00000  5.88%  11.8  970s
 2576557 1264313     cutoff  299        67.99996   64.00000  5.88%  11.8  978s
 2608589 1264331   67.12500  265   27   67.99996   64.00000  5.88%  11.8  981s
 2608633 1279253   67.12500  265   23   67.99996   64.00000  5.88%  11.8  989s
 2631656 1279253 infeasible  237        67.99996   64.00000  5.88%  11.8  990s
 2640710 1293738   64.50000  291   32   67.99996   64.00000  5.88%  11.8 1002s
 2672742 1293755   66.47414  291   41   67.99996   64.00000  5.88%  11.8 1005s
 2672783 1307936   65.75000  288   28   67.99996   64.00000  5.88%  11.8 1011s
 2704815 1307952   66.00000  273   22   67.99996   64.00000  5.88%  11.8 1017s
 2704861 1323561   66.00000  274   22   67.99996   64.00000  5.88%  11.8 1023s
 2736893 1323577     cutoff  274        67.99996   64.00000  5.88%  11.8 1029s
 2736940 1338016   67.25000  271   31   67.99996   64.00000  5.88%  11.8 1039s
 2768972 1338034     cutoff  353        67.99996   64.00000  5.88%  11.8 1044s
 2769017 1351760   67.75000  354   18   67.99996   64.00000  5.88%  11.8 1050s
 2801049 1351778   67.75000  297   27   67.99996   64.00000  5.88%  11.8 1055s
 2801089 1365739     cutoff  298        67.99996   64.00000  5.88%  11.8 1061s
 2833121 1365758   64.50000  276   33   67.99996   64.00000  5.88%  11.8 1067s
 2833165 1380526   64.50000  277   32   67.99996   64.00000  5.88%  11.8 1073s
 2865197 1380543   65.50000  262   17   67.99996   64.00000  5.88%  11.9 1076s
 2865244 1393972   65.50000  262   17   67.99996   64.00000  5.88%  11.9 1085s
 2897325 1408309   64.75000  278   12   67.99996   64.00000  5.88%  11.9 1095s
 2929357 1408327     cutoff  258        67.99996   64.00000  5.88%  11.9 1100s
 2929402 1422503     cutoff  259        67.99996   64.00000  5.88%  11.9 1106s
 2961434 1422518   66.24998  221   17   67.99996   64.00000  5.88%  11.9 1112s
 2961479 1436059     cutoff  222        67.99996   64.00000  5.88%  11.9 1117s
 2993511 1436084   67.50000  308   39   67.99996   64.00000  5.88%  11.9 1123s
 2993549 1450285     cutoff  309        67.99996   64.00000  5.88%  11.9 1129s
 3025581 1450297   64.00000  294   14   67.99996   64.00000  5.88%  11.9 1132s
 3025630 1464832   64.00000  295   25   67.99996   64.00000  5.88%  11.9 1145s
 3057703 1478644     cutoff  343        67.99996   64.00000  5.88%  11.9 1156s
 3089735 1478651   64.02083  280   18   67.99996   64.00000  5.88%  11.9 1160s
 3089789 1492741   64.02083  281   18   67.99996   64.00000  5.88%  11.9 1168s
 3121821 1492751     cutoff  289        67.99996   64.00000  5.88%  11.9 1172s
 3121871 1505466     cutoff  288        67.99996   64.00000  5.88%  11.9 1178s
 3153903 1505483   67.75000  237   18   67.99996   64.00000  5.88%  11.9 1184s
 3153949 1518428     cutoff  238        67.99996   64.00000  5.88%  11.9 1189s
 3166962 1518428   67.00000  254   25   67.99996   64.00000  5.88%  11.9 1190s
 3185981 1518454   67.00000  241   23   67.99996   64.00000  5.88%  11.9 1195s
 3186018 1532588   67.00000  242   32   67.99996   64.00000  5.88%  11.9 1201s
 3218050 1532605   64.00000  292   22   67.99996   64.00000  5.88%  11.9 1205s
 3218094 1545899   64.00000  293   15   67.99996   64.00000  5.88%  11.9 1213s
 3250126 1545919   64.00000  305   15   67.99996   64.00000  5.88%  11.9 1217s
 3250168 1559822   64.00000  306   28   67.99996   64.00000  5.88%  11.9 1225s
 3282248 1572444     cutoff  278        67.99996   64.00000  5.88%  11.9 1235s
 3314280 1572450     cutoff  284        67.99996   64.00000  5.88%  11.9 1241s
 3314338 1585846   65.00000  283   20   67.99996   64.00000  5.88%  11.9 1247s
 3346370 1585859     cutoff  303        67.99996   64.00000  5.88%  11.9 1252s
 3346415 1599701   67.50000  302   52   67.99996   64.00000  5.88%  11.9 1258s
 3378447 1599716     cutoff  280        67.99996   64.00000  5.88%  11.9 1262s
 3378493 1611642     cutoff  278        67.99996   64.00000  5.88%  11.9 1268s
 3410525 1611649   67.75000  279   38   67.99996   64.00000  5.88%  12.0 1274s
 3410577 1625280     cutoff  280        67.99996   64.00000  5.88%  12.0 1280s
 3442609 1625297     cutoff  286        67.99996   64.00000  5.88%  12.0 1286s
 3442654 1637757   65.00000  287   20   67.99996   64.00000  5.88%  12.0 1297s
 3474686 1637770   65.50000  268   16   67.99996   64.00000  5.88%  12.0 1303s
 3474734 1651326   65.00000  269   26   67.99996   64.00000  5.88%  12.0 1309s
 3506766 1651344     cutoff  235        67.99996   64.00000  5.88%  12.0 1315s
 3506807 1664811   66.50000  235   39   67.99996   64.00000  5.88%  12.0 1321s
 3538839 1664821   66.75000  284   45   67.99996   64.00000  5.88%  12.0 1327s
 3538891 1678463   66.75000  284   46   67.99996   64.00000  5.88%  12.0 1333s
 3570923 1678483     cutoff  282        67.99996   64.00000  5.88%  12.0 1338s
 3570961 1691455   67.50000  283   16   67.99996   64.00000  5.88%  12.0 1345s
 3602993 1691459   65.50000  287   40   67.99996   64.00000  5.88%  12.0 1350s
 3603047 1703265   66.00000  288   36   67.99996   64.00000  5.88%  12.0 1356s
 3635079 1703293   65.50000  271   12   67.99996   64.00000  5.88%  12.0 1361s
 3635115 1716951   65.50000  272   12   67.99996   64.00000  5.88%  12.0 1367s
 3667147 1716967   64.00000  333   13   67.99996   64.00000  5.88%  12.0 1372s
 3667192 1728904   64.00000  334   12   67.99996   64.00000  5.88%  12.0 1378s
 3699224 1728923   65.25000  311   22   67.99996   64.00000  5.88%  12.0 1384s
 3699266 1741532   65.25000  312   22   67.99996   64.00000  5.88%  12.0 1390s
 3731298 1741541     cutoff  313        67.99996   64.00000  5.88%  12.0 1396s
 3731349 1754479     cutoff  315        67.99996   64.00000  5.88%  12.0 1403s
 3763381 1754503     cutoff  329        67.99996   64.00000  5.88%  12.0 1408s
 3763419 1766916     cutoff  327        67.99996   64.00000  5.88%  12.0 1414s
 3790446 1766916   65.50000  245   32   67.99996   64.00000  5.88%  12.0 1415s
 3795491 1781043   67.08333  314   40   67.99996   64.00000  5.88%  12.0 1427s
 3827523 1781053 infeasible  280        67.99996   64.00000  5.88%  12.0 1430s
 3827576 1793662     cutoff  280        67.99996   64.00000  5.88%  12.0 1439s
 3859608 1793678     cutoff  326        67.99996   64.00000  5.88%  12.0 1443s
 3859655 1806353   65.50000  324   27   67.99996   64.00000  5.88%  12.0 1449s
 3885681 1806353   66.50000  256   18   67.99996   64.00000  5.88%  12.1 1450s
 3891687 1806360     cutoff  320        67.99996   64.00000  5.88%  12.1 1455s
 3891742 1818420     cutoff  318        67.99996   64.00000  5.88%  12.1 1461s
 3923820 1832700   67.00000  308   37   67.99996   64.00000  5.88%  12.1 1474s
 3924821 1832700   65.00000  289   25   67.99996   64.00000  5.88%  12.1 1475s
 3955900 1844802   67.50000  318   36   67.99996   64.00000  5.88%  12.1 1486s
 3987932 1844820   67.00000  303   34   67.99996   64.00000  5.88%  12.1 1490s
 3987977 1856561     cutoff  304        67.99996   64.00000  5.88%  12.1 1498s
 4020009 1856582   67.00000  295   30   67.99996   64.00000  5.88%  12.1 1502s
 4020050 1869461   67.00000  295   35   67.99996   64.00000  5.88%  12.1 1510s
 4052125 1881872   66.00000  253   20   67.99996   64.00000  5.88%  12.1 1522s
 4084157 1881892   64.50000  326   24   67.99996   64.00000  5.88%  12.1 1525s
 4084198 1894567   64.75000  326   27   67.99996   64.00000  5.88%  12.1 1536s
 4116230 1894579   67.00000  325   29   67.99996   64.00000  5.88%  12.1 1540s
 4116282 1907159   67.00000  326   29   67.99996   64.00000  5.88%  12.1 1546s
 4148314 1907174     cutoff  321        67.99996   64.00000  5.88%  12.1 1552s
 4148359 1919282   66.83333  320   25   67.99996   64.00000  5.88%  12.1 1558s
 4180391 1919295   64.00000  259   28   67.99996   64.00000  5.88%  12.1 1564s
 4180439 1931364   64.00000  260   26   67.99996   64.00000  5.88%  12.1 1570s
 4212471 1931382   65.00000  320   33   67.99996   64.00000  5.88%  12.1 1576s
 4212516 1943585   65.00000  321   38   67.99996   64.00000  5.88%  12.1 1582s
 4244548 1943606   67.50000  309   36   67.99996   64.00000  5.88%  12.1 1585s
 4244588 1954689     cutoff  310        67.99996   64.00000  5.88%  12.1 1593s
 4276620 1954707   67.16667  345   18   67.99996   64.00000  5.88%  12.1 1597s
 4276661 1967080     cutoff  346        67.99996   64.00000  5.88%  12.1 1606s
 4308738 1978736   67.25000  357   39   67.99996   64.00000  5.88%  12.1 1615s
 4340770 1978749   65.00000  298   42   67.99996   64.00000  5.88%  12.1 1621s
 4340816 1990544   65.00000  302   41   67.99996   64.00000  5.88%  12.1 1627s
 4372848 1990560   67.50000  373   23   67.99996   64.00000  5.88%  12.1 1635s
 4372896 2003377   67.50000  374   20   67.99996   64.00000  5.88%  12.1 1642s
 4404928 2003400   67.75000  320   12   67.99996   64.00000  5.88%  12.1 1646s
 4404966 2014751   67.75000  321   10   67.99996   64.00000  5.88%  12.1 1654s
 4425987 2014751     cutoff  357        67.99996   64.00000  5.88%  12.1 1655s
 4437047 2027273   64.50000  308   29   67.99996   64.00000  5.88%  12.1 1667s
 4469079 2027283   67.25000  308   25   67.99996   64.00000  5.88%  12.1 1670s
 4469132 2038832   67.25000  309   25   67.99996   64.00000  5.88%  12.1 1678s
 4501164 2038848   67.87500  355   25   67.99996   64.00000  5.88%  12.2 1682s
 4501211 2050680 infeasible  356        67.99996   64.00000  5.88%  12.2 1688s
 4533243 2050700   66.25000  266   37   67.99996   64.00000  5.88%  12.2 1694s
 4533285 2062916   66.25000  267   34   67.99996   64.00000  5.88%  12.2 1699s
 4565317 2062930   67.25000  346   13   67.99996   64.00000  5.88%  12.2 1703s
 4565363 2074304     cutoff  347        67.99996   64.00000  5.88%  12.2 1711s
 4597395 2074325   64.00000  297   22   67.99996   64.00000  5.88%  12.2 1715s
 4597438 2086992   65.00000  298   36   67.99996   64.00000  5.88%  12.2 1723s
 4629470 2087006     cutoff  269        67.99996   64.00000  5.88%  12.2 1727s
 4629519 2099328     cutoff  270        67.99996   64.00000  5.88%  12.2 1735s
 4661616 2110311   64.00000  306   20   67.99996   64.00000  5.88%  12.2 1744s
 4677632 2110311   65.25000  292   35   67.99996   64.00000  5.88%  12.2 1745s
 4693648 2110328   65.75000  308   33   67.99996   64.00000  5.88%  12.2 1750s
 4693693 2121455   65.75000  309   33   67.99996   64.00000  5.88%  12.2 1756s
 4725725 2121467   64.25000  333   12   67.99996   64.00000  5.88%  12.2 1761s
 4725775 2133573   64.25000  334   12   67.99996   64.00000  5.88%  12.2 1767s
 4757807 2133592   67.01042  294   33   67.99996   64.00000  5.88%  12.2 1774s
 4757850 2145987   67.06250  295   28   67.99996   64.00000  5.88%  12.2 1780s
 4789882 2146009   67.25000  306   46   67.99996   64.00000  5.88%  12.2 1785s
 4789921 2158737   67.25000  307   46   67.99996   64.00000  5.88%  12.2 1792s
 4821953 2158759     cutoff  314        67.99996   64.00000  5.88%  12.2 1797s
 4821994 2171566   65.00000  312   33   67.99996   64.00000  5.88%  12.2 1803s
 4854026 2171582   67.50000  305   43   67.99996   64.00000  5.88%  12.2 1809s
 4854073 2182293     cutoff  306        67.99996   64.00000  5.88%  12.2 1815s
 4886105 2182306   64.50000  299   13   67.99996   64.00000  5.88%  12.2 1820s
 4886156 2194343   64.50000  300   13   67.99996   64.00000  5.88%  12.2 1826s
 4918188 2194356   66.28261  267   50   67.99996   64.00000  5.88%  12.2 1832s
 4918231 2207005   66.25000  268   38   67.99996   64.00000  5.88%  12.2 1838s
 4950263 2207010     cutoff  315        67.99996   64.00000  5.88%  12.2 1843s
 4950317 2218742   67.16667  244   24   67.99996   64.00000  5.88%  12.2 1849s
 4982349 2218758   66.50000  355   17   67.99996   64.00000  5.88%  12.2 1855s
 4982396 2231886     cutoff  356        67.99996   64.00000  5.88%  12.2 1861s
 5014428 2231901   64.00000  296   20   67.99996   64.00000  5.88%  12.2 1865s
 5014475 2244358   64.00000  297   20   67.99996   64.00000  5.88%  12.2 1874s
 5046507 2244371     cutoff  329        67.99996   64.00000  5.88%  12.2 1877s
 5046555 2256935     cutoff  330        67.99996   64.00000  5.88%  12.2 1886s
 5078587 2256956   67.50000  289   12   67.99996   64.00000  5.88%  12.2 1890s
 5078626 2268588 infeasible  290        67.99996   64.00000  5.88%  12.2 1898s
 5110658 2268592   66.33333  348   21   67.99996   64.00000  5.88%  12.2 1901s
 5110716 2280981   65.00000  348   18   67.99996   64.00000  5.88%  12.2 1920s
 5142790 2293695     cutoff  343        67.99996   64.00000  5.88%  12.2 1932s
 5174822 2293705   65.50000  345   11   67.99996   64.00000  5.88%  12.2 1935s
 5174874 2305854     cutoff  346        67.99996   64.00000  5.88%  12.2 1944s
 5206906 2305876   65.25000  276   34   67.99996   64.00000  5.88%  12.2 1947s
 5206946 2318444   65.25000  277   32   67.99996   64.00000  5.88%  12.2 1956s
 5239025 2330738     cutoff  301        67.99996   64.00000  5.88%  12.2 1966s
 5271103 2342112   67.25000  318   17   67.99996   64.00000  5.88%  12.2 1977s
 5303135 2342127   67.75000  249   21   67.99996   64.00000  5.88%  12.2 1981s
 5303183 2354588     cutoff  250        67.99996   64.00000  5.88%  12.2 1990s
 5335265 2366579   65.75000  235   18   67.99996   64.00000  5.88%  12.2 2001s
 5367356 2378412   64.56250  274   35   67.99996   64.00000  5.88%  12.2 2012s
 5399388 2378426 infeasible  325        67.99996   64.00000  5.88%  12.2 2016s
 5399432 2390669   66.00000  326   15   67.99996   64.00000  5.88%  12.2 2023s
 5431464 2390677   65.30000  350   29   67.99996   64.00000  5.88%  12.2 2027s
 5431516 2402342   65.25000  350   32   67.99996   64.00000  5.88%  12.2 2035s
 5463599 2413855 infeasible  370        67.99996   64.00000  5.88%  12.2 2047s
 5495631 2413871 infeasible  342        67.99996   64.00000  5.88%  12.2 2050s
 5495678 2424974   65.00000  341   12   67.99996   64.00000  5.88%  12.2 2058s
 5527710 2424986   66.25000  341   14   67.99996   64.00000  5.88%  12.3 2062s
 5527761 2437000   66.54167  342   22   67.99996   64.00000  5.88%  12.3 2070s
 5559838 2447486   66.75000  283   12   67.99996   64.00000  5.88%  12.2 2080s
 5591870 2447503     cutoff  315        67.99996   64.00000  5.88%  12.3 2086s
 5591916 2458080   64.75000  315   27   67.99996   64.00000  5.88%  12.3 2092s
 5623948 2458099   66.25000  317   19   67.99996   64.00000  5.88%  12.3 2098s
 5623991 2467471   66.25000  318   17   67.99996   64.00000  5.88%  12.3 2104s
 5656023 2467481   67.50000  373   15   67.99996   64.00000  5.88%  12.3 2110s
 5656073 2476529   67.50000  374   14   67.99996   64.00000  5.88%  12.3 2116s
 5688146 2486729     cutoff  381        67.99996   64.00000  5.88%  12.3 2128s
 5720178 2486745   64.00174  348   30   67.99996   64.00000  5.88%  12.3 2132s
 5720225 2495958   64.00174  349   30   67.99996   64.00000  5.88%  12.3 2140s
 5752311 2504762   65.25000  278   25   67.99996   64.00000  5.88%  12.3 2152s
 5784343 2504764     cutoff  323        67.99996   64.00000  5.88%  12.3 2155s
 5784403 2513891   67.69792  323   19   67.99996   64.00000  5.88%  12.3 2162s
 5816435 2513900     cutoff  372        67.99996   64.00000  5.88%  12.3 2168s
 5816488 2523058 infeasible  369        67.99996   64.00000  5.88%  12.3 2174s
 5848520 2523073   66.08333  362   19   67.99996   64.00000  5.88%  12.3 2177s
 5848567 2531450   67.12500  362   31   67.99996   64.00000  5.88%  12.3 2191s
 5880599 2531462   67.53125  334   29   67.99996   64.00000  5.88%  12.3 2195s
 5880648 2540066     cutoff  335        67.99996   64.00000  5.88%  12.3 2201s
 5912680 2540076     cutoff  343        67.99996   64.00000  5.88%  12.3 2207s
 5912733 2550185   65.75000  342   20   67.99996   64.00000  5.88%  12.3 2213s
 5944765 2550181   66.57222  330   43   67.99996   64.00000  5.88%  12.3 2219s
 5944829 2559332   64.00347  331   35   67.99996   64.00000  5.88%  12.3 2225s
 5976861 2559345     cutoff  287        67.99996   64.00000  5.88%  12.3 2231s
 5976909 2566661   67.50000  288   23   67.99996   64.00000  5.88%  12.3 2237s
 6008941 2566664   65.00000  364   25   67.99996   64.00000  5.88%  12.3 2242s
 6009001 2575817   66.04167  365   30   67.99996   64.00000  5.88%  12.3 2248s
 6041033 2575836   67.50000  361   12   67.99996   64.00000  5.88%  12.3 2254s
 6041077 2585065     cutoff  362        67.99996   64.00000  5.88%  12.3 2260s
 6073109 2585072     cutoff  343        67.99996   64.00000  5.88%  12.3 2266s
 6073163 2593688     cutoff  342        67.99996   64.00000  5.88%  12.3 2272s
 6105195 2593698   66.00000  367   35   67.99996   64.00000  5.88%  12.3 2277s
 6105248 2603507   67.00000  368   38   67.99996   64.00000  5.88%  12.3 2284s
 6137280 2603523   64.90625  304   17   67.99996   64.00000  5.88%  12.3 2291s
 6137325 2612231     cutoff  305        67.99996   64.00000  5.88%  12.3 2297s
 6169357 2612236 infeasible  359        67.99996   64.00000  5.88%  12.3 2303s
 6169412 2620423   64.50000  360   13   67.99996   64.00000  5.88%  12.3 2310s
 6201493 2627372     cutoff  320        67.99996   64.00000  5.88%  12.3 2323s
 6233525 2627381     cutoff  337        67.99996   64.00000  5.88%  12.3 2327s
 6233576 2635210   65.75000  338   41   67.99996   64.00000  5.88%  12.3 2336s
 6265663 2643995   65.25000  389   30   67.99996   64.00000  5.88%  12.3 2349s
 6297695 2644014   64.00000  357   16   67.99996   64.00000  5.88%  12.3 2352s
 6297735 2652324   64.00000  358   15   67.99996   64.00000  5.88%  12.3 2358s
 6329767 2652343   67.25000  322   25   67.99996   64.00000  5.88%  12.3 2364s
 6329810 2660833   67.25000  323   23   67.99996   64.00000  5.88%  12.3 2372s
 6361842 2660827   67.50000  355   24   67.99996   64.00000  5.88%  12.3 2378s
 6361910 2668679     cutoff  356        67.99996   64.00000  5.88%  12.3 2384s
 6371920 2668679     cutoff  374        67.99996   64.00000  5.88%  12.3 2385s
 6393942 2668684   67.25000  341   19   67.99996   64.00000  5.88%  12.4 2390s
 6393998 2677062   67.25000  342   19   67.99996   64.00000  5.88%  12.4 2396s
 6426082 2686090     cutoff  341        67.99996   64.00000  5.88%  12.4 2408s
 6458114 2686106   64.00000  331   11   67.99996   64.00000  5.88%  12.4 2412s
 6458161 2695217   65.00000  332   11   67.99996   64.00000  5.88%  12.4 2420s
 6490238 2703649   67.50000  324   20   67.99996   64.00000  5.88%  12.4 2437s
 6522270 2703657   64.75000  379   18   67.99996   64.00000  5.88%  12.4 2441s
 6522324 2710784   65.75000  380   18   67.99996   64.00000  5.88%  12.4 2448s
 6554356 2710798   67.00000  337   32   67.99996   64.00000  5.88%  12.4 2453s
 6554404 2719758   67.00000  340   29   67.99996   64.00000  5.88%  12.4 2460s
 6586436 2719759   66.00000  365   10   67.99996   64.00000  5.88%  12.4 2466s
 6586494 2727651   67.00000  366   16   67.99996   64.00000  5.88%  12.4 2472s
 6618526 2727658 infeasible  324        67.99996   64.00000  5.88%  12.4 2479s
 6618579 2734696 infeasible  327        67.99996   64.00000  5.88%  12.4 2486s
 6650611 2734712   65.75000  367   22   67.99996   64.00000  5.88%  12.4 2491s
 6650658 2741528   65.75000  368   24   67.99996   64.00000  5.88%  12.4 2498s
 6682690 2741542   67.01562  348   28   67.99996   64.00000  5.88%  12.4 2504s
 6682738 2749272   67.02083  349   29   67.99996   64.00000  5.88%  12.4 2510s
 6714770 2749282   65.79752  347   22   67.99996   64.00000  5.88%  12.5 2516s
 6714820 2757066   67.50000  348    9   67.99996   64.00000  5.88%  12.5 2523s
 6746852 2757077   66.75000  351   26   67.99996   64.00000  5.88%  12.5 2529s
 6746895 2764622     cutoff  352        67.99996   64.00000  5.88%  12.5 2535s
 6778979 2771936   64.00000  340   14   67.99996   64.00000  5.88%  12.5 2548s
 6811011 2771936     cutoff  363        67.99996   64.00000  5.88%  12.5 2552s
 6811071 2778353   65.50000  363   18   67.99996   64.00000  5.88%  12.5 2561s
 6843103 2778366   64.25347  387   19   67.99996   64.00000  5.88%  12.5 2565s
 6843146 2784786   67.29167  388   15   67.99996   64.00000  5.88%  12.5 2572s
 6875178 2784795   64.75174  358   24   67.99996   64.00000  5.88%  12.5 2578s
 6875230 2791914   65.75347  359   23   67.99996   64.00000  5.88%  12.5 2587s
 6907262 2791913     cutoff  379        67.99996   64.00000  5.88%  12.5 2593s
 6907323 2797744     cutoff  379        67.99996   64.00000  5.88%  12.5 2600s
 6939355 2797759   67.75174  383   27   67.99996   64.00000  5.88%  12.5 2606s
 6939399 2803925   67.77083  384   23   67.99996   64.00000  5.88%  12.5 2613s
 6971431 2803935 infeasible  374        67.99996   64.00000  5.88%  12.5 2619s
 6971485 2809990 infeasible  375        67.99996   64.00000  5.88%  12.5 2626s
 7003517 2810000 infeasible  374        67.99996   64.00000  5.88%  12.6 2632s
 7003568 2816547     cutoff  373        67.99996   64.00000  5.88%  12.6 2638s
 7035600 2816557   67.06250  393   27   67.99996   64.00000  5.88%  12.6 2645s
 7035645 2822992     cutoff  394        67.99996   64.00000  5.88%  12.6 2653s
 7067677 2822995   65.50000  348   15   67.99996   64.00000  5.88%  12.6 2659s
 7067735 2828880   66.50000  349   13   67.99996   64.00000  5.88%  12.6 2665s
 7099767 2828891   66.25000  391   23   67.99996   64.00000  5.88%  12.6 2671s
 7099816 2834812   66.28366  392   33   67.99996   64.00000  5.88%  12.6 2678s
 7131848 2834820 infeasible  360        67.99996   64.00000  5.88%  12.6 2684s
 7131901 2840655     cutoff  362        67.99996   64.00000  5.88%  12.6 2697s
 7163933 2840662   65.75000  349   16   67.99996   64.00000  5.88%  12.6 2701s
 7163987 2846549     cutoff  350        67.99996   64.00000  5.88%  12.6 2710s
 7196067 2853151   64.00000  372   18   67.99996   64.00000  5.88%  12.6 2722s
 7228099 2853160     cutoff  311        67.99996   64.00000  5.88%  12.6 2726s
 7228152 2859740   65.66667  311   20   67.99996   64.00000  5.88%  12.6 2735s
 7260232 2866128   66.08333  343   24   67.99996   64.00000  5.88%  12.6 2747s
 7292264 2866127   66.91666  392   27   67.99996   64.00000  5.88%  12.6 2751s
 7292321 2872549     cutoff  393        67.99996   64.00000  5.88%  12.6 2760s
 7324409 2879182   65.50000  358    9   67.99996   64.00000  5.88%  12.7 2773s
 7356441 2879198   64.50000  398   13   67.99996   64.00000  5.88%  12.7 2777s
 7356488 2885543   67.50000  400   13   67.99996   64.00000  5.88%  12.7 2786s
 7388569 2893782 infeasible  372        67.99996   64.00000  5.88%  12.7 2798s
 7420601 2893802   64.00000  383   17   67.99996   64.00000  5.88%  12.7 2802s
 7420643 2903035     cutoff  384        67.99996   64.00000  5.88%  12.7 2811s
 7452719 2912394   64.00000  320   59   67.99996   64.00000  5.88%  12.7 2823s
 7484751 2912407   65.50000  299   12   67.99996   64.00000  5.88%  12.7 2827s
 7484800 2922045   65.50000  300   12   67.99996   64.00000  5.88%  12.7 2834s
 7516832 2922054   67.25000  388   15   67.99996   64.00000  5.88%  12.7 2840s
 7516883 2930393 infeasible  389        67.99996   64.00000  5.88%  12.7 2846s
 7548915 2930401 infeasible  315        67.99996   64.00000  5.88%  12.7 2852s
 7548969 2938347 infeasible  314        67.99996   64.00000  5.88%  12.7 2859s
 7581001 2938359   66.50000  363   30   67.99996   64.00000  5.88%  12.7 2865s
 7581050 2947854   66.50000  364   30   67.99996   64.00000  5.88%  12.7 2876s
 7613082 2947855   67.91667  389   18   67.99996   64.00000  5.88%  12.7 2882s
 7613137 2955622   65.25000  388   18   67.99996   64.00000  5.88%  12.7 2888s
 7645169 2955639     cutoff  298        67.99996   64.00000  5.88%  12.7 2894s
 7645215 2963843   64.00000  299   18   67.99996   64.00000  5.88%  12.7 2901s
 7677247 2963857   64.00000  331   22   67.99996   64.00000  5.88%  12.7 2907s
 7677294 2972752   64.00000  332   18   67.99996   64.00000  5.88%  12.7 2914s
 7709326 2972771 infeasible  374        67.99996   64.00000  5.88%  12.8 2920s
 7709371 2982042   66.50000  374   14   67.99996   64.00000  5.88%  12.8 2926s
 7741445 2990842     cutoff  376        67.99996   64.00000  5.88%  12.8 2939s
 7773477 2990857   67.75000  345   28   67.99996   64.00000  5.88%  12.8 2943s
 7773522 2998880 infeasible  346        67.99996   64.00000  5.88%  12.8 2952s
 7805554 2998889   64.00000  322   21   67.99996   64.00000  5.88%  12.8 2955s
 7805603 3006538   64.00000  323   18   67.99996   64.00000  5.88%  12.8 2964s
 7830628 3006538 infeasible  381        67.99996   64.00000  5.88%  12.8 2965s
 7837675 3014958     cutoff  346        67.99996   64.00000  5.88%  12.8 2975s
 7869707 3014961   64.00000  327   13   67.99996   64.00000  5.88%  12.8 2981s
 7869765 3023302   64.12083  328   28   67.99996   64.00000  5.88%  12.8 2988s
 7901797 3023306   64.00174  340   23   67.99996   64.00000  5.88%  12.8 2993s
 7901855 3031641   64.00231  341   28   67.99996   64.00000  5.88%  12.8 3000s
 7933887 3031645   67.50000  328   23   67.99996   64.00000  5.88%  12.8 3006s
 7933945 3041728   67.50000  329   23   67.99996   64.00000  5.88%  12.8 3012s
 7965977 3041744   64.00000  255   11   67.99996   64.00000  5.88%  12.8 3020s
 7966025 3050632   64.00000  256   14   67.99996   64.00000  5.88%  12.8 3026s
 7998057 3050648     cutoff  306        67.99996   64.00000  5.88%  12.8 3032s
 7998101 3059839     cutoff  306        67.99996   64.00000  5.88%  12.8 3038s
 8030133 3059847   64.50000  409   24   67.99996   64.00000  5.88%  12.8 3044s
 8030186 3068438   64.50000  410   27   67.99996   64.00000  5.88%  12.8 3051s
 8062264 3078217 infeasible  396        67.99996   64.00000  5.88%  12.8 3063s
 8094296 3078231     cutoff  276        67.99996   64.00000  5.88%  12.8 3066s
 8094344 3087823 infeasible  345        67.99996   64.00000  5.88%  12.8 3075s
 8126421 3098102   67.56398  357   30   67.99996   64.00000  5.88%  12.8 3088s
 8158453 3098119   65.00000  317   19   67.99996   64.00000  5.88%  12.8 3091s
 8158499 3108158   66.98879  318   15   67.99996   64.00000  5.88%  12.8 3097s
 8190531 3108173     cutoff  333        67.99996   64.00000  5.88%  12.8 3103s
 8190577 3118208   64.00000  333   35   67.99996   64.00000  5.88%  12.8 3110s
 8222665 3127815     cutoff  340        67.99996   64.00000  5.88%  12.8 3122s
 8254697 3127833 infeasible  319        67.99996   64.00000  5.88%  12.8 3126s
 8254738 3137664   65.50000  318   17   67.99996   64.00000  5.88%  12.8 3134s
 8268752 3137664   67.75000  347   15   67.99996   64.00000  5.88%  12.9 3135s
 8286816 3147510   67.25000  373   14   67.99996   64.00000  5.88%  12.9 3146s
 8318848 3147525   67.25000  352   12   67.99996   64.00000  5.88%  12.9 3152s
 8318896 3156146     cutoff  353        67.99996   64.00000  5.88%  12.9 3161s
 8350978 3165327     cutoff  271        67.99996   64.00000  5.88%  12.9 3173s
 8383010 3165334 infeasible  292        67.99996   64.00000  5.88%  12.9 3176s
 8383066 3174972   64.31250  359   23   67.99996   64.00000  5.88%  12.9 3185s
 8415139 3184422   66.25000  262   14   67.99996   64.00000  5.88%  12.9 3197s
 8447171 3184433   64.50000  297   20   67.99996   64.00000  5.88%  12.9 3201s
 8447218 3193548   65.00000  298   16   67.99996   64.00000  5.88%  12.9 3210s
 8479297 3202612     cutoff  349        67.99996   64.00000  5.88%  12.9 3222s
 8511329 3202626     cutoff  276        67.99996   64.00000  5.88%  12.9 3225s
 8511378 3212147     cutoff  277        67.99996   64.00000  5.88%  12.9 3231s
 8543410 3212161   64.00000  249   21   67.99996   64.00000  5.88%  12.9 3238s
 8543457 3220362   64.00000  250   21   67.99996   64.00000  5.88%  12.9 3244s
 8544458 3220362   67.02500  396   32   67.99996   64.00000  5.88%  12.9 3245s
 8575489 3220369 infeasible  353        67.99996   64.00000  5.88%  12.9 3250s
 8575539 3229527   64.06250  328   17   67.99996   64.00000  5.88%  12.9 3257s
 8607571 3229542   65.00000  311   17   67.99996   64.00000  5.88%  12.9 3260s
 8607618 3238181   66.09315  311   24   67.99996   64.00000  5.88%  12.9 3269s
 8639650 3238203     cutoff  324        67.99996   64.00000  5.88%  12.9 3273s
 8639690 3247757     cutoff  323        67.99996   64.00000  5.88%  12.9 3282s
 8671722 3247754     cutoff  360        67.99996   64.00000  5.88%  12.9 3287s
 8671779 3257651     cutoff  359        67.99996   64.00000  5.88%  12.9 3296s
 8703811 3257662   66.00000  349   17   67.99996   64.00000  5.88%  12.9 3300s
 8703859 3267388   66.00000  349   12   67.99996   64.00000  5.88%  12.9 3309s
 8735891 3267392   67.50000  356   10   67.99996   64.00000  5.88%  12.9 3312s
 8735946 3275699 infeasible  357        67.99996   64.00000  5.88%  12.9 3321s
 8767978 3275717 infeasible  351        67.99996   64.00000  5.88%  12.9 3325s
 8768022 3284270   67.64583  351   19   67.99996   64.00000  5.88%  12.9 3331s
 8800054 3284286   67.50000  275   28   67.99996   64.00000  5.88%  12.9 3337s
 8800098 3292373   64.50000  275   28   67.99996   64.00000  5.88%  12.9 3343s
 8832130 3292391   67.00000  346   15   67.99996   64.00000  5.88%  12.9 3350s
 8832174 3300103   67.00000  347   15   67.99996   64.00000  5.88%  12.9 3356s
 8864260 3308891   64.27083  291   27   67.99996   64.00000  5.88%  12.9 3368s
 8896292 3308903   64.00000  347   23   67.99996   64.00000  5.88%  12.9 3372s
 8896339 3317444   64.00000  348   24   67.99996   64.00000  5.88%  12.9 3381s
 8928371 3317456   64.00000  322   13   67.99996   64.00000  5.88%  12.9 3385s
 8928423 3326642   65.25000  323   23   67.99996   64.00000  5.88%  12.9 3394s
 8957452 3326642   65.75000  340   23   67.99996   64.00000  5.88%  13.0 3395s
 8960498 3336163     cutoff  361        67.99996   64.00000  5.88%  13.0 3405s
 8992530 3336173 infeasible  355        67.99996   64.00000  5.88%  13.0 3411s
 8992581 3345420 infeasible  354        67.99996   64.00000  5.88%  13.0 3417s
 9024613 3345431   66.50000  298   36   67.99996   64.00000  5.88%  13.0 3423s
 9024663 3355728     cutoff  298        67.99996   64.00000  5.88%  13.0 3436s
 9056695 3355746   67.50000  325   24   67.99996   64.00000  5.88%  13.0 3441s
 9056737 3365876 infeasible  327        67.99996   64.00000  5.88%  13.0 3448s
 9088769 3365898     cutoff  340        67.99996   64.00000  5.88%  13.0 3454s
 9088811 3375361   67.50000  340   33   67.99996   64.00000  5.88%  13.0 3460s
 9120843 3375375   64.00000  309   12   67.99996   64.00000  5.88%  13.0 3466s
 9120887 3385482   64.00000  310   14   67.99996   64.00000  5.88%  13.0 3473s
 9152919 3385501   64.00000  345   20   67.99996   64.00000  5.88%  13.0 3479s
 9152961 3394679   64.06250  346   25   67.99996   64.00000  5.88%  13.0 3485s
 9184993 3394699   65.75000  324   25   67.99996   64.00000  5.88%  13.0 3491s
 9185035 3404184   65.75000  325   23   67.99996   64.00000  5.88%  13.0 3497s
 9217067 3404201   64.04167  280   20   67.99996   64.00000  5.88%  12.9 3502s
 9217113 3414407   64.50000  281   12   67.99996   64.00000  5.88%  12.9 3509s
 9249145 3414420   66.50000  317   24   67.99996   64.00000  5.88%  12.9 3514s
 9249191 3424184   66.75000  318   29   67.99996   64.00000  5.88%  12.9 3521s
 9281223 3424199   67.75000  335   26   67.99996   64.00000  5.88%  12.9 3527s
 9281270 3434723     cutoff  336        67.99996   64.00000  5.88%  12.9 3533s
 9313302 3434734 infeasible  330        67.99996   64.00000  5.88%  12.9 3539s
 9313353 3443715   66.25000  326   19   67.99996   64.00000  5.88%  12.9 3545s
 9345435 3452620   67.00000  268   34   67.99996   64.00000  5.88%  12.9 3558s
 9377467 3452640   65.00000  331   21   67.99996   64.00000  5.88%  12.9 3561s
 9377511 3462377   65.25000  331   12   67.99996   64.00000  5.88%  12.9 3570s
 9409584 3471536     cutoff  329        67.99996   64.00000  5.88%  12.9 3582s
 9441616 3471545   67.00000  346   26   67.99996   64.00000  5.88%  12.9 3585s
 9441658 3480515   67.00000  347   23   67.99996   64.00000  5.88%  12.9 3591s
 9473690 3480528   67.50000  309   26   67.99996   64.00000  5.88%  12.9 3597s
 9473738 3483847     cutoff  310        67.99996   64.00000  5.88%  12.9 3600s

Cutting planes:
  Learned: 64
  Gomory: 7
  Cover: 245
  Implied bound: 132
  Clique: 117
  MIR: 301
  StrongCG: 1
  Flow cover: 441
  GUB cover: 4
  Zero half: 2
  RLT: 56
  Relax-and-lift: 776

Cleanup yields a better solution

Explored 9485861 nodes (122503088 simplex iterations) in 3600.38 seconds
Thread count was 32 (of 32 available processors)

Solution count 10: 68 68 68 ... 68

Time limit reached
Best objective 6.794365890587e+01, best bound 6.400000000000e+01, gap 5.8043%
