
Gurobi 9.1.2 (linux64) logging started Wed Aug  9 12:28:19 2023

Changed value of parameter LogFile to max-ls_r=('5', '7').log
   Prev:   Default: 
Changed value of parameter MIPFocus to 1
   Prev: 0  Min: 0  Max: 3  Default: 0
Changed value of parameter Threads to 32
   Prev: 0  Min: 0  Max: 1024  Default: 0
Changed value of parameter TimeLimit to 3600.0
   Prev: inf  Min: 0.0  Max: inf  Default: inf
Warning: variable name "X[('6', '6'),('7', '6')]" has a space
Warning: constraint name "flow-constr-t0-v('6', '3')" has a space
Warning: to let Gurobi read it back, use rlp format
Gurobi Optimizer version 9.1.2 build v9.1.2rc0 (linux64)
Thread count: 16 physical cores, 32 logical processors, using up to 32 threads
Optimize a model with 2939 rows, 2688 columns and 10276 nonzeros
Model fingerprint: 0x5d2a739f
Variable types: 256 continuous, 2432 integer (2432 binary)
Coefficient statistics:
  Matrix range     [1e+00, 7e+04]
  Objective range  [2e-01, 2e-01]
  Bounds range     [1e+00, 3e+04]
  RHS range        [1e+00, 7e+04]
Presolve removed 367 rows and 372 columns
Presolve time: 0.03s
Presolved: 2572 rows, 2316 columns, 17496 nonzeros
Variable types: 256 continuous, 2060 integer (2060 binary)
Found heuristic solution: objective 1115.9999999

Root relaxation: objective 6.400000e+01, 149 iterations, 0.00 seconds

    Nodes    |    Current Node    |     Objective Bounds      |     Work
 Expl Unexpl |  Obj  Depth IntInf | Incumbent    BestBd   Gap | It/Node Time

     0     0   64.00000    0   28 1116.00000   64.00000  94.3%     -    0s
H    0     0                    1105.9999999   64.00000  94.2%     -    0s
     0     0   64.00000    0   63 1106.00000   64.00000  94.2%     -    0s
H    0     0                     252.2500000   64.00000  74.6%     -    0s
H    0     0                     181.0000000   64.00000  64.6%     -    0s
     0     0   64.00000    0   67  181.00000   64.00000  64.6%     -    0s
H    0     0                     174.0000000   64.00000  63.2%     -    0s
H    0     0                     158.0000000   64.00000  59.5%     -    0s
     0     0   64.00000    0   32  158.00000   64.00000  59.5%     -    0s
H    0     0                     130.2500000   64.00000  50.9%     -    0s
     0     0   64.00000    0   36  130.25000   64.00000  50.9%     -    0s
     0     0   64.00000    0   39  130.25000   64.00000  50.9%     -    0s
H    0     0                     122.6250000   64.00000  47.8%     -    0s
     0     0   64.00000    0   45  122.62500   64.00000  47.8%     -    0s
H    0     0                     107.5833333   64.00000  40.5%     -    0s
     0     0   64.00000    0   30  107.58333   64.00000  40.5%     -    0s
H    0     0                      96.2500000   64.00000  33.5%     -    0s
     0     0   64.00000    0   47   96.25000   64.00000  33.5%     -    0s
     0     0   64.00000    0   32   96.25000   64.00000  33.5%     -    0s
H    0     0                      95.2500000   64.00000  32.8%     -    0s
H    0     0                      93.3333333   64.00000  31.4%     -    1s
     0     2   64.00000    0   30   93.33333   64.00000  31.4%     -    1s
H   31    60                      93.0000000   64.00000  31.2%  23.5    2s
H   93   124                      92.0000000   64.00000  30.4%  10.8    4s
H   94   124                      90.9999998   64.00000  29.7%  10.8    4s
H   95   124                      90.0000000   64.00000  28.9%  10.7    4s
H  101   124                      89.2500000   64.00000  28.3%  10.4    4s
H  125   156                      86.9375000   64.00000  26.4%   8.9    5s
H  131   156                      86.2500000   64.00000  25.8%   8.6    5s
H  135   156                      85.5000000   64.00000  25.1%   8.5    5s
H  157   188                      79.7500000   64.00000  19.7%   8.0    6s
H  189   220                      79.2500000   64.00000  19.2%   7.1    7s
H  192   220                      78.7500000   64.00000  18.7%   7.1    7s
H  448   476                      78.2500000   64.00000  18.2%   5.2    8s
H  477   508                      78.0000000   64.00000  17.9%   5.2   10s
H  478   508                      77.0000000   64.00000  16.9%   5.2   10s
H  479   508                      76.2500000   64.00000  16.1%   5.3   10s
H 2237  2240                      76.2500000   64.00000  16.1%   3.0   12s
H 2238  2240                      76.2499997   64.00000  16.1%   3.0   12s
H 2241  2240                      76.2499997   64.00000  16.1%   3.1   12s
H 2242  2240                      76.0000000   64.00000  15.8%   3.1   12s
H 2244  2240                      75.9999997   64.00000  15.8%   3.1   12s
H 2322  3042                      75.9999997   64.00000  15.8%   3.1   13s
H 2511  3042                      75.9999996   64.00000  15.8%   3.0   13s
H 6063  7521                      75.9999996   64.00000  15.8%   3.6   14s
  8423  7552   66.00000  219   77   76.00000   64.00000  15.8%   3.6   15s
H 8428  7552                      75.9999996   64.00000  15.8%   3.6   15s
  8564  7657   64.00000   16   41   76.00000   64.00000  15.8%   5.8   20s
H 8590  7270                      75.9999996   64.00000  15.8%   5.8   20s
 13681 10270   64.00000   97   34   76.00000   64.00000  15.8%   6.8   25s
 15662 17139   66.75000  127   40   76.00000   64.00000  15.8%   7.0   30s
H21761 14747                      75.9999995   64.00000  15.8%   7.2   30s
H22548 14166                      75.9999994   64.00000  15.8%   7.2   32s
H22550 13840                      75.9999993   64.00000  15.8%   7.2   32s
H22562 13528                      75.9999992   64.00000  15.8%   7.3   32s
 22589 14170   72.00000   37   79   76.00000   64.00000  15.8%   7.3   35s
H22772 13816                      75.9999992   64.00000  15.8%   7.3   35s
 29963 24930   64.00000   63   70   76.00000   64.00000  15.8%   7.6   41s
H38153 24961                      75.9999991   64.00000  15.8%   7.9   43s
H38167 24961                      75.9999989   64.00000  15.8%   7.9   43s
H38235 25738                      75.9999988   64.00000  15.8%   7.9   44s
 39051 30779   64.25000   72   40   76.00000   64.00000  15.8%   8.0   45s
H45947 31374                      75.9999988   64.00000  15.8%   8.0   46s
 54878 39509   68.25000   72   46   76.00000   64.00000  15.8%   8.3   50s
 60087 50408   75.75000  280   28   76.00000   64.00000  15.8%   8.3   55s
H78543 55082                      75.9999768   64.00000  15.8%   8.5   58s
H78810 55105                      75.9999752   64.00000  15.8%   8.5   59s
H78822 55105                      75.9999749   64.00000  15.8%   8.5   59s
 78850 58978   66.01786  220   39   75.99997   64.00000  15.8%   8.5   60s
 93309 63391   67.00000  240   32   75.99997   64.00000  15.8%   8.6   66s
 96037 79963   73.50000  283   33   75.99997   64.00000  15.8%   8.6   71s
 134652 90379   73.00000  253   37   75.99997   64.00000  15.8%   8.5   75s
 154744 93135   75.00000  245   34   75.99997   64.00000  15.8%   8.4   81s
 161169 95295   69.25000  288   27   75.99997   64.00000  15.8%   8.3   87s
 161214 108166   69.25000  289   32   75.99997   64.00000  15.8%   8.3   92s
 204705 114314   70.00000  339   22   75.99997   64.00000  15.8%   8.2   95s
H205957 114314                      75.9999747   64.00000  15.8%   8.2   95s
 217829 117158   71.50000  303   31   75.99997   64.00000  15.8%   8.2  102s
 224765 122564   65.00000  329   23   75.99997   64.00000  15.8%   8.1  105s
 249768 127432   64.50000  326   22   75.99997   64.00000  15.8%   8.1  110s
 274757 135363 infeasible  352        75.99997   64.00000  15.8%   8.0  116s
 283940 138578     cutoff  416        75.99997   64.00000  15.8%   8.0  120s
 292592 150156     cutoff  359        75.99997   64.00000  15.8%   8.1  127s
 324624 150175 infeasible  319        75.99997   64.00000  15.8%   8.0  130s
 324668 162201   69.00000  318   29   75.99997   64.00000  15.8%   8.0  135s
 364362 167257     cutoff  332        75.99997   64.00000  15.8%   8.0  140s
 388060 174020   68.50000  327   20   75.99997   64.00000  15.8%   8.0  146s
 414419 184002   69.50000  327   25   75.99997   64.00000  15.8%   8.0  150s
 420686 193773   64.00000  333   25   75.99997   64.00000  15.8%   8.0  156s
 458964 196544   65.25000  346   32   75.99997   64.00000  15.8%   8.0  161s
H459183 196544                      75.9999747   64.00000  15.8%   8.0  161s
 462944 197817   67.50000  368   34   75.99997   64.00000  15.8%   8.0  166s
 472359 200671   74.13839  331   24   75.99997   64.00000  15.8%   8.0  170s
 488363 205718   75.75000  341   31   75.99997   64.00000  15.8%   8.0  175s
 514021 212705     cutoff  334        75.99997   64.00000  15.8%   8.0  181s
 522214 214702 infeasible  326        75.99997   64.00000  15.8%   8.0  187s
 522271 224280     cutoff  327        75.99997   64.00000  15.8%   8.0  190s
 569720 229343   74.25000  325   34   75.99997   64.00000  15.8%   8.0  195s
 582748 232705     cutoff  332        75.99997   64.00000  15.8%   8.0  200s
H598457 238559                      75.9999746   64.00000  15.8%   8.0  204s
H606393 238568                      75.9999746   64.00000  15.8%   8.0  206s
 614231 241603   66.75000  388   26   75.99997   64.00000  15.8%   8.0  210s
 634848 246955     cutoff  348        75.99997   64.00000  15.8%   8.0  215s
H634936 246955                      75.9999746   64.00000  15.8%   8.0  215s
 645262 250533     cutoff  321        75.99997   64.00000  15.8%   8.0  220s
H647106 250533                      75.9999745   64.00000  15.8%   8.0  220s
 651836 256672   70.25000  333   21   75.99997   64.00000  15.8%   8.0  225s
 670628 258718   70.25000  339   21   75.99997   64.00000  15.8%   8.0  230s
 683537 264012     cutoff  379        75.99997   64.00000  15.8%   8.0  235s
 716660 273813   70.50000  374   21   75.99997   64.00000  15.8%   8.0  240s
 716784 282558   70.50000  375   21   75.99997   64.00000  15.8%   8.0  248s
 748816 283669   68.00000  302   23   75.99997   64.00000  15.8%   8.0  250s
 771653 287784   66.75000  324   30   75.99997   64.00000  15.8%   8.0  255s
H772272 287799                      75.9999745   64.00000  15.8%   8.0  258s
 773801 290630   65.00000  261   22   75.99997   64.00000  15.8%   8.0  260s
 799485 297895   65.50000  323   22   75.99997   64.00000  15.8%   8.0  265s
 821915 302626   65.00000  320   25   75.99997   64.00000  15.8%   8.0  270s
 842141 308262   65.25000  325   24   75.99997   64.00000  15.8%   8.0  275s
 857217 312675   64.00000  352   26   75.99997   64.00000  15.8%   8.0  280s
 866853 315768   68.50000  316   24   75.99997   64.00000  15.8%   8.0  285s
 882964 319521     cutoff  366        75.99997   64.00000  15.8%   8.0  291s
 897135 327426 infeasible  308        75.99997   64.00000  15.8%   8.0  296s
 924151 331811 infeasible  416        75.99997   64.00000  15.8%   8.0  300s
 938734 336444     cutoff  358        75.99997   64.00000  15.8%   8.0  310s
 970824 345641     cutoff  333        75.99997   64.00000  15.8%   8.0  317s
 970872 355466   70.50000  333   25   75.99997   64.00000  15.8%   8.0  321s
 1002904 355479 infeasible  358        75.99997   64.00000  15.8%   8.0  326s
 1002949 365309   66.50000  358   24   75.99997   64.00000  15.8%   8.0  334s
 1034981 365896   65.50000  360   27   75.99997   64.00000  15.8%   8.0  336s
 1048644 368788   64.00000  357   21   75.99997   64.00000  15.8%   8.0  341s
 1058309 373937     cutoff  369        75.99997   64.00000  15.8%   8.0  346s
 1067394 373949   75.26842  328   36   75.99997   64.00000  15.8%   8.0  350s
 1099473 383822 infeasible  319        75.99997   64.00000  15.8%   8.0  356s
 1099842 393718   69.75000  318   19   75.99997   64.00000  15.8%   8.0  360s
 1131874 393728 infeasible  318        75.99997   64.00000  15.8%   8.0  365s
 1131924 401996   67.00000  316   26   75.99997   64.00000  15.8%   8.0  370s
 1167988 405787   74.00000  378   34   75.99997   64.00000  15.8%   8.0  376s
 1184939 407527 infeasible  400        75.99997   64.00000  15.8%   8.0  381s
 1185878 412054   71.00000  398   29   75.99997   64.00000  15.8%   8.0  385s
 1216337 416823   65.25000  349   24   75.99997   64.00000  15.8%   8.0  390s
 1231437 420290   64.00000  316   20   75.99997   64.00000  15.8%   8.0  396s
 1231491 428661   64.00000  316   22   75.99997   64.00000  15.8%   8.0  400s
 1273914 431800   70.50000  305   53   75.99997   64.00000  15.8%   8.0  406s
 1283426 437236   67.53571  298   25   75.99997   64.00000  15.8%   8.0  411s
 1297185 447518   70.25000  355   31   75.99997   64.00000  15.8%   8.0  417s
 1329217 447540 infeasible  310        75.99997   64.00000  15.8%   8.0  420s
 1361290 456345 infeasible  343        75.99997   64.00000  15.8%   8.0  427s
 1361333 465864   69.00000  339   20   75.99997   64.00000  15.8%   8.0  430s
 1396464 466539   67.78571  347   25   75.99997   64.00000  15.8%   8.0  435s
 1409861 469709   66.00000  352   30   75.99997   64.00000  15.8%   8.0  440s
 1416767 475181   69.75000  362   37   75.99997   64.00000  15.8%   8.0  446s
 1433278 480866   71.75000  333   21   75.99997   64.00000  15.8%   8.0  450s
 1450903 482107     cutoff  352        75.99997   64.00000  15.8%   8.0  455s
 1462364 483665     cutoff  358        75.99997   64.00000  15.8%   8.0  461s
 1462413 491911     cutoff  356        75.99997   64.00000  15.8%   8.0  465s
 1507843 495319   71.50000  261   30   75.99997   64.00000  15.8%   8.1  470s
 1515230 498547   64.00000  336   28   75.99997   64.00000  15.8%   8.1  475s
 1524577 507591   73.75000  396   19   75.99997   64.00000  15.8%   8.1  482s
 1556609 507601 infeasible  416        75.99997   64.00000  15.8%   8.1  488s
 1556660 515673   65.75000  417   24   75.99997   64.00000  15.8%   8.1  492s
 1591892 518606 infeasible  364        75.99997   64.00000  15.8%   8.1  496s
 1607445 522818 infeasible  368        75.99997   64.00000  15.8%   8.1  501s
 1617529 524005   64.75000  366   24   75.99997   64.00000  15.8%   8.1  505s
 1628391 527837   73.50000  342   21   75.99997   64.00000  15.8%   8.1  510s
 1634024 529310   66.00000  369   21   75.99997   64.00000  15.8%   8.1  516s
 1644394 532393   67.00000  333   27   75.99997   64.00000  15.8%   8.1  521s
 1650031 543652   68.50000  333   28   75.99997   64.00000  15.8%   8.1  528s
 1682063 544476 infeasible  380        75.99997   64.00000  15.8%   8.1  530s
 1697926 550790   70.75000  396   27   75.99997   64.00000  15.8%   8.1  535s
 1717472 552972   74.25000  349   22   75.99997   64.00000  15.8%   8.1  540s
 1738537 562258   71.38393  369   30   75.99997   64.00000  15.8%   8.1  545s
 1749612 570680   73.50000  335   24   75.99997   64.00000  15.8%   8.1  551s
 1781644 570692   65.25000  336   23   75.99997   64.00000  15.8%   8.1  556s
 1781693 579600   68.75000  336   19   75.99997   64.00000  15.8%   8.1  560s
 1813780 587578 infeasible  310        75.99997   64.00000  15.8%   8.1  567s
 1850182 590775   64.00000  373   21   75.99997   64.00000  15.8%   8.1  571s
 1864333 595429   67.00000  369   24   75.99997   64.00000  15.8%   8.1  575s
H1874336 596277                      75.9999745   64.00000  15.8%   8.1  579s
 1874341 597536 infeasible  383        75.99997   64.00000  15.8%   8.1  580s
 1890386 601211   65.00893  355   25   75.99997   64.00000  15.8%   8.1  585s
 1900881 606246 infeasible  324        75.99997   64.00000  15.8%   8.1  590s
 1911680 615249     cutoff  408        75.99997   64.00000  15.8%   8.1  597s
 1948353 617247   64.50000  359   27   75.99997   64.00000  15.8%   8.1  601s
 1966368 620745   72.25000  418   25   75.99997   64.00000  15.8%   8.1  606s
 1974466 631573   65.00000  353   19   75.99997   64.00000  15.8%   8.1  613s
H1991508 631573                      75.9999745   64.00000  15.8%   8.1  614s
 2006498 632214 infeasible  335        75.99997   64.00000  15.8%   8.1  616s
 2009398 641301   65.25000  386   21   75.99997   64.00000  15.8%   8.1  623s
 2041430 644325     cutoff  325        75.99997   64.00000  15.8%   8.1  625s
 2056972 645732   69.00000  392   33   75.99997   64.00000  15.8%   8.1  630s
 2077471 650601     cutoff  390        75.99997   64.00000  15.8%   8.1  636s
 2103747 659171   73.00000  408   17   75.99997   64.00000  15.8%   8.1  640s
 2114167 660081     cutoff  399        75.99997   64.00000  15.8%   8.1  646s
 2135168 667685   67.75000  347   21   75.99997   64.00000  15.8%   8.1  650s
 2148259 669167   73.00000  391   29   75.99997   64.00000  15.8%   8.1  655s
 2164930 675099 infeasible  356        75.99997   64.00000  15.8%   8.1  660s
 2172038 682747   64.50000  340   24   75.99997   64.00000  15.8%   8.1  666s
 2209729 684029   64.75000  372   26   75.99997   64.00000  15.8%   8.2  670s
 2225302 690497   64.00000  395   24   75.99997   64.00000  15.8%   8.2  675s
 2235314 699177   64.50000  380   21   75.99997   64.00000  15.8%   8.2  685s
 2267393 707450     cutoff  401        75.99997   64.00000  15.8%   8.2  691s
 2299482 716155   65.50000  350   23   75.99997   64.00000  15.8%   8.2  698s
 2331514 716172   66.75000  378   37   75.99997   64.00000  15.8%   8.2  704s
 2331559 725861   70.25000  379   35   75.99997   64.00000  15.8%   8.2  709s
 2363591 727002   67.75000  373   26   75.99997   64.00000  15.8%   8.2  711s
 2380335 730792     cutoff  322        75.99997   64.00000  15.8%   8.2  715s
 2396465 735166 infeasible  313        75.99997   64.00000  15.8%   8.2  720s
 2421528 744331   64.00000  342   26   75.99997   64.00000  15.8%   8.2  725s
 2428586 752766     cutoff  338        75.99997   64.00000  15.8%   8.2  730s
 2460685 761513   64.50000  351   21   75.99997   64.00000  15.8%   8.2  736s
 2492779 769647   66.00000  362   25   75.99997   64.00000  15.8%   8.2  745s
 2524861 778685   66.00000  395   23   75.99997   64.00000  15.8%   8.2  751s
 2561415 780141   69.25000  348   21   75.99997   64.00000  15.8%   8.2  755s
 2569775 782841   65.25000  381   21   75.99997   64.00000  15.8%   8.2  760s
 2582221 786286   69.00893  411   28   75.99997   64.00000  15.8%   8.2  766s
 2595344 795271   74.50000  310   28   75.99997   64.00000  15.8%   8.3  774s
 2614715 799081   74.75000  351   26   75.99997   64.00000  15.8%   8.3  776s
 2629292 808270   72.50000  345   33   75.99997   64.00000  15.8%   8.3  783s
 2661324 808281   64.50000  327   21   75.99997   64.00000  15.8%   8.3  788s
 2661376 816644   64.50000  328   21   75.99997   64.00000  15.8%   8.3  792s
 2693408 816662   68.00000  408   23   75.99997   64.00000  15.8%   8.3  795s
 2725484 826693     cutoff  412        75.99997   64.00000  15.8%   8.3  804s
 2725532 835453   74.25000  409   25   75.99997   64.00000  15.8%   8.3  807s
 2757564 835472   66.00000  301   21   75.99997   64.00000  15.8%   8.2  813s
 2757607 844324   69.50000  302   19   75.99997   64.00000  15.8%   8.2  818s
 2789639 844332 infeasible  405        75.99997   64.00000  15.8%   8.2  824s
 2789693 852662   73.56696  404   24   75.99997   64.00000  15.8%   8.2  827s
 2826619 853525   65.75893  356   29   75.99997   64.00000  15.8%   8.2  832s
 2826674 853701   65.75893  357   29   75.99997   64.00000  15.8%   8.2  835s
 2839985 859973 infeasible  341        75.99997   64.00000  15.8%   8.2  840s
 2850639 863695     cutoff  420        75.99997   64.00000  15.8%   8.2  846s
 2866641 867607   69.31250  372   37   75.99997   64.00000  15.8%   8.2  850s
 2879499 869018     cutoff  381        75.99997   64.00000  15.8%   8.2  855s
 2879544 877043 infeasible  325        75.99997   64.00000  15.8%   8.2  860s
 2911620 886078   70.00000  391   27   75.99997   64.00000  15.8%   8.2  867s
 2943652 886095   64.50000  370   24   75.99997   64.00000  15.8%   8.2  870s
 2975725 896140     cutoff  362        75.99997   64.00000  15.8%   8.2  876s
 2981702 900543   67.50000  358   21   75.99997   64.00000  15.8%   8.2  880s
 3005562 903299 infeasible  333        75.99997   64.00000  15.8%   8.2  886s
 3020277 906719   72.75000  370   28   75.99997   64.00000  15.8%   8.2  890s
 3033446 911496   72.25000  389   24   75.99997   64.00000  15.8%   8.2  895s
 3047689 914554   70.75000  368   24   75.99997   64.00000  15.8%   8.2  902s
 3051922 915543   67.35000  377   29   75.99997   64.00000  15.8%   8.2  905s
 3063128 918529   70.00000  397   25   75.99997   64.00000  15.8%   8.3  910s
 3067363 928803   72.25000  350   27   75.99997   64.00000  15.8%   8.3  917s
 3102390 931922   70.13839  359   28   75.99997   64.00000  15.8%   8.3  921s
 3110854 933291   67.75000  357   25   75.99997   64.00000  15.8%   8.3  926s
 3116514 933301   74.00000  375   25   75.99997   64.00000  15.8%   8.3  931s
 3133377 942163   64.00000  311   22   75.99997   64.00000  15.8%   8.3  936s
 3148269 942482   64.25000  346   22   75.99997   64.00000  15.8%   8.3  940s
 3150196 944585   67.50000  368   27   75.99997   64.00000  15.8%   8.3  945s
 3164882 956645     cutoff  398        75.99997   64.00000  15.8%   8.3  952s
 3196914 956639 infeasible  386        75.99997   64.00000  15.8%   8.3  955s
 3196980 964567   67.50000  383   25   75.99997   64.00000  15.8%   8.3  960s
 3234939 966245 infeasible  350        75.99997   64.00000  15.8%   8.3  965s
 3249490 971565   75.00000  332   22   75.99997   64.00000  15.8%   8.3  970s
H3260460 975553                      75.9999744   64.00000  15.8%   8.3  975s
 3276741 979963   64.50000  363   25   75.99997   64.00000  15.8%   8.3  980s
 3288781 986950     cutoff  365        75.99997   64.00000  15.8%   8.3  985s
 3293644 996821   69.50000  427   26   75.99997   64.00000  15.8%   8.3  992s
 3330472 999378 infeasible  316        75.99997   64.00000  15.8%   8.3  996s
 3344103 1003662     cutoff  357        75.99997   64.00000  15.8%   8.3 1001s
 3358250 1005650   64.50000  345   21   75.99997   64.00000  15.8%   8.3 1005s
 3358314 1014653   64.50000  346   21   75.99997   64.00000  15.8%   8.3 1011s
 3390393 1023309 infeasible  395        75.99997   64.00000  15.8%   8.3 1017s
 3422425 1023328   71.00000  317   34   75.99997   64.00000  15.8%   8.3 1020s
 3454500 1032503 infeasible  393        75.99997   64.00000  15.8%   8.3 1027s
H3454515 1032503                      75.9999744   64.00000  15.8%   8.3 1027s
 3454545 1040927     cutoff  393        75.99997   64.00000  15.8%   8.3 1031s
 3492003 1043233   72.50000  277   26   75.99997   64.00000  15.8%   8.3 1035s
 3505880 1046873   69.00000  397   25   75.99997   64.00000  15.8%   8.3 1040s
 3525601 1049791 infeasible  355        75.99997   64.00000  15.8%   8.3 1045s
 3536288 1052366   64.25000  364   24   75.99997   64.00000  15.8%   8.3 1050s
 3547200 1055677   69.50000  348   21   75.99997   64.00000  15.8%   8.3 1056s
 3547256 1063121     cutoff  349        75.99997   64.00000  15.8%   8.3 1060s
 3586630 1066984   67.25000  318   23   75.99997   64.00000  15.8%   8.3 1065s
 3604610 1072653   67.00000  318   24   75.99997   64.00000  15.8%   8.3 1070s
 3612130 1081625   69.00000  319   24   75.99997   64.00000  15.8%   8.3 1076s
 3644214 1090799   71.75000  347   22   75.99997   64.00000  15.8%   8.3 1087s
 3676297 1100021   72.25000  292   25   75.99997   64.00000  15.8%   8.3 1093s
H3704351 1100021                      75.9999743   64.00000  15.8%   8.3 1094s
 3708329 1100029 infeasible  292        75.99997   64.00000  15.8%   8.3 1097s
 3708380 1107318   70.25000  292   25   75.99997   64.00000  15.8%   8.3 1102s
 3745080 1108488 infeasible  324        75.99997   64.00000  15.8%   8.3 1106s
 3746487 1114216 infeasible  323        75.99997   64.00000  15.8%   8.3 1111s
 3773740 1115422   70.25000  368   28   75.99997   64.00000  15.8%   8.3 1116s
 3773792 1124632   72.31250  369   42   75.99997   64.00000  15.8%   8.3 1120s
 3805824 1124646   74.25000  358   26   75.99997   64.00000  15.8%   8.3 1126s
 3805871 1133555     cutoff  359        75.99997   64.00000  15.8%   8.3 1130s
 3837955 1141795 infeasible  325        75.99997   64.00000  15.8%   8.3 1136s
 3870031 1151609   66.25893  333   32   75.99997   64.00000  15.8%   8.3 1143s
 3902063 1151630   70.00000  330   23   75.99997   64.00000  15.8%   8.3 1145s
 3902104 1159491 infeasible  331        75.99997   64.00000  15.8%   8.3 1150s
 3934188 1168088 infeasible  373        75.99997   64.00000  15.8%   8.3 1157s
 3968039 1168891   65.50000  352   25   75.99997   64.00000  15.8%   8.3 1162s
 3969302 1176978   64.00000  335   28   75.99997   64.00000  15.8%   8.3 1166s
 4001334 1176989   75.00000  349   28   75.99997   64.00000  15.8%   8.3 1170s
 4031413 1185442   66.00000  380   23   75.99997   64.00000  15.8%   8.3 1175s
 4034233 1193153   74.50000  321   27   75.99997   64.00000  15.8%   8.3 1183s
 4066265 1193508   69.38393  342   32   75.99997   64.00000  15.8%   8.3 1185s
 4082011 1198380   71.00000  372   21   75.99997   64.00000  15.8%   8.3 1191s
 4095737 1201661   65.00446  381   27   75.99997   64.00000  15.8%   8.3 1195s
 4112489 1206168   72.25000  356   27   75.99997   64.00000  15.8%   8.3 1200s
 4121131 1207360 infeasible  336        75.99997   64.00000  15.8%   8.3 1206s
 4130094 1208771   70.75000  349   26   75.99997   64.00000  15.8%   8.3 1213s
 4130144 1216098   70.75000  350   26   75.99997   64.00000  15.8%   8.3 1218s
 4162176 1216104   67.25000  384   25   75.99997   64.00000  15.8%   8.3 1221s
 4162233 1224228   67.25000  385   26   75.99997   64.00000  15.8%   8.3 1225s
 4194317 1233733   64.00000  349   21   75.99997   64.00000  15.8%   8.4 1231s
 4226349 1233722 infeasible  346        75.99997   64.00000  15.8%   8.4 1236s
 4226419 1242086 infeasible  346        75.99997   64.00000  15.8%   8.4 1242s
 4258451 1242089 infeasible  370        75.99997   64.00000  15.8%   8.4 1245s
 4290540 1249508     cutoff  342        75.99997   64.00000  15.8%   8.4 1251s
 4290588 1257423   65.50000  339   21   75.99997   64.00000  15.8%   8.4 1255s
 4327099 1258148   74.25000  370   24   75.99997   64.00000  15.8%   8.4 1261s
 4333629 1259694   67.25000  356   35   75.99997   64.00000  15.8%   8.4 1265s
 4345006 1263635 infeasible  395        75.99997   64.00000  15.8%   8.4 1270s
 4362171 1272460   64.00000  329   23   75.99997   64.00000  15.8%   8.4 1276s
 4383126 1275506   74.00000  401   26   75.99997   64.00000  15.8%   8.4 1280s
 4390317 1284571   66.00000  316   25   75.99997   64.00000  15.8%   8.4 1288s
 4422349 1284586     cutoff  391        75.99997   64.00000  15.8%   8.4 1293s
 4422395 1292204   75.25000  392   35   75.99997   64.00000  15.8%   8.4 1298s
 4454427 1293752   71.00000  366   22   75.99997   64.00000  15.8%   8.4 1300s
 4468796 1299122   67.00000  369   25   75.99997   64.00000  15.8%   8.4 1305s
 4487929 1309856     cutoff  376        75.99997   64.00000  15.8%   8.4 1316s
 4520008 1317900   66.50000  354   23   75.99997   64.00000  15.8%   8.4 1322s
 4552040 1317893     cutoff  327        75.99997   64.00000  15.8%   8.4 1325s
 4584140 1325896   65.75000  359   23   75.99997   64.00000  15.8%   8.4 1332s
 4584190 1333983   65.75000  360   23   75.99997   64.00000  15.8%   8.4 1336s
 4616269 1342755   66.00000  365   23   75.99997   64.00000  15.8%   8.4 1345s
 4648355 1351231   64.50000  309   37   75.99997   64.00000  15.8%   8.4 1352s
 4684491 1352604   71.92727  404   35   75.99997   64.00000  15.8%   8.4 1355s
 4693115 1354535   64.00000  345   28   75.99997   64.00000  15.8%   8.4 1360s
 4693999 1354702 infeasible  360        75.99997   64.00000  15.8%   8.4 1365s
 4712271 1359184   71.75893  387   24   75.99997   64.00000  15.8%   8.4 1370s
 4744347 1367599   65.00000  304   21   75.99997   64.00000  15.8%   8.4 1377s
 4744396 1375063   65.00000  305   24   75.99997   64.00000  15.8%   8.4 1381s
 4776479 1383957   74.50000  376   23   75.99997   64.00000  15.8%   8.4 1390s
 4808560 1393093   66.02679  371   24   75.99997   64.00000  15.8%   8.4 1398s
 4840592 1393501     cutoff  369        75.99997   64.00000  15.8%   8.4 1400s
H4840957 1393501                      75.9999743   64.00000  15.8%   8.4 1401s
H4846711 1397439                      75.9999742   64.00000  15.8%   8.4 1405s
 4866855 1400176   64.75000  384   21   75.99997   64.00000  15.8%   8.4 1410s
 4875371 1412339   64.00000  301   40   75.99997   64.00000  15.8%   8.4 1418s
 4907403 1413446     cutoff  355        75.99997   64.00000  15.8%   8.4 1420s
 4923901 1417699   68.25000  345   27   75.99997   64.00000  15.8%   8.4 1425s
H4924139 1417699                      75.9999742   64.00000  15.8%   8.4 1426s
 4945657 1421461   72.88393  349   23   75.99997   64.00000  15.8%   8.4 1431s
 4945712 1429061     cutoff  350        75.99997   64.00000  15.8%   8.4 1436s
 4977744 1429074   64.25000  370   28   75.99997   64.00000  15.8%   8.4 1441s
 4977794 1437374   64.25000  371   27   75.99997   64.00000  15.8%   8.4 1447s
 5009879 1446682   65.50000  384   21   75.99997   64.00000  15.8%   8.4 1455s
 5041984 1454388   65.00000  333   23   75.99997   64.00000  15.8%   8.4 1462s
 5074016 1454411   68.75000  375   26   75.99997   64.00000  15.8%   8.4 1465s
 5106160 1463248   69.75000  379   21   75.99997   64.00000  15.8%   8.4 1471s
 5108710 1467195 infeasible  332        75.99997   64.00000  15.8%   8.4 1476s
 5126528 1467952   68.50000  356   26   75.99997   64.00000  15.8%   8.4 1480s
 5135352 1471099   70.50000  373   26   75.99997   64.00000  15.8%   8.4 1485s
 5152995 1476446   74.50000  385   29   75.99997   64.00000  15.8%   8.4 1491s
 5159329 1476741   67.00000  382   23   75.99997   64.00000  15.8%   8.4 1495s
 5170259 1481163     cutoff  379        75.99997   64.00000  15.8%   8.4 1500s
 5187600 1483011   67.00000  334   32   75.99997   64.00000  15.8%   8.4 1506s
 5193595 1486207   66.75000  367   23   75.99997   64.00000  15.8%   8.4 1510s
 5199799 1486223 infeasible  334        75.99997   64.00000  15.8%   8.4 1515s
 5231879 1494023     cutoff  332        75.99997   64.00000  15.8%   8.4 1524s
 5231927 1502663   75.00000  331   25   75.99997   64.00000  15.8%   8.4 1528s
 5263959 1502671   71.00000  331   25   75.99997   64.00000  15.8%   8.4 1533s
 5264013 1511309   65.50000  330   23   75.99997   64.00000  15.8%   8.4 1538s
 5296045 1511323     cutoff  367        75.99997   64.00000  15.8%   8.4 1540s
 5328134 1519401   75.25000  372   27   75.99997   64.00000  15.8%   8.4 1551s
 5328200 1528288 infeasible  373        75.99997   64.00000  15.8%   8.4 1555s
 5367876 1532520     cutoff  367        75.99997   64.00000  15.8%   8.4 1561s
 5378304 1533000 infeasible  361        75.99997   64.00000  15.8%   8.4 1565s
 5390477 1536975   64.00000  380   24   75.99997   64.00000  15.8%   8.4 1570s
 5417974 1543956   73.00000  385   23   75.99997   64.00000  15.8%   8.4 1577s
 5422329 1545608   64.00000  345   24   75.99997   64.00000  15.8%   8.4 1581s
 5442760 1551608 infeasible  307        75.99997   64.00000  15.8%   8.4 1586s
 5452242 1556657   70.75000  361   26   75.99997   64.00000  15.8%   8.4 1590s
 5467265 1558652   67.00000  356   24   75.99997   64.00000  15.8%   8.4 1595s
 5478209 1561813 infeasible  374        75.99997   64.00000  15.8%   8.4 1602s
 5483918 1564936 infeasible  328        75.99997   64.00000  15.8%   8.4 1605s
 5498803 1568811 infeasible  368        75.99997   64.00000  15.8%   8.4 1610s
 5506898 1572056   69.25446  377   28   75.99997   64.00000  15.8%   8.4 1616s
 5516910 1576247   68.50000  340   26   75.99997   64.00000  15.8%   8.4 1620s
 5530931 1580768   66.00000  354   41   75.99997   64.00000  15.8%   8.4 1625s
 5548709 1583014     cutoff  390        75.99997   64.00000  15.8%   8.4 1630s
 5548769 1591390 infeasible  309        75.99997   64.00000  15.8%   8.4 1638s
 5580801 1592442   69.00000  373   21   75.99997   64.00000  15.8%   8.4 1640s
 5595663 1595816 infeasible  343        75.99997   64.00000  15.8%   8.4 1645s
 5617043 1599897   72.00000  371   29   75.99997   64.00000  15.8%   8.4 1650s
 5638061 1604348   70.00000  359   22   75.99997   64.00000  15.8%   8.4 1655s
 5654099 1608637 infeasible  360        75.99997   64.00000  15.8%   8.4 1661s
 5667482 1612083   68.00000  331   27   75.99997   64.00000  15.8%   8.4 1665s
 5675428 1622453   72.00000  371   21   75.99997   64.00000  15.8%   8.4 1671s
 5707501 1631218     cutoff  383        75.99997   64.00000  15.8%   8.4 1678s
 5739533 1631228 infeasible  316        75.99997   64.00000  15.8%   8.4 1681s
 5739587 1640132 infeasible  317        75.99997   64.00000  15.8%   8.4 1685s
 5771673 1647943     cutoff  348        75.99997   64.00000  15.8%   8.4 1694s
 5803705 1649291   64.00000  345   28   75.99997   64.00000  15.8%   8.4 1696s
 5818812 1651637   74.26786  419   37   75.99997   64.00000  15.8%   8.4 1700s
 5837219 1655992     cutoff  369        75.99997   64.00000  15.8%   8.4 1707s
 5837273 1664176     cutoff  370        75.99997   64.00000  15.8%   8.4 1712s
 5872558 1665965   64.50000  365   21   75.99997   64.00000  15.8%   8.4 1716s
H5875328 1665965                      75.9999742   64.00000  15.8%   8.4 1717s
 5885754 1668929 infeasible  383        75.99997   64.00000  15.8%   8.4 1721s
 5892600 1670983 infeasible  393        75.99997   64.00000  15.8%   8.4 1726s
 5900877 1680735   69.75000  363   23   75.99997   64.00000  15.8%   8.4 1733s
 5932909 1680753   70.50000  398   24   75.99997   64.00000  15.8%   8.4 1739s
 5932955 1689234 infeasible  398        75.99997   64.00000  15.8%   8.4 1743s
 5964987 1690021 infeasible  355        75.99997   64.00000  15.8%   8.4 1745s
H5966500 1690021                      75.9999742   64.00000  15.8%   8.4 1745s
 5976574 1694074   64.00000  364   26   75.99997   64.00000  15.8%   8.4 1750s
 5987579 1697356   67.75000  312   22   75.99997   64.00000  15.8%   8.4 1755s
 5994487 1706296   67.50000  317   21   75.99997   64.00000  15.8%   8.4 1762s
 6026519 1706304   64.50000  383   21   75.99997   64.00000  15.8%   8.4 1766s
 6026571 1714404   64.50000  384   21   75.99997   64.00000  15.8%   8.4 1771s
 6066819 1717020   73.50000  329   21   75.99997   64.00000  15.8%   8.4 1777s
 6072980 1719177   72.53571  356   23   75.99997   64.00000  15.8%   8.4 1780s
 6089074 1721395 infeasible  350        75.99997   64.00000  15.8%   8.5 1785s
 6089139 1729806     cutoff  351        75.99997   64.00000  15.8%   8.5 1794s
 6121171 1732820   72.00000  367   21   75.99997   64.00000  15.8%   8.5 1796s
 6132468 1733978     cutoff  364        75.99997   64.00000  15.8%   8.5 1800s
 6144383 1735894   69.50000  389   27   75.99997   64.00000  15.8%   8.5 1805s
 6162481 1740769   64.00000  356   19   75.99997   64.00000  15.8%   8.5 1811s
 6176819 1742532   73.00000  354   31   75.99997   64.00000  15.8%   8.5 1816s
 6186766 1746371   71.75000  361   33   75.99997   64.00000  15.8%   8.5 1820s
 6204649 1750594   65.00000  342   19   75.99997   64.00000  15.8%   8.5 1827s
 6213295 1754219   67.07692  405   27   75.99997   64.00000  15.8%   8.5 1830s
 6230921 1759669   70.50000  379   21   75.99997   64.00000  15.8%   8.5 1835s
 6249045 1762947 infeasible  359        75.99997   64.00000  15.8%   8.5 1840s
 6264009 1766521 infeasible  401        75.99997   64.00000  15.8%   8.5 1845s
 6284355 1769297   64.00000  343   28   75.99997   64.00000  15.8%   8.5 1851s
H6298798 1774369                      75.9999742   64.00000  15.8%   8.5 1855s
 6305949 1776544   64.00000  328   35   75.99997   64.00000  15.8%   8.5 1860s
 6332141 1781739 infeasible  403        75.99997   64.00000  15.8%   8.5 1866s
 6335747 1785651   68.75000  364   30   75.99997   64.00000  15.8%   8.5 1870s
 6356430 1788782 infeasible  378        75.99997   64.00000  15.8%   8.5 1876s
 6364445 1793125   66.50000  338   30   75.99997   64.00000  15.8%   8.5 1880s
 6386633 1797084   70.25000  335   34   75.99997   64.00000  15.8%   8.5 1886s
 6403615 1800644   64.00000  378   22   75.99997   64.00000  15.8%   8.5 1891s
 6425159 1806261     cutoff  369        75.99997   64.00000  15.8%   8.5 1895s
 6434467 1807727   70.00000  393   32   75.99997   64.00000  15.8%   8.5 1900s
 6463219 1816349   68.75000  344   21   75.99997   64.00000  15.8%   8.5 1905s
 6468389 1824905   69.75000  368   23   75.99997   64.00000  15.8%   8.5 1912s
 6500421 1824921   70.50000  376   19   75.99997   64.00000  15.8%   8.5 1915s
 6532500 1833601     cutoff  327        75.99997   64.00000  15.8%   8.5 1921s
 6532554 1842162     cutoff  327        75.99997   64.00000  15.8%   8.5 1928s
 6564586 1842173 infeasible  401        75.99997   64.00000  15.8%   8.5 1931s
 6564638 1851183   67.00000  334   27   75.99997   64.00000  15.8%   8.5 1935s
 6596710 1858944   65.25000  376   25   75.99997   64.00000  15.8%   8.5 1941s
 6628791 1867429   64.50446  324   26   75.99997   64.00000  15.8%   8.5 1948s
 6660823 1867440 infeasible  389        75.99997   64.00000  15.8%   8.5 1950s
 6677893 1875964   72.50000  395   22   75.99997   64.00000  15.8%   8.5 1955s
 6709193 1879560     cutoff  377        75.99997   64.00000  15.8%   8.5 1961s
 6718270 1884161   70.50000  357   21   75.99997   64.00000  15.8%   8.5 1965s
 6725284 1891870   69.50064  363   26   75.99997   64.00000  15.8%   8.5 1976s
 6759128 1892354   70.24998  380   36   75.99997   64.00000  15.8%   8.5 1981s
 6759337 1899631   65.50000  377   27   75.99997   64.00000  15.8%   8.5 1985s
 6794144 1900776   69.75000  332   24   75.99997   64.00000  15.8%   8.5 1990s
 6809033 1905780   65.25000  353   21   75.99997   64.00000  15.8%   8.5 1996s
 6824063 1908815     cutoff  357        75.99997   64.00000  15.8%   8.5 2001s
 6836221 1911177     cutoff  373        75.99997   64.00000  15.8%   8.5 2005s
 6850005 1922032   68.00000  407   34   75.99997   64.00000  15.8%   8.5 2013s
 6882037 1923052   68.50000  280   27   75.99997   64.00000  15.8%   8.5 2016s
 6896224 1925661   72.60000  368   26   75.99997   64.00000  15.8%   8.5 2021s
 6913146 1929773     cutoff  370        75.99997   64.00000  15.8%   8.5 2026s
 6929394 1933473   71.50000  328   30   75.99997   64.00000  15.8%   8.5 2031s
 6938714 1937969   71.50000  370   21   75.99997   64.00000  15.8%   8.5 2035s
 6944163 1946306   69.00000  395   23   75.99997   64.00000  15.8%   8.5 2042s
 6976195 1946315 infeasible  384        75.99997   64.00000  15.8%   8.5 2045s
 7008278 1954202   74.25000  392   21   75.99997   64.00000  15.8%   8.5 2052s
 7008340 1962096     cutoff  393        75.99997   64.00000  15.8%   8.5 2056s
 7040415 1969703     cutoff  374        75.99997   64.00000  15.8%   8.5 2062s
 7072447 1969715     cutoff  340        75.99997   64.00000  15.8%   8.5 2065s
 7104530 1977615   67.25000  402   24   75.99997   64.00000  15.8%   8.5 2072s
 7106368 1982641   70.75000  403   19   75.99997   64.00000  15.8%   8.5 2075s
 7135240 1985441 infeasible  374        75.99997   64.00000  15.8%   8.5 2081s
 7136905 1993163 infeasible  375        75.99997   64.00000  15.8%   8.5 2085s
 7162572 1993723   73.38393  382   26   75.99997   64.00000  15.8%   8.5 2090s
 7170832 2002379 infeasible  316        75.99997   64.00000  15.8%   8.5 2098s
 7202864 2002397   66.75000  388   25   75.99997   64.00000  15.8%   8.5 2103s
 7202909 2010779   70.25000  389   22   75.99997   64.00000  15.8%   8.5 2109s
 7234941 2010789   65.00000  299   21   75.99997   64.00000  15.8%   8.5 2111s
 7234992 2019384   65.00000  300   19   75.99997   64.00000  15.8%   8.5 2115s
 7267024 2019391   67.75000  368   24   75.99997   64.00000  15.8%   8.5 2121s
 7267080 2028867   67.75000  369   24   75.99997   64.00000  15.8%   8.5 2125s
 7299153 2037534     cutoff  285        75.99997   64.00000  15.8%   8.5 2131s
 7331236 2046557   67.75000  373   19   75.99997   64.00000  15.8%   8.5 2138s
 7363268 2046588 infeasible  297        75.99997   64.00000  15.8%   8.5 2141s
 7363327 2054472   67.88393  297   25   75.99997   64.00000  15.8%   8.5 2145s
 7395413 2063620     cutoff  356        75.99997   64.00000  15.8%   8.5 2154s
 7427445 2064466 infeasible  306        75.99997   64.00000  15.8%   8.5 2156s
 7442788 2066709 infeasible  318        75.99997   64.00000  15.8%   8.5 2161s
 7452445 2070661   67.00000  405   25   75.99997   64.00000  15.8%   8.5 2165s
 7459765 2080231 infeasible  261        75.99997   64.00000  15.8%   8.5 2171s
 7492687 2084789 infeasible  302        75.99997   64.00000  15.8%   8.5 2175s
 7507186 2087172   73.81876  328   29   75.99997   64.00000  15.8%   8.5 2181s
 7515609 2087185   71.00000  341   30   75.99997   64.00000  15.8%   8.5 2185s
 7522826 2097820   71.50000  312   21   75.99997   64.00000  15.8%   8.5 2193s
 7554858 2098729   68.25000  362   25   75.99997   64.00000  15.8%   8.5 2195s
 7572284 2103058   67.00000  334   29   75.99997   64.00000  15.8%   8.5 2202s
 7580090 2106141   68.75000  373   39   75.99997   64.00000  15.8%   8.5 2206s
 7597926 2109396   71.25000  328   25   75.99997   64.00000  15.8%   8.5 2210s
 7607470 2113697 infeasible  320        75.99997   64.00000  15.8%   8.5 2215s
 7620209 2119243   64.00000  258   27   75.99997   64.00000  15.8%   8.5 2221s
 7638572 2121315     cutoff  326        75.99997   64.00000  15.8%   8.5 2226s
 7645292 2124935   68.50000  352   27   75.99997   64.00000  15.8%   8.5 2230s
 7661222 2128219   65.25000  294   23   75.99997   64.00000  15.8%   8.5 2235s
 7681062 2132663   64.00000  295   21   75.99997   64.00000  15.8%   8.5 2240s
 7702514 2137946   70.50000  318   24   75.99997   64.00000  15.8%   8.5 2247s
 7712827 2140893   75.00000  321   20   75.99997   64.00000  15.8%   8.5 2250s
 7734359 2146214   64.08553  318   34   75.99997   64.00000  15.8%   8.5 2257s
 7740408 2148082 infeasible  353        75.99997   64.00000  15.8%   8.5 2260s
 7745674 2158315 infeasible  299        75.99997   64.00000  15.8%   8.5 2269s
 7777706 2158331   65.25000  323   34   75.99997   64.00000  15.8%   8.5 2272s
 7777752 2166733   65.25000  324   32   75.99997   64.00000  15.8%   8.5 2276s
 7809784 2166747   75.33333  319   27   75.99997   64.00000  15.8%   8.5 2281s
 7809832 2174493     cutoff  320        75.99997   64.00000  15.8%   8.5 2285s
 7841864 2174503   68.25000  362   34   75.99997   64.00000  15.8%   8.5 2290s
 7843920 2183645   71.25893  362   23   75.99997   64.00000  15.8%   8.5 2295s
 7874001 2192104 infeasible  318        75.99997   64.00000  15.8%   8.5 2301s
 7906080 2201296   64.50000  294   23   75.99997   64.00000  15.8%   8.5 2308s
 7938112 2201309 infeasible  346        75.99997   64.00000  15.8%   8.5 2311s
 7938161 2209722 infeasible  346        75.99997   64.00000  15.8%   8.5 2315s
 7970245 2218588   68.75000  352   28   75.99997   64.00000  15.8%   8.5 2322s
H8002402 2218983                      75.9999742   64.00000  15.8%   8.5 2326s
 8003590 2227786   66.75000  325   31   75.99997   64.00000  15.8%   8.5 2330s
 8035419 2227807   64.00000  355   24   75.99997   64.00000  15.8%   8.5 2335s
 8035462 2237016   65.00000  356   22   75.99997   64.00000  15.8%   8.5 2340s
 8067541 2245288   66.00000  285   27   75.99997   64.00000  15.8%   8.5 2350s
 8112077 2248315     cutoff  325        75.99997   64.00000  15.8%   8.5 2356s
 8119439 2249322     cutoff  360        75.99997   64.00000  15.8%   8.5 2360s
 8125225 2253189   75.00000  351   21   75.99997   64.00000  15.8%   8.5 2366s
 8137795 2262334     cutoff  343        75.99997   64.00000  15.8%   8.5 2372s
 8169827 2262353   64.50000  292   23   75.99997   64.00000  15.8%   8.5 2375s
 8186887 2270810   67.25000  324   24   75.99997   64.00000  15.8%   8.5 2380s
 8201954 2278472     cutoff  372        75.99997   64.00000  15.8%   8.5 2388s
 8233986 2278481   73.25000  333   27   75.99997   64.00000  15.8%   8.5 2391s
 8234039 2286375   74.25000  334   27   75.99997   64.00000  15.8%   8.5 2396s
 8266128 2294796   75.50000  333   34   75.99997   64.00000  15.8%   8.5 2403s
 8298160 2294805   65.00000  327   27   75.99997   64.00000  15.8%   8.5 2406s
 8298212 2303497   65.00000  328   27   75.99997   64.00000  15.8%   8.5 2410s
 8330244 2303510   75.50000  333   29   75.99997   64.00000  15.8%   8.5 2416s
 8330294 2312752 infeasible  334        75.99997   64.00000  15.8%   8.5 2421s
 8362385 2322511   66.00000  351   21   75.99997   64.00000  15.8%   8.5 2430s
 8394473 2330450   70.50000  344   25   75.99997   64.00000  15.8%   8.5 2437s
 8426552 2338284   73.00000  313   37   75.99997   64.00000  15.8%   8.5 2443s
 8458584 2338294   70.00000  376   23   75.99997   64.00000  15.8%   8.5 2449s
 8458634 2347910 infeasible  381        75.99997   64.00000  15.8%   8.5 2455s
 8491917 2356627     cutoff  354        75.99997   64.00000  15.8%   8.5 2462s
 8524671 2359973   67.00893  304   27   75.99997   64.00000  15.8%   8.5 2466s
 8541382 2363523   68.00000  345   21   75.99997   64.00000  15.8%   8.5 2471s
 8556096 2366814 infeasible  341        75.99997   64.00000  15.8%   8.5 2476s
 8557587 2374169   65.50000  341   21   75.99997   64.00000  15.8%   8.5 2480s
 8588034 2375166   71.75223  298   28   75.99997   64.00000  15.8%   8.5 2487s
 8588326 2381742   72.75000  299   24   75.99997   64.00000  15.8%   8.5 2490s
 8618621 2383237   64.50000  361   23   75.99997   64.00000  15.8%   8.5 2496s
 8618675 2392245   64.50000  362   23   75.99997   64.00000  15.8%   8.5 2500s
 8650759 2401034   65.25000  319   28   75.99997   64.00000  15.8%   8.5 2508s
 8682791 2401519   70.50000  319   26   75.99997   64.00000  15.8%   8.5 2511s
 8700008 2406878   70.99995  300   33   75.99997   64.00000  15.8%   8.5 2515s
 8709944 2409026     cutoff  347        75.99997   64.00000  15.8%   8.5 2521s
 8718364 2410632     cutoff  371        75.99997   64.00000  15.8%   8.5 2526s
 8719370 2416960   74.75000  389   28   75.99997   64.00000  15.8%   8.5 2532s
 8744162 2417795     cutoff  298        75.99997   64.00000  15.8%   8.5 2536s
 8763182 2422852 infeasible  360        75.99997   64.00000  15.8%   8.5 2540s
 8768314 2423848   70.25000  314   23   75.99997   64.00000  15.8%   8.5 2545s
 8772119 2424792     cutoff  320        75.99997   64.00000  15.8%   8.5 2550s
 8790863 2428794   69.00000  368   19   75.99997   64.00000  15.8%   8.5 2556s
 8798483 2432085   69.50000  326   22   75.99997   64.00000  15.8%   8.5 2560s
 8810796 2433406     cutoff  342        75.99997   64.00000  15.8%   8.5 2565s
 8842883 2441389     cutoff  373        75.99997   64.00000  15.8%   8.5 2572s
 8842934 2449788 infeasible  373        75.99997   64.00000  15.8%   8.5 2578s
 8874966 2449806   71.75000  302   21   75.99997   64.00000  15.8%   8.5 2581s
 8875040 2458057 infeasible  303        75.99997   64.00000  15.8%   8.5 2585s
 8907116 2466934     cutoff  394        75.99997   64.00000  15.8%   8.5 2592s
 8939191 2476022 infeasible  343        75.99997   64.00000  15.8%   8.5 2599s
 8971223 2476022   64.50000  350   23   75.99997   64.00000  15.8%   8.5 2601s
 8971282 2483662   64.50000  351   26   75.99997   64.00000  15.8%   8.5 2605s
 9003314 2483671   70.25000  331   25   75.99997   64.00000  15.8%   8.5 2610s
 9003368 2492851   73.25000  332   27   75.99997   64.00000  15.8%   8.5 2615s
 9035452 2501374   64.50000  361   23   75.99997   64.00000  15.8%   8.5 2621s
 9067484 2501380   70.00000  392   22   75.99997   64.00000  15.8%   8.5 2626s
 9067538 2509680 infeasible  393        75.99997   64.00000  15.8%   8.5 2630s
 9102674 2510269   73.75000  355   24   75.99997   64.00000  15.8%   8.5 2635s
 9115551 2513624   71.25000  445   28   75.99997   64.00000  15.8%   8.5 2640s
 9126959 2516668   70.13393  341   24   75.99997   64.00000  15.8%   8.5 2646s
 9134798 2519902   69.00000  347   22   75.99997   64.00000  15.8%   8.5 2650s
 9142981 2522256     cutoff  383        75.99997   64.00000  15.8%   8.5 2655s
 9153289 2523175 infeasible  343        75.99997   64.00000  15.8%   8.5 2661s
 9165733 2526852   65.75000  324   19   75.99997   64.00000  15.8%   8.5 2666s
 9171286 2533368   64.25000  309   25   75.99997   64.00000  15.8%   8.5 2672s
 9197046 2534947     cutoff  346        75.99997   64.00000  15.8%   8.5 2676s
 9219784 2541353   64.00000  322   21   75.99997   64.00000  15.8%   8.5 2686s
 9226629 2552330   64.00000  334   25   75.99997   64.00000  15.8%   8.5 2695s
 9258707 2562046   68.75000  347   20   75.99997   64.00000  15.8%   8.5 2702s
 9290739 2562044   69.39286  391   33   75.99997   64.00000  15.8%   8.5 2708s
 9290803 2570057   69.50000  392   30   75.99997   64.00000  15.8%   8.5 2712s
 9322889 2578806   67.00000  335   23   75.99997   64.00000  15.8%   8.5 2720s
 9354975 2587932 infeasible  323        75.99997   64.00000  15.8%   8.5 2727s
 9387007 2587944   65.25000  313   29   75.99997   64.00000  15.8%   8.5 2730s
 9403074 2597196   74.00000  339   21   75.99997   64.00000  15.8%   8.5 2735s
 9419133 2604261   75.00000  384   26   75.99997   64.00000  15.8%   8.5 2741s
 9451208 2613598   66.25000  306   28   75.99997   64.00000  15.8%   8.5 2748s
 9483240 2613618   64.04556  333   27   75.99997   64.00000  15.8%   8.5 2750s
 9483284 2623059   64.50000  334   23   75.99997   64.00000  15.8%   8.5 2756s
 9515366 2632188   65.50000  383   23   75.99997   64.00000  15.8%   8.5 2763s
 9547398 2632201   64.00000  298   22   75.99997   64.00000  15.8%   8.5 2765s
 9547447 2641487   64.00000  299   21   75.99997   64.00000  15.8%   8.5 2770s
 9579525 2651330   64.00000  301   25   75.99997   64.00000  15.8%   8.5 2778s
 9611557 2652974   65.00000  361   23   75.99997   64.00000  15.8%   8.5 2780s
 9615651 2655262 infeasible  385        75.99997   64.00000  15.8%   8.5 2785s
 9629984 2657056   70.63393  369   24   75.99997   64.00000  15.8%   8.5 2791s
 9636225 2662125   74.00000  367   25   75.99997   64.00000  15.8%   8.5 2796s
 9645882 2669205   75.50000  358   23   75.99997   64.00000  15.8%   8.5 2801s
 9667219 2669475 infeasible  311        75.99997   64.00000  15.8%   8.5 2805s
 9680291 2672758   67.28125  353   22   75.99997   64.00000  15.8%   8.5 2811s
 9680345 2681945   67.50000  354   21   75.99997   64.00000  15.8%   8.5 2815s
 9712425 2689694   72.00000  369   26   75.99997   64.00000  15.8%   8.5 2822s
 9744457 2689705   64.50000  353   21   75.99997   64.00000  15.8%   8.5 2825s
 9773536 2698376   64.12500  328   27   75.99997   64.00000  15.8%   8.5 2830s
 9776539 2698392   74.60714  350   31   75.99997   64.00000  15.8%   8.5 2835s
 9776584 2708013     cutoff  351        75.99997   64.00000  15.8%   8.5 2843s
 9808616 2708445   67.00546  359   26   75.99997   64.00000  15.8%   8.5 2845s
 9827098 2713710     cutoff  380        75.99997   64.00000  15.8%   8.5 2850s
 9838766 2718074   67.00000  390   28   75.99997   64.00000  15.8%   8.5 2855s
 9852588 2720422   74.75000  360   23   75.99997   64.00000  15.8%   8.5 2860s
 9869677 2725686   67.00000  326   31   75.99997   64.00000  15.8%   8.5 2866s
 9892649 2732152 infeasible  358        75.99997   64.00000  15.8%   8.5 2872s
 9894988 2734060     cutoff  383        75.99997   64.00000  15.8%   8.5 2875s
 9917476 2739333 infeasible  332        75.99997   64.00000  15.8%   8.5 2881s
 9920381 2740836   70.00000  324   27   75.99997   64.00000  15.8%   8.5 2886s
 9934624 2742547   64.50000  339   27   75.99997   64.00000  15.8%   8.5 2892s
 9934667 2749613   65.50455  340   32   75.99997   64.00000  15.8%   8.5 2896s
 9966699 2749622   64.50000  371   21   75.99997   64.00000  15.8%   8.5 2901s
 9966752 2757595   66.50000  372   21   75.99997   64.00000  15.8%   8.5 2905s
 9998784 2757607 infeasible  337        75.99997   64.00000  15.8%   8.5 2910s
 9998834 2767275   73.50000  337   21   75.99997   64.00000  15.8%   8.5 2916s
 10030920 2775297     cutoff  366        75.99997   64.00000  15.8%   8.5 2923s
 10062952 2775310   75.50000  332   24   75.99997   64.00000  15.8%   8.5 2925s
 10063007 2783699     cutoff  333        75.99997   64.00000  15.8%   8.5 2930s
 10095039 2783708 infeasible  351        75.99997   64.00000  15.8%   8.5 2935s
 10127124 2792920 infeasible  391        75.99997   64.00000  15.8%   8.5 2944s
 10127172 2801578   70.25000  389   25   75.99997   64.00000  15.8%   8.5 2948s
 10159204 2801595     cutoff  412        75.99997   64.00000  15.8%   8.5 2953s
 10159250 2810436 infeasible  379        75.99997   64.00000  15.8%   8.5 2957s
 10191282 2810447   66.75000  334   21   75.99997   64.00000  15.8%   8.5 2960s
 10191334 2818426   66.75000  335   23   75.99997   64.00000  15.8%   8.5 2965s
 10223407 2826612   66.00000  326   23   75.99997   64.00000  15.8%   8.5 2971s
 10255439 2826633   64.00000  361   34   75.99997   64.00000  15.8%   8.5 2977s
 10255479 2836781   64.52002  363   47   75.99997   64.00000  15.8%   8.5 2983s
 10287511 2836796   65.50000  386   26   75.99997   64.00000  15.8%   8.5 2985s
 10319593 2845356   64.50000  354   31   75.99997   64.00000  15.8%   8.5 2991s
 10336430 2849727   66.00000  334   26   75.99997   64.00000  15.8%   8.5 2996s
 10337322 2853373     cutoff  344        75.99997   64.00000  15.8%   8.5 3000s
 10348859 2853385 infeasible  329        75.99997   64.00000  15.8%   8.5 3005s
 10372934 2861864 infeasible  355        75.99997   64.00000  15.8%   8.5 3010s
 10380990 2870664     cutoff  334        75.99997   64.00000  15.8%   8.5 3016s
 10413070 2878938 infeasible  406        75.99997   64.00000  15.8%   8.5 3023s
 10445102 2878939     cutoff  367        75.99997   64.00000  15.8%   8.5 3026s
 10445163 2888192   69.50000  364   24   75.99997   64.00000  15.8%   8.5 3030s
 10477248 2896756   75.75000  350   25   75.99997   64.00000  15.8%   8.5 3039s
 10509280 2896765   66.00000  332   31   75.99997   64.00000  15.8%   8.5 3041s
 10509332 2906475   66.25000  332   29   75.99997   64.00000  15.8%   8.5 3045s
 10541364 2906485     cutoff  329        75.99997   64.00000  15.8%   8.5 3051s
 10541414 2915672     cutoff  328        75.99997   64.00000  15.8%   8.5 3057s
 10573506 2924512   75.75893  405   21   75.99997   64.00000  15.8%   8.5 3063s
 10605538 2924528   75.50000  362   30   75.99997   64.00000  15.8%   8.5 3066s
 10605581 2932643   75.50000  363   30   75.99997   64.00000  15.8%   8.5 3070s
 10637661 2940535     cutoff  355        75.99997   64.00000  15.8%   8.5 3077s
 10669693 2940548 infeasible  306        75.99997   64.00000  15.8%   8.5 3080s
 10700774 2948772   75.50000  383   37   75.99997   64.00000  15.8%   8.5 3085s
 10703152 2955569     cutoff  366        75.99997   64.00000  15.8%   8.5 3091s
 10731001 2958745   71.50000  364   19   75.99997   64.00000  15.8%   8.5 3095s
 10742207 2961269 infeasible  363        75.99997   64.00000  15.8%   8.5 3100s
 10750174 2961289   64.88613  326   26   75.99997   64.00000  15.8%   8.5 3105s
 10762582 2964743 infeasible  391        75.99997   64.00000  15.8%   8.5 3111s
 10762633 2973847     cutoff  391        75.99997   64.00000  15.8%   8.5 3115s
 10794708 2982505   69.75000  367   28   75.99997   64.00000  15.8%   8.5 3123s
 10826740 2982511 infeasible  359        75.99997   64.00000  15.8%   8.5 3125s
 10826794 2990111   66.50000  359   21   75.99997   64.00000  15.8%   8.5 3133s
 10858826 2990126 infeasible  322        75.99997   64.00000  15.8%   8.5 3136s
 10858874 2998269 infeasible  323        75.99997   64.00000  15.8%   8.5 3142s
 10890906 2998282   64.50000  338   21   75.99997   64.00000  15.8%   8.5 3145s
 10890954 3005846   64.50000  339   21   75.99997   64.00000  15.8%   8.5 3150s
 10923039 3014851     cutoff  363        75.99997   64.00000  15.8%   8.5 3158s
 10955071 3014862   64.00000  347   19   75.99997   64.00000  15.8%   8.5 3161s
 10955123 3022337 infeasible  348        75.99997   64.00000  15.8%   8.5 3165s
 10988111 3031150   65.00000  340   25   75.99997   64.00000  15.8%   8.5 3173s
 11020143 3032014   73.00000  360   24   75.99997   64.00000  15.8%   8.5 3175s
 11036215 3037357   66.50000  391   21   75.99997   64.00000  15.8%   8.5 3180s
 11044399 3039127 infeasible  349        75.99997   64.00000  15.8%   8.5 3187s
 11050030 3041079   72.00000  364   21   75.99997   64.00000  15.8%   8.5 3190s
 11064275 3044884   71.00000  387   19   75.99997   64.00000  15.8%   8.5 3195s
 11082525 3048275 infeasible  370        75.99997   64.00000  15.8%   8.5 3201s
 11085517 3052107   67.00000  356   20   75.99997   64.00000  15.8%   8.5 3206s
 11101927 3054406   65.50000  365   21   75.99997   64.00000  15.8%   8.5 3210s
 11114476 3059714   64.00000  341   34   75.99997   64.00000  15.8%   8.5 3215s
 11133703 3061851     cutoff  370        75.99997   64.00000  15.8%   8.5 3222s
 11141282 3063846   71.00000  340   29   75.99997   64.00000  15.8%   8.5 3225s
 11157351 3071777   70.99995  383   22   75.99997   64.00000  15.8%   8.5 3230s
 11173415 3080358   66.00000  345   21   75.99997   64.00000  15.8%   8.5 3237s
 11205447 3080373   75.00000  369   25   75.99997   64.00000  15.8%   8.5 3240s
 11237527 3089231 infeasible  401        75.99997   64.00000  15.8%   8.5 3246s
 11237569 3097478   70.75000  401   21   75.99997   64.00000  15.8%   8.5 3252s
 11269601 3097493   64.75000  324   21   75.99997   64.00000  15.8%   8.5 3255s
 11269647 3105013   65.00000  324   23   75.99997   64.00000  15.8%   8.5 3261s
 11301679 3105018 infeasible  354        75.99997   64.00000  15.8%   8.5 3266s
 11301738 3114023 infeasible  338        75.99997   64.00000  15.8%   8.5 3270s
 11333824 3123055 infeasible  354        75.99997   64.00000  15.8%   8.5 3279s
 11365856 3123073   65.00000  386   24   75.99997   64.00000  15.8%   8.5 3281s
 11365902 3132053   65.00000  387   23   75.99997   64.00000  15.8%   8.5 3286s
 11397934 3132069   69.75000  358   25   75.99997   64.00000  15.8%   8.5 3291s
 11397981 3141697   71.75000  359   23   75.99997   64.00000  15.8%   8.5 3295s
 11430058 3150919   64.53704  365   25   75.99997   64.00000  15.8%   8.5 3302s
 11462090 3150931   64.00000  347   19   75.99997   64.00000  15.8%   8.5 3305s
 11494174 3158905 infeasible  418        75.99997   64.00000  15.8%   8.5 3314s
 11494226 3166693 infeasible  417        75.99997   64.00000  15.8%   8.5 3319s
 11526258 3166924   64.00000  381   28   75.99997   64.00000  15.8%   8.5 3321s
 11527314 3172009     cutoff  407        75.99997   64.00000  15.8%   8.5 3326s
 11552061 3174960   71.75000  374   23   75.99997   64.00000  15.8%   8.5 3330s
 11560158 3177840   75.00000  339   21   75.99997   64.00000  15.8%   8.5 3337s
 11576991 3180620   65.00000  379   21   75.99997   64.00000  15.8%   8.5 3340s
 11581934 3180800   65.00000  388   24   75.99997   64.00000  15.8%   8.5 3346s
 11590569 3182150   64.75000  334   29   75.99997   64.00000  15.8%   8.5 3350s
 11590629 3191106   64.75000  335   27   75.99997   64.00000  15.8%   8.5 3358s
 11622661 3191497   65.00000  331   22   75.99997   64.00000  15.8%   8.5 3360s
 11638063 3195579   64.50000  365   22   75.99997   64.00000  15.8%   8.5 3366s
 11641544 3195679 infeasible  358        75.99997   64.00000  15.8%   8.5 3371s
 11656424 3199649 infeasible  349        75.99997   64.00000  15.8%   8.5 3377s
 11657742 3206049   64.00000  350   24   75.99997   64.00000  15.8%   8.5 3381s
 11682894 3206066   69.75000  381   25   75.99997   64.00000  15.8%   8.5 3385s
 11682940 3214653   73.25000  382   27   75.99997   64.00000  15.8%   8.5 3390s
 11719549 3217179   71.75000  391   27   75.99997   64.00000  15.8%   8.5 3395s
 11724656 3219456   74.00000  398   30   75.99997   64.00000  15.8%   8.5 3401s
 11743483 3220944     cutoff  378        75.99997   64.00000  15.8%   8.5 3406s
 11750524 3232736   69.25000  362   21   75.99997   64.00000  15.8%   8.5 3415s
 11782602 3241489 infeasible  362        75.99997   64.00000  15.8%   8.5 3422s
 11814634 3241508   67.00000  331   22   75.99997   64.00000  15.8%   8.5 3428s
 11814677 3249013   70.50000  332   19   75.99997   64.00000  15.8%   8.5 3432s
 11846709 3249012   71.25000  339   26   75.99997   64.00000  15.8%   8.5 3437s
 11846768 3257972   74.38839  340   28   75.99997   64.00000  15.8%   8.5 3441s
 11878856 3265993   73.00000  381   29   75.99997   64.00000  15.8%   8.5 3448s
 11910888 3266005 infeasible  333        75.99997   64.00000  15.8%   8.5 3450s
 11939966 3273448 infeasible  374        75.99997   64.00000  15.8%   8.5 3455s
 11943026 3282606   73.10045  351   23   75.99997   64.00000  15.8%   8.5 3463s
 11975058 3282618 infeasible  368        75.99997   64.00000  15.8%   8.5 3466s
 11975107 3291757   72.88393  368   26   75.99997   64.00000  15.8%   8.5 3470s
 12007139 3291775   64.75000  379   27   75.99997   64.00000  15.8%   8.5 3475s
 12036214 3299646   69.50000  381   26   75.99997   64.00000  15.8%   8.5 3480s
 12039266 3308585 infeasible  328        75.99997   64.00000  15.8%   8.5 3486s
 12071355 3316351   67.50000  398   19   75.99997   64.00000  15.8%   8.5 3492s
 12106160 3319705   73.00000  376   23   75.99997   64.00000  15.8%   8.5 3497s
 12123005 3323073   64.28571  345   29   75.99997   64.00000  15.8%   8.5 3501s
 12132054 3323797 infeasible  342        75.99997   64.00000  15.8%   8.5 3505s
 12143539 3326397   70.25000  386   23   75.99997   64.00000  15.8%   8.5 3514s
 12143589 3326624   72.25000  387   21   75.99997   64.00000  15.8%   8.5 3515s
 12150442 3329986   70.71422  351   26   75.99997   64.00000  15.8%   8.5 3520s
 12162825 3340238 infeasible  381        75.99997   64.00000  15.8%   8.5 3528s
 12194857 3340250 infeasible  349        75.99997   64.00000  15.8%   8.5 3531s
 12194907 3347526 infeasible  349        75.99997   64.00000  15.8%   8.5 3537s
 12226939 3347544   64.00000  382   27   75.99997   64.00000  15.8%   8.5 3542s
 12226982 3356154   67.25000  383   27   75.99997   64.00000  15.8%   8.5 3546s
 12259014 3356155 infeasible  348        75.99997   64.00000  15.8%   8.5 3552s
 12259075 3364238   71.75000  348   21   75.99997   64.00000  15.8%   8.5 3556s
 12291176 3372450   70.50000  361   26   75.99997   64.00000  15.8%   8.5 3563s
 12323208 3372456 infeasible  343        75.99997   64.00000  15.8%   8.5 3565s
 12323265 3380423   66.00000  343   25   75.99997   64.00000  15.8%   8.5 3570s
 12355351 3387736   69.81920  301   33   75.99997   64.00000  15.8%   8.5 3576s
 12387445 3398691   66.78125  351   27   75.99997   64.00000  15.8%   8.5 3583s
 12419477 3398713   69.50000  367   25   75.99997   64.00000  15.8%   8.5 3585s
 12419518 3406734   70.00000  368   25   75.99997   64.00000  15.8%   8.5 3590s
 12451598 3415088   70.25000  378   21   75.99997   64.00000  15.8%   8.5 3596s
 12483679 3416233   70.25000  355   35   75.99997   64.00000  15.8%   8.5 3600s

Cutting planes:
  Learned: 29
  Gomory: 1
  Cover: 112
  Implied bound: 77
  Clique: 84
  MIR: 291
  Flow cover: 269
  GUB cover: 1
  Zero half: 1
  RLT: 31
  Relax-and-lift: 355

Cleanup yields a better solution

Explored 12488691 nodes (106332856 simplex iterations) in 3600.15 seconds
Thread count was 32 (of 32 available processors)

Solution count 10: 76 76 76 ... 76

Time limit reached
Best objective 7.598553533567e+01, best bound 6.400000000000e+01, gap 15.7734%
