
Gurobi 9.1.2 (linux64) logging started Mon Apr  4 01:36:50 2022

Changed value of parameter LogFile to us-ca_v-Vanco....log
   Prev:   Default: 
Changed value of parameter MIPFocus to 1
   Prev: 0  Min: 0  Max: 3  Default: 0
Changed value of parameter TimeLimit to 1200.0
   Prev: inf  Min: 0.0  Max: inf  Default: inf
Warning: variables 0 and 200 have the same name "X[Houston,ElPaso]"
Warning: linear constraint 240 and linear constraint 241 have the same name "weight-constr-t5"
Warning: to let Gurobi read it back, use rlp format
Gurobi Optimizer version 9.1.2 build v9.1.2rc0 (linux64)
Thread count: 32 physical cores, 64 logical processors, using up to 32 threads
Optimize a model with 1454 rows, 1200 columns and 4266 nonzeros
Model fingerprint: 0x4761e889
Variable types: 234 continuous, 966 integer (966 binary)
Coefficient statistics:
  Matrix range     [1e+00, 1e+06]
  Objective range  [2e-01, 2e-01]
  Bounds range     [1e+00, 5e+05]
  RHS range        [1e+00, 1e+06]
Presolve removed 48 rows and 54 columns
Presolve time: 0.02s
Presolved: 1406 rows, 1146 columns, 7416 nonzeros
Variable types: 228 continuous, 918 integer (918 binary)

Root relaxation: objective 3.800000e+01, 160 iterations, 0.00 seconds

    Nodes    |    Current Node    |     Objective Bounds      |     Work
 Expl Unexpl |  Obj  Depth IntInf | Incumbent    BestBd   Gap | It/Node Time

     0     0   38.00000    0   60          -   38.00000      -     -    0s
     0     0   38.00000    0   64          -   38.00000      -     -    0s
H    0     0                    1922673.3333   38.00000   100%     -    0s
     0     0   38.00000    0   58 1922673.33   38.00000   100%     -    0s
H    0     0                    2096.4166655   38.00000  98.2%     -    0s
H    0     0                    2093.3333329   38.00000  98.2%     -    0s
     0     2   38.00000    0   55 2093.33333   38.00000  98.2%     -    0s
H    1     4                    2092.3333328   38.00000  98.2%   454    0s
H    3     8                    2091.8333330   38.00000  98.2%   156    0s
H   32    64                    2089.8333330   38.00000  98.2%  24.1    0s
H   36    64                    2089.6666664   38.00000  98.2%  23.2    0s
H   40    64                    2088.8333330   38.00000  98.2%  21.8    0s
H   44    64                    2088.6666664   38.00000  98.2%  20.1    0s
H   58    64                    2088.3333330   38.00000  98.2%  18.6    0s
H   95   128                     660.5000000   38.00000  94.2%  15.2    2s
H  111   128                     343.0000000   38.00000  88.9%  14.0    2s
H  159   192                     342.3333333   38.00000  88.9%  12.0    4s
H  160   192                     340.0000000   38.00000  88.8%  12.0    4s
H  166   192                     334.3333333   38.00000  88.6%  11.6    4s
H  169   192                     329.1666667   38.00000  88.5%  11.6    4s
H  179   192                     327.8333333   38.00000  88.4%  11.2    4s
H  181   192                     326.0000000   38.00000  88.3%  11.1    4s
H  189   192                     324.1666667   38.00000  88.3%  11.0    4s
H  255   288                     322.6666667   38.00000  88.2%   9.5    5s
H  264   288                     322.5000000   38.00000  88.2%   9.4    5s
H  274   288                     322.0000000   38.00000  88.2%   9.2    5s
H  320   331                     322.0000000   38.00000  88.2%   9.0    6s
H  385   389                     321.9999999   38.00000  88.2%   8.5    6s
H  566  1003                     321.9999992   38.00000  88.2%   8.3    7s
H 3481  3324                     321.9999991   38.00000  88.2%   7.0    9s
H 3504  3324                     321.9999991   38.00000  88.2%   7.0    9s
H 3507  3324                     321.9999741   38.00000  88.2%   7.0    9s
  5162  4842   43.00000   75   39  321.99997   38.00000  88.2%   6.8   10s
  7621  6847   44.50000   87  119  321.99997   38.00000  88.2%   6.7   15s
 11577 10344   45.00000   76  120  321.99997   38.00000  88.2%  13.5   21s
 15110 13117  221.33333  127   86  321.99997   38.00000  88.2%  15.3   25s
H16917 12172                     321.6666667   38.00000  88.2%  16.1   25s
H17737 11601                     321.0000000   38.00000  88.2%  16.6   29s
H17748 11289                     320.3333333   38.00000  88.1%  16.6   29s
H17760 10991                     320.0000000   38.00000  88.1%  16.6   29s
 17772 12323   38.00000   70  168  320.00000   38.00000  88.1%  16.7   32s
H20776 13036                     320.0000000   38.00000  88.1%  19.2   33s
 21617 15607   44.66667   45  171  320.00000   38.00000  88.1%  19.8   35s
 36698 25718   46.66667  112  141  320.00000   38.00000  88.1%  24.0   40s
H40582 27899                     319.9999999   38.00000  88.1%  25.1   41s
H42197 30640                     319.9999999   38.00000  88.1%  25.8   42s
H46216 32649                     319.9999999   38.00000  88.1%  26.2   42s
H48482 34610                     319.9999998   38.00000  88.1%  26.5   43s
H50724 36625                     319.9999997   38.00000  88.1%  26.7   44s
 53711 38876     cutoff  146       320.00000   38.00000  88.1%  26.7   45s
H54549 38876                     319.9999997   38.00000  88.1%  26.7   45s
 69117 48697   58.50000  123  149  320.00000   38.00000  88.1%  28.2   50s
 69157 48721   58.50000  124  145  320.00000   38.00000  88.1%  28.2   56s
 72352 51102 infeasible  150       320.00000   38.00000  88.1%  28.4   69s
H72366 51102                     319.9999996   38.00000  88.1%  28.4   69s
 72402 55155  242.50351  152  105  320.00000   38.00000  88.1%  28.4   74s
 77876 58189   46.50000  126  131  320.00000   38.00000  88.1%  28.6   77s
 81922 62665   45.83333  100  160  320.00000   38.00000  88.1%  28.6   80s
H87084 62665                     319.9999521   38.00000  88.1%  28.5   81s
H88101 66646                     319.9994332   38.00000  88.1%  28.5   82s
 93447 72605   51.16672  124  124  319.99943   38.00000  88.1%  28.5   86s
 108761 84309   38.50029  108  159  319.99943   38.00000  88.1%  28.9   90s
 122972 88191   41.16667  106  131  319.99943   38.00000  88.1%  29.2  106s
 123006 111361   41.33391  106  158  319.99943   38.00000  88.1%  29.2  114s
 155038 121484  238.85502  117  117  319.99943   38.00000  88.1%  29.4  117s
 171157 126187   38.33333   80  167  319.99943   38.00000  88.1%  29.9  121s
 178613 134557  118.00029  151   79  319.99943   38.00000  88.1%  30.3  125s
 189636 149229  117.50000  110  107  319.99943   38.00000  88.1%  30.6  133s
 207636 155259   77.33387  144  114  319.99943   38.00000  88.1%  31.0  136s
 216341 164612  225.50000  127  112  319.99943   38.00000  88.1%  31.3  141s
 227653 168975  132.33397  143   91  319.99943   38.00000  88.1%  31.5  145s
 238991 176400   38.00000   70  199  319.99943   38.00000  88.1%  32.0  151s
 250159 187585 infeasible  114       319.99943   38.00000  88.1%  32.2  155s
 266528 196709   42.33333  108  159  319.99943   38.00000  88.1%  32.5  160s
 272137 196730  126.75010  116  144  319.99943   38.00000  88.1%  32.5  166s
 282357 205831   40.00000   64  172  319.99943   38.00000  88.1%  32.4  172s
 285215 219385   38.33333   99  166  319.99943   38.00000  88.1%  32.5  177s
 309405 226139  137.10869   98   96  319.99943   38.00000  88.1%  32.6  180s
 317220 241929   43.50000   98  174  319.99943   38.00000  88.1%  32.5  188s
 337510 245282   38.00000   69  191  319.99943   38.00000  88.1%  32.8  190s
 354184 257159     cutoff  144       319.99943   38.00000  88.1%  33.0  196s
 358980 260512 infeasible  126       319.99943   38.00000  88.1%  33.0  200s
 372325 272301 infeasible  150       319.99943   38.00000  88.1%  33.4  206s
 385443 281521   61.00000  133  158  319.99943   38.00000  88.1%  33.6  210s
 395797 285583 infeasible   94       319.99943   38.00000  88.1%  33.7  215s
 403662 291942   57.16667  121  139  319.99943   38.00000  88.1%  33.8  220s
 422023 303633   40.33333  138  135  319.99943   38.00000  88.1%  34.2  226s
 423987 305888   51.50000  160  114  319.99943   38.00000  88.1%  34.2  231s
 430998 314127     cutoff  101       319.99943   38.00000  88.1%  34.4  235s
 449301 325778   53.00078  129  146  319.99943   38.00000  88.1%  34.6  241s
 463139 331716   81.83338  145  123  319.99943   38.00000  88.1%  34.6  245s
 479540 344690   38.00000  105  183  319.99943   38.00000  88.1%  34.7  252s
 489216 349597   82.50024  132  149  319.99943   38.00000  88.1%  35.0  255s
 502236 360416   70.00000  127  101  319.99943   38.00000  88.1%  35.1  260s
 511605 368518  224.00341  140   88  319.99943   38.00000  88.1%  35.2  265s
 527995 376684   59.33333  169  108  319.99943   38.00000  88.1%  35.2  270s
 541408 387204  131.33494  125  112  319.99943   38.00000  88.1%  35.3  275s
 562061 399611  157.16667  160   93  319.99943   38.00000  88.1%  35.4  281s
 575589 410666   47.51482  117  154  319.99943   38.00000  88.1%  35.6  286s
 591050 419253  210.16696  136  129  319.99943   38.00000  88.1%  35.6  290s
 601322 422795   54.53557   96  178  319.99943   38.00000  88.1%  35.6  297s
 606823 431072   47.33363  115  135  319.99943   38.00000  88.1%  35.6  300s
 617562 433603   44.66667   18  188  319.99943   38.00000  88.1%  35.6  311s
 621722 436464  138.00028  131   97  319.99943   38.00000  88.1%  35.7  324s
 621758 439952  138.00057  132   97  319.99943   38.00000  88.1%  35.7  326s
 632261 447150   38.33333   75  169  319.99943   38.00000  88.1%  35.7  330s
 652909 458539   47.16667   98  148  319.99943   38.00000  88.1%  35.6  335s
 664837 467249   73.16958  127  124  319.99943   38.00000  88.1%  35.6  341s
 674881 476523   38.08348  105  166  319.99943   38.00000  88.1%  35.6  345s
 692238 484258   38.75000  104  183  319.99943   38.00000  88.1%  35.5  350s
 705562 495524   39.91667  116  180  319.99943   38.00000  88.1%  35.6  358s
 710937 495550   43.50019  140  152  319.99943   38.00000  88.1%  35.6  367s
 710974 501592   43.50019  142  149  319.99943   38.00000  88.1%  35.6  370s
 723919 507966     cutoff  131       319.99943   38.00000  88.1%  35.6  375s
 729867 507988   44.00000  123  132  319.99943   38.00000  88.1%  35.6  382s
 729909 530104   46.50185  122  132  319.99943   38.00000  88.1%  35.6  395s
 774393 540873 infeasible  167       319.99943   38.00000  88.1%  35.8  400s
 785069 550161   38.66667  109  184  319.99943   38.00000  88.1%  35.9  406s
 796474 558330   46.66686  104  143  319.99943   38.00000  88.1%  35.9  411s
 813197 565273 infeasible  200       319.99943   38.00000  88.1%  36.0  424s
 813236 569462   76.16667  198  120  319.99943   38.00000  88.1%  36.0  426s
 822227 575162     cutoff  135       319.99943   38.00000  88.1%  36.0  432s
 827570 579916   41.04169  150  143  319.99943   38.00000  88.1%  36.1  435s
 839963 587598   39.66667  126  181  319.99943   38.00000  88.1%  36.2  440s
 852902 594290  256.00000  137   83  319.99943   38.00000  88.1%  36.2  448s
 856098 604481   38.00000   74  183  319.99943   38.00000  88.1%  36.2  452s
 875228 610202  177.33333  141   96  319.99943   38.00000  88.1%  36.3  456s
 886296 618776   38.00000  103  160  319.99943   38.00000  88.1%  36.3  460s
 902793 628522 infeasible  150       319.99943   38.00000  88.1%  36.3  465s
 917430 639627   51.16667  114   88  319.99943   38.00000  88.1%  36.3  471s
 933762 645666   38.50000  103  162  319.99943   38.00000  88.1%  36.4  476s
 933822 645715   38.50000  105  160  319.99943   38.00000  88.1%  36.4  482s
 933887 647960   38.50000  106  158  319.99943   38.00000  88.1%  36.4  485s
 947843 655848   39.83334  105  162  319.99943   38.00000  88.1%  36.4  490s
 954568 664959 infeasible  174       319.99943   38.00000  88.1%  36.4  495s
 972535 673830   53.00000  103  119  319.99943   38.00000  88.1%  36.5  500s
 982747 678116     cutoff  129       319.99943   38.00000  88.1%  36.5  514s
 982793 697890   44.12821  130  144  319.99943   38.00000  88.1%  36.5  524s
 1014825 701705 infeasible  134       319.99943   38.00000  88.1%  36.5  527s
 1020717 705528   38.00000  105  153  319.99943   38.00000  88.1%  36.5  531s
 1031072 711739   41.33333  118  134  319.99943   38.00000  88.1%  36.6  537s
 1041849 719778   42.16670  122  153  319.99943   38.00000  88.1%  36.6  541s
 1055178 726752   47.50331  121  127  319.99943   38.00000  88.1%  36.6  545s
 1060172 726775  119.52194  103  162  319.99943   38.00000  88.1%  36.6  551s
 1068949 735837   67.66667   77  105  319.99943   38.00000  88.1%  36.7  556s
 1079537 740547  284.50228  118   95  319.99943   38.00000  88.1%  36.7  561s
 1082118 751793   46.83333  103  139  319.99943   38.00000  88.1%  36.7  566s
 1104128 757722   38.66667  110  183  319.99943   38.00000  88.1%  36.8  571s
 1116847 762724   38.00024  124  178  319.99943   38.00000  88.1%  36.8  581s
 1125748 770759   41.83333  120  167  319.99943   38.00000  88.1%  36.8  586s
 1136330 777473   79.00000  138  139  319.99943   38.00000  88.1%  36.8  590s
 1143419 797678   51.18188  132  144  319.99943   38.00000  88.1%  36.8  602s
 1174626 802240   38.66686  123  159  319.99943   38.00000  88.1%  36.9  605s
 1181622 802263   58.33495  144  138  319.99943   38.00000  88.1%  36.9  612s
 1186259 808236 infeasible  134       319.99943   38.00000  88.1%  36.9  616s
 1196479 814064  125.83333  125  124  319.99943   38.00000  88.1%  36.9  620s
 1207033 822091  273.66667  131  114  319.99943   38.00000  88.1%  36.9  625s
 1223657 826696 infeasible  137       319.99943   38.00000  88.1%  36.9  636s
 1223692 827137  305.67558  138   96  319.99943   38.00000  88.1%  36.9  643s
 1230464 834159   38.00000   98  162  319.99943   38.00000  88.1%  36.9  646s
 1247180 843902   38.00000  110  185  319.99943   38.00000  88.1%  36.9  651s
 1251462 843932   45.83336  137  149  319.99943   38.00000  88.1%  36.9  669s
 1251496 846732   46.33333  140  132  319.99943   38.00000  88.1%  36.9  671s
 1256297 846759   38.00000   58  208  319.99943   38.00000  88.1%  36.9  686s
 1261603 853038   38.00000  105  195  319.99943   38.00000  88.1%  36.9  690s
 1266982 853655   39.33333  115  148  319.99943   38.00000  88.1%  36.9  702s
 1274099 862098  207.00015  134  113  319.99943   38.00000  88.1%  36.9  707s
 1286063 868298   58.00044  147  119  319.99943   38.00000  88.1%  36.9  710s
 1300334 878795   39.33333  111  181  319.99943   38.00000  88.1%  36.9  716s
 1313080 887031 infeasible  153       319.99943   38.00000  88.1%  36.9  721s
 1323047 890463   38.66769  100  181  319.99943   38.00000  88.1%  37.0  739s
 1323084 893619   46.07064  103  173  319.99943   38.00000  88.1%  37.0  740s
 1339003 905694   56.00000  142  115  319.99943   38.00000  88.1%  37.0  746s
 1355788 914758   38.00000   70  199  319.99943   38.00000  88.1%  37.0  751s
 1365623 921246   38.50000   77  185  319.99943   38.00000  88.1%  37.0  755s
 1382789 931939   41.00000   99  179  319.99943   38.00000  88.1%  37.1  761s
 1396590 941887   54.66706   70  146  319.99943   38.00000  88.1%  37.1  766s
 1409858 950051   56.08333  135  123  319.99943   38.00000  88.1%  37.1  770s
 1414402 950077   38.00000   93  187  319.99943   38.00000  88.1%  37.1  783s
 1414440 953250   40.16667   94  173  319.99943   38.00000  88.1%  37.1  785s
 1428723 962118     cutoff  144       319.99943   38.00000  88.1%  37.1  791s
 1439375 969748   41.91730  101  203  319.99943   38.00000  88.1%  37.2  795s
 1446372 972675   47.00000  140  157  319.99943   38.00000  88.1%  37.2  811s
 1453435 977475   64.83528  185   90  319.99943   38.00000  88.1%  37.2  815s
 1459742 981650   74.00000  126  118  319.99943   38.00000  88.1%  37.2  828s
 1459790 985410   74.00000  127  117  319.99943   38.00000  88.1%  37.2  830s
 1472031 994998   53.16667  114  146  319.99943   38.00000  88.1%  37.2  836s
 1482676 1000694   42.33333  111  170  319.99943   38.00000  88.1%  37.2  840s
 1496945 1011298   56.50817  146  130  319.99943   38.00000  88.1%  37.3  845s
 1503927 1014573   38.81462  107  176  319.99943   38.00000  88.1%  37.3  850s
 1513787 1020655   38.33333   87  178  319.99943   38.00000  88.1%  37.3  856s
 1523533 1030995   58.00375  126  138  319.99943   38.00000  88.1%  37.4  860s
 1533362 1031017   38.00000   77  183  319.99943   38.00000  88.1%  37.4  873s
 1533404 1051854   38.00000   78  182  319.99943   38.00000  88.1%  37.4  886s
 1565436 1051959  243.19196  161  105  319.99943   38.00000  88.1%  37.4  890s
 1565624 1073875     cutoff  161       319.99943   38.00000  88.1%  37.4  899s
 1597656 1078482   57.33333  110  153  319.99943   38.00000  88.1%  37.5  902s
 1611105 1084746   64.16667  119  118  319.99943   38.00000  88.1%  37.5  906s
 1620387 1089244  131.33333  109  102  319.99943   38.00000  88.1%  37.5  918s
 1620429 1093377  131.00029  108  109  319.99943   38.00000  88.1%  37.5  920s
 1632952 1101448   40.41667  135  161  319.99943   38.00000  88.1%  37.5  925s
 1637802 1101476 infeasible  146       319.99943   38.00000  88.1%  37.5  938s
 1637838 1107059   83.17919  147  103  319.99943   38.00000  88.1%  37.5  940s
 1650532 1112837  133.33333  131  131  319.99943   38.00000  88.1%  37.5  945s
 1663535 1122104   40.33333   84  190  319.99943   38.00000  88.1%  37.5  950s
 1676946 1128337   38.00000  102  213  319.99943   38.00000  88.1%  37.5  957s
 1680397 1130781 infeasible   86       319.99943   38.00000  88.1%  37.5  961s
 1690731 1138575   38.00000   80  202  319.99943   38.00000  88.1%  37.5  966s
 1701188 1146632  255.50000  153   66  319.99943   38.00000  88.1%  37.5  970s
 1721023 1158982   38.33333  108  172  319.99943   38.00000  88.1%  37.5  976s
 1733399 1163609   44.33467  137  128  319.99943   38.00000  88.1%  37.5  981s
 1746272 1169356  257.16667  130   85  319.99943   38.00000  88.1%  37.5  991s
 1751180 1178204 infeasible  128       319.99943   38.00000  88.1%  37.5  997s
 1767529 1186447   39.27779  129  153  319.99943   38.00000  88.1%  37.5 1001s
 1781904 1198272     cutoff  145       319.99943   38.00000  88.1%  37.6 1007s
 1794092 1200777 infeasible  118       319.99943   38.00000  88.1%  37.6 1019s
 1794129 1203806 infeasible  117       319.99943   38.00000  88.1%  37.6 1021s
 1798592 1203826   56.34722  140  107  319.99943   38.00000  88.1%  37.6 1028s
 1798636 1206992   64.39409  141  102  319.99943   38.00000  88.1%  37.6 1030s
 1814195 1219086   54.66689  102  160  319.99943   38.00000  88.1%  37.6 1035s
 1823162 1219745   63.47640  138  119  319.99943   38.00000  88.1%  37.6 1041s
 1830112 1223922  158.83411  160   92  319.99943   38.00000  88.1%  37.6 1053s
 1830159 1227668  160.16667  161   88  319.99943   38.00000  88.1%  37.6 1055s
 1836382 1227692  131.66667  107  134  319.99943   38.00000  88.1%  37.6 1066s
 1837334 1232822  165.01275  125  120  319.99943   38.00000  88.1%  37.6 1070s
 1859228 1244381   56.83333  126  138  319.99943   38.00000  88.1%  37.6 1076s
 1871037 1253514   38.33333   80  184  319.99943   38.00000  88.1%  37.6 1081s
 1883078 1262499   41.16667   97  144  319.99943   38.00000  88.1%  37.7 1085s
 1898606 1270603   78.33333  146   99  319.99943   38.00000  88.1%  37.7 1090s
 1907474 1277959   38.33333   81  174  319.99943   38.00000  88.1%  37.7 1095s
 1920382 1280809   39.00000  128  189  319.99943   38.00000  88.1%  37.7 1108s
 1920415 1284719   39.00000  129  187  319.99943   38.00000  88.1%  37.7 1110s
 1937069 1295310 infeasible  110       319.99943   38.00000  88.1%  37.6 1116s
 1950550 1302036  263.16708  129   67  319.99943   38.00000  88.1%  37.7 1120s
 1961522 1306574   47.00000  137  139  319.99943   38.00000  88.1%  37.7 1132s
 1966714 1315474   49.66667  154  111  319.99943   38.00000  88.1%  37.7 1136s
 1980425 1321291  131.50000  133  135  319.99943   38.00000  88.1%  37.7 1140s
 1994910 1329315   62.01832  104  153  319.99943   38.00000  88.1%  37.7 1145s
 2012497 1337244   79.83333  141  107  319.99943   38.00000  88.1%  37.7 1150s
 2020862 1343283  269.05556  151   73  319.99943   38.00000  88.1%  37.7 1158s
 2020950 1346142  256.90291  151   83  319.99943   38.00000  88.1%  37.7 1160s
 2040184 1357035  207.56944  176   74  319.99943   38.00000  88.1%  37.7 1165s
 2052089 1365160   50.83333  125  122  319.99943   38.00000  88.1%  37.7 1171s
 2061267 1368524   39.16667  114  183  319.99943   38.00000  88.1%  37.8 1183s
 2061315 1387290   39.16667  115  181  319.99943   38.00000  88.1%  37.8 1199s
 2068322 1387290   56.50000  149  103  319.99943   38.00000  88.1%  37.8 1200s

Cutting planes:
  Learned: 207
  Gomory: 9
  Cover: 114
  Implied bound: 120
  Clique: 17
  MIR: 330
  StrongCG: 1
  Flow cover: 918
  GUB cover: 1
  RLT: 1
  Relax-and-lift: 215

Cleanup yields a better solution

Explored 2093347 nodes (79052899 simplex iterations) in 1200.79 seconds
Thread count was 32 (of 64 available processors)

Solution count 10: 319.999 320 320 ... 321.667

Time limit reached
Best objective 3.198290116369e+02, best bound 3.800000000000e+01, gap 88.1187%
