
Gurobi 9.1.2 (linux64) logging started Sun Apr  3 19:13:55 2022

Changed value of parameter LogFile to us-ca_v-Portland.log
   Prev:   Default: 
Changed value of parameter MIPFocus to 1
   Prev: 0  Min: 0  Max: 3  Default: 0
Changed value of parameter TimeLimit to 600.0
   Prev: inf  Min: 0.0  Max: inf  Default: inf

Gurobi 9.1.2 (linux64) logging started Sun Apr  3 19:40:03 2022

Changed value of parameter LogFile to us-ca_v-Portland.log
   Prev:   Default: 
Changed value of parameter MIPFocus to 1
   Prev: 0  Min: 0  Max: 3  Default: 0
Changed value of parameter TimeLimit to 600.0
   Prev: inf  Min: 0.0  Max: inf  Default: inf
Warning: variables 0 and 200 have the same name "X[ElPaso,Dallas]"
Warning: linear constraint 240 and linear constraint 241 have the same name "weight-constr-t5"
Warning: to let Gurobi read it back, use rlp format
Gurobi Optimizer version 9.1.2 build v9.1.2rc0 (linux64)
Thread count: 32 physical cores, 64 logical processors, using up to 32 threads
Optimize a model with 1442 rows, 1200 columns and 4236 nonzeros
Model fingerprint: 0xadeca9fe
Variable types: 234 continuous, 966 integer (966 binary)
Coefficient statistics:
  Matrix range     [1e+00, 1e+06]
  Objective range  [2e-01, 2e-01]
  Bounds range     [1e+00, 5e+05]
  RHS range        [1e+00, 1e+06]
Presolve removed 78 rows and 90 columns
Presolve time: 0.01s
Presolved: 1364 rows, 1110 columns, 7056 nonzeros
Variable types: 228 continuous, 882 integer (882 binary)

Root relaxation: objective 3.800000e+01, 157 iterations, 0.00 seconds

    Nodes    |    Current Node    |     Objective Bounds      |     Work
 Expl Unexpl |  Obj  Depth IntInf | Incumbent    BestBd   Gap | It/Node Time

     0     0   38.00000    0   70          -   38.00000      -     -    0s
     0     0   38.00000    0   70          -   38.00000      -     -    0s
     0     0   38.00000    0   45          -   38.00000      -     -    0s
     0     0   38.00000    0   48          -   38.00000      -     -    0s
     0     0   38.00000    0   48          -   38.00000      -     -    0s
     0     0   38.00000    0   43          -   38.00000      -     -    0s
H    0     0                    2695210.6667   38.00000   100%     -    0s
     0     0   38.00000    0   39 2695210.67   38.00000   100%     -    0s
H    0     0                    65597.666633   38.00000   100%     -    0s
H    0     0                    65596.500002   38.00000   100%     -    0s
H    0     0                    65594.833333   38.00000   100%     -    0s
H    0     2                    65594.833307   38.00000   100%     -    0s
     0     2   38.00000    0   31 65594.8333   38.00000   100%     -    0s
H   11    16                    16455.833327   38.00000   100%  86.8    0s
H   31    64                    16454.833329   38.00000   100%  38.2    0s
H   36    64                    8243.8333313   38.00000   100%  37.4    0s
H   41    64                    8242.8333333   38.00000   100%  33.1    0s
H   43    64                    4149.8333325   38.00000  99.1%  31.7    0s
H   95   128                    1077.5000000   38.00000  96.5%  20.3    2s
H  105   128                     804.2291667   38.00000  95.3%  19.5    2s
H  107   128                     673.6666667   38.00000  94.4%  19.6    2s
H  159   192                     670.8333333   38.00000  94.3%  15.6    3s
H  162   192                     670.3333333   38.00000  94.3%  15.4    3s
H  168   192                     669.1666667   38.00000  94.3%  15.4    3s
H  171   192                     668.8333333   38.00000  94.3%  15.2    3s
H  172   192                     634.8333333   38.00000  94.0%  15.2    3s
H  187   192                     628.1666667   38.00000  94.0%  14.4    3s
H  191   223                     627.6666667   38.00000  93.9%  14.2    5s
H  192   223                     626.1666667   38.00000  93.9%  14.3    5s
H  194   223                     576.3333333   38.00000  93.4%  14.3    5s
H  224   267                     576.1666667   38.00000  93.4%  13.6    6s
H  225   267                     574.1666667   38.00000  93.4%  13.6    6s
H  230   267                     572.8333333   38.00000  93.4%  13.5    6s
H  248   267                     564.5000000   38.00000  93.3%  12.9    6s
H  652   673                     560.1666667   38.00000  93.2%   9.4    7s
H  661   673                     559.6666667   38.00000  93.2%   9.3    7s
H  684   704                     559.0000000   38.00000  93.2%   9.3    8s
H  685   704                     558.8333333   38.00000  93.2%   9.3    8s
H  687   704                     558.6666667   38.00000  93.2%   9.3    8s
H  689   704                     558.5000000   38.00000  93.2%   9.3    8s
H 7312  7641                     558.3333333   38.00000  93.2%   6.4    9s
  8897  7669   41.00000   45   29  558.33333   38.00000  93.2%   6.3   11s
H 8898  7669                     557.6666667   38.00000  93.2%   6.3   11s
H 8899  7669                     557.4166667   38.00000  93.2%   6.3   11s
H 8996  7338                     557.0833333   38.00000  93.2%   8.0   12s
H 9040  7023                     556.9166667   38.00000  93.2%   8.2   13s
H 9046  6674                     556.9166664   38.00000  93.2%   8.2   13s
  9804  9564   42.00005   37  153  556.91667   38.00000  93.2%   8.9   15s
H18949 11269                     556.9163880   38.00000  93.2%  12.3   16s
H20487 12197                     556.9160285   38.00000  93.2%  12.7   16s
H20609 11859                     556.9158725   38.00000  93.2%  12.7   16s
H21262 11391                     556.9156681   38.00000  93.2%  12.8   17s
H21356 11193                     556.9144419   38.00000  93.2%  12.8   17s
H21791 11135                     556.9128070   38.00000  93.2%  12.9   18s
 29310 22902   38.00000   50  146  556.91281   38.00000  93.2%  13.7   20s
 66499 44817   83.16672  177   87  556.91281   38.00000  93.2%  17.1   26s
H67149 46960                     551.0000000   38.00000  93.1%  17.1   26s
H69870 46983                     550.1666667   38.00000  93.1%  17.2   27s
H69880 46960                     549.3333333   38.00000  93.1%  17.2   27s
H69894 46943                     549.0000000   38.00000  93.1%  17.2   27s
H69930 46692                     545.6666667   38.00000  93.0%  17.2   27s
H69969 48875                     544.5000000   38.00000  93.0%  17.2   27s
H70000 48858                     544.1666667   38.00000  93.0%  17.2   27s
H70071 48840                     543.6666667   38.00000  93.0%  17.2   27s
H73675 48853                     543.6666663   38.00000  93.0%  17.2   28s
H74788 51024                     543.6666663   38.00000  93.0%  17.2   29s
H76512 51024                     543.6666632   38.00000  93.0%  17.2   29s
H77421 54513                     543.6666615   38.00000  93.0%  17.2   29s
 82677 58810  406.16667  153   82  543.66666   38.00000  93.0%  17.3   30s
H87880 58810                     543.6666337   38.00000  93.0%  17.4   30s
 113989 78791   38.00000   50  177  543.66663   38.00000  93.0%  18.3   36s
H119941 86132                     543.6664361   38.00000  93.0%  18.6   37s
H124188 92006                     543.6661727   38.00000  93.0%  18.7   38s
H132157 94209                     543.6645919   38.00000  93.0%  18.9   39s
H134900 99525                     543.6624842   38.00000  93.0%  18.9   39s
 141838 103973   41.83355   78  159  543.66248   38.00000  93.0%  19.1   40s
H142014 103973                     543.6582688   38.00000  93.0%  19.1   40s
 169100 123070   43.33333   85  137  543.65827   38.00000  93.0%  19.7   45s
 198751 149791   38.94444   50  166  543.65827   38.00000  93.0%  20.1   50s
 231830 170562   42.66988   84  150  543.65827   38.00000  93.0%  20.4   55s
 276583 204526   54.33360   73  144  543.65827   38.00000  93.0%  21.1   60s
H284186 211734                     541.6666667   38.00000  93.0%  21.3   61s
H289884 211750                     541.5000000   38.00000  93.0%  21.5   63s
H289885 211689                     541.0000000   38.00000  93.0%  21.5   63s
H289888 211681                     540.8333333   38.00000  93.0%  21.5   63s
H289907 211681                     540.8333333   38.00000  93.0%  21.5   63s
H290572 215182                     540.6666667   38.00000  93.0%  21.5   64s
H290750 215112                     540.1666667   38.00000  93.0%  21.5   64s
 294758 219267  429.00003  166   76  540.16667   38.00000  93.0%  21.5   65s
H295848 219262                     540.0000000   38.00000  93.0%  21.5   65s
H301741 221977                     539.9999992   38.00000  93.0%  21.5   65s
H320747 232824                     539.9999991   38.00000  93.0%  21.5   67s
H322856 233974                     539.9999974   38.00000  93.0%  21.5   68s
H329054 238745                     539.9998394   38.00000  93.0%  21.7   70s
H329100 239062                     539.9989797   38.00000  93.0%  21.7   71s
H329155 239062                     539.9985145   38.00000  93.0%  21.7   71s
H329181 239062                     539.9985136   38.00000  93.0%  21.7   71s
H329501 239062                     539.9985129   38.00000  93.0%  21.7   72s
H329600 242658                     539.9945500   38.00000  93.0%  21.7   72s
H334490 245400                     539.9908172   38.00000  93.0%  21.8   73s
 338364 245424   48.33472   81  125  539.99082   38.00000  93.0%  21.8   75s
 338404 268057   53.66667   82  116  539.99082   38.00000  93.0%  21.8   82s
 379819 274398   41.00000   65  154  539.99082   38.00000  93.0%  22.2   86s
 391855 288636   46.66667   78  172  539.99082   38.00000  93.0%  22.3   90s
 423807 309359   38.00000   62  170  539.99082   38.00000  93.0%  22.5   95s
 446161 324325   43.33349  155   97  539.99082   38.00000  93.0%  22.9  100s
 463768 354890   38.00000   99  154  539.99082   38.00000  93.0%  22.9  106s
 512152 370411 infeasible  113       539.99082   38.00000  93.0%  23.1  110s
 542493 390571   38.00000   72  163  539.99082   38.00000  93.0%  23.2  115s
 580387 416830   38.33333  100  151  539.99082   38.00000  93.0%  23.3  120s
 598299 426241  396.83372  106   85  539.99082   38.00000  93.0%  23.4  125s
H604366 431196                     539.9905113   38.00000  93.0%  23.4  126s
H608778 435401                     539.9884531   38.00000  93.0%  23.4  127s
H613023 435401                     539.9882587   38.00000  93.0%  23.4  127s
H615022 437266                     539.9839798   38.00000  93.0%  23.4  128s
H617754 438514                     539.9598682   38.00000  93.0%  23.4  129s
H619208 443896                     539.9277193   38.00000  93.0%  23.5  130s
 635980 454773  246.16667  104  135  539.92772   38.00000  93.0%  23.5  135s
 656782 467834 infeasible  119       539.92772   38.00000  93.0%  23.6  140s
 694313 492753   41.16667   94  128  539.92772   38.00000  93.0%  23.7  145s
 710627 504157   38.00000   72  164  539.92772   38.00000  93.0%  23.9  150s
 749757 529875   38.33356  123  137  539.92772   38.00000  93.0%  24.0  155s
 786714 552507   38.00000   80  148  539.92772   38.00000  93.0%  24.2  161s
 787028 574260   38.00000   81  148  539.92772   38.00000  93.0%  24.2  165s
 842488 594227   38.00000   93  160  539.92772   38.00000  93.0%  24.4  170s
 860793 604928   38.83333  114  163  539.92772   38.00000  93.0%  24.4  175s
 885149 617640  288.33333  145   94  539.92772   38.00000  93.0%  24.5  181s
 905290 633580 infeasible  116       539.92772   38.00000  93.0%  24.5  185s
 937782 656247   74.16667  124  104  539.92772   38.00000  93.0%  24.6  190s
 970284 673773   38.00000  100  162  539.92772   38.00000  93.0%  24.7  195s
 983453 688671 infeasible  123       539.92772   38.00000  93.0%  24.7  200s
 1012859 721661   38.83355  127  117  539.92772   38.00000  93.0%  24.7  212s
 1049061 730425  471.17366  152   76  539.92772   38.00000  93.0%  24.8  215s
 1079633 749014   38.16667   98  150  539.92772   38.00000  93.0%  24.9  220s
 1105079 761811  424.66755  127   70  539.92772   38.00000  93.0%  25.0  225s
 1137233 786814   38.00000   88  153  539.92772   38.00000  93.0%  25.0  230s
 1174175 809525   40.16667  102  145  539.92772   38.00000  93.0%  25.2  235s
 1201462 828495   38.00000   83  177  539.92772   38.00000  93.0%  25.2  240s
 1225579 840234   38.00000   87  150  539.92772   38.00000  93.0%  25.2  246s
 1237466 854578   42.83710  114  172  539.92772   38.00000  93.0%  25.3  250s
 1265560 886948   38.00000  118  140  539.92772   38.00000  93.0%  25.3  257s
 1309779 895063 infeasible  168       539.92772   38.00000  93.0%  25.5  260s
 1324956 909692   38.50000  123  146  539.92772   38.00000  93.0%  25.5  265s
 1362945 934577   39.33333  119  151  539.92772   38.00000  93.0%  25.6  270s
 1399556 956434   47.16672  118  123  539.92772   38.00000  93.0%  25.6  275s
 1426451 971517 infeasible  147       539.92772   38.00000  93.0%  25.6  280s
 1447048 982521   38.50065  115  155  539.92772   38.00000  93.0%  25.5  285s
 1483537 1002492  148.33333  203   56  539.92772   38.00000  93.0%  25.6  290s
 1507749 1017404 infeasible  159       539.92772   38.00000  93.0%  25.6  296s
 1518809 1035391  497.00000  139   69  539.92772   38.00000  93.0%  25.6  304s
 1540587 1044733   38.66846  128  173  539.92772   38.00000  93.0%  25.6  306s
 1556731 1064166 infeasible  146       539.92772   38.00000  93.0%  25.6  311s
 1603049 1073339   38.66670  114  158  539.92772   38.00000  93.0%  25.6  315s
 1631983 1093032   48.00000  155  129  539.92772   38.00000  93.0%  25.6  320s
 1650928 1104075   46.25161  102  146  539.92772   38.00000  93.0%  25.6  325s
 1680964 1119965   56.00375  106  159  539.92772   38.00000  93.0%  25.6  331s
 1713225 1143789   39.00000  108  157  539.92772   38.00000  93.0%  25.7  336s
 1745455 1161495 infeasible  166       539.92772   38.00000  93.0%  25.7  340s
 1768634 1172306     cutoff  154       539.92772   38.00000  93.0%  25.7  347s
 1769558 1177841   39.83333  112  154  539.92772   38.00000  93.0%  25.7  350s
 1807586 1199556   42.00000  118  141  539.92772   38.00000  93.0%  25.7  355s
 1834420 1216180   57.20844  143  106  539.92772   38.00000  93.0%  25.7  360s
 1872678 1238036   41.50000  127  143  539.92772   38.00000  93.0%  25.7  365s
 1900997 1254189   88.16667  188   77  539.92772   38.00000  93.0%  25.7  370s
 1920004 1263026  392.16688   96   75  539.92772   38.00000  93.0%  25.7  375s
 1949369 1280536   88.33333  112   90  539.92772   38.00000  93.0%  25.8  380s
 1975125 1299532   38.00000   80  162  539.92772   38.00000  93.0%  25.8  385s
 2009672 1321906   56.66667  144  123  539.92772   38.00000  93.0%  25.8  390s
 2026122 1332455   38.50000   91  134  539.92772   38.00000  93.0%  25.8  395s
 2062932 1352409 infeasible  173       539.92772   38.00000  93.0%  25.8  400s
 2096140 1374674  176.66683  175   94  539.92772   38.00000  93.0%  25.9  405s
 2130704 1393897   44.33333  140  138  539.92772   38.00000  93.0%  25.9  411s
 2157030 1411266   50.83333  133  127  539.92772   38.00000  93.0%  25.9  415s
 2191337 1433378   39.33333  137  134  539.92772   38.00000  93.0%  25.9  420s
 2206674 1458771   38.00000   89  170  539.92772   38.00000  93.0%  25.9  431s
 2259960 1475328   98.66670  138  138  539.92772   38.00000  93.0%  26.0  435s
 2268736 1497306 infeasible  139       539.92772   38.00000  93.0%  26.0  441s
 2311199 1504169   38.83333  123  134  539.92772   38.00000  93.0%  26.0  445s
 2338073 1522095     cutoff  155       539.92772   38.00000  93.0%  26.0  450s
 2369602 1541089   39.83427  119  129  539.92772   38.00000  93.0%  26.0  455s
 2388759 1551248   41.83333  106  130  539.92772   38.00000  93.0%  26.1  460s
 2417754 1569714  240.52714  141   67  539.92772   38.00000  93.0%  26.1  466s
 2437769 1581506  142.20713  121  117  539.92772   38.00000  93.0%  26.1  471s
 2451614 1589516 infeasible  162       539.92772   38.00000  93.0%  26.1  475s
 2462349 1596486  118.16667  118  109  539.92772   38.00000  93.0%  26.1  482s
 2462391 1615748  118.16667  119  109  539.92772   38.00000  93.0%  26.1  485s
 2525693 1636051 infeasible  113       539.92772   38.00000  93.0%  26.1  490s
 2526749 1655543   62.33537  113   89  539.92772   38.00000  93.0%  26.1  499s
 2558781 1659181   38.41668  122  136  539.92772   38.00000  93.0%  26.1  501s
 2581285 1674713   46.50032  121  129  539.92772   38.00000  93.0%  26.1  505s
 2611726 1691482 infeasible  129       539.92772   38.00000  93.0%  26.1  510s
 2640225 1708613  210.00068  115  141  539.92772   38.00000  93.0%  26.1  515s
 2649437 1732048   86.33333  186   74  539.92772   38.00000  93.0%  26.1  521s
 2681654 1751861  459.16667  128   62  539.92772   38.00000  93.0%  26.1  535s
 2729384 1761606  383.50068  119   82  539.92772   38.00000  93.0%  26.1  540s
 2753851 1779067   38.00000   92  151  539.92772   38.00000  93.0%  26.1  545s
 2790758 1799436 infeasible  138       539.92772   38.00000  93.0%  26.0  550s
 2803765 1808671   38.00000  107  168  539.92772   38.00000  93.0%  26.0  555s
 2839316 1832830   45.00000   93  132  539.92772   38.00000  93.0%  26.0  560s
 2870578 1850424   59.00000  134  113  539.92772   38.00000  93.0%  26.0  565s
 2908839 1871633 infeasible  111       539.92772   38.00000  93.0%  26.0  570s
 2931792 1888397  347.32126   92  111  539.92772   38.00000  93.0%  26.0  575s
 2968861 1907348 infeasible  121       539.92772   38.00000  93.0%  26.0  580s
 2973117 1926069   38.83333  112  127  539.92772   38.00000  93.0%  26.0  585s
 3005191 1944571   59.00000  128  104  539.92772   38.00000  93.0%  26.0  591s
 3059470 1960905 infeasible  115       539.92772   38.00000  93.0%  26.0  595s
 3080754 1973500  287.16667  145   68  539.92772   38.00000  93.0%  26.0  600s

Cutting planes:
  Learned: 200
  Gomory: 4
  Cover: 126
  Implied bound: 94
  Clique: 12
  MIR: 250
  Flow cover: 733
  GUB cover: 5
  Relax-and-lift: 116

Cleanup yields a better solution

Explored 3083784 nodes (80212893 simplex iterations) in 600.04 seconds
Thread count was 32 (of 64 available processors)

Solution count 10: 539.928 539.991 540 ... 541

Time limit reached
Best objective 5.395394395469e+02, best bound 3.800000000000e+01, gap 92.9570%

Gurobi 9.1.2 (linux64) logging started Mon Apr  4 01:16:43 2022

Changed value of parameter LogFile to us-ca_v-Portland.log
   Prev:   Default: 
Changed value of parameter MIPFocus to 1
   Prev: 0  Min: 0  Max: 3  Default: 0
Changed value of parameter TimeLimit to 1200.0
   Prev: inf  Min: 0.0  Max: inf  Default: inf
Warning: variables 0 and 200 have the same name "X[Houston,ElPaso]"
Warning: linear constraint 240 and linear constraint 241 have the same name "weight-constr-t5"
Warning: to let Gurobi read it back, use rlp format
Gurobi Optimizer version 9.1.2 build v9.1.2rc0 (linux64)
Thread count: 32 physical cores, 64 logical processors, using up to 32 threads
Optimize a model with 1442 rows, 1200 columns and 4236 nonzeros
Model fingerprint: 0xb4841443
Variable types: 234 continuous, 966 integer (966 binary)
Coefficient statistics:
  Matrix range     [1e+00, 1e+06]
  Objective range  [2e-01, 2e-01]
  Bounds range     [1e+00, 5e+05]
  RHS range        [1e+00, 1e+06]
Presolve removed 78 rows and 90 columns
Presolve time: 0.02s
Presolved: 1364 rows, 1110 columns, 7056 nonzeros
Variable types: 228 continuous, 882 integer (882 binary)

Root relaxation: objective 3.800000e+01, 158 iterations, 0.00 seconds

    Nodes    |    Current Node    |     Objective Bounds      |     Work
 Expl Unexpl |  Obj  Depth IntInf | Incumbent    BestBd   Gap | It/Node Time

     0     0   38.00000    0   65          -   38.00000      -     -    0s
H    0     0                    8262.9999931   38.00000   100%     -    0s
H    0     0                    8261.9999931   38.00000   100%     -    0s
H    0     0                    8261.8333265   38.00000   100%     -    0s
H    0     0                    8233.8333333   38.00000   100%     -    0s
     0     0   38.00000    0   70 8233.83333   38.00000   100%     -    0s
H    0     0                    4136.4999995   38.00000  99.1%     -    0s
H    0     0                    1072.8333327   38.00000  96.5%     -    0s
     0     0   38.00000    0   55 1072.83333   38.00000  96.5%     -    0s
H    0     0                    1069.4999999   38.00000  96.4%     -    0s
H    0     0                    1063.5000000   38.00000  96.4%     -    0s
     0     2   38.00000    0   54 1063.50000   38.00000  96.4%     -    1s
H    1     4                    1063.4999997   38.00000  96.4%   583    1s
H   31    64                    1063.3333333   38.00000  96.4%  32.6    1s
H   33    64                     573.3333332   38.00000  93.4%  33.4    1s
H   95   128                     558.3333332   38.00000  93.2%  16.7    2s
H   95   128                     558.1666660   38.00000  93.2%  16.7    2s
H  112   128                     557.6666666   38.00000  93.2%  15.6    2s
H  134   160                     557.4999999   38.00000  93.2%  14.1    3s
H  159   192                     557.0000000   38.00000  93.2%  13.8    4s
H  165   192                     556.9999999   38.00000  93.2%  13.4    4s
H  178   192                     556.9999998   38.00000  93.2%  13.6    4s
   236   284   39.00000   11   47  557.00000   38.00000  93.2%  12.2    5s
H  248   284                     556.9999998   38.00000  93.2%  11.9    5s
H  944  1242                     556.9999997   38.00000  93.2%   8.7    6s
H 3622  3486                     556.9999997   38.00000  93.2%   7.1    8s
  6175  5684   67.50000  124   27  557.00000   38.00000  93.2%   6.6   11s
H10349  9136                     556.9563093   38.00000  93.2%   6.1   13s
 10377  9142   57.08334  152  106  556.95631   38.00000  93.2%   6.1   15s
 12462 10849   61.16667   93  108  556.95631   38.00000  93.2%   9.0   21s
H16341 13104                     554.6666667   38.00000  93.1%  10.8   22s
H17851 13331                     553.3333333   38.00000  93.1%  11.3   23s
H17941 12889                     553.0000000   38.00000  93.1%  11.3   23s
H18094 12445                     551.5000000   38.00000  93.1%  11.4   23s
H19389 11658                     551.0000000   38.00000  93.1%  11.6   23s
H19396 11301                     550.8333333   38.00000  93.1%  11.6   23s
H19397 10965                     550.1666667   38.00000  93.1%  11.6   23s
H19402 10643                     550.0000000   38.00000  93.1%  11.6   23s
H19403 10337                     549.3333333   38.00000  93.1%  11.6   23s
H19471 10704                     549.0000000   38.00000  93.1%  11.7   24s
H19602 10387                     548.6666667   38.00000  93.1%  11.7   24s
 20284 11049  394.66879   76   91  548.66667   38.00000  93.1%  11.8   25s
H24423 11916                     548.6666665   38.00000  93.1%  12.9   29s
 24447 14180   53.66667   73  120  548.66667   38.00000  93.1%  12.9   30s
H24608 13929                     548.6666630   38.00000  93.1%  12.9   30s
 27351 15387  119.00000  128   77  548.66666   38.00000  93.1%  13.5   35s
H28715 15387                     548.6666629   38.00000  93.1%  13.7   35s
H31291 22598                     548.4666667   38.00000  93.1%  14.2   37s
H33797 22556                     547.3333333   38.00000  93.1%  14.6   37s
H39631 24631                     546.6666667   38.00000  93.0%  15.3   38s
H39770 24629                     546.3333333   38.00000  93.0%  15.3   38s
H39852 24612                     545.1666667   38.00000  93.0%  15.3   38s
H42377 24649                     545.1666666   38.00000  93.0%  15.7   38s
H42378 24644                     544.5000000   38.00000  93.0%  15.7   38s
H42381 24644                     544.0833333   38.00000  93.0%  15.7   38s
H42441 24693                     543.8055556   38.00000  93.0%  15.7   39s
H42451 24693                     543.6666667   38.00000  93.0%  15.7   39s
H42508 27223                     543.1666667   38.00000  93.0%  15.7   40s
H45691 27964                     542.6666667   38.00000  93.0%  16.3   41s
H48846 32316                     542.6666666   38.00000  93.0%  16.7   42s
 52634 35598  137.83333  138   92  542.66667   38.00000  93.0%  17.1   45s
H67914 43905                     542.6666665   38.00000  93.0%  17.9   47s
H70020 45098                     542.6666664   38.00000  93.0%  18.0   48s
 74836 49854   38.75041   55  160  542.66667   38.00000  93.0%  18.3   50s
 83155 55134   43.66667  101   92  542.66667   38.00000  93.0%  19.0   56s
 105269 66345     cutoff  123       542.66667   38.00000  93.0%  20.3   61s
 110157 68930   40.50000  115  102  542.66667   38.00000  93.0%  20.5   66s
 121870 83757   39.47420   88  167  542.66667   38.00000  93.0%  20.9   71s
 139902 90862 infeasible  106       542.66667   38.00000  93.0%  21.7   77s
 145107 96896  206.16683   76  126  542.66667   38.00000  93.0%  21.8   82s
H145474 96896                     542.6666662   38.00000  93.0%  21.8   82s
H148953 100896                     542.6666656   38.00000  93.0%  21.8   84s
H149786 100896                     542.6666618   38.00000  93.0%  21.8   84s
H149858 100896                     542.6666500   38.00000  93.0%  21.8   84s
H153815 100876                     542.0000000   38.00000  93.0%  21.8   84s
 154337 101740  162.83333  120   96  542.00000   38.00000  93.0%  21.8   87s
H154500 101740                     541.9999999   38.00000  93.0%  21.8   87s
 155583 123914  162.83365  121   98  542.00000   38.00000  93.0%  21.8   94s
H158402 123907                     541.8333333   38.00000  93.0%  21.8   94s
H187331 123900                     541.6666667   38.00000  93.0%  22.1   94s
 187615 130485     cutoff  156       541.66667   38.00000  93.0%  22.1   96s
H187616 130483                     541.5000000   38.00000  93.0%  22.1   96s
 203617 135846  408.50032  145   63  541.50000   38.00000  93.0%  22.3  104s
H203620 135846                     541.4999998   38.00000  93.0%  22.3  104s
 203656 139583  408.66683  146   63  541.50000   38.00000  93.0%  22.3  105s
H204138 139583                     541.4999996   38.00000  93.0%  22.4  105s
H207122 139583                     541.4999995   38.00000  93.0%  22.4  105s
H208553 142484                     541.4999994   38.00000  93.0%  22.4  107s
H212400 146256                     541.4999989   38.00000  93.0%  22.5  109s
 218098 151090   38.66667   88  178  541.50000   38.00000  93.0%  22.6  111s
 232495 159135 infeasible  113       541.50000   38.00000  93.0%  22.5  116s
 237409 163753  212.33341  115  103  541.50000   38.00000  93.0%  22.5  120s
 256946 175283   52.50000  143   78  541.50000   38.00000  93.0%  22.9  126s
 265637 180333   38.00000   60  163  541.50000   38.00000  93.0%  23.1  131s
 268822 182696  321.00000  137   85  541.50000   38.00000  93.0%  23.1  136s
 277534 195879  123.83337  104  102  541.50000   38.00000  93.0%  23.2  142s
 290560 200663  178.50043  147   63  541.50000   38.00000  93.0%  23.3  145s
 306218 214189   48.83357   85  128  541.50000   38.00000  93.0%  23.4  151s
 316987 220056 infeasible  129       541.50000   38.00000  93.0%  23.5  157s
 321325 229430   60.23363  150  110  541.50000   38.00000  93.0%  23.5  160s
H322371 229430                     541.4999960   38.00000  93.0%  23.5  160s
 351275 243463  407.50000  148   61  541.50000   38.00000  93.0%  23.4  165s
 366152 251522   42.00000   69  117  541.50000   38.00000  93.0%  23.5  171s
H368228 255715                     541.4999959   38.00000  93.0%  23.5  174s
 373804 261411   61.16763   97  118  541.50000   38.00000  93.0%  23.6  177s
H380020 261411                     541.4999958   38.00000  93.0%  23.6  177s
 392168 268426   42.00000  108  131  541.50000   38.00000  93.0%  23.6  180s
 400143 274925  123.16667   96  149  541.50000   38.00000  93.0%  23.7  185s
 402944 297289   38.00000   82  150  541.50000   38.00000  93.0%  23.7  197s
 434976 303070   76.50011  142  109  541.50000   38.00000  93.0%  23.9  200s
 449080 309026   45.50283   96  150  541.50000   38.00000  93.0%  23.9  206s
 459387 313816 infeasible  155       541.50000   38.00000  93.0%  23.9  211s
 468634 325499   96.66667  101  105  541.50000   38.00000  93.0%  24.0  216s
 484267 330446   39.00000   85  147  541.50000   38.00000  93.0%  24.0  222s
 488548 338116   38.16669   93  146  541.50000   38.00000  93.0%  24.0  226s
 500369 347125  263.66667  173   73  541.50000   38.00000  93.0%  24.1  231s
 516646 358321 infeasible  185       541.50000   38.00000  93.0%  24.2  235s
 533201 369463   63.33333  132   90  541.50000   38.00000  93.0%  24.3  240s
 545137 373433  466.44453  211   69  541.50000   38.00000  93.0%  24.3  245s
 549461 380218   40.16733  128  119  541.50000   38.00000  93.0%  24.3  250s
 559552 383763 infeasible  131       541.50000   38.00000  93.0%  24.3  256s
 567164 389084   39.22229  144  149  541.50000   38.00000  93.0%  24.4  261s
 567346 410559   39.16667  143  143  541.50000   38.00000  93.0%  24.4  269s
 599378 415004  389.66672  112   84  541.50000   38.00000  93.0%  24.4  272s
 610406 420863   38.83333  102  121  541.50000   38.00000  93.0%  24.4  275s
H612157 420863                     541.4999957   38.00000  93.0%  24.5  275s
H615209 424190                     541.4999957   38.00000  93.0%  24.5  276s
 623618 431461   67.00000  118   96  541.50000   38.00000  93.0%  24.5  280s
 641317 438200  219.03333  110   91  541.50000   38.00000  93.0%  24.5  291s
 649287 443342  119.00000  129  105  541.50000   38.00000  93.0%  24.5  296s
 654507 446676   41.33333   97  146  541.50000   38.00000  93.0%  24.5  302s
 660977 451018   64.66667  107  101  541.50000   38.00000  93.0%  24.5  309s
 661017 471334   64.66667  108  104  541.50000   38.00000  93.0%  24.5  326s
 698916 480211 infeasible  125       541.50000   38.00000  93.0%  24.6  331s
 706587 480224   38.00000   65  147  541.50000   38.00000  93.0%  24.6  337s
H706637 480224                     541.4985121   38.00000  93.0%  24.6  337s
H706822 482932                     541.4959052   38.00000  93.0%  24.6  338s
 710549 486090   38.83333   74  136  541.49591   38.00000  93.0%  24.6  340s
 716137 487078   38.00000   69  153  541.49591   38.00000  93.0%  24.7  346s
 726936 498034   38.00000   78  151  541.49591   38.00000  93.0%  24.7  351s
 738590 503239 infeasible  102       541.49591   38.00000  93.0%  24.7  356s
 754592 510488   65.33337  135  122  541.49591   38.00000  93.0%  24.7  366s
 760050 518419   58.00000  161   92  541.49591   38.00000  93.0%  24.8  371s
 778738 529178   38.00000   73  187  541.49591   38.00000  93.0%  24.8  376s
 788147 534282 infeasible  133       541.49591   38.00000  93.0%  24.8  380s
 798479 542083   41.66667  107  144  541.49591   38.00000  93.0%  24.8  385s
H806393 543741                     541.4959051   38.00000  93.0%  24.8  387s
 807282 545225   39.50013  134  130  541.49591   38.00000  93.0%  24.8  390s
 815320 553826 infeasible   83       541.49591   38.00000  93.0%  24.9  395s
 829227 559080  304.33333  162   73  541.49591   38.00000  93.0%  24.9  400s
 830844 563917   44.00053   99  132  541.49591   38.00000  93.0%  24.9  405s
 840983 570292   38.66690  110  151  541.49591   38.00000  93.0%  24.9  411s
 851183 578498   62.09524  153  136  541.49591   38.00000  93.0%  24.9  415s
 868302 584956   40.16672  129  142  541.49591   38.00000  93.0%  25.0  420s
 878689 593751   38.00000   92  141  541.49591   38.00000  93.0%  25.0  426s
 893083 604328  263.83333  165   85  541.49591   38.00000  93.0%  25.0  431s
 907405 612521   40.66667   93  148  541.49591   38.00000  93.0%  25.0  435s
 923776 624289  379.16685  139   70  541.49591   38.00000  93.0%  25.1  440s
 930337 624304     cutoff  114       541.49591   38.00000  93.0%  25.0  445s
 936072 627624   47.50000   95  156  541.49591   38.00000  93.0%  25.0  452s
 942052 631453   38.00000   87  141  541.49591   38.00000  93.0%  25.0  458s
 942101 651952   38.00000   88  141  541.49591   38.00000  93.0%  25.0  465s
 982092 657238 infeasible  182       541.49591   38.00000  93.0%  25.1  471s
 992325 666367   48.66667  133  117  541.49591   38.00000  93.0%  25.1  475s
H1000708 670360                     541.0000000   38.00000  93.0%  25.2  477s
H1000904 672430                     540.5000000   38.00000  93.0%  25.2  478s
H1001080 672421                     540.3333333   38.00000  93.0%  25.2  478s
H1001489 672403                     540.0000000   38.00000  93.0%  25.2  478s
 1003999 676995   53.00000  132  101  540.00000   38.00000  93.0%  25.2  481s
H1004503 676995                     539.9999999   38.00000  93.0%  25.2  481s
H1006305 676985                     539.8333333   38.00000  93.0%  25.2  481s
H1011966 679513                     539.6666667   38.00000  93.0%  25.2  483s
 1016188 683041  206.66667  114   98  539.66667   38.00000  93.0%  25.2  485s
H1019632 683028                     539.4000000   38.00000  93.0%  25.1  485s
 1025755 688095   59.17153  118  133  539.40000   38.00000  93.0%  25.1  490s
 1037747 693359   42.75000  123  112  539.40000   38.00000  93.0%  25.1  499s
H1037766 693359                     539.3999999   38.00000  93.0%  25.1  499s
 1037782 713830   42.75000  124  115  539.40000   38.00000  93.0%  25.1  514s
H1052915 713830                     539.3999995   38.00000  93.0%  25.2  514s
 1065810 713830 infeasible  107       539.40000   38.00000  93.0%  25.2  515s
H1071891 718521                     539.3999994   38.00000  93.0%  25.2  517s
H1077575 719469                     539.3999993   38.00000  93.0%  25.2  519s
 1078892 719850   94.16667  144   98  539.40000   38.00000  93.0%  25.2  522s
H1079082 719850                     539.3999829   38.00000  93.0%  25.2  523s
H1079757 725167                     539.3999654   38.00000  93.0%  25.2  525s
H1079800 725167                     539.3999646   38.00000  93.0%  25.2  525s
H1080306 725167                     539.3999646   38.00000  93.0%  25.2  525s
H1089216 726868                     539.3999645   38.00000  93.0%  25.2  528s
 1090596 731649   43.00000  142   90  539.39996   38.00000  93.0%  25.2  530s
 1111397 740754   38.66677  120  142  539.39996   38.00000  93.0%  25.2  536s
 1116152 746527   41.83333  138  141  539.39996   38.00000  93.0%  25.2  540s
H1130507 754702                     539.3999645   38.00000  93.0%  25.2  544s
 1131291 756878  158.33333  195   60  539.39996   38.00000  93.0%  25.2  545s
H1132024 756878                     539.3999644   38.00000  93.0%  25.2  546s
 1144008 765822   38.55990  142  124  539.39996   38.00000  93.0%  25.2  550s
 1161245 776878   49.50000  134  129  539.39996   38.00000  93.0%  25.2  556s
 1175722 783508  399.77806  152   84  539.39996   38.00000  93.0%  25.2  563s
H1175740 783508                     539.3999642   38.00000  93.0%  25.2  563s
 1175761 786468  399.77898  153   79  539.39996   38.00000  93.0%  25.2  565s
H1175800 786468                     539.3999558   38.00000  93.0%  25.2  565s
 1187490 793156  413.00064  161   61  539.39996   38.00000  93.0%  25.2  570s
 1205181 805348   49.16667  113  109  539.39996   38.00000  93.0%  25.2  575s
 1216997 809564   38.00000  127  162  539.39996   38.00000  93.0%  25.2  584s
 1217049 814913   38.00000  128  159  539.39996   38.00000  93.0%  25.2  586s
 1225681 818107  211.33333  119   98  539.39996   38.00000  93.0%  25.2  590s
 1230660 838807  138.83333  121  109  539.39996   38.00000  93.0%  25.2  599s
 1262692 838888 infeasible  101       539.39996   38.00000  93.0%  25.2  603s
 1262841 859543   38.00000   73  182  539.39996   38.00000  93.0%  25.2  610s
 1301601 868382  267.16667  139   59  539.39996   38.00000  93.0%  25.2  615s
 1317317 874240  330.83355  132   83  539.39996   38.00000  93.0%  25.2  623s
H1322425 877377                     539.3999547   38.00000  93.0%  25.2  625s
 1322618 880526   38.16667   86  156  539.39995   38.00000  93.0%  25.2  630s
 1341803 891151   70.16667  163   91  539.39995   38.00000  93.0%  25.2  635s
 1350935 899117   41.50000  149  100  539.39995   38.00000  93.0%  25.2  641s
 1366174 906404   39.16704  103  161  539.39995   38.00000  93.0%  25.2  645s
 1382607 915396  149.33333  161   64  539.39995   38.00000  93.0%  25.2  651s
 1387712 921436   41.16667  119  147  539.39995   38.00000  93.0%  25.2  657s
 1401514 932933   45.83333   92  149  539.39995   38.00000  93.0%  25.2  662s
 1410747 932949   40.50000  100  151  539.39995   38.00000  93.0%  25.2  666s
 1416998 941987 infeasible  122       539.39995   38.00000  93.0%  25.2  671s
 1429420 945920   38.66699  112  150  539.39995   38.00000  93.0%  25.2  675s
 1441956 957193   43.83333  131  110  539.39995   38.00000  93.0%  25.2  680s
 1456037 963303 infeasible  144       539.39995   38.00000  93.0%  25.2  685s
 1465101 971754   69.33333  145   92  539.39995   38.00000  93.0%  25.2  690s
 1478826 994923  446.38633  226   29  539.39995   38.00000  93.0%  25.2  699s
 1510858 1000248   49.66667  122  134  539.39995   38.00000  93.0%  25.2  701s
 1523137 1002834  233.50315  157   84  539.39995   38.00000  93.0%  25.2  705s
 1536366 1015331 infeasible  143       539.39995   38.00000  93.0%  25.2  710s
 1555672 1024318  117.83333  129  102  539.39995   38.00000  93.0%  25.2  717s
 1556770 1029818  252.08261  154   59  539.39995   38.00000  93.0%  25.2  721s
 1566113 1035245   89.66667  164   92  539.39995   38.00000  93.0%  25.2  725s
 1585246 1045910 infeasible  132       539.39995   38.00000  93.0%  25.2  730s
 1594843 1053135  119.05438  123  109  539.39995   38.00000  93.0%  25.2  735s
 1604832 1059685   38.50000  121  152  539.39995   38.00000  93.0%  25.3  741s
 1617930 1067362  444.66667  193   28  539.39995   38.00000  93.0%  25.2  745s
 1633752 1074454 infeasible  121       539.39995   38.00000  93.0%  25.2  750s
 1650084 1084106  399.41700  173   94  539.39995   38.00000  93.0%  25.2  755s
 1669140 1097397  158.16667  218   47  539.39995   38.00000  93.0%  25.2  760s
 1690924 1110273   44.33469  169  113  539.39995   38.00000  93.0%  25.2  765s
 1707950 1121915   38.16667  111  143  539.39995   38.00000  93.0%  25.2  771s
 1711959 1125361   43.16667  135  123  539.39995   38.00000  93.0%  25.3  776s
 1726326 1133936   39.16667  123  141  539.39995   38.00000  93.0%  25.3  781s
 1738367 1139908 infeasible  171       539.39995   38.00000  93.0%  25.3  789s
 1738404 1143058  170.83333  171   69  539.39995   38.00000  93.0%  25.3  791s
 1743597 1143074 infeasible  130       539.39995   38.00000  93.0%  25.3  796s
 1749165 1146260   72.66667  113  104  539.39995   38.00000  93.0%  25.3  800s
 1762445 1158676   48.18270  186  112  539.39995   38.00000  93.0%  25.3  806s
 1776257 1161782 infeasible  133       539.39995   38.00000  93.0%  25.3  811s
 1783438 1169822  156.83333  157   72  539.39995   38.00000  93.0%  25.3  815s
 1799967 1177174   39.00000  148  148  539.39995   38.00000  93.0%  25.4  822s
 1800010 1179987   40.83344  149  144  539.39995   38.00000  93.0%  25.4  825s
 1817875 1192406   44.37276  110  140  539.39995   38.00000  93.0%  25.4  831s
 1823872 1192423  119.66717  112  106  539.39995   38.00000  93.0%  25.4  836s
 1823919 1212716  119.66766  113  106  539.39995   38.00000  93.0%  25.4  850s
 1861576 1219097   45.91781  124  131  539.39995   38.00000  93.0%  25.4  856s
 1865512 1219123  412.50347  156   78  539.39995   38.00000  93.0%  25.4  862s
 1874275 1226501  345.35426  126   79  539.39995   38.00000  93.0%  25.4  866s
 1888986 1237601   42.00000  117  137  539.39995   38.00000  93.0%  25.5  870s
 1896749 1241253 infeasible  144       539.39995   38.00000  93.0%  25.4  875s
 1910691 1247511   38.00043   86  145  539.39995   38.00000  93.0%  25.5  880s
 1925110 1259018   43.00016  107  150  539.39995   38.00000  93.0%  25.5  886s
 1941496 1266328   46.41723  101  142  539.39995   38.00000  93.0%  25.5  890s
 1958298 1276097   44.83333  130  110  539.39995   38.00000  93.0%  25.5  895s
 1962016 1280093   45.33333  151  116  539.39995   38.00000  93.0%  25.5  900s
 1975305 1286195  216.66672  128  105  539.39995   38.00000  93.0%  25.5  907s
 1987366 1296212   46.00021  141  133  539.39995   38.00000  93.0%  25.5  911s
 1999396 1301854  216.33681  112  130  539.39995   38.00000  93.0%  25.5  915s
 2003597 1302152   38.00108   80  139  539.39995   38.00000  93.0%  25.5  922s
 2011106 1309338  379.33831  115  125  539.39995   38.00000  93.0%  25.5  925s
 2019982 1311902   38.16667   91  147  539.39995   38.00000  93.0%  25.5  933s
 2020019 1318922   40.68750   92  151  539.39995   38.00000  93.0%  25.5  935s
 2030562 1320376   50.33333  124  127  539.39995   38.00000  93.0%  25.6  941s
 2033187 1320396   53.01109  137  123  539.39995   38.00000  93.0%  25.6  947s
 2033231 1325761   56.50000  136  125  539.39995   38.00000  93.0%  25.6  950s
 2041562 1325779   38.00000   97  155  539.39995   38.00000  93.0%  25.6  956s
 2049804 1334370 infeasible  119       539.39995   38.00000  93.0%  25.6  961s
 2056092 1335710   56.66724  153  103  539.39995   38.00000  93.0%  25.6  965s
 2058517 1335782  517.16667  182   42  539.39995   38.00000  93.0%  25.6  970s
 2066513 1340371   39.16667  130  145  539.39995   38.00000  93.0%  25.6  975s
 2078856 1353417  428.16667  192   42  539.39995   38.00000  93.0%  25.6  982s
 2087762 1353438   41.50000  102  138  539.39995   38.00000  93.0%  25.6  986s
 2093002 1357220   83.00000  112   69  539.39995   38.00000  93.0%  25.6  992s
 2095769 1361580  106.16667  125   62  539.39995   38.00000  93.0%  25.6  995s
 2111593 1372577   38.00107   87  136  539.39995   38.00000  93.0%  25.6 1000s
 2128657 1379476   38.13896  131  177  539.39995   38.00000  93.0%  25.7 1006s
 2132766 1385337   38.00000  106  141  539.39995   38.00000  93.0%  25.7 1010s
 2150493 1397391  239.50000  171   57  539.39995   38.00000  93.0%  25.7 1016s
 2163552 1401268   39.50000   94  135  539.39995   38.00000  93.0%  25.7 1024s
 2163591 1405946   40.16667   95  135  539.39995   38.00000  93.0%  25.7 1026s
 2176583 1413652 infeasible  125       539.39995   38.00000  93.0%  25.7 1032s
 2188386 1419649   42.00000  114  131  539.39995   38.00000  93.0%  25.7 1035s
 2197961 1425958 infeasible   99       539.39995   38.00000  93.0%  25.8 1040s
 2205901 1431607   39.33344   88  161  539.39995   38.00000  93.0%  25.8 1046s
 2218415 1437528   61.33349  126  122  539.39995   38.00000  93.0%  25.8 1050s
 2230548 1447347  235.16667  105   86  539.39995   38.00000  93.0%  25.8 1056s
 2250725 1458247   51.83333  131  145  539.39995   38.00000  93.0%  25.8 1061s
 2271145 1471100 infeasible  142       539.39995   38.00000  93.0%  25.8 1066s
 2286811 1481962  129.16672  131  103  539.39995   38.00000  93.0%  25.8 1071s
 2296476 1487725 infeasible  138       539.39995   38.00000  93.0%  25.9 1075s
 2303518 1506847   41.33333  101  125  539.39995   38.00000  93.0%  25.9 1087s
 2335550 1511205   38.33333   90  145  539.39995   38.00000  93.0%  25.9 1090s
 2351161 1519601   79.16667  123   85  539.39995   38.00000  93.0%  25.9 1096s
 2360972 1524089   40.50398  141  128  539.39995   38.00000  93.0%  25.9 1100s
 2376895 1533758   83.33355  138  113  539.39995   38.00000  93.0%  26.0 1105s
 2383312 1537087   55.00012  111  117  539.39995   38.00000  93.0%  26.0 1113s
 2389341 1540776  414.68130  132   99  539.39995   38.00000  93.0%  26.0 1116s
 2397968 1551180 infeasible  129       539.39995   38.00000  93.0%  26.0 1122s
 2409642 1553883  385.83722  139   89  539.39995   38.00000  93.0%  26.0 1125s
 2410477 1556209     cutoff  149       539.39995   38.00000  93.0%  26.0 1131s
 2427339 1568514   41.33424  125  118  539.39995   38.00000  93.0%  26.0 1136s
 2443578 1578265  408.45628   98   59  539.39995   38.00000  93.0%  26.0 1140s
 2458774 1588851   39.00000   81  119  539.39995   38.00000  93.0%  26.0 1146s
 2470997 1591878  301.33333  134   63  539.39995   38.00000  93.0%  26.0 1151s
 2475972 1594783 infeasible  110       539.39995   38.00000  93.0%  26.0 1156s
 2482545 1600156   39.16667   92  154  539.39995   38.00000  93.0%  26.0 1161s
 2491801 1608046 infeasible  149       539.39995   38.00000  93.0%  26.0 1165s
 2506712 1615121   48.50000  113  144  539.39995   38.00000  93.0%  26.0 1171s
 2517296 1622830  110.34177  106  127  539.39995   38.00000  93.0%  26.1 1175s
 2534463 1633549  499.43619  133   67  539.39995   38.00000  93.0%  26.1 1181s
 2542872 1636354   58.84030  139  100  539.39995   38.00000  93.0%  26.1 1185s
 2552558 1648242 infeasible  166       539.39995   38.00000  93.0%  26.1 1190s
 2561632 1648258     cutoff  116       539.39995   38.00000  93.0%  26.1 1195s
 2566542 1651231   40.16667   70  134  539.39995   38.00000  93.0%  26.1 1200s

Cutting planes:
  Learned: 202
  Gomory: 6
  Cover: 95
  Implied bound: 73
  Clique: 13
  MIR: 257
  StrongCG: 1
  Flow cover: 756
  GUB cover: 1
  Relax-and-lift: 127

Explored 2566580 nodes (66981523 simplex iterations) in 1200.02 seconds
Thread count was 32 (of 64 available processors)

Solution count 10: 539.4 539.4 539.4 ... 539.667

Time limit reached
Best objective 5.393999546830e+02, best bound 3.800000000000e+01, gap 92.9551%
