
Gurobi 9.1.2 (linux64) logging started Sun Apr  3 20:20:16 2022

Changed value of parameter LogFile to us-ca_v-Phoenix.log
   Prev:   Default: 
Changed value of parameter MIPFocus to 1
   Prev: 0  Min: 0  Max: 3  Default: 0
Changed value of parameter TimeLimit to 600.0
   Prev: inf  Min: 0.0  Max: inf  Default: inf
Warning: variables 0 and 200 have the same name "X[ElPaso,Dallas]"
Warning: linear constraint 240 and linear constraint 241 have the same name "weight-constr-t5"
Warning: to let Gurobi read it back, use rlp format
Gurobi Optimizer version 9.1.2 build v9.1.2rc0 (linux64)
Thread count: 32 physical cores, 64 logical processors, using up to 32 threads
Optimize a model with 1442 rows, 1200 columns and 4236 nonzeros
Model fingerprint: 0x170d49a6
Variable types: 234 continuous, 966 integer (966 binary)
Coefficient statistics:
  Matrix range     [1e+00, 1e+06]
  Objective range  [2e-01, 2e-01]
  Bounds range     [1e+00, 5e+05]
  RHS range        [1e+00, 1e+06]
Presolve removed 72 rows and 84 columns
Presolve time: 0.01s
Presolved: 1370 rows, 1116 columns, 7140 nonzeros
Variable types: 228 continuous, 888 integer (888 binary)

Root relaxation: objective 3.800000e+01, 157 iterations, 0.00 seconds

    Nodes    |    Current Node    |     Objective Bounds      |     Work
 Expl Unexpl |  Obj  Depth IntInf | Incumbent    BestBd   Gap | It/Node Time

     0     0   38.00000    0   69          -   38.00000      -     -    0s
     0     0   38.00000    0   68          -   38.00000      -     -    0s
     0     0   38.00000    0   72          -   38.00000      -     -    0s
     0     0   38.00000    0   42          -   38.00000      -     -    0s
     0     0   38.00000    0   41          -   38.00000      -     -    0s
     0     0   38.00000    0   40          -   38.00000      -     -    0s
     0     0   38.00000    0   36          -   38.00000      -     -    0s
H    0     0                    1177.8333333   38.00000  96.8%     -    0s
H    0     0                     639.0000000   38.00000  94.1%     -    0s
     0     2   38.00000    0   23  639.00000   38.00000  94.1%     -    0s
H    1     4                     638.9999998   38.00000  94.1%   647    0s
H    6     8                     638.8333332   38.00000  94.1%   115    0s
H    8    16                     634.1666666   38.00000  94.0%  87.9    0s
H   31    64                     634.0000000   38.00000  94.0%  31.1    0s
H   32    64                     632.8333330   38.00000  94.0%  31.2    0s
H   39    64                     629.8333333   38.00000  94.0%  30.0    0s
H   65    96                     622.6666666   38.00000  93.9%  22.6    0s
H   95   128                     621.9999999   38.00000  93.9%  19.3    2s
H   96   128                     619.5000000   38.00000  93.9%  19.1    2s
H   97   128                     579.6666667   38.00000  93.4%  19.3    2s
H   99   128                     567.3333333   38.00000  93.3%  19.0    2s
H  100   128                     566.5000000   38.00000  93.3%  18.9    2s
H  127   158                     565.1666667   38.00000  93.3%  15.9    3s
H  129   158                     562.3333333   38.00000  93.2%  15.7    3s
H  159   190                     558.6666667   38.00000  93.2%  14.0    4s
H  160   190                     558.1666667   38.00000  93.2%  13.9    4s
H  171   190                     557.8333333   38.00000  93.2%  13.5    4s
H  179   190                     557.5000000   38.00000  93.2%  13.1    4s
   191   221   39.00000   10   19  557.50000   38.00000  93.2%  12.9    5s
H  193   221                     557.3333333   38.00000  93.2%  12.8    5s
H  201   221                     557.3295176   38.00000  93.2%  12.5    5s
H  208   221                     557.1666667   38.00000  93.2%  12.5    5s
H  472   469                     557.0000000   38.00000  93.2%   9.0    5s
H  494  1255                     556.9999999   38.00000  93.2%   8.9    6s
H 2400  2373                     556.9999998   38.00000  93.2%   6.8    6s
H 2531  2402                     556.9999998   38.00000  93.2%   6.7    7s
H 2556  2402                     556.9558078   38.00000  93.2%   6.7    7s
  9639  8507   41.50000   24   71  556.95581   38.00000  93.2%   6.2   10s
H11269 11081                     552.0000000   38.00000  93.1%   8.6   11s
H13532 10325                     547.8333333   38.00000  93.1%   9.5   11s
H13644  9895                     547.6666667   38.00000  93.1%   9.5   11s
H13675  9514                     546.5000000   38.00000  93.0%   9.6   11s
H13994  9486                     546.3333333   38.00000  93.0%   9.8   12s
H14008  9151                     545.8333333   38.00000  93.0%   9.8   12s
H14023  8833                     545.6666667   38.00000  93.0%   9.8   12s
H14065  8522                     545.1666667   38.00000  93.0%   9.8   12s
H14469  8620                     545.0000000   38.00000  93.0%  10.0   12s
H16068  9937                     544.5000000   38.00000  93.0%  10.9   13s
 24474 12893  135.66667   85   91  544.50000   38.00000  93.0%  13.5   15s
H25551 15539                     541.8333333   38.00000  93.0%  13.8   15s
H27722 15513                     541.1666667   38.00000  93.0%  14.1   15s
H28407 15587                     541.0000000   38.00000  93.0%  14.1   16s
H28412 15576                     540.1666667   38.00000  93.0%  14.1   16s
H28542 17595                     540.0000000   38.00000  93.0%  14.2   16s
H46234 29888                     539.9999983   38.00000  93.0%  17.7   19s
H47144 30001                     539.9999965   38.00000  93.0%  17.8   20s
H47199 30001                     539.9999957   38.00000  93.0%  17.8   20s
 62738 46537 infeasible  151       540.00000   38.00000  93.0%  18.7   25s
H67887 46537                     539.9999957   38.00000  93.0%  18.9   25s
H75850 49452                     539.9999956   38.00000  93.0%  19.0   28s
 82500 55082   40.16667   63  116  540.00000   38.00000  93.0%  19.0   30s
 120390 78677   40.83333  100  104  540.00000   38.00000  93.0%  21.3   35s
H121268 78677                     539.9999923   38.00000  93.0%  21.3   35s
H126220 82453                     539.9999922   38.00000  93.0%  21.7   36s
 148099 94760   56.00000  127   83  539.99999   38.00000  93.0%  22.7   40s
 173779 108916  486.50000  102   62  539.99999   38.00000  93.0%  23.4   46s
 201512 126794   40.66667  147  110  539.99999   38.00000  93.0%  24.0   50s
H215650 131833                     539.9999922   38.00000  93.0%  24.3   51s
H217009 134465                     539.9999921   38.00000  93.0%  24.4   52s
 220914 134591   41.66667  111   86  539.99999   38.00000  93.0%  24.4   55s
H245124 154279                     539.9999913   38.00000  93.0%  24.7   58s
 257909 161654   82.50000  116   87  539.99999   38.00000  93.0%  24.8   60s
H259399 161654                     539.9999907   38.00000  93.0%  24.8   60s
H265586 164733                     539.9999906   38.00000  93.0%  24.9   61s
 275699 168042  246.66667  127   78  539.99999   38.00000  93.0%  25.0   65s
 294639 183259  252.34327  115   70  539.99999   38.00000  93.0%  25.2   70s
H302789 185593                     539.9999906   38.00000  93.0%  25.2   70s
H305298 185593                     539.9999904   38.00000  93.0%  25.2   70s
 308884 187096   49.00000  110   94  539.99999   38.00000  93.0%  25.2   75s
 340577 210687  222.33333  164   28  539.99999   38.00000  93.0%  25.6   80s
H346594 210687                     539.9999904   38.00000  93.0%  25.6   80s
 388440 240860   40.83333  103   82  539.99999   38.00000  93.0%  25.7   85s
 426428 265081 infeasible  158       539.99999   38.00000  93.0%  25.7   90s
 440152 290510   38.33333  131   97  539.99999   38.00000  93.0%  25.8   96s
 487602 302839   83.08333  158   61  539.99999   38.00000  93.0%  25.8  100s
 501779 312061 infeasible  148       539.99999   38.00000  93.0%  25.8  105s
 518774 318449   39.55556  136  105  539.99999   38.00000  93.0%  25.9  110s
 546789 336858   38.00000  114   82  539.99999   38.00000  93.0%  25.9  115s
 574119 351415   42.50134  118   76  539.99999   38.00000  93.0%  25.9  120s
 594801 367757  165.50000  143   52  539.99999   38.00000  93.0%  25.9  125s
 634759 388835   65.50000  135   64  539.99999   38.00000  93.0%  25.9  130s
 666221 408905   44.66667  161   96  539.99999   38.00000  93.0%  25.9  135s
H687473 419936                     539.9996063   38.00000  93.0%  25.9  139s
H692011 424321                     539.9989073   38.00000  93.0%  25.9  140s
H704199 427158                     539.9989072   38.00000  93.0%  25.8  141s
 721474 435694   72.50000  140   65  539.99891   38.00000  93.0%  25.9  146s
H721533 435694                     539.9989070   38.00000  93.0%  25.9  146s
H721570 453845                     539.9986829   38.00000  93.0%  25.9  149s
H722601 453845                     539.9963208   38.00000  93.0%  25.9  149s
 753577 455739   48.66667  138   88  539.99632   38.00000  93.0%  25.9  150s
 774922 464463 infeasible  144       539.99632   38.00000  93.0%  25.8  155s
 801099 478449 infeasible  141       539.99632   38.00000  93.0%  25.8  160s
 832329 495924 infeasible  160       539.99632   38.00000  93.0%  25.8  166s
 850907 509453   56.50000  117   95  539.99632   38.00000  93.0%  25.7  170s
 894636 531358   38.66702  121   99  539.99632   38.00000  93.0%  25.7  175s
 933577 553928 infeasible  169       539.99632   38.00000  93.0%  25.6  180s
 972714 573060   43.50000  128   79  539.99632   38.00000  93.0%  25.5  187s
 972757 590716 infeasible  129       539.99632   38.00000  93.0%  25.5  190s
 1004896 608418   58.50000  155   96  539.99632   38.00000  93.0%  25.5  196s
 1059459 621378   64.41918  130   96  539.99632   38.00000  93.0%  25.4  202s
 1075775 634732   38.66667  120   91  539.99632   38.00000  93.0%  25.4  205s
 1101263 651042  119.33374  133   80  539.99632   38.00000  93.0%  25.5  210s
 1123939 658394  420.50054  128   63  539.99632   38.00000  93.0%  25.5  215s
 1153519 674928  387.50005  172   62  539.99632   38.00000  93.0%  25.5  222s
 1166584 681419   38.91827  139  117  539.99632   38.00000  93.0%  25.4  228s
 1166626 700563 infeasible  139       539.99632   38.00000  93.0%  25.4  230s
 1225074 717666   38.00000  108   93  539.99632   38.00000  93.0%  25.4  235s
 1261761 739063   45.33333  126   76  539.99632   38.00000  93.0%  25.4  240s
 1298864 758061   86.00000  114   75  539.99632   38.00000  93.0%  25.4  246s
 1323079 768864  393.66667  156   54  539.99632   38.00000  93.0%  25.4  252s
 1323116 786834  393.66667  157   47  539.99632   38.00000  93.0%  25.4  255s
 1365333 805685   61.36912  143   74  539.99632   38.00000  93.0%  25.4  260s
 1408560 821940  208.00000  133   69  539.99632   38.00000  93.0%  25.4  265s
 1433494 831968 infeasible  154       539.99632   38.00000  93.0%  25.3  270s
 1458356 846992   38.00021  113  102  539.99632   38.00000  93.0%  25.3  275s
 1485737 866109   38.00000  126   93  539.99632   38.00000  93.0%  25.3  280s
 1499650 871015   39.41669  115  101  539.99632   38.00000  93.0%  25.3  285s
 1524349 881857 infeasible  126       539.99632   38.00000  93.0%  25.3  294s
 1528913 886042   44.17120  142   93  539.99632   38.00000  93.0%  25.3  295s
 1538392 892841   99.16667  155   66  539.99632   38.00000  93.0%  25.3  300s
 1554787 902418   47.66667  132   74  539.99632   38.00000  93.0%  25.3  305s
 1596934 921804   45.66669  135   81  539.99632   38.00000  93.0%  25.2  312s
 1611229 929758 infeasible  148       539.99632   38.00000  93.0%  25.2  316s
 1611274 947399   50.58333  148   79  539.99632   38.00000  93.0%  25.2  320s
 1670475 963257  491.00072  170   32  539.99632   38.00000  93.0%  25.1  325s
 1707139 980366   38.00000  106  109  539.99632   38.00000  93.0%  25.0  332s
 1707181 997372   38.00000  107  120  539.99632   38.00000  93.0%  25.0  336s
 1761838 1012418  329.00000  164   18  539.99632   38.00000  93.0%  25.0  340s
 1788538 1025716  254.83408  162   62  539.99632   38.00000  93.0%  25.0  345s
 1804649 1033804   42.66667  119   92  539.99632   38.00000  93.0%  25.0  350s
 1842422 1059594   62.33333  170   66  539.99632   38.00000  93.0%  25.0  355s
 1862814 1067577   40.50016  158  118  539.99632   38.00000  93.0%  25.1  362s
 1868454 1071007  270.66688  190   43  539.99632   38.00000  93.0%  25.1  365s
 1868494 1089062  270.66667  190   38  539.99632   38.00000  93.0%  25.1  370s
 1914009 1097380  293.66667  150   58  539.99632   38.00000  93.0%  25.1  376s
 1940805 1114745 infeasible  194       539.99632   38.00000  93.0%  25.1  380s
 1957039 1123034   53.41667  152   79  539.99632   38.00000  93.0%  25.1  386s
 1990041 1143927   41.83333  109   77  539.99632   38.00000  93.0%  25.1  390s
 1999282 1166642   42.83333  114   88  539.99632   38.00000  93.0%  25.1  396s
 2031413 1185037 infeasible  134       539.99632   38.00000  93.0%  25.1  402s
 2075384 1192309   43.33335  120   90  539.99632   38.00000  93.0%  25.1  406s
 2103655 1209246   40.16667  130   98  539.99632   38.00000  93.0%  25.1  410s
 2117757 1220326   45.33333  121   82  539.99632   38.00000  93.0%  25.1  415s
 2154914 1236922  260.84757  152   58  539.99632   38.00000  93.0%  25.1  422s
 2184025 1255651   45.91667   92  100  539.99632   38.00000  93.0%  25.1  425s
 2200590 1266248   40.67148   99   89  539.99632   38.00000  93.0%  25.1  430s
 2212094 1269325 infeasible  155       539.99632   38.00000  93.0%  25.1  439s
 2217414 1271963   40.16667  127   73  539.99632   38.00000  93.0%  25.1  442s
 2217455 1290262   43.00027  128   81  539.99632   38.00000  93.0%  25.1  445s
 2265134 1300964  125.66859  151   56  539.99632   38.00000  93.0%  25.1  451s
 2281736 1329694 infeasible  136       539.99632   38.00000  93.0%  25.1  457s
 2329825 1342308 infeasible  131       539.99632   38.00000  93.0%  25.1  460s
 2357445 1358075   38.83344  128  105  539.99632   38.00000  93.0%  25.1  465s
 2395813 1381417   47.83408  132   93  539.99632   38.00000  93.0%  25.1  470s
 2409627 1404973   44.16795  148   70  539.99632   38.00000  93.0%  25.1  476s
 2441921 1423852   38.16667  119   95  539.99632   38.00000  93.0%  25.2  481s
 2496771 1437238 infeasible  156       539.99632   38.00000  93.0%  25.2  485s
 2504355 1459383  253.03159  164   65  539.99632   38.00000  93.0%  25.2  492s
 2542022 1467820   59.50000  129   74  539.99632   38.00000  93.0%  25.2  495s
 2562622 1479157   40.83362  116   88  539.99632   38.00000  93.0%  25.2  500s
 2596783 1501925 infeasible  147       539.99632   38.00000  93.0%  25.2  505s
 2617574 1509167   44.50000  154   75  539.99632   38.00000  93.0%  25.2  513s
 2622794 1512267  376.50109  137   76  539.99632   38.00000  93.0%  25.2  517s
 2639174 1521085   41.50014  135   91  539.99632   38.00000  93.0%  25.2  521s
 2653022 1531696     cutoff  169       539.99632   38.00000  93.0%  25.2  525s
 2692109 1550770   38.66887  127   86  539.99632   38.00000  93.0%  25.2  532s
 2692141 1569400   38.66729  125   81  539.99632   38.00000  93.0%  25.2  535s
 2749727 1588495   59.16667  115   83  539.99632   38.00000  93.0%  25.3  540s
 2787881 1610823 infeasible  145       539.99632   38.00000  93.0%  25.3  545s
 2819624 1625656   38.00000  117  101  539.99632   38.00000  93.0%  25.3  551s
 2851698 1648699   39.16667  142   93  539.99632   38.00000  93.0%  25.3  555s
 2882346 1667192 infeasible  138       539.99632   38.00000  93.0%  25.3  560s
 2904934 1675713   56.34588  153   72  539.99632   38.00000  93.0%  25.3  566s
 2922374 1686033   47.66667  129   66  539.99632   38.00000  93.0%  25.3  572s
 2928169 1690085 infeasible  150       539.99632   38.00000  93.0%  25.3  576s
 2936280 1696962  286.44444  194   49  539.99632   38.00000  93.0%  25.3  580s
 2973053 1719587   55.66667  163   65  539.99632   38.00000  93.0%  25.4  585s
 3005394 1733240   56.66667  143   85  539.99632   38.00000  93.0%  25.4  592s
 3005434 1751627   56.66667  144   84  539.99632   38.00000  93.0%  25.4  597s
 3051884 1759035   45.00003  141   84  539.99632   38.00000  93.0%  25.4  600s

Cutting planes:
  Learned: 163
  Gomory: 4
  Cover: 112
  Implied bound: 87
  Clique: 10
  MIR: 226
  StrongCG: 1
  Flow cover: 645
  GUB cover: 5
  Relax-and-lift: 144

Cleanup yields a better solution

Explored 3051929 nodes (77408253 simplex iterations) in 600.01 seconds
Thread count was 32 (of 64 available processors)

Solution count 10: 539.996 539.999 540 ... 540.167

Time limit reached
Best objective 5.393825725652e+02, best bound 3.800000000000e+01, gap 92.9549%

Gurobi 9.1.2 (linux64) logging started Sun Apr  3 22:56:05 2022

Changed value of parameter LogFile to us-ca_v-Phoenix.log
   Prev:   Default: 
Changed value of parameter MIPFocus to 1
   Prev: 0  Min: 0  Max: 3  Default: 0
Changed value of parameter TimeLimit to 1200.0
   Prev: inf  Min: 0.0  Max: inf  Default: inf
Warning: variables 0 and 200 have the same name "X[Houston,ElPaso]"
Warning: linear constraint 240 and linear constraint 241 have the same name "weight-constr-t5"
Warning: to let Gurobi read it back, use rlp format
Gurobi Optimizer version 9.1.2 build v9.1.2rc0 (linux64)
Thread count: 32 physical cores, 64 logical processors, using up to 32 threads
Optimize a model with 1442 rows, 1200 columns and 4236 nonzeros
Model fingerprint: 0xe6153700
Variable types: 234 continuous, 966 integer (966 binary)
Coefficient statistics:
  Matrix range     [1e+00, 1e+06]
  Objective range  [2e-01, 2e-01]
  Bounds range     [1e+00, 5e+05]
  RHS range        [1e+00, 1e+06]
Presolve removed 72 rows and 84 columns
Presolve time: 0.01s
Presolved: 1370 rows, 1116 columns, 7140 nonzeros
Variable types: 228 continuous, 888 integer (888 binary)

Root relaxation: objective 3.800000e+01, 157 iterations, 0.00 seconds

    Nodes    |    Current Node    |     Objective Bounds      |     Work
 Expl Unexpl |  Obj  Depth IntInf | Incumbent    BestBd   Gap | It/Node Time

     0     0   38.00000    0   56          -   38.00000      -     -    0s
     0     0   38.00000    0   56          -   38.00000      -     -    0s
     0     0   38.00000    0   39          -   38.00000      -     -    0s
     0     0   38.00000    0   38          -   38.00000      -     -    0s
H    0     0                    2949431.0000   38.00000   100%     -    0s
     0     0   38.00000    0   36 2949431.00   38.00000   100%     -    0s
H    0     0                    1112.4166654   38.00000  96.6%     -    0s
H    0     0                    1109.1666666   38.00000  96.6%     -    0s
H    0     0                    1105.3333333   38.00000  96.6%     -    0s
H    0     0                    1097.5000000   38.00000  96.5%     -    0s
     0     2   38.00000    0   35 1097.50000   38.00000  96.5%     -    0s
H    1     4                    1097.4999998   38.00000  96.5%   324    0s
H   32    60                    1096.9999998   38.00000  96.5%  23.2    0s
H   39    60                    1096.6666665   38.00000  96.5%  20.8    0s
H   40    60                    1095.1666665   38.00000  96.5%  20.7    0s
H   44    60                    1094.9999998   38.00000  96.5%  20.4    0s
H   55    60                    1082.1666667   38.00000  96.5%  18.6    0s
H   95   124                    1073.6666667   38.00000  96.5%  13.6    2s
H   97   124                     564.1666667   38.00000  93.3%  13.4    2s
H  127   156                     563.0000000   38.00000  93.3%  11.7    3s
H  129   156                     562.6666667   38.00000  93.2%  11.6    3s
H  131   156                     561.8333333   38.00000  93.2%  11.4    3s
H  145   156                     551.7500000   38.00000  93.1%  11.1    3s
H  159   188                     551.5833333   38.00000  93.1%  10.6    3s
H  160   188                     550.2916667   38.00000  93.1%  10.7    3s
H  172   188                     549.1666667   38.00000  93.1%  10.6    3s
H  191   220                     546.9166667   38.00000  93.1%  10.2    4s
H  192   220                     546.6666667   38.00000  93.0%  10.1    4s
H  212   220                     546.5833333   38.00000  93.0%   9.8    4s
H  224   252                     546.4166667   38.00000  93.0%   9.6    4s
H  226   252                     545.7500000   38.00000  93.0%   9.5    4s
H  251   252                     545.7499990   38.00000  93.0%   9.0    4s
H  253   252                     545.5833333   38.00000  93.0%   9.0    4s
   255   289   39.00000   12   30  545.58333   38.00000  93.0%   9.0    5s
H  260   289                     545.5833333   38.00000  93.0%   8.9    5s
H  264   289                     545.5000000   38.00000  93.0%   9.0    5s
H  271   289                     544.8776360   38.00000  93.0%   8.9    5s
H  300   652                     540.6557562   38.00000  93.0%   8.7    6s
H  670   802                     535.0265832   38.00000  92.9%   7.6    7s
  5091  4718   39.00000   49   23  535.02658   38.00000  92.9%   6.3   10s
 13725 12047   56.76042  190   91  535.02658   38.00000  92.9%   5.6   15s
 13884 12182   38.00000   19  139  535.02658   38.00000  92.9%   7.0   20s
 13916 12202   38.00000   20  137  535.02658   38.00000  92.9%   7.1   25s
 14461 12976   38.00000   37  140  535.02658   38.00000  92.9%   7.7   32s
 15343 15423   38.16667   58  140  535.02658   38.00000  92.9%   8.2   35s
 21987 17494   40.66667   94  144  535.02658   38.00000  92.9%  10.9   40s
 24622 19143   43.83333  100  135  535.02658   38.00000  92.9%  11.9   45s
 32389 28651  121.00004   91  112  535.02658   38.00000  92.9%  14.5   50s
 50363 28029   42.83333   68  151  535.02658   38.00000  92.9%  16.4   58s
 50400 29461   42.83333   69  153  535.02658   38.00000  92.9%  16.4   60s
 55431 35691     cutoff   86       535.02658   38.00000  92.9%  16.8   66s
 65458 42140   47.66706   99  117  535.02658   38.00000  92.9%  17.5   71s
 70618 49736   48.25000  121  106  535.02658   38.00000  92.9%  17.9   75s
 88892 56014   38.00000   42  150  535.02658   38.00000  92.9%  18.8   82s
 89702 61779   49.00000   69  115  535.02658   38.00000  92.9%  18.8   86s
 97985 65510   38.00000   56  165  535.02658   38.00000  92.9%  19.1   90s
 116150 75339   51.28466  102  118  535.02658   38.00000  92.9%  19.8   98s
 116183 80062   53.27795  103  114  535.02658   38.00000  92.9%  19.8  101s
 122871 80734  200.50033   63  127  535.02658   38.00000  92.9%  20.0  107s
 123606 87405  200.88891   64  127  535.02658   38.00000  92.9%  20.0  110s
 147083 97165 infeasible  125       535.02658   38.00000  92.9%  20.6  116s
 152975 101501  493.08338   96   43  535.02658   38.00000  92.9%  20.8  123s
 153012 105967  495.50000   97   38  535.02658   38.00000  92.9%  20.8  125s
 159332 106015   50.52778   53  145  535.02658   38.00000  92.9%  20.8  134s
 159375 109095   46.22727   53  138  535.02658   38.00000  92.9%  20.8  137s
 163640 109969   38.50000   74  152  535.02658   38.00000  92.9%  20.9  141s
 164830 133028   41.50007  103  125  535.02658   38.00000  92.9%  21.0  150s
 196862 133098 infeasible  130       535.02658   38.00000  92.9%  21.5  156s
 196984 157127   38.00000   51  130  535.02658   38.00000  92.9%  21.5  167s
 229016 160714   38.66667   62  133  535.02658   38.00000  92.9%  22.0  170s
 235500 165551  186.16667  124   82  535.02658   38.00000  92.9%  22.0  179s
 241706 175177  428.50015  112   87  535.02658   38.00000  92.9%  22.1  184s
 254070 176108   38.00000   46  137  535.02658   38.00000  92.9%  22.3  188s
 255336 183550   38.50000   59  131  535.02658   38.00000  92.9%  22.3  191s
 265947 183610   38.00000   59  157  535.02658   38.00000  92.9%  22.3  196s
 266035 207000   38.00000   60  155  535.02658   38.00000  92.9%  22.3  204s
 294063 207000  250.16667  129   41  535.02658   38.00000  92.9%  22.5  205s
 302658 218737   54.50000   71  112  535.02658   38.00000  92.9%  22.6  213s
 313862 218767   78.83482  123   87  535.02658   38.00000  92.9%  22.7  219s
 313896 222775   79.16667  123   88  535.02658   38.00000  92.9%  22.7  222s
 319581 228949   38.33333   91  135  535.02658   38.00000  92.9%  22.8  228s
 327037 232283  495.33333  188   34  535.02658   38.00000  92.9%  22.9  232s
 331769 241164  372.83367   63  106  535.02658   38.00000  92.9%  22.9  237s
 343872 241195   39.00000   63  128  535.02658   38.00000  92.9%  22.9  244s
 343904 247558   39.00000   64  129  535.02658   38.00000  92.9%  22.9  247s
 352634 252430 infeasible  131       535.02658   38.00000  92.9%  22.9  250s
 363196 264329   52.83333   89  131  535.02658   38.00000  92.9%  22.9  259s
 375001 266572   38.00000   43  174  535.02658   38.00000  92.9%  23.1  261s
 377967 266836  378.50000   89   67  535.02658   38.00000  92.9%  23.1  268s
 378426 270547  378.50000   90   66  535.02658   38.00000  92.9%  23.1  271s
 394920 283132 infeasible   89       535.02658   38.00000  92.9%  23.2  277s
 400137 290291   38.00000   82  144  535.02658   38.00000  92.9%  23.2  280s
 410913 290314   38.00000   71  145  535.02658   38.00000  92.9%  23.2  288s
 410953 295107   38.00000   72  141  535.02658   38.00000  92.9%  23.2  291s
 417948 295165   41.29147   83  124  535.02658   38.00000  92.9%  23.2  299s
 417985 298793   38.05578   83  114  535.02658   38.00000  92.9%  23.2  302s
 422922 298822     cutoff  120       535.02658   38.00000  92.9%  23.2  306s
 430164 303915  497.00000  122   44  535.02658   38.00000  92.9%  23.2  317s
 430339 326404  389.00028  106   46  535.02658   38.00000  92.9%  23.2  330s
 462371 329605   99.83333  119   92  535.02658   38.00000  92.9%  23.4  335s
 467293 337421   39.83333   76  161  535.02658   38.00000  92.9%  23.4  340s
 480088 343451   44.07011  122  131  535.02658   38.00000  92.9%  23.4  345s
 487924 343478   54.91683  150  103  535.02658   38.00000  92.9%  23.5  350s
 488723 348755   38.00000   79  125  535.02658   38.00000  92.9%  23.5  355s
 499568 362149   46.50000  147  102  535.02658   38.00000  92.9%  23.6  363s
 513852 362178   38.00000   65  168  535.02658   38.00000  92.9%  23.5  365s
 519156 365746   67.83333  152   58  535.02658   38.00000  92.9%  23.5  374s
 519190 366319 infeasible  153       535.02658   38.00000  92.9%  23.5  376s
 519984 370337   38.66667  103  171  535.02658   38.00000  92.9%  23.5  380s
 529476 382760   38.00000   64  133  535.02658   38.00000  92.9%  23.6  389s
 541636 384110  404.91851  109   98  535.02658   38.00000  92.9%  23.8  391s
 553278 390655  101.66832   80  102  535.02658   38.00000  92.9%  23.8  398s
 553325 396297  103.33504   81   96  535.02658   38.00000  92.9%  23.8  400s
 565131 408718   42.66667   65  110  535.02658   38.00000  92.9%  23.9  408s
 579101 408746   64.16672   96  123  535.02658   38.00000  92.9%  23.9  413s
 579137 413671   65.00006   97  120  535.02658   38.00000  92.9%  23.9  417s
 586784 413695     cutoff   99       535.02658   38.00000  92.9%  23.8  420s
 593438 417897  153.33333  112   52  535.02658   38.00000  92.9%  23.9  427s
 593470 441181     cutoff  113       535.02658   38.00000  92.9%  23.9  439s
 625502 445060   42.66667  100  136  535.02658   38.00000  92.9%  24.0  443s
 630863 445575   46.78762  109  122  535.02658   38.00000  92.9%  24.0  446s
 631741 451409   46.83530  108  127  535.02658   38.00000  92.9%  24.0  450s
 649133 460013  423.50301  113   74  535.02658   38.00000  92.9%  24.1  457s
 651964 460367   40.41682   90  140  535.02658   38.00000  92.9%  24.1  461s
 652464 463793   40.50031   91  131  535.02658   38.00000  92.9%  24.1  465s
 667975 471011  452.33333  126   58  535.02658   38.00000  92.9%  24.1  472s
 674386 475459  491.00089  118   16  535.02658   38.00000  92.9%  24.1  477s
 674418 475551     cutoff  119       535.02658   38.00000  92.9%  24.1  482s
 681339 480274  125.33333   84   98  535.02658   38.00000  92.9%  24.1  486s
 681437 484681   47.16667   85  116  535.02658   38.00000  92.9%  24.1  491s
 687951 484706   39.00008   88  152  535.02658   38.00000  92.9%  24.1  496s
 687989 506551   55.83333   89  137  535.02658   38.00000  92.9%  24.1  507s
 720021 509993 infeasible  121       535.02658   38.00000  92.9%  24.2  512s
 724977 516842  204.33339   77  126  535.02658   38.00000  92.9%  24.2  516s
 735770 516868 infeasible   91       535.02658   38.00000  92.9%  24.2  523s
 735808 522296   63.16675   92  110  535.02658   38.00000  92.9%  24.2  527s
 743473 526727   38.00042   92  147  535.02658   38.00000  92.9%  24.3  531s
 754151 536628   38.00000   71  157  535.02658   38.00000  92.9%  24.3  537s
 764100 541708   46.00000   93  111  535.02658   38.00000  92.9%  24.4  542s
 770962 541736   57.66667  124  121  535.02658   38.00000  92.9%  24.4  550s
 776995 546242   43.66667   84  144  535.02658   38.00000  92.9%  24.4  556s
 785707 555224  495.50000   99   87  535.02658   38.00000  92.9%  24.4  563s
 791488 560290   38.00000   73  163  535.02658   38.00000  92.9%  24.4  568s
 798844 562128   45.00000  107  126  535.02658   38.00000  92.9%  24.4  571s
 801403 571049   42.33333   96  120  535.02658   38.00000  92.9%  24.4  575s
 813775 576303  407.22727  115   82  535.02658   38.00000  92.9%  24.4  581s
 820008 576332   41.83333   93  149  535.02658   38.00000  92.9%  24.5  587s
 820043 597846   41.83333   94  148  535.02658   38.00000  92.9%  24.5  599s
 852075 601214  233.66667  143   64  535.02658   38.00000  92.9%  24.5  603s
 856855 608226 infeasible   94       535.02658   38.00000  92.9%  24.5  607s
 867896 608447   38.72245  102  105  535.02658   38.00000  92.9%  24.5  611s
 875587 613475   38.50017   94  131  535.02658   38.00000  92.9%  24.5  617s
 875995 616371   43.33333  107  106  535.02658   38.00000  92.9%  24.5  621s
 880415 616428   43.33333  113  106  535.02658   38.00000  92.9%  24.5  626s
 889066 625471  383.83568  110   78  535.02658   38.00000  92.9%  24.5  634s
 894382 631298 infeasible   82       535.02658   38.00000  92.9%  24.6  637s
 904505 633403   62.02140  107  127  535.02658   38.00000  92.9%  24.6  640s
 918392 641998 infeasible  142       535.02658   38.00000  92.9%  24.6  647s
 921785 654079  527.16689  103   99  535.02658   38.00000  92.9%  24.6  653s
 938929 654438   41.00000   90  121  535.02658   38.00000  92.9%  24.6  655s
 939405 654469   41.00003   91  125  535.02658   38.00000  92.9%  24.6  660s
 946377 659331   41.16667  136  139  535.02658   38.00000  92.9%  24.6  667s
 946484 663439   43.33333  137  126  535.02658   38.00000  92.9%  24.6  670s
 953175 663467   42.00000  108  133  535.02658   38.00000  92.9%  24.6  678s
 953211 685198   42.00000  107  133  535.02658   38.00000  92.9%  24.6  689s
 985243 685224   44.83333  114  115  535.02658   38.00000  92.9%  24.7  695s
 985280 706260   44.86111  115  106  535.02658   38.00000  92.9%  24.7  707s
 1017312 706283 infeasible  136       535.02658   38.00000  92.9%  24.7  713s
 1017353 727030  395.50016  136   96  535.02658   38.00000  92.9%  24.7  724s
 1049385 729874  508.83344   96   93  535.02658   38.00000  92.9%  24.8  729s
 1054121 738470   39.00000   76  164  535.02658   38.00000  92.9%  24.8  733s
 1066620 738496 infeasible  135       535.02658   38.00000  92.9%  24.8  739s
 1066658 742652  471.66845  134   50  535.02658   38.00000  92.9%  24.8  742s
 1072589 746482   40.33361  111  124  535.02658   38.00000  92.9%  24.8  746s
 1079645 754754  148.41465  112  102  535.02658   38.00000  92.9%  24.9  751s
 1089908 754779   40.66669   70  121  535.02658   38.00000  92.9%  24.9  758s
 1089947 758688   41.66700   71  108  535.02658   38.00000  92.9%  24.9  761s
 1096414 763188 infeasible  132       535.02658   38.00000  92.9%  24.9  765s
 1108945 767496  434.91672  118   70  535.02658   38.00000  92.9%  24.9  777s
 1108982 787756  435.25003  119   68  535.02658   38.00000  92.9%  24.9  788s
 1141014 791368  412.00000  119   62  535.02658   38.00000  92.9%  25.0  794s
 1146968 798015 infeasible  103       535.02658   38.00000  92.9%  25.0  797s
 1157466 798220  418.50000  118   66  535.02658   38.00000  92.9%  25.0  800s
 1166299 803664  149.83556  125   82  535.02658   38.00000  92.9%  24.9  810s
 1172558 810643   38.00000  107  142  535.02658   38.00000  92.9%  25.0  817s
 1177093 817869  224.66667  150   94  535.02658   38.00000  92.9%  25.0  821s
 1189713 824810  243.66667  115   93  535.02658   38.00000  92.9%  25.0  827s
 1199221 824830   78.16667  117  116  535.02658   38.00000  92.9%  25.0  839s
 1199265 828515   78.16667  118  114  535.02658   38.00000  92.9%  25.0  841s
 1206022 831596     cutoff  145       535.02658   38.00000  92.9%  25.0  846s
 1211076 838640   41.00106  136  108  535.02658   38.00000  92.9%  25.0  850s
 1223922 846004  386.33347  148   81  535.02658   38.00000  92.9%  25.0  855s
 1234234 849778   79.11111  134   72  535.02658   38.00000  92.9%  25.0  860s
 1239817 849807   41.00008  114  118  535.02658   38.00000  92.9%  25.1  867s
 1239852 870416   41.41742  115  117  535.02658   38.00000  92.9%  25.1  880s
 1271884 873193   55.50000  114  133  535.02658   38.00000  92.9%  25.1  885s
 1288304 881156   42.75014  147  123  535.02658   38.00000  92.9%  25.1  891s
 1293992 885111   61.50000  111  121  535.02658   38.00000  92.9%  25.2  898s
 1294026 890558   62.00000  110  120  535.02658   38.00000  92.9%  25.2  901s
 1307513 901338 infeasible  186       535.02658   38.00000  92.9%  25.2  907s
 1317845 901437   38.00000   79  152  535.02658   38.00000  92.9%  25.2  910s
 1317998 902077   38.00000   80  152  535.02658   38.00000  92.9%  25.2  915s
 1322608 911917   47.66667  112  107  535.02658   38.00000  92.9%  25.2  923s
 1333186 914164   51.16801  108  101  535.02658   38.00000  92.9%  25.3  927s
 1337306 923543   63.50052  122   86  535.02658   38.00000  92.9%  25.3  932s
 1352233 923573   47.67105  110  123  535.02658   38.00000  92.9%  25.3  938s
 1352267 927387  214.17056  110  106  535.02658   38.00000  92.9%  25.3  940s
 1358534 932598   39.16667   88  152  535.02658   38.00000  92.9%  25.3  945s
 1370875 943232   38.16667  112  138  535.02658   38.00000  92.9%  25.3  952s
 1381677 943257   83.52262  109  107  535.02658   38.00000  92.9%  25.3  959s
 1381716 948255 infeasible  110       535.02658   38.00000  92.9%  25.3  962s
 1390492 951311   95.66667  128   87  535.02658   38.00000  92.9%  25.3  966s
 1394905 957430   38.50163  116  143  535.02658   38.00000  92.9%  25.3  971s
 1404552 961308   58.16834  152   68  535.02658   38.00000  92.9%  25.3  975s
 1411316 961331  236.16745  184   45  535.02658   38.00000  92.9%  25.3  982s
 1417844 965855   42.72222   77  116  535.02658   38.00000  92.9%  25.4  987s
 1423135 969606  382.86500  142  112  535.02658   38.00000  92.9%  25.4  991s
 1423175 970271  383.33864  143  111  535.02658   38.00000  92.9%  25.4  996s
 1424162 973057   39.66689   80  138  535.02658   38.00000  92.9%  25.4 1000s
 1441000 980012  395.16667  134   91  535.02658   38.00000  92.9%  25.4 1007s
 1441047 984353  395.50067  135  101  535.02658   38.00000  92.9%  25.4 1010s
 1448152 984382   42.83333   74  119  535.02658   38.00000  92.9%  25.4 1022s
 1448187 987961     cutoff   75       535.02658   38.00000  92.9%  25.4 1025s
 1453692 987978 infeasible  132       535.02658   38.00000  92.9%  25.4 1031s
 1453738 1007720   38.00000  107  154  535.02658   38.00000  92.9%  25.4 1042s
 1485770 1010687   45.33334   53  123  535.02658   38.00000  92.9%  25.4 1045s
 1501893 1017968   39.50061   91  145  535.02658   38.00000  92.9%  25.4 1056s
 1508339 1022470   38.00000  108  124  535.02658   38.00000  92.9%  25.5 1061s
 1508446 1026695   38.00000  109  123  535.02658   38.00000  92.9%  25.5 1065s
 1521432 1036575 infeasible  139       535.02658   38.00000  92.9%  25.5 1072s
 1533219 1036601   60.97619  119  115  535.02658   38.00000  92.9%  25.5 1078s
 1533257 1040747   61.26459  120  106  535.02658   38.00000  92.9%  25.5 1080s
 1540713 1044590   99.00000  117  100  535.02658   38.00000  92.9%  25.5 1085s
 1547069 1044618   79.66667  104  104  535.02658   38.00000  92.9%  25.5 1090s
 1547105 1064432     cutoff  104       535.02658   38.00000  92.9%  25.5 1100s
 1583844 1075815  339.42607  174   77  535.02658   38.00000  92.9%  25.5 1108s
 1597387 1075838   38.00000   81  142  535.02658   38.00000  92.9%  25.5 1115s
 1603621 1080029   44.66695  120  115  535.02658   38.00000  92.9%  25.5 1120s
 1609694 1084362 infeasible   91       535.02658   38.00000  92.9%  25.5 1129s
 1609751 1104076   65.00000   92   86  535.02658   38.00000  92.9%  25.5 1139s
 1641783 1106654   47.16702  109  111  535.02658   38.00000  92.9%  25.6 1143s
 1646035 1115593   63.33333  116   98  535.02658   38.00000  92.9%  25.6 1148s
 1660853 1115623   38.66667   91  131  535.02658   38.00000  92.9%  25.6 1154s
 1660887 1119281  118.25017   92  105  535.02658   38.00000  92.9%  25.6 1157s
 1666247 1123164 infeasible  158       535.02658   38.00000  92.9%  25.6 1162s
 1672746 1123191   38.33333   89  140  535.02658   38.00000  92.9%  25.6 1168s
 1672783 1143199   38.33333   90  138  535.02658   38.00000  92.9%  25.6 1178s
 1704815 1146244  407.00082  102   95  535.02658   38.00000  92.9%  25.7 1182s
 1710598 1151671   39.16700   90  128  535.02658   38.00000  92.9%  25.7 1185s
 1720418 1156596   43.16672  109  137  535.02658   38.00000  92.9%  25.7 1190s
 1727453 1156625   42.18286  117  163  535.02658   38.00000  92.9%  25.7 1198s
 1727488 1159955   42.35028  118  159  535.02658   38.00000  92.9%  25.7 1200s

Cutting planes:
  Learned: 204
  Gomory: 9
  Cover: 130
  Implied bound: 74
  Clique: 11
  MIR: 228
  StrongCG: 1
  Flow cover: 759
  GUB cover: 5
  RLT: 1
  Relax-and-lift: 165

Cleanup yields a better solution

Explored 1732996 nodes (44537328 simplex iterations) in 1200.08 seconds
Thread count was 32 (of 64 available processors)

Solution count 10: 535.027 545.5 545.583 ... 546.917

Time limit reached
Best objective 5.343236736417e+02, best bound 3.800000000000e+01, gap 92.8882%
