
Gurobi 9.1.2 (linux64) logging started Sun Apr  3 20:00:11 2022

Changed value of parameter LogFile to us-ca_v-Atlanta.log
   Prev:   Default: 
Changed value of parameter MIPFocus to 1
   Prev: 0  Min: 0  Max: 3  Default: 0
Changed value of parameter TimeLimit to 600.0
   Prev: inf  Min: 0.0  Max: inf  Default: inf
Warning: variables 0 and 200 have the same name "X[ElPaso,Dallas]"
Warning: linear constraint 240 and linear constraint 241 have the same name "weight-constr-t5"
Warning: to let Gurobi read it back, use rlp format
Gurobi Optimizer version 9.1.2 build v9.1.2rc0 (linux64)
Thread count: 32 physical cores, 64 logical processors, using up to 32 threads
Optimize a model with 1430 rows, 1200 columns and 4206 nonzeros
Model fingerprint: 0x4402d3dc
Variable types: 234 continuous, 966 integer (966 binary)
Coefficient statistics:
  Matrix range     [1e+00, 1e+06]
  Objective range  [2e-01, 2e-01]
  Bounds range     [1e+00, 5e+05]
  RHS range        [1e+00, 1e+06]
Presolve removed 108 rows and 126 columns
Presolve time: 0.01s
Presolved: 1322 rows, 1074 columns, 6690 nonzeros
Variable types: 228 continuous, 846 integer (846 binary)

Root relaxation: objective 3.800000e+01, 176 iterations, 0.00 seconds

    Nodes    |    Current Node    |     Objective Bounds      |     Work
 Expl Unexpl |  Obj  Depth IntInf | Incumbent    BestBd   Gap | It/Node Time

     0     0   38.00000    0   67          -   38.00000      -     -    0s
     0     0   38.00000    0   67          -   38.00000      -     -    0s
     0     0   38.00000    0   67          -   38.00000      -     -    0s
     0     0   38.00000    0   64          -   38.00000      -     -    0s
     0     0   38.00000    0   64          -   38.00000      -     -    0s
     0     0   38.00000    0   64          -   38.00000      -     -    0s
H    0     0                    2621682.5000   38.00000   100%     -    0s
     0     0   38.00000    0   64 2621682.50   38.00000   100%     -    0s
H    0     0                     540.9166656   38.00000  93.0%     -    0s
H    0     0                     497.8333333   38.00000  92.4%     -    0s
H    0     0                     202.8333333   38.00000  81.3%     -    0s
     0     2   38.00000    0   63  202.83333   38.00000  81.3%     -    0s
H    3     8                     202.8333333   38.00000  81.3%  88.7    0s
H   33    62                     202.5000000   38.00000  81.2%  16.8    0s
H   37    62                     202.3333333   38.00000  81.2%  17.2    0s
H   43    62                     201.6666666   38.00000  81.2%  16.0    0s
H   95   126                     201.5000000   38.00000  81.1%  13.1    1s
H   96   126                     201.1666666   38.00000  81.1%  13.0    1s
H  112   126                     201.0000000   38.00000  81.1%  12.7    1s
H  578   594                     197.1666667   38.00000  80.7%   8.6    3s
H  657  1403                     196.8333333   38.00000  80.7%   8.3    3s
H  731  1403                     196.1666666   38.00000  80.6%   8.3    3s
H  996  1403                     196.0000000   38.00000  80.6%   8.1    3s
H 2252  3262                     195.9999839   38.00000  80.6%   7.4    4s
H 3530  3740                     195.9999707   38.00000  80.6%   7.2    4s
  5139  7736   57.50000  105   34  195.99997   38.00000  80.6%   6.9    5s
 10730 11413   38.00000   20  173  195.99997   38.00000  80.6%  13.8   10s
 17575 13450  162.66667   71   86  195.99997   38.00000  80.6%  21.1   15s
 32047 19891   38.33509   44  244  195.99997   38.00000  80.6%  30.1   22s
 33208 29642   47.00651   71  123  195.99997   38.00000  80.6%  30.9   25s
 63243 49991   45.16667   45  187  195.99997   38.00000  80.6%  39.1   30s
 86742 60417     cutoff   90       195.99997   38.00000  80.6%  39.7   37s
 92665 70210   39.94444  112  143  195.99997   38.00000  80.6%  39.7   40s
 126372 88620  180.83418  114   72  195.99997   38.00000  80.6%  40.9   47s
 126550 111497  181.50000  115   67  195.99997   38.00000  80.6%  40.9   52s
 158582 111522  187.33333  116   82  195.99997   38.00000  80.6%  40.9   59s
 158621 132743  187.33333  117   79  195.99997   38.00000  80.6%  40.9   64s
 190653 139791   95.50078  110   97  195.99997   38.00000  80.6%  40.7   66s
 222514 158213   67.88889  106   85  195.99997   38.00000  80.6%  39.8   70s
 253079 179618   68.00000  142   70  195.99997   38.00000  80.6%  40.6   75s
 272822 187022   38.71743   69  181  195.99997   38.00000  80.6%  40.1   84s
 272857 187642   38.71743   70  178  195.99997   38.00000  80.6%  40.1   85s
 302096 206837  187.00000  123   52  195.99997   38.00000  80.6%  38.9   90s
H314723 211426                     192.5000000   38.00000  80.3%  38.4   91s
H315230 214423                     192.1666667   38.00000  80.2%  38.3   92s
H315524 214270                     191.6666667   38.00000  80.2%  38.3   92s
H315684 214217                     191.5000000   38.00000  80.2%  38.3   92s
H320490 217917                     191.3333333   38.00000  80.1%  38.2   93s
 327304 221245   57.66667   63  157  191.33333   38.00000  80.1%  38.0   95s
H332900 222244                     191.3333330   38.00000  80.1%  38.0   97s
H335061 225754                     191.3333329   38.00000  80.1%  38.0   98s
H335833 225754                     191.3333328   38.00000  80.1%  38.0   98s
H342702 229664                     191.3333312   38.00000  80.1%  38.0   99s
 347014 233948   64.19016  104  140  191.33333   38.00000  80.1%  37.9  100s
H347100 233948                     191.3333311   38.00000  80.1%  37.9  100s
H347200 233948                     191.3333311   38.00000  80.1%  37.9  100s
H347202 233948                     191.3333310   38.00000  80.1%  37.9  100s
H349271 233948                     191.3333310   38.00000  80.1%  37.9  100s
H350610 233948                     191.3333310   38.00000  80.1%  37.9  100s
H353137 238733                     191.3333309   38.00000  80.1%  38.0  101s
H355272 238733                     191.3333309   38.00000  80.1%  38.0  101s
H359138 238733                     191.3333294   38.00000  80.1%  38.0  101s
H360000 242175                     191.3333293   38.00000  80.1%  38.0  102s
H360521 242175                     191.3333293   38.00000  80.1%  38.0  102s
 368647 247021   45.25403  105  110  191.33333   38.00000  80.1%  38.1  105s
H374544 249668                     191.3333283   38.00000  80.1%  38.1  106s
H377489 253516                     191.3333283   38.00000  80.1%  38.2  107s
H378830 253516                     191.3333275   38.00000  80.1%  38.3  107s
H382298 253516                     191.3333274   38.00000  80.1%  38.4  107s
H382344 257628                     191.3333273   38.00000  80.1%  38.4  108s
H382400 257628                     191.3333273   38.00000  80.1%  38.4  108s
H386072 257628                     191.3333273   38.00000  80.1%  38.4  108s
 394732 261748   39.16667   85  155  191.33333   38.00000  80.1%  38.5  112s
 395022 263482   39.68750   86  176  191.33333   38.00000  80.1%  38.5  115s
 414747 275894 infeasible  118       191.33333   38.00000  80.1%  38.6  120s
 437961 293194   38.00000   67  199  191.33333   38.00000  80.1%  39.0  125s
 464140 311090 infeasible   99       191.33333   38.00000  80.1%  39.4  130s
 478367 317502 infeasible  167       191.33333   38.00000  80.1%  39.7  135s
 478588 338678  120.50000  166   64  191.33333   38.00000  80.1%  39.7  140s
 526727 352599  114.00758  154   47  191.33333   38.00000  80.1%  40.2  145s
 555119 369919   38.00000   80  155  191.33333   38.00000  80.1%  40.1  150s
 576072 382127   46.33455  132  127  191.33333   38.00000  80.1%  40.3  156s
 576959 403347   38.00000   79  168  191.33333   38.00000  80.1%  40.4  161s
 615668 410026   38.50000  112   94  191.33333   38.00000  80.1%  40.7  165s
 641795 422652 infeasible  140       191.33333   38.00000  80.1%  40.7  170s
 661445 432410   40.50000  130   99  191.33333   38.00000  80.1%  40.9  175s
 688684 446556   80.00125  107  114  191.33333   38.00000  80.1%  41.0  180s
 715562 461002   45.33892  107   95  191.33333   38.00000  80.1%  41.2  187s
 723855 468745   45.00177   84  124  191.33333   38.00000  80.1%  41.1  190s
 742927 478543  149.50000  120   52  191.33333   38.00000  80.1%  41.3  196s
 760303 492751   40.00000   67  170  191.33333   38.00000  80.1%  41.4  200s
 787112 508246   38.58333   76  161  191.33333   38.00000  80.1%  41.5  206s
 804917 519173   38.83354   85  175  191.33333   38.00000  80.1%  41.6  211s
 825641 533703   47.00000  104  132  191.33333   38.00000  80.1%  41.7  215s
 837911 540980     cutoff  154       191.33333   38.00000  80.1%  41.7  220s
 843911 544574   39.66667  105  153  191.33333   38.00000  80.1%  41.7  225s
 863634 559315   57.45850  151   88  191.33333   38.00000  80.1%  41.9  230s
 890469 575222   38.16667   82  161  191.33333   38.00000  80.1%  41.9  235s
 916337 588336  172.08393  118  110  191.33333   38.00000  80.1%  42.0  240s
 923521 611042   38.17187  112  104  191.33333   38.00000  80.1%  42.0  247s
 957387 614818   41.00590   88  168  191.33333   38.00000  80.1%  42.2  255s
 961827 617675   50.16667  112  111  191.33333   38.00000  80.1%  42.3  261s
 966262 620451   56.16667   98  145  191.33333   38.00000  80.1%  42.3  268s
 966780 626539 infeasible  111       191.33333   38.00000  80.1%  42.3  270s
 992556 639866   38.00000   86  159  191.33333   38.00000  80.1%  42.3  275s
 1010174 652543   78.00000  156  103  191.33333   38.00000  80.1%  42.5  280s
 1017362 662948   38.00000   81  187  191.33333   38.00000  80.1%  42.5  289s
 1032333 671915   41.33333   87  149  191.33333   38.00000  80.1%  42.6  291s
 1056064 682708   38.50000   83  172  191.33333   38.00000  80.1%  42.7  295s
 1082216 700321  117.50000  105  125  191.33333   38.00000  80.1%  42.9  300s
 1098547 705514   39.83706  145  129  191.33333   38.00000  80.1%  42.9  306s
 1103562 708501   38.94897   78  161  191.33333   38.00000  80.1%  42.9  310s
 1118933 721109   38.00000   69  197  191.33333   38.00000  80.1%  42.9  315s
 1144087 732930  138.16667  137   66  191.33333   38.00000  80.1%  43.1  321s
 1161677 745118   38.33333   98  146  191.33333   38.00000  80.1%  43.1  326s
 1178673 757004  125.16667  137   73  191.33333   38.00000  80.1%  43.2  330s
 1204775 771240 infeasible  130       191.33333   38.00000  80.1%  43.3  335s
 1223151 783282   99.84224  122  112  191.33333   38.00000  80.1%  43.4  340s
 1228488 802304   81.50122  121  117  191.33333   38.00000  80.1%  43.4  348s
H1256628 802304                     191.3333272   38.00000  80.1%  43.4  348s
 1267677 806527   94.50000  123   91  191.33333   38.00000  80.1%  43.4  350s
 1289740 822093 infeasible  157       191.33333   38.00000  80.1%  43.2  355s
 1320113 839297   39.33333  113  155  191.33333   38.00000  80.1%  43.2  360s
 1347344 853703  133.16667  135   80  191.33333   38.00000  80.1%  43.2  365s
 1364347 859766   77.00000  128   99  191.33333   38.00000  80.1%  43.1  370s
 1376791 870486  130.33394  114  114  191.33333   38.00000  80.1%  43.2  376s
 1389752 874569   38.50000  105  160  191.33333   38.00000  80.1%  43.2  382s
 1392073 878618   46.50000  143   94  191.33333   38.00000  80.1%  43.2  385s
 1418626 894206   38.00000   77  165  191.33333   38.00000  80.1%  43.2  390s
 1444067 906215   41.05157   97  165  191.33333   38.00000  80.1%  43.3  397s
 1444107 924640   42.33628   98  150  191.33333   38.00000  80.1%  43.3  409s
 1476139 927766  125.89399  140   99  191.33333   38.00000  80.1%  43.3  410s
 1497646 940362   87.00000  113  105  191.33333   38.00000  80.1%  43.3  415s
 1519235 952660   38.00000  109  185  191.33333   38.00000  80.1%  43.4  420s
 1535326 961854   77.86160  130  100  191.33333   38.00000  80.1%  43.4  425s
 1558725 975163 infeasible   92       191.33333   38.00000  80.1%  43.4  430s
 1571987 983508   49.39863  133  108  191.33333   38.00000  80.1%  43.4  435s
 1602156 1001873  162.18070  122   86  191.33333   38.00000  80.1%  43.4  441s
 1627309 1014882     cutoff   82       191.33333   38.00000  80.1%  43.4  445s
 1647239 1028406     cutoff  141       191.33333   38.00000  80.1%  43.5  450s
H1669744 1040704                     191.3333267   38.00000  80.1%  43.5  454s
H1673547 1040731                     191.3333267   38.00000  80.1%  43.5  457s
H1673568 1040731                     191.3333266   38.00000  80.1%  43.5  457s
H1673579 1040731                     191.3333265   38.00000  80.1%  43.5  457s
H1674019 1043103                     191.3333265   38.00000  80.1%  43.5  458s
 1681748 1049233     cutoff   93       191.33333   38.00000  80.1%  43.5  460s
H1684093 1049233                     191.3333259   38.00000  80.1%  43.5  460s
H1687858 1051735                     191.3333259   38.00000  80.1%  43.5  461s
H1694388 1055286                     191.3333259   38.00000  80.1%  43.5  463s
H1698736 1056324                     191.3333259   38.00000  80.1%  43.5  464s
 1698790 1061271   96.33342  148   94  191.33333   38.00000  80.1%  43.5  466s
H1704811 1061271                     191.3333258   38.00000  80.1%  43.5  466s
 1705968 1064943   38.02960   96  174  191.33333   38.00000  80.1%  43.5  470s
H1707531 1064943                     191.3333258   38.00000  80.1%  43.5  470s
 1718441 1072296   49.00009   95  117  191.33333   38.00000  80.1%  43.5  475s
 1726829 1082967   39.33333   80  188  191.33333   38.00000  80.1%  43.5  480s
 1753287 1090971   39.50853   91  164  191.33333   38.00000  80.1%  43.6  486s
 1753950 1110131   41.16667  102  110  191.33333   38.00000  80.1%  43.6  491s
 1785982 1110152  142.00000  164   60  191.33333   38.00000  80.1%  43.6  497s
 1786025 1129486  150.83333  165   54  191.33333   38.00000  80.1%  43.6  502s
 1818057 1129515   52.74007  145  142  191.33333   38.00000  80.1%  43.6  507s
 1818092 1148172 infeasible  145       191.33333   38.00000  80.1%  43.6  518s
H1841140 1148172                     191.3333252   38.00000  80.1%  43.6  518s
H1841723 1148172                     191.3333076   38.00000  80.1%  43.6  518s
H1850124 1151644                     191.3333071   38.00000  80.1%  43.6  520s
H1870988 1162413                     191.3332891   38.00000  80.1%  43.7  523s
H1872200 1166020                     191.3332891   38.00000  80.1%  43.7  524s
 1877688 1168405  147.16667  143   58  191.33329   38.00000  80.1%  43.7  525s
H1877806 1168405                     191.3332890   38.00000  80.1%  43.7  525s
H1879594 1168405                     191.3332371   38.00000  80.1%  43.7  525s
 1893325 1177244   85.00017  100  114  191.33324   38.00000  80.1%  43.7  530s
H1901243 1180259                     191.3332371   38.00000  80.1%  43.7  531s
 1920077 1191983   47.33983  114  120  191.33324   38.00000  80.1%  43.7  536s
 1930932 1198030   38.00000   95  159  191.33324   38.00000  80.1%  43.7  546s
 1943909 1209769   59.33403  118   90  191.33324   38.00000  80.1%  43.7  550s
 1961092 1216421  136.45809   94  138  191.33324   38.00000  80.1%  43.7  557s
 1965257 1219274  172.83526  148   88  191.33324   38.00000  80.1%  43.7  561s
 1972837 1226947   40.76123  101  181  191.33324   38.00000  80.1%  43.7  566s
 1993406 1239907  123.01938  118   95  191.33324   38.00000  80.1%  43.7  570s
 2015005 1253361   46.83333  138  108  191.33324   38.00000  80.1%  43.7  575s
 2034644 1266632  152.88195  101  113  191.33324   38.00000  80.1%  43.8  580s
 2049817 1271969   38.00000   95  165  191.33324   38.00000  80.1%  43.8  587s
 2055513 1278767   45.50000  137  167  191.33324   38.00000  80.1%  43.8  590s
 2083216 1295010  178.00000  132   75  191.33324   38.00000  80.1%  43.8  595s
 2098002 1301930   38.87500  123  121  191.33324   38.00000  80.1%  43.8  600s

Cutting planes:
  Learned: 195
  Gomory: 14
  Cover: 124
  Implied bound: 140
  Clique: 14
  MIR: 395
  StrongCG: 3
  Flow cover: 1060
  GUB cover: 3
  Zero half: 1
  RLT: 9
  Relax-and-lift: 343

Cleanup yields a better solution

Explored 2098050 nodes (91867554 simplex iterations) in 600.01 seconds
Thread count was 32 (of 64 available processors)

Solution count 10: 191.333 191.333 191.333 ... 191.333

Time limit reached
Best objective 1.912953576522e+02, best bound 3.800000000000e+01, gap 80.1354%

Gurobi 9.1.2 (linux64) logging started Mon Apr  4 04:57:51 2022

Changed value of parameter LogFile to us-ca_v-Atlanta.log
   Prev:   Default: 
Changed value of parameter MIPFocus to 1
   Prev: 0  Min: 0  Max: 3  Default: 0
Changed value of parameter TimeLimit to 1200.0
   Prev: inf  Min: 0.0  Max: inf  Default: inf
Warning: variables 0 and 200 have the same name "X[Houston,ElPaso]"
Warning: linear constraint 240 and linear constraint 241 have the same name "weight-constr-t5"
Warning: to let Gurobi read it back, use rlp format
Gurobi Optimizer version 9.1.2 build v9.1.2rc0 (linux64)
Thread count: 32 physical cores, 64 logical processors, using up to 32 threads
Optimize a model with 1430 rows, 1200 columns and 4206 nonzeros
Model fingerprint: 0x75f89ee3
Variable types: 234 continuous, 966 integer (966 binary)
Coefficient statistics:
  Matrix range     [1e+00, 1e+06]
  Objective range  [2e-01, 2e-01]
  Bounds range     [1e+00, 5e+05]
  RHS range        [1e+00, 1e+06]
Presolve removed 108 rows and 126 columns
Presolve time: 0.02s
Presolved: 1322 rows, 1074 columns, 6690 nonzeros
Variable types: 228 continuous, 846 integer (846 binary)

Root relaxation: objective 3.800000e+01, 172 iterations, 0.00 seconds

    Nodes    |    Current Node    |     Objective Bounds      |     Work
 Expl Unexpl |  Obj  Depth IntInf | Incumbent    BestBd   Gap | It/Node Time

     0     0   38.00000    0   56          -   38.00000      -     -    0s
     0     0   38.00000    0   64          -   38.00000      -     -    0s
     0     0   38.00000    0   64          -   38.00000      -     -    0s
     0     0   38.00000    0   54          -   38.00000      -     -    0s
     0     0   38.00000    0   54          -   38.00000      -     -    0s
     0     0   38.00000    0   52          -   38.00000      -     -    0s
     0     0   38.00000    0   52          -   38.00000      -     -    0s
     0     0   38.00000    0   31          -   38.00000      -     -    0s
H    0     0                    2784969.6667   38.00000   100%     -    0s
     0     0   38.00000    0   31 2784969.67   38.00000   100%     -    0s
H    0     0                     635.4999993   38.00000  94.0%     -    0s
H    0     0                     631.8333333   38.00000  94.0%     -    0s
H    0     0                     371.0000000   38.00000  89.8%     -    1s
H    0     0                     370.8333333   38.00000  89.8%     -    1s
     0     2   38.00000    0   27  370.83333   38.00000  89.8%     -    1s
H    1     4                     370.8333333   38.00000  89.8%   389    1s
H    7    16                     370.3333333   38.00000  89.7%  63.9    1s
H   31    64                     370.0000000   38.00000  89.7%  21.1    1s
H   37    64                     369.3333333   38.00000  89.7%  19.1    1s
H   42    64                     368.0000000   38.00000  89.7%  17.1    1s
H   95   128                     366.1666667   38.00000  89.6%  12.0    2s
H   95   128                     252.0000000   38.00000  84.9%  12.0    2s
H  127   160                     225.0000000   38.00000  83.1%  11.1    3s
H  130   160                     220.8333333   38.00000  82.8%  11.1    3s
H  137   160                     216.8333333   38.00000  82.5%  10.9    3s
   159   192   39.00000    9   23  216.83333   38.00000  82.5%  10.8    5s
H  160   192                     216.3333333   38.00000  82.4%  10.8    5s
H  163   192                     216.0000000   38.00000  82.4%  10.8    5s
H  262   288                     215.9999999   38.00000  82.4%   9.7    6s
H  429   439                     215.9999990   38.00000  82.4%   8.9    7s
H 1494  1908                     215.9999990   38.00000  82.4%   8.0    8s
H 3154  2920                     215.9999989   38.00000  82.4%   7.1    9s
  3225  3029   39.00000   14   32  216.00000   38.00000  82.4%   7.0   10s
* 3305  3029             127     201.0000006   38.00000  81.1%   7.0   10s
 11963 10150   51.00000  149   74  201.00000   38.00000  81.1%   6.0   15s
 13951 12812     cutoff   76       201.00000   38.00000  81.1%  11.1   20s
H14178 12225                     200.0000000   38.00000  81.0%  11.6   20s
H15838 11220                     199.3333333   38.00000  80.9%  13.8   22s
H15839 10758                     198.0000000   38.00000  80.8%  13.8   22s
H15841 10322                     197.3333333   38.00000  80.7%  13.8   22s
H15864  9900                     197.0000000   38.00000  80.7%  13.9   22s
H15886  9829                     196.8333333   38.00000  80.7%  14.0   22s
H15924  9439                     196.6666667   38.00000  80.7%  14.1   22s
H15946  9078                     196.5000000   38.00000  80.7%  14.1   22s
H16020  8714                     196.3333333   38.00000  80.6%  14.3   22s
H16889  9330                     196.3332768   38.00000  80.6%  15.7   23s
H18194 11833                     196.3330134   38.00000  80.6%  17.2   24s
 21924 11271 infeasible  140       196.33301   38.00000  80.6%  19.4   25s
 28593 12966   40.00000   64  168  196.33301   38.00000  80.6%  24.6   32s
 31221 19715   40.16667  108  115  196.33301   38.00000  80.6%  27.1   36s
 46460 25873   38.00000   56  165  196.33301   38.00000  80.6%  32.0   40s
 54115 33733  131.17700   98  130  196.33301   38.00000  80.6%  35.5   46s
 68950 42925     cutoff  125       196.33301   38.00000  80.6%  38.0   51s
H68951 42925                     196.3305779   38.00000  80.6%  38.0   51s
 70288 44978  121.08640   78  128  196.33058   38.00000  80.6%  38.1   55s
 73789 48271   38.00000   54  156  196.33058   38.00000  80.6%  38.3   60s
 84158 51503   51.50017   85  124  196.33058   38.00000  80.6%  39.4   68s
 84195 55143   51.66667   86  127  196.33058   38.00000  80.6%  39.4   70s
H87715 55132                     195.3333333   38.00000  80.5%  39.7   70s
H89593 55136                     194.6666667   38.00000  80.5%  39.8   79s
H89595 55121                     194.1666667   38.00000  80.4%  39.8   79s
H89596 55092                     193.6666667   38.00000  80.4%  39.8   79s
H89625 55065                     193.0000000   38.00000  80.3%  39.9   79s
 89633 77277   38.33333   83  121  193.00000   38.00000  80.3%  39.9   96s
H89658 77263                     192.6666667   38.00000  80.3%  39.9   96s
H89700 77262                     192.5000000   38.00000  80.3%  39.9   96s
H96306 77222                     191.3313380   38.00000  80.1%  40.4   96s
H99109 77198                     190.1666667   38.00000  80.0%  40.7   96s
H121665 84096                     189.6666667   38.00000  80.0%  42.4   99s
H122089 84083                     189.3333333   38.00000  79.9%  42.4   99s
 133403 84208  178.83333  165   28  189.33333   38.00000  79.9%  42.2  103s
 133628 86279  178.83333  166   26  189.33333   38.00000  79.9%  42.2  106s
 149194 95188   38.16698   93  134  189.33333   38.00000  79.9%  42.1  111s
 164263 102565   38.00000   85  187  189.33333   38.00000  79.9%  42.3  122s
 170757 110469 infeasible  155       189.33333   38.00000  79.9%  42.7  126s
 179108 115411  129.50000  127  110  189.33333   38.00000  79.9%  43.4  132s
 182539 121910   38.00000   97  171  189.33333   38.00000  79.9%  43.5  136s
H192580 123184                     189.3333329   38.00000  79.9%  43.6  139s
 193658 123718  122.00055  141  113  189.33333   38.00000  79.9%  43.7  143s
H193730 123718                     189.3333328   38.00000  79.9%  43.7  143s
 194436 128384 infeasible   84       189.33333   38.00000  79.9%  43.6  145s
H197356 128384                     189.3333180   38.00000  79.9%  43.8  145s
H201700 132601                     189.3333180   38.00000  79.9%  43.9  147s
H203607 132601                     189.3330735   38.00000  79.9%  43.9  147s
 213435 143170   52.61999  100  134  189.33307   38.00000  79.9%  44.1  150s
 229904 150656  155.33333  141   52  189.33307   38.00000  79.9%  44.4  157s
 234757 153622   64.00000  121   95  189.33307   38.00000  79.9%  44.7  160s
 251989 164441  120.18333   87  126  189.33307   38.00000  79.9%  45.3  166s
 261678 168630   38.83333  101  158  189.33307   38.00000  79.9%  45.6  171s
 266679 175137  154.50000   93  112  189.33307   38.00000  79.9%  45.9  175s
 275804 183644   40.16667   80  154  189.33307   38.00000  79.9%  46.1  180s
 288759 189350 infeasible  114       189.33307   38.00000  79.9%  46.3  185s
 300838 197343  179.04032  173   33  189.33307   38.00000  79.9%  46.5  192s
 303994 201031   38.00034   68  177  189.33307   38.00000  79.9%  46.7  195s
 321582 212233   40.83333  138  140  189.33307   38.00000  79.9%  46.8  201s
 337130 222892   43.16667  152  115  189.33307   38.00000  79.9%  47.1  205s
 354530 232596   41.16667   89  159  189.33307   38.00000  79.9%  47.0  210s
 365874 239649   40.00000   81  172  189.33307   38.00000  79.9%  47.1  216s
 376240 248714   38.00000   88  165  189.33307   38.00000  79.9%  47.4  220s
 392465 258626   39.66667  100  144  189.33307   38.00000  79.9%  47.4  225s
 402249 264205 infeasible  111       189.33307   38.00000  79.9%  47.4  231s
 416463 269873   55.83333  123  137  189.33307   38.00000  79.9%  47.4  237s
 420856 275255   38.00000   78  182  189.33307   38.00000  79.9%  47.4  240s
 432684 282367   53.50000  110  118  189.33307   38.00000  79.9%  47.5  246s
 442929 290263   38.33333   94  170  189.33307   38.00000  79.9%  47.5  251s
 452974 295710   38.16667  100  155  189.33307   38.00000  79.9%  47.6  255s
 467414 305793 infeasible  114       189.33307   38.00000  79.9%  47.8  261s
 479849 311391   49.92190  124  123  189.33307   38.00000  79.9%  47.9  265s
 487098 314240   43.50051   92  106  189.33307   38.00000  79.9%  48.0  271s
 493057 319688  175.11042  132  106  189.33307   38.00000  79.9%  48.0  275s
 499829 325416   38.00000  110  149  189.33307   38.00000  79.9%  48.0  281s
 511943 329907   38.00000   88  176  189.33307   38.00000  79.9%  48.1  286s
 517155 336230   38.16860   97  136  189.33307   38.00000  79.9%  48.1  290s
 532282 348390   47.50810  115  125  189.33307   38.00000  79.9%  48.2  296s
 542716 353616   39.00000  129  124  189.33307   38.00000  79.9%  48.2  301s
 558152 362856  122.00000   62  124  189.33307   38.00000  79.9%  48.3  305s
 573659 373244   82.00000   76   95  189.33307   38.00000  79.9%  48.5  311s
 578498 374921  126.52630   86  128  189.33307   38.00000  79.9%  48.6  316s
 580860 378051 infeasible   92       189.33307   38.00000  79.9%  48.6  320s
 591335 384296  123.49030   80  119  189.33307   38.00000  79.9%  48.6  325s
 607096 394081   40.00000   84  141  189.33307   38.00000  79.9%  48.6  330s
 620788 400870  170.52134  115  129  189.33307   38.00000  79.9%  48.7  340s
 621912 406441   38.00000  105  147  189.33307   38.00000  79.9%  48.7  345s
 636734 413355  136.33333  144   73  189.33307   38.00000  79.9%  48.6  350s
 648945 421867   54.16833   64  195  189.33307   38.00000  79.9%  48.8  355s
 664513 432113   39.33333   70  205  189.33307   38.00000  79.9%  48.9  362s
 668082 435982  100.33528  114  109  189.33307   38.00000  79.9%  49.0  365s
 686796 448311  110.50034  122   80  189.33307   38.00000  79.9%  49.1  370s
 692939 468019  161.06718  114   94  189.33307   38.00000  79.9%  49.1  388s
 724971 471711  143.50203  117   94  189.33307   38.00000  79.9%  49.1  392s
 736463 475135  178.66667  102  107  189.33307   38.00000  79.9%  49.1  399s
 736571 479009  114.66667  101  102  189.33307   38.00000  79.9%  49.1  402s
 743771 482522 infeasible  109       189.33307   38.00000  79.9%  49.0  406s
 753161 488091   38.66667   69   92  189.33307   38.00000  79.9%  49.0  410s
 769110 498153   38.00000   88   97  189.33307   38.00000  79.9%  48.9  416s
 782933 501153  158.66667  113   64  189.33307   38.00000  79.9%  48.9  420s
 788229 507087  150.50000  135   48  189.33307   38.00000  79.9%  48.9  425s
 811674 517704   40.91772   87  115  189.33307   38.00000  79.9%  48.8  430s
 826045 526258   39.00000   85  105  189.33307   38.00000  79.9%  48.8  435s
 846413 533125   58.41774   94   83  189.33307   38.00000  79.9%  48.7  443s
 846543 535362   40.33418   92   84  189.33307   38.00000  79.9%  48.7  445s
 851422 539931  187.67700  113   66  189.33307   38.00000  79.9%  48.7  450s
 872418 546359  134.66667  111   72  189.33307   38.00000  79.9%  48.6  458s
 872460 548546  134.66667  112   70  189.33307   38.00000  79.9%  48.6  460s
 881283 550919   78.36849  111   78  189.33307   38.00000  79.9%  48.5  468s
 882084 553293  171.00000  118   56  189.33307   38.00000  79.9%  48.5  470s
 893033 556909   46.13056  108  100  189.33307   38.00000  79.9%  48.5  475s
 894309 572991   81.16667  121   71  189.33307   38.00000  79.9%  48.5  483s
 923604 577149  118.02778  100   83  189.33307   38.00000  79.9%  48.4  486s
 941051 583230 infeasible  116       189.33307   38.00000  79.9%  48.1  490s
 957880 592284   41.16667  106  100  189.33307   38.00000  79.9%  47.8  495s
 962023 592308  175.00000  119   51  189.33307   38.00000  79.9%  47.8  501s
 966498 594671   38.83384   94  112  189.33307   38.00000  79.9%  47.7  506s
 974590 601169   40.16667   99   81  189.33307   38.00000  79.9%  47.6  510s
 979284 603276  154.00000  137   48  189.33307   38.00000  79.9%  47.6  515s
 991015 610463   41.83333   88  100  189.33307   38.00000  79.9%  47.4  520s
 1006288 615506     cutoff  128       189.33307   38.00000  79.9%  47.3  526s
 1011615 620014   99.83333  103   74  189.33307   38.00000  79.9%  47.3  530s
 1027894 629343  135.16667  133   42  189.33307   38.00000  79.9%  47.2  536s
 1038254 634130   42.66809   94   94  189.33307   38.00000  79.9%  47.2  540s
 1042687 636282  137.04323   94   83  189.33307   38.00000  79.9%  47.2  546s
 1055451 642874   41.50000  109   99  189.33307   38.00000  79.9%  47.2  551s
 1060638 642897 infeasible  120       189.33307   38.00000  79.9%  47.2  557s
 1063855 646785  147.33443  113   68  189.33307   38.00000  79.9%  47.2  560s
 1077776 655462  108.16667  136   42  189.33307   38.00000  79.9%  47.2  567s
 1089878 657852   65.33333  119  104  189.33307   38.00000  79.9%  47.2  571s
 1089928 658416   65.00000  120   99  189.33307   38.00000  79.9%  47.2  575s
 1095866 663728  154.33333  133   84  189.33307   38.00000  79.9%  47.2  580s
 1113910 672943  104.33333   92   92  189.33307   38.00000  79.9%  47.2  586s
 1118615 677351 infeasible   98       189.33307   38.00000  79.9%  47.3  590s
 1131579 684116   38.33333   71  197  189.33307   38.00000  79.9%  47.3  596s
 1144980 689992  185.33333  111   53  189.33307   38.00000  79.9%  47.4  600s
 1151657 695203   46.16667  116  130  189.33307   38.00000  79.9%  47.4  605s
 1160143 697836   54.58362   69  147  189.33307   38.00000  79.9%  47.4  610s
 1169940 707678  113.81088  162   29  189.33307   38.00000  79.9%  47.5  616s
 1183393 713034   40.83333  114  127  189.33307   38.00000  79.9%  47.5  620s
 1195181 720876   57.01501   94  102  189.33307   38.00000  79.9%  47.6  626s
 1205261 728031   56.50152   76  134  189.33307   38.00000  79.9%  47.6  631s
 1214904 734744   66.00000  122  100  189.33307   38.00000  79.9%  47.6  636s
 1226949 740696  156.50073   98   80  189.33307   38.00000  79.9%  47.6  640s
 1237405 747335   38.33435   94  154  189.33307   38.00000  79.9%  47.6  645s
 1248648 750055   38.00000   79  183  189.33307   38.00000  79.9%  47.6  650s
 1258144 759290  133.18045   96   93  189.33307   38.00000  79.9%  47.7  656s
 1268366 766503   38.00000  102  153  189.33307   38.00000  79.9%  47.7  660s
 1287979 777951   39.00000   73  201  189.33307   38.00000  79.9%  47.8  666s
 1294583 778577   57.66667   64  140  189.33307   38.00000  79.9%  47.8  670s
 1302100 785560   44.50008   91  164  189.33307   38.00000  79.9%  47.9  675s
 1314962 792272 infeasible   84       189.33307   38.00000  79.9%  47.9  680s
 1330124 801318   38.66676  105  104  189.33307   38.00000  79.9%  47.9  686s
 1340415 807204 infeasible  135       189.33307   38.00000  79.9%  47.9  690s
 1354546 815492   62.94235  104  104  189.33307   38.00000  79.9%  47.9  696s
 1364420 822222   82.33333  110   75  189.33307   38.00000  79.9%  47.9  700s
 1377104 825745  125.00543  119  116  189.33307   38.00000  79.9%  47.9  705s
 1385513 833012   38.02055  116  164  189.33307   38.00000  79.9%  47.9  712s
 1388981 835955   38.50000   94  127  189.33307   38.00000  79.9%  48.0  715s
 1406929 846469   38.00000   72  147  189.33307   38.00000  79.9%  48.0  720s
 1420776 851400   38.33333   78  177  189.33307   38.00000  79.9%  48.0  725s
 1429570 860109   42.50121  114  115  189.33307   38.00000  79.9%  48.1  731s
 1441255 866491   38.33333   79  157  189.33307   38.00000  79.9%  48.1  735s
 1446213 869376   60.66667  114   86  189.33307   38.00000  79.9%  48.1  741s
 1455766 876525  108.83333  138   82  189.33307   38.00000  79.9%  48.1  745s
 1469319 883498   41.50057  112  144  189.33307   38.00000  79.9%  48.1  751s
 1479051 888328 infeasible  126       189.33307   38.00000  79.9%  48.1  755s
 1492534 898192   41.50549  114   96  189.33307   38.00000  79.9%  48.2  762s
 1499266 901194 infeasible  104       189.33307   38.00000  79.9%  48.2  765s
 1514025 910179  180.23961  117   95  189.33307   38.00000  79.9%  48.2  771s
 1523144 916002   55.33956  127  132  189.33307   38.00000  79.9%  48.2  775s
 1530803 916024   49.18395  102  120  189.33307   38.00000  79.9%  48.2  783s
 1530844 918870   49.43108  103  117  189.33307   38.00000  79.9%  48.2  785s
 1535558 918894   38.00000   95  148  189.33307   38.00000  79.9%  48.2  793s
 1535598 920020 infeasible   96       189.33307   38.00000  79.9%  48.2  795s
 1543531 926720   38.00000   81  176  189.33307   38.00000  79.9%  48.2  801s
 1561589 935465 infeasible  139       189.33307   38.00000  79.9%  48.3  805s
 1571013 938577 infeasible  112       189.33307   38.00000  79.9%  48.3  812s
 1575814 943056   46.67107   95  128  189.33307   38.00000  79.9%  48.3  816s
 1583604 949998   39.83333  104  165  189.33307   38.00000  79.9%  48.3  821s
 1599141 958945   38.33333  108  140  189.33307   38.00000  79.9%  48.4  826s
 1610537 963688     cutoff   94       189.33307   38.00000  79.9%  48.3  830s
 1625858 970766   45.33333  109  125  189.33307   38.00000  79.9%  48.4  838s
 1626025 973309   45.33333  110  121  189.33307   38.00000  79.9%  48.4  840s
 1630993 973332 infeasible   99       189.33307   38.00000  79.9%  48.4  845s
 1635876 978880   61.87148  113  119  189.33307   38.00000  79.9%  48.4  850s
 1653757 989430   38.72701  103  160  189.33307   38.00000  79.9%  48.4  856s
 1663352 995242  166.05051  174   65  189.33307   38.00000  79.9%  48.4  860s
 1678625 1003867  170.83333  114   95  189.33307   38.00000  79.9%  48.4  865s
 1694298 1011288  148.22835  148   76  189.33307   38.00000  79.9%  48.4  872s
 1696617 1014651 infeasible   98       189.33307   38.00000  79.9%  48.4  875s
 1708137 1021061  179.10936  111  100  189.33307   38.00000  79.9%  48.5  881s
 1724609 1029922 infeasible  142       189.33307   38.00000  79.9%  48.5  886s
 1734695 1034676   38.00000  102  156  189.33307   38.00000  79.9%  48.5  890s
 1748930 1044415   40.50527  104  138  189.33307   38.00000  79.9%  48.5  896s
 1758338 1048549   39.50000  115  139  189.33307   38.00000  79.9%  48.5  901s
 1766633 1053745     cutoff  116       189.33307   38.00000  79.9%  48.5  907s
 1771263 1053775   38.00000   88  193  189.33307   38.00000  79.9%  48.5  913s
 1771297 1070485   38.50000   89  188  189.33307   38.00000  79.9%  48.5  922s
 1810977 1076420  177.33384  135   67  189.33307   38.00000  79.9%  48.5  926s
 1824798 1082069  150.41959  128  110  189.33307   38.00000  79.9%  48.5  932s
 1825057 1084737     cutoff  129       189.33307   38.00000  79.9%  48.5  935s
 1830243 1084777  174.51613  115   74  189.33307   38.00000  79.9%  48.4  940s
 1837504 1093670   38.33333  109  130  189.33307   38.00000  79.9%  48.5  946s
 1848755 1098461     cutoff  110       189.33307   38.00000  79.9%  48.5  951s
 1853468 1098925 infeasible  116       189.33307   38.00000  79.9%  48.5  959s
 1854343 1099332   38.16780   84  178  189.33307   38.00000  79.9%  48.5  961s
 1863591 1105567     cutoff  107       189.33307   38.00000  79.9%  48.5  967s
 1867195 1109621   38.50000  101  161  189.33307   38.00000  79.9%  48.5  970s
 1874853 1109639   41.33333  123  135  189.33307   38.00000  79.9%  48.4  978s
 1874898 1110762   41.33333  124  136  189.33307   38.00000  79.9%  48.4  980s
 1887018 1117406   39.83418   95  134  189.33307   38.00000  79.9%  48.4  986s
 1895833 1121820  138.83672  105  111  189.33307   38.00000  79.9%  48.4  992s
 1904989 1127751   45.77778   90  139  189.33307   38.00000  79.9%  48.4  997s
 1913454 1132614   64.83705  115  139  189.33307   38.00000  79.9%  48.4 1001s
 1921817 1135589  186.00025  140   57  189.33307   38.00000  79.9%  48.4 1005s
 1928245 1141837  104.17109  129   81  189.33307   38.00000  79.9%  48.4 1010s
 1944870 1150320  159.00000  123   81  189.33307   38.00000  79.9%  48.3 1017s
 1955203 1152869   76.08534  114  154  189.33307   38.00000  79.9%  48.3 1021s
 1960201 1159314   83.51657  102  147  189.33307   38.00000  79.9%  48.3 1026s
 1976401 1166373     cutoff   97       189.33307   38.00000  79.9%  48.3 1031s
 1990420 1175636     cutoff  116       189.33307   38.00000  79.9%  48.3 1036s
 2007161 1182716  132.95901  140   42  189.33307   38.00000  79.9%  48.3 1041s
 2013786 1187672   38.83333  102  143  189.33307   38.00000  79.9%  48.3 1046s
 2024917 1195300  161.77778  108  112  189.33307   38.00000  79.9%  48.3 1051s
 2041346 1204163   85.50000  119  102  189.33307   38.00000  79.9%  48.2 1056s
 2050538 1205731   75.66667  108  129  189.33307   38.00000  79.9%  48.2 1060s
 2062142 1214511   54.01012  110  116  189.33307   38.00000  79.9%  48.2 1067s
 2071699 1219396   40.17598  108  163  189.33307   38.00000  79.9%  48.2 1071s
 2081942 1224723   38.83333   92  158  189.33307   38.00000  79.9%  48.1 1075s
 2092728 1228353   39.00051  104  126  189.33307   38.00000  79.9%  48.1 1084s
 2092765 1231350   40.22239  105  117  189.33307   38.00000  79.9%  48.1 1086s
 2102233 1235100   42.72917  130  113  189.33307   38.00000  79.9%  48.1 1092s
 2106406 1237879   77.33359  114  110  189.33307   38.00000  79.9%  48.1 1095s
 2119078 1242142   41.00000  118  124  189.33307   38.00000  79.9%  48.1 1104s
 2119116 1260425   41.16667  118  129  189.33307   38.00000  79.9%  48.1 1112s
 2151148 1260434  141.30389  133   95  189.33307   38.00000  79.9%  48.0 1120s
 2151202 1277294  141.72956  135   91  189.33307   38.00000  79.9%  48.0 1133s
 2183234 1281180  126.33333  127  106  189.33307   38.00000  79.9%  48.0 1136s
 2195376 1284806   56.50000  103  114  189.33307   38.00000  79.9%  47.9 1140s
 2208202 1292911  142.10039  120   92  189.33307   38.00000  79.9%  47.9 1145s
 2213878 1292964     cutoff  166       189.33307   38.00000  79.9%  47.9 1150s
 2214142 1310369  161.00000  165   35  189.33307   38.00000  79.9%  47.9 1160s
 2253981 1316842  172.83333  136   71  189.33307   38.00000  79.9%  47.9 1166s
 2267229 1324745   39.08454  114  180  189.33307   38.00000  79.9%  47.8 1170s
 2276577 1330995     cutoff   99       189.33307   38.00000  79.9%  47.8 1175s
 2292323 1334940   68.30541  144   70  189.33307   38.00000  79.9%  47.8 1184s
 2292365 1338035   83.66667  145   58  189.33307   38.00000  79.9%  47.8 1186s
 2300632 1343090   80.50000  106  120  189.33307   38.00000  79.9%  47.8 1191s
 2313578 1346674  124.16667  138  103  189.33307   38.00000  79.9%  47.8 1195s
 2321926 1352456  160.50542  107  112  189.33307   38.00000  79.9%  47.8 1200s

Cutting planes:
  Learned: 206
  Gomory: 15
  Cover: 113
  Implied bound: 152
  Clique: 22
  MIR: 357
  StrongCG: 1
  Flow cover: 1007
  GUB cover: 1
  Zero half: 1
  RLT: 14
  Relax-and-lift: 292

Cleanup yields a better solution

Explored 2324007 nodes (111060044 simplex iterations) in 1200.04 seconds
Thread count was 32 (of 64 available processors)

Solution count 10: 189.333 189.333 189.333 ... 193.667

Time limit reached
Best objective 1.891985806975e+02, best bound 3.800000000000e+01, gap 79.9153%
