
Gurobi 9.1.2 (linux64) logging started Mon Apr  4 09:19:01 2022

Changed value of parameter LogFile to us-ca_v-Nashv....log
   Prev:   Default: 
Changed value of parameter MIPFocus to 1
   Prev: 0  Min: 0  Max: 3  Default: 0
Changed value of parameter TimeLimit to 1200.0
   Prev: inf  Min: 0.0  Max: inf  Default: inf
Warning: variables 0 and 200 have the same name "X[Houston,ElPaso]"
Warning: linear constraint 240 and linear constraint 241 have the same name "weight-constr-t5"
Warning: to let Gurobi read it back, use rlp format
Gurobi Optimizer version 9.1.2 build v9.1.2rc0 (linux64)
Thread count: 32 physical cores, 64 logical processors, using up to 32 threads
Optimize a model with 1430 rows, 1200 columns and 4206 nonzeros
Model fingerprint: 0x7b53df05
Variable types: 234 continuous, 966 integer (966 binary)
Coefficient statistics:
  Matrix range     [1e+00, 1e+06]
  Objective range  [2e-01, 2e-01]
  Bounds range     [1e+00, 5e+05]
  RHS range        [1e+00, 1e+06]
Presolve removed 114 rows and 132 columns
Presolve time: 0.02s
Presolved: 1316 rows, 1068 columns, 6648 nonzeros
Variable types: 228 continuous, 840 integer (840 binary)

Root relaxation: objective 3.800000e+01, 156 iterations, 0.00 seconds

    Nodes    |    Current Node    |     Objective Bounds      |     Work
 Expl Unexpl |  Obj  Depth IntInf | Incumbent    BestBd   Gap | It/Node Time

     0     0   38.00000    0   69          -   38.00000      -     -    0s
     0     0   38.00000    0   71          -   38.00000      -     -    0s
H    0     0                    32914.833333   38.00000   100%     -    0s
H    0     0                    32913.833325   38.00000   100%     -    0s
     0     0   38.00000    0   51 32913.8333   38.00000   100%     -    0s
H    0     0                    4172.3333319   38.00000  99.1%     -    0s
H    0     0                    3128.3333320   38.00000  98.8%     -    0s
H    0     0                    3127.8333315   38.00000  98.8%     -    0s
H    0     0                    3127.6666648   38.00000  98.8%     -    0s
H    0     0                    2363.6666656   38.00000  98.4%     -    0s
     0     0   38.00000    0   40 2363.66667   38.00000  98.4%     -    0s
H    0     0                    2363.4999989   38.00000  98.4%     -    0s
H    0     0                     438.4999998   38.00000  91.3%     -    0s
H    0     0                     349.8333333   38.00000  89.1%     -    0s
     0     0   38.00000    0   41  349.83333   38.00000  89.1%     -    0s
H    0     0                     349.1666667   38.00000  89.1%     -    0s
H    0     0                     348.9999999   38.00000  89.1%     -    0s
     0     0   38.00000    0   37  349.00000   38.00000  89.1%     -    0s
H    0     0                     285.8333333   38.00000  86.7%     -    0s
H    0     0                     182.6666667   38.00000  79.2%     -    0s
H    0     0                     182.5000000   38.00000  79.2%     -    0s
     0     2   38.00000    0   33  182.50000   38.00000  79.2%     -    1s
H   31    64                     182.3333333   38.00000  79.2%  18.2    1s
H   46    64                     182.1666667   38.00000  79.1%  15.8    1s
H   95   127                     182.0000000   38.00000  79.1%  14.3    2s
H   96   127                     181.5833333   38.00000  79.1%  14.2    2s
H   97   127                     168.8333333   38.00000  77.5%  14.1    2s
H   98   127                     148.3333333   38.00000  74.4%  14.0    2s
H  112   127                     147.3333333   38.00000  74.2%  13.0    2s
   191   217   41.00000   10   22  147.33333   38.00000  74.2%  10.8    5s
H  233   248                     145.0000000   38.00000  73.8%   9.7    6s
H  244   248                     142.3333333   38.00000  73.3%   9.4    6s
H  432   470                     140.3333333   38.00000  72.9%   8.3    6s
H  494  1054                     140.3333333   38.00000  72.9%   8.1    8s
H  521  1054                     139.0000000   38.00000  72.7%   8.1    8s
H 1166  2205                     138.5000000   38.00000  72.6%   7.0    9s
H 4996  4929                     138.3333333   38.00000  72.5%   6.5   10s
H 5004  4929                     138.3333333   38.00000  72.5%   6.5   10s
H 5513  5652                     138.3333333   38.00000  72.5%   6.4   11s
H 5877  5651                     136.4166667   38.00000  72.1%   6.4   11s
H 6300  7827                     135.7777778   38.00000  72.0%   6.4   12s
H 6688  7810                     134.0000000   38.00000  71.6%   6.4   12s
H 8916  7810                     133.8333333   38.00000  71.6%   6.2   12s
H 9069  7841                     133.0000000   38.00000  71.4%   6.2   13s
H 9071  7841                     132.8333333   38.00000  71.4%   6.2   13s
H 9082  7821                     132.3333333   38.00000  71.3%   6.2   13s
H 9102  7821                     132.1666667   38.00000  71.2%   6.2   13s
H 9106  7432                     132.0000000   38.00000  71.2%   6.2   13s
  9122  7450 infeasible   18       132.00000   38.00000  71.2%   7.8   15s
H 9204  7156                     131.8333333   38.00000  71.2%   9.1   16s
H 9231  6794                     131.5000000   38.00000  71.1%   9.2   16s
H 9275  6508                     131.3333333   38.00000  71.1%   9.3   16s
H 9300  6212                     131.0000000   38.00000  71.0%   9.4   18s
  9795  6964   38.16710   41  198  131.00000   38.00000  71.0%  10.5   21s
H17407 10051                     130.9999978   38.00000  71.0%  17.1   24s
H17520  9751                     130.9999977   38.00000  71.0%  17.1   29s
H17521  9477                     130.9999977   38.00000  71.0%  17.1   29s
 17558 12254   47.58858  116  101  131.00000   38.00000  71.0%  17.2   30s
 30082 22182   54.51243  145   97  131.00000   38.00000  71.0%  22.6   35s
H43774 26256                     130.9999976   38.00000  71.0%  25.0   39s
 44034 28802   47.17632  131   80  131.00000   38.00000  71.0%  25.1   40s
H48007 29678                     130.9999952   38.00000  71.0%  25.3   41s
H48888 29678                     130.9999951   38.00000  71.0%  25.5   41s
 56193 36989 infeasible  139       131.00000   38.00000  71.0%  26.1   46s
 65763 42843   39.50984  117  122  131.00000   38.00000  71.0%  26.5   50s
 81423 51302 infeasible  151       131.00000   38.00000  71.0%  27.8   56s
 91665 54471   71.83333  158   62  131.00000   38.00000  71.0%  28.5   61s
 92979 72512   76.67075  168   53  131.00000   38.00000  71.0%  28.5   68s
 125011 76237   99.40890  130  100  131.00000   38.00000  71.0%  29.8   70s
 132485 76256     cutoff  144       131.00000   38.00000  71.0%  29.8   78s
 132530 76720  128.00817  142   64  131.00000   38.00000  71.0%  29.8   80s
 142985 83520 infeasible  129       131.00000   38.00000  71.0%  30.1   86s
 151443 89858   38.66667   91  116  131.00000   38.00000  71.0%  30.3   91s
 165351 96986   39.66667  126  104  131.00000   38.00000  71.0%  30.9   95s
 182242 104340   43.00678  131   98  131.00000   38.00000  71.0%  31.4  100s
 189092 110489     cutoff  152       131.00000   38.00000  71.0%  32.0  106s
 200884 115842   38.16667  111  113  131.00000   38.00000  71.0%  32.3  111s
 204991 118837   48.51370  112   93  131.00000   38.00000  71.0%  32.6  115s
 215159 124462   88.83333  126   71  131.00000   38.00000  71.0%  32.7  121s
 221220 124568  125.66764  174   55  131.00000   38.00000  71.0%  32.8  125s
 221413 141561     cutoff  175       131.00000   38.00000  71.0%  32.8  132s
 253445 141582   45.71399  132  112  131.00000   38.00000  71.0%  33.5  136s
 253487 158233   46.01029  133  110  131.00000   38.00000  71.0%  33.5  144s
H268915 158118                     130.0000000   38.00000  70.8%  33.6  144s
 285519 162104   41.34731  133   97  130.00000   38.00000  70.8%  34.0  146s
H285911 162080                     129.8333333   38.00000  70.7%  34.0  146s
H286344 162007                     129.4166667   38.00000  70.6%  34.0  146s
H292850 161638                     128.3333333   38.00000  70.4%  34.1  148s
 296685 165681   75.16667  135   80  128.33333   38.00000  70.4%  34.2  150s
H297764 165443                     127.6666667   38.00000  70.2%  34.1  150s
H300281 168341                     127.5000000   38.00000  70.2%  34.2  152s
H300621 168276                     127.3333333   38.00000  70.2%  34.2  152s
 304894 172253   68.50000  156   58  127.33333   38.00000  70.2%  34.3  155s
H317971 179046                     127.3333333   38.00000  70.2%  34.4  159s
 318553 179046   38.66871  126   92  127.33333   38.00000  70.2%  34.4  160s
H325155 180661                     127.3333329   38.00000  70.2%  34.6  163s
 326317 183889   38.00000  117  103  127.33333   38.00000  70.2%  34.6  166s
H326331 183889                     127.3333328   38.00000  70.2%  34.6  166s
H326500 183889                     127.3333327   38.00000  70.2%  34.7  166s
H326761 183889                     127.3333327   38.00000  70.2%  34.7  166s
 338730 190001   62.35026  142   80  127.33333   38.00000  70.2%  35.0  172s
H343099 192121                     127.3333327   38.00000  70.2%  35.1  174s
 344963 196958   55.50000  154   70  127.33333   38.00000  70.2%  35.2  177s
H345000 196958                     127.3333326   38.00000  70.2%  35.2  177s
H346935 196958                     127.3333325   38.00000  70.2%  35.2  177s
H348410 196958                     127.3333324   38.00000  70.2%  35.2  177s
H349160 196958                     127.3333324   38.00000  70.2%  35.2  177s
H355030 200143                     127.3333323   38.00000  70.2%  35.3  179s
 358931 204511   43.86113  151   92  127.33333   38.00000  70.2%  35.4  180s
H376677 212677                     127.3333323   38.00000  70.2%  35.6  184s
 379508 215934   87.95565  144   92  127.33333   38.00000  70.2%  35.6  185s
 385280 215964 infeasible  173       127.33333   38.00000  70.2%  35.7  194s
 385314 233526   92.16667  173   60  127.33333   38.00000  70.2%  35.7  201s
H417359 233624                     127.3333323   38.00000  70.2%  36.0  204s
 417495 250952 infeasible  131       127.33333   38.00000  70.2%  36.0  221s
 449527 253767   88.30089  130   86  127.33333   38.00000  70.2%  36.1  225s
 466093 263456  109.00000  162   45  127.33333   38.00000  70.2%  36.1  230s
 471380 263482   46.83333  131  121  127.33333   38.00000  70.2%  36.0  237s
H471399 263482                     127.3333320   38.00000  70.2%  36.1  237s
H471635 266709                     127.3333318   38.00000  70.2%  36.1  238s
H473005 266709                     127.3333317   38.00000  70.2%  36.1  238s
H476762 269215                     127.3333317   38.00000  70.2%  36.1  239s
 480561 274135 infeasible  153       127.33333   38.00000  70.2%  36.1  241s
 498099 279820   71.00555  134   97  127.33333   38.00000  70.2%  36.1  245s
 511051 288803   80.33333  149   73  127.33333   38.00000  70.2%  36.0  250s
 523084 292838   46.78128  144  121  127.33333   38.00000  70.2%  35.9  255s
 532320 296018   62.94610  177   77  127.33333   38.00000  70.2%  35.8  264s
 532375 297189   67.05890  178   70  127.33333   38.00000  70.2%  35.8  266s
H534022 297189                     127.3333316   38.00000  70.2%  35.8  266s
H534745 297334                     127.3333316   38.00000  70.2%  35.8  270s
H534746 297334                     127.3333315   38.00000  70.2%  35.8  270s
H534869 297334                     127.3333304   38.00000  70.2%  35.8  270s
H534943 297334                     127.3333297   38.00000  70.2%  35.8  270s
H535100 301366                     127.3333296   38.00000  70.2%  35.8  273s
H535104 301366                     127.3333296   38.00000  70.2%  35.8  273s
H535453 301366                     127.3333295   38.00000  70.2%  35.8  273s
H535933 301366                     127.3333295   38.00000  70.2%  35.8  273s
H540958 301366                     127.3333295   38.00000  70.2%  35.9  273s
 541948 305702   39.66667  155  112  127.33333   38.00000  70.2%  35.9  276s
H542100 305702                     127.3333295   38.00000  70.2%  35.9  276s
H542126 305702                     127.3333294   38.00000  70.2%  35.9  276s
H542552 305702                     127.3333292   38.00000  70.2%  35.9  276s
 548650 305724   45.88909  165   98  127.33333   38.00000  70.2%  35.9  281s
H548651 305724                     127.3333291   38.00000  70.2%  35.9  281s
H548662 305724                     127.3333291   38.00000  70.2%  35.9  281s
H549747 308985                     127.3333290   38.00000  70.2%  35.9  283s
 555003 309031   94.33870  189   60  127.33333   38.00000  70.2%  35.9  285s
H555016 309031                     127.3333290   38.00000  70.2%  35.9  285s
H555054 309031                     127.3333290   38.00000  70.2%  35.9  285s
H560622 312737                     127.3333290   38.00000  70.2%  35.9  287s
 560835 312763   38.16813  122  117  127.33333   38.00000  70.2%  35.9  292s
 565490 315847   92.03858  163   52  127.33333   38.00000  70.2%  35.9  298s
 570791 323572     cutoff  160       127.33333   38.00000  70.2%  35.9  302s
 583346 328143   38.50177  128  116  127.33333   38.00000  70.2%  35.9  306s
 589258 331719 infeasible  138       127.33333   38.00000  70.2%  35.9  310s
 596735 333455   94.34762  141  103  127.33333   38.00000  70.2%  36.0  319s
H596745 333455                     127.3333290   38.00000  70.2%  36.0  319s
 597130 336350     cutoff  144       127.33333   38.00000  70.2%  36.0  322s
 602440 336373 infeasible  143       127.33333   38.00000  70.2%  36.0  329s
 602479 355333 infeasible  144       127.33333   38.00000  70.2%  36.0  338s
 634511 359865  100.33333  149   83  127.33333   38.00000  70.2%  36.2  341s
H644365 361911                     127.3333273   38.00000  70.2%  36.2  344s
 645746 364767   50.67075  152   57  127.33333   38.00000  70.2%  36.2  346s
H645915 364767                     127.3333272   38.00000  70.2%  36.2  346s
H646118 364767                     127.3333271   38.00000  70.2%  36.2  346s
H647166 364767                     127.3333271   38.00000  70.2%  36.3  346s
H647647 364767                     127.3333271   38.00000  70.2%  36.3  346s
H652225 366520                     127.3333270   38.00000  70.2%  36.3  349s
H652860 366520                     127.3333270   38.00000  70.2%  36.3  349s
 654196 368965   65.02127  122  151  127.33333   38.00000  70.2%  36.3  351s
H654733 368965                     127.3333269   38.00000  70.2%  36.3  351s
H655907 368965                     127.3333260   38.00000  70.2%  36.3  351s
H657195 368965                     127.3332738   38.00000  70.2%  36.3  351s
H659169 373619                     127.3332722   38.00000  70.2%  36.3  353s
H660463 373619                     127.3330751   38.00000  70.2%  36.3  353s
H660950 373619                     127.3330750   38.00000  70.2%  36.3  353s
H666569 377265                     127.3330750   38.00000  70.2%  36.3  355s
H667669 377265                     127.3329946   38.00000  70.2%  36.3  355s
H676862 381817                     127.3329945   38.00000  70.2%  36.4  357s
 678115 381845   91.66696  159   62  127.33299   38.00000  70.2%  36.4  365s
 681476 388375   38.00000  122   91  127.33299   38.00000  70.2%  36.4  371s
 696204 396756   38.00000  105  105  127.33299   38.00000  70.2%  36.4  376s
 708924 402435   76.67229  136   86  127.33299   38.00000  70.2%  36.4  380s
 723367 410176   54.01978  166   78  127.33299   38.00000  70.2%  36.4  385s
 732767 417483   68.17395  178   55  127.33299   38.00000  70.2%  36.3  391s
 745363 423196  123.44263  148   75  127.33299   38.00000  70.2%  36.3  395s
 763633 435478     cutoff  157       127.33299   38.00000  70.2%  36.3  401s
 779267 442471   41.84056  133  100  127.33299   38.00000  70.2%  36.2  405s
 797203 453888   66.33333  173   74  127.33299   38.00000  70.2%  36.2  410s
 806244 460017   89.83779  153   79  127.33299   38.00000  70.2%  36.2  416s
 817229 468646     cutoff  143       127.33299   38.00000  70.2%  36.2  421s
 835258 477353     cutoff  143       127.33299   38.00000  70.2%  36.1  425s
 850429 486683   46.33507  137   85  127.33299   38.00000  70.2%  36.0  431s
 865289 492356   69.16821  146   82  127.33299   38.00000  70.2%  35.9  435s
 875190 497809   76.75360  112  120  127.33299   38.00000  70.2%  35.9  442s
 883473 506212   66.00174  136   82  127.33299   38.00000  70.2%  35.9  447s
 896043 510817   85.16667  156   62  127.33299   38.00000  70.2%  35.9  450s
 905264 515002   38.00000  121  100  127.33299   38.00000  70.2%  35.8  455s
 919639 524331   40.69296  126  105  127.33299   38.00000  70.2%  35.8  460s
 926560 524351     cutoff  144       127.33299   38.00000  70.2%  35.9  467s
 932289 529902   89.17886  158   83  127.33299   38.00000  70.2%  35.9  470s
 936148 532289  105.34000  141   80  127.33299   38.00000  70.2%  35.9  475s
 952940 538125   38.00000  127  105  127.33299   38.00000  70.2%  36.0  482s
 957272 543199   77.16667  131   88  127.33299   38.00000  70.2%  36.0  485s
 974692 553072   43.16785  114  103  127.33299   38.00000  70.2%  36.0  492s
 982433 555567   50.02902  134   94  127.33299   38.00000  70.2%  36.1  495s
 986510 556264   57.50000  124  116  127.33299   38.00000  70.2%  36.1  503s
 993235 560012   38.83333  132  115  127.33299   38.00000  70.2%  36.2  514s
 993276 564100   38.83333  133  112  127.33299   38.00000  70.2%  36.2  516s
 1002827 568901   38.50000  114  111  127.33299   38.00000  70.2%  36.2  520s
 1019239 577228   55.66667  152   68  127.33299   38.00000  70.2%  36.3  526s
 1024210 577970  110.50345  149   86  127.33299   38.00000  70.2%  36.3  535s
 1030631 585073   79.33578  119  100  127.33299   38.00000  70.2%  36.3  542s
 1038187 589717   38.50066  128  114  127.33299   38.00000  70.2%  36.3  545s
 1056619 596932   53.83333  152   84  127.33299   38.00000  70.2%  36.2  550s
 1065030 598963 infeasible  124       127.33299   38.00000  70.2%  36.2  557s
 1069940 601201   99.52996  138   99  127.33299   38.00000  70.2%  36.2  565s
 1069983 619753   99.66871  139   95  127.33299   38.00000  70.2%  36.2  577s
 1102015 619776   83.36142  178   53  127.33299   38.00000  70.2%  36.2  585s
 1102055 637220   90.50146  178   49  127.33299   38.00000  70.2%  36.2  599s
 1134087 641531   52.83978  138   84  127.33299   38.00000  70.2%  36.2  601s
 1153344 651505   38.00000   89  117  127.33299   38.00000  70.2%  36.1  606s
 1166815 656819   58.33333  161   70  127.33299   38.00000  70.2%  36.1  617s
 1166854 674778   71.00845  161   65  127.33299   38.00000  70.2%  36.1  624s
 1184872 674778   49.51392  133   97  127.33299   38.00000  70.2%  36.1  625s
 1206429 682987   77.00137  166   57  127.33299   38.00000  70.2%  36.1  630s
 1221852 690523   67.16667  124   55  127.33299   38.00000  70.2%  36.0  635s
 1230815 693725  105.66901  137   66  127.33299   38.00000  70.2%  36.1  642s
 1230861 712019  105.83335  137   66  127.33299   38.00000  70.2%  36.1  649s
 1250881 712019   63.09762  135  123  127.33299   38.00000  70.2%  36.0  650s
 1278175 720442  109.08333  128   62  127.33299   38.00000  70.2%  35.9  663s
 1278222 722626  110.00000  129   59  127.33299   38.00000  70.2%  35.9  665s
 1290512 728492   82.94918  135   64  127.33299   38.00000  70.2%  35.9  670s
 1301712 735387   64.34410  138   79  127.33299   38.00000  70.2%  35.9  675s
 1316542 743171  104.50000  161   66  127.33299   38.00000  70.2%  35.9  681s
 1326634 750936   53.17093  121  103  127.33299   38.00000  70.2%  35.9  685s
 1340648 754224   39.50118  111  120  127.33299   38.00000  70.2%  35.9  690s
 1352458 761611     cutoff  147       127.33299   38.00000  70.2%  35.9  695s
 1358560 761635   44.50605  127  112  127.33299   38.00000  70.2%  35.9  701s
 1358600 777271   44.50620  128  110  127.33299   38.00000  70.2%  35.9  714s
 1390632 780992   44.17241  130  105  127.33299   38.00000  70.2%  35.8  717s
 1404539 784694  125.33333  132   71  127.33299   38.00000  70.2%  35.8  721s
 1412945 787444   76.84003  139   90  127.33299   38.00000  70.2%  35.7  729s
 1412983 789733 infeasible  140       127.33299   38.00000  70.2%  35.7  730s
 1417785 789761   76.50612  126   98  127.33299   38.00000  70.2%  35.8  737s
 1423464 796943 infeasible  135       127.33299   38.00000  70.2%  35.7  741s
 1437185 799449   47.16807  125  108  127.33299   38.00000  70.2%  35.7  748s
 1442479 803717   71.37317  146  103  127.33299   38.00000  70.2%  35.7  751s
 1456023 812223     cutoff  146       127.33299   38.00000  70.2%  35.7  756s
 1469134 816549 infeasible  126       127.33299   38.00000  70.2%  35.7  760s
 1477182 821382   41.75598  135   96  127.33299   38.00000  70.2%  35.7  766s
 1488271 829123   54.83460  120   90  127.33299   38.00000  70.2%  35.7  770s
 1499890 831235   72.83333  159   89  127.33299   38.00000  70.2%  35.7  781s
 1502673 835941   38.36209  133  112  127.33299   38.00000  70.2%  35.7  785s
 1509071 839731   76.33333  133   78  127.33299   38.00000  70.2%  35.7  791s
 1523846 847131   41.34446  127  114  127.33299   38.00000  70.2%  35.7  796s
 1534943 851490   38.43058  123  119  127.33299   38.00000  70.2%  35.7  800s
 1550850 858760   50.66725  133   84  127.33299   38.00000  70.2%  35.7  806s
 1569357 868360   38.00000  134  102  127.33299   38.00000  70.2%  35.7  811s
 1581859 875431   39.50317  126  129  127.33299   38.00000  70.2%  35.7  816s
 1588200 875498     cutoff  144       127.33299   38.00000  70.2%  35.7  822s
 1588445 892469     cutoff  145       127.33299   38.00000  70.2%  35.7  837s
 1620477 892582   73.50772  149   90  127.33299   38.00000  70.2%  35.7  841s
 1620735 909234   88.91791  148   95  127.33299   38.00000  70.2%  35.7  854s
 1652767 913020   68.50015  142   94  127.33299   38.00000  70.2%  35.7  857s
 1664694 916794   66.50000  137  105  127.33299   38.00000  70.2%  35.7  861s
 1675770 920237  104.66667  166   61  127.33299   38.00000  70.2%  35.7  867s
 1675816 923083 infeasible  167       127.33299   38.00000  70.2%  35.7  870s
 1692103 932261   56.67242  146   87  127.33299   38.00000  70.2%  35.8  876s
 1705435 938475   78.83333  168   69  127.33299   38.00000  70.2%  35.8  881s
 1714472 946033   69.00000  137   91  127.33299   38.00000  70.2%  35.8  886s
 1730982 950916     cutoff  150       127.33299   38.00000  70.2%  35.7  891s
 1738467 954879   71.23112  164   70  127.33299   38.00000  70.2%  35.7  895s
 1750055 958559   58.33450  125   94  127.33299   38.00000  70.2%  35.7  901s
 1750142 975629   58.33566  126   92  127.33299   38.00000  70.2%  35.7  910s
 1789974 983633   45.00612  131  107  127.33299   38.00000  70.2%  35.6  915s
 1802955 986296  125.67053  140   52  127.33299   38.00000  70.2%  35.6  923s
 1809326 991723   68.83537  136   82  127.33299   38.00000  70.2%  35.6  925s
 1816563 1005989     cutoff  146       127.33299   38.00000  70.2%  35.6  933s
 1840300 1006440   44.50003  145  101  127.33299   38.00000  70.2%  35.6  935s
 1841094 1009176   44.33508  144   94  127.33299   38.00000  70.2%  35.6  941s
 1846497 1026356   39.78040  128   99  127.33299   38.00000  70.2%  35.6  951s
 1878529 1030996  121.33333  150   52  127.33299   38.00000  70.2%  35.6  955s
 1887256 1034981   39.91667  140  100  127.33299   38.00000  70.2%  35.6  961s
 1900118 1041821     cutoff  148       127.33299   38.00000  70.2%  35.6  965s
 1919430 1052090   67.53501  158   83  127.33299   38.00000  70.2%  35.6  972s
 1927302 1058870 infeasible  158       127.33299   38.00000  70.2%  35.6  976s
 1943167 1068906   63.66754  146   94  127.33299   38.00000  70.2%  35.6  981s
 1959983 1075358   59.52793  154   60  127.33299   38.00000  70.2%  35.6  985s
 1971237 1081193  106.16667  142   60  127.33299   38.00000  70.2%  35.6  991s
 1986323 1087027   47.17059  154  106  127.33299   38.00000  70.2%  35.6  995s
 1998714 1093949   47.94124  127   97  127.33299   38.00000  70.2%  35.6 1001s
 2016723 1102469 infeasible  176       127.33299   38.00000  70.2%  35.6 1006s
 2029104 1110997  106.01472  153   74  127.33299   38.00000  70.2%  35.6 1010s
 2046742 1119502   57.50058  122  138  127.33299   38.00000  70.2%  35.6 1015s
 2060296 1125604   41.00808  135  107  127.33299   38.00000  70.2%  35.6 1020s
 2067080 1127560   63.22446  175   78  127.33299   38.00000  70.2%  35.6 1029s
 2067119 1143038 infeasible  174       127.33299   38.00000  70.2%  35.6 1035s
 2107919 1150235   46.83333  154  102  127.33299   38.00000  70.2%  35.5 1041s
 2119208 1154909   69.00015  168   62  127.33299   38.00000  70.2%  35.5 1045s
 2140866 1164610   38.66667  103  117  127.33299   38.00000  70.2%  35.4 1050s
H2145688 1166246                     127.3329945   38.00000  70.2%  35.4 1052s
 2154758 1171714   39.83906  142  144  127.33299   38.00000  70.2%  35.4 1055s
 2172328 1182937   38.00000  136  102  127.33299   38.00000  70.2%  35.4 1061s
 2180318 1186519   97.70850  186   60  127.33299   38.00000  70.2%  35.3 1065s
 2195940 1191311   71.33333  168   73  127.33299   38.00000  70.2%  35.3 1073s
 2195986 1206857 infeasible  169       127.33299   38.00000  70.2%  35.3 1083s
 2228018 1211058   38.00000  118  112  127.33299   38.00000  70.2%  35.3 1087s
 2240141 1214371  111.20785  164   70  127.33299   38.00000  70.2%  35.3 1090s
 2254146 1221910   85.00029  138   78  127.33299   38.00000  70.2%  35.2 1095s
 2273977 1228658   38.00000  113  111  127.33299   38.00000  70.2%  35.2 1100s
 2280208 1235571 infeasible  150       127.33299   38.00000  70.2%  35.2 1105s
 2299356 1244355   38.00029  134  106  127.33299   38.00000  70.2%  35.2 1110s
 2310150 1247303   61.27273  140   80  127.33299   38.00000  70.2%  35.2 1118s
 2310195 1247890   61.51690  141   81  127.33299   38.00000  70.2%  35.2 1120s
 2326842 1260160   46.33970  118  122  127.33299   38.00000  70.2%  35.2 1126s
 2333115 1260183   56.67117  156   92  127.33299   38.00000  70.2%  35.2 1135s
 2341962 1267187   38.87238  126  121  127.33299   38.00000  70.2%  35.2 1141s
 2350232 1273911   85.83683  137   92  127.33299   38.00000  70.2%  35.2 1146s
 2361342 1278185     cutoff  137       127.33299   38.00000  70.2%  35.2 1150s
 2367640 1278202   54.50336  146  109  127.33299   38.00000  70.2%  35.2 1160s
 2374966 1283820   38.00000  101  106  127.33299   38.00000  70.2%  35.2 1166s
 2390484 1293340   43.66667  119   89  127.33299   38.00000  70.2%  35.2 1172s
 2401448 1298791     cutoff  137       127.33299   38.00000  70.2%  35.2 1176s
 2411568 1305910   75.00160  151   92  127.33299   38.00000  70.2%  35.2 1180s
 2428320 1313519  101.66667  145   68  127.33299   38.00000  70.2%  35.2 1185s
 2438200 1316586   47.83333  140   91  127.33299   38.00000  70.2%  35.2 1190s
 2451537 1325327   43.00000  120  104  127.33299   38.00000  70.2%  35.2 1195s
 2463771 1333057   96.89055  117  111  127.33299   38.00000  70.2%  35.2 1200s

Cutting planes:
  Learned: 177
  Gomory: 10
  Cover: 91
  Implied bound: 101
  Clique: 17
  MIR: 401
  Flow cover: 821
  GUB cover: 4
  RLT: 7
  Relax-and-lift: 324

Cleanup yields a better solution

Explored 2467284 nodes (86786922 simplex iterations) in 1200.05 seconds
Thread count was 32 (of 64 available processors)

Solution count 10: 127.333 127.333 127.333 ... 127.333

Time limit reached
Best objective 1.271531069781e+02, best bound 3.800000000000e+01, gap 70.1148%
