
Gurobi 9.1.2 (linux64) logging started Mon Apr  4 03:37:30 2022

Changed value of parameter LogFile to us-ca_v-SaltL....log
   Prev:   Default: 
Changed value of parameter MIPFocus to 1
   Prev: 0  Min: 0  Max: 3  Default: 0
Changed value of parameter TimeLimit to 1200.0
   Prev: inf  Min: 0.0  Max: inf  Default: inf
Warning: variables 0 and 200 have the same name "X[Houston,ElPaso]"
Warning: linear constraint 240 and linear constraint 241 have the same name "weight-constr-t5"
Warning: to let Gurobi read it back, use rlp format
Gurobi Optimizer version 9.1.2 build v9.1.2rc0 (linux64)
Thread count: 32 physical cores, 64 logical processors, using up to 32 threads
Optimize a model with 1418 rows, 1200 columns and 4176 nonzeros
Model fingerprint: 0x3058a92c
Variable types: 234 continuous, 966 integer (966 binary)
Coefficient statistics:
  Matrix range     [1e+00, 1e+06]
  Objective range  [2e-01, 2e-01]
  Bounds range     [1e+00, 5e+05]
  RHS range        [1e+00, 1e+06]
Presolve removed 114 rows and 138 columns
Presolve time: 0.01s
Presolved: 1304 rows, 1062 columns, 6636 nonzeros
Variable types: 228 continuous, 834 integer (834 binary)

Root relaxation: objective 3.800000e+01, 154 iterations, 0.00 seconds

    Nodes    |    Current Node    |     Objective Bounds      |     Work
 Expl Unexpl |  Obj  Depth IntInf | Incumbent    BestBd   Gap | It/Node Time

     0     0   38.00000    0   59          -   38.00000      -     -    0s
     0     0   38.00000    0   59          -   38.00000      -     -    0s
H    0     0                     801.6666658   38.00000  95.3%     -    0s
H    0     0                     667.6666665   38.00000  94.3%     -    0s
     0     0   38.00000    0   40  667.66667   38.00000  94.3%     -    0s
H    0     0                     606.6666667   38.00000  93.7%     -    0s
H    0     0                     606.6666664   38.00000  93.7%     -    0s
     0     0   38.00000    0   37  606.66667   38.00000  93.7%     -    0s
H    0     0                     606.4999997   38.00000  93.7%     -    0s
     0     0   38.00000    0   40  606.50000   38.00000  93.7%     -    0s
H    0     0                     577.3333332   38.00000  93.4%     -    0s
     0     0   38.00000    0   37  577.33333   38.00000  93.4%     -    0s
H    0     0                     574.3333332   38.00000  93.4%     -    0s
H    0     0                     574.1666666   38.00000  93.4%     -    0s
     0     2   38.00000    0   37  574.16667   38.00000  93.4%     -    0s
H   50    60                     573.1666666   38.00000  93.4%  17.4    0s
H   52    60                     572.9999999   38.00000  93.4%  17.4    0s
H   95   124                     571.7777778   38.00000  93.4%  14.1    1s
H   97   124                     571.6666667   38.00000  93.4%  14.1    1s
H   99   124                     571.1666667   38.00000  93.3%  14.0    1s
H  102   124                     318.0000000   38.00000  88.1%  13.9    1s
H  104   124                     304.1666667   38.00000  87.5%  13.8    1s
H  125   124                     303.1666667   38.00000  87.5%  12.4    1s
H  132   156                     303.0000000   38.00000  87.5%  12.1    1s
H  136   156                     302.9999946   38.00000  87.5%  12.0    1s
H 1345  1545                     302.7500000   38.00000  87.4%   6.6    3s
H 2794  2635                     302.6666667   38.00000  87.4%   6.5    4s
H 2817  2635                     301.6666667   38.00000  87.4%   6.5    4s
  2830  2666   59.00000   71   35  301.66667   38.00000  87.4%   6.5    5s
H 2831  2666                     301.3333333   38.00000  87.4%   6.5    5s
H 2851  2666                     301.3333332   38.00000  87.4%   6.5    5s
H 2934  3713                     301.1666617   38.00000  87.4%   6.5    5s
H 2971  3713                     301.1666616   38.00000  87.4%   6.5    5s
H 3604  3713                     301.1666585   38.00000  87.4%   6.4    5s
H 4056  3744                     301.0000000   38.00000  87.4%   6.3    6s
H 5042  4715                     300.9999999   38.00000  87.4%   6.1    7s
 11059  9568  116.16667  144  100  301.00000   38.00000  87.4%   5.8   10s
 13795 11392   38.00000   44  189  301.00000   38.00000  87.4%  10.3   15s
 19879 15369   44.83333   69  167  301.00000   38.00000  87.4%  13.1   20s
H21344 14400                     299.6666667   38.00000  87.3%  13.6   20s
H21557 14233                     299.3333333   38.00000  87.3%  13.7   20s
H21606 13785                     298.5000000   38.00000  87.3%  13.7   20s
H21708 13340                     298.0000000   38.00000  87.2%  13.7   20s
H21739 12938                     297.6666667   38.00000  87.2%  13.7   20s
H22213 14263                     297.5000000   38.00000  87.2%  13.9   21s
H22321 13874                     296.6666667   38.00000  87.2%  13.9   21s
H23412 13174                     296.0000000   38.00000  87.2%  14.3   21s
H24269 12569                     295.6666667   38.00000  87.1%  14.4   21s
H24352 15572                     295.1666667   38.00000  87.1%  14.4   22s
H24500 15236                     295.0000000   38.00000  87.1%  14.4   22s
H24664 14905                     294.5000000   38.00000  87.1%  14.5   22s
H28065 14254                     294.0000000   38.00000  87.1%  15.5   22s
H28518 14840                     288.1666667   38.00000  86.8%  15.6   23s
H29405 18093                     287.5000000   38.00000  86.8%  16.0   24s
H29968 18083                     287.3333333   38.00000  86.8%  16.1   24s
H30466 18081                     287.0000000   38.00000  86.8%  16.3   24s
H30713 18080                     286.5000000   38.00000  86.7%  16.3   24s
H33567 19948                     286.3333333   38.00000  86.7%  16.9   25s
H33619 19937                     286.0000000   38.00000  86.7%  16.9   25s
H36010 22109                     285.6666667   38.00000  86.7%  17.3   25s
 39460 24650   51.65408  107   80  285.66667   38.00000  86.7%  18.2   30s
H40425 24650                     285.6666666   38.00000  86.7%  18.2   30s
H42595 27602                     285.6666662   38.00000  86.7%  18.6   31s
H46790 28343                     285.6666590   38.00000  86.7%  19.8   34s
 46983 31433  111.58333   85  112  285.66666   38.00000  86.7%  19.9   36s
H47000 31433                     285.6666589   38.00000  86.7%  19.9   36s
H47446 31433                     285.6666588   38.00000  86.7%  20.1   36s
 58538 41820   40.30987  118  132  285.66666   38.00000  86.7%  21.5   41s
H64419 41820                     285.6666588   38.00000  86.7%  21.9   41s
H65963 43691                     285.6666587   38.00000  86.7%  21.9   42s
H66301 43691                     285.6666554   38.00000  86.7%  21.9   42s
H67129 43691                     285.6666516   38.00000  86.7%  22.0   42s
H68300 47107                     285.6666515   38.00000  86.7%  22.0   43s
 73084 47132   97.25011   94  120  285.66665   38.00000  86.7%  22.2   49s
 73122 50182   97.33344   95  117  285.66665   38.00000  86.7%  22.2   50s
 88493 64441   38.00000   64  171  285.66665   38.00000  86.7%  23.3   56s
 107131 73650   38.50000   99  114  285.66665   38.00000  86.7%  24.9   61s
 113549 77941   93.33333  162   60  285.66665   38.00000  86.7%  25.6   67s
 117886 86260  214.36111  102   70  285.66665   38.00000  86.7%  25.9   71s
 128973 93558  167.16667  141   76  285.66665   38.00000  86.7%  26.4   77s
 144369 100293  268.16688  167   15  285.66665   38.00000  86.7%  26.7   83s
 144403 103612 infeasible  168       285.66665   38.00000  86.7%  26.7   85s
 163113 115822   41.50020   89  160  285.66665   38.00000  86.7%  26.8   90s
H172952 119092                     285.6666514   38.00000  86.7%  26.8   92s
 180176 126931   62.83975  111   90  285.66665   38.00000  86.7%  27.0   95s
 195637 137200     cutoff  127       285.66665   38.00000  86.7%  27.5  100s
 211669 143996     cutoff  106       285.66665   38.00000  86.7%  27.7  106s
 212534 160056   51.50000   77  121  285.66665   38.00000  86.7%  27.7  118s
 236072 168878 infeasible  143       285.66665   38.00000  86.7%  28.1  122s
 255570 177324   40.66845  119  145  285.66665   38.00000  86.7%  28.6  126s
 265292 184304   42.23325  104  123  285.66665   38.00000  86.7%  28.7  131s
 273875 191526   38.00000   93  164  285.66665   38.00000  86.7%  28.9  135s
 292137 200002   60.33338  143  127  285.66665   38.00000  86.7%  29.1  141s
 298708 207629 infeasible  155       285.66665   38.00000  86.7%  29.1  145s
 314948 220279   68.83333  136   95  285.66665   38.00000  86.7%  29.3  150s
 328401 227035   41.66667  111   94  285.66665   38.00000  86.7%  29.3  155s
 338484 230450   38.00000   46  199  285.66665   38.00000  86.7%  29.4  160s
H338560 230450                     285.6666247   38.00000  86.7%  29.4  160s
 350867 242046   38.16667   80  154  285.66662   38.00000  86.7%  29.4  166s
H357594 245022                     285.6663730   38.00000  86.7%  29.4  167s
H362492 247994                     285.6653660   38.00000  86.7%  29.4  168s
 366678 250156   63.16793  113  104  285.66537   38.00000  86.7%  29.4  170s
H366801 250156                     285.6640233   38.00000  86.7%  29.4  170s
H370917 252257                     285.6613380   38.00000  86.7%  29.3  173s
 373608 256250   55.16677   65  166  285.66134   38.00000  86.7%  29.4  176s
H375106 256244                     285.5000000   38.00000  86.7%  29.4  176s
H380861 260685                     285.3333333   38.00000  86.7%  29.5  178s
 387026 263016  246.75011  120   99  285.33333   38.00000  86.7%  29.4  180s
H396970 268673                     285.3333333   38.00000  86.7%  29.5  183s
 398666 272461  163.81961  114   97  285.33333   38.00000  86.7%  29.5  186s
H404139 272581                     285.3333291   38.00000  86.7%  29.6  189s
 404291 294418   38.00000   72  182  285.33333   38.00000  86.7%  29.6  200s
H415328 294418                     285.3333284   38.00000  86.7%  29.7  200s
H432728 294418                     285.3333231   38.00000  86.7%  29.8  200s
 450050 306843   46.37574  104  159  285.33332   38.00000  86.7%  29.9  205s
 462278 314155  118.50011  113   86  285.33332   38.00000  86.7%  29.9  212s
 467074 315660   38.50000   74  127  285.33332   38.00000  86.7%  30.0  215s
 489799 329968   54.83333  121  121  285.33332   38.00000  86.7%  30.1  223s
H489945 329968                     285.3331276   38.00000  86.7%  30.1  223s
 490113 330688   62.33418  122  114  285.33313   38.00000  86.7%  30.1  225s
H490168 330688                     285.3322455   38.00000  86.7%  30.1  225s
H490384 330688                     285.3322454   38.00000  86.7%  30.1  225s
H491149 330688                     285.3322441   38.00000  86.7%  30.1  225s
H491175 335238                     285.3310822   38.00000  86.7%  30.1  228s
 498011 339976     cutoff  121       285.33108   38.00000  86.7%  30.2  230s
 511709 343748  100.83354  138   91  285.33108   38.00000  86.7%  30.2  237s
 511774 345187  101.00257  139   95  285.33108   38.00000  86.7%  30.2  240s
 524159 351899     cutoff  120       285.33108   38.00000  86.7%  30.2  247s
 529243 359909 infeasible  106       285.33108   38.00000  86.7%  30.2  251s
 539407 364529  203.00989  133   82  285.33108   38.00000  86.7%  30.2  256s
 551379 368843   38.00000   84  167  285.33108   38.00000  86.7%  30.2  262s
 551421 372742   38.00000   85  169  285.33108   38.00000  86.7%  30.2  265s
 560975 380444   41.17624  126  154  285.33108   38.00000  86.7%  30.3  270s
 578792 388053  179.00000  139   81  285.33108   38.00000  86.7%  30.3  275s
 586924 392466   46.66667   83  147  285.33108   38.00000  86.7%  30.3  285s
 599599 400078   39.33333   76  124  285.33108   38.00000  86.7%  30.3  291s
 608041 406924   38.00000   83  174  285.33108   38.00000  86.7%  30.3  296s
 618324 411550   76.55292   83  124  285.33108   38.00000  86.7%  30.3  302s
 623784 415299   38.00000   69  193  285.33108   38.00000  86.7%  30.3  310s
 623823 436844   38.00000   70  188  285.33108   38.00000  86.7%  30.3  324s
 655855 441919   78.94444  121  119  285.33108   38.00000  86.7%  30.4  327s
 665767 447377  135.50316  130   72  285.33108   38.00000  86.7%  30.4  331s
 678045 453198   40.80995   96  159  285.33108   38.00000  86.7%  30.4  335s
 694864 463081     cutoff  112       285.33108   38.00000  86.7%  30.3  342s
 704362 471105  266.83333  152   60  285.33108   38.00000  86.7%  30.3  345s
 719947 483359   38.50063  125  149  285.33108   38.00000  86.7%  30.3  350s
 732619 487581   59.67082  104  116  285.33108   38.00000  86.7%  30.3  357s
 737996 492436  217.58333  133   93  285.33108   38.00000  86.7%  30.3  361s
 744052 499391   41.83333   86  151  285.33108   38.00000  86.7%  30.3  367s
 750024 520411   40.50055  118  126  285.33108   38.00000  86.7%  30.3  391s
 790260 525395   38.66667  108  148  285.33108   38.00000  86.7%  30.3  395s
 797209 533335  104.16793  154   74  285.33108   38.00000  86.7%  30.3  402s
 802428 537393  229.16667  180   63  285.33108   38.00000  86.7%  30.3  405s
 812111 544873 infeasible  119       285.33108   38.00000  86.7%  30.3  412s
 819217 548770   40.66667  114  143  285.33108   38.00000  86.7%  30.3  417s
 829653 554996  149.83418  137   49  285.33108   38.00000  86.7%  30.3  420s
 838320 560451   50.00000  134   78  285.33108   38.00000  86.7%  30.2  425s
 855551 571064   89.66667  137  114  285.33108   38.00000  86.7%  30.2  431s
 864454 573692   43.50000  118  131  285.33108   38.00000  86.7%  30.2  435s
 873698 584400   41.16751   96  174  285.33108   38.00000  86.7%  30.1  440s
 889839 591330   38.00000   72  174  285.33108   38.00000  86.7%  30.0  447s
 896716 599435   38.00000   68  175  285.33108   38.00000  86.7%  30.0  451s
 905239 599684 infeasible  136       285.33108   38.00000  86.7%  30.0  457s
 905671 619638   92.00021  137   93  285.33108   38.00000  86.7%  30.0  466s
 946788 627138   38.66304   90  184  285.33108   38.00000  86.7%  29.9  471s
 959420 634669   50.19707  142  129  285.33108   38.00000  86.7%  29.9  475s
 974164 644257   39.83365  105  146  285.33108   38.00000  86.7%  29.8  482s
 984390 653014  208.17012  120  125  285.33108   38.00000  86.7%  29.8  486s
 992824 653222   42.83429  111  146  285.33108   38.00000  86.7%  29.8  490s
 993855 658257   66.01354  113  145  285.33108   38.00000  86.7%  29.8  495s
 1013550 669153  215.33587  158   80  285.33108   38.00000  86.7%  29.8  501s
 1020013 674225  188.11111  150   42  285.33108   38.00000  86.7%  29.8  506s
 1034148 682742  224.25036  173  117  285.33108   38.00000  86.7%  29.7  511s
 1043084 684067   38.66667  120  153  285.33108   38.00000  86.7%  29.7  519s
 1043121 689275   38.66667  121  149  285.33108   38.00000  86.7%  29.7  522s
 1050139 689294  121.83349  178   82  285.33108   38.00000  86.7%  29.7  528s
 1050184 689819  122.16683  178   80  285.33108   38.00000  86.7%  29.7  530s
 1064603 703474  263.33333  130   98  285.33108   38.00000  86.7%  29.7  536s
 1072339 704362   87.16698  115   91  285.33108   38.00000  86.7%  29.7  541s
 1073444 706704  120.83460  125   72  285.33108   38.00000  86.7%  29.7  545s
 1077659 706729   42.00000  125  143  285.33108   38.00000  86.7%  29.7  555s
 1086103 715298  205.49413  111  138  285.33108   38.00000  86.7%  29.7  560s
 1098143 723072   82.83333  139  116  285.33108   38.00000  86.7%  29.6  567s
 1109173 730564  154.50000  176   48  285.33108   38.00000  86.7%  29.7  571s
 1115952 734363 infeasible  113       285.33108   38.00000  86.7%  29.7  576s
 1125208 740769  145.08333  167   64  285.33108   38.00000  86.7%  29.7  580s
 1138414 746808  109.00000  127  115  285.33108   38.00000  86.7%  29.7  586s
 1149445 755593   49.66667  127  121  285.33108   38.00000  86.7%  29.7  591s
 1154894 755630   42.00000  117  124  285.33108   38.00000  86.7%  29.7  596s
 1161529 760181 infeasible  163       285.33108   38.00000  86.7%  29.7  604s
 1161854 780346   52.83333  162  105  285.33108   38.00000  86.7%  29.7  621s
 1200243 788765   50.33333  132  129  285.33108   38.00000  86.7%  29.7  626s
 1211375 794263   57.00894  139   91  285.33108   38.00000  86.7%  29.6  630s
 1217314 794292   38.83333  117  144  285.33108   38.00000  86.7%  29.6  636s
 1219446 799791   43.00432  131  132  285.33108   38.00000  86.7%  29.7  640s
 1233441 807541 infeasible  128       285.33108   38.00000  86.7%  29.6  645s
 1247262 816101   39.16667  113  136  285.33108   38.00000  86.7%  29.6  650s
 1252264 816121   91.17105  148   96  285.33108   38.00000  86.7%  29.7  656s
 1258322 823844  250.66667  114  106  285.33108   38.00000  86.7%  29.7  661s
 1274757 833481   41.08507  126  122  285.33108   38.00000  86.7%  29.6  666s
 1280919 833513   38.00000  122  160  285.33108   38.00000  86.7%  29.6  670s
 1289090 843944   55.00116  137  114  285.33108   38.00000  86.7%  29.7  675s
 1303163 851065   45.50332  132  121  285.33108   38.00000  86.7%  29.7  681s
 1316888 858451   46.16777  127  144  285.33108   38.00000  86.7%  29.7  686s
 1320199 860638  280.50257  163   72  285.33108   38.00000  86.7%  29.7  691s
 1334509 870359  137.25908  154  118  285.33108   38.00000  86.7%  29.7  697s
 1338766 875673  203.83339  114  125  285.33108   38.00000  86.7%  29.7  701s
 1353668 884311 infeasible  136       285.33108   38.00000  86.7%  29.7  706s
 1369981 892971   89.00021  182   87  285.33108   38.00000  86.7%  29.7  711s
 1378281 899877   52.17814  120   89  285.33108   38.00000  86.7%  29.7  715s
 1383609 899907   38.66667  104  135  285.33108   38.00000  86.7%  29.7  723s
 1383643 919250   38.66667  105  134  285.33108   38.00000  86.7%  29.7  730s
 1422158 927445   49.41715  125  125  285.33108   38.00000  86.7%  29.7  735s
 1438728 936411   84.83418  118  131  285.33108   38.00000  86.7%  29.7  740s
 1457811 945797   38.85120  101  150  285.33108   38.00000  86.7%  29.7  746s
 1471252 954045   38.13537  104  170  285.33108   38.00000  86.7%  29.7  750s
 1486899 962345  233.66667  178   61  285.33108   38.00000  86.7%  29.7  758s
 1488357 966193  104.16667  183   83  285.33108   38.00000  86.7%  29.7  761s
 1503029 972112   54.00000  115  134  285.33108   38.00000  86.7%  29.7  766s
H1503324 972112                     285.3309726   38.00000  86.7%  29.7  766s
H1503900 972928                     285.3284607   38.00000  86.7%  29.7  770s
H1503922 972928                     285.3283986   38.00000  86.7%  29.7  770s
H1505300 977714                     285.3205443   38.00000  86.7%  29.7  772s
H1505433 977714                     285.3139181   38.00000  86.7%  29.7  772s
H1512062 982517                     285.2961923   38.00000  86.7%  29.7  775s
 1525270 989344   48.08339  137  117  285.29619   38.00000  86.7%  29.7  782s
H1527055 989342                     285.2502377   38.00000  86.7%  29.7  782s
 1530254 989379   89.16677  170   85  285.25024   38.00000  86.7%  29.7  786s
H1530924 992716                     285.1889649   38.00000  86.7%  29.7  788s
 1536390 995011  210.66982  208   45  285.18896   38.00000  86.7%  29.7  791s
 1543844 997643   63.25000  142  138  285.18896   38.00000  86.7%  29.7  795s
 1544768 1017121   92.83333  165  105  285.18896   38.00000  86.7%  29.7  804s
 1558782 1017121     cutoff  159       285.18896   38.00000  86.7%  29.7  805s
 1584163 1024290   50.33333  127  111  285.18896   38.00000  86.7%  29.7  810s
 1589973 1029202   59.92818  108  130  285.18896   38.00000  86.7%  29.7  816s
 1602434 1033685  209.50000  118  106  285.18896   38.00000  86.7%  29.7  821s
 1604518 1037678   84.66704  107  118  285.18896   38.00000  86.7%  29.7  826s
 1619055 1046055  276.00000  160   62  285.18896   38.00000  86.7%  29.7  830s
 1627964 1049431 infeasible   86       285.18896   38.00000  86.7%  29.7  835s
 1634271 1057858   50.33333  146  104  285.18896   38.00000  86.7%  29.7  840s
 1646599 1062602 infeasible  124       285.18896   38.00000  86.7%  29.7  846s
 1655704 1069608   38.50000  110  150  285.18896   38.00000  86.7%  29.7  852s
 1659373 1073742   53.84120  156   70  285.18896   38.00000  86.7%  29.7  855s
 1674479 1079918  271.91667  136   67  285.18896   38.00000  86.7%  29.7  862s
 1674514 1098715  271.91667  136   69  285.18896   38.00000  86.7%  29.7  881s
 1714827 1105591   87.33472  171  100  285.18896   38.00000  86.7%  29.7  886s
 1728241 1113314   39.33333  106  127  285.18896   38.00000  86.7%  29.7  891s
 1739543 1121150  236.84510  135  109  285.18896   38.00000  86.7%  29.7  895s
 1755869 1128407   53.16667  140  133  285.18896   38.00000  86.7%  29.7  902s
 1758631 1131231   44.66667  147  119  285.18896   38.00000  86.7%  29.7  905s
 1772198 1139942  126.33336  137  111  285.18896   38.00000  86.7%  29.7  910s
 1785219 1145145  130.33447  139   96  285.18896   38.00000  86.7%  29.7  917s
 1790908 1151979   78.24186  119  135  285.18896   38.00000  86.7%  29.7  920s
 1796904 1152487   39.50000  142  138  285.18896   38.00000  86.7%  29.6  925s
 1801586 1158918   54.50000  123  119  285.18896   38.00000  86.7%  29.7  930s
 1818619 1166476   38.36237  131  130  285.18896   38.00000  86.7%  29.7  936s
 1823578 1173450 infeasible  170       285.18896   38.00000  86.7%  29.7  940s
 1843157 1183210   88.33333  151   90  285.18896   38.00000  86.7%  29.7  946s
 1853787 1186934  235.67205  146  110  285.18896   38.00000  86.7%  29.6  950s
 1867239 1196263  111.83333  173   52  285.18896   38.00000  86.7%  29.6  957s
 1870009 1196302   41.00672  106  117  285.18896   38.00000  86.7%  29.6  960s
 1877980 1204466   84.00278  133   87  285.18896   38.00000  86.7%  29.6  966s
 1889606 1211303  259.50032  160   97  285.18896   38.00000  86.7%  29.6  970s
 1896301 1230828   42.33378  140  139  285.18896   38.00000  86.7%  29.6  979s
 1928333 1235913   38.33333  143  126  285.18896   38.00000  86.7%  29.6  981s
 1940668 1241549   41.33333  133  143  285.18896   38.00000  86.7%  29.6  985s
 1952644 1244992   38.16680   90  168  285.18896   38.00000  86.7%  29.6  994s
 1952682 1247745   38.16688   91  166  285.18896   38.00000  86.7%  29.6  997s
 1964645 1256938  136.83572  145   82  285.18896   38.00000  86.7%  29.6 1001s
 1979865 1265816 infeasible  121       285.18896   38.00000  86.7%  29.6 1005s
 1989206 1273457     cutoff  174       285.18896   38.00000  86.7%  29.6 1010s
 2006821 1282801  239.01899  159   67  285.18896   38.00000  86.7%  29.5 1016s
 2012229 1282824   38.00000   98  160  285.18896   38.00000  86.7%  29.5 1020s
 2019841 1291250   45.50021  129  107  285.18896   38.00000  86.7%  29.5 1027s
 2025624 1291273  195.66667  201   51  285.18896   38.00000  86.7%  29.5 1030s
 2036871 1301376   79.97939  144  139  285.18896   38.00000  86.7%  29.5 1036s
 2047452 1308028   38.16703  100  155  285.18896   38.00000  86.7%  29.5 1040s
 2053360 1328362     cutoff  153       285.18896   38.00000  86.7%  29.5 1052s
 2092819 1333103  174.66667  166   65  285.18896   38.00000  86.7%  29.5 1061s
 2102473 1341805   61.50126  110  126  285.18896   38.00000  86.7%  29.5 1067s
 2110691 1346716 infeasible  178       285.18896   38.00000  86.7%  29.4 1070s
 2124110 1355223 infeasible  129       285.18896   38.00000  86.7%  29.4 1075s
 2138896 1363778  264.01077  124   57  285.18896   38.00000  86.7%  29.4 1080s
 2156231 1375049   62.36802  171  126  285.18896   38.00000  86.7%  29.4 1086s
 2170021 1382944   40.66667  107  154  285.18896   38.00000  86.7%  29.4 1091s
 2180193 1389375   38.28571  142  139  285.18896   38.00000  86.7%  29.4 1095s
 2196955 1399568  156.50329  165  101  285.18896   38.00000  86.7%  29.4 1100s
 2213785 1408994   62.70899  105  120  285.18896   38.00000  86.7%  29.3 1107s
 2227139 1413394  275.00021  162   65  285.18896   38.00000  86.7%  29.3 1115s
 2235969 1418822  144.52274  170   55  285.18896   38.00000  86.7%  29.3 1121s
 2241749 1422071   38.83340  104  192  285.18896   38.00000  86.7%  29.3 1125s
 2246634 1444195   49.66777  126  140  285.18896   38.00000  86.7%  29.3 1152s
 2278666 1449385   39.83333  133  147  285.18896   38.00000  86.7%  29.3 1157s
 2286984 1449412  246.67662  140   82  285.18896   38.00000  86.7%  29.3 1163s
 2291428 1454298  126.00005  130  115  285.18896   38.00000  86.7%  29.3 1165s
 2311796 1467565   38.01478  116  163  285.18896   38.00000  86.7%  29.3 1172s
 2318434 1469586  136.66896  170   93  285.18896   38.00000  86.7%  29.3 1175s
 2332516 1479051   38.50000  110  128  285.18896   38.00000  86.7%  29.2 1181s
 2347758 1488930   47.83418  136  108  285.18896   38.00000  86.7%  29.2 1185s
 2360714 1491732  129.00016  117   81  285.18896   38.00000  86.7%  29.2 1190s
 2369638 1500069     cutoff  148       285.18896   38.00000  86.7%  29.2 1196s
 2379728 1508383   38.50000   96  130  285.18896   38.00000  86.7%  29.2 1200s

Cutting planes:
  Learned: 201
  Gomory: 15
  Cover: 108
  Implied bound: 109
  Clique: 13
  MIR: 348
  StrongCG: 1
  Flow cover: 828
  GUB cover: 2
  RLT: 1
  Relax-and-lift: 233

Cleanup yields a better solution

Explored 2388342 nodes (69714340 simplex iterations) in 1200.18 seconds
Thread count was 32 (of 64 available processors)

Solution count 10: 285.189 285.331 285.333 ... 285.667

Time limit reached
Best objective 2.807952232679e+02, best bound 3.800000000000e+01, gap 86.4670%
