
Gurobi 9.1.2 (linux64) logging started Mon Apr  4 08:58:56 2022

Changed value of parameter LogFile to us-ca_v-Dallas.log
   Prev:   Default: 
Changed value of parameter MIPFocus to 1
   Prev: 0  Min: 0  Max: 3  Default: 0
Changed value of parameter TimeLimit to 1200.0
   Prev: inf  Min: 0.0  Max: inf  Default: inf
Warning: variables 0 and 200 have the same name "X[Houston,ElPaso]"
Warning: linear constraint 240 and linear constraint 241 have the same name "weight-constr-t5"
Warning: to let Gurobi read it back, use rlp format
Gurobi Optimizer version 9.1.2 build v9.1.2rc0 (linux64)
Thread count: 32 physical cores, 64 logical processors, using up to 32 threads
Optimize a model with 1418 rows, 1200 columns and 4176 nonzeros
Model fingerprint: 0x88318676
Variable types: 234 continuous, 966 integer (966 binary)
Coefficient statistics:
  Matrix range     [1e+00, 1e+06]
  Objective range  [2e-01, 2e-01]
  Bounds range     [1e+00, 5e+05]
  RHS range        [1e+00, 1e+06]
Presolve removed 108 rows and 132 columns
Presolve time: 0.02s
Presolved: 1310 rows, 1068 columns, 6696 nonzeros
Variable types: 228 continuous, 840 integer (840 binary)

Root relaxation: objective 3.800000e+01, 152 iterations, 0.00 seconds

    Nodes    |    Current Node    |     Objective Bounds      |     Work
 Expl Unexpl |  Obj  Depth IntInf | Incumbent    BestBd   Gap | It/Node Time

     0     0   38.00000    0   56          -   38.00000      -     -    0s
     0     0   38.00000    0   59          -   38.00000      -     -    0s
     0     0   38.00000    0   59          -   38.00000      -     -    0s
H    0     0                     613.4999994   38.00000  93.8%     -    0s
H    0     0                     567.3333331   38.00000  93.3%     -    0s
     0     0   38.00000    0   49  567.33333   38.00000  93.3%     -    0s
H    0     0                     566.9999998   38.00000  93.3%     -    0s
H    0     0                     564.4999998   38.00000  93.3%     -    0s
     0     0   38.00000    0   50  564.50000   38.00000  93.3%     -    0s
H    0     0                     561.6666666   38.00000  93.2%     -    0s
     0     0   38.00000    0   51  561.66667   38.00000  93.2%     -    0s
     0     0   38.00000    0   42  561.66667   38.00000  93.2%     -    0s
     0     0   38.00000    0   40  561.66667   38.00000  93.2%     -    0s
H    0     0                     561.4999999   38.00000  93.2%     -    0s
H    0     0                     308.1666662   38.00000  87.7%     -    0s
H    0     0                     307.9999995   38.00000  87.7%     -    0s
H    0     2                     307.9999989   38.00000  87.7%     -    0s
     0     2   38.00000    0   38  308.00000   38.00000  87.7%     -    0s
H    2     4                     307.8333322   38.00000  87.7%   139    0s
H    3     8                     307.8314449   38.00000  87.7%  99.0    0s
H   31    64                     305.8314449   38.00000  87.6%  17.6    1s
H   95   128                     303.6666666   38.00000  87.5%  11.3    2s
H   98   128                     303.3333333   38.00000  87.5%  11.1    2s
H  100   128                     303.1666667   38.00000  87.5%  10.9    2s
H  108   128                     218.1666667   38.00000  82.6%  10.7    2s
H  118   128                     179.8333333   38.00000  78.9%  10.7    2s
H  159   192                     179.6666667   38.00000  78.8%   9.9    4s
H  161   192                     179.5000000   38.00000  78.8%   9.9    4s
H  167   192                     179.1666667   38.00000  78.8%   9.7    4s
H  191   252                     179.0000000   38.00000  78.8%   9.5    4s
H  195   252                     178.8333333   38.00000  78.8%   9.6    4s
H  203   252                     178.6666667   38.00000  78.7%   9.6    4s
H  480   622                     178.6666666   38.00000  78.7%   8.8    4s
H  636   654                     178.3333333   38.00000  78.7%   8.7    5s
H  638   654                     178.0000000   38.00000  78.7%   8.7    5s
H  672   686                     177.9999996   38.00000  78.7%   8.6    7s
H 2237  2144                     177.9999996   38.00000  78.7%   7.5    9s
H 2240  2144                     177.9999993   38.00000  78.7%   7.5    9s
  3125  3095   38.00000   25   30  178.00000   38.00000  78.7%   7.2   10s
H 3131  3095                     177.9999992   38.00000  78.7%   7.2   10s
H 3267  3095                     173.1666667   38.00000  78.1%   7.2   10s
H 3503  4129                     172.0000000   38.00000  77.9%   7.1   11s
H 3579  4129                     169.6666667   38.00000  77.6%   7.1   11s
H 4695  5580                     168.6666667   38.00000  77.5%   6.9   11s
H 6435  7019                     168.5000000   38.00000  77.4%   6.6   11s
H 6714  7019                     167.8333333   38.00000  77.4%   6.6   11s
H 7800  7019                     167.6666667   38.00000  77.3%   6.4   11s
H 8168  7057                     167.5000000   38.00000  77.3%   6.4   12s
H 8171  7057                     167.0000000   38.00000  77.2%   6.4   12s
  8344  7160   38.00000   19  152  167.00000   38.00000  77.2%   9.3   15s
  8408  7203   38.00000   21  156  167.00000   38.00000  77.2%   9.6   21s
H 8581  6948                     164.8333333   38.00000  76.9%   9.9   22s
H 8600  6670                     164.1666667   38.00000  76.9%   9.9   24s
H 8606  6349                     164.0000000   38.00000  76.8%   9.9   24s
  9079  7026   38.00000   42  133  164.00000   38.00000  76.8%  10.7   25s
 13338 10433   43.00064  102   70  164.00000   38.00000  76.8%  14.0   32s
H14824  9634                     163.9999999   38.00000  76.8%  15.5   32s
H15603  9119                     163.9999998   38.00000  76.8%  16.1   33s
 15633 11899   70.85470  117   63  164.00000   38.00000  76.8%  16.1   35s
 23098 13473   47.00000   70   96  164.00000   38.00000  76.8%  18.9   40s
H23874 12957                     163.9999998   38.00000  76.8%  19.1   40s
H24566 13019                     163.9999998   38.00000  76.8%  19.3   42s
H24632 13019                     163.9999997   38.00000  76.8%  19.3   42s
H24843 15921                     163.9999996   38.00000  76.8%  19.3   44s
H24910 15921                     163.9999991   38.00000  76.8%  19.4   44s
 28494 17475   46.33376   65  150  164.00000   38.00000  76.8%  20.4   46s
 30852 21692   66.17287   72  119  164.00000   38.00000  76.8%  20.7   51s
 42038 28806     cutoff  142       164.00000   38.00000  76.8%  24.3   56s
 45909 28837   38.00000   46  153  164.00000   38.00000  76.8%  24.5   63s
H45914 28837                     163.9999990   38.00000  76.8%  24.5   63s
 45942 32012   38.00000   47  155  164.00000   38.00000  76.8%  24.5   66s
 53106 35994   71.16667  128   90  164.00000   38.00000  76.8%  25.0   71s
 61512 44746     cutoff  132       164.00000   38.00000  76.8%  25.6   80s
H71664 49527                     163.9999951   38.00000  76.8%  26.1   84s
H73602 49527                     163.9999680   38.00000  76.8%  26.4   84s
 74620 53838   39.67901   92  108  163.99997   38.00000  76.8%  26.6   87s
 80166 55727   73.50084  132   86  163.99997   38.00000  76.8%  27.2   90s
 88232 64761 infeasible  139       163.99997   38.00000  76.8%  27.6   97s
 95771 70103   91.19362   95   84  163.99997   38.00000  76.8%  27.8  101s
H96909 70103                     163.9999679   38.00000  76.8%  27.9  101s
 102621 71707   46.66667   59  116  163.99997   38.00000  76.8%  28.4  106s
 104518 76331   86.00000   99   88  163.99997   38.00000  76.8%  28.7  110s
 110852 76361   38.16667   74  124  163.99997   38.00000  76.8%  29.0  119s
 110886 81259   38.16667   75  122  163.99997   38.00000  76.8%  29.0  123s
 117398 83744   38.00000   75  153  163.99997   38.00000  76.8%  29.2  128s
 120801 90054   38.00000   78  147  163.99997   38.00000  76.8%  29.3  133s
 129152 95292   39.33333   54  118  163.99997   38.00000  76.8%  29.8  138s
 136120 100928   45.50000   69  122  163.99997   38.00000  76.8%  29.9  142s
 144394 102462  143.33333  125   56  163.99997   38.00000  76.8%  29.9  146s
 146702 107730  134.66667  110   83  163.99997   38.00000  76.8%  29.9  150s
 159606 115153  118.52158   90  132  163.99997   38.00000  76.8%  30.0  157s
 165259 119874  143.87799  116  107  163.99997   38.00000  76.8%  30.3  161s
 172140 122681   78.33333   68   98  163.99997   38.00000  76.8%  30.3  165s
 185900 130579  122.16667   93   99  163.99997   38.00000  76.8%  30.3  173s
 187593 134905   43.33565   82  117  163.99997   38.00000  76.8%  30.3  176s
 194012 139660   42.84772  108  152  163.99997   38.00000  76.8%  30.3  181s
 200357 144676   60.50107  132   67  163.99997   38.00000  76.8%  30.5  185s
 207162 149130  103.33333  115   86  163.99997   38.00000  76.8%  30.6  190s
 212849 151885   42.66923   88  103  163.99997   38.00000  76.8%  30.7  195s
 219445 158438   39.00236  121  164  163.99997   38.00000  76.8%  30.9  203s
 225561 164813   78.17389  167  101  163.99997   38.00000  76.8%  30.9  207s
 234883 165774   47.00001   80  107  163.99997   38.00000  76.8%  30.9  210s
 242531 172974  106.00000  133   74  163.99997   38.00000  76.8%  31.0  216s
 245993 177279   51.00021  106  104  163.99997   38.00000  76.8%  31.0  220s
 254921 185499   40.66667   54  136  163.99997   38.00000  76.8%  30.9  229s
 262866 189101  103.66667  141   48  163.99997   38.00000  76.8%  31.1  233s
 267565 191293   75.83912   82  115  163.99997   38.00000  76.8%  31.2  237s
 270445 196029   65.00000   60  113  163.99997   38.00000  76.8%  31.3  241s
 279084 203160   50.00000   99  106  163.99997   38.00000  76.8%  31.3  249s
 286838 207319  105.25227  103  102  163.99997   38.00000  76.8%  31.2  253s
 293191 211869   78.66987   95  104  163.99997   38.00000  76.8%  31.2  257s
 300198 213503   67.83333   97   91  163.99997   38.00000  76.8%  31.1  260s
 308585 222429   49.00000   92  105  163.99997   38.00000  76.8%  31.1  266s
 315730 226425   74.66667   93  127  163.99997   38.00000  76.8%  31.0  270s
 321959 231259   39.83333   88  126  163.99997   38.00000  76.8%  31.0  275s
 333074 237405 infeasible   77       163.99997   38.00000  76.8%  30.9  281s
 338777 239698     cutoff  122       163.99997   38.00000  76.8%  31.0  286s
 341714 245852   46.66863  110  101  163.99997   38.00000  76.8%  31.1  290s
 349999 245877 infeasible  174       163.99997   38.00000  76.8%  31.2  302s
 350038 269583  132.00000  175   29  163.99997   38.00000  76.8%  31.2  319s
 382070 269603   88.50000   87  101  163.99997   38.00000  76.8%  31.4  328s
 382111 292451   88.50000   88  100  163.99997   38.00000  76.8%  31.4  343s
 414143 292466   40.00000   82  112  163.99997   38.00000  76.8%  31.6  356s
 414188 314214   40.00000   83  110  163.99997   38.00000  76.8%  31.6  369s
 446220 319254 infeasible   94       163.99997   38.00000  76.8%  31.7  375s
 456649 324367     cutoff  111       163.99997   38.00000  76.8%  31.6  382s
 463090 325951  104.66589  135   99  163.99997   38.00000  76.8%  31.6  386s
 465712 330544  149.50000   95  117  163.99997   38.00000  76.8%  31.6  391s
 475567 337202  135.50000  112   61  163.99997   38.00000  76.8%  31.6  399s
 482828 339781  144.33333  116   74  163.99997   38.00000  76.8%  31.6  403s
 487010 344706   79.16667  107   91  163.99997   38.00000  76.8%  31.6  407s
 495286 345871   39.50000  115   89  163.99997   38.00000  76.8%  31.5  411s
 503779 351687   38.00000  102  156  163.99997   38.00000  76.8%  31.5  418s
 505948 356181   54.33333  124  136  163.99997   38.00000  76.8%  31.6  422s
 512118 360474     cutoff  121       163.99997   38.00000  76.8%  31.6  427s
 517650 362939   50.53232  149  109  163.99997   38.00000  76.8%  31.7  432s
 521036 368021  114.50000  160   68  163.99997   38.00000  76.8%  31.7  436s
 528591 370045   42.33333   77  111  163.99997   38.00000  76.8%  31.7  441s
 532122 375454  116.16667  120   82  163.99997   38.00000  76.8%  31.7  445s
 539489 377855   60.50021  134  100  163.99997   38.00000  76.8%  31.8  450s
 543184 384946  143.33333  100   73  163.99997   38.00000  76.8%  31.8  456s
 553304 388679   59.17365  105  121  163.99997   38.00000  76.8%  31.9  460s
 566069 395730     cutoff  113       163.99997   38.00000  76.8%  31.9  469s
 569200 399363   91.66667  136   85  163.99997   38.00000  76.8%  31.9  474s
 574823 402684     cutoff   91       163.99997   38.00000  76.8%  31.9  478s
 579844 407898   38.00000   70  146  163.99997   38.00000  76.8%  32.0  481s
 588085 410879   38.29754   80  141  163.99997   38.00000  76.8%  31.9  485s
 596348 418092   43.00000  101  127  163.99997   38.00000  76.8%  32.0  494s
 603389 420387     cutoff  103       163.99997   38.00000  76.8%  32.0  499s
 606830 427956   58.83333  108   96  163.99997   38.00000  76.8%  32.0  504s
 610587 427956   39.00021   97  111  163.99997   38.00000  76.8%  32.1  505s
 617887 429616   40.83333  107  113  163.99997   38.00000  76.8%  32.1  510s
 626816 437408   45.03390  117  116  163.99997   38.00000  76.8%  32.1  519s
 631587 441182   62.00000  141  114  163.99997   38.00000  76.8%  32.1  525s
 641213 450383   82.00836  150  104  163.99997   38.00000  76.8%  32.3  533s
 650229 452899  119.17129  136   69  163.99997   38.00000  76.8%  32.3  537s
 653997 455901   41.16667  113  126  163.99997   38.00000  76.8%  32.3  540s
 661237 463309   54.66667   83  123  163.99997   38.00000  76.8%  32.4  549s
 669143 468706   40.16667  103  149  163.99997   38.00000  76.8%  32.4  553s
 676450 471026  114.16795  143   46  163.99997   38.00000  76.8%  32.4  557s
 679965 475502   38.00000   71  120  163.99997   38.00000  76.8%  32.4  561s
 686232 478407  143.83333   89  106  163.99997   38.00000  76.8%  32.5  565s
 690604 482913     cutoff  141       163.99997   38.00000  76.8%  32.4  570s
 699790 488006   39.33333  108  124  163.99997   38.00000  76.8%  32.5  580s
 708131 495969 infeasible  142       163.99997   38.00000  76.8%  32.5  589s
 717464 498203  125.25627  123  118  163.99997   38.00000  76.8%  32.5  592s
 721295 501977   38.00000   83  114  163.99997   38.00000  76.8%  32.5  597s
 726845 504822   46.83333  142   85  163.99997   38.00000  76.8%  32.6  601s
 730805 509776  119.33333  179   63  163.99997   38.00000  76.8%  32.6  605s
 741799 514177   40.16667   89  169  163.99997   38.00000  76.8%  32.6  613s
 746329 516738   40.16667   91  169  163.99997   38.00000  76.8%  32.6  617s
 750527 520699 infeasible  156       163.99997   38.00000  76.8%  32.5  622s
 757397 523659   38.00000   83  139  163.99997   38.00000  76.8%  32.5  627s
 762397 525583     cutoff  160       163.99997   38.00000  76.8%  32.5  631s
 765769 532727   41.34902  108  116  163.99997   38.00000  76.8%  32.5  637s
 777400 534334   49.83333  150   80  163.99997   38.00000  76.8%  32.5  641s
 779782 538452   52.34863  168   84  163.99997   38.00000  76.8%  32.5  646s
 786245 541411   49.16667  141  101  163.99997   38.00000  76.8%  32.5  650s
 790341 545816   39.66667  141  116  163.99997   38.00000  76.8%  32.5  655s
 797003 548764   40.83333  122  112  163.99997   38.00000  76.8%  32.5  661s
 801816 553990   47.84054   86  125  163.99997   38.00000  76.8%  32.6  667s
 810757 556186   38.00000  113  126  163.99997   38.00000  76.8%  32.6  672s
 813983 560633   50.17631  131  122  163.99997   38.00000  76.8%  32.6  678s
 820800 562163   51.16667  136  101  163.99997   38.00000  76.8%  32.6  682s
 823168 566772   58.16670  137   91  163.99997   38.00000  76.8%  32.6  686s
 829953 569528   72.84910  152   85  163.99997   38.00000  76.8%  32.6  692s
 834272 574948   80.69099  164   66  163.99997   38.00000  76.8%  32.6  698s
 843077 577474   40.16667  120  140  163.99997   38.00000  76.8%  32.6  703s
 846755 582064 infeasible  153       163.99997   38.00000  76.8%  32.7  707s
 854649 585488   38.33333  110  115  163.99997   38.00000  76.8%  32.6  712s
 860130 588859 infeasible  144       163.99997   38.00000  76.8%  32.6  717s
 865265 593582   72.00000  110   96  163.99997   38.00000  76.8%  32.6  723s
 873030 596395   45.50000  112  130  163.99997   38.00000  76.8%  32.6  728s
 878417 600398   59.66667  105  118  163.99997   38.00000  76.8%  32.6  732s
 885331 602876  127.67162  121   79  163.99997   38.00000  76.8%  32.6  736s
 889327 607592   46.83355   91  129  163.99997   38.00000  76.8%  32.6  740s
 899604 613823  142.42428  160   69  163.99997   38.00000  76.8%  32.6  747s
H904155 613767                     163.6666667   38.00000  76.8%  32.6  747s
 906876 614877  119.33382  122  100  163.66667   38.00000  76.8%  32.6  752s
 908702 618844   41.67186  122  121  163.66667   38.00000  76.8%  32.6  756s
H909041 618844                     163.6666666   38.00000  76.8%  32.6  756s
H912580 618844                     163.6666665   38.00000  76.8%  32.6  756s
 915606 621043   42.69115  102  116  163.66667   38.00000  76.8%  32.6  761s
H915700 621043                     163.6666664   38.00000  76.8%  32.6  761s
H917915 621043                     163.6666663   38.00000  76.8%  32.6  761s
 919070 624178   54.50000  108  138  163.66667   38.00000  76.8%  32.6  765s
H919100 624178                     163.6666660   38.00000  76.8%  32.6  765s
H920753 624178                     163.6666659   38.00000  76.8%  32.6  765s
 922796 627626   58.18193  114  143  163.66667   38.00000  76.8%  32.6  771s
 927496 632836   75.16667  134   86  163.66667   38.00000  76.8%  32.6  778s
H931204 632836                     163.6666658   38.00000  76.8%  32.6  778s
H933469 632836                     163.6666658   38.00000  76.8%  32.6  778s
 935106 637494  138.00598  114   78  163.66667   38.00000  76.8%  32.6  783s
H935200 637494                     163.6666656   38.00000  76.8%  32.6  783s
H937847 637494                     163.6666656   38.00000  76.8%  32.6  783s
 941465 642574   48.03379  124  125  163.66667   38.00000  76.8%  32.6  789s
H941600 642574                     163.6666656   38.00000  76.8%  32.6  789s
 948493 643934  124.20346  158   78  163.66667   38.00000  76.8%  32.7  793s
 950879 650866  160.83333  137   75  163.66667   38.00000  76.8%  32.6  800s
 962129 654055   62.02693   87   98  163.66667   38.00000  76.8%  32.6  806s
H965610 654055                     163.6666622   38.00000  76.8%  32.6  806s
 967724 658745  151.01052  119   82  163.66666   38.00000  76.8%  32.6  813s
H967800 658745                     163.6666560   38.00000  76.8%  32.6  813s
 975095 660349   87.34638  144   83  163.66666   38.00000  76.8%  32.6  818s
H975207 660349                     163.6666476   38.00000  76.8%  32.6  818s
 977515 664295   96.17198  144   93  163.66665   38.00000  76.8%  32.6  822s
 982973 666322  125.59032  134   86  163.66665   38.00000  76.8%  32.6  827s
 985923 670916   88.52102  149   84  163.66665   38.00000  76.8%  32.6  832s
 991993 672941   82.67112  110   93  163.66665   38.00000  76.8%  32.7  838s
 995256 677884     cutoff  139       163.66665   38.00000  76.8%  32.7  844s
 1002428 681609   44.00183  103  141  163.66665   38.00000  76.8%  32.7  848s
 1008450 683349   42.05621  116  108  163.66665   38.00000  76.8%  32.7  852s
 1011556 689987   88.83868  141   87  163.66665   38.00000  76.8%  32.7  859s
 1023065 691969   39.48219  117  134  163.66665   38.00000  76.8%  32.7  864s
 1026089 695397   45.67462  108  117  163.66665   38.00000  76.8%  32.7  869s
 1031393 697897   49.00000  122   88  163.66665   38.00000  76.8%  32.7  874s
 1035213 703095   42.66667  106  129  163.66665   38.00000  76.8%  32.7  880s
 1043375 705642   39.57043  100  159  163.66665   38.00000  76.8%  32.7  885s
 1047456 710052   45.50090  109  113  163.66665   38.00000  76.8%  32.7  892s
 1054608 713876     cutoff   87       163.66665   38.00000  76.8%  32.7  897s
 1061663 716811   46.16688  109  150  163.66665   38.00000  76.8%  32.7  902s
 1065768 721011   62.66667  148  114  163.66665   38.00000  76.8%  32.7  906s
 1072012 724403   42.16667  168  102  163.66665   38.00000  76.8%  32.7  911s
 1083710 730636   38.00000  107  151  163.66665   38.00000  76.8%  32.7  919s
 1088274 733312     cutoff  144       163.66665   38.00000  76.8%  32.7  924s
 1092832 736226   62.42778  137   96  163.66665   38.00000  76.8%  32.7  929s
 1097015 739808   67.52399  168   63  163.66665   38.00000  76.8%  32.7  935s
 1103216 743988   38.50000  105  127  163.66665   38.00000  76.8%  32.7  940s
 1110199 746614     cutoff  141       163.66665   38.00000  76.8%  32.7  945s
 1114629 750446  128.02931  125  102  163.66665   38.00000  76.8%  32.7  950s
 1119982 754255 infeasible  140       163.66665   38.00000  76.8%  32.7  956s
 1125598 757898  136.66667  121  101  163.66665   38.00000  76.8%  32.7  961s
 1132317 760759   45.33333   98  135  163.66665   38.00000  76.8%  32.7  966s
 1137210 765005   67.16667  131   91  163.66665   38.00000  76.8%  32.6  972s
 1145265 767772   55.16716  101  149  163.66665   38.00000  76.8%  32.6  976s
 1150845 770747  123.83333  123   68  163.66665   38.00000  76.8%  32.6  981s
 1155532 772519   38.19915  119  118  163.66665   38.00000  76.8%  32.6  986s
 1158387 775151   38.50128  109  139  163.66665   38.00000  76.8%  32.6  992s
 1162676 778691   62.67458  118  115  163.66665   38.00000  76.8%  32.6  998s
 1168026 783913 infeasible  146       163.66665   38.00000  76.8%  32.6 1004s
 1176346 786147 infeasible  157       163.66665   38.00000  76.8%  32.6 1008s
 1179484 791120   46.03166  144  118  163.66665   38.00000  76.8%  32.6 1014s
 1187425 794306 infeasible  144       163.66665   38.00000  76.8%  32.6 1019s
 1193241 799069   54.80910   95  117  163.66665   38.00000  76.8%  32.5 1025s
 1204071 804773  107.02133  148   78  163.66665   38.00000  76.8%  32.5 1034s
 1210487 806833   54.26219  130   99  163.66665   38.00000  76.8%  32.5 1039s
 1214021 811708 infeasible  135       163.66665   38.00000  76.8%  32.5 1046s
 1222402 816345   54.66701  144  103  163.66665   38.00000  76.8%  32.5 1051s
 1230135 819286  148.33333  168   72  163.66665   38.00000  76.8%  32.5 1057s
 1235319 822556 infeasible  147       163.66665   38.00000  76.8%  32.5 1061s
 1239658 824715   71.16667  122  109  163.66665   38.00000  76.8%  32.5 1065s
 1242696 830784   41.66667  125  123  163.66665   38.00000  76.8%  32.5 1072s
 1252982 833014   38.25178  142  105  163.66665   38.00000  76.8%  32.5 1077s
 1256946 837656 infeasible  121       163.66665   38.00000  76.8%  32.5 1082s
 1264312 840813  147.33483  148   96  163.66665   38.00000  76.8%  32.4 1088s
 1270426 844528   50.16667  112  119  163.66665   38.00000  76.8%  32.4 1093s
 1276893 847115   38.00000   96  157  163.66665   38.00000  76.8%  32.4 1098s
 1280298 848354   38.16709  103  133  163.66665   38.00000  76.8%  32.4 1102s
 1282377 852131     cutoff  106       163.66665   38.00000  76.8%  32.4 1108s
 1288981 856094   40.19444  142  107  163.66665   38.00000  76.8%  32.4 1112s
 1295395 858397   55.33550  182   64  163.66665   38.00000  76.8%  32.4 1117s
 1298753 861591   46.33333  135   91  163.66665   38.00000  76.8%  32.4 1122s
 1304086 864513     cutoff  112       163.66665   38.00000  76.8%  32.4 1127s
 1309356 866616     cutoff  129       163.66665   38.00000  76.8%  32.3 1132s
 1312718 871407  133.66667  122   90  163.66665   38.00000  76.8%  32.3 1137s
 1319928 874826  138.36009  121  111  163.66665   38.00000  76.8%  32.3 1142s
 1326237 878279   40.66667  119  124  163.66665   38.00000  76.8%  32.3 1148s
 1331582 880936 infeasible  146       163.66665   38.00000  76.8%  32.4 1153s
 1335065 883949   96.00000  170   81  163.66665   38.00000  76.8%  32.4 1158s
 1339577 887400  143.33397  122   91  163.66665   38.00000  76.8%  32.4 1163s
 1345131 888129   91.66667  126   82  163.66665   38.00000  76.8%  32.4 1167s
 1346141 893469  110.83333  127   74  163.66665   38.00000  76.8%  32.4 1173s
 1354732 896299  132.11880  157   74  163.66665   38.00000  76.8%  32.3 1178s
 1359467 900073  138.83333  132   79  163.66665   38.00000  76.8%  32.3 1184s
 1363177 900073   38.58616  108  154  163.66665   38.00000  76.8%  32.3 1185s
 1366356 903432  105.50000  116   92  163.66665   38.00000  76.8%  32.3 1190s
 1373588 904445  159.50559  137  109  163.66665   38.00000  76.8%  32.3 1196s
 1375743 907729   38.00006  103  146  163.66665   38.00000  76.8%  32.3 1200s

Cutting planes:
  Learned: 205
  Gomory: 16
  Cover: 114
  Implied bound: 112
  Clique: 6
  MIR: 422
  StrongCG: 1
  Flow cover: 900
  Mod-K: 1
  RLT: 2
  Relax-and-lift: 321

Cleanup yields a better solution

Explored 1381559 nodes (44578577 simplex iterations) in 1200.12 seconds
Thread count was 32 (of 64 available processors)

Solution count 10: 163.667 163.667 163.667 ... 164

Time limit reached
Best objective 1.633205996058e+02, best bound 3.800000000000e+01, gap 76.7329%
