
Gurobi 9.1.2 (linux64) logging started Sun Apr  3 22:35:59 2022

Changed value of parameter LogFile to us-ca_v-Calgary.log
   Prev:   Default: 
Changed value of parameter MIPFocus to 1
   Prev: 0  Min: 0  Max: 3  Default: 0
Changed value of parameter TimeLimit to 1200.0
   Prev: inf  Min: 0.0  Max: inf  Default: inf
Warning: variables 0 and 200 have the same name "X[Houston,ElPaso]"
Warning: linear constraint 240 and linear constraint 241 have the same name "weight-constr-t5"
Warning: to let Gurobi read it back, use rlp format
Gurobi Optimizer version 9.1.2 build v9.1.2rc0 (linux64)
Thread count: 32 physical cores, 64 logical processors, using up to 32 threads
Optimize a model with 1442 rows, 1200 columns and 4236 nonzeros
Model fingerprint: 0x581ce4d1
Variable types: 234 continuous, 966 integer (966 binary)
Coefficient statistics:
  Matrix range     [1e+00, 1e+06]
  Objective range  [2e-01, 2e-01]
  Bounds range     [1e+00, 5e+05]
  RHS range        [1e+00, 1e+06]
Presolve removed 72 rows and 84 columns
Presolve time: 0.02s
Presolved: 1370 rows, 1116 columns, 7116 nonzeros
Variable types: 228 continuous, 888 integer (888 binary)

Root relaxation: objective 3.800000e+01, 157 iterations, 0.00 seconds

    Nodes    |    Current Node    |     Objective Bounds      |     Work
 Expl Unexpl |  Obj  Depth IntInf | Incumbent    BestBd   Gap | It/Node Time

     0     0   38.00000    0   45          -   38.00000      -     -    0s
     0     0   38.00000    0   58          -   38.00000      -     -    0s
     0     0   38.00000    0   49          -   38.00000      -     -    0s
     0     0   38.00000    0   51          -   38.00000      -     -    0s
     0     0   38.00000    0   48          -   38.00000      -     -    0s
     0     0   38.00000    0   47          -   38.00000      -     -    0s
H    0     0                    2943847.1667   38.00000   100%     -    0s
     0     0   38.00000    0   46 2943847.17   38.00000   100%     -    0s
H    0     0                    16444.333327   38.00000   100%     -    0s
H    0     0                    16441.000000   38.00000   100%     -    0s
H    0     0                    16178.833333   38.00000   100%     -    0s
H    0     2                    8242.3333320   38.00000   100%     -    1s
     0     2   38.00000    0   35 8242.33333   38.00000   100%     -    1s
H    1     4                    8241.4999980   38.00000   100%   314    1s
H    5     8                    8239.4999978   38.00000   100%  72.8    1s
H    8    16                    8239.3333333   38.00000   100%  54.5    1s
H   31    62                    8229.6666654   38.00000   100%  21.9    1s
H   48    62                    8228.9999997   38.00000   100%  17.0    1s
H   50    62                    8228.9999978   38.00000   100%  16.9    1s
H   54    62                    8228.4999983   38.00000   100%  16.3    1s
H   95   126                    8227.9999998   38.00000   100%  12.4    2s
H   95   126                    8224.9166650   38.00000   100%  12.4    2s
H   96   126                    1733.8333331   38.00000  97.8%  12.5    2s
H  101   126                    1082.5000000   38.00000  96.5%  12.0    2s
H  104   126                     809.1666667   38.00000  95.3%  12.0    2s
H  105   126                     611.8333333   38.00000  93.8%  11.9    2s
H  118   126                     533.1666667   38.00000  92.9%  11.3    2s
H  123   126                     343.8333333   38.00000  88.9%  11.1    2s
H  127   158                     277.5000000   38.00000  86.3%  11.1    3s
H  128   158                     250.8333333   38.00000  84.9%  11.0    3s
H  133   158                     232.8333333   38.00000  83.7%  10.9    3s
H  159   190                     224.6666667   38.00000  83.1%  10.2    5s
H  160   190                     216.5000000   38.00000  82.4%  10.2    5s
H  166   190                     212.1666667   38.00000  82.1%  10.1    5s
H  169   190                     211.1666667   38.00000  82.0%  10.2    5s
H  189   190                     209.6666667   38.00000  81.9%   9.8    5s
H  255   282                     207.0000000   38.00000  81.6%   9.2    7s
H  258   282                     204.8333333   38.00000  81.4%   9.2    7s
H  261   282                     202.8333333   38.00000  81.3%   9.1    7s
H  266   282                     197.8333333   38.00000  80.8%   9.3    7s
H  714  1383                     197.6666667   38.00000  80.8%   7.7    7s
H 1149  1383                     197.3333333   38.00000  80.7%   7.3    7s
H 1439  1414                     194.8333333   38.00000  80.5%   7.3    9s
H 1446  1414                     194.8333331   38.00000  80.5%   7.3    9s
  1472  1444   49.33333   46   39  194.83333   38.00000  80.5%   7.3   10s
H 1484  1444                     194.5000000   38.00000  80.5%   7.3   10s
H 1494  1444                     192.5000000   38.00000  80.3%   7.3   10s
H 2497  2641                     192.1666657   38.00000  80.2%   6.6   10s
H 2800  3155                     192.1666637   38.00000  80.2%   6.5   11s
H 3373  3155                     191.8333333   38.00000  80.2%   6.3   11s
H 4953  4826                     191.6666667   38.00000  80.2%   6.0   11s
H 5320  5577                     190.1666667   38.00000  80.0%   5.9   12s
H 6131  5630                     189.8333333   38.00000  80.0%   5.9   13s
H 6133  5626                     189.6666667   38.00000  80.0%   5.9   13s
H 6136  5626                     189.5000000   38.00000  79.9%   5.9   13s
H 6138  5626                     189.0000000   38.00000  79.9%   5.9   13s
H 7141  6724                     189.0000000   38.00000  79.9%   5.8   14s
  7433  6750   48.00000  111   34  189.00000   38.00000  79.9%   5.8   16s
  7672  6916   38.00000   20  161  189.00000   38.00000  79.9%   8.2   20s
H 7702  6567                     189.0000000   38.00000  79.9%   8.2   20s
H11283  8159                     188.9998947   38.00000  79.9%  11.2   24s
 11320  9644   77.25000   73  118  188.99989   38.00000  79.9%  11.4   25s
H13282  9695                     188.9993514   38.00000  79.9%  12.5   26s
 21832 12632  138.00064  125   53  188.99935   38.00000  79.9%  16.4   30s
 24018 13407 infeasible  124       188.99935   38.00000  79.9%  16.9   39s
 24058 15207  148.16685  124   87  188.99935   38.00000  79.9%  16.9   41s
 29722 26431   52.54846  118   88  188.99935   38.00000  79.9%  17.5   47s
 42112 29649   44.66667   59  129  188.99935   38.00000  79.9%  20.7   50s
 49946 36146 infeasible  144       188.99935   38.00000  79.9%  22.4   55s
 59329 46812   42.47671   65  130  188.99935   38.00000  79.9%  23.6   60s
 75234 56280 infeasible  131       188.99935   38.00000  79.9%  24.3   66s
 90641 69479   40.33333   70  145  188.99935   38.00000  79.9%  25.5   72s
 106153 73981 infeasible   92       188.99935   38.00000  79.9%  25.8   85s
 122550 93409   41.16667   69  150  188.99935   38.00000  79.9%  26.4   92s
 135403 99157   50.83333  119  131  188.99935   38.00000  79.9%  27.2   96s
 144379 104865   38.33333   68   97  188.99935   38.00000  79.9%  27.3  100s
 150678 104884   47.50000  101   62  188.99935   38.00000  79.9%  27.5  108s
 150722 107775   46.16667  100   64  188.99935   38.00000  79.9%  27.5  110s
 166224 114953   44.58333   73   77  188.99935   38.00000  79.9%  27.6  115s
 181474 120775 infeasible   79       188.99935   38.00000  79.9%  27.8  120s
 191240 127047   44.33333   71   95  188.99935   38.00000  79.9%  27.9  125s
 207992 134218 infeasible   70       188.99935   38.00000  79.9%  28.1  131s
 223195 141245   45.33370   82   82  188.99935   38.00000  79.9%  28.3  137s
 237425 146252 infeasible   98       188.99935   38.00000  79.9%  28.5  140s
 256795 158206 infeasible   76       188.99935   38.00000  79.9%  28.8  146s
 272801 167473 infeasible   77       188.99935   38.00000  79.9%  29.2  150s
 288320 174893   40.00000   67  105  188.99935   38.00000  79.9%  29.5  155s
 310728 182380 infeasible   56       188.99935   38.00000  79.9%  29.7  166s
 315752 186492  147.33333  109   49  188.99935   38.00000  79.9%  29.7  170s
 327776 191784   40.00000   87   89  188.99935   38.00000  79.9%  29.7  175s
 339833 197999 infeasible  144       188.99935   38.00000  79.9%  29.8  180s
 343153 198017   87.83333   88   86  188.99935   38.00000  79.9%  29.8  191s
 350169 204021   38.03311   72   99  188.99935   38.00000  79.9%  29.7  195s
 373121 213656   60.16667   75   70  188.99935   38.00000  79.9%  29.8  200s
 390226 222081   82.66761   80   83  188.99935   38.00000  79.9%  29.8  205s
 396443 222104   38.00000   60   96  188.99935   38.00000  79.9%  29.8  212s
 401999 225861   49.83333   84   62  188.99935   38.00000  79.9%  29.8  216s
 408567 229251   40.00000   68   91  188.99935   38.00000  79.9%  29.9  220s
 424485 237287   77.95863   77   71  188.99935   38.00000  79.9%  29.9  226s
 440291 242830  140.83333   97   53  188.99935   38.00000  79.9%  29.9  231s
 449414 248047   38.33352   69  104  188.99935   38.00000  79.9%  29.9  237s
 463553 251671   75.50000   84   73  188.99935   38.00000  79.9%  30.0  250s
 472910 260435   42.31481   80   73  188.99935   38.00000  79.9%  30.0  255s
 494234 269972  131.16667   71   51  188.99935   38.00000  79.9%  30.2  261s
 503891 276091   80.50000   83  107  188.99935   38.00000  79.9%  30.3  266s
 514893 278716   43.71176   75   88  188.99935   38.00000  79.9%  30.3  270s
 522102 284231 infeasible   89       188.99935   38.00000  79.9%  30.4  275s
 533523 288797   38.58333   69   95  188.99935   38.00000  79.9%  30.4  280s
 547331 295715 infeasible   72       188.99935   38.00000  79.9%  30.5  285s
 555288 295732   42.83333   78   74  188.99935   38.00000  79.9%  30.5  293s
 555335 298641   42.83333   79   73  188.99935   38.00000  79.9%  30.5  295s
 574421 305592  124.33333   85   63  188.99935   38.00000  79.9%  30.5  300s
 585125 311705   38.08333   62  127  188.99935   38.00000  79.9%  30.6  305s
 599698 316014  117.33993   70   98  188.99935   38.00000  79.9%  30.6  317s
 599739 320172  117.50690   71   95  188.99935   38.00000  79.9%  30.6  320s
 608548 320195 infeasible   75       188.99935   38.00000  79.9%  30.6  327s
 614482 325116     cutoff   76       188.99935   38.00000  79.9%  30.7  330s
 624516 331373 infeasible   94       188.99935   38.00000  79.9%  30.7  335s
 634819 336501   56.17906   74   95  188.99935   38.00000  79.9%  30.8  341s
 643949 341874   43.67016   86   77  188.99935   38.00000  79.9%  30.8  347s
 650608 344594 infeasible  108       188.99935   38.00000  79.9%  30.9  351s
 655063 344622  127.66667   91   72  188.99935   38.00000  79.9%  30.9  360s
 655099 359208  139.83553   91   75  188.99935   38.00000  79.9%  30.9  374s
 680124 359208   40.33333   71   90  188.99935   38.00000  79.9%  31.0  375s
 687403 374668  171.33820   73   91  188.99935   38.00000  79.9%  31.0  393s
 719435 377561   44.50000   66   80  188.99935   38.00000  79.9%  31.1  396s
 731929 382670   39.63636   67  110  188.99935   38.00000  79.9%  31.2  400s
 745453 389220   81.00000   86   64  188.99935   38.00000  79.9%  31.3  405s
 758600 394331   40.34493   75   89  188.99935   38.00000  79.9%  31.3  411s
 767258 398265  102.62781  112   40  188.99935   38.00000  79.9%  31.3  415s
 771508 398293   39.00000   79   86  188.99935   38.00000  79.9%  31.3  425s
 782132 408148   40.84306   85   90  188.99935   38.00000  79.9%  31.4  432s
 794272 412198   41.87875   91   95  188.99935   38.00000  79.9%  31.4  436s
 808991 417926   61.33333   93   71  188.99935   38.00000  79.9%  31.5  440s
 818151 423447   46.70266   97   74  188.99935   38.00000  79.9%  31.5  447s
 832295 428611 infeasible   84       188.99935   38.00000  79.9%  31.5  451s
 839908 430283   40.67007   70   91  188.99935   38.00000  79.9%  31.5  466s
 847354 434344  124.04914   82   91  188.99935   38.00000  79.9%  31.5  470s
 848191 449311  135.83480   97   48  188.99935   38.00000  79.9%  31.5  478s
 880223 449331   42.58376   82   95  188.99935   38.00000  79.9%  31.6  491s
 880267 463700   42.58376   83   89  188.99935   38.00000  79.9%  31.6  499s
 912299 466747   40.69952   63  100  188.99935   38.00000  79.9%  31.7  501s
 929063 473812   38.16667   77   95  188.99935   38.00000  79.9%  31.8  507s
 933769 475819   52.63783   97   77  188.99935   38.00000  79.9%  31.8  510s
 951997 484831  167.33827   89   54  188.99935   38.00000  79.9%  31.8  515s
 967979 490406  140.86291   97   58  188.99935   38.00000  79.9%  31.8  520s
 975445 495951   49.52978   71  109  188.99935   38.00000  79.9%  31.9  525s
 992788 502884 infeasible  121       188.99935   38.00000  79.9%  31.9  532s
 996352 505631  161.66667   93   65  188.99935   38.00000  79.9%  32.0  535s
 1015621 515607  116.33333   98   67  188.99935   38.00000  79.9%  32.0  540s
 1021558 515631   43.66667   81   86  188.99935   38.00000  79.9%  32.0  550s
 1025034 520289  163.05556   79   66  188.99935   38.00000  79.9%  32.0  555s
 1041265 529616  118.83333   77  109  188.99935   38.00000  79.9%  32.1  560s
 1058853 536930  121.16667   81   75  188.99935   38.00000  79.9%  32.1  566s
 1066643 542261  130.98347  125   81  188.99935   38.00000  79.9%  32.2  570s
 1077777 550680 infeasible   99       188.99935   38.00000  79.9%  32.2  575s
 1087248 555316  119.33333  119   38  188.99935   38.00000  79.9%  32.2  580s
 1095756 563719  135.66667  142   62  188.99935   38.00000  79.9%  32.2  585s
 1109160 572378  165.83397  101   47  188.99935   38.00000  79.9%  32.3  590s
 1119553 577106  135.68311  105   33  188.99935   38.00000  79.9%  32.3  595s
 1135662 590165  123.09269   92   75  188.99935   38.00000  79.9%  32.3  601s
 1152866 599820  139.83333  102  139  188.99935   38.00000  79.9%  32.2  605s
 1167894 611113   39.16667   78  113  188.99935   38.00000  79.9%  32.2  610s
 1184588 620392   75.33333   66  124  188.99935   38.00000  79.9%  32.2  616s
 1193294 628249     cutoff   88       188.99935   38.00000  79.9%  32.2  621s
 1205345 637087   58.88936  119  127  188.99935   38.00000  79.9%  32.2  626s
 1212268 637117   96.16667  168   80  188.99935   38.00000  79.9%  32.2  634s
 1212302 640882   96.16667  169   79  188.99935   38.00000  79.9%  32.2  636s
 1221802 645885   41.83333   84   83  188.99935   38.00000  79.9%  32.2  640s
 1241163 655254     cutoff   97       188.99935   38.00000  79.9%  32.2  650s
 1255948 669024  143.16667  136   69  188.99935   38.00000  79.9%  32.2  657s
 1260448 669046   70.83379  145   91  188.99935   38.00000  79.9%  32.2  663s
 1260490 690267   72.00000  146   89  188.99935   38.00000  79.9%  32.2  674s
 1269499 690267   50.33388   58  156  188.99935   38.00000  79.9%  32.2  675s
 1292760 712097  141.16667  156   61  188.99935   38.00000  79.9%  32.2  687s
 1324792 716778     cutoff  116       188.99935   38.00000  79.9%  32.3  691s
 1337964 723462   57.73101  142  103  188.99935   38.00000  79.9%  32.3  695s
 1351578 732543   40.33333   83  122  188.99935   38.00000  79.9%  32.3  702s
 1355051 737472     cutoff  131       188.99935   38.00000  79.9%  32.2  705s
 1371595 748186  151.83333  162   81  188.99935   38.00000  79.9%  32.3  710s
 1387964 758796  169.00000  165   65  188.99935   38.00000  79.9%  32.2  717s
 1401059 764764   39.50000   72  156  188.99935   38.00000  79.9%  32.2  721s
 1413687 774373   38.00000   55  188  188.99935   38.00000  79.9%  32.2  725s
 1418308 774398  124.00073   90  138  188.99935   38.00000  79.9%  32.3  732s
 1418346 795231  124.00073   90  153  188.99935   38.00000  79.9%  32.3  740s
 1450378 795259   65.50110  142  120  188.99935   38.00000  79.9%  32.3  749s
 1450413 817068   74.00000  143  109  188.99935   38.00000  79.9%  32.3  764s
 1461424 817068  120.50000  162   77  188.99935   38.00000  79.9%  32.3  765s
 1489887 823979   65.60118  123  104  188.99935   38.00000  79.9%  32.3  770s
 1502812 833435   38.00000   92  157  188.99935   38.00000  79.9%  32.3  775s
 1521030 846410   38.06667   82  182  188.99935   38.00000  79.9%  32.3  780s
 1539402 858941   54.55556   99  110  188.99935   38.00000  79.9%  32.3  786s
 1546193 858967   70.68750   80  118  188.99935   38.00000  79.9%  32.3  793s
 1546231 880420   70.83333   81  106  188.99935   38.00000  79.9%  32.3  802s
 1578263 880442   38.00000   65  133  188.99935   38.00000  79.9%  32.4  815s
 1578304 901783   38.33377   66  151  188.99935   38.00000  79.9%  32.4  824s
 1610336 906094   51.35398   91  153  188.99935   38.00000  79.9%  32.4  827s
 1623208 910063   38.00000   79  159  188.99935   38.00000  79.9%  32.4  834s
 1623245 913576   40.50053   78  175  188.99935   38.00000  79.9%  32.4  835s
 1637145 921957 infeasible  114       188.99935   38.00000  79.9%  32.5  840s
 1652094 932879 infeasible  104       188.99935   38.00000  79.9%  32.5  845s
 1667188 942627  122.66685  126  113  188.99935   38.00000  79.9%  32.6  853s
 1670264 946918  127.01133  131  110  188.99935   38.00000  79.9%  32.6  855s
 1686297 957083   93.16667  150   85  188.99935   38.00000  79.9%  32.6  860s
 1702243 964148  175.16667  110  129  188.99935   38.00000  79.9%  32.6  875s
 1702281 985704  175.16667  111  125  188.99935   38.00000  79.9%  32.6  884s
 1734313 985724  124.66667  176   74  188.99935   38.00000  79.9%  32.7  892s
 1734357 1007218  124.66667  177   72  188.99935   38.00000  79.9%  32.7  901s
 1772150 1015522   38.33333   95  120  188.99935   38.00000  79.9%  32.8  906s
 1782368 1020770   48.52381  122  115  188.99935   38.00000  79.9%  32.8  910s
 1791590 1028012  172.50292  110   80  188.99935   38.00000  79.9%  32.9  916s
 1803385 1036736 infeasible  179       188.99935   38.00000  79.9%  32.9  921s
 1815085 1042600  171.20715  167   97  188.99935   38.00000  79.9%  32.9  926s
 1823600 1048760   60.33333  128   92  188.99935   38.00000  79.9%  33.0  930s
 1840396 1059402   38.83370   83  187  188.99935   38.00000  79.9%  33.0  935s
 1851235 1066714   39.16667   94  183  188.99935   38.00000  79.9%  33.1  940s
 1866093 1076854   38.00000   81  147  188.99935   38.00000  79.9%  33.1  947s
 1876336 1085341   38.03365   95  186  188.99935   38.00000  79.9%  33.1  950s
 1891429 1093978   82.16667   81  129  188.99935   38.00000  79.9%  33.1  957s
 1903174 1100511  164.71291  100   90  188.99935   38.00000  79.9%  33.2  961s
 1913563 1104562   42.33333  107  169  188.99935   38.00000  79.9%  33.2  970s
 1917672 1110103  148.33333  135   93  188.99935   38.00000  79.9%  33.2  975s
 1930444 1117076  121.98611  110  122  188.99935   38.00000  79.9%  33.2  980s
 1942019 1125810  188.48157  118   94  188.99935   38.00000  79.9%  33.2  985s
 1951345 1131697  134.16844  119  114  188.99935   38.00000  79.9%  33.2  990s
 1967388 1137527   39.83370  102  182  188.99935   38.00000  79.9%  33.2 1000s
 1975842 1147802   58.00018  127  104  188.99935   38.00000  79.9%  33.3 1006s
 1987072 1156338   59.16667  148  110  188.99935   38.00000  79.9%  33.3 1010s
 2003639 1163191  115.16667  120   91  188.99935   38.00000  79.9%  33.3 1015s
 2018316 1174595   38.83532   72  180  188.99935   38.00000  79.9%  33.3 1021s
 2024338 1174620  161.66667   99   93  188.99935   38.00000  79.9%  33.4 1028s
 2024377 1177650  161.66667   99   89  188.99935   38.00000  79.9%  33.4 1030s
 2036625 1186150     cutoff  185       188.99935   38.00000  79.9%  33.4 1037s
 2047132 1194384   45.50000  162  115  188.99935   38.00000  79.9%  33.5 1042s
 2059288 1198949   78.33573  122  119  188.99935   38.00000  79.9%  33.5 1054s
 2059323 1201496 infeasible  123       188.99935   38.00000  79.9%  33.5 1057s
 2063393 1201525   39.83333  120  125  188.99935   38.00000  79.9%  33.5 1067s
 2063428 1204862   39.66748  121  122  188.99935   38.00000  79.9%  33.5 1071s
 2073849 1212700 infeasible  102       188.99935   38.00000  79.9%  33.5 1076s
 2085626 1220283   38.00000   95  144  188.99935   38.00000  79.9%  33.6 1081s
 2097066 1226530     cutoff   89       188.99935   38.00000  79.9%  33.6 1085s
 2110641 1234873   79.50046  104   98  188.99935   38.00000  79.9%  33.6 1091s
 2122570 1240569  167.50000  159   70  188.99935   38.00000  79.9%  33.6 1095s
 2128206 1245917   38.00000  109  156  188.99935   38.00000  79.9%  33.7 1101s
 2141842 1254265 infeasible  124       188.99935   38.00000  79.9%  33.7 1105s
 2157501 1263341   38.83780   98  153  188.99935   38.00000  79.9%  33.7 1110s
 2166783 1267677     cutoff  146       188.99935   38.00000  79.9%  33.7 1115s
 2169273 1267951   56.70877  109  139  188.99935   38.00000  79.9%  33.7 1122s
 2177242 1274763   38.00000   84  129  188.99935   38.00000  79.9%  33.8 1127s
 2180488 1278067   96.16667  124   91  188.99935   38.00000  79.9%  33.8 1132s
 2186136 1283515   41.00000  111  159  188.99935   38.00000  79.9%  33.8 1136s
 2194218 1286965   40.00000   96  134  188.99935   38.00000  79.9%  33.8 1140s
 2206028 1295400   41.83370  122  149  188.99935   38.00000  79.9%  33.9 1148s
 2211058 1295426   38.00000   85  195  188.99935   38.00000  79.9%  33.9 1158s
 2211096 1315543   38.00000   86  197  188.99935   38.00000  79.9%  33.9 1166s
 2243128 1315561  129.50073  130   90  188.99935   38.00000  79.9%  33.9 1174s
 2243174 1335054  129.83352  131   89  188.99935   38.00000  79.9%  33.9 1189s
 2264195 1335054   60.50173  140   70  188.99935   38.00000  79.9%  34.0 1190s
 2282613 1341502   38.00000   69  171  188.99935   38.00000  79.9%  34.0 1198s
 2286878 1341520 infeasible  123       188.99935   38.00000  79.9%  34.0 1200s

Cutting planes:
  Learned: 209
  Gomory: 25
  Cover: 125
  Implied bound: 117
  Clique: 13
  MIR: 375
  StrongCG: 1
  Flow cover: 909
  Zero half: 1
  RLT: 4
  Relax-and-lift: 312

Cleanup yields a better solution

Explored 2286924 nodes (77744657 simplex iterations) in 1200.03 seconds
Thread count was 32 (of 64 available processors)

Solution count 10: 188.999 189 189 ... 191.833

Time limit reached
Best objective 1.886299152128e+02, best bound 3.800000000000e+01, gap 79.8547%
