
Gurobi 9.1.2 (linux64) logging started Sun Apr  3 20:50:25 2022

Changed value of parameter LogFile to us-ca_v-Washi....log
   Prev:   Default: 
Changed value of parameter MIPFocus to 1
   Prev: 0  Min: 0  Max: 3  Default: 0
Changed value of parameter TimeLimit to 600.0
   Prev: inf  Min: 0.0  Max: inf  Default: inf
Warning: variables 0 and 200 have the same name "X[ElPaso,Dallas]"
Warning: linear constraint 240 and linear constraint 241 have the same name "weight-constr-t5"
Warning: to let Gurobi read it back, use rlp format
Gurobi Optimizer version 9.1.2 build v9.1.2rc0 (linux64)
Thread count: 32 physical cores, 64 logical processors, using up to 32 threads
Optimize a model with 1442 rows, 1200 columns and 4236 nonzeros
Model fingerprint: 0x8bba8c28
Variable types: 234 continuous, 966 integer (966 binary)
Coefficient statistics:
  Matrix range     [1e+00, 1e+06]
  Objective range  [2e-01, 2e-01]
  Bounds range     [1e+00, 5e+05]
  RHS range        [1e+00, 1e+06]
Presolve removed 66 rows and 78 columns
Presolve time: 0.01s
Presolved: 1376 rows, 1122 columns, 7200 nonzeros
Variable types: 228 continuous, 894 integer (894 binary)

Root relaxation: objective 3.800000e+01, 157 iterations, 0.00 seconds

    Nodes    |    Current Node    |     Objective Bounds      |     Work
 Expl Unexpl |  Obj  Depth IntInf | Incumbent    BestBd   Gap | It/Node Time

     0     0   38.00000    0   53          -   38.00000      -     -    0s
     0     0   38.00000    0   55          -   38.00000      -     -    0s
     0     0   38.00000    0   57          -   38.00000      -     -    0s
     0     0   38.00000    0   33          -   38.00000      -     -    0s
     0     0   38.00000    0   44          -   38.00000      -     -    0s
     0     0   38.00000    0   42          -   38.00000      -     -    0s
H    0     0                    2949715.0000   38.00000   100%     -    0s
     0     0   38.00000    0   41 2949715.00   38.00000   100%     -    0s
H    0     0                    8383.7291636   38.00000   100%     -    0s
H    0     0                    8374.6666667   38.00000   100%     -    0s
H    0     0                    4260.6666667   38.00000  99.1%     -    0s
H    0     2                    4256.8333333   38.00000  99.1%     -    0s
     0     2   38.00000    0   35 4256.83333   38.00000  99.1%     -    0s
H    2     4                    4256.1666659   38.00000  99.1%   167    0s
H    4     8                    2212.6666612   38.00000  98.3%  87.0    0s
H    7    16                    1331.4999999   38.00000  97.1%  52.3    0s
H   32    56                     703.5000000   38.00000  94.6%  18.3    0s
H   93   120                     676.1666667   38.00000  94.4%  11.4    0s
H  113   120                     674.1666667   38.00000  94.4%  10.6    0s
H  157   184                     614.1666667   38.00000  93.8%  10.2    0s
H  158   184                     364.1666667   38.00000  89.6%  10.2    0s
H  261   323                     363.6666667   38.00000  89.6%   9.8    1s
H  284   323                     362.8333333   38.00000  89.5%   9.5    1s
H  700   781                     362.6666667   38.00000  89.5%   8.6    1s
H  703   781                     361.8333333   38.00000  89.5%   8.7    1s
H  809   813                     307.5000000   38.00000  87.6%   8.4    2s
H  841  2015                     307.3333333   38.00000  87.6%   8.3    2s
H  882  2015                     307.1666647   38.00000  87.6%   8.2    2s
H 2098  2095                     307.0000000   38.00000  87.6%   7.2    2s
H 2101  2095                     306.1666666   38.00000  87.6%   7.2    2s
H 2102  2095                     306.1666659   38.00000  87.6%   7.2    2s
H 2118  2095                     305.6666667   38.00000  87.6%   7.3    2s
H 2200  2739                     305.1666667   38.00000  87.5%   7.3    2s
H 2243  2739                     305.0000000   38.00000  87.5%   7.3    2s
H 2612  2739                     304.6666667   38.00000  87.5%   7.2    2s
H 2909  3399                     304.5000000   38.00000  87.5%   7.0    3s
H 3454  3399                     303.8333333   38.00000  87.5%   6.9    3s
H 3661  3708                     303.6666667   38.00000  87.5%   6.8    3s
H 5558  5657                     303.6666666   38.00000  87.5%   6.6    3s
  6298  5689   40.00000   40   21  303.66667   38.00000  87.5%   6.4    5s
H 6301  5689                     303.5000000   38.00000  87.5%   6.4    5s
H 6308  5689                     303.0000000   38.00000  87.5%   6.4    5s
H 6342  5411                     302.9999212   38.00000  87.5%   6.4    5s
H 6344  5146                     302.9999205   38.00000  87.5%   8.6    5s
H 6346  4891                     302.9999196   38.00000  87.5%   8.6    5s
H 6437  4733                     302.9989480   38.00000  87.5%  10.1    6s
  6853  5812   38.00000   36  196  302.99895   38.00000  87.5%  11.1   10s
 36493 25070   46.00000   88  145  302.99895   38.00000  87.5%  19.5   16s
 56104 40961   38.00000   51  193  302.99895   38.00000  87.5%  21.5   20s
 80663 60061   44.66667  104  154  302.99895   38.00000  87.5%  23.4   25s
 113062 82105   42.66667  111  129  302.99895   38.00000  87.5%  24.1   30s
 122242 109403   38.00000   94  137  302.99895   38.00000  87.5%  24.4   36s
 154399 132135 infeasible   99       302.99895   38.00000  87.5%  25.4   42s
 201571 146702   38.33333   50  211  302.99895   38.00000  87.5%  26.8   45s
 234023 164942   45.33333  109  155  302.99895   38.00000  87.5%  27.2   50s
 256013 180103   50.83333   90  157  302.99895   38.00000  87.5%  27.6   55s
 279899 200339   38.66667   50  208  302.99895   38.00000  87.5%  28.4   60s
 286028 201375  213.83340   96  128  302.99895   38.00000  87.5%  28.4   65s
 311676 223103  280.00000  129   90  302.99895   38.00000  87.5%  28.8   70s
 322678 226738   41.00031   86  188  302.99895   38.00000  87.5%  29.0   75s
 354680 250065   40.00000   88  169  302.99895   38.00000  87.5%  29.2   80s
 382723 266770   45.00000  137  138  302.99895   38.00000  87.5%  29.6   86s
 402271 284048   38.41667   80  161  302.99895   38.00000  87.5%  29.7   90s
 428841 299981   58.01422  134   73  302.99895   38.00000  87.5%  29.8   95s
 457798 317209     cutoff  133       302.99895   38.00000  87.5%  30.3  101s
 479883 331570     cutoff  127       302.99895   38.00000  87.5%  30.5  107s
 490505 340881   78.66672  109  116  302.99895   38.00000  87.5%  30.6  110s
 518599 358865  112.33333  172  103  302.99895   38.00000  87.5%  30.8  115s
 528238 384648  205.33333   96  109  302.99895   38.00000  87.5%  30.9  127s
 572965 394389 infeasible   87       302.99895   38.00000  87.5%  31.2  130s
 603265 414048   50.47015  118  152  302.99895   38.00000  87.5%  31.3  135s
 621093 423517   40.27349  104  125  302.99895   38.00000  87.5%  31.5  141s
 621136 443058   42.17825  105  119  302.99895   38.00000  87.5%  31.5  146s
 653168 443078 infeasible  154       302.99895   38.00000  87.5%  31.6  150s
 685244 466366  127.51540  148   86  302.99895   38.00000  87.5%  31.6  155s
 711394 483808   39.33800  106  135  302.99895   38.00000  87.5%  31.7  160s
 738260 498840   44.08354   97  156  302.99895   38.00000  87.5%  31.8  165s
 749893 503233   41.58898   96  179  302.99895   38.00000  87.5%  31.8  170s
 781962 526320   45.16667   68  170  302.99895   38.00000  87.5%  31.9  175s
 814608 543686 infeasible  114       302.99895   38.00000  87.5%  32.0  184s
 814650 563065   38.00000   83  167  302.99895   38.00000  87.5%  32.0  187s
 856862 571753  160.50396  145   96  302.99895   38.00000  87.5%  32.0  190s
 883008 590171   62.66667  124  133  302.99895   38.00000  87.5%  32.1  195s
 890343 590194   38.00000   57  215  302.99895   38.00000  87.5%  32.1  200s
 907298 601065  111.76140  155   84  302.99895   38.00000  87.5%  32.2  206s
 911483 623631   39.33339   96  156  302.99895   38.00000  87.5%  32.2  216s
 958117 637072   67.83333  148   88  302.99895   38.00000  87.5%  32.3  220s
 989319 655703   57.16708  107  154  302.99895   38.00000  87.5%  32.4  225s
 1020482 673478   63.67310  103  117  302.99895   38.00000  87.5%  32.3  230s
 1041493 683319   48.16667  123  136  302.99895   38.00000  87.5%  32.4  237s
 1057450 696469   38.00000  116  143  302.99895   38.00000  87.5%  32.4  240s
 1086460 712860 infeasible  102       302.99895   38.00000  87.5%  32.3  245s
 1108373 723412   49.50000  176   96  302.99895   38.00000  87.5%  32.4  252s
 1116813 728546   38.00000  140  137  302.99895   38.00000  87.5%  32.4  257s
 1130683 736928 infeasible   92       302.99895   38.00000  87.5%  32.4  261s
 1131802 756172   38.00011   88  140  302.99895   38.00000  87.5%  32.4  266s
 1179637 769470   94.66667  134   78  302.99895   38.00000  87.5%  32.5  270s
 1210204 785522  110.16667  137   97  302.99895   38.00000  87.5%  32.5  275s
 1240455 802445   38.50000  102  171  302.99895   38.00000  87.5%  32.5  280s
 1275841 822599  104.66667  132   91  302.99895   38.00000  87.5%  32.5  285s
 1295458 832289 infeasible  122       302.99895   38.00000  87.5%  32.5  290s
 1303052 840032  116.00355  109  151  302.99895   38.00000  87.5%  32.6  295s
 1334309 858730   38.11478  127  175  302.99895   38.00000  87.5%  32.6  300s
 1351122 870355 infeasible  153       302.99895   38.00000  87.5%  32.6  305s
 1384801 888110   38.02686   96  176  302.99895   38.00000  87.5%  32.6  310s
 1394611 895052   86.33333  116  102  302.99895   38.00000  87.5%  32.6  315s
 1411582 904919 infeasible  143       302.99895   38.00000  87.5%  32.6  320s
 1440441 921450  210.16667  185   91  302.99895   38.00000  87.5%  32.6  325s
 1456455 928888   43.00000  111  139  302.99895   38.00000  87.5%  32.6  330s
 1479731 942057   62.50000  160   95  302.99895   38.00000  87.5%  32.6  335s
 1505876 958722   63.00000  142  108  302.99895   38.00000  87.5%  32.6  340s
 1537082 978059   39.00000   81  177  302.99895   38.00000  87.5%  32.6  345s
 1560244 992800  112.33877  171   80  302.99895   38.00000  87.5%  32.7  350s
 1592183 1008956   38.66677  148  110  302.99895   38.00000  87.5%  32.7  355s
 1619996 1026131  101.00000  156   98  302.99895   38.00000  87.5%  32.7  360s
 1649232 1043158   38.00000  133  163  302.99895   38.00000  87.5%  32.7  365s
 1678908 1058040   38.00000   98  160  302.99895   38.00000  87.5%  32.8  372s
 1683190 1063014   38.00000  106  177  302.99895   38.00000  87.5%  32.8  375s
 1706408 1073534   40.16667  117  148  302.99895   38.00000  87.5%  32.8  380s
 1724145 1087445  107.16667  106  102  302.99895   38.00000  87.5%  32.8  385s
 1752003 1099988   46.66926  105  155  302.99895   38.00000  87.5%  32.8  391s
 1761852 1109981   38.44460  100  155  302.99895   38.00000  87.5%  32.8  395s
 1785653 1118806   60.61111  124   94  302.99895   38.00000  87.5%  32.8  401s
 1785688 1137668   65.59028  125   90  302.99895   38.00000  87.5%  32.8  408s
 1823342 1143860   39.00000  112  165  302.99895   38.00000  87.5%  32.8  410s
 1848801 1160190   41.00000  138  128  302.99895   38.00000  87.5%  32.8  415s
 1880342 1177688   41.00000   99  128  302.99895   38.00000  87.5%  32.8  420s
 1910419 1196074   99.16667  152   76  302.99895   38.00000  87.5%  32.8  425s
 1922706 1203601  137.16667  151   74  302.99895   38.00000  87.5%  32.8  430s
 1928458 1203628   39.33333   98  164  302.99895   38.00000  87.5%  32.8  435s
 1952358 1220212  213.84665  142   57  302.99895   38.00000  87.5%  32.9  441s
 1977413 1233146   46.83333  120  154  302.99895   38.00000  87.5%  32.9  447s
 1987120 1242062   52.66667  128  138  302.99895   38.00000  87.5%  32.9  450s
 2016589 1259642   39.50000  105  146  302.99895   38.00000  87.5%  33.0  455s
 2040718 1270514   38.00000  106  143  302.99895   38.00000  87.5%  33.0  461s
 2045210 1276731  292.67609  131   93  302.99895   38.00000  87.5%  33.0  465s
 2052153 1278100   46.75010  160  114  302.99895   38.00000  87.5%  33.0  472s
 2065325 1291327   40.83333  111  169  302.99895   38.00000  87.5%  33.0  475s
 2073633 1291341  261.66667  149   81  302.99895   38.00000  87.5%  33.0  480s
 2095223 1304033  206.66750  111   84  302.99895   38.00000  87.5%  33.0  488s
 2095267 1323207  208.33333  112   85  302.99895   38.00000  87.5%  33.0  493s
 2132967 1329202  215.01253  142  122  302.99895   38.00000  87.5%  33.0  495s
 2166624 1350228   92.66667  148  108  302.99895   38.00000  87.5%  33.0  500s
H2179299 1354933                     300.3333333   38.00000  87.3%  33.0  502s
H2182012 1356388                     299.6666667   38.00000  87.3%  33.0  503s
H2182101 1356258                     299.5000000   38.00000  87.3%  33.0  503s
H2182189 1356160                     299.3333333   38.00000  87.3%  33.0  503s
H2182712 1355940                     299.0000000   38.00000  87.3%  33.0  503s
H2183789 1355797                     298.8333333   38.00000  87.3%  33.0  503s
H2185460 1358154                     298.5000000   38.00000  87.3%  33.0  504s
H2188380 1358026                     298.3333333   38.00000  87.3%  33.0  504s
 2189897 1361677   43.16667  121  123  298.33333   38.00000  87.3%  33.0  506s
H2193945 1361677                     298.3333332   38.00000  87.3%  33.1  506s
H2195590 1365141                     298.3333331   38.00000  87.3%  33.1  507s
H2195700 1365141                     298.3333330   38.00000  87.3%  33.1  507s
H2196556 1365141                     298.3333330   38.00000  87.3%  33.1  507s
 2207753 1369418   69.16708  175   90  298.33333   38.00000  87.3%  33.1  511s
 2222649 1382246   38.33333   98  161  298.33333   38.00000  87.3%  33.1  515s
H2226087 1382246                     298.3333329   38.00000  87.3%  33.1  515s
 2248003 1397627  148.61174  130   86  298.33333   38.00000  87.3%  33.1  520s
 2269253 1408835  166.86115  152   79  298.33333   38.00000  87.3%  33.1  526s
H2272033 1409125                     298.3333329   38.00000  87.3%  33.1  528s
 2272198 1409877  208.16709  130  113  298.33333   38.00000  87.3%  33.1  530s
H2272415 1409877                     298.3333319   38.00000  87.3%  33.1  530s
H2280619 1416804                     298.3333318   38.00000  87.3%  33.1  532s
 2296284 1426541   61.33333   87  150  298.33333   38.00000  87.3%  33.1  535s
 2323860 1444473  220.66713  110  115  298.33333   38.00000  87.3%  33.1  540s
 2333603 1447549  230.00068  136   85  298.33333   38.00000  87.3%  33.1  545s
H2336210 1450541                     298.3333316   38.00000  87.3%  33.1  546s
H2338149 1453851                     298.3333311   38.00000  87.3%  33.1  547s
H2338310 1453851                     298.3333309   38.00000  87.3%  33.1  547s
H2338458 1453851                     298.3333165   38.00000  87.3%  33.1  547s
H2343453 1453884                     298.3333164   38.00000  87.3%  33.1  549s
 2343504 1473407   39.16667  101  170  298.33332   38.00000  87.3%  33.1  555s
H2343700 1473407                     298.3333162   38.00000  87.3%  33.1  555s
H2344200 1473407                     298.3333162   38.00000  87.3%  33.1  555s
 2395837 1489389  253.33333  164   98  298.33332   38.00000  87.3%  33.1  560s
 2426796 1508119   38.00433   57  194  298.33332   38.00000  87.3%  33.1  565s
 2451364 1523796 infeasible  150       298.33332   38.00000  87.3%  33.1  570s
 2466522 1549558 infeasible  127       298.33332   38.00000  87.3%  33.2  579s
 2478534 1549558   38.00000   89  157  298.33332   38.00000  87.3%  33.2  580s
 2515117 1564255  293.95456  141   99  298.33332   38.00000  87.3%  33.2  585s
 2537928 1576797   45.83344  118  105  298.33332   38.00000  87.3%  33.3  590s
 2551251 1587410   41.83912   81  202  298.33332   38.00000  87.3%  33.3  595s
 2570878 1597646  131.00128  144  119  298.33332   38.00000  87.3%  33.3  600s

Cutting planes:
  Learned: 208
  Gomory: 11
  Cover: 107
  Implied bound: 124
  Clique: 12
  MIR: 308
  Flow cover: 837
  GUB cover: 2
  RLT: 1
  Relax-and-lift: 222

Explored 2574588 nodes (85852780 simplex iterations) in 600.05 seconds
Thread count was 32 (of 64 available processors)

Solution count 10: 298.333 298.333 298.333 ... 298.5

Time limit reached
Best objective 2.983333161740e+02, best bound 3.800000000000e+01, gap 87.2626%

Gurobi 9.1.2 (linux64) logging started Mon Apr  4 08:18:46 2022

Changed value of parameter LogFile to us-ca_v-Washi....log
   Prev:   Default: 
Changed value of parameter MIPFocus to 1
   Prev: 0  Min: 0  Max: 3  Default: 0
Changed value of parameter TimeLimit to 1200.0
   Prev: inf  Min: 0.0  Max: inf  Default: inf
Warning: variables 0 and 200 have the same name "X[Houston,ElPaso]"
Warning: linear constraint 240 and linear constraint 241 have the same name "weight-constr-t5"
Warning: to let Gurobi read it back, use rlp format
Gurobi Optimizer version 9.1.2 build v9.1.2rc0 (linux64)
Thread count: 32 physical cores, 64 logical processors, using up to 32 threads
Optimize a model with 1442 rows, 1200 columns and 4236 nonzeros
Model fingerprint: 0xeff138f8
Variable types: 234 continuous, 966 integer (966 binary)
Coefficient statistics:
  Matrix range     [1e+00, 1e+06]
  Objective range  [2e-01, 2e-01]
  Bounds range     [1e+00, 5e+05]
  RHS range        [1e+00, 1e+06]
Presolve removed 66 rows and 78 columns
Presolve time: 0.02s
Presolved: 1376 rows, 1122 columns, 7200 nonzeros
Variable types: 228 continuous, 894 integer (894 binary)

Root relaxation: objective 3.800000e+01, 157 iterations, 0.00 seconds

    Nodes    |    Current Node    |     Objective Bounds      |     Work
 Expl Unexpl |  Obj  Depth IntInf | Incumbent    BestBd   Gap | It/Node Time

     0     0   38.00000    0   54          -   38.00000      -     -    0s
     0     0   38.00000    0   53          -   38.00000      -     -    0s
     0     0   38.00000    0   53          -   38.00000      -     -    0s
     0     0   38.00000    0   52          -   38.00000      -     -    0s
H    0     0                    2987901.3333   38.00000   100%     -    0s
     0     0   38.00000    0   51 2987901.33   38.00000   100%     -    0s
H    0     0                    2128.1111132   38.00000  98.2%     -    0s
H    0     0                    2119.8333333   38.00000  98.2%     -    0s
     0     2   38.00000    0   45 2119.83333   38.00000  98.2%     -    1s
H   31    64                    2119.8333331   38.00000  98.2%  28.7    1s
H   32    64                    2119.6666667   38.00000  98.2%  28.0    1s
H   35    64                    2115.8333333   38.00000  98.2%  25.9    1s
H   45    64                    2112.6666667   38.00000  98.2%  23.8    1s
H   95   128                    2097.0000000   38.00000  98.2%  16.5    3s
H   96   128                    2096.1666667   38.00000  98.2%  16.3    3s
H   98   128                     559.6666667   38.00000  93.2%  16.1    3s
H  104   128                     558.8333333   38.00000  93.2%  15.9    3s
H  119   128                     364.8333333   38.00000  89.6%  15.7    3s
H  124   128                     326.3333333   38.00000  88.4%  15.3    3s
H  126   128                     315.1666667   38.00000  87.9%  15.2    3s
H  127   160                     312.1666667   38.00000  87.8%  15.1    4s
H  128   160                     309.0000000   38.00000  87.7%  15.0    4s
H  129   160                     308.6666667   38.00000  87.7%  15.0    4s
H  138   160                     308.0000000   38.00000  87.7%  14.3    4s
H  141   160                     307.6666667   38.00000  87.6%  14.2    4s
H  157   160                     307.5000000   38.00000  87.6%  13.8    4s
H  159   192                     305.6666667   38.00000  87.6%  14.0    5s
H  161   192                     304.3333333   38.00000  87.5%  14.0    5s
H  192   251                     303.8333333   38.00000  87.5%  13.0    5s
H  476   513                     303.6666667   38.00000  87.5%   9.6    6s
H  483   513                     303.5000000   38.00000  87.5%   9.5    6s
H 1525  1909                     302.9797259   38.00000  87.5%   7.9    9s
  1979  3869   52.00000   69   31  302.97973   38.00000  87.5%   7.6   10s
  8859  8028   42.55556   63   37  302.97973   38.00000  87.5%   6.3   15s
 12783 11099   38.00000   22  166  302.97973   38.00000  87.5%   7.3   22s
 12943 11206   38.00000   27  166  302.97973   38.00000  87.5%   7.5   27s
 20710 17359   75.83375  129   99  302.97973   38.00000  87.5%  13.2   30s
 31364 26643   38.00000   76  139  302.97973   38.00000  87.5%  16.7   35s
 52665 28244 infeasible   99       302.97973   38.00000  87.5%  20.1   41s
 63395 38932 infeasible  115       302.97973   38.00000  87.5%  22.0   46s
 77884 46172 infeasible  129       302.97973   38.00000  87.5%  24.0   50s
 103591 58262   80.83365  101   79  302.97973   38.00000  87.5%  25.7   55s
 123660 69139   52.16667  138   89  302.97973   38.00000  87.5%  26.7   60s
 138113 73157   38.33404  111  119  302.97973   38.00000  87.5%  27.2   73s
 138163 75424   38.50000  112  107  302.97973   38.00000  87.5%  27.2   75s
 150549 82545   38.00000  103  120  302.97973   38.00000  87.5%  27.6   80s
 174393 92411   55.55556  124   73  302.97973   38.00000  87.5%  28.1   86s
 189297 100222 infeasible  175       302.97973   38.00000  87.5%  28.4   90s
 215209 112190  165.66667  150   62  302.97973   38.00000  87.5%  28.6   95s
 237140 118292 infeasible  113       302.97973   38.00000  87.5%  28.8  100s
 243458 120921 infeasible  148       302.97973   38.00000  87.5%  28.9  111s
 256987 129732 infeasible  136       302.97973   38.00000  87.5%  29.0  116s
 271643 132904 infeasible  124       302.97973   38.00000  87.5%  29.2  129s
 271686 135186   38.16677  125   89  302.97973   38.00000  87.5%  29.2  131s
 282848 137501   38.00000  110  115  302.97973   38.00000  87.5%  29.2  145s
 288411 154640   38.00000  111   92  302.97973   38.00000  87.5%  29.2  153s
 320443 154658   40.16667   87  115  302.97973   38.00000  87.5%  29.4  166s
 320489 169682   40.16667   88  113  302.97973   38.00000  87.5%  29.4  171s
 352521 174064   45.00000  132   84  302.97973   38.00000  87.5%  29.5  175s
 378876 187543   41.83333  102   93  302.97973   38.00000  87.5%  29.7  180s
 385628 187566 infeasible  125       302.97973   38.00000  87.5%  29.8  192s
 385669 205276  281.66667  123   35  302.97973   38.00000  87.5%  29.8  198s
 417701 209906   41.83333  117  119  302.97973   38.00000  87.5%  30.0  200s
 440106 218767 infeasible  119       302.97973   38.00000  87.5%  30.2  205s
 458608 229894   94.66688  112   83  302.97973   38.00000  87.5%  30.4  210s
 474600 236478   62.83333  123   71  302.97973   38.00000  87.5%  30.5  215s
 488943 244299 infeasible  117       302.97973   38.00000  87.5%  30.6  220s
 507992 253450   48.33333  130   79  302.97973   38.00000  87.5%  30.8  225s
 529515 261896   78.00000  115   66  302.97973   38.00000  87.5%  31.0  231s
 540393 268213  124.00107  120   83  302.97973   38.00000  87.5%  31.1  235s
 558089 275504  196.66708  134   52  302.97973   38.00000  87.5%  31.4  241s
 567112 281635   47.16667  118   86  302.97973   38.00000  87.5%  31.6  245s
 580188 288578 infeasible  118       302.97973   38.00000  87.5%  31.7  250s
 599972 298771  143.50000  113   70  302.97973   38.00000  87.5%  31.8  256s
 619780 306006   38.00000  110   86  302.97973   38.00000  87.5%  32.0  260s
 636859 315528   38.00000  118  101  302.97973   38.00000  87.5%  32.2  266s
 650331 320677 infeasible  152       302.97973   38.00000  87.5%  32.2  270s
 669599 331517   82.61196  111   83  302.97973   38.00000  87.5%  32.3  276s
 685804 339942  242.16667  121   53  302.97973   38.00000  87.5%  32.3  280s
 701056 347297   60.66667  107   90  302.97973   38.00000  87.5%  32.4  285s
 721781 355606   49.33354  121   89  302.97973   38.00000  87.5%  32.5  290s
 737229 366595   78.33333  114   92  302.97973   38.00000  87.5%  32.5  295s
 755922 375779 infeasible  136       302.97973   38.00000  87.5%  32.6  301s
 762513 375798   41.00000   97  111  302.97973   38.00000  87.5%  32.7  317s
 762558 392773   39.90449   94  130  302.97973   38.00000  87.5%  32.7  325s
 810842 404421   46.83401  106  109  302.97973   38.00000  87.5%  32.8  330s
 832844 415401 infeasible  142       302.97973   38.00000  87.5%  32.9  336s
 849519 420700   38.00000   94  121  302.97973   38.00000  87.5%  32.9  340s
 864538 430524   38.00000   85  118  302.97973   38.00000  87.5%  32.9  346s
 881866 436850  237.33333  120   51  302.97973   38.00000  87.5%  32.9  350s
 904639 448503  206.34900   96  104  302.97973   38.00000  87.5%  33.0  355s
 917104 456832   39.50258  110  106  302.97973   38.00000  87.5%  33.0  360s
 923598 456851     cutoff  138       302.97973   38.00000  87.5%  33.0  371s
 923643 472557 infeasible  137       302.97973   38.00000  87.5%  33.0  378s
 955675 475409 infeasible   97       302.97973   38.00000  87.5%  33.1  381s
 971640 483923 infeasible  126       302.97973   38.00000  87.5%  33.1  385s
 993255 494982   51.16667  145   76  302.97973   38.00000  87.5%  33.2  390s
 1019573 504582 infeasible  123       302.97973   38.00000  87.5%  33.3  402s
 1019620 519975  139.16844  124   73  302.97973   38.00000  87.5%  33.3  408s
 1051652 522816     cutoff  118       302.97973   38.00000  87.5%  33.3  410s
 1067150 531184 infeasible  145       302.97973   38.00000  87.5%  33.3  415s
 1084665 538602   53.66667  128   82  302.97973   38.00000  87.5%  33.4  420s
 1097758 542283     cutoff  121       302.97973   38.00000  87.5%  33.4  433s
 1104445 546893  124.66940  120   88  302.97973   38.00000  87.5%  33.4  435s
 1123570 556407 infeasible  129       302.97973   38.00000  87.5%  33.5  440s
 1142306 565999   46.50167  103  121  302.97973   38.00000  87.5%  33.5  445s
 1161614 574909   40.83375   95   87  302.97973   38.00000  87.5%  33.5  450s
 1179530 586160   40.33333  101  101  302.97973   38.00000  87.5%  33.6  455s
 1201471 595868  276.16667  156   50  302.97973   38.00000  87.5%  33.6  460s
 1216323 605089  170.00134  113  100  302.97973   38.00000  87.5%  33.6  466s
 1234148 610871 infeasible  111       302.97973   38.00000  87.5%  33.6  479s
 1234196 613695 infeasible  112       302.97973   38.00000  87.5%  33.6  481s
 1252753 619911   51.03763  157   87  302.97973   38.00000  87.5%  33.6  493s
 1257384 623837  235.67351  125   65  302.97973   38.00000  87.5%  33.6  496s
 1270792 633030   39.33333  119   90  302.97973   38.00000  87.5%  33.6  501s
 1286445 636673  175.66667  102   90  302.97973   38.00000  87.5%  33.6  505s
 1305142 647598   38.66667  114  109  302.97973   38.00000  87.5%  33.6  510s
 1326230 655758   62.20489  107   78  302.97973   38.00000  87.5%  33.7  515s
 1350628 665957   43.16667  132  110  302.97973   38.00000  87.5%  33.7  527s
 1350669 668676   51.00000  133  105  302.97973   38.00000  87.5%  33.7  530s
 1366364 678221 infeasible  119       302.97973   38.00000  87.5%  33.7  535s
 1385039 685776   51.83333  127   82  302.97973   38.00000  87.5%  33.7  541s
 1407037 697249   80.33333  114   97  302.97973   38.00000  87.5%  33.7  546s
 1423108 701360   39.33375  124  106  302.97973   38.00000  87.5%  33.7  560s
 1430523 708640   39.41667  104   92  302.97973   38.00000  87.5%  33.7  565s
 1451435 717736   43.33500  122   77  302.97973   38.00000  87.5%  33.7  570s
 1471940 727739  184.83333  144   58  302.97973   38.00000  87.5%  33.7  575s
 1490776 739030   43.00000  127   69  302.97973   38.00000  87.5%  33.8  581s
 1500493 739057  169.22534  118   79  302.97973   38.00000  87.5%  33.8  590s
 1514099 748318   41.33333  118   92  302.97973   38.00000  87.5%  33.8  595s
 1532118 754376   38.50000  114  116  302.97973   38.00000  87.5%  33.9  610s
 1541119 763036 infeasible  148       302.97973   38.00000  87.5%  33.9  615s
 1562671 771084   48.50000  124   74  302.97973   38.00000  87.5%  33.9  620s
 1581545 782450  217.05350  128   66  302.97973   38.00000  87.5%  33.9  626s
 1597848 789508  137.84180  147   75  302.97973   38.00000  87.5%  33.9  630s
 1604023 789522   38.16667  108  113  302.97973   38.00000  87.5%  33.9  641s
 1611937 798405  125.16667  142   61  302.97973   38.00000  87.5%  33.9  645s
 1637303 805155 infeasible  123       302.97973   38.00000  87.5%  33.9  659s
 1637348 807209  241.00053  123   79  302.97973   38.00000  87.5%  33.9  660s
 1642113 807224  144.16688  126   63  302.97973   38.00000  87.5%  33.9  670s
 1642162 821806  144.33333  127   63  302.97973   38.00000  87.5%  33.9  679s
 1674194 825261     cutoff  163       302.97973   38.00000  87.5%  33.9  682s
 1688584 830095 infeasible  158       302.97973   38.00000  87.5%  33.9  685s
 1706683 838030  208.69048  138   66  302.97973   38.00000  87.5%  33.8  701s
 1706736 853245  208.83333  139   62  302.97973   38.00000  87.5%  33.8  707s
 1738768 853273   39.00000  113   96  302.97973   38.00000  87.5%  33.9  722s
 1738804 869159   40.50000  114   98  302.97973   38.00000  87.5%  33.9  727s
 1770836 873087   38.33333  114   95  302.97973   38.00000  87.5%  33.9  731s
 1793802 881588   38.00000  107   98  302.97973   38.00000  87.5%  33.8  736s
 1810176 892161 infeasible  128       302.97973   38.00000  87.5%  33.8  741s
 1827611 897879   43.00314  138  103  302.97973   38.00000  87.5%  33.8  745s
 1850563 907765  119.83333  102  107  302.97973   38.00000  87.5%  33.8  759s
 1850617 911061 infeasible  100       302.97973   38.00000  87.5%  33.8  760s
 1865380 918771  161.12551  138   48  302.97973   38.00000  87.5%  33.8  766s
 1879661 923306   38.67037   96  107  302.97973   38.00000  87.5%  33.8  770s
 1898363 930589  246.83333  131   44  302.97973   38.00000  87.5%  33.8  782s
 1898415 946225 infeasible  132       302.97973   38.00000  87.5%  33.8  788s
 1930447 949525   45.05556  130   95  302.97973   38.00000  87.5%  33.8  790s
 1953462 958690   58.16667  119   69  302.97973   38.00000  87.5%  33.8  796s
 1969881 968431     cutoff  126       302.97973   38.00000  87.5%  33.9  801s
 1988986 978676   53.83333  126   90  302.97973   38.00000  87.5%  33.9  806s
 1995618 978695   45.66667   95   96  302.97973   38.00000  87.5%  33.9  819s
 1995663 994263   84.50395   96   79  302.97973   38.00000  87.5%  33.9  826s
 2034455 1001732   39.66667  119   89  302.97973   38.00000  87.5%  33.9  830s
 2048953 1004894  211.50031  143   57  302.97973   38.00000  87.5%  33.9  846s
 2056808 1012636 infeasible  166       302.97973   38.00000  87.5%  33.9  851s
 2066078 1012663 infeasible  125       302.97973   38.00000  87.5%  33.9  862s
 2071575 1018676   42.66667  126  103  302.97973   38.00000  87.5%  33.9  866s
 2077003 1018692   56.33333  121   97  302.97973   38.00000  87.5%  33.9  875s
 2089942 1028548   40.50000  118  100  302.97973   38.00000  87.5%  33.9  881s
 2102953 1034503   41.24863  119  100  302.97973   38.00000  87.5%  33.9  885s
 2128180 1046467   76.66667  106   68  302.97973   38.00000  87.5%  34.0  891s
 2143902 1051402 infeasible  146       302.97973   38.00000  87.5%  34.0  895s
 2152407 1057969   60.16667  127   93  302.97973   38.00000  87.5%  34.0  900s
 2169514 1066015 infeasible  125       302.97973   38.00000  87.5%  34.0  905s
 2185422 1073778  146.66667  156   52  302.97973   38.00000  87.5%  34.0  910s
 2202129 1081602   39.16667  135   82  302.97973   38.00000  87.5%  34.0  915s
 2216751 1088132   38.83333  153   96  302.97973   38.00000  87.5%  34.0  920s
 2233694 1094281     cutoff  126       302.97973   38.00000  87.5%  34.0  926s
 2247729 1103045   42.16667  124   94  302.97973   38.00000  87.5%  34.0  931s
 2271099 1111869  153.33333  132   70  302.97973   38.00000  87.5%  34.0  935s
 2293332 1122904  120.33333  132   82  302.97973   38.00000  87.5%  34.0  940s
 2311267 1133556   45.66667  121   87  302.97973   38.00000  87.5%  34.0  945s
 2327600 1141152  122.50117  121   65  302.97973   38.00000  87.5%  34.0  950s
 2343157 1148377   38.00000  110  110  302.97973   38.00000  87.5%  34.0  955s
 2360466 1157640  132.16782  139   74  302.97973   38.00000  87.5%  34.0  960s
 2377159 1165532   44.66667  126   84  302.97973   38.00000  87.5%  34.0  965s
 2393590 1174015 infeasible  133       302.97973   38.00000  87.5%  34.1  970s
 2409905 1182316  124.50000  130   85  302.97973   38.00000  87.5%  34.1  975s
 2424787 1189697 infeasible  149       302.97973   38.00000  87.5%  34.1  980s
 2441883 1194378  224.33344  119   70  302.97973   38.00000  87.5%  34.1  994s
 2441925 1209346  225.00000  120   68  302.97973   38.00000  87.5%  34.1 1002s
 2473957 1209418   38.66667  114  108  302.97973   38.00000  87.5%  34.1 1005s
 2474138 1225137   38.66667  118  111  302.97973   38.00000  87.5%  34.1 1012s
 2506170 1228523 infeasible  146       302.97973   38.00000  87.5%  34.1 1016s
 2522617 1236199   39.50021  122  100  302.97973   38.00000  87.5%  34.2 1021s
 2538665 1243136 infeasible  126       302.97973   38.00000  87.5%  34.2 1025s
 2555266 1250450  262.00167  135   57  302.97973   38.00000  87.5%  34.2 1030s
 2561953 1250477   39.50000  126  105  302.97973   38.00000  87.5%  34.2 1040s
 2569381 1259364   54.00000  104   74  302.97973   38.00000  87.5%  34.2 1045s
 2596833 1269722   39.33333  127  100  302.97973   38.00000  87.5%  34.2 1051s
 2616536 1277994   42.66680  141   89  302.97973   38.00000  87.5%  34.2 1055s
 2634647 1289752  135.04853  127   58  302.97973   38.00000  87.5%  34.2 1061s
 2647409 1293851   38.37880   99  133  302.97973   38.00000  87.5%  34.2 1066s
 2660094 1301785   59.33333  134   80  302.97973   38.00000  87.5%  34.2 1071s
 2678034 1309053   86.83333  132   72  302.97973   38.00000  87.5%  34.2 1075s
 2699860 1321327   45.16667  125   82  302.97973   38.00000  87.5%  34.2 1081s
 2722865 1329388   39.00096  117  103  302.97973   38.00000  87.5%  34.3 1086s
 2737191 1339116  222.52877  142   77  302.97973   38.00000  87.5%  34.3 1091s
 2754026 1345197 infeasible  138       302.97973   38.00000  87.5%  34.3 1095s
 2762798 1348311  149.33354  155   90  302.97973   38.00000  87.5%  34.3 1103s
 2762841 1364557 infeasible  156       302.97973   38.00000  87.5%  34.3 1110s
 2794873 1364568 infeasible  131       302.97973   38.00000  87.5%  34.3 1130s
 2794925 1380007  234.00000  134   52  302.97973   38.00000  87.5%  34.3 1135s
 2841237 1388143  202.16667  136   48  302.97973   38.00000  87.5%  34.3 1140s
 2858964 1398968   39.16667  129  104  302.97973   38.00000  87.5%  34.3 1145s
 2880580 1407649   38.00000   95   98  302.97973   38.00000  87.5%  34.3 1150s
 2890318 1410760 infeasible  171       302.97973   38.00000  87.5%  34.3 1161s
 2890363 1425896  156.66667  169   50  302.97973   38.00000  87.5%  34.3 1169s
 2922395 1428678  110.66667  167   57  302.97973   38.00000  87.5%  34.3 1172s
 2935815 1432713   99.16667  140   58  302.97973   38.00000  87.5%  34.2 1175s
 2953218 1438986 infeasible  157       302.97973   38.00000  87.5%  34.2 1190s
 2953267 1454188  207.33333  157   64  302.97973   38.00000  87.5%  34.2 1195s
 2999468 1460669  302.50000  146   42  302.97973   38.00000  87.5%  34.2 1200s

Cutting planes:
  Learned: 162
  Gomory: 6
  Cover: 116
  Implied bound: 129
  Clique: 15
  MIR: 349
  StrongCG: 4
  Flow cover: 741
  GUB cover: 3
  RLT: 2
  Relax-and-lift: 232

Cleanup yields a better solution

Explored 2999515 nodes (102628436 simplex iterations) in 1200.02 seconds
Thread count was 32 (of 64 available processors)

Solution count 10: 302.98 303.5 303.667 ... 308.667

Time limit reached
Best objective 3.024999999939e+02, best bound 3.800000000000e+01, gap 87.4380%
