
Gurobi 9.1.2 (linux64) logging started Mon Apr  4 00:56:36 2022

Changed value of parameter LogFile to us-ca_v-SanDiego.log
   Prev:   Default: 
Changed value of parameter MIPFocus to 1
   Prev: 0  Min: 0  Max: 3  Default: 0
Changed value of parameter TimeLimit to 1200.0
   Prev: inf  Min: 0.0  Max: inf  Default: inf
Warning: variables 0 and 200 have the same name "X[Houston,ElPaso]"
Warning: linear constraint 240 and linear constraint 241 have the same name "weight-constr-t5"
Warning: to let Gurobi read it back, use rlp format
Gurobi Optimizer version 9.1.2 build v9.1.2rc0 (linux64)
Thread count: 32 physical cores, 64 logical processors, using up to 32 threads
Optimize a model with 1454 rows, 1200 columns and 4266 nonzeros
Model fingerprint: 0xfdce1aa3
Variable types: 234 continuous, 966 integer (966 binary)
Coefficient statistics:
  Matrix range     [1e+00, 1e+06]
  Objective range  [2e-01, 2e-01]
  Bounds range     [1e+00, 5e+05]
  RHS range        [1e+00, 1e+06]
Presolve removed 54 rows and 60 columns
Presolve time: 0.01s
Presolved: 1400 rows, 1140 columns, 7356 nonzeros
Variable types: 228 continuous, 912 integer (912 binary)

Root relaxation: objective 3.800000e+01, 159 iterations, 0.00 seconds

    Nodes    |    Current Node    |     Objective Bounds      |     Work
 Expl Unexpl |  Obj  Depth IntInf | Incumbent    BestBd   Gap | It/Node Time

     0     0   38.00000    0   54          -   38.00000      -     -    0s
     0     0   38.00000    0   61          -   38.00000      -     -    0s
     0     0   38.00000    0   46          -   38.00000      -     -    0s
     0     0   38.00000    0   46          -   38.00000      -     -    0s
     0     0   38.00000    0   48          -   38.00000      -     -    0s
     0     0   38.00000    0   36          -   38.00000      -     -    0s
H    0     0                    2006399.3333   38.00000   100%     -    0s
     0     0   38.00000    0   37 2006399.33   38.00000   100%     -    0s
H    0     0                    8301.6666643   38.00000   100%     -    0s
H    0     0                    8299.9999980   38.00000   100%     -    0s
H    0     0                    8290.5000000   38.00000   100%     -    0s
H    0     0                    8289.5000000   38.00000   100%     -    0s
H    0     2                    8288.9999989   38.00000   100%     -    0s
     0     2   38.00000    0   36 8289.00000   38.00000   100%     -    0s
H    1     4                    4275.9999993   38.00000  99.1%   280    0s
H    3     8                    4275.6666659   38.00000  99.1%   107    0s
H    4     8                    4272.1666661   38.00000  99.1%  82.5    0s
H   11    16                    4271.9999996   38.00000  99.1%  37.5    0s
H   33    64                    2352.0000000   38.00000  98.4%  19.8    0s
H   39    64                    2255.0000000   38.00000  98.3%  18.6    0s
H   48    64                    2225.9999998   38.00000  98.3%  16.0    0s
H   55    64                    2224.7499998   38.00000  98.3%  16.4    0s
H   58    64                    2212.1666666   38.00000  98.3%  16.4    0s
H   96   126                    2134.1666667   38.00000  98.2%  13.2    2s
H   98   126                    2114.1666667   38.00000  98.2%  13.5    2s
H  102   126                    2099.6666667   38.00000  98.2%  13.6    2s
H  107   126                    1094.1666667   38.00000  96.5%  13.7    2s
H  118   126                    1078.6666667   38.00000  96.5%  12.9    2s
H  127   158                    1076.5000000   38.00000  96.5%  12.5    3s
H  128   158                    1072.8333333   38.00000  96.5%  12.5    3s
H  130   158                    1072.6666667   38.00000  96.5%  12.4    3s
H  133   158                    1070.5000000   38.00000  96.5%  12.3    3s
H  159   190                    1070.0000000   38.00000  96.4%  12.2    6s
H  161   190                    1069.6666667   38.00000  96.4%  12.3    6s
H  171   190                    1069.5000000   38.00000  96.4%  11.8    6s
H  176   190                    1069.3333333   38.00000  96.4%  11.6    6s
H  178   190                    1069.0000000   38.00000  96.4%  11.5    6s
  2704  3093   53.00000   89   36 1069.00000   38.00000  96.4%   6.6   10s
H 3826  5682                    1068.9999998   38.00000  96.4%   6.5   11s
  9040  7962   38.00000    9   42 1069.00000   38.00000  96.4%   6.0   15s
  9494  8464   41.00005   30  136 1069.00000   38.00000  96.4%   7.8   20s
H10394  8406                    1068.9999997   38.00000  96.4%   8.2   24s
 10397  9509 infeasible   48      1069.00000   38.00000  96.4%   8.2   25s
H12567  9354                    1068.9999996   38.00000  96.4%   9.2   25s
 15856 13635   38.00000   33  174 1069.00000   38.00000  96.4%  10.1   30s
H20356 12793                    1068.9999995   38.00000  96.4%  10.8   31s
H23898 13687                    1068.9999993   38.00000  96.4%  11.3   32s
 29126 21163 infeasible  111      1069.00000   38.00000  96.4%  12.1   35s
 39826 26548  596.00000  170   51 1069.00000   38.00000  96.4%  12.6   40s
 43575 26571   38.33333   67  145 1069.00000   38.00000  96.4%  12.7   45s
H55349 35321                    1068.9999992   38.00000  96.4%  12.9   49s
 56252 38781   57.33333   82  118 1069.00000   38.00000  96.4%  12.9   51s
 75955 49625   39.33333   56  138 1069.00000   38.00000  96.4%  13.4   58s
H75987 49478                    1057.8333333   38.00000  96.4%  13.4   58s
 75990 51391   46.33339   57  122 1057.83333   38.00000  96.4%  13.4   60s
H76100 51386                    1057.5000000   38.00000  96.4%  13.4   60s
H76142 51384                    1057.3333333   38.00000  96.4%  13.4   60s
H76327 51384                    1057.1666667   38.00000  96.4%  13.4   60s
H78600 54662                    1057.0000000   38.00000  96.4%  13.4   60s
H80063 54660                    1056.7500000   38.00000  96.4%  13.5   60s
H83596 58955                    1056.6666667   38.00000  96.4%  13.5   61s
H83777 58952                    1056.5000000   38.00000  96.4%  13.5   61s
 95923 73093   38.00000   87  141 1056.50000   38.00000  96.4%  13.8   66s
 121251 84673   43.16667  131  122 1056.50000   38.00000  96.4%  14.7   70s
H121323 84673                    1056.4999999   38.00000  96.4%  14.7   70s
H126592 87892                    1056.4999998   38.00000  96.4%  14.9   71s
 135486 95495   92.25065  108   85 1056.50000   38.00000  96.4%  15.1   75s
H138414 95495                    1056.4999991   38.00000  96.4%  15.1   75s
H142106 101803                    1056.4999672   38.00000  96.4%  15.2   78s
 151668 109332   38.33333   46  131 1056.49997   38.00000  96.4%  15.4   81s
 159917 132136   38.00000   61  161 1056.49997   38.00000  96.4%  15.4   91s
H161001 132136                    1056.4999277   38.00000  96.4%  15.4   91s
H166906 132113                    1056.0000000   38.00000  96.4%  15.5   91s
H194054 136204                    1055.6666667   38.00000  96.4%  15.7   94s
 198310 139024   51.16677   75  122 1055.66667   38.00000  96.4%  15.6   97s
H200968 139024                    1055.6666666   38.00000  96.4%  15.6   97s
H201991 139024                    1055.6665310   38.00000  96.4%  15.6   97s
 202810 139146     cutoff  100      1055.66653   38.00000  96.4%  15.6  101s
H202811 139146                    1055.6646599   38.00000  96.4%  15.6  101s
 203025 141368     cutoff   99      1055.66466   38.00000  96.4%  15.6  105s
 217559 152212   39.33336   63  130 1055.66466   38.00000  96.4%  15.7  110s
H220206 152209                    1055.5000000   38.00000  96.4%  15.7  110s
H223071 154233                    1055.3333333   38.00000  96.4%  15.7  113s
H225794 165887                    1054.6666667   38.00000  96.4%  15.7  115s
H242523 169796                    1054.5000000   38.00000  96.4%  15.8  116s
H243583 169793                    1054.3333333   38.00000  96.4%  15.8  116s
 262675 180117  876.50758  149   24 1054.33333   38.00000  96.4%  15.9  124s
H262676 180117                    1054.3332655   38.00000  96.4%  15.9  124s
 262710 183000  875.34848  149   22 1054.33327   38.00000  96.4%  15.9  126s
H264799 183000                    1054.3323358   38.00000  96.4%  15.9  126s
 275251 192485   51.50012   94  131 1054.33234   38.00000  96.4%  16.0  130s
 284425 195566  247.16667  148   66 1054.33234   38.00000  96.4%  16.1  135s
 284467 217886  390.33333  149   60 1054.33234   38.00000  96.4%  16.1  144s
 316499 221884  247.83333  103  113 1054.33234   38.00000  96.4%  16.3  146s
H322338 221873                    1053.6666667   38.00000  96.4%  16.3  147s
 329489 228316   38.33343   76  161 1053.66667   38.00000  96.4%  16.3  150s
H329708 228316                    1053.6663765   38.00000  96.4%  16.3  150s
H329771 228285                    1052.6666667   38.00000  96.4%  16.3  150s
H334884 231625                    1051.3333333   38.00000  96.4%  16.3  152s
H337048 235211                    1050.3333333   38.00000  96.4%  16.3  155s
H337275 235209                    1050.0000000   38.00000  96.4%  16.3  155s
H338355 235209                    1049.8333333   38.00000  96.4%  16.3  155s
H342536 240237                    1049.6666667   38.00000  96.4%  16.3  157s
H348010 240234                    1048.6666667   38.00000  96.4%  16.3  157s
 350220 242665   69.16667  112  131 1048.66667   38.00000  96.4%  16.3  160s
 356210 252577   40.33333   91  165 1048.66667   38.00000  96.4%  16.4  167s
 368251 259287   39.66667  108  141 1048.66667   38.00000  96.4%  16.4  170s
 388362 270145   38.33333   59  139 1048.66667   38.00000  96.4%  16.5  175s
H395262 273501                    1048.6666664   38.00000  96.4%  16.6  176s
H399034 277244                    1048.6666658   38.00000  96.4%  16.6  178s
H400349 277244                    1048.6666647   38.00000  96.4%  16.7  178s
H403781 280312                    1048.6666646   38.00000  96.4%  16.7  179s
H403831 280312                    1048.6666642   38.00000  96.4%  16.7  179s
 407650 282555  402.83336   88   92 1048.66666   38.00000  96.4%  16.7  182s
H412500 285414                    1048.6666641   38.00000  96.4%  16.7  184s
 415245 288987   47.83333   88  168 1048.66666   38.00000  96.4%  16.7  187s
 420405 289012 infeasible  120      1048.66666   38.00000  96.4%  16.8  203s
 420442 295087  273.00005  119   88 1048.66666   38.00000  96.4%  16.8  205s
H429800 296001                    1048.6666624   38.00000  96.4%  16.8  208s
 430542 301401   39.33333   75  161 1048.66666   38.00000  96.4%  16.8  210s
 445500 307491   38.00000   88  146 1048.66666   38.00000  96.4%  16.8  215s
H447316 307491                    1048.6666620   38.00000  96.4%  16.8  215s
H449084 316123                    1048.6666609   38.00000  96.4%  16.8  219s
H449525 316123                    1048.6666607   38.00000  96.4%  16.8  219s
 462773 319368   40.16667   81  153 1048.66666   38.00000  96.4%  16.9  220s
 475785 324660   46.33333  126   96 1048.66666   38.00000  96.4%  16.9  226s
 475823 346195   46.33333  127   90 1048.66666   38.00000  96.4%  16.9  230s
H507914 346266                    1048.6548211   38.00000  96.4%  17.0  234s
 507975 367284  677.50000  160   34 1048.65482   38.00000  96.4%  17.0  248s
H508300 367284                    1048.6547904   38.00000  96.4%  17.0  248s
 540007 373540   62.00566  145   95 1048.65479   38.00000  96.4%  17.1  251s
 558495 380613  109.33333  124   93 1048.65479   38.00000  96.4%  17.1  256s
 566920 384832   38.33333  100  144 1048.65479   38.00000  96.4%  17.1  262s
 572561 393641 infeasible  135      1048.65479   38.00000  96.4%  17.1  266s
 588771 402047   40.66672  101  162 1048.65479   38.00000  96.4%  17.2  271s
 603215 408584 infeasible  180      1048.65479   38.00000  96.4%  17.2  276s
 603610 429763   38.00000  116  166 1048.65479   38.00000  96.4%  17.2  289s
 635642 436230  144.16667  122  102 1048.65479   38.00000  96.4%  17.3  292s
 652026 443524   65.83341  121  107 1048.65479   38.00000  96.4%  17.4  295s
 667218 456240   64.83371  131  126 1048.65479   38.00000  96.4%  17.4  300s
 683014 466828  391.02140  204   78 1048.65479   38.00000  96.4%  17.5  305s
 697753 476837  145.16667  117   97 1048.65479   38.00000  96.4%  17.5  311s
 709335 479675  219.33436  150   59 1048.65479   38.00000  96.4%  17.5  315s
 718697 489002  720.16667   80  110 1048.65479   38.00000  96.4%  17.5  320s
 728610 495432  356.17000  184   56 1048.65479   38.00000  96.4%  17.5  325s
 748376 507935 infeasible  136      1048.65479   38.00000  96.4%  17.6  330s
 761903 520565  222.16702  137   98 1048.65479   38.00000  96.4%  17.6  335s
 777839 527482   38.75000  101  150 1048.65479   38.00000  96.4%  17.6  340s
 791046 538429  283.00043  138   70 1048.65479   38.00000  96.4%  17.7  345s
 806456 547627   41.00005  126  119 1048.65479   38.00000  96.4%  17.7  350s
 817900 552150   77.50005  123   96 1048.65479   38.00000  96.4%  17.8  357s
 821475 554865   85.16667  165   85 1048.65479   38.00000  96.4%  17.8  363s
 821511 575963 infeasible  166      1048.65479   38.00000  96.4%  17.8  370s
 853716 596599   38.00000   65  146 1048.65479   38.00000  96.4%  17.9  380s
 898054 608049  127.16667  120  108 1048.65479   38.00000  96.4%  17.9  386s
 907884 614144  250.50046  126   93 1048.65479   38.00000  96.4%  18.0  390s
 918687 622036  897.00011  152   64 1048.65479   38.00000  96.4%  18.0  395s
 932535 626400   41.66667   86  150 1048.65479   38.00000  96.4%  18.0  400s
 940481 633460   39.66667  121  132 1048.65479   38.00000  96.4%  18.0  406s
 949164 642187  750.50090  191   75 1048.65479   38.00000  96.4%  18.0  411s
 965992 650558  171.84770  132   95 1048.65479   38.00000  96.4%  18.0  415s
 980234 660948  163.16667  207   58 1048.65479   38.00000  96.4%  18.0  421s
 998150 666584   46.33417  122  150 1048.65479   38.00000  96.4%  18.0  427s
 1003160 669271  250.16667  134   90 1048.65479   38.00000  96.4%  18.0  432s
 1009564 673015   38.66667   93  144 1048.65479   38.00000  96.4%  18.0  435s
 1009713 694335   38.66667   96  146 1048.65479   38.00000  96.4%  18.0  442s
 1041745 694357  275.66667  182   66 1048.65479   38.00000  96.4%  18.1  448s
 1041785 714996 infeasible  183      1048.65479   38.00000  96.4%  18.1  460s
 1081133 722332   38.00000   86  130 1048.65479   38.00000  96.4%  18.2  465s
 1099780 730655   39.33339  134  141 1048.65479   38.00000  96.4%  18.2  470s
 1112364 741603 infeasible  118      1048.65479   38.00000  96.4%  18.3  475s
 1118765 743284   76.66667  105  106 1048.65479   38.00000  96.4%  18.3  482s
 1126345 748149   42.33333  134   98 1048.65479   38.00000  96.4%  18.3  488s
 1126385 749864   42.33333  135   96 1048.65479   38.00000  96.4%  18.3  490s
 1136010 756074   44.50000  102  139 1048.65479   38.00000  96.4%  18.3  495s
 1154173 767978   39.00004   93  170 1048.65479   38.00000  96.4%  18.3  500s
 1163826 776614  194.83333  157   66 1048.65479   38.00000  96.4%  18.4  505s
 1177662 783736   52.33333  101  130 1048.65479   38.00000  96.4%  18.4  510s
 1191480 790779   42.00000  114  131 1048.65479   38.00000  96.4%  18.5  518s
 1197035 794798   71.33379  134  126 1048.65479   38.00000  96.4%  18.5  524s
 1197072 798897   71.83376  135  111 1048.65479   38.00000  96.4%  18.5  525s
 1218749 813831   45.50000   74  115 1048.65479   38.00000  96.4%  18.6  530s
 1234839 824310  184.50000  143   73 1048.65479   38.00000  96.4%  18.6  536s
 1246667 829114   46.33333  102  140 1048.65479   38.00000  96.4%  18.6  540s
 1260418 837060 infeasible  108      1048.65479   38.00000  96.4%  18.6  545s
 1273280 841665   45.33344  104  130 1048.65479   38.00000  96.4%  18.6  552s
 1273432 845642   46.00000  105  124 1048.65479   38.00000  96.4%  18.6  555s
 1291468 856297  771.77170  115   58 1048.65479   38.00000  96.4%  18.6  560s
 1301462 865853   44.50089  159  104 1048.65479   38.00000  96.4%  18.7  565s
 1322240 872615  395.50001  176   69 1048.65479   38.00000  96.4%  18.7  572s
 1324561 878697   38.16676  158  150 1048.65479   38.00000  96.4%  18.7  576s
 1335796 886594   51.83333  107  136 1048.65479   38.00000  96.4%  18.8  581s
 1351583 891930 infeasible  105      1048.65479   38.00000  96.4%  18.8  586s
 1360860 896337   39.33591  121  137 1048.65479   38.00000  96.4%  18.8  590s
 1362224 916428  922.16677  156   52 1048.65479   38.00000  96.4%  18.8  598s
 1394256 920691   48.00000  118  139 1048.65479   38.00000  96.4%  18.8  600s
 1415752 933366   39.33339  109  144 1048.65479   38.00000  96.4%  18.8  606s
 1432879 943194 infeasible  145      1048.65479   38.00000  96.4%  18.9  610s
 1457405 955058   47.27778  119  123 1048.65479   38.00000  96.4%  18.9  617s
 1457442 973720   49.27782  119  123 1048.65479   38.00000  96.4%  18.9  625s
 1502418 982547   52.66667  159  114 1048.65479   38.00000  96.4%  18.9  630s
 1507650 984152   38.00000  117  160 1048.65479   38.00000  96.4%  18.9  636s
 1518155 990196   62.00185  109  138 1048.65479   38.00000  96.4%  18.9  642s
 1522436 997584   48.33375  118   98 1048.65479   38.00000  96.4%  18.9  646s
 1533182 1002853   39.33343   91  157 1048.65479   38.00000  96.4%  19.0  652s
 1542327 1010149  824.50033  161   60 1048.65479   38.00000  96.4%  19.0  656s
 1562252 1019818 infeasible  102      1048.65479   38.00000  96.4%  19.0  661s
 1578814 1029757   56.50021  149  132 1048.65479   38.00000  96.4%  19.0  666s
 1593205 1040389   47.50011  147  102 1048.65479   38.00000  96.4%  19.0  671s
 1605226 1048256 infeasible  105      1048.65479   38.00000  96.4%  19.1  676s
 1622992 1059205  418.50000  113   94 1048.65479   38.00000  96.4%  19.1  680s
 1631864 1065110   40.33333   91  109 1048.65479   38.00000  96.4%  19.1  685s
 1651321 1075420  108.16694  149   66 1048.65479   38.00000  96.4%  19.1  690s
 1670050 1082371   39.00008  112  139 1048.65479   38.00000  96.4%  19.1  695s
 1677283 1090508   38.00000  104  156 1048.65479   38.00000  96.4%  19.1  701s
 1692625 1096646   88.16667  152   91 1048.65479   38.00000  96.4%  19.1  709s
 1692671 1101054   88.16667  153   90 1048.65479   38.00000  96.4%  19.1  711s
 1710521 1107378   38.83335  123  143 1048.65479   38.00000  96.4%  19.1  716s
 1720014 1115333   38.58333  128  122 1048.65479   38.00000  96.4%  19.2  720s
 1735512 1125805   40.66667  115  122 1048.65479   38.00000  96.4%  19.2  725s
 1749105 1130712   42.66667  119  127 1048.65479   38.00000  96.4%  19.2  731s
 1749441 1149633   42.66667  120  132 1048.65479   38.00000  96.4%  19.2  736s
 1787816 1156149   49.66709  135  163 1048.65479   38.00000  96.4%  19.2  740s
 1791364 1160594   38.83333  110  134 1048.65479   38.00000  96.4%  19.2  746s
 1809595 1167651   38.50000  105  153 1048.65479   38.00000  96.4%  19.2  752s
 1814974 1175904   51.16683  140  116 1048.65479   38.00000  96.4%  19.3  755s
 1830056 1186177   68.50000  133  104 1048.65479   38.00000  96.4%  19.3  761s
 1847073 1195226   87.33333  148   99 1048.65479   38.00000  96.4%  19.3  766s
 1862903 1205992 infeasible   98      1048.65479   38.00000  96.4%  19.3  771s
 1878622 1215297 infeasible  116      1048.65479   38.00000  96.4%  19.3  777s
 1891820 1219120   83.33333  119   96 1048.65479   38.00000  96.4%  19.3  784s
 1891866 1222430  240.16667  120   91 1048.65479   38.00000  96.4%  19.3  786s
 1904999 1229979   48.50038  144  127 1048.65479   38.00000  96.4%  19.3  790s
 1915415 1234689   39.50055  137  163 1048.65479   38.00000  96.4%  19.4  795s
 1931971 1248071   82.50032  176   83 1048.65479   38.00000  96.4%  19.4  800s
 1953184 1261741   43.16667  139  120 1048.65479   38.00000  96.4%  19.4  805s
 1967563 1271048   49.41799  161   99 1048.65479   38.00000  96.4%  19.4  810s
 1986700 1278879   38.00000  126  156 1048.65479   38.00000  96.4%  19.4  818s
 1986732 1282832   38.00013  127  156 1048.65479   38.00000  96.4%  19.4  820s
 1992470 1282862   68.66667  171   96 1048.65479   38.00000  96.4%  19.4  826s
 1999151 1288069   65.83333  129   98 1048.65479   38.00000  96.4%  19.4  830s
 2015612 1298178  935.50000  198   51 1048.65479   38.00000  96.4%  19.4  835s
 2023745 1300705   60.66674  129  129 1048.65479   38.00000  96.4%  19.4  840s
 2036557 1313714   39.66667  134  143 1048.65479   38.00000  96.4%  19.4  846s
 2053224 1323714   70.83333  161  102 1048.65479   38.00000  96.4%  19.5  851s
 2067262 1333862   88.66769  133  125 1048.65479   38.00000  96.4%  19.5  855s
 2077055 1335393     cutoff  132      1048.65479   38.00000  96.4%  19.5  860s
 2095399 1348781 infeasible  133      1048.65479   38.00000  96.4%  19.5  866s
 2108508 1359191   40.50000  160  117 1048.65479   38.00000  96.4%  19.5  870s
 2126870 1367707   50.66667  104  124 1048.65479   38.00000  96.4%  19.5  875s
 2142469 1376531   44.00065  136  112 1048.65479   38.00000  96.4%  19.5  880s
 2156457 1384171   38.66667  107  142 1048.65479   38.00000  96.4%  19.5  885s
 2169250 1388753 infeasible  132      1048.65479   38.00000  96.4%  19.5  890s
 2179402 1396891   88.00137  125  102 1048.65479   38.00000  96.4%  19.5  895s
 2193914 1407300  808.83333  183   47 1048.65479   38.00000  96.4%  19.5  900s
 2209941 1414480 infeasible  152      1048.65479   38.00000  96.4%  19.5  905s
 2229721 1428780   38.00000  107  150 1048.65479   38.00000  96.4%  19.5  911s
 2236940 1428803   41.00000  152  108 1048.65479   38.00000  96.4%  19.5  915s
 2246237 1437259 infeasible  148      1048.65479   38.00000  96.4%  19.5  920s
 2258945 1442154  393.66686  196   80 1048.65479   38.00000  96.4%  19.5  927s
 2271324 1451184 infeasible  158      1048.65479   38.00000  96.4%  19.5  931s
 2284686 1462481   38.00000   99  161 1048.65479   38.00000  96.4%  19.5  935s
 2290971 1465818   41.16667  146  104 1048.65479   38.00000  96.4%  19.5  940s
 2306818 1474897   38.00000  135  159 1048.65479   38.00000  96.4%  19.5  945s
 2317255 1478998   41.58341  130  133 1048.65479   38.00000  96.4%  19.5  950s
 2319026 1496995   49.50000  153   95 1048.65479   38.00000  96.4%  19.5  962s
 2349180 1499125   39.50008  115  136 1048.65479   38.00000  96.4%  19.6  966s
 2363341 1509131   53.83333  151  109 1048.65479   38.00000  96.4%  19.6  972s
 2368804 1511782  257.00000  159   64 1048.65479   38.00000  96.4%  19.6  975s
 2386080 1521457 infeasible  145      1048.65479   38.00000  96.4%  19.6  981s
 2398243 1530866   57.00000  123  138 1048.65479   38.00000  96.4%  19.6  985s
 2421885 1542406  818.00019  153   56 1048.65479   38.00000  96.4%  19.6  991s
 2437706 1553386   52.66667  138  122 1048.65479   38.00000  96.4%  19.6  996s
 2456461 1563896   40.83333  118  141 1048.65479   38.00000  96.4%  19.6 1001s
 2473330 1571037  283.00062  170   72 1048.65479   38.00000  96.4%  19.6 1006s
 2482260 1574831   38.00000  118  140 1048.65479   38.00000  96.4%  19.6 1012s
 2482293 1594101   38.33335  119  149 1048.65479   38.00000  96.4%  19.6 1028s
 2514325 1594125   44.50000  149  113 1048.65479   38.00000  96.4%  19.6 1035s
 2514365 1612707   44.16667  147  121 1048.65479   38.00000  96.4%  19.6 1048s
 2546397 1615856  132.83500  145  115 1048.65479   38.00000  96.4%  19.6 1050s
 2572146 1630580   39.50000  127  137 1048.65479   38.00000  96.4%  19.7 1055s
 2594377 1644202   81.16667  168  102 1048.65479   38.00000  96.4%  19.7 1061s
 2603801 1649951  152.50000  164   90 1048.65479   38.00000  96.4%  19.7 1065s
 2627615 1661100 infeasible  167      1048.65479   38.00000  96.4%  19.7 1072s
 2636066 1667909   65.00000  157   96 1048.65479   38.00000  96.4%  19.7 1076s
 2649430 1673976   59.66667  134  133 1048.65479   38.00000  96.4%  19.7 1081s
 2653931 1679110   41.16667  149  124 1048.65479   38.00000  96.4%  19.7 1086s
 2666826 1686602   40.08333  142  137 1048.65479   38.00000  96.4%  19.7 1090s
 2685469 1695349   47.33333  121  145 1048.65479   38.00000  96.4%  19.7 1096s
 2695235 1698247   58.50007  148  125 1048.65479   38.00000  96.4%  19.7 1100s
 2696110 1701025   86.83667  155   98 1048.65479   38.00000  96.4%  19.7 1105s
 2714890 1708485   55.50000  161  101 1048.65479   38.00000  96.4%  19.7 1114s
 2714930 1708856   55.50000  162   99 1048.65479   38.00000  96.4%  19.7 1115s
 2722230 1712393   38.00000  110  154 1048.65479   38.00000  96.4%  19.7 1122s
 2728156 1716659  238.00002  168   93 1048.65479   38.00000  96.4%  19.7 1126s
 2741542 1728009   70.33335  170  114 1048.65479   38.00000  96.4%  19.7 1131s
 2751940 1731642   39.58344  126  128 1048.65479   38.00000  96.4%  19.7 1135s
 2768485 1738459   39.37501  124  142 1048.65479   38.00000  96.4%  19.7 1142s
 2768641 1755950   38.66667  123  143 1048.65479   38.00000  96.4%  19.7 1149s
 2800673 1759556   53.01176  113  103 1048.65479   38.00000  96.4%  19.7 1152s
 2807036 1762439   47.83387  126  116 1048.65479   38.00000  96.4%  19.7 1155s
 2822321 1769511 infeasible  147      1048.65479   38.00000  96.4%  19.7 1160s
 2838848 1778190   69.66667  179  102 1048.65479   38.00000  96.4%  19.7 1165s
 2858012 1789100 infeasible  165      1048.65479   38.00000  96.4%  19.7 1171s
 2879509 1798405  551.83344  168   73 1048.65479   38.00000  96.4%  19.7 1175s
 2890948 1806526 infeasible  151      1048.65479   38.00000  96.4%  19.7 1181s
 2903297 1813080   64.50027  149  128 1048.65479   38.00000  96.4%  19.7 1185s
 2913408 1819509   38.66667  120  165 1048.65479   38.00000  96.4%  19.7 1190s
 2920086 1822186   88.83333  163   93 1048.65479   38.00000  96.4%  19.7 1195s
 2938717 1829657   68.31886  147  128 1048.65479   38.00000  96.4%  19.7 1200s

Cutting planes:
  Learned: 188
  Gomory: 6
  Cover: 109
  Implied bound: 76
  Clique: 10
  MIR: 166
  Flow cover: 660
  GUB cover: 5
  Relax-and-lift: 89

Cleanup yields a better solution

Explored 2938797 nodes (57966093 simplex iterations) in 1200.05 seconds
Thread count was 32 (of 64 available processors)

Solution count 10: 1048.65 1048.67 1048.67 ... 1050.33

Time limit reached
Best objective 1.047662517281e+03, best bound 3.800000000000e+01, gap 96.3729%
