
Gurobi 9.1.2 (linux64) logging started Tue Mar 29 22:26:26 2022

Changed value of parameter LogFile to abilene_v-NYCMng.log
   Prev:   Default: 
Changed value of parameter MIPFocus to 1
   Prev: 0  Min: 0  Max: 3  Default: 0
Changed value of parameter TimeLimit to 600.0
   Prev: inf  Min: 0.0  Max: inf  Default: inf
Warning: variables 0 and 54 have the same name "X[ATLAM5,ATLAng]"
Warning: linear constraint 78 and linear constraint 79 have the same name "weight-constr-t5"
Warning: to let Gurobi read it back, use rlp format
Gurobi Optimizer version 9.1.2 build v9.1.2rc0 (linux64)
Thread count: 32 physical cores, 64 logical processors, using up to 32 threads
Optimize a model with 389 rows, 324 columns and 1086 nonzeros
Model fingerprint: 0x3eb87a0f
Variable types: 72 continuous, 252 integer (252 binary)
Coefficient statistics:
  Matrix range     [1e+00, 1e+06]
  Objective range  [2e-01, 2e-01]
  Bounds range     [1e+00, 5e+05]
  RHS range        [1e+00, 1e+06]
Presolve removed 54 rows and 60 columns
Presolve time: 0.00s
Presolved: 335 rows, 264 columns, 1494 nonzeros
Variable types: 66 continuous, 198 integer (198 binary)

Root relaxation: objective 1.200000e+01, 56 iterations, 0.00 seconds

    Nodes    |    Current Node    |     Objective Bounds      |     Work
 Expl Unexpl |  Obj  Depth IntInf | Incumbent    BestBd   Gap | It/Node Time

     0     0   12.00000    0   12          -   12.00000      -     -    0s
H    0     0                    1594731.3333   12.00000   100%     -    0s
     0     0   12.00000    0   12 1594731.33   12.00000   100%     -    0s
H    0     0                     130.9999999   12.00000  90.8%     -    0s
H    0     0                      68.0000000   12.00000  82.4%     -    0s
     0     2   12.00000    0   12   68.00000   12.00000  82.4%     -    0s
H   31    54                      41.8333333   12.00000  71.3%  12.1    0s
H   89   112                      41.5000000   12.00000  71.1%  10.0    0s
H   90   112                      39.5000000   12.00000  69.6%   9.9    0s
H   93   112                      39.3333333   12.00000  69.5%   9.8    0s
H  118   112                      39.1666667   12.00000  69.4%   9.4    0s
H  153   166                      39.0000000   12.00000  69.2%   9.2    0s
H 1226   865                      39.0000000   12.00000  69.2%   7.2    0s
H 4974  2502                      38.8333333   12.00000  69.1%   6.2    1s
* 5404  3195              39      36.6666683   12.00000  67.3%   6.2    1s
  9023  3407   34.22695   29   41   36.66667   12.00000  67.3%  14.6    5s
 15982  3711   31.94243   51   16   36.66667   12.00000  67.3%  22.2   10s
 22922  7196   14.33854   36   32   36.66667   12.00000  67.3%  26.3   15s
 28542  9359   12.50000   37   37   36.66667   12.00000  67.3%  27.1   20s
 37954 15474   31.83786   31   17   36.66667   12.00000  67.3%  29.3   25s
 49974 20639   27.83333   36   16   36.66667   12.00000  67.3%  31.8   30s
 60185 28277   13.61133   43   34   36.66667   12.00000  67.3%  32.5   35s
 75201 34747 infeasible   54        36.66667   12.00000  67.3%  32.9   40s
 90473 44819   15.41039   33   52   36.66667   12.16667  66.8%  33.6   45s
 112131 52582   15.66667   36   22   36.66667   12.16667  66.8%  33.1   50s
 129445 61452   32.92516   36   45   36.66667   12.16667  66.8%  33.4   55s
 145130 70311   31.95982   45   29   36.66667   12.16667  66.8%  33.7   60s
 162052 76927   12.65789   33   35   36.66667   12.16667  66.8%  33.7   65s
 176465 84673   27.97007   55   11   36.66667   12.16667  66.8%  33.7   70s
 191583 92970   12.50000   38   46   36.66667   12.25000  66.6%  33.4   75s
 229912 110327   13.50237   31   42   36.66667   12.33333  66.4%  33.2   80s
 266980 126583   21.65699   39   22   36.66667   12.33333  66.4%  33.0   85s
 303767 143149   20.66810   46   22   36.66667   12.33333  66.4%  32.9   90s
 346808 164595     cutoff   36        36.66667   12.41667  66.1%  32.6   95s
 382438 181370   20.71138   47   38   36.66667   12.50000  65.9%  32.4  100s
 422975 197745   13.27083   39   33   36.66667   12.50000  65.9%  32.1  105s
 457236 214734   32.58230   45   35   36.66667   12.50000  65.9%  31.9  110s
 487116 227551   13.10208   39   24   36.66667   12.50000  65.9%  31.8  115s
 517160 242833     cutoff   44        36.66667   12.54125  65.8%  31.7  120s
 548828 257267   19.16667   40   26   36.66667   12.61566  65.6%  31.5  125s
 587109 275149   13.34722   35   27   36.66667   12.66667  65.5%  31.3  130s
 626768 291554   21.66667   42   16   36.66667   12.66667  65.5%  31.2  135s
 657033 306547   33.37987   49    6   36.66667   12.66667  65.5%  31.2  140s
 686350 319628     cutoff   52        36.66667   12.66667  65.5%  31.1  145s
 718465 334482   19.93464   34   28   36.66667   12.67708  65.4%  31.1  150s
 753050 349763     cutoff   46        36.66667   12.75000  65.2%  31.0  155s
 789643 364140   14.77923   36   27   36.66667   12.82845  65.0%  30.8  160s
 822183 379491   16.97281   45   30   36.66667   12.83333  65.0%  30.8  165s
 857997 393799   17.16667   47   18   36.66667   12.83333  65.0%  30.6  170s
 886325 407308   12.83333   37   43   36.66667   12.83333  65.0%  30.5  175s
 920073 423336   21.10173   51   14   36.66667   12.83333  65.0%  30.5  180s
 956316 438761   20.66667   52   23   36.66667   12.83550  65.0%  30.5  185s
 988378 452019   19.00000   50   20   36.66667   12.87829  64.9%  30.4  190s
 1011122 463587   13.00694   37   25   36.66667   12.91667  64.8%  30.4  195s
 1051347 479489   23.58333   52   21   36.66667   12.97917  64.6%  30.2  200s
 1084312 494385   35.52252   60   13   36.66667   13.00000  64.5%  30.2  205s
 1118279 511890     cutoff   35        36.66667   13.00000  64.5%  30.2  210s
 1155283 528744   13.84722   42   29   36.66667   13.00000  64.5%  30.2  215s
 1182283 540843   23.50873   59   32   36.66667   13.00000  64.5%  30.2  220s
 1222133 557560   16.54167   37   36   36.66667   13.00000  64.5%  30.2  225s
 1257955 572816   13.67264   43   30   36.66667   13.00000  64.5%  30.1  230s
 1294467 586876   24.83333   47   11   36.66667   13.00000  64.5%  30.1  235s
 1324722 600071   13.54762   38   24   36.66667   13.00434  64.5%  30.1  240s
 1354879 612456   18.83333   49   15   36.66667   13.03244  64.5%  30.0  245s
 1384799 626222   19.66667   71   11   36.66667   13.07051  64.4%  30.0  250s
 1416733 638222   26.33333   48   12   36.66667   13.10333  64.3%  29.9  255s
 1448698 653559   15.00000   47   24   36.66667   13.15326  64.1%  29.8  260s
 1480843 670192   30.00000   46   15   36.66667   13.16667  64.1%  29.8  265s
 1513135 684577   25.50000   40   20   36.66667   13.16667  64.1%  29.8  270s
 1542919 697970   19.34037   46   15   36.66667   13.16667  64.1%  29.8  275s
 1582386 713732   23.10256   42   18   36.66667   13.16667  64.1%  29.8  280s
 1614499 728954   33.91155   61    8   36.66667   13.16667  64.1%  29.8  285s
 1651524 745339   26.90900   55   14   36.66667   13.16667  64.1%  29.7  290s
 1677853 756427   14.18141   41   48   36.66667   13.16667  64.1%  29.7  295s
 1718456 773742   24.92292   39   35   36.66667   13.16667  64.1%  29.7  300s
 1756183 789118   30.16667   51   15   36.66667   13.16667  64.1%  29.7  305s
 1789864 803129     cutoff   46        36.66667   13.17312  64.1%  29.7  310s
 1826913 816988   22.18335   63   30   36.66667   13.20262  64.0%  29.6  315s
 1859301 833078   15.00433   40   44   36.66667   13.24227  63.9%  29.5  320s
 1897969 850571   22.66667   53   18   36.66667   13.26447  63.8%  29.5  325s
 1935111 865668   35.34459   33   22   36.66667   13.31019  63.7%  29.5  330s
 1970809 880536   31.91667   47   16   36.66667   13.33333  63.6%  29.4  335s
 2010844 897198   25.85366   46   16   36.66667   13.33333  63.6%  29.4  340s
 2052147 916112   15.16667   43   21   36.66667   13.33333  63.6%  29.4  345s
 2096621 933407   29.87403   55   36   36.66667   13.33333  63.6%  29.4  350s
 2131398 950243   18.50000   44   20   36.66667   13.33333  63.6%  29.4  355s
 2172741 968679   21.92424   49   32   36.66667   13.33333  63.6%  29.3  360s
 2216569 987801   20.33333   52   13   36.66667   13.33333  63.6%  29.3  365s
 2255736 1004074   19.09514   42   35   36.66667   13.33333  63.6%  29.3  370s
 2294944 1018805 infeasible   57        36.66667   13.33333  63.6%  29.3  375s
 2336952 1034184   14.66667   42   25   36.66667   13.34471  63.6%  29.2  380s
 2377870 1051085   20.84557   51   20   36.66667   13.37238  63.5%  29.2  385s
 2412530 1065512   27.00000   47   11   36.66667   13.40278  63.4%  29.1  390s
 2454574 1082045     cutoff   49        36.66667   13.42559  63.4%  29.1  395s
 2488770 1096793   30.66771   58   14   36.66667   13.45510  63.3%  29.0  400s
 2521320 1110951 infeasible   40        36.66667   13.48827  63.2%  29.0  405s
 2559992 1125758   15.66667   46   22   36.66667   13.50000  63.2%  29.0  410s
 2599158 1143389   19.83854   53   31   36.66667   13.50000  63.2%  29.0  415s
 2640752 1162446   18.16667   57   19   36.66667   13.50000  63.2%  29.0  420s
 2683919 1180292 infeasible   72        36.66667   13.50000  63.2%  28.9  425s
 2725673 1197317   28.08333   52   20   36.66667   13.50000  63.2%  28.9  430s
 2758996 1210565   25.43219   55   21   36.66667   13.50000  63.2%  28.9  435s
 2796571 1225624   32.33701   44   20   36.66667   13.50000  63.2%  28.9  440s
 2837957 1243265   31.23060   49   30   36.66667   13.50000  63.2%  28.8  445s
 2880848 1259466     cutoff   58        36.66667   13.50000  63.2%  28.8  450s
 2912864 1273490   19.66667   44   18   36.66667   13.50000  63.2%  28.8  455s
 2951876 1289442   35.33333   54    6   36.66667   13.50326  63.2%  28.8  460s
 2985247 1304252   20.33333   42   20   36.66667   13.51515  63.1%  28.7  465s
 3022162 1318631   20.71154   45   31   36.66667   13.54046  63.1%  28.7  470s
 3058603 1333644   19.93669   41   26   36.66667   13.56325  63.0%  28.7  475s
 3093543 1347221   24.58808   44   19   36.66667   13.58333  63.0%  28.7  480s
 3125139 1361813   31.64581   55   17   36.66667   13.60069  62.9%  28.6  485s
 3160320 1377878   35.34583   50   10   36.66667   13.62500  62.8%  28.6  490s
 3197435 1392243   33.83778   55   20   36.66667   13.65129  62.8%  28.6  495s
 3236204 1409047   20.37379   49   29   36.66667   13.66667  62.7%  28.6  500s
 3274217 1429573   15.83375   38   35   36.66667   13.66667  62.7%  28.5  506s
 3318027 1442530     cutoff   47        36.66667   13.66667  62.7%  28.6  510s
 3359402 1462592   30.50000   48   26   36.66667   13.66667  62.7%  28.5  515s
 3396345 1478627   18.87879   44   11   36.66667   13.66667  62.7%  28.5  520s
 3437311 1493966   34.33333   53    8   36.66667   13.66667  62.7%  28.5  525s
 3476318 1509786   30.11641   44   15   36.66667   13.66667  62.7%  28.5  530s
 3514206 1525569 infeasible   52        36.66667   13.66667  62.7%  28.5  535s
 3561202 1544988   18.83333   48   34   36.66667   13.66667  62.7%  28.5  540s
 3597784 1560836   16.83381   37   21   36.66667   13.66667  62.7%  28.5  545s
 3638918 1578073   15.27500   49   33   36.66667   13.66667  62.7%  28.5  550s
 3679631 1594961     cutoff   57        36.66667   13.66667  62.7%  28.4  555s
 3718940 1611694   14.84950   54   75   36.66667   13.66692  62.7%  28.4  560s
 3756672 1627546   14.66667   41   23   36.66667   13.67340  62.7%  28.4  565s
 3790656 1640638   22.33983   43   20   36.66667   13.68664  62.7%  28.4  570s
 3826419 1655719     cutoff   50        36.66667   13.70833  62.6%  28.4  575s
 3865714 1671048   34.06092   70   10   36.66667   13.73463  62.5%  28.3  580s
 3900001 1683835   25.16224   47   13   36.66667   13.75000  62.5%  28.3  585s
 3934020 1697568   25.50000   46   15   36.66667   13.76462  62.5%  28.3  590s
 3967963 1710173   19.54167   44   25   36.66667   13.78626  62.4%  28.3  595s
 3998237 1722652     cutoff   60        36.66667   13.80550  62.3%  28.3  600s

Cutting planes:
  Learned: 52
  Gomory: 7
  Cover: 45
  Implied bound: 27
  Clique: 18
  MIR: 199
  StrongCG: 1
  Flow cover: 370
  GUB cover: 3
  Inf proof: 5
  Zero half: 1
  RLT: 68
  Relax-and-lift: 56

Explored 4001927 nodes (113072548 simplex iterations) in 600.03 seconds
Thread count was 32 (of 64 available processors)

Solution count 10: 36.6667 38.8333 39 ... 68

Time limit reached
Best objective 3.666666666656e+01, best bound 1.380814183701e+01, gap 62.3414%
