
Gurobi 9.1.2 (linux64) logging started Tue Nov  2 21:11:19 2021

Changed value of parameter LogFile to bruhat-s20-l10.log
   Prev:   Default: 
Gurobi Optimizer version 9.1.2 build v9.1.2rc0 (linux64)
Thread count: 16 physical cores, 32 logical processors, using up to 32 threads
Optimize a model with 2803 rows, 2400 columns and 8320 nonzeros
Model fingerprint: 0x154b4335
Variable types: 0 continuous, 2400 integer (1920 binary)
Coefficient statistics:
  Matrix range     [1e+00, 1e+03]
  Objective range  [5e-02, 5e-02]
  Bounds range     [1e+00, 5e+02]
  RHS range        [1e+00, 1e+03]
Presolve removed 260 rows and 300 columns
Presolve time: 0.01s
Presolved: 2543 rows, 2100 columns, 7480 nonzeros
Variable types: 0 continuous, 2100 integer (1640 binary)

Root relaxation: objective 2.300000e+01, 104 iterations, 0.00 seconds

    Nodes    |    Current Node    |     Objective Bounds      |     Work
 Expl Unexpl |  Obj  Depth IntInf | Incumbent    BestBd   Gap | It/Node Time

     0     0   23.00000    0   40          -   23.00000      -     -    0s
H    0     0                      85.5000000   23.00000  73.1%     -    0s
     0     0   23.00000    0   40   85.50000   23.00000  73.1%     -    0s
H    0     0                      83.0500000   23.00000  72.3%     -    0s
H    0     0                      82.6500000   23.00000  72.2%     -    0s
     0     0   23.00000    0  116   82.65000   23.00000  72.2%     -    0s
     0     0   23.00000    0  104   82.65000   23.00000  72.2%     -    0s
     0     2   23.00000    0  104   82.65000   23.00000  72.2%     -    0s
H   77    80                      81.7500000   23.00000  71.9%  41.0    1s
H   91    80                      80.8500000   23.00000  71.6%  35.5    1s
H   93    97                      80.1500000   23.00000  71.3%  35.0    1s
H   98    97                      77.7500000   23.00000  70.4%  33.3    1s
H  105    97                      77.3500000   23.00000  70.3%  31.8    1s
H  862   722                      74.7500000   23.00000  69.2%  10.0    1s
H 1019   782                      74.6000000   23.00000  69.2%   9.8    2s
H 2307  1424                      73.4000000   23.00000  68.7%   7.5    2s
H 2310  1354                      73.2500000   23.00000  68.6%   7.5    3s
H 2319  1292                      72.1500000   23.00000  68.1%   7.4    3s
H 2323  1232                      70.6500000   23.00000  67.4%  10.9    4s
H 2353  1220                      70.5000000   23.00000  67.4%  10.8    5s
H 2427  1197                      70.0500000   23.00000  67.2%  10.7    5s
H 2434  1139                      70.0000000   23.00000  67.1%  10.7    5s
H 2451  1111                      69.8500000   23.00000  67.1%  10.7    7s
  8840  5364   32.35000  102   58   69.85000   23.00000  67.1%   6.5   11s
H 8856  5342                      69.3500000   23.00000  66.8%   6.5   11s
H15844 10374                      69.0000000   23.00000  66.7%   6.2   13s
H15966 10312                      68.8500000   23.00000  66.6%   6.2   13s
H16072 10310                      68.8000000   23.00000  66.6%   6.2   13s
 22507 14723   58.15000  107   28   68.80000   23.00000  66.6%   6.0   16s
H22509 14348                      68.1500000   23.00000  66.3%   6.0   16s
H40621 27890                      67.9500000   23.00000  66.2%   6.1   19s
H40813 27763                      67.8000000   23.00000  66.1%   6.1   19s
H41058 27326                      67.2000000   23.00000  65.8%   6.1   19s
 43359 28483   34.00000   66   38   67.20000   23.00000  65.8%   6.1   20s
H43361 28427                      67.1500000   23.00000  65.7%   6.1   20s
H43405 28388                      67.1000000   23.00000  65.7%   6.1   20s
H43748 28337                      67.0000000   23.00000  65.7%   6.1   20s
H43792 28315                      66.9500000   23.00000  65.6%   6.1   20s
H45238 30613                      66.9000000   23.00000  65.6%   6.1   22s
H45438 30561                      66.8500000   23.00000  65.6%   6.1   22s
H46176 30449                      66.6500000   23.00000  65.5%   6.1   22s
 57188 40155   51.80000  185   28   66.65000   23.00000  65.5%   6.0   25s
 62306 42870   55.40000   82   30   66.65000   23.00000  65.5%   6.0   33s
H63526 42805                      66.6000000   23.00000  65.5%   6.0   33s
H65864 42669                      66.4500000   23.00000  65.4%   5.9   33s
 66153 42950   57.20000   81   34   66.45000   23.00000  65.4%   5.9   35s
H66210 42701                      66.2500000   23.00000  65.3%   5.9   35s
H66302 42453                      66.0500000   23.00000  65.2%   5.9   35s
H66364 42245                      65.8500000   23.00000  65.1%   5.9   35s
 80362 53975   34.10000   78   50   65.85000   23.00000  65.1%   5.9   40s
H81712 53893                      65.8000000   23.00000  65.0%   5.9   40s
 104412 70306   61.00000   82   26   65.80000   23.00000  65.0%   5.9   46s
 119073 81775   29.35000   55   55   65.80000   23.00000  65.0%   6.0   50s
H119446 81471                      65.7500000   23.00000  65.0%   6.0   50s
 140207 96809   58.85000   96   40   65.75000   23.00000  65.0%   6.1   55s
 154514 107045   36.90000   69   44   65.75000   23.00000  65.0%   6.1   60s
H156835 106250                      65.5500000   23.00000  64.9%   6.1   60s
H168090 112262                      65.5000000   23.00000  64.9%   6.1   62s
 174313 121256   23.35000   49   50   65.50000   23.00000  64.9%   6.1   65s
 198960 133472     cutoff  108        65.50000   23.00000  64.9%   6.1   71s
H210719 141086                      65.4500000   23.00000  64.9%   6.1   74s
 210837 146295   60.90000   94   34   65.45000   23.00000  64.9%   6.1   75s
 235160 160218   65.10000  141   32   65.45000   23.00000  64.9%   6.1   80s
 249474 171386   30.90000   66   55   65.45000   23.00000  64.9%   6.1   85s
 274791 189128   46.80000   58   46   65.45000   23.00000  64.9%   6.0   90s
H284218 194642                      65.4000000   23.00000  64.8%   6.1   92s
 302164 206704 infeasible   84        65.40000   23.00000  64.8%   6.1   95s
 318355 217865   61.60000  110   30   65.40000   23.00000  64.8%   6.1  101s
 332250 233711   48.90000   66   38   65.40000   23.00000  64.8%   6.1  105s
 358453 245379 infeasible   71        65.40000   23.00000  64.8%   6.1  110s
 379810 261398     cutoff   94        65.40000   23.00000  64.8%   6.2  116s
 397944 272096     cutoff  151        65.40000   23.00000  64.8%   6.1  120s
H413761 283081                      65.3500000   23.00000  64.8%   6.2  123s
 423457 289660   43.95000   54   58   65.35000   23.00000  64.8%   6.1  126s
 433268 296350   64.50000  117   34   65.35000   23.00000  64.8%   6.1  130s
 453440 310861   31.75000   58   38   65.35000   23.00000  64.8%   6.2  135s
 476597 334530   33.00000   64   45   65.35000   23.00000  64.8%   6.2  140s
 508129 346987   65.05000  104   18   65.35000   23.00000  64.8%   6.2  147s
 521330 357108   44.65000   97   26   65.35000   23.00000  64.8%   6.2  151s
H522273 356374                      65.3000000   23.00000  64.8%   6.2  151s
 544594 372609     cutoff  110        65.30000   23.00000  64.8%   6.2  155s
 565376 391222   45.50000   71   34   65.30000   23.00000  64.8%   6.2  160s
 575423 397817   59.45000  102   22   65.30000   23.00000  64.8%   6.3  165s
 608248 416817   34.55000   56   46   65.30000   23.00000  64.8%   6.2  171s
 624507 428635   43.30000   67   44   65.30000   23.00000  64.8%   6.3  175s
 637754 438103   29.65000   83   64   65.30000   23.00000  64.8%   6.3  181s
 663668 459009   32.20000   78   56   65.30000   23.00000  64.8%   6.3  186s
 685593 474451   30.20000   77   40   65.30000   23.00000  64.8%   6.3  190s
 704672 483363   30.10000   65   44   65.30000   23.00000  64.8%   6.3  195s
 722797 500524   59.50000  143   22   65.30000   23.00000  64.8%   6.3  200s
 755340 515607   35.30000   92   34   65.30000   23.00000  64.8%   6.3  207s
 755813 536066   36.90000   93   34   65.30000   23.00000  64.8%   6.3  218s
 787845 538309   49.30000   87   42   65.30000   23.00000  64.8%   6.4  220s
 806696 551081   49.55000   73   34   65.30000   23.00000  64.8%   6.4  226s
 821365 565251   32.70000   78   42   65.30000   23.00000  64.8%   6.4  230s
 842665 578192   27.90000   78   48   65.30000   23.00000  64.8%   6.3  235s
H857425 583101                      65.2500000   23.00000  64.8%   6.3  238s
 857563 583176 infeasible  110        65.25000   23.00000  64.8%   6.3  240s
 875026 600612   64.90000   90   30   65.25000   23.00000  64.8%   6.3  245s
 901912 617968   51.00000   62   52   65.25000   23.00000  64.8%   6.4  250s
 919133 629745   43.60000   68   40   65.25000   23.00000  64.8%   6.4  255s
 941095 641240   62.70000  119   26   65.25000   23.00000  64.8%   6.4  260s
 960602 659151   40.40000   72   44   65.25000   23.00000  64.8%   6.4  265s
 985759 669762     cutoff   67        65.25000   23.00000  64.8%   6.4  270s
 986034 692674   23.00000   45   43   65.25000   23.00000  64.8%   6.4  278s
 1018066 695345   29.95000   77   50   65.25000   23.00000  64.8%   6.5  280s
 1032241 702811   24.40000   61   46   65.25000   23.00000  64.8%   6.5  285s
 1048147 719652   57.00000   93   20   65.25000   23.00000  64.8%   6.5  290s
 1077372 736754   46.35000  147   28   65.25000   23.00000  64.8%   6.5  296s
 1097416 747843   37.35000   83   36   65.25000   23.00000  64.8%   6.5  301s
 1111203 762531     cutoff   81        65.25000   23.00000  64.8%   6.5  305s
 1141765 784567   53.75000  117   44   65.25000   23.00000  64.8%   6.5  310s
 1164330 793781   64.30000  106   50   65.25000   23.00000  64.8%   6.5  315s
 1178161 807466 infeasible   89        65.25000   23.00000  64.8%   6.5  320s
 1209527 827743   25.75000   73   60   65.25000   23.00000  64.8%   6.5  325s
 1239054 850727   53.30000   78   42   65.25000   23.00000  64.8%   6.5  330s
H1253223 852971                      65.2000000   23.00000  64.7%   6.5  335s
 1281888 878977   23.15000   69   56   65.20000   23.00000  64.7%   6.5  340s
 1310958 895638   36.20000   80   54   65.20000   23.00000  64.7%   6.4  345s
 1319927 902222   23.00000   42   46   65.20000   23.00000  64.7%   6.5  350s
 1350297 919470   45.42227  123   42   65.20000   23.00000  64.7%   6.5  355s
 1376195 936712   57.50000  115   45   65.20000   23.00000  64.7%   6.5  362s
 1386668 944974   59.75000   95   29   65.20000   23.00000  64.7%   6.5  366s
 1407982 958889   41.50000   87   46   65.20000   23.00000  64.7%   6.5  370s
 1427311 975352   30.40000   89   46   65.20000   23.00000  64.7%   6.5  375s
 1445159 983108   64.15000  126   26   65.20000   23.00000  64.7%   6.5  381s
 1472479 1001799   23.50000   55   54   65.20000   23.00000  64.7%   6.5  386s
 1491795 1015293   23.00000   66   46   65.20000   23.00000  64.7%   6.5  391s
 1508902 1025621   23.00000   58   64   65.20000   23.00000  64.7%   6.5  395s
 1535216 1044746   23.00000   60   60   65.20000   23.00000  64.7%   6.5  401s
 1557610 1061571 infeasible  123        65.20000   23.00000  64.7%   6.5  405s
 1569308 1075617   61.20000   99   28   65.20000   23.00000  64.7%   6.5  410s
 1600971 1090313   38.95000   78   50   65.20000   23.00000  64.7%   6.5  415s
 1616610 1106011   26.80000   79   42   65.20000   23.00000  64.7%   6.5  420s
 1657200 1125531   58.40000   76   48   65.20000   23.00000  64.7%   6.5  426s
 1679377 1140146   42.75000  127   30   65.20000   23.00000  64.7%   6.5  431s
 1701397 1157496   37.40000   85   44   65.20000   23.00000  64.7%   6.5  435s
 1736016 1177114   63.65000  105   56   65.20000   23.00000  64.7%   6.5  440s
 1740438 1185092 infeasible  134        65.20000   23.00000  64.7%   6.5  445s
 1771716 1199766     cutoff   86        65.20000   23.00000  64.7%   6.5  450s
 1803573 1220997 infeasible  103        65.20000   23.00000  64.7%   6.5  455s
 1812607 1232728 infeasible  105        65.20000   23.00000  64.7%   6.5  461s
 1832053 1242402   23.00000   57   48   65.20000   23.00000  64.7%   6.5  465s
 1861096 1256166   25.95000   54   44   65.20000   23.00000  64.7%   6.5  471s
 1881078 1269117   23.20000   55   46   65.20000   23.00000  64.7%   6.5  475s
 1905362 1287920   37.30000   89   50   65.20000   23.00000  64.7%   6.4  480s
 1931495 1303477   60.65000  123   35   65.20000   23.00000  64.7%   6.4  486s
 1943436 1312582 infeasible   99        65.20000   23.00000  64.7%   6.4  490s
 1964566 1330022   36.65000   78   43   65.20000   23.00000  64.7%   6.5  495s
 1989136 1344179   26.25000   73   46   65.20000   23.00000  64.7%   6.4  500s
 1994561 1365465   53.80000   75   40   65.20000   23.00000  64.7%   6.4  510s
 2042736 1376395   48.50000  114   40   65.20000   23.00000  64.7%   6.5  516s
 2051853 1382965   59.90000  124   22   65.20000   23.00000  64.7%   6.5  521s
 2063870 1399083   56.75000   95   26   65.20000   23.00000  64.7%   6.5  525s
 2091896 1411774   64.65000  108   32   65.20000   23.00000  64.7%   6.5  530s
 2115325 1422971   38.95000   80   34   65.20000   23.00000  64.7%   6.5  536s
 2129859 1436031   29.75000   97   54   65.20000   23.00000  64.7%   6.5  540s
 2152197 1457729   53.85000  162   30   65.20000   23.00000  64.7%   6.5  545s
 2170821 1461321   43.00000   44   44   65.20000   23.00000  64.7%   6.5  552s
 2181112 1469808   58.45000  133   38   65.20000   23.00000  64.7%   6.5  555s
 2209436 1488285   23.30000   65   50   65.20000   23.00000  64.7%   6.5  560s
 2233818 1506786   44.05000   63   40   65.20000   23.00000  64.7%   6.5  565s
 2239670 1509348   45.85000   74   32   65.20000   23.00000  64.7%   6.5  570s
 2264769 1526101   54.50000   97   34   65.20000   23.00000  64.7%   6.5  575s
 2294165 1545064 infeasible  104        65.20000   23.00000  64.7%   6.5  581s
 2306722 1552341   55.30000   90   60   65.20000   23.00000  64.7%   6.5  586s
 2321634 1565435   57.75000  136   32   65.20000   23.00000  64.7%   6.5  591s
 2349321 1580651   53.20000   93   46   65.20000   23.00000  64.7%   6.5  596s
 2362025 1592556   51.05000  101   36   65.20000   23.00000  64.7%   6.5  600s
 2385804 1605320 infeasible  110        65.20000   23.00000  64.7%   6.5  605s
 2406396 1618735   43.50000  102   36   65.20000   23.00000  64.7%   6.5  610s
 2425025 1631552   36.75000   76   43   65.20000   23.00000  64.7%   6.5  615s
 2452811 1649035     cutoff   75        65.20000   23.00000  64.7%   6.5  620s
 2471594 1662022   50.00000  109   38   65.20000   23.00000  64.7%   6.5  625s
 2485909 1669835   46.97500   86   56   65.20000   23.00000  64.7%   6.5  630s
 2505638 1686960   62.06429  130   36   65.20000   23.00000  64.7%   6.5  635s
 2532085 1703450   56.75000   88   40   65.20000   23.00000  64.7%   6.5  640s
 2548710 1709364   25.85000   49   44   65.20000   23.00000  64.7%   6.5  645s
 2566251 1722558   46.15000   89   32   65.20000   23.00000  64.7%   6.5  650s
 2592420 1742259   23.70046   65   54   65.20000   23.00000  64.7%   6.5  655s
 2615348 1764601   63.90000  102   30   65.20000   23.00000  64.7%   6.5  662s
 2633957 1775664   57.70000   71   30   65.20000   23.00000  64.7%   6.5  665s
 2658400 1786872     cutoff  105        65.20000   23.00000  64.7%   6.5  670s
 2674949 1796536   48.95000   70   38   65.20000   23.00000  64.7%   6.5  676s
 2675829 1808947   59.35313  100   43   65.20000   23.00000  64.7%   6.5  680s
 2710452 1821001 infeasible   85        65.20000   23.00000  64.7%   6.5  685s
 2732157 1833220   53.80000  108   26   65.20000   23.00000  64.7%   6.5  691s
 2742186 1843398   55.75000  127   24   65.20000   23.00000  64.7%   6.5  695s
 2758025 1855798   58.95000  115   34   65.20000   23.00000  64.7%   6.5  700s
 2780767 1872578   36.85000   93   46   65.20000   23.00000  64.7%   6.5  705s
 2797925 1880041   42.10000   95   38   65.20000   23.00000  64.7%   6.5  710s
 2817313 1894789   49.20000  110   38   65.20000   23.00000  64.7%   6.6  715s
 2838867 1909805   41.70000   78   44   65.20000   23.00000  64.7%   6.6  720s
 2852185 1913950   25.07500   80   47   65.20000   23.00000  64.7%   6.6  725s
 2870987 1929887   28.45000   81   56   65.20000   23.00000  64.7%   6.6  730s
 2893003 1940003   50.70000   87   60   65.20000   23.00000  64.7%   6.6  735s
 2904380 1959674   50.50000  118   28   65.20000   23.00000  64.7%   6.6  741s
 2930127 1967702   65.15000   99   40   65.20000   23.00000  64.7%   6.6  745s
 2950431 1975519   29.80000   77   46   65.20000   23.00000  64.7%   6.6  751s
 2958869 1982523 infeasible  131        65.20000   23.00000  64.7%   6.6  755s
 2980627 1996945   48.90000  103   38   65.20000   23.00000  64.7%   6.6  760s
 2998697 2011336   51.90000  109   36   65.20000   23.00000  64.7%   6.6  765s
 3023193 2027226   60.15000  124   28   65.20000   23.00000  64.7%   6.6  770s
 3036322 2048657   64.60000  139   24   65.20000   23.00000  64.7%   6.6  777s
 3063686 2049008   55.47500  122   42   65.20000   23.00000  64.7%   6.6  780s
 3065157 2058824   60.91582  150   34   65.20000   23.00000  64.7%   6.6  787s
 3089499 2071841   41.50000   97   32   65.20000   23.00000  64.7%   6.6  791s
 3101823 2078254   59.11562  140   39   65.20000   23.00000  64.7%   6.6  795s
 3127812 2091878   32.45000   80   36   65.20000   23.00000  64.7%   6.6  801s
 3143085 2102512     cutoff  125        65.20000   23.00000  64.7%   6.6  805s
 3153426 2109048   28.65000   72   55   65.20000   23.00000  64.7%   6.6  810s
 3173968 2124513 infeasible  108        65.20000   23.00000  64.7%   6.6  815s
 3196453 2141795   26.70000   80   54   65.20000   23.00000  64.7%   6.6  820s
 3214565 2148790   59.87222  125   48   65.20000   23.00000  64.7%   6.6  825s
 3236640 2161844   52.50000  133   22   65.20000   23.00000  64.7%   6.6  831s
 3255736 2175696 infeasible  121        65.20000   23.00000  64.7%   6.6  835s
 3268345 2184153   36.95000   96   42   65.20000   23.00000  64.7%   6.6  841s
 3284094 2192568   44.90000   80   48   65.20000   23.00000  64.7%   6.6  845s
 3301191 2200344   60.35000  228   26   65.20000   23.00000  64.7%   6.7  850s
 3315914 2211587   27.20000  100   46   65.20000   23.00000  64.7%   6.7  855s
 3335858 2222584     cutoff   65        65.20000   23.00000  64.7%   6.7  861s
 3354855 2233460   23.00000   54   50   65.20000   23.00000  64.7%   6.7  867s
 3368659 2242394   63.85000  123   22   65.20000   23.00000  64.7%   6.7  870s
 3388738 2255018   36.05000   88   32   65.20000   23.00000  64.7%   6.7  875s
 3404395 2266030   23.65000   74   44   65.20000   23.00000  64.7%   6.7  880s
 3411716 2285346   32.80000   77   36   65.20000   23.00000  64.7%   6.7  893s
 3441923 2289333     cutoff  101        65.20000   23.00000  64.7%   6.7  895s
 3448998 2291585   62.15000  105   52   65.20000   23.00000  64.7%   6.7  900s
 3469800 2306859   28.40000   53   42   65.20000   23.00000  64.7%   6.7  905s
 3488044 2320050 infeasible  156        65.20000   23.00000  64.7%   6.7  910s
 3512312 2335994   64.30000   70   30   65.20000   23.00000  64.7%   6.7  916s
 3528443 2348494     cutoff   75        65.20000   23.00000  64.7%   6.7  921s
 3548928 2361384   43.45000   90   46   65.20000   23.00000  64.7%   6.7  925s
 3568329 2377788   27.60000   84   42   65.20000   23.00000  64.7%   6.7  930s
 3577495 2380719   48.75000   78   36   65.20000   23.00000  64.7%   6.7  935s
 3597166 2393333   64.85000  125   32   65.20000   23.00000  64.7%   6.7  940s
 3619086 2408342   31.60000   97   44   65.20000   23.00000  64.7%   6.7  945s
 3632224 2417837   27.55000   60   49   65.20000   23.00000  64.7%   6.7  950s
 3660139 2434636   28.75000   62   36   65.20000   23.00000  64.7%   6.7  956s
 3677895 2445016   27.95000   80   49   65.20000   23.00000  64.7%   6.7  960s
 3688120 2455697   54.10000   77   32   65.20000   23.00000  64.7%   6.8  965s
 3716168 2470470   29.15000   92   40   65.20000   23.00000  64.7%   6.8  971s
 3736243 2482074 infeasible   95        65.20000   23.00000  64.7%   6.8  977s
 3749649 2491848   54.90000  112   36   65.20000   23.00000  64.7%   6.8  980s
 3774057 2507327   60.70000  124   22   65.20000   23.00000  64.7%   6.8  986s
 3785343 2514652   51.10000   99   30   65.20000   23.00000  64.7%   6.8  990s
 3804350 2526616   51.40361   89   59   65.20000   23.00000  64.7%   6.8  995s
 3830046 2541901   47.55000   77   50   65.20000   23.00000  64.7%   6.8 1001s
 3834595 2549930   48.80271   76   52   65.20000   23.00000  64.7%   6.8 1005s
 3861127 2562560   52.50000   89   36   65.20000   23.00000  64.7%   6.8 1010s
 3883815 2578022   56.95000  110   26   65.20000   23.00000  64.7%   6.8 1015s
 3906507 2591454   23.00000   61   53   65.20000   23.00000  64.7%   6.8 1021s
 3921572 2602059 infeasible  118        65.20000   23.00000  64.7%   6.8 1025s
 3944614 2618127   29.35000   80   48   65.20000   23.00000  64.7%   6.8 1031s
 3954679 2630810   50.45000  150   45   65.20000   23.00000  64.7%   6.8 1035s
 3984631 2647336   57.45000  106   44   65.20000   23.00000  64.7%   6.8 1040s
 3995984 2653236 infeasible   79        65.20000   23.00000  64.7%   6.8 1045s
 4016021 2666561   24.10000   68   48   65.20000   23.00000  64.7%   6.8 1050s
 4045518 2684697   43.35000   94   36   65.20000   23.00000  64.7%   6.8 1055s
 4056878 2687201   51.95000   83   34   65.20000   23.00000  64.7%   6.8 1060s
 4076437 2704382   60.20000   80   28   65.20000   23.00000  64.7%   6.8 1065s
 4100379 2719005   62.05000  109   30   65.20000   23.00000  64.7%   6.8 1070s
 4124782 2731751   47.50000   98   36   65.20000   23.00000  64.7%   6.8 1076s
 4128529 2738011   24.65000   51   46   65.20000   23.00000  64.7%   6.8 1080s
 4151851 2750356   26.10000   54   50   65.20000   23.00000  64.7%   6.8 1085s
 4176926 2770216   23.00000   48   61   65.20000   23.00000  64.7%   6.8 1090s
 4187619 2774152     cutoff   72        65.20000   23.00000  64.7%   6.8 1095s
 4207964 2784386   65.15000   86   30   65.20000   23.00000  64.7%   6.8 1101s
 4222088 2794305     cutoff  178        65.20000   23.00000  64.7%   6.8 1105s
 4233713 2807001     cutoff   72        65.20000   23.00000  64.7%   6.8 1110s
 4256449 2818753   35.25000   99   58   65.20000   23.00000  64.7%   6.8 1116s
 4278206 2833540     cutoff  102        65.20000   23.00000  64.7%   6.8 1121s
 4291331 2846226   27.20234   71   48   65.20000   23.00000  64.7%   6.8 1125s
 4300842 2862675   57.15000  103   52   65.20000   23.00000  64.7%   6.8 1130s
 4330212 2872011   44.00000   91   32   65.20000   23.00000  64.7%   6.8 1135s
 4338559 2874595   25.50000   76   46   65.20000   23.00000  64.7%   6.8 1140s
 4362916 2892547   62.60000  101   34   65.20000   23.00000  64.7%   6.8 1145s
 4385423 2907734   45.85000   79   38   65.20000   23.00000  64.7%   6.8 1150s
 4404633 2924980 infeasible  125        65.20000   23.00000  64.7%   6.8 1155s
 4419361 2930849   61.85000   95   28   65.20000   23.00000  64.7%   6.8 1160s
 4443902 2951176   59.85000   80   40   65.20000   23.00000  64.7%   6.8 1165s
 4474110 2967661   56.05000  225   20   65.20000   23.00000  64.7%   6.8 1171s
 4486159 2975772 infeasible   93        65.20000   23.00000  64.7%   6.8 1175s
 4508499 2991306   46.70000  104   26   65.20000   23.00000  64.7%   6.8 1180s
 4535302 3013832   50.45000   68   43   65.20000   23.00000  64.7%   6.8 1185s
 4544602 3014506   37.35000   99   46   65.20000   23.00000  64.7%   6.8 1190s
 4567947 3033108   40.35000   88   54   65.20000   23.00000  64.7%   6.8 1195s
 4588403 3044334     cutoff  140        65.20000   23.00000  64.7%   6.8 1200s
 4605695 3053925   25.60000   60   42   65.20000   23.00000  64.7%   6.8 1206s
 4631530 3072374     cutoff  146        65.20000   23.00000  64.7%   6.8 1211s
 4654132 3086371 infeasible  147        65.20000   23.00000  64.7%   6.8 1216s
 4667990 3095134   64.35000   76   42   65.20000   23.00000  64.7%   6.8 1221s
 4676361 3104874   64.60000   92   34   65.20000   23.00000  64.7%   6.8 1225s
 4702355 3125251   60.05000  121   28   65.20000   23.00000  64.7%   6.8 1230s
 4731322 3137792   23.00000   55   48   65.20000   23.00000  64.7%   6.8 1237s
 4737215 3143743   58.80000   91   44   65.20000   23.00000  64.7%   6.8 1240s
 4760156 3159267   28.60000   79   44   65.20000   23.00000  64.7%   6.8 1245s
 4783981 3179252   60.85000   98   42   65.20000   23.00000  64.7%   6.8 1250s
 4801363 3185599   23.00000   66   55   65.20000   23.00000  64.7%   6.8 1256s
 4819812 3200881   53.85000   92   32   65.20000   23.00000  64.7%   6.8 1260s
 4845260 3217929   27.95000   69   52   65.20000   23.00000  64.7%   6.8 1265s
 4870596 3232993   54.20000   68   36   65.20000   23.00000  64.7%   6.8 1271s
 4882961 3244588   23.20000   65   41   65.20000   23.00000  64.7%   6.8 1275s
 4907838 3259012   60.70000  124   26   65.20000   23.00000  64.7%   6.8 1280s
 4925869 3269415   44.80000   55   40   65.20000   23.00000  64.7%   6.8 1285s
 4942165 3294577   58.90000  131   32   65.20000   23.00000  64.7%   6.8 1294s
 4964973 3295025   61.60000  115   38   65.20000   23.00000  64.7%   6.8 1296s
 4984510 3307854   64.95000  141   20   65.20000   23.00000  64.7%   6.8 1302s
 4997714 3316786   48.45000   82   46   65.20000   23.00000  64.7%   6.8 1306s
 5023220 3333183   23.00000   63   51   65.20000   23.00000  64.7%   6.8 1311s
 5040069 3344552   52.85000  106   28   65.20000   23.00000  64.7%   6.8 1316s
 5052969 3357226   34.90000   73   40   65.20000   23.00000  64.7%   6.8 1320s
 5075906 3370996 infeasible   88        65.20000   23.00000  64.7%   6.8 1325s
 5087994 3376682   56.65000   70   38   65.20000   23.00000  64.7%   6.8 1330s
 5098023 3390824   55.80000   91   38   65.20000   23.00000  64.7%   6.8 1335s
 5126434 3403254   23.00000   48   50   65.20000   23.00000  64.7%   6.8 1340s
 5140946 3414512   29.10000   70   40   65.20000   23.00000  64.7%   6.8 1346s
 5159955 3436678   48.00153   67   47   65.20000   23.00000  64.7%   6.8 1351s
 5180939 3444757   61.30000   79   33   65.20000   23.00000  64.7%   6.8 1355s
 5193636 3458309   37.60000   94   36   65.20000   23.00000  64.7%   6.8 1360s
 5221364 3469502   64.20000  100   24   65.20000   23.00000  64.7%   6.8 1366s
 5241322 3483135   61.45000   94   24   65.20000   23.00000  64.7%   6.8 1370s
 5244011 3483150   62.25000   95   24   65.20000   23.00000  64.7%   6.8 1375s
 5257131 3504890   48.37500  105   37   65.20000   23.00000  64.7%   6.8 1381s
 5286849 3512629   64.15000  127   24   65.20000   23.00000  64.7%   6.8 1387s
 5287117 3534191   34.15000   93   48   65.20000   23.00000  64.7%   6.8 1400s
 5333962 3543134   34.20200  102   58   65.20000   23.00000  64.7%   6.8 1408s
 5340197 3548186   24.20000   97   38   65.20000   23.00000  64.7%   6.8 1410s
 5361059 3560970   58.75000   88   28   65.20000   23.00000  64.7%   6.8 1416s
 5379971 3571752     cutoff   97        65.20000   23.00000  64.7%   6.8 1421s
 5388919 3579433   39.65000   54   50   65.20000   23.00000  64.7%   6.8 1426s
 5410463 3591564   37.55000   68   49   65.20000   23.00000  64.7%   6.8 1430s
 5440470 3614638     cutoff  115        65.20000   23.00000  64.7%   6.8 1435s
 5448274 3617073   28.52500   69   43   65.20000   23.00000  64.7%   6.8 1440s
 5473658 3637877   59.50000   93   36   65.20000   23.00000  64.7%   6.8 1445s
 5500631 3650822   49.45000   77   42   65.20000   23.00000  64.7%   6.8 1452s
 5517452 3663915   59.60000  145   22   65.20000   23.00000  64.7%   6.8 1455s
 5535293 3678463   48.20625  119   43   65.20000   23.00000  64.7%   6.8 1460s
 5558227 3689188   44.35000  106   46   65.20000   23.00000  64.7%   6.8 1465s
 5574566 3699361   27.05000   67   56   65.20000   23.00000  64.7%   6.8 1471s
 5593631 3711433   45.16190  102   35   65.20000   23.00000  64.7%   6.8 1476s
 5613439 3724608   23.60000   49   57   65.20000   23.00000  64.7%   6.8 1481s
 5628110 3733451   37.00000  121   44   65.20000   23.00000  64.7%   6.8 1486s
 5652426 3749099   43.05000  109   64   65.20000   23.00000  64.7%   6.8 1490s
 5666395 3763203   60.90000  117   32   65.20000   23.00000  64.7%   6.8 1495s
 5679335 3771558   63.86071  110   33   65.20000   23.00000  64.7%   6.8 1500s
 5702146 3785176   27.40000   87   44   65.20000   23.00000  64.7%   6.8 1505s
 5722750 3801243   26.80000   83   48   65.20000   23.00000  64.7%   6.8 1510s
 5734906 3806733   60.45000  111   30   65.20000   23.00000  64.7%   6.8 1515s
 5753297 3828110   32.45000   89   50   65.20000   23.00000  64.7%   6.8 1521s
 5783343 3838597   45.35000   90   44   65.20000   23.00000  64.7%   6.8 1526s
 5784598 3853598   52.45000  109   36   65.20000   23.00000  64.7%   6.8 1530s
 5819636 3866083   64.05000  101   30   65.20000   23.00000  64.7%   6.8 1535s
 5842766 3877241   48.90312   87   34   65.20000   23.00000  64.7%   6.8 1541s
 5863222 3889662 infeasible  128        65.20000   23.00000  64.7%   6.8 1546s
 5880070 3904485   33.55000   80   43   65.20000   23.00000  64.7%   6.8 1550s
 5897704 3911557 infeasible  101        65.20000   23.00000  64.7%   6.8 1557s
 5904073 3920129   52.90000   77   36   65.20000   23.00000  64.7%   6.8 1560s
 5921576 3932253   46.95000   74   40   65.20000   23.00000  64.7%   6.8 1565s
 5944599 3947087   44.00000  114   34   65.20000   23.00000  64.7%   6.8 1570s
 5959911 3951392     cutoff  127        65.20000   23.00000  64.7%   6.8 1575s
 5984278 3965838   46.95000  101   34   65.20000   23.00000  64.7%   6.8 1581s
 6009636 3981357     cutoff  108        65.20000   23.00000  64.7%   6.8 1586s
 6013989 3988531   31.70000   76   38   65.20000   23.00000  64.7%   6.8 1590s
 6038765 4000110   55.23036  112   34   65.20000   23.00000  64.7%   6.8 1596s
 6056062 4009388   59.00269  120   29   65.20000   23.00000  64.7%   6.8 1600s
 6073517 4018888   23.60000   56   51   65.20000   23.00000  64.7%   6.8 1606s
 6083631 4026362   60.60000   90   36   65.20000   23.00000  64.7%   6.8 1610s
 6104170 4040265   58.00000  107   37   65.20000   23.00000  64.7%   6.8 1615s
 6120668 4047346   29.55000   61   39   65.20000   23.00000  64.7%   6.8 1620s
 6139839 4063110 infeasible   73        65.20000   23.00000  64.7%   6.8 1625s
 6158518 4076048 infeasible   96        65.20000   23.00000  64.7%   6.8 1630s
 6172471 4082035   34.05000   80   43   65.20000   23.00000  64.7%   6.8 1635s
 6193563 4095186     cutoff  115        65.20000   23.00000  64.7%   6.8 1641s
 6204194 4104736   44.95000   82   36   65.20000   23.00000  64.7%   6.8 1645s
 6214518 4107365   26.25000   76   48   65.20000   23.00000  64.7%   6.8 1650s
 6234987 4124211   61.60000   90   24   65.20000   23.00000  64.7%   6.8 1655s
 6261498 4139631   24.00000   63   47   65.20000   23.00000  64.7%   6.8 1660s
 6269032 4142459     cutoff   95        65.20000   23.00000  64.7%   6.8 1665s
 6287509 4154535   24.45000   85   50   65.20000   23.00000  64.7%   6.8 1670s
 6312725 4171478   63.75000   67   34   65.20000   23.00000  64.7%   6.8 1675s
 6321586 4192849   37.10000   99   34   65.20000   23.00000  64.7%   6.8 1687s
 6355026 4201257   60.20000   94   22   65.20000   23.00000  64.7%   6.8 1692s
 6373173 4207796   35.85000   75   40   65.20000   23.00000  64.7%   6.8 1697s
 6387135 4216116   28.05000   90   48   65.20000   23.00000  64.7%   6.8 1700s
 6411536 4231323   23.00000   65   45   65.20000   23.00000  64.7%   6.8 1706s
 6424195 4237980   56.40000   93   36   65.20000   23.00000  64.7%   6.8 1710s
 6442020 4249565     cutoff  148        65.20000   23.00000  64.7%   6.8 1716s
 6460935 4262261   55.95000   65   40   65.20000   23.00000  64.7%   6.8 1720s
 6484502 4276666   34.00000   73   30   65.20000   23.00000  64.7%   6.8 1727s
 6496199 4285801   64.95000  105   30   65.20000   23.00000  64.7%   6.8 1730s
 6520072 4300017   43.80000   65   43   65.20000   23.00000  64.7%   6.8 1735s
 6532133 4308224   63.55000  116   30   65.20000   23.00000  64.7%   6.8 1741s
 6556644 4322233   32.15000   50   47   65.20000   23.00000  64.7%   6.8 1745s
 6578671 4338450   44.80000   64   44   65.20000   23.00000  64.7%   6.8 1750s
 6587320 4344601   64.77273  120   25   65.20000   23.00000  64.7%   6.9 1755s
 6607851 4362242   32.35000  118   44   65.20000   23.00000  64.7%   6.9 1760s
 6636350 4374577   35.65000   93   42   65.20000   23.00000  64.7%   6.9 1766s
 6656146 4386393   59.39062  142   31   65.20000   23.00000  64.7%   6.9 1770s
 6669065 4401214   57.25000  100   22   65.20000   23.00000  64.7%   6.9 1775s
 6692601 4409417   57.32955  134   34   65.20000   23.00000  64.7%   6.9 1780s
 6708649 4421897   51.48801   69   48   65.20000   23.00000  64.7%   6.9 1787s
 6733977 4436037   59.35000  124   35   65.20000   23.00000  64.7%   6.9 1790s
 6749626 4444553   30.50000   71   54   65.20000   23.00000  64.7%   6.9 1796s
 6766107 4457827 infeasible   96        65.20000   23.00000  64.7%   6.9 1800s
 6794687 4479298 infeasible  111        65.20000   23.00000  64.7%   6.9 1805s
 6801681 4499342   26.00000   69   59   65.20000   23.00000  64.7%   6.9 1820s
 6847760 4507989 infeasible  114        65.20000   23.00000  64.7%   6.9 1827s
 6854609 4516098   61.91250  107   42   65.20000   23.00000  64.7%   6.9 1830s
 6879140 4528706   34.55000   91   35   65.20000   23.00000  64.7%   6.9 1836s
 6899866 4540945   23.00000   41   47   65.20000   23.00000  64.7%   6.9 1842s
 6920100 4553909   52.47500  134   29   65.20000   23.00000  64.7%   6.9 1846s
 6940257 4570104   64.15000  141   26   65.20000   23.00000  64.7%   6.9 1850s
 6961714 4582310   38.55000   93   40   65.20000   23.00000  64.7%   6.9 1855s
 6981035 4594222   50.15000   92   31   65.20000   23.00000  64.7%   6.9 1861s
 7000035 4606528 infeasible  131        65.20000   23.00000  64.7%   6.9 1866s
 7024774 4620410 infeasible  100        65.20000   23.00000  64.7%   6.9 1871s
 7028116 4624100   56.40000   94   34   65.20000   23.00000  64.7%   6.9 1875s
 7049566 4641464   45.45000   67   39   65.20000   23.00000  64.7%   6.9 1880s
 7077078 4653621   53.15000   82   43   65.20000   23.00000  64.7%   6.9 1885s
 7082282 4659308   61.05000  108   34   65.20000   23.00000  64.7%   6.9 1890s
 7115094 4674501   38.70000   77   41   65.20000   23.00000  64.7%   6.9 1896s
 7123477 4679421   47.70000   76   43   65.20000   23.00000  64.7%   6.9 1900s
 7135961 4688077   32.40000   99   50   65.20000   23.00000  64.7%   6.9 1905s
 7139688 4700501   30.15000   63   47   65.20000   23.00000  64.7%   6.9 1912s
 7167139 4706155   45.20000  108   44   65.20000   23.00000  64.7%   6.9 1917s
 7178525 4713362   23.00000   75   51   65.20000   23.00000  64.7%   6.9 1920s
 7206302 4726062   61.70000  100   28   65.20000   23.00000  64.7%   6.9 1926s
 7222899 4733807   60.25000  147   24   65.20000   23.00000  64.7%   6.9 1932s
 7235242 4741666   57.10000  101   30   65.20000   23.00000  64.7%   6.9 1936s
 7247275 4751920   53.90000   61   39   65.20000   23.00000  64.7%   6.9 1940s
 7264974 4762699   51.05000   83   40   65.20000   23.00000  64.7%   6.9 1945s
 7285870 4770876   55.30000   91   40   65.20000   23.00000  64.7%   6.9 1951s
 7301768 4782302   50.30305   81   54   65.20000   23.00000  64.7%   6.9 1955s
 7327568 4794620   35.20000   79   57   65.20000   23.00000  64.7%   6.9 1962s
 7328380 4806540     cutoff   88        65.20000   23.00000  64.7%   6.9 1966s
 7364273 4817964 infeasible  104        65.20000   23.00000  64.7%   6.9 1971s
 7379701 4825584   26.95000   97   57   65.20000   23.00000  64.7%   6.9 1976s
 7396337 4836681 infeasible   82        65.20000   23.00000  64.7%   6.9 1980s
 7421864 4852796     cutoff   69        65.20000   23.00000  64.7%   6.9 1985s
 7438242 4861286   49.50000   86   52   65.20000   23.00000  64.7%   6.9 1991s
 7459169 4874832 infeasible  107        65.20000   23.00000  64.7%   6.9 1996s
 7480307 4886972     cutoff  180        65.20000   23.00000  64.7%   6.9 2001s
 7485486 4894229   58.15000  101   38   65.20000   23.00000  64.7%   6.9 2005s
 7511217 4907213   64.70000  111   28   65.20000   23.00000  64.7%   6.9 2011s
 7524513 4914973   58.65000  103   30   65.20000   23.00000  64.7%   6.9 2015s
 7543937 4926637   59.00059  112   44   65.20000   23.00000  64.7%   6.9 2022s
 7558317 4938195   26.30000   60   65   65.20000   23.00000  64.7%   6.9 2025s
 7579787 4947564   31.25000   82   40   65.20000   23.00000  64.7%   6.9 2030s
 7593277 4957231 infeasible   95        65.20000   23.00000  64.7%   6.9 2035s
 7610705 4971430   43.00000  109   38   65.20000   23.00000  64.7%   6.9 2040s
 7619332 4975248   23.00000   73   50   65.20000   23.00000  64.7%   6.9 2045s
 7639891 4987845 infeasible   91        65.20000   23.00000  64.7%   6.9 2050s
 7668382 5005676   33.30000   94   44   65.20000   23.00000  64.7%   6.9 2055s
 7682954 5012723   26.80000   73   50   65.20000   23.00000  64.7%   6.9 2060s
 7698144 5023347   52.20000   74   46   65.20000   23.00000  64.7%   6.9 2065s
 7717901 5034438   54.15000   91   29   65.20000   23.00000  64.7%   6.9 2071s
 7726807 5042223     cutoff   83        65.20000   23.00000  64.7%   6.9 2075s
 7752371 5056584   23.20000   65   71   65.20000   23.00000  64.7%   6.9 2080s
 7769065 5065301     cutoff  183        65.20000   23.00000  64.7%   6.9 2086s
 7788053 5076300 infeasible  107        65.20000   23.00000  64.7%   6.9 2090s
 7807503 5089432     cutoff  171        65.20000   23.00000  64.7%   6.9 2095s
 7824585 5099269   61.10000  126   28   65.20000   23.00000  64.7%   6.9 2101s
 7843366 5112146   37.50000  106   38   65.20000   23.00000  64.7%   6.9 2106s
 7869002 5127333   61.55000  107   30   65.20000   23.00000  64.7%   6.9 2112s
 7873357 5131393   53.65000   99   53   65.20000   23.00000  64.7%   6.9 2115s
 7898782 5148196   54.15000   86   50   65.20000   23.00000  64.7%   6.9 2120s
 7922847 5162029 infeasible   94        65.20000   23.00000  64.7%   6.8 2125s
 7931613 5168027   57.20000  104   34   65.20000   23.00000  64.7%   6.9 2130s
 7954967 5180917   52.35000   81   40   65.20000   23.00000  64.7%   6.8 2135s
 7975366 5192938   48.15000  111   38   65.20000   23.00000  64.7%   6.8 2140s
 7993051 5205470   28.75000   91   54   65.20000   23.00000  64.7%   6.8 2145s
 8014107 5218373   28.40000   82   59   65.20000   23.00000  64.7%   6.8 2150s
 8028856 5227896   60.10059  115   46   65.20000   23.00000  64.7%   6.8 2155s
 8042945 5234824   26.25000   55   57   65.20000   23.00000  64.7%   6.8 2161s
 8068463 5250656   40.20000   68   40   65.20000   23.00000  64.7%   6.8 2166s
 8087771 5266286   46.15000  113   28   65.20000   23.00000  64.7%   6.8 2170s
 8095905 5266514   58.25000  104   42   65.20000   23.00000  64.7%   6.8 2175s
 8102972 5272330   44.80000   68   50   65.20000   23.00000  64.7%   6.8 2181s
 8124811 5284160   33.65000   87   59   65.20000   23.00000  64.7%   6.8 2185s
 8143326 5294992   44.75000   96   59   65.20000   23.00000  64.7%   6.8 2190s
 8161744 5307685   57.93830  164   31   65.20000   23.00000  64.7%   6.8 2195s
 8187924 5323324   27.40000   93   61   65.20000   23.00000  64.7%   6.8 2200s
 8198862 5329710   58.10000  128   22   65.20000   23.00000  64.7%   6.8 2205s
 8213430 5346082   61.10000  112   36   65.20000   23.00000  64.7%   6.8 2210s
 8239126 5358387   44.80000   73   40   65.20000   23.00000  64.7%   6.8 2215s
 8256625 5365378   51.80000  119   28   65.20000   23.00000  64.7%   6.8 2221s
 8275931 5377215 infeasible  139        65.20000   23.00000  64.7%   6.8 2225s
 8292170 5389646   62.90000  129   30   65.20000   23.00000  64.7%   6.8 2231s
 8315251 5400395   41.95000   92   48   65.20000   23.00000  64.7%   6.8 2235s
 8337576 5416024   54.45000   56   40   65.20000   23.00000  64.7%   6.8 2240s
 8360597 5431974   64.35000  133   28   65.20000   23.00000  64.7%   6.8 2245s
 8368868 5439337     cutoff  112        65.20000   23.00000  64.7%   6.8 2251s
 8388340 5450904   51.00000   70   34   65.20000   23.00000  64.7%   6.8 2255s
 8417127 5463600 infeasible  118        65.20000   23.00000  64.7%   6.8 2260s
 8427060 5469664     cutoff  135        65.20000   23.00000  64.7%   6.8 2265s
 8450618 5485791   59.40000  100   44   65.20000   23.00000  64.7%   6.8 2270s
 8469148 5493940   54.20000  133   32   65.20000   23.00000  64.7%   6.8 2275s
 8480969 5500028   48.25000   87   42   65.20000   23.00000  64.7%   6.8 2280s
 8507598 5515319   54.65584  106   34   65.20000   23.00000  64.7%   6.8 2286s
 8534389 5529424   62.85028  146   40   65.20000   23.00000  64.7%   6.8 2291s
 8538988 5536700   27.50000   72   52   65.20000   23.00000  64.7%   6.8 2295s
 8564595 5550267   29.65000  100   56   65.20000   23.00000  64.7%   6.8 2300s
 8587614 5562231   60.62052  114   44   65.20000   23.00000  64.7%   6.8 2307s
 8589887 5565233   62.21759  115   39   65.20000   23.00000  64.7%   6.8 2310s
 8611729 5576178     cutoff   74        65.20000   23.00000  64.7%   6.8 2316s
 8630162 5585733 infeasible  100        65.20000   23.00000  64.7%   6.8 2320s
 8655819 5599411   64.00000  100   38   65.20000   23.00000  64.7%   6.8 2327s
 8670181 5608936   60.87500  174   29   65.20000   23.00000  64.7%   6.8 2331s
 8694284 5622263   54.50000   86   38   65.20000   23.00000  64.7%   6.8 2336s
 8699668 5628047   62.25833  126   26   65.20000   23.00000  64.7%   6.8 2340s
 8715210 5638203   64.85000   99   22   65.20000   23.00000  64.7%   6.8 2345s
 8742640 5652563     cutoff   79        65.20000   23.00000  64.7%   6.8 2350s
 8756763 5660057 infeasible  139        65.20000   23.00000  64.7%   6.8 2355s
 8776324 5674054   43.90000   68   52   65.20000   23.00000  64.7%   6.8 2360s
 8802283 5684221   30.55000   92   40   65.20000   23.00000  64.7%   6.8 2367s
 8805481 5687610   46.50000   81   35   65.20000   23.00000  64.7%   6.8 2370s
 8827494 5701933   65.05000  109   30   65.20000   23.00000  64.7%   6.8 2375s
 8850608 5712392   65.15000  107   43   65.20000   23.00000  64.7%   6.8 2380s
 8864062 5719220   40.00000   87   36   65.20000   23.00000  64.7%   6.8 2385s
 8888107 5731475 infeasible   90        65.20000   23.00000  64.7%   6.9 2390s
 8902891 5739475   47.02500   82   37   65.20000   23.00000  64.7%   6.9 2396s
 8921975 5750634   49.55000   85   50   65.20000   23.00000  64.7%   6.9 2400s
 8942268 5764485   64.65000   80   46   65.20000   23.00000  64.7%   6.9 2405s
 8955986 5767863 infeasible  106        65.20000   23.00000  64.7%   6.9 2410s
 8977610 5781495     cutoff  122        65.20000   23.00000  64.7%   6.9 2415s
 9007490 5800946   48.55000   99   46   65.20000   23.00000  64.7%   6.9 2421s
 9021118 5803629   44.85000  121   38   65.20000   23.00000  64.7%   6.9 2425s
 9041756 5815727     cutoff  107        65.20000   23.00000  64.7%   6.9 2430s
 9059833 5830774   38.85000   94   36   65.20000   23.00000  64.7%   6.9 2435s
 9072628 5834231   30.55000   97   38   65.20000   23.00000  64.7%   6.9 2440s
 9090510 5848546   31.70000   89   50   65.20000   23.00000  64.7%   6.9 2445s
 9114581 5861105   62.70000   84   25   65.20000   23.00000  64.7%   6.9 2450s
 9130053 5866740 infeasible  163        65.20000   23.00000  64.7%   6.9 2455s
 9153361 5882957   53.10000  136   32   65.20000   23.00000  64.7%   6.9 2460s
 9167585 5891583 infeasible  132        65.20000   23.00000  64.7%   6.9 2465s
 9183186 5896030     cutoff   76        65.20000   23.00000  64.7%   6.9 2472s
 9183325 5914503   48.90000   76   31   65.20000   23.00000  64.7%   6.9 2489s
 9215357 5915538   54.25674   98   40   65.20000   23.00000  64.7%   6.9 2491s
 9228413 5924307   23.00000   57   61   65.20000   23.00000  64.7%   6.9 2496s
 9243947 5933918   49.70000   82   32   65.20000   23.00000  64.7%   6.9 2500s

Cutting planes:
  Gomory: 4
  Cover: 53
  Implied bound: 69
  Projected implied bound: 8
  Clique: 22
  MIR: 21
  StrongCG: 1
  Flow cover: 25
  GUB cover: 5
  Zero half: 3
  RLT: 3
  Relax-and-lift: 17

Explored 9250075 nodes (63549775 simplex iterations) in 2500.15 seconds
Thread count was 32 (of 32 available processors)

Solution count 10: 65.2 65.25 65.3 ... 65.8

Time limit reached
Best objective 6.520000000000e+01, best bound 2.300000000000e+01, gap 64.7239%
Warning: variables 0 and 120 have the same name "X[1,0]"
Warning: linear constraint 500 and linear constraint 501 have the same name "weight-constr-t19"
Warning: to let Gurobi read it back, use rlp format
