
Gurobi 9.1.2 (linux64) logging started Tue Nov  2 19:46:41 2021

Changed value of parameter LogFile to bruhat-s10-l10.log
   Prev:   Default: 
Gurobi Optimizer version 9.1.2 build v9.1.2rc0 (linux64)
Thread count: 16 physical cores, 32 logical processors, using up to 32 threads
Optimize a model with 1413 rows, 1200 columns and 4160 nonzeros
Model fingerprint: 0x4335ba22
Variable types: 0 continuous, 1200 integer (960 binary)
Coefficient statistics:
  Matrix range     [1e+00, 1e+03]
  Objective range  [1e-01, 1e-01]
  Bounds range     [1e+00, 5e+02]
  RHS range        [1e+00, 1e+03]
Presolve removed 130 rows and 150 columns
Presolve time: 0.01s
Presolved: 1283 rows, 1050 columns, 3740 nonzeros
Variable types: 0 continuous, 1050 integer (820 binary)

Root relaxation: objective 2.300000e+01, 84 iterations, 0.00 seconds

    Nodes    |    Current Node    |     Objective Bounds      |     Work
 Expl Unexpl |  Obj  Depth IntInf | Incumbent    BestBd   Gap | It/Node Time

     0     0   23.00000    0   40          -   23.00000      -     -    0s
H    0     0                     110.8000000   23.00000  79.2%     -    0s
H    0     0                     110.0000000   23.00000  79.1%     -    0s
     0     0   23.00000    0   40  110.00000   23.00000  79.1%     -    0s
H    0     0                     108.8000000   23.00000  78.9%     -    0s
     0     0   23.00000    0  130  108.80000   23.00000  78.9%     -    0s
     0     0   23.00000    0  130  108.80000   23.00000  78.9%     -    0s
H    0     0                      79.5000000   23.00000  71.1%     -    0s
     0     2   23.00000    0   94   79.50000   23.00000  71.1%     -    0s
H   31    48                      79.4000000   23.00000  71.0%  58.6    1s
H   80    92                      78.6000000   23.00000  70.7%  34.5    1s
H   84    92                      78.1000000   23.00000  70.6%  33.3    1s
H  133   160                      78.0000000   23.00000  70.5%  27.1    1s
H  134   160                      77.1000000   23.00000  70.2%  27.1    1s
H  148   160                      76.9000000   23.00000  70.1%  25.3    1s
H 2380  1505                      76.8000000   23.00000  70.1%   9.0    2s
H 2380  1430                      76.7000000   23.00000  70.0%   9.0    2s
H 2382  1359                      76.6000000   23.00000  70.0%   9.0    2s
H 2393  1298                      76.5000000   23.00000  69.9%   9.0    2s
H 2494  1329                      76.4000000   23.00000  69.9%  11.0    4s
H 2504  1263                      72.6000000   23.00000  68.3%  11.0    4s
H 2510  1202                      72.0000000   23.00000  68.1%  11.0    4s
  2857  1655   23.00000   23   54   72.00000   23.00000  68.1%  10.7    5s
H16739 10266                      71.9000000   23.00000  68.0%   6.0    6s
H16749 10203                      71.3000000   23.00000  67.7%   6.0    6s
H16760 10175                      70.7000000   23.00000  67.5%   6.0    6s
H16761  9868                      68.3000000   23.00000  66.3%   6.0    6s
H16763  9770                      67.6000000   23.00000  66.0%   6.0    6s
H18680 11142                      67.5000000   23.00000  65.9%   6.1    7s
H18681 11123                      67.2000000   23.00000  65.8%   6.1    7s
H18692 11113                      67.1000000   23.00000  65.7%   6.1    7s
H40903 28461                      67.0000000   23.00000  65.7%   5.7    8s
 61526 43323   26.10000   31   58   67.00000   23.00000  65.7%   5.6   12s
H63004 43268                      66.9000000   23.00000  65.6%   5.7   12s
H94352 65568                      66.7000000   23.00000  65.5%   5.6   14s
 112461 78381   25.80000   31   50   66.70000   23.00000  65.5%   5.6   15s
H123996 87338                      66.6000000   23.00000  65.5%   5.6   15s
H140863 96106                      66.5000000   23.00000  65.4%   5.6   16s
H142256 95769                      66.3000000   23.00000  65.3%   5.6   16s
H143015 95533                      66.2000000   23.00000  65.3%   5.6   16s
H154997 102642                      66.1000000   23.00000  65.2%   5.6   18s
H155001 102415                      66.0000000   23.00000  65.2%   5.6   18s
H155005 102215                      65.9000000   23.00000  65.1%   5.6   18s
 155037 123743 infeasible   71        65.90000   23.00000  65.1%   5.6   20s
 247845 167488   51.10000  126   28   65.90000   23.00000  65.1%   5.8   25s
 339375 221493     cutoff   86        65.90000   23.00000  65.1%   5.8   30s
 404272 261734 infeasible  100        65.90000   23.00000  65.1%   5.8   35s
 493158 315684   51.30000   55   38   65.90000   23.00000  65.1%   5.8   40s
 566690 359035   59.00000   81   35   65.90000   23.00000  65.1%   5.9   45s
 637689 404321   29.60000   72   52   65.90000   23.00000  65.1%   5.9   50s
 692283 435047   61.80000  103   22   65.90000   23.00000  65.1%   6.0   55s
 750861 473669 infeasible   98        65.90000   23.00000  65.1%   6.0   60s
 802088 503351   58.80000   73   40   65.90000   23.00000  65.1%   6.0   65s
 879493 545480   31.00000   82   46   65.90000   23.00000  65.1%   6.0   70s
 937517 579435     cutoff   83        65.90000   23.00000  65.1%   6.0   75s
 1022737 627172   37.80000   66   42   65.90000   23.00000  65.1%   6.1   80s
 1086415 668654     cutoff   74        65.90000   23.00000  65.1%   6.1   85s
 1163835 713444   56.90000   80   34   65.90000   23.00000  65.1%   6.2   90s
 1222253 747922   32.80000   45   66   65.90000   23.00000  65.1%   6.2   95s
 1307646 799343     cutoff   71        65.90000   23.00000  65.1%   6.2  100s
 1366208 837140   23.80000   54   64   65.90000   23.00000  65.1%   6.3  105s
 1437844 876213   56.52625   77   40   65.90000   23.00000  65.1%   6.3  110s
 1500323 914858   37.20000   66   38   65.90000   23.00000  65.1%   6.3  115s
 1570097 955457   62.90000   95   30   65.90000   23.00000  65.1%   6.4  120s
 1645210 1000690 infeasible   61        65.90000   23.00000  65.1%   6.4  125s
 1710115 1037555   64.00000   86   22   65.90000   23.00000  65.1%   6.4  130s
 1799562 1090941 infeasible   95        65.90000   23.00000  65.1%   6.4  135s
 1855848 1124750   32.70000   58   52   65.90000   23.00000  65.1%   6.5  140s
 1928590 1166224   31.80000   47   52   65.90000   23.00000  65.1%   6.5  145s
 1995434 1205336     cutoff  105        65.90000   23.00000  65.1%   6.5  150s
 2060620 1253764   23.00000   50   88   65.90000   23.00000  65.1%   6.5  155s
 2139594 1292094   58.50078   96   36   65.90000   23.00000  65.1%   6.5  160s
 2203359 1329742     cutoff  102        65.90000   23.00000  65.1%   6.6  165s
 2277372 1372603   53.30000   71   32   65.90000   23.00000  65.1%   6.6  170s
 2309172 1406968   58.50000   95   36   65.90000   23.00000  65.1%   6.6  175s
 2407380 1448377   60.50000   76   44   65.90000   23.00000  65.1%   6.6  180s
 2455960 1475766   59.30000   85   34   65.90000   23.00000  65.1%   6.6  185s
 2526840 1512845   32.10000   69   58   65.90000   23.00000  65.1%   6.7  190s
 2575804 1549462   50.40000   66   44   65.90000   23.00000  65.1%   6.7  195s
 2636145 1576778   53.60000   96   39   65.90000   23.00000  65.1%   6.7  200s
 2693509 1608973   47.20000   60   60   65.90000   23.00000  65.1%   6.7  205s
 2763425 1652762   32.30000   65   70   65.90000   23.00000  65.1%   6.7  210s
 2834383 1693976   58.80000   82   26   65.90000   23.00000  65.1%   6.7  215s
 2906184 1739552   27.40000   71   56   65.90000   23.00000  65.1%   6.7  220s
 2972436 1778109   23.20000   58   52   65.90000   23.00000  65.1%   6.7  225s
 3054886 1826345   64.70000  100   20   65.90000   23.00000  65.1%   6.7  230s
 3110282 1862076     cutoff   54        65.90000   23.00000  65.1%   6.7  235s
 3188622 1905363   64.10000   76   24   65.90000   23.00000  65.1%   6.7  240s
 3249855 1943395 infeasible   65        65.90000   23.00000  65.1%   6.7  245s
 3319637 1986024   23.80000   46   59   65.90000   23.00000  65.1%   6.7  250s
 3382137 2023918 infeasible   58        65.90000   23.00000  65.1%   6.7  255s
 3457258 2068487   24.10000   48   56   65.90000   23.00000  65.1%   6.6  260s
 3520298 2107572   26.60000   56   70   65.90000   23.00000  65.1%   6.7  265s
 3575668 2147123   23.00000   56   74   65.90000   23.00000  65.1%   6.7  270s
 3663915 2191915   50.70000   76   44   65.90000   23.00000  65.1%   6.7  275s
 3718198 2224536   23.00000   50   70   65.90000   23.00000  65.1%   6.7  280s
 3795576 2266721   56.82885   89   53   65.90000   23.00000  65.1%   6.7  285s
 3846532 2314121     cutoff   69        65.90000   23.00000  65.1%   6.7  290s
 3926978 2346744   27.00000   47   67   65.90000   23.00000  65.1%   6.7  295s
 3978979 2393544   61.60000   82   24   65.90000   23.00000  65.1%   6.7  300s
 4069568 2432873   32.80000   66   48   65.90000   23.00000  65.1%   6.7  305s
 4138100 2474999 infeasible   64        65.90000   23.00000  65.1%   6.7  310s
 4219928 2522445   23.00000   47   60   65.90000   23.00000  65.1%   6.7  315s
 4281067 2560500   61.35000   90   42   65.90000   23.00000  65.1%   6.7  320s
 4354975 2605136   47.40000   62   52   65.90000   23.00000  65.1%   6.7  325s
 4422791 2650337   50.40000   76   44   65.90000   23.00000  65.1%   6.7  330s
 4491976 2691260   31.70000   66   46   65.90000   23.00000  65.1%   6.7  335s
 4570431 2742470   34.40000   66   52   65.90000   23.00000  65.1%   6.6  340s
 4639434 2785077     cutoff   63        65.90000   23.00000  65.1%   6.6  345s
 4713047 2830345   27.20000   50   48   65.90000   23.00000  65.1%   6.6  350s
 4778847 2867626   58.00000  107   32   65.90000   23.00000  65.1%   6.6  356s
 4829766 2899987   53.50000   56   58   65.90000   23.00000  65.1%   6.6  360s
 4893308 2935764 infeasible   45        65.90000   23.00000  65.1%   6.6  365s
 4971972 2981643   32.30000   52   54   65.90000   23.00000  65.1%   6.6  370s
 5035904 3018592   63.30000   59   44   65.90000   23.00000  65.1%   6.6  375s
 5111188 3062774     cutoff   84        65.90000   23.00000  65.1%   6.6  380s
 5181967 3099225     cutoff   70        65.90000   23.00000  65.1%   6.6  385s
 5249154 3140623   65.70000   73   22   65.90000   23.00000  65.1%   6.7  390s
 5321178 3184546   65.80000   45   40   65.90000   23.00000  65.1%   6.6  395s
 5381361 3217438   52.50000   73   36   65.90000   23.00000  65.1%   6.6  400s
 5458891 3265182   26.00000   43   48   65.90000   23.00000  65.1%   6.6  405s
 5503805 3308420   23.00000   34   62   65.90000   23.00000  65.1%   6.6  410s
 5592518 3344543   49.02782   62   48   65.90000   23.00000  65.1%   6.6  415s
 5652569 3381702   51.40000   76   36   65.90000   23.00000  65.1%   6.6  420s
 5737524 3434579   47.20000   62   34   65.90000   23.00000  65.1%   6.6  425s
 5805767 3472410     cutoff   74        65.90000   23.00000  65.1%   6.6  430s
 5878663 3518308   47.60000   58   65   65.90000   23.00000  65.1%   6.6  435s
 5933873 3550049   38.30079   63   51   65.90000   23.00000  65.1%   6.6  440s
H5987800 3575656                      65.8000000   23.00000  65.0%   6.6  444s
 5993340 3580976   25.80000   53   56   65.80000   23.00000  65.0%   6.6  445s
 6044836 3604850   57.70000  101   32   65.80000   23.00000  65.0%   6.6  450s
 6106955 3641885   47.50000   61   54   65.80000   23.00000  65.0%   6.6  455s
 6161747 3674655   52.00157   70   46   65.80000   23.00000  65.0%   6.6  460s
 6234511 3715554   58.40000   82   34   65.80000   23.00000  65.0%   6.6  465s
 6298235 3750409     cutoff   71        65.80000   23.00000  65.0%   6.6  470s
 6364139 3787454   63.10000   77   49   65.80000   23.00000  65.0%   6.6  475s
 6420412 3821686   35.00000   67   40   65.80000   23.00000  65.0%   6.6  480s
 6483565 3857922   23.20000   61   54   65.80000   23.00000  65.0%   6.6  485s
 6531793 3888156   64.40000   89   26   65.80000   23.00000  65.0%   6.6  490s
 6599153 3927964   24.60000   68   62   65.80000   23.00000  65.0%   6.6  495s
 6656246 3959296   58.20000   58   50   65.80000   23.00000  65.0%   6.6  500s
 6735816 4002555   62.50000  104   32   65.80000   23.00000  65.0%   6.6  505s
 6801994 4041340   45.92619   69   56   65.80000   23.00000  65.0%   6.6  510s
 6870952 4082285     cutoff   50        65.80000   23.00000  65.0%   6.6  515s
 6946751 4123142   44.72500   70   48   65.80000   23.00000  65.0%   6.6  520s
 7009459 4156604   57.00000   56   28   65.80000   23.00000  65.0%   6.6  525s
 7084825 4198849   33.60000   71   46   65.80000   23.00000  65.0%   6.6  530s
 7144140 4235892   53.10000   68   51   65.80000   23.00000  65.0%   6.6  535s
 7212876 4273948   35.40000   71   60   65.80000   23.00000  65.0%   6.6  540s
 7289111 4317525     cutoff  111        65.80000   23.00000  65.0%   6.6  545s
 7328254 4346634   31.40000   51   46   65.80000   23.00000  65.0%   6.6  550s
 7410433 4385284   32.70000   42   44   65.80000   23.00000  65.0%   6.6  555s
 7467970 4425453   60.50000   50   42   65.80000   23.00000  65.0%   6.6  560s
 7552748 4470728   24.10000   54   69   65.80000   23.00000  65.0%   6.6  565s
 7606994 4505469   58.80000   73   40   65.80000   23.00000  65.0%   6.6  570s
 7691974 4552682   40.10000   61   38   65.80000   23.00000  65.0%   6.6  575s
 7762996 4596351   47.20000   57   34   65.80000   23.00000  65.0%   6.6  580s
 7827761 4632354   51.50000   62   32   65.80000   23.00000  65.0%   6.6  585s
 7908772 4683525   33.60000   72   56   65.80000   23.00000  65.0%   6.6  590s
 7967716 4716030   63.00000   68   34   65.80000   23.00000  65.0%   6.6  595s
 8057524 4768213   58.95000   75   40   65.80000   23.00000  65.0%   6.6  600s
 8121076 4806324   35.70000   75   50   65.80000   23.00000  65.0%   6.6  605s
 8202063 4851231   28.60000   44   66   65.80000   23.00000  65.0%   6.6  610s
 8275042 4897053   46.30000   76   40   65.80000   23.00000  65.0%   6.6  615s
 8346451 4939923     cutoff   60        65.80000   23.00000  65.0%   6.6  620s
 8432853 4991813   61.80000   89   32   65.80000   23.00000  65.0%   6.6  625s
 8482643 5022365   25.80000   40   50   65.80000   23.00000  65.0%   6.6  630s
 8569900 5076730   64.00000  112   36   65.80000   23.00000  65.0%   6.6  635s
 8642584 5116546   65.63636   97   27   65.80000   23.00000  65.0%   6.6  640s
 8708665 5154698   27.50000   70   71   65.80000   23.00000  65.0%   6.6  645s
 8781788 5197860     cutoff   85        65.80000   23.00000  65.0%   6.6  650s
 8850795 5238188   30.20000   50   50   65.80000   23.00000  65.0%   6.6  655s
 8936402 5290133 infeasible   54        65.80000   23.00000  65.0%   6.6  660s
 8986146 5320766   58.70000   59   38   65.80000   23.00000  65.0%   6.6  665s
 9074218 5373672   27.90000   51   70   65.80000   23.00000  65.0%   6.6  670s
 9132113 5407059   52.10000   45   37   65.80000   23.00000  65.0%   6.6  675s
 9216491 5457023   23.00000   59   76   65.80000   23.00000  65.0%   6.6  680s
 9290885 5504374     cutoff   71        65.80000   23.00000  65.0%   6.6  685s
 9343222 5535301   25.50000   47   66   65.80000   23.00000  65.0%   6.6  690s
 9417052 5580695   62.30620   75   49   65.80000   23.00000  65.0%   6.6  695s
 9475478 5616236   33.70000   60   46   65.80000   23.00000  65.0%   6.6  700s
 9538217 5654769   25.20000   32   54   65.80000   23.00000  65.0%   6.6  705s
 9629250 5711193   48.20235   54   48   65.80000   23.00000  65.0%   6.6  710s
 9687712 5745426   43.90000   50   57   65.80000   23.00000  65.0%   6.6  715s
 9749618 5781512   46.10000   54   38   65.80000   23.00000  65.0%   6.6  720s
 9799561 5815558   26.40000   49   69   65.80000   23.00000  65.0%   6.6  725s
 9878474 5858145   49.90000   58   48   65.80000   23.00000  65.0%   6.6  730s
 9955991 5901920   44.40040   49   49   65.80000   23.00000  65.0%   6.6  735s
 10013642 5935789     cutoff   82        65.80000   23.00000  65.0%   6.6  740s
 10092563 5978526   26.06000   57   63   65.80000   23.00000  65.0%   6.6  745s
 10151235 6012737   25.00000   59   62   65.80000   23.00000  65.0%   6.6  750s
 10210745 6047112   62.10000   66   34   65.80000   23.00000  65.0%   6.6  755s
 10287011 6092457   43.20139   70   63   65.80000   23.00000  65.0%   6.6  760s
 10349890 6126789   24.20000   55   66   65.80000   23.00000  65.0%   6.6  765s
 10414144 6162228     cutoff   89        65.80000   23.00000  65.0%   6.6  770s
 10487916 6206821   40.50000  105   53   65.80000   23.00000  65.0%   6.6  775s
 10567230 6254230   23.60000   65   72   65.80000   23.00000  65.0%   6.6  780s
 10621661 6295606   60.10000   76   39   65.80000   23.00000  65.0%   6.6  785s
 10714869 6347099   29.90000   64   58   65.80000   23.00000  65.0%   6.6  790s
 10791009 6390904 infeasible   96        65.80000   23.00000  65.0%   6.6  795s
 10856226 6430643   49.30000   67   36   65.80000   23.00000  65.0%   6.6  800s
 10931632 6481454   34.30000   60   59   65.80000   23.00000  65.0%   6.6  805s
 11010888 6546431   55.80000   81   28   65.80000   23.00000  65.0%   6.6  811s
 11095660 6581707     cutoff   72        65.80000   23.00000  65.0%   6.6  815s
 11172899 6627976   41.90000   73   40   65.80000   23.00000  65.0%   6.6  820s
 11255933 6681676   48.10000   82   36   65.80000   23.00000  65.0%   6.6  825s
 11334224 6731521   64.20000   97   30   65.80000   23.00000  65.0%   6.6  830s
 11430171 6790518   43.80000   70   69   65.80000   23.00000  65.0%   6.6  835s
 11497669 6828470   48.70000   64   40   65.80000   23.00000  65.0%   6.6  840s
 11581314 6880687   61.40000   97   30   65.80000   23.00000  65.0%   6.6  845s
 11656111 6929190   30.20000   68   52   65.80000   23.00000  65.0%   6.6  850s
 11733007 6970899     cutoff  113        65.80000   23.00000  65.0%   6.6  855s
 11818979 7024511   50.60000   97   34   65.80000   23.00000  65.0%   6.6  860s
 11884023 7064048   59.80000   77   34   65.80000   23.00000  65.0%   6.6  865s
 11969757 7115551   60.10000   84   28   65.80000   23.00000  65.0%   6.6  870s
 12028102 7156026   57.50000   72   44   65.80000   23.00000  65.0%   6.6  875s
 12111702 7198779   45.50000   61   38   65.80000   23.00000  65.0%   6.6  880s
 12185285 7241723 infeasible   96        65.80000   23.00000  65.0%   6.6  885s
 12255775 7286940   63.20000   82   53   65.80000   23.00000  65.0%   6.6  890s
 12330410 7329766   59.70000   85   26   65.80000   23.00000  65.0%   6.6  895s
 12395479 7365328   51.90000   78   36   65.80000   23.00000  65.0%   6.6  900s
 12485350 7415478 infeasible   56        65.80000   23.00000  65.0%   6.6  906s
 12511666 7438000   63.30000   73   34   65.80000   23.00000  65.0%   6.6  910s
 12602421 7489069   23.60000   70   56   65.80000   23.00000  65.0%   6.6  915s
 12656817 7518697 infeasible   73        65.80000   23.00000  65.0%   6.6  920s
 12752423 7575959   56.40000   78   46   65.80000   23.00000  65.0%   6.6  925s
 12807583 7609550     cutoff   92        65.80000   23.00000  65.0%   6.6  930s
 12897957 7655177   65.30000  102   28   65.80000   23.00000  65.0%   6.6  935s
 12959168 7690271   55.80000   54   38   65.80000   23.00000  65.0%   6.6  940s
 13043121 7731373     cutoff   75        65.80000   23.00000  65.0%   6.7  946s
 13093183 7758528   65.40000   85   24   65.80000   23.00000  65.0%   6.7  950s
 13171114 7795298   56.80000   64   46   65.80000   23.00000  65.0%   6.7  955s
 13236664 7833529   58.80000   50   30   65.80000   23.00000  65.0%   6.7  960s
 13295272 7859094 infeasible   78        65.80000   23.00000  65.0%   6.7  965s
 13371959 7896704   55.50000   91   32   65.80000   23.00000  65.0%   6.7  970s
 13429921 7923913   53.60000   62   58   65.80000   23.00000  65.0%   6.7  975s
 13510251 7963723   26.20000   57   60   65.80000   23.00000  65.0%   6.7  980s
 13561250 7987591   35.90000   74   56   65.80000   23.00000  65.0%   6.7  985s
 13640642 8027018   38.50000   85   54   65.80000   23.00000  65.0%   6.7  990s
 13693409 8054709   33.90000   85   42   65.80000   23.00000  65.0%   6.7  995s
 13783121 8101866   54.50000  104   44   65.80000   23.00000  65.0%   6.7 1000s
 13840778 8136887   38.90002   59   47   65.80000   23.00000  65.0%   6.7 1005s
 13918543 8182128   46.90000   70   42   65.80000   23.00000  65.0%   6.7 1010s
 13978500 8219561   54.80000   85   40   65.80000   23.00000  65.0%   6.7 1015s
 14059862 8263399   56.32977   93   59   65.80000   23.00000  65.0%   6.7 1020s
 14122445 8304589   42.20000   60   49   65.80000   23.00000  65.0%   6.7 1025s
 14207164 8351217   63.80000   81   40   65.80000   23.00000  65.0%   6.7 1030s
 14279885 8394748   57.70000   75   50   65.80000   23.00000  65.0%   6.7 1035s
 14369492 8447029   60.60000  103   24   65.80000   23.00000  65.0%   6.7 1040s
 14426444 8482719   26.20000   74   64   65.80000   23.00000  65.0%   6.7 1045s
 14518197 8536657   59.00000   70   38   65.80000   23.00000  65.0%   6.7 1050s
 14578837 8571729     cutoff   67        65.80000   23.00000  65.0%   6.7 1055s
 14657383 8615055 infeasible   89        65.80000   23.00000  65.0%   6.7 1060s
 14726731 8655247   42.61111   82   50   65.80000   23.00000  65.0%   6.7 1065s
 14799539 8696789   33.30397   58   69   65.80000   23.00000  65.0%   6.7 1070s
 14861066 8733835   63.30000   88   40   65.80000   23.00000  65.0%   6.7 1075s
 14946662 8787485     cutoff   80        65.80000   23.00000  65.0%   6.7 1080s
 15017567 8824808   63.70000   64   28   65.80000   23.00000  65.0%   6.7 1085s
 15075925 8859305   33.70000   51   48   65.80000   23.00000  65.0%   6.7 1090s
 15156591 8910150   24.60000   40   56   65.80000   23.00000  65.0%   6.7 1095s
 15202297 8951735   27.20000   58   63   65.80000   23.00000  65.0%   6.7 1100s
 15272646 8975851   64.80000   80   22   65.80000   23.00000  65.0%   6.7 1105s
 15331713 9015465   64.90000   67   30   65.80000   23.00000  65.0%   6.7 1110s
 15411108 9057168   42.40000   74   38   65.80000   23.00000  65.0%   6.7 1115s
 15474828 9094450   37.20000   60   44   65.80000   23.00000  65.0%   6.7 1120s
 15556107 9140800   51.80000   95   38   65.80000   23.00000  65.0%   6.7 1125s
 15617637 9178128     cutoff   51        65.80000   23.00000  65.0%   6.7 1130s
 15674400 9207292   48.74341   86   37   65.80000   23.00000  65.0%   6.7 1135s
 15757998 9253119   46.00000   60   49   65.80000   23.00000  65.0%   6.7 1140s
 15814413 9283070     cutoff   75        65.80000   23.00000  65.0%   6.7 1145s
 15876679 9320055   57.10000   68   56   65.80000   23.00000  65.0%   6.7 1150s
 15960880 9365919     cutoff   67        65.80000   23.00000  65.0%   6.7 1155s
 16023036 9398628   37.80000   64   46   65.80000   23.00000  65.0%   6.7 1160s
 16100032 9442804   48.00000   61   35   65.80000   23.00000  65.0%   6.7 1165s
 16159761 9479291   48.51346   60   56   65.80000   23.00000  65.0%   6.7 1170s
 16227809 9517377   23.20000   42   59   65.80000   23.00000  65.0%   6.7 1175s
 16315040 9569917   65.40000   92   32   65.80000   23.00000  65.0%   6.7 1180s
 16368449 9602503   24.00000   42   72   65.80000   23.00000  65.0%   6.7 1185s
 16454521 9649131   26.80000   46   54   65.80000   23.00000  65.0%   6.7 1190s
 16516427 9680845   27.10000   79   58   65.80000   23.00000  65.0%   6.7 1195s
 16589625 9724748   47.60000   74   57   65.80000   23.00000  65.0%   6.7 1200s
 16653383 9757019   49.40000   79   46   65.80000   23.00000  65.0%   6.7 1205s
 16720943 9794696   38.30000   89   58   65.80000   23.00000  65.0%   6.7 1210s
 16778855 9824640   38.20000  103   48   65.80000   23.00000  65.0%   6.8 1215s
 16864373 9871194   60.40000   63   29   65.80000   23.00000  65.0%   6.8 1220s
 16915458 9896541   32.70000   49   62   65.80000   23.00000  65.0%   6.8 1225s
 16995953 9938931   23.60000   55   57   65.80000   23.00000  65.0%   6.8 1230s
 17048657 9969908   55.80000   66   46   65.80000   23.00000  65.0%   6.8 1235s
 17124306 10011290   23.00000   42   68   65.80000   23.00000  65.0%   6.8 1240s
 17185431 10042198     cutoff   74        65.80000   23.00000  65.0%   6.8 1245s
 17252279 10078196   26.60000   62   68   65.80000   23.00000  65.0%   6.8 1250s
 17319687 10121024   46.90000   69   52   65.80000   23.00000  65.0%   6.8 1255s
 17398906 10162217 infeasible   92        65.80000   23.00000  65.0%   6.8 1260s
 17475707 10207447   41.60000   93   63   65.80000   23.00000  65.0%   6.8 1265s
 17506932 10241698     cutoff   65        65.80000   23.00000  65.0%   6.8 1270s
 17604577 10282794   38.50000   55   42   65.80000   23.00000  65.0%   6.8 1275s
 17675074 10319500   30.80000   49   54   65.80000   23.00000  65.0%   6.8 1280s
 17744501 10359607   23.00000   44   61   65.80000   23.00000  65.0%   6.8 1285s
 17790363 10385331   45.70244   40   52   65.80000   23.00000  65.0%   6.8 1290s
 17866085 10431488   34.10000   46   44   65.80000   23.00000  65.0%   6.8 1295s
 17924509 10466666   25.40000   57   46   65.80000   23.00000  65.0%   6.8 1300s
 17997154 10510825   23.00000   48   65   65.80000   23.00000  65.0%   6.8 1305s
 18061902 10544993   59.00000   65   55   65.80000   23.00000  65.0%   6.8 1310s
 18124241 10584803   28.20000   66   64   65.80000   23.00000  65.0%   6.8 1315s
 18188747 10621400   52.50000   78   28   65.80000   23.00000  65.0%   6.8 1320s
 18269317 10665645   23.90000   50   53   65.80000   23.00000  65.0%   6.8 1325s
 18333762 10704088   58.80606   78   45   65.80000   23.00000  65.0%   6.8 1330s
 18418518 10749823   56.50000   69   48   65.80000   23.00000  65.0%   6.8 1335s
 18475968 10784176   59.20000   68   35   65.80000   23.00000  65.0%   6.8 1340s
 18553210 10829895   43.50000   57   39   65.80000   23.00000  65.0%   6.8 1345s
 18615025 10865264   49.30000   72   50   65.80000   23.00000  65.0%   6.8 1350s
 18694427 10906715 infeasible   99        65.80000   23.00000  65.0%   6.8 1355s
 18751388 10937498   56.50000   67   45   65.80000   23.00000  65.0%   6.8 1360s
 18816892 10969240 infeasible   63        65.80000   23.00000  65.0%   6.8 1365s
 18885954 11003532   23.00000   61   85   65.80000   23.00000  65.0%   6.8 1370s
 18950650 11032531   63.40159   80   37   65.80000   23.00000  65.0%   6.8 1375s
 19008751 11063343   42.50000   67   37   65.80000   23.00000  65.0%   6.8 1380s
 19071136 11094767   40.00000   86   44   65.80000   23.00000  65.0%   6.8 1385s
 19138939 11130047 infeasible  101        65.80000   23.00000  65.0%   6.8 1390s
 19211671 11166144   55.70000   95   26   65.80000   23.00000  65.0%   6.8 1395s
 19278223 11206960   54.90000   71   48   65.80000   23.00000  65.0%   6.8 1400s
 19338250 11238544   65.50000   71   31   65.80000   23.00000  65.0%   6.8 1405s
 19420509 11285589   43.40000   39   42   65.80000   23.00000  65.0%   6.8 1410s
 19478777 11314758   32.30000   77   52   65.80000   23.00000  65.0%   6.8 1415s
 19564205 11363557   62.80000  100   34   65.80000   23.00000  65.0%   6.8 1420s
 19622399 11395627   59.00000   75   40   65.80000   23.00000  65.0%   6.8 1425s
 19699455 11437253   59.70000   83   38   65.80000   23.00000  65.0%   6.8 1430s
 19763260 11471770   30.50000   52   54   65.80000   23.00000  65.0%   6.8 1435s
 19836451 11507549   62.70000   88   40   65.80000   23.00000  65.0%   6.8 1440s
 19899244 11541625 infeasible   76        65.80000   23.00000  65.0%   6.8 1445s
 19973475 11581381     cutoff   91        65.80000   23.00000  65.0%   6.8 1450s
 20038995 11618285   24.30000   42   60   65.80000   23.00000  65.0%   6.8 1455s
 20092102 11650581   56.60000   85   43   65.80000   23.00000  65.0%   6.8 1460s
 20157467 11688286   55.40000   63   34   65.80000   23.00000  65.0%   6.8 1465s
 20222063 11726291   49.40000   64   56   65.80000   23.00000  65.0%   6.8 1470s
 20303321 11771573   51.10000   69   38   65.80000   23.00000  65.0%   6.8 1475s
 20359288 11801968   51.10000   64   32   65.80000   23.00000  65.0%   6.8 1480s
 20434579 11843199   32.10000   50   61   65.80000   23.00000  65.0%   6.8 1485s
 20488439 11869991   30.90000   59   62   65.80000   23.00000  65.0%   6.8 1490s
 20566285 11909868   31.00000   40   81   65.80000   23.00000  65.0%   6.9 1495s
 20629201 11941243   50.25000   69   25   65.80000   23.00000  65.0%   6.9 1500s
 20692680 11976839   51.60000   66   47   65.80000   23.00000  65.0%   6.9 1505s
 20753791 12003105   26.20000   54   63   65.80000   23.00000  65.0%   6.9 1510s
 20811787 12029016   27.10000   58   62   65.80000   23.00000  65.0%   6.9 1515s
 20878004 12064253   55.00000   55   30   65.80000   23.00000  65.0%   6.9 1520s
 20940310 12095675   23.60000   48   52   65.80000   23.00000  65.0%   6.9 1525s
 21017378 12133957   23.90000   51   80   65.80000   23.00000  65.0%   6.9 1530s
 21081538 12168279   30.90000   66   44   65.80000   23.00000  65.0%   6.9 1535s
 21138304 12198449   54.50000   91   26   65.80000   23.00000  65.0%   6.9 1540s
 21209654 12242520   45.70000   98   40   65.80000   23.00000  65.0%   6.9 1545s
 21279960 12279380   47.84750   60   56   65.80000   23.00000  65.0%   6.9 1550s
 21360623 12326860   46.50000   50   42   65.80000   23.00000  65.0%   6.9 1555s
 21424416 12364151   53.00000   71   34   65.80000   23.00000  65.0%   6.9 1560s
 21487926 12402548   35.00000   46   55   65.80000   23.00000  65.0%   6.9 1565s
 21571850 12457298   24.00000   46   54   65.80000   23.00000  65.0%   6.9 1570s
 21646466 12519709     cutoff   73        65.80000   23.00000  65.0%   6.9 1576s
 21708130 12539673 infeasible   69        65.80000   23.00000  65.0%   6.9 1580s
 21789328 12592045     cutoff   94        65.80000   23.00000  65.0%   6.9 1585s
 21884429 12648881   48.10000   56   40   65.80000   23.00000  65.0%   6.9 1590s
 21946416 12687731   64.30000   99   37   65.80000   23.00000  65.0%   6.9 1595s
 22017450 12732890   42.40000   66   53   65.80000   23.00000  65.0%   6.9 1600s
 22107010 12786403   55.40000   65   32   65.80000   23.00000  65.0%   6.9 1605s
 22163614 12818179   57.70000  103   28   65.80000   23.00000  65.0%   6.9 1611s
 22224340 12856140   43.60000   44   52   65.80000   23.00000  65.0%   6.9 1615s
 22297963 12898663     cutoff   91        65.80000   23.00000  65.0%   6.9 1620s
 22357578 12935325   23.20000   47   62   65.80000   23.00000  65.0%   6.9 1625s
 22433367 12979393   25.20787   47   49   65.80000   23.00000  65.0%   6.9 1630s
 22503314 13020861   65.00000   70   28   65.80000   23.00000  65.0%   6.9 1635s
 22561608 13058053   24.15000   54   63   65.80000   23.00000  65.0%   6.9 1640s
 22651681 13106099   23.00000   63   72   65.80000   23.00000  65.0%   6.9 1645s
 22707450 13139735   62.90000   66   30   65.80000   23.00000  65.0%   6.9 1650s
 22800197 13191021     cutoff  106        65.80000   23.00000  65.0%   6.9 1655s
 22862201 13224281   54.00000   70   46   65.80000   23.00000  65.0%   6.9 1660s
 22920920 13253843   61.50000  108   26   65.80000   23.00000  65.0%   6.9 1665s
 22998984 13293453     cutoff   67        65.80000   23.00000  65.0%   6.9 1670s
 23059065 13323181   56.50000   71   26   65.80000   23.00000  65.0%   6.9 1675s
 23132135 13359614   55.80000   93   36   65.80000   23.00000  65.0%   6.9 1680s
 23198005 13392715     cutoff   77        65.80000   23.00000  65.0%   6.9 1685s
 23281496 13434854     cutoff   84        65.80000   23.00000  65.0%   6.9 1690s
 23348706 13464003   56.00000   93   42   65.80000   23.00000  65.0%   6.9 1695s
 23422936 13498381   32.20000   58   44   65.80000   23.00000  65.0%   6.9 1700s
 23482638 13526336   38.90000   90   44   65.80000   23.00000  65.0%   6.9 1705s
 23559505 13564068 infeasible  105        65.80000   23.00000  65.0%   6.9 1710s
 23624322 13600259   35.30000   54   56   65.80000   23.00000  65.0%   6.9 1715s
 23689802 13634517   57.60000   68   35   65.80000   23.00000  65.0%   6.9 1720s
 23768538 13677604   58.50000   88   29   65.80000   23.00000  65.0%   6.9 1725s
 23830168 13711454     cutoff   66        65.80000   23.00000  65.0%   6.9 1730s
 23909644 13755499   23.60000   53   67   65.80000   23.00000  65.0%   6.9 1735s
 23971847 13789951   30.95714   64   49   65.80000   23.00000  65.0%   6.9 1740s
 24031735 13825994 infeasible  119        65.80000   23.00000  65.0%   6.9 1745s
 24117155 13871257   52.30000   58   47   65.80000   23.00000  65.0%   6.9 1750s
 24182054 13908876   55.60000   59   30   65.80000   23.00000  65.0%   6.9 1755s
 24254828 13950446   25.00000   46   54   65.80000   23.00000  65.0%   6.9 1760s
 24306756 13982539   42.94375   72   54   65.80000   23.00000  65.0%   6.9 1765s
 24379903 14023660   58.50000   95   32   65.80000   23.00000  65.0%   6.9 1770s
 24433597 14055091   23.00000   47   67   65.80000   23.00000  65.0%   6.9 1775s
 24514233 14098651 infeasible   82        65.80000   23.00000  65.0%   6.9 1780s
 24577725 14132597 infeasible   82        65.80000   23.00000  65.0%   6.9 1785s
 24668239 14180473   61.40000   75   26   65.80000   23.00000  65.0%   6.9 1790s
 24734077 14213130   50.65000   87   37   65.80000   23.00000  65.0%   6.9 1795s
 24815377 14253580   58.10000   60   30   65.80000   23.00000  65.0%   6.9 1800s
 24851585 14287984   61.70000  100   30   65.80000   23.00000  65.0%   6.9 1805s
 24926919 14315695 infeasible   57        65.80000   23.00000  65.0%   6.9 1810s
 24983347 14347942   23.00000   42   65   65.80000   23.00000  65.0%   6.9 1815s
 25064885 14395962   57.90000   81   34   65.80000   23.00000  65.0%   6.9 1820s
 25132265 14439712   41.40000   66   42   65.80000   23.00000  65.0%   6.9 1825s
 25216981 14487314   30.90000   57   52   65.80000   23.00000  65.0%   6.9 1831s
 25283282 14531087   23.90000   63   68   65.80000   23.00000  65.0%   6.9 1835s
 25351468 14571697   36.20000   77   62   65.80000   23.00000  65.0%   6.9 1840s
 25446005 14624671   29.90000   62   50   65.80000   23.00000  65.0%   6.9 1845s
 25498437 14654842     cutoff   76        65.80000   23.00000  65.0%   6.9 1850s
 25577069 14697239   30.50000   65   57   65.80000   23.00000  65.0%   6.9 1855s
 25640510 14732407 infeasible   84        65.80000   23.00000  65.0%   6.9 1860s
 25732099 14779033   26.00000   63   61   65.80000   23.00000  65.0%   6.9 1865s
 25783577 14814708   63.40000   74   37   65.80000   23.00000  65.0%   6.9 1870s
 25850106 14850767 infeasible   94        65.80000   23.00000  65.0%   6.9 1875s
 25931101 14882316   33.50000   81   37   65.80000   23.00000  65.0%   6.9 1880s
 26000533 14916107     cutoff   72        65.80000   23.00000  65.0%   6.9 1885s
 26072902 14955041     cutoff   80        65.80000   23.00000  65.0%   6.9 1890s
 26142531 14989986 infeasible   77        65.80000   23.00000  65.0%   6.9 1895s
 26215717 15029734   54.10000   68   36   65.80000   23.00000  65.0%   6.9 1900s
 26286778 15071798   35.50000   64   42   65.80000   23.00000  65.0%   6.9 1905s
 26353907 15107352   41.00000   62   56   65.80000   23.00000  65.0%   6.9 1910s
 26437866 15156280   56.30000   74   42   65.80000   23.00000  65.0%   6.9 1915s
 26506130 15190957     cutoff   81        65.80000   23.00000  65.0%   6.9 1920s
 26581530 15238488 infeasible  110        65.80000   23.00000  65.0%   6.9 1925s
 26642872 15266345   64.40000   82   40   65.80000   23.00000  65.0%   6.9 1930s
 26730241 15316965     cutoff   73        65.80000   23.00000  65.0%   6.9 1935s
 26789042 15347946   49.00000   56   50   65.80000   23.00000  65.0%   6.9 1940s
 26876686 15397721   54.20000   76   38   65.80000   23.00000  65.0%   6.9 1945s
 26931762 15424361     cutoff   86        65.80000   23.00000  65.0%   6.9 1950s
 27006359 15467545   31.10000   59   55   65.80000   23.00000  65.0%   6.9 1955s
 27072694 15501498   27.20000   74   50   65.80000   23.00000  65.0%   6.9 1960s
 27160434 15544431   31.00000   77   46   65.80000   23.00000  65.0%   6.9 1965s
 27212376 15572666   60.60000  108   32   65.80000   23.00000  65.0%   6.9 1970s
 27275344 15599923   39.10000   70   58   65.80000   23.00000  65.0%   6.9 1975s
 27346623 15635212   40.90000   93   34   65.80000   23.00000  65.0%   6.9 1980s
 27396535 15662039   65.00000  100   24   65.80000   23.00000  65.0%   6.9 1985s
 27445498 15690055   61.10000  106   26   65.80000   23.00000  65.0%   6.9 1990s
 27500985 15713006     cutoff   69        65.80000   23.00000  65.0%   6.9 1995s
 27575982 15753083     cutoff   73        65.80000   23.00000  65.0%   6.9 2000s
 27640191 15789496   58.40000   82   28   65.80000   23.00000  65.0%   6.9 2005s
 27720866 15834818     cutoff   98        65.80000   23.00000  65.0%   6.9 2010s
 27797450 15877219     cutoff   74        65.80000   23.00000  65.0%   6.9 2015s
 27861880 15913839   49.50000   56   34   65.80000   23.00000  65.0%   6.9 2020s
 27944935 15961827   57.60000   69   35   65.80000   23.00000  65.0%   6.9 2025s
 28010915 15999101 infeasible   93        65.80000   23.00000  65.0%   6.9 2030s
 28083714 16040602   24.60000   58   53   65.80000   23.00000  65.0%   6.9 2035s
 28158919 16087617     cutoff   65        65.80000   23.00000  65.0%   6.9 2040s
 28225070 16130475   41.10000   46   49   65.80000   23.00000  65.0%   6.9 2045s
 28314062 16180579 infeasible  135        65.80000   23.00000  65.0%   6.9 2050s
 28376923 16217244   23.00000   36   66   65.80000   23.00000  65.0%   6.9 2055s
 28470192 16270519   48.20000   93   24   65.80000   23.00000  65.0%   6.9 2060s
 28522125 16301431   37.20000   84   44   65.80000   23.00000  65.0%   6.9 2065s
 28605885 16345179     cutoff   93        65.80000   23.00000  65.0%   6.9 2070s
 28673793 16380896   60.90000   99   42   65.80000   23.00000  65.0%   6.9 2075s
 28735189 16413463   33.10000   81   46   65.80000   23.00000  65.0%   6.9 2080s
 28818085 16456171 infeasible   74        65.80000   23.00000  65.0%   6.9 2085s
 28878953 16489809   52.50000   69   48   65.80000   23.00000  65.0%   6.9 2090s
 28969757 16536193   59.90000   61   28   65.80000   23.00000  65.0%   6.9 2095s
 29024503 16573357   62.50000  110   30   65.80000   23.00000  65.0%   6.9 2100s
 29099519 16611306   53.85303   99   32   65.80000   23.00000  65.0%   6.9 2105s
 29178191 16652995     cutoff  102        65.80000   23.00000  65.0%   6.9 2110s
 29241309 16691227   47.20156   88   55   65.80000   23.00000  65.0%   6.9 2115s
 29321440 16733018   23.60000   53   62   65.80000   23.00000  65.0%   6.9 2120s
 29385239 16764924 infeasible   94        65.80000   23.00000  65.0%   6.9 2125s
 29463002 16810067   49.10000   59   34   65.80000   23.00000  65.0%   6.9 2130s
 29535159 16845083   26.20000   80   52   65.80000   23.00000  65.0%   6.9 2135s
 29592712 16882284   44.00000  102   28   65.80000   23.00000  65.0%   6.9 2140s
 29674449 16921718 infeasible   92        65.80000   23.00000  65.0%   6.9 2145s
 29740781 16956435   26.60000   63   60   65.80000   23.00000  65.0%   6.9 2150s
 29825959 17001228 infeasible  101        65.80000   23.00000  65.0%   6.9 2155s
 29895132 17040005   35.10000   93   50   65.80000   23.00000  65.0%   6.9 2160s
 29932584 17068350   33.75455   82   63   65.80000   23.00000  65.0%   6.9 2165s
 30036473 17119908   26.20000   57   58   65.80000   23.00000  65.0%   6.9 2170s
 30077898 17142174   42.90000   89   40   65.80000   23.00000  65.0%   6.9 2175s
 30146119 17183967   60.90000  105   28   65.80000   23.00000  65.0%   6.9 2180s
 30199928 17214542   24.40000   49   58   65.80000   23.00000  65.0%   6.9 2185s
 30286131 17265867     cutoff  115        65.80000   23.00000  65.0%   6.9 2190s
 30349260 17302770 infeasible   99        65.80000   23.00000  65.0%   6.9 2195s
 30426489 17347936   23.00000   57   69   65.80000   23.00000  65.0%   6.9 2200s
 30483017 17383781     cutoff   75        65.80000   23.00000  65.0%   6.9 2205s
 30577660 17437381   62.30000  111   22   65.80000   23.00000  65.0%   6.9 2210s
 30640970 17476473   60.20000   55   36   65.80000   23.00000  65.0%   6.9 2215s
 30705833 17509088     cutoff   57        65.80000   23.00000  65.0%   6.9 2220s
 30787362 17556001   53.20000   70   42   65.80000   23.00000  65.0%   6.9 2225s
 30840314 17592244   36.10000   65   50   65.80000   23.00000  65.0%   6.9 2230s
 30914600 17633184   54.60000   83   40   65.80000   23.00000  65.0%   6.9 2235s
 30951508 17656718   25.60000   51   76   65.80000   23.00000  65.0%   6.9 2240s
 30993530 17679776   27.10000   53   52   65.80000   23.00000  65.0%   6.9 2245s
 31040783 17710168   64.80000   69   28   65.80000   23.00000  65.0%   6.9 2250s
 31086984 17737837   47.60000   61   56   65.80000   23.00000  65.0%   6.9 2255s
 31129772 17763547   46.20000   87   58   65.80000   23.00000  65.0%   6.9 2260s
 31183592 17794249   32.30000   78   64   65.80000   23.00000  65.0%   6.9 2266s
 31199362 17809861     cutoff   86        65.80000   23.00000  65.0%   6.9 2270s
 31256492 17838559 infeasible  114        65.80000   23.00000  65.0%   6.9 2275s
 31298729 17864975   26.40000   58   64   65.80000   23.00000  65.0%   6.9 2280s
 31327994 17880308   30.90000   62   58   65.80000   23.00000  65.0%   6.9 2285s
 31366091 17909536   53.40000   86   46   65.80000   23.00000  65.0%   6.9 2290s
 31420537 17935891     cutoff   83        65.80000   23.00000  65.0%   6.9 2295s
 31454973 17957757   33.80000   44   52   65.80000   23.00000  65.0%   6.9 2300s
 31513641 17989638 infeasible   77        65.80000   23.00000  65.0%   6.9 2305s
 31570986 18021800   44.30000   48   56   65.80000   23.00000  65.0%   6.9 2310s
 31627946 18053643   42.30000   85   43   65.80000   23.00000  65.0%   6.9 2315s
 31669520 18077546 infeasible   94        65.80000   23.00000  65.0%   6.9 2320s
 31723916 18106605   28.80156   42   49   65.80000   23.00000  65.0%   6.9 2325s
 31769071 18130901   42.90000  108   52   65.80000   23.00000  65.0%   6.9 2330s
 31798003 18147061   33.40000   77   72   65.80000   23.00000  65.0%   6.9 2335s
 31831194 18165893   33.60000   53   38   65.80000   23.00000  65.0%   6.9 2340s
 31869579 18187192   36.90000   79   73   65.80000   23.00000  65.0%   6.9 2345s
 31911368 18213483   65.40000  120   28   65.80000   23.00000  65.0%   6.9 2350s
 31943615 18228680   44.70000   68   52   65.80000   23.00000  65.0%   6.9 2355s
 31991623 18256023   24.00000   64   70   65.80000   23.00000  65.0%   6.9 2360s
 32036201 18277171   59.10000   96   38   65.80000   23.00000  65.0%   6.9 2366s
 32061835 18296106   42.90000   93   32   65.80000   23.00000  65.0%   6.9 2370s
 32115616 18324592   49.90000   66   38   65.80000   23.00000  65.0%   6.9 2375s
 32148671 18344665   59.40000   73   54   65.80000   23.00000  65.0%   6.9 2380s
 32183540 18360348   27.30000   71   59   65.80000   23.00000  65.0%   6.9 2385s
 32231039 18386072   42.20000   98   40   65.80000   23.00000  65.0%   6.9 2390s
 32281749 18415536   58.30000   79   46   65.80000   23.00000  65.0%   6.9 2395s
 32305852 18429979   46.70000   49   63   65.80000   23.00000  65.0%   6.9 2400s
 32363205 18467571   35.50000   87   56   65.80000   23.00000  65.0%   6.9 2405s
 32426021 18499097   31.80000   73   50   65.80000   23.00000  65.0%   6.9 2410s
 32477592 18530535     cutoff   77        65.80000   23.00000  65.0%   6.9 2416s
 32525228 18559581   44.30000   54   55   65.80000   23.00000  65.0%   6.9 2420s
 32553848 18576329   60.70000   89   42   65.80000   23.00000  65.0%   6.9 2425s
 32578595 18594449   32.70000   64   42   65.80000   23.00000  65.0%   6.9 2430s
 32630651 18623534 infeasible   88        65.80000   23.00000  65.0%   6.9 2435s
 32678355 18654336 infeasible  106        65.80000   23.00000  65.0%   6.9 2440s
 32706539 18669081   64.60078  100   34   65.80000   23.00000  65.0%   6.9 2445s
 32756000 18698961   47.50000   70   46   65.80000   23.00000  65.0%   6.9 2450s
 32791444 18719926   53.10000   62   44   65.80000   23.00000  65.0%   6.9 2455s
 32823633 18737040   27.10000   59   63   65.80000   23.00000  65.0%   6.9 2460s
 32854460 18756722   32.30000   62   64   65.80000   23.00000  65.0%   6.9 2465s
 32883230 18773541   30.90000   50   63   65.80000   23.00000  65.0%   6.9 2470s
 32925754 18798102   33.40000   65   44   65.80000   23.00000  65.0%   6.9 2475s
 32950855 18813016   24.90000   58   67   65.80000   23.00000  65.0%   6.9 2480s
 33015346 18849355   43.10556   87   53   65.80000   23.00000  65.0%   6.9 2485s
 33051017 18873162   25.80000   55   54   65.80000   23.00000  65.0%   6.9 2490s
 33079481 18887384   33.10000   60   56   65.80000   23.00000  65.0%   6.9 2495s
 33124252 18915465   52.94690   54   59   65.80000   23.00000  65.0%   6.9 2500s

Cutting planes:
  Gomory: 9
  Cover: 47
  Implied bound: 51
  Projected implied bound: 5
  Clique: 9
  MIR: 31
  StrongCG: 1
  Flow cover: 37
  Zero half: 2
  RLT: 11
  Relax-and-lift: 18

Explored 33129373 nodes (229340195 simplex iterations) in 2500.33 seconds
Thread count was 32 (of 32 available processors)

Solution count 10: 65.8 65.9 66 ... 66.9

Time limit reached
Best objective 6.580000000000e+01, best bound 2.300000000000e+01, gap 65.0456%
Warning: variables 0 and 120 have the same name "X[1,0]"
Warning: linear constraint 250 and linear constraint 251 have the same name "weight-constr-t9"
Warning: to let Gurobi read it back, use rlp format
