
Gurobi 9.1.2 (linux64) logging started Tue Nov  2 20:29:15 2021

Changed value of parameter LogFile to bruhat-s15-l10.log
   Prev:   Default: 
Gurobi Optimizer version 9.1.2 build v9.1.2rc0 (linux64)
Thread count: 16 physical cores, 32 logical processors, using up to 32 threads
Optimize a model with 2108 rows, 1800 columns and 6240 nonzeros
Model fingerprint: 0xafe8ce94
Variable types: 0 continuous, 1800 integer (1440 binary)
Coefficient statistics:
  Matrix range     [1e+00, 1e+03]
  Objective range  [7e-02, 7e-02]
  Bounds range     [1e+00, 5e+02]
  RHS range        [1e+00, 1e+03]
Presolve removed 195 rows and 225 columns
Presolve time: 0.01s
Presolved: 1913 rows, 1575 columns, 5610 nonzeros
Variable types: 0 continuous, 1575 integer (1230 binary)

Root relaxation: objective 2.300000e+01, 94 iterations, 0.00 seconds

    Nodes    |    Current Node    |     Objective Bounds      |     Work
 Expl Unexpl |  Obj  Depth IntInf | Incumbent    BestBd   Gap | It/Node Time

     0     0   23.00000    0   40          -   23.00000      -     -    0s
     0     0   23.00000    0   40          -   23.00000      -     -    0s
     0     0   23.00000    0   51          -   23.00000      -     -    0s
H    0     0                    1612.0000000   23.00000  98.6%     -    0s
     0     0   23.00000    0   51 1612.00000   23.00000  98.6%     -    0s
H    0     0                     136.9333333   23.00000  83.2%     -    0s
     0     2   23.00000    0   51  136.93333   23.00000  83.2%     -    0s
H   79    94                     114.2000000   23.00000  79.9%  18.7    1s
H   80    94                      98.8000000   23.00000  76.7%  18.7    1s
H   83    94                      81.2666667   23.00000  71.7%  18.1    1s
H  127   147                      79.1333333   23.00000  70.9%  13.4    1s
H  131   147                      76.1333333   23.00000  69.8%  13.1    1s
H  688   918                      72.6000000   23.00000  68.3%   7.6    2s
H 3332  1989                      72.5333333   23.00000  68.3%   6.5    2s
H 3332  1889                      71.9333333   23.00000  68.0%   6.5    2s
H 3336  1797                      71.3333333   23.00000  67.8%   6.5    2s
H 3337  1708                      70.9333333   23.00000  67.6%   6.5    3s
H 3338  1623                      69.8666667   23.00000  67.1%   6.5    3s
H 3341  1544                      69.7333333   23.00000  67.0%   6.5    3s
H 3342  1466                      69.4666667   23.00000  66.9%   6.5    3s
H 3344  1395                      69.4000000   23.00000  66.9%   6.5    3s
H 3390  1370                      69.2666667   23.00000  66.8%   8.4    4s
  3442  1414   23.00000   17   46   69.26667   23.00000  66.8%   8.4    5s
H 3450  1345                      69.2000000   23.00000  66.8%   8.4    5s
H 4882  1993                      69.0666667   23.00000  66.7%   7.7    6s
H 4924  1919                      69.0000000   23.00000  66.7%   7.7    6s
H 9122  4428                      68.0000000   23.00000  66.2%   6.7    9s
H11016  5639                      67.9333333   23.00000  66.1%   6.6   10s
H11019  5556                      67.3333333   23.00000  65.8%   6.6   10s
H11023  5542                      67.0000000   23.00000  65.7%   6.6   10s
H11033  5534                      66.9333333   23.00000  65.6%   6.6   11s
H11044  5532                      66.8666667   23.00000  65.6%   6.6   11s
 29861 18973   25.86667   72   55   66.86667   23.00000  65.6%   5.6   16s
H29885 18912                      66.8000000   23.00000  65.6%   5.7   16s
 46498 31125   49.13333  114   34   66.80000   23.00000  65.6%   6.0   21s
 62835 49144   33.80000   77   42   66.80000   23.00000  65.6%   5.8   27s
H86933 60893                      66.6666667   23.00000  65.5%   5.8   29s
 90874 65115     cutoff   89        66.66667   23.00000  65.5%   5.7   30s
H96786 65333                      66.6000000   23.00000  65.5%   5.7   31s
 97134 87659 infeasible   97        66.60000   23.00000  65.5%   5.7   35s
H131953 91966                      66.4666667   23.00000  65.4%   6.2   37s
H135510 92350                      66.2000000   23.00000  65.3%   6.2   39s
 136331 100613   32.53333   62   48   66.20000   23.00000  65.3%   6.2   40s
H147241 102119                      66.0000000   23.00000  65.2%   6.1   41s
 159799 113888   24.46667   88   78   66.00000   23.00000  65.2%   6.0   45s
H175011 119623                      65.4666667   23.00000  64.9%   5.9   46s
 203056 139821   60.06667  127   30   65.46667   23.00000  64.9%   5.9   50s
 247079 166321 infeasible  104        65.46667   23.00000  64.9%   5.7   55s
 273899 186597   46.46667  176   32   65.46667   23.00000  64.9%   5.9   60s
 304311 205837   24.73333   74   62   65.46667   23.00000  64.9%   5.9   65s
 334857 222985   30.20000   85   62   65.46667   23.00000  64.9%   5.9   70s
 370577 246459   31.40000   85   42   65.46667   23.00000  64.9%   5.9   75s
 401654 268232   37.53333   96   60   65.46667   23.00000  64.9%   5.9   80s
 420895 281372   61.06667  126   16   65.46667   23.00000  64.9%   6.0   85s
 449453 303089   43.46667   93   40   65.46667   23.00000  64.9%   6.0   90s
 489387 327477 infeasible  119        65.46667   23.00000  64.9%   6.0   95s
 514560 347289   41.26667   71   41   65.46667   23.00000  64.9%   6.1  100s
 546137 367109   23.06667   27   62   65.46667   23.00000  64.9%   6.1  105s
 576868 385328   26.13372   75   64   65.46667   23.00000  64.9%   6.1  110s
H589091 391472                      65.4000000   23.00000  64.8%   6.1  114s
 589096 393956   46.40000   90   44   65.40000   23.00000  64.8%   6.1  115s
 627774 417457   23.00000   44   72   65.40000   23.00000  64.8%   6.1  120s
 656564 436433   37.46667   62   32   65.40000   23.00000  64.8%   6.1  125s
 688213 454828   35.93333   74   30   65.40000   23.00000  64.8%   6.1  130s
 711232 470699   24.20000   46   66   65.40000   23.00000  64.8%   6.2  136s
 732302 485283 infeasible   95        65.40000   23.00000  64.8%   6.2  140s
 769466 506694   63.00000   85   12   65.40000   23.00000  64.8%   6.2  147s
 783131 519526   23.06667   73   66   65.40000   23.00000  64.8%   6.3  150s
 819561 539677   56.46693   61   49   65.40000   23.00000  64.8%   6.3  155s
 849211 556543   30.80000   74   52   65.40000   23.00000  64.8%   6.3  161s
 849662 575383   30.80000   75   51   65.40000   23.00000  64.8%   6.3  166s
 895374 585872     cutoff  107        65.40000   23.00000  64.8%   6.4  170s
 914195 595715   27.46667   34   72   65.40000   23.00000  64.8%   6.4  175s
 959082 624202   54.33333   87   46   65.40000   23.00000  64.8%   6.4  180s
 991963 647662   29.20000   42   58   65.40000   23.00000  64.8%   6.4  185s
 1023275 667173   29.40000   80   74   65.40000   23.00000  64.8%   6.4  190s
 1054043 686869   57.93333   75   52   65.40000   23.00000  64.8%   6.4  195s
 1087137 702928   59.06667   73   31   65.40000   23.00000  64.8%   6.4  201s
 1111982 719007   23.00000   43   68   65.40000   23.00000  64.8%   6.4  205s
 1144038 739585 infeasible  113        65.40000   23.00000  64.8%   6.4  210s
 1173951 757919   52.75776  107   25   65.40000   23.00000  64.8%   6.4  215s
 1194159 769525   23.00000   59   96   65.40000   23.00000  64.8%   6.4  220s
 1226785 788215   23.86667   69   63   65.40000   23.00000  64.8%   6.4  225s
 1261105 809587   34.86667   82   52   65.40000   23.00000  64.8%   6.4  230s
 1286823 826699   64.40000  121   30   65.40000   23.00000  64.8%   6.4  236s
 1313134 842911   58.60000  120   40   65.40000   23.00000  64.8%   6.5  240s
 1336065 859024   61.86667  174   14   65.40000   23.00000  64.8%   6.5  245s
 1371048 880925   43.26667   87   46   65.40000   23.00000  64.8%   6.5  251s
 1404186 902331   64.33333   92   38   65.40000   23.00000  64.8%   6.5  255s
 1418629 913150   37.80000   63   34   65.40000   23.00000  64.8%   6.5  260s
 1457050 932363   63.60000   64   50   65.40000   23.00000  64.8%   6.5  266s
 1470505 940484   40.46667   76   60   65.40000   23.00000  64.8%   6.5  270s
 1490449 954582   49.86667   83   44   65.40000   23.00000  64.8%   6.5  275s
 1512026 970528   36.13333   56   56   65.40000   23.00000  64.8%   6.5  280s
 1539816 987709   55.73333  155   36   65.40000   23.00000  64.8%   6.5  285s
 1564928 1000117   59.06667   80   30   65.40000   23.00000  64.8%   6.5  290s
 1579953 1011819   27.53333   47   54   65.40000   23.00000  64.8%   6.5  295s
 1614435 1031146   23.00000   61   64   65.40000   23.00000  64.8%   6.5  300s
 1644316 1050409 infeasible   67        65.40000   23.00000  64.8%   6.5  305s
 1657728 1077515 infeasible   70        65.40000   23.00000  64.8%   6.5  314s
 1689760 1079229   23.00000   49   66   65.40000   23.00000  64.8%   6.5  316s
 1715059 1094797   47.46667   90   50   65.40000   23.00000  64.8%   6.5  321s
 1730638 1109253   58.80000  105   38   65.40000   23.00000  64.8%   6.5  325s
 1770980 1130033   43.06667   78   30   65.40000   23.00000  64.8%   6.5  331s
 1792203 1153182   34.73333   81   44   65.40000   23.00000  64.8%   6.5  335s
 1822287 1168018   31.00156   81   38   65.40000   23.00000  64.8%   6.5  340s
 1855907 1185318   62.88047   98   40   65.40000   23.00000  64.8%   6.5  345s
 1885971 1206004 infeasible   77        65.40000   23.00000  64.8%   6.5  350s
 1911353 1219786   49.80000  104   54   65.40000   23.00000  64.8%   6.5  355s
 1938622 1240510   37.26667   78   43   65.40000   23.00000  64.8%   6.5  360s
 1966886 1256294   25.13333   68   57   65.40000   23.00000  64.8%   6.5  365s
 1991645 1274168   33.86667   68   48   65.40000   23.00000  64.8%   6.5  370s
 2014011 1290296   36.06667   77   36   65.40000   23.00000  64.8%   6.4  375s
 2045505 1310577   53.40000  111   30   65.40000   23.00000  64.8%   6.4  380s
 2057176 1317521     cutoff   79        65.40000   23.00000  64.8%   6.4  385s
 2089536 1338917   53.86667  123   18   65.40000   23.00000  64.8%   6.4  390s
 2121851 1362774     cutoff  147        65.40000   23.00000  64.8%   6.4  395s
 2140058 1372159 infeasible   76        65.40000   23.00000  64.8%   6.4  400s
 2162907 1390719   35.40000  109   48   65.40000   23.00000  64.8%   6.4  405s
 2194443 1410614   27.93333   87   58   65.40000   23.00000  64.8%   6.4  410s
 2206984 1416273   60.53333  119   30   65.40000   23.00000  64.8%   6.4  415s
 2239214 1434452   49.26667   90   50   65.40000   23.00000  64.8%   6.4  420s
 2264990 1454560     cutoff   97        65.40000   23.00000  64.8%   6.4  425s
 2283549 1463110   53.26667   93   34   65.40000   23.00000  64.8%   6.4  430s
 2310052 1481447   25.20000   79   60   65.40000   23.00000  64.8%   6.4  435s
 2344211 1503088     cutoff   94        65.40000   23.00000  64.8%   6.4  440s
 2355386 1531953   58.40000  154   16   65.40000   23.00000  64.8%   6.4  449s
 2387418 1534300   40.80000   95   34   65.40000   23.00000  64.8%   6.4  450s
 2414627 1549746   32.26667   66   44   65.40000   23.00000  64.8%   6.4  456s
 2437279 1568731   63.80000  107   30   65.40000   23.00000  64.8%   6.4  460s
 2469217 1588900   43.66667  109   34   65.40000   23.00000  64.8%   6.4  465s
 2500190 1605986   23.00000   77   65   65.40000   23.00000  64.8%   6.4  470s
 2514614 1616034   56.73333  117   36   65.40000   23.00000  64.8%   6.4  475s
 2541573 1637000     cutoff   73        65.40000   23.00000  64.8%   6.4  480s
 2572025 1652910   36.60000   86   54   65.40000   23.00000  64.8%   6.4  486s
 2591391 1666431     cutoff  131        65.40000   23.00000  64.8%   6.4  490s
 2615662 1690666   60.13333  134   22   65.40000   23.00000  64.8%   6.4  495s
H2644429 1698405                      65.3333333   23.00000  64.8%   6.4  500s
 2662559 1714112     cutoff  124        65.33333   23.00000  64.8%   6.4  506s
 2698716 1734265     cutoff   91        65.33333   23.00000  64.8%   6.4  511s
 2710345 1762572   54.73333   85   38   65.33333   23.00000  64.8%   6.4  519s
 2742377 1764657   38.26667   95   38   65.33333   23.00000  64.8%   6.4  521s
 2766515 1779929   23.00000   91   72   65.33333   23.00000  64.8%   6.4  525s
 2783124 1795750   36.60000   92   45   65.33333   23.00000  64.8%   6.4  530s
 2812642 1811620   34.46667   79   56   65.33333   23.00000  64.8%   6.4  535s
 2841771 1830565   64.06667  132   24   65.33333   23.00000  64.8%   6.4  540s
 2865196 1844562   47.06667  127   48   65.33333   23.00000  64.8%   6.4  545s
 2891286 1861585   64.20130  125   34   65.33333   23.00000  64.8%   6.4  550s
 2924425 1880910   58.06667  115   37   65.33333   23.00000  64.8%   6.4  555s
 2936496 1887153     cutoff   68        65.33333   23.00000  64.8%   6.4  560s
 2936546 1907556   45.46667   68   58   65.33333   23.00000  64.8%   6.4  565s
 2990865 1923487   52.20000  104   52   65.33333   23.00000  64.8%   6.4  571s
 3006843 1938787 infeasible  141        65.33333   23.00000  64.8%   6.4  575s
 3032277 1953789   54.20000   57   67   65.33333   23.00000  64.8%   6.4  580s
 3052960 1966032     cutoff   89        65.33333   23.00000  64.8%   6.4  585s
 3074331 1978471   30.33333   78   50   65.33333   23.00000  64.8%   6.4  591s
 3101872 1993479   37.60000   82   48   65.33333   23.00000  64.8%   6.4  595s
 3107543 1996995   49.13438   77   41   65.33333   23.00000  64.8%   6.4  600s
 3134534 2014283   55.33438  100   51   65.33333   23.00000  64.8%   6.4  606s
 3158200 2039590   49.86667   88   32   65.33333   23.00000  64.8%   6.4  611s
 3185973 2050243     cutoff   75        65.33333   23.00000  64.8%   6.4  615s
 3207660 2063086   32.66667   90   48   65.33333   23.00000  64.8%   6.4  620s
 3235085 2077124   45.06667  104   30   65.33333   23.00000  64.8%   6.4  625s
 3271214 2102356   50.73333  110   35   65.33333   23.00000  64.8%   6.4  630s
 3280294 2127699   44.06667  100   49   65.33333   23.00000  64.8%   6.4  638s
 3312326 2129334   32.60000   81   62   65.33333   23.00000  64.8%   6.4  640s
 3339001 2146391   45.13333   83   69   65.33333   23.00000  64.8%   6.4  645s
 3370602 2167772   63.73333  153   24   65.33333   23.00000  64.8%   6.4  650s
 3394721 2185818   64.46667   89   38   65.33333   23.00000  64.8%   6.4  655s
 3421326 2199230   23.06667   66   75   65.33333   23.00000  64.8%   6.4  661s
 3434949 2212498   57.20000  139   16   65.33333   23.00000  64.8%   6.4  665s
 3457574 2225140   49.60000  137   24   65.33333   23.00000  64.8%   6.4  670s
 3479019 2240717   29.86667   84   50   65.33333   23.00000  64.8%   6.4  675s
 3505980 2253274   32.60000   80   54   65.33333   23.00000  64.8%   6.4  681s
 3519285 2266269   25.06667   58   66   65.33333   23.00000  64.8%   6.4  685s
 3557332 2285760   64.53333  100   30   65.33333   23.00000  64.8%   6.4  691s
 3574433 2296199   56.26667   94   34   65.33333   23.00000  64.8%   6.4  696s
 3593655 2309057   40.33438   72   68   65.33333   23.00000  64.8%   6.4  700s
 3620199 2329067   55.00000  106   32   65.33333   23.00000  64.8%   6.4  705s
 3652231 2344506   64.80000  128   28   65.33333   23.00000  64.8%   6.4  711s
 3669318 2355882   25.06667   57   68   65.33333   23.00000  64.8%   6.4  716s
 3692983 2370501   34.53750   87   49   65.33333   23.00000  64.8%   6.4  720s
 3719608 2391725 infeasible  109        65.33333   23.00000  64.8%   6.4  725s
 3728059 2411434   55.66667  124   20   65.33333   23.00000  64.8%   6.4  737s
 3762794 2420331   55.93333   85   38   65.33333   23.00000  64.8%   6.4  740s
 3784702 2427210 infeasible   60        65.33333   23.00000  64.8%   6.4  746s
 3797382 2441358   28.13333   82   73   65.33333   23.00000  64.8%   6.4  750s
 3834022 2459589   41.40000   95   45   65.33333   23.00000  64.8%   6.4  755s
 3865383 2476576   52.26667   58   56   65.33333   23.00000  64.8%   6.4  761s
 3877059 2486747   50.53333   73   67   65.33333   23.00000  64.8%   6.4  765s
 3911727 2508194   23.60000   55   66   65.33333   23.00000  64.8%   6.4  770s
 3930830 2521085     cutoff   78        65.33333   23.00000  64.8%   6.4  775s
 3969834 2540271   52.06667   60   59   65.33333   23.00000  64.8%   6.4  781s
 3979997 2565964   29.80000   70   53   65.33333   23.00000  64.8%   6.4  789s
 4012029 2567455   53.80000  136   24   65.33333   23.00000  64.8%   6.4  791s
 4040466 2583094     cutoff   62        65.33333   23.00000  64.8%   6.4  796s
 4060096 2598988   56.53333  107   32   65.33333   23.00000  64.8%   6.4  800s
 4099705 2622957   23.00000   61   72   65.33333   23.00000  64.8%   6.4  805s
 4119665 2632947   35.33333  123   60   65.33333   23.00000  64.8%   6.4  811s
 4138266 2646627   33.60000   85   36   65.33333   23.00000  64.8%   6.4  815s
 4163958 2663020   44.66667  105   42   65.33333   23.00000  64.8%   6.4  820s
 4171503 2686128   25.06667   53   56   65.33333   23.00000  64.8%   6.4  826s
 4204981 2692698 infeasible   78        65.33333   23.00000  64.8%   6.4  831s
 4234430 2707781   57.33333   85   40   65.33333   23.00000  64.8%   6.4  836s
 4249954 2723992   25.73333   79   46   65.33333   23.00000  64.8%   6.4  840s
 4273583 2732705   51.27345   93   52   65.33333   23.00000  64.8%   6.4  845s
 4308979 2757573   42.06667   61   42   65.33333   23.00000  64.8%   6.4  850s
 4341566 2779663   25.80000   66   52   65.33333   23.00000  64.8%   6.4  855s
 4357063 2790048   47.00000   95   47   65.33333   23.00000  64.8%   6.4  860s
 4388704 2810722   39.80000  109   62   65.33333   23.00000  64.8%   6.4  865s
 4415239 2830334   53.40000   84   32   65.33333   23.00000  64.8%   6.4  870s
 4423160 2851896   23.00000   57   48   65.33333   23.00000  64.8%   6.4  878s
 4454954 2853627   51.03333  114   30   65.33333   23.00000  64.8%   6.4  880s
 4482129 2873688     cutoff  147        65.33333   23.00000  64.8%   6.4  885s
 4488414 2894877   29.00000   95   76   65.33333   23.00000  64.8%   6.4  891s
 4540684 2909514   28.13333   67   68   65.33333   23.00000  64.8%   6.4  895s
 4572899 2933484   28.80000   57   66   65.33333   23.00000  64.8%   6.4  900s
 4601078 2946450   51.55000  123   27   65.33333   23.00000  64.8%   6.4  906s
 4617935 2958626   36.06667  104   45   65.33333   23.00000  64.8%   6.4  910s
 4644486 2973822   63.06667  107   24   65.33333   23.00000  64.8%   6.4  915s
 4680770 2996612   32.00000   91   42   65.33333   23.00000  64.8%   6.4  920s
 4698502 3006910   64.80000  121   32   65.33333   23.00000  64.8%   6.4  926s
 4719564 3022099   48.26667   75   39   65.33333   23.00000  64.8%   6.4  930s
 4752826 3039382   41.83333  120   64   65.33333   23.00000  64.8%   6.4  936s
 4753355 3058849     cutoff  121        65.33333   23.00000  64.8%   6.4  944s
 4785375 3063480   42.40000  105   45   65.33333   23.00000  64.8%   6.4  945s
 4799473 3068718   55.20000   94   46   65.33333   23.00000  64.8%   6.4  950s
 4822955 3083247   31.06667  111   51   65.33333   23.00000  64.8%   6.4  956s
 4860780 3107048     cutoff   89        65.33333   23.00000  64.8%   6.4  961s
 4882572 3122044 infeasible   75        65.33333   23.00000  64.8%   6.4  965s
 4896861 3130312   49.20000   58   40   65.33333   23.00000  64.8%   6.4  970s
 4921427 3148873   23.66667   86   72   65.33333   23.00000  64.8%   6.4  975s
 4955102 3172345   54.06667   87   50   65.33333   23.00000  64.8%   6.4  981s
 4983009 3184750   32.33333   66   45   65.33333   23.00000  64.8%   6.4  986s
 5000155 3196788   24.46667   56   64   65.33333   23.00000  64.8%   6.4  990s
 5022165 3216088   23.86667   66   66   65.33333   23.00000  64.8%   6.4  995s
 5052709 3229513 infeasible  122        65.33333   23.00000  64.8%   6.4 1001s
 5070811 3243111   41.93333   75   54   65.33333   23.00000  64.8%   6.4 1006s
 5093060 3255464   64.86667  127   24   65.33333   23.00000  64.8%   6.4 1010s
 5120803 3274614   36.26667   85   60   65.33333   23.00000  64.8%   6.4 1015s
 5128750 3294231   48.73438   91   53   65.33333   23.00000  64.8%   6.4 1024s
 5130752 3294231     cutoff   75        65.33333   23.00000  64.8%   6.4 1025s
 5178642 3310442   33.73333   85   62   65.33333   23.00000  64.8%   6.4 1030s
 5192168 3316498   28.86667   71   48   65.33333   23.00000  64.8%   6.4 1035s
 5221584 3334863   57.60000  139   34   65.33333   23.00000  64.8%   6.4 1040s
 5253107 3354181   65.00000  128   52   65.33333   23.00000  64.8%   6.4 1045s
 5267700 3367946 infeasible   48        65.33333   23.00000  64.8%   6.4 1051s
 5290492 3383899   51.66667   79   46   65.33333   23.00000  64.8%   6.4 1056s
 5320364 3396343 infeasible   83        65.33333   23.00000  64.8%   6.4 1060s
 5342158 3413226   60.06667   86   46   65.33333   23.00000  64.8%   6.4 1065s
 5368084 3429763     cutoff  154        65.33333   23.00000  64.8%   6.4 1071s
 5388224 3446748   64.93333   80   44   65.33333   23.00000  64.8%   6.4 1075s
 5424673 3461945   63.66667   96   24   65.33333   23.00000  64.8%   6.4 1081s
 5433593 3472382   57.46667   97   26   65.33333   23.00000  64.8%   6.4 1085s
 5463346 3489932     cutoff   95        65.33333   23.00000  64.8%   6.4 1090s
 5494516 3507400 infeasible  164        65.33333   23.00000  64.8%   6.4 1095s
 5518690 3522539   52.33333   85   26   65.33333   23.00000  64.8%   6.4 1100s
 5540454 3537565   37.00000   68   44   65.33333   23.00000  64.8%   6.4 1105s
 5569521 3560219   27.46667   49   54   65.33333   23.00000  64.8%   6.4 1110s
 5582198 3567548   35.10000   97   48   65.33333   23.00000  64.8%   6.4 1115s
 5611790 3582719 infeasible  145        65.33333   23.00000  64.8%   6.4 1120s
 5631861 3595484   40.26667   64   57   65.33333   23.00000  64.8%   6.4 1125s
 5632240 3616458   40.26667   65   55   65.33333   23.00000  64.8%   6.4 1135s
 5671852 3625769   38.93333   75   48   65.33333   23.00000  64.8%   6.4 1140s
 5696298 3644041   61.66667  117   28   65.33333   23.00000  64.8%   6.4 1145s
 5737738 3669339   47.33333   96   34   65.33333   23.00000  64.8%   6.4 1150s
 5754444 3678785   42.06667  116   36   65.33333   23.00000  64.8%   6.4 1155s
 5784663 3697773   57.26667   86   49   65.33333   23.00000  64.8%   6.4 1160s
 5819913 3724237   61.73333  121   36   65.33333   23.00000  64.8%   6.4 1165s
 5829444 3724534 infeasible  110        65.33333   23.00000  64.8%   6.4 1170s
 5858422 3750954   42.40000   47   46   65.33333   23.00000  64.8%   6.4 1175s
 5897483 3768303     cutoff   96        65.33333   23.00000  64.8%   6.4 1181s
 5916654 3781002   59.53333  105   28   65.33333   23.00000  64.8%   6.4 1185s
 5945846 3799535   29.06667   77   44   65.33333   23.00000  64.8%   6.4 1191s
 5964895 3813679   43.73333   61   48   65.33333   23.00000  64.8%   6.4 1195s
 5994634 3831617 infeasible  100        65.33333   23.00000  64.8%   6.4 1201s
 6014857 3846053   58.46667   52   32   65.33333   23.00000  64.8%   6.4 1205s
 6037872 3867572   23.20000   48   66   65.33333   23.00000  64.8%   6.4 1210s
 6070476 3884686   30.96667   90   40   65.33333   23.00000  64.8%   6.4 1215s
 6087631 3897832   63.40000  122   31   65.33333   23.00000  64.8%   6.4 1220s
 6122009 3916221   37.46667   72   53   65.33333   23.00000  64.8%   6.4 1225s
 6154287 3935503   55.60000   89   32   65.33333   23.00000  64.8%   6.4 1231s
 6161755 3945614   23.86667   60   74   65.33333   23.00000  64.8%   6.4 1235s
 6193207 3961676   25.66667   63   62   65.33333   23.00000  64.8%   6.4 1240s
 6219814 3978230   54.46667  102   34   65.33333   23.00000  64.8%   6.4 1245s
 6228723 3985789   23.06667   44   46   65.33333   23.00000  64.8%   6.4 1250s
 6265589 4007206   45.06667  126   31   65.33333   23.00000  64.8%   6.4 1255s
 6299201 4028531   45.73333   67   40   65.33333   23.00000  64.8%   6.4 1260s
 6314073 4040152   55.80000   86   34   65.33333   23.00000  64.8%   6.4 1266s
 6344782 4056462   23.00000   58   66   65.33333   23.00000  64.8%   6.4 1270s
 6373537 4073624   62.20000  113   49   65.33333   23.00000  64.8%   6.4 1275s
 6389156 4084941   29.13333   75   42   65.33333   23.00000  64.8%   6.4 1281s
 6416424 4100956   42.93333  113   36   65.33333   23.00000  64.8%   6.4 1286s
 6447779 4119360     cutoff   70        65.33333   23.00000  64.8%   6.4 1290s
 6461317 4130108   27.66667   75   42   65.33333   23.00000  64.8%   6.4 1295s
 6483789 4143964   24.93333   52   42   65.33333   23.00000  64.8%   6.4 1300s
 6510588 4160553   63.40000  134   30   65.33333   23.00000  64.8%   6.4 1305s
 6525019 4169886   35.33333  103   66   65.33333   23.00000  64.8%   6.4 1310s
 6553736 4188698     cutoff  100        65.33333   23.00000  64.8%   6.4 1315s
 6577470 4204503   36.49091   83   54   65.33333   23.00000  64.8%   6.4 1320s
 6609743 4219610   27.53333   87   61   65.33333   23.00000  64.8%   6.4 1326s
 6617220 4229769   64.33333  128   24   65.33333   23.00000  64.8%   6.4 1330s
 6650070 4249250   33.48333   89   58   65.33333   23.00000  64.8%   6.4 1335s
 6683592 4266731   60.06667  156   26   65.33333   23.00000  64.8%   6.4 1340s
 6687891 4270346     cutoff   88        65.33333   23.00000  64.8%   6.4 1345s
 6720243 4291457     cutoff   81        65.33333   23.00000  64.8%   6.4 1350s
 6751024 4306289     cutoff  103        65.33333   23.00000  64.8%   6.4 1355s
 6769973 4316094   40.06667  101   46   65.33333   23.00000  64.8%   6.4 1360s
 6794720 4331210   62.40000  101   24   65.33333   23.00000  64.8%   6.4 1365s
 6820177 4350827   25.40000   78   54   65.33333   23.00000  64.8%   6.4 1370s
 6854115 4365405   24.00000   82   76   65.33333   23.00000  64.8%   6.4 1376s
 6867503 4375180 infeasible  135        65.33333   23.00000  64.8%   6.4 1380s
 6891996 4391273   59.26667   92   34   65.33333   23.00000  64.8%   6.4 1385s
 6919102 4410219   24.73842   92   71   65.33333   23.00000  64.8%   6.4 1390s
 6938266 4414457 infeasible  122        65.33333   23.00000  64.8%   6.4 1396s
 6938318 4433945   23.00000   67   47   65.33333   23.00000  64.8%   6.4 1408s
 6974019 4442078   60.80000  106   32   65.33333   23.00000  64.8%   6.4 1410s
 6995469 4453456   62.20000   52   38   65.33333   23.00000  64.8%   6.4 1415s
 7003353 4472842   52.13333  119   38   65.33333   23.00000  64.8%   6.4 1420s
 7050692 4484666   35.26667  100   70   65.33333   23.00000  64.8%   6.4 1426s
 7069992 4501115   30.00000   53   46   65.33333   23.00000  64.8%   6.4 1430s
 7092628 4512743   57.46667  108   34   65.33333   23.00000  64.8%   6.4 1435s
 7116442 4527669   33.06667   79   66   65.33333   23.00000  64.8%   6.4 1440s
 7153174 4542319 infeasible  119        65.33333   23.00000  64.8%   6.4 1445s
 7169874 4570798   27.53333   63   56   65.33333   23.00000  64.8%   6.4 1455s
 7221688 4584092   62.60000   89   24   65.33333   23.00000  64.8%   6.4 1460s
 7248906 4601167   49.06667  104   36   65.33333   23.00000  64.8%   6.4 1465s
 7265066 4611805   52.13333  106   32   65.33333   23.00000  64.8%   6.4 1470s
 7295123 4629232   50.33333   72   53   65.33333   23.00000  64.8%   6.4 1475s
 7320203 4643895     cutoff   88        65.33333   23.00000  64.8%   6.5 1480s
 7330090 4667731     cutoff  131        65.33333   23.00000  64.8%   6.5 1488s
 7362122 4669985   64.46667  128   24   65.33333   23.00000  64.8%   6.5 1490s
 7391087 4691929   33.66667   79   62   65.33333   23.00000  64.8%   6.5 1495s
 7414625 4700524   65.06667  114   24   65.33333   23.00000  64.8%   6.5 1501s
 7439765 4715956   60.20000  119   40   65.33333   23.00000  64.8%   6.5 1505s
 7466620 4732333   35.66667   92   44   65.33333   23.00000  64.8%   6.5 1510s
 7498770 4752503   32.13333   71   71   65.33333   23.00000  64.8%   6.5 1515s
 7509764 4760512   32.86667   79   47   65.33333   23.00000  64.8%   6.5 1520s
 7548801 4786534   42.46667   67   45   65.33333   23.00000  64.8%   6.5 1525s
 7574245 4800605 infeasible  138        65.33333   23.00000  64.8%   6.5 1530s
 7587935 4809685 infeasible  102        65.33333   23.00000  64.8%   6.5 1535s
 7621036 4828340   61.13333   79   30   65.33333   23.00000  64.8%   6.5 1540s
 7652367 4846967   65.20000   64   40   65.33333   23.00000  64.8%   6.5 1546s
 7675447 4861021     cutoff  150        65.33333   23.00000  64.8%   6.5 1551s
 7689024 4870630   28.66667   79   55   65.33333   23.00000  64.8%   6.5 1555s
 7715350 4889876   56.53333   88   50   65.33333   23.00000  64.8%   6.5 1560s
 7741949 4900542   31.13333   64   62   65.33333   23.00000  64.8%   6.5 1565s
 7764774 4913575   33.73333   94   34   65.33333   23.00000  64.8%   6.5 1571s
 7783260 4926026   56.40000  123   26   65.33333   23.00000  64.8%   6.5 1575s
 7811420 4941633   63.46667  118   30   65.33333   23.00000  64.8%   6.5 1580s
 7839805 4958703   27.20000   58   66   65.33333   23.00000  64.8%   6.5 1585s
 7850635 4970494   64.80000  101   30   65.33333   23.00000  64.8%   6.5 1590s
 7884429 4989278   50.53333  102   32   65.33333   23.00000  64.8%   6.5 1595s
 7915844 5010699 infeasible  114        65.33333   23.00000  64.8%   6.5 1600s
 7935304 5020829   38.33333  100   53   65.33333   23.00000  64.8%   6.5 1606s
 7962703 5036800 infeasible  174        65.33333   23.00000  64.8%   6.5 1611s
 7989550 5052137   61.13333   94   41   65.33333   23.00000  64.8%   6.5 1615s
 8004604 5060999   27.73333   52   62   65.33333   23.00000  64.8%   6.5 1620s
 8030961 5080163   64.66667   71   26   65.33333   23.00000  64.8%   6.5 1625s
 8062837 5100925   64.46667  105   28   65.33333   23.00000  64.8%   6.5 1630s
 8091400 5117716   57.26667  112   30   65.33333   23.00000  64.8%   6.5 1635s
 8105686 5126003   41.66667   90   50   65.33333   23.00000  64.8%   6.5 1640s
 8133125 5144728   37.20000  104   46   65.33333   23.00000  64.8%   6.5 1646s
 8160012 5161563   31.00000   70   52   65.33333   23.00000  64.8%   6.5 1650s
 8189198 5174743 infeasible  129        65.33333   23.00000  64.8%   6.5 1655s
 8212372 5188782   56.93333  121   38   65.33333   23.00000  64.8%   6.5 1660s
 8232816 5200840   46.06667   82   38   65.33333   23.00000  64.8%   6.5 1665s
 8268717 5223974 infeasible   58        65.33333   23.00000  64.8%   6.5 1670s
 8287700 5233693   29.06667  105   48   65.33333   23.00000  64.8%   6.5 1676s
 8311743 5256402   26.06667  109   54   65.33333   23.00000  64.8%   6.5 1681s
 8325868 5258323   55.53946   96   46   65.33333   23.00000  64.8%   6.5 1685s
 8352479 5273199   62.60000  118   24   65.33333   23.00000  64.8%   6.5 1690s
 8362378 5280109 infeasible  127        65.33333   23.00000  64.8%   6.5 1696s
 8395410 5300439   56.00000   79   41   65.33333   23.00000  64.8%   6.5 1700s
 8426272 5323295   34.40000   93   38   65.33333   23.00000  64.8%   6.5 1705s
 8463744 5343087   51.20000  128   34   65.33333   23.00000  64.8%   6.5 1710s
 8482810 5354600   44.13333   93   38   65.33333   23.00000  64.8%   6.5 1716s
 8506655 5371006   36.26667   87   38   65.33333   23.00000  64.8%   6.5 1720s
 8538680 5391200   35.80000  136   34   65.33333   23.00000  64.8%   6.5 1725s
 8558795 5399368   39.80000  122   38   65.33333   23.00000  64.8%   6.5 1730s
 8584582 5418779   32.80000  100   46   65.33333   23.00000  64.8%   6.5 1735s
 8617433 5438647   28.53333   81   40   65.33333   23.00000  64.8%   6.5 1740s
 8649767 5460333   47.46667  108   48   65.33333   23.00000  64.8%   6.5 1745s
 8664591 5466230   53.00000  109   44   65.33333   23.00000  64.8%   6.5 1750s
 8690156 5485793   28.60000   84   65   65.33333   23.00000  64.8%   6.5 1755s
 8724039 5501971   28.40000   99   38   65.33333   23.00000  64.8%   6.5 1760s
 8739780 5510696     cutoff  117        65.33333   23.00000  64.8%   6.5 1765s
 8762608 5524927   32.20000   85   40   65.33333   23.00000  64.8%   6.5 1770s
 8788113 5540912   64.40000  128   46   65.33333   23.00000  64.8%   6.5 1775s
 8824651 5560676   35.80000  122   44   65.33333   23.00000  64.8%   6.5 1781s
 8837975 5585411   46.00000   95   38   65.33333   23.00000  64.8%   6.5 1797s
 8884622 5595810   49.75625   96   41   65.33333   23.00000  64.8%   6.5 1801s
 8908396 5612873   55.06667   87   36   65.33333   23.00000  64.8%   6.5 1805s
 8927706 5621790   38.66667  101   30   65.33333   23.00000  64.8%   6.5 1810s
 8962920 5641171   61.13333  119   40   65.33333   23.00000  64.8%   6.5 1815s
 8992358 5656202   59.53333  126   34   65.33333   23.00000  64.8%   6.5 1820s
 9011135 5666326   23.00000   98   48   65.33333   23.00000  64.8%   6.5 1825s
 9036570 5683751   59.33333  122   36   65.33333   23.00000  64.8%   6.5 1830s
 9075850 5703498   55.20000  114   36   65.33333   23.00000  64.8%   6.5 1835s
 9099281 5718086   44.20000  147   38   65.33333   23.00000  64.8%   6.5 1840s
 9125367 5734006   47.73333  118   50   65.33333   23.00000  64.8%   6.5 1846s
 9146546 5745627   50.13551  116   36   65.33333   23.00000  64.8%   6.5 1850s
 9172155 5759513   24.93333   55   63   65.33333   23.00000  64.8%   6.5 1855s
 9189662 5775031   53.06667  124   38   65.33333   23.00000  64.8%   6.5 1860s
 9222147 5793636 infeasible   79        65.33333   23.00000  64.8%   6.5 1865s
 9250040 5809024   30.86667   80   66   65.33333   23.00000  64.8%   6.5 1870s
 9261857 5819010 infeasible  107        65.33333   23.00000  64.8%   6.5 1875s
 9294039 5841183   62.60101  114   39   65.33333   23.00000  64.8%   6.5 1880s
 9329567 5857169   23.00000   47   58   65.33333   23.00000  64.8%   6.5 1887s
 9335930 5862427   64.73333  133   36   65.33333   23.00000  64.8%   6.5 1890s
 9363131 5880046   37.40000   95   46   65.33333   23.00000  64.8%   6.5 1895s
 9405729 5902613   63.73333   73   24   65.33333   23.00000  64.8%   6.5 1901s
 9413171 5907580   60.66667  136   50   65.33333   23.00000  64.8%   6.5 1906s
 9441751 5927078   38.33333  112   34   65.33333   23.00000  64.8%   6.5 1910s
 9490899 5955199   60.66667  114   34   65.33333   23.00000  64.8%   6.5 1916s
 9535248 5988535   61.86667   94   42   65.33333   23.00000  64.8%   6.5 1920s
 9580116 6017484   52.06667   69   40   65.33333   23.00000  64.8%   6.5 1925s
 9611627 6036705   52.06667   99   50   65.33333   23.00000  64.8%   6.5 1931s
 9629847 6046174   58.86667  116   24   65.33333   23.00000  64.8%   6.5 1935s
 9672254 6074482   64.33333  126   16   65.33333   23.00000  64.8%   6.5 1940s
 9695326 6092171   63.00000  128   18   65.33333   23.00000  64.8%   6.5 1945s
 9731307 6108970   55.06667   80   38   65.33333   23.00000  64.8%   6.5 1950s
 9765559 6127297   58.73333   84   54   65.33333   23.00000  64.8%   6.5 1957s
 9785425 6138948   55.73333  104   32   65.33333   23.00000  64.8%   6.5 1961s
 9785495 6158224   55.73333  105   40   65.33333   23.00000  64.8%   6.5 1965s
 9840365 6176299   45.06667   87   32   65.33333   23.00000  64.8%   6.5 1970s
 9880011 6198053   23.00000   65   52   65.33333   23.00000  64.8%   6.5 1975s
 9909482 6214987   63.66667  143   38   65.33333   23.00000  64.8%   6.5 1980s
 9942546 6237387 infeasible   97        65.33333   23.00000  64.8%   6.5 1985s
 9974558 6251742   23.20000   61   66   65.33333   23.00000  64.8%   6.6 1991s
 10006050 6269162   54.53333  103   30   65.33333   23.00000  64.8%   6.6 1995s
 10032433 6284509   33.00000   80   44   65.33333   23.00000  64.8%   6.6 2000s
 10061576 6299954   32.53333   95   53   65.33333   23.00000  64.8%   6.6 2005s
 10107075 6326491   64.26667   76   20   65.33333   23.00000  64.8%   6.6 2010s
 10130375 6344216   52.73333  108   26   65.33333   23.00000  64.8%   6.6 2015s
 10194764 6372536   35.66667   78   58   65.33333   23.00000  64.8%   6.6 2021s
 10226860 6390086   40.20000   81   50   65.33333   23.00000  64.8%   6.6 2025s
 10264764 6413657   46.37083   87   49   65.33333   23.00000  64.8%   6.6 2030s
 10290892 6425389   63.80000  127   24   65.33333   23.00000  64.8%   6.6 2035s
 10326549 6443194   37.33333   65   53   65.33333   23.00000  64.8%   6.6 2040s
 10355771 6453700     cutoff  116        65.33333   23.00000  64.8%   6.6 2045s
 10387984 6471182   30.46667   54   56   65.33333   23.00000  64.8%   6.6 2050s
 10414727 6486236   25.00000   89   60   65.33333   23.00000  64.8%   6.6 2055s
 10444833 6498435   24.13333   95   68   65.33333   23.00000  64.8%   6.6 2060s
H10470634 6500855                      65.2666667   23.00000  64.8%   6.6 2067s
 10501153 6516448 infeasible   68        65.26667   23.00000  64.8%   6.6 2070s
 10552370 6546791   51.66667  104   42   65.26667   23.00000  64.8%   6.6 2075s
 10591003 6574626   30.86667   79   59   65.26667   23.00000  64.8%   6.6 2080s
 10662885 6610224   62.86667  106   32   65.26667   23.00000  64.8%   6.6 2086s
 10701985 6640059   52.73333  114   44   65.26667   23.00000  64.8%   6.6 2090s
 10743103 6666818   54.00000  169   34   65.26667   23.00000  64.8%   6.6 2095s
 10809652 6700371 infeasible  137        65.26667   23.00000  64.8%   6.6 2100s
 10853927 6728167   35.40000   85   49   65.26667   23.00000  64.8%   6.6 2105s
 10914356 6766149     cutoff  148        65.26667   23.00000  64.8%   6.6 2110s
 10949969 6796651     cutoff  115        65.26667   23.00000  64.8%   6.6 2115s
 11009460 6830593   56.12121   97   45   65.26667   23.00000  64.8%   6.6 2120s
 11064796 6860716   35.33333   92   42   65.26667   23.00000  64.8%   6.6 2125s
 11110760 6891740   60.60000  139   22   65.26667   23.00000  64.8%   6.6 2130s
 11145612 6934537   57.80000  130   18   65.26667   23.00000  64.8%   6.6 2135s
 11225440 6969638   28.80000   79   54   65.26667   23.00000  64.8%   6.6 2140s
 11247257 6979859   58.46667   67   36   65.26667   23.00000  64.8%   6.6 2145s
 11304455 7017338   45.93333   68   28   65.26667   23.00000  64.8%   6.6 2151s
 11342665 7043354   58.73333   94   46   65.26667   23.00000  64.8%   6.6 2155s
 11376953 7063741   63.33333  137   32   65.26667   23.00000  64.8%   6.6 2160s
 11424177 7095799   23.20000   58   77   65.26667   23.00000  64.8%   6.6 2165s
 11453043 7114986   64.53333  110   44   65.26667   23.00000  64.8%   6.6 2170s
 11466747 7126709   33.26667   74   62   65.26667   23.00000  64.8%   6.6 2175s
 11512770 7152120   35.73333  110   40   65.26667   23.00000  64.8%   6.6 2181s
 11534277 7186383   61.86667  119   32   65.26667   23.00000  64.8%   6.6 2190s
 11581029 7196771   64.00000  110   28   65.26667   23.00000  64.8%   6.6 2195s
 11597674 7228011   60.86667   94   36   65.26667   23.00000  64.8%   6.6 2201s
 11645545 7238584 infeasible   55        65.26667   23.00000  64.8%   6.6 2205s
 11671914 7259726   43.20000   93   44   65.26667   23.00000  64.8%   6.6 2210s
 11687199 7271284   39.53333  105   36   65.26667   23.00000  64.8%   6.6 2215s
 11724783 7295112   49.53333   65   61   65.26667   23.00000  64.8%   6.6 2220s
 11762381 7313503   62.33333  105   42   65.26667   23.00000  64.8%   6.6 2226s
 11762694 7333463   62.33333  106   36   65.26667   23.00000  64.8%   6.6 2231s
 11816628 7348356   24.46667   81   91   65.26667   23.00000  64.8%   6.6 2235s
 11830208 7364439   23.46667   85   60   65.26667   23.00000  64.8%   6.6 2240s
 11867541 7382108   59.13333   98   36   65.26667   23.00000  64.8%   6.6 2245s
 11887316 7391194   63.53333  113   24   65.26667   23.00000  64.8%   6.6 2250s
 11919754 7416745   63.80000  155   32   65.26667   23.00000  64.8%   6.6 2255s
 11944560 7426573   37.13333   85   59   65.26667   23.00000  64.8%   6.6 2260s
 11971823 7443514   48.73478   84   73   65.26667   23.00000  64.8%   6.6 2265s
 11996697 7466021   60.73333  109   38   65.26667   23.00000  64.8%   6.6 2270s
 12038847 7487455   61.33333  131   38   65.26667   23.00000  64.8%   6.6 2275s
 12048798 7509997   64.80000  108   38   65.26667   23.00000  64.8%   6.6 2284s
 12080830 7511622   51.53333  117   36   65.26667   23.00000  64.8%   6.6 2286s
 12100864 7523919   23.60000   47   68   65.26667   23.00000  64.8%   6.6 2290s
 12120109 7534508   60.33333   80   32   65.26667   23.00000  64.8%   6.6 2296s
 12135607 7547689   27.86667   70   44   65.26667   23.00000  64.8%   6.6 2300s
 12172207 7568545   64.07578  106   30   65.26667   23.00000  64.8%   6.6 2305s
 12196523 7581767   31.85000   59   59   65.26667   23.00000  64.8%   6.6 2310s
 12216449 7591628   43.06667   88   59   65.26667   23.00000  64.8%   6.6 2315s
 12243093 7609634   63.93333   94   36   65.26667   23.00000  64.8%   6.6 2320s
 12271940 7625593     cutoff   70        65.26667   23.00000  64.8%   6.6 2326s
 12272368 7644511   24.40000   75   66   65.26667   23.00000  64.8%   6.6 2332s
 12306362 7659411   29.66875   84   69   65.26667   23.00000  64.8%   6.6 2335s
 12337314 7667117 infeasible  144        65.26667   23.00000  64.8%   6.6 2341s
 12363655 7683113     cutoff  141        65.26667   23.00000  64.8%   6.6 2345s
 12395632 7704902   64.26667   79   30   65.26667   23.00000  64.8%   6.6 2350s
 12417833 7714172   33.33333   81   78   65.26667   23.00000  64.8%   6.6 2356s
 12443099 7729172     cutoff   66        65.26667   23.00000  64.8%   6.6 2360s
 12462835 7741594   37.33333   80   54   65.26667   23.00000  64.8%   6.6 2365s
 12481780 7751297   23.26667   72   64   65.26667   23.00000  64.8%   6.6 2372s
 12490308 7759449   52.26667   41   48   65.26667   23.00000  64.8%   6.6 2375s
 12520662 7774577   51.46667   88   38   65.26667   23.00000  64.8%   6.6 2381s
 12553529 7795169   53.46667  123   28   65.26667   23.00000  64.8%   6.6 2385s
 12582803 7811221 infeasible   60        65.26667   23.00000  64.8%   6.6 2390s
 12586581 7830724   52.97500   87   53   65.26667   23.00000  64.8%   6.6 2398s
 12618613 7831454   51.26667  101   42   65.26667   23.00000  64.8%   6.6 2400s
 12651754 7851457 infeasible  134        65.26667   23.00000  64.8%   6.6 2405s
 12673793 7864270   53.06667  106   34   65.26667   23.00000  64.8%   6.6 2410s
 12688061 7873116   54.66667   89   46   65.26667   23.00000  64.8%   6.6 2415s
 12713182 7889905   45.60000   80   46   65.26667   23.00000  64.8%   6.6 2420s
 12725891 7895692 infeasible   96        65.26667   23.00000  64.8%   6.6 2426s
 12748405 7906948   23.00000   82   86   65.26667   23.00000  64.8%   6.6 2430s
 12777990 7924156   44.00000   89   38   65.26667   23.00000  64.8%   6.6 2435s
 12799439 7935202   51.66667  101   42   65.26667   23.00000  64.8%   6.6 2440s
 12816908 7942910   52.46667   81   42   65.26667   23.00000  64.8%   6.6 2445s
 12839297 7959558   50.86667   91   34   65.26667   23.00000  64.8%   6.6 2450s
 12863811 7967449   59.87020   97   57   65.26667   23.00000  64.8%   6.6 2456s
 12879287 7976503   28.33333   88   42   65.26667   23.00000  64.8%   6.6 2460s
 12910064 7999717   60.20000   94   26   65.26667   23.00000  64.8%   6.6 2466s
 12929657 8004001   30.06667   79   38   65.26667   23.00000  64.8%   6.6 2470s
 12944538 8020217   61.86667   91   24   65.26667   23.00000  64.8%   6.6 2475s
 12982806 8032710   60.80000  121   32   65.26667   23.00000  64.8%   6.6 2480s
 13002550 8044839   24.66667   76   56   65.26667   23.00000  64.8%   6.6 2485s
 13025171 8057428   53.53333   58   38   65.26667   23.00000  64.8%   6.6 2490s
 13054877 8072323     cutoff   85        65.26667   23.00000  64.8%   6.6 2496s
 13064396 8077464   43.60000   75   42   65.26667   23.00000  64.8%   6.6 2500s

Cutting planes:
  Gomory: 2
  Cover: 64
  Implied bound: 69
  Projected implied bound: 3
  Clique: 11
  MIR: 26
  Flow cover: 33
  GUB cover: 3
  Inf proof: 2
  RLT: 4
  Relax-and-lift: 14

Explored 13066365 nodes (86348289 simplex iterations) in 2500.10 seconds
Thread count was 32 (of 32 available processors)

Solution count 10: 65.2667 65.3333 65.4 ... 66.8

Time limit reached
Best objective 6.526666666667e+01, best bound 2.300000000000e+01, gap 64.7600%
Warning: variables 0 and 120 have the same name "X[1,0]"
Warning: linear constraint 375 and linear constraint 376 have the same name "weight-constr-t14"
Warning: to let Gurobi read it back, use rlp format
