
Gurobi 9.1.2 (linux64) logging started Wed Mar 30 09:41:05 2022

Changed value of parameter LogFile to eu_v-Dublin.log
   Prev:   Default: 
Changed value of parameter MIPFocus to 1
   Prev: 0  Min: 0  Max: 3  Default: 0
Changed value of parameter TimeLimit to 600.0
   Prev: inf  Min: 0.0  Max: inf  Default: inf
Warning: variables 0 and 138 have the same name "X[Brussels,Amste...]"
Warning: linear constraint 174 and linear constraint 175 have the same name "weight-constr-t5"
Warning: to let Gurobi read it back, use rlp format
Gurobi Optimizer version 9.1.2 build v9.1.2rc0 (linux64)
Thread count: 32 physical cores, 64 logical processors, using up to 32 threads
Optimize a model with 1005 rows, 828 columns and 2910 nonzeros
Model fingerprint: 0x97633ed6
Variable types: 168 continuous, 660 integer (660 binary)
Coefficient statistics:
  Matrix range     [1e+00, 1e+06]
  Objective range  [2e-01, 2e-01]
  Bounds range     [1e+00, 5e+05]
  RHS range        [1e+00, 1e+06]
Presolve removed 48 rows and 54 columns
Presolve time: 0.01s
Presolved: 957 rows, 774 columns, 4842 nonzeros
Variable types: 162 continuous, 612 integer (612 binary)

Root relaxation: objective 2.700000e+01, 115 iterations, 0.00 seconds

    Nodes    |    Current Node    |     Objective Bounds      |     Work
 Expl Unexpl |  Obj  Depth IntInf | Incumbent    BestBd   Gap | It/Node Time

     0     0   27.00000    0   28          -   27.00000      -     -    0s
     0     0   27.00000    0   37          -   27.00000      -     -    0s
     0     0   27.00000    0   35          -   27.00000      -     -    0s
     0     0   27.00000    0   31          -   27.00000      -     -    0s
     0     0   27.00000    0   38          -   27.00000      -     -    0s
H    0     0                    1651381.6667   27.00000   100%     -    0s
     0     0   27.00000    0   36 1651381.67   27.00000   100%     -    0s
H    0     0                    16406.291657   27.00000   100%     -    0s
H    0     0                    2230.9999999   27.00000  98.8%     -    0s
H    0     0                    2230.9999995   27.00000  98.8%     -    0s
H    0     0                    2230.8333328   27.00000  98.8%     -    0s
H    0     2                    2230.6666667   27.00000  98.8%     -    0s
     0     2   27.00000    0   32 2230.66667   27.00000  98.8%     -    0s
H    2     4                    2230.5000000   27.00000  98.8%   140    0s
H    3     8                    2230.4999997   27.00000  98.8%  98.0    0s
H    5     8                    2230.1666661   27.00000  98.8%  65.4    0s
H    6     8                    2227.4999993   27.00000  98.8%  57.7    0s
H    9    16                    2227.1666660   27.00000  98.8%  40.0    0s
H   31    64                    2055.9999998   27.00000  98.7%  16.8    0s
H   34    64                    1545.4999999   27.00000  98.3%  15.7    0s
H   95   128                    1167.5000000   27.00000  97.7%  12.2    1s
H   95   128                     610.0000000   27.00000  95.6%  12.2    1s
H   96   128                     570.5000000   27.00000  95.3%  12.1    1s
H   97   128                     567.5000000   27.00000  95.2%  12.1    1s
H   99   128                     524.5000000   27.00000  94.9%  12.1    1s
H  100   128                     355.6666667   27.00000  92.4%  12.0    1s
H  111   128                     277.8333333   27.00000  90.3%  11.6    1s
H  159   188                     209.8333333   27.00000  87.1%  10.0    1s
H  161   188                     208.8333333   27.00000  87.1%   9.9    1s
H  162   188                     188.1666667   27.00000  85.7%   9.9    1s
H  163   188                     187.1666667   27.00000  85.6%   9.8    1s
H  167   188                     186.5000000   27.00000  85.5%   9.6    1s
H  255   280                     186.1666667   27.00000  85.5%   8.3    2s
H  262   280                     186.0000000   27.00000  85.5%   8.1    2s
H  280   280                     185.6666667   27.00000  85.5%   8.0    2s
H 1540  1576                     185.6666655   27.00000  85.5%   7.2    3s
H 1595  1576                     185.6666646   27.00000  85.5%   7.1    3s
H 1625  1576                     185.6666624   27.00000  85.5%   7.1    3s
H 1645  1576                     185.6666580   27.00000  85.5%   7.1    3s
  5838  5999 infeasible  136       185.66666   27.00000  85.5%   6.6    5s
H 7404  6039                     185.6666579   27.00000  85.5%   9.7    7s
H 7523  6226                     185.6666559   27.00000  85.5%  10.0    7s
H 7822  5856                     185.6666559   27.00000  85.5%  10.9    7s
 14224 10160   27.00000   50  133  185.66666   27.00000  85.5%  21.2   10s
H15717  9404                     184.5000000   27.00000  85.4%  22.4   10s
H16303  9837                     183.8333333   27.00000  85.3%  22.9   11s
H17511  9276                     183.8333329   27.00000  85.3%  23.5   12s
H17541  9298                     183.8333329   27.00000  85.3%  23.6   12s
 23174 14037   50.01096  104   75  183.83333   27.00000  85.3%  26.8   15s
H25413 15952                     183.8332874   27.00000  85.3%  28.4   16s
H28258 15984                     183.8332864   27.00000  85.3%  29.7   16s
H28261 15984                     183.6666667   27.00000  85.3%  29.7   16s
H28400 17835                     182.8333333   27.00000  85.2%  29.8   17s
H28583 17835                     182.6666667   27.00000  85.2%  29.9   17s
H31100 21861                     181.8333333   27.00000  85.2%  30.7   18s
H37849 22856                     181.6666667   27.00000  85.1%  32.1   19s
 43392 25903   33.33333   55   74  181.66667   27.00000  85.1%  32.2   21s
H46981 27899                     181.6666664   27.00000  85.1%  32.5   24s
H48197 27917                     181.6666652   27.00000  85.1%  32.5   26s
H48198 27917                     181.6666649   27.00000  85.1%  32.5   26s
H48202 27917                     181.6666648   27.00000  85.1%  32.6   26s
H48213 27917                     181.6666636   27.00000  85.1%  32.6   26s
H48226 27917                     181.6666617   27.00000  85.1%  32.6   26s
H48409 29942                     181.6666611   27.00000  85.1%  32.6   27s
H48531 29942                     181.6666610   27.00000  85.1%  32.7   27s
H52348 29942                     181.6666610   27.00000  85.1%  32.8   27s
H53573 31844                     181.6666610   27.00000  85.1%  32.8   28s
H60707 33467                     181.6666609   27.00000  85.1%  32.8   28s
 61345 38703  112.16667  117   39  181.66666   27.00000  85.1%  32.8   30s
H80294 42784                     181.6666591   27.00000  85.1%  32.9   32s
H82760 45455                     181.6666590   27.00000  85.1%  32.9   32s
H90141 46875                     181.6666589   27.00000  85.1%  32.9   33s
H90375 46875                     181.6666578   27.00000  85.1%  32.9   33s
H91586 46875                     181.6666565   27.00000  85.1%  32.9   33s
 91597 49112 infeasible  113       181.66666   27.00000  85.1%  32.9   35s
H92576 49112                     181.6666565   27.00000  85.1%  33.0   35s
H93251 49112                     181.6666565   27.00000  85.1%  33.0   35s
H96600 52816                     181.6666564   27.00000  85.1%  33.1   37s
H100744 52816                     181.6666564   27.00000  85.1%  33.2   37s
H106416 56035                     181.6666564   27.00000  85.1%  33.3   38s
H111775 56035                     181.6666564   27.00000  85.1%  33.6   38s
 124717 60921   27.67041   97   71  181.66666   27.00000  85.1%  33.7   41s
 125528 74579   64.66667   98   68  181.66666   27.00000  85.1%  33.6   45s
 174722 82375  138.07566  110   60  181.66666   27.00000  85.1%  34.0   51s
 180592 84028   47.83333  104   36  181.66666   27.00000  85.1%  34.0   56s
 201410 94754   36.50052   88   87  181.66666   27.00000  85.1%  34.0   60s
 220132 100569  101.50000  119   51  181.66666   27.00000  85.1%  34.0   65s
 220287 114195  165.00261  120   48  181.66666   27.00000  85.1%  34.0   72s
H252448 114360                     181.6666540   27.00000  85.1%  34.0   73s
 252774 127775   53.50000   95   61  181.66665   27.00000  85.1%  34.0   78s
H252795 127775                     181.6666539   27.00000  85.1%  34.0   78s
H253300 127775                     181.6666537   27.00000  85.1%  34.0   78s
H280527 127775                     181.6666529   27.00000  85.1%  34.2   78s
H284806 130937                     181.6666488   27.00000  85.1%  34.2   79s
H285928 130937                     181.6666487   27.00000  85.1%  34.2   79s
H287487 130937                     181.6666486   27.00000  85.1%  34.2   79s
 292197 130956  138.33333   97   57  181.66665   27.00000  85.1%  34.2   81s
H292224 130956                     181.6666486   27.00000  85.1%  34.2   81s
H292240 130956                     181.6666485   27.00000  85.1%  34.2   81s
 299094 136193 infeasible  102       181.66665   27.00000  85.1%  34.2   85s
H312696 141412                     181.6666485   27.00000  85.1%  34.3   87s
H315801 145802                     181.6666485   27.00000  85.1%  34.3   88s
 326734 148773     cutoff  124       181.66665   27.00000  85.1%  34.3   90s
 355650 161588 infeasible  124       181.66665   27.00000  85.1%  34.2   95s
 385846 172809   35.83333   87   74  181.66665   27.00000  85.1%  34.2  100s
 409614 184371   83.00783  120   46  181.66665   27.00000  85.1%  34.3  105s
 435690 195287 infeasible  103       181.66665   27.00000  85.1%  34.3  110s
 465665 207257 infeasible  106       181.66665   27.00000  85.1%  34.6  115s
 486573 213153   63.66667   97   44  181.66665   27.00000  85.1%  34.9  120s
 495254 228522   71.83954  121   79  181.66665   27.00000  85.1%  35.0  127s
 538384 235732     cutoff  101       181.66665   27.00000  85.1%  35.1  130s
 558751 245461   28.33333   83   69  181.66665   27.00000  85.1%  35.2  135s
 589913 257716 infeasible   80       181.66665   27.00000  85.1%  35.2  140s
 610157 263266   65.33716   99   65  181.66665   27.00000  85.1%  35.3  145s
 635745 276409   27.00000   40  121  181.66665   27.00000  85.1%  35.3  150s
 660325 287926   27.00000   61   78  181.66665   27.00000  85.1%  35.5  155s
 680731 296444   65.83333   93   82  181.66665   27.00000  85.1%  35.6  160s
 695216 306013   27.00000   85  103  181.66665   27.00000  85.1%  35.8  165s
 727769 319443   27.33333   63   94  181.66665   27.00000  85.1%  36.0  170s
 750399 331308  110.50000  100   60  181.66665   27.00000  85.1%  36.0  175s
 776166 343380 infeasible  112       181.66665   27.00000  85.1%  36.1  180s
 797493 354284 infeasible   92       181.66665   27.00000  85.1%  36.2  185s
 806885 375747   40.33333   84   76  181.66665   27.00000  85.1%  36.3  195s
 838960 393636  117.66667  100   50  181.66665   27.00000  85.1%  36.5  208s
H841966 393636                     181.6666473   27.00000  85.1%  36.5  208s
H870992 393656                     181.6666472   27.00000  85.1%  36.7  212s
H871007 393656                     181.6666471   27.00000  85.1%  36.7  212s
 871036 410951   88.45366  100   74  181.66665   27.00000  85.1%  36.7  218s
H872101 410951                     181.6666471   27.00000  85.1%  36.6  218s
H874503 410951                     181.6666470   27.00000  85.1%  36.7  218s
H878807 410951                     181.6666470   27.00000  85.1%  36.7  218s
 908461 417516   37.83333   84   82  181.66665   27.00000  85.1%  36.8  220s
 933530 430888 infeasible   78       181.66665   27.00000  85.1%  36.8  225s
H945030 434390                     181.6666469   27.00000  85.1%  36.8  229s
 945069 437565   27.33333   73  100  181.66665   27.00000  85.1%  36.8  230s
 958852 442866   35.45187   97  111  181.66665   27.00000  85.1%  36.9  235s
 974587 452803   27.83333   93   80  181.66665   27.00000  85.1%  36.9  242s
H981916 458152                     181.6666468   27.00000  85.1%  36.9  244s
 983764 461329   27.50000  104   69  181.66665   27.00000  85.1%  36.9  245s
H984331 461329                     181.6666465   27.00000  85.1%  36.9  245s
H999610 469196                     181.6666465   27.00000  85.1%  37.0  248s
 1007607 472312   85.85475   83   52  181.66665   27.00000  85.1%  37.0  252s
 1011050 476686  157.83333   79   64  181.66665   27.00000  85.1%  37.0  255s
 1032475 490002 infeasible  132       181.66665   27.00000  85.1%  37.1  260s
 1054075 502533  140.66667  122   58  181.66665   27.00000  85.1%  37.2  265s
 1064805 510086   37.16910  100   75  181.66665   27.00000  85.1%  37.3  270s
 1089374 523446   27.33333   90   74  181.66665   27.00000  85.1%  37.4  275s
 1104412 529701  149.33333  119   24  181.66665   27.00000  85.1%  37.4  282s
 1116141 539011   50.33603  125   54  181.66665   27.00000  85.1%  37.4  286s
 1131408 548439   32.33333   69   96  181.66665   27.00000  85.1%  37.5  290s
 1152908 560777 infeasible  117       181.66665   27.00000  85.1%  37.6  295s
 1167449 568626 infeasible   96       181.66665   27.00000  85.1%  37.6  300s
 1183807 575106     cutoff  112       181.66665   27.00000  85.1%  37.6  306s
 1190503 581854   61.41580   89  111  181.66665   27.00000  85.1%  37.7  311s
 1211464 594065   36.33333   88  109  181.66665   27.00000  85.1%  37.7  315s
 1222058 599656     cutoff   94       181.66665   27.00000  85.1%  37.8  320s
 1241915 611211   47.17567   71   81  181.66665   27.00000  85.1%  37.8  325s
 1265916 625278  161.00000   95   59  181.66665   27.00000  85.1%  37.9  330s
 1270840 643635  154.67763   99   58  181.66665   27.00000  85.1%  37.9  339s
 1302872 643744   30.33744   92  104  181.66665   27.00000  85.1%  38.1  342s
 1303022 662207   30.16777   91   95  181.66665   27.00000  85.1%  38.1  354s
 1335054 665096   27.16667   72  110  181.66665   27.00000  85.1%  38.3  355s
 1347362 670185   28.83333   91   87  181.66665   27.00000  85.1%  38.4  360s
 1360934 680113   27.41667   83   91  181.66665   27.00000  85.1%  38.5  365s
 1379526 692321   27.00000   66  115  181.66665   27.00000  85.1%  38.6  370s
 1395735 699756   42.75000  104   71  181.66665   27.00000  85.1%  38.7  375s
 1407632 703394  133.21319   83   89  181.66665   27.00000  85.1%  38.7  380s
 1418465 711296  159.61204  156   36  181.66665   27.00000  85.1%  38.7  385s
 1436861 721944   49.66667   79   93  181.66665   27.00000  85.1%  38.9  390s
 1449314 731034   30.17012   86  130  181.66665   27.00000  85.1%  38.9  395s
 1468397 737552   48.08422   82   81  181.66665   27.00000  85.1%  39.1  400s
 1482206 747992   31.33638   80  100  181.66665   27.00000  85.1%  39.2  405s
 1490937 750306  127.33333   94   77  181.66665   27.00000  85.1%  39.2  410s
 1497282 753703   86.83333   89   96  181.66665   27.00000  85.1%  39.2  418s
 1497319 760308   86.83333   90   96  181.66665   27.00000  85.1%  39.2  420s
 1510587 760328   27.00000   75  125  181.66665   27.00000  85.1%  39.3  427s
 1517946 766525   46.83333   80   79  181.66665   27.00000  85.1%  39.4  430s
 1539658 777435   45.33333   71   80  181.66665   27.00000  85.1%  39.5  435s
 1561174 789004   35.50244   85  113  181.66665   27.00000  85.1%  39.6  440s
 1578471 798156   47.84848   78   87  181.66665   27.00000  85.1%  39.8  446s
 1590477 802119 infeasible   76       181.66665   27.00000  85.1%  39.8  450s
 1604777 809650 infeasible   83       181.66665   27.00000  85.1%  39.9  455s
 1622544 820398 infeasible   85       181.66665   27.00000  85.1%  40.0  460s
 1639938 830114   27.00000   75   95  181.66665   27.00000  85.1%  40.1  465s
 1656859 837145 infeasible   86       181.66665   27.00000  85.1%  40.2  471s
 1673547 845388   42.16667   99   92  181.66665   27.00000  85.1%  40.3  478s
 1680175 851730   27.33415   59  113  181.66665   27.00000  85.1%  40.3  481s
 1702529 868061  135.16667   88   68  181.66665   27.00000  85.1%  40.5  489s
 1728844 870036   66.87985   95   68  181.66665   27.00000  85.1%  40.6  490s
 1748254 879035   34.22361   80  112  181.66665   27.00000  85.1%  40.8  495s
 1773588 890021 infeasible   78       181.66665   27.00000  85.1%  40.9  500s
H1776433 890021                     181.6665969   27.00000  85.1%  40.9  501s
H1777649 892461                     181.6665969   27.00000  85.1%  40.9  502s
H1779294 892461                     181.6662836   27.00000  85.1%  40.9  502s
H1782773 894096                     181.6662836   27.00000  85.1%  40.9  503s
 1792448 899207 infeasible   85       181.66628   27.00000  85.1%  41.0  506s
 1811856 908042   38.00000   95   82  181.66628   27.00000  85.1%  41.1  511s
 1828792 914707   40.33333   69  115  181.66628   27.00000  85.1%  41.1  515s
 1840770 921989 infeasible  114       181.66628   27.00000  85.1%  41.2  520s
 1853576 938507  108.45833   88  116  181.66628   27.00000  85.1%  41.2  530s
 1900568 947410  172.16910   97   55  181.66628   27.00000  85.1%  41.4  535s
 1915163 954315   75.66719   76   70  181.66628   27.00000  85.1%  41.5  540s
 1932236 961124   34.83333   83  102  181.66628   27.00000  85.1%  41.6  545s
 1948923 979375   38.16667   92   88  181.66628   27.00000  85.1%  41.7  555s
 1996664 988573   38.33333   88   91  181.66628   27.00000  85.1%  41.8  560s
 2017560 997125   40.00867   90  102  181.66628   27.00000  85.1%  41.9  565s
 2039003 1009289   69.08333   96   63  181.66628   27.00000  85.1%  41.9  570s
 2057547 1015167   93.50000   93   63  181.66628   27.00000  85.1%  42.0  575s
 2075138 1026477   32.83351   82   84  181.66628   27.00000  85.1%  42.1  581s
 2092678 1034135     cutoff   96       181.66628   27.00000  85.1%  42.1  585s
 2108282 1038290   30.50000   74   96  181.66628   27.00000  85.1%  42.1  590s
 2108333 1052762   27.00041   73   99  181.66628   27.00000  85.1%  42.1  596s
 2150492 1057917   66.83411   91   83  181.66628   27.00000  85.1%  42.2  600s

Cutting planes:
  Learned: 142
  Gomory: 13
  Cover: 88
  Implied bound: 89
  Clique: 9
  MIR: 293
  StrongCG: 3
  Flow cover: 667
  GUB cover: 2
  RLT: 2
  Relax-and-lift: 236

Explored 2150541 nodes (90841255 simplex iterations) in 600.01 seconds
Thread count was 32 (of 64 available processors)

Solution count 10: 181.666 181.667 181.667 ... 181.667

Time limit reached
Best objective 1.816662835765e+02, best bound 2.700000000000e+01, gap 85.1376%
