
Gurobi 9.1.2 (linux64) logging started Wed Mar 30 08:10:48 2022

Changed value of parameter LogFile to eu_v-Stock....log
   Prev:   Default: 
Changed value of parameter MIPFocus to 1
   Prev: 0  Min: 0  Max: 3  Default: 0
Changed value of parameter TimeLimit to 600.0
   Prev: inf  Min: 0.0  Max: inf  Default: inf
Warning: variables 0 and 138 have the same name "X[Brussels,Amste...]"
Warning: linear constraint 174 and linear constraint 175 have the same name "weight-constr-t5"
Warning: to let Gurobi read it back, use rlp format
Gurobi Optimizer version 9.1.2 build v9.1.2rc0 (linux64)
Thread count: 32 physical cores, 64 logical processors, using up to 32 threads
Optimize a model with 1005 rows, 828 columns and 2910 nonzeros
Model fingerprint: 0x9bfbb9b0
Variable types: 168 continuous, 660 integer (660 binary)
Coefficient statistics:
  Matrix range     [1e+00, 1e+06]
  Objective range  [2e-01, 2e-01]
  Bounds range     [1e+00, 5e+05]
  RHS range        [1e+00, 1e+06]
Presolve removed 48 rows and 54 columns
Presolve time: 0.01s
Presolved: 957 rows, 774 columns, 4842 nonzeros
Variable types: 162 continuous, 612 integer (612 binary)

Root relaxation: objective 2.700000e+01, 115 iterations, 0.00 seconds

    Nodes    |    Current Node    |     Objective Bounds      |     Work
 Expl Unexpl |  Obj  Depth IntInf | Incumbent    BestBd   Gap | It/Node Time

     0     0   27.00000    0   51          -   27.00000      -     -    0s
     0     0   27.00000    0   50          -   27.00000      -     -    0s
H    0     0                    1594999.1667   27.00000   100%     -    0s
     0     0   27.00000    0   36 1594999.17   27.00000   100%     -    0s
H    0     0                    1066.9999997   27.00000  97.5%     -    0s
H    0     0                    1065.1666665   27.00000  97.5%     -    0s
H    0     0                     303.6666667   27.00000  91.1%     -    0s
     0     2   27.00000    0   33  303.66667   27.00000  91.1%     -    0s
H    2     4                     296.6666666   27.00000  90.9%   186    0s
H    7    16                     292.1666667   27.00000  90.8%  73.7    0s
H   31    64                     292.0000000   27.00000  90.8%  23.1    0s
H   38    64                     291.8333333   27.00000  90.7%  20.3    0s
H   73    96                     291.8331922   27.00000  90.7%  15.5    0s
H   75    96                     291.8323240   27.00000  90.7%  15.2    0s
H   95   128                     291.0000000   27.00000  90.7%  13.1    1s
H   98   128                     288.3333333   27.00000  90.6%  12.9    1s
H  105   128                     284.6666667   27.00000  90.5%  12.3    1s
H  119   128                     284.5000000   27.00000  90.5%  12.2    1s
H  125   128                     283.1666667   27.00000  90.5%  11.9    1s
H  182   192                     283.0000000   27.00000  90.5%  10.8    1s
H  247   256                     283.0000000   27.00000  90.5%   9.8    1s
H  652   665                     282.0000000   27.00000  90.4%   8.6    2s
H 1386  1624                     282.0000000   27.00000  90.4%   7.8    3s
H 3543  3138                     281.9999999   27.00000  90.4%   6.9    4s
  4582  4395   29.00000   57   31  282.00000   27.00000  90.4%   6.9    5s
H 5171  4276                     281.9999999   27.00000  90.4%   9.8    6s
H 5351  4167                     281.9999998   27.00000  90.4%  10.4    6s
H 5732  4620                     281.9999998   27.00000  90.4%  11.3    7s
H 6604  5980                     278.0000000   27.00000  90.3%  12.9    8s
H 8502  5194                     277.0000000   27.00000  90.3%  14.5    8s
H 8507  4995                     273.3333333   27.00000  90.1%  14.6    8s
H 8522  4826                     272.3333333   27.00000  90.1%  14.6    8s
H 8580  5043                     271.0000000   27.00000  90.0%  14.7    8s
H 8689  4861                     269.0000000   27.00000  90.0%  14.9    8s
H 9174  5721                     268.8333333   27.00000  90.0%  15.6    9s
H 9200  5581                     268.6666667   27.00000  90.0%  15.6    9s
H10221  5114                     268.5000000   27.00000  89.9%  16.6    9s
H10692  4838                     268.3333333   27.00000  89.9%  17.1    9s
H10851  4672                     267.9166667   27.00000  89.9%  17.2    9s
H10900  5650                     267.5833333   27.00000  89.9%  17.2    9s
H11058  5553                     267.4166667   27.00000  89.9%  17.6    9s
H11569  5553                     266.6666667   27.00000  89.9%  18.3    9s
 12338  7033   27.00000   31  137  266.66667   27.00000  89.9%  18.9   10s
H12453  7033                     266.5000000   27.00000  89.9%  18.9   10s
H20407 11100                     266.4999947   27.00000  89.9%  24.6   12s
H20671 11964                     266.4999905   27.00000  89.9%  24.6   13s
H20805 11964                     266.4999905   27.00000  89.9%  24.7   13s
H21076 11964                     266.4999904   27.00000  89.9%  24.7   13s
 21992 11986     cutoff   77       266.49999   27.00000  89.9%  25.3   15s
H28704 16877                     266.4999903   27.00000  89.9%  27.6   17s
H31976 18471                     266.4968765   27.00000  89.9%  28.4   18s
 32665 21674   27.00000   53  139  266.49688   27.00000  89.9%  28.5   20s
H34708 21674                     266.4968764   27.00000  89.9%  29.1   20s
 55477 35117   27.00000   77  105  266.49688   27.00000  89.9%  33.8   25s
 64892 39029   29.50185   91  104  266.49688   27.00000  89.9%  35.2   31s
 64991 58104   47.51638   92   94  266.49688   27.00000  89.9%  35.2   36s
 109425 66618     cutoff   99       266.49688   27.00000  89.9%  39.1   40s
H109956 66618                     266.4968764   27.00000  89.9%  39.1   40s
 116382 68281   50.68825   93   75  266.49688   27.00000  89.9%  39.7   45s
 136807 79926   27.00000   64  139  266.49688   27.00000  89.9%  40.3   51s
 151240 89807   44.83333   67  114  266.49688   27.00000  89.9%  40.5   55s
 172437 99425   31.00000   75  111  266.49688   27.00000  89.9%  40.8   63s
 178162 102658   29.80341   50  112  266.49688   27.00000  89.9%  41.1   66s
 185287 106455   43.33333   70   89  266.49688   27.00000  89.9%  41.1   70s
 204997 116830   28.01607   80   76  266.49688   27.00000  89.9%  41.3   76s
 218747 124552  105.20977  107   57  266.49688   27.00000  89.9%  41.6   81s
 230490 135068 infeasible   85       266.49688   27.00000  89.9%  42.0   85s
 257673 149276   27.00000   66  129  266.49688   27.00000  89.9%  42.3   90s
 270072 152079   27.66688   77   99  266.49688   27.00000  89.9%  42.4   95s
 295962 165398   27.00000   71  160  266.49688   27.00000  89.9%  42.7  101s
 311779 176800   29.50000   93   85  266.49688   27.00000  89.9%  43.2  105s
 335993 186483  192.18215   94   68  266.49688   27.00000  89.9%  43.2  110s
 362305 199696   27.66667   72   90  266.49688   27.00000  89.9%  43.3  115s
 381915 210575  194.17660   77  104  266.49688   27.00000  89.9%  43.3  121s
 408184 221371  256.50000  103   40  266.49688   27.00000  89.9%  43.4  125s
 413495 236347  114.16800  106   59  266.49688   27.00000  89.9%  43.4  133s
 445527 237020  156.17058   90   72  266.49688   27.00000  89.9%  43.5  135s
 446950 251796  172.00044   91   65  266.49688   27.00000  89.9%  43.5  140s
 490937 257137   30.00000   82   80  266.49688   27.00000  89.9%  43.6  145s
 510766 269801  109.66758   72   83  266.49688   27.00000  89.9%  43.7  150s
 532433 278231 infeasible  108       266.49688   27.00000  89.9%  43.7  155s
 558235 290554   32.66667   81   93  266.49688   27.00000  89.9%  43.9  160s
 585141 301965 infeasible   92       266.49688   27.00000  89.9%  43.9  165s
 605811 312179   27.67085   81  107  266.49688   27.00000  89.9%  43.8  170s
 628487 319281   53.66667  105   68  266.49688   27.00000  89.9%  43.9  176s
 632467 321483   29.33333   61  110  266.49688   27.00000  89.9%  43.9  181s
 653016 331780   45.66780   75  118  266.49688   27.00000  89.9%  43.9  185s
 678619 343476   34.25456   75  108  266.49688   27.00000  89.9%  44.0  190s
 693673 351443   27.00000   70  135  266.49688   27.00000  89.9%  44.1  195s
 715682 359030     cutoff   95       266.49688   27.00000  89.9%  44.2  200s
 732409 369223   27.69915   91  131  266.49688   27.00000  89.9%  44.2  205s
 758992 378215   46.00000  100  106  266.49688   27.00000  89.9%  44.3  211s
 768559 386089 infeasible  114       266.49688   27.00000  89.9%  44.4  215s
 789324 392644   28.33333   81  117  266.49688   27.00000  89.9%  44.4  220s
 813938 405163     cutoff   93       266.49688   27.00000  89.9%  44.4  225s
 834298 414364 infeasible   93       266.49688   27.00000  89.9%  44.5  230s
 861695 425669   47.04179   81  110  266.49688   27.00000  89.9%  44.6  235s
 886960 436777 infeasible   92       266.49688   27.00000  89.9%  44.6  240s
 893378 449777  204.66801   79   86  266.49688   27.00000  89.9%  44.6  248s
 930685 455026 infeasible   86       266.49688   27.00000  89.9%  44.7  251s
 956926 465835   31.50000   93  103  266.49688   27.00000  89.9%  44.7  256s
 972372 471858   27.33333   63  117  266.49688   27.00000  89.9%  44.8  260s
 983296 476195 infeasible  125       266.49688   27.00000  89.9%  44.8  265s
 1006937 486768   27.00000   70  113  266.49688   27.00000  89.9%  44.8  270s
 1016740 492112     cutoff  103       266.49688   27.00000  89.9%  44.8  275s
 1042164 503588   29.16667   95  105  266.49688   27.00000  89.9%  44.8  280s
 1048348 517728 infeasible   75       266.49688   27.00000  89.9%  44.8  289s
 1058358 517728  150.33333   80   30  266.49688   27.00000  89.9%  44.8  290s
 1095244 528646  256.50141   85   66  266.49688   27.00000  89.9%  44.9  295s
 1107726 533848   93.50000   53   84  266.49688   27.00000  89.9%  44.9  300s
 1130743 546649   46.66667   82   75  266.49688   27.00000  89.9%  45.0  305s
 1137246 549249   37.66685   72   92  266.49688   27.00000  89.9%  45.0  310s
 1142942 565168  193.33377   91   60  266.49688   27.00000  89.9%  45.0  320s
 1185069 572958  169.00043   89   73  266.49688   27.00000  89.9%  45.0  325s
 1212327 586464   30.16751   77  113  266.49688   27.00000  89.9%  45.0  331s
 1234270 598640   28.33333   69  122  266.49688   27.00000  89.9%  45.1  336s
 1255557 608994   40.16667   41   93  266.49688   27.00000  89.9%  45.1  341s
 1270677 615289 infeasible  121       266.49688   27.00000  89.9%  45.1  346s
 1270818 631382   27.00000   52  110  266.49688   27.00000  89.9%  45.1  351s
 1318266 642704 infeasible  107       266.49688   27.00000  89.9%  45.1  355s
 1338822 652569   27.00000   71  120  266.49688   27.00000  89.9%  45.1  360s
 1361062 663823   27.33333   57   96  266.49688   27.00000  89.9%  45.1  366s
 1381117 674232   27.33333   65  117  266.49688   27.00000  89.9%  45.1  371s
 1401028 685769 infeasible   93       266.49688   27.00000  89.9%  45.1  375s
 1418925 695060   28.16667   61  125  266.49688   27.00000  89.9%  45.1  380s
 1447066 707768  165.16667  110   40  266.49688   27.00000  89.9%  45.1  385s
 1468506 718406   35.50027   85  121  266.49688   27.00000  89.9%  45.0  390s
 1483691 726680   27.00000   81  142  266.49688   27.00000  89.9%  45.0  395s
 1506452 736604     cutoff   75       266.49688   27.00000  89.9%  45.0  400s
 1513367 739913   27.33333   88  129  266.49688   27.00000  89.9%  45.0  407s
 1526385 748245 infeasible   87       266.49688   27.00000  89.9%  45.0  410s
 1540461 757025   31.46344   90   85  266.49688   27.00000  89.9%  45.0  416s
 1562704 766673   27.00000   62  135  266.49688   27.00000  89.9%  45.0  420s
 1581572 775311  112.17779   94   89  266.49688   27.00000  89.9%  44.9  425s
 1586950 788373  249.50054  110   53  266.49688   27.00000  89.9%  44.9  432s
 1615908 793455   38.85286   96   93  266.49688   27.00000  89.9%  44.9  435s
 1640973 808538   79.86381   98   91  266.49688   27.00000  89.9%  44.9  441s
 1659355 816950   47.84695   75   74  266.49688   27.00000  89.9%  44.9  445s
 1675489 825849   28.00000   62  105  266.49688   27.00000  89.9%  44.9  450s
 1698561 835834   70.37888   98   94  266.49688   27.00000  89.9%  44.8  455s
 1719967 844242   38.16694   87   74  266.49688   27.00000  89.9%  44.8  460s
 1736646 855616  160.66753  130   60  266.49688   27.00000  89.9%  44.7  465s
 1761743 866467   27.00000   74  100  266.49688   27.00000  89.9%  44.7  470s
 1785270 877982 infeasible   82       266.49688   27.00000  89.9%  44.7  476s
 1806532 887604  242.16667   83   64  266.49688   27.00000  89.9%  44.6  480s
 1824483 898403 infeasible  108       266.49688   27.00000  89.9%  44.6  485s
 1830639 914372  254.33333   90   36  266.49688   27.00000  89.9%  44.6  492s
 1864406 924250 infeasible   84       266.49688   27.00000  89.9%  44.5  497s
 1894021 931774   71.35069   96   82  266.49688   27.00000  89.9%  44.5  500s
 1915560 941760  194.16833   67  101  266.49688   27.00000  89.9%  44.4  505s
 1940453 952960     cutoff   83       266.49688   27.00000  89.9%  44.4  510s
 1964672 962325   27.00000   69  123  266.49688   27.00000  89.9%  44.4  515s
 1981656 971106   34.66667  125   69  266.49688   27.00000  89.9%  44.4  520s
 2003674 980874  132.50870   77   67  266.49688   27.00000  89.9%  44.3  525s
 2010167 981703   33.16797   80   96  266.49688   27.00000  89.9%  44.3  530s
 2017552 999747  262.66667  109   39  266.49688   27.00000  89.9%  44.3  541s
 2056602 1003509     cutoff   93       266.49688   27.00000  89.9%  44.3  546s
 2071291 1011323 infeasible  115       266.49688   27.00000  89.9%  44.2  550s
 2097014 1024372  217.50000  104   34  266.49688   27.00000  89.9%  44.2  555s
 2118307 1033095  199.10727   79   82  266.49688   27.00000  89.9%  44.2  560s
 2141062 1044830   36.16908   93   79  266.49688   27.00000  89.9%  44.1  566s
 2159892 1052848  153.01125  107   64  266.49688   27.00000  89.9%  44.1  570s
 2178894 1064429     cutoff   91       266.49688   27.00000  89.9%  44.1  575s
 2204442 1074393   30.52323   99  113  266.49688   27.00000  89.9%  44.0  581s
 2205046 1090020   31.67266  100  109  266.49688   27.00000  89.9%  44.0  587s
 2243097 1093019   39.67019   97  111  266.49688   27.00000  89.9%  44.0  590s
 2265636 1105494  171.67363  106   68  266.49688   27.00000  89.9%  44.0  595s
 2290427 1115181  150.00000  107   52  266.49688   27.00000  89.9%  44.0  600s

Cutting planes:
  Learned: 149
  Gomory: 6
  Cover: 60
  Implied bound: 75
  Clique: 7
  MIR: 280
  StrongCG: 1
  Flow cover: 765
  RLT: 3
  Relax-and-lift: 157

Cleanup yields a better solution

Explored 2290463 nodes (100690773 simplex iterations) in 600.01 seconds
Thread count was 32 (of 64 available processors)

Solution count 10: 266.497 266.5 266.5 ... 268.333

Time limit reached
Best objective 2.654374699889e+02, best bound 2.700000000000e+01, gap 89.8281%
