
Gurobi 9.1.2 (linux64) logging started Wed Mar 30 07:50:45 2022

Changed value of parameter LogFile to eu_v-London.log
   Prev:   Default: 
Changed value of parameter MIPFocus to 1
   Prev: 0  Min: 0  Max: 3  Default: 0
Changed value of parameter TimeLimit to 600.0
   Prev: inf  Min: 0.0  Max: inf  Default: inf
Warning: variables 0 and 138 have the same name "X[Brussels,Amste...]"
Warning: linear constraint 174 and linear constraint 175 have the same name "weight-constr-t5"
Warning: to let Gurobi read it back, use rlp format
Gurobi Optimizer version 9.1.2 build v9.1.2rc0 (linux64)
Thread count: 32 physical cores, 64 logical processors, using up to 32 threads
Optimize a model with 993 rows, 828 columns and 2880 nonzeros
Model fingerprint: 0xbd1846f0
Variable types: 168 continuous, 660 integer (660 binary)
Coefficient statistics:
  Matrix range     [1e+00, 1e+06]
  Objective range  [2e-01, 2e-01]
  Bounds range     [1e+00, 5e+05]
  RHS range        [1e+00, 1e+06]
Presolve removed 84 rows and 96 columns
Presolve time: 0.01s
Presolved: 909 rows, 732 columns, 4380 nonzeros
Variable types: 162 continuous, 570 integer (570 binary)

Root relaxation: objective 2.700000e+01, 130 iterations, 0.00 seconds

    Nodes    |    Current Node    |     Objective Bounds      |     Work
 Expl Unexpl |  Obj  Depth IntInf | Incumbent    BestBd   Gap | It/Node Time

     0     0   27.00000    0   36          -   27.00000      -     -    0s
     0     0   27.00000    0   41          -   27.00000      -     -    0s
     0     0   27.00000    0   41          -   27.00000      -     -    0s
     0     0   27.00000    0   32          -   27.00000      -     -    0s
     0     0   27.00000    0   32          -   27.00000      -     -    0s
     0     0   27.00000    0   30          -   27.00000      -     -    0s
H    0     0                    2419650.1667   27.00000   100%     -    0s
     0     0   27.00000    0   28 2419650.17   27.00000   100%     -    0s
H    0     0                    1220.8333322   27.00000  97.8%     -    0s
H    0     0                    1178.3333331   27.00000  97.7%     -    0s
H    0     0                     547.3333333   27.00000  95.1%     -    0s
     0     2   27.00000    0   27  547.33333   27.00000  95.1%     -    0s
H    2     4                     547.3333332   27.00000  95.1%   142    0s
H    5     8                     545.0000000   27.00000  95.0%  62.2    0s
H    6     8                     543.3333333   27.00000  95.0%  54.5    0s
H    7    16                     541.3333333   27.00000  95.0%  48.3    0s
H   31    64                     539.6666666   27.00000  95.0%  21.0    0s
H   33    64                     286.3333333   27.00000  90.6%  19.8    0s
H   96   126                     281.8333333   27.00000  90.4%  13.9    0s
H   97   126                     159.3333333   27.00000  83.1%  14.4    0s
H  102   126                     159.0000000   27.00000  83.0%  14.2    0s
H  159   190                     158.6666667   27.00000  83.0%  12.3    1s
H  160   190                     158.5000000   27.00000  83.0%  12.5    1s
H  161   190                     158.1666667   27.00000  82.9%  12.6    1s
H  177   190                     158.0000000   27.00000  82.9%  12.1    1s
H 1326  1494                     117.3333333   27.00000  77.0%   7.4    3s
H 1661  3217                     117.1666667   27.00000  77.0%   7.5    3s
H 1700  3217                     115.5000000   27.00000  76.6%   7.5    3s
H 1940  3217                     114.8333333   27.00000  76.5%   7.5    3s
H 3770  3263                     114.5000000   27.00000  76.4%   7.2    3s
H 3779  3263                     114.0000000   27.00000  76.3%   7.2    3s
H 3780  3263                     113.5000000   27.00000  76.2%   7.2    3s
H 3811  3263                     113.1666667   27.00000  76.1%   7.2    3s
H 3814  3263                     104.6666667   27.00000  74.2%   7.2    3s
H 3933  4115                     104.1666667   27.00000  74.1%   7.1    4s
H 4832  4115                     103.8333333   27.00000  74.0%   7.0    4s
H 4940  4112                     103.1666667   27.00000  73.8%   7.0    4s
H 5084  5227                     103.0000000   27.00000  73.8%   7.0    4s
H 5428  5227                     102.8333333   27.00000  73.7%   6.9    4s
H 6436  4972                     102.0000000   27.00000  73.5%   6.7    4s
H 6438  4724                     101.6666667   27.00000  73.4%   6.7    4s
  6440  4729   27.00000   10   66  101.66667   27.00000  73.4%   8.1    5s
H 6572  4576                     101.6666662   27.00000  73.4%  13.0    6s
H 6580  4349                     101.6666659   27.00000  73.4%  13.1    6s
H 6616  4182                     101.6666637   27.00000  73.4%  13.4    8s
H 6619  3979                     101.6666591   27.00000  73.4%  13.6    8s
  6943  4166   31.00000   21   94  101.66666   27.00000  73.4%  17.1   10s
H 7289  4078                     100.0000000   27.00000  73.0%  19.9   12s
H 7307  3955                      99.6666667   27.00000  72.9%  20.2   12s
  8920  4428   86.50000   40   57   99.66667   27.00000  72.9%  28.8   15s
H 8926  4252                      99.6666665   27.00000  72.9%  28.8   15s
H 8946  4080                      99.6666665   27.00000  72.9%  28.8   15s
H 9638  4080                      99.6666664   27.00000  72.9%  31.1   16s
H 9663  3922                      99.6666652   27.00000  72.9%  31.2   16s
H 9759  4018                      99.6666652   27.00000  72.9%  31.5   16s
H 9833  3859                      99.6666651   27.00000  72.9%  31.9   16s
H10183  3635                      99.6666648   27.00000  72.9%  33.0   17s
H10184  3514                      99.6666648   27.00000  72.9%  33.0   17s
H10186  3398                      99.6666648   27.00000  72.9%  33.2   17s
H10201  3283                      99.6666647   27.00000  72.9%  33.3   17s
H10223  3172                      99.6666647   27.00000  72.9%  33.5   17s
H10224  3072                      99.6666646   27.00000  72.9%  33.5   17s
H10232  3001                      99.6666644   27.00000  72.9%  33.5   18s
H10241  2909                      99.6666644   27.00000  72.9%  33.5   18s
H10273  2813                      99.6666643   27.00000  72.9%  33.7   18s
H10359  2968                      99.0000000   27.00000  72.7%  33.7   19s
 12190  3550   28.16667   26  130   99.00000   27.00000  72.7%  39.0   21s
H12194  3550                      98.6666667   27.00000  72.6%  39.0   21s
H12198  3550                      98.0000000   27.00000  72.4%  39.0   21s
H13108  3885                      97.9999999   27.00000  72.4%  40.5   24s
H13117  3885                      97.9999999   27.00000  72.4%  40.5   24s
H13143  3885                      97.9999999   27.00000  72.4%  40.7   24s
H14003  4588                      97.9999998   27.00000  72.4%  42.5   24s
H14026  4588                      97.9999997   27.00000  72.4%  42.5   24s
H14079  4588                      97.9999996   27.00000  72.4%  42.8   24s
H14085  4588                      97.9999996   27.00000  72.4%  42.8   24s
H14276  4588                      97.9999983   27.00000  72.4%  42.9   24s
 14472  4785   35.62500   42   56   98.00000   27.00000  72.4%  43.2   25s
H14478  4785                      97.9999982   27.00000  72.4%  43.2   25s
H14551  4785                      97.9999981   27.00000  72.4%  43.5   25s
H14558  4785                      97.9999981   27.00000  72.4%  43.5   25s
H16839  6285                      97.9999981   27.00000  72.4%  45.6   29s
H16969  6285                      97.9999980   27.00000  72.4%  45.9   29s
H17075  6632                      97.9999979   27.00000  72.4%  45.9   29s
H17123  6632                      97.9999974   27.00000  72.4%  45.9   29s
H17203  6632                      97.9999972   27.00000  72.4%  46.1   29s
H17253  6632                      97.9999972   27.00000  72.4%  46.3   29s
H17350  6632                      97.9999972   27.00000  72.4%  46.4   29s
H17585  6701                      97.9999969   27.00000  72.4%  46.7   31s
H19001  7625                      97.9999968   27.00000  72.4%  47.5   32s
H19590  7976                      97.9999968   27.00000  72.4%  48.1   34s
H20093  7976                      97.9999968   27.00000  72.4%  48.6   34s
 20099  8235   27.00509   35  138   98.00000   27.00000  72.4%  48.6   35s
H20178  8235                      97.9999967   27.00000  72.4%  48.6   35s
H20763  8810                      97.9999967   27.00000  72.4%  49.0   37s
H21242  8810                      97.9999967   27.00000  72.4%  48.8   37s
H23271  9833                      97.9999967   27.00000  72.4%  49.8   38s
 23589 10099 infeasible   40        98.00000   27.00000  72.4%  49.7   40s
 24482 11767 infeasible   67        98.00000   27.00000  72.4%  50.8   45s
 30401 17446   28.83806   54  144   98.00000   27.00000  72.4%  53.3   51s
 38799 20081   27.67268   51  115   98.00000   27.00000  72.4%  58.2   56s
H41815 21613                      97.9999965   27.00000  72.4%  58.7   58s
H42569 24230                      97.9999965   27.00000  72.4%  58.8   60s
H42825 24230                      97.9999964   27.00000  72.4%  58.9   60s
H42856 24230                      97.9999959   27.00000  72.4%  59.0   60s
H46700 26688                      97.9999959   27.00000  72.4%  60.4   63s
H47212 26688                      97.9999958   27.00000  72.4%  60.5   63s
H48211 26688                      97.9999957   27.00000  72.4%  60.4   63s
H49092 26688                      97.9999957   27.00000  72.4%  60.6   63s
 51073 29133   41.00000   37   85   98.00000   27.00000  72.4%  60.7   65s
H51232 29133                      97.9999956   27.00000  72.4%  60.8   65s
H53630 29133                      97.9999956   27.00000  72.4%  60.9   65s
H55340 29210                      97.9999956   27.00000  72.4%  61.0   69s
 55471 31587   36.00193   58   83   98.00000   27.00000  72.4%  61.0   71s
H57186 31587                      97.9999955   27.00000  72.4%  61.3   72s
 59682 36490   28.33333   61  106   98.00000   27.00000  72.4%  61.6   76s
 67616 39095   33.33333   78   97   98.00000   27.00000  72.4%  62.8   81s
 77331 43686   29.00263   47   96   98.00000   27.00000  72.4%  62.6   87s
H78215 43686                      97.9998613   27.00000  72.4%  62.6   87s
 80729 46630   33.03865   50  117   97.99986   27.00000  72.4%  62.5   90s
H80901 46630                      97.9998612   27.00000  72.4%  62.5   90s
H86646 46735                      97.9998608   27.00000  72.4%  61.9   94s
 86835 50134   80.16667   63   48   97.99986   27.00000  72.4%  61.9   97s
H87694 50134                      97.9998602   27.00000  72.4%  62.1   97s
 92917 55929     cutoff   77        97.99986   27.00000  72.4%  62.0  102s
 107917 61209   29.72917   58  107   97.99986   27.00000  72.4%  62.4  107s
 118646 65801   28.63673   65  149   97.99986   27.00000  72.4%  63.1  112s
 122126 70488   29.00006   76  145   97.99986   27.00000  72.4%  63.1  115s
 135108 73473   30.41681   56  144   97.99986   27.00000  72.4%  63.0  121s
 140934 77379   28.33333   68   82   97.99986   27.00000  72.4%  63.7  127s
 142334 82657 infeasible   56        97.99986   27.00000  72.4%  63.7  131s
 159461 89543 infeasible   72        97.99986   27.00000  72.4%  64.1  137s
 163503 93033   27.50000   44  142   97.99986   27.00000  72.4%  64.4  140s
 175384 97563   49.83579   62  111   97.99986   27.00000  72.4%  64.8  146s
 184619 101766 infeasible   66        97.99986   27.00000  72.4%  64.8  153s
 185536 117946 infeasible   65        97.99986   27.00000  72.4%  64.8  167s
 217568 118761 infeasible   52        97.99986   27.00000  72.4%  65.3  171s
 218964 135529   27.00000   43  114   97.99986   27.00000  72.4%  65.3  181s
 249636 136241   29.83337   56  127   97.99986   27.00000  72.4%  65.5  185s
 250913 152963 infeasible   57        97.99986   27.00000  72.4%  65.4  196s
 282300 153240   56.60388   53  113   97.99986   27.00000  72.4%  65.7  201s
 282840 170045   27.16667   53  133   97.99986   27.00000  72.4%  65.7  215s
 316172 185830   47.33333   72   95   97.99986   27.00000  72.4%  66.2  230s
 346205 185874   54.02241   75   48   97.99986   27.00000  72.4%  66.4  235s
 346298 201769   29.33696   59  104   97.99986   27.00000  72.4%  66.4  248s
 378330 202043   27.00000   32  113   97.99986   27.00000  72.4%  66.5  252s
 378892 218038   27.00000   33   99   97.99986   27.00000  72.4%  66.5  270s
 411048 233756     cutoff   52        97.99986   27.00000  72.4%  66.8  287s
 443080 234277     cutoff   75        97.99986   27.00000  72.4%  66.8  291s
 444369 248672   28.00000   53  124   97.99986   27.00000  72.4%  66.8  304s
 474115 252433   28.83333   67  149   97.99986   27.00000  72.4%  66.7  307s
 480570 252612   33.38782   84  140   97.99986   27.00000  72.4%  66.6  311s
 488321 258871   31.50000   55  117   97.99986   27.00000  72.4%  66.5  317s
 494018 258961   54.41667   56  118   97.99986   27.00000  72.4%  66.5  321s
 494205 262172   57.50032   57  100   97.99986   27.00000  72.4%  66.5  325s
 506339 267045   27.16721   48  126   97.99986   27.00000  72.4%  66.4  330s
 518214 273527   28.00000   48  123   97.99986   27.00000  72.4%  66.4  337s
 523411 276898 infeasible   63        97.99986   27.00000  72.4%  66.5  340s
 533069 279663   54.33333   76   89   97.99986   27.00000  72.4%  66.6  347s
 534993 282829   54.34410   77   91   97.99986   27.00000  72.4%  66.6  350s
 548044 289836   27.00000   58  115   97.99986   27.00000  72.4%  66.7  357s
 559862 292321   40.75819   79  102   97.99986   27.00000  72.4%  66.7  364s
 559910 294566 infeasible   79        97.99986   27.00000  72.4%  66.7  367s
 564499 296602   27.00000   50  133   97.99986   27.00000  72.4%  66.6  370s
 572665 302185   39.27778   80   89   97.99986   27.00000  72.4%  66.7  376s
 585525 307763     cutoff   73        97.99986   27.00000  72.4%  66.7  382s
 590648 309944   80.54167   64   76   97.99986   27.00000  72.4%  66.6  385s
 601808 313426 infeasible   74        97.99986   27.00000  72.4%  66.7  392s
 602024 329365 infeasible   73        97.99986   27.00000  72.4%  66.7  407s
 634056 332131   34.33333   89   89   97.99986   27.00000  72.4%  66.5  411s
 647302 336438   27.34056   49  133   97.99986   27.00000  72.4%  66.5  418s
 647677 338769   84.66667   87   63   97.99986   27.00000  72.4%  66.6  421s
 658691 344518   63.27778   71   60   97.99986   27.00000  72.4%  66.6  427s
 663688 347376   37.50078   81  110   97.99986   27.00000  72.4%  66.6  431s
 668308 351794     cutoff   98        97.99986   27.00000  72.4%  66.6  435s
 682772 354599   77.00000   61   89   97.99986   27.00000  72.4%  66.6  444s
 682841 358310 infeasible   62        97.99986   27.00000  72.4%  66.6  447s
 689811 358406     cutoff   94        97.99986   27.00000  72.4%  66.5  451s
 696667 362166   27.16688   68  127   97.99986   27.00000  72.4%  66.5  458s
 697065 378323   56.36351   68  130   97.99986   27.00000  72.4%  66.5  473s
 729097 378793   28.83333   68  124   97.99986   27.00000  72.4%  66.6  477s
 730161 394230   27.00000   43  113   97.99986   27.00000  72.4%  66.6  490s
 768263 400242 infeasible  111        97.99986   27.00000  72.4%  66.5  496s
 776497 405039   27.16667   58  126   97.99986   27.00000  72.4%  66.3  503s
 781390 407711   71.58907   76  110   97.99986   27.00000  72.4%  66.4  507s
 786786 410245   62.00941   68   72   97.99986   27.00000  72.4%  66.3  510s
 799179 416273   64.58841   60   96   97.99986   27.00000  72.4%  66.2  517s
 804213 419193   35.00183   71  109   97.99986   27.00000  72.4%  66.3  520s
 814793 424267   27.33333   57  108   97.99986   27.00000  72.4%  66.3  527s
 819928 426931   35.16667   72  101   97.99986   27.00000  72.4%  66.3  530s
 830874 432814   52.50000  106   65   97.99986   27.00000  72.4%  66.2  537s
 837200 435242 infeasible   78        97.99986   27.00000  72.4%  66.3  541s
 848660 441783     cutoff   56        97.99986   27.00000  72.4%  66.3  548s
 854112 444901 infeasible   72        97.99986   27.00000  72.4%  66.3  551s
 859828 448965   30.76157   70   85   97.99986   27.00000  72.4%  66.3  555s
 870316 452818   27.00000   68  143   97.99986   27.00000  72.4%  66.2  561s
 875307 456537   27.78788   60  112   97.99986   27.00000  72.4%  66.3  565s
 887538 462413   30.00000   61  101   97.99986   27.00000  72.4%  66.3  571s
 893051 465649     cutoff   75        97.99986   27.00000  72.4%  66.3  575s
 904454 470360   60.66667  102   49   97.99986   27.00000  72.4%  66.2  582s
 909033 474331   27.00000   63  149   97.99986   27.00000  72.4%  66.2  585s
 922534 481145   33.33333   68  118   97.99986   27.00000  72.4%  66.2  591s
 928972 483993   70.92758   90  112   97.99986   27.00000  72.4%  66.2  595s
 939677 488121   68.75239   77  108   97.99986   27.00000  72.4%  66.2  600s

Cutting planes:
  Learned: 138
  Gomory: 16
  Cover: 91
  Implied bound: 83
  Clique: 27
  MIR: 355
  StrongCG: 2
  Flow cover: 765
  GUB cover: 1
  Zero half: 1
  RLT: 245
  Relax-and-lift: 143

Cleanup yields a better solution

Explored 941765 nodes (62376391 simplex iterations) in 600.02 seconds
Thread count was 32 (of 64 available processors)

Solution count 10: 97.9999 98 98 ... 98

Time limit reached
Best objective 9.785517041952e+01, best bound 2.700000000007e+01, gap 72.4082%
