
Gurobi 9.1.2 (linux64) logging started Tue Mar 29 22:59:00 2022

Changed value of parameter LogFile to atlanta_v-N8.log
   Prev:   Default: 
Changed value of parameter MIPFocus to 1
   Prev: 0  Min: 0  Max: 3  Default: 0
Changed value of parameter TimeLimit to 600.0
   Prev: inf  Min: 0.0  Max: inf  Default: inf
Warning: variables 0 and 74 have the same name "X[N6,N1]"
Warning: linear constraint 96 and linear constraint 97 have the same name "weight-constr-t5"
Warning: to let Gurobi read it back, use rlp format
Gurobi Optimizer version 9.1.2 build v9.1.2rc0 (linux64)
Thread count: 32 physical cores, 64 logical processors, using up to 32 threads
Optimize a model with 506 rows, 444 columns and 1470 nonzeros
Model fingerprint: 0xeb314e47
Variable types: 90 continuous, 354 integer (354 binary)
Coefficient statistics:
  Matrix range     [1e+00, 1e+06]
  Objective range  [2e-01, 2e-01]
  Bounds range     [1e+00, 5e+05]
  RHS range        [1e+00, 1e+06]
Presolve removed 90 rows and 108 columns
Presolve time: 0.00s
Presolved: 416 rows, 336 columns, 1914 nonzeros
Variable types: 78 continuous, 258 integer (252 binary)
Found heuristic solution: objective 44.3333333

Root relaxation: objective 1.400000e+01, 58 iterations, 0.00 seconds

    Nodes    |    Current Node    |     Objective Bounds      |     Work
 Expl Unexpl |  Obj  Depth IntInf | Incumbent    BestBd   Gap | It/Node Time

     0     0   14.00000    0   20   44.33333   14.00000  68.4%     -    0s
H    0     0                      36.0000000   14.00000  61.1%     -    0s
H    0     0                      30.0000000   14.00000  53.3%     -    0s
     0     0   14.00000    0   20   30.00000   14.00000  53.3%     -    0s
     0     2   14.00000    0   18   30.00000   14.00000  53.3%     -    0s
H   59    64                      29.0000000   14.00000  51.7%  10.4    0s
H   64    94                      26.3333333   14.00000  46.8%  10.2    0s
H   67    94                      26.1666667   14.00000  46.5%   9.9    0s
H   74    94                      25.6666667   14.00000  45.5%   9.7    0s
H   82    94                      25.5000000   14.00000  45.1%   9.4    0s
H   86    94                      24.3333333   14.00000  42.5%   9.2    0s
H   95   126                      24.1666667   14.00000  42.1%   8.8    0s
H   95   126                      24.0000000   14.00000  41.7%   8.8    0s
H  105   126                      23.8333333   14.00000  41.3%   8.5    0s
H  108   126                      23.6666667   14.00000  40.8%   8.4    0s
H  119   126                      23.5000000   14.00000  40.4%   8.6    0s
H  159   190                      23.1666667   14.00000  39.6%   8.3    0s
H  171   190                      23.0000000   14.00000  39.1%   8.3    0s
H 4322  2714                      23.0000000   14.00000  39.1%  13.2    4s
H 4885  2802                      23.0000000   14.00000  39.1%  16.1    4s
H 5042  2649                      23.0000000   14.00000  39.1%  16.5    5s
H 7870  3193                      23.0000000   14.00000  39.1%  24.2    8s
H 7952  3251                      23.0000000   14.00000  39.1%  24.4    8s
  8813  3844   14.00000   30   51   23.00000   14.00000  39.1%  25.9   10s
H 9983  3677                      23.0000000   14.00000  39.1%  26.7   10s
H10950  4198                      22.9999999   14.00000  39.1%  27.0   11s
 15473  6851 infeasible   45        23.00000   14.00000  39.1%  28.3   15s
H15608  6851                      22.9999998   14.00000  39.1%  28.3   15s
H15800  7159                      22.9999997   14.00000  39.1%  28.3   16s
H15882  7159                      22.9999997   14.00000  39.1%  28.4   16s
H18763  8135                      22.9999997   14.00000  39.1%  28.7   16s
H18784  8227                      22.9999997   14.00000  39.1%  28.7   17s
H18787  8227                      22.9999997   14.00000  39.1%  28.7   17s
H18790  8227                      22.9999996   14.00000  39.1%  28.7   17s
H18892  8714                      22.9999996   14.00000  39.1%  28.9   17s
H19114  8714                      22.9999995   14.00000  39.1%  29.0   17s
H19672  8922                      22.9999995   14.00000  39.1%  29.4   18s
H19742  8922                      22.9999995   14.00000  39.1%  29.4   18s
H20343  9956                      22.9999994   14.00000  39.1%  29.5   19s
H20528  9956                      22.9999991   14.00000  39.1%  29.6   19s
H21454 10253                      22.9999991   14.00000  39.1%  29.8   19s
H21547 10253                      22.9999990   14.00000  39.1%  29.8   19s
 21896 10360   19.16667   46   20   23.00000   14.00000  39.1%  30.0   20s
H21901 10360                      22.9999989   14.00000  39.1%  30.0   20s
H27960 13891                      22.9999988   14.00000  39.1%  31.3   24s
 28212 14437   14.00000   36   50   23.00000   14.00000  39.1%  31.4   25s
H28343 14437                      22.9999988   14.00000  39.1%  31.5   25s
H28712 14437                      22.9999987   14.00000  39.1%  31.7   25s
H29837 15632                      22.9999986   14.00000  39.1%  32.0   26s
 40320 21901   14.95833   34   60   23.00000   14.00000  39.1%  32.8   30s
 43992 23474   16.16667   34   47   23.00000   14.00000  39.1%  32.8   35s
 57286 30610     cutoff   45        23.00000   14.00000  39.1%  33.7   41s
 72112 36956   14.00000   34   47   23.00000   14.00000  39.1%  33.8   45s
 82718 45522   18.91667   45   15   23.00000   14.00000  39.1%  34.1   51s
 99781 53172 infeasible   45        23.00000   14.00000  39.1%  34.4   56s
 112572 60564   22.50000   49   29   23.00000   14.00000  39.1%  34.7   60s
 125116 65211     cutoff   45        23.00000   14.00000  39.1%  35.0   65s
 135727 73603   15.00285   46   50   23.00000   14.00000  39.1%  35.2   70s
 153163 83985   18.02564   43   38   23.00000   14.00000  39.1%  35.3   77s
 171095 92212   16.03068   41   49   23.00000   14.00000  39.1%  35.4   81s
 185630 100820   15.00271   37   58   23.00000   14.00000  39.1%  35.2   85s
 200132 107536   18.45791   54   31   23.00000   14.00000  39.1%  35.1   90s
 210679 124092   14.17598   40   39   23.00000   14.00000  39.1%  35.0   98s
 238327 126766   16.83333   47   31   23.00000   14.00000  39.1%  34.9  101s
 251446 134109   16.98810   59   36   23.00000   14.00000  39.1%  34.9  105s
 265821 142981   14.33360   46   55   23.00000   14.00000  39.1%  34.8  111s
 282949 149454   15.00000   41   35   23.00000   14.00000  39.1%  34.6  115s
 296552 157124   14.50000   32   35   23.00000   14.00000  39.1%  34.4  120s
 301405 170363   20.22269   45   42   23.00000   14.00000  39.1%  34.2  125s
 342242 179084   19.99555   57   48   23.00000   14.16667  38.4%  33.6  130s
 360645 189685   21.35484   48   50   23.00000   14.16667  38.4%  33.5  135s
 385368 201192   18.33611   41   41   23.00000   14.16667  38.4%  33.3  140s
H395912 206899                      22.9999985   14.16667  38.4%  33.2  143s
 406387 213098   18.16667   40   58   23.00000   14.16667  38.4%  33.1  146s
 425240 222996   14.16667   36   51   23.00000   14.16667  38.4%  33.0  151s
 445286 231536   16.17130   48   32   23.00000   14.16667  38.4%  32.8  155s
 465638 243055   14.16667   21   76   23.00000   14.16667  38.4%  32.6  160s
 487317 253070   17.51461   44   31   23.00000   14.16667  38.4%  32.6  165s
 510429 264890   21.30993   52   50   23.00000   14.16667  38.4%  32.5  170s
 530371 273948   14.83333   37   41   23.00000   14.16667  38.4%  32.4  175s
 554539 285840   19.00811   43   50   23.00000   14.16667  38.4%  32.4  180s
 577130 297606   16.89301   38   47   23.00000   14.16667  38.4%  32.4  185s
 604204 312451   19.41667   56   29   23.00000   14.16667  38.4%  32.3  190s
 622290 320953   21.83333   53   27   23.00000   14.16667  38.4%  32.3  195s
 642920 333512   18.16667   45   34   23.00000   14.16667  38.4%  32.2  200s
 669896 344870   15.33333   38   37   23.00000   14.16667  38.4%  32.2  206s
 683784 355412   16.06727   53   55   23.00000   14.16667  38.4%  32.3  210s
 711379 368578   19.66667   39   30   23.00000   14.16667  38.4%  32.2  215s
 726295 376438   17.17228   41   47   23.00000   14.16667  38.4%  32.3  220s
 750153 389618   16.46694   35   42   23.00000   14.16667  38.4%  32.3  225s
 772851 401721   14.73958   38   38   23.00000   14.16667  38.4%  32.2  230s
 795737 414083   20.78125   51   24   23.00000   14.16667  38.4%  32.2  235s
 811800 423466     cutoff   56        23.00000   14.16667  38.4%  32.2  240s
 835083 436083   14.50000   30   62   23.00000   14.16667  38.4%  32.1  245s
 856949 446667   16.33333   46   41   23.00000   14.16667  38.4%  32.1  250s
 877646 455745   22.83333   55   10   23.00000   14.16667  38.4%  32.0  255s
 895777 468086   19.72825   44   34   23.00000   14.16667  38.4%  32.0  260s
 917215 478943   19.28053   67   27   23.00000   14.16667  38.4%  32.0  265s
 937466 489360   18.83333   63   19   23.00000   14.16667  38.4%  32.0  270s
 957604 501108   22.01022   61   23   23.00000   14.16667  38.4%  31.9  275s
 980548 512833   22.07741   71   26   23.00000   14.16667  38.4%  31.9  280s
 1001519 527608   19.76522   41   48   23.00000   14.16667  38.4%  31.9  285s
 1030067 542397   14.66667   51   38   23.00000   14.16667  38.4%  31.9  291s
 1045034 552239   15.16667   41   64   23.00000   14.16667  38.4%  31.8  295s
 1062208 561689   21.88889   57   36   23.00000   14.16667  38.4%  31.8  300s
 1093055 576544   14.33333   38   60   23.00000   14.16667  38.4%  31.8  306s
 1108398 585716     cutoff   42        23.00000   14.16667  38.4%  31.8  310s
 1130292 596666   19.41667   47   26   23.00000   14.16667  38.4%  31.8  316s
 1149221 607276   17.83880   40   44   23.00000   14.16667  38.4%  31.8  321s
 1167947 617414   15.83333   33   54   23.00000   14.16667  38.4%  31.7  325s
H1180719 623713                      22.9999984   14.16667  38.4%  31.7  328s
 1188482 627778   17.50000   52   37   23.00000   14.16667  38.4%  31.7  330s
 1208979 640860   15.37920   48   41   23.00000   14.16667  38.4%  31.7  335s
 1227981 651342   20.16667   53   25   23.00000   14.16667  38.4%  31.6  340s
H1244020 659574                      22.9999984   14.16667  38.4%  31.6  344s
 1246212 662439   21.66667   48   26   23.00000   14.16667  38.4%  31.6  346s
 1266408 672201   20.55833   39   20   23.00000   14.16667  38.4%  31.6  350s
 1284501 682673   16.69075   52   51   23.00000   14.16933  38.4%  31.5  355s
 1304141 694001   21.20690   42   33   23.00000   14.17754  38.4%  31.5  360s
 1317761 701292   19.69675   40   16   23.00000   14.18478  38.3%  31.4  365s
 1338949 710869   14.33333   35   48   23.00000   14.19474  38.3%  31.4  370s
 1356522 719348   16.49168   39   60   23.00000   14.20775  38.2%  31.3  375s
 1379208 729169   22.66667   60    6   23.00000   14.23605  38.1%  31.3  380s
 1397749 738346     cutoff   60        23.00000   14.24999  38.0%  31.2  385s
 1417997 748611   17.00322   43   36   23.00000   14.25758  38.0%  31.1  390s
 1433524 757228   14.86752   50   31   23.00000   14.28472  37.9%  31.1  395s
 1451570 765733   19.83333   49   43   23.00000   14.31746  37.8%  31.1  401s
 1467527 774445   14.73838   41   46   23.00000   14.33224  37.7%  31.0  406s
 1485324 783502   20.41667   67   32   23.00000   14.33333  37.7%  31.0  410s
 1508201 795564   15.12207   40   35   23.00000   14.33333  37.7%  31.0  415s
 1531513 806884   15.33333   47   49   23.00000   14.33333  37.7%  31.0  420s
 1549067 816673   17.33333   43   25   23.00000   14.33333  37.7%  31.0  425s
 1570460 827422     cutoff   61        23.00000   14.33333  37.7%  31.0  430s
 1594476 838733   15.12469   35   44   23.00000   14.33333  37.7%  31.0  435s
 1615513 851344   16.76667   55   25   23.00000   14.33333  37.7%  31.0  440s
 1637925 862383   17.16667   44   43   23.00000   14.33333  37.7%  30.9  445s
H1646882 865110                      22.9999984   14.33333  37.7%  30.9  446s
 1661188 873672   15.52296   51   40   23.00000   14.33333  37.7%  30.8  450s
H1668452 875042                      22.9999984   14.33333  37.7%  30.8  451s
H1669507 879217                      22.9999983   14.33333  37.7%  30.8  452s
H1676341 882481                      22.9999982   14.33333  37.7%  30.8  454s
 1683018 884770   15.00000   51   51   23.00000   14.33333  37.7%  30.8  455s
H1686097 884770                      22.9999981   14.33333  37.7%  30.8  455s
H1690156 887822                      22.9999981   14.33333  37.7%  30.8  456s
H1700435 891929                      22.9999981   14.33333  37.7%  30.7  458s
 1703167 893791   20.00000   67   29   23.00000   14.33333  37.7%  30.7  460s
 1725450 905081   16.83333   41   41   23.00000   14.33333  37.7%  30.7  465s
 1740724 913809   19.52180   42   48   23.00000   14.33333  37.7%  30.7  470s
 1768104 928895   15.66667   42   38   23.00000   14.33333  37.7%  30.6  476s
 1776417 942410   16.16667   43   31   23.00000   14.33333  37.7%  30.6  481s
 1813582 949658   14.66667   40   49   23.00000   14.33333  37.7%  30.5  485s
 1833503 962155   14.84481   43   61   23.00000   14.33333  37.7%  30.5  490s
 1860389 974373   15.83333   41   65   23.00000   14.33333  37.7%  30.5  495s
 1883832 987375   18.65952   53   38   23.00000   14.33333  37.7%  30.4  500s
H1887476 987372                      22.9999967   14.33333  37.7%  30.4  500s
H1889782 990024                      22.9999965   14.33333  37.7%  30.4  502s
 1905137 999527   15.50000   44   34   23.00000   14.33333  37.7%  30.4  505s
H1916496 1005275                      22.9999940   14.33333  37.7%  30.4  507s
 1926263 1009983     cutoff   49        22.99999   14.33333  37.7%  30.4  510s
 1948383 1021803   21.33333   47   17   22.99999   14.33333  37.7%  30.3  516s
 1966049 1030282   15.33333   36   41   22.99999   14.33333  37.7%  30.3  520s
 1989173 1041812   15.36382   43   43   22.99999   14.33333  37.7%  30.3  525s
 2011585 1054612   14.77489   36   36   22.99999   14.33333  37.7%  30.3  530s
 2033018 1067347   14.66667   41   49   22.99999   14.33333  37.7%  30.3  536s
 2056071 1078955   17.99691   42   28   22.99999   14.33333  37.7%  30.2  540s
 2077436 1090225   15.24901   53   53   22.99999   14.33333  37.7%  30.2  545s
 2097709 1099602   15.84084   53   48   22.99999   14.33333  37.7%  30.2  550s
 2121024 1111612   15.16667   56   47   22.99999   14.33333  37.7%  30.2  555s
 2142970 1121291   21.50000   57   21   22.99999   14.33333  37.7%  30.2  561s
 2156020 1141091     cutoff   47        22.99999   14.33333  37.7%  30.2  568s
 2186965 1143604   14.33333   42   61   22.99999   14.33333  37.7%  30.2  570s
 2210644 1156580     cutoff   48        22.99999   14.33333  37.7%  30.1  575s
 2239767 1172411   21.33333   73   11   22.99999   14.33333  37.7%  30.1  580s
 2259584 1182772   21.99030   45   27   22.99999   14.33333  37.7%  30.1  586s
 2276177 1191557   14.66667   36   44   22.99999   14.33333  37.7%  30.1  590s
 2296124 1201924   15.11091   35   53   22.99999   14.33333  37.7%  30.1  595s
 2321535 1212152     cutoff   66        22.99999   14.33333  37.7%  30.1  600s

Cutting planes:
  Learned: 68
  Gomory: 12
  Cover: 81
  Implied bound: 39
  Clique: 23
  MIR: 275
  StrongCG: 3
  Flow cover: 413
  GUB cover: 3
  Zero half: 1
  RLT: 99
  Relax-and-lift: 92

Cleanup yields a better solution

Explored 2321574 nodes (69778241 simplex iterations) in 600.01 seconds
Thread count was 32 (of 64 available processors)

Solution count 10: 23 23 23 ... 23

Time limit reached
Best objective 2.289675719625e+01, best bound 1.433333333333e+01, gap 37.4002%
