
Gurobi 9.1.2 (linux64) logging started Sat Mar 19 15:56:22 2022

Changed value of parameter LogFile to ls_sym_v-(6, 4).log
   Prev:   Default: 
Changed value of parameter MIPFocus to 1
   Prev: 0  Min: 0  Max: 3  Default: 0
Changed value of parameter Threads to 4
   Prev: 0  Min: 0  Max: 1024  Default: 0
Changed value of parameter TimeLimit to 1800.0
   Prev: inf  Min: 0.0  Max: inf  Default: inf
Warning: variable name "X[(1, 0),(0, 0)]" has a space
Warning: constraint name "flow-constr-t0-v(3, 6)" has a space
Warning: to let Gurobi read it back, use rlp format
Gurobi Optimizer version 9.1.2 build v9.1.2rc0 (linux64)
Thread count: 16 physical cores, 32 logical processors, using up to 4 threads
Optimize a model with 3645 rows, 3264 columns and 12432 nonzeros
Model fingerprint: 0x9fe6fe05
Variable types: 384 continuous, 2880 integer (2880 binary)
Coefficient statistics:
  Matrix range     [1e+00, 7e+04]
  Objective range  [2e-01, 2e-01]
  Bounds range     [1e+00, 3e+04]
  RHS range        [1e+00, 7e+04]
Presolve removed 297 rows and 300 columns
Presolve time: 0.05s
Presolved: 3348 rows, 2964 columns, 22167 nonzeros
Variable types: 384 continuous, 2580 integer (2580 binary)
Found heuristic solution: objective 415.8333333

Root relaxation: objective 6.400000e+01, 158 iterations, 0.00 seconds

    Nodes    |    Current Node    |     Objective Bounds      |     Work
 Expl Unexpl |  Obj  Depth IntInf | Incumbent    BestBd   Gap | It/Node Time

     0     0   64.00000    0   40  415.83333   64.00000  84.6%     -    0s
H    0     0                     135.9583333   64.00000  52.9%     -    0s
     0     0   64.00000    0   93  135.95833   64.00000  52.9%     -    0s
H    0     0                     132.5166667   64.00000  51.7%     -    0s
     0     0   64.00000    0   94  132.51667   64.00000  51.7%     -    0s
H    0     0                     131.3958333   64.00000  51.3%     -    0s
     0     0   64.00000    0   34  131.39583   64.00000  51.3%     -    0s
H    0     0                     115.4270833   64.00000  44.6%     -    0s
H    0     0                     108.5000000   64.00000  41.0%     -    0s
     0     0   64.00000    0   52  108.50000   64.00000  41.0%     -    0s
H    0     0                     103.3666667   64.00000  38.1%     -    0s
H    0     0                     102.0666667   64.00000  37.3%     -    1s
     0     0   64.00000    0   30  102.06667   64.00000  37.3%     -    1s
H    0     0                      89.9833333   64.00000  28.9%     -    1s
     0     0   64.00000    0   26   89.98333   64.00000  28.9%     -    1s
     0     0   64.00000    0   22   89.98333   64.00000  28.9%     -    1s
H    0     0                      89.4555556   64.00000  28.5%     -    1s
H    0     0                      88.1458333   64.00000  27.4%     -    2s
     0     2   64.00000    0   22   88.14583   64.00000  27.4%     -    2s
H    1     4                      86.2500000   64.00000  25.8%   511    3s
H   33    36                      85.7500000   64.00000  25.4%  24.5    4s
H   34    36                      85.4166667   64.00000  25.1%  23.8    4s
    90   143   64.00000   23   44   85.41667   64.00000  25.1%  34.7    5s
H   97   143                      85.1666667   64.00000  24.9%  32.4    5s
H  122   143                      83.7500000   64.00000  23.6%  26.2    5s
H  157   323                      83.5833333   64.00000  23.4%  29.1    6s
H  222   323                      82.5000000   64.00000  22.4%  21.3    6s
H  335   684                      82.0000000   64.00000  22.0%  19.2    7s
H  400   684                      80.4652778   64.00000  20.5%  16.6    7s
H  719  1004                      79.3125000   64.00000  19.3%  17.0    9s
H  801  1004                      78.7986111   64.00000  18.8%  15.5    9s
H  882  1004                      78.2152778   64.00000  18.2%  14.5    9s
H 1062  1368                      78.1388889   64.00000  18.1%  15.3   10s
H 1062  1367                      77.5000000   64.00000  17.4%  15.3   10s
H 1437  1322                      76.8333333   64.00000  16.7%  12.9   10s
H 1479  1125                      76.5000000   64.00000  16.3%  12.7   10s
H 1480  1070                      75.0000000   64.00000  14.7%  12.7   10s
H 1482  1017                      74.7500000   64.00000  14.4%  12.7   11s
H 1483   967                      73.0833333   64.00000  12.4%  12.7   11s
H 1485   920                      72.9166667   64.00000  12.2%  12.7   12s
H 1488   875                      72.8055556   64.00000  12.1%  12.6   12s
H 1488   831                      72.7500000   64.00000  12.0%  12.6   12s
H 1569   847                      72.1666667   64.00000  11.3%  32.4   14s
  1572   916   64.00000   24   78   72.16667   64.00000  11.3%  35.1   15s
H 1642  1044                      72.0000000   64.00000  11.1%  35.6   15s
H 1813   949                      71.3333333   64.00000  10.3%  33.3   15s
H 1921  1101                      71.1666667   64.00000  10.1%  35.9   16s
H 2097  1213                      71.0000000   64.00000  9.86%  34.6   17s
  3267  1868   70.00000  233   71   71.00000   64.00000  9.86%  29.3   20s
  4200  2585   64.00000  210   97   71.00000   64.00000  9.86%  36.1   25s
  5654  3615   64.00000   27  105   71.00000   64.00000  9.86%  35.4   30s
  6699  4843     cutoff  114        71.00000   64.00000  9.86%  38.6   35s
  8306  6031   69.50000  249   89   71.00000   64.00000  9.86%  37.7   40s
 10304  7792   64.00000   66   81   71.00000   64.00000  9.86%  36.4   46s
 12254  8934   70.83333  202   96   71.00000   64.00000  9.86%  36.4   50s
H14033 10066                      70.9999999   64.00000  9.86%  36.1   54s
 14076 10168   70.50000  171   78   71.00000   64.00000  9.86%  36.1   55s
H14100 10168                      70.9999998   64.00000  9.86%  36.1   55s
H14101 10168                      70.9999998   64.00000  9.86%  36.1   55s
H14102 10168                      70.9999997   64.00000  9.86%  36.1   55s
H14242 10318                      70.9999997   64.00000  9.86%  36.2   57s
H15156 11031                      70.9999995   64.00000  9.86%  36.0   59s
H15256 11031                      70.9999995   64.00000  9.86%  36.0   59s
 15491 11101   65.33333  150   82   71.00000   64.00000  9.86%  36.0   60s
H16161 11751                      70.9999994   64.00000  9.86%  35.9   62s
H16624 11826                      70.9999993   64.00000  9.86%  35.8   64s
 16895 12377   64.33333   97   83   71.00000   64.00000  9.86%  35.4   65s
H16900 12377                      70.9999993   64.00000  9.86%  35.4   65s
H18307 12896                      70.9999992   64.00000  9.86%  35.0   68s
 18491 13294   64.66667  256  105   71.00000   64.00000  9.86%  35.1   70s
H18500 13294                      70.9999990   64.00000  9.86%  35.1   70s
H19600 14187                      70.9999990   64.00000  9.86%  34.5   73s
H20795 15013                      70.9999989   64.00000  9.86%  33.9   76s
H21293 15013                      70.9999989   64.00000  9.86%  33.9   76s
H21602 15345                      70.9999988   64.00000  9.86%  33.9   78s
 23039 15972   70.33333  419  114   71.00000   64.00000  9.86%  32.8   82s
 23675 17033   66.08333  384   97   71.00000   64.00000  9.86%  33.5   85s
H24401 17306                      70.9999988   64.00000  9.86%  33.3   86s
 25481 18220   64.91667  446   96   71.00000   64.00000  9.86%  32.8   91s
 27420 18907   70.00562  299  119   71.00000   64.00000  9.86%  31.8   96s
H27546 18907                      70.9166667   64.00000  9.75%  31.7   96s
H27700 18604                      70.8333333   64.00000  9.65%  31.9   98s
H27869 18604                      70.7500000   64.00000  9.54%  32.0   98s
H28223 18423                      70.6666667   64.00000  9.43%  31.8  100s
H28625 18423                      70.6562500   64.00000  9.42%  31.5  100s
H28811 18633                      70.6515152   64.00000  9.41%  31.4  102s
H28901 18376                      70.4895833   64.00000  9.21%  31.4  102s
H28998 18376                      70.4583333   64.00000  9.17%  31.3  102s
H29195 18374                      70.3750000   64.00000  9.06%  31.2  102s
H29292 18018                      70.2916667   64.00000  8.95%  31.1  104s
H29292 17844                      70.0416667   64.00000  8.63%  31.1  104s
 29428 18383     cutoff  335        70.04167   64.00000  8.63%  31.1  106s
H29447 17908                      69.8888889   64.00000  8.43%  31.1  106s
H30233 18003                      69.7916667   64.00000  8.30%  30.7  108s
 30740 18255     cutoff  356        69.79167   64.00000  8.30%  30.6  110s
H31702 18767                      69.7777778   64.00000  8.28%  30.3  112s
 33099 19543   68.16667  364  122   69.77778   64.00000  8.28%  30.3  116s
 34140 20415   66.50000  329   95   69.77778   64.00000  8.28%  30.4  121s
 36544 21863   64.16667  336   91   69.77778   64.00000  8.28%  30.1  126s
 38207 22505   64.00000  274   73   69.77778   64.00000  8.28%  29.8  130s
 40570 23948   66.83333  339  102   69.77778   64.00000  8.28%  30.1  136s
 41604 24667   66.16667  278   91   69.77778   64.00000  8.28%  30.0  140s
 44109 25729   67.16667  380   84   69.77778   64.00000  8.28%  29.9  145s
 45390 26405   69.33333  314  105   69.77778   64.00000  8.28%  30.0  150s
H46121 26644                      69.7500000   64.00000  8.24%  29.9  151s
 47598 27581   64.00000  314   71   69.75000   64.00000  8.24%  30.1  156s
H48678 28144                      69.7500000   64.00000  8.24%  30.0  159s
 49105 28483   64.00000  266   88   69.75000   64.00000  8.24%  29.8  161s
H49200 28483                      69.7500000   64.00000  8.24%  30.0  161s
H49412 28483                      69.7500000   64.00000  8.24%  30.2  161s
H50101 28906                      69.7499999   64.00000  8.24%  30.0  163s
 50331 29161   65.00000  356   77   69.75000   64.00000  8.24%  29.9  165s
 51445 29856   67.41667  419   86   69.75000   64.00000  8.24%  29.6  171s
 52762 30223   69.11111  341   81   69.75000   64.00000  8.24%  29.2  175s
H52886 30223                      69.7499999   64.00000  8.24%  29.2  175s
 53037 31446   64.00000  291   83   69.75000   64.00000  8.24%  29.3  180s
H53200 31446                      69.7499999   64.00000  8.24%  29.5  180s
H55336 31630                      69.7499999   64.00000  8.24%  29.4  182s
 56529 32184     cutoff  343        69.75000   64.00000  8.24%  29.1  186s
H56668 31656                      69.6666667   64.00000  8.13%  29.1  186s
 57549 32282     cutoff  359        69.66667   64.00000  8.13%  28.8  190s
 59387 32747   65.50000  321   88   69.66667   64.00000  8.13%  28.6  195s
H60707 33290                      69.6666666   64.00000  8.13%  29.2  198s
H60708 33612                      69.6666666   64.00000  8.13%  29.2  200s
H61899 33976                      69.6666664   64.00000  8.13%  29.2  202s
 62453 34707     cutoff  314        69.66667   64.00000  8.13%  29.1  206s
H62794 34707                      69.6666663   64.00000  8.13%  29.2  206s
 64351 35326   64.00000  300  100   69.66667   64.00000  8.13%  29.0  210s
 66081 36134   67.00000  344  125   69.66667   64.00000  8.13%  28.8  215s
 67249 36898   64.33333  340   80   69.66667   64.00000  8.13%  28.9  220s
H68918 37403                      69.6666663   64.00000  8.13%  28.6  224s
 69036 37764     cutoff  351        69.66667   64.00000  8.13%  28.6  226s
H69200 37764                      69.6666662   64.00000  8.13%  28.6  226s
H69766 37883                      69.6666661   64.00000  8.13%  28.7  229s
 70019 38023   68.33333  356  113   69.66667   64.00000  8.13%  28.7  231s
H70778 38362                      69.6666660   64.00000  8.13%  29.0  233s
 70889 38525 infeasible  364        69.66667   64.00000  8.13%  29.0  235s
H70900 38525                      69.6666658   64.00000  8.13%  29.0  235s
H71810 38970                      69.6666657   64.00000  8.13%  28.9  237s
H72111 39294                      69.6666654   64.00000  8.13%  28.8  239s
 72680 39758   64.16667  312   83   69.66667   64.00000  8.13%  28.7  241s
 74036 40372   64.00000  360   74   69.66667   64.00000  8.13%  28.6  245s
H74375 40372                      69.6666653   64.00000  8.13%  28.6  245s
H74700 40652                      69.6666653   64.00000  8.13%  28.6  247s
 75992 41100   68.00000  339  106   69.66667   64.00000  8.13%  28.4  251s
H77256 41174                      69.6666652   64.00000  8.13%  28.3  253s
 77361 41217   68.66667  389   88   69.66667   64.00000  8.13%  28.3  255s
 78280 42047   67.33333  334  125   69.66667   64.00000  8.13%  28.3  261s
 80774 42982   68.16667  424   82   69.66667   64.00000  8.13%  28.2  266s
 82555 43647   68.50000  351  102   69.66667   64.00000  8.13%  28.1  271s
 83654 44037     cutoff  324        69.66667   64.00000  8.13%  28.0  275s
 84825 44421   65.50000  318  117   69.66667   64.00000  8.13%  27.9  280s
 87464 45687   67.83333  432   93   69.66667   64.00000  8.13%  28.0  285s
 88427 46228   67.83333  350  104   69.66667   64.00000  8.13%  27.9  290s
 89987 46861   65.16667  405   68   69.66667   64.00000  8.13%  27.8  295s
 91463 47533     cutoff  380        69.66667   64.00000  8.13%  27.9  300s
 93144 48404   64.66667   99   92   69.66667   64.00000  8.13%  28.4  306s
 94062 49354   64.00000  131   72   69.66667   64.00000  8.13%  28.6  310s
 96220 50321   69.50000  174   90   69.66667   64.00000  8.13%  28.9  315s
 97083 51074   67.33333  160   94   69.66667   64.00000  8.13%  29.0  320s
 98742 52301     cutoff  304        69.66667   64.00000  8.13%  29.5  326s
 99653 53271   64.00000  130   77   69.66667   64.00000  8.13%  29.5  330s
 101184 54623   64.00000  118   91   69.66667   64.00000  8.13%  29.8  335s
 103117 56073   69.50000  209  120   69.66667   64.00000  8.13%  30.1  341s
 104186 56789     cutoff  183        69.66667   64.00000  8.13%  30.4  346s
H104864 57165                      69.5476190   64.00000  7.98%  30.5  347s
H106187 58371                      69.5476190   64.00000  7.98%  30.6  352s
 106555 59641   65.16667  170   79   69.54762   64.00000  7.98%  30.6  355s
H106600 59641                      69.5476190   64.00000  7.98%  30.7  355s
H106900 59641                      69.5476188   64.00000  7.98%  30.7  355s
H107951 59641                      69.5476188   64.00000  7.98%  30.7  355s
H108052 59835                      69.5476187   64.00000  7.98%  30.7  357s
H108172 59835                      69.5476187   64.00000  7.98%  30.7  357s
H108834 60589                      69.5476187   64.00000  7.98%  30.9  359s
H109143 60589                      69.5476186   64.00000  7.98%  30.9  359s
 109363 61049   66.83333  173   77   69.54762   64.00000  7.98%  30.9  361s
H109601 61049                      69.5476186   64.00000  7.98%  30.8  361s
H109817 61049                      69.5476185   64.00000  7.98%  30.8  361s
H110509 61576                      69.5476185   64.00000  7.98%  30.8  363s
H110694 62051                      69.5476184   64.00000  7.98%  30.8  365s
H110700 62051                      69.5476183   64.00000  7.98%  30.8  365s
H111107 62051                      69.5476183   64.00000  7.98%  30.8  365s
H111500 62701                      69.5476183   64.00000  7.98%  30.9  366s
H111809 62701                      69.5476182   64.00000  7.98%  30.8  366s
 113994 64409   64.00000  210   52   69.54762   64.00000  7.98%  31.0  371s
H114575 64409                      69.5444444   64.00000  7.97%  31.1  371s
H114600 64813                      69.5208333   64.00000  7.94%  31.1  372s
H115133 63584                      69.5000000   64.00000  7.91%  31.1  374s
H115607 63947                      69.4444444   64.00000  7.84%  31.0  376s
H115969 63931                      69.4166667   64.00000  7.80%  31.1  376s
H116140 64185                      69.4027778   64.00000  7.78%  31.1  378s
H116249 64185                      69.3809524   64.00000  7.76%  31.1  378s
H116350 63513                      69.3333333   64.00000  7.69%  31.1  379s
 116973 64461   67.16667  209   79   69.33333   64.00000  7.69%  31.2  381s
 119189 65084   64.66667  135   84   69.33333   64.00000  7.69%  31.1  386s
H119190 61633                      68.5833333   64.00000  6.68%  31.1  386s
H119196 61171                      68.4166667   64.00000  6.46%  31.1  387s
H119300 59472                      68.1666667   64.00000  6.11%  31.1  387s
H119514 58671                      68.0000000   64.00000  5.88%  31.1  388s
H119937 57886                      67.8333333   64.00000  5.65%  31.1  390s
H120400 58195                      67.7777778   64.00000  5.57%  31.1  391s
H121983 57777                      67.5925926   64.00000  5.32%  31.0  393s
H121983 56478                      67.4222222   64.00000  5.08%  31.0  393s
 122300 56695     cutoff  235        67.42222   64.00000  5.08%  31.0  395s
H122325 56631                      67.3750000   64.00000  5.01%  31.0  395s
H122600 55410                      67.3333333   64.00000  4.95%  30.9  395s
 124239 55943   64.00000  181   76   67.33333   64.00000  4.95%  30.8  401s
 125075 56714 infeasible  242        67.33333   64.00000  4.95%  30.8  406s
 126303 57588   64.00000  199   91   67.33333   64.00000  4.95%  30.8  410s
H126614 56482                      67.1666667   64.00000  4.71%  30.8  411s
H126865 55194                      67.0000000   64.00000  4.48%  30.9  413s
 127853 55991   65.16667  300   97   67.00000   64.00000  4.48%  30.9  416s
H129100 54374                      66.8333333   64.00000  4.24%  30.9  419s
 129374 54339     cutoff  256        66.83333   64.00000  4.24%  30.9  422s
H129382 52845                      66.6666667   64.00000  4.00%  30.9  422s
 129903 53464   66.00000  262   99   66.66667   64.00000  4.00%  31.0  427s
H130202 53464                      66.6666667   64.00000  4.00%  31.0  427s
 130728 54371   64.00000  260   76   66.66667   64.00000  4.00%  31.0  431s
 133184 55154     cutoff  207        66.66667   64.00000  4.00%  31.1  435s
 134349 55648   66.50000  202  108   66.66667   64.00000  4.00%  31.0  440s
 135474 56688   64.33333  285   90   66.66667   64.00000  4.00%  31.1  446s
 137343 57011   64.16667  203   86   66.66667   64.00000  4.00%  31.3  452s
 137711 58924   64.66667  298   84   66.66667   64.00000  4.00%  31.3  460s
 141883 59245   64.00000  241   68   66.66667   64.00000  4.00%  31.3  466s
 142230 59617   64.00468  253   77   66.66667   64.00000  4.00%  31.4  470s
 143411 59796   64.66667  210   64   66.66667   64.00000  4.00%  31.3  475s
 143974 60119   64.50000  285  103   66.66667   64.00000  4.00%  31.3  480s
 144719 60507   65.33333  225   83   66.66667   64.00000  4.00%  31.3  485s
 145754 61130   64.00000  271   89   66.66667   64.00000  4.00%  31.3  490s
 146397 61177   64.00000  205  102   66.66667   64.00000  4.00%  31.3  496s
 147160 61823   64.00000  230   89   66.66667   64.00000  4.00%  31.4  501s
 148397 61933   64.00000  226   85   66.66667   64.00000  4.00%  31.4  505s
 150952 62959   65.00000  236   77   66.66667   64.00000  4.00%  31.3  510s
 151815 63306   65.16667  268   83   66.66667   64.00000  4.00%  31.3  516s
 152400 63643   65.00000  313   72   66.66667   64.00000  4.00%  31.2  520s
 152692 63817   64.66667  278   96   66.66667   64.00000  4.00%  31.2  525s
 153610 64127   65.16667  272  101   66.66667   64.00000  4.00%  31.2  530s
 154785 64683   64.00000  261   84   66.66667   64.00000  4.00%  31.2  536s
 154950 65089   64.66667  264   84   66.66667   64.00000  4.00%  31.2  540s
 156345 65390   64.66667  309   81   66.66667   64.00000  4.00%  31.2  548s
 156350 65464   64.66667  309   81   66.66667   64.00000  4.00%  31.2  550s
 157461 66175   64.66667  238   94   66.66667   64.00000  4.00%  31.2  555s
 158250 66525   64.00000  236   85   66.66667   64.00000  4.00%  31.3  560s
 159176 67407   64.00000  233   70   66.66667   64.00000  4.00%  31.2  565s
 161375 67824   64.00000  240   77   66.66667   64.00000  4.00%  31.4  571s
 162733 68334   65.00000  309   91   66.66667   64.00000  4.00%  31.4  576s
 162959 68431     cutoff  326        66.66667   64.00000  4.00%  31.5  580s
 164275 69000   64.00000  263   79   66.66667   64.00000  4.00%  31.5  586s
 164989 69260   64.00000  265   77   66.66667   64.00000  4.00%  31.5  590s
 166159 69695   64.33333  270   69   66.66667   64.00000  4.00%  31.6  595s
 167539 70256   66.00000  296  112   66.66667   64.00000  4.00%  31.7  600s
 168371 70305   66.00000  294  114   66.66667   64.00000  4.00%  31.7  606s
 169787 70650     cutoff  310        66.66667   64.00000  4.00%  31.9  611s
 170409 70830     cutoff  270        66.66667   64.00000  4.00%  31.9  615s
 171072 71003   66.35955  300  106   66.66667   64.00000  4.00%  32.0  621s
 171806 71163   64.66667  310  104   66.66667   64.00000  4.00%  32.1  627s
 172604 71288     cutoff  330        66.66667   64.00000  4.00%  32.2  631s
 173195 71458   66.50000  295   92   66.66667   64.00000  4.00%  32.3  636s
 173545 71643   64.00000  292   80   66.66667   64.00000  4.00%  32.3  641s
 174921 71868   64.33333  310   95   66.66667   64.00000  4.00%  32.3  646s
 176877 72136   64.00000  317  102   66.66667   64.00000  4.00%  32.4  651s
 177772 72398 infeasible  321        66.66667   64.00000  4.00%  32.6  657s
 178904 72621   64.67671  325   74   66.66667   64.00000  4.00%  32.6  661s
 178910 73139 infeasible  326        66.66667   64.00000  4.00%  32.6  667s
 182914 73140   64.00000  298   74   66.66667   64.00000  4.00%  32.9  670s
 183100 73226   64.33333  313   88   66.66667   64.00000  4.00%  33.0  675s
 183797 73580   64.00000  308   94   66.66667   64.00000  4.00%  33.0  680s
 184291 73679     cutoff  320        66.66667   64.00000  4.00%  33.1  686s
 184985 73720 infeasible  290        66.66667   64.00000  4.00%  33.2  692s
 185036 73780     cutoff  291        66.66667   64.00000  4.00%  33.2  695s
 186321 73974   64.50000  322   67   66.66667   64.00000  4.00%  33.2  700s
 187158 74354   64.16667  332   84   66.66667   64.00000  4.00%  33.2  705s
 187902 75295   65.00000  146   98   66.66667   64.00000  4.00%  33.3  710s
 188999 75396   64.00000  121   60   66.66667   64.00000  4.00%  33.4  715s
 190309 76503   64.00000  140   75   66.66667   64.00000  4.00%  33.5  720s
 190632 76586   64.00000  154   63   66.66667   64.00000  4.00%  33.5  725s
 191777 77383     cutoff  205        66.66667   64.00000  4.00%  33.5  730s
H191805 77511                      66.6666666   64.00000  4.00%  33.5  731s
H192000 77604                      66.6666666   64.00000  4.00%  33.6  734s
 192085 77800   66.50000  207   90   66.66667   64.00000  4.00%  33.6  736s
H192158 77800                      66.6666666   64.00000  4.00%  33.6  736s
H192292 77872                      66.6666666   64.00000  4.00%  33.6  738s
H192404 77920                      66.6666666   64.00000  4.00%  33.6  741s
H192405 77920                      66.6666665   64.00000  4.00%  33.6  741s
H192496 78309                      66.6666665   64.00000  4.00%  33.6  743s
H193051 78581                      66.6666664   64.00000  4.00%  33.7  745s
 194260 79609   65.00000  289   97   66.66667   64.00000  4.00%  33.7  751s
H194878 79983                      66.6666664   64.00000  4.00%  33.7  753s
 195183 80391   65.95833  338   96   66.66667   64.00000  4.00%  33.7  755s
 196439 81416   64.00000  130   65   66.66667   64.00000  4.00%  33.8  760s
 198601 82996   64.00000  130  101   66.66667   64.00000  4.00%  33.9  767s
 200048 83769   64.00000  115   82   66.66667   64.00000  4.00%  33.9  771s
 201500 84439   66.16667  218  103   66.66667   64.00000  4.00%  34.2  777s
 202066 85448   64.00000  210   62   66.66667   64.00000  4.00%  34.3  782s
H202201 85448                      66.6666664   64.00000  4.00%  34.3  782s
 204324 86708   65.83333  233   69   66.66667   64.00000  4.00%  34.3  786s
H204968 86708                      66.6666664   64.00000  4.00%  34.4  786s
 205899 87476   64.00000  222   71   66.66667   64.00000  4.00%  34.4  791s
 207227 87975   66.50000  204   93   66.66667   64.00000  4.00%  34.4  796s
 207337 88343     cutoff  227        66.66667   64.00000  4.00%  34.4  800s
H207792 88347                      66.6666659   64.00000  4.00%  34.4  804s
 207794 88439   64.00000  141   82   66.66667   64.00000  4.00%  34.4  806s
 208005 88750   66.33333  193  107   66.66667   64.00000  4.00%  34.4  810s
H208199 88750                      66.6666658   64.00000  4.00%  34.4  810s
 208309 89501   64.66667  305   77   66.66667   64.00000  4.00%  34.4  815s
H209074 89501                      66.6666657   64.00000  4.00%  34.4  815s
H209922 89683                      66.6666657   64.00000  4.00%  34.4  817s
H209950 90480                      66.6666657   64.00000  4.00%  34.4  819s
 211141 90490     cutoff  239        66.66667   64.00000  4.00%  34.4  821s
H211152 90490                      66.6666657   64.00000  4.00%  34.4  821s
H211415 90679                      66.6666654   64.00000  4.00%  34.5  823s
 211416 90819   64.50000  235  108   66.66667   64.00000  4.00%  34.5  826s
H211515 90819                      66.6666654   64.00000  4.00%  34.5  826s
H212068 91171                      66.6666653   64.00000  4.00%  34.5  828s
 212095 91519   64.00000  239   74   66.66667   64.00000  4.00%  34.5  832s
H213070 92032                      66.6666652   64.00000  4.00%  34.5  834s
 213814 92034 infeasible  353        66.66667   64.00000  4.00%  34.4  838s
H213816 92034                      66.6666652   64.00000  4.00%  34.4  838s
 213820 92258 infeasible  352        66.66667   64.00000  4.00%  34.4  840s
 215909 93076   64.00000  287   78   66.66667   64.00000  4.00%  34.4  847s
 216803 93503   65.16667  299  104   66.66667   64.00000  4.00%  34.5  852s
 217805 94154     cutoff  299        66.66667   64.00000  4.00%  34.5  855s
H218645 94220                      66.6666652   64.00000  4.00%  34.5  858s
 219572 94719   64.00000  290   64   66.66667   64.00000  4.00%  34.5  861s
 220093 94811   66.33333  291   70   66.66667   64.00000  4.00%  34.5  865s
H221922 95417                      66.6666652   64.00000  4.00%  34.5  872s
 223083 95993   65.16667  365  115   66.66667   64.00000  4.00%  34.5  875s
 223939 96238   65.50000  348   90   66.66667   64.00000  4.00%  34.4  880s
 225161 96672   65.16667  331  100   66.66667   64.00000  4.00%  34.4  887s
H225272 96672                      66.6666651   64.00000  4.00%  34.4  887s
 225273 96944   65.16667  332   92   66.66667   64.00000  4.00%  34.4  890s
H225984 96944                      66.6666651   64.00000  4.00%  34.4  890s
 227022 97291     cutoff  363        66.66667   64.00000  4.00%  34.3  896s
H227025 97291                      66.6666651   64.00000  4.00%  34.3  896s
 228247 97886   64.00000  341   98   66.66667   64.00000  4.00%  34.3  901s
 229045 98161     cutoff  373        66.66667   64.00000  4.00%  34.4  905s
H230546 98612                      66.6666650   64.00000  4.00%  34.4  909s
 230547 98945   65.33333  162   77   66.66667   64.00000  4.00%  34.4  911s
H231273 99088                      66.6666650   64.00000  4.00%  34.4  913s
 231580 99421     cutoff  340        66.66666   64.00000  4.00%  34.5  916s
 232767 100227   64.00000  340  103   66.66666   64.00000  4.00%  34.5  921s
H234421 100231                      66.6666650   64.00000  4.00%  34.4  924s
 234424 100671   66.00000  208   89   66.66666   64.00000  4.00%  34.4  926s
 235777 101168   64.00000  200   86   66.66666   64.00000  4.00%  34.5  931s
 236681 101523   64.66667  214   76   66.66666   64.00000  4.00%  34.5  937s
 238255 102051   64.16667  200   95   66.66666   64.00000  4.00%  34.5  940s
H238328 102143                      66.6666649   64.00000  4.00%  34.5  942s
 239427 102820   65.83333  211   97   66.66666   64.00000  4.00%  34.6  945s
 240542 103380   64.33333  181   81   66.66666   64.00000  4.00%  34.6  951s
 241546 103929   66.16667  190   90   66.66666   64.00000  4.00%  34.7  956s
H242279 104039                      66.6666649   64.00000  4.00%  34.7  959s
 242280 104683   66.33333  204  104   66.66666   64.00000  4.00%  34.7  962s
 244591 104989   65.83333  257  106   66.66666   64.00000  4.00%  34.7  967s
 245590 105476   64.00000  210   78   66.66666   64.00000  4.00%  34.8  971s
H245621 105514                      66.6666648   64.00000  4.00%  34.8  974s
 245702 105862     cutoff  180        66.66666   64.00000  4.00%  34.8  976s
 247842 106911   64.00000  220   92   66.66666   64.00000  4.00%  34.8  982s
 249511 107514   64.33333  216  106   66.66666   64.00000  4.00%  34.7  985s
 250402 107815   64.00000  221   69   66.66666   64.00000  4.00%  34.7  990s
 251122 108316     cutoff  201        66.66666   64.00000  4.00%  34.7  995s
 252663 108694   64.02622  231   82   66.66666   64.00000  4.00%  34.7 1000s
 254481 109701   64.66667  218   92   66.66666   64.00000  4.00%  34.6 1006s
 255141 110126   64.00000  290   68   66.66666   64.00000  4.00%  34.7 1010s
 257018 111184   64.33333  293   90   66.66666   64.00000  4.00%  34.6 1015s
 257702 111577   65.50000  334   95   66.66666   64.00000  4.00%  34.6 1021s
 259160 112308   65.33333  310   90   66.66666   64.00000  4.00%  34.6 1025s
 260642 112965   64.00000  291   78   66.66666   64.00000  4.00%  34.6 1032s
H260702 112965                      66.6666648   64.00000  4.00%  34.6 1032s
H260902 113118                      66.6666648   64.00000  4.00%  34.6 1035s
H260948 113118                      66.6666647   64.00000  4.00%  34.6 1035s
 261808 113895     cutoff  316        66.66666   64.00000  4.00%  34.5 1040s
 264507 114578   64.00000  300   86   66.66666   64.00000  4.00%  34.4 1047s
H264596 114578                      66.6666647   64.00000  4.00%  34.4 1047s
 265038 114940   66.17416  311  105   66.66666   64.00000  4.00%  34.4 1051s
 265404 115364   64.00000  271   77   66.66666   64.00000  4.00%  34.4 1056s
 267208 115996   64.00000  280   65   66.66666   64.00000  4.00%  34.3 1061s
 268696 116530     cutoff  287        66.66666   64.00000  4.00%  34.3 1067s
 269422 117226     cutoff  334        66.66666   64.00000  4.00%  34.3 1070s
 270711 117432   65.33333  290   89   66.66666   64.00000  4.00%  34.3 1075s
 272341 118601   64.00000  259   76   66.66666   64.00000  4.00%  34.2 1081s
 273538 119070   66.00000  350   95   66.66666   64.00000  4.00%  34.2 1086s
 274461 119579   66.16667  389   92   66.66666   64.00000  4.00%  34.2 1091s
H276116 120531                      66.6666647   64.00000  4.00%  34.1 1096s
 277884 121234   65.33333  262   87   66.66666   64.00000  4.00%  34.0 1100s
 279208 122056   66.00000  289   98   66.66666   64.00000  4.00%  33.9 1105s
 280753 122863   65.33333  260   90   66.66666   64.00000  4.00%  33.9 1110s
 283140 124439   64.00000  290   78   66.66666   64.00000  4.00%  33.8 1116s
 284603 124585   66.00000  315   87   66.66666   64.00000  4.00%  33.7 1120s
H285607 125152                      66.6666647   64.00000  4.00%  33.7 1124s
 285831 125592   64.00000  290   74   66.66666   64.00000  4.00%  33.7 1127s
H287156 125743                      66.6666647   64.00000  4.00%  33.6 1129s
 287157 125797   64.00000  298   73   66.66666   64.00000  4.00%  33.6 1132s
 288444 126656     cutoff  321        66.66666   64.00000  4.00%  33.5 1136s
 291012 127667   65.33333  307   77   66.66666   64.00000  4.00%  33.5 1142s
H291131 127667                      66.6666646   64.00000  4.00%  33.5 1142s
 292095 128156   64.00000  178  119   66.66666   64.00000  4.00%  33.4 1148s
 293302 129240   66.33333  364   92   66.66666   64.00000  4.00%  33.3 1152s
 294334 129355   64.66667  330   78   66.66666   64.00000  4.00%  33.3 1155s
H294335 129355                      66.6666646   64.00000  4.00%  33.3 1155s
H294505 129355                      66.6666646   64.00000  4.00%  33.3 1155s
 295542 130389   66.16667  269   82   66.66666   64.00000  4.00%  33.3 1161s
 297270 131272   64.16667  299   75   66.66666   64.00000  4.00%  33.3 1166s
 298020 132071     cutoff  386        66.66666   64.00000  4.00%  33.3 1170s
 299825 133088   66.33333  119   74   66.66666   64.00000  4.00%  33.3 1175s
 301526 134298   65.33333  298   98   66.66666   64.00000  4.00%  33.4 1182s
 302496 134686   64.00000  109   80   66.66666   64.00000  4.00%  33.4 1186s
 303420 135533   66.50000  145   95   66.66666   64.00000  4.00%  33.4 1190s
H303422 135533                      66.6666646   64.00000  4.00%  33.4 1190s
 305240 136398   66.00000  120   79   66.66666   64.00000  4.00%  33.4 1195s
 305903 137198   64.00000  110   75   66.66666   64.00000  4.00%  33.4 1201s
 306749 137546   66.00000  185   92   66.66666   64.00000  4.00%  33.4 1206s
 307102 138226   64.00000  172   84   66.66666   64.00000  4.00%  33.4 1210s
 308380 138988   64.00000   47  107   66.66666   64.00000  4.00%  33.5 1216s
 309260 139395   64.00000   75   67   66.66666   64.00000  4.00%  33.5 1221s
 310438 140931   66.00000  159   68   66.66666   64.00000  4.00%  33.6 1226s
 311439 141522   64.00000  261   73   66.66666   64.00000  4.00%  33.6 1231s
 313309 142090   64.33333  237  113   66.66666   64.00000  4.00%  33.5 1236s
 314493 143029   66.50000  228  118   66.66666   64.00000  4.00%  33.5 1240s
 315973 143504   64.00000  100   76   66.66666   64.00000  4.00%  33.5 1246s
 317962 144847   64.66667  128   84   66.66666   64.00000  4.00%  33.6 1252s
 318097 145464   64.00000  190   78   66.66666   64.00000  4.00%  33.6 1255s
 319793 145807   64.00000  150   93   66.66666   64.00000  4.00%  33.7 1261s
 320302 146304   64.66667  140   66   66.66666   64.00000  4.00%  33.7 1265s
 321610 147430 infeasible  264        66.66666   64.00000  4.00%  33.8 1271s
 323225 148193   65.83333  160   97   66.66666   64.00000  4.00%  33.7 1275s
 324523 149019   66.50000  173  127   66.66666   64.00000  4.00%  33.7 1281s
 326976 150135   64.00000  209   63   66.66666   64.00000  4.00%  33.8 1287s
 327447 150771   64.50000  211   86   66.66666   64.00000  4.00%  33.8 1290s
 328844 152208     cutoff  253        66.66666   64.00000  4.00%  33.8 1296s
 329681 152699   64.00000  197   54   66.66666   64.00000  4.00%  33.8 1300s
 331115 153189   64.66667  106   76   66.66666   64.00000  4.00%  33.8 1306s
H331170 153189                      66.6666644   64.00000  4.00%  33.8 1306s
 332526 153952     cutoff  262        66.66666   64.00000  4.00%  33.7 1311s
 333840 154784   66.00000  198   74   66.66666   64.00000  4.00%  33.7 1315s
 334816 155491   64.00000  179   73   66.66666   64.00000  4.00%  33.7 1320s
 336759 156615   64.00000  170   96   66.66666   64.00000  4.00%  33.8 1326s
 337420 157313   66.50000  231   83   66.66666   64.00000  4.00%  33.8 1331s
 337801 157958   66.16667  248   73   66.66666   64.00000  4.00%  33.9 1335s
 339011 158362   64.00000  202   76   66.66666   64.00000  4.00%  33.9 1340s
 340430 158619   65.91667  251   91   66.66666   64.00000  4.00%  33.8 1345s
 341204 159302   64.00000  210   88   66.66666   64.00000  4.00%  33.9 1350s
 342030 159627   65.83333  261   99   66.66666   64.00000  4.00%  33.9 1355s
 343444 160622   64.16667  221   70   66.66666   64.00000  4.00%  33.9 1362s
 343552 160845   64.83333  225   87   66.66666   64.00000  4.00%  33.9 1365s
 345935 162458   64.33333  218   91   66.66666   64.00000  4.00%  33.9 1370s
 347254 163233   65.04167  237   91   66.66666   64.00000  4.00%  33.9 1376s
 348266 163572     cutoff  328        66.66666   64.00000  4.00%  33.9 1380s
 348995 164452   64.00000  259   78   66.66666   64.00000  4.00%  34.0 1386s
 351185 165311     cutoff  269        66.66666   64.00000  4.00%  34.0 1391s
 351766 165837     cutoff  229        66.66666   64.00000  4.00%  34.0 1396s
H352174 165837                      66.6666644   64.00000  4.00%  34.0 1396s
 353924 166864   64.00000  269   72   66.66666   64.00000  4.00%  34.1 1400s
 354239 167098   64.00000  285   90   66.66666   64.00000  4.00%  34.1 1405s
 354826 167616   66.16667  225   82   66.66666   64.00000  4.00%  34.1 1410s
 356640 168094   66.18948  321  122   66.66666   64.00000  4.00%  34.1 1415s
 356686 170027     cutoff  322        66.66666   64.00000  4.00%  34.1 1422s
 361628 170446     cutoff  300        66.66666   64.00000  4.00%  34.1 1427s
 362242 170663   64.00000  282   76   66.66666   64.00000  4.00%  34.1 1430s
 362883 170973   65.67041  345  101   66.66666   64.00000  4.00%  34.1 1436s
 363845 171324   64.00000  291   78   66.66666   64.00000  4.00%  34.1 1440s
 364485 171638   65.00000  302   88   66.66666   64.00000  4.00%  34.1 1446s
 365225 171847   64.00000  296   98   66.66666   64.00000  4.00%  34.1 1450s
 365974 172111     cutoff  301        66.66666   64.00000  4.00%  34.2 1456s
 366842 172956   64.00000  330   78   66.66666   64.00000  4.00%  34.2 1461s
 368099 173102   64.00000  313   83   66.66666   64.00000  4.00%  34.2 1466s
 369006 173286   64.00000  290   76   66.66666   64.00000  4.00%  34.2 1471s
 370272 173642   64.33333  271   93   66.66666   64.00000  4.00%  34.2 1475s
 371204 173956   65.33333  289   88   66.66666   64.00000  4.00%  34.2 1481s
H372784 174479                      66.6666644   64.00000  4.00%  34.2 1486s
 373811 174793   64.00000  298   82   66.66666   64.00000  4.00%  34.2 1490s
 374609 174942   64.33333  341   90   66.66666   64.00000  4.00%  34.3 1497s
 374954 175200     cutoff  299        66.66666   64.00000  4.00%  34.2 1500s
 376551 175484   65.66667  311   90   66.66666   64.00000  4.00%  34.3 1507s
 377690 176092     cutoff  297        66.66666   64.00000  4.00%  34.2 1512s
 377848 177596   64.00000  296   80   66.66666   64.00000  4.00%  34.2 1520s
 382618 177939     cutoff  325        66.66666   64.00000  4.00%  34.2 1526s
 383482 178291     cutoff  353        66.66666   64.00000  4.00%  34.2 1531s
 384515 178470   65.33333  369   95   66.66666   64.00000  4.00%  34.2 1536s
 385624 178952   65.33336  374  107   66.66666   64.00000  4.00%  34.2 1541s
 386092 179199   64.16861  311  103   66.66666   64.00000  4.00%  34.2 1545s
 387498 179587   64.00000  271   92   66.66666   64.00000  4.00%  34.2 1550s
 388092 180062   64.02179  300   84   66.66666   64.00000  4.00%  34.2 1555s
 389300 180262     cutoff  347        66.66666   64.00000  4.00%  34.2 1560s
 390472 180770   64.83333  347   86   66.66666   64.00000  4.00%  34.2 1565s
H391768 181433                      66.6666644   64.00000  4.00%  34.2 1571s
 392770 182570   64.66667  346   67   66.66666   64.00000  4.00%  34.2 1575s
 394487 183320   64.00000  140   58   66.66666   64.00000  4.00%  34.1 1580s
 394870 183821   64.00000  161   78   66.66666   64.00000  4.00%  34.1 1585s
 396264 184400   66.50000  212  105   66.66666   64.00000  4.00%  34.1 1593s
 396990 185163   64.00000  186   68   66.66666   64.00000  4.00%  34.2 1596s
 397919 185972   64.00000  136   99   66.66666   64.00000  4.00%  34.2 1600s
 398543 188490   64.00000  161   77   66.66666   64.00000  4.00%  34.2 1609s
 402547 188691   65.83333  174   71   66.66666   64.00000  4.00%  34.2 1611s
 402885 188935   66.33333  201  111   66.66666   64.00000  4.00%  34.2 1615s
 404226 189706   64.00000  164   91   66.66666   64.00000  4.00%  34.3 1622s
 405490 190913   65.50000  247   88   66.66666   64.00000  4.00%  34.3 1626s
 406425 191053   66.58333  249   83   66.66666   64.00000  4.00%  34.3 1630s
 407396 191868   64.00000  180   66   66.66666   64.00000  4.00%  34.3 1635s
 409078 192430   64.33333  225   80   66.66666   64.00000  4.00%  34.3 1642s
 409160 194736   66.16667  247   95   66.66666   64.00000  4.00%  34.3 1650s
 413601 195282   64.00000  188   62   66.66666   64.00000  4.00%  34.4 1655s
 414476 195902   64.16667  260   61   66.66666   64.00000  4.00%  34.4 1660s
 415297 196229   64.00000  240   68   66.66666   64.00000  4.00%  34.4 1666s
 416545 196955   65.83333  314  117   66.66666   64.00000  4.00%  34.5 1670s
H417023 197020                      66.6666644   64.00000  4.00%  34.5 1673s
 417050 197377   66.16667  259  112   66.66666   64.00000  4.00%  34.5 1675s
 418687 197933   64.00000  280   71   66.66666   64.00000  4.00%  34.4 1680s
 419241 198350   64.00000  317   69   66.66666   64.00000  4.00%  34.4 1685s
 419695 200028     cutoff  326        66.66666   64.00000  4.00%  34.4 1693s
 423699 200031   66.50000  311   81   66.66666   64.00000  4.00%  34.3 1698s
 423704 200199     cutoff  312        66.66666   64.00000  4.00%  34.3 1700s
 424402 200530   64.75000  200   98   66.66666   64.00000  4.00%  34.3 1705s
 426373 201484   66.00000  246  102   66.66666   64.00000  4.00%  34.2 1711s
 426945 202023   64.00000  330   68   66.66666   64.00000  4.00%  34.2 1716s
 427508 202290   64.02137  370   78   66.66666   64.00000  4.00%  34.2 1720s
 428695 202659   65.00000  342   77   66.66666   64.00000  4.00%  34.2 1725s
 430282 203108   64.00000  150   85   66.66666   64.00000  4.00%  34.2 1732s
 430286 204967   64.00000  150   85   66.66666   64.00000  4.00%  34.2 1738s
 434290 204969   64.00000  190   95   66.66666   64.00000  4.00%  34.0 1741s
 434594 205162     cutoff  218        66.66666   64.00000  4.00%  34.0 1745s
 435510 205641   66.16667  246   93   66.66666   64.00000  4.00%  34.0 1750s
 436029 205976   64.83333  239  104   66.66666   64.00000  4.00%  34.0 1756s
 436670 206329   66.16667  321  103   66.66666   64.00000  4.00%  34.0 1760s
 437116 206533   66.00000  328   99   66.66666   64.00000  4.00%  34.0 1765s
 438189 207105   64.00000  331   72   66.66666   64.00000  4.00%  33.9 1771s
 439366 207644   64.00000  164  102   66.66666   64.00000  4.00%  33.9 1776s
 440108 208327   66.33333  352   94   66.66666   64.00000  4.00%  33.9 1780s
 440914 210676   66.33333  214  117   66.66666   64.00000  4.00%  33.9 1789s
 444918 210678   65.50000  259   89   66.66666   64.00000  4.00%  33.9 1790s
 445754 211373   64.33333  191   81   66.66666   64.00000  4.00%  33.9 1795s
 446518 211521   66.33333  302   95   66.66666   64.00000  4.00%  33.9 1800s

Cutting planes:
  Learned: 87
  Gomory: 1
  Cover: 330
  Implied bound: 149
  Clique: 206
  MIR: 565
  Flow cover: 897
  GUB cover: 1
  Zero half: 1
  RLT: 78
  Relax-and-lift: 787

Explored 446524 nodes (15136796 simplex iterations) in 1800.01 seconds
Thread count was 4 (of 32 available processors)

Solution count 10: 66.6667 66.6667 66.6667 ... 66.6667

Time limit reached
Best objective 6.666666438256e+01, best bound 6.400000000000e+01, gap 4.0000%
