
Gurobi 9.1.2 (linux64) logging started Thu Mar 31 18:50:20 2022

Changed value of parameter LogFile to ta2_v-N6.log
   Prev:   Default: 
Changed value of parameter MIPFocus to 1
   Prev: 0  Min: 0  Max: 3  Default: 0
Changed value of parameter TimeLimit to 600.0
   Prev: inf  Min: 0.0  Max: inf  Default: inf
Warning: variables 0 and 346 have the same name "X[N31,N1]"
Warning: linear constraint 396 and linear constraint 397 have the same name "weight-constr-t5"
Warning: to let Gurobi read it back, use rlp format
Gurobi Optimizer version 9.1.2 build v9.1.2rc0 (linux64)
Thread count: 32 physical cores, 64 logical processors, using up to 32 threads
Optimize a model with 2512 rows, 2076 columns and 7458 nonzeros
Model fingerprint: 0xac14a58f
Variable types: 390 continuous, 1686 integer (1686 binary)
Coefficient statistics:
  Matrix range     [1e+00, 1e+06]
  Objective range  [2e-01, 2e-01]
  Bounds range     [1e+00, 5e+05]
  RHS range        [1e+00, 1e+06]
Presolve removed 84 rows and 90 columns
Presolve time: 0.04s
Presolved: 2428 rows, 1986 columns, 9179 nonzeros
Variable types: 384 continuous, 1602 integer (1602 binary)

Root relaxation: objective 6.500000e+01, 272 iterations, 0.00 seconds

    Nodes    |    Current Node    |     Objective Bounds      |     Work
 Expl Unexpl |  Obj  Depth IntInf | Incumbent    BestBd   Gap | It/Node Time

     0     0   65.00000    0  104          -   65.00000      -     -    0s
     0     0   65.00000    0  183          -   65.00000      -     -    0s
     0     0   65.00000    0  180          -   65.00000      -     -    0s
     0     0   65.00000    0   84          -   65.00000      -     -    0s
     0     0   65.00000    0   93          -   65.00000      -     -    0s
     0     0   65.00000    0   84          -   65.00000      -     -    0s
     0     0   65.00000    0  104          -   65.00000      -     -    0s
     0     0   65.00000    0  101          -   65.00000      -     -    0s
     0     0   65.00000    0  109          -   65.00000      -     -    0s
H    0     0                    4437411.0000   65.00000   100%     -    0s
     0     0   65.00000    0   91 4437411.00   65.00000   100%     -    0s
H    0     0                    1182.0000154   65.00000  94.5%     -    0s
H    0     0                    1179.0000000   65.00000  94.5%     -    0s
H    0     0                     652.8333333   65.00000  90.0%     -    1s
H    0     2                     467.1666667   65.00000  86.1%     -    1s
     0     2   65.00000    0   74  467.16667   65.00000  86.1%     -    1s
H    2     4                     466.3333333   65.00000  86.1%   223    1s
H    3     8                     465.5833333   65.00000  86.0%   155    1s
H    6     8                     461.8333333   65.00000  85.9%   125    1s
H    7    16                     461.3333333   65.00000  85.9%   122    1s
H    9    16                     461.0000000   65.00000  85.9%   101    1s
H   11    16                     460.7500000   65.00000  85.9%  89.0    1s
H   31    64                     460.6666667   65.00000  85.9%  43.0    1s
H   32    64                     410.9999999   65.00000  84.2%  41.9    1s
H   38    64                     307.9166667   65.00000  78.9%  35.8    1s
H   95   128                     261.5833333   65.00000  75.2%  17.5    3s
H  104   128                     252.5000000   65.00000  74.3%  16.4    3s
H  127   160                     252.3333333   65.00000  74.2%  14.4    4s
H  128   160                     244.5000000   65.00000  73.4%  14.3    4s
H  129   160                     239.8333333   65.00000  72.9%  14.3    4s
H  143   160                     234.6666667   65.00000  72.3%  13.2    4s
H  159   192                     234.5000000   65.00000  72.3%  12.3    7s
H  161   192                     234.2500000   65.00000  72.3%  12.2    7s
H  164   192                     234.0000000   65.00000  72.2%  12.0    7s
H  167   192                     233.0000000   65.00000  72.1%  11.8    7s
H  168   192                     229.8333333   65.00000  71.7%  11.8    7s
H  183   192                     206.0833333   65.00000  68.5%  11.0    7s
H  255   288                     205.7500000   65.00000  68.4%   8.8    9s
H  256   288                     204.0000000   65.00000  68.1%   8.8    9s
H  261   288                     202.6250000   65.00000  67.9%   8.7    9s
H  300   826                     202.1250000   65.00000  67.8%   7.9    9s
   825  4028   65.00000   30  106  202.12500   65.00000  67.8%   5.6   10s
H  900  4028                     201.5000000   65.00000  67.7%   5.6   10s
H 1612  4028                     201.3750000   65.00000  67.7%   5.3   10s
H 2460  4028                     201.2500000   65.00000  67.7%   5.5   10s
H 3066  4028                     200.9583333   65.00000  67.7%   5.5   10s
H 4124  4060                     200.3750000   65.00000  67.6%   5.5   12s
H 4125  4060                     199.3333333   65.00000  67.4%   5.5   12s
H 4126  4060                     199.1666667   65.00000  67.4%   5.5   12s
H 4142  4060                     198.5000000   65.00000  67.3%   5.5   12s
H 4157  4092                     198.0000000   65.00000  67.2%   5.5   13s
H 4158  4092                     197.8333333   65.00000  67.1%   5.5   13s
H 4574  7679                     197.6666667   65.00000  67.1%   5.5   14s
H 4687  7679                     196.3333333   65.00000  66.9%   5.5   14s
H 7807  7679                     196.1666667   65.00000  66.9%   5.4   14s
H 8335 11049                     196.0000000   65.00000  66.8%   5.4   14s
 11810 11078   67.00000  152  116  196.00000   65.00000  66.8%   5.3   15s
H11823 11078                     195.9999999   65.00000  66.8%   5.3   15s
H11829 11078                     195.6666667   65.00000  66.8%   5.3   15s
H11852 10529                     195.3333333   65.00000  66.7%   5.3   16s
H11887 10059                     195.2777778   65.00000  66.7%   8.4   17s
H11951  9601                     195.1111111   65.00000  66.7%   9.2   19s
H11953  9125                     194.9444444   65.00000  66.7%   9.2   19s
H11957  8672                     194.6111111   65.00000  66.6%   9.2   19s
H11968  8240                     194.4444444   65.00000  66.6%   9.2   19s
 12015  8288   65.00000   22  278  194.44444   65.00000  66.6%   9.3   22s
H12020  7878                     194.1111111   65.00000  66.5%   9.3   22s
H12024  7490                     193.7777778   65.00000  66.5%   9.3   22s
H12043  7116                     193.4444444   65.00000  66.4%   9.3   22s
H12047  6796                     193.3333333   65.00000  66.4%   9.3   28s
H12049  6464                     193.1666667   65.00000  66.4%   9.3   28s
 12343  6662   65.00000   28  259  193.16667   65.00000  66.4%  13.2   30s
H12351  6344                     193.1666665   65.00000  66.4%  13.3   30s
H12359  6041                     192.1666665   65.00000  66.2%  13.7   30s
H12426  6550                     192.1666665   65.00000  66.2%  13.8   33s
H12504  6254                     192.1666664   65.00000  66.2%  13.8   33s
H14310  9590                     192.1666663   65.00000  66.2%  14.7   34s
 17909 11871   65.16667  116  227  192.16667   65.00000  66.2%  15.6   36s
H20421 10790                     192.1666663   65.00000  66.2%  17.2   36s
H21958 10326                     192.1666662   65.00000  66.2%  17.9   38s
H22053 10074                     192.1666661   65.00000  66.2%  18.1   38s
 26614 14130  150.33505  210  168  192.16667   65.00000  66.2%  20.4   41s
H27302 14130                     192.1666661   65.00000  66.2%  20.7   41s
 28127 14156 infeasible  211       192.16667   65.00000  66.2%  21.1   47s
H28150 14156                     192.1666660   65.00000  66.2%  21.2   47s
H28172 14183                     192.1666637   65.00000  66.2%  21.2   49s
 28202 17069  151.66667  213  176  192.16666   65.00000  66.2%  21.4   51s
H31860 17069                     192.0416667   65.00000  66.2%  23.1   51s
 31861 21493   65.00000   62  249  192.04167   65.00000  66.2%  23.1   55s
H32672 21493                     192.0416666   65.00000  66.2%  23.7   55s
H33662 21493                     192.0416665   65.00000  66.2%  24.6   55s
H35011 21493                     191.6666667   65.00000  66.1%  25.6   55s
H42121 25245                     191.6666666   65.00000  66.1%  28.5   59s
 42151 28843   65.33333  103  271  191.66667   65.00000  66.1%  28.6   61s
H47886 33115                     191.6666666   65.00000  66.1%  31.3   64s
H50287 33115                     191.6666629   65.00000  66.1%  32.6   64s
 52036 33146   84.33333  116  207  191.66666   65.00000  66.1%  33.0   66s
H52039 33146                     191.6666602   65.00000  66.1%  33.0   66s
 56944 40996   88.66722  155  221  191.66666   65.00000  66.1%  34.2   71s
 61901 50728   66.50000  134  164  191.66666   65.00000  66.1%  35.1   75s
H67084 50728                     191.5000000   65.00000  66.1%  35.3   75s
H74516 50753                     191.3333333   65.00000  66.0%  36.1   76s
H74540 50753                     191.1666667   65.00000  66.0%  36.1   76s
H74837 53551                     190.8333333   65.00000  65.9%  36.1   79s
H76604 53551                     190.6666667   65.00000  65.9%  36.2   79s
H78299 53516                     190.1666667   65.00000  65.8%  36.3   92s
 79168 57807   88.83333  140  214  190.16667   65.00000  65.8%  36.4   96s
H79200 57807                     190.1666663   65.00000  65.8%  36.4   96s
 84867 62280   71.83333  160  221  190.16667   65.00000  65.8%  36.9  100s
 91599 71454   65.00000   96  258  190.16667   65.00000  65.8%  38.5  109s
H100225 71454                     190.1666663   65.00000  65.8%  39.2  109s
 102138 74602   81.83333  140  232  190.16667   65.00000  65.8%  39.4  112s
 106435 76953   65.00000   91  296  190.16667   65.00000  65.8%  39.6  116s
 109561 77837   66.66667  157  244  190.16667   65.00000  65.8%  40.0  120s
H110636 77837                     190.1666662   65.00000  65.8%  40.1  120s
H111511 80941                     190.1666650   65.00000  65.8%  40.2  124s
 114853 81077   65.00000  121  253  190.16667   65.00000  65.8%  40.7  131s
H115025 81077                     190.1659589   65.00000  65.8%  40.7  131s
 115029 84919   65.00000  123  248  190.16596   65.00000  65.8%  40.7  136s
H115127 84919                     190.1659580   65.00000  65.8%  40.9  136s
 119962 91891   66.00166  132  280  190.16596   65.00000  65.8%  42.0  141s
 129382 99016   65.33333  105  264  190.16596   65.00000  65.8%  43.9  145s
 145950 105628   73.00380  146  255  190.16596   65.00000  65.8%  45.0  153s
 147671 110312   71.50000   69  266  190.16596   65.00000  65.8%  45.3  156s
 153803 112941   71.33333   92  273  190.16596   65.00000  65.8%  45.6  160s
 165643 124019   65.66994  118  272  190.16596   65.00000  65.8%  45.9  169s
 172015 131246  105.83333  143  266  190.16596   65.00000  65.8%  46.6  174s
 182071 131276   66.00000  150  278  190.16596   65.00000  65.8%  47.0  184s
 182105 135794   66.00000  151  277  190.16596   65.00000  65.8%  47.0  188s
 188832 137828   70.16667  184  208  190.16596   65.00000  65.8%  47.7  191s
 193675 144536   65.33333  125  281  190.16596   65.00000  65.8%  48.1  198s
 200557 148601   65.33333  139  278  190.16596   65.00000  65.8%  48.7  203s
 206241 155165   69.65318  186  252  190.16596   65.00000  65.8%  48.8  208s
 215550 157271  104.00327  173  204  190.16596   65.00000  65.8%  49.0  212s
 218350 162305   65.00000   74  291  190.16596   65.00000  65.8%  49.0  217s
 225449 164597   66.00000  126  271  190.16596   65.00000  65.8%  49.3  221s
 228412 170841 infeasible  190       190.16596   65.00000  65.8%  49.5  225s
 237019 175875   65.00000   70  203  190.16596   65.00000  65.8%  50.0  230s
 250454 182558   72.66667  100  248  190.16596   65.00000  65.8%  50.4  237s
 252975 182584   73.00000  112  269  190.16596   65.00000  65.8%  50.5  250s
 253013 185854   73.00000  113  262  190.16596   65.00000  65.8%  50.5  257s
 257632 192180 infeasible  165       190.16596   65.00000  65.8%  50.7  263s
 266346 196113   65.00000  124  294  190.16596   65.00000  65.8%  50.6  268s
 271695 202443   66.50000  178  262  190.16596   65.00000  65.8%  50.6  273s
 280700 203917   66.50000  184  272  190.16596   65.00000  65.8%  50.7  278s
 282827 210439   66.50000  185  271  190.16596   65.00000  65.8%  50.7  283s
 292093 211880   65.33333  143  260  190.16596   65.00000  65.8%  50.7  287s
 294090 217214     cutoff  224       190.16596   65.00000  65.8%  50.6  291s
 301254 221350 infeasible  126       190.16596   65.00000  65.8%  50.9  296s
 306836 227839 infeasible  148       190.16596   65.00000  65.8%  51.1  301s
 315924 230247   75.66667  155  214  190.16596   65.00000  65.8%  51.3  305s
 325910 236158   68.66667  153  260  190.16596   65.00000  65.8%  51.4  313s
 327607 241619   65.50000   94  315  190.16596   65.00000  65.8%  51.5  317s
 335240 245326   65.83333   92  288  190.16596   65.00000  65.8%  52.0  322s
 340449 251483   66.11111  147  284  190.16596   65.00000  65.8%  52.2  327s
 349223 253987   66.00000  121  263  190.16596   65.00000  65.8%  52.2  332s
 352975 258133  176.50000  186  182  190.16596   65.00000  65.8%  52.2  337s
 358382 260892  110.16667  140  210  190.16596   65.00000  65.8%  52.3  342s
 362130 267855  152.00000  177  217  190.16596   65.00000  65.8%  52.5  347s
 372502 271720  169.00000  212  192  190.16596   65.00000  65.8%  52.5  352s
 378095 275450   71.33333  159  237  190.16596   65.00000  65.8%  52.6  357s
 383598 277404  167.16667  200  142  190.16596   65.00000  65.8%  52.7  362s
 386593 281821   65.33333  101  279  190.16596   65.00000  65.8%  52.7  368s
 393092 281845   94.33333  184  214  190.16596   65.00000  65.8%  53.1  378s
 393132 287174 infeasible  184       190.16596   65.00000  65.8%  53.1  384s
 401086 287247   69.33333  128  266  190.16596   65.00000  65.8%  53.2  395s
 401233 290858   69.33333  129  267  190.16596   65.00000  65.8%  53.2  400s
 406297 295288  124.33333  243  157  190.16596   65.00000  65.8%  53.3  406s
 413123 298495   81.50000  122  260  190.16596   65.00000  65.8%  53.4  410s
 417523 304345   65.00000  118  306  190.16596   65.00000  65.8%  53.6  415s
 425614 307454  152.33333  220  195  190.16596   65.00000  65.8%  53.9  420s
 429737 312800     cutoff  204       190.16596   65.00000  65.8%  54.0  425s
 437823 316872  145.83629  154  248  190.16596   65.00000  65.8%  53.9  431s
 443662 321689   65.00000  124  255  190.16596   65.00000  65.8%  54.1  437s
 451382 323509  157.00000  116  260  190.16596   65.00000  65.8%  54.1  443s
 453888 328186   65.16667  102  276  190.16596   65.00000  65.8%  54.1  448s
 460692 329996     cutoff  200       190.16596   65.00000  65.8%  54.0  456s
 463504 336160   69.16667  151  261  190.16596   65.00000  65.8%  54.0  462s
 472376 339333   76.83333  137  256  190.16596   65.00000  65.8%  54.2  468s
 476794 345184   65.00000  118  298  190.16596   65.00000  65.8%  54.3  474s
 485235 348742   83.33333  182  232  190.16596   65.00000  65.8%  54.3  479s
 490509 354426   73.50000  108  293  190.16596   65.00000  65.8%  54.3  485s
 498774 356673   94.50000  145  221  190.16596   65.00000  65.8%  54.5  491s
 502093 360282   73.50000  173  202  190.16596   65.00000  65.8%  54.5  496s
 507654 362919   83.16667  196  183  190.16596   65.00000  65.8%  54.7  502s
 511620 370254   82.00000  158  235  190.16596   65.00000  65.8%  54.8  509s
 522619 373363  160.66668  137  238  190.16596   65.00000  65.8%  55.0  515s
 527027 379256  162.83333  154  244  190.16596   65.00000  65.8%  55.0  521s
 536129 382513   65.83840  107  301  190.16596   65.00000  65.8%  55.1  526s
 540904 389732   66.83333  152  266  190.16596   65.00000  65.8%  55.2  535s
 551721 392017   88.17553  188  217  190.16596   65.00000  65.8%  55.3  540s
 559879 398352   68.33418  142  262  190.16596   65.00000  65.8%  55.3  548s
 564317 403609  118.16667  163  171  190.16596   65.00000  65.8%  55.3  553s
 572657 406393   76.50000  198  247  190.16596   65.00000  65.8%  55.3  559s
 576431 414503   82.00000  163  223  190.16596   65.00000  65.8%  55.5  565s
 588325 416789   73.83333  130  228  190.16596   65.00000  65.8%  55.8  571s
 591899 420834   82.83333  116  259  190.16596   65.00000  65.8%  55.8  575s
 598140 423467   65.66667  150  223  190.16596   65.00000  65.8%  55.9  580s
 602163 428735   88.00000  180  174  190.16596   65.00000  65.8%  55.9  585s
 611090 433580   71.33333  194  258  190.16596   65.00000  65.8%  56.3  594s
 617464 435818  156.83886  217  206  190.16596   65.00000  65.8%  56.4  600s

Cutting planes:
  Learned: 328
  Gomory: 24
  Cover: 376
  Implied bound: 226
  Clique: 81
  MIR: 1000
  StrongCG: 2
  Flow cover: 1891
  GUB cover: 7
  RLT: 125
  Relax-and-lift: 729

Cleanup yields a better solution

Explored 620610 nodes (35047784 simplex iterations) in 600.07 seconds
Thread count was 32 (of 64 available processors)

Solution count 10: 190.166 190.167 190.167 ... 191.5

Time limit reached
Best objective 1.892264476617e+02, best bound 6.500000000000e+01, gap 65.6496%
