
Gurobi 9.1.2 (linux64) logging started Thu Mar 31 18:30:14 2022

Changed value of parameter LogFile to ta2_v-N32.log
   Prev:   Default: 
Changed value of parameter MIPFocus to 1
   Prev: 0  Min: 0  Max: 3  Default: 0
Changed value of parameter TimeLimit to 600.0
   Prev: inf  Min: 0.0  Max: inf  Default: inf
Warning: variables 0 and 346 have the same name "X[N31,N1]"
Warning: linear constraint 396 and linear constraint 397 have the same name "weight-constr-t5"
Warning: to let Gurobi read it back, use rlp format
Gurobi Optimizer version 9.1.2 build v9.1.2rc0 (linux64)
Thread count: 32 physical cores, 64 logical processors, using up to 32 threads
Optimize a model with 2512 rows, 2076 columns and 7458 nonzeros
Model fingerprint: 0x2fdc7e01
Variable types: 390 continuous, 1686 integer (1686 binary)
Coefficient statistics:
  Matrix range     [1e+00, 1e+06]
  Objective range  [2e-01, 2e-01]
  Bounds range     [1e+00, 5e+05]
  RHS range        [1e+00, 1e+06]
Presolve removed 120 rows and 126 columns
Presolve time: 0.04s
Presolved: 2392 rows, 1950 columns, 8984 nonzeros
Variable types: 384 continuous, 1566 integer (1566 binary)

Root relaxation: objective 6.500000e+01, 271 iterations, 0.00 seconds

    Nodes    |    Current Node    |     Objective Bounds      |     Work
 Expl Unexpl |  Obj  Depth IntInf | Incumbent    BestBd   Gap | It/Node Time

     0     0   65.00000    0  120          -   65.00000      -     -    0s
     0     0   65.00000    0  201          -   65.00000      -     -    0s
     0     0   65.00000    0  100          -   65.00000      -     -    0s
     0     0   65.00000    0  102          -   65.00000      -     -    0s
H    0     0                     291.6666666   65.00000  77.7%     -    0s
H    0     0                     207.3333333   65.00000  68.6%     -    0s
H    0     0                     205.1666666   65.00000  68.3%     -    0s
H    0     0                     198.1666666   65.00000  67.2%     -    0s
     0     0   65.00000    0   78  198.16667   65.00000  67.2%     -    0s
H    0     0                     176.5000000   65.00000  63.2%     -    0s
     0     0   65.00000    0   79  176.50000   65.00000  63.2%     -    0s
H    0     0                     174.1666666   65.00000  62.7%     -    0s
     0     0   65.00000    0   98  174.16667   65.00000  62.7%     -    0s
     0     0   65.00000    0  121  174.16667   65.00000  62.7%     -    0s
     0     0   65.00000    0   92  174.16667   65.00000  62.7%     -    0s
H    0     0                     156.0000000   65.00000  58.3%     -    0s
H    0     0                     150.0000000   65.00000  56.7%     -    1s
     0     2   65.00000    0   91  150.00000   65.00000  56.7%     -    1s
H    8    16                     149.8333333   65.00000  56.6%   113    1s
H   11    16                     149.6666667   65.00000  56.6%  92.5    1s
H   32    64                     149.5000000   65.00000  56.5%  51.8    1s
H   47    64                     149.3333333   65.00000  56.5%  38.7    1s
H   96   128                     149.1666667   65.00000  56.4%  23.2    3s
H  103   128                     148.8333333   65.00000  56.3%  22.1    3s
H  104   128                     148.6666667   65.00000  56.3%  22.0    3s
H  106   128                     148.5000000   65.00000  56.2%  21.7    3s
H  122   128                     147.8333333   65.00000  56.0%  19.4    3s
H  160   192                     147.3333333   65.00000  55.9%  16.3    4s
H  167   192                     147.1666667   65.00000  55.8%  15.7    4s
   191   224   65.00000   10  123  147.16667   65.00000  55.8%  15.1    5s
H  205   224                     147.1666667   65.00000  55.8%  14.3    5s
H  448   518                     147.1666665   65.00000  55.8%   9.2    5s
H  453   518                     147.1666664   65.00000  55.8%   9.2    5s
H  513   518                     147.1666663   65.00000  55.8%   8.6    5s
H  517   550                     146.9999996   65.00000  55.8%   8.5    5s
H  520   550                     146.8333333   65.00000  55.7%   8.5    5s
H  521   550                     146.6666667   65.00000  55.7%   8.5    5s
H  555   582                     146.5000000   65.00000  55.6%   8.2    6s
H  558   582                     146.4999999   65.00000  55.6%   8.2    6s
H 1222  1242                     146.1666667   65.00000  55.5%   6.3    8s
  6106  5921   67.33334  179  105  146.16667   65.00000  55.5%   5.7   11s
H 6107  5921                     146.0000000   65.00000  55.5%   5.6   11s
H 6122  5921                     145.8333333   65.00000  55.4%   5.7   11s
H 8531  9605                     145.6666667   65.00000  55.4%   5.6   12s
H10605 11348                     145.6250000   65.00000  55.4%   5.6   13s
H12484 15308                     145.5833333   65.00000  55.4%   5.6   13s
H15961 15308                     145.5000000   65.00000  55.3%   5.7   13s
H16475 14546                     145.3333333   65.00000  55.3%   5.6   15s
H16482 13822                     145.3333333   65.00000  55.3%   5.6   16s
H16482 13131                     145.3333333   65.00000  55.3%   5.6   16s
H16524 12525                     145.3333332   65.00000  55.3%   8.3   16s
H16593 11942                     145.3333331   65.00000  55.3%   8.8   19s
 16610 11969   65.00000   22  349  145.33333   65.00000  55.3%   8.9   20s
H16627 11370                     142.3333333   65.00000  54.3%   8.9   20s
H16738 10898                     141.6666667   65.00000  54.1%   9.0   29s
H16739 10363                     141.1666667   65.00000  54.0%   9.0   29s
H16743  9853                     140.8333333   65.00000  53.8%   9.0   29s
H16752  9367                     140.6666667   65.00000  53.8%   9.0   29s
H16770  9286                     140.5000000   65.00000  53.7%   9.0   29s
H16866  8819                     140.3333333   65.00000  53.7%   9.2   29s
H17046  8345                     140.1666667   65.00000  53.6%   9.3   29s
H17058  7947                     140.0000000   65.00000  53.6%   9.3   29s
H17342  8222                     139.6666667   65.00000  53.5%   9.7   29s
 17926  9417   65.00000   41  325  139.66667   65.00000  53.5%  10.2   30s
H18000  9037                     138.3333333   65.00000  53.0%  10.3   30s
H19008  8364                     137.7500000   65.00000  52.8%  11.3   30s
H19610 11414                     137.6666667   65.00000  52.8%  12.0   31s
H20341 10866                     137.4166667   65.00000  52.7%  12.7   31s
H23551 11008                     137.2500000   65.00000  52.6%  14.7   32s
H23600 10717                     136.6666667   65.00000  52.4%  14.7   32s
H23642 10443                     136.5833333   65.00000  52.4%  14.9   32s
H25500  9713                     136.5000000   65.00000  52.4%  16.3   32s
H25527  9468                     136.4166667   65.00000  52.4%  16.3   32s
H26202 11586                     136.3333333   65.00000  52.3%  16.9   33s
H29475 12258                     135.8333333   65.00000  52.1%  19.6   34s
 31034 20588   65.66667   66  305  135.83333   65.00000  52.1%  20.5   36s
H31100 20586                     135.3333333   65.00000  52.0%  20.5   36s
H31363 20586                     135.1666667   65.00000  51.9%  20.8   36s
H37702 20586                     135.0000000   65.00000  51.9%  25.4   36s
H41354 21237                     134.5000000   65.00000  51.7%  27.6   39s
 42134 22917   90.66667  163  225  134.50000   65.00000  51.7%  28.1   40s
 44398 22943   65.33333  107  302  134.50000   65.00000  51.7%  29.2   46s
 51188 28121   71.66668   90  302  134.50000   65.00000  51.7%  33.2   56s
H51209 28121                     134.4999996   65.00000  51.7%  33.2   56s
H51300 30024                     134.4999994   65.00000  51.7%  33.3   57s
H53727 32343                     134.4999993   65.00000  51.7%  35.2   58s
H57100 35517                     134.4999992   65.00000  51.7%  36.4   59s
H57159 35517                     134.4999989   65.00000  51.7%  36.4   59s
 61449 42831   77.00000  210  170  134.50000   65.00000  51.7%  37.5   63s
H70818 42831                     134.4999981   65.00000  51.7%  39.3   63s
H71500 46237                     134.4999980   65.00000  51.7%  39.5   64s
H71559 46237                     134.4999980   65.00000  51.7%  39.5   64s
H72789 46237                     134.4999979   65.00000  51.7%  39.7   64s
 76078 46260 infeasible  106       134.50000   65.00000  51.7%  40.7   73s
H76086 46260                     134.4999979   65.00000  51.7%  40.7   73s
 76119 49262   65.00000   81  329  134.50000   65.00000  51.7%  40.8   75s
 89223 56774   65.66667  125  255  134.50000   65.00000  51.7%  43.0   82s
H89514 56774                     134.4999978   65.00000  51.7%  43.1   82s
H91530 65274                     134.4999935   65.00000  51.7%  43.6   86s
H93773 65274                     134.4999934   65.00000  51.7%  44.1   86s
H103843 68320                     134.4999934   65.00000  51.7%  46.0   89s
 107676 72177   88.83340  221  204  134.49999   65.00000  51.7%  46.9   91s
 112823 72208   67.16667  148  305  134.49999   65.00000  51.7%  47.9  108s
 112856 75804   67.16667  149  307  134.49999   65.00000  51.7%  47.9  111s
 118074 79677   66.00505  149  274  134.49999   65.00000  51.7%  49.0  116s
 123395 88969   72.33333  187  220  134.49999   65.00000  51.7%  49.8  120s
H131825 88969                     134.4999934   65.00000  51.7%  50.0  120s
 145869 99338   69.00000  162  234  134.49999   65.00000  51.7%  51.3  125s
 154635 110146  114.50369  244  119  134.49999   65.00000  51.7%  51.6  130s
 174790 117769   67.50000   90  274  134.49999   65.00000  51.7%  52.9  135s
 178545 121136  128.45190  210  191  134.49999   65.00000  51.7%  53.2  141s
H182149 121136                     134.4999933   65.00000  51.7%  53.4  141s
 188158 124742   66.83333  131  278  134.49999   65.00000  51.7%  53.8  153s
 188202 145444   66.83333  132  283  134.49999   65.00000  51.7%  53.8  164s
 220234 150584 infeasible  198       134.49999   65.00000  51.7%  55.9  168s
 228112 155255   67.83333  154  256  134.49999   65.00000  51.7%  56.5  170s
 244928 161896  103.33333  171  237  134.49999   65.00000  51.7%  57.0  184s
 244967 165051  103.33333  172  240  134.49999   65.00000  51.7%  57.0  186s
 257924 174172   72.83333  152  233  134.49999   65.00000  51.7%  58.1  191s
 267890 179844  126.83333  161  220  134.49999   65.00000  51.7%  58.4  195s
 282090 190548   76.33333  187  202  134.49999   65.00000  51.7%  59.2  202s
 295689 196371   82.16667  121  248  134.49999   65.00000  51.7%  59.5  206s
 304838 199230   66.00000  156  251  134.49999   65.00000  51.7%  59.8  217s
 309803 202518   77.16667  199  273  134.49999   65.00000  51.7%  60.0  230s
 312292 209234   65.00000  123  301  134.49999   65.00000  51.7%  60.3  236s
 325116 215929   65.16803  197  224  134.49999   65.00000  51.7%  61.0  241s
 336408 219761   92.00000  177  222  134.49999   65.00000  51.7%  61.2  256s
 341869 228579   66.35606  155  296  134.49999   65.00000  51.7%  61.4  262s
 351253 230023 infeasible  159       134.49999   65.00000  51.7%  61.6  266s
 359679 236338 infeasible  154       134.49999   65.00000  51.7%  61.6  270s
 371156 245226  122.66667  181  233  134.49999   65.00000  51.7%  61.6  276s
 379603 247579   68.00000  123  278  134.49999   65.00000  51.7%  61.9  280s
 394924 258070   68.16694  177  246  134.49999   65.00000  51.7%  62.3  287s
 400243 260397   74.33333  122  234  134.49999   65.00000  51.7%  62.3  292s
 403891 269850   65.00000  112  288  134.49999   65.00000  51.7%  62.4  298s
 419917 273432   67.83333  127  273  134.49999   65.00000  51.7%  62.5  300s
 430618 278695   69.22809  154  285  134.49999   65.00000  51.7%  62.9  307s
 434400 289293   87.27342  141  294  134.49999   65.00000  51.7%  63.0  314s
 450917 292687  109.66618  135  244  134.49999   65.00000  51.7%  63.3  317s
 457043 292714   69.33333  129  277  134.49999   65.00000  51.7%  63.3  325s
 462959 300578   79.21714  200  212  134.49999   65.00000  51.7%  63.4  331s
 476473 303696   65.83333  111  343  134.49999   65.00000  51.7%  63.4  341s
 477351 307809   67.16667  138  274  134.49999   65.00000  51.7%  63.4  345s
 483763 307836   74.33333  165  243  134.49999   65.00000  51.7%  63.4  355s
 491909 318286   92.05435  182  212  134.49999   65.00000  51.7%  63.6  362s
 504996 322568  101.87491  173  215  134.49999   65.00000  51.7%  63.7  365s
 519083 328086   65.66871  150  294  134.49999   65.00000  51.7%  63.9  378s
 519140 331113   66.83333  151  288  134.49999   65.00000  51.7%  63.9  380s
 530869 339528   87.00000  153  249  134.49999   65.00000  51.7%  64.2  386s
 542055 345227   66.33405  138  273  134.49999   65.00000  51.7%  64.4  390s
 551843 349014   65.33333  146  274  134.49999   65.00000  51.7%  64.6  396s
 555097 353356   84.16667  168  228  134.49999   65.00000  51.7%  64.7  400s
 562954 356860  110.00000  172  238  134.49999   65.00000  51.7%  64.7  405s
 574198 359712   83.37628  177  244  134.49999   65.00000  51.7%  65.0  417s
 574235 362782   83.37628  178  249  134.49999   65.00000  51.7%  65.0  420s
 588515 372341     cutoff  173       134.49999   65.00000  51.7%  65.3  428s
 595463 373690   65.00000  115  322  134.49999   65.00000  51.7%  65.5  433s
 597955 377573   65.00000  134  308  134.49999   65.00000  51.7%  65.6  436s
 604168 379817   67.83333  142  262  134.49999   65.00000  51.7%  65.8  442s
 607670 383783   69.00000  169  258  134.49999   65.00000  51.7%  65.8  445s
 614618 386676 infeasible  194       134.49999   65.00000  51.7%  66.0  450s
 627442 393816   65.00000  109  285  134.49999   65.00000  51.7%  66.2  456s
 636837 397041   65.16667  166  292  134.49999   65.00000  51.7%  66.3  462s
 643813 400525   65.00000  111  320  134.49999   65.00000  51.7%  66.3  474s
H643855 399057                     131.8333333   65.00000  50.7%  66.3  474s
 643857 402607   65.00000  112  322  131.83333   65.00000  50.7%  66.3  477s
H645864 402607                     131.8333333   65.00000  50.7%  66.3  477s
 650073 402635   66.00000  157  251  131.83333   65.00000  50.7%  66.3  487s
H650074 402635                     131.8333333   65.00000  50.7%  66.3  487s
H650079 402635                     131.8333331   65.00000  50.7%  66.3  487s
H650082 402635                     131.8333328   65.00000  50.7%  66.3  487s
 650109 420693   66.00000  158  250  131.83333   65.00000  50.7%  66.3  499s
 682141 424851  114.00000  227  170  131.83333   65.00000  50.7%  66.5  503s
 689984 427405 infeasible  180       131.83333   65.00000  50.7%  66.5  505s
 705516 435706  104.17079  145  280  131.83333   65.00000  50.7%  66.6  511s
 714446 442643     cutoff  170       131.83333   65.00000  50.7%  66.6  516s
 726893 445515   65.50000  136  320  131.83333   65.00000  50.7%  66.8  528s
 726934 448824   65.52083  137  321  131.83333   65.00000  50.7%  66.8  530s
 742814 456304 infeasible  196       131.83333   65.00000  50.7%  66.8  536s
 755927 461698   73.16667  146  239  131.83333   65.00000  50.7%  66.9  541s
 762154 467897 infeasible  185       131.83333   65.00000  50.7%  66.9  545s
 777002 478603   65.66667  164  284  131.83333   65.00000  50.7%  67.0  552s
 789979 483880  119.00054  169  190  131.83333   65.00000  50.7%  67.0  556s
 799553 487297   70.16667  134  235  131.83333   65.00000  50.7%  67.0  563s
 802106 490347   67.83333  177  279  131.83333   65.00000  50.7%  67.0  565s
 818106 497149   78.50000  181  250  131.83333   65.00000  50.7%  67.0  570s
 824038 499027   80.83333  196  228  131.83333   65.00000  50.7%  67.1  582s
 830678 502600   91.33333  174  247  131.83333   65.00000  50.7%  67.1  591s
H831335 504461                     131.8333328   65.00000  50.7%  67.0  594s
H832477 504461                     131.8333325   65.00000  50.7%  67.1  594s
 834199 507216   65.00000  127  289  131.83333   65.00000  50.7%  67.1  596s
H834200 507216                     131.8333325   65.00000  50.7%  67.1  596s
H834307 507216                     131.8333320   65.00000  50.7%  67.1  596s
H834551 507216                     131.8333316   65.00000  50.7%  67.1  596s
H836312 507216                     131.8333310   65.00000  50.7%  67.1  596s
 838649 511158 infeasible  164       131.83333   65.00000  50.7%  67.1  600s
H839726 511158                     131.8333310   65.00000  50.7%  67.1  600s

Cutting planes:
  Learned: 241
  Gomory: 29
  Cover: 432
  Implied bound: 241
  Clique: 83
  MIR: 1146
  StrongCG: 7
  Flow cover: 1805
  GUB cover: 12
  Zero half: 1
  RLT: 85
  Relax-and-lift: 816

Explored 845753 nodes (56779278 simplex iterations) in 600.17 seconds
Thread count was 32 (of 64 available processors)

Solution count 10: 131.833 131.833 131.833 ... 131.833

Time limit reached
Best objective 1.318333309887e+02, best bound 6.500000000000e+01, gap 50.6953%
