
Gurobi 9.1.2 (linux64) logging started Thu Mar 31 10:38:09 2022

Changed value of parameter LogFile to ta2_v-N2.log
   Prev:   Default: 
Changed value of parameter MIPFocus to 1
   Prev: 0  Min: 0  Max: 3  Default: 0
Changed value of parameter TimeLimit to 600.0
   Prev: inf  Min: 0.0  Max: inf  Default: inf
Warning: variables 0 and 346 have the same name "X[N31,N1]"
Warning: linear constraint 396 and linear constraint 397 have the same name "weight-constr-t5"
Warning: to let Gurobi read it back, use rlp format
Gurobi Optimizer version 9.1.2 build v9.1.2rc0 (linux64)
Thread count: 32 physical cores, 64 logical processors, using up to 32 threads
Optimize a model with 2500 rows, 2076 columns and 7428 nonzeros
Model fingerprint: 0x86c2ee8f
Variable types: 390 continuous, 1686 integer (1686 binary)
Coefficient statistics:
  Matrix range     [1e+00, 1e+06]
  Objective range  [2e-01, 2e-01]
  Bounds range     [1e+00, 5e+05]
  RHS range        [1e+00, 1e+06]
Presolve removed 102 rows and 114 columns
Presolve time: 0.04s
Presolved: 2398 rows, 1962 columns, 9182 nonzeros
Variable types: 384 continuous, 1578 integer (1578 binary)

Root relaxation: objective 6.500000e+01, 267 iterations, 0.00 seconds

    Nodes    |    Current Node    |     Objective Bounds      |     Work
 Expl Unexpl |  Obj  Depth IntInf | Incumbent    BestBd   Gap | It/Node Time

     0     0   65.00000    0  101          -   65.00000      -     -    0s
     0     0   65.00000    0  190          -   65.00000      -     -    0s
     0     0   65.00000    0  194          -   65.00000      -     -    0s
     0     0   65.00000    0   93          -   65.00000      -     -    0s
     0     0   65.00000    0   97          -   65.00000      -     -    0s
     0     0   65.00000    0   81          -   65.00000      -     -    0s
     0     0   65.00000    0   93          -   65.00000      -     -    0s
     0     0   65.00000    0   93          -   65.00000      -     -    0s
     0     0   65.00000    0  101          -   65.00000      -     -    0s
H    0     0                    4696848.8333   65.00000   100%     -    0s
     0     0   65.00000    0   78 4696848.83   65.00000   100%     -    0s
H    0     0                     220.5000000   65.00000  70.5%     -    1s
H    0     0                     220.1666667   65.00000  70.5%     -    1s
H    0     2                     219.1666667   65.00000  70.3%     -    1s
     0     2   65.00000    0   78  219.16667   65.00000  70.3%     -    1s
H    1     4                     219.0000000   65.00000  70.3%   771    1s
H    3     8                     218.5000000   65.00000  70.3%   261    1s
H    7    16                     218.0000000   65.00000  70.2%   129    1s
H   11    16                     217.5000000   65.00000  70.1%  87.5    1s
H   31    64                     215.3333333   65.00000  69.8%  41.4    1s
H   39    64                     214.1666667   65.00000  69.6%  34.1    1s
H   47    64                     213.8333333   65.00000  69.6%  30.4    1s
H   95   128                     203.5000000   65.00000  68.1%  19.7    4s
H   96   128                     198.5000000   65.00000  67.3%  19.5    4s
H  119   128                     197.9166667   65.00000  67.2%  16.7    4s
H  159   192                     195.2500000   65.00000  66.7%  13.7    7s
H  160   192                     189.7500000   65.00000  65.7%  13.7    7s
H  165   192                     187.1666667   65.00000  65.3%  13.5    7s
H  191   224                     182.8333333   65.00000  64.4%  12.4    9s
H  192   224                     178.0000000   65.00000  63.5%  12.4    9s
H  209   224                     175.2777778   65.00000  62.9%  11.7    9s
H  223   448                     174.7777778   65.00000  62.8%  11.4    9s
H  237   448                     174.6111111   65.00000  62.8%  11.0    9s
H  265   448                     174.2777778   65.00000  62.7%  10.3    9s
H  286   448                     174.0555556   65.00000  62.7%  10.0    9s
H  447   480                     166.6111111   65.00000  61.0%   8.2   11s
H  479   512                     163.1111111   65.00000  60.1%   7.9   12s
H  488   512                     161.6111111   65.00000  59.8%   7.9   12s
H  500   512                     161.0000000   65.00000  59.6%   7.8   12s
H 2300  3715                     155.7777778   65.00000  58.3%   5.6   13s
H 2362  3715                     152.3060606   65.00000  57.3%   5.7   13s
H 2424  3715                     150.7727254   65.00000  56.9%   5.7   13s
H 2696  3715                     150.2777778   65.00000  56.7%   5.7   13s
H 2954  3715                     149.7777778   65.00000  56.6%   5.7   13s
H 4000  4301                     148.6111111   65.00000  56.3%   5.7   14s
H 4228  4301                     148.4393939   65.00000  56.2%   5.8   14s
H 4363  4300                     148.2727272   65.00000  56.2%   5.7   14s
H 4569  4324                     143.1969697   65.00000  54.6%   5.7   16s
H 4603  4353                     142.8125000   65.00000  54.5%   5.7   18s
H 4609  4353                     141.7916667   65.00000  54.2%   5.7   18s
H 4830  6452                     141.6250000   65.00000  54.1%   5.7   19s
  6969  7926   68.33333   72   97  141.62500   65.00000  54.1%   5.7   20s
H 8525  7926                     141.5416667   65.00000  54.1%   5.7   20s
H 8900 11124                     141.5166667   65.00000  54.1%   5.7   21s
H11282 11124                     141.4583333   65.00000  54.1%   5.7   21s
H16070 14633                     140.7916667   65.00000  53.8%   5.8   22s
H16641 13905                     140.6250000   65.00000  53.8%   5.8   23s
H16641 13209                     140.4583333   65.00000  53.7%   5.8   23s
 16744 13310   65.00000   20  294  140.45833   65.00000  53.7%   8.2   27s
 17175 14347   65.00000   26  300  140.45833   65.00000  53.7%   8.7   30s
H21264 19190                     140.3333333   65.00000  53.7%  12.7   32s
H25732 17097                     140.0000000   65.00000  53.6%  14.9   32s
H27210 19159                     140.0000000   65.00000  53.6%  16.2   34s
H29484 17863                     140.0000000   65.00000  53.6%  17.6   34s
 29505 25738   65.83333   93  326  140.00000   65.00000  53.6%  17.6   36s
 39609 22398   73.50000  153  243  140.00000   65.00000  53.6%  22.0   42s
 44050 25965  111.00832  180  244  140.00000   65.00000  53.6%  25.0   45s
H51902 28094                     139.9999998   65.00000  53.6%  28.6   47s
H51927 28094                     139.9999951   65.00000  53.6%  28.6   47s
H52000 30616                     139.9999951   65.00000  53.6%  28.6   48s
H52160 30616                     139.9999929   65.00000  53.6%  28.7   48s
H52382 30616                     139.9999904   65.00000  53.6%  28.7   48s
H55354 30616                     139.9999904   65.00000  53.6%  29.6   48s
 58481 39024  109.16667  174  236  139.99999   65.00000  53.6%  30.7   51s
H59509 38936                     139.8333333   65.00000  53.5%  30.8   51s
H67405 42292                     139.5000000   65.00000  53.4%  34.1   52s
H70994 42322                     139.4999998   65.00000  53.4%  35.3   54s
 71028 44109   68.33406  154  278  139.50000   65.00000  53.4%  35.3   55s
H71054 44109                     139.4999998   65.00000  53.4%  35.3   55s
H77334 49897                     139.4995406   65.00000  53.4%  38.6   57s
 84619 54156  104.16667  120  249  139.49954   65.00000  53.4%  39.8   61s
 96541 63581   70.33333  158  253  139.49954   65.00000  53.4%  41.0   65s
 107133 70044   68.16667  141  300  139.49954   65.00000  53.4%  41.9   71s
 116857 79342   72.16667  117  231  139.49954   65.00000  53.4%  43.3   75s
 140104 88795 infeasible  167       139.49954   65.00000  53.4%  45.0   85s
 148994 95369   65.00000   74  294  139.49954   65.00000  53.4%  45.4   92s
 149934 103216   65.00000   81  317  139.49954   65.00000  53.4%  45.4  103s
 161103 121817   65.00000   95  257  139.49954   65.00000  53.4%  46.2  109s
 185842 121817   66.66667  158  262  139.49954   65.00000  53.4%  48.7  110s
 201449 132484   65.00000  139  280  139.49954   65.00000  53.4%  49.1  116s
 214208 142852   90.71007  141  237  139.49954   65.00000  53.4%  50.0  121s
 221736 157092   72.00000  158  254  139.49954   65.00000  53.4%  50.2  129s
 240622 161277   65.00000  163  262  139.49954   65.00000  53.4%  50.9  131s
 247309 161294  130.50000  174  176  139.49954   65.00000  53.4%  51.1  140s
H247335 161247                     139.1666667   65.00000  53.3%  51.1  140s
H247499 164562                     139.0000000   65.00000  53.2%  51.2  141s
H247763 164543                     138.8333333   65.00000  53.2%  51.2  141s
H247882 164541                     138.7916667   65.00000  53.2%  51.2  141s
H248546 164517                     138.6250000   65.00000  53.1%  51.3  141s
H249077 164495                     138.5000000   65.00000  53.1%  51.3  141s
 258102 172520   71.66956  191  235  138.50000   65.00000  53.1%  52.3  146s
H262063 172520                     138.5000000   65.00000  53.1%  52.4  146s
H276328 183760                     138.4999999   65.00000  53.1%  52.9  151s
H280072 183760                     138.4999996   65.00000  53.1%  53.0  151s
H287182 188915                     138.4999890   65.00000  53.1%  53.5  153s
 289156 192512   65.17087  154  260  138.49999   65.00000  53.1%  53.6  155s
 295219 192530   78.75000  194  207  138.49999   65.00000  53.1%  53.9  161s
 303653 200791   88.84848  180  267  138.49999   65.00000  53.1%  54.3  166s
 313360 208698   65.26042  227  179  138.49999   65.00000  53.1%  54.6  170s
 323334 208728   65.00000  146  298  138.49999   65.00000  53.1%  54.8  177s
 327200 211209 infeasible  182       138.49999   65.00000  53.1%  55.0  180s
H327216 211209                     138.4999889   65.00000  53.1%  55.0  180s
 334869 217222   65.16667  150  290  138.49999   65.00000  53.1%  55.2  188s
 337149 217244   75.50000  182  256  138.49999   65.00000  53.1%  55.2  196s
 344173 226376   65.00000  135  300  138.49999   65.00000  53.1%  55.5  200s
 362168 236731 infeasible  114       138.49999   65.00000  53.1%  55.9  205s
 379188 246108 infeasible  197       138.49999   65.00000  53.1%  55.9  211s
 393856 254089 infeasible  164       138.49999   65.00000  53.1%  56.1  215s
H404518 260860                     138.4999872   65.00000  53.1%  56.5  218s
 407860 264866   70.00000  187  248  138.49999   65.00000  53.1%  56.5  220s
 426483 275806   69.00000  142  207  138.49999   65.00000  53.1%  57.0  225s
H437712 281777                     138.4999863   65.00000  53.1%  57.1  229s
 441348 284517   65.83333  170  252  138.49999   65.00000  53.1%  57.2  230s
 458493 293612   74.66667  153  222  138.49999   65.00000  53.1%  57.4  236s
 467354 297027   67.00000  109  299  138.49999   65.00000  53.1%  57.8  242s
 472117 303836   75.37017  169  218  138.49999   65.00000  53.1%  57.8  245s
 491321 314566   89.16667  196  205  138.49999   65.00000  53.1%  57.7  251s
 496009 314594   67.66667   93  295  138.49999   65.00000  53.1%  57.7  255s
 499959 317295   77.33333  109  306  138.49999   65.00000  53.1%  57.8  267s
 503763 322809 infeasible  173       138.49999   65.00000  53.1%  57.9  272s
 508582 343202   67.66667  184  235  138.49999   65.00000  53.1%  58.0  282s
 540614 343211   76.84783  223  230  138.49999   65.00000  53.1%  58.2  285s
 540669 363686   77.35088  224  229  138.49999   65.00000  53.1%  58.2  308s
 572701 369732 infeasible  213       138.49999   65.00000  53.1%  58.4  311s
 590040 377743     cutoff  222       138.49999   65.00000  53.1%  58.5  316s
 604403 389906  129.00000  192  185  138.49999   65.00000  53.1%  58.4  321s
 614444 389935   67.50000  137  288  138.49999   65.00000  53.1%  58.2  328s
 617647 394357   65.00000  135  298  138.49999   65.00000  53.1%  58.3  331s
 630589 400939  132.16667  202  214  138.49999   65.00000  53.1%  58.5  336s
 635287 409299   67.50000  153  286  138.49999   65.00000  53.1%  58.6  340s
 652241 417699  118.17064  268  158  138.49999   65.00000  53.1%  58.8  345s
 667587 428507   82.33664  187  251  138.49999   65.00000  53.1%  58.7  351s
 681599 431390   67.66667  148  222  138.49999   65.00000  53.1%  58.5  360s
 687259 434206  119.16704  148  211  138.49999   65.00000  53.1%  58.6  384s
 687295 436930   66.00000  148  285  138.49999   65.00000  53.1%  58.6  386s
 696665 445012   65.00000  175  291  138.49999   65.00000  53.1%  58.6  391s
 703954 445030   90.83333  194  225  138.49999   65.00000  53.1%  58.8  403s
 704000 448530 infeasible  194       138.49999   65.00000  53.1%  58.8  405s
 714990 455786   67.00565  143  232  138.49999   65.00000  53.1%  58.9  412s
 727225 465659  128.00868  188  187  138.49999   65.00000  53.1%  59.0  416s
 745383 475001   76.33333  165  225  138.49999   65.00000  53.1%  59.1  421s
 754489 478051   67.67101  163  290  138.49999   65.00000  53.1%  59.2  426s
 759742 487054  103.00000  167  213  138.49999   65.00000  53.1%  59.2  430s
 783862 499918  126.66667  161  198  138.49999   65.00000  53.1%  59.3  436s
 797159 505893 infeasible  140       138.49999   65.00000  53.1%  59.4  442s
 802593 512058   65.00000  100  256  138.49999   65.00000  53.1%  59.3  445s
 818749 519679  111.83333  240  187  138.49999   65.00000  53.1%  59.4  458s
 818790 541554  111.83333  241  185  138.49999   65.00000  53.1%  59.4  467s
 850822 546938 infeasible  216       138.49999   65.00000  53.1%  59.6  470s
 874787 559177   65.00000  103  299  138.49999   65.00000  53.1%  59.6  476s
 885051 568444     cutoff  163       138.49999   65.00000  53.1%  59.5  480s
 909226 580586   65.00000  168  268  138.49999   65.00000  53.1%  59.6  486s
 918994 584003 infeasible  217       138.49999   65.00000  53.1%  59.5  494s
 919169 603242 infeasible  216       138.49999   65.00000  53.1%  59.5  512s
 951201 608211   72.33333  111  242  138.49999   65.00000  53.1%  59.7  516s
 964224 611027  116.33333  193  186  138.49999   65.00000  53.1%  59.7  527s
 964264 611610  115.33333  192  189  138.49999   65.00000  53.1%  59.7  530s
 976336 621387   81.52430  200  230  138.49999   65.00000  53.1%  59.6  535s
 982554 621402   65.00000  144  274  138.49999   65.00000  53.1%  59.6  556s
 982603 639214   65.00000  144  269  138.49999   65.00000  53.1%  59.6  566s
 1019895 646673   72.00145  190  231  138.49999   65.00000  53.1%  59.9  572s
 1033025 653480 infeasible  188       138.49999   65.00000  53.1%  59.9  575s
 1053397 662544   82.66667  119  251  138.49999   65.00000  53.1%  59.9  581s
 1064827 669618 infeasible  216       138.49999   65.00000  53.1%  59.9  585s
 1072742 677427   72.34853  134  273  138.49999   65.00000  53.1%  60.0  590s
 1094934 686630 infeasible  221       138.49999   65.00000  53.1%  60.1  597s
 1098444 686656   65.00000  159  241  138.49999   65.00000  53.1%  60.1  600s

Cutting planes:
  Learned: 269
  Gomory: 28
  Cover: 425
  Implied bound: 211
  Clique: 86
  MIR: 1018
  StrongCG: 4
  Flow cover: 1579
  GUB cover: 9
  Zero half: 1
  Mod-K: 1
  RLT: 97
  Relax-and-lift: 775

Explored 1098482 nodes (66058207 simplex iterations) in 600.02 seconds
Thread count was 32 (of 64 available processors)

Solution count 10: 138.5 138.5 138.5 ... 138.833

Time limit reached
Best objective 1.384999862850e+02, best bound 6.500000000000e+01, gap 53.0686%
