
Gurobi 9.1.2 (linux64) logging started Thu Mar 31 15:49:31 2022

Changed value of parameter LogFile to ta2_v-N24.log
   Prev:   Default: 
Changed value of parameter MIPFocus to 1
   Prev: 0  Min: 0  Max: 3  Default: 0
Changed value of parameter TimeLimit to 600.0
   Prev: inf  Min: 0.0  Max: inf  Default: inf
Warning: variables 0 and 346 have the same name "X[N31,N1]"
Warning: linear constraint 396 and linear constraint 397 have the same name "weight-constr-t5"
Warning: to let Gurobi read it back, use rlp format
Gurobi Optimizer version 9.1.2 build v9.1.2rc0 (linux64)
Thread count: 32 physical cores, 64 logical processors, using up to 32 threads
Optimize a model with 2476 rows, 2076 columns and 7368 nonzeros
Model fingerprint: 0x112ff8ca
Variable types: 390 continuous, 1686 integer (1686 binary)
Coefficient statistics:
  Matrix range     [1e+00, 1e+06]
  Objective range  [2e-01, 2e-01]
  Bounds range     [1e+00, 5e+05]
  RHS range        [1e+00, 1e+06]
Presolve removed 132 rows and 156 columns
Presolve time: 0.04s
Presolved: 2344 rows, 1920 columns, 8775 nonzeros
Variable types: 384 continuous, 1536 integer (1536 binary)

Root relaxation: objective 6.500000e+01, 262 iterations, 0.00 seconds

    Nodes    |    Current Node    |     Objective Bounds      |     Work
 Expl Unexpl |  Obj  Depth IntInf | Incumbent    BestBd   Gap | It/Node Time

     0     0   65.00000    0  109          -   65.00000      -     -    0s
     0     0   65.00000    0  181          -   65.00000      -     -    0s
     0     0   65.00000    0  181          -   65.00000      -     -    0s
     0     0   65.00000    0   72          -   65.00000      -     -    0s
     0     0   65.00000    0   77          -   65.00000      -     -    0s
     0     0   65.00000    0   84          -   65.00000      -     -    0s
     0     0   65.00000    0   84          -   65.00000      -     -    0s
     0     0   65.00000    0  101          -   65.00000      -     -    0s
H    0     0                    6504510.6667   65.00000   100%     -    0s
     0     0   65.00000    0   80 6504510.67   65.00000   100%     -    0s
H    0     0                     412.8333269   65.00000  84.3%     -    0s
H    0     0                     317.0000000   65.00000  79.5%     -    0s
H    0     0                     222.6666667   65.00000  70.8%     -    0s
H    0     0                     222.0000000   65.00000  70.7%     -    0s
H    0     2                     219.5000000   65.00000  70.4%     -    0s
     0     2   65.00000    0   65  219.50000   65.00000  70.4%     -    0s
H    1     4                     219.3333333   65.00000  70.4%   318    0s
H    5     8                     217.9166667   65.00000  70.2%  88.4    0s
H    8    16                     216.9166667   65.00000  70.0%  75.1    0s
H   31    64                     216.5833333   65.00000  70.0%  34.9    1s
H   38    64                     215.9166667   65.00000  69.9%  28.9    1s
H   41    64                     215.2500000   65.00000  69.8%  27.1    1s
H   42    64                     209.7500000   65.00000  69.0%  26.5    1s
H   56    64                     201.7500000   65.00000  67.8%  21.7    1s
H   95   128                     200.5833333   65.00000  67.6%  14.8    2s
H   95   128                     197.5833333   65.00000  67.1%  14.8    2s
H   96   128                     197.2500000   65.00000  67.0%  14.7    2s
H   97   128                     187.3333333   65.00000  65.3%  14.6    2s
H  100   128                     178.8333333   65.00000  63.7%  14.3    2s
H  127   160                     178.1666664   65.00000  63.5%  12.0    4s
H  129   160                     177.0000000   65.00000  63.3%  11.9    4s
H  130   160                     174.0000000   65.00000  62.6%  11.9    4s
H  138   160                     173.1666667   65.00000  62.5%  11.6    4s
H  156   160                     171.0000000   65.00000  62.0%  10.7    4s
H  159   192                     160.6666667   65.00000  59.5%  10.6    7s
H  163   192                     160.6468226   65.00000  59.5%  10.4    7s
H  255   624                     160.5000000   65.00000  59.5%   7.9    7s
H  303   624                     160.4801559   65.00000  59.5%   7.4    7s
H  315   624                     160.0000000   65.00000  59.4%   7.2    7s
H  328   624                     159.5000000   65.00000  59.2%   7.1    7s
H  639  1096                     158.1666667   65.00000  58.9%   6.1    9s
H  684  1096                     157.0000000   65.00000  58.6%   5.9    9s
H 1105  1127                     156.3333333   65.00000  58.4%   5.6   10s
H 1107  1127                     155.3333333   65.00000  58.2%   5.6   10s
H 1114  1127                     154.8333333   65.00000  58.0%   5.6   10s
H 2663  5134                     154.6666667   65.00000  58.0%   5.3   11s
H 9846  9656                     154.5000000   65.00000  57.9%   5.5   12s
H10237  9686                     154.4999998   65.00000  57.9%   5.5   13s
H10238  9686                     153.1666667   65.00000  57.6%   5.5   13s
H10243  9686                     153.1666666   65.00000  57.6%   5.5   13s
 10268  9716   65.00000   61   91  153.16667   65.00000  57.6%   5.5   15s
H10280  9716                     152.6666667   65.00000  57.4%   5.5   15s
H10295  9716                     152.1666667   65.00000  57.3%   5.5   15s
H12328 12838                     152.0000000   65.00000  57.2%   5.6   16s
H12617 12832                     149.3333333   65.00000  56.5%   5.6   17s
H13900 16344                     149.0000000   65.00000  56.4%   5.6   17s
H14062 16344                     148.8333333   65.00000  56.3%   5.6   17s
H16454 16344                     148.8333333   65.00000  56.3%   5.6   17s
H17932 15528                     148.6666667   65.00000  56.3%   5.6   18s
H17932 14752                     148.6666666   65.00000  56.3%   5.6   18s
H17938 14018                     148.4166667   65.00000  56.2%   5.6   19s
H17942 13319                     148.2500000   65.00000  56.2%   5.6   19s
H17942 12652                     148.1666667   65.00000  56.1%   5.6   19s
 17958 12680   65.00000   14  289  148.16667   65.00000  56.1%   7.3   20s
H18049 12114                     146.3333333   65.00000  55.6%   8.1   23s
H18105 11557                     145.6666667   65.00000  55.4%   8.2   24s
H18118 10982                     143.1666667   65.00000  54.6%   8.2   24s
H18582 10765                     137.0000000   65.00000  52.6%   8.7   24s
H18583 10249                     136.1111111   65.00000  52.2%   8.7   24s
 18614 11062   67.00000   25  236  136.11111   65.00000  52.2%   8.8   25s
H18641 10563                     135.9444444   65.00000  52.2%   8.8   25s
H18668 10089                     135.8333333   65.00000  52.1%   8.9   25s
H19288  9441                     135.7777778   65.00000  52.1%   9.5   25s
H19592  9704                     135.5000000   65.00000  52.0%   9.7   26s
H20704 13356                     135.1666667   65.00000  51.9%  10.8   27s
H27197 13155                     135.0833333   65.00000  51.9%  14.3   29s
 28208 12847   65.00000   35  258  135.08333   65.00000  51.9%  14.8   30s
H28241 12476                     135.0833333   65.00000  51.9%  14.8   30s
H28302 12586                     135.0833332   65.00000  51.9%  14.9   32s
H28398 12229                     135.0833332   65.00000  51.9%  14.9   32s
H28487 11891                     135.0833324   65.00000  51.9%  14.9   32s
H28800 15186                     135.0833324   65.00000  51.9%  15.0   33s
H29034 14829                     135.0833324   65.00000  51.9%  15.1   33s
H29237 14496                     135.0833323   65.00000  51.9%  15.1   33s
 33269 20773   65.00000   70  272  135.08333   65.00000  51.9%  16.3   35s
H33500 20773                     135.0833323   65.00000  51.9%  16.4   35s
 45453 22743   71.00000  101  240  135.08333   65.00000  51.9%  20.0   42s
H45455 22743                     135.0833322   65.00000  51.9%  20.0   42s
H45677 24520                     135.0833321   65.00000  51.9%  20.0   42s
H45739 24520                     135.0833321   65.00000  51.9%  20.0   42s
H51098 27227                     135.0833321   65.00000  51.9%  21.6   44s
H51356 28221                     135.0833321   65.00000  51.9%  21.6   44s
 52582 30790   65.00000   97  279  135.08333   65.00000  51.9%  22.0   45s
H52700 30790                     135.0833321   65.00000  51.9%  22.0   45s
H56708 32673                     134.9000000   65.00000  51.8%  23.1   46s
H61030 35463                     134.9000000   65.00000  51.8%  24.3   47s
H62022 36276                     134.5666666   65.00000  51.7%  24.7   48s
 63090 42553   65.33333  102  218  134.56667   65.00000  51.7%  25.3   50s
H63100 42516                     134.4166667   65.00000  51.6%  25.3   50s
H71228 44440                     134.4166665   65.00000  51.6%  27.5   51s
H74308 47069                     134.4166664   65.00000  51.6%  27.9   52s
H74923 47068                     134.0000000   65.00000  51.5%  28.0   52s
H77550 47089                     133.8333333   65.00000  51.4%  28.5   53s
H77551 47089                     133.8333323   65.00000  51.4%  28.5   53s
H77554 47088                     133.7500000   65.00000  51.4%  28.5   53s
H77572 47072                     133.4166667   65.00000  51.3%  28.5   53s
 81038 49715   66.66667   38  260  133.41667   65.00000  51.3%  29.3   59s
H81049 49715                     133.4166666   65.00000  51.3%  29.3   59s
H81057 49715                     133.4166665   65.00000  51.3%  29.3   59s
 81074 52865   66.66667   39  255  133.41667   65.00000  51.3%  29.3   61s
H81100 52865                     133.4166665   65.00000  51.3%  29.3   61s
 95021 68323   70.00000   90  237  133.41667   65.00000  51.3%  31.7   66s
H115028 74749                     133.4166664   65.00000  51.3%  33.7   68s
H118472 76990                     133.4166664   65.00000  51.3%  33.9   70s
H118600 80943                     133.4166663   65.00000  51.3%  33.9   71s
H128734 85192                     133.4166660   65.00000  51.3%  34.6   73s
 129952 90061   72.83333  159  244  133.41667   65.00000  51.3%  34.6   75s
 151916 104426   66.50000  150  221  133.41667   65.00000  51.3%  36.5   81s
 164912 113952   74.18230  119  258  133.41667   65.00000  51.3%  38.2   85s
H172508 117010                     133.4166651   65.00000  51.3%  38.6   86s
 179928 120292  102.08430  109  210  133.41667   65.00000  51.3%  39.0   90s
 180900 124845   65.50000  109  267  133.41667   65.00000  51.3%  39.1   95s
H182103 124845                     133.4166649   65.00000  51.3%  39.3   95s
H187032 128697                     133.4166648   65.00000  51.3%  39.9   97s
 192448 130066   65.50000  114  223  133.41666   65.00000  51.3%  40.4  101s
 194448 130094   94.33333  152  204  133.41666   65.00000  51.3%  40.5  113s
 194483 131424   94.33333  153  192  133.41666   65.00000  51.3%  40.5  117s
 196346 139675   65.00000  126  260  133.41666   65.00000  51.3%  40.5  120s
 215770 149594   70.00000  153  213  133.41666   65.00000  51.3%  41.5  125s
 233615 159820  129.33464  124  200  133.41666   65.00000  51.3%  42.6  131s
 243527 166901   65.33333  122  252  133.41666   65.00000  51.3%  43.2  135s
 257453 173445   65.00000  109  251  133.41666   65.00000  51.3%  43.5  140s
H264846 177744                     133.4166647   65.00000  51.3%  43.8  142s
 266970 182441   65.00000   87  263  133.41666   65.00000  51.3%  43.9  146s
 279806 191627   68.66667  140  263  133.41666   65.00000  51.3%  44.1  150s
 297075 201379 infeasible  153       133.41666   65.00000  51.3%  44.9  155s
 305468 204707   66.83333  176  282  133.41666   65.00000  51.3%  45.4  161s
 313163 210033   65.16667   60  282  133.41666   65.00000  51.3%  45.7  168s
 315388 213882   65.83333   98  264  133.41666   65.00000  51.3%  45.7  175s
 321496 226153  122.16667  116  194  133.41666   65.00000  51.3%  45.8  180s
 349128 233108   65.00000   99  266  133.41666   65.00000  51.3%  46.4  187s
 351633 236261  129.91667  157  162  133.41666   65.00000  51.3%  46.4  195s
 356658 243328  111.18409  136  185  133.41666   65.00000  51.3%  46.5  202s
 367995 253135   65.00000   79  272  133.41666   65.00000  51.3%  46.7  206s
 391440 260706   65.00000  115  281  133.41666   65.00000  51.3%  47.4  210s
 409585 272557 infeasible  181       133.41666   65.00000  51.3%  47.8  216s
 421211 280365   65.00000  136  213  133.41666   65.00000  51.3%  48.0  220s
 435212 290929   72.33333  107  239  133.41666   65.00000  51.3%  48.4  225s
 445013 296072   65.00000  113  242  133.41666   65.00000  51.3%  48.7  230s
 449419 308077   65.66667  171  214  133.41666   65.00000  51.3%  48.9  239s
 467553 308189   69.00000  151  250  133.41666   65.00000  51.3%  49.2  243s
 467695 311550   69.00000  152  245  133.41666   65.00000  51.3%  49.2  245s
H476777 314995                     133.4166645   65.00000  51.3%  49.3  247s
H478784 319180                     133.4166637   65.00000  51.3%  49.4  249s
 485056 321922   80.33333  145  184  133.41666   65.00000  51.3%  49.6  251s
 499040 331424 infeasible  118       133.41666   65.00000  51.3%  49.9  256s
 515309 340985   65.00000   83  285  133.41666   65.00000  51.3%  50.4  261s
 523151 346596   79.00000  185  219  133.41666   65.00000  51.3%  50.5  266s
 535673 350114 infeasible  119       133.41666   65.00000  51.3%  50.7  273s
H535736 350114                     133.4166610   65.00000  51.3%  50.7  273s
 535782 353577   85.16667  120  205  133.41666   65.00000  51.3%  50.7  275s
H539583 353577                     133.4166602   65.00000  51.3%  50.7  275s
H541515 358302                     133.4166601   65.00000  51.3%  50.8  277s
H541600 358302                     133.4166601   65.00000  51.3%  50.8  277s
H542463 358302                     133.4166599   65.00000  51.3%  50.8  277s
H543679 358302                     133.4166598   65.00000  51.3%  50.8  277s
H546258 358302                     133.4166594   65.00000  51.3%  50.8  278s
H550222 360990                     133.4166593   65.00000  51.3%  50.8  279s
H550291 360990                     133.4166593   65.00000  51.3%  50.8  279s
 553887 363399     cutoff  165       133.41666   65.00000  51.3%  50.8  280s
H554159 363399                     133.4166592   65.00000  51.3%  50.8  280s
H554812 363399                     133.4166427   65.00000  51.3%  50.7  280s
H557950 366762                     133.4166070   65.00000  51.3%  50.8  282s
H558920 366762                     133.4166069   65.00000  51.3%  50.8  282s
 565798 369199   65.33333   78  276  133.41661   65.00000  51.3%  50.9  287s
 571522 376524     cutoff  107       133.41661   65.00000  51.3%  51.0  291s
 578553 376542   98.83392  191  229  133.41661   65.00000  51.3%  51.1  298s
 578599 378928   99.76260  192  231  133.41661   65.00000  51.3%  51.1  300s
 596859 391751   71.93723  158  180  133.41661   65.00000  51.3%  51.5  306s
 603418 391777     cutoff  182       133.41661   65.00000  51.3%  51.5  310s
 603456 410939   65.00000  116  308  133.41661   65.00000  51.3%  51.5  319s
 635488 410959   69.00130  122  237  133.41661   65.00000  51.3%  52.0  323s
 635532 429768 infeasible  124       133.41661   65.00000  51.3%  52.0  332s
 667564 433952   92.83333  156  216  133.41661   65.00000  51.3%  52.3  335s
 679993 437020   65.00000  119  281  133.41661   65.00000  51.3%  52.4  342s
 686214 443582 infeasible  106       133.41661   65.00000  51.3%  52.5  346s
 693843 445127 infeasible  140       133.41661   65.00000  51.3%  52.6  351s
 702882 454107  111.58333  142  236  133.41661   65.00000  51.3%  52.6  356s
 718079 461890  104.33333  105  238  133.41661   65.00000  51.3%  52.7  360s
 722998 462980   67.66667  146  207  133.41661   65.00000  51.3%  52.8  367s
 730635 469763   68.33333  112  265  133.41661   65.00000  51.3%  53.0  370s
 747015 479296   72.16667  145  248  133.41661   65.00000  51.3%  53.3  376s
 762239 487380   65.33333  131  276  133.41661   65.00000  51.3%  53.4  381s
 768899 489100   65.50000  139  274  133.41661   65.00000  51.3%  53.5  385s
 785810 501612   65.66667   86  260  133.41661   65.00000  51.3%  53.4  390s
 801423 506767   67.33333  124  242  133.41661   65.00000  51.3%  53.6  398s
 801474 523367   67.33333  125  243  133.41661   65.00000  51.3%  53.6  408s
 833506 527425   67.33333  101  254  133.41661   65.00000  51.3%  54.0  410s
 846353 530207   65.66667   89  274  133.41661   65.00000  51.3%  54.1  416s
 847253 532205   65.66667  101  262  133.41661   65.00000  51.3%  54.1  420s
 863492 543320   65.00000   89  269  133.41661   65.00000  51.3%  54.3  427s
 874801 548612   68.83333   98  244  133.41661   65.00000  51.3%  54.5  431s
 890438 553623   69.00000  128  291  133.41661   65.00000  51.3%  54.6  435s
 899941 560973   65.00000  123  331  133.41661   65.00000  51.3%  54.7  441s
 914139 568563   65.66667  117  273  133.41661   65.00000  51.3%  54.8  446s
 924073 572208  103.33333  143  219  133.41661   65.00000  51.3%  54.9  451s
 927087 580109   65.00022  134  254  133.41661   65.00000  51.3%  55.0  455s
 945511 584547   65.50000  114  294  133.41661   65.00000  51.3%  55.2  461s
 960225 590585 infeasible  144       133.41661   65.00000  51.3%  55.4  465s
 974702 598067  130.50000  177  198  133.41661   65.00000  51.3%  55.6  470s
 986919 605125 infeasible  171       133.41661   65.00000  51.3%  55.6  475s
 998946 610030   73.50000  153  225  133.41661   65.00000  51.3%  55.7  480s
 1008613 612053   92.33333  162  212  133.41661   65.00000  51.3%  55.8  488s
 1008693 613047   92.33333  163  208  133.41661   65.00000  51.3%  55.8  493s
 1010676 618017   65.66667   97  285  133.41661   65.00000  51.3%  55.8  496s
 1028119 624380   65.00000  126  273  133.41661   65.00000  51.3%  55.9  500s
 1042753 628601   65.00000  140  287  133.41661   65.00000  51.3%  56.0  514s
 1042806 631182   65.00000  141  291  133.41661   65.00000  51.3%  56.0  515s
 1050298 633309   65.33333  125  217  133.41661   65.00000  51.3%  56.0  521s
 1052910 643951   65.00000  123  293  133.41661   65.00000  51.3%  56.0  527s
 1082491 650289  104.33333  127  237  133.41661   65.00000  51.3%  56.1  531s
 1088798 650657   68.16667  110  259  133.41661   65.00000  51.3%  56.1  535s
 1089828 650681 infeasible  113       133.41661   65.00000  51.3%  56.2  545s
 1092462 652112   67.66667  116  242  133.41661   65.00000  51.3%  56.2  553s
 1092772 658022   68.00000  124  234  133.41661   65.00000  51.3%  56.2  556s
 1112496 664744 infeasible  193       133.41661   65.00000  51.3%  56.3  561s
 1129798 668881 infeasible  148       133.41661   65.00000  51.3%  56.3  568s
 1129943 668902  114.03051  148  236  133.41661   65.00000  51.3%  56.3  570s
 1145001 680228   82.16667  151  211  133.41661   65.00000  51.3%  56.4  577s
 1157721 684216 infeasible  159       133.41661   65.00000  51.3%  56.5  580s
 1175271 693876   73.16667  123  238  133.41661   65.00000  51.3%  56.5  586s
 1183318 693882 infeasible  140       133.41661   65.00000  51.3%  56.6  590s
 1188678 696442     cutoff  165       133.41661   65.00000  51.3%  56.6  600s

Cutting planes:
  Learned: 334
  Gomory: 20
  Cover: 351
  Implied bound: 228
  Clique: 67
  MIR: 928
  StrongCG: 4
  Flow cover: 1700
  GUB cover: 5
  Zero half: 2
  RLT: 91
  Relax-and-lift: 705

Cleanup yields a better solution

Explored 1188725 nodes (67317119 simplex iterations) in 600.04 seconds
Thread count was 32 (of 64 available processors)

Solution count 10: 133.417 133.417 133.417 ... 133.417

Time limit reached
Warning: max constraint violation (9.0001e-06) exceeds tolerance
Best objective 1.333148571245e+02, best bound 6.500000000000e+01, gap 51.2432%
