
Gurobi 9.1.2 (linux64) logging started Thu Mar 31 19:10:24 2022

Changed value of parameter LogFile to ta2_v-N3.log
   Prev:   Default: 
Changed value of parameter MIPFocus to 1
   Prev: 0  Min: 0  Max: 3  Default: 0
Changed value of parameter TimeLimit to 600.0
   Prev: inf  Min: 0.0  Max: inf  Default: inf
Warning: variables 0 and 346 have the same name "X[N31,N1]"
Warning: linear constraint 396 and linear constraint 397 have the same name "weight-constr-t5"
Warning: to let Gurobi read it back, use rlp format
Gurobi Optimizer version 9.1.2 build v9.1.2rc0 (linux64)
Thread count: 32 physical cores, 64 logical processors, using up to 32 threads
Optimize a model with 2500 rows, 2076 columns and 7428 nonzeros
Model fingerprint: 0xd52e9927
Variable types: 390 continuous, 1686 integer (1686 binary)
Coefficient statistics:
  Matrix range     [1e+00, 1e+06]
  Objective range  [2e-01, 2e-01]
  Bounds range     [1e+00, 5e+05]
  RHS range        [1e+00, 1e+06]
Presolve removed 168 rows and 180 columns
Presolve time: 0.04s
Presolved: 2332 rows, 1896 columns, 8946 nonzeros
Variable types: 384 continuous, 1512 integer (1512 binary)

Root relaxation: objective 6.500000e+01, 267 iterations, 0.00 seconds

    Nodes    |    Current Node    |     Objective Bounds      |     Work
 Expl Unexpl |  Obj  Depth IntInf | Incumbent    BestBd   Gap | It/Node Time

     0     0   65.00000    0  103          -   65.00000      -     -    0s
     0     0   65.00000    0  183          -   65.00000      -     -    0s
     0     0   65.00000    0  192          -   65.00000      -     -    0s
     0     0   65.00000    0  100          -   65.00000      -     -    0s
     0     0   65.00000    0  108          -   65.00000      -     -    0s
     0     0   65.00000    0  106          -   65.00000      -     -    0s
     0     0   65.00000    0  112          -   65.00000      -     -    0s
     0     0   65.00000    0   78          -   65.00000      -     -    0s
     0     0   65.00000    0   92          -   65.00000      -     -    0s
H    0     0                    6608273.3333   65.00000   100%     -    0s
     0     0   65.00000    0   70 6608273.33   65.00000   100%     -    0s
H    0     0                     160.6666667   65.00000  59.5%     -    1s
H    0     0                     159.5000000   65.00000  59.2%     -    1s
     0     2   65.00000    0   62  159.50000   65.00000  59.2%     -    1s
H    7    16                     159.0000000   65.00000  59.1%   128    1s
H    8    16                     158.6666667   65.00000  59.0%   118    1s
H    9    16                     158.5000000   65.00000  59.0%   110    1s
H   15    32                     158.1666667   65.00000  58.9%  84.7    1s
H   16    32                     156.0000000   65.00000  58.3%  79.8    1s
H   31    64                     153.0000000   65.00000  57.5%  48.0    1s
H   37    64                     151.5000000   65.00000  57.1%  41.4    1s
H   95   128                     146.5000000   65.00000  55.6%  22.0    5s
H   97   128                     145.8333333   65.00000  55.4%  21.9    5s
H  108   128                     145.0000000   65.00000  55.2%  20.5    5s
H  159   192                     141.6111111   65.00000  54.1%  17.0    7s
H  160   192                     138.6666667   65.00000  53.1%  16.9    7s
H  176   192                     138.5000000   65.00000  53.1%  16.1    7s
H  185   192                     137.6666667   65.00000  52.8%  15.7    7s
H  191   224                     136.3333333   65.00000  52.3%  15.3    9s
H  193   224                     134.8333333   65.00000  51.8%  15.2    9s
H  447   517                     134.6666667   65.00000  51.7%  11.0   10s
H  448   517                     133.8333333   65.00000  51.4%  11.0   10s
H  450   517                     132.0000000   65.00000  50.8%  11.0   10s
H  547  1325                     129.0000000   65.00000  49.6%  10.6   12s
H  885  1325                     125.3333333   65.00000  48.1%   9.2   12s
H 1354  1357                     125.0000000   65.00000  48.0%   8.2   14s
H 1354  1357                     124.0000000   65.00000  47.6%   8.2   14s
  1386  4547   77.00000   41   96  124.00000   65.00000  47.6%   8.1   15s
H 4122  4547                     123.8333333   65.00000  47.5%   6.8   15s
H 4872  4576                     123.6666667   65.00000  47.4%   6.7   16s
H 4879  4576                     123.1666667   65.00000  47.2%   6.7   16s
H 4888  4573                     121.6666667   65.00000  46.6%   6.7   16s
H 4906  4597                     121.1666667   65.00000  46.4%   6.7   19s
H 4910  4597                     121.0000000   65.00000  46.3%   6.7   19s
  4943  6400  102.33334  138   57  121.00000   65.00000  46.3%   6.7   20s
H 5000  6400                     120.8333333   65.00000  46.2%   6.7   20s
H 7941  8409                     120.7500000   65.00000  46.2%   6.6   22s
H 8817  8409                     120.6666667   65.00000  46.1%   6.5   22s
H11385 11251                     120.6111111   65.00000  46.1%   6.6   23s
H12539 11271                     119.4999999   65.00000  45.6%   6.5   25s
 12681 11376   65.00000   17  306  119.50000   65.00000  45.6%  10.0   30s
H13910 11634                     119.4999998   65.00000  45.6%  11.1   33s
 14011 14348   65.00000   36  273  119.50000   65.00000  45.6%  11.2   35s
H14100 13782                     119.4999997   65.00000  45.6%  11.4   35s
H14349 13190                     119.4999997   65.00000  45.6%  11.7   35s
H14979 12496                     119.4999995   65.00000  45.6%  12.4   35s
H15159 11977                     119.4999994   65.00000  45.6%  12.5   35s
H17049 15257                     119.4999994   65.00000  45.6%  13.8   36s
H22701 14685                     119.3333330   65.00000  45.5%  17.9   37s
H25027 15818                     119.3333330   65.00000  45.5%  19.8   39s
H26665 14897                     119.3333327   65.00000  45.5%  20.7   39s
H27894 15149                     119.3333327   65.00000  45.5%  21.3   40s
H28156 14724                     119.3333326   65.00000  45.5%  21.5   40s
H29273 14031                     119.3333325   65.00000  45.5%  22.3   40s
H29457 13690                     119.3333324   65.00000  45.5%  22.5   41s
H29484 13526                     119.3333324   65.00000  45.5%  22.5   41s
H29489 22507                     119.3333324   65.00000  45.5%  22.5   44s
H37412 22507                     119.3333321   65.00000  45.5%  28.8   44s
H40561 22525                     119.0833333   65.00000  45.4%  30.0   47s
 40606 24829   66.16667  113  216  119.08333   65.00000  45.4%  30.1   50s
H41175 24829                     119.0714286   65.00000  45.4%  30.4   50s
H44004 24858                     119.0416667   65.00000  45.4%  31.5   51s
H44043 24858                     119.0000000   65.00000  45.4%  31.5   51s
 44086 25570   68.33333   97  247  119.00000   65.00000  45.4%  31.5   55s
H44713 25570                     119.0000000   65.00000  45.4%  31.7   55s
H44728 25570                     118.9999999   65.00000  45.4%  31.7   55s
H45468 28757                     118.9999998   65.00000  45.4%  32.0   56s
H50282 29792                     118.9999996   65.00000  45.4%  33.1   59s
 51014 33796   65.33333   86  262  119.00000   65.00000  45.4%  33.3   60s
H51258 33796                     118.9999994   65.00000  45.4%  33.5   60s
H54511 33796                     118.9999966   65.00000  45.4%  34.8   60s
 68259 43125 infeasible   67       119.00000   65.00000  45.4%  37.6   65s
H72173 47100                     118.9999965   65.00000  45.4%  38.0   66s
 75121 47128   92.17075  135  186  119.00000   65.00000  45.4%  38.2   70s
H77860 50154                     118.9999965   65.00000  45.4%  38.5   71s
 79466 50168   65.00000  111  221  119.00000   65.00000  45.4%  38.6   77s
 79516 51925   65.00000  112  231  119.00000   65.00000  45.4%  38.7   80s
 90510 65737   65.00000   79  256  119.00000   65.00000  45.4%  40.6   86s
H95682 65737                     118.9999965   65.00000  45.4%  41.8   86s
 109931 72240   66.00000  164  193  119.00000   65.00000  45.4%  45.0   90s
 110001 75173 infeasible  166       119.00000   65.00000  45.4%  45.0   98s
H110201 75173                     118.9999964   65.00000  45.4%  45.0   98s
H112868 75173                     118.9444444   65.00000  45.4%  45.7   98s
H114063 78630                     118.0000000   65.00000  44.9%  45.7  100s
H114424 78588                     117.6666667   65.00000  44.8%  45.7  100s
H116735 78545                     117.5000000   65.00000  44.7%  45.9  100s
H118386 78505                     117.0000000   65.00000  44.4%  45.9  100s
H118758 83288                     116.6666667   65.00000  44.3%  45.9  102s
H118982 83287                     116.5833333   65.00000  44.2%  45.9  102s
H121398 83269                     116.4444444   65.00000  44.2%  45.9  102s
H121904 83242                     116.3333333   65.00000  44.1%  45.9  102s
H127571 90873                     116.1666667   65.00000  44.0%  46.0  105s
H143145 96412                     116.1111111   65.00000  44.0%  47.6  107s
H146161 99921                     116.0000000   65.00000  44.0%  47.8  109s
 148684 103534  102.01393  131  214  116.00000   65.00000  44.0%  48.0  110s
 160128 114871   65.00000  115  267  116.00000   65.00000  44.0%  48.7  115s
H162949 114802                     115.8333333   65.00000  43.9%  48.9  115s
 174326 118681   65.67523  161  264  115.83333   65.00000  43.9%  50.4  121s
H174328 118681                     115.8333332   65.00000  43.9%  50.4  121s
H174339 118681                     115.8333319   65.00000  43.9%  50.4  121s
H174361 118296                     115.1666667   65.00000  43.6%  50.4  121s
H174400 120842                     115.0000000   65.00000  43.5%  50.4  123s
 181651 125710   69.69570  208  206  115.00000   65.00000  43.5%  51.1  128s
H182901 125710                     114.9999999   65.00000  43.5%  51.2  128s
H183440 125710                     114.9999999   65.00000  43.5%  51.3  128s
H184190 129729                     114.9999998   65.00000  43.5%  51.3  130s
H184506 129729                     114.9999997   65.00000  43.5%  51.3  130s
H184912 129729                     114.9999996   65.00000  43.5%  51.3  130s
H188984 129729                     114.9999996   65.00000  43.5%  51.5  130s
H189240 129729                     114.9999996   65.00000  43.5%  51.5  130s
H190244 135889                     114.9999995   65.00000  43.5%  51.5  133s
H192749 135889                     114.9999994   65.00000  43.5%  51.8  133s
H201767 140324                     114.9999991   65.00000  43.5%  52.4  134s
H204281 140412                     114.9999991   65.00000  43.5%  52.5  137s
H204313 140412                     114.9999990   65.00000  43.5%  52.5  137s
H204345 140412                     114.9999989   65.00000  43.5%  52.5  137s
 204371 141054   65.00000  104  288  115.00000   65.00000  43.5%  52.5  142s
H204866 141054                     114.9999989   65.00000  43.5%  52.6  142s
H204952 141054                     114.9999987   65.00000  43.5%  52.6  142s
H205287 145336                     114.9999987   65.00000  43.5%  52.6  144s
 211541 145366   83.10606  154  238  115.00000   65.00000  43.5%  52.6  157s
H212304 148627                     114.9999966   65.00000  43.5%  52.7  158s
H215924 151880                     114.9999962   65.00000  43.5%  52.9  160s
H216064 151880                     114.9999962   65.00000  43.5%  52.9  160s
H216304 151880                     114.9999961   65.00000  43.5%  52.9  160s
H221776 159396                     114.9999960   65.00000  43.5%  53.0  163s
H222132 159396                     114.9999960   65.00000  43.5%  53.0  163s
 231894 162194   81.33534  107  225  115.00000   65.00000  43.5%  53.0  165s
H245546 170818                     114.9999960   65.00000  43.5%  53.8  169s
 248023 174350   69.66667  194  192  115.00000   65.00000  43.5%  54.0  171s
 252826 174376   65.00000   62  282  115.00000   65.00000  43.5%  54.4  179s
 252864 196523   65.00000   63  279  115.00000   65.00000  43.5%  54.4  188s
 284896 196550   98.66667  187  195  115.00000   65.00000  43.5%  55.7  201s
 284933 218392   98.66667  188  193  115.00000   65.00000  43.5%  55.7  210s
H302817 218392                     114.9999959   65.00000  43.5%  55.9  210s
H317762 224335                     114.9999959   65.00000  43.5%  56.0  213s
H323030 224335                     114.9999958   65.00000  43.5%  56.0  213s
 325510 227849   67.33333   96  272  115.00000   65.00000  43.5%  56.2  215s
H326688 227849                     114.9999958   65.00000  43.5%  56.2  215s
H329172 227849                     114.9999958   65.00000  43.5%  56.2  215s
H332763 231650                     114.9999958   65.00000  43.5%  56.3  217s
H339341 233862                     114.9999958   65.00000  43.5%  56.4  218s
 340029 237950   74.51761  150  215  115.00000   65.00000  43.5%  56.4  220s
 358673 249654   83.85205  210  192  115.00000   65.00000  43.5%  57.5  226s
H362824 253686                     114.9999958   65.00000  43.5%  57.6  227s
 371390 260296  101.84209   70  231  115.00000   65.00000  43.5%  57.6  231s
H375427 260296                     114.9999957   65.00000  43.5%  57.6  231s
 378256 260322   80.16667  122  219  115.00000   65.00000  43.5%  57.5  237s
 383977 266377   75.50000  153  232  115.00000   65.00000  43.5%  57.6  240s
H388706 268612                     114.9999957   65.00000  43.5%  57.6  241s
 399613 277173   67.16667  143  236  115.00000   65.00000  43.5%  57.9  246s
 409402 286957   65.00000  104  244  115.00000   65.00000  43.5%  58.3  250s
 419346 286983   68.50000   82  238  115.00000   65.00000  43.5%  58.2  255s
 427123 295250   66.50000  126  257  115.00000   65.00000  43.5%  58.3  260s
 441305 307092   65.33746  121  287  115.00000   65.00000  43.5%  58.5  266s
 454605 312417  103.50000  110  249  115.00000   65.00000  43.5%  58.7  270s
 467626 318583   65.00000  122  231  115.00000   65.00000  43.5%  59.0  276s
 472965 327639 infeasible  162       115.00000   65.00000  43.5%  59.0  281s
 485921 330858   67.00197  136  279  115.00000   65.00000  43.5%  59.3  285s
 486891 331708  111.33333  156  197  115.00000   65.00000  43.5%  59.3  291s
 495362 338646  104.19065  149  214  115.00000   65.00000  43.5%  59.3  295s
 506209 347710   85.58840  186  215  115.00000   65.00000  43.5%  59.4  300s
 523285 357696   65.00000  136  238  115.00000   65.00000  43.5%  59.6  305s
 538983 368906   66.00000   94  301  115.00000   65.00000  43.5%  60.0  311s
 551332 375278 infeasible  134       115.00000   65.00000  43.5%  60.2  315s
 564607 385482   87.83832  146  195  115.00000   65.00000  43.5%  60.5  320s
 576758 394378  100.16667  186  214  115.00000   65.00000  43.5%  60.6  325s
 585511 394400   65.00000  110  287  115.00000   65.00000  43.5%  60.7  331s
 591381 397950   67.33333  104  240  115.00000   65.00000  43.5%  60.7  343s
 591427 401591   67.33333  105  238  115.00000   65.00000  43.5%  60.7  345s
 606391 407041   66.16667  149  233  115.00000   65.00000  43.5%  60.8  354s
 606431 426832   67.05694  150  237  115.00000   65.00000  43.5%  60.8  384s
 620445 426832   71.16667  171  183  115.00000   65.00000  43.5%  61.1  385s
 645060 435024   96.16989  140  206  115.00000   65.00000  43.5%  61.4  390s
 655191 437881   66.33333  155  241  115.00000   65.00000  43.5%  61.6  395s
 663054 445959   98.63768  187  162  115.00000   65.00000  43.5%  61.5  400s
 669596 445984   66.83547  158  220  115.00000   65.00000  43.5%  61.7  406s
 669635 466286   85.61253  156  222  115.00000   65.00000  43.5%  61.7  416s
 708740 474091   92.02621  127  222  115.00000   65.00000  43.5%  62.2  421s
 719363 479755 infeasible  150       115.00000   65.00000  43.5%  62.2  425s
 735120 490146   89.33383  126  232  115.00000   65.00000  43.5%  62.3  431s
 743141 491755   97.16667  184  172  115.00000   65.00000  43.5%  62.3  435s
 751653 500094     cutoff  273       115.00000   65.00000  43.5%  62.4  440s
 769475 511147 infeasible  236       115.00000   65.00000  43.5%  62.6  446s
 782772 518002   65.00000  125  264  115.00000   65.00000  43.5%  62.7  450s
 797356 525629  104.21545  236  176  115.00000   65.00000  43.5%  62.8  458s
 799618 529813   82.83333  146  249  115.00000   65.00000  43.5%  62.8  460s
 816885 539277   76.16682  147  197  115.00000   65.00000  43.5%  62.9  465s
 826186 542062  111.83929  225  167  115.00000   65.00000  43.5%  62.9  471s
 827366 542091  114.33482  231  144  115.00000   65.00000  43.5%  62.9  476s
 827401 544257  114.50000  232  142  115.00000   65.00000  43.5%  62.9  480s
 838412 552422     cutoff  151       115.00000   65.00000  43.5%  63.0  485s
 853661 558504   65.66667  140  260  115.00000   65.00000  43.5%  63.1  493s
 853704 562153   65.66667  141  256  115.00000   65.00000  43.5%  63.1  495s
 862791 565242   65.00000  117  290  115.00000   65.00000  43.5%  63.2  501s
 863991 569345   65.66667  127  274  115.00000   65.00000  43.5%  63.2  516s
 871094 589684   79.66667  205  223  115.00000   65.00000  43.5%  63.3  527s
 903126 589707  109.16667  169  177  115.00000   65.00000  43.5%  63.4  533s
 903167 608861   85.33552  164  218  115.00000   65.00000  43.5%  63.4  543s
 935199 613021   67.16667  182  184  115.00000   65.00000  43.5%  63.5  547s
 942134 617350   67.83333  127  265  115.00000   65.00000  43.5%  63.5  550s
 953496 619982   76.16692  142  223  115.00000   65.00000  43.5%  63.4  555s
 954446 620476   76.33333  147  224  115.00000   65.00000  43.5%  63.4  561s
 962973 628209   75.50000  211  172  115.00000   65.00000  43.5%  63.5  565s
 980069 638901   84.00000  159  232  115.00000   65.00000  43.5%  63.6  571s
 994427 646612   65.66667  120  255  115.00000   65.00000  43.5%  63.7  576s
 1007945 653245   69.66667  167  210  115.00000   65.00000  43.5%  63.7  580s
 1019296 658709  109.33333  148  185  115.00000   65.00000  43.5%  63.7  586s
 1020031 658737   86.72064  125  224  115.00000   65.00000  43.5%  63.7  593s
 1020067 662506   87.33333  125  233  115.00000   65.00000  43.5%  63.7  595s
 1032321 666059   65.00000  189  216  115.00000   65.00000  43.5%  63.7  600s

Cutting planes:
  Learned: 324
  Gomory: 31
  Cover: 357
  Implied bound: 249
  Clique: 80
  MIR: 1046
  StrongCG: 1
  Flow cover: 1775
  GUB cover: 5
  Zero half: 1
  Mod-K: 1
  RLT: 179
  Relax-and-lift: 757

Explored 1032360 nodes (65815454 simplex iterations) in 600.02 seconds
Thread count was 32 (of 64 available processors)

Solution count 10: 115 115 115 ... 115

Time limit reached
Best objective 1.149999957149e+02, best bound 6.500000000003e+01, gap 43.4783%
