
Gurobi 9.1.2 (linux64) logging started Thu Mar 31 15:29:26 2022

Changed value of parameter LogFile to ta2_v-N26.log
   Prev:   Default: 
Changed value of parameter MIPFocus to 1
   Prev: 0  Min: 0  Max: 3  Default: 0
Changed value of parameter TimeLimit to 600.0
   Prev: inf  Min: 0.0  Max: inf  Default: inf
Warning: variables 0 and 346 have the same name "X[N31,N1]"
Warning: linear constraint 396 and linear constraint 397 have the same name "weight-constr-t5"
Warning: to let Gurobi read it back, use rlp format
Gurobi Optimizer version 9.1.2 build v9.1.2rc0 (linux64)
Thread count: 32 physical cores, 64 logical processors, using up to 32 threads
Optimize a model with 2500 rows, 2076 columns and 7428 nonzeros
Model fingerprint: 0x72393a7f
Variable types: 390 continuous, 1686 integer (1686 binary)
Coefficient statistics:
  Matrix range     [1e+00, 1e+06]
  Objective range  [2e-01, 2e-01]
  Bounds range     [1e+00, 5e+05]
  RHS range        [1e+00, 1e+06]
Presolve removed 96 rows and 108 columns
Presolve time: 0.04s
Presolved: 2404 rows, 1968 columns, 9014 nonzeros
Variable types: 384 continuous, 1584 integer (1584 binary)

Root relaxation: objective 6.500000e+01, 266 iterations, 0.00 seconds

    Nodes    |    Current Node    |     Objective Bounds      |     Work
 Expl Unexpl |  Obj  Depth IntInf | Incumbent    BestBd   Gap | It/Node Time

     0     0   65.00000    0   96          -   65.00000      -     -    0s
     0     0   65.00000    0  158          -   65.00000      -     -    0s
     0     0   65.00000    0  169          -   65.00000      -     -    0s
     0     0   65.00000    0   89          -   65.00000      -     -    0s
     0     0   65.00000    0  112          -   65.00000      -     -    0s
     0     0   65.00000    0   84          -   65.00000      -     -    0s
     0     0   65.00000    0  108          -   65.00000      -     -    0s
     0     0   65.00000    0   98          -   65.00000      -     -    0s
     0     0   65.00000    0  107          -   65.00000      -     -    0s
H    0     0                    4061939.3333   65.00000   100%     -    0s
     0     0   65.00000    0   95 4061939.33   65.00000   100%     -    0s
H    0     0                    2186.9166662   65.00000  97.0%     -    0s
H    0     0                    2174.1666666   65.00000  97.0%     -    0s
H    0     0                    2164.5000000   65.00000  97.0%     -    0s
H    0     0                    2162.8333333   65.00000  97.0%     -    1s
H    0     2                     265.5000000   65.00000  75.5%     -    1s
     0     2   65.00000    0   87  265.50000   65.00000  75.5%     -    1s
H    1     4                     265.3333333   65.00000  75.5%   560    1s
H   31    64                     249.8333333   65.00000  74.0%  67.8    1s
H   32    64                     247.3333333   65.00000  73.7%  65.8    1s
H   37    64                     246.1666667   65.00000  73.6%  60.3    1s
H   49    64                     245.3333333   65.00000  73.5%  50.2    1s
H   51    64                     244.6666667   65.00000  73.4%  48.3    1s
H   59    64                     241.6666667   65.00000  73.1%  42.6    1s
H   61    64                     241.0000000   65.00000  73.0%  41.5    1s
H   95   128                     238.1666667   65.00000  72.7%  28.3    3s
H   96   128                     233.0000000   65.00000  72.1%  28.1    3s
H   98   128                     232.5000000   65.00000  72.0%  27.6    3s
H  122   128                     231.3333333   65.00000  71.9%  22.8    3s
H  125   128                     229.8333333   65.00000  71.7%  22.4    3s
H  159   192                     224.1666667   65.00000  71.0%  18.5    5s
H  169   192                     223.1666667   65.00000  70.9%  17.7    5s
H  170   192                     222.8333333   65.00000  70.8%  17.6    5s
H  177   192                     221.8333333   65.00000  70.7%  17.1    5s
H  180   192                     220.6666667   65.00000  70.5%  16.9    5s
H  191   224                     220.5000000   65.00000  70.5%  16.1    7s
H  193   224                     220.4166667   65.00000  70.5%  15.9    7s
H  194   224                     219.5000000   65.00000  70.4%  15.9    7s
H  197   224                     219.4166667   65.00000  70.4%  15.7    7s
H  237   448                     219.0833333   65.00000  70.3%  14.0    7s
H  391   448                     218.8333333   65.00000  70.3%  10.9    7s
H  466  1081                     218.3333333   65.00000  70.2%  10.0    8s
H  486  1081                     216.8333333   65.00000  70.0%   9.8    8s
H  846  1081                     214.8333333   65.00000  69.7%   7.9    8s
  1087  1113   66.00000   38  112  214.83333   65.00000  69.7%   7.4   11s
H 1088  1113                     214.1666667   65.00000  69.6%   7.4   11s
H 1091  1113                     214.0000000   65.00000  69.6%   7.4   11s
H 1104  1113                     213.3333333   65.00000  69.5%   7.4   11s
H 1119  1145                     213.0000000   65.00000  69.5%   7.4   12s
H 1120  1145                     212.5000000   65.00000  69.4%   7.4   12s
H 1822  5090                     212.4942755   65.00000  69.4%   6.4   13s
H 1965  5090                     212.3333333   65.00000  69.4%   6.3   13s
H 5576  8875                     212.0000000   65.00000  69.3%   5.7   14s
  9470 11423   76.50000  161  112  212.00000   65.00000  69.3%   5.8   15s
H10148 11423                     212.0000000   65.00000  69.3%   5.9   15s
H10965 11423                     211.9999999   65.00000  69.3%   5.8   15s
H12319 11453                     211.9999999   65.00000  69.3%   5.9   16s
H12322 11453                     211.9999980   65.00000  69.3%   5.9   16s
H12333 11453                     211.7447717   65.00000  69.3%   5.9   16s
H12336 11453                     211.6135754   65.00000  69.3%   5.9   16s
 12461 11558   65.00000   18  278  211.61358   65.00000  69.3%   8.9   20s
 12811 12350   65.00000   23  274  211.61358   65.00000  69.3%   9.0   26s
 22829 19355 infeasible   97       211.61358   65.00000  69.3%  15.0   30s
 40202 27181   65.00000   31  309  211.61358   65.00000  69.3%  23.0   35s
 43886 27270   65.50000  131  278  211.61358   65.00000  69.3%  23.8   40s
H49229 29265                     210.8333333   65.00000  69.2%  24.7   41s
H49512 32373                     210.0833333   65.00000  69.1%  24.8   42s
H50412 32362                     209.0833333   65.00000  68.9%  24.8   42s
H53785 33652                     208.6666667   65.00000  68.8%  25.1   43s
H53869 33652                     208.5833333   65.00000  68.8%  25.2   43s
H55983 36777                     208.4166667   65.00000  68.8%  25.4   44s
 59425 43033   69.33333  150  225  208.41667   65.00000  68.8%  26.0   45s
H60141 43011                     206.5833333   65.00000  68.5%  26.1   45s
H69112 45728                     206.5000000   65.00000  68.5%  27.1   46s
H69812 45723                     205.9166667   65.00000  68.4%  27.2   46s
H71084 46646                     205.8333333   65.00000  68.4%  27.5   47s
H71361 46633                     205.5833333   65.00000  68.4%  27.5   47s
H71790 46605                     204.8333333   65.00000  68.3%  27.5   47s
H72397 50228                     204.6666667   65.00000  68.2%  27.7   48s
H72506 50222                     204.1666667   65.00000  68.2%  27.7   48s
H75574 50222                     204.0000000   65.00000  68.1%  28.2   48s
H77238 52089                     203.8333333   65.00000  68.1%  28.5   49s
H77300 52089                     203.6666667   65.00000  68.1%  28.5   49s
H77301 52089                     203.4583333   65.00000  68.1%  28.5   49s
H77530 52085                     203.2916667   65.00000  68.0%  28.6   49s
H77744 52076                     203.0000000   65.00000  68.0%  28.6   49s
H79778 55197                     202.5000000   65.00000  67.9%  28.8   51s
H80970 55185                     202.1666667   65.00000  67.8%  28.8   51s
H81252 55175                     202.0000000   65.00000  67.8%  28.8   51s
H84200 58224                     201.7500000   65.00000  67.8%  28.9   52s
H84614 58222                     201.6666667   65.00000  67.8%  28.9   52s
H84953 58222                     201.5000000   65.00000  67.7%  28.9   52s
H87995 62449                     201.0000000   65.00000  67.7%  29.2   53s
H93361 62471                     200.8333333   65.00000  67.6%  30.1   58s
H93369 62439                     200.6666667   65.00000  67.6%  30.1   58s
 93402 86452   65.00000  101  251  200.66667   65.00000  67.6%  30.1   64s
H106613 86443                     199.6666667   65.00000  67.4%  31.1   64s
 125434 93707   65.00000   42  274  199.66667   65.00000  67.4%  32.0   66s
H126656 93674                     198.8333333   65.00000  67.3%  32.1   66s
H134484 93485                     197.1666667   65.00000  67.0%  32.4   66s
H134871 93476                     196.8333333   65.00000  67.0%  32.4   67s
H135000 97733                     196.6666667   65.00000  66.9%  32.4   69s
H138774 97733                     196.6666666   65.00000  66.9%  32.5   69s
H140508 99534                     196.6666666   65.00000  66.9%  32.6   70s
 151764 108430   65.50000  108  264  196.66667   65.00000  66.9%  32.9   75s
H155531 111861                     196.6666666   65.00000  66.9%  33.2   77s
H159559 111791                     195.9999878   65.00000  66.8%  33.7   77s
 160040 117326   65.33333   96  289  195.99999   65.00000  66.8%  33.7   80s
H160294 117309                     195.8333333   65.00000  66.8%  33.7   80s
H161637 117299                     195.6666667   65.00000  66.8%  33.8   80s
H167911 117319                     195.5000000   65.00000  66.8%  34.1   86s
H167914 117281                     195.1666667   65.00000  66.7%  34.1   86s
H172043 121664                     195.0000000   65.00000  66.7%  34.5   88s
H173836 121988                     194.8333333   65.00000  66.6%  34.8   89s
H173842 121952                     194.5000000   65.00000  66.6%  34.8   89s
H174179 121935                     194.3333333   65.00000  66.6%  34.9   89s
 174225 125525   76.16667  188  202  194.33333   65.00000  66.6%  34.9   91s
H175590 125371                     192.8333333   65.00000  66.3%  35.1   91s
H178821 128234                     192.3333333   65.00000  66.2%  35.4   94s
H179487 128197                     192.2500000   65.00000  66.2%  35.5   94s
H181676 128191                     192.1666667   65.00000  66.2%  35.7   94s
 182857 132770   65.00000   45  320  192.16667   65.00000  66.2%  35.9   95s
H183554 132770                     192.1666666   65.00000  66.2%  35.9   95s
H189501 138995                     192.1666659   65.00000  66.2%  36.3   98s
H198166 139025                     192.1666657   65.00000  66.2%  36.5  106s
H198175 139025                     192.1666640   65.00000  66.2%  36.5  106s
H198192 139025                     192.1666638   65.00000  66.2%  36.5  106s
H198200 141307                     192.1666637   65.00000  66.2%  36.5  108s
H201438 141480                     192.1666548   65.00000  66.2%  36.7  109s
 201679 145921  167.50000  115  278  192.16665   65.00000  66.2%  36.7  110s
 216372 156489 infeasible  112       192.16665   65.00000  66.2%  37.6  115s
H226429 161421                     192.1666502   65.00000  66.2%  38.4  117s
H228195 164795                     192.1666501   65.00000  66.2%  38.7  118s
 232738 169208  129.66704  150  224  192.16665   65.00000  66.2%  39.2  120s
 248174 180835   69.33333   70  309  192.16665   65.00000  66.2%  40.1  125s
 254706 180855   68.33333  119  282  192.16665   65.00000  66.2%  40.3  131s
 254750 203437   68.33333  120  282  192.16665   65.00000  66.2%  40.3  138s
 286782 207183   76.50000  152  284  192.16665   65.00000  66.2%  41.5  140s
H302598 215003                     192.1666412   65.00000  66.2%  42.0  144s
H304518 217536                     192.1666409   65.00000  66.2%  42.1  145s
H308805 217536                     192.1666399   65.00000  66.2%  42.2  145s
 317788 228208   68.00000  119  269  192.16664   65.00000  66.2%  42.7  150s
 334020 239566  188.17458  233  173  192.16664   65.00000  66.2%  43.5  155s
 339771 239638   67.66966  147  295  192.16664   65.00000  66.2%  43.9  160s
H339834 239249                     190.3333333   65.00000  65.8%  43.9  160s
H339900 241753                     190.1666667   65.00000  65.8%  43.9  163s
H340034 241645                     189.6666667   65.00000  65.7%  43.9  163s
H340294 241611                     189.5000000   65.00000  65.7%  43.9  163s
H340698 241589                     189.3333333   65.00000  65.7%  43.9  163s
H341190 241539                     189.0000000   65.00000  65.6%  43.9  163s
H343419 244058                     188.8333333   65.00000  65.6%  43.9  164s
 346933 248336  143.16667   94  309  188.83333   65.00000  65.6%  44.1  167s
H354120 250219                     188.8300285   65.00000  65.6%  44.6  168s
 355754 255293   67.00000  125  271  188.83003   65.00000  65.6%  44.6  170s
 363591 255313   69.33333  125  305  188.83003   65.00000  65.6%  44.8  179s
 363634 258990 infeasible  126       188.83003   65.00000  65.6%  44.8  181s
 373526 263994   65.00000  147  302  188.83003   65.00000  65.6%  45.1  185s
H375676 263803                     188.0000000   65.00000  65.4%  45.2  185s
H376481 263741                     187.6666667   65.00000  65.4%  45.2  194s
H376482 263711                     187.4999997   65.00000  65.3%  45.2  194s
H376483 263597                     187.1666667   65.00000  65.3%  45.2  194s
 376516 285516   72.33333  125  306  187.16667   65.00000  65.3%  45.2  224s
H377542 285446                     187.0000000   65.00000  65.2%  45.2  224s
 408548 292209   87.16667  138  232  187.00000   65.00000  65.2%  46.3  227s
H408600 292209                     186.9999998   65.00000  65.2%  46.3  227s
H409722 292209                     186.9999998   65.00000  65.2%  46.3  227s
H412340 292209                     186.9999997   65.00000  65.2%  46.4  227s
H417945 294073                     186.9999995   65.00000  65.2%  46.5  228s
 420410 297494   68.00000  174  258  187.00000   65.00000  65.2%  46.6  230s
H432054 303998                     186.9992299   65.00000  65.2%  47.0  233s
 438171 307894   72.83333  139  277  186.99923   65.00000  65.2%  47.1  235s
 454973 318829 infeasible   95       186.99923   65.00000  65.2%  47.4  240s
 473621 328832   82.22222  163  192  186.99923   65.00000  65.2%  47.8  251s
 473813 350380   94.00000  164  176  186.99923   65.00000  65.2%  47.8  259s
 485825 350380   65.00000   84  306  186.99923   65.00000  65.2%  47.9  260s
 518668 361799 infeasible  147       186.99923   65.00000  65.2%  48.6  266s
 533264 371685  156.33333  122  243  186.99923   65.00000  65.2%  48.9  270s
 538206 371736   81.33333  170  234  186.99923   65.00000  65.2%  49.0  276s
 538283 392405   81.33333  171  249  186.99923   65.00000  65.2%  49.0  283s
 570315 397891   65.33333  138  279  186.99923   65.00000  65.2%  49.6  286s
 586857 407144 infeasible  135       186.99923   65.00000  65.2%  50.1  291s
 592446 407169  104.83333  154  272  186.99923   65.00000  65.2%  50.2  296s
 602791 415193 infeasible  157       186.99923   65.00000  65.2%  50.2  302s
 604725 432806   69.00000  181  259  186.99923   65.00000  65.2%  50.3  308s
 631400 435421   65.33610  137  268  186.99923   65.00000  65.2%  50.5  310s
 648227 446385   65.33333  129  307  186.99923   65.00000  65.2%  50.7  315s
 666587 459942 infeasible  212       186.99923   65.00000  65.2%  51.2  321s
 679926 465302 infeasible  187       186.99923   65.00000  65.2%  51.4  329s
 679971 467399 infeasible  187       186.99923   65.00000  65.2%  51.4  331s
 695534 480157   65.00000  105  313  186.99923   65.00000  65.2%  51.5  337s
 708709 487218   70.50000  138  240  186.99923   65.00000  65.2%  51.8  340s
 729463 503100  118.66667  192  231  186.99923   65.00000  65.2%  52.0  347s
 736751 505379  168.50000  168  219  186.99923   65.00000  65.2%  52.0  350s
 753082 516134   72.83333  162  288  186.99923   65.00000  65.2%  52.1  355s
 770137 528434   77.50000  186  230  186.99923   65.00000  65.2%  52.2  360s
 784155 536472  133.17683  225  178  186.99923   65.00000  65.2%  52.3  365s
 800444 547117  128.33616  177  208  186.99923   65.00000  65.2%  52.6  370s
 814824 556574   65.33333  145  334  186.99923   65.00000  65.2%  52.7  375s
 829290 566659   66.33333  240  179  186.99923   65.00000  65.2%  52.9  380s
 845681 573666  172.66667  175  196  186.99923   65.00000  65.2%  53.1  390s
 855577 584461   65.00000  141  328  186.99923   65.00000  65.2%  53.2  396s
 871749 592231   65.83333  184  263  186.99923   65.00000  65.2%  53.3  400s
 886299 598857   66.50000  157  296  186.99923   65.00000  65.2%  53.4  405s
 902389 612108   68.16667  122  279  186.99923   65.00000  65.2%  53.5  411s
 908636 612130   76.00000  203  263  186.99923   65.00000  65.2%  53.5  417s
 913691 615095   68.16667  125  315  186.99923   65.00000  65.2%  53.6  427s
 918680 622523 infeasible  197       186.99923   65.00000  65.2%  53.6  430s
 935680 632867   65.00000  146  310  186.99923   65.00000  65.2%  53.6  435s
 951223 642962   68.50000  204  254  186.99923   65.00000  65.2%  53.6  441s
 966473 652652   68.66667  180  250  186.99923   65.00000  65.2%  53.8  445s
 973086 652678     cutoff  166       186.99923   65.00000  65.2%  53.8  452s
 978865 658432   65.00220  137  274  186.99923   65.00000  65.2%  53.8  455s
 991381 664189   66.00151  143  290  186.99923   65.00000  65.2%  53.9  467s
 995664 668285   73.16667  134  256  186.99923   65.00000  65.2%  54.0  470s
 1006300 676975  153.16667  224  192  186.99923   65.00000  65.2%  54.1  475s
 1011951 677000 infeasible  218       186.99923   65.00000  65.2%  54.2  482s
 1011990 696140 infeasible  215       186.99923   65.00000  65.2%  54.2  490s
 1055188 705835   69.33333  115  292  186.99923   65.00000  65.2%  54.5  496s
 1069038 715569  105.66930  173  240  186.99923   65.00000  65.2%  54.6  501s
 1081548 723298   67.66667  134  250  186.99923   65.00000  65.2%  54.7  506s
 1095802 732271   65.33333  130  287  186.99923   65.00000  65.2%  54.8  510s
 1113180 741901  121.50000  183  235  186.99923   65.00000  65.2%  54.8  516s
 1121426 744716   66.83333  131  310  186.99923   65.00000  65.2%  54.8  521s
 1130735 752380  146.50000  167  224  186.99923   65.00000  65.2%  54.9  526s
 1143092 759597  169.06169  222  170  186.99923   65.00000  65.2%  54.9  530s
 1160304 770711  102.50000  197  240  186.99923   65.00000  65.2%  54.9  535s
 1168638 780128   65.00000  141  314  186.99923   65.00000  65.2%  54.9  541s
 1188903 791561  130.83333  239  150  186.99923   65.00000  65.2%  54.9  546s
 1203813 799811   72.16667  135  248  186.99923   65.00000  65.2%  54.9  550s
 1221217 812285   71.57143  174  258  186.99923   65.00000  65.2%  55.0  556s
 1239191 820578 infeasible  180       186.99923   65.00000  65.2%  55.0  563s
 1239301 821110  114.00184  178  179  186.99923   65.00000  65.2%  55.0  565s
 1250044 831114  160.03846  239  172  186.99923   65.00000  65.2%  55.0  570s
 1267650 841839   73.83333  139  204  186.99923   65.00000  65.2%  55.0  575s
 1282571 850696   65.66667   99  295  186.99923   65.00000  65.2%  55.0  581s
 1292667 859270  172.00000  227  162  186.99923   65.00000  65.2%  55.0  585s
 1308811 865115  109.54348  138  222  186.99923   65.00000  65.2%  55.0  595s
 1312091 867339  154.16667  152  277  186.99923   65.00000  65.2%  54.9  600s

Cutting planes:
  Learned: 318
  Gomory: 16
  Cover: 327
  Implied bound: 231
  Clique: 74
  MIR: 946
  StrongCG: 4
  Flow cover: 1661
  GUB cover: 3
  Mod-K: 1
  RLT: 124
  Relax-and-lift: 599

Cleanup yields a better solution

Explored 1312128 nodes (72093962 simplex iterations) in 600.02 seconds
Thread count was 32 (of 64 available processors)

Solution count 10: 186.999 187 187 ... 188.83

Time limit reached
Best objective 1.863333333333e+02, best bound 6.500000000000e+01, gap 65.1163%
