
Gurobi 9.1.2 (linux64) logging started Thu Mar 31 11:48:28 2022

Changed value of parameter LogFile to ta2_v-N31.log
   Prev:   Default: 
Changed value of parameter MIPFocus to 1
   Prev: 0  Min: 0  Max: 3  Default: 0
Changed value of parameter TimeLimit to 600.0
   Prev: inf  Min: 0.0  Max: inf  Default: inf
Warning: variables 0 and 346 have the same name "X[N31,N1]"
Warning: linear constraint 396 and linear constraint 397 have the same name "weight-constr-t5"
Warning: to let Gurobi read it back, use rlp format
Gurobi Optimizer version 9.1.2 build v9.1.2rc0 (linux64)
Thread count: 32 physical cores, 64 logical processors, using up to 32 threads
Optimize a model with 2476 rows, 2076 columns and 7368 nonzeros
Model fingerprint: 0x024dda2b
Variable types: 390 continuous, 1686 integer (1686 binary)
Coefficient statistics:
  Matrix range     [1e+00, 1e+06]
  Objective range  [2e-01, 2e-01]
  Bounds range     [1e+00, 5e+05]
  RHS range        [1e+00, 1e+06]
Presolve removed 168 rows and 192 columns
Presolve time: 0.04s
Presolved: 2308 rows, 1884 columns, 8606 nonzeros
Variable types: 378 continuous, 1506 integer (1500 binary)

Root relaxation: objective 6.500000e+01, 262 iterations, 0.00 seconds

    Nodes    |    Current Node    |     Objective Bounds      |     Work
 Expl Unexpl |  Obj  Depth IntInf | Incumbent    BestBd   Gap | It/Node Time

     0     0   65.00000    0  105          -   65.00000      -     -    0s
     0     0   65.00000    0  186          -   65.00000      -     -    0s
     0     0   65.00000    0  183          -   65.00000      -     -    0s
     0     0   65.00000    0   83          -   65.00000      -     -    0s
     0     0   65.00000    0   90          -   65.00000      -     -    0s
     0     0   65.00000    0   85          -   65.00000      -     -    0s
     0     0   65.00000    0   94          -   65.00000      -     -    0s
     0     0   65.00000    0   69          -   65.00000      -     -    0s
     0     0   65.00000    0   82          -   65.00000      -     -    0s
H    0     0                    6247859.6667   65.00000   100%     -    0s
     0     0   65.00000    0   84 6247859.67   65.00000   100%     -    0s
H    0     0                    6247854.6667   65.00000   100%     -    0s
H    0     0                     187.1666667   65.00000  65.3%     -    1s
H    0     0                     186.8333333   65.00000  65.2%     -    1s
H    0     2                     171.8333333   65.00000  62.2%     -    1s
     0     2   65.00000    0   73  171.83333   65.00000  62.2%     -    1s
H    7    14                     171.0000000   65.00000  62.0%  84.4    1s
H    8    14                     170.8333333   65.00000  62.0%  79.2    1s
H    9    14                     169.8333333   65.00000  61.7%  76.9    1s
H   29    56                     169.3333333   65.00000  61.6%  35.0    1s
H   30    56                     169.0000000   65.00000  61.5%  34.0    1s
H   34    56                     168.8333333   65.00000  61.5%  30.4    1s
H   89   120                     168.3333333   65.00000  61.4%  16.9    3s
H   90   120                     167.1666667   65.00000  61.1%  16.8    3s
H   91   120                     167.0000000   65.00000  61.1%  16.7    3s
H   92   120                     166.5000000   65.00000  61.0%  16.5    3s
H   93   120                     165.6666667   65.00000  60.8%  16.4    3s
H   98   120                     165.3333333   65.00000  60.7%  15.8    3s
H  153   184                     162.9166667   65.00000  60.1%  11.6    6s
H  155   184                     162.4166667   65.00000  60.0%  11.6    6s
H  185   216                     161.2500000   65.00000  59.7%  10.5    8s
H  203   216                     160.5833333   65.00000  59.5%  10.2    8s
H  212   216                     160.3333333   65.00000  59.5%  10.0    8s
H  443   470                     159.5000000   65.00000  59.2%   7.4    9s
H  448   470                     157.4166667   65.00000  58.7%   7.4    9s
H  473  1130                     156.9166667   65.00000  58.6%   7.3    9s
H  494  1130                     156.5833333   65.00000  58.5%   7.2    9s
H  515  1130                     154.5000000   65.00000  57.9%   7.2    9s
  1141  1460   65.00000   40   90  154.50000   65.00000  57.9%   6.7   10s
H 1151  1460                     152.6666667   65.00000  57.4%   6.7   10s
H 1195  1460                     151.8333333   65.00000  57.2%   6.7   10s
H 1339  1460                     151.0000000   65.00000  57.0%   6.6   10s
H 1350  1460                     150.3333333   65.00000  56.8%   6.6   10s
H 1416  1460                     148.8333333   65.00000  56.3%   6.7   10s
H 1500  1839                     143.8333333   65.00000  54.8%   6.6   14s
H 1510  1839                     141.6666667   65.00000  54.1%   6.6   14s
H 1887  1839                     141.5000000   65.00000  54.1%   6.3   14s
  1888  6405   66.00000   68   92  141.50000   65.00000  54.1%   6.3   15s
H 1975  6405                     139.5000000   65.00000  53.4%   6.3   15s
H 7142 11329                     139.3333333   65.00000  53.3%   5.8   15s
H 7532 11322                     139.0000000   65.00000  53.2%   5.8   15s
H 9355 11322                     138.8333332   65.00000  53.2%   5.9   15s
H12390 11322                     138.8333332   65.00000  53.2%   5.9   15s
H12391 11198                     134.6666665   65.00000  51.7%   5.9   17s
H12397 11192                     134.3333332   65.00000  51.6%   5.9   17s
H12401 11192                     134.1666667   65.00000  51.6%   5.9   17s
H12420 11192                     134.1666665   65.00000  51.6%   5.9   17s
 12531 11285   65.00000   16  280  134.16667   65.00000  51.6%   9.9   22s
H12554 10718                     134.1666665   65.00000  51.6%   9.9   22s
H12567 10213                     134.1666642   65.00000  51.6%   9.9   22s
H12690  9794                     134.1666637   65.00000  51.6%  10.1   23s
 13516 12817   65.00000   29  242  134.16666   65.00000  51.6%  10.8   25s
H14110 12139                     132.8333333   65.00000  51.1%  11.8   25s
H16336 12800                     132.6666667   65.00000  51.0%  14.0   26s
H16495 12313                     132.5000000   65.00000  50.9%  14.2   26s
H16693 11836                     132.1666667   65.00000  50.8%  14.5   26s
H18700 13658                     132.0000000   65.00000  50.8%  16.1   26s
H18784 13258                     131.8333333   65.00000  50.7%  16.2   26s
H19664 12613                     131.6666667   65.00000  50.6%  17.1   26s
H22093 11685                     131.5000000   65.00000  50.6%  18.6   27s
 28477 14512   65.00000   79  282  131.50000   65.00000  50.6%  22.8   30s
 35211 18011   71.33333  156  223  131.50000   65.00000  50.6%  27.9   37s
 39327 22338   66.33333  122  229  131.50000   65.00000  50.6%  29.8   40s
H40207 22333                     131.3333333   65.00000  50.5%  30.2   40s
H41401 22845                     131.1666667   65.00000  50.4%  30.6   41s
H41996 22845                     131.0000000   65.00000  50.4%  30.8   41s
 46691 26523   79.53800   90  235  131.00000   65.00000  50.4%  32.2   45s
 53945 35407  127.83333  154  150  131.00000   65.00000  50.4%  33.3   50s
 72899 49290   65.50000   93  239  131.00000   65.00000  50.4%  37.6   55s
H78881 51252                     131.0000000   65.00000  50.4%  37.9   57s
H81335 53066                     130.9999997   65.00000  50.4%  38.1   59s
H83095 53066                     130.9999997   65.00000  50.4%  38.2   59s
H83928 56777                     130.9999997   65.00000  50.4%  38.2   61s
H84190 56777                     130.9999996   65.00000  50.4%  38.2   61s
H84321 56777                     130.9999995   65.00000  50.4%  38.3   61s
H84494 56777                     130.9999994   65.00000  50.4%  38.2   61s
H84951 56777                     130.9999994   65.00000  50.4%  38.2   61s
H87864 56777                     130.9999993   65.00000  50.4%  38.4   61s
H89211 63359                     130.9999992   65.00000  50.4%  38.5   63s
H93323 63359                     130.9999990   65.00000  50.4%  39.3   63s
 97719 65884 infeasible  136       131.00000   65.00000  50.4%  40.1   65s
H98918 65884                     130.9999988   65.00000  50.4%  40.5   65s
H103075 70117                     130.9999988   65.00000  50.4%  41.4   69s
H104297 70117                     130.9999988   65.00000  50.4%  41.6   69s
 107468 74906   72.66667  140  172  131.00000   65.00000  50.4%  42.1   71s
H116977 77228                     130.9999987   65.00000  50.4%  42.5   72s
 119019 84239  114.33768  191  160  131.00000   65.00000  50.4%  42.5   75s
H124726 84239                     130.9999986   65.00000  50.4%  42.5   75s
 146994 94415  116.02387  167  172  131.00000   65.00000  50.4%  42.4   81s
 161065 104872  106.00736  177  185  131.00000   65.00000  50.4%  42.9   86s
 176618 112521   73.16667  131  199  131.00000   65.00000  50.4%  43.4   90s
 185020 119733   79.16667  153  209  131.00000   65.00000  50.4%  43.4   95s
H196780 124330                     130.9999986   65.00000  50.4%  43.9   99s
 199031 127306  106.83333  193  126  131.00000   65.00000  50.4%  43.9  103s
 204159 131016 infeasible  154       131.00000   65.00000  50.4%  44.1  105s
 218626 136101  119.50477  177  188  131.00000   65.00000  50.4%  44.4  112s
 223916 139107     cutoff  185       131.00000   65.00000  50.4%  44.3  119s
 223952 142089  127.00000  183  143  131.00000   65.00000  50.4%  44.3  120s
 237421 146654   72.50000  132  188  131.00000   65.00000  50.4%  44.2  126s
 238390 150238 infeasible  159       131.00000   65.00000  50.4%  44.2  130s
 257504 159360  115.66667  182  147  131.00000   65.00000  50.4%  44.4  135s
 270888 168837   83.33333  143  182  131.00000   65.00000  50.4%  44.6  140s
 280074 178903   84.50000  182  166  131.00000   65.00000  50.4%  44.6  146s
 297902 185237  101.00183  158  191  131.00000   65.00000  50.4%  45.0  150s
 309394 206000   66.69534  126  270  131.00000   65.00000  50.4%  45.3  160s
 341468 225346   95.50000  156  203  131.00000   65.00000  50.4%  45.7  170s
 385487 234214  100.35867  188  132  131.00000   65.00000  50.4%  45.9  175s
 404887 246357   77.16667  142  185  131.00000   65.00000  50.4%  45.9  181s
 411571 246384  130.34114  155  205  131.00000   65.00000  50.4%  45.9  186s
 415966 248674   66.51069  146  221  131.00000   65.00000  50.4%  45.9  193s
 416019 251999   66.70648  147  210  131.00000   65.00000  50.4%  45.9  195s
 432706 256596   82.51075  162  195  131.00000   65.00000  50.4%  45.8  203s
 432751 258615   85.16712  163  192  131.00000   65.00000  50.4%  45.8  205s
 437044 277106  112.50000  187  166  131.00000   65.00000  50.4%  45.8  216s
 469076 277128 infeasible  254       131.00000   65.00000  50.4%  46.1  223s
 469117 295265  117.17260  255  156  131.00000   65.00000  50.4%  46.1  231s
 508216 301699   65.16667  160  184  131.00000   65.00000  50.4%  46.2  238s
 511825 304980   89.87500  190  169  131.00000   65.00000  50.4%  46.3  240s
 527499 315577  112.83333  116  211  131.00000   65.00000  50.4%  46.6  245s
 539008 323482   74.66667  164  173  131.00000   65.00000  50.4%  46.8  251s
 555133 332733 infeasible  130       131.00000   65.00000  50.4%  46.9  256s
 566120 339060 infeasible  144       131.00000   65.00000  50.4%  46.9  260s
 588047 348410  119.16667  185  165  131.00000   65.00000  50.4%  46.9  266s
 605531 354713   88.00000  166  172  131.00000   65.00000  50.4%  47.0  273s
 610996 357281 infeasible  145       131.00000   65.00000  50.4%  47.0  280s
 619863 364357   79.16980  157  190  131.00000   65.00000  50.4%  47.0  285s
 633188 372394  100.66667  174  204  131.00000   65.00000  50.4%  47.1  292s
 649758 378605 infeasible  159       131.00000   65.00000  50.4%  47.2  295s
 666801 387314   75.50000  170  179  131.00000   65.00000  50.4%  47.4  302s
 677261 391429 infeasible  196       131.00000   65.00000  50.4%  47.4  306s
 681856 391454     cutoff  183       131.00000   65.00000  50.4%  47.4  311s
H681858 391454                     130.9999985   65.00000  50.4%  47.4  311s
H682202 393938                     130.9999985   65.00000  50.4%  47.4  313s
 687284 396601  104.66667  169  158  131.00000   65.00000  50.4%  47.4  315s
H687452 396601                     130.9999984   65.00000  50.4%  47.4  315s
H689777 396601                     130.9999984   65.00000  50.4%  47.5  315s
H692114 396601                     130.9999983   65.00000  50.4%  47.5  315s
H697699 399964                     130.9999983   65.00000  50.4%  47.6  318s
 699306 399986 infeasible  182       131.00000   65.00000  50.4%  47.6  327s
 705305 404934   68.41667  142  212  131.00000   65.00000  50.4%  47.7  330s
 715199 410987 infeasible  194       131.00000   65.00000  50.4%  47.7  335s
 735408 422571   97.00000  174  154  131.00000   65.00000  50.4%  48.0  341s
 749789 429113   85.33333  189  152  131.00000   65.00000  50.4%  48.2  345s
 770158 438960   69.29373  160  216  131.00000   65.00000  50.4%  48.2  351s
 778242 443475     cutoff  170       131.00000   65.00000  50.4%  48.2  355s
 795388 452205   84.16667  181  165  131.00000   65.00000  50.4%  48.2  360s
 803881 454557 infeasible  155       131.00000   65.00000  50.4%  48.3  365s
 813605 464476   65.84402  145  210  131.00000   65.00000  50.4%  48.3  370s
 834558 473973   72.33333  155  204  131.00000   65.00000  50.4%  48.3  375s
 850172 482516   65.00000   78  277  131.00000   65.00000  50.4%  48.4  380s
 858329 490388  113.33967  162  168  131.00000   65.00000  50.4%  48.5  385s
 874995 499939   66.00000  126  295  131.00000   65.00000  50.4%  48.6  390s
 896547 513829   68.83453  126  230  131.00000   65.00000  50.4%  48.7  396s
 911300 525653   66.84640  144  206  131.00000   65.00000  50.4%  48.9  401s
 916986 525677   81.33333  175  180  131.00000   65.00000  50.4%  48.9  406s
 927932 536967   65.33333   73  295  131.00000   65.00000  50.4%  49.0  411s
 941453 545310   99.50079  118  220  131.00000   65.00000  50.4%  49.0  416s
 953996 550234   65.00000  131  223  131.00000   65.00000  50.4%  48.9  423s
 954035 553896   65.00000  132  226  131.00000   65.00000  50.4%  48.9  425s
H968355 562470                     130.9999981   65.00000  50.4%  49.1  429s
 971493 566106  109.00000  103  184  131.00000   65.00000  50.4%  49.1  431s
 986300 575605   65.00000   34  296  131.00000   65.00000  50.4%  49.3  436s
 1001125 586680   71.16670  136  206  131.00000   65.00000  50.4%  49.6  441s
 1017210 596542  111.33333  126  207  131.00000   65.00000  50.4%  49.8  445s
 1031910 607212   67.83333  116  262  131.00000   65.00000  50.4%  49.8  451s
 1048625 617848   95.55882  140  196  131.00000   65.00000  50.4%  49.9  456s
 1059626 621972 infeasible  134       131.00000   65.00000  50.4%  50.0  462s
 1064342 628287   87.33333  131  244  131.00000   65.00000  50.4%  50.0  466s
 1074362 635637  119.16667   96  178  131.00000   65.00000  50.4%  50.1  470s
 1085981 639350  128.06623  235  135  131.00000   65.00000  50.4%  50.1  476s
 1090951 642459  112.33333  185  152  131.00000   65.00000  50.4%  50.1  484s
 1090994 645972  112.33333  186  152  131.00000   65.00000  50.4%  50.1  486s
 1102259 651815   79.33333  124  290  131.00000   65.00000  50.4%  50.1  490s
 1121248 665662   65.00000  121  266  131.00000   65.00000  50.4%  50.2  496s
 1131799 672302   75.00000  202  198  131.00000   65.00000  50.4%  50.3  500s
 1146066 679220  104.00000   77  225  131.00000   65.00000  50.4%  50.4  507s
 1151168 685694   65.00000  116  288  131.00000   65.00000  50.4%  50.4  510s
 1167007 696724   65.00000  103  274  131.00000   65.00000  50.4%  50.4  516s
 1178566 700573  126.44444  215  170  131.00000   65.00000  50.4%  50.5  520s
 1188887 711238   72.83333  180  203  131.00000   65.00000  50.4%  50.6  525s
 1209051 720249   65.66667   94  238  131.00000   65.00000  50.4%  50.7  535s
 1214625 726885     cutoff  123       131.00000   65.00000  50.4%  50.7  540s
 1231041 734285  122.50000  205  140  131.00000   65.00000  50.4%  50.9  549s
 1231074 738055     cutoff  206       131.00000   65.00000  50.4%  50.9  551s
 1236591 738078  110.41667  130  198  131.00000   65.00000  50.4%  50.9  556s
 1246179 747963   70.50000  146  226  131.00000   65.00000  50.4%  50.9  561s
 1262888 757805   73.09246  151  271  131.00000   65.00000  50.4%  51.0  566s
 1273563 764370   94.16667  159  241  131.00000   65.00000  50.4%  51.0  570s
 1279526 765814   65.00000   71  257  131.00000   65.00000  50.4%  51.1  580s
 1291783 777563   68.66667  166  269  131.00000   65.00000  50.4%  51.1  586s
 1299851 781317   67.04762  112  271  131.00000   65.00000  50.4%  51.2  590s
 1315866 789375   67.16667  150  272  131.00000   65.00000  50.4%  51.3  598s
 1315916 791668   67.16667  151  259  131.00000   65.00000  50.4%  51.3  600s

Cutting planes:
  Learned: 275
  Gomory: 20
  Cover: 404
  Implied bound: 211
  Clique: 117
  MIR: 1053
  StrongCG: 5
  Flow cover: 1436
  GUB cover: 7
  Zero half: 2
  Mod-K: 1
  RLT: 87
  Relax-and-lift: 700

Explored 1319628 nodes (67721694 simplex iterations) in 600.06 seconds
Thread count was 32 (of 64 available processors)

Solution count 10: 131 131 131 ... 131

Time limit reached
Best objective 1.309999981415e+02, best bound 6.500000000000e+01, gap 50.3817%
