
Gurobi 9.1.2 (linux64) logging started Sat Mar 19 20:26:31 2022

Changed value of parameter LogFile to ls_sym_v-(0, 3).log
   Prev:   Default: 
Changed value of parameter MIPFocus to 1
   Prev: 0  Min: 0  Max: 3  Default: 0
Changed value of parameter Threads to 4
   Prev: 0  Min: 0  Max: 1024  Default: 0
Changed value of parameter TimeLimit to 1800.0
   Prev: inf  Min: 0.0  Max: inf  Default: inf
Warning: variable name "X[(1, 0),(0, 0)]" has a space
Warning: constraint name "flow-constr-t0-v(3, 6)" has a space
Warning: to let Gurobi read it back, use rlp format
Gurobi Optimizer version 9.1.2 build v9.1.2rc0 (linux64)
Thread count: 16 physical cores, 32 logical processors, using up to 4 threads
Optimize a model with 3633 rows, 3264 columns and 12402 nonzeros
Model fingerprint: 0xc703f0a9
Variable types: 384 continuous, 2880 integer (2880 binary)
Coefficient statistics:
  Matrix range     [1e+00, 7e+04]
  Objective range  [2e-01, 2e-01]
  Bounds range     [1e+00, 3e+04]
  RHS range        [1e+00, 7e+04]
Presolve removed 279 rows and 288 columns
Presolve time: 0.05s
Presolved: 3354 rows, 2976 columns, 22261 nonzeros
Variable types: 384 continuous, 2592 integer (2592 binary)
Found heuristic solution: objective 11127.666665

Root relaxation: objective 6.400000e+01, 154 iterations, 0.00 seconds

    Nodes    |    Current Node    |     Objective Bounds      |     Work
 Expl Unexpl |  Obj  Depth IntInf | Incumbent    BestBd   Gap | It/Node Time

     0     0   64.00000    0   20 11127.6667   64.00000  99.4%     -    0s
H    0     0                    11125.999998   64.00000  99.4%     -    0s
H    0     0                    11125.833332   64.00000  99.4%     -    0s
H    0     0                    7030.1666657   64.00000  99.1%     -    0s
H    0     0                    4291.6666663   64.00000  98.5%     -    0s
     0     0   64.00000    0   54 4291.66667   64.00000  98.5%     -    0s
H    0     0                    4286.4999999   64.00000  98.5%     -    0s
H    0     0                     638.4999999   64.00000  90.0%     -    0s
     0     0   64.00000    0   60  638.50000   64.00000  90.0%     -    0s
     0     0   64.00000    0   24  638.50000   64.00000  90.0%     -    0s
H    0     0                     480.1666667   64.00000  86.7%     -    0s
H    0     0                     416.3333331   64.00000  84.6%     -    0s
H    0     0                     296.2916667   64.00000  78.4%     -    0s
     0     0   64.00000    0   36  296.29167   64.00000  78.4%     -    0s
H    0     0                     169.5833333   64.00000  62.3%     -    0s
H    0     0                     152.0000000   64.00000  57.9%     -    0s
     0     0   64.00000    0   32  152.00000   64.00000  57.9%     -    0s
H    0     0                     128.6666667   64.00000  50.3%     -    0s
     0     0   64.00000    0   32  128.66667   64.00000  50.3%     -    0s
     0     0   64.00000    0   30  128.66667   64.00000  50.3%     -    0s
H    0     0                     118.3333333   64.00000  45.9%     -    1s
H    0     0                     114.5000000   64.00000  44.1%     -    1s
     0     0   64.00000    0   51  114.50000   64.00000  44.1%     -    1s
     0     0   64.00000    0   24  114.50000   64.00000  44.1%     -    1s
H    0     0                     111.9166664   64.00000  42.8%     -    1s
     0     2   64.00000    0   18  111.91667   64.00000  42.8%     -    1s
H    1     4                     111.5000000   64.00000  42.6%   398    1s
H    2     4                      92.7500000   64.00000  31.0%   200    1s
H   31    34                      91.8750000   64.00000  30.3%  18.9    2s
H   32    34                      90.6333333   64.00000  29.4%  18.4    2s
H   60   100                      86.3333333   64.00000  25.9%  12.6    2s
H   74   100                      77.3333333   64.00000  17.2%  11.1    2s
H   88   100                      75.0000000   64.00000  14.7%  10.0    2s
H  103   152                      71.6666667   64.00000  10.7%   9.1    3s
H  173   317                      71.2807018   64.00000  10.2%   6.8    4s
   322  1274   64.00000  102   40   71.28070   64.00000  10.2%   8.4    5s
H  397  1274                      71.2105263   64.00000  10.1%  10.6    5s
H 1099  1274                      71.2037037   64.00000  10.1%   6.5    5s
H 1798  1629                      70.8333333   64.00000  9.65%   5.9    6s
H 1799  1548                      69.7500000   64.00000  8.24%   5.9    6s
H 1799  1471                      69.7499999   64.00000  8.24%   5.9    6s
H 1800  1398                      69.5833333   64.00000  8.02%   5.9    6s
H 1800  1328                      69.0000000   64.00000  7.25%   5.9    6s
H 1801  1261                      68.6666667   64.00000  6.80%   5.9    6s
H 1802  1199                      68.5000000   64.00000  6.57%   5.9    7s
H 1803  1140                      68.1666667   64.00000  6.11%   5.9    7s
H 1804  1083                      68.0000000   64.00000  5.88%   5.9    7s
H 1868  1089                      67.5000000   64.00000  5.19%  20.2    8s
H 1885  1049                      67.3333333   64.00000  4.95%  22.0    9s
  1902  1100   64.00000   25   71   67.33333   64.00000  4.95%  22.0   10s
  3187  1903   64.83333  143   81   67.33333   64.00000  4.95%  21.3   15s
H 3339  1803                      67.3333332   64.00000  4.95%  21.7   15s
  3913  2149   66.16667  119  110   67.33333   64.00000  4.95%  22.5   20s
H 4821  2830                      67.3333332   64.00000  4.95%  21.3   24s
  5116  2844   67.16667  230   87   67.33333   64.00000  4.95%  20.7   25s
  6466  4005   66.16667  265   72   67.33333   64.00000  4.95%  19.1   30s
  7834  5013   67.00000  255   94   67.33333   64.00000  4.95%  20.3   35s
  8880  5837   65.83333  222   88   67.33333   64.00000  4.95%  20.4   41s
 10069  6441   64.00000  131   69   67.33333   64.00000  4.95%  22.3   46s
 11440  7984   64.00000  146   99   67.33333   64.00000  4.95%  23.4   51s
H12969  8515                      67.1527778   64.00000  4.69%  24.9   54s
H13220  8781                      66.8833333   64.00000  4.31%  25.1   56s
H13521  7492                      66.0000000   64.00000  3.03%  24.7   56s
H13842  7192                      65.7333333   64.00000  2.64%  24.3   57s
H14257  7192                      65.7333332   64.00000  2.64%  25.2   57s
H14312  7690                      65.7333331   64.00000  2.64%  25.1   59s
 15018  7929     cutoff  164        65.73333   64.00000  2.64%  26.8   60s
H15020  7271                      65.5000000   64.00000  2.29%  26.8   60s
H15394  7143                      65.3333333   64.00000  2.04%  26.7   62s
 16368  7702   64.00000  214   87   65.33333   64.00000  2.04%  29.1   65s
 18042  8623     cutoff  214        65.33333   64.00000  2.04%  30.2   70s
 19060  9684   64.66667  214  100   65.33333   64.00000  2.04%  30.7   75s
 20907 10237     cutoff  220        65.33333   64.00000  2.04%  31.3   80s
 21096 11771   65.16667  219  121   65.33333   64.00000  2.04%  31.2   86s
 24684 11889   64.50000  212   95   65.33333   64.00000  2.04%  32.2   91s
 25565 12284   64.00000  187   87   65.33333   64.00000  2.04%  32.5   95s
 26671 12643   64.16667  175  110   65.33333   64.00000  2.04%  32.5  102s
 27020 12887   65.00000  199  112   65.33333   64.00000  2.04%  32.6  105s
 27938 12999     cutoff  231        65.33333   64.00000  2.04%  32.9  112s
 28795 13174     cutoff  218        65.33333   64.00000  2.04%  33.1  117s
 29535 13558   64.00000  263   96   65.33333   64.00000  2.04%  33.2  121s
 30367 13837   64.16667  294  106   65.33333   64.00000  2.04%  33.7  126s
 31015 13995   64.00000  225   84   65.33333   64.00000  2.04%  33.9  130s
 32515 14644   64.33333  258  106   65.33333   64.00000  2.04%  34.2  136s
 33682 15131     cutoff  286        65.33333   64.00000  2.04%  34.1  140s
 35397 15952   65.16667  207  105   65.33333   64.00000  2.04%  33.3  146s
 36730 16885   64.66667  180   91   65.33333   64.00000  2.04%  32.8  150s
 37866 17358     cutoff  192        65.33333   64.00000  2.04%  32.6  155s
 39137 18092   65.16667  164  101   65.33333   64.00000  2.04%  32.6  160s
 40145 19101   64.00000  143   60   65.33333   64.00000  2.04%  32.3  166s
 41515 19725   64.00000  152   75   65.33333   64.00000  2.04%  32.2  171s
 42924 20381   64.00000  264  106   65.33333   64.00000  2.04%  31.7  175s
 44728 20991   64.66667  197   96   65.33333   64.00000  2.04%  31.1  181s
 45728 21408     cutoff  250        65.33333   64.00000  2.04%  30.8  186s
H45928 21614                      65.3333333   64.00000  2.04%  30.7  188s
 46220 21618   64.16667  181   74   65.33333   64.00000  2.04%  30.7  191s
 47421 22313   65.16667  239   81   65.33333   64.00000  2.04%  30.2  197s
 48169 22782   64.16667  214   64   65.33333   64.00000  2.04%  30.0  200s
 49306 23780   64.66667  193   86   65.33333   64.00000  2.04%  29.6  206s
 50359 24018     cutoff  237        65.33333   64.00000  2.04%  29.3  210s
 52201 24922   64.16667  243   75   65.33333   64.00000  2.04%  28.9  216s
 53061 25502   65.00000  261   72   65.33333   64.00000  2.04%  28.8  220s
 53897 25851   65.00000  304   77   65.33333   64.00000  2.04%  28.6  225s
H55031 25881                      65.3333331   64.00000  2.04%  28.4  228s
 55139 26149   64.83333  252   82   65.33333   64.00000  2.04%  28.4  230s
H56416 26298                      65.3333331   64.00000  2.04%  28.4  231s
 57078 26393   64.00000  218   77   65.33333   64.00000  2.04%  28.4  235s
 58518 26766   64.53776  328   82   65.33333   64.00000  2.04%  28.2  240s
 59380 27184     cutoff  275        65.33333   64.00000  2.04%  28.1  245s
 60662 27553   64.66667  312   98   65.33333   64.00000  2.04%  28.0  250s
H60933 27717                      65.3333330   64.00000  2.04%  27.9  252s
 61861 27895 infeasible  249        65.33333   64.00000  2.04%  27.8  258s
H61927 27895                      65.3333330   64.00000  2.04%  27.8  258s
 62321 28166   64.66667  257   80   65.33333   64.00000  2.04%  27.8  262s
H63016 28321                      65.3333330   64.00000  2.04%  27.7  263s
 63257 28408   64.16667  210   89   65.33333   64.00000  2.04%  27.6  265s
H63258 28408                      65.3333330   64.00000  2.04%  27.6  265s
H63260 28408                      65.3333329   64.00000  2.04%  27.6  265s
 64271 28725   64.16667  254   89   65.33333   64.00000  2.04%  27.5  270s
 65513 29362   64.33333  319   78   65.33333   64.00000  2.04%  27.5  276s
 66978 29810   64.16667  285  106   65.33333   64.00000  2.04%  27.4  280s
 68228 30970   64.00000  194   80   65.33333   64.00000  2.04%  27.2  286s
H70151 31728                      65.3333329   64.00000  2.04%  26.8  289s
H70338 31747                      65.3333328   64.00000  2.04%  26.9  292s
H70444 31844                      65.3333328   64.00000  2.04%  26.9  294s
 70523 32265     cutoff  237        65.33333   64.00000  2.04%  26.9  296s
 71357 33076     cutoff  281        65.33333   64.00000  2.04%  26.8  301s
 72726 33645   64.75000  186   87   65.33333   64.00000  2.04%  26.7  306s
 73715 34521   64.16667  239   82   65.33333   64.00000  2.04%  26.5  310s
 75371 35174   65.00000  239   93   65.33333   64.00000  2.04%  26.6  315s
 76332 35617     cutoff  230        65.33333   64.00000  2.04%  26.5  320s
 77772 36118   64.50000  236   88   65.33333   64.00000  2.04%  26.3  326s
 78810 36608 infeasible  247        65.33333   64.00000  2.04%  26.2  331s
 79433 37001   64.00000  204   66   65.33333   64.00000  2.04%  26.2  335s
H79606 37001                      65.3333328   64.00000  2.04%  26.2  335s
 80696 37877   64.66667  213   99   65.33333   64.00000  2.04%  26.0  341s
 81998 38108     cutoff  215        65.33333   64.00000  2.04%  25.8  345s
H81999 38108                      65.3333328   64.00000  2.04%  25.8  345s
 83425 38489 infeasible  211        65.33333   64.00000  2.04%  25.7  351s
 84667 39003     cutoff  238        65.33333   64.00000  2.04%  25.5  355s
H85305 39189                      65.3333328   64.00000  2.04%  25.5  357s
 85697 39444   64.66667  229   88   65.33333   64.00000  2.04%  25.4  360s
H86183 39444                      65.3333327   64.00000  2.04%  25.4  360s
H87123 39776                      65.3333327   64.00000  2.04%  25.3  363s
 87283 40075     cutoff  229        65.33333   64.00000  2.04%  25.3  365s
H87455 40075                      65.3333326   64.00000  2.04%  25.3  365s
H88065 40224                      65.3333325   64.00000  2.04%  25.2  368s
 88219 40473   65.00000  231   99   65.33333   64.00000  2.04%  25.1  370s
H89787 41209                      65.3333325   64.00000  2.04%  25.2  374s
 90307 41614   64.66667  222   87   65.33333   64.00000  2.04%  25.2  376s
H91578 41912                      65.3333324   64.00000  2.04%  25.2  379s
 91841 42283   64.00000  178   83   65.33333   64.00000  2.04%  25.2  380s
 94015 42946   64.00000  162  101   65.33333   64.00000  2.04%  25.2  387s
H94045 43028                      65.3333324   64.00000  2.04%  25.2  389s
 94124 43573     cutoff  174        65.33333   64.00000  2.04%  25.3  391s
H94974 43577                      65.3333324   64.00000  2.04%  25.4  394s
 94975 46041 infeasible  198        65.33333   64.00000  2.04%  25.4  402s
H99036 46075                      65.3333324   64.00000  2.04%  25.3  404s
 99037 46187   64.00000  148   76   65.33333   64.00000  2.04%  25.3  406s
 100021 46575   65.00000  182   82   65.33333   64.00000  2.04%  25.3  411s
H100028 46575                      65.3333324   64.00000  2.04%  25.3  411s
 100760 47055   64.66667  181   85   65.33333   64.00000  2.04%  25.3  417s
 101272 47785   64.66667  196   89   65.33333   64.00000  2.04%  25.2  420s
 102507 48350   65.00000  175   95   65.33333   64.00000  2.04%  25.1  426s
 103760 48915   64.83333  165   88   65.33333   64.00000  2.04%  25.1  430s
 106285 50019   64.66667  187   81   65.33333   64.00000  2.04%  24.9  436s
 106383 50251   64.00000  112   92   65.33333   64.00000  2.04%  24.9  440s
H107696 50874                      65.3333324   64.00000  2.04%  24.8  443s
 107914 51262   65.00000  169   73   65.33333   64.00000  2.04%  24.8  445s
 109345 51985     cutoff  267        65.33333   64.00000  2.04%  24.8  451s
H109871 51985                      65.3333324   64.00000  2.04%  24.8  451s
 110898 52513   64.16667  211   86   65.33333   64.00000  2.04%  24.8  457s
 111359 53176   64.00000  245   77   65.33333   64.00000  2.04%  24.8  461s
 112311 53264     cutoff  284        65.33333   64.00000  2.04%  24.7  465s
 114080 54053   65.16667  325  122   65.33333   64.00000  2.04%  24.7  470s
 115562 54971   64.00000  234   70   65.33333   64.00000  2.04%  24.7  476s
 117280 55483   64.16667  229   88   65.33333   64.00000  2.04%  24.7  481s
 118112 55988   64.00000  214   74   65.33333   64.00000  2.04%  24.8  486s
 118373 56184   64.00000  216   75   65.33333   64.00000  2.04%  24.8  490s
 120171 56665   64.16667  307   75   65.33333   64.00000  2.04%  24.8  495s
 120823 56957   64.16667  308   75   65.33333   64.00000  2.04%  24.8  500s
 122813 57202   64.00000  264   83   65.33333   64.00000  2.04%  24.7  506s
H122816 57202                      65.3333323   64.00000  2.04%  24.7  506s
 123659 57538   64.00000  284   60   65.33333   64.00000  2.04%  24.7  510s
 124770 57913   64.00000   44   74   65.33333   64.00000  2.04%  24.6  516s
 125962 58220   64.67270  283   89   65.33333   64.00000  2.04%  24.6  522s
 126362 58678   64.00000  274   84   65.33333   64.00000  2.04%  24.6  525s
 128139 58861   64.00000  267   86   65.33333   64.00000  2.04%  24.5  531s
 128575 59275   64.33333  277   87   65.33333   64.00000  2.04%  24.5  535s
 129574 59519   64.00000   71   87   65.33333   64.00000  2.04%  24.6  542s
 130629 60752   65.00000  154  105   65.33333   64.00000  2.04%  24.7  546s
H131575 60752                      65.3333323   64.00000  2.04%  24.7  546s
 132056 61475   64.00000   99   93   65.33333   64.00000  2.04%  24.7  550s
H132293 61475                      65.3333323   64.00000  2.04%  24.7  550s
 133983 62321   65.00000  196  103   65.33333   64.00000  2.04%  24.7  556s
 135307 62973   65.16667  232  120   65.33333   64.00000  2.04%  24.8  562s
 136537 63771   64.83333  179  104   65.33333   64.00000  2.04%  24.8  566s
 136696 65892   64.00000  190   90   65.33333   64.00000  2.04%  24.8  574s
 140700 66073   65.16667  191  105   65.33333   64.00000  2.04%  24.8  575s
 140984 66394   64.00000  200   96   65.33333   64.00000  2.04%  24.8  580s
 141940 66669   64.00000  257   77   65.33333   64.00000  2.04%  24.9  586s
 143216 67858   65.16667  228   77   65.33333   64.00000  2.04%  24.9  591s
 144668 68179     cutoff  277        65.33333   64.00000  2.04%  24.8  597s
 145344 68647   64.00000  228   93   65.33333   64.00000  2.04%  24.9  600s
 146203 69043   65.18459  257  100   65.33333   64.00000  2.04%  24.9  607s
 147431 69923   64.50000  320   81   65.33333   64.00000  2.04%  25.0  610s
 148740 70023   65.16667  242  102   65.33333   64.00000  2.04%  25.0  615s
 149937 70857     cutoff  304        65.33333   64.00000  2.04%  25.0  621s
 150458 71158   64.33333  196   88   65.33333   64.00000  2.04%  25.0  625s
 152223 71819   64.33333  354   82   65.33333   64.00000  2.04%  24.9  630s
 153404 72144     cutoff  364        65.33333   64.00000  2.04%  25.0  636s
 154752 72354     cutoff  302        65.33333   64.00000  2.04%  25.0  641s
 155968 72730     cutoff  290        65.33333   64.00000  2.04%  25.0  647s
 156626 73073   64.00000  254   74   65.33333   64.00000  2.04%  25.0  651s
 157641 73291   64.00000  306   87   65.33333   64.00000  2.04%  25.0  657s
 157645 74249   64.00000  307   85   65.33333   64.00000  2.04%  25.0  665s
 161658 74309   64.79167  392  101   65.33333   64.00000  2.04%  25.0  670s
 162800 74512   64.16667  325   91   65.33333   64.00000  2.04%  25.0  677s
 163058 74724   64.50000  335   94   65.33333   64.00000  2.04%  25.0  680s
 164359 74891     cutoff  351        65.33333   64.00000  2.04%  25.0  686s
H164410 74891                      65.3333323   64.00000  2.04%  25.0  686s
 165799 75298   64.00000  306   84   65.33333   64.00000  2.04%  25.0  690s
 166380 75388     cutoff  331        65.33333   64.00000  2.04%  25.0  695s
 167462 75624     cutoff  354        65.33333   64.00000  2.04%  25.1  701s
 168596 75991   64.00000  341   77   65.33333   64.00000  2.04%  25.1  706s
 169413 76148     cutoff  369        65.33333   64.00000  2.04%  25.1  710s
H170423 76149                      65.3333323   64.00000  2.04%  25.1  713s
 170424 76162   64.48035  355   72   65.33333   64.00000  2.04%  25.1  716s
 171860 76310     cutoff  391        65.33333   64.00000  2.04%  25.2  722s
 172761 76480     cutoff  396        65.33333   64.00000  2.04%  25.3  725s
 174007 76698   64.00000  360   86   65.33333   64.00000  2.04%  25.3  732s
 174777 77076   64.00000  394   87   65.33333   64.00000  2.04%  25.3  736s
 175496 77235   65.16667  234  113   65.33333   64.00000  2.04%  25.3  740s
 176462 77557   64.00000  174   69   65.33333   64.00000  2.04%  25.3  747s
 176763 78048   65.00000  250  106   65.33333   64.00000  2.04%  25.3  751s
 178294 78830   64.00000  204   92   65.33333   64.00000  2.04%  25.4  756s
 178689 79815     cutoff  220        65.33333   64.00000  2.04%  25.4  760s
 181003 80043   64.33333  221  111   65.33333   64.00000  2.04%  25.5  766s
 182256 80673   65.00000  274  106   65.33333   64.00000  2.04%  25.5  773s
 182977 81286   64.50000  271   81   65.33333   64.00000  2.04%  25.5  776s
 183890 81478     cutoff  278        65.33333   64.00000  2.04%  25.5  780s
 185295 82106   64.83635  259  101   65.33333   64.00000  2.04%  25.6  787s
 185757 82436   64.00000  274   67   65.33333   64.00000  2.04%  25.6  790s
 186532 83078   64.00000  232   77   65.33333   64.00000  2.04%  25.6  796s
 187421 83283   64.33333  272   97   65.33333   64.00000  2.04%  25.6  800s
 188731 83717   65.16667  238  104   65.33333   64.00000  2.04%  25.6  806s
 188895 85275   65.16667  237   90   65.33333   64.00000  2.04%  25.6  814s
 192899 85278     cutoff  281        65.33333   64.00000  2.04%  25.6  816s
 193199 85386   65.00949  294   97   65.33333   64.00000  2.04%  25.6  820s
 194003 85791     cutoff  277        65.33333   64.00000  2.04%  25.6  826s
 194729 86063   65.16667  243   97   65.33333   64.00000  2.04%  25.6  831s
 195102 86363   65.16667  246   91   65.33333   64.00000  2.04%  25.6  835s
 196087 86618   64.83333  262   96   65.33333   64.00000  2.04%  25.8  841s
 197269 86915   64.33333  232  119   65.33333   64.00000  2.04%  25.8  845s
 197980 87202   64.00000  209  105   65.33333   64.00000  2.04%  25.8  850s
 198675 87677   64.00000  232  101   65.33333   64.00000  2.04%  26.0  856s
 199772 88068     cutoff  263        65.33333   64.00000  2.04%  26.0  861s
 200908 88333   64.00000  284   85   65.33333   64.00000  2.04%  26.1  866s
 202296 88525   64.00000  301  110   65.33333   64.00000  2.04%  26.3  872s
 203098 88776   64.50000  264   80   65.33333   64.00000  2.04%  26.4  876s
 204147 89070   64.00000  254   79   65.33333   64.00000  2.04%  26.6  881s
 204815 89094   64.00000  284   94   65.33333   64.00000  2.04%  26.7  885s
 205851 89399     cutoff  268        65.33333   64.00000  2.04%  26.8  890s
 207324 89646     cutoff  301        65.33333   64.00000  2.04%  27.0  897s
 208449 89853     cutoff  211        65.33333   64.00000  2.04%  27.1  901s
 209169 90036   64.00000  275   98   65.33333   64.00000  2.04%  27.1  906s
 211151 90246   64.50000  308   98   65.33333   64.00000  2.04%  27.2  912s
 211469 90353     cutoff  291        65.33333   64.00000  2.04%  27.2  916s
 212370 90672   65.00000  275   69   65.33333   64.00000  2.04%  27.2  920s
 213450 90965   65.16667  265  102   65.33333   64.00000  2.04%  27.2  925s
 214103 91191   64.00000  278   72   65.33333   64.00000  2.04%  27.1  930s
 214733 91732   65.00000  282   77   65.33333   64.00000  2.04%  27.2  936s
 216931 92063   64.83333  300   82   65.33333   64.00000  2.04%  27.1  941s
 217471 92330     cutoff  301        65.33333   64.00000  2.04%  27.1  945s
 218952 92708 infeasible  302        65.33333   64.00000  2.04%  27.0  952s
 219369 93168     cutoff  224        65.33333   64.00000  2.04%  27.1  956s
 219981 93559     cutoff  281        65.33333   64.00000  2.04%  27.1  960s
 222239 94435   64.41667  336   83   65.33333   64.00000  2.04%  27.0  966s
 222831 94837   64.25000  310   91   65.33333   64.00000  2.04%  26.9  970s
 224061 94950   64.25000  295   86   65.33333   64.00000  2.04%  26.9  975s
 225060 95690     cutoff  317        65.33333   64.00000  2.04%  26.9  980s
 225745 95739     cutoff  345        65.33333   64.00000  2.04%  26.9  985s
 226458 96291     cutoff  218        65.33333   64.00000  2.04%  26.8  990s
 228760 96769   64.00000  302  103   65.33333   64.00000  2.04%  26.8  996s
 229139 96961   64.16667  310   87   65.33333   64.00000  2.04%  26.8 1000s
 229619 97225 infeasible  316        65.33333   64.00000  2.04%  26.8 1005s
 231022 97342   64.00000  158   76   65.33333   64.00000  2.04%  26.7 1010s
 232486 98062   65.00000  291  106   65.33333   64.00000  2.04%  26.8 1017s
 233344 98390   64.00000  304   58   65.33333   64.00000  2.04%  26.8 1021s
 233627 98573   64.33333  192   73   65.33333   64.00000  2.04%  26.8 1026s
 235410 99114   65.00000  311  116   65.33333   64.00000  2.04%  26.9 1032s
 236413 99736   65.00000  312   77   65.33333   64.00000  2.04%  26.9 1036s
H237120 99797                      65.3333323   64.00000  2.04%  26.9 1038s
 237184 100108   64.91667  312   95   65.33333   64.00000  2.04%  26.9 1040s
 238099 100162   65.00000  294   95   65.33333   64.00000  2.04%  27.0 1046s
 238725 100423   64.00000  284   74   65.33333   64.00000  2.04%  27.1 1050s
 240065 100714   64.41667  305   85   65.33333   64.00000  2.04%  27.1 1055s
 241739 101198   65.00000  218  120   65.33333   64.00000  2.04%  27.2 1062s
 242227 101434   65.00000  231  118   65.33333   64.00000  2.04%  27.2 1066s
 243908 101787   64.16667  305  114   65.33333   64.00000  2.04%  27.3 1070s
 244654 102332   64.00000  191   85   65.33333   64.00000  2.04%  27.3 1076s
 246151 102640 infeasible  251        65.33333   64.00000  2.04%  27.3 1081s
 247028 102950   64.51994  259   83   65.33333   64.00000  2.04%  27.3 1085s
H247887 103237                      65.3333323   64.00000  2.04%  27.4 1088s
 248040 103322     cutoff  283        65.33333   64.00000  2.04%  27.4 1090s
 249403 103600   64.50000  231   77   65.33333   64.00000  2.04%  27.4 1097s
 250420 104034   65.16667  236  122   65.33333   64.00000  2.04%  27.3 1101s
 251916 104422     cutoff  232        65.33333   64.00000  2.04%  27.3 1105s
 252960 104619   64.50000  227   79   65.33333   64.00000  2.04%  27.3 1111s
 253101 105434   64.66667  260  108   65.33333   64.00000  2.04%  27.3 1118s
 257458 105521   64.00000  239   82   65.33333   64.00000  2.04%  27.4 1123s
 258065 105716   64.16667  251  100   65.33333   64.00000  2.04%  27.4 1126s
 259330 105910   64.00000  246   88   65.33333   64.00000  2.04%  27.3 1133s
 260095 106048 infeasible  257        65.33333   64.00000  2.04%  27.3 1135s
 261244 106424   64.66667  286   86   65.33333   64.00000  2.04%  27.3 1142s
 262078 106520 infeasible  230        65.33333   64.00000  2.04%  27.3 1145s
 263777 107049   64.50000  247   83   65.33333   64.00000  2.04%  27.3 1151s
 264503 107338   64.00000  191   86   65.33333   64.00000  2.04%  27.3 1155s
 267252 108080   64.00000  194   70   65.33333   64.00000  2.04%  27.3 1161s
 268022 108264   64.00000  213   75   65.33333   64.00000  2.04%  27.3 1166s
H268038 108264                      65.3333322   64.00000  2.04%  27.3 1166s
 268978 108858   64.16667  274   98   65.33333   64.00000  2.04%  27.3 1170s
 269821 109176     cutoff  271        65.33333   64.00000  2.04%  27.3 1175s
H270743 109395                      65.3333321   64.00000  2.04%  27.2 1177s
H271450 109643                      65.3333321   64.00000  2.04%  27.2 1179s
H271770 109646                      65.3333320   64.00000  2.04%  27.2 1182s
 272563 110306   64.33333  277   80   65.33333   64.00000  2.04%  27.2 1186s
 273761 110426   64.00000  230   96   65.33333   64.00000  2.04%  27.2 1190s
H273762 110426                      65.3333320   64.00000  2.04%  27.2 1190s
H273763 110426                      65.3333319   64.00000  2.04%  27.2 1190s
 275433 110996   65.16667  274   80   65.33333   64.00000  2.04%  27.2 1197s
H275438 110996                      65.3333319   64.00000  2.04%  27.2 1197s
 276254 111306     cutoff  267        65.33333   64.00000  2.04%  27.1 1201s
 276657 111458   64.00000  279   90   65.33333   64.00000  2.04%  27.1 1205s
 278701 111951   65.00000  256  120   65.33333   64.00000  2.04%  27.1 1211s
 279779 112457   64.66667  290  101   65.33333   64.00000  2.04%  27.1 1216s
 280511 112773     cutoff  329        65.33333   64.00000  2.04%  27.1 1220s
H281076 112806                      65.3333318   64.00000  2.04%  27.2 1222s
 281750 113045   64.00000  286   94   65.33333   64.00000  2.04%  27.2 1226s
H282123 113046                      65.3333318   64.00000  2.04%  27.2 1229s
 282128 113245   65.29340  247   97   65.33333   64.00000  2.04%  27.2 1231s
 283289 113435   64.00000  307   92   65.33333   64.00000  2.04%  27.2 1236s
H283316 113435                      65.3333318   64.00000  2.04%  27.2 1236s
H284122 113593                      65.3333318   64.00000  2.04%  27.3 1238s
 284281 113759     cutoff  320        65.33333   64.00000  2.04%  27.3 1240s
 285272 114235   64.16667  311   72   65.33333   64.00000  2.04%  27.3 1246s
 286741 114320     cutoff  295        65.33333   64.00000  2.04%  27.3 1250s
 287917 114558     cutoff  327        65.33333   64.00000  2.04%  27.2 1256s
 289334 114911   64.00000  165   78   65.33333   64.00000  2.04%  27.3 1261s
 290124 115206   64.83333  189   78   65.33333   64.00000  2.04%  27.3 1266s
 291498 115882   64.33333  225   83   65.33333   64.00000  2.04%  27.4 1271s
H292613 116291                      65.3333316   64.00000  2.04%  27.3 1273s
 292843 116735   64.00000  203   79   65.33333   64.00000  2.04%  27.4 1275s
H294593 117516                      65.3333316   64.00000  2.04%  27.3 1279s
 295150 117847   64.50000  224   85   65.33333   64.00000  2.04%  27.3 1281s
 296642 118666   64.00000  234   86   65.33333   64.00000  2.04%  27.3 1285s
 297513 118855     cutoff  395        65.33333   64.00000  2.04%  27.3 1290s
H297757 118855                      65.3333316   64.00000  2.04%  27.3 1290s
 298793 119372   64.33333  221  104   65.33333   64.00000  2.04%  27.3 1295s
H299003 119372                      65.3333316   64.00000  2.04%  27.3 1295s
 299326 119663   64.00000  306   80   65.33333   64.00000  2.04%  27.3 1300s
H299351 119663                      65.3333315   64.00000  2.04%  27.4 1300s
 299918 120039     cutoff  329        65.33333   64.00000  2.04%  27.4 1305s
 301036 120186   65.16667  330   85   65.33333   64.00000  2.04%  27.4 1311s
H301041 120186                      65.3333315   64.00000  2.04%  27.4 1311s
 301159 120698   64.00000  326   77   65.33333   64.00000  2.04%  27.4 1317s
 302977 121431   64.66667  365   96   65.33333   64.00000  2.04%  27.3 1321s
 303837 121430     cutoff  406        65.33333   64.00000  2.04%  27.4 1325s
 305145 122132   64.41667  383   88   65.33333   64.00000  2.04%  27.4 1331s
 306986 122312     cutoff  414        65.33333   64.00000  2.04%  27.4 1337s
 307860 122656   64.66667  358   74   65.33333   64.00000  2.04%  27.4 1341s
 309410 122921     cutoff  367        65.33333   64.00000  2.04%  27.4 1348s
 310026 123103   64.83333  330   79   65.33333   64.00000  2.04%  27.4 1351s
 312122 123640     cutoff  367        65.33333   64.00000  2.04%  27.3 1358s
 312128 123732     cutoff  367        65.33333   64.00000  2.04%  27.3 1360s
 313869 124124     cutoff  271        65.33333   64.00000  2.04%  27.3 1366s
 314055 124348   64.00000  295   83   65.33333   64.00000  2.04%  27.3 1370s
 315744 124996   65.00000  304   92   65.33333   64.00000  2.04%  27.3 1375s
 316319 125519   65.00000  419   98   65.33333   64.00000  2.04%  27.3 1381s
 318398 126140   64.66667  335   78   65.33333   64.00000  2.04%  27.3 1386s
 319463 126293     cutoff  271        65.33333   64.00000  2.04%  27.3 1390s
 320315 126618   64.00000  366   79   65.33333   64.00000  2.04%  27.2 1395s
 321503 126902     cutoff  268        65.33333   64.00000  2.04%  27.2 1401s
 322574 127554     cutoff  418        65.33333   64.00000  2.04%  27.2 1405s
 323327 127677   65.00000  291   81   65.33333   64.00000  2.04%  27.2 1410s
 324754 128120   64.00000  259   94   65.33333   64.00000  2.04%  27.2 1415s
 325799 128428     cutoff  284        65.33333   64.00000  2.04%  27.1 1421s
 326835 129029     cutoff  306        65.33333   64.00000  2.04%  27.1 1425s
H328060 129236                      65.3333315   64.00000  2.04%  27.1 1426s
H328495 129375                      65.3333315   64.00000  2.04%  27.1 1428s
 328872 129387   65.00000  326   75   65.33333   64.00000  2.04%  27.1 1430s
H328983 129390                      65.3333314   64.00000  2.04%  27.1 1432s
 328984 129424     cutoff  324        65.33333   64.00000  2.04%  27.1 1435s
H329009 129424                      65.3333314   64.00000  2.04%  27.1 1435s
 330422 129786   64.00000  169   97   65.33333   64.00000  2.04%  27.0 1441s
H331006 129928                      65.3333314   64.00000  2.04%  27.0 1444s
 331007 130266   64.00000  173   72   65.33333   64.00000  2.04%  27.0 1447s
 332077 130633   65.16667  304  104   65.33333   64.00000  2.04%  27.0 1450s
 333350 130911   64.00000  252   80   65.33333   64.00000  2.04%  27.0 1456s
H333351 130911                      65.3333314   64.00000  2.04%  27.0 1456s
 334361 131419   65.16667  300   89   65.33333   64.00000  2.04%  27.0 1460s
 335813 132023   64.66667  270   71   65.33333   64.00000  2.04%  27.0 1466s
H336511 132314                      65.3333313   64.00000  2.04%  27.0 1471s
 337655 133302   64.00000  233   78   65.33333   64.00000  2.04%  27.0 1475s
H338877 133304                      65.3333313   64.00000  2.04%  27.0 1479s
H338878 133304                      65.3333313   64.00000  2.04%  27.0 1479s
 338879 133407   64.00000  215   70   65.33333   64.00000  2.04%  27.0 1480s
 340260 133676   64.50000  256   79   65.33333   64.00000  2.04%  27.0 1486s
 341363 134095   64.00000  254   93   65.33333   64.00000  2.04%  27.0 1491s
 341998 134249   64.00000  273   58   65.33333   64.00000  2.04%  27.0 1496s
 343794 134646 infeasible  270        65.33333   64.00000  2.04%  27.0 1502s
 344032 134767 infeasible  283        65.33333   64.00000  2.04%  27.0 1506s
 345487 134892   64.33333  284   79   65.33333   64.00000  2.04%  27.0 1511s
H345489 134892                      65.3333313   64.00000  2.04%  27.0 1511s
 345705 135128   64.83333  237   69   65.33333   64.00000  2.04%  27.0 1515s
 347138 135286   64.00000  177  100   65.33333   64.00000  2.04%  27.0 1520s
H347140 135286                      65.3333313   64.00000  2.04%  27.0 1520s
 347974 135810   65.00000  290   82   65.33333   64.00000  2.04%  27.0 1525s
 349506 136345     cutoff  235        65.33333   64.00000  2.04%  27.0 1530s
 350539 136803   64.00000  204   78   65.33333   64.00000  2.04%  27.0 1536s
 351696 137020   64.00000  303   76   65.33333   64.00000  2.04%  27.0 1540s
 352643 137140     cutoff  239        65.33333   64.00000  2.04%  27.0 1545s
 355028 137892   64.50000  285   87   65.33333   64.00000  2.04%  27.0 1552s
 355866 138080   64.00000  224   82   65.33333   64.00000  2.04%  27.0 1557s
 356528 138440     cutoff  277        65.33333   64.00000  2.04%  27.0 1561s
 358279 138728     cutoff  227        65.33333   64.00000  2.04%  27.0 1565s
 358507 139124     cutoff  264        65.33333   64.00000  2.04%  27.0 1571s
H358508 139124                      65.3333312   64.00000  2.04%  27.0 1571s
 361396 139606   64.66667  269   73   65.33333   64.00000  2.04%  27.0 1577s
 362850 139970     cutoff  265        65.33333   64.00000  2.04%  26.9 1582s
 363887 140186     cutoff  307        65.33333   64.00000  2.04%  27.0 1586s
 364234 140367   64.00000  267   77   65.33333   64.00000  2.04%  27.0 1591s
 366792 140791     cutoff  301        65.33333   64.00000  2.04%  26.9 1598s
 366938 141040     cutoff  301        65.33333   64.00000  2.04%  26.9 1600s
 369357 141675   64.50000  273   82   65.33333   64.00000  2.04%  26.8 1606s
 370259 141932   64.00000  258   69   65.33333   64.00000  2.04%  26.8 1611s
 371680 142157   64.33635  274   73   65.33333   64.00000  2.04%  26.8 1616s
 372729 142447   65.16667  273   78   65.33333   64.00000  2.04%  26.7 1620s
 374158 142911   64.00163  275   81   65.33333   64.00000  2.04%  26.7 1626s
 375290 143057   64.50000  287   82   65.33333   64.00000  2.04%  26.7 1631s
 376312 143259   64.00000  187   88   65.33333   64.00000  2.04%  26.7 1636s
 377798 143503   64.00000  284   84   65.33333   64.00000  2.04%  26.7 1640s
H377934 143503                      65.3333312   64.00000  2.04%  26.7 1640s
 378816 143843   65.16667  280   89   65.33333   64.00000  2.04%  26.7 1646s
 380105 144030   64.00000  234   75   65.33333   64.00000  2.04%  26.6 1651s
 381797 144289   65.16667  224   79   65.33333   64.00000  2.04%  26.6 1656s
 382488 144685   64.00000  204   78   65.33333   64.00000  2.04%  26.6 1660s
 383661 144995   64.83333  224   72   65.33333   64.00000  2.04%  26.7 1666s
 384672 145421     cutoff  208        65.33333   64.00000  2.04%  26.7 1672s
 386276 145818   64.00000  242   97   65.33333   64.00000  2.04%  26.7 1677s
 386864 146209     cutoff  286        65.33333   64.00000  2.04%  26.7 1680s
 388259 146361 infeasible  272        65.33333   64.00000  2.04%  26.7 1685s
 388367 146517 infeasible  273        65.33333   64.00000  2.04%  26.8 1690s
 389553 146938     cutoff  249        65.33333   64.00000  2.04%  26.8 1695s
H391336 147300                      65.3333312   64.00000  2.04%  26.8 1698s
 391688 147461   64.16667  253   70   65.33333   64.00000  2.04%  26.8 1702s
 391926 147558     cutoff  264        65.33333   64.00000  2.04%  26.8 1705s
 393169 147697   64.33333  253   95   65.33333   64.00000  2.04%  26.8 1710s
 394465 148290   64.33333  325   88   65.33333   64.00000  2.04%  26.8 1715s
 395828 148426   64.16667  269   76   65.33333   64.00000  2.04%  26.8 1720s
 396461 148538   64.00000  271   94   65.33333   64.00000  2.04%  26.8 1726s
 397115 148906     cutoff  278        65.33333   64.00000  2.04%  26.8 1730s
H397121 148906                      65.3333312   64.00000  2.04%  26.8 1730s
 398681 149203     cutoff  282        65.33333   64.00000  2.04%  26.8 1736s
 398995 149221     cutoff  282        65.33333   64.00000  2.04%  26.8 1740s
 401018 149446     cutoff  284        65.33333   64.00000  2.04%  26.8 1747s
H401019 149446                      65.3333311   64.00000  2.04%  26.8 1747s
H401023 149446                      65.3333311   64.00000  2.04%  26.8 1747s
 401207 149630     cutoff  253        65.33333   64.00000  2.04%  26.8 1751s
 402517 149940     cutoff  284        65.33333   64.00000  2.04%  26.9 1755s
 403360 150050   64.00000  284   91   65.33333   64.00000  2.04%  26.9 1762s
 404899 150152     cutoff  298        65.33333   64.00000  2.04%  26.9 1766s
 405799 150293     cutoff  291        65.33333   64.00000  2.04%  26.9 1771s
 406682 150409   64.03942  327  100   65.33333   64.00000  2.04%  27.0 1775s
 407457 150513     cutoff  325        65.33333   64.00000  2.04%  27.0 1781s
 408459 150558     cutoff  345        65.33333   64.00000  2.04%  27.1 1786s
 409617 150627   64.00000  334   82   65.33333   64.00000  2.04%  27.2 1791s
 410660 151038   64.33333  281   95   65.33333   64.00000  2.04%  27.2 1800s

Cutting planes:
  Learned: 41
  Gomory: 1
  Cover: 408
  Implied bound: 150
  Clique: 239
  MIR: 675
  Flow cover: 1196
  GUB cover: 8
  RLT: 128
  Relax-and-lift: 723

Explored 413252 nodes (11266957 simplex iterations) in 1800.08 seconds
Thread count was 4 (of 32 available processors)

Solution count 10: 65.3333 65.3333 65.3333 ... 65.3333

Time limit reached
Best objective 6.533333110696e+01, best bound 6.400000000000e+01, gap 2.0408%
