
Gurobi 9.1.2 (linux64) logging started Wed Mar 30 17:23:06 2022

Changed value of parameter LogFile to geant_v-ny1.ny.log
   Prev:   Default: 
Changed value of parameter MIPFocus to 1
   Prev: 0  Min: 0  Max: 3  Default: 0
Changed value of parameter TimeLimit to 600.0
   Prev: inf  Min: 0.0  Max: inf  Default: inf
Warning: variables 0 and 116 have the same name "X[ch1.ch,at1.at]"
Warning: linear constraint 138 and linear constraint 139 have the same name "weight-constr-t5"
Warning: to let Gurobi read it back, use rlp format
Gurobi Optimizer version 9.1.2 build v9.1.2rc0 (linux64)
Thread count: 32 physical cores, 64 logical processors, using up to 32 threads
Optimize a model with 831 rows, 696 columns and 2454 nonzeros
Model fingerprint: 0xde93e1b8
Variable types: 132 continuous, 564 integer (564 binary)
Coefficient statistics:
  Matrix range     [1e+00, 1e+06]
  Objective range  [2e-01, 2e-01]
  Bounds range     [1e+00, 5e+05]
  RHS range        [1e+00, 1e+06]
Presolve removed 84 rows and 90 columns
Presolve time: 0.00s
Presolved: 747 rows, 606 columns, 4038 nonzeros
Variable types: 126 continuous, 480 integer (480 binary)

Root relaxation: objective 2.100000e+01, 95 iterations, 0.00 seconds

    Nodes    |    Current Node    |     Objective Bounds      |     Work
 Expl Unexpl |  Obj  Depth IntInf | Incumbent    BestBd   Gap | It/Node Time

     0     0   21.00000    0   36          -   21.00000      -     -    0s
H    0     0                     552.8333331   21.00000  96.2%     -    0s
H    0     0                      61.8333333   21.00000  66.0%     -    0s
H    0     0                      38.8333333   21.00000  45.9%     -    0s
     0     0   21.00000    0   39   38.83333   21.00000  45.9%     -    0s
H    0     0                      38.3333295   21.00000  45.2%     -    0s
H    0     0                      32.8333333   21.00000  36.0%     -    0s
     0     0   21.00000    0   39   32.83333   21.00000  36.0%     -    0s
     0     0   21.00000    0   37   32.83333   21.00000  36.0%     -    0s
     0     0   21.00000    0   28   32.83333   21.00000  36.0%     -    0s
     0     0   21.00000    0   27   32.83333   21.00000  36.0%     -    0s
     0     0   21.00000    0   30   32.83333   21.00000  36.0%     -    0s
     0     0   21.00000    0   30   32.83333   21.00000  36.0%     -    0s
     0     0   21.00000    0   22   32.83333   21.00000  36.0%     -    0s
     0     2   21.00000    0   22   32.83333   21.00000  36.0%     -    0s
H   96   126                      32.6666667   21.00000  35.7%   9.2    0s
H  161   190                      32.5000000   21.00000  35.4%   8.1    2s
H  163   190                      32.1666667   21.00000  34.7%   8.0    2s
H  166   190                      30.0000000   21.00000  30.0%   8.2    2s
H  172   190                      29.5000000   21.00000  28.8%   8.2    2s
H  191   250                      29.3333333   21.00000  28.4%   8.3    2s
H  193   250                      29.1666667   21.00000  28.0%   8.3    2s
H  225   250                      29.0000000   21.00000  27.6%   8.0    2s
H 2489  2060                      28.6666667   21.00000  26.7%   6.8    3s
H 5048  3726                      28.6666627   21.00000  26.7%  17.2    4s
  5218  3824   21.00000   24   87   28.66666   21.00000  26.7%  20.2    5s
  9619  4893     cutoff   51        28.66666   21.00000  26.7%  43.6   10s
H10578  4746                      28.5000000   21.00000  26.3%  45.6   11s
H11783  4855                      28.4999995   21.00000  26.3%  47.3   12s
H11964  4632                      28.4999992   21.00000  26.3%  48.2   12s
H12143  4558                      28.4999991   21.00000  26.3%  48.8   13s
H12313  4478                      28.4999974   21.00000  26.3%  49.7   14s
H12318  4337                      28.4999973   21.00000  26.3%  49.8   14s
H14118  5362                      28.4999902   21.00000  26.3%  52.8   14s
 14759  6769   27.83333   33   88   28.49999   21.00000  26.3%  53.7   15s
H19433  8929                      28.3333333   21.00000  25.9%  55.5   17s
H19923  9281                      28.3333333   21.00000  25.9%  55.6   17s
H20302 10403                      28.3333333   21.00000  25.9%  55.6   17s
H21850 10789                      28.3333333   21.00000  25.9%  56.1   18s
H21952 10789                      28.3333333   21.00000  25.9%  56.0   18s
H22162 10789                      28.3333333   21.00000  25.9%  56.0   18s
H22538 11178                      28.3333332   21.00000  25.9%  56.4   18s
H23771 12113                      28.3333332   21.00000  25.9%  56.4   19s
H28161 14071                      28.3333332   21.00000  25.9%  57.6   19s
 28485 14945   21.50000   36  115   28.33333   21.00000  25.9%  57.6   20s
H30858 16605                      28.3333329   21.00000  25.9%  57.7   22s
H32613 16605                      28.3333328   21.00000  25.9%  58.0   22s
 42059 22097   21.41808   25  108   28.33333   21.00000  25.9%  59.2   25s
 45410 25771   25.16667   42   86   28.33333   21.00000  25.9%  58.9   30s
 57045 33233   21.18091   39   94   28.33333   21.00000  25.9%  58.5   35s
 65661 36898   21.79627   52  100   28.33333   21.00000  25.9%  59.2   40s
 72347 44072   21.16667   40  124   28.33333   21.00000  25.9%  59.0   45s
 92449 58219   21.50000   41  103   28.33333   21.00000  25.9%  57.5   50s
H107481 60692                      28.3333324   21.00000  25.9%  56.8   53s
H107829 60692                      28.3333323   21.00000  25.9%  56.8   53s
 113346 65494     cutoff   69        28.33333   21.00000  25.9%  56.6   55s
H114297 65494                      28.3333322   21.00000  25.9%  56.5   55s
 123375 74802   21.00074   32  112   28.33333   21.00000  25.9%  56.1   61s
 152297 91967   21.00000   37   90   28.33333   21.00000  25.9%  56.0   65s
 179513 106852   23.08444   51   84   28.33333   21.00000  25.9%  56.5   70s
 201939 119892   26.36364   42   85   28.33333   21.00000  25.9%  56.4   75s
 215016 142979   21.00000   24  103   28.33333   21.00000  25.9%  56.2   86s
 255739 150890   21.42150   35  113   28.33333   21.00000  25.9%  55.5   90s
 281639 168865   21.35897   44  107   28.33333   21.00000  25.9%  55.6   95s
 312554 186837   24.00000   41   68   28.33333   21.00000  25.9%  55.1  100s
 330766 191851   21.53699   43   85   28.33333   21.00000  25.9%  54.6  105s
 354901 206704   21.33333   52   88   28.33333   21.00000  25.9%  54.5  112s
 365768 217959   22.03298   53  111   28.33333   21.00000  25.9%  54.6  115s
 393936 230605   22.41808   36  105   28.33333   21.00000  25.9%  54.3  121s
 411853 244679     cutoff   63        28.33333   21.00000  25.9%  54.1  125s
 444219 264564   26.82613   37   59   28.33333   21.00000  25.9%  54.0  130s
 476422 283847   21.00000   37  137   28.33333   21.00000  25.9%  53.9  135s
 495917 296527   24.81667   54   73   28.33333   21.00000  25.9%  53.8  140s
 519478 309781   24.46673   44  102   28.33333   21.00000  25.9%  53.5  145s
 545764 325420   21.01515   55  105   28.33333   21.00000  25.9%  53.3  150s
 570532 342160   23.77778   81   73   28.33333   21.00000  25.9%  53.1  155s
 594556 349117   24.50000   93   54   28.33333   21.00000  25.9%  52.6  162s
 613843 362270 infeasible   73        28.33333   21.00000  25.9%  52.4  165s
 623886 367425   21.50693   64  114   28.33333   21.00000  25.9%  52.2  171s
 647117 382262   21.00000   46  113   28.33333   21.00000  25.9%  52.0  175s
 658381 386202   22.00000   61   81   28.33333   21.00000  25.9%  52.0  180s
 682754 403522   27.84418   69   78   28.33333   21.00000  25.9%  51.8  185s
 706352 415378   23.08696   63   85   28.33333   21.00000  25.9%  51.4  190s
 724534 443365   25.50000   39   59   28.33333   21.00000  25.9%  51.3  198s
 756566 443405   26.52778   61   46   28.33333   21.00000  25.9%  51.0  201s
 756622 462192   26.83333   62   41   28.33333   21.00000  25.9%  51.0  205s
 801516 469112   21.00051   58   94   28.33333   21.00000  25.9%  50.7  210s
 820200 484235     cutoff   82        28.33333   21.00000  25.9%  50.7  215s
 849379 502787   22.00000   47   98   28.33333   21.00000  25.9%  50.6  220s
 866946 510108   22.20915   69   52   28.33333   21.00000  25.9%  50.4  225s
 889297 526731   21.25758   61   93   28.33333   21.00000  25.9%  50.3  230s
 909669 536002   22.03030   60   72   28.33333   21.00000  25.9%  50.1  235s
 923746 547259   21.00000   52   91   28.33333   21.00000  25.9%  50.2  240s
 954424 563130   22.00000   64  106   28.33333   21.00000  25.9%  50.0  245s
 972538 573274   21.47367   64  117   28.33333   21.00000  25.9%  49.9  250s
 996202 589406   22.58791   71   91   28.33333   21.00000  25.9%  49.9  255s
 1026227 606643   23.83333   69   64   28.33333   21.00000  25.9%  49.7  260s
 1052976 618183   23.06439   61   68   28.33333   21.00000  25.9%  49.6  266s
 1064767 625923   21.08475   54   99   28.33333   21.00000  25.9%  49.5  270s
 1087784 639991     cutoff   63        28.33333   21.00000  25.9%  49.4  275s
 1107088 654119   21.78576   63  107   28.33333   21.00000  25.9%  49.3  280s
 1129826 660927   21.44855   63  110   28.33333   21.00000  25.9%  49.2  285s
 1149719 674945   23.58333   54   69   28.33333   21.00000  25.9%  49.2  290s
 1175506 687004   21.83333   67  110   28.33333   21.00000  25.9%  49.1  297s
 1185766 694381     cutoff   50        28.33333   21.00000  25.9%  49.1  300s
 1202173 704510   27.50629   80   55   28.33333   21.00000  25.9%  49.0  305s
 1208256 706713   21.50324   43  110   28.33333   21.00000  25.9%  48.9  310s
 1229272 720653   22.75000   67   76   28.33333   21.00000  25.9%  48.9  315s
 1256925 736859   21.83333   50   89   28.33333   21.00000  25.9%  48.8  320s
 1276551 744967   22.21385   66   80   28.33333   21.00000  25.9%  48.7  325s
 1291982 756317   27.05649  104   45   28.33333   21.00000  25.9%  48.7  330s
 1298233 759500   21.16667   70  128   28.33333   21.00000  25.9%  48.7  335s
 1330810 779047   21.28788   54  108   28.33333   21.00000  25.9%  48.6  340s
 1354217 793667   22.00000   55   86   28.33333   21.00000  25.9%  48.6  345s
 1371634 801625   22.18410   74   84   28.33333   21.00000  25.9%  48.6  350s
 1384212 811067   22.33333   65   78   28.33333   21.00000  25.9%  48.5  355s
 1403445 820168   21.19328   55   91   28.33333   21.00000  25.9%  48.5  360s
 1433425 838091   23.91998   45  111   28.33333   21.00000  25.9%  48.4  365s
 1465393 856180   26.83333   72   57   28.33333   21.00000  25.9%  48.4  370s
 1497593 872667   25.00000   54   74   28.33333   21.00000  25.9%  48.3  375s
 1528150 889238   22.91667   67   88   28.33333   21.00000  25.9%  48.2  380s
 1557480 905815   23.12012   75   82   28.33333   21.00000  25.9%  48.2  385s
 1572374 931432   21.27747   39  109   28.33333   21.00000  25.9%  48.3  393s
H1574101 927568                      28.1666667   21.00000  25.4%  48.3  393s
H1604914 930255                      28.1666666   21.00000  25.4%  48.3  395s
H1610001 932856                      28.1666664   21.00000  25.4%  48.3  396s
H1610100 932856                      28.1666664   21.00000  25.4%  48.3  396s
H1613692 932850                      28.1666661   21.00000  25.4%  48.3  396s
H1616175 935986                      28.1666661   21.00000  25.4%  48.3  397s
 1631033 945154   23.10140   89   80   28.16667   21.00000  25.4%  48.2  400s
 1662393 963196   22.25547   61   91   28.16667   21.00000  25.4%  48.3  405s
 1687576 974688   21.25013   56  122   28.16667   21.00000  25.4%  48.3  412s
 1703992 986170   26.66667   62   53   28.16667   21.00000  25.4%  48.3  415s
 1726518 998667   21.98485   70   74   28.16667   21.00000  25.4%  48.3  420s
 1752736 1008674   22.33333   67   78   28.16667   21.00000  25.4%  48.2  426s
H1772582 1019767                      28.1666660   21.00000  25.4%  48.2  429s
 1773559 1023157   22.18770   49   96   28.16667   21.00000  25.4%  48.2  430s
 1799273 1035664   25.08505   73   71   28.16667   21.00000  25.4%  48.2  435s
 1807499 1041188   22.01426   60  117   28.16667   21.00000  25.4%  48.2  440s
H1812370 1041319                      28.1666658   21.00000  25.4%  48.2  441s
 1818001 1044062   24.16667   64   69   28.16667   21.00000  25.4%  48.1  445s
H1832022 1053739                      28.1666657   21.00000  25.4%  48.1  448s
H1835682 1056719                      28.1666656   21.00000  25.4%  48.1  449s
 1839830 1059385   22.00736   59  123   28.16667   21.00000  25.4%  48.1  450s
 1865845 1073167   22.26515   65   84   28.16667   21.00000  25.4%  48.1  455s
 1894939 1090701   26.10606   62  101   28.16667   21.00000  25.4%  48.1  460s
 1920726 1104615   22.01389   64   69   28.16667   21.00000  25.4%  48.2  465s
 1936416 1111451   27.50000   56   66   28.16667   21.00000  25.4%  48.1  470s
 1954053 1124871   28.00000   77   33   28.16667   21.00000  25.4%  48.2  475s
 1965055 1129598   21.33333   43  106   28.16667   21.00000  25.4%  48.1  480s
 1993265 1144903   23.86364   64   85   28.16667   21.00000  25.4%  48.1  485s
 2014370 1157653   22.37320   61  113   28.16667   21.00000  25.4%  48.1  490s
 2029311 1163586   23.57843   49   66   28.16667   21.00000  25.4%  48.2  495s
 2041191 1170918   23.43000   93   66   28.16667   21.00000  25.4%  48.2  502s
 2041225 1189277   23.83333   90   70   28.16667   21.00000  25.4%  48.2  506s
 2089113 1200058   24.61058   69   75   28.16667   21.00000  25.4%  48.1  510s
 2103566 1204883     cutoff   84        28.16667   21.00000  25.4%  48.1  515s
 2103635 1222909   26.18243   84   74   28.16667   21.00000  25.4%  48.1  520s
 2152321 1232979   21.96863   67  108   28.16667   21.00000  25.4%  48.0  525s
 2169762 1242324     cutoff   80        28.16667   21.00000  25.4%  48.0  530s
 2198330 1258075   21.00000   53  101   28.16667   21.00000  25.4%  47.9  535s
 2223654 1271500   21.36378   54  119   28.16667   21.00000  25.4%  47.9  540s
 2252733 1287537     cutoff   62        28.16667   21.00000  25.4%  47.9  545s
 2272581 1296516   22.38074   54  132   28.16667   21.00000  25.4%  47.9  550s
 2280536 1299585   26.81764   74   65   28.16667   21.00000  25.4%  47.9  557s
 2283798 1304205   23.66667   60   65   28.16667   21.00000  25.4%  47.9  560s
 2304866 1312456   23.66881   80   85   28.16667   21.00000  25.4%  47.8  567s
 2313999 1319535   22.22727   70  101   28.16667   21.00000  25.4%  47.8  570s
 2341739 1335100     cutoff   91        28.16667   21.00000  25.4%  47.8  575s
 2368859 1348252   21.75000   68  113   28.16667   21.00000  25.4%  47.8  580s
 2395767 1363321   26.18455   76   86   28.16667   21.00000  25.4%  47.8  585s
 2412791 1370151   26.35022   47   81   28.16667   21.00000  25.4%  47.8  591s
 2412893 1387664   26.50000   48   79   28.16667   21.00000  25.4%  47.8  596s
 2454436 1392524   22.42593   86   54   28.16667   21.00000  25.4%  47.8  600s

Cutting planes:
  Learned: 112
  Gomory: 23
  Cover: 163
  Implied bound: 51
  Clique: 57
  MIR: 419
  StrongCG: 1
  Flow cover: 662
  GUB cover: 2
  RLT: 247
  Relax-and-lift: 194

Explored 2454478 nodes (117256149 simplex iterations) in 600.02 seconds
Thread count was 32 (of 64 available processors)

Solution count 10: 28.1667 28.1667 28.1667 ... 28.3333

Time limit reached
Best objective 2.816666559281e+01, best bound 2.100000000000e+01, gap 25.4438%
