
Gurobi 9.1.2 (linux64) logging started Fri Jun 17 12:52:53 2022

Changed value of parameter LogFile to ls2_sym_v-(5, 4).log
   Prev:   Default: 
Changed value of parameter MIPFocus to 1
   Prev: 0  Min: 0  Max: 3  Default: 0
Changed value of parameter TimeLimit to 10800.0
   Prev: inf  Min: 0.0  Max: inf  Default: inf
Warning: variable name "X[(4, 3),(2, 3)]" has a space
Warning: constraint name "flow-constr-t0-v(4, 0)" has a space
Warning: to let Gurobi read it back, use rlp format
Gurobi Optimizer version 9.1.2 build v9.1.2rc0 (linux64)
Thread count: 32 physical cores, 64 logical processors, using up to 32 threads
Optimize a model with 4599 rows, 4096 columns and 15592 nonzeros
Model fingerprint: 0x9c1ab64b
Variable types: 512 continuous, 3584 integer (3584 binary)
Coefficient statistics:
  Matrix range     [1e+00, 7e+04]
  Objective range  [1e-01, 1e-01]
  Bounds range     [1e+00, 3e+04]
  RHS range        [1e+00, 7e+04]
Presolve removed 299 rows and 304 columns
Presolve time: 0.16s
Presolved: 4300 rows, 3792 columns, 19914 nonzeros
Variable types: 512 continuous, 3280 integer (3280 binary)

Root relaxation: objective 6.400000e+01, 151 iterations, 0.00 seconds

    Nodes    |    Current Node    |     Objective Bounds      |     Work
 Expl Unexpl |  Obj  Depth IntInf | Incumbent    BestBd   Gap | It/Node Time

     0     0   64.00000    0   36          -   64.00000      -     -    0s
     0     0   64.00000    0   55          -   64.00000      -     -    0s
H    0     0                     228.0396825   64.00000  71.9%     -    0s
     0     0   64.00000    0   74  228.03968   64.00000  71.9%     -    0s
H    0     0                     220.0873016   64.00000  70.9%     -    0s
     0     0   64.00000    0   48  220.08730   64.00000  70.9%     -    0s
H    0     0                     205.7123016   64.00000  68.9%     -    0s
     0     0   64.00000    0   58  205.71230   64.00000  68.9%     -    0s
H    0     0                     102.2500000   64.00000  37.4%     -    0s
     0     0   64.00000    0   30  102.25000   64.00000  37.4%     -    0s
H    0     0                      90.6562500   64.00000  29.4%     -    0s
H    0     0                      89.6562500   64.00000  28.6%     -    0s
     0     0   64.00000    0   33   89.65625   64.00000  28.6%     -    0s
     0     0   64.00000    0   41   89.65625   64.00000  28.6%     -    1s
H    0     0                      85.5416667   64.00000  25.2%     -    1s
     0     0   64.00000    0   42   85.54167   64.00000  25.2%     -    1s
     0     0   64.00000    0   36   85.54167   64.00000  25.2%     -    1s
H    0     0                      85.2916667   64.00000  25.0%     -    1s
H    0     0                      82.2812500   64.00000  22.2%     -    1s
     0     2   64.00000    0   36   82.28125   64.00000  22.2%     -    1s
H    1     4                      81.6250000   64.00000  21.6%   474    1s
H    2     4                      80.5416667   64.00000  20.5%   238    1s
H   31    64                      80.3571429   64.00000  20.4%  38.0    3s
H   32    64                      79.0868056   64.00000  19.1%  36.8    3s
H   32    64                      76.7187500   64.00000  16.6%  36.8    3s
H   95   128                      76.2578125   64.00000  16.1%  16.4    4s
H   96   128                      76.2500000   64.00000  16.1%  16.2    4s
H   97   128                      76.1640625   64.00000  16.0%  16.1    4s
H   98   128                      76.1250000   64.00000  15.9%  16.0    4s
H  103   128                      76.0010417   64.00000  15.8%  15.3    4s
H  103   128                      75.9843750   64.00000  15.8%  15.3    4s
H  104   128                      75.8691406   64.00000  15.6%  15.3    4s
H  112   128                      75.7812500   64.00000  15.5%  14.5    4s
H  116   128                      75.6093750   64.00000  15.4%  14.0    4s
H  231   264                      75.2500000   64.00000  15.0%  13.2    5s
H  233   264                      74.8750000   64.00000  14.5%  13.2    5s
H  236   264                      74.3750000   64.00000  13.9%  13.0    5s
H  247   264                      73.4531250   64.00000  12.9%  12.7    5s
H  806   836                      73.1875000   64.00000  12.6%   9.2    7s
H  809   836                      73.1406250   64.00000  12.5%   9.2    7s
H  810   836                      73.1250000   64.00000  12.5%   9.2    7s
H  812   836                      73.0156250   64.00000  12.3%   9.2    7s
H  813   836                      72.8750000   64.00000  12.2%   9.2    7s
H  839   867                      72.7812500   64.00000  12.1%  16.3    8s
H  840   867                      72.5937500   64.00000  11.8%  16.3    8s
H  843   867                      72.5625000   64.00000  11.8%  16.2    8s
H  848   867                      72.3750000   64.00000  11.6%  16.1    8s
H  859   867                      71.9583333   64.00000  11.1%  17.4    8s
H  882  1697                      71.7083333   64.00000  10.7%  18.7    9s
H 1708  2576                      71.5833333   64.00000  10.6%  14.8   10s
H 1786  2576                      71.3437500   64.00000  10.3%  15.2   10s
H 2021  2576                      71.2187500   64.00000  10.1%  16.2   10s
H 2146  2576                      71.0625000   64.00000  9.94%  16.9   10s
H 2596  2604                      70.1250000   64.00000  8.73%  19.8   12s
H 2597  2604                      70.0000000   64.00000  8.57%  19.8   12s
H 2600  2604                      69.7500000   64.00000  8.24%  19.8   12s
H 2618  2604                      69.6250000   64.00000  8.08%  19.7   12s
H 2628  8728                      69.5000000   64.00000  7.91%  19.6   14s
  8857 11287   64.00000  283   53   69.50000   64.00000  7.91%  18.7   15s
H 9162 11287                      69.3750000   64.00000  7.75%  18.7   15s
H11687 14967                      69.2500000   64.00000  7.58%  17.5   16s
H11763 14967                      69.1250000   64.00000  7.41%  17.6   16s
H15217 14220                      69.0000000   64.00000  7.25%  16.7   16s
 15323 14321   64.00000   18   78   69.00000   64.00000  7.25%  17.9   23s
 15451 14438   64.00000   20   78   69.00000   64.00000  7.25%  18.5   25s
 17123 16293   64.00000   40   54   69.00000   64.00000  7.25%  22.1   32s
H17876 15330                      68.9999999   64.00000  7.25%  23.6   32s
 22556 18274   66.00000  129   70   69.00000   64.00000  7.25%  27.9   35s
H22583 17589                      68.9999999   64.00000  7.25%  28.1   35s
H25990 18968                      68.9999999   64.00000  7.25%  30.5   41s
H25994 18356                      68.9999998   64.00000  7.25%  30.5   41s
H26439 20778                      68.9999997   64.00000  7.25%  30.3   43s
H26682 20146                      68.9999997   64.00000  7.25%  30.1   43s
 29486 19243   66.75000  289  130   69.00000   64.00000  7.25%  32.1   46s
H29487 18720                      68.9999995   64.00000  7.25%  32.1   46s
H29502 18218                      68.9999995   64.00000  7.25%  32.1   46s
H29727 18425                      68.9999995   64.00000  7.25%  32.1   49s
H30299 17785                      68.9999995   64.00000  7.25%  32.7   49s
 30352 25111   66.75000  303  124   69.00000   64.00000  7.25%  33.0   53s
H33417 23663                      68.9999994   64.00000  7.25%  34.7   53s
H39590 25158                      68.9999994   64.00000  7.25%  37.6   54s
 42865 25187   64.00000  194   80   69.00000   64.00000  7.25%  38.4   56s
H42875 25187                      68.9999994   64.00000  7.25%  38.4   56s
 45824 27761   64.12500  308  117   69.00000   64.00000  7.25%  39.4   62s
H45832 27761                      68.9999994   64.00000  7.25%  39.4   62s
H45839 27761                      68.9999993   64.00000  7.25%  39.4   62s
H45842 27738                      68.8750000   64.00000  7.08%  39.4   62s
H45846 26894                      68.5000000   64.00000  6.57%  39.4   62s
H45900 27986                      68.1250000   64.00000  6.06%  39.4   64s
H46041 27826                      68.0000000   64.00000  5.88%  39.3   64s
 47590 27800   66.12500  450  124   68.00000   64.00000  5.88%  40.3   66s
H50454 30404                      68.0000000   64.00000  5.88%  42.5   67s
 50739 30431   66.87500  553  133   68.00000   64.00000  5.88%  43.4   70s
H50776 31481                      68.0000000   64.00000  5.88%  43.4   71s
H50816 31481                      67.9999999   64.00000  5.88%  43.4   71s
H50926 31481                      67.9999999   64.00000  5.88%  43.4   71s
H51736 31481                      67.9999998   64.00000  5.88%  43.9   71s
H52097 35190                      67.9999998   64.00000  5.88%  43.9   73s
H53404 35190                      67.9999998   64.00000  5.88%  44.8   73s
 56272 35216   66.87500  743  161   68.00000   64.00000  5.88%  46.3   76s
H56274 35216                      67.9999998   64.00000  5.88%  46.3   76s
 56310 35960   66.87500  744  161   68.00000   64.00000  5.88%  46.3   80s
H56413 35960                      67.9999998   64.00000  5.88%  46.3   80s
H56775 35960                      67.9999997   64.00000  5.88%  46.8   80s
H57882 37957                      67.9999996   64.00000  5.88%  47.3   83s
 59488 49308   64.00000  141   83   68.00000   64.00000  5.88%  47.8   87s
H60940 49308                      67.9999994   64.00000  5.88%  49.2   87s
 72929 49340   64.00000  350   86   68.00000   64.00000  5.88%  51.2   90s
H72933 49340                      67.9999994   64.00000  5.88%  51.2   90s
H72938 49340                      67.9999994   64.00000  5.88%  51.2   90s
H72958 49340                      67.9999993   64.00000  5.88%  51.1   90s
H72969 49370                      67.9999993   64.00000  5.88%  51.1   92s
 76771 52580   64.00000  331   87   68.00000   64.00000  5.88%  51.8   96s
H76789 52580                      67.9999993   64.00000  5.88%  51.8   96s
 81471 56901   65.75000  532   98   68.00000   64.00000  5.88%  53.2  102s
H81477 56901                      67.9999993   64.00000  5.88%  53.2  102s
 86949 61565   64.25000  209   99   68.00000   64.00000  5.88%  54.0  108s
 86984 64683   64.25000  210   95   68.00000   64.00000  5.88%  54.0  110s
H92662 69640                      67.9999993   64.00000  5.88%  54.8  115s
 97160 69972   64.00000  294   70   68.00000   64.00000  5.88%  55.6  125s
 97603 79845   64.00000  305   81   68.00000   64.00000  5.88%  55.7  130s
 110333 79864   66.62500  317  106   68.00000   64.00000  5.88%  57.3  136s
 118175 85595   64.00000  243   76   68.00000   64.00000  5.88%  57.5  143s
 118217 90234   64.00000  244   76   68.00000   64.00000  5.88%  57.5  145s
 124689 90264   64.00000  281   68   68.00000   64.00000  5.88%  57.8  152s
H124690 90264                      67.9999993   64.00000  5.88%  57.8  152s
 124723 113939   64.00000  282   68   68.00000   64.00000  5.88%  57.8  165s
 156755 113978   64.00000  248   81   68.00000   64.00000  5.88%  60.6  171s
 156876 136980   64.00000  249   78   68.00000   64.00000  5.88%  60.6  184s
 188908 137004   64.62500  444  100   68.00000   64.00000  5.88%  60.4  189s
H188913 137004                      67.9999992   64.00000  5.88%  60.4  189s
 188947 158595   64.62500  445  100   68.00000   64.00000  5.88%  60.4  202s
H192103 158595                      67.9999992   64.00000  5.88%  60.6  202s
 220979 158622   64.00000  402   80   68.00000   64.00000  5.88%  62.1  207s
H220986 158622                      67.9999991   64.00000  5.88%  62.1  207s
 221015 178816   64.00000  403   84   68.00000   64.00000  5.88%  62.1  219s
H244523 178816                      67.9999991   64.00000  5.88%  61.3  219s
 253047 179413   67.50000  597  138   68.00000   64.00000  5.88%  61.0  223s
 253948 199127   67.75000  612  140   68.00000   64.00000  5.88%  61.0  238s
H285873 199355                      67.9999991   64.00000  5.88%  61.1  242s
 286297 219285   67.87500  418  143   68.00000   64.00000  5.88%  61.1  258s
H305341 219285                      67.9999991   64.00000  5.88%  61.3  258s
 318329 219592   64.25000  496  143   68.00000   64.00000  5.88%  61.5  262s
H318415 219592                      67.9999990   64.00000  5.88%  61.5  262s
 318737 239261   64.25000  497  143   68.00000   64.00000  5.88%  61.5  278s
H343762 239261                      67.9999989   64.00000  5.88%  61.6  278s
 350769 239378   64.43750  546  108   68.00000   64.00000  5.88%  61.6  282s
H350780 239378                      67.9999989   64.00000  5.88%  61.6  282s
H350849 239378                      67.9999989   64.00000  5.88%  61.6  282s
 350934 260097   64.43750  557  113   68.00000   64.00000  5.88%  61.6  300s
H364974 260097                      67.9999989   64.00000  5.88%  62.4  300s
H383974 261168                      67.9999989   64.00000  5.88%  62.7  304s
H384769 261168                      67.9999988   64.00000  5.88%  62.6  304s
H385204 266423                      67.9999988   64.00000  5.88%  62.6  312s
 395411 266449   64.50000  442  112   68.00000   64.00000  5.88%  62.3  318s
 395449 273287   64.50000  443  106   68.00000   64.00000  5.88%  62.3  322s
 408090 273308     cutoff  394        68.00000   64.00000  5.88%  62.0  327s
H408097 273308                      67.9999988   64.00000  5.88%  62.0  328s
 408132 277268   64.50000  394  135   68.00000   64.00000  5.88%  62.0  331s
H408891 277268                      67.9999988   64.00000  5.88%  62.0  331s
H414126 277268                      67.9999987   64.00000  5.88%  62.2  331s
 415334 277297   64.00000  513  101   68.00000   64.00000  5.88%  62.2  336s
H415340 277297                      67.9999987   64.00000  5.88%  62.2  336s
H415341 277297                      67.9999987   64.00000  5.88%  62.2  336s
H415354 277297                      67.9999987   64.00000  5.88%  62.2  336s
 415369 297052   64.00000  514  100   68.00000   64.00000  5.88%  62.2  349s
 447401 297075   65.37500  442  142   68.00000   64.00000  5.88%  61.6  356s
H447406 297075                      67.9999986   64.00000  5.88%  61.6  356s
H447436 297075                      67.9999986   64.00000  5.88%  61.7  356s
 447442 316816   65.37500  443  137   68.00000   64.00000  5.88%  61.7  370s
H448468 316816                      67.9999986   64.00000  5.88%  61.7  370s
 479474 316836   66.62500  507  107   68.00000   64.00000  5.88%  62.5  378s
H479499 316836                      67.9999986   64.00000  5.88%  62.4  378s
 479518 334607   66.62500  508  102   68.00000   64.00000  5.88%  62.4  391s
H485549 334607                      67.9999986   64.00000  5.88%  62.2  391s
 511550 334626   64.75000  591  109   68.00000   64.00000  5.88%  62.3  400s
H511566 334626                      67.9999986   64.00000  5.88%  62.3  400s
 511593 354708   64.75000  591  110   68.00000   64.00000  5.88%  62.3  415s
H539227 354708                      67.9999942   64.00000  5.88%  62.9  416s
 543625 354734   64.00000  403   94   67.99999   64.00000  5.88%  62.8  423s
H543626 354734                      67.9999942   64.00000  5.88%  62.8  423s
 543663 374397   64.00000  404   96   67.99999   64.00000  5.88%  62.9  445s
 582514 378822   64.25000  468  106   67.99999   64.00000  5.88%  63.1  455s
 585749 381804   64.25000  489  108   67.99999   64.00000  5.88%  63.1  462s
 586944 384194   64.25000  491  107   67.99999   64.00000  5.88%  63.1  466s
 590705 385990     cutoff  587        67.99999   64.00000  5.88%  63.0  470s
 593512 389578   66.75000  593  124   67.99999   64.00000  5.88%  63.1  475s
 602655 395825 infeasible  563        67.99999   64.00000  5.88%  63.4  484s
 608435 397107     cutoff  296        67.99999   64.00000  5.88%  63.4  489s
 610295 405816   64.25000  368   90   67.99999   64.00000  5.88%  63.3  498s
 625568 406634   64.00000  443  119   67.99999   64.00000  5.88%  63.1  502s
 627139 409274 infeasible  543        67.99999   64.00000  5.88%  63.1  507s
 631818 411214     cutoff  568        67.99999   64.00000  5.88%  63.1  511s
 635268 416807   64.00000  468  105   67.99999   64.00000  5.88%  63.2  517s
 643567 416831   64.00000  495  113   67.99999   64.00000  5.88%  63.3  525s
 643607 439286   65.25000  492  127   67.99999   64.00000  5.88%  63.3  546s
 675639 439310     cutoff  503        67.99999   64.00000  5.88%  64.7  554s
 675679 460128   64.50000  502  120   67.99999   64.00000  5.88%  64.7  574s
 707711 460145   64.37500  515  102   67.99999   64.00000  5.88%  65.6  581s
 707758 481688     cutoff  516        67.99999   64.00000  5.88%  65.6  601s
 739790 481711     cutoff  494        67.99999   64.00000  5.88%  67.0  608s
 739830 501356   66.37500  492  122   67.99999   64.00000  5.88%  67.0  626s
 771862 501370   64.25000  361  108   67.99999   64.00000  5.88%  67.3  633s
 771912 522832   64.25000  362  106   67.99999   64.00000  5.88%  67.3  652s
 803944 523976   66.50000  620   98   67.99999   64.00000  5.88%  67.8  657s
 806093 532655   64.25000  368  111   67.99999   64.00000  5.88%  67.8  667s
 820750 533339   64.00000  525   83   67.99999   64.00000  5.88%  67.5  671s
 821837 535139   64.00000  553   82   67.99999   64.00000  5.88%  67.5  675s
 824527 537587   66.00000  615  107   67.99999   64.00000  5.88%  67.6  680s
 828251 540942   67.50000  402  118   67.99999   64.00000  5.88%  67.6  685s
 834352 540960 infeasible  472        67.99999   64.00000  5.88%  67.6  691s
 834398 557174   64.62500  472  141   67.99999   64.00000  5.88%  67.5  710s
 868653 566715   67.75000  528  121   67.99999   64.00000  5.88%  67.8  722s
 881912 568028   64.00000  363   63   67.99999   64.00000  5.88%  67.9  725s
 888311 573119   64.00000  470   84   67.99999   64.00000  5.88%  68.0  733s
 890797 580463   64.00000  490   93   67.99999   64.00000  5.88%  68.0  739s
 900703 580489   66.87500  396   96   67.99999   64.00000  5.88%  68.1  745s
 900740 602107   66.87500  397   96   67.99999   64.00000  5.88%  68.1  764s
 932772 602132   64.75000  595  128   67.99999   64.00000  5.88%  68.6  771s
 932810 625475   64.75000  596  130   67.99999   64.00000  5.88%  68.6  788s
H942609 625475                      67.9999936   64.00000  5.88%  69.0  788s
 964842 625504   65.50000  558  137   67.99999   64.00000  5.88%  69.2  795s
 964876 648228   65.50000  559  139   67.99999   64.00000  5.88%  69.2  809s
 996908 648248   64.00000  463   87   67.99999   64.00000  5.88%  69.4  816s
 996952 671171     cutoff  464        67.99999   64.00000  5.88%  69.4  832s
 1028984 671197   66.75000  486  100   67.99999   64.00000  5.88%  70.0  840s
 1029022 693122 infeasible  487        67.99999   64.00000  5.88%  70.0  854s
 1061054 693150   65.00000  432  141   67.99999   64.00000  5.88%  70.1  864s
 1061090 715972   65.37500  433  130   67.99999   64.00000  5.88%  70.1  881s
 1093122 717566   64.00000  463  109   67.99999   64.00000  5.88%  70.4  886s
 1095512 727632   64.00000  464  108   67.99999   64.00000  5.88%  70.4  893s
 1109743 727739   64.00000  662  100   67.99999   64.00000  5.88%  70.3  896s
 1109917 730441   64.00000  663   96   67.99999   64.00000  5.88%  70.3  900s
 1114348 734638 infeasible  771        67.99999   64.00000  5.88%  70.4  907s
 1120054 736004 infeasible  578        67.99999   64.00000  5.88%  70.4  910s
 1127289 740730   64.00000  493   90   67.99999   64.00000  5.88%  70.6  918s
 1128650 759577   67.00000  546  126   67.99999   64.00000  5.88%  70.6  930s
 1155763 760647   64.25000  482   97   67.99999   64.00000  5.88%  70.9  938s
 1157723 762071   64.50000  503  116   67.99999   64.00000  5.88%  70.9  942s
 1160358 771030   64.00000  542  106   67.99999   64.00000  5.88%  70.9  949s
 1175542 771119   64.00000  525   84   67.99999   64.00000  5.88%  70.8  952s
 1175735 772527   64.00000  526   84   67.99999   64.00000  5.88%  70.8  955s
 1179345 779561   64.00000  603   87   67.99999   64.00000  5.88%  70.9  963s
 1188536 779587   64.00000  563   98   67.99999   64.00000  5.88%  70.8  971s
 1188573 799420   64.00000  564  100   67.99999   64.00000  5.88%  70.8  983s
 1220605 799440   66.50000  644  119   67.99999   64.00000  5.88%  70.6  991s
 1220648 818382   66.50000  645  121   67.99999   64.00000  5.88%  70.6 1002s
 1252680 818407   66.00000  680  116   67.99999   64.00000  5.88%  70.2 1009s
 1252719 838644   66.00000  681  115   67.99999   64.00000  5.88%  70.2 1027s
 1284751 838667   64.50000  601  110   67.99999   64.00000  5.88%  70.5 1037s
 1284791 857593   64.50000  601  116   67.99999   64.00000  5.88%  70.5 1051s
 1316823 857615 infeasible  686        67.99999   64.00000  5.88%  70.6 1058s
 1316863 874995     cutoff  684        67.99999   64.00000  5.88%  70.6 1071s
 1348895 874991   67.25000  746  154   67.99999   64.00000  5.88%  70.4 1079s
 1348961 892680   67.25000  747  158   67.99999   64.00000  5.88%  70.4 1092s
 1380993 892702 infeasible  718        67.99999   64.00000  5.88%  70.3 1099s
 1381035 910140   64.62500  716  126   67.99999   64.00000  5.88%  70.3 1112s
 1413067 910153   64.00000  691   95   67.99999   64.00000  5.88%  70.0 1121s
 1413117 925006   64.00000  692   84   67.99999   64.00000  5.88%  70.0 1136s
 1445149 925948   66.00000  726  107   67.99999   64.00000  5.88%  69.9 1140s
 1447133 936702   64.37500  676  145   67.99999   64.00000  5.88%  69.9 1148s
 1467173 936731   65.00000  733   94   67.99999   64.00000  5.88%  69.8 1151s
 1468692 940787   65.00000  734   98   67.99999   64.00000  5.88%  69.9 1157s
 1475764 940815     cutoff  696        67.99999   64.00000  5.88%  69.8 1162s
 1475818 956114     cutoff  696        67.99999   64.00000  5.88%  69.8 1178s
 1507850 956135   64.00000  641  100   67.99999   64.00000  5.88%  70.0 1183s
 1507892 969910   64.00000  642   86   67.99999   64.00000  5.88%  70.0 1204s
 1539924 969927     cutoff  656        67.99999   64.00000  5.88%  70.2 1210s
 1539968 982230   64.25000  653  148   67.99999   64.00000  5.88%  70.2 1226s
 1572000 982237 infeasible  734        67.99999   64.00000  5.88%  70.2 1232s
 1572055 996414     cutoff  733        67.99999   64.00000  5.88%  70.2 1246s
 1604087 996417   66.00000  751  127   67.99999   64.00000  5.88%  70.3 1252s
 1604148 1010173 infeasible  752        67.99999   64.00000  5.88%  70.3 1266s
 1636180 1010191 infeasible  714        67.99999   64.00000  5.88%  70.1 1272s
 1636223 1023208   66.25000  714  137   67.99999   64.00000  5.88%  70.1 1287s
 1668255 1023541 infeasible  759        67.99999   64.00000  5.88%  70.1 1291s
 1669402 1036127   64.00000  631  121   67.99999   64.00000  5.88%  70.1 1306s
 1697758 1036466   64.50000  760  125   67.99999   64.00000  5.88%  69.9 1310s
 1698773 1048892 infeasible  781        67.99999   64.00000  5.88%  69.9 1326s
 1728414 1049265 infeasible  721        67.99999   64.00000  5.88%  69.9 1330s
 1729434 1059888   66.25000  748  124   67.99999   64.00000  5.88%  69.9 1345s
 1760748 1068777     cutoff  701        67.99999   64.00000  5.88%  69.7 1362s
 1785219 1068796     cutoff  777        67.99999   64.00000  5.88%  69.6 1371s
 1785263 1069242 infeasible  778        67.99999   64.00000  5.88%  69.6 1375s
 1796577 1072829     cutoff  679        67.99999   64.00000  5.88%  69.4 1386s
 1796628 1084098     cutoff  679        67.99999   64.00000  5.88%  69.4 1401s
 1828660 1084118 infeasible  760        67.99999   64.00000  5.88%  69.3 1408s
 1828704 1095291     cutoff  756        67.99999   64.00000  5.88%  69.3 1421s
 1860736 1095311   66.62898  712  153   67.99999   64.00000  5.88%  69.1 1428s
 1860778 1106546   66.62898  711  144   67.99999   64.00000  5.88%  69.1 1443s
 1892810 1106602   64.82895  745  122   67.99999   64.00000  5.88%  68.9 1447s
 1892995 1116920     cutoff  746        67.99999   64.00000  5.88%  68.9 1461s
 1925027 1116988     cutoff  769        67.99999   64.00000  5.88%  68.7 1465s
 1925238 1128852   64.00000  706  125   67.99999   64.00000  5.88%  68.7 1480s
 1957514 1142688   64.50000  776  146   67.99999   64.00000  5.88%  68.4 1498s
 1989546 1142693   64.50000  795  110   67.99999   64.00000  5.88%  68.0 1502s
 1989815 1155898   66.25000  796  108   67.99999   64.00000  5.88%  68.0 1517s
 2021847 1155950     cutoff  353        67.99999   64.00000  5.88%  67.9 1522s
 2022047 1172022   64.25000  350   96   67.99999   64.00000  5.88%  67.9 1538s
 2054079 1172044   64.25000  302  102   67.99999   64.00000  5.88%  67.7 1546s
 2054121 1185732   64.25000  303  101   67.99999   64.00000  5.88%  67.7 1563s
 2086153 1185844   64.75000  785  135   67.99999   64.00000  5.88%  67.5 1567s
 2086433 1201879   65.50000  782  132   67.99999   64.00000  5.88%  67.5 1580s
 2118465 1201847   65.12755  768  150   67.99999   64.00000  5.88%  67.2 1585s
 2118603 1215429   65.12500  767  136   67.99999   64.00000  5.88%  67.2 1600s
 2150635 1215457   64.00000  378  115   67.99999   64.00000  5.88%  67.0 1605s
 2150693 1231727   64.00000  379  117   67.99999   64.00000  5.88%  67.0 1622s
 2182725 1231738   64.75000  413  116   67.99999   64.00000  5.88%  66.7 1627s
 2182800 1245303   64.25000  414  108   67.99999   64.00000  5.88%  66.7 1641s
 2214832 1245314   65.50000  503   82   67.99999   64.00000  5.88%  66.6 1649s
 2214882 1259936   65.50000  504   82   67.99999   64.00000  5.88%  66.6 1663s
 2246914 1259948     cutoff  529        67.99999   64.00000  5.88%  66.3 1670s
 2246965 1271837 infeasible  532        67.99999   64.00000  5.88%  66.3 1684s
 2278997 1271850   64.00000  384   98   67.99999   64.00000  5.88%  66.2 1692s
 2279048 1284682 infeasible  385        67.99999   64.00000  5.88%  66.2 1707s
 2311080 1284698   67.15570  411  124   67.99999   64.00000  5.88%  66.0 1716s
 2311126 1297045     cutoff  412        67.99999   64.00000  5.88%  66.0 1730s
 2343158 1297048   66.25000  418  129   67.99999   64.00000  5.88%  65.8 1739s
 2343219 1310647   66.25000  416  125   67.99999   64.00000  5.88%  65.8 1755s
 2375251 1310658     cutoff  397        67.99999   64.00000  5.88%  65.7 1766s
 2375302 1328709     cutoff  398        67.99999   64.00000  5.88%  65.7 1784s
 2380307 1328709   64.25000  510   93   67.99999   64.00000  5.88%  65.7 1785s
 2407334 1328732   67.12500  430  134   67.99999   64.00000  5.88%  65.8 1792s
 2407375 1349041   67.12500  428  135   67.99999   64.00000  5.88%  65.8 1808s
 2439407 1349068     cutoff  441        67.99999   64.00000  5.88%  65.9 1817s
 2439444 1367571 infeasible  441        67.99999   64.00000  5.88%  65.9 1832s
 2471476 1367574   64.00000  470  103   67.99999   64.00000  5.88%  65.8 1840s
 2471536 1384986   64.00000  471  103   67.99999   64.00000  5.88%  65.8 1858s
 2503568 1385004   64.62500  502  142   67.99999   64.00000  5.88%  65.8 1865s
 2503613 1403394   64.62500  502  142   67.99999   64.00000  5.88%  65.8 1882s
 2535645 1403419   65.50000  534  142   67.99999   64.00000  5.88%  65.8 1886s
 2535706 1420649   65.50000  534  147   67.99999   64.00000  5.88%  65.8 1901s
 2567738 1420670     cutoff  494        67.99999   64.00000  5.88%  65.8 1906s
 2567784 1436498   64.50000  493  108   67.99999   64.00000  5.88%  65.8 1924s
 2599816 1436543   64.50000  454   98   67.99999   64.00000  5.88%  65.9 1929s
 2599927 1452377   64.00000  493   98   67.99999   64.00000  5.88%  65.9 1944s
 2631959 1452454   64.25000  537  104   67.99999   64.00000  5.88%  65.8 1948s
 2632058 1468483   64.37500  534  106   67.99999   64.00000  5.88%  65.8 1965s
 2664090 1468501   67.37500  535  129   67.99999   64.00000  5.88%  65.9 1970s
 2664136 1482409   64.00000  533  122   67.99999   64.00000  5.88%  65.9 1986s
 2696168 1482461   66.00000  533  109   67.99999   64.00000  5.88%  65.9 1990s
 2696243 1496543   66.00000  534  109   67.99999   64.00000  5.88%  65.9 2012s
 2728275 1496587   64.12500  572  123   67.99999   64.00000  5.88%  65.9 2018s
 2728340 1510888     cutoff  573        67.99999   64.00000  5.88%  65.9 2034s
 2760372 1510910   64.00000  474  111   67.99999   64.00000  5.88%  65.8 2038s
 2760424 1524108   64.00000  475  111   67.99999   64.00000  5.88%  65.8 2056s
 2792456 1524111   64.00000  487  109   67.99999   64.00000  5.88%  65.7 2060s
 2792516 1538296   64.00000  488  109   67.99999   64.00000  5.88%  65.7 2076s
 2824548 1538310     cutoff  553        67.99999   64.00000  5.88%  65.8 2080s
 2824622 1551122   67.02193  552  136   67.99999   64.00000  5.88%  65.8 2097s
H2843919 1551122                      67.9999933   64.00000  5.88%  65.7 2097s
 2856654 1551135   66.12939  584  124   67.99999   64.00000  5.88%  65.7 2101s
 2856708 1564923 infeasible  585        67.99999   64.00000  5.88%  65.7 2114s
 2888740 1564936   65.37500  617  140   67.99999   64.00000  5.88%  65.7 2122s
 2888791 1577279   65.37500  618  148   67.99999   64.00000  5.88%  65.7 2137s
 2920823 1577280   67.75000  585  132   67.99999   64.00000  5.88%  65.7 2145s
 2920883 1589962   67.75000  586  152   67.99999   64.00000  5.88%  65.7 2159s
 2952915 1589978   64.50000  613  126   67.99999   64.00000  5.88%  65.6 2168s
 2952959 1603095   64.50000  614  126   67.99999   64.00000  5.88%  65.6 2181s
 2984991 1603096   67.25219  551  154   67.99999   64.00000  5.88%  65.6 2190s
 2985054 1615966   67.25000  551  135   67.99999   64.00000  5.88%  65.6 2202s
 3017086 1615976   64.25000  547  112   67.99999   64.00000  5.88%  65.5 2210s
 3017140 1628423   64.25058  547  115   67.99999   64.00000  5.88%  65.5 2223s
 3049172 1628440   66.00000  559  106   67.99999   64.00000  5.88%  65.4 2233s
 3049219 1639924 infeasible  560        67.99999   64.00000  5.88%  65.4 2247s
 3081251 1639922     cutoff  647        67.99999   64.00000  5.88%  65.3 2255s
 3081316 1651670   64.43198  647  127   67.99999   64.00000  5.88%  65.3 2268s
 3113348 1651673   66.25000  545  134   67.99999   64.00000  5.88%  65.3 2276s
 3113409 1663117 infeasible  546        67.99999   64.00000  5.88%  65.3 2289s
 3145441 1663119   65.12500  592  118   67.99999   64.00000  5.88%  65.1 2298s
 3145503 1674093   65.12500  593  122   67.99999   64.00000  5.88%  65.1 2311s
 3177535 1674092 infeasible  660        67.99999   64.00000  5.88%  65.1 2319s
 3177600 1684936     cutoff  660        67.99999   64.00000  5.88%  65.1 2332s
 3209632 1684946     cutoff  529        67.99999   64.00000  5.88%  65.0 2342s
 3209686 1694994   66.02193  527  115   67.99999   64.00000  5.88%  65.0 2356s
 3241718 1695007   64.87829  573  110   67.99999   64.00000  5.88%  64.9 2361s
 3241775 1706516     cutoff  574        67.99999   64.00000  5.88%  64.9 2374s
 3273807 1706527   64.50000  604  136   67.99999   64.00000  5.88%  64.7 2378s
 3273867 1717145   64.25000  605  135   67.99999   64.00000  5.88%  64.7 2399s
 3305899 1717145 infeasible  590        67.99999   64.00000  5.88%  64.6 2403s
 3305962 1725808     cutoff  588        67.99999   64.00000  5.88%  64.6 2418s
 3337994 1725824   66.02097  622  139   67.99999   64.00000  5.88%  64.5 2423s
 3338042 1735754   66.50781  623  144   67.99999   64.00000  5.88%  64.5 2438s
 3370074 1735767     cutoff  635        67.99999   64.00000  5.88%  64.4 2442s
 3370153 1745332   66.25000  634  142   67.99999   64.00000  5.88%  64.4 2456s
 3402185 1745335   65.85085  554  114   67.99999   64.00000  5.88%  64.2 2460s
 3402246 1755743     cutoff  555        67.99999   64.00000  5.88%  64.2 2473s
 3434278 1755751   64.87500  641  138   67.99999   64.00000  5.88%  64.1 2477s
 3434362 1765600 infeasible  642        67.99999   64.00000  5.88%  64.1 2492s
 3466394 1765606     cutoff  673        67.99999   64.00000  5.88%  64.0 2496s
 3466452 1776865 infeasible  623        67.99999   64.00000  5.88%  64.0 2512s
 3498484 1776877   64.50000  632  118   67.99999   64.00000  5.88%  63.9 2517s
 3498536 1794345     cutoff  633        67.99999   64.00000  5.88%  63.9 2537s
 3530568 1794365   66.62500  561  129   67.99999   64.00000  5.88%  64.3 2541s
 3530611 1812461   66.62500  560  135   67.99999   64.00000  5.88%  64.3 2561s
 3562643 1812473   65.78391  724  155   67.99999   64.00000  5.88%  64.5 2565s
 3562697 1829898 infeasible  726        67.99999   64.00000  5.88%  64.5 2581s
 3594729 1829921     cutoff  655        67.99999   64.00000  5.88%  64.7 2586s
 3594795 1847087   66.78509  655  144   67.99999   64.00000  5.88%  64.7 2600s
 3626827 1847111   64.00000  543  114   67.99999   64.00000  5.88%  64.9 2608s
 3626867 1864058 infeasible  544        67.99999   64.00000  5.88%  64.9 2625s
 3658899 1864068   67.25000  641  138   67.99999   64.00000  5.88%  65.0 2632s
 3658952 1879814   67.25000  642  138   67.99999   64.00000  5.88%  65.0 2646s
 3690984 1879839 infeasible  519        67.99999   64.00000  5.88%  65.1 2655s
 3691023 1894783   66.50000  519  109   67.99999   64.00000  5.88%  65.1 2672s
 3723055 1894804   64.00000  638  119   67.99999   64.00000  5.88%  65.3 2680s
 3723098 1907014   64.00000  639  116   67.99999   64.00000  5.88%  65.3 2697s
 3755130 1907036   64.00000  592  102   67.99999   64.00000  5.88%  65.4 2705s
 3755172 1921965   64.00000  591  123   67.99999   64.00000  5.88%  65.4 2718s
 3787204 1921971   67.62500  592  133   67.99999   64.00000  5.88%  65.5 2727s
 3787261 1935193   67.87939  592  147   67.99999   64.00000  5.88%  65.5 2748s
 3819293 1935205   66.00000  578  121   67.99999   64.00000  5.88%  65.6 2756s
 3819345 1948282   65.75000  579  117   67.99999   64.00000  5.88%  65.6 2769s
 3849375 1948282   64.00000  335   98   67.99999   64.00000  5.88%  65.6 2770s
 3851377 1948291   66.12500  737  175   67.99999   64.00000  5.88%  65.6 2777s
 3851431 1961209 infeasible  738        67.99999   64.00000  5.88%  65.6 2792s
 3883463 1961227   65.12500  662  127   67.99999   64.00000  5.88%  65.7 2800s
 3883508 1974039   64.37500  660  129   67.99999   64.00000  5.88%  65.7 2815s
 3915540 1974050   64.50000  628  108   67.99999   64.00000  5.88%  65.7 2823s
 3915593 1985930   64.50000  629  110   67.99999   64.00000  5.88%  65.7 2838s
 3947625 1985943 infeasible  631        67.99999   64.00000  5.88%  65.7 2846s
 3947676 1998156   64.25000  629  133   67.99999   64.00000  5.88%  65.7 2861s
 3979708 1998163   65.25000  675  135   67.99999   64.00000  5.88%  65.7 2866s
 3979764 2008509   65.25000  676  143   67.99999   64.00000  5.88%  65.7 2882s
 4011796 2008518 infeasible  648        67.99999   64.00000  5.88%  65.7 2886s
 4011850 2019837   64.00000  646  115   67.99999   64.00000  5.88%  65.7 2900s
 4043882 2019855   66.62500  670  128   67.99999   64.00000  5.88%  65.6 2905s
 4043925 2031271   66.62500  671  127   67.99999   64.00000  5.88%  65.6 2920s
 4075957 2031283   66.00000  692  163   67.99999   64.00000  5.88%  65.6 2925s
 4076009 2042465 infeasible  693        67.99999   64.00000  5.88%  65.6 2942s
 4108041 2042472 infeasible  668        67.99999   64.00000  5.88%  65.6 2946s
 4108097 2052580 infeasible  667        67.99999   64.00000  5.88%  65.6 2960s
 4140197 2063624   64.50000  676  131   67.99999   64.00000  5.88%  65.5 2985s
 4172329 2073958   65.45406  738  133   67.99999   64.00000  5.88%  65.5 3004s
 4204361 2073972   66.80702  732  136   67.99999   64.00000  5.88%  65.5 3008s
 4204411 2082543   67.03947  733  134   67.99999   64.00000  5.88%  65.5 3024s
 4220427 2082543   66.12500  709  136   67.99999   64.00000  5.88%  65.5 3025s
 4236498 2092476   65.25000  707  119   67.99999   64.00000  5.88%  65.5 3043s
 4268530 2092454 infeasible  763        67.99999   64.00000  5.88%  65.4 3047s
 4268615 2102550   65.16886  749  126   67.99999   64.00000  5.88%  65.4 3064s
 4294641 2102550   64.00000  292   67   67.99999   64.00000  5.88%  65.4 3065s
 4300694 2110859   64.50000  773  159   67.99999   64.00000  5.88%  65.4 3087s
 4332726 2110862   67.14254  712  150   67.99999   64.00000  5.88%  65.3 3092s
 4332791 2118949   67.14254  713  150   67.99999   64.00000  5.88%  65.3 3109s
 4364823 2118965   64.00000  667  136   67.99999   64.00000  5.88%  65.2 3113s
H4364831 2118965                      67.9999923   64.00000  5.88%  65.2 3113s
 4364870 2127369   64.75000  668  135   67.99999   64.00000  5.88%  65.2 3128s
 4396902 2127376   64.23214  721  119   67.99999   64.00000  5.88%  65.2 3137s
 4396959 2135550   65.12500  722  116   67.99999   64.00000  5.88%  65.2 3152s
 4428991 2135557     cutoff  769        67.99999   64.00000  5.88%  65.1 3160s
 4429048 2143478   67.81250  770  142   67.99999   64.00000  5.88%  65.1 3177s
 4461080 2143489 infeasible  776        67.99999   64.00000  5.88%  65.0 3185s
 4461132 2151872   64.00000  719  124   67.99999   64.00000  5.88%  65.0 3200s
 4493164 2151891   65.12500  733  141   67.99999   64.00000  5.88%  64.9 3208s
 4493208 2159719   65.12500  734  142   67.99999   64.00000  5.88%  64.9 3223s
 4525240 2159731   64.35714  738  116   67.99999   64.00000  5.88%  64.8 3231s
 4525290 2167167   65.00000  739  111   67.99999   64.00000  5.88%  64.8 3246s
 4557322 2167181   64.12500  729  158   67.99999   64.00000  5.88%  64.8 3254s
 4557372 2178019   64.37500  734  156   67.99999   64.00000  5.88%  64.8 3271s
 4589404 2178035   64.62500  730  135   67.99999   64.00000  5.88%  64.7 3283s
 4589452 2190924   64.62500  731  135   67.99999   64.00000  5.88%  64.7 3301s
 4621484 2190944   64.00000  727  132   67.99999   64.00000  5.88%  64.7 3309s
 4621528 2205094   64.00000  728  134   67.99999   64.00000  5.88%  64.7 3327s
 4653560 2205111   64.00000  419  115   67.99999   64.00000  5.88%  64.7 3336s
 4653607 2220080   64.00000  420  112   67.99999   64.00000  5.88%  64.7 3352s
 4685639 2220098   67.50000  498  124   67.99999   64.00000  5.88%  64.7 3361s
 4685685 2236455   67.50000  499  124   67.99999   64.00000  5.88%  64.7 3376s
 4717717 2236455   64.00000  474  116   67.99999   64.00000  5.88%  64.6 3385s
 4717781 2254287   64.00000  475  116   67.99999   64.00000  5.88%  64.6 3406s
 4749813 2254303   65.75000  495  131   67.99999   64.00000  5.88%  64.8 3414s
 4749861 2272570   65.75000  496  135   67.99999   64.00000  5.88%  64.8 3430s
 4781893 2272571   64.12500  517  106   67.99999   64.00000  5.88%  64.8 3438s
 4781956 2288243   64.12500  518  110   67.99999   64.00000  5.88%  64.8 3456s
 4813988 2288267 infeasible  696        67.99999   64.00000  5.88%  64.8 3461s
 4814028 2305800 infeasible  741        67.99999   64.00000  5.88%  64.8 3479s
 4846060 2305819   67.25000  488  121   67.99999   64.00000  5.88%  64.9 3486s
 4846105 2321130 infeasible  489        67.99999   64.00000  5.88%  64.9 3505s
 4878188 2336910   65.00000  482   91   67.99999   64.00000  5.88%  64.8 3525s
 4910220 2336920   65.00000  520  116   67.99999   64.00000  5.88%  64.8 3530s
 4910274 2351921   65.00000  521  114   67.99999   64.00000  5.88%  64.8 3544s
 4942306 2351949   64.62500  533  109   67.99999   64.00000  5.88%  64.7 3548s
 4942358 2366921   64.50000  534  118   67.99999   64.00000  5.88%  64.7 3563s
 4974390 2366907   65.25000  514   97   67.99999   64.00000  5.88%  64.7 3568s
 4974468 2381535   65.25000  515  100   67.99999   64.00000  5.88%  64.7 3586s
 5006500 2381551   65.25000  550  149   67.99999   64.00000  5.88%  64.7 3591s
 5006547 2396432   65.25000  552  156   67.99999   64.00000  5.88%  64.7 3606s
 5038579 2396448   64.62500  567  103   67.99999   64.00000  5.88%  64.6 3611s
 5038629 2410828 infeasible  568        67.99999   64.00000  5.88%  64.6 3627s
 5070661 2410840   64.50000  579  121   67.99999   64.00000  5.88%  64.6 3631s
 5070712 2424732   64.50000  580  121   67.99999   64.00000  5.88%  64.6 3648s
 5102744 2424753   64.00000  531  111   67.99999   64.00000  5.88%  64.6 3652s
 5102788 2439223   64.00000  532   77   67.99999   64.00000  5.88%  64.6 3669s
 5134820 2439244   64.50000  566   98   67.99999   64.00000  5.88%  64.6 3673s
 5134863 2452345   64.50000  567   98   67.99999   64.00000  5.88%  64.6 3689s
 5166895 2452347   64.62500  529  110   67.99999   64.00000  5.88%  64.5 3697s
 5166957 2466331   64.62500  530  118   67.99999   64.00000  5.88%  64.5 3713s
 5198989 2466346   64.00000  550  107   67.99999   64.00000  5.88%  64.5 3718s
 5199048 2480175   64.00000  551  106   67.99999   64.00000  5.88%  64.5 3732s
 5231080 2480192   65.75000  564  117   67.99999   64.00000  5.88%  64.4 3737s
 5231127 2493335   64.75000  566  120   67.99999   64.00000  5.88%  64.4 3748s
 5263159 2493335   66.25000  583  124   67.99999   64.00000  5.88%  64.3 3756s
 5263223 2507376   65.25000  583  124   67.99999   64.00000  5.88%  64.3 3773s
 5295255 2507396   65.75000  621  114   67.99999   64.00000  5.88%  64.2 3781s
 5295299 2521909     cutoff  622        67.99999   64.00000  5.88%  64.2 3794s
 5327331 2521930   64.50000  622   97   67.99999   64.00000  5.88%  64.1 3802s
 5327374 2534612   64.50000  623  104   67.99999   64.00000  5.88%  64.1 3817s
 5359406 2534631   64.50000  549  105   67.99999   64.00000  5.88%  64.0 3825s
 5359451 2549483   64.50000  550  105   67.99999   64.00000  5.88%  64.0 3837s
 5391483 2549507   64.50000  554   89   67.99999   64.00000  5.88%  63.9 3846s
 5391523 2562887   64.50000  555   93   67.99999   64.00000  5.88%  63.9 3860s
 5423555 2562872   64.00000  595  119   67.99999   64.00000  5.88%  63.8 3867s
 5423634 2576634   64.41077  595  146   67.99999   64.00000  5.88%  63.8 3882s
 5455666 2576640   64.50000  538  145   67.99999   64.00000  5.88%  63.7 3890s
 5455724 2591262   64.50000  542  152   67.99999   64.00000  5.88%  63.7 3904s
 5487756 2591272   64.25000  755  150   67.99999   64.00000  5.88%  63.6 3916s
 5487810 2603338   64.25000  756  149   67.99999   64.00000  5.88%  63.6 3930s
 5519842 2603361   65.00510  616  134   67.99999   64.00000  5.88%  63.6 3939s
 5519883 2615190   65.00000  615  129   67.99999   64.00000  5.88%  63.6 3955s
 5551915 2615203   64.00000  572   95   67.99999   64.00000  5.88%  63.5 3963s
 5551966 2627705   64.00000  572  106   67.99999   64.00000  5.88%  63.5 3977s
 5583998 2627711   66.25000  613  126   67.99999   64.00000  5.88%  63.4 3985s
 5584055 2639041   64.75000  615  132   67.99999   64.00000  5.88%  63.4 4000s
 5616087 2639052 infeasible  604        67.99999   64.00000  5.88%  63.4 4009s
 5616139 2649943   64.00000  631  120   67.99999   64.00000  5.88%  63.4 4025s
 5648171 2649961 infeasible  660        67.99999   64.00000  5.88%  63.3 4033s
 5648217 2662164   66.90570  660  154   67.99999   64.00000  5.88%  63.3 4047s
 5680249 2662171 infeasible  688        67.99999   64.00000  5.88%  63.2 4056s
 5680305 2673968   64.25000  621  131   67.99999   64.00000  5.88%  63.2 4071s
 5712337 2673989   64.00000  640  135   67.99999   64.00000  5.88%  63.0 4075s
 5712380 2684250   64.00000  641  141   67.99999   64.00000  5.88%  63.0 4092s
 5744412 2684270   64.00000  570   97   67.99999   64.00000  5.88%  62.9 4096s
 5744510 2695574   64.00000  571   99   67.99999   64.00000  5.88%  62.9 4113s
 5776542 2695551     cutoff  606        67.99999   64.00000  5.88%  62.8 4117s
 5776684 2705422 infeasible  602        67.99999   64.00000  5.88%  62.8 4135s
 5808716 2705442 infeasible  628        67.99999   64.00000  5.88%  62.8 4143s
 5808760 2715273   65.37500  625  146   67.99999   64.00000  5.88%  62.8 4161s
 5840792 2715284     cutoff  606        67.99999   64.00000  5.88%  62.7 4166s
 5840845 2724569     cutoff  606        67.99999   64.00000  5.88%  62.7 4182s
 5872877 2724574   64.00000  597  110   67.99999   64.00000  5.88%  62.6 4187s
 5872943 2733669   64.00000  598  113   67.99999   64.00000  5.88%  62.6 4206s
 5904975 2733660 infeasible  663        67.99999   64.00000  5.88%  62.6 4210s
 5905048 2742988   64.00000  603  110   67.99999   64.00000  5.88%  62.6 4225s
 5937080 2742992   64.00000  760  113   67.99999   64.00000  5.88%  62.5 4230s
 5937158 2752197 infeasible  761        67.99999   64.00000  5.88%  62.5 4249s
 5954175 2752197   64.00000  742  100   67.99999   64.00000  5.88%  62.5 4250s
 5969246 2760803     cutoff  762        67.99999   64.00000  5.88%  62.4 4272s
 6001278 2760820   64.37500  655  140   67.99999   64.00000  5.88%  62.4 4277s
 6001325 2769265   66.25000  656  138   67.99999   64.00000  5.88%  62.4 4292s
 6033357 2769241   65.50000  633  120   67.99999   64.00000  5.88%  62.3 4296s
 6033445 2779266 infeasible  634        67.99999   64.00000  5.88%  62.3 4313s
 6065477 2779289   64.50031  678  150   67.99999   64.00000  5.88%  62.2 4317s
 6065518 2789326 infeasible  676        67.99999   64.00000  5.88%  62.2 4335s
 6097550 2789346   65.90625  662  149   67.99999   64.00000  5.88%  62.1 4340s
 6097595 2798157   65.90625  662  152   67.99999   64.00000  5.88%  62.1 4357s
 6129627 2798170   65.26316  704  141   67.99999   64.00000  5.88%  62.0 4364s
 6129628 2798170   66.25000  702  145   67.99999   64.00000  5.88%  62.0 4365s
 6129677 2806152   65.75000  705  138   67.99999   64.00000  5.88%  62.0 4382s
 6161709 2806126   66.25000  664  163   67.99999   64.00000  5.88%  61.9 4388s
 6161799 2814561   66.25000  665  161   67.99999   64.00000  5.88%  61.9 4403s
 6193831 2814563   64.00000  673  149   67.99999   64.00000  5.88%  61.8 4413s
 6193893 2821393   64.00000  677  145   67.99999   64.00000  5.88%  61.8 4428s
 6225925 2821400   64.01786  637  125   67.99999   64.00000  5.88%  61.7 4437s
 6225982 2829023   64.25000  637  129   67.99999   64.00000  5.88%  61.7 4452s
 6258014 2829040   65.87939  661  156   67.99999   64.00000  5.88%  61.6 4460s
 6258060 2836667     cutoff  662        67.99999   64.00000  5.88%  61.6 4476s
 6290092 2836676   66.01386  679  160   67.99999   64.00000  5.88%  61.5 4484s
 6290147 2845599   66.25877  680  156   67.99999   64.00000  5.88%  61.5 4500s
 6322179 2845601     cutoff  666        67.99999   64.00000  5.88%  61.5 4509s
 6322241 2852498   66.25000  664  151   67.99999   64.00000  5.88%  61.5 4523s
 6354273 2852507     cutoff  659        67.99999   64.00000  5.88%  61.4 4532s
 6354328 2859406 infeasible  660        67.99999   64.00000  5.88%  61.4 4547s
 6386360 2859396   65.75219  681  153   67.99999   64.00000  5.88%  61.3 4556s
 6386434 2866154   66.12500  682  165   67.99999   64.00000  5.88%  61.3 4570s
 6418466 2866167   64.75000  691  135   67.99999   64.00000  5.88%  61.2 4578s
 6418517 2873631   64.75000  692  135   67.99999   64.00000  5.88%  61.2 4596s
 6450549 2873642   64.87500  679  124   67.99999   64.00000  5.88%  61.1 4604s
 6450602 2880760   64.87500  679  126   67.99999   64.00000  5.88%  61.1 4617s
 6482634 2880775   64.25000  659  140   67.99999   64.00000  5.88%  61.0 4626s
 6482683 2888724   64.76316  660  151   67.99999   64.00000  5.88%  61.0 4639s
 6514715 2888734     cutoff  801        67.99999   64.00000  5.88%  60.9 4647s
 6514769 2894880 infeasible  802        67.99999   64.00000  5.88%  60.9 4660s
 6546801 2894893 infeasible  796        67.99999   64.00000  5.88%  60.8 4668s
 6546852 2901073   65.51754  794  128   67.99999   64.00000  5.88%  60.8 4681s
 6578884 2901080   65.37500  713  152   67.99999   64.00000  5.88%  60.7 4690s
 6578941 2907911   65.37500  714  144   67.99999   64.00000  5.88%  60.7 4704s
 6610973 2907923 infeasible  715        67.99999   64.00000  5.88%  60.6 4712s
 6611025 2914925   64.87500  715  154   67.99999   64.00000  5.88%  60.6 4724s
 6643057 2914933   64.00000  660  131   67.99999   64.00000  5.88%  60.5 4732s
 6643112 2921777   64.00000  661  131   67.99999   64.00000  5.88%  60.5 4747s
 6675144 2921789 infeasible  700        67.99999   64.00000  5.88%  60.4 4752s
 6675196 2928497 infeasible  699        67.99999   64.00000  5.88%  60.4 4768s
 6707228 2928512   64.62500  771  133   67.99999   64.00000  5.88%  60.3 4774s
 6707281 2934851   64.62500  774  136   67.99999   64.00000  5.88%  60.3 4793s
 6739313 2934862     cutoff  790        67.99999   64.00000  5.88%  60.3 4798s
 6739366 2940951     cutoff  788        67.99999   64.00000  5.88%  60.3 4813s
 6771398 2940961 infeasible  716        67.99999   64.00000  5.88%  60.2 4818s
 6771452 2946651   65.00000  712  124   67.99999   64.00000  5.88%  60.2 4833s
 6803484 2946661   66.25000  675  161   67.99999   64.00000  5.88%  60.1 4837s
 6803538 2953289 infeasible  676        67.99999   64.00000  5.88%  60.1 4851s
 6835570 2953294     cutoff  695        67.99999   64.00000  5.88%  60.0 4856s
 6835627 2959267 infeasible  695        67.99999   64.00000  5.88%  60.0 4872s
 6867659 2959270 infeasible  696        67.99999   64.00000  5.88%  59.9 4876s
 6867720 2964828   65.62500  693  152   67.99999   64.00000  5.88%  59.9 4892s
 6899752 2964836 infeasible  809        67.99999   64.00000  5.88%  59.8 4897s
 6899806 2970347 infeasible  808        67.99999   64.00000  5.88%  59.8 4912s
 6931838 2970348   66.25000  711  124   67.99999   64.00000  5.88%  59.7 4916s
 6931901 2975722 infeasible  712        67.99999   64.00000  5.88%  59.7 4931s
 6963933 2975728   65.12500  686  112   67.99999   64.00000  5.88%  59.6 4936s
 6963993 2982543   65.12500  687  117   67.99999   64.00000  5.88%  59.6 4951s
 6996025 2982553     cutoff  671        67.99999   64.00000  5.88%  59.5 4956s
 6996079 2987754     cutoff  674        67.99999   64.00000  5.88%  59.5 4971s
 7028111 2987766 infeasible  776        67.99999   64.00000  5.88%  59.5 4976s
 7028163 2994571 infeasible  775        67.99999   64.00000  5.88%  59.5 4991s
 7060195 2994585   64.00000  664  118   67.99999   64.00000  5.88%  59.4 4995s
 7060246 3000475   64.00000  665  118   67.99999   64.00000  5.88%  59.4 5010s
 7092278 3000480   66.00000  671  136   67.99999   64.00000  5.88%  59.3 5015s
 7092337 3007416   66.25439  672  132   67.99999   64.00000  5.88%  59.3 5028s
 7124369 3007426   64.00000  747  117   67.99999   64.00000  5.88%  59.2 5032s
 7124422 3015163   64.50000  747  119   67.99999   64.00000  5.88%  59.2 5047s
 7156454 3015160   65.72684  717  179   67.99999   64.00000  5.88%  59.1 5052s
 7156521 3022242   66.09240  718  175   67.99999   64.00000  5.88%  59.1 5068s
 7188553 3022246   65.37500  771  123   67.99999   64.00000  5.88%  59.0 5073s
 7188612 3028673   65.37500  774  119   67.99999   64.00000  5.88%  59.0 5085s
 7220644 3028676   64.00000  773  117   67.99999   64.00000  5.88%  58.9 5093s
 7220705 3033880   64.00000  774  120   67.99999   64.00000  5.88%  58.9 5106s
 7252737 3033894   65.62500  782  131   67.99999   64.00000  5.88%  58.8 5115s
 7252787 3040664   65.62500  783  131   67.99999   64.00000  5.88%  58.8 5127s
 7284819 3040678   65.00000  766  118   67.99999   64.00000  5.88%  58.7 5137s
 7284869 3046895   65.00000  767  117   67.99999   64.00000  5.88%  58.7 5149s
 7291876 3046895 infeasible  785        67.99999   64.00000  5.88%  58.6 5150s
 7316901 3046906     cutoff  779        67.99999   64.00000  5.88%  58.5 5158s
 7316954 3054061     cutoff  779        67.99999   64.00000  5.88%  58.5 5170s
 7348986 3054080   64.00000  781  126   67.99999   64.00000  5.88%  58.5 5178s
 7349030 3059897   64.00000  782  125   67.99999   64.00000  5.88%  58.5 5195s
 7381062 3059876   64.00255  790  132   67.99999   64.00000  5.88%  58.4 5204s
 7381147 3065761   65.50000  793  126   67.99999   64.00000  5.88%  58.4 5217s
 7413179 3065773   66.16886  784  129   67.99999   64.00000  5.88%  58.3 5226s
 7413231 3071402     cutoff  785        67.99999   64.00000  5.88%  58.3 5238s
 7445263 3071403   65.50000  816  122   67.99999   64.00000  5.88%  58.2 5247s
 7445326 3077074 infeasible  817        67.99999   64.00000  5.88%  58.2 5260s
 7477358 3077090   65.63363  779  139   67.99999   64.00000  5.88%  58.1 5268s
 7477406 3082543   65.76316  780  136   67.99999   64.00000  5.88%  58.1 5281s
 7509438 3082544 infeasible  813        67.99999   64.00000  5.88%  58.0 5289s
 7509498 3087391   65.12500  812  123   67.99999   64.00000  5.88%  58.0 5300s
 7541530 3087399   64.37500  720  120   67.99999   64.00000  5.88%  58.0 5308s
 7541586 3092864   64.25510  717  112   67.99999   64.00000  5.88%  58.0 5322s
 7573618 3092871   64.25000  729  128   67.99999   64.00000  5.88%  57.9 5330s
 7573675 3098650   64.25000  730  126   67.99999   64.00000  5.88%  57.9 5344s
 7605707 3098666   67.87500  717  144   67.99999   64.00000  5.88%  57.8 5352s
 7605754 3103817     cutoff  718        67.99999   64.00000  5.88%  57.8 5364s
 7637786 3103822   64.12500  807  125   67.99999   64.00000  5.88%  57.7 5373s
 7637845 3108613   66.50877  810  129   67.99999   64.00000  5.88%  57.7 5385s
 7669877 3108621 infeasible  782        67.99999   64.00000  5.88%  57.7 5393s
 7669933 3114031   64.00891  730  128   67.99999   64.00000  5.88%  57.7 5404s
 7701965 3114023   65.00000  812  125   67.99999   64.00000  5.88%  57.6 5412s
 7702037 3118889   64.00000  812  127   67.99999   64.00000  5.88%  57.6 5425s
 7734069 3118894 infeasible  820        67.99999   64.00000  5.88%  57.5 5430s
 7734125 3123809     cutoff  818        67.99999   64.00000  5.88%  57.5 5443s
 7766157 3123817   64.50283  814  145   67.99999   64.00000  5.88%  57.5 5448s
 7766213 3129111   64.50283  813  151   67.99999   64.00000  5.88%  57.5 5461s
 7798245 3129116     cutoff  754        67.99999   64.00000  5.88%  57.4 5467s
 7798303 3133969     cutoff  754        67.99999   64.00000  5.88%  57.4 5485s
 7830335 3133979   65.87500  761  149   67.99999   64.00000  5.88%  57.3 5490s
 7830388 3139002   65.25000  758  143   67.99999   64.00000  5.88%  57.3 5504s
 7862420 3139005 infeasible  746        67.99999   64.00000  5.88%  57.3 5509s
 7862479 3143957   64.00000  746  126   67.99999   64.00000  5.88%  57.3 5524s
 7894511 3143964   64.00000  786  128   67.99999   64.00000  5.88%  57.2 5529s
 7894568 3149507   64.00000  787  126   67.99999   64.00000  5.88%  57.2 5545s
 7926600 3149522   66.03038  735  134   67.99999   64.00000  5.88%  57.2 5550s
 7926649 3154847     cutoff  736        67.99999   64.00000  5.88%  57.2 5566s
 7958681 3154861 infeasible  802        67.99999   64.00000  5.88%  57.2 5570s
 7958731 3159376 infeasible  802        67.99999   64.00000  5.88%  57.2 5586s
 7990763 3159385 infeasible  780        67.99999   64.00000  5.88%  57.2 5591s
 7990818 3162618 infeasible  780        67.99999   64.00000  5.88%  57.2 5607s
 8022850 3162626 infeasible  799        67.99999   64.00000  5.88%  57.2 5611s
 8022904 3166771 infeasible  799        67.99999   64.00000  5.88%  57.2 5626s
 8054936 3166781   66.25000  801  137   67.99999   64.00000  5.88%  57.2 5632s
 8054998 3169987 infeasible  802        67.99999   64.00000  5.88%  57.2 5647s
 8087030 3169999 infeasible  791        67.99999   64.00000  5.88%  57.2 5652s
 8087082 3174370 infeasible  764        67.99999   64.00000  5.88%  57.2 5668s
 8119114 3174383   64.12500  753  159   67.99999   64.00000  5.88%  57.3 5673s
 8119163 3177786   64.12500  754  157   67.99999   64.00000  5.88%  57.3 5687s
 8151195 3177772 infeasible  775        67.99999   64.00000  5.88%  57.3 5692s
 8151271 3181666   64.50000  754  150   67.99999   64.00000  5.88%  57.3 5707s
 8183303 3181669   64.00000  774  139   67.99999   64.00000  5.88%  57.3 5712s
 8183362 3185163   64.00000  775  137   67.99999   64.00000  5.88%  57.3 5729s
H8204120 3185163                      67.9999909   64.00000  5.88%  57.3 5731s
 8215394 3185178   64.12500  812  137   67.99999   64.00000  5.88%  57.3 5735s
 8215442 3188508   64.65137  813  143   67.99999   64.00000  5.88%  57.3 5749s
 8242469 3188508     cutoff  765        67.99999   64.00000  5.88%  57.3 5750s
 8247536 3191684   64.93971  773  172   67.99999   64.00000  5.88%  57.3 5767s
 8279568 3191693 infeasible  802        67.99999   64.00000  5.88%  57.3 5775s
 8279623 3194725     cutoff  800        67.99999   64.00000  5.88%  57.3 5787s
 8311655 3194719   64.00000  785  148   67.99999   64.00000  5.88%  57.3 5795s
 8311725 3198540   64.00000  786  148   67.99999   64.00000  5.88%  57.3 5808s
 8343757 3198546     cutoff  790        67.99999   64.00000  5.88%  57.3 5816s
 8343815 3201612   64.00000  787  147   67.99999   64.00000  5.88%  57.3 5829s
 8373845 3201612   64.31250  789  154   67.99999   64.00000  5.88%  57.3 5830s
 8375847 3201625   64.00000  815  138   67.99999   64.00000  5.88%  57.3 5839s
 8375898 3204964   64.00000  813  149   67.99999   64.00000  5.88%  57.3 5852s
 8407930 3204967 infeasible  812        67.99999   64.00000  5.88%  57.3 5860s
 8407987 3207339 infeasible  811        67.99999   64.00000  5.88%  57.3 5873s
 8440019 3207347 infeasible  777        67.99999   64.00000  5.88%  57.3 5884s
 8440073 3210420     cutoff  777        67.99999   64.00000  5.88%  57.3 5897s
 8472105 3210429 infeasible  805        67.99999   64.00000  5.88%  57.3 5905s
 8472158 3213331   64.37500  805  167   67.99999   64.00000  5.88%  57.3 5919s
 8504190 3213332   64.87755  831  163   67.99999   64.00000  5.88%  57.3 5928s
 8504251 3215712 infeasible  832        67.99999   64.00000  5.88%  57.3 5941s
 8536283 3215718   64.00000  816  125   67.99999   64.00000  5.88%  57.3 5950s
 8536341 3218490   64.00000  817  123   67.99999   64.00000  5.88%  57.3 5962s
 8568373 3218484     cutoff  823        67.99999   64.00000  5.88%  57.3 5970s
 8568442 3221374   64.88202  823  159   67.99999   64.00000  5.88%  57.3 5984s
 8600474 3221389   65.13952  817  142   67.99999   64.00000  5.88%  57.3 5992s
 8600522 3224052 infeasible  818        67.99999   64.00000  5.88%  57.3 6006s
 8632554 3224052   64.50000  708  120   67.99999   64.00000  5.88%  57.3 6015s
 8632616 3226835   65.50227  709  130   67.99999   64.00000  5.88%  57.3 6028s
 8664648 3226835 infeasible  795        67.99999   64.00000  5.88%  57.3 6037s
 8664712 3230447 infeasible  795        67.99999   64.00000  5.88%  57.3 6052s
 8696744 3230454     cutoff  820        67.99999   64.00000  5.88%  57.3 6061s
 8696801 3233063   64.00000  817  162   67.99999   64.00000  5.88%  57.3 6074s
 8728833 3233063 infeasible  781        67.99999   64.00000  5.88%  57.3 6082s
 8728896 3236386   64.37500  781  148   67.99999   64.00000  5.88%  57.3 6100s
 8760928 3236382 infeasible  816        67.99999   64.00000  5.88%  57.3 6107s
 8760994 3239090 infeasible  816        67.99999   64.00000  5.88%  57.3 6120s
 8793026 3239104   64.87509  782  164   67.99999   64.00000  5.88%  57.3 6128s
 8793076 3242570 infeasible  783        67.99999   64.00000  5.88%  57.3 6144s
 8825108 3242579   65.62500  718  146   67.99999   64.00000  5.88%  57.3 6148s
 8825163 3245829   65.62500  719  149   67.99999   64.00000  5.88%  57.3 6165s
 8857266 3249705   64.37500  725  155   67.99999   64.00000  5.88%  57.3 6183s
 8889298 3249703 infeasible  778        67.99999   64.00000  5.88%  57.3 6188s
 8889364 3253617   64.00000  770  123   67.99999   64.00000  5.88%  57.3 6204s
 8921396 3253625   64.00000  678  142   67.99999   64.00000  5.88%  57.2 6208s
 8921452 3257580   64.00000  679  141   67.99999   64.00000  5.88%  57.2 6222s
 8953484 3257585   66.87500  696  136   67.99999   64.00000  5.88%  57.2 6226s
 8953551 3261731 infeasible  697        67.99999   64.00000  5.88%  57.2 6240s
 8985665 3265958   64.02931  792  161   67.99999   64.00000  5.88%  57.2 6258s
 9017697 3265973   64.00000  759  115   67.99999   64.00000  5.88%  57.1 6262s
 9017749 3270414   64.00000  760  126   67.99999   64.00000  5.88%  57.1 6275s
 9049781 3270428 infeasible  718        67.99999   64.00000  5.88%  57.1 6280s
 9049905 3275697   64.50000  716  122   67.99999   64.00000  5.88%  57.1 6294s
 9081937 3275707   66.09375  783  144   67.99999   64.00000  5.88%  57.0 6298s
 9081990 3280444 infeasible  784        67.99999   64.00000  5.88%  57.0 6311s
 9114022 3280458 infeasible  736        67.99999   64.00000  5.88%  57.0 6316s
 9114072 3285148   66.00439  737  126   67.99999   64.00000  5.88%  57.0 6330s
 9146104 3285160     cutoff  847        67.99999   64.00000  5.88%  56.9 6335s
 9146156 3289661   67.82562  845  159   67.99999   64.00000  5.88%  56.9 6348s
 9178188 3289666 infeasible  742        67.99999   64.00000  5.88%  56.9 6353s
 9178244 3294622 infeasible  743        67.99999   64.00000  5.88%  56.9 6366s
 9210276 3294602 infeasible  755        67.99999   64.00000  5.88%  56.8 6371s
 9210360 3299166 infeasible  756        67.99999   64.00000  5.88%  56.8 6383s
 9242392 3299177 infeasible  764        67.99999   64.00000  5.88%  56.7 6393s
 9242444 3303300 infeasible  762        67.99999   64.00000  5.88%  56.7 6405s
 9274525 3307421   65.14237  763  133   67.99999   64.00000  5.88%  56.7 6421s
 9306557 3307420 infeasible  809        67.99999   64.00000  5.88%  56.6 6426s
 9306622 3312057     cutoff  809        67.99999   64.00000  5.88%  56.6 6439s
 9338654 3312070   64.37500  724  123   67.99999   64.00000  5.88%  56.5 6444s
 9338719 3316296   64.37500  725  123   67.99999   64.00000  5.88%  56.5 6455s
 9370751 3316299 infeasible  759        67.99999   64.00000  5.88%  56.5 6460s
 9370819 3321438   64.00000  756  120   67.99999   64.00000  5.88%  56.5 6472s
 9402851 3321442   65.00000  743  126   67.99999   64.00000  5.88%  56.4 6476s
 9402910 3326263   66.33552  744  136   67.99999   64.00000  5.88%  56.4 6487s
 9434942 3326270   64.25000  727  134   67.99999   64.00000  5.88%  56.3 6495s
 9434998 3331865   64.25000  728  134   67.99999   64.00000  5.88%  56.3 6506s
 9467030 3331864 infeasible  739        67.99999   64.00000  5.88%  56.3 6514s
 9467095 3336001 infeasible  740        67.99999   64.00000  5.88%  56.3 6524s
 9499127 3336000   65.24013  777  125   67.99999   64.00000  5.88%  56.2 6532s
 9499192 3340606   65.99998  778  125   67.99999   64.00000  5.88%  56.2 6542s
 9531224 3340584   65.12555  753  134   67.99999   64.00000  5.88%  56.1 6550s
 9531309 3344201   65.14237  754  135   67.99999   64.00000  5.88%  56.1 6561s
 9563341 3344206 infeasible  742        67.99999   64.00000  5.88%  56.0 6569s
 9563400 3347860 infeasible  743        67.99999   64.00000  5.88%  56.0 6579s
 9595432 3347858 infeasible  747        67.99999   64.00000  5.88%  56.0 6587s
 9595498 3352545   64.25439  738  127   67.99999   64.00000  5.88%  56.0 6598s
 9627530 3352546   65.26754  751  135   67.99999   64.00000  5.88%  55.9 6606s
 9627593 3356847   65.75000  752  132   67.99999   64.00000  5.88%  55.9 6618s
 9659625 3356852 infeasible  766        67.99999   64.00000  5.88%  55.8 6627s
 9659682 3361016   64.12500  767  139   67.99999   64.00000  5.88%  55.8 6637s
 9691714 3361026   65.31641  764  147   67.99999   64.00000  5.88%  55.8 6645s
 9691768 3364585   65.54872  765  143   67.99999   64.00000  5.88%  55.8 6655s
 9723800 3364596 infeasible  745        67.99999   64.00000  5.88%  55.7 6663s
 9723850 3367821 infeasible  745        67.99999   64.00000  5.88%  55.7 6673s
 9755882 3367830 infeasible  751        67.99999   64.00000  5.88%  55.6 6682s
 9755936 3371362 infeasible  752        67.99999   64.00000  5.88%  55.6 6693s
 9787968 3371372 infeasible  747        67.99999   64.00000  5.88%  55.6 6701s
 9788021 3374739   64.62500  746  115   67.99999   64.00000  5.88%  55.6 6711s
 9820053 3374747   65.12946  746  112   67.99999   64.00000  5.88%  55.5 6720s
 9820109 3379175 infeasible  747        67.99999   64.00000  5.88%  55.5 6731s
 9852141 3379187     cutoff  827        67.99999   64.00000  5.88%  55.4 6739s
 9852192 3384974   67.97501  824  170   67.99999   64.00000  5.88%  55.4 6753s
 9884224 3384967 infeasible  761        67.99999   64.00000  5.88%  55.4 6761s
 9884295 3399513   64.50000  750  161   67.99999   64.00000  5.88%  55.4 6776s
 9916327 3399532   64.00000  384   89   67.99999   64.00000  5.88%  55.4 6784s
 9916372 3418657   67.41886  385   98   67.99999   64.00000  5.88%  55.4 6802s
 9948404 3418676   64.87500  465  116   67.99999   64.00000  5.88%  55.5 6814s
 9948449 3437502   64.87500  466  122   67.99999   64.00000  5.88%  55.5 6831s
 9980481 3437525   65.37500  486  146   67.99999   64.00000  5.88%  55.6 6839s
 9980522 3457314 infeasible  486        67.99999   64.00000  5.88%  55.6 6860s
 10012554 3457346 infeasible  510        67.99999   64.00000  5.88%  55.6 6865s
 10012601 3475517   65.62500  509  126   67.99999   64.00000  5.88%  55.6 6884s
 10020609 3475517   67.25000  581  137   67.99999   64.00000  5.88%  55.7 6885s
 10044677 3492646   64.00000  450  100   67.99999   64.00000  5.88%  55.7 6907s
 10076709 3492672   64.75000  524  118   67.99999   64.00000  5.88%  55.8 6911s
 10076758 3510733     cutoff  525        67.99999   64.00000  5.88%  55.8 6930s
 10108855 3526238 infeasible  604        67.99999   64.00000  5.88%  55.8 6951s
 10140887 3526277   66.62500  537  130   67.99999   64.00000  5.88%  55.9 6956s
 10140988 3541779 infeasible  538        67.99999   64.00000  5.88%  55.9 6973s
 10173020 3541801   67.25000  588  132   67.99999   64.00000  5.88%  55.9 6977s
 10173062 3556408   67.25000  589  135   67.99999   64.00000  5.88%  55.9 6994s
 10202091 3556408   67.00000  520  125   67.99999   64.00000  5.88%  55.9 6995s
 10205145 3570201 infeasible  601        67.99999   64.00000  5.88%  55.9 7019s
 10237177 3570240   65.75000  553  117   67.99999   64.00000  5.88%  56.0 7023s
 10237239 3584682   64.50000  551  120   67.99999   64.00000  5.88%  56.0 7040s
 10269362 3597757   64.25000  695  132   67.99999   64.00000  5.88%  56.0 7062s
 10301394 3597776   65.37500  587  126   67.99999   64.00000  5.88%  56.0 7066s
 10301443 3610038   65.37500  588  126   67.99999   64.00000  5.88%  56.0 7085s
 10333527 3622353 infeasible  596        67.99999   64.00000  5.88%  56.1 7107s
 10365559 3622365   64.00000  599  117   67.99999   64.00000  5.88%  56.1 7111s
 10365684 3634189 infeasible  600        67.99999   64.00000  5.88%  56.1 7129s
 10397716 3634208   66.12500  588  108   67.99999   64.00000  5.88%  56.2 7134s
 10397772 3644737   66.12500  589  114   67.99999   64.00000  5.88%  56.2 7151s
 10429804 3644757   67.63377  573  135   67.99999   64.00000  5.88%  56.2 7156s
 10429848 3654511 infeasible  574        67.99999   64.00000  5.88%  56.2 7173s
 10461880 3654526   66.50000  629  128   67.99999   64.00000  5.88%  56.2 7177s
 10461928 3663934 infeasible  630        67.99999   64.00000  5.88%  56.2 7195s
 10494059 3673293 infeasible  627        67.99999   64.00000  5.88%  56.3 7216s
 10526091 3673310   64.00000  596  109   67.99999   64.00000  5.88%  56.3 7224s
 10526137 3681640   64.00000  597  109   67.99999   64.00000  5.88%  56.3 7242s
 10558169 3681654   64.00000  556   98   67.99999   64.00000  5.88%  56.3 7246s
 10558218 3689906   64.00000  557  100   67.99999   64.00000  5.88%  56.3 7262s
 10590250 3689914     cutoff  646        67.99999   64.00000  5.88%  56.4 7267s
 10590324 3697965   65.13393  643  118   67.99999   64.00000  5.88%  56.4 7285s
 10622356 3697972   64.25000  632  126   67.99999   64.00000  5.88%  56.4 7290s
 10622443 3706391   64.25000  633  126   67.99999   64.00000  5.88%  56.4 7307s
 10654475 3706412   64.00000  620  120   67.99999   64.00000  5.88%  56.5 7316s
 10654518 3714939   64.00000  621  118   67.99999   64.00000  5.88%  56.5 7333s
 10686550 3714957   64.75000  654  124   67.99999   64.00000  5.88%  56.5 7341s
 10686596 3723070   64.75000  655  123   67.99999   64.00000  5.88%  56.5 7357s
 10718628 3723088   64.25000  617  140   67.99999   64.00000  5.88%  56.5 7365s
 10718674 3731239   64.25000  618  137   67.99999   64.00000  5.88%  56.5 7380s
 10750706 3731252     cutoff  632        67.99999   64.00000  5.88%  56.5 7388s
 10750756 3739692     cutoff  629        67.99999   64.00000  5.88%  56.5 7404s
 10782788 3739705   64.00000  663  114   67.99999   64.00000  5.88%  56.5 7411s
 10782836 3747815   64.00000  664  120   67.99999   64.00000  5.88%  56.5 7429s
 10814868 3747824   64.00000  639  113   67.99999   64.00000  5.88%  56.6 7440s
 10814921 3754774   64.00000  640  115   67.99999   64.00000  5.88%  56.6 7457s
 10846953 3754783 infeasible  661        67.99999   64.00000  5.88%  56.6 7466s
 10847007 3762115   65.12500  661  129   67.99999   64.00000  5.88%  56.6 7485s
 10879039 3762123     cutoff  670        67.99999   64.00000  5.88%  56.6 7492s
 10879094 3769000     cutoff  670        67.99999   64.00000  5.88%  56.6 7508s
 10911126 3769007   64.00000  677  120   67.99999   64.00000  5.88%  56.6 7515s
 10911181 3776326   64.14062  678  128   67.99999   64.00000  5.88%  56.6 7533s
 10943213 3776340   65.75000  723  138   67.99999   64.00000  5.88%  56.5 7541s
 10943261 3784946   65.75000  724  138   67.99999   64.00000  5.88%  56.5 7560s
 10975293 3784947   64.00000  638  126   67.99999   64.00000  5.88%  56.6 7570s
 10975355 3792450   64.00000  639  125   67.99999   64.00000  5.88%  56.6 7589s
 11007387 3792446   65.12500  681  149   67.99999   64.00000  5.88%  56.6 7596s
 11007452 3799346   65.12500  678  145   67.99999   64.00000  5.88%  56.6 7615s
 11039484 3799365 infeasible  662        67.99999   64.00000  5.88%  56.6 7623s
 11039529 3806203   64.75000  661  158   67.99999   64.00000  5.88%  56.6 7647s
 11071561 3806226   64.00000  652  140   67.99999   64.00000  5.88%  56.6 7655s
 11071602 3812908   64.00000  653  139   67.99999   64.00000  5.88%  56.6 7674s
 11103634 3812925   65.75000  695  132   67.99999   64.00000  5.88%  56.6 7681s
 11103680 3819660   65.75000  696  132   67.99999   64.00000  5.88%  56.6 7701s
 11135712 3819649   64.00000  699  136   67.99999   64.00000  5.88%  56.6 7709s
 11135786 3826795     cutoff  700        67.99999   64.00000  5.88%  56.6 7727s
 11167818 3826803 infeasible  717        67.99999   64.00000  5.88%  56.5 7734s
 11167874 3832863   65.53444  714  161   67.99999   64.00000  5.88%  56.5 7752s
 11199906 3832870   64.00000  709  142   67.99999   64.00000  5.88%  56.5 7760s
 11199963 3839966   64.00000  710  140   67.99999   64.00000  5.88%  56.5 7777s
 11231995 3839983   65.25000  685  157   67.99999   64.00000  5.88%  56.5 7785s
 11232042 3846322   65.25000  686  154   67.99999   64.00000  5.88%  56.5 7807s
 11264074 3846333   65.12500  700  149   67.99999   64.00000  5.88%  56.5 7810s
 11264148 3852379 infeasible  700        67.99999   64.00000  5.88%  56.5 7832s
 11296180 3852369     cutoff  723        67.99999   64.00000  5.88%  56.5 7836s
 11296299 3858839 infeasible  726        67.99999   64.00000  5.88%  56.5 7858s
 11328331 3858846   66.63816  712  146   67.99999   64.00000  5.88%  56.5 7862s
 11328460 3864274 infeasible  713        67.99999   64.00000  5.88%  56.5 7882s
 11360492 3864287   64.31250  708  148   67.99999   64.00000  5.88%  56.5 7887s
 11360549 3870016   64.12500  705  150   67.99999   64.00000  5.88%  56.5 7906s
 11392581 3870035   64.00000  719  155   67.99999   64.00000  5.88%  56.5 7913s
 11392671 3874992   64.00000  720  160   67.99999   64.00000  5.88%  56.5 7932s
 11424703 3875022 infeasible  683        67.99999   64.00000  5.88%  56.4 7937s
 11424767 3880008   66.00000  683  140   67.99999   64.00000  5.88%  56.4 7959s
 11456799 3880007     cutoff  744        67.99999   64.00000  5.88%  56.4 7963s
 11456873 3886099   65.87500  746  139   67.99999   64.00000  5.88%  56.4 7983s
 11488905 3886151   64.25000  405   94   67.99999   64.00000  5.88%  56.4 7987s
 11489052 3892336   64.25000  406   94   67.99999   64.00000  5.88%  56.4 8008s
 11521084 3892321   64.25000  724  145   67.99999   64.00000  5.88%  56.4 8013s
 11521162 3901348 infeasible  727        67.99999   64.00000  5.88%  56.4 8033s
 11553194 3901365 infeasible  756        67.99999   64.00000  5.88%  56.4 8037s
 11553246 3913216   66.00000  753  166   67.99999   64.00000  5.88%  56.4 8058s
 11585278 3913237   66.00000  465  109   67.99999   64.00000  5.88%  56.4 8063s
 11585321 3924835   66.00000  466  109   67.99999   64.00000  5.88%  56.4 8079s
 11617353 3924848     cutoff  722        67.99999   64.00000  5.88%  56.4 8083s
 11617403 3936141 infeasible  722        67.99999   64.00000  5.88%  56.4 8100s
 11649486 3949097   66.25000  446  107   67.99999   64.00000  5.88%  56.4 8119s
 11681518 3949112   64.25000  430  106   67.99999   64.00000  5.88%  56.3 8124s
 11681567 3961805   64.37500  431  102   67.99999   64.00000  5.88%  56.3 8140s
 11713599 3961820   64.12500  530   95   67.99999   64.00000  5.88%  56.3 8145s
 11713658 3975643   64.12500  531   93   67.99999   64.00000  5.88%  56.3 8159s
 11745690 3975660   64.41338  507  105   67.99999   64.00000  5.88%  56.3 8163s
 11745737 3989779   65.36840  508  123   67.99999   64.00000  5.88%  56.3 8178s
 11777769 3989827   65.87500  532  104   67.99999   64.00000  5.88%  56.3 8183s
 11777891 4004044   65.87500  533  104   67.99999   64.00000  5.88%  56.3 8198s
 11809923 4004085   64.00000  461   87   67.99999   64.00000  5.88%  56.2 8203s
 11809980 4017303   64.00000  462   83   67.99999   64.00000  5.88%  56.2 8218s
 11842012 4017330     cutoff  495        67.99999   64.00000  5.88%  56.2 8223s
 11842077 4030574   65.75000  493   98   67.99999   64.00000  5.88%  56.2 8237s
 11874109 4030598   64.25000  578  114   67.99999   64.00000  5.88%  56.2 8242s
 11874159 4043235   64.62500  579  123   67.99999   64.00000  5.88%  56.2 8258s
 11906191 4043245   64.00000  521  102   67.99999   64.00000  5.88%  56.2 8262s
 11906255 4056873   64.00000  522  102   67.99999   64.00000  5.88%  56.2 8281s
 11938287 4056892   64.25000  548  103   67.99999   64.00000  5.88%  56.2 8288s
 11938332 4067958   64.25000  549  109   67.99999   64.00000  5.88%  56.2 8299s
 11970364 4067979   64.00000  538   91   67.99999   64.00000  5.88%  56.2 8308s
 11970407 4079504   64.00000  539   91   67.99999   64.00000  5.88%  56.2 8321s
 12002439 4079519     cutoff  591        67.99999   64.00000  5.88%  56.2 8329s
 12002488 4090993   65.50000  592  115   67.99999   64.00000  5.88%  56.2 8344s
 12034520 4091000   65.25000  523   96   67.99999   64.00000  5.88%  56.2 8352s
 12034577 4103051   65.25000  524   95   67.99999   64.00000  5.88%  56.2 8365s
 12066609 4103078   65.50000  602  132   67.99999   64.00000  5.88%  56.1 8373s
 12066645 4113941   64.87500  601  143   67.99999   64.00000  5.88%  56.1 8387s
 12098677 4113957   64.37723  641  119   67.99999   64.00000  5.88%  56.1 8395s
 12098725 4124937     cutoff  642        67.99999   64.00000  5.88%  56.1 8407s
 12130757 4124960   64.25000  639  155   67.99999   64.00000  5.88%  56.1 8416s
 12130798 4134919   64.25000  640  158   67.99999   64.00000  5.88%  56.1 8431s
 12162830 4134939   66.00000  550  105   67.99999   64.00000  5.88%  56.1 8439s
 12162871 4143346 infeasible  551        67.99999   64.00000  5.88%  56.1 8454s
 12194903 4143351 infeasible  545        67.99999   64.00000  5.88%  56.1 8462s
 12194962 4150557 infeasible  544        67.99999   64.00000  5.88%  56.1 8475s
 12226994 4150567 infeasible  579        67.99999   64.00000  5.88%  56.1 8484s
 12227048 4158012 infeasible  578        67.99999   64.00000  5.88%  56.1 8499s
 12259080 4158016   64.37500  576  109   67.99999   64.00000  5.88%  56.1 8508s
 12259140 4166872   64.37500  577  109   67.99999   64.00000  5.88%  56.1 8521s
 12291172 4166877 infeasible  532        67.99999   64.00000  5.88%  56.1 8529s
 12291229 4176215   66.62500  532  102   67.99999   64.00000  5.88%  56.1 8542s
 12323261 4176215   64.87500  531  109   67.99999   64.00000  5.88%  56.1 8550s
 12323325 4184076   64.87500  532  106   67.99999   64.00000  5.88%  56.1 8564s
 12355357 4184083   66.87500  624  149   67.99999   64.00000  5.88%  56.1 8573s
 12355414 4192720     cutoff  625        67.99999   64.00000  5.88%  56.1 8587s
 12387446 4192727 infeasible  588        67.99999   64.00000  5.88%  56.0 8595s
 12387503 4202227   64.62100  586  143   67.99999   64.00000  5.88%  56.0 8612s
 12419535 4202252   64.50000  628  117   67.99999   64.00000  5.88%  56.0 8620s
 12419573 4209808 infeasible  629        67.99999   64.00000  5.88%  56.0 8634s
 12451605 4209823   64.12537  654  132   67.99999   64.00000  5.88%  56.0 8641s
 12451654 4218720   64.26339  655  131   67.99999   64.00000  5.88%  56.0 8656s
 12483686 4218724   66.00000  580  120   67.99999   64.00000  5.88%  56.0 8665s
 12483746 4226441   66.01695  581  142   67.99999   64.00000  5.88%  56.0 8678s
 12515778 4226448   66.87500  564  110   67.99999   64.00000  5.88%  56.0 8686s
 12515835 4233115     cutoff  565        67.99999   64.00000  5.88%  56.0 8699s
 12547867 4233130 infeasible  630        67.99999   64.00000  5.88%  56.0 8707s
 12547916 4238958   66.50000  619  127   67.99999   64.00000  5.88%  56.0 8720s
 12579948 4238967 infeasible  643        67.99999   64.00000  5.88%  56.0 8728s
 12580003 4244222   66.38606  638  107   67.99999   64.00000  5.88%  56.0 8744s
 12612035 4244240   64.88596  644  134   67.99999   64.00000  5.88%  55.9 8748s
 12612081 4249509 infeasible  645        67.99999   64.00000  5.88%  55.9 8762s
 12644113 4249508   66.75000  667  135   67.99999   64.00000  5.88%  55.9 8766s
 12644198 4254784 infeasible  668        67.99999   64.00000  5.88%  55.9 8782s
 12676230 4254781   64.00000  608  121   67.99999   64.00000  5.88%  55.9 8786s
 12676312 4258640   64.00000  609  120   67.99999   64.00000  5.88%  55.9 8800s
 12708438 4263081   64.00000  628  123   67.99999   64.00000  5.88%  55.9 8822s
 12740470 4263095     cutoff  641        67.99999   64.00000  5.88%  55.9 8826s
 12740550 4267340   64.88361  641  128   67.99999   64.00000  5.88%  55.9 8841s
 12772582 4267353     cutoff  642        67.99999   64.00000  5.88%  55.9 8845s
 12772633 4271875   64.50000  593  109   67.99999   64.00000  5.88%  55.9 8859s
 12804665 4271892   64.00000  602  108   67.99999   64.00000  5.88%  55.8 8863s
 12804720 4276183   64.00000  603  110   67.99999   64.00000  5.88%  55.8 8878s
 12836752 4276205   64.37500  647  144   67.99999   64.00000  5.88%  55.8 8883s
 12836826 4280583   64.37500  648  142   67.99999   64.00000  5.88%  55.8 8897s
 12868858 4280595   66.12500  652  122   67.99999   64.00000  5.88%  55.8 8902s
 12868910 4285882     cutoff  653        67.99999   64.00000  5.88%  55.8 8918s
 12900942 4285886   64.00000  653   93   67.99999   64.00000  5.88%  55.8 8923s
 12901002 4290970   64.00000  654   93   67.99999   64.00000  5.88%  55.8 8938s
 12933034 4290954   65.62500  646  124   67.99999   64.00000  5.88%  55.8 8943s
 12933128 4295342   65.62500  647  124   67.99999   64.00000  5.88%  55.8 8957s
 12965160 4295354   65.64254  620  119   67.99999   64.00000  5.88%  55.8 8965s
 12965212 4299264   65.64254  621  119   67.99999   64.00000  5.88%  55.8 8980s
 12997314 4302537   65.12500  655  124   67.99999   64.00000  5.88%  55.7 8998s
 13029346 4302531   64.12500  569   96   67.99999   64.00000  5.88%  55.7 9002s
 13029427 4306562   64.12500  570   96   67.99999   64.00000  5.88%  55.7 9016s
 13061459 4306578 infeasible  627        67.99999   64.00000  5.88%  55.7 9021s
 13061507 4310756   66.03333  628  113   67.99999   64.00000  5.88%  55.7 9035s
 13093539 4310758   64.37500  677  112   67.99999   64.00000  5.88%  55.7 9040s
 13093611 4313449   64.37500  678  112   67.99999   64.00000  5.88%  55.7 9053s
 13125643 4313446   64.00000  650  105   67.99999   64.00000  5.88%  55.6 9058s
 13125718 4316996   64.00000  651  106   67.99999   64.00000  5.88%  55.6 9072s
 13157750 4317007   64.25000  658  103   67.99999   64.00000  5.88%  55.6 9077s
 13157802 4320266   64.25000  659  104   67.99999   64.00000  5.88%  55.6 9091s
 13189834 4320281   66.62500  670  110   67.99999   64.00000  5.88%  55.6 9095s
 13189885 4323202 infeasible  671        67.99999   64.00000  5.88%  55.6 9109s
 13221917 4323202 infeasible  644        67.99999   64.00000  5.88%  55.6 9113s
 13221993 4327196   64.00000  644  116   67.99999   64.00000  5.88%  55.6 9127s
 13254025 4327209   64.50000  663  111   67.99999   64.00000  5.88%  55.5 9131s
 13254078 4330871   65.79593  664  116   67.99999   64.00000  5.88%  55.5 9145s
 13286189 4335262 infeasible  607        67.99999   64.00000  5.88%  55.5 9161s
 13318221 4335268   64.39254  667  122   67.99999   64.00000  5.88%  55.5 9170s
 13318279 4338963   64.37500  668  120   67.99999   64.00000  5.88%  55.5 9186s
 13350311 4338929 infeasible  658        67.99999   64.00000  5.88%  55.5 9195s
 13350408 4343559     cutoff  658        67.99999   64.00000  5.88%  55.5 9207s
 13382440 4343568   65.25000  619  110   67.99999   64.00000  5.88%  55.4 9215s
 13382494 4347786     cutoff  620        67.99999   64.00000  5.88%  55.4 9227s
 13414526 4347789   66.12500  636  109   67.99999   64.00000  5.88%  55.4 9235s
 13414587 4351589 infeasible  637        67.99999   64.00000  5.88%  55.4 9247s
 13446619 4351600   64.00000  626  113   67.99999   64.00000  5.88%  55.4 9255s
 13446672 4354962   64.00000  627  113   67.99999   64.00000  5.88%  55.4 9268s
 13478704 4354971   66.20536  647  113   67.99999   64.00000  5.88%  55.4 9276s
 13478759 4358495     cutoff  648        67.99999   64.00000  5.88%  55.4 9288s
 13510791 4358497     cutoff  697        67.99999   64.00000  5.88%  55.4 9296s
 13510853 4362039 infeasible  698        67.99999   64.00000  5.88%  55.4 9308s
 13542885 4362051   65.93578  651  125   67.99999   64.00000  5.88%  55.4 9317s
 13542936 4366206     cutoff  652        67.99999   64.00000  5.88%  55.4 9329s
 13574968 4366205   66.49969  660  138   67.99999   64.00000  5.88%  55.3 9337s
 13575032 4370526   66.83255  661  140   67.99999   64.00000  5.88%  55.3 9350s
 13607064 4370531     cutoff  620        67.99999   64.00000  5.88%  55.3 9358s
 13607123 4374883   65.62500  619  122   67.99999   64.00000  5.88%  55.3 9371s
 13639155 4374883   64.00000  651  116   67.99999   64.00000  5.88%  55.3 9380s
 13639219 4378672   65.00000  652  122   67.99999   64.00000  5.88%  55.3 9392s
 13671251 4378674 infeasible  645        67.99999   64.00000  5.88%  55.3 9401s
 13671313 4382387 infeasible  645        67.99999   64.00000  5.88%  55.3 9413s
 13703345 4382389   65.75000  626  109   67.99999   64.00000  5.88%  55.3 9421s
 13703407 4385886 infeasible  627        67.99999   64.00000  5.88%  55.3 9433s
 13735439 4385891     cutoff  631        67.99999   64.00000  5.88%  55.2 9441s
 13735498 4390304   64.00000  632  130   67.99999   64.00000  5.88%  55.2 9453s
 13767530 4390303     cutoff  667        67.99999   64.00000  5.88%  55.2 9461s
 13767595 4394264 infeasible  667        67.99999   64.00000  5.88%  55.2 9472s
 13799627 4394283   64.55509  688  143   67.99999   64.00000  5.88%  55.2 9480s
 13799672 4397713   65.81140  689  134   67.99999   64.00000  5.88%  55.2 9492s
 13831704 4397726   64.87500  667  143   67.99999   64.00000  5.88%  55.2 9503s
 13831755 4400336 infeasible  668        67.99999   64.00000  5.88%  55.2 9514s
 13860784 4400336   66.25000  667  123   67.99999   64.00000  5.88%  55.1 9515s
 13863787 4400347     cutoff  677        67.99999   64.00000  5.88%  55.1 9523s
 13863840 4403114     cutoff  676        67.99999   64.00000  5.88%  55.1 9534s
 13871848 4403114   64.51581  673  137   67.99999   64.00000  5.88%  55.1 9535s
 13895872 4403120     cutoff  652        67.99999   64.00000  5.88%  55.1 9542s
 13895930 4405921     cutoff  652        67.99999   64.00000  5.88%  55.1 9555s
 13927962 4405930   65.00000  681  132   67.99999   64.00000  5.88%  55.1 9564s
 13928017 4408298   65.05857  682  142   67.99999   64.00000  5.88%  55.1 9575s
 13960049 4408297     cutoff  670        67.99999   64.00000  5.88%  55.1 9583s
 13960113 4411415   64.75000  669  135   67.99999   64.00000  5.88%  55.1 9596s
 13992145 4411421 infeasible  680        67.99999   64.00000  5.88%  55.1 9601s
 13992202 4413919 infeasible  681        67.99999   64.00000  5.88%  55.1 9615s
 14024311 4417145   64.00000  677  129   67.99999   64.00000  5.88%  55.0 9633s
 14056343 4417128   64.25000  651  149   67.99999   64.00000  5.88%  55.0 9637s
 14056451 4421814   64.25000  652  149   67.99999   64.00000  5.88%  55.0 9654s
 14088483 4421825   64.75000  655  126   67.99999   64.00000  5.88%  55.0 9659s
 14088536 4439477     cutoff  656        67.99999   64.00000  5.88%  55.0 9680s
 14120628 4458005   64.75000  364   80   67.99999   64.00000  5.88%  55.1 9706s
 14152660 4458031   66.87500  499  112   67.99999   64.00000  5.88%  55.2 9712s
 14152698 4477932   66.87500  500  110   67.99999   64.00000  5.88%  55.2 9748s
 14184730 4477976   65.62500  560  121   67.99999   64.00000  5.88%  55.2 9753s
 14184849 4495020 infeasible  561        67.99999   64.00000  5.88%  55.2 9775s
 14216881 4495036     cutoff  585        67.99999   64.00000  5.88%  55.3 9780s
 14216932 4512402   66.25000  584   99   67.99999   64.00000  5.88%  55.3 9802s
 14248964 4512423     cutoff  540        67.99999   64.00000  5.88%  55.4 9806s
 14249007 4529776   67.50000  540  134   67.99999   64.00000  5.88%  55.4 9826s
 14281039 4529816   64.00000  508  106   67.99999   64.00000  5.88%  55.4 9831s
 14281104 4546208   64.00000  508  108   67.99999   64.00000  5.88%  55.4 9852s
 14313136 4546234   66.00000  601  129   67.99999   64.00000  5.88%  55.4 9858s
 14313184 4562822   66.00000  602  129   67.99999   64.00000  5.88%  55.4 9879s
 14345216 4562840     cutoff  515        67.99999   64.00000  5.88%  55.5 9883s
 14345261 4580263   67.62500  514  134   67.99999   64.00000  5.88%  55.5 9904s
 14377293 4580264   64.00000  431   85   67.99999   64.00000  5.88%  55.5 9908s
 14377356 4598037   64.00000  432   88   67.99999   64.00000  5.88%  55.5 9929s
 14409388 4598056   66.25066  513  120   67.99999   64.00000  5.88%  55.5 9933s
 14409433 4615849   66.37500  514  120   67.99999   64.00000  5.88%  55.5 9953s
 14441465 4615861 infeasible  522        67.99999   64.00000  5.88%  55.5 9958s
 14441517 4633061   65.37500  522   94   67.99999   64.00000  5.88%  55.5 9979s
 14473549 4633077 infeasible  515        67.99999   64.00000  5.88%  55.5 9983s
 14473600 4650215   65.62500  516  159   67.99999   64.00000  5.88%  55.5 10003s
 14505632 4650258 infeasible  476        67.99999   64.00000  5.88%  55.5 10007s
 14505711 4665319 infeasible  477        67.99999   64.00000  5.88%  55.5 10025s
 14537798 4681154   66.37500  440  108   67.99999   64.00000  5.88%  55.5 10049s
 14569830 4681182   65.50000  580  110   67.99999   64.00000  5.88%  55.5 10053s
 14569884 4697519   65.50000  581  109   67.99999   64.00000  5.88%  55.5 10069s
 14594909 4697519   64.00000  446   84   67.99999   64.00000  5.88%  55.5 10070s
 14601994 4713753   64.75000  492  124   67.99999   64.00000  5.88%  55.5 10093s
 14634026 4713763 infeasible  565        67.99999   64.00000  5.88%  55.5 10097s
 14634080 4729076   67.87500  563  139   67.99999   64.00000  5.88%  55.5 10115s
 14666270 4744909   65.25000  528  125   67.99999   64.00000  5.88%  55.5 10136s
 14698302 4744938 infeasible  615        67.99999   64.00000  5.88%  55.5 10141s
 14698379 4759588   67.12500  615  127   67.99999   64.00000  5.88%  55.5 10160s
 14730411 4759620   65.37500  561  133   67.99999   64.00000  5.88%  55.5 10165s
 14730543 4775719 infeasible  562        67.99999   64.00000  5.88%  55.5 10179s
 14762575 4775740     cutoff  476        67.99999   64.00000  5.88%  55.5 10187s
 14762617 4790268 infeasible  474        67.99999   64.00000  5.88%  55.5 10205s
 14794649 4790293 infeasible  558        67.99999   64.00000  5.88%  55.5 10213s
 14794687 4805539 infeasible  559        67.99999   64.00000  5.88%  55.5 10229s
 14815708 4805539   64.12500  603  139   67.99999   64.00000  5.88%  55.5 10230s
 14826719 4805540   64.00000  460  109   67.99999   64.00000  5.88%  55.5 10237s
 14826782 4818268   64.00000  461  109   67.99999   64.00000  5.88%  55.5 10253s
 14858814 4818278   64.00000  471  114   67.99999   64.00000  5.88%  55.5 10261s
 14858868 4831608   64.00000  471  111   67.99999   64.00000  5.88%  55.5 10276s
 14890900 4831616   66.37500  551  141   67.99999   64.00000  5.88%  55.5 10285s
 14890956 4845460   66.62500  553  144   67.99999   64.00000  5.88%  55.5 10299s
 14922988 4845476   66.37500  488  110   67.99999   64.00000  5.88%  55.5 10307s
 14923036 4856146   66.37500  489  110   67.99999   64.00000  5.88%  55.5 10323s
 14955068 4856149     cutoff  499        67.99999   64.00000  5.88%  55.5 10332s
 14955128 4867244 infeasible  500        67.99999   64.00000  5.88%  55.5 10346s
 14987160 4867249     cutoff  545        67.99999   64.00000  5.88%  55.5 10355s
 14987217 4877266 infeasible  546        67.99999   64.00000  5.88%  55.5 10369s
 15019249 4877264   65.62500  554  131   67.99999   64.00000  5.88%  55.5 10381s
 15019314 4886866 infeasible  556        67.99999   64.00000  5.88%  55.5 10396s
 15051346 4886874     cutoff  522        67.99999   64.00000  5.88%  55.5 10404s
 15051402 4896855   66.25000  520  135   67.99999   64.00000  5.88%  55.5 10424s
 15083434 4896870   65.25000  542  131   67.99999   64.00000  5.88%  55.5 10432s
 15083482 4906541   65.25000  543  133   67.99999   64.00000  5.88%  55.5 10447s
 15115514 4906524 infeasible  549        67.99999   64.00000  5.88%  55.5 10456s
 15115595 4917768   67.12500  546  135   67.99999   64.00000  5.88%  55.5 10470s
 15147627 4917769   65.00000  543  122   67.99999   64.00000  5.88%  55.4 10478s
 15147689 4927972   65.00000  544  122   67.99999   64.00000  5.88%  55.4 10494s
 15179721 4927995   64.00000  545  112   67.99999   64.00000  5.88%  55.4 10502s
 15179761 4938825   64.00000  546  108   67.99999   64.00000  5.88%  55.4 10515s
 15211793 4938836     cutoff  532        67.99999   64.00000  5.88%  55.4 10523s
 15211844 4948381   65.37500  530  113   67.99999   64.00000  5.88%  55.4 10537s
 15243876 4948388   64.62500  657  124   67.99999   64.00000  5.88%  55.4 10546s
 15243932 4957677   64.37500  658  123   67.99999   64.00000  5.88%  55.4 10561s
 15275964 4957695   64.00000  584  100   67.99999   64.00000  5.88%  55.4 10569s
 15276009 4969179   64.00000  585  100   67.99999   64.00000  5.88%  55.4 10582s
 15308041 4969195 infeasible  548        67.99999   64.00000  5.88%  55.4 10593s
 15308089 4978604 infeasible  549        67.99999   64.00000  5.88%  55.4 10607s
 15340121 4978616   66.62500  675  132   67.99999   64.00000  5.88%  55.4 10615s
 15340171 4988655 infeasible  676        67.99999   64.00000  5.88%  55.4 10630s
 15372203 4988660   64.50000  633  113   67.99999   64.00000  5.88%  55.3 10638s
 15372259 4998773   65.75000  633  122   67.99999   64.00000  5.88%  55.3 10651s
 15404291 4998777   67.12500  574  129   67.99999   64.00000  5.88%  55.3 10659s
 15404349 5008497 infeasible  575        67.99999   64.00000  5.88%  55.3 10674s
 15436381 5008505   64.00000  653  151   67.99999   64.00000  5.88%  55.3 10682s
 15436436 5018989   64.00000  654  150   67.99999   64.00000  5.88%  55.3 10694s
 15468468 5018997   64.75013  559  129   67.99999   64.00000  5.88%  55.3 10701s
 15468522 5028321   64.76408  559  131   67.99999   64.00000  5.88%  55.3 10718s
 15500554 5028338   64.40553  560  132   67.99999   64.00000  5.88%  55.3 10722s
 15500601 5038180   65.62939  560  120   67.99999   64.00000  5.88%  55.3 10738s
 15532633 5038212   67.25000  612  135   67.99999   64.00000  5.88%  55.3 10742s
 15532740 5050444     cutoff  613        67.99999   64.00000  5.88%  55.3 10757s
 15564772 5050467   67.26092  627  133   67.99999   64.00000  5.88%  55.3 10761s
 15564856 5061582   66.62500  626  118   67.99999   64.00000  5.88%  55.3 10776s
 15596888 5061612   67.62500  654  155   67.99999   64.00000  5.88%  55.3 10781s
 15596959 5073096 infeasible  655        67.99999   64.00000  5.88%  55.3 10799s

Cutting planes:
  Learned: 355
  Cover: 278
  Implied bound: 159
  Clique: 96
  MIR: 447
  StrongCG: 2
  Flow cover: 699
  GUB cover: 4
  RLT: 99
  Relax-and-lift: 679

Explored 15628991 nodes (863387717 simplex iterations) in 10800.13 seconds
Thread count was 32 (of 64 available processors)

Solution count 10: 68 68 68 ... 68

Time limit reached
Best objective 6.799999089418e+01, best bound 6.400000000000e+01, gap 5.8823%
