
Gurobi 9.1.2 (linux64) logging started Sat Jun 18 06:55:36 2022

Changed value of parameter LogFile to ls2_sym_v-(2, 6).log
   Prev:   Default: 
Changed value of parameter MIPFocus to 1
   Prev: 0  Min: 0  Max: 3  Default: 0
Changed value of parameter TimeLimit to 10800.0
   Prev: inf  Min: 0.0  Max: inf  Default: inf
Warning: variable name "X[(4, 3),(2, 3)]" has a space
Warning: constraint name "flow-constr-t0-v(4, 0)" has a space
Warning: to let Gurobi read it back, use rlp format
Gurobi Optimizer version 9.1.2 build v9.1.2rc0 (linux64)
Thread count: 32 physical cores, 64 logical processors, using up to 32 threads
Optimize a model with 4567 rows, 4096 columns and 15512 nonzeros
Model fingerprint: 0x8e022c4d
Variable types: 512 continuous, 3584 integer (3584 binary)
Coefficient statistics:
  Matrix range     [1e+00, 7e+04]
  Objective range  [1e-01, 1e-01]
  Bounds range     [1e+00, 3e+04]
  RHS range        [1e+00, 7e+04]
Presolve removed 363 rows and 384 columns
Presolve time: 0.61s
Presolved: 4204 rows, 3712 columns, 20630 nonzeros
Variable types: 512 continuous, 3200 integer (3200 binary)
Found heuristic solution: objective 818.9999999

Root relaxation: objective 6.400000e+01, 146 iterations, 0.01 seconds

    Nodes    |    Current Node    |     Objective Bounds      |     Work
 Expl Unexpl |  Obj  Depth IntInf | Incumbent    BestBd   Gap | It/Node Time

     0     0   64.00000    0   48  819.00000   64.00000  92.2%     -    0s
H    0     0                     816.9999999   64.00000  92.2%     -    0s
     0     0   64.00000    0   89  817.00000   64.00000  92.2%     -    0s
H    0     0                     367.0000000   64.00000  82.6%     -    0s
     0     0   64.00000    0  103  367.00000   64.00000  82.6%     -    0s
H    0     0                     354.0625000   64.00000  81.9%     -    0s
H    0     0                     230.3750000   64.00000  72.2%     -    1s
H    0     0                     157.7500000   64.00000  59.4%     -    1s
     0     0   64.00000    0   32  157.75000   64.00000  59.4%     -    1s
H    0     0                     141.2500000   64.00000  54.7%     -    1s
H    0     0                     111.3750000   64.00000  42.5%     -    1s
H    0     0                     102.8750000   64.00000  37.8%     -    1s
     0     0   64.00000    0   36  102.87500   64.00000  37.8%     -    1s
H    0     0                     102.2500000   64.00000  37.4%     -    1s
     0     0   64.00000    0   44  102.25000   64.00000  37.4%     -    1s
H    0     0                      94.3750000   64.00000  32.2%     -    2s
     0     0   64.00000    0   59   94.37500   64.00000  32.2%     -    2s
     0     0   64.00000    0   50   94.37500   64.00000  32.2%     -    2s
     0     0   64.00000    0   49   94.37500   64.00000  32.2%     -    2s
     0     0   64.00000    0   49   94.37500   64.00000  32.2%     -    2s
H    0     0                      92.0000000   64.00000  30.4%     -    2s
H    0     0                      86.5000000   64.00000  26.0%     -    3s
H    0     2                      86.2500000   64.00000  25.8%     -    3s
     0     2   64.00000    0   41   86.25000   64.00000  25.8%     -    3s
H    1     4                      83.1250000   64.00000  23.0%   963    4s
H   31    58                      83.0000000   64.00000  22.9%  49.1    5s
H   38    58                      82.3750000   64.00000  22.3%  41.3    5s
H   43    58                      81.8750000   64.00000  21.8%  37.1    5s
H   93   120                      79.7500000   64.00000  19.7%  21.3    6s
H   94   120                      76.7750000   64.00000  16.6%  21.1    6s
H   98   120                      76.1250000   64.00000  15.9%  20.4    6s
H  106   120                      76.0312500   64.00000  15.8%  19.1    6s
H  189   205                      73.0000000   64.00000  12.3%  12.2    8s
H  194   205                      72.7265625   64.00000  12.0%  12.4    8s
H  195   205                      71.7968750   64.00000  10.9%  12.4    8s
H  447   454                      70.1875000   64.00000  8.82%   8.8   10s
H  451   454                      69.9861111   64.00000  8.55%   8.8   10s
H  469   454                      69.5000000   64.00000  7.91%   8.7   10s
H  494   888                      69.1250000   64.00000  7.41%   8.5   11s
H 1019   919                      68.8750000   64.00000  7.08%   7.9   14s
H 1020   919                      68.6666667   64.00000  6.80%   7.9   14s
H 1023   919                      68.3333333   64.00000  6.34%   7.9   14s
  1052  1663   64.00000   36   71   68.33333   64.00000  6.34%   8.0   16s
H 1078  1663                      68.3333333   64.00000  6.34%   7.9   16s
H 1132  1663                      68.1250000   64.00000  6.06%   7.8   16s
H 1213  1663                      68.0000000   64.00000  5.88%   7.6   16s
H 1459  1663                      67.9375000   64.00000  5.80%   7.3   16s
H 2058  3342                      67.9062500   64.00000  5.75%   6.8   19s
H 2114  3342                      67.7500000   64.00000  5.54%   6.7   19s
H 3705  3143                      67.5000000   64.00000  5.19%   5.8   19s
  3707  3144   66.00000   33  149   67.50000   64.00000  5.19%   5.8   20s
H 3711  2990                      67.4583333   64.00000  5.13%   5.8   21s
H 3715  2842                      67.4250000   64.00000  5.08%   5.8   22s
H 3747  2754                      67.3333333   64.00000  4.95%  12.8   23s
H 3753  2617                      67.3157895   64.00000  4.93%  12.9   23s
H 3764  2485                      67.2968750   64.00000  4.90%  13.0   23s
H 3765  2363                      67.1041667   64.00000  4.63%  13.0   23s
H 3811  2295                      67.0833333   64.00000  4.60%  13.3   27s
H 3812  2185                      67.0000000   64.00000  4.48%  13.3   27s
H 3821  2077                      66.5000000   64.00000  3.76%  13.3   27s
  3907  2144   64.00000   23   81   66.50000   64.00000  3.76%  13.4   30s
H 3908  2044                      66.2500000   64.00000  3.40%  13.4   30s
H 3921  1946                      66.1250000   64.00000  3.21%  14.9   30s
H 3941  1881                      66.0000000   64.00000  3.03%  16.9   33s
H 3962  1789                      65.9999999   64.00000  3.03%  16.9   33s
  4239  1995   64.00000   28   83   66.00000   64.00000  3.03%  17.5   37s
H 4266  1905                      65.9999997   64.00000  3.03%  19.8   37s
  5999  3068   64.00000   55   87   66.00000   64.00000  3.03%  30.2   41s
H 6004  2989                      65.9999996   64.00000  3.03%  30.2   41s
H 8840  5700                      65.9999996   64.00000  3.03%  38.5   42s
H 9618  5700                      65.9999996   64.00000  3.03%  39.7   42s
H 9689  5732                      65.9999995   64.00000  3.03%  40.1   45s
H 9690  5732                      65.9999995   64.00000  3.03%  40.1   45s
H 9691  5732                      65.9999994   64.00000  3.03%  40.1   45s
H 9801  6524                      65.9999993   64.00000  3.03%  40.8   47s
H10071  6524                      65.9999993   64.00000  3.03%  41.4   47s
H10613  6905                      65.9999992   64.00000  3.03%  43.0   49s
 11038 10702   64.00000  105   75   66.00000   64.00000  3.03%  42.0   51s
H13598 10702                      65.9999992   64.00000  3.03%  42.7   51s
H15521 10734                      65.9999992   64.00000  3.03%  42.9   54s
H15530 10734                      65.9999991   64.00000  3.03%  42.9   54s
H15537 10734                      65.9999991   64.00000  3.03%  42.9   54s
 15551 12913   64.00000  146   87   66.00000   64.00000  3.03%  43.1   55s
H18384 14621                      65.9999991   64.00000  3.03%  48.2   56s
H18507 14621                      65.9999991   64.00000  3.03%  48.6   56s
 20116 14648   64.00000   76   82   66.00000   64.00000  3.03%  53.5   60s
H20125 14648                      65.9999990   64.00000  3.03%  53.5   60s
H22777 16713                      65.9999990   64.00000  3.03%  56.6   65s
 25607 19075   64.00000  286   73   66.00000   64.00000  3.03%  61.6   70s
H25624 19075                      65.9999990   64.00000  3.03%  61.8   70s
H26320 21300                      65.9999990   64.00000  3.03%  62.8   72s
 28375 21331   64.00000  384  112   66.00000   64.00000  3.03%  65.6   79s
H28377 21331                      65.9999989   64.00000  3.03%  65.6   79s
 28408 23747   64.00000  385   62   66.00000   64.00000  3.03%  65.9   80s
 31476 27330   64.50000  444   97   66.00000   64.00000  3.03%  68.9   85s
H32441 27330                      65.9999989   64.00000  3.03%  68.8   85s
H33868 27330                      65.9999989   64.00000  3.03%  67.5   85s
H43303 33561                      65.9999965   64.00000  3.03%  68.5   89s
 43624 33592   64.00000  294   93   66.00000   64.00000  3.03%  68.3   93s
 43657 34305   64.00000  295   96   66.00000   64.00000  3.03%  68.3   97s
 44492 36822   64.00000  321   87   66.00000   64.00000  3.03%  68.6  100s
 48387 40540   64.00000  204  101   66.00000   64.00000  3.03%  72.5  106s
 53453 40759   64.75000  565  141   66.00000   64.00000  3.03%  73.1  111s
 57035 46991   64.00000  226   68   66.00000   64.00000  3.03%  73.3  117s
 62290 47850   64.00000  336  113   66.00000   64.00000  3.03%  75.4  124s
 63245 70505   64.00000  376  115   66.00000   64.00000  3.03%  75.9  140s
 95277 73366   64.00000  229  111   66.00000   64.00000  3.03%  76.3  146s
 99326 75997   64.00000  336   93   66.00000   64.00000  3.03%  77.6  153s
 103096 77410   64.00000  408  125   66.00000   64.00000  3.03%  79.5  160s
 104972 82118     cutoff  412        66.00000   64.00000  3.03%  80.2  169s
 112462 84707   64.00000  482  107   66.00000   64.00000  3.03%  83.2  177s
 116213 94923   64.87500  574  148   66.00000   64.00000  3.03%  84.4  185s
 131478 95413   64.00000  236   92   66.00000   64.00000  3.03%  85.9  191s
 132032 117312   64.00000  237   91   66.00000   64.00000  3.03%  86.2  213s
 164064 117447   64.50000  219  139   66.00000   64.00000  3.03%  91.4  219s
 164355 136946   64.50000  219  129   66.00000   64.00000  3.03%  91.3  240s
 196387 138702   64.45652  406  163   66.00000   64.00000  3.03%  90.6  245s
 199273 142302     cutoff  401        66.00000   64.00000  3.03%  90.5  254s
 205477 145756   64.00000  295   91   66.00000   64.00000  3.03%  90.5  262s
 212505 147717   64.50000  252  134   66.00000   64.00000  3.03%  90.3  268s
 216356 150070   64.00000  276   93   66.00000   64.00000  3.03%  90.4  275s
 221286 157716   64.00000  316  115   66.00000   64.00000  3.03%  89.7  282s
 233741 157917   64.00000  416  103   66.00000   64.00000  3.03%  89.5  288s
H233817 157917                      65.9999937   64.00000  3.03%  89.5  288s
 234031 177120   64.00000  417  108   65.99999   64.00000  3.03%  89.4  304s
 266063 177138   64.25000  653  101   65.99999   64.00000  3.03%  88.6  311s
 266146 194624   64.25000  654   99   65.99999   64.00000  3.03%  88.6  326s
 298178 196141     cutoff  423        65.99999   64.00000  3.03%  86.8  332s
 300832 198973   65.75000  330  138   65.99999   64.00000  3.03%  86.6  342s
 305867 206329   64.12500  457  121   65.99999   64.00000  3.03%  86.3  350s
 317747 207148   64.50000  403  114   65.99999   64.00000  3.03%  85.5  355s
 318986 211013   64.50000  408  115   65.99999   64.00000  3.03%  85.4  361s
 324606 212690   65.75000  459  120   65.99999   64.00000  3.03%  84.7  367s
 327961 212764   65.75000  483  104   65.99999   64.00000  3.03%  84.3  373s
 328153 231031   65.75000  484  104   65.99999   64.00000  3.03%  84.3  386s
 360185 231039     cutoff  364        65.99999   64.00000  3.03%  82.4  393s
 360240 248117   65.50000  365  125   65.99999   64.00000  3.03%  82.4  409s
 365245 248117   64.47826  447  131   65.99999   64.00000  3.03%  82.0  410s
 392272 248141   64.50000  421  104   65.99999   64.00000  3.03%  81.3  416s
 392312 265900   64.50000  422  103   65.99999   64.00000  3.03%  81.3  431s
 424344 265916   64.00000  457  108   65.99999   64.00000  3.03%  79.1  438s
 424391 283864   64.00000  458  106   65.99999   64.00000  3.03%  79.1  451s
 456423 285290   64.25000  400  138   65.99999   64.00000  3.03%  77.2  456s
 459666 288369   64.25000  401  140   65.99999   64.00000  3.03%  76.9  463s
 465398 288475   65.37500  509  134   65.99999   64.00000  3.03%  76.5  471s
 465591 291239   65.37500  510  132   65.99999   64.00000  3.03%  76.5  477s
 470612 295411   65.50000  584  104   65.99999   64.00000  3.03%  76.0  484s
 479102 295932   64.00000  436   91   65.99999   64.00000  3.03%  75.5  490s
 480150 298875   64.12499  450  101   65.99999   64.00000  3.03%  75.5  495s
 485936 298949   64.00000  416  110   65.99999   64.00000  3.03%  75.2  500s
 486038 316673   64.00000  417  108   65.99999   64.00000  3.03%  75.2  522s
 518070 322923   64.50000  538   85   65.99999   64.00000  3.03%  74.5  527s
H529892 318242                      65.8611111   64.00000  2.83%  73.9  528s
H529893 309941                      65.7500000   64.00000  2.66%  73.9  534s
H529894 273301                      65.1250000   64.00000  1.73%  73.9  534s
H529923 273301                      65.1250000   64.00000  1.73%  73.9  534s
 529931 273803     cutoff  536        65.12500   64.00000  1.73%  73.9  538s
H529957 257805                      65.0000000   64.00000  1.54%  73.9  538s
 530799 258336   64.00000  504  134   65.00000   64.00000  1.54%  73.9  542s
 531810 258754   64.25000  510  138   65.00000   64.00000  1.54%  73.9  547s
H532005 258754                      64.9999962   64.00000  1.54%  73.9  547s
 532586 260344     cutoff  527        65.00000   64.00000  1.54%  73.9  550s
 537499 262852   64.25000  530  144   65.00000   64.00000  1.54%  73.7  558s
 542341 263905   64.37500  485   96   65.00000   64.00000  1.54%  73.6  563s
 544876 266564   64.37500  486   96   65.00000   64.00000  1.54%  73.5  568s
 550264 267804   64.50000  519   96   65.00000   64.00000  1.54%  73.6  573s
 552680 274613   64.50000  550  117   65.00000   64.00000  1.54%  73.6  582s
 568124 275038   64.00000  426   98   65.00000   64.00000  1.54%  73.7  586s
 569205 276171   64.00000  466  108   65.00000   64.00000  1.54%  73.7  590s
 575192 284610   64.50000  508  114   65.00000   64.00000  1.54%  73.6  599s
 589356 284614   64.00000  306  109   65.00000   64.00000  1.54%  73.4  607s
 589416 298184     cutoff  307        65.00000   64.00000  1.54%  73.4  623s
 621448 298195   64.00000  183  109   65.00000   64.00000  1.54%  73.8  631s
 621500 313827   64.00000  184  109   65.00000   64.00000  1.54%  73.8  647s
 653532 313835   64.25000  574  105   65.00000   64.00000  1.54%  74.3  655s
 653587 329181   64.25000  574  107   65.00000   64.00000  1.54%  74.3  669s
 685619 329196   64.37500  366  130   65.00000   64.00000  1.54%  73.8  680s
 685664 344471   64.37500  367  130   65.00000   64.00000  1.54%  73.8  694s
 701680 344471     cutoff  526        65.00000   64.00000  1.54%  73.5  695s
 720500 352657   64.50000  230  101   65.00000   64.00000  1.54%  73.4  707s
 733026 352879   64.00000  249   98   65.00000   64.00000  1.54%  73.2  710s
 733494 354087   64.25000  546  112   65.00000   64.00000  1.54%  73.2  715s
 740148 359811     cutoff  336        65.00000   64.00000  1.54%  73.1  723s
 745036 361376   64.00000  396   86   65.00000   64.00000  1.54%  73.0  727s
 747739 362682   64.00000  397   86   65.00000   64.00000  1.54%  72.9  732s
 750184 369676   64.00000  436   97   65.00000   64.00000  1.54%  72.9  740s
 764415 371727   64.75000  321  129   65.00000   64.00000  1.54%  72.7  748s
 767202 380252     cutoff  332        65.00000   64.00000  1.54%  72.6  753s
 782410 380279   64.00000  240   91   65.00000   64.00000  1.54%  72.3  762s
 782447 398645   64.00000  241   94   65.00000   64.00000  1.54%  72.3  777s
 814479 398635   64.00000  368   96   65.00000   64.00000  1.54%  72.1  785s
 814553 416513   64.00000  369  101   65.00000   64.00000  1.54%  72.1  797s
 846585 416533   64.62500  468  142   65.00000   64.00000  1.54%  71.5  805s
 846628 433547     cutoff  469        65.00000   64.00000  1.54%  71.5  817s
 878660 433569   64.50000  353  114   65.00000   64.00000  1.54%  70.8  826s
 878699 450247 infeasible  354        65.00000   64.00000  1.54%  70.8  837s
 910731 450261 infeasible  391        65.00000   64.00000  1.54%  70.2  845s
 910776 466307   64.25000  388  118   65.00000   64.00000  1.54%  70.2  860s
 942808 466325   64.00000  426   85   65.00000   64.00000  1.54%  69.9  868s
 942849 479233     cutoff  427        65.00000   64.00000  1.54%  69.9  884s
 974881 479995   64.00000  387   88   65.00000   64.00000  1.54%  69.9  889s
 976433 494216   64.75000  505  117   65.00000   64.00000  1.54%  69.9  901s
 1005491 494919   64.00000  393  109   65.00000   64.00000  1.54%  69.6  906s
 1007336 505321   64.87845  380  110   65.00000   64.00000  1.54%  69.6  917s
 1031662 505269 infeasible  426        65.00000   64.00000  1.54%  69.4  920s
 1032931 509524   64.00000  222  106   65.00000   64.00000  1.54%  69.4  928s
 1039804 509546 infeasible  438        65.00000   64.00000  1.54%  69.5  935s
 1039845 528988   64.50000  438  115   65.00000   64.00000  1.54%  69.5  951s
 1071877 529013   64.00000  366  132   65.00000   64.00000  1.54%  69.9  958s
 1071915 550904   64.00000  365  128   65.00000   64.00000  1.54%  69.9  972s
 1103947 550952   64.25000  467  127   65.00000   64.00000  1.54%  70.0  977s
 1104031 570011   64.25000  468  131   65.00000   64.00000  1.54%  70.0  997s
 1136063 570052   64.00000  372  105   65.00000   64.00000  1.54%  70.5 1003s
 1136122 588970   64.00000  373  105   65.00000   64.00000  1.54%  70.5 1022s
 1168154 588991   64.25000  438  125   65.00000   64.00000  1.54%  70.8 1027s
 1168197 609305   64.25000  439  124   65.00000   64.00000  1.54%  70.8 1047s
 1200229 609314   64.12500  433  103   65.00000   64.00000  1.54%  71.5 1052s
 1200320 627969   64.00000  432  114   65.00000   64.00000  1.54%  71.5 1076s
 1232352 628008 infeasible  507        65.00000   64.00000  1.54%  72.3 1081s
 1232433 648175   64.64674  506  117   65.00000   64.00000  1.54%  72.3 1100s
 1264465 648200     cutoff  495        65.00000   64.00000  1.54%  72.8 1107s
 1264534 666487   64.50000  495  132   65.00000   64.00000  1.54%  72.8 1127s
 1296566 666508   64.75000  470  109   65.00000   64.00000  1.54%  73.3 1134s
 1296607 684092   64.00000  472   97   65.00000   64.00000  1.54%  73.3 1149s
 1328639 684097   64.00000  124  136   65.00000   64.00000  1.54%  73.5 1157s
 1328697 702244   64.00000  125   92   65.00000   64.00000  1.54%  73.5 1177s
 1360729 702264   64.00000  394  101   65.00000   64.00000  1.54%  74.4 1185s
 1360773 718531   64.00000  395  101   65.00000   64.00000  1.54%  74.4 1201s
 1392805 718545     cutoff  420        65.00000   64.00000  1.54%  74.9 1209s
 1392854 736223   64.75000  420  105   65.00000   64.00000  1.54%  74.9 1224s
 1424886 736234   64.00000  232  104   65.00000   64.00000  1.54%  75.4 1232s
 1424935 754139   64.05435  233  103   65.00000   64.00000  1.54%  75.4 1248s
 1456967 754117   64.00000  456  104   65.00000   64.00000  1.54%  75.8 1256s
 1457050 771621   64.00000  457  102   65.00000   64.00000  1.54%  75.8 1272s
 1489082 771648     cutoff  555        65.00000   64.00000  1.54%  76.2 1278s
 1489135 788129   64.51316  554   89   65.00000   64.00000  1.54%  76.2 1298s
 1521167 788148     cutoff  533        65.00000   64.00000  1.54%  76.3 1303s
 1521212 805401     cutoff  533        65.00000   64.00000  1.54%  76.3 1331s
 1553244 805516   64.62500  540   88   65.00000   64.00000  1.54%  76.7 1336s
 1553436 821568   64.00000  575   96   65.00000   64.00000  1.54%  76.7 1355s
 1585468 821564     cutoff  435        65.00000   64.00000  1.54%  76.8 1361s
 1585544 836289   64.25000  485  103   65.00000   64.00000  1.54%  76.8 1381s
 1617576 836342   64.62500  334  132   65.00000   64.00000  1.54%  76.9 1387s
 1617645 851323     cutoff  334        65.00000   64.00000  1.54%  76.9 1405s
 1649677 851335   64.87500  399  136   65.00000   64.00000  1.54%  76.7 1410s
 1649726 864567   64.87500  400  136   65.00000   64.00000  1.54%  76.7 1427s
 1681758 864559     cutoff  422        65.00000   64.00000  1.54%  76.7 1433s
 1681828 876132   64.00000  492  102   65.00000   64.00000  1.54%  76.7 1452s
 1713860 876151     cutoff  526        65.00000   64.00000  1.54%  76.7 1460s
 1713903 887473   64.00000  525  103   65.00000   64.00000  1.54%  76.7 1476s
 1745935 887480     cutoff  508        65.00000   64.00000  1.54%  76.9 1485s
 1745986 899540 infeasible  509        65.00000   64.00000  1.54%  76.9 1499s
 1778018 899543     cutoff  600        65.00000   64.00000  1.54%  76.9 1507s
 1778078 909953   64.25000  599  138   65.00000   64.00000  1.54%  76.9 1523s
 1810110 909957   64.12500  550  103   65.00000   64.00000  1.54%  77.3 1531s
 1810170 920293   64.12500  551  101   65.00000   64.00000  1.54%  77.3 1549s
 1842202 920307     cutoff  569        65.00000   64.00000  1.54%  77.7 1557s
 1842250 931267   64.00000  570  115   65.00000   64.00000  1.54%  77.7 1574s
 1874282 931279     cutoff  584        65.00000   64.00000  1.54%  78.1 1582s
 1874333 940642   64.00000  581  103   65.00000   64.00000  1.54%  78.1 1601s
 1906365 940645   64.62500  607  116   65.00000   64.00000  1.54%  78.6 1609s
 1906424 949273   64.62500  608  116   65.00000   64.00000  1.54%  78.6 1630s
 1938456 949279     cutoff  628        65.00000   64.00000  1.54%  79.1 1635s
 1938513 956445     cutoff  628        65.00000   64.00000  1.54%  79.1 1656s
 1970545 956464     cutoff  579        65.00000   64.00000  1.54%  79.5 1662s
 1970607 963046   64.02317  577  128   65.00000   64.00000  1.54%  79.5 1685s
 2002639 963047   64.50000  618  113   65.00000   64.00000  1.54%  79.9 1691s
 2002701 969599   64.50000  619  119   65.00000   64.00000  1.54%  79.9 1715s
 2034733 969609   64.37500  639  109   65.00000   64.00000  1.54%  80.4 1720s
 2034802 975969   64.37500  640  108   65.00000   64.00000  1.54%  80.4 1741s
 2066834 975977   64.00000  606  123   65.00000   64.00000  1.54%  80.7 1746s
 2066925 986984   64.00000  607  128   65.00000   64.00000  1.54%  80.7 1775s
 2098957 986995   64.12500  382  134   65.00000   64.00000  1.54%  80.9 1780s
 2099013 1000250   64.12500  383  137   65.00000   64.00000  1.54%  80.9 1801s
 2131045 1000361   64.00000  300   79   65.00000   64.00000  1.54%  81.0 1806s
 2131198 1017824   64.00000  303   83   65.00000   64.00000  1.54%  81.0 1826s
 2163230 1017840   64.50000  365  134   65.00000   64.00000  1.54%  81.0 1833s
 2163278 1035987   64.50000  366  133   65.00000   64.00000  1.54%  81.0 1847s
 2195310 1036010     cutoff  461        65.00000   64.00000  1.54%  80.9 1855s
 2195351 1056390   64.62497  462  160   65.00000   64.00000  1.54%  80.9 1869s
 2227383 1056415   64.75000  541  161   65.00000   64.00000  1.54%  80.8 1877s
 2227422 1074650     cutoff  542        65.00000   64.00000  1.54%  80.8 1896s
 2259454 1074670   64.37500  320   87   65.00000   64.00000  1.54%  81.1 1903s
 2259498 1092015 infeasible  321        65.00000   64.00000  1.54%  81.1 1918s
 2291530 1092035   64.37500  442  111   65.00000   64.00000  1.54%  81.0 1926s
 2291571 1111270   64.37500  443  113   65.00000   64.00000  1.54%  81.0 1943s
 2323603 1111292   64.00000  363   91   65.00000   64.00000  1.54%  81.0 1952s
 2323644 1129798   64.00000  364   90   65.00000   64.00000  1.54%  81.0 1966s
 2355676 1129822   64.00000  358  114   65.00000   64.00000  1.54%  80.9 1975s
 2355715 1150035   64.00000  359  115   65.00000   64.00000  1.54%  80.9 1992s
 2387747 1150008   64.50000  366  120   65.00000   64.00000  1.54%  81.1 2000s
 2387838 1168842   64.50000  367  122   65.00000   64.00000  1.54%  81.1 2020s
 2419870 1168843     cutoff  489        65.00000   64.00000  1.54%  81.1 2028s
 2419931 1186231     cutoff  488        65.00000   64.00000  1.54%  81.1 2042s
 2451963 1186246   64.62500  495  110   65.00000   64.00000  1.54%  81.1 2047s
 2452009 1203748   64.62500  496  109   65.00000   64.00000  1.54%  81.1 2064s
 2469026 1203748   64.00000  485  104   65.00000   64.00000  1.54%  81.0 2065s
 2484041 1203782   64.00000  422  108   65.00000   64.00000  1.54%  81.0 2070s
 2484097 1223088   64.00000  423  108   65.00000   64.00000  1.54%  81.0 2091s
 2516129 1223070   64.00000  137   91   65.00000   64.00000  1.54%  81.1 2097s
 2516210 1245315   64.00000  138   90   65.00000   64.00000  1.54%  81.1 2121s
 2548242 1245407   64.00000  413   97   65.00000   64.00000  1.54%  81.3 2126s
 2548356 1267512   64.00000  414   97   65.00000   64.00000  1.54%  81.3 2149s
 2580388 1267537   64.25000  565  145   65.00000   64.00000  1.54%  81.7 2154s
 2580427 1288934     cutoff  566        65.00000   64.00000  1.54%  81.7 2174s
 2612459 1288961   64.00000  457  100   65.00000   64.00000  1.54%  81.8 2179s
 2612496 1307964   64.00000  458  100   65.00000   64.00000  1.54%  81.8 2202s
 2644528 1307968     cutoff  480        65.00000   64.00000  1.54%  82.1 2207s
 2644601 1329315   64.00000  237  109   65.00000   64.00000  1.54%  82.1 2232s
 2676633 1329335   64.00000  205  102   65.00000   64.00000  1.54%  82.3 2238s
 2676677 1349506   64.00000  204  117   65.00000   64.00000  1.54%  82.3 2258s
 2708709 1349523   64.75000  389  143   65.00000   64.00000  1.54%  82.3 2267s
 2708755 1369154   64.75000  390  142   65.00000   64.00000  1.54%  82.3 2284s
 2732779 1369154     cutoff  439        65.00000   64.00000  1.54%  82.4 2285s
 2740787 1369169 infeasible  393        65.00000   64.00000  1.54%  82.5 2292s
 2740834 1389290   64.62500  396  154   65.00000   64.00000  1.54%  82.5 2309s
 2772866 1389319   64.00000  305  111   65.00000   64.00000  1.54%  82.6 2317s
 2772901 1408047   64.00000  306  118   65.00000   64.00000  1.54%  82.6 2335s
 2804933 1408070   64.00000  364  115   65.00000   64.00000  1.54%  82.7 2344s
 2804974 1427391   64.00000  365  109   65.00000   64.00000  1.54%  82.7 2360s
 2837006 1427410   64.00000  378  100   65.00000   64.00000  1.54%  82.8 2368s
 2837050 1444773   64.00000  379  100   65.00000   64.00000  1.54%  82.8 2385s
 2869082 1444792   64.00000  340  109   65.00000   64.00000  1.54%  82.9 2395s
 2869127 1462811   64.50000  341  123   65.00000   64.00000  1.54%  82.9 2413s
 2901159 1462786   64.00000  395  103   65.00000   64.00000  1.54%  83.1 2421s
 2901247 1478999   64.00000  393  134   65.00000   64.00000  1.54%  83.1 2441s
 2933279 1479011   64.25000  426  127   65.00000   64.00000  1.54%  83.1 2450s
 2933327 1497778   64.25000  427  126   65.00000   64.00000  1.54%  83.1 2470s
 2965359 1497803   64.87500  506  167   65.00000   64.00000  1.54%  83.4 2478s
 2965397 1516130   64.87500  507  170   65.00000   64.00000  1.54%  83.4 2498s
 2997429 1516117     cutoff  484        65.00000   64.00000  1.54%  83.5 2504s
 2997505 1533002   64.25272  420  104   65.00000   64.00000  1.54%  83.5 2527s
 3029537 1533024   64.25000  452  138   65.00000   64.00000  1.54%  83.6 2532s
 3029576 1549452   64.25000  453  137   65.00000   64.00000  1.54%  83.6 2555s
 3061608 1549472   64.00000  435  118   65.00000   64.00000  1.54%  83.6 2560s
 3061650 1564046   64.25000  432  129   65.00000   64.00000  1.54%  83.6 2587s
 3093682 1564060   64.50000  416   93   65.00000   64.00000  1.54%  83.8 2592s
 3093732 1576311   64.50000  416   95   65.00000   64.00000  1.54%  83.8 2611s
 3125764 1576319 infeasible  491        65.00000   64.00000  1.54%  83.7 2616s
 3125817 1589366   64.25000  490  141   65.00000   64.00000  1.54%  83.7 2648s
 3157849 1589335     cutoff  498        65.00000   64.00000  1.54%  83.7 2653s
 3157944 1599331   64.00000  471  110   65.00000   64.00000  1.54%  83.7 2677s
 3189976 1599358     cutoff  558        65.00000   64.00000  1.54%  83.8 2682s
 3190012 1608571     cutoff  558        65.00000   64.00000  1.54%  83.8 2705s
 3222044 1608582   64.00000  511  117   65.00000   64.00000  1.54%  83.8 2711s
 3222096 1618086   64.00000  512  115   65.00000   64.00000  1.54%  83.8 2735s
 3254128 1618085     cutoff  514        65.00000   64.00000  1.54%  83.9 2742s
 3254193 1627424     cutoff  513        65.00000   64.00000  1.54%  83.9 2761s
 3286225 1627427     cutoff  557        65.00000   64.00000  1.54%  84.0 2769s
 3286285 1637091   64.00000  557  129   65.00000   64.00000  1.54%  84.0 2788s
 3318317 1637101   64.00000  439  118   65.00000   64.00000  1.54%  84.1 2796s
 3318370 1645403   64.25000  440  126   65.00000   64.00000  1.54%  84.1 2817s
 3350402 1645415   64.00000  522  121   65.00000   64.00000  1.54%  84.2 2826s
 3350451 1652946   64.00000  523  119   65.00000   64.00000  1.54%  84.2 2844s
 3352453 1652946   64.00000  532  122   65.00000   64.00000  1.54%  84.2 2845s
 3382483 1652956   64.00000  579  137   65.00000   64.00000  1.54%  84.3 2852s
 3382537 1660475     cutoff  579        65.00000   64.00000  1.54%  84.3 2874s
 3414569 1660488 infeasible  555        65.00000   64.00000  1.54%  84.3 2882s
 3414619 1667911   64.00000  557  104   65.00000   64.00000  1.54%  84.3 2902s
 3446651 1667926     cutoff  601        65.00000   64.00000  1.54%  84.4 2910s
 3446699 1676317   64.12500  599  110   65.00000   64.00000  1.54%  84.4 2928s
 3478731 1676336   64.00000  536  113   65.00000   64.00000  1.54%  84.4 2937s
 3478775 1685100     cutoff  537        65.00000   64.00000  1.54%  84.4 2955s
 3510807 1685111   64.00000  456   92   65.00000   64.00000  1.54%  84.4 2963s
 3510860 1693908   64.00000  457   94   65.00000   64.00000  1.54%  84.4 2982s
 3542892 1693909   64.25000  481  127   65.00000   64.00000  1.54%  84.4 2990s
 3542951 1701948   64.25000  482  125   65.00000   64.00000  1.54%  84.4 3009s
 3574983 1701956   64.25000  493  129   65.00000   64.00000  1.54%  84.5 3014s
 3575038 1709971   64.25000  494  125   65.00000   64.00000  1.54%  84.5 3039s
 3607070 1709987   64.62500  616  160   65.00000   64.00000  1.54%  84.7 3045s
 3607116 1718035   64.62500  617  170   65.00000   64.00000  1.54%  84.7 3069s
 3639148 1718047     cutoff  521        65.00000   64.00000  1.54%  84.8 3074s
 3639198 1725786     cutoff  521        65.00000   64.00000  1.54%  84.8 3100s
 3671230 1725798   64.05326  542  119   65.00000   64.00000  1.54%  85.1 3106s
 3671282 1733811 infeasible  543        65.00000   64.00000  1.54%  85.1 3136s
 3703314 1733820   64.00000  543   92   65.00000   64.00000  1.54%  85.2 3142s
 3703368 1741321   64.00000  544   98   65.00000   64.00000  1.54%  85.2 3167s
 3735400 1741328 infeasible  548        65.00000   64.00000  1.54%  85.5 3173s
 3735454 1748660     cutoff  548        65.00000   64.00000  1.54%  85.5 3198s
 3767486 1748666   64.00000  559  104   65.00000   64.00000  1.54%  85.7 3204s
 3767542 1755584   64.00000  560  103   65.00000   64.00000  1.54%  85.7 3238s
 3799574 1755594     cutoff  670        65.00000   64.00000  1.54%  85.8 3243s
 3799629 1762713 infeasible  667        65.00000   64.00000  1.54%  85.8 3269s
 3831661 1762728     cutoff  589        65.00000   64.00000  1.54%  86.0 3275s
 3831709 1769808     cutoff  590        65.00000   64.00000  1.54%  86.0 3301s
 3863741 1769811   64.00000  550  128   65.00000   64.00000  1.54%  86.2 3309s
 3863800 1776435   64.00000  551  129   65.00000   64.00000  1.54%  86.2 3330s
 3895832 1776450 infeasible  553        65.00000   64.00000  1.54%  86.5 3338s
 3895878 1782754     cutoff  554        65.00000   64.00000  1.54%  86.5 3358s
 3927910 1782760     cutoff  535        65.00000   64.00000  1.54%  86.6 3367s
 3927968 1790955     cutoff  536        65.00000   64.00000  1.54%  86.6 3385s
 3960000 1790968     cutoff  433        65.00000   64.00000  1.54%  86.6 3394s
 3960047 1799559   64.00000  432  123   65.00000   64.00000  1.54%  86.6 3410s
 3992079 1799568   64.37500  448  118   65.00000   64.00000  1.54%  86.5 3420s
 3992132 1806656     cutoff  449        65.00000   64.00000  1.54%  86.5 3441s
 4024164 1806659   64.12500  562  137   65.00000   64.00000  1.54%  86.5 3450s
 4024223 1814078   64.12500  563  135   65.00000   64.00000  1.54%  86.5 3468s
 4056255 1814073   64.12500  394  131   65.00000   64.00000  1.54%  86.5 3477s
 4056320 1821085   64.25001  395  129   65.00000   64.00000  1.54%  86.5 3493s
 4088352 1821097     cutoff  470        65.00000   64.00000  1.54%  86.4 3502s
 4088403 1829473     cutoff  470        65.00000   64.00000  1.54%  86.4 3521s
 4120435 1829490     cutoff  542        65.00000   64.00000  1.54%  86.4 3530s
 4120481 1838101   64.00000  542  116   65.00000   64.00000  1.54%  86.4 3549s
 4152513 1838107   64.37500  455  128   65.00000   64.00000  1.54%  86.5 3558s
 4152570 1847635   64.37500  456  128   65.00000   64.00000  1.54%  86.5 3580s
 4184747 1855689     cutoff  565        65.00000   64.00000  1.54%  86.6 3607s
 4216779 1855709     cutoff  559        65.00000   64.00000  1.54%  86.7 3613s
 4216881 1864072 infeasible  555        65.00000   64.00000  1.54%  86.7 3638s
 4248913 1864101   64.00000  515  150   65.00000   64.00000  1.54%  86.8 3643s
 4249034 1872092   64.00000  516  153   65.00000   64.00000  1.54%  86.8 3667s
 4281066 1872096   64.00000  524  114   65.00000   64.00000  1.54%  87.0 3672s
 4281159 1878216   64.00000  525  114   65.00000   64.00000  1.54%  87.0 3693s
 4313191 1878212   64.00000  511  107   65.00000   64.00000  1.54%  87.0 3699s
 4313258 1884758   64.00000  512  107   65.00000   64.00000  1.54%  87.0 3724s
 4345290 1884755     cutoff  531        65.00000   64.00000  1.54%  87.1 3729s
 4345387 1891270 infeasible  529        65.00000   64.00000  1.54%  87.1 3764s
 4377419 1891285   64.00543  563  133   65.00000   64.00000  1.54%  87.3 3769s
 4377547 1897288   64.12500  564  130   65.00000   64.00000  1.54%  87.3 3793s
 4409579 1897299   64.12500  536  127   65.00000   64.00000  1.54%  87.4 3798s
 4409644 1903981   64.12500  535  125   65.00000   64.00000  1.54%  87.4 3825s
 4441676 1904013 infeasible  580        65.00000   64.00000  1.54%  87.5 3831s
 4441827 1910246   64.00000  580  132   65.00000   64.00000  1.54%  87.5 3857s
 4473859 1910239   64.00000  560  132   65.00000   64.00000  1.54%  87.7 3863s
 4473998 1916644   64.12500  561  146   65.00000   64.00000  1.54%  87.7 3887s
 4506030 1916649     cutoff  632        65.00000   64.00000  1.54%  87.8 3894s
 4506089 1921703   64.00000  630  158   65.00000   64.00000  1.54%  87.8 3915s
 4538121 1921713 infeasible  569        65.00000   64.00000  1.54%  87.9 3924s
 4538173 1929088   64.00000  565  116   65.00000   64.00000  1.54%  87.9 3954s
 4570205 1929101   64.00000  541  127   65.00000   64.00000  1.54%  88.1 3963s
 4570255 1947549 infeasible  542        65.00000   64.00000  1.54%  88.1 3984s
 4602287 1947570 infeasible  534        65.00000   64.00000  1.54%  88.4 3992s
 4602328 1966609   64.50000  535  134   65.00000   64.00000  1.54%  88.4 4014s
 4633359 1966609   64.00000  256   99   65.00000   64.00000  1.54%  88.6 4015s
 4634360 1966635   64.00000  213  108   65.00000   64.00000  1.54%  88.6 4023s
 4634397 1986041   64.00000  214  105   65.00000   64.00000  1.54%  88.6 4043s
 4666429 1986054   64.00000  287   96   65.00000   64.00000  1.54%  88.8 4052s
 4666477 2005560   64.00000  287   90   65.00000   64.00000  1.54%  88.8 4075s
 4698509 2005583   64.00000  411  122   65.00000   64.00000  1.54%  89.1 4084s
 4698550 2025339   64.00000  412  121   65.00000   64.00000  1.54%  89.1 4107s
 4730582 2025361   64.75000  400  125   65.00000   64.00000  1.54%  89.3 4117s
 4730622 2045057   64.75000  401  125   65.00000   64.00000  1.54%  89.3 4140s
 4762654 2045077   64.25000  391  130   65.00000   64.00000  1.54%  89.5 4149s
 4762698 2063749   64.25000  392  130   65.00000   64.00000  1.54%  89.5 4171s
 4794730 2063770   64.00000  476  103   65.00000   64.00000  1.54%  89.7 4179s
 4794773 2080230     cutoff  477        65.00000   64.00000  1.54%  89.7 4200s
 4826805 2080249   64.25000  437  126   65.00000   64.00000  1.54%  89.8 4209s
 4826849 2097129   64.25000  438  130   65.00000   64.00000  1.54%  89.8 4232s
 4858881 2097152   64.50000  398  147   65.00000   64.00000  1.54%  90.0 4237s
 4858945 2113126   64.50000  399  146   65.00000   64.00000  1.54%  90.0 4258s
 4890977 2113143   64.00000  405   99   65.00000   64.00000  1.54%  90.1 4263s
 4891021 2129835     cutoff  406        65.00000   64.00000  1.54%  90.1 4286s
 4923053 2129829     cutoff  513        65.00000   64.00000  1.54%  90.1 4291s
 4923121 2143775   64.00000  322  103   65.00000   64.00000  1.54%  90.1 4318s
 4955153 2143811   64.03571  434  137   65.00000   64.00000  1.54%  90.3 4323s
 4955241 2159791   64.00000  431  128   65.00000   64.00000  1.54%  90.3 4345s
 4987273 2159753   64.63321  511  177   65.00000   64.00000  1.54%  90.3 4351s
 4987392 2173229     cutoff  512        65.00000   64.00000  1.54%  90.3 4382s
 5019424 2173245   64.00000  430  129   65.00000   64.00000  1.54%  90.5 4388s
 5019484 2186121   64.00000  431  131   65.00000   64.00000  1.54%  90.5 4416s
 5051516 2186165 infeasible  453        65.00000   64.00000  1.54%  90.8 4421s
 5051609 2199788     cutoff  450        65.00000   64.00000  1.54%  90.8 4442s
 5083641 2199732   64.00000  376  105   65.00000   64.00000  1.54%  90.8 4447s
 5083764 2211217   64.25000  377  106   65.00000   64.00000  1.54%  90.8 4482s
 5115796 2211226   64.26087  488  112   65.00000   64.00000  1.54%  90.9 4488s
 5115850 2224224     cutoff  488        65.00000   64.00000  1.54%  90.9 4514s
 5147882 2224237   64.00000  405  113   65.00000   64.00000  1.54%  91.0 4520s
 5147929 2237753   64.00000  406  113   65.00000   64.00000  1.54%  91.0 4541s
 5179961 2237775   64.25000  395  140   65.00000   64.00000  1.54%  91.0 4547s
 5180031 2252724   64.25000  396  142   65.00000   64.00000  1.54%  91.0 4571s
 5212063 2252734   64.00000  567  119   65.00000   64.00000  1.54%  91.0 4579s
 5212117 2268737     cutoff  565        65.00000   64.00000  1.54%  91.0 4599s
 5244149 2268705   64.00000  457  109   65.00000   64.00000  1.54%  91.0 4607s
 5244243 2283859   64.00000  458  109   65.00000   64.00000  1.54%  91.0 4629s
 5276275 2283876   64.00000  303  114   65.00000   64.00000  1.54%  91.1 4636s
 5276321 2298563   64.00000  304  116   65.00000   64.00000  1.54%  91.1 4655s
 5308353 2298561   64.50000  471  150   65.00000   64.00000  1.54%  91.0 4662s
 5308416 2311998   64.50000  472  150   65.00000   64.00000  1.54%  91.0 4684s
 5340448 2312017     cutoff  428        65.00000   64.00000  1.54%  91.1 4693s
 5340491 2324777   64.00000  428  134   65.00000   64.00000  1.54%  91.1 4716s
 5372523 2324788     cutoff  471        65.00000   64.00000  1.54%  91.3 4725s
 5372575 2338272   64.00000  472  125   65.00000   64.00000  1.54%  91.3 4744s
 5404607 2338287   64.00000  494  119   65.00000   64.00000  1.54%  91.3 4752s
 5404656 2350476   64.00000  495  114   65.00000   64.00000  1.54%  91.3 4774s
 5425677 2350476   64.87500  447  143   65.00000   64.00000  1.54%  91.4 4775s
 5436688 2350495   64.02174  524  156   65.00000   64.00000  1.54%  91.5 4783s
 5436733 2363803   64.75000  525  160   65.00000   64.00000  1.54%  91.5 4802s
 5468765 2363769   64.75000  515  146   65.00000   64.00000  1.54%  91.5 4809s
 5468862 2373965 infeasible  516        65.00000   64.00000  1.54%  91.5 4832s
 5500894 2373979   64.00000  471  138   65.00000   64.00000  1.54%  91.6 4840s
 5500944 2384169     cutoff  472        65.00000   64.00000  1.54%  91.6 4862s
 5532976 2384186   64.00000  538  178   65.00000   64.00000  1.54%  91.8 4870s
 5533022 2393562   64.00000  539  182   65.00000   64.00000  1.54%  91.8 4890s
 5565054 2393562   64.25000  546  142   65.00000   64.00000  1.54%  91.8 4899s
 5565117 2402199   64.25000  547  143   65.00000   64.00000  1.54%  91.8 4917s
 5597149 2402180   64.00000  530  133   65.00000   64.00000  1.54%  91.9 4923s
 5597232 2410071   64.00000  531  135   65.00000   64.00000  1.54%  91.9 4948s
 5629264 2410084   64.62500  497  138   65.00000   64.00000  1.54%  92.0 4954s
 5629315 2417617   64.00000  497  123   65.00000   64.00000  1.54%  92.0 4977s
 5661347 2417630     cutoff  515        65.00000   64.00000  1.54%  92.1 4984s
 5661398 2427074   64.00000  514  137   65.00000   64.00000  1.54%  92.1 5010s
 5693430 2427091   64.25000  563  130   65.00000   64.00000  1.54%  92.2 5016s
 5693501 2438024   64.25000  562  131   65.00000   64.00000  1.54%  92.2 5041s
 5725533 2438040     cutoff  623        65.00000   64.00000  1.54%  92.2 5046s
 5725579 2450602     cutoff  555        65.00000   64.00000  1.54%  92.2 5068s
 5757611 2450613   64.37784  585  151   65.00000   64.00000  1.54%  92.2 5074s
 5757665 2465604     cutoff  586        65.00000   64.00000  1.54%  92.2 5104s
 5763671 2465604   64.37500  397  116   65.00000   64.00000  1.54%  92.2 5105s
 5789765 2482464   64.00000  344  110   65.00000   64.00000  1.54%  92.1 5131s
 5821797 2482488     cutoff  514        65.00000   64.00000  1.54%  92.0 5136s
 5821869 2498481     cutoff  514        65.00000   64.00000  1.54%  92.0 5155s
 5853901 2498511   64.00000  372   98   65.00000   64.00000  1.54%  91.9 5160s
 5853951 2514436   64.00000  370  102   65.00000   64.00000  1.54%  91.9 5180s
 5885983 2514510   64.00000  451   96   65.00000   64.00000  1.54%  91.7 5185s
 5886156 2529451   64.00000  452   95   65.00000   64.00000  1.54%  91.7 5203s
 5918188 2529468   64.25000  390   89   65.00000   64.00000  1.54%  91.6 5209s
 5918250 2544939   64.25000  390   99   65.00000   64.00000  1.54%  91.6 5227s
 5950282 2544947     cutoff  471        65.00000   64.00000  1.54%  91.4 5235s
 5950334 2557269     cutoff  469        65.00000   64.00000  1.54%  91.4 5249s
 5982366 2557283 infeasible  433        65.00000   64.00000  1.54%  91.3 5256s
 5982415 2570515     cutoff  433        65.00000   64.00000  1.54%  91.3 5268s
 6014447 2570525     cutoff  398        65.00000   64.00000  1.54%  91.1 5276s
 6014501 2582180   64.00000  397   92   65.00000   64.00000  1.54%  91.1 5289s
 6046533 2582174     cutoff  480        65.00000   64.00000  1.54%  91.0 5296s
 6046598 2590722     cutoff  453        65.00000   64.00000  1.54%  90.9 5312s
 6078630 2590734   64.12500  485  123   65.00000   64.00000  1.54%  90.8 5320s
 6078678 2600205   64.12500  486  120   65.00000   64.00000  1.54%  90.8 5333s
 6110710 2600184 infeasible  484        65.00000   64.00000  1.54%  90.7 5341s
 6110795 2608719 infeasible  485        65.00000   64.00000  1.54%  90.7 5357s
 6142827 2608733     cutoff  519        65.00000   64.00000  1.54%  90.6 5365s
 6142875 2617818     cutoff  519        65.00000   64.00000  1.54%  90.6 5381s
 6174907 2617834   64.00000  507   96   65.00000   64.00000  1.54%  90.6 5389s
 6174952 2629082   64.00000  508  103   65.00000   64.00000  1.54%  90.6 5403s
 6206984 2629041   64.00000  494  109   65.00000   64.00000  1.54%  90.5 5412s
 6207087 2644676   64.00000  495   94   65.00000   64.00000  1.54%  90.5 5432s
 6239119 2644696     cutoff  516        65.00000   64.00000  1.54%  90.5 5440s
 6239163 2659869   64.75000  517  122   65.00000   64.00000  1.54%  90.5 5459s
 6271195 2659893   64.00000  528  117   65.00000   64.00000  1.54%  90.5 5467s
 6271234 2673412   64.00000  529  117   65.00000   64.00000  1.54%  90.5 5486s
 6303266 2673427 infeasible  524        65.00000   64.00000  1.54%  90.6 5495s
 6303315 2688605   64.00000  524  125   65.00000   64.00000  1.54%  90.6 5513s
 6335347 2688619   64.37500  482   98   65.00000   64.00000  1.54%  90.6 5522s
 6335396 2702983   64.87500  483   98   65.00000   64.00000  1.54%  90.6 5539s
 6367428 2702942 infeasible  482        65.00000   64.00000  1.54%  90.6 5545s
 6367543 2715929   64.00000  481  107   65.00000   64.00000  1.54%  90.6 5568s
 6399575 2715959   64.37500  532  114   65.00000   64.00000  1.54%  90.7 5573s
 6399647 2728890   64.37500  533  116   65.00000   64.00000  1.54%  90.7 5594s
 6431679 2728841     cutoff  550        65.00000   64.00000  1.54%  90.7 5599s
 6431828 2739286   64.00000  516  105   65.00000   64.00000  1.54%  90.7 5622s
 6463860 2739301   64.00000  474  117   65.00000   64.00000  1.54%  90.7 5627s
 6463928 2750240   64.00000  475  119   65.00000   64.00000  1.54%  90.7 5646s
 6495960 2750197   64.62500  516  147   65.00000   64.00000  1.54%  90.7 5651s
 6496067 2759269   64.87500  517  139   65.00000   64.00000  1.54%  90.7 5675s
 6528099 2759284     cutoff  574        65.00000   64.00000  1.54%  90.8 5681s
 6528159 2766971     cutoff  563        65.00000   64.00000  1.54%  90.8 5708s
 6560191 2766980     cutoff  551        65.00000   64.00000  1.54%  91.0 5713s
 6560256 2774537   64.00000  550  117   65.00000   64.00000  1.54%  91.0 5738s
 6592288 2774539   64.00000  574  119   65.00000   64.00000  1.54%  91.1 5744s
 6592350 2784053   64.62500  575  125   65.00000   64.00000  1.54%  91.1 5767s
 6624382 2783993   64.50000  533  160   65.00000   64.00000  1.54%  91.1 5773s
 6624515 2791657     cutoff  534        65.00000   64.00000  1.54%  91.1 5798s
 6656547 2791678   64.25000  573  132   65.00000   64.00000  1.54%  91.2 5804s
 6656666 2799972   64.00000  507  106   65.00000   64.00000  1.54%  91.2 5826s
 6688698 2799976     cutoff  550        65.00000   64.00000  1.54%  91.2 5831s
 6688759 2809292 infeasible  509        65.00000   64.00000  1.54%  91.2 5857s
 6720791 2809303   64.00000  560  118   65.00000   64.00000  1.54%  91.4 5862s
 6720888 2825589   64.00000  561  118   65.00000   64.00000  1.54%  91.4 5885s
 6752920 2825580   64.00000  383   93   65.00000   64.00000  1.54%  91.5 5893s
 6752992 2844143   64.00000  384  101   65.00000   64.00000  1.54%  91.5 5915s
 6785024 2844160   64.00000  467   98   65.00000   64.00000  1.54%  91.5 5922s
 6785069 2864107   64.00000  468  101   65.00000   64.00000  1.54%  91.5 5940s
 6817101 2864130   64.00000  547  125   65.00000   64.00000  1.54%  91.5 5948s
 6817139 2883113     cutoff  548        65.00000   64.00000  1.54%  91.5 5964s
 6849171 2883105   64.50000  344  133   65.00000   64.00000  1.54%  91.5 5971s
 6849242 2901161   64.50000  341  122   65.00000   64.00000  1.54%  91.5 5991s
 6881274 2901187   64.00000  430  131   65.00000   64.00000  1.54%  91.6 5999s
 6881311 2917814   64.00000  431  136   65.00000   64.00000  1.54%  91.6 6016s
 6913343 2917834   64.12500  499  130   65.00000   64.00000  1.54%  91.6 6029s
 6913386 2934450   64.25000  500  142   65.00000   64.00000  1.54%  91.6 6048s
 6945418 2934473   64.37500  556  135   65.00000   64.00000  1.54%  91.6 6057s
 6945458 2949500   64.37500  557  135   65.00000   64.00000  1.54%  91.6 6074s
 6977490 2949519   64.25000  396  173   65.00000   64.00000  1.54%  91.6 6083s
 6977533 2964294   64.25000  397  170   65.00000   64.00000  1.54%  91.6 6102s
 7009565 2964317   64.00000  542  118   65.00000   64.00000  1.54%  91.7 6110s
 7009605 2980085   64.00000  543  122   65.00000   64.00000  1.54%  91.7 6126s
 7041637 2980067   64.00000  363   96   65.00000   64.00000  1.54%  91.7 6134s
 7041718 2995403   64.00000  364   96   65.00000   64.00000  1.54%  91.7 6155s
 7073750 2995421   64.00000  424   95   65.00000   64.00000  1.54%  91.7 6165s
 7073793 3012347   64.00000  425  100   65.00000   64.00000  1.54%  91.7 6181s
 7105825 3012371     cutoff  469        65.00000   64.00000  1.54%  91.7 6189s
 7105864 3028152   64.00000  468  117   65.00000   64.00000  1.54%  91.7 6209s
 7137896 3028173   64.00000  490  120   65.00000   64.00000  1.54%  91.7 6217s
 7137939 3043107   64.00000  491  119   65.00000   64.00000  1.54%  91.7 6235s
 7169971 3043127   64.75000  493  129   65.00000   64.00000  1.54%  91.8 6243s
 7170014 3055822   64.75000  494  124   65.00000   64.00000  1.54%  91.8 6260s
 7202046 3055811     cutoff  448        65.00000   64.00000  1.54%  91.8 6266s
 7202121 3068211   64.00000  445   99   65.00000   64.00000  1.54%  91.8 6289s
 7234153 3068252   64.25000  478  127   65.00000   64.00000  1.54%  91.8 6295s
 7234247 3081749   64.25000  478  125   65.00000   64.00000  1.54%  91.8 6325s
 7266279 3081725   64.00000  413  127   65.00000   64.00000  1.54%  91.8 6331s
 7266366 3093245     cutoff  414        65.00000   64.00000  1.54%  91.8 6353s
 7298398 3093262   64.00000  472  155   65.00000   64.00000  1.54%  91.7 6358s
 7298445 3105304   64.00000  473  155   65.00000   64.00000  1.54%  91.7 6380s
 7330477 3105308     cutoff  448        65.00000   64.00000  1.54%  91.7 6386s
 7330533 3116190     cutoff  445        65.00000   64.00000  1.54%  91.7 6409s
 7349552 3116190   64.00000  401   92   65.00000   64.00000  1.54%  91.8 6410s
 7362565 3116204     cutoff  529        65.00000   64.00000  1.54%  91.8 6416s
 7362612 3128267     cutoff  530        65.00000   64.00000  1.54%  91.8 6436s
 7394644 3128261   64.00000  507  101   65.00000   64.00000  1.54%  91.8 6442s
 7394714 3139297     cutoff  508        65.00000   64.00000  1.54%  91.8 6463s
 7426746 3139307     cutoff  514        65.00000   64.00000  1.54%  91.8 6469s
 7426799 3148704     cutoff  514        65.00000   64.00000  1.54%  91.8 6493s
 7458831 3148717   64.50000  532  164   65.00000   64.00000  1.54%  91.8 6499s
 7458886 3159044   64.50000  533  154   65.00000   64.00000  1.54%  91.8 6519s
 7490918 3159004   64.50000  512  138   65.00000   64.00000  1.54%  91.8 6524s
H7490957 3159004                      64.9999961   64.00000  1.54%  91.8 6526s
 7491018 3167724 infeasible  514        65.00000   64.00000  1.54%  91.8 6549s
 7523050 3167744   64.00000  532  109   65.00000   64.00000  1.54%  91.8 6555s
 7523094 3176042   64.00000  533  106   65.00000   64.00000  1.54%  91.8 6579s
 7543114 3176042   64.00000  535  112   65.00000   64.00000  1.54%  91.8 6580s
 7555126 3176064   64.25000  580  136   65.00000   64.00000  1.54%  91.8 6585s
 7555168 3183198     cutoff  581        65.00000   64.00000  1.54%  91.8 6608s
 7587200 3183213   64.59818  586  149   65.00000   64.00000  1.54%  91.8 6616s
 7587248 3190305 infeasible  587        65.00000   64.00000  1.54%  91.8 6637s
 7619280 3190312     cutoff  532        65.00000   64.00000  1.54%  91.8 6645s
 7619336 3197073   64.12500  531  116   65.00000   64.00000  1.54%  91.8 6663s
 7651368 3197072     cutoff  551        65.00000   64.00000  1.54%  91.8 6674s
 7651433 3203184   64.39130  550  122   65.00000   64.00000  1.54%  91.8 6693s
 7683465 3203184   64.25000  560  135   65.00000   64.00000  1.54%  91.9 6701s
 7683528 3209898   64.25000  560  141   65.00000   64.00000  1.54%  91.9 6720s
 7715560 3209906     cutoff  456        65.00000   64.00000  1.54%  91.9 6729s
 7715616 3217778 infeasible  457        65.00000   64.00000  1.54%  91.9 6748s
 7747648 3217789   64.00000  433  101   65.00000   64.00000  1.54%  91.9 6757s
 7747701 3226168   64.00000  434   98   65.00000   64.00000  1.54%  91.9 6777s
 7779733 3226183   64.00000  462  103   65.00000   64.00000  1.54%  91.9 6786s
 7779782 3233465   64.00000  463  102   65.00000   64.00000  1.54%  91.9 6806s
 7811814 3233473   64.00000  528  102   65.00000   64.00000  1.54%  91.9 6815s
 7811870 3240450   64.00000  529  102   65.00000   64.00000  1.54%  91.9 6834s
 7843902 3240461   64.12500  504  109   65.00000   64.00000  1.54%  91.9 6843s
 7843955 3247208   64.12500  505  109   65.00000   64.00000  1.54%  91.9 6861s
 7875987 3247225     cutoff  487        65.00000   64.00000  1.54%  91.9 6870s
 7876033 3253378   64.00000  486  103   65.00000   64.00000  1.54%  91.9 6889s
 7884041 3253378     cutoff  535        65.00000   64.00000  1.54%  91.9 6890s
 7908065 3253388   64.13216  522  134   65.00000   64.00000  1.54%  91.9 6899s
 7908119 3259509     cutoff  523        65.00000   64.00000  1.54%  91.9 6925s
 7940151 3259526   64.25000  497  125   65.00000   64.00000  1.54%  91.9 6934s
 7940198 3266364   64.25000  499  125   65.00000   64.00000  1.54%  91.9 6954s
 7972230 3266368   64.00000  503   97   65.00000   64.00000  1.54%  91.9 6962s
 7972289 3271335   64.00000  504   95   65.00000   64.00000  1.54%  91.9 6981s
 8004321 3271342 infeasible  568        65.00000   64.00000  1.54%  91.8 6990s
 8004378 3276508   64.15068  566  102   65.00000   64.00000  1.54%  91.8 7011s
 8036410 3276503   64.00000  507  105   65.00000   64.00000  1.54%  91.8 7016s
 8036479 3281345   64.00000  508  109   65.00000   64.00000  1.54%  91.8 7037s
 8068511 3281335   64.18179  576  148   65.00000   64.00000  1.54%  91.8 7042s
 8068587 3285785     cutoff  577        65.00000   64.00000  1.54%  91.8 7065s
 8100619 3285795   64.01045  527  136   65.00000   64.00000  1.54%  91.8 7071s
 8100671 3289805   64.27328  528  132   65.00000   64.00000  1.54%  91.8 7092s
 8132703 3289820   64.62772  539  150   65.00000   64.00000  1.54%  91.8 7097s
 8132750 3294142   64.37500  543  136   65.00000   64.00000  1.54%  91.8 7120s
 8164782 3294145   64.25000  520  137   65.00000   64.00000  1.54%  91.8 7126s
 8164842 3299204     cutoff  521        65.00000   64.00000  1.54%  91.8 7147s
 8196874 3299206     cutoff  540        65.00000   64.00000  1.54%  91.8 7153s
 8196935 3311244   64.00000  539  131   65.00000   64.00000  1.54%  91.8 7176s
 8228967 3311264   64.25000  357  160   65.00000   64.00000  1.54%  91.8 7182s
 8229047 3329984   64.25000  356  170   65.00000   64.00000  1.54%  91.8 7208s
 8261079 3330096   64.00000  293   96   65.00000   64.00000  1.54%  91.8 7214s
H8261355 3330096                      64.9999939   64.00000  1.54%  91.8 7215s
 8261360 3350182   64.00000  294   95   64.99999   64.00000  1.54%  91.8 7237s
 8293392 3350198   64.00000  331   96   64.99999   64.00000  1.54%  91.9 7244s
 8293438 3368921   64.00000  332   96   64.99999   64.00000  1.54%  91.9 7263s
 8325470 3368946   64.45649  366  134   64.99999   64.00000  1.54%  91.8 7269s
 8325508 3386301     cutoff  367        64.99999   64.00000  1.54%  91.8 7289s
 8339522 3386301   64.00000  495   94   64.99999   64.00000  1.54%  91.8 7290s
 8357540 3386320   64.00000  476   78   64.99999   64.00000  1.54%  91.9 7296s
 8357585 3404479   64.00000  477   80   64.99999   64.00000  1.54%  91.9 7313s
 8389617 3404485     cutoff  516        64.99999   64.00000  1.54%  91.8 7319s
 8389673 3423310   64.50000  515  139   64.99999   64.00000  1.54%  91.8 7341s
 8421705 3423328   64.56250  325  122   64.99999   64.00000  1.54%  91.8 7353s
 8421750 3441756 infeasible  326        64.99999   64.00000  1.54%  91.8 7371s
 8453782 3442200   64.37500  546  105   64.99999   64.00000  1.54%  91.7 7376s
 8454520 3460293   64.37500  547  104   64.99999   64.00000  1.54%  91.7 7393s
 8486552 3460303     cutoff  563        64.99999   64.00000  1.54%  91.7 7400s
 8486605 3478454   64.00000  343  111   64.99999   64.00000  1.54%  91.7 7418s
 8518637 3478473   64.50000  538  106   64.99999   64.00000  1.54%  91.7 7428s
 8518680 3496738 infeasible  539        64.99999   64.00000  1.54%  91.7 7445s
 8550712 3496756   64.25000  396  121   64.99999   64.00000  1.54%  91.6 7454s
 8550758 3514538   64.25000  397  123   64.99999   64.00000  1.54%  91.6 7470s
 8582790 3514514   64.00000  408  100   64.99999   64.00000  1.54%  91.6 7480s
 8582876 3527705   64.00000  409  107   64.99999   64.00000  1.54%  91.6 7501s
 8614908 3527716   64.00000  428   96   64.99999   64.00000  1.54%  91.6 7510s
 8614960 3543510   64.00000  428  103   64.99999   64.00000  1.54%  91.6 7526s
 8646992 3543527   64.75000  610  124   64.99999   64.00000  1.54%  91.6 7536s
 8647039 3555416     cutoff  611        64.99999   64.00000  1.54%  91.6 7553s
 8679071 3555436   64.00000  592  105   64.99999   64.00000  1.54%  91.5 7562s
 8679115 3569350   64.00000  593  104   64.99999   64.00000  1.54%  91.5 7577s
 8711147 3569368   64.25543  575  103   64.99999   64.00000  1.54%  91.5 7587s
 8711190 3581769     cutoff  576        64.99999   64.00000  1.54%  91.5 7606s
 8743222 3581782 infeasible  450        64.99999   64.00000  1.54%  91.4 7615s
 8743289 3593624     cutoff  451        64.99999   64.00000  1.54%  91.4 7631s
 8775321 3593641   64.00000  404  103   64.99999   64.00000  1.54%  91.4 7641s
 8775377 3607982   64.00000  405  103   64.99999   64.00000  1.54%  91.4 7657s
 8807409 3607950 infeasible  483        64.99999   64.00000  1.54%  91.4 7666s
 8807503 3620076 infeasible  481        64.99999   64.00000  1.54%  91.4 7685s
 8839535 3620094   64.25000  501  136   64.99999   64.00000  1.54%  91.4 7694s
 8839580 3631458   64.25000  502  140   64.99999   64.00000  1.54%  91.4 7710s
 8871612 3631433 infeasible  509        64.99999   64.00000  1.54%  91.4 7721s
 8871701 3641987   64.00000  489  110   64.99999   64.00000  1.54%  91.4 7742s
 8903733 3642001   64.97822  511   97   64.99999   64.00000  1.54%  91.5 7751s
 8903781 3652676   64.75000  508  101   64.99999   64.00000  1.54%  91.5 7774s
 8935813 3652689     cutoff  556        64.99999   64.00000  1.54%  91.6 7784s
 8935862 3663507   64.00000  556  111   64.99999   64.00000  1.54%  91.6 7811s
 8967894 3663576   64.00000  233   91   64.99999   64.00000  1.54%  91.6 7818s
 8968588 3671695   64.00000  234   89   64.99999   64.00000  1.54%  91.6 7840s
 9000620 3671702   64.00000  420   95   64.99999   64.00000  1.54%  91.7 7846s
 9000677 3679875   64.00000  421   91   64.99999   64.00000  1.54%  91.7 7869s
 9032709 3679985   64.50000  529  144   64.99999   64.00000  1.54%  91.8 7874s
 9033126 3688760 infeasible  530        64.99999   64.00000  1.54%  91.8 7898s
 9065158 3688776   64.75000  401  154   64.99999   64.00000  1.54%  91.9 7904s
 9065203 3700195   64.75000  402  149   64.99999   64.00000  1.54%  91.9 7925s
 9097235 3700171     cutoff  548        64.99999   64.00000  1.54%  92.0 7931s
 9097321 3711966   64.00000  548   93   64.99999   64.00000  1.54%  92.0 7958s
 9129353 3711978     cutoff  320        64.99999   64.00000  1.54%  92.1 7964s
 9129402 3726675   64.00000  321   96   64.99999   64.00000  1.54%  92.1 7986s
 9161434 3726865   64.00000  605  112   64.99999   64.00000  1.54%  92.1 7994s
 9161954 3744581   64.00000  606  106   64.99999   64.00000  1.54%  92.1 8015s
 9193986 3744592     cutoff  472        64.99999   64.00000  1.54%  92.1 8021s
 9194039 3762060   64.00000  471   97   64.99999   64.00000  1.54%  92.1 8041s
 9226071 3762230   64.00000  326   94   64.99999   64.00000  1.54%  92.0 8047s
 9226536 3781007   64.00000  327   92   64.99999   64.00000  1.54%  92.0 8071s
 9258568 3781056   64.00000  464  108   64.99999   64.00000  1.54%  92.0 8076s
 9258655 3798917   64.00000  465   92   64.99999   64.00000  1.54%  92.0 8095s
 9290687 3799137     cutoff  502        64.99999   64.00000  1.54%  91.9 8101s
 9291267 3816325   64.00000  500   92   64.99999   64.00000  1.54%  91.9 8119s
 9323299 3816491   64.75000  438  113   64.99999   64.00000  1.54%  91.9 8124s
 9323612 3834253   64.62500  478  149   64.99999   64.00000  1.54%  91.9 8146s
 9355644 3834264   64.75000  459   93   64.99999   64.00000  1.54%  91.8 8151s
 9355692 3852585   64.75000  460   96   64.99999   64.00000  1.54%  91.8 8169s
 9387724 3852686   64.87500  464  140   64.99999   64.00000  1.54%  91.8 8176s
 9387849 3870247   64.87500  465  149   64.99999   64.00000  1.54%  91.8 8196s
 9419881 3870277     cutoff  469        64.99999   64.00000  1.54%  91.7 8204s
 9420094 3885927     cutoff  467        64.99999   64.00000  1.54%  91.7 8223s
 9452126 3885930   64.00815  464  118   64.99999   64.00000  1.54%  91.7 8232s
 9452183 3902455   64.00000  463  113   64.99999   64.00000  1.54%  91.7 8247s
 9484215 3902466   64.25000  444  127   64.99999   64.00000  1.54%  91.6 8256s
 9484265 3917034   64.25000  445  127   64.99999   64.00000  1.54%  91.6 8273s
 9516297 3917018   64.62500  496  133   64.99999   64.00000  1.54%  91.6 8281s
 9516374 3929873 infeasible  497        64.99999   64.00000  1.54%  91.6 8300s
 9548406 3929882   64.62500  517  114   64.99999   64.00000  1.54%  91.6 8308s
 9548459 3944332     cutoff  518        64.99999   64.00000  1.54%  91.6 8324s
 9580491 3944320   64.00000  399   93   64.99999   64.00000  1.54%  91.6 8333s
 9580567 3955670   64.00000  400   91   64.99999   64.00000  1.54%  91.6 8350s
 9612599 3955676   64.50000  482  134   64.99999   64.00000  1.54%  91.5 8359s
 9612658 3967799     cutoff  483        64.99999   64.00000  1.54%  91.5 8374s
 9644690 3967786   64.00000  594  124   64.99999   64.00000  1.54%  91.5 8382s
 9644791 3977132   64.00000  595  106   64.99999   64.00000  1.54%  91.5 8406s
 9676823 3977152   64.00000  522  105   64.99999   64.00000  1.54%  91.5 8415s
 9676865 3984925   64.00000  523  107   64.99999   64.00000  1.54%  91.5 8435s
 9708897 3984932     cutoff  554        64.99999   64.00000  1.54%  91.5 8443s
 9708954 3992482   64.00000  553  133   64.99999   64.00000  1.54%  91.5 8463s
 9740986 3992507     cutoff  521        64.99999   64.00000  1.54%  91.6 8472s
 9741104 4001872   64.00000  519  111   64.99999   64.00000  1.54%  91.6 8490s
 9773136 4001877   64.25000  435  103   64.99999   64.00000  1.54%  91.6 8499s
 9773193 4007543   64.25000  436  103   64.99999   64.00000  1.54%  91.6 8519s
 9805225 4007538   64.00000  547  133   64.99999   64.00000  1.54%  91.6 8529s
 9805293 4013559 infeasible  548        64.99999   64.00000  1.54%  91.6 8548s
 9837325 4013571 infeasible  487        64.99999   64.00000  1.54%  91.7 8558s
 9837377 4019231 infeasible  486        64.99999   64.00000  1.54%  91.7 8578s
 9869409 4019252   64.00000  633  117   64.99999   64.00000  1.54%  91.7 8588s
 9869450 4024071   64.00000  634  116   64.99999   64.00000  1.54%  91.7 8609s
 9901482 4024080     cutoff  572        64.99999   64.00000  1.54%  91.8 8618s
 9901537 4028557   64.00000  569  125   64.99999   64.00000  1.54%  91.8 8639s
 9917553 4028557     cutoff  624        64.99999   64.00000  1.54%  91.8 8640s
 9933569 4028565   64.00000  477  102   64.99999   64.00000  1.54%  91.9 8646s
 9933624 4032723   64.75000  483  122   64.99999   64.00000  1.54%  91.9 8673s
 9965656 4032728 infeasible  588        64.99999   64.00000  1.54%  92.0 8679s
 9965712 4036938   64.25000  588  120   64.99999   64.00000  1.54%  92.0 8703s
 9997744 4036951   64.00000  565  133   64.99999   64.00000  1.54%  92.0 8709s
 9997795 4041517     cutoff  566        64.99999   64.00000  1.54%  92.0 8734s
 10015813 4041517   64.00000  573  145   64.99999   64.00000  1.54%  92.1 8735s
 10029827 4041518   64.00000  522  102   64.99999   64.00000  1.54%  92.1 8741s
 10029890 4045774   64.00000  523  102   64.99999   64.00000  1.54%  92.1 8764s
 10043904 4045774   64.00000  497   98   64.99999   64.00000  1.54%  92.1 8765s
 10061922 4045793 infeasible  589        64.99999   64.00000  1.54%  92.1 8771s
 10061967 4050566     cutoff  586        64.99999   64.00000  1.54%  92.1 8808s
 10093999 4050571 infeasible  632        64.99999   64.00000  1.54%  92.2 8815s
 10094055 4055344   64.00000  632  143   64.99999   64.00000  1.54%  92.2 8838s
 10126087 4055410   64.00000  564  132   64.99999   64.00000  1.54%  92.2 8844s
 10126345 4060612     cutoff  565        64.99999   64.00000  1.54%  92.2 8867s
 10158377 4060621   64.27500  557  105   64.99999   64.00000  1.54%  92.2 8874s
 10158427 4066218     cutoff  558        64.99999   64.00000  1.54%  92.2 8895s
 10190459 4066251   64.00000  369  100   64.99999   64.00000  1.54%  92.2 8901s
 10190736 4071843   64.00000  370  102   64.99999   64.00000  1.54%  92.2 8922s
 10222768 4071866   64.12500  405  133   64.99999   64.00000  1.54%  92.2 8928s
 10222809 4077726   64.12500  406  132   64.99999   64.00000  1.54%  92.2 8948s
 10254841 4077731   64.00000  449  125   64.99999   64.00000  1.54%  92.2 8955s
 10254900 4084506   64.00000  450  128   64.99999   64.00000  1.54%  92.2 8978s
 10286932 4084513   64.12500  420  106   64.99999   64.00000  1.54%  92.2 8984s
 10287005 4095058   64.12500  421  108   64.99999   64.00000  1.54%  92.2 9009s
 10319037 4095132   64.50000  478  104   64.99999   64.00000  1.54%  92.3 9014s
 10319280 4106170     cutoff  478        64.99999   64.00000  1.54%  92.3 9040s
 10351312 4106234   64.00000  520  119   64.99999   64.00000  1.54%  92.3 9046s
 10351847 4118670   64.00000  521  119   64.99999   64.00000  1.54%  92.3 9073s
 10383879 4118808   64.00000  593  107   64.99999   64.00000  1.54%  92.4 9078s
 10384328 4130378     cutoff  594        64.99999   64.00000  1.54%  92.4 9102s
 10416360 4130361 infeasible  520        64.99999   64.00000  1.54%  92.4 9109s
 10416489 4142002   64.00000  523  125   64.99999   64.00000  1.54%  92.4 9133s
 10448521 4142025   64.00000  549  113   64.99999   64.00000  1.54%  92.5 9143s
 10448560 4154105   64.00000  550  120   64.99999   64.00000  1.54%  92.5 9162s
 10480592 4154036 infeasible  511        64.99999   64.00000  1.54%  92.5 9172s
 10480722 4163506   64.00000  508  111   64.99999   64.00000  1.54%  92.5 9196s
 10512754 4163507 infeasible  541        64.99999   64.00000  1.54%  92.6 9205s
 10512815 4172448 infeasible  539        64.99999   64.00000  1.54%  92.6 9229s
 10544847 4172457   64.00000  561  166   64.99999   64.00000  1.54%  92.8 9240s
 10544899 4182094     cutoff  559        64.99999   64.00000  1.54%  92.8 9261s
 10576931 4182103   64.12500  602  146   64.99999   64.00000  1.54%  92.9 9272s
 10576984 4194005   64.12500  603  148   64.99999   64.00000  1.54%  92.9 9288s
 10609016 4193979   64.00000  487  118   64.99999   64.00000  1.54%  92.9 9297s
 10609106 4206016   64.00000  488  116   64.99999   64.00000  1.54%  92.9 9319s
 10641138 4206024   64.00095  521  125   64.99999   64.00000  1.54%  93.0 9328s
 10641194 4218676     cutoff  520        64.99999   64.00000  1.54%  93.0 9352s
 10673226 4218683     cutoff  511        64.99999   64.00000  1.54%  93.1 9361s
 10673281 4232099   64.12500  512  135   64.99999   64.00000  1.54%  93.1 9381s
 10705313 4232062   64.13587  534  132   64.99999   64.00000  1.54%  93.2 9392s
 10705413 4243964     cutoff  535        64.99999   64.00000  1.54%  93.2 9413s
 10737445 4243966     cutoff  542        64.99999   64.00000  1.54%  93.3 9423s
 10737503 4255930     cutoff  542        64.99999   64.00000  1.54%  93.3 9444s
 10769535 4255886     cutoff  537        64.99999   64.00000  1.54%  93.3 9453s
 10769642 4265533   64.00000  508  144   64.99999   64.00000  1.54%  93.3 9475s
 10801674 4265551   64.00000  551  147   64.99999   64.00000  1.54%  93.4 9484s
 10801719 4275219   64.00000  552  149   64.99999   64.00000  1.54%  93.4 9517s
 10833751 4275227     cutoff  577        64.99999   64.00000  1.54%  93.5 9526s
H10833767 4275227                      64.9999925   64.00000  1.54%  93.5 9528s
 10833807 4283237   64.00000  574  152   64.99999   64.00000  1.54%  93.5 9552s
 10865839 4283253   64.50000  529  120   64.99999   64.00000  1.54%  93.7 9557s
 10865917 4291717   64.50000  530  119   64.99999   64.00000  1.54%  93.7 9582s
 10897949 4291726     cutoff  548        64.99999   64.00000  1.54%  93.8 9591s
 10898004 4300383   64.00000  547  127   64.99999   64.00000  1.54%  93.8 9608s
 10930036 4300270     cutoff  580        64.99999   64.00000  1.54%  93.8 9619s
 10930209 4307013   64.00000  436   76   64.99999   64.00000  1.54%  93.8 9638s
 10962241 4307023     cutoff  487        64.99999   64.00000  1.54%  93.8 9647s
 10962295 4313284   64.00543  489  107   64.99999   64.00000  1.54%  93.8 9666s
 10994327 4313298   64.12500  504  112   64.99999   64.00000  1.54%  93.8 9676s
 10994376 4319457     cutoff  505        64.99999   64.00000  1.54%  93.8 9695s
 11026408 4319455     cutoff  535        64.99999   64.00000  1.54%  93.8 9704s
 11026473 4326130   64.37500  535  102   64.99999   64.00000  1.54%  93.8 9722s
 11058505 4326132     cutoff  540        64.99999   64.00000  1.54%  93.8 9731s
 11058567 4332605     cutoff  539        64.99999   64.00000  1.54%  93.8 9750s
 11090599 4332612   64.25725  559  111   64.99999   64.00000  1.54%  93.7 9759s
 11090656 4338993   64.25000  555   94   64.99999   64.00000  1.54%  93.7 9782s
 11122688 4338990   64.13859  562  108   64.99999   64.00000  1.54%  93.8 9791s
 11122755 4345187   64.38179  563  112   64.99999   64.00000  1.54%  93.8 9812s
 11154787 4345194   64.25000  530  140   64.99999   64.00000  1.54%  93.8 9823s
 11154844 4353147   64.25000  530  137   64.99999   64.00000  1.54%  93.8 9847s
 11186876 4353148     cutoff  549        64.99999   64.00000  1.54%  93.9 9858s
 11186937 4360825   64.00000  518  111   64.99999   64.00000  1.54%  93.9 9879s
 11218969 4360837   64.00000  540  133   64.99999   64.00000  1.54%  94.0 9890s
 11219018 4367418   64.00000  540  133   64.99999   64.00000  1.54%  94.0 9914s
 11251050 4367424   64.50000  571  136   64.99999   64.00000  1.54%  94.1 9926s
 11251105 4374139   64.50000  572  134   64.99999   64.00000  1.54%  94.1 9951s
 11283137 4374153   64.00000  466  120   64.99999   64.00000  1.54%  94.3 9960s
 11283187 4380317   64.00000  467  122   64.99999   64.00000  1.54%  94.3 9985s
 11315219 4380340     cutoff  499        64.99999   64.00000  1.54%  94.4 9990s
 11315306 4386604     cutoff  499        64.99999   64.00000  1.54%  94.4 10018s
 11347338 4386608   64.00000  628  138   64.99999   64.00000  1.54%  94.5 10023s
 11347419 4393204   64.00000  629  140   64.99999   64.00000  1.54%  94.5 10052s
 11379451 4393209     cutoff  631        64.99999   64.00000  1.54%  94.6 10058s
 11379516 4400242   64.00000  631  160   64.99999   64.00000  1.54%  94.6 10086s
 11411548 4400238     cutoff  609        64.99999   64.00000  1.54%  94.7 10093s
 11411621 4404998     cutoff  605        64.99999   64.00000  1.54%  94.7 10118s
 11443653 4405010   64.00000  591  121   64.99999   64.00000  1.54%  94.8 10124s
 11443729 4409640   64.00000  592  123   64.99999   64.00000  1.54%  94.8 10148s
 11475761 4409644   64.25000  528  154   64.99999   64.00000  1.54%  94.9 10155s
 11475819 4414145   64.25000  529  153   64.99999   64.00000  1.54%  94.9 10184s
 11507851 4414151   64.00000  539  115   64.99999   64.00000  1.54%  95.0 10194s
 11507907 4419138   64.00000  540  123   64.99999   64.00000  1.54%  95.0 10219s
 11539939 4419151     cutoff  591        64.99999   64.00000  1.54%  95.1 10226s
 11539992 4424750   64.00000  588  115   64.99999   64.00000  1.54%  95.1 10253s
 11572024 4424760   64.27535  580  165   64.99999   64.00000  1.54%  95.3 10259s
 11572109 4431297 infeasible  581        64.99999   64.00000  1.54%  95.3 10285s
 11604141 4431309   64.00000  523  152   64.99999   64.00000  1.54%  95.4 10291s
 11604196 4438344   64.00000  525  116   64.99999   64.00000  1.54%  95.4 10318s
 11636228 4438368   64.00000  510  132   64.99999   64.00000  1.54%  95.5 10324s
 11636317 4445380   64.00000  511  139   64.99999   64.00000  1.54%  95.5 10351s
 11668349 4445397   64.00000  588  152   64.99999   64.00000  1.54%  95.5 10356s
 11668476 4452899   64.00000  589  154   64.99999   64.00000  1.54%  95.5 10383s
 11700508 4452918 infeasible  607        64.99999   64.00000  1.54%  95.7 10388s
 11700662 4459761 infeasible  606        64.99999   64.00000  1.54%  95.7 10417s
 11732694 4459777   64.25000  534  126   64.99999   64.00000  1.54%  95.8 10422s
 11732745 4467199   64.25000  535  130   64.99999   64.00000  1.54%  95.8 10456s
 11764777 4467208   64.00000  563  129   64.99999   64.00000  1.54%  95.9 10461s
 11764862 4475899   64.00000  564  129   64.99999   64.00000  1.54%  95.9 10490s
 11796894 4475902   64.28687  595  150   64.99999   64.00000  1.54%  96.0 10496s
 11796968 4483922     cutoff  596        64.99999   64.00000  1.54%  96.0 10522s
 11829000 4483928   64.00000  571  117   64.99999   64.00000  1.54%  96.1 10529s
 11829056 4491452   64.00000  572  120   64.99999   64.00000  1.54%  96.1 10554s
 11861088 4491472   64.00000  588  117   64.99999   64.00000  1.54%  96.2 10562s
 11861132 4497631   64.00000  589  115   64.99999   64.00000  1.54%  96.2 10586s
 11893164 4497645   64.25000  545  139   64.99999   64.00000  1.54%  96.3 10594s
 11893214 4502853 infeasible  546        64.99999   64.00000  1.54%  96.3 10619s
 11925246 4502865   64.00000  544  125   64.99999   64.00000  1.54%  96.4 10627s
 11925298 4507522   64.00000  545  127   64.99999   64.00000  1.54%  96.4 10650s
 11957330 4507533   64.00000  549  152   64.99999   64.00000  1.54%  96.6 10659s
 11957383 4512148   64.00000  550  151   64.99999   64.00000  1.54%  96.6 10684s
 11986412 4512148     cutoff  603        64.99999   64.00000  1.54%  96.6 10685s
 11989415 4512155     cutoff  557        64.99999   64.00000  1.54%  96.7 10694s
 11989469 4516677   64.25000  556  119   64.99999   64.00000  1.54%  96.7 10716s
 12021501 4516674   64.00000  575  127   64.99999   64.00000  1.54%  96.8 10726s
 12021567 4521053   64.00000  576  127   64.99999   64.00000  1.54%  96.8 10752s
 12053599 4521053     cutoff  582        64.99999   64.00000  1.54%  96.9 10761s
 12053662 4524729   64.50000  582  129   64.99999   64.00000  1.54%  96.9 10785s
 12085694 4524725     cutoff  581        64.99999   64.00000  1.54%  97.0 10795s
 12085761 4525668     cutoff  578        64.99999   64.00000  1.54%  97.0 10800s

Cutting planes:
  Learned: 359
  Gomory: 11
  Cover: 479
  Implied bound: 237
  Clique: 181
  MIR: 701
  StrongCG: 10
  Flow cover: 1036
  GUB cover: 6
  Zero half: 1
  RLT: 145
  Relax-and-lift: 1231

Explored 12092343 nodes (1173253964 simplex iterations) in 10800.19 seconds
Thread count was 32 (of 64 available processors)

Solution count 10: 65 65 65 ... 66

Time limit reached
Best objective 6.499999254506e+01, best bound 6.400000000000e+01, gap 1.5385%
