
Gurobi 9.1.2 (linux64) logging started Wed Mar 30 11:51:31 2022

Changed value of parameter LogFile to france_v-N15.log
   Prev:   Default: 
Changed value of parameter MIPFocus to 1
   Prev: 0  Min: 0  Max: 3  Default: 0
Changed value of parameter TimeLimit to 600.0
   Prev: inf  Min: 0.0  Max: inf  Default: inf
Warning: variables 0 and 140 have the same name "X[N02,N01]"
Warning: linear constraint 156 and linear constraint 157 have the same name "weight-constr-t5"
Warning: to let Gurobi read it back, use rlp format
Gurobi Optimizer version 9.1.2 build v9.1.2rc0 (linux64)
Thread count: 32 physical cores, 64 logical processors, using up to 32 threads
Optimize a model with 900 rows, 840 columns and 2754 nonzeros
Model fingerprint: 0x242de1df
Variable types: 150 continuous, 690 integer (690 binary)
Coefficient statistics:
  Matrix range     [1e+00, 1e+06]
  Objective range  [2e-01, 2e-01]
  Bounds range     [1e+00, 5e+05]
  RHS range        [1e+00, 1e+06]
Presolve removed 258 rows and 312 columns
Presolve time: 0.00s
Presolved: 642 rows, 528 columns, 2916 nonzeros
Variable types: 126 continuous, 402 integer (384 binary)
Found heuristic solution: objective 55.0000000
Found heuristic solution: objective 45.8333333

Root relaxation: objective 2.400000e+01, 87 iterations, 0.00 seconds

    Nodes    |    Current Node    |     Objective Bounds      |     Work
 Expl Unexpl |  Obj  Depth IntInf | Incumbent    BestBd   Gap | It/Node Time

     0     0   24.00000    0   28   45.83333   24.00000  47.6%     -    0s
H    0     0                      40.1666667   24.00000  40.2%     -    0s
H    0     0                      39.0000000   24.00000  38.5%     -    0s
H    0     0                      35.1666667   24.00000  31.8%     -    0s
H    0     0                      35.0000000   24.00000  31.4%     -    0s
H    0     0                      34.1666667   24.00000  29.8%     -    0s
H    0     0                      34.0000000   24.00000  29.4%     -    0s
     0     0   24.00000    0   31   34.00000   24.00000  29.4%     -    0s
H    0     0                      32.0000000   24.00000  25.0%     -    0s
     0     0   24.00000    0   31   32.00000   24.00000  25.0%     -    0s
     0     0   24.00000    0   26   32.00000   24.00000  25.0%     -    0s
H    0     0                      31.1666667   24.00000  23.0%     -    0s
     0     0   24.00000    0   26   31.16667   24.00000  23.0%     -    0s
H    0     0                      31.0000000   24.00000  22.6%     -    0s
     0     2   24.00000    0   22   31.00000   24.00000  22.6%     -    0s
H   52    80                      30.5000000   24.00000  21.3%  10.1    0s
H  113   137                      30.1666667   24.00000  20.4%   9.1    0s
H  115   137                      29.7500000   24.00000  19.3%   8.9    0s
H  117   137                      28.7500000   24.00000  16.5%   9.0    0s
H  177   198                      28.5833333   24.00000  16.0%   7.7    1s
H  188   198                      28.5000000   24.00000  15.8%   7.7    1s
H  190   198                      28.4166667   24.00000  15.5%   7.7    1s
H  210   236                      28.0000000   24.00000  14.3%   7.6    1s
H  238   236                      27.9583333   24.00000  14.2%   7.6    1s
*  741   903              30      27.5000019   24.00000  12.7%   6.8    1s
* 3317  2304              38      27.0000006   24.00000  11.1%   6.4    1s
  4845  2538   26.66667   39   52   27.00000   24.00000  11.1%  16.5    5s
 37076 15180   26.11111   50   45   27.00000   24.16667  10.5%  26.5   10s
 72308 30473   25.38408   48   65   27.00000   24.16667  10.5%  26.6   15s
 104628 46657   24.92424   76   48   27.00000   24.16667  10.5%  28.5   20s
 138495 60854   24.16667   46   54   27.00000   24.16667  10.5%  28.5   25s
 169977 72945   24.16667   55   29   27.00000   24.16667  10.5%  28.4   30s
 206936 87266   25.33333   57   47   27.00000   24.16667  10.5%  28.2   35s
 240143 103498 infeasible   67        27.00000   24.16667  10.5%  28.4   40s
 279849 119255     cutoff   58        27.00000   24.16667  10.5%  28.4   45s
 312177 132151   24.20653   44   76   27.00000   24.16667  10.5%  28.3   50s
 355073 148381   26.00000   57   55   27.00000   24.16667  10.5%  28.3   55s
 382655 159464   24.50000   55   40   27.00000   24.16667  10.5%  28.5   60s
 419849 174769   25.16667   43   62   27.00000   24.16667  10.5%  28.5   65s
 453196 188869   24.55464   39   65   27.00000   24.16667  10.5%  28.5   70s
 482536 202809   25.85068   52   55   27.00000   24.16667  10.5%  28.5   75s
 516991 217088   24.50000   64   35   27.00000   24.16667  10.5%  28.6   80s
 547631 229267     cutoff   79        27.00000   24.16667  10.5%  28.6   86s
 572990 241983   24.66667   54   44   27.00000   24.16667  10.5%  28.6   90s
 609419 258185   25.45530   53   65   27.00000   24.16667  10.5%  28.6   95s
 643351 272827   26.50000   67   37   27.00000   24.16667  10.5%  28.6  100s
 675515 288396   26.00000   54   39   27.00000   24.16667  10.5%  28.7  105s
 711519 303386   25.00000   45   65   27.00000   24.16667  10.5%  28.6  110s
 741847 316592   24.66667   62   33   27.00000   24.16667  10.5%  28.6  115s
 779335 332399   26.28364   64   34   27.00000   24.16667  10.5%  28.8  120s
 811792 346972   25.79196   58   57   27.00000   24.16667  10.5%  28.8  125s
 847727 362325     cutoff   52        27.00000   24.16667  10.5%  28.8  130s
 870236 372313   25.76570   70   42   27.00000   24.16667  10.5%  28.8  135s
 901865 385607   25.83333   50   50   27.00000   24.16667  10.5%  28.8  140s
 935717 400315   24.33333   52   51   27.00000   24.16667  10.5%  28.8  145s
 976912 414961   26.43752   46   63   27.00000   24.16667  10.5%  28.8  150s
 1011376 428662   26.16667   70   43   27.00000   24.16667  10.5%  28.8  155s
 1042687 444158   26.71528   63   41   27.00000   24.16667  10.5%  28.8  160s
 1073163 456661     cutoff   60        27.00000   24.16667  10.5%  28.8  165s
 1103532 470796   24.75000   49   57   27.00000   24.16667  10.5%  28.8  170s
 1147352 487881   25.34655   64   62   27.00000   24.16667  10.5%  28.8  175s
 1178130 501920   24.96759   44   52   27.00000   24.16667  10.5%  28.8  180s
 1211680 515592     cutoff   64        27.00000   24.16667  10.5%  28.8  185s
 1251764 532940   25.46212   67   39   27.00000   24.16667  10.5%  28.7  190s
 1284320 545614   25.23811   46   60   27.00000   24.16667  10.5%  28.7  195s
 1319739 561162   25.94297   55   42   27.00000   24.16667  10.5%  28.7  200s
 1352045 574412   26.30740   51   65   27.00000   24.16667  10.5%  28.6  205s
 1386709 590018   25.50000   59   53   27.00000   24.16667  10.5%  28.6  210s
 1417645 604660   26.36667   73   40   27.00000   24.16667  10.5%  28.6  215s
 1445365 616290   24.33333   50   47   27.00000   24.16667  10.5%  28.6  220s
 1477515 627106     cutoff   49        27.00000   24.16667  10.5%  28.7  225s
 1509179 640436     cutoff   56        27.00000   24.16667  10.5%  28.8  230s
 1538758 653926   24.42500   48   64   27.00000   24.16667  10.5%  28.8  235s
 1574041 666375   25.67172   65   50   27.00000   24.16667  10.5%  28.8  240s
 1609279 681754     cutoff   62        27.00000   24.16667  10.5%  28.8  245s
 1635853 693650   24.55982   58   73   27.00000   24.16667  10.5%  28.7  250s
 1672265 708555   26.05356   63   47   27.00000   24.16667  10.5%  28.7  255s
 1710913 725451 infeasible   53        27.00000   24.16667  10.5%  28.7  260s
 1747388 741060   26.27778   43   51   27.00000   24.16667  10.5%  28.7  265s
 1775576 755262   26.83333   71   29   27.00000   24.16667  10.5%  28.7  270s
 1812698 772033   25.16667   53   61   27.00000   24.16667  10.5%  28.7  275s
 1848235 786375     cutoff   63        27.00000   24.16667  10.5%  28.7  280s
 1881576 800962   26.83333   56   49   27.00000   24.16667  10.5%  28.7  285s
 1911068 814103   24.66140   67   63   27.00000   24.16667  10.5%  28.7  290s
 1949566 828490   24.33333   66   42   27.00000   24.16667  10.5%  28.7  295s
 1985130 841773   25.16667   69   35   27.00000   24.16667  10.5%  28.7  300s
 2022928 856023   24.16667   65   47   27.00000   24.16667  10.5%  28.7  305s
 2062004 869160   25.88401   78   63   27.00000   24.16667  10.5%  28.7  310s
 2104179 882800   25.94513   74   53   27.00000   24.16667  10.5%  28.6  315s
 2142126 896427     cutoff   84        27.00000   24.16667  10.5%  28.6  320s
 2180264 911440   26.42542   71   42   27.00000   24.16667  10.5%  28.6  325s
 2213673 925467   24.16667   31   56   27.00000   24.16667  10.5%  28.6  330s
 2245060 939624   24.66667   59   57   27.00000   24.16667  10.5%  28.5  335s
 2275737 952852   25.83333   62   47   27.00000   24.16667  10.5%  28.5  340s
 2307683 967740   25.59722   53   63   27.00000   24.16667  10.5%  28.6  345s
 2343273 981687   24.16667   45   56   27.00000   24.16667  10.5%  28.6  350s
 2377239 996926   24.16667   63   44   27.00000   24.16667  10.5%  28.6  355s
 2411906 1011662   26.25000   67   41   27.00000   24.16667  10.5%  28.6  360s
 2441699 1024213   25.00000   54   40   27.00000   24.16667  10.5%  28.6  365s
 2471960 1037249   24.87402   62   56   27.00000   24.16667  10.5%  28.6  370s
 2505220 1050904   24.17305   59   59   27.00000   24.16667  10.5%  28.6  375s
 2540306 1065162   24.55281   54   83   27.00000   24.16667  10.5%  28.6  381s
 2569671 1077870   24.95728   59   69   27.00000   24.16667  10.5%  28.6  385s
 2600575 1090822   26.74829   88   34   27.00000   24.16667  10.5%  28.6  390s
 2633777 1105509 infeasible   53        27.00000   24.16667  10.5%  28.6  395s
 2675644 1120367   25.27938   67   32   27.00000   24.16667  10.5%  28.6  400s
 2708786 1133312     cutoff   53        27.00000   24.16667  10.5%  28.5  405s
 2740572 1147043   24.17814   46   75   27.00000   24.16667  10.5%  28.5  410s
 2774702 1162662   26.50000   51   49   27.00000   24.16667  10.5%  28.6  415s
 2810800 1177746   26.53889   70   29   27.00000   24.16667  10.5%  28.5  420s
 2842879 1190519   24.83333   57   53   27.00000   24.16667  10.5%  28.5  425s
 2881929 1206899   24.18393   41   70   27.00000   24.16667  10.5%  28.5  430s
 2913791 1219372   24.52083   47   48   27.00000   24.16667  10.5%  28.5  435s
 2945326 1231686   26.68793   60   48   27.00000   24.16667  10.5%  28.5  440s
 2980551 1246367   24.83971   69   54   27.00000   24.16667  10.5%  28.5  445s
 3010806 1258434   26.37778   53   34   27.00000   24.16667  10.5%  28.5  450s
 3041924 1273794   24.83333   55   49   27.00000   24.16667  10.5%  28.5  455s
 3077181 1287900   26.66667   67   45   27.00000   24.16667  10.5%  28.4  460s
 3105692 1300591   25.11171   55   62   27.00000   24.16667  10.5%  28.4  465s
 3145022 1315594   26.16667   69   32   27.00000   24.16667  10.5%  28.4  470s
 3177937 1329059   24.17490   47   63   27.00000   24.16667  10.5%  28.4  475s
 3213623 1344093   25.50872   47   45   27.00000   24.16667  10.5%  28.4  480s
 3253254 1359096   24.34183   41   74   27.00000   24.16667  10.5%  28.4  485s
 3285051 1372687   26.16667   62   33   27.00000   24.16667  10.5%  28.3  490s
 3315895 1385397   26.83333   59   35   27.00000   24.16667  10.5%  28.3  495s
 3354176 1400168     cutoff   64        27.00000   24.16667  10.5%  28.3  500s
 3386727 1416378     cutoff   62        27.00000   24.16667  10.5%  28.3  505s
 3424269 1432712   25.69444   53   43   27.00000   24.16667  10.5%  28.3  510s
 3459061 1446547     cutoff   45        27.00000   24.16667  10.5%  28.3  515s
 3490055 1458858     cutoff   88        27.00000   24.16667  10.5%  28.3  520s
 3523357 1473034     cutoff   76        27.00000   24.16667  10.5%  28.2  525s
 3557720 1487264   24.17738   65   44   27.00000   24.16667  10.5%  28.2  530s
 3588595 1499838   25.16667   59   54   27.00000   24.16667  10.5%  28.2  535s
 3627204 1515063   26.66892   60   43   27.00000   24.16667  10.5%  28.2  540s
 3663035 1529647   25.15181   68   38   27.00000   24.16667  10.5%  28.1  545s
 3705613 1546905   24.33333   66   62   27.00000   24.16667  10.5%  28.1  550s
 3730731 1556315   24.16667   46   59   27.00000   24.16667  10.5%  28.1  555s
 3759113 1570752   25.60457   64   66   27.00000   24.16667  10.5%  28.0  560s
 3784729 1582267   26.83333   57   30   27.00000   24.16667  10.5%  28.0  565s
 3823231 1597711     cutoff   85        27.00000   24.16667  10.5%  28.0  570s
 3850573 1610103   26.29167   51   26   27.00000   24.16667  10.5%  28.0  575s
 3889349 1625474   25.62500   65   42   27.00000   24.16667  10.5%  28.0  580s
 3924775 1639573     cutoff   64        27.00000   24.16667  10.5%  28.0  585s
 3960623 1654014   24.70370   59   63   27.00000   24.16667  10.5%  28.0  590s
 3990382 1666795   24.33810   44   76   27.00000   24.16667  10.5%  28.0  595s
 4024977 1681154   24.89394   50   67   27.00000   24.16667  10.5%  28.0  600s

Cutting planes:
  Learned: 99
  Gomory: 12
  Cover: 83
  Implied bound: 44
  Clique: 39
  MIR: 268
  Flow cover: 438
  GUB cover: 4
  RLT: 134
  Relax-and-lift: 93

Cleanup yields a better solution

Explored 4026384 nodes (112824460 simplex iterations) in 600.02 seconds
Thread count was 32 (of 64 available processors)

Solution count 10: 27 27.5 27.9583 ... 30.1667

Time limit reached
Best objective 2.666666602719e+01, best bound 2.416666666667e+01, gap 9.3750%
