
Gurobi 9.1.2 (linux64) logging started Wed Mar 30 12:11:36 2022

Changed value of parameter LogFile to france_v-N19.log
   Prev:   Default: 
Changed value of parameter MIPFocus to 1
   Prev: 0  Min: 0  Max: 3  Default: 0
Changed value of parameter TimeLimit to 600.0
   Prev: inf  Min: 0.0  Max: inf  Default: inf
Warning: variables 0 and 140 have the same name "X[N02,N01]"
Warning: linear constraint 156 and linear constraint 157 have the same name "weight-constr-t5"
Warning: to let Gurobi read it back, use rlp format
Gurobi Optimizer version 9.1.2 build v9.1.2rc0 (linux64)
Thread count: 32 physical cores, 64 logical processors, using up to 32 threads
Optimize a model with 996 rows, 840 columns and 2994 nonzeros
Model fingerprint: 0x28858afc
Variable types: 150 continuous, 690 integer (690 binary)
Coefficient statistics:
  Matrix range     [1e+00, 1e+06]
  Objective range  [2e-01, 2e-01]
  Bounds range     [1e+00, 5e+05]
  RHS range        [1e+00, 1e+06]
Presolve removed 60 rows and 66 columns
Presolve time: 0.02s
Presolved: 936 rows, 774 columns, 3953 nonzeros
Variable types: 144 continuous, 630 integer (630 binary)

Root relaxation: objective 2.400000e+01, 102 iterations, 0.00 seconds

    Nodes    |    Current Node    |     Objective Bounds      |     Work
 Expl Unexpl |  Obj  Depth IntInf | Incumbent    BestBd   Gap | It/Node Time

     0     0   24.00000    0   17          -   24.00000      -     -    0s
     0     0   24.00000    0   27          -   24.00000      -     -    0s
H    0     0                    1525.8333327   24.00000  98.4%     -    0s
H    0     0                    1524.3333333   24.00000  98.4%     -    0s
     0     0   24.00000    0   15 1524.33333   24.00000  98.4%     -    0s
H    0     0                    1481.9999999   24.00000  98.4%     -    0s
     0     0   24.00000    0   19 1482.00000   24.00000  98.4%     -    0s
H    0     0                     460.8333333   24.00000  94.8%     -    0s
H    0     0                     460.6666666   24.00000  94.8%     -    0s
H    0     0                     170.3333333   24.00000  85.9%     -    0s
     0     0   24.00000    0   18  170.33333   24.00000  85.9%     -    0s
H    0     0                     107.3333333   24.00000  77.6%     -    0s
H    0     0                      96.5000000   24.00000  75.1%     -    0s
     0     0   24.00000    0   12   96.50000   24.00000  75.1%     -    0s
H    0     0                      94.1666667   24.00000  74.5%     -    0s
     0     0   24.00000    0   12   94.16667   24.00000  74.5%     -    0s
     0     0   24.00000    0   14   94.16667   24.00000  74.5%     -    0s
H    0     0                      83.3333333   24.00000  71.2%     -    0s
H    0     0                      60.1666667   24.00000  60.1%     -    0s
H    0     0                      59.8333333   24.00000  59.9%     -    0s
     0     2   24.00000    0   14   59.83333   24.00000  59.9%     -    0s
H   36    64                      59.6666667   24.00000  59.8%  12.2    0s
H   40    64                      57.1666667   24.00000  58.0%  11.1    0s
H   96   124                      56.6666667   24.00000  57.6%   6.8    1s
H   99   124                      56.0000000   24.00000  57.1%   6.7    1s
H  100   124                      55.6666667   24.00000  56.9%   6.7    1s
H  104   124                      55.3333333   24.00000  56.6%   6.5    1s
H  184   176                      55.3333332   24.00000  56.6%   5.5    2s
H  185   176                      54.5000000   24.00000  56.0%   5.5    2s
H  643   911                      54.3333333   24.00000  55.8%   9.3    2s
H  659   911                      54.0000000   24.00000  55.6%   9.2    2s
H  691   911                      53.6666667   24.00000  55.3%   8.9    2s
H 1013   911                      53.3333333   24.00000  55.0%   8.6    2s
H 1142   937                      52.3333333   24.00000  54.1%   8.1    3s
H 1148   937                      52.0833333   24.00000  53.9%   8.0    3s
H 1154   937                      51.6666667   24.00000  53.5%   8.0    3s
H 1166   937                      51.5000000   24.00000  53.4%   8.0    3s
H 1177  1090                      50.8333333   24.00000  52.8%   8.0    4s
H 1178  1090                      50.6666667   24.00000  52.6%   8.0    4s
H 3045  2340                      50.6666664   24.00000  52.6%   6.4    4s
H 5007  3913                      50.6666663   24.00000  52.6%   6.1    4s
  5283  3914   26.00000   30   14   50.66667   24.00000  52.6%   6.1    5s
H 5289  3722                      50.6666660   24.00000  52.6%   6.1    5s
H 5294  3538                      50.6666659   24.00000  52.6%   6.1    5s
H 5294  3361                      50.6666659   24.00000  52.6%   6.1    5s
H 5332  3246                      50.6666658   24.00000  52.6%   8.0    5s
H 5349  3080                      50.6666658   24.00000  52.6%   8.1    5s
H 5390  2978                      50.6666657   24.00000  52.6%   8.3    7s
H 5391  2833                      50.6666657   24.00000  52.6%   8.3    7s
H 5414  2688                      50.6666657   24.00000  52.6%   8.4    7s
H 5467  2591                      50.6666656   24.00000  52.6%   8.5    7s
  8185  3846   24.00000   44   83   50.66667   24.00000  52.6%  12.1   10s
H 8214  3712                      50.6666605   24.00000  52.6%  12.2   10s
H 8455  4264                      50.6666603   24.00000  52.6%  12.7   10s
H10282  4454                      50.6666494   24.00000  52.6%  15.3   11s
H10309  4339                      50.6666494   24.00000  52.6%  15.3   11s
H10706  4105                      50.6666487   24.00000  52.6%  16.0   11s
H11320  3999                      50.6666485   24.00000  52.6%  16.4   11s
H22367 10987                      50.6666485   24.00000  52.6%  26.4   14s
 24676 11009 infeasible   79        50.66665   24.00000  52.6%  28.0   15s
H34879 16740                      50.6666412   24.00000  52.6%  33.4   17s
H36159 17519                      50.6665782   24.00000  52.6%  33.6   17s
H37390 17519                      50.6665359   24.00000  52.6%  34.2   17s
H37719 17730                      50.6665319   24.00000  52.6%  34.3   18s
 42504 21872 infeasible   52        50.66653   24.00000  52.6%  36.9   20s
H56424 26938                      50.6665318   24.00000  52.6%  40.4   22s
 67559 33015 infeasible   77        50.66653   24.00000  52.6%  42.2   25s
 95970 44150   42.50000   75   52   50.66653   24.00000  52.6%  43.7   30s
H105798 46183                      50.6665318   24.00000  52.6%  43.8   31s
 112180 48175 infeasible   50        50.66653   24.00000  52.6%  43.9   35s
 135807 61842   24.00000   49   81   50.66653   24.00000  52.6%  43.5   40s
H136315 61842                      50.6665318   24.00000  52.6%  43.5   40s
 158598 70781 infeasible   87        50.66653   24.00000  52.6%  43.7   45s
 183902 82624   24.00000   50   93   50.66653   24.00000  52.6%  44.2   50s
 199406 87822   28.50000   82   65   50.66653   24.00000  52.6%  44.5   55s
H209920 91771                      50.6665318   24.00000  52.6%  44.5   57s
 226222 97865 infeasible   91        50.66653   24.00000  52.6%  44.6   60s
 251724 109859   26.42169   87   66   50.66653   24.00000  52.6%  44.9   65s
H260376 111683                      50.6665317   24.00000  52.6%  45.0   66s
 275889 118031 infeasible   63        50.66653   24.00000  52.6%  45.2   70s
 289705 122697   26.68151   84   68   50.66653   24.00000  52.6%  45.3   75s
 314169 134370   25.40740   64   57   50.66653   24.00000  52.6%  45.1   80s
 334500 140247   27.00000   93   43   50.66653   24.00000  52.6%  45.2   87s
 339946 143773 infeasible   89        50.66653   24.00000  52.6%  45.2   90s
 365867 153144 infeasible   94        50.66653   24.00000  52.6%  45.3   95s
 389467 162276   42.83333   83   50   50.66653   24.00000  52.6%  45.2  100s
 415692 174088   24.00000   64   75   50.66653   24.00000  52.6%  45.3  105s
 442638 183761   45.32037  107   39   50.66653   24.00000  52.6%  45.3  110s
 461045 190287 infeasible   93        50.66653   24.00000  52.6%  45.2  115s
 461100 203145   41.50000   93   43   50.66653   24.00000  52.6%  45.2  122s
 499559 206700   26.83534   59   77   50.66653   24.00000  52.6%  45.2  125s
 524626 218089   29.66667   60   60   50.66653   24.00000  52.6%  45.1  130s
 554133 230017 infeasible   66        50.66653   24.00000  52.6%  45.1  135s
 580919 239697   26.17241   72   74   50.66653   24.00000  52.6%  45.1  140s
H592180 242136                      50.5000000   24.00000  52.5%  45.0  142s
 595523 246368 infeasible  110        50.50000   24.00000  52.5%  45.0  145s
H603579 248564                      50.5000000   24.00000  52.5%  45.0  146s
H608890 250845                      50.5000000   24.00000  52.5%  44.9  147s
H611898 250845                      50.4999998   24.00000  52.5%  44.9  147s
H614957 252964                      50.4999997   24.00000  52.5%  44.8  148s
H615100 252964                      50.4999997   24.00000  52.5%  44.8  148s
H616670 252964                      50.4999997   24.00000  52.5%  44.8  148s
H617611 252964                      50.4999997   24.00000  52.5%  44.8  148s
H620839 252964                      50.4999987   24.00000  52.5%  44.8  148s
H621602 253563                      50.4999986   24.00000  52.5%  44.8  149s
H623458 253563                      50.4999985   24.00000  52.5%  44.8  149s
 623472 255705   33.66667   63   63   50.50000   24.00000  52.5%  44.8  150s
H623500 255705                      50.4999985   24.00000  52.5%  44.8  150s
H624078 255705                      50.4999985   24.00000  52.5%  44.8  150s
H624178 255705                      50.4999985   24.00000  52.5%  44.8  151s
H624532 255705                      50.4999984   24.00000  52.5%  44.8  151s
 634770 257569 infeasible   79        50.50000   24.00000  52.5%  44.7  156s
 641880 260664 infeasible   93        50.50000   24.00000  52.5%  44.7  160s
 643757 263734   26.77452   78   49   50.50000   24.00000  52.5%  44.7  165s
 651345 276442   47.00000   59   32   50.50000   24.00000  52.5%  44.7  175s
H685043 279211                      50.4999983   24.00000  52.5%  44.5  176s
H690841 280797                      50.4999983   24.00000  52.5%  44.4  177s
H692034 280797                      50.4999982   24.00000  52.5%  44.4  177s
H693808 280797                      50.4999981   24.00000  52.5%  44.4  177s
H695439 280797                      50.4999981   24.00000  52.5%  44.4  178s
H696397 281816                      50.4999980   24.00000  52.5%  44.3  178s
H697825 281816                      50.4999980   24.00000  52.5%  44.3  178s
 705323 285283 infeasible  101        50.50000   24.00000  52.5%  44.2  180s
H705530 285283                      50.4999980   24.00000  52.5%  44.2  180s
 727650 290515   24.83333  103   67   50.50000   24.00000  52.5%  43.9  186s
 738047 296269   33.68721  107   68   50.50000   24.00000  52.5%  43.8  190s
H759636 300225                      50.4999978   24.00000  52.5%  43.5  194s
 759662 301261   31.16667   78   48   50.50000   24.00000  52.5%  43.5  195s
H760133 301261                      50.4999976   24.00000  52.5%  43.5  195s
H761578 301261                      50.4999976   24.00000  52.5%  43.5  195s
H762230 301261                      50.4999975   24.00000  52.5%  43.5  195s
H764421 302734                      50.4999975   24.00000  52.5%  43.4  199s
H768210 302734                      50.4999975   24.00000  52.5%  43.3  199s
 769391 303891 infeasible  111        50.50000   24.00000  52.5%  43.3  200s
H770033 303891                      50.4999975   24.00000  52.5%  43.3  200s
H775505 305569                      50.4999598   24.00000  52.5%  43.2  201s
H779276 307448                      50.4999236   24.00000  52.5%  43.1  202s
H788486 308625                      50.4999236   24.00000  52.5%  43.0  203s
 796795 310618   33.35341  116   53   50.49992   24.00000  52.5%  42.8  207s
 805618 314851 infeasible  106        50.49992   24.00000  52.5%  42.7  210s
H820179 318673                      50.4999235   24.00000  52.5%  42.6  212s
 832699 322158   32.83333  108   60   50.49992   24.00000  52.5%  42.5  215s
 848391 327668   24.00000   80   75   50.49992   24.00000  52.5%  42.4  220s
 871671 336434     cutoff   66        50.49992   24.00000  52.5%  42.3  225s
 894042 345415   24.00000   47   68   50.49992   24.00000  52.5%  42.3  230s
 905603 354204   27.00000   58   54   50.49992   24.00000  52.5%  42.2  235s
 928516 360599   24.33333   44   81   50.49992   24.00000  52.5%  42.2  240s
 950230 366417   24.50613   52   65   50.49992   24.00000  52.5%  42.1  246s
 964743 374009   24.00000   53   64   50.49992   24.00000  52.5%  42.0  250s
 986075 380137   24.00000   63   54   50.49992   24.00000  52.5%  41.9  256s
 991283 383427   24.52470   82   71   50.49992   24.00000  52.5%  41.9  260s
 996380 395304   27.33333   79   49   50.49992   24.00000  52.5%  41.9  271s
 1040288 401309   26.00000   87   50   50.49992   24.00000  52.5%  41.7  275s
 1049946 405467   24.00000   55   72   50.49992   24.00000  52.5%  41.7  280s
 1074087 412376   25.00000   78   64   50.49992   24.00000  52.5%  41.6  285s
 1098945 419668   24.00000   58   68   50.49992   24.00000  52.5%  41.5  291s
 1117311 426764   44.00000   76   55   50.49992   24.00000  52.5%  41.5  295s
 1138498 434096   24.83333   92   56   50.49992   24.00000  52.5%  41.4  300s
 1150891 437014 infeasible   87        50.49992   24.00000  52.5%  41.3  305s
 1173974 445870 infeasible   83        50.49992   24.00000  52.5%  41.3  310s
 1190190 450356   24.03175   55   73   50.49992   24.00000  52.5%  41.3  316s
 1205793 457225   29.50000   86   59   50.49992   24.00000  52.5%  41.2  320s
 1215405 459419 infeasible   90        50.49992   24.00000  52.5%  41.2  325s
 1215459 471669   24.00000   49   60   50.49992   24.00000  52.5%  41.2  330s
 1247707 484225 infeasible   84        50.49992   24.00000  52.5%  41.2  337s
 1292079 490011   25.33333   71   74   50.49992   24.00000  52.5%  41.1  340s
 1310170 497290   24.85536   51   71   50.49992   24.00000  52.5%  41.1  347s
 1310213 510071 infeasible   52        50.49992   24.00000  52.5%  41.1  351s
 1342245 510090   28.66667   72   46   50.49992   24.00000  52.5%  41.0  355s
 1342290 521437   48.15385   73   51   50.49992   24.00000  52.5%  41.0  364s
 1344292 521437   47.33333   79   43   50.49992   24.00000  52.5%  41.0  365s
 1396106 529697   37.73092   91   48   50.49992   24.00000  52.5%  40.8  370s
 1408000 536180   25.16800   79   47   50.49992   24.00000  52.5%  40.7  375s
 1436681 546831 infeasible   66        50.49992   24.00000  52.5%  40.7  380s
 1450725 549579   27.00000   63   71   50.49992   24.00000  52.5%  40.6  387s
 1452220 552711   42.16667   75   49   50.49992   24.00000  52.5%  40.6  390s
 1475091 563390   25.00602   66   67   50.49992   24.00000  52.5%  40.6  395s
 1496490 569200   34.83333   86   53   50.49992   24.00000  52.5%  40.5  400s
 1520083 579006   50.22490  109   45   50.49992   24.00000  52.5%  40.5  405s
 1529641 582304   27.00000   92   67   50.49992   24.00000  52.5%  40.5  410s
 1545475 586320   33.16667   59   52   50.49992   24.00000  52.5%  40.4  416s
 1558216 591709   35.50000   68   46   50.49992   24.00000  52.5%  40.4  420s
 1578462 600945   24.33333   79   71   50.49992   24.00000  52.5%  40.4  425s
 1598345 607121   41.16667   99   56   50.49992   24.00000  52.5%  40.4  431s
 1598843 619790   25.33333   84   80   50.49992   24.00000  52.5%  40.4  436s
 1630875 619802   28.20370   73   64   50.49992   24.00000  52.5%  40.3  441s
 1630927 632523   28.27778   74   60   50.49992   24.00000  52.5%  40.3  445s
 1677566 641003   25.00000   67   78   50.49992   24.00000  52.5%  40.3  450s
 1701227 650991   24.66667   50   72   50.49992   24.00000  52.5%  40.3  455s
 1723896 658155   26.66667   90   79   50.49992   24.00000  52.5%  40.2  460s
 1731375 659419   48.00000   86   36   50.49992   24.00000  52.5%  40.2  466s
 1744620 664369   28.16667   79   58   50.49992   24.00000  52.5%  40.2  472s
 1754605 669345   28.02843   90   78   50.49992   24.00000  52.5%  40.3  476s
 1769417 675139     cutoff  113        50.49992   24.00000  52.5%  40.3  481s
 1787944 682872   24.00000   53   78   50.49992   24.00000  52.5%  40.2  486s
 1813074 692904   24.00000   52   73   50.49992   24.00000  52.5%  40.2  490s
 1826409 701570   25.33333   74   65   50.49992   24.00000  52.5%  40.2  495s
 1842505 706184   27.00000   77   68   50.49992   24.00000  52.5%  40.1  500s
 1863863 718454   24.00000   27   79   50.49992   24.00000  52.5%  40.1  505s
 1881190 723360 infeasible   47        50.49992   24.00000  52.5%  40.1  514s
 1881235 736785   41.03796   47   51   50.49992   24.00000  52.5%  40.1  522s
 1918802 741960 infeasible   90        50.49992   24.00000  52.5%  40.0  525s
 1929623 745068   25.00000   61   81   50.49992   24.00000  52.5%  40.0  531s
 1950925 751483   24.00000   75   61   50.49992   24.00000  52.5%  40.0  537s
 1955897 755757 infeasible   62        50.49992   24.00000  52.5%  40.0  541s
 1984011 766960   24.00000   77   78   50.49992   24.00000  52.5%  39.9  545s
 1997031 773990   24.00000   64   66   50.49992   24.00000  52.5%  39.9  550s
 2020935 781660   27.83333   89   44   50.49992   24.00000  52.5%  39.9  556s
 2034732 787996   24.66667   58   74   50.49992   24.00000  52.5%  39.9  560s
H2039449 790285                      50.4999235   24.00000  52.5%  39.9  562s
H2050971 793485                      50.4999235   24.00000  52.5%  39.9  564s
 2051495 794784   24.00000   68   65   50.49992   24.00000  52.5%  39.9  565s
 2073140 805284   43.00610   62   60   50.49992   24.00000  52.5%  39.9  571s
 2094452 815698   29.50000   90   62   50.49992   24.00000  52.5%  39.8  576s
 2100587 830044     cutoff   57        50.49992   24.00000  52.5%  39.8  583s
 2132619 832688   24.66667   82   63   50.49992   24.00000  52.5%  39.8  585s
 2164532 844082     cutoff   86        50.49992   24.00000  52.5%  39.8  591s
 2190041 853730   29.33333   91   52   50.49992   24.00000  52.5%  39.7  595s
 2212490 860583 infeasible   93        50.49992   24.00000  52.5%  39.7  600s

Cutting planes:
  Learned: 95
  Gomory: 13
  Cover: 167
  Implied bound: 72
  Clique: 46
  MIR: 400
  StrongCG: 4
  Flow cover: 607
  GUB cover: 4
  Zero half: 3
  RLT: 42
  Relax-and-lift: 293

Cleanup yields a better solution

Explored 2216594 nodes (87978040 simplex iterations) in 600.05 seconds
Thread count was 32 (of 64 available processors)

Solution count 10: 50.4999 50.5 50.5 ... 50.5

Time limit reached
Best objective 5.026613616395e+01, best bound 2.400000000000e+01, gap 52.2541%
