
Gurobi 9.1.2 (linux64) logging started Wed Mar 30 15:32:28 2022

Changed value of parameter LogFile to france_v-N04.log
   Prev:   Default: 
Changed value of parameter MIPFocus to 1
   Prev: 0  Min: 0  Max: 3  Default: 0
Changed value of parameter TimeLimit to 600.0
   Prev: inf  Min: 0.0  Max: inf  Default: inf
Warning: variables 0 and 140 have the same name "X[N02,N01]"
Warning: linear constraint 156 and linear constraint 157 have the same name "weight-constr-t5"
Warning: to let Gurobi read it back, use rlp format
Gurobi Optimizer version 9.1.2 build v9.1.2rc0 (linux64)
Thread count: 32 physical cores, 64 logical processors, using up to 32 threads
Optimize a model with 984 rows, 840 columns and 2964 nonzeros
Model fingerprint: 0xbe226ae9
Variable types: 150 continuous, 690 integer (690 binary)
Coefficient statistics:
  Matrix range     [1e+00, 1e+06]
  Objective range  [2e-01, 2e-01]
  Bounds range     [1e+00, 5e+05]
  RHS range        [1e+00, 1e+06]
Presolve removed 90 rows and 102 columns
Presolve time: 0.02s
Presolved: 894 rows, 738 columns, 3542 nonzeros
Variable types: 138 continuous, 600 integer (594 binary)

Root relaxation: objective 2.400000e+01, 100 iterations, 0.00 seconds

    Nodes    |    Current Node    |     Objective Bounds      |     Work
 Expl Unexpl |  Obj  Depth IntInf | Incumbent    BestBd   Gap | It/Node Time

     0     0   24.00000    0   43          -   24.00000      -     -    0s
H    0     0                      45.1666667   24.00000  46.9%     -    0s
H    0     0                      44.6666667   24.00000  46.3%     -    0s
     0     0   24.00000    0   59   44.66667   24.00000  46.3%     -    0s
H    0     0                      43.0000000   24.00000  44.2%     -    0s
     0     0   24.00000    0   59   43.00000   24.00000  44.2%     -    0s
     0     0   24.00000    0   31   43.00000   24.00000  44.2%     -    0s
     0     0   24.00000    0   42   43.00000   24.00000  44.2%     -    0s
     0     0   24.00000    0   25   43.00000   24.00000  44.2%     -    0s
     0     0   24.00000    0   32   43.00000   24.00000  44.2%     -    0s
     0     0   24.00000    0   33   43.00000   24.00000  44.2%     -    0s
     0     0   24.00000    0   40   43.00000   24.00000  44.2%     -    0s
     0     0   24.00000    0   23   43.00000   24.00000  44.2%     -    0s
H    0     0                      42.0000000   24.00000  42.9%     -    0s
H    0     0                      38.8333333   24.00000  38.2%     -    0s
     0     2   24.00000    0   22   38.83333   24.00000  38.2%     -    0s
H   38    64                      38.6666667   24.00000  37.9%  24.2    0s
H   95   128                      37.9166667   24.00000  36.7%  16.4    1s
H  102   128                      37.8333333   24.00000  36.6%  15.5    1s
H  102   128                      37.0000000   24.00000  35.1%  15.5    1s
H  159   192                      36.1666667   24.00000  33.6%  11.4    2s
H  160   192                      36.0000000   24.00000  33.3%  11.3    2s
H 2628  4245                      35.9999777   24.00000  33.3%   5.8    4s
H 4660  6494                      35.9562565   24.00000  33.3%   5.6    5s
 20497 12584   34.51168   81   45   35.95626   24.00000  33.3%  23.4   12s
 27727 14517   24.02011   79   66   35.95626   24.00000  33.3%  28.4   16s
 43407 17169   27.00120   91   69   35.95626   24.00000  33.3%  32.5   21s
 63967 28166   34.84419   86   77   35.95626   24.00000  33.3%  33.7   25s
 103623 43369   24.33333   72   69   35.95626   24.00000  33.3%  38.3   30s
 120275 50148   24.00000   51   95   35.95626   24.00000  33.3%  39.6   35s
 126128 55213     cutoff   76        35.95626   24.00000  33.3%  40.4   40s
 165928 72462   24.00000   59  105   35.95626   24.00000  33.3%  42.0   45s
 205313 87779     cutoff   93        35.95626   24.00000  33.3%  42.7   50s
 241439 100147   34.83333   87   73   35.95626   24.00000  33.3%  43.6   55s
 281602 114873   31.16667   89   58   35.95626   24.00000  33.3%  44.3   60s
 294047 117958   29.50000   92   57   35.95626   24.00000  33.3%  44.5   66s
 306657 124411 infeasible   94        35.95626   24.00000  33.3%  44.6   70s
 344462 137639 infeasible   95        35.95626   24.00000  33.3%  44.6   75s
 348797 150247   27.16667  100   66   35.95626   24.00000  33.3%  44.6   84s
 380829 152794   32.42961   63   46   35.95626   24.00000  33.3%  44.5   85s
 393167 154232   29.83333   68   58   35.95626   24.00000  33.3%  44.3   90s
 406682 159368   30.33333  116   48   35.95626   24.00000  33.3%  44.1   96s
 430642 171412   33.19668  109   60   35.95626   24.00000  33.3%  43.8  100s
 446527 176114     cutoff   96        35.95626   24.00000  33.3%  43.5  105s
 478602 189320   28.54167   83   51   35.95626   24.00000  33.3%  43.4  111s
 478647 202207     cutoff   84        35.95626   24.00000  33.3%  43.4  115s
 524642 207098     cutoff   96        35.95626   24.00000  33.3%  43.3  120s
 551307 215721   27.06667  103   54   35.95626   24.00000  33.3%  43.1  126s
 555392 216983   24.33333   81   75   35.95626   24.00000  33.3%  43.0  131s
 586291 229704   34.35428   86   48   35.95626   24.00000  33.3%  42.7  135s
 624734 246668   34.85048   96   46   35.95626   24.00000  33.3%  42.3  140s
 657978 261650   28.35026   77   69   35.95626   24.00000  33.3%  42.0  145s
 665052 274942   27.35906   82   61   35.95626   24.00000  33.3%  42.0  152s
 705091 280461 infeasible   94        35.95626   24.00000  33.3%  41.8  155s
 730077 286878     cutoff   97        35.95626   24.00000  33.3%  41.7  160s
 769299 301851   34.79630   87   55   35.95626   24.00000  33.3%  41.6  165s
 810947 312726   24.91667   87   66   35.95626   24.00000  33.3%  41.6  170s
 842727 321612   24.00000   83   80   35.95626   24.00000  33.3%  41.7  175s
 885444 333433 infeasible   97        35.95626   24.00000  33.3%  41.6  180s
 923766 344918     cutoff  110        35.95626   24.00000  33.3%  41.6  185s
 963299 356661 infeasible  103        35.95626   24.00000  33.3%  41.5  190s
 987882 362076   28.12320   76   66   35.95626   24.00000  33.3%  41.6  195s
 1015970 372457   32.66667   90   58   35.95626   24.00000  33.3%  41.5  200s
 1043277 380138   24.00000   93   74   35.95626   24.00000  33.3%  41.4  207s
 1064417 388871   28.00000   97   51   35.95626   24.00000  33.3%  41.3  212s
 1079247 394312   33.85906   96   53   35.95626   24.00000  33.3%  41.2  217s
 1079289 407988   34.33333   97   51   35.95626   24.00000  33.3%  41.2  220s
 1111585 421543   34.00000   90   51   35.95626   24.00000  33.3%  41.1  225s
 1143663 432862   24.83333   86   60   35.95626   24.00000  33.3%  41.1  232s
 1189667 436890 infeasible   91        35.95626   24.00000  33.3%  41.0  237s
 1204812 442150     cutoff   88        35.95626   24.00000  33.3%  41.0  243s
 1204869 454177   35.00000   86   48   35.95626   24.00000  33.3%  41.0  246s
 1253251 463169   34.28390  119   59   35.95626   24.00000  33.3%  40.8  250s
H1256169 460800                      35.5000000   24.00000  32.4%  40.7  250s
H1261045 462349                      35.4999329   24.00000  32.4%  40.7  250s
 1289018 474474     cutoff   87        35.49993   24.00000  32.4%  40.7  255s
 1296241 479107   24.00000   73   62   35.49993   24.00000  32.4%  40.6  260s
 1330155 491108   27.02573   74   69   35.49993   24.00000  32.4%  40.6  265s
 1335990 502594     cutoff   91        35.49993   24.00000  32.4%  40.6  271s
 1368022 502604   30.29530  101   60   35.49993   24.00000  32.4%  40.6  276s
 1368071 513975 infeasible  102        35.49993   24.00000  32.4%  40.6  280s
 1431979 527843   28.00000   79   58   35.49993   24.00000  32.4%  40.6  285s
 1457545 538279 infeasible   99        35.49993   24.00000  32.4%  40.6  290s
 1491478 553687   34.52787  101   91   35.49993   24.00000  32.4%  40.5  295s
 1525025 568190   25.53290   82   70   35.49993   24.00000  32.4%  40.5  300s
 1542737 572917   27.83333  102   57   35.49993   24.00000  32.4%  40.5  305s
 1571523 585236     cutoff   53        35.49993   24.00000  32.4%  40.5  310s
 1604077 597790   34.00076   52   78   35.49993   24.00000  32.4%  40.5  315s
 1616062 600081   32.17074   72   53   35.49993   24.00000  32.4%  40.5  322s
 1632472 605857   26.05145   90   72   35.49993   24.00000  32.4%  40.5  326s
 1632517 617201   34.69033   93   57   35.49993   24.00000  32.4%  40.5  333s
 1669857 621530 infeasible   97        35.49993   24.00000  32.4%  40.5  336s
 1698553 633557   33.50000   86   33   35.49993   24.00000  32.4%  40.5  340s
H1710399 635937                      35.4999129   24.00000  32.4%  40.5  341s
 1730250 644485   33.73612   83   43   35.49991   24.00000  32.4%  40.5  345s
 1761737 653827     cutoff   82        35.49991   24.00000  32.4%  40.5  351s
 1793817 666142   28.50000   59   64   35.49991   24.00000  32.4%  40.6  358s
 1793866 678752   28.54288   60   61   35.49991   24.00000  32.4%  40.6  363s
 1831907 682714   24.33333   53   58   35.49991   24.00000  32.4%  40.6  366s
 1859549 693312   31.50000   69   54   35.49991   24.00000  32.4%  40.6  370s
 1891537 703625   25.34885   83   73   35.49991   24.00000  32.4%  40.6  376s
 1909602 716092 infeasible   87        35.49991   24.00000  32.4%  40.6  380s
 1951196 729341   33.51389   83   56   35.49991   24.00000  32.4%  40.7  385s
 1981833 740259   26.66667   75   71   35.49991   24.00000  32.4%  40.7  390s
 2004857 747460   28.77979   74   77   35.49991   24.00000  32.4%  40.7  396s
 2031548 758185   25.16667   65   65   35.49991   24.00000  32.4%  40.7  400s
 2047432 762538   24.00000   78   54   35.49991   24.00000  32.4%  40.6  405s
 2086045 779820 infeasible   96        35.49991   24.00000  32.4%  40.6  410s
 2113411 791524     cutoff   69        35.49991   24.00000  32.4%  40.6  415s
 2147607 802951   24.50000   55   68   35.49991   24.00000  32.4%  40.6  422s
 2147644 816183   24.50000   56   68   35.49991   24.00000  32.4%  40.6  426s
 2194663 825842   34.66667  108   62   35.49991   24.00000  32.4%  40.7  430s
 2210492 845136     cutoff  107        35.49991   24.00000  32.4%  40.8  441s
 2257087 852776   32.83333   80   51   35.49991   24.00000  32.4%  40.9  446s
 2286982 862121   24.88466   91   63   35.49991   24.00000  32.4%  40.9  452s
 2300742 867055   26.50000   98   66   35.49991   24.00000  32.4%  40.9  457s
 2307022 869234     cutoff   78        35.49991   24.00000  32.4%  40.9  463s
 2307073 880617   27.66667   84   58   35.49991   24.00000  32.4%  40.9  466s
 2354672 888162   30.23314  109   82   35.49991   24.00000  32.4%  40.9  470s
 2364273 893738 infeasible   64        35.49991   24.00000  32.4%  40.9  475s
 2381606 900850 infeasible   90        35.49991   24.00000  32.4%  40.9  480s
 2410357 912129   24.33333   87   78   35.49991   24.00000  32.4%  41.0  487s
 2428482 922711   26.33333   86   67   35.49991   24.00000  32.4%  41.0  491s
 2431981 928522   24.00000   83   75   35.49991   24.00000  32.4%  41.0  496s
 2445432 930672   24.00000   85   74   35.49991   24.00000  32.4%  41.0  500s
 2476171 946210   29.83333  106   54   35.49991   24.00000  32.4%  41.0  505s
 2507616 960113     cutoff   81        35.49991   24.00000  32.4%  41.1  510s
 2540017 972949     cutoff   93        35.49991   24.00000  32.4%  41.1  515s
 2544191 975520   29.33333   87   46   35.49991   24.00000  32.4%  41.1  520s
 2578868 989260   29.86024  111   71   35.49991   24.00000  32.4%  41.2  525s
 2611811 1004074   29.33762  100   54   35.49991   24.00000  32.4%  41.2  530s
 2631197 1011310   25.36364  105   74   35.49991   24.00000  32.4%  41.2  536s
 2639081 1018686   24.00022   95   97   35.49991   24.00000  32.4%  41.2  540s
 2670755 1031295 infeasible  100        35.49991   24.00000  32.4%  41.3  545s
 2681827 1033936   24.00000   83   70   35.49991   24.00000  32.4%  41.3  552s
 2698829 1043323   33.29584   95   53   35.49991   24.00000  32.4%  41.3  555s
 2723046 1056081   27.00000   95   60   35.49991   24.00000  32.4%  41.3  560s
 2740372 1060147   34.33333  121   62   35.49991   24.00000  32.4%  41.3  565s
 2768707 1075416   27.39476  111   60   35.49991   24.00000  32.4%  41.3  570s
 2796137 1086090   32.17524  109   70   35.49991   24.00000  32.4%  41.4  576s
 2815306 1098337   24.01715   91   67   35.49991   24.00000  32.4%  41.4  580s
 2849940 1112375   31.66667   99   68   35.49991   24.00000  32.4%  41.4  585s
 2878598 1123934     cutoff   93        35.49991   24.00000  32.4%  41.5  590s
 2907077 1137016   33.16667   83   50   35.49991   24.00000  32.4%  41.5  595s
 2932282 1145377 infeasible   84        35.49991   24.00000  32.4%  41.5  600s

Cutting planes:
  Learned: 115
  Gomory: 24
  Cover: 157
  Implied bound: 76
  Clique: 52
  MIR: 514
  StrongCG: 7
  Flow cover: 709
  GUB cover: 4
  RLT: 49
  Relax-and-lift: 321

Cleanup yields a better solution

Explored 2932335 nodes (121833696 simplex iterations) in 600.02 seconds
Thread count was 32 (of 64 available processors)

Solution count 10: 35.4999 35.5 35.9563 ... 38.8333

Time limit reached
Best objective 3.466666541758e+01, best bound 2.400000000001e+01, gap 30.7692%
