
Gurobi 9.1.2 (linux64) logging started Wed Mar 30 14:12:07 2022

Changed value of parameter LogFile to france_v-N23.log
   Prev:   Default: 
Changed value of parameter MIPFocus to 1
   Prev: 0  Min: 0  Max: 3  Default: 0
Changed value of parameter TimeLimit to 600.0
   Prev: inf  Min: 0.0  Max: inf  Default: inf
Warning: variables 0 and 140 have the same name "X[N02,N01]"
Warning: linear constraint 156 and linear constraint 157 have the same name "weight-constr-t5"
Warning: to let Gurobi read it back, use rlp format
Gurobi Optimizer version 9.1.2 build v9.1.2rc0 (linux64)
Thread count: 32 physical cores, 64 logical processors, using up to 32 threads
Optimize a model with 996 rows, 840 columns and 2994 nonzeros
Model fingerprint: 0xb4de749a
Variable types: 150 continuous, 690 integer (690 binary)
Coefficient statistics:
  Matrix range     [1e+00, 1e+06]
  Objective range  [2e-01, 2e-01]
  Bounds range     [1e+00, 5e+05]
  RHS range        [1e+00, 1e+06]
Presolve removed 66 rows and 72 columns
Presolve time: 0.02s
Presolved: 930 rows, 768 columns, 3841 nonzeros
Variable types: 144 continuous, 624 integer (624 binary)

Root relaxation: objective 2.400000e+01, 104 iterations, 0.00 seconds

    Nodes    |    Current Node    |     Objective Bounds      |     Work
 Expl Unexpl |  Obj  Depth IntInf | Incumbent    BestBd   Gap | It/Node Time

     0     0   24.00000    0   26          -   24.00000      -     -    0s
H    0     0                      84.0000000   24.00000  71.4%     -    0s
H    0     0                      83.0000000   24.00000  71.1%     -    0s
     0     0   24.00000    0   56   83.00000   24.00000  71.1%     -    0s
H    0     0                      67.0000000   24.00000  64.2%     -    0s
H    0     0                      50.6666667   24.00000  52.6%     -    0s
H    0     0                      50.0000013   24.00000  52.0%     -    0s
     0     0   24.00000    0   11   50.00000   24.00000  52.0%     -    0s
H    0     0                      49.8333333   24.00000  51.8%     -    0s
     0     0   24.00000    0   21   49.83333   24.00000  51.8%     -    0s
H    0     0                      49.6666667   24.00000  51.7%     -    0s
     0     0   24.00000    0   21   49.66667   24.00000  51.7%     -    0s
H    0     0                      49.5000000   24.00000  51.5%     -    0s
     0     0   24.00000    0   22   49.50000   24.00000  51.5%     -    0s
     0     0   24.00000    0   16   49.50000   24.00000  51.5%     -    0s
     0     0   24.00000    0   22   49.50000   24.00000  51.5%     -    0s
H    0     0                      49.1666667   24.00000  51.2%     -    0s
H    0     0                      48.6666667   24.00000  50.7%     -    0s
     0     2   24.00000    0   13   48.66667   24.00000  50.7%     -    0s
H   29    48                      48.5000000   24.00000  50.5%  16.4    0s
H   50    48                      48.1666667   24.00000  50.2%  13.4    0s
H   84   112                      48.0000000   24.00000  50.0%  10.2    1s
H   91   112                      47.8333333   24.00000  49.8%   9.6    1s
H  147   176                      47.6666667   24.00000  49.7%   7.8    2s
H  154   176                      47.5000000   24.00000  49.5%   7.9    2s
H  907   902                      47.4999999   24.00000  49.5%   6.0    4s
H 1175  1659                      47.4999999   24.00000  49.5%   5.6    4s
  1842  1688   28.33333   31   26   47.50000   24.00000  49.5%   5.4    5s
H 1871  1688                      47.4999998   24.00000  49.5%   5.4    5s
  5992  4911   24.33333   18   85   47.50000   24.00000  49.5%   7.9   11s
H 6016  4663                      47.4999996   24.00000  49.5%   7.9   11s
H 7116  6156                      47.4999982   24.00000  49.5%  10.3   12s
H 7297  5879                      47.4999664   24.00000  49.5%  10.5   12s
 12064  6632   27.50000   38   68   47.49997   24.00000  49.5%  15.9   15s
H15580  8429                      47.3333333   24.00000  49.3%  18.3   16s
H17169  9228                      47.1666667   24.00000  49.1%  19.2   17s
H17313  9228                      47.0000000   24.00000  48.9%  19.3   17s
 27555 14266   26.50000   56   64   47.00000   24.00000  48.9%  24.2   20s
 28366 16404 infeasible   60        47.00000   24.00000  48.9%  24.5   25s
H37672 23898                      46.9999999   24.00000  48.9%  26.4   27s
H42546 24804                      46.9999998   24.00000  48.9%  27.0   28s
H42852 24804                      46.9999998   24.00000  48.9%  27.1   28s
H43600 27947                      46.9999997   24.00000  48.9%  27.2   29s
H45742 27947                      46.9999996   24.00000  48.9%  27.4   29s
 48201 29564   24.00000   30   85   47.00000   24.00000  48.9%  27.5   30s
H48792 29564                      46.9999996   24.00000  48.9%  27.5   30s
H49055 29564                      46.9999996   24.00000  48.9%  27.6   30s
H49730 29564                      46.9999995   24.00000  48.9%  27.6   30s
H51462 32757                      46.9999995   24.00000  48.9%  27.8   31s
H52955 32757                      46.9999995   24.00000  48.9%  28.1   31s
H53899 32757                      46.9999995   24.00000  48.9%  28.1   31s
H54147 32757                      46.9999994   24.00000  48.9%  28.1   31s
 55539 32779 infeasible   74        47.00000   24.00000  48.9%  28.2   35s
H55541 32779                      46.9999994   24.00000  48.9%  28.2   35s
H55547 32779                      46.9999994   24.00000  48.9%  28.2   35s
H55562 32779                      46.9999994   24.00000  48.9%  28.2   35s
H60400 40125                      46.9999994   24.00000  48.9%  28.9   38s
 72684 44112   27.66667   87   80   47.00000   24.00000  48.9%  30.5   41s
H72988 44112                      46.9999994   24.00000  48.9%  30.5   41s
 76922 46342 infeasible   57        47.00000   24.00000  48.9%  31.2   47s
 80572 52479   24.00000   44   91   47.00000   24.00000  48.9%  31.6   50s
H95838 62378                      46.9999993   24.00000  48.9%  32.3   53s
 104763 64032   32.00000   56   86   47.00000   24.00000  48.9%  32.9   55s
H106970 64032                      46.9999992   24.00000  48.9%  33.0   55s
H108903 68405                      46.9999992   24.00000  48.9%  33.2   56s
H109814 68405                      46.9999992   24.00000  48.9%  33.3   56s
H116710 70547                      46.9999991   24.00000  48.9%  33.9   58s
H124250 74797                      46.9999991   24.00000  48.9%  34.2   59s
 125200 74814   28.00000   54   81   47.00000   24.00000  48.9%  34.3   63s
H125218 74814                      46.9999991   24.00000  48.9%  34.3   63s
 125246 92890   29.33333   54   75   47.00000   24.00000  48.9%  34.3   68s
H126200 92890                      46.9999990   24.00000  48.9%  34.3   68s
H148723 92890                      46.9999990   24.00000  48.9%  35.2   69s
H149298 92890                      46.9999989   24.00000  48.9%  35.2   69s
H157278 97524                      46.9999987   24.00000  48.9%  35.6   71s
H159376 97524                      46.9999987   24.00000  48.9%  35.5   71s
H166712 101035                      46.9999986   24.00000  48.9%  35.7   72s
H167980 101035                      46.9999986   24.00000  48.9%  35.7   72s
H168153 101035                      46.9999986   24.00000  48.9%  35.8   72s
H171374 103566                      46.9999985   24.00000  48.9%  35.9   74s
 175623 106956   24.67120   75  100   47.00000   24.00000  48.9%  35.9   76s
H176435 106956                      46.9999984   24.00000  48.9%  35.9   76s
H180676 106956                      46.9999983   24.00000  48.9%  36.1   76s
H182343 109683                      46.9999983   24.00000  48.9%  36.2   77s
H188552 114601                      46.9999983   24.00000  48.9%  36.4   79s
 195151 116696   25.33333   88   75   47.00000   24.00000  48.9%  36.6   80s
 198820 116706   26.84694   70   98   47.00000   24.00000  48.9%  36.6   89s
 198874 119039   27.16667   71   96   47.00000   24.00000  48.9%  36.6   90s
 202849 121031   40.83333   43   72   47.00000   24.00000  48.9%  36.7   95s
 218111 134602     cutoff  110        47.00000   24.00000  48.9%  36.7  101s
 233037 135971 infeasible   71        47.00000   24.00000  48.9%  36.9  107s
 236758 141708   39.33906   90   60   47.00000   24.00000  48.9%  36.9  110s
 251025 151930 infeasible   90        47.00000   24.00000  48.9%  37.0  115s
 274164 162802   32.33333   51   71   47.00000   24.00000  48.9%  37.1  121s
 288680 170044   24.00567   53  110   47.00000   24.00000  48.9%  37.2  125s
 307020 178536 infeasible   47        47.00000   24.00000  48.9%  37.3  130s
 322313 184329   42.00000   59   76   47.00000   24.00000  48.9%  37.3  135s
 328682 190508   25.66667   69   96   47.00000   24.00000  48.9%  37.4  140s
 341963 198533   25.00654   78  101   47.00000   24.00000  48.9%  37.6  146s
 360017 208397   43.50000  104   56   47.00000   24.00000  48.9%  37.8  151s
 372473 215776 infeasible   69        47.00000   24.00000  48.9%  37.9  155s
H386188 221097                      46.9999982   24.00000  48.9%  38.0  158s
H394713 222959                      46.9999982   24.00000  48.9%  38.0  159s
 395456 224561   25.00000   85   85   47.00000   24.00000  48.9%  38.0  161s
H399852 228443                      46.9999982   24.00000  48.9%  38.1  163s
 405607 231969   42.35413  109   58   47.00000   24.00000  48.9%  38.2  165s
H409428 231969                      46.9999982   24.00000  48.9%  38.2  165s
 416100 234156   31.00000   87   62   47.00000   24.00000  48.9%  38.2  170s
H417279 234156                      46.9999981   24.00000  48.9%  38.2  170s
 430947 243420 infeasible   54        47.00000   24.00000  48.9%  38.3  175s
 443079 248644   29.34018   70   87   47.00000   24.00000  48.9%  38.3  180s
 460511 259317   25.00000   81   95   47.00000   24.00000  48.9%  38.5  185s
 482149 265575   24.33333   53   88   47.00000   24.00000  48.9%  38.6  194s
 482198 266982   24.33333   54   94   47.00000   24.00000  48.9%  38.6  195s
 496608 276317   24.84916  104   78   47.00000   24.00000  48.9%  38.8  201s
 510611 283662   43.66667   96   40   47.00000   24.00000  48.9%  38.9  206s
 530002 291493   27.94247   78  110   47.00000   24.00000  48.9%  39.1  211s
 542434 297302   24.00000   48  114   47.00000   24.00000  48.9%  39.3  215s
 557085 305723   24.00000   69   96   47.00000   24.00000  48.9%  39.4  221s
 576446 313887   25.00000   59   88   47.00000   24.00000  48.9%  39.5  227s
 587346 316981   24.00000   63  109   47.00000   24.00000  48.9%  39.6  233s
 587387 318967 infeasible   64        47.00000   24.00000  48.9%  39.6  235s
H589908 318967                      46.9999981   24.00000  48.9%  39.7  235s
H596374 324376                      46.9999980   24.00000  48.9%  39.7  238s
H596634 324376                      46.9999978   24.00000  48.9%  39.7  238s
 603202 327636 infeasible   85        47.00000   24.00000  48.9%  39.7  240s
H604800 327636                      46.9999978   24.00000  48.9%  39.7  240s
H610737 329977                      46.9999976   24.00000  48.9%  39.8  242s
H615828 332704                      46.9999976   24.00000  48.9%  39.8  244s
 620541 335219   25.00000   97   98   47.00000   24.00000  48.9%  39.8  246s
H626301 337540                      46.9999976   24.00000  48.9%  39.9  248s
 630992 339386   28.00000   67   87   47.00000   24.00000  48.9%  39.9  250s
 646844 348048   30.50000   77   69   47.00000   24.00000  48.9%  40.0  256s
 657318 350618   24.66667   78   76   47.00000   24.00000  48.9%  40.0  262s
H657354 350617                      46.9999318   24.00000  48.9%  40.0  262s
H657677 352006                      46.9999312   24.00000  48.9%  40.0  264s
 660650 354969   30.33333   70   60   46.99993   24.00000  48.9%  40.0  266s
 673227 362120 infeasible   94        46.99993   24.00000  48.9%  40.1  270s
H678676 362120                      46.9999312   24.00000  48.9%  40.1  270s
H685908 364546                      46.9999312   24.00000  48.9%  40.1  272s
 692073 369214   25.35051   89  108   46.99993   24.00000  48.9%  40.1  275s
 707494 378551   24.00000   68   80   46.99993   24.00000  48.9%  40.2  280s
 726753 387997   24.00000   65  106   46.99993   24.00000  48.9%  40.2  285s
 739729 393301   42.80035  116   55   46.99993   24.00000  48.9%  40.2  292s
 744208 397168   24.00000   57   91   46.99993   24.00000  48.9%  40.2  295s
 765598 405616   24.00000   63   85   46.99993   24.00000  48.9%  40.1  300s
 778101 415562   27.51543   78   84   46.99993   24.00000  48.9%  40.1  305s
 795413 427016   40.33333  107   44   46.99993   24.00000  48.9%  40.1  311s
 815231 433409   25.58333   86   87   46.99993   24.00000  48.9%  40.1  315s
 832327 443572   28.52041   91   79   46.99993   24.00000  48.9%  40.0  321s
 839471 443586   24.00000   95   78   46.99993   24.00000  48.9%  40.0  327s
 846065 448179   31.66667  116   57   46.99993   24.00000  48.9%  40.0  330s
 857465 452922   24.00000   68   89   46.99993   24.00000  48.9%  40.2  335s
 864453 453756   24.00000   43   90   46.99993   24.00000  48.9%  40.4  340s
 874956 455796   24.00000   62  110   46.99993   24.00000  48.9%  40.9  347s
 878379 460432   24.00000   95  111   46.99993   24.00000  48.9%  41.1  350s
 897827 465816   35.05180   94   62   46.99993   24.00000  48.9%  42.0  355s
 920981 468899   24.16667   70  116   46.99993   24.00000  48.9%  43.1  362s
 931884 475613   28.00000  114   52   46.99993   24.00000  48.9%  43.6  365s
 964105 481100 infeasible  108        46.99993   24.00000  48.9%  44.8  370s
 974706 479965   24.07143   88  100   46.99993   24.00000  48.9%  45.4  376s
 974755 496277   24.07672   88   94   46.99993   24.00000  48.9%  45.4  381s
 1018437 488991   24.50000   87   81   46.99993   24.00000  48.9%  47.5  385s
 1027159 491418   24.00000   80   64   46.99993   24.00000  48.9%  48.0  390s
 1052575 494711   24.00000   69  101   46.99993   24.00000  48.9%  49.2  395s
 1080320 500290   26.94639   98   96   46.99993   24.00000  48.9%  49.8  400s
 1109435 508945 infeasible  106        46.99993   24.00000  48.9%  50.5  405s
 1121836 509518   25.50000   78   80   46.99993   24.00000  48.9%  50.9  411s
 1133082 516533   24.33333   92  111   46.99993   24.00000  48.9%  51.2  415s
 1156514 520724   26.84027   88   78   46.99993   24.00000  48.9%  51.9  421s
 1177312 525394   24.16667   64  102   46.99993   24.00000  48.9%  52.6  425s
 1197072 531241   28.50000  106   82   46.99993   24.00000  48.9%  53.0  430s
 1220801 536702     cutoff  119        46.99993   24.00000  48.9%  53.4  438s
 1220841 557963 infeasible  119        46.99993   24.00000  48.9%  53.4  448s
 1252873 552209   25.29487  100   74   46.99993   24.00000  48.9%  53.9  450s
 1285155 562189   37.50000  136   40   46.99993   24.00000  48.9%  54.1  456s
 1295766 561228   40.16667  102   56   46.99993   24.00000  48.9%  54.3  462s
 1302628 566869   24.50700   93   94   46.99993   24.00000  48.9%  54.4  465s
 1308341 564982   39.00799  118   63   46.99993   24.00000  48.9%  54.5  470s
 1322732 572880   27.83333   79   92   46.99993   24.00000  48.9%  54.9  476s
 1341816 576206   24.16667   91   88   46.99993   24.00000  48.9%  55.2  480s
 1364110 583865     cutoff  121        46.99993   24.00000  48.9%  55.6  485s
 1388136 589490   24.50514   81  110   46.99993   24.00000  48.9%  55.9  490s
 1392996 587899   40.78539  107   65   46.99993   24.00000  48.9%  55.9  496s
 1411628 600294   37.03170  136   51   46.99993   24.00000  48.9%  55.9  500s
 1425376 599760   36.02797  105   70   46.99993   24.00000  48.9%  55.9  512s
 1430986 602016   41.83333  130   52   46.99993   24.00000  48.9%  56.0  519s
 1431029 605233   41.83333  130   42   46.99993   24.00000  48.9%  56.0  520s
 1444676 606043 infeasible   84        46.99993   24.00000  48.9%  56.0  527s
 1444716 626913 infeasible   85        46.99993   24.00000  48.9%  56.0  538s
 1476748 622403   37.50000  122   55   46.99993   24.00000  48.9%  56.2  540s
 1501616 624237   24.00000   96   88   46.99993   24.00000  48.9%  56.3  556s
 1516303 632610   28.66667  124   52   46.99993   24.00000  48.9%  56.3  560s
 1547883 642464   37.67361  156   41   46.99993   24.00000  48.9%  56.5  565s
 1567156 647628   45.33333  113   39   46.99993   24.00000  48.9%  56.7  570s
 1593261 653609   26.16667  101   59   46.99993   24.00000  48.9%  56.9  578s
 1599117 657410 infeasible   93        46.99993   24.00000  48.9%  56.9  580s
 1610901 658916   41.83333   94   55   46.99993   24.00000  48.9%  57.1  586s
 1630316 667603   41.38409   77  117   46.99993   24.00000  48.9%  57.2  591s
 1652407 672818   26.04499   95   66   46.99993   24.00000  48.9%  57.3  595s
 1658686 674796   25.83735   91   85   46.99993   24.00000  48.9%  57.3  600s

Cutting planes:
  Learned: 98
  Gomory: 21
  Cover: 230
  Implied bound: 105
  Clique: 67
  MIR: 724
  StrongCG: 9
  Flow cover: 1211
  GUB cover: 5
  RLT: 37
  Relax-and-lift: 354

Cleanup yields a better solution

Explored 1658724 nodes (95126254 simplex iterations) in 600.03 seconds
Thread count was 32 (of 64 available processors)

Solution count 10: 46.9999 47 47 ... 47.1667

Time limit reached
Best objective 4.650725558647e+01, best bound 2.400000000000e+01, gap 48.3951%
