
Gurobi 9.1.2 (linux64) logging started Thu Jun 16 19:33:37 2022

Changed value of parameter LogFile to ls3_sym_v-(1, 2).log
   Prev:   Default: 
Changed value of parameter MIPFocus to 1
   Prev: 0  Min: 0  Max: 3  Default: 0
Changed value of parameter TimeLimit to 10800.0
   Prev: inf  Min: 0.0  Max: inf  Default: inf
Warning: variable name "X[(5, 5),(7, 5)]" has a space
Warning: constraint name "flow-constr-t0-v(7, 5)" has a space
Warning: to let Gurobi read it back, use rlp format
Gurobi Optimizer version 9.1.2 build v9.1.2rc0 (linux64)
Thread count: 32 physical cores, 64 logical processors, using up to 32 threads
Optimize a model with 5095 rows, 4608 columns and 17600 nonzeros
Model fingerprint: 0x8e103ff5
Variable types: 512 continuous, 4096 integer (4096 binary)
Coefficient statistics:
  Matrix range     [1e+00, 7e+04]
  Objective range  [1e-01, 1e-01]
  Bounds range     [1e+00, 3e+04]
  RHS range        [1e+00, 7e+04]
Presolve removed 323 rows and 336 columns
Presolve time: 0.09s
Presolved: 4772 rows, 4272 columns, 24268 nonzeros
Variable types: 512 continuous, 3760 integer (3760 binary)
Found heuristic solution: objective 16290.249998

Root relaxation: objective 6.400000e+01, 148 iterations, 0.00 seconds

    Nodes    |    Current Node    |     Objective Bounds      |     Work
 Expl Unexpl |  Obj  Depth IntInf | Incumbent    BestBd   Gap | It/Node Time

     0     0   64.00000    0   40 16290.2500   64.00000   100%     -    0s
H    0     0                    16285.624998   64.00000   100%     -    0s
H    0     0                    9667.7499989   64.00000  99.3%     -    0s
H    0     0                    8565.2499993   64.00000  99.3%     -    0s
     0     0   64.00000    0   83 8565.25000   64.00000  99.3%     -    0s
H    0     0                    2234.8750000   64.00000  97.1%     -    0s
     0     0   64.00000    0   89 2234.87500   64.00000  97.1%     -    0s
H    0     0                    1394.3124990   64.00000  95.4%     -    0s
     0     0   64.00000    0   44 1394.31250   64.00000  95.4%     -    0s
H    0     0                     903.6249999   64.00000  92.9%     -    0s
H    0     0                     655.2500000   64.00000  90.2%     -    0s
     0     0   64.00000    0   58  655.25000   64.00000  90.2%     -    0s
     0     0   64.00000    0   40  655.25000   64.00000  90.2%     -    0s
H    0     0                     265.5000000   64.00000  75.9%     -    0s
     0     0   64.00000    0   64  265.50000   64.00000  75.9%     -    0s
H    0     0                     240.6250000   64.00000  73.4%     -    0s
H    0     0                     225.6250000   64.00000  71.6%     -    0s
H    0     0                     128.3750000   64.00000  50.1%     -    0s
H    0     0                     117.0625000   64.00000  45.3%     -    0s
     0     0   64.00000    0   30  117.06250   64.00000  45.3%     -    0s
H    0     0                     106.8281250   64.00000  40.1%     -    1s
H    0     0                     101.2500000   64.00000  36.8%     -    1s
     0     0   64.00000    0   34  101.25000   64.00000  36.8%     -    1s
     0     0   64.00000    0   26  101.25000   64.00000  36.8%     -    1s
H    0     0                      90.0000000   64.00000  28.9%     -    1s
H    0     0                      89.0000000   64.00000  28.1%     -    1s
     0     2   64.00000    0   26   89.00000   64.00000  28.1%     -    1s
H   32    64                      88.8750000   64.00000  28.0%  40.6    2s
H   33    64                      88.7500000   64.00000  27.9%  40.1    2s
H   34    64                      87.2500000   64.00000  26.6%  39.7    2s
H   34    64                      87.0000000   64.00000  26.4%  39.7    2s
H   36    64                      86.7750000   64.00000  26.2%  37.6    2s
H   95   128                      82.1250000   64.00000  22.1%  23.9    4s
H  102   128                      82.0000000   64.00000  22.0%  22.4    4s
H  107   128                      79.0657895   64.00000  19.1%  21.5    4s
H  115   128                      78.7500000   64.00000  18.7%  20.2    4s
H  159   192                      76.5000000   64.00000  16.3%  15.6    6s
H  161   192                      76.3750000   64.00000  16.2%  15.4    6s
H  170   192                      76.1250000   64.00000  15.9%  15.0    6s
H  190   192                      75.4375000   64.00000  15.2%  13.8    6s
H  626  1096                      74.0000000   64.00000  13.5%   110    9s
H  674  1096                      73.9687500   64.00000  13.5%   104    9s
H  690  1096                      73.7500000   64.00000  13.2%   102    9s
H  722  1096                      73.6250000   64.00000  13.1%  97.6    9s
H  891  1096                      73.1875000   64.00000  12.6%  87.3    9s
H  923  1096                      72.7048611   64.00000  12.0%  84.5    9s
H 1100  1960                      72.4375000   64.00000  11.6%  76.1   11s
H 1126  1960                      72.1679687   64.00000  11.3%  74.5   11s
H 1127  1960                      71.9375000   64.00000  11.0%  74.4   11s
H 1180  1960                      71.6250000   64.00000  10.6%  75.2   11s
H 1207  1960                      71.0250000   64.00000  9.89%  74.9   11s
H 1234  1960                      70.7250000   64.00000  9.51%  73.4   11s
H 1274  1960                      69.7500000   64.00000  8.24%  71.3   11s
H 2009  4303                      69.0416667   64.00000  7.30%  69.7   14s
H 2119  4303                      68.5000000   64.00000  6.57%  67.2   14s
H 2238  4303                      68.4166667   64.00000  6.46%  65.5   14s
H 2577  4303                      68.1250000   64.00000  6.06%  61.3   14s
H 3078  4303                      68.0000000   64.00000  5.88%  59.6   14s
  4428  9394   64.00000   96   47   68.00000   64.00000  5.88%  59.7   17s
H 6481  9394                      67.5000000   64.00000  5.19%  57.2   17s
H 9900 14757                      67.3333333   64.00000  4.95%  57.7   19s
 15511 14760   64.00000  268  118   67.33333   64.00000  4.95%  51.7   20s
H15515 14024                      67.3250000   64.00000  4.94%  51.7   21s
H15516 13323                      67.3125000   64.00000  4.92%  51.6   22s
H15517 12657                      67.2500000   64.00000  4.83%  51.6   22s
H15517 12024                      67.2000000   64.00000  4.76%  51.6   22s
H15519 11424                      66.6250000   64.00000  3.94%  51.6   23s
H15615 10947                      66.5999998   64.00000  3.90%  52.9   27s
H15634 10399                      66.2500000   64.00000  3.40%  52.9   27s
H15711  9953                      65.7916667   64.00000  2.72%  52.7   30s
H15713  9463                      65.7125000   64.00000  2.61%  52.7   30s
H15716  8996                      65.6666667   64.00000  2.54%  52.7   30s
H15727  8550                      65.6250000   64.00000  2.48%  52.7   30s
H15743  8157                      65.5000000   64.00000  2.29%  52.9   33s
H15761  7752                      65.3958333   64.00000  2.13%  52.9   33s
H15766  7371                      65.3125000   64.00000  2.01%  52.9   33s
H15974  7173                      65.2500000   64.00000  1.92%  52.4   35s
H15979  6829                      65.2048611   64.00000  1.85%  52.4   35s
H16001  6497                      65.1562500   64.00000  1.77%  52.3   35s
H16006  6218                      65.1250000   64.00000  1.73%  52.3   38s
H16018  5920                      65.0000000   64.00000  1.54%  52.4   38s
 16038  5960   64.00000   28   84   65.00000   64.00000  1.54%  52.6   40s
 21435  9289   64.00000  119   76   65.00000   64.00000  1.54%  47.1   47s
H21437  9011                      64.9999999   64.00000  1.54%  47.1   47s
H21468  8767                      64.9999986   64.00000  1.54%  47.2   53s
H21487  8509                      64.9999981   64.00000  1.54%  47.2   53s
 21500 11076   64.00000  120   81   65.00000   64.00000  1.54%  47.2   55s
H23254 10252                      64.9999967   64.00000  1.54%  45.6   55s
 28034 11931 infeasible  175        65.00000   64.00000  1.54%  42.7   62s
 31694 21997   64.00000  116   61   65.00000   64.00000  1.54%  41.2   68s
H45240 26465                      64.9999943   64.00000  1.54%  36.4   69s
 45884 26485   64.00000  462   85   64.99999   64.00000  1.54%  36.3   76s
 50503 30359   64.00000  598  111   64.99999   64.00000  1.54%  36.0   80s
 54328 35979   64.00000  638  100   64.99999   64.00000  1.54%  36.8   86s
 57456 40084   64.37500  685  111   64.99999   64.00000  1.54%  38.4   91s
 62432 45060   64.12500  716   73   64.99999   64.00000  1.54%  37.8   99s
 68740 56953     cutoff  758        64.99999   64.00000  1.54%  37.3  103s
 82567 57006   64.50000  595   91   64.99999   64.00000  1.54%  36.6  106s
 88572 61998   64.00000  214  111   64.99999   64.00000  1.54%  36.2  110s
 89225 67432   64.00000  219   90   64.99999   64.00000  1.54%  36.5  115s
 96183 70780   64.37500  270  115   64.99999   64.00000  1.54%  37.0  120s
 100439 78144   64.50000  275  114   64.99999   64.00000  1.54%  37.0  126s
 111544 83521   64.00000  195   42   64.99999   64.00000  1.54%  37.3  134s
 117277 84773   64.00000  215   76   64.99999   64.00000  1.54%  37.3  137s
 119166 90587   64.00000  188   71   64.99999   64.00000  1.54%  37.2  142s
 126824 94872   64.00000  396   54   64.99999   64.00000  1.54%  36.7  147s
 132105 99883     cutoff  583        64.99999   64.00000  1.54%  36.5  151s
 139317 101331   64.00000  206   97   64.99999   64.00000  1.54%  35.8  155s
 141262 104690   64.00000  292  113   64.99999   64.00000  1.54%  35.7  160s
 148851 112752   64.00000  336   71   64.99999   64.00000  1.54%  35.5  168s
 157905 116284     cutoff  203        64.99999   64.00000  1.54%  35.0  173s
 163140 128915   64.00000  216   74   64.99999   64.00000  1.54%  34.7  178s
 179731 128941   64.00000  209   77   64.99999   64.00000  1.54%  33.8  187s
 186191 133628   64.00000  331   95   64.99999   64.00000  1.54%  33.7  192s
 186229 133655   64.00000  332   99   64.99999   64.00000  1.54%  33.7  195s
 192491 141999   64.00000  378  102   64.99999   64.00000  1.54%  33.6  202s
 197353 154304   64.00000  204   96   64.99999   64.00000  1.54%  33.3  207s
 214131 154330   64.25000  317  132   64.99999   64.00000  1.54%  32.8  213s
 214167 158363   64.25000  318  133   64.99999   64.00000  1.54%  32.8  216s
 220295 158384   64.00000  210   76   64.99999   64.00000  1.54%  32.7  222s
 220338 158973   64.00000  211   77   64.99999   64.00000  1.54%  32.7  228s
 221177 163036     cutoff  213        64.99999   64.00000  1.54%  32.8  231s
 226775 164545   64.00000  208   78   64.99999   64.00000  1.54%  33.1  236s
 228549 185379   64.75000  250  102   64.99999   64.00000  1.54%  33.2  247s
 258968 186844   64.00000  241  105   64.99999   64.00000  1.54%  33.2  252s
 261178 202746   64.00000  316   85   64.99999   64.00000  1.54%  33.2  261s
 282012 202778   64.00000  283  105   64.99999   64.00000  1.54%  33.5  265s
 289333 208336   64.00000  314  118   64.99999   64.00000  1.54%  33.8  277s
 289367 232116   64.00000  315   79   64.99999   64.00000  1.54%  33.8  289s
 321399 233003   64.25000  360  120   64.99999   64.00000  1.54%  33.7  294s
 322523 256845   64.25000  486  124   64.99999   64.00000  1.54%  33.7  306s
 354555 257740   64.00000  254   83   64.99999   64.00000  1.54%  33.6  311s
 355876 281017   64.00000  255   82   64.99999   64.00000  1.54%  33.6  322s
 387786 281515   64.00000  247   67   64.99999   64.00000  1.54%  33.4  327s
 388564 306014   64.00000  247   67   64.99999   64.00000  1.54%  33.4  338s
 420596 306035   64.25000  419  137   64.99999   64.00000  1.54%  33.7  347s
 420637 328563   64.25000  420  135   64.99999   64.00000  1.54%  33.7  360s
 453353 352859   64.37500  474  115   64.99999   64.00000  1.54%  33.7  376s
 485385 353037   64.00000  273   93   64.99999   64.00000  1.54%  33.5  380s
 485785 377314   64.00000  274  101   64.99999   64.00000  1.54%  33.5  394s
 517817 377857   64.12500  267   90   64.99999   64.00000  1.54%  34.0  398s
 518543 401664   64.75000  266   79   64.99999   64.00000  1.54%  33.9  417s
 550543 401692   64.75000  566  157   64.99999   64.00000  1.54%  34.1  426s
 550579 425777   64.75000  567  156   64.99999   64.00000  1.54%  34.1  439s
 551580 425777     cutoff  284        64.99999   64.00000  1.54%  34.1  440s
 583698 450479   64.00000  432   92   64.99999   64.00000  1.54%  34.1  455s
 616640 473713   64.00000  326   62   64.99999   64.00000  1.54%  33.9  471s
H643692 473713                      64.9999943   64.00000  1.54%  33.9  471s
 648672 474011   64.00000  206   59   64.99999   64.00000  1.54%  33.9  475s
 649052 497270   64.00000  207   59   64.99999   64.00000  1.54%  33.9  485s
 681084 497301   64.00000  267  102   64.99999   64.00000  1.54%  33.9  495s
 681116 519734   64.00000  268  100   64.99999   64.00000  1.54%  33.9  508s
 713148 519832   64.00000  224   75   64.99999   64.00000  1.54%  34.1  512s
 713346 542909   64.00000  246   65   64.99999   64.00000  1.54%  34.1  524s
 745378 543130   64.00000  451  100   64.99999   64.00000  1.54%  34.1  528s
 745655 567428   64.00000  473   97   64.99999   64.00000  1.54%  34.1  541s
 777687 567639   64.00000  285  100   64.99999   64.00000  1.54%  34.3  545s
 778023 590588   64.00000  296  102   64.99999   64.00000  1.54%  34.3  554s
H786208 590588                      64.9999943   64.00000  1.54%  34.3  555s
 810055 590614   64.00000  249  102   64.99999   64.00000  1.54%  34.1  564s
 810092 612506   64.00000  250  109   64.99999   64.00000  1.54%  34.1  574s
 842124 612531   64.25000  466  115   64.99999   64.00000  1.54%  34.3  583s
 842161 634746   64.25000  467  114   64.99999   64.00000  1.54%  34.3  598s
 874193 634847   64.00000  266   89   64.99999   64.00000  1.54%  34.7  602s
 874404 655748   64.00000  267   89   64.99999   64.00000  1.54%  34.7  615s
 906539 677652   64.50000  401  109   64.99999   64.00000  1.54%  35.0  631s
 938571 677676   64.00000  306   73   64.99999   64.00000  1.54%  35.4  640s
 938611 699196   64.00000  307   75   64.99999   64.00000  1.54%  35.4  652s
 970643 699205     cutoff  391        64.99999   64.00000  1.54%  35.7  662s
 970698 720605   64.87500  391  105   64.99999   64.00000  1.54%  35.7  677s
 1002730 720634   64.00000  381  116   64.99999   64.00000  1.54%  36.3  681s
 1002822 740881   64.00000  382  112   64.99999   64.00000  1.54%  36.3  695s
 1034854 740900   64.87500  303  132   64.99999   64.00000  1.54%  36.6  700s
 1034898 760596   64.87500  302  132   64.99999   64.00000  1.54%  36.6  714s
 1066930 760645     cutoff  442        64.99999   64.00000  1.54%  37.0  718s
 1067066 779048   64.75000  443  128   64.99999   64.00000  1.54%  37.0  732s
 1099098 779072   64.00000  296  105   64.99999   64.00000  1.54%  37.2  736s
H1099101 779072                      64.9999865   64.00000  1.54%  37.2  736s
 1099136 797004   64.00000  297  104   64.99999   64.00000  1.54%  37.2  748s
 1131168 796970   64.87500  434  149   64.99999   64.00000  1.54%  37.5  758s
 1131265 814741     cutoff  435        64.99999   64.00000  1.54%  37.5  771s
 1163297 814765   64.00000  321   96   64.99999   64.00000  1.54%  37.8  779s
 1163337 831106   64.00000  322   98   64.99999   64.00000  1.54%  37.8  799s
 1195369 831126   64.75000  377  125   64.99999   64.00000  1.54%  38.2  803s
 1195445 846868   64.75000  377  128   64.99999   64.00000  1.54%  38.2  817s
 1227477 846883   64.00000  358   88   64.99999   64.00000  1.54%  38.5  822s
 1227523 862891   64.00000  359   94   64.99999   64.00000  1.54%  38.5  837s
 1259555 862881     cutoff  445        64.99999   64.00000  1.54%  38.7  842s
 1259680 877290   64.00000  399  111   64.99999   64.00000  1.54%  38.7  855s
 1291712 877304     cutoff  429        64.99999   64.00000  1.54%  39.0  865s
 1291760 889256   64.50000  429   92   64.99999   64.00000  1.54%  39.0  877s
 1323792 889273     cutoff  464        64.99999   64.00000  1.54%  39.2  887s
 1323835 901577     cutoff  465        64.99999   64.00000  1.54%  39.2  903s
 1355867 901589     cutoff  479        64.99999   64.00000  1.54%  39.5  907s
 1355955 913846   64.75000  478  103   64.99999   64.00000  1.54%  39.5  925s
 1388025 925316   64.55924  521  116   64.99999   64.00000  1.54%  39.8  945s
 1420154 935690   64.00000  426   88   64.99999   64.00000  1.54%  40.0  964s
 1452186 935695   64.00000  445   96   64.99999   64.00000  1.54%  40.1  969s
 1452245 944647     cutoff  447        64.99999   64.00000  1.54%  40.1  980s
 1484277 944652   64.00000  423  104   64.99999   64.00000  1.54%  40.0  993s
 1484332 952498   64.00000  424  101   64.99999   64.00000  1.54%  40.0 1005s
 1516364 952508     cutoff  491        64.99999   64.00000  1.54%  40.0 1015s
 1516415 958963   64.00000  490   98   64.99999   64.00000  1.54%  40.0 1028s
 1548447 958974   64.00000  463  109   64.99999   64.00000  1.54%  40.0 1033s
 1548495 966077   64.04687  464  109   64.99999   64.00000  1.54%  40.0 1047s
 1580527 966088 infeasible  457        64.99999   64.00000  1.54%  40.1 1052s
 1580578 972916     cutoff  456        64.99999   64.00000  1.54%  40.1 1066s
 1612610 972931   64.00000  466   96   64.99999   64.00000  1.54%  40.2 1071s
 1612659 978888   64.66666  467   98   64.99999   64.00000  1.54%  40.2 1085s
 1644691 978897   64.87500  517  114   64.99999   64.00000  1.54%  40.4 1090s
 1644743 984272   64.87500  518  114   64.99999   64.00000  1.54%  40.4 1102s
H1645901 984272                      64.9999863   64.00000  1.54%  40.4 1103s
 1676775 984282   64.00000  505  110   64.99999   64.00000  1.54%  40.5 1112s
 1676826 988285   64.66666  506  112   64.99999   64.00000  1.54%  40.5 1123s
 1708858 988286   64.12500  454  110   64.99999   64.00000  1.54%  40.6 1134s
 1708917 993175 infeasible  455        64.99999   64.00000  1.54%  40.6 1148s
 1740949 993170 infeasible  485        64.99999   64.00000  1.54%  40.7 1152s
 1741006 997549     cutoff  486        64.99999   64.00000  1.54%  40.7 1165s
 1773115 1003324   64.75000  513  129   64.99999   64.00000  1.54%  40.6 1182s
 1805147 1003307   64.91666  500  113   64.99999   64.00000  1.54%  40.6 1187s
 1805224 1010818     cutoff  500        64.99999   64.00000  1.54%  40.6 1209s
 1810229 1010818     cutoff  515        64.99999   64.00000  1.54%  40.6 1210s
 1837307 1026290   64.00000  467  113   64.99999   64.00000  1.54%  40.7 1226s
 1869339 1026301     cutoff  510        64.99999   64.00000  1.54%  40.8 1236s
 1869388 1045352   64.00000  509  102   64.99999   64.00000  1.54%  40.8 1249s
 1901420 1045367   64.37500  383  106   64.99999   64.00000  1.54%  41.0 1259s
 1901469 1064797     cutoff  384        64.99999   64.00000  1.54%  41.0 1272s
 1933501 1064816 infeasible  405        64.99999   64.00000  1.54%  41.3 1282s
 1933546 1081607   64.50000  404  153   64.99999   64.00000  1.54%  41.3 1295s
 1965578 1081650   64.00000  364  107   64.99999   64.00000  1.54%  41.4 1300s
 1965682 1099316   64.00000  365  106   64.99999   64.00000  1.54%  41.4 1320s
 1997762 1115523     cutoff  333        64.99999   64.00000  1.54%  41.7 1339s
 2029794 1115541   64.00000  284  116   64.99999   64.00000  1.54%  42.0 1344s
 2029840 1131659   64.00000  285   83   64.99999   64.00000  1.54%  42.0 1359s
 2061872 1131682   64.00000  400  117   64.99999   64.00000  1.54%  42.2 1364s
 2061912 1147347   64.25000  401  115   64.99999   64.00000  1.54%  42.2 1377s
 2093944 1147364   64.75000  418  120   64.99999   64.00000  1.54%  42.3 1387s
 2093990 1161158     cutoff  419        64.99999   64.00000  1.54%  42.3 1400s
 2126022 1161167 infeasible  412        64.99999   64.00000  1.54%  42.5 1410s
 2126075 1173843   64.00000  411  109   64.99999   64.00000  1.54%  42.5 1422s
 2158107 1173860   64.00000  319  101   64.99999   64.00000  1.54%  42.6 1432s
 2158154 1188256   64.00000  320   97   64.99999   64.00000  1.54%  42.6 1446s
 2190186 1188282   64.00000  351  126   64.99999   64.00000  1.54%  42.9 1450s
 2190239 1199366     cutoff  353        64.99999   64.00000  1.54%  42.9 1468s
 2222271 1199384 infeasible  400        64.99999   64.00000  1.54%  43.2 1473s
 2222315 1210916   64.00000  400  114   64.99999   64.00000  1.54%  43.2 1490s
 2254347 1210933   64.00000  360  106   64.99999   64.00000  1.54%  43.4 1495s
 2254392 1222967   64.00000  361  109   64.99999   64.00000  1.54%  43.4 1511s
 2286424 1222991   64.00000  383  104   64.99999   64.00000  1.54%  43.7 1515s
 2286464 1233670   64.00000  384  104   64.99999   64.00000  1.54%  43.7 1537s
 2318496 1233674   64.25000  443  143   64.99999   64.00000  1.54%  43.9 1547s
 2318555 1245275 infeasible  444        64.99999   64.00000  1.54%  43.9 1561s
 2350587 1245284   64.00000  381  114   64.99999   64.00000  1.54%  44.1 1572s
 2350640 1256118   64.00000  381  104   64.99999   64.00000  1.54%  44.1 1584s
 2382672 1256127     cutoff  432        64.99999   64.00000  1.54%  44.3 1594s
 2382727 1266707   64.00000  429  111   64.99999   64.00000  1.54%  44.3 1610s
 2414807 1276845   64.25000  450  146   64.99999   64.00000  1.54%  44.5 1629s
 2446839 1276905   64.00000  418  109   64.99999   64.00000  1.54%  44.8 1634s
 2446933 1286329   64.00000  419  109   64.99999   64.00000  1.54%  44.8 1649s
 2478965 1286352   64.00000  407  120   64.99999   64.00000  1.54%  45.1 1654s
 2479016 1295587   64.00000  408  120   64.99999   64.00000  1.54%  45.1 1672s
 2511048 1295603   64.50000  457  123   64.99999   64.00000  1.54%  45.4 1676s
 2511095 1304612     cutoff  458        64.99999   64.00000  1.54%  45.4 1690s
 2543127 1304613     cutoff  483        64.99999   64.00000  1.54%  45.7 1700s
 2543188 1317374   64.25000  481  134   64.99999   64.00000  1.54%  45.7 1712s
 2575220 1317397   64.00000  460  119   64.99999   64.00000  1.54%  45.9 1724s
 2575260 1330328   64.00000  461  119   64.99999   64.00000  1.54%  45.9 1736s
 2607292 1330347   64.00000  398  100   64.99999   64.00000  1.54%  45.9 1745s
 2607334 1344262   64.00000  399  100   64.99999   64.00000  1.54%  45.9 1758s
 2639366 1344273     cutoff  393        64.99999   64.00000  1.54%  46.1 1767s
 2639417 1357981     cutoff  394        64.99999   64.00000  1.54%  46.1 1783s
 2671449 1358010   64.00000  427  111   64.99999   64.00000  1.54%  46.3 1787s
 2671574 1371896   64.25000  429  107   64.99999   64.00000  1.54%  46.3 1803s
 2703606 1371940   64.62500  440  110   64.99999   64.00000  1.54%  46.4 1807s
 2703776 1384482     cutoff  441        64.99999   64.00000  1.54%  46.4 1822s
 2735808 1384484   64.37500  493  116   64.99999   64.00000  1.54%  46.5 1830s
 2735868 1397327   64.37500  494  118   64.99999   64.00000  1.54%  46.5 1844s
 2767900 1397334     cutoff  516        64.99999   64.00000  1.54%  46.5 1851s
 2767974 1410426     cutoff  515        64.99999   64.00000  1.54%  46.5 1862s
 2800006 1410442   64.12500  372  134   64.99999   64.00000  1.54%  46.5 1873s
 2800053 1422383   64.12500  373  134   64.99999   64.00000  1.54%  46.5 1885s
 2832085 1422391 infeasible  410        64.99999   64.00000  1.54%  46.7 1895s
 2832141 1432874   64.00000  411  113   64.99999   64.00000  1.54%  46.7 1906s
 2864173 1432883   64.00000  422  110   64.99999   64.00000  1.54%  46.7 1916s
 2864226 1442952   64.00000  423  110   64.99999   64.00000  1.54%  46.7 1927s
 2896258 1442966 infeasible  456        64.99999   64.00000  1.54%  46.7 1937s
 2896306 1451377   64.00000  426   67   64.99999   64.00000  1.54%  46.7 1952s
 2928338 1451397 infeasible  448        64.99999   64.00000  1.54%  46.8 1957s
 2928382 1460469   64.00000  478  100   64.99999   64.00000  1.54%  46.8 1971s
 2960414 1460484   64.50000  463  136   64.99999   64.00000  1.54%  46.9 1976s
 2960484 1468290   64.50000  464  131   64.99999   64.00000  1.54%  46.9 1989s
 2992516 1468303 infeasible  484        64.99999   64.00000  1.54%  46.9 1994s
 2992565 1477100   64.37500  484  111   64.99999   64.00000  1.54%  46.9 2008s
 3024597 1477116   64.00000  454  113   64.99999   64.00000  1.54%  47.0 2013s
 3024651 1485045   64.00000  455   96   64.99999   64.00000  1.54%  47.0 2023s
 3056683 1485057     cutoff  509        64.99999   64.00000  1.54%  47.0 2037s
 3056734 1493681   64.25000  509   99   64.99999   64.00000  1.54%  47.0 2048s
 3088766 1493689   64.00000  269  108   64.99999   64.00000  1.54%  47.1 2058s
 3088818 1502472   64.00000  270  108   64.99999   64.00000  1.54%  47.1 2069s
 3120850 1502482   64.00000  289   82   64.99999   64.00000  1.54%  47.1 2079s
 3120903 1512394   64.00000  290   82   64.99999   64.00000  1.54%  47.1 2091s
 3152935 1512408 infeasible  344        64.99999   64.00000  1.54%  47.1 2101s
 3152984 1523359   64.00000  337   89   64.99999   64.00000  1.54%  47.1 2117s
 3185016 1523376   64.00000  437   93   64.99999   64.00000  1.54%  47.3 2122s
 3185060 1535321     cutoff  438        64.99999   64.00000  1.54%  47.3 2139s
 3217092 1535361   64.00000  312  112   64.99999   64.00000  1.54%  47.5 2143s
 3217226 1544663   64.00000  313  114   64.99999   64.00000  1.54%  47.5 2159s
 3249258 1544666   64.00000  402  114   64.99999   64.00000  1.54%  47.7 2163s
 3249319 1554298   64.00000  403  113   64.99999   64.00000  1.54%  47.7 2178s
 3281351 1554289   64.87500  379  134   64.99999   64.00000  1.54%  47.9 2182s
 3281423 1564468     cutoff  380        64.99999   64.00000  1.54%  47.9 2199s
 3313455 1564479   64.00000  272  107   64.99999   64.00000  1.54%  48.1 2204s
 3313507 1574586   64.00000  273  103   64.99999   64.00000  1.54%  48.1 2216s
 3345539 1574598   64.00000  394  113   64.99999   64.00000  1.54%  48.3 2231s
 3345591 1584471   64.00000  395  111   64.99999   64.00000  1.54%  48.3 2245s
 3377623 1584485     cutoff  396        64.99999   64.00000  1.54%  48.4 2255s
 3377672 1592216     cutoff  396        64.99999   64.00000  1.54%  48.4 2269s
 3409704 1592233 infeasible  460        64.99999   64.00000  1.54%  48.5 2279s
H3409714 1592233                      64.9999806   64.00000  1.54%  48.5 2279s
 3409750 1601321   64.62500  460  100   64.99998   64.00000  1.54%  48.5 2297s
 3441782 1601334   64.12500  418  113   64.99998   64.00000  1.54%  48.7 2301s
 3441831 1609477     cutoff  419        64.99998   64.00000  1.54%  48.7 2319s
 3473863 1609478   64.00000  460  104   64.99998   64.00000  1.54%  48.9 2324s
 3473924 1617543     cutoff  461        64.99998   64.00000  1.54%  48.9 2343s
 3505956 1617574   64.75000  435  129   64.99998   64.00000  1.54%  49.2 2347s
 3506030 1627034   64.75000  436  143   64.99998   64.00000  1.54%  49.2 2364s
 3538062 1627054   64.87500  459  142   64.99998   64.00000  1.54%  49.4 2373s
 3538104 1635919 infeasible  460        64.99998   64.00000  1.54%  49.4 2390s
 3570136 1635933     cutoff  380        64.99998   64.00000  1.54%  49.6 2399s
 3570185 1643779   64.25000  385  129   64.99998   64.00000  1.54%  49.6 2415s
 3602217 1643799   64.00000  366   86   64.99998   64.00000  1.54%  49.9 2427s
H3602232 1643799                      64.9999777   64.00000  1.54%  49.9 2428s
 3602260 1652564   64.00000  364  126   64.99998   64.00000  1.54%  49.9 2446s
 3634292 1652580   64.00000  422  115   64.99998   64.00000  1.54%  50.1 2450s
 3634354 1661609   64.00000  423  117   64.99998   64.00000  1.54%  50.1 2469s
 3666386 1661625   64.00000  378  100   64.99998   64.00000  1.54%  50.4 2474s
 3666432 1668449   64.00000  379  106   64.99998   64.00000  1.54%  50.4 2491s
 3698464 1668451   64.62500  397  145   64.99998   64.00000  1.54%  50.6 2495s
 3698536 1677112   64.62500  398  150   64.99998   64.00000  1.54%  50.6 2513s
 3730568 1677126 infeasible  497        64.99998   64.00000  1.54%  50.9 2523s
 3730617 1685517   64.00000  496  112   64.99998   64.00000  1.54%  50.9 2542s
 3762649 1685538   64.50000  487  126   64.99998   64.00000  1.54%  51.2 2552s
 3762692 1692943   64.50000  488  126   64.99998   64.00000  1.54%  51.2 2570s
 3794724 1692957   64.00000  550  111   64.99998   64.00000  1.54%  51.6 2580s
 3794772 1700452   64.00000  547  105   64.99998   64.00000  1.54%  51.6 2598s
 3826804 1700465   64.00000  551  121   64.99998   64.00000  1.54%  52.0 2607s
 3826853 1707376   64.00000  552  130   64.99998   64.00000  1.54%  52.0 2630s
 3858885 1707388     cutoff  546        64.99998   64.00000  1.54%  52.3 2635s
 3858937 1712518   64.44531  544  136   64.99998   64.00000  1.54%  52.3 2656s
 3890969 1712529   64.37500  534  129   64.99998   64.00000  1.54%  52.6 2661s
 3891040 1717577   64.50000  506  105   64.99998   64.00000  1.54%  52.6 2681s
 3923072 1717591     cutoff  538        64.99998   64.00000  1.54%  53.0 2686s
 3923120 1722838     cutoff  539        64.99998   64.00000  1.54%  53.0 2708s
 3955152 1722836     cutoff  558        64.99998   64.00000  1.54%  53.5 2712s
 3955217 1727044     cutoff  558        64.99998   64.00000  1.54%  53.5 2733s
 3987249 1727051 infeasible  565        64.99998   64.00000  1.54%  53.8 2738s
 3987381 1731574     cutoff  561        64.99998   64.00000  1.54%  53.8 2756s
 4019413 1731583   64.00000  500  133   64.99998   64.00000  1.54%  54.2 2766s
 4019468 1735826     cutoff  501        64.99998   64.00000  1.54%  54.2 2789s
 4051500 1735827   64.00000  565  119   64.99998   64.00000  1.54%  54.6 2799s
 4051561 1741448   64.00000  566  121   64.99998   64.00000  1.54%  54.6 2815s
 4083593 1741460   64.75000  320  122   64.99998   64.00000  1.54%  54.8 2825s
 4083643 1747575   64.75000  319  124   64.99998   64.00000  1.54%  54.8 2843s
 4115675 1747594   64.50000  335  120   64.99998   64.00000  1.54%  54.9 2854s
 4115719 1755232     cutoff  335        64.99998   64.00000  1.54%  54.9 2870s
 4147820 1762517   64.00000  381  114   64.99998   64.00000  1.54%  54.9 2894s
 4179852 1762553   64.00000  526  111   64.99998   64.00000  1.54%  54.9 2898s
 4179969 1769940   64.00000  527  109   64.99998   64.00000  1.54%  54.9 2912s
 4212001 1769949     cutoff  349        64.99998   64.00000  1.54%  54.8 2917s
 4212069 1776824   64.62500  350  104   64.99998   64.00000  1.54%  54.8 2931s
 4244101 1776839 infeasible  353        64.99998   64.00000  1.54%  54.8 2935s
 4244147 1783642 infeasible  352        64.99998   64.00000  1.54%  54.8 2949s
 4276179 1783658     cutoff  374        64.99998   64.00000  1.54%  54.7 2953s
 4276250 1791431   64.00000  371  108   64.99998   64.00000  1.54%  54.7 2967s
 4308282 1791446   64.00000  390  111   64.99998   64.00000  1.54%  54.7 2977s
 4308330 1797684     cutoff  391        64.99998   64.00000  1.54%  54.7 2999s
 4325347 1797684   64.00000  376  102   64.99998   64.00000  1.54%  54.6 3000s
 4340362 1797694   64.25000  409  108   64.99998   64.00000  1.54%  54.6 3009s
 4340414 1804054   64.25000  409  116   64.99998   64.00000  1.54%  54.6 3021s
 4372446 1804060   64.00000  368  106   64.99998   64.00000  1.54%  54.5 3031s
 4372503 1810293   64.00000  368  108   64.99998   64.00000  1.54%  54.5 3043s
 4404535 1810287 infeasible  402        64.99998   64.00000  1.54%  54.5 3053s
 4404600 1815437   64.00000  399   90   64.99998   64.00000  1.54%  54.5 3065s
 4436632 1815434   64.00000  406  108   64.99998   64.00000  1.54%  54.5 3075s
 4436696 1821903   64.00000  407  107   64.99998   64.00000  1.54%  54.5 3090s
 4468780 1827649   64.00000  402  102   64.99998   64.00000  1.54%  54.4 3109s
 4500812 1827666     cutoff  433        64.99998   64.00000  1.54%  54.4 3114s
 4500940 1832001     cutoff  433        64.99998   64.00000  1.54%  54.4 3127s
 4532803 1832017   64.00000  385  107   64.99998   64.00000  1.54%  54.4 3132s
 4532941 1837785 infeasible  389        64.99998   64.00000  1.54%  54.4 3148s
 4564973 1837797     cutoff  438        64.99998   64.00000  1.54%  54.4 3153s
 4565023 1844560     cutoff  438        64.99998   64.00000  1.54%  54.4 3170s
 4597126 1849891   64.56472  480  146   64.99998   64.00000  1.54%  54.4 3188s
 4629158 1849900   64.50000  434  130   64.99998   64.00000  1.54%  54.4 3198s
 4629211 1855105     cutoff  435        64.99998   64.00000  1.54%  54.4 3210s
 4661243 1855119   64.75000  440  116   64.99998   64.00000  1.54%  54.4 3220s
 4661291 1859987 infeasible  439        64.99998   64.00000  1.54%  54.4 3232s
 4693149 1860002 infeasible  458        64.99998   64.00000  1.54%  54.3 3241s
 4693196 1865258   64.12500  458  142   64.99998   64.00000  1.54%  54.3 3255s
 4725228 1865277     cutoff  470        64.99998   64.00000  1.54%  54.3 3265s
 4725272 1869752   64.25000  469  125   64.99998   64.00000  1.54%  54.3 3281s
 4756755 1869788   64.00000  445  108   64.99998   64.00000  1.54%  54.3 3285s
 4756971 1875764   64.00000  294   94   64.99998   64.00000  1.54%  54.3 3301s
 4789003 1875841     cutoff  493        64.99998   64.00000  1.54%  54.4 3305s
 4789330 1882167   64.00000  372  105   64.99998   64.00000  1.54%  54.4 3320s
 4821362 1882231   64.62500  435  136   64.99998   64.00000  1.54%  54.4 3325s
 4821656 1890685   64.62500  436  139   64.99998   64.00000  1.54%  54.4 3342s
 4853688 1890735   64.00000  417  109   64.99998   64.00000  1.54%  54.4 3346s
 4853831 1899422     cutoff  418        64.99998   64.00000  1.54%  54.4 3364s
 4885863 1899485 infeasible  450        64.99998   64.00000  1.54%  54.5 3368s
 4886004 1910065   64.12500  448  111   64.99998   64.00000  1.54%  54.5 3388s
 4918036 1910186   64.00000  495   94   64.99998   64.00000  1.54%  54.5 3393s
 4918361 1921850     cutoff  496        64.99998   64.00000  1.54%  54.5 3406s
 4950393 1921863     cutoff  480        64.99998   64.00000  1.54%  54.5 3416s
 4950442 1932975     cutoff  481        64.99998   64.00000  1.54%  54.5 3430s
 4982474 1932992     cutoff  503        64.99998   64.00000  1.54%  54.5 3441s
 4982520 1943623     cutoff  500        64.99998   64.00000  1.54%  54.5 3455s
H4988105 1943246                      64.9285714   64.00000  1.43%  54.5 3455s
 5014552 1943258 infeasible  484        64.92857   64.00000  1.43%  54.5 3464s
H5014553 1884494                      64.8333333   64.00000  1.29%  54.5 3465s
H5014554 1613843                      64.4000000   64.00000  0.62%  54.5 3465s
 5014603 1624920     cutoff  485        64.40000   64.00000  0.62%  54.5 3484s
H5014628 1624920                      64.3999992   64.00000  0.62%  54.5 3484s
H5015100 1327693                      64.2500000   64.00000  0.39%  54.5 3485s
H5016630 13327                      64.0000000   64.00000  0.00%  54.6 3488s

Cutting planes:
  Learned: 255
  Gomory: 7
  Cover: 322
  Implied bound: 151
  Clique: 140
  MIR: 535
  StrongCG: 2
  Flow cover: 622
  GUB cover: 2
  Zero half: 2
  RLT: 114
  Relax-and-lift: 912

Explored 5046635 nodes (275699637 simplex iterations) in 3488.87 seconds
Thread count was 32 (of 64 available processors)

Solution count 10: 64 64.25 64.4 ... 65

Optimal solution found (tolerance 1.00e-04)
Best objective 6.400000000000e+01, best bound 6.400000000000e+01, gap 0.0000%
