
Gurobi 9.1.2 (linux64) logging started Thu Jun 16 06:52:18 2022

Changed value of parameter LogFile to ls3_sym_v-(3, 7).log
   Prev:   Default: 
Changed value of parameter MIPFocus to 1
   Prev: 0  Min: 0  Max: 3  Default: 0
Changed value of parameter TimeLimit to 10800.0
   Prev: inf  Min: 0.0  Max: inf  Default: inf
Warning: variable name "X[(5, 5),(7, 5)]" has a space
Warning: constraint name "flow-constr-t0-v(7, 5)" has a space
Warning: to let Gurobi read it back, use rlp format
Gurobi Optimizer version 9.1.2 build v9.1.2rc0 (linux64)
Thread count: 32 physical cores, 64 logical processors, using up to 32 threads
Optimize a model with 5063 rows, 4608 columns and 17520 nonzeros
Model fingerprint: 0xfe3aaaf8
Variable types: 512 continuous, 4096 integer (4096 binary)
Coefficient statistics:
  Matrix range     [1e+00, 7e+04]
  Objective range  [1e-01, 1e-01]
  Bounds range     [1e+00, 3e+04]
  RHS range        [1e+00, 7e+04]
Presolve removed 531 rows and 560 columns
Presolve time: 0.09s
Presolved: 4532 rows, 4048 columns, 26230 nonzeros
Variable types: 512 continuous, 3536 integer (3536 binary)

Root relaxation: objective 6.400000e+01, 144 iterations, 0.00 seconds

    Nodes    |    Current Node    |     Objective Bounds      |     Work
 Expl Unexpl |  Obj  Depth IntInf | Incumbent    BestBd   Gap | It/Node Time

     0     0   64.00000    0   42          -   64.00000      -     -    0s
     0     0   64.00000    0   55          -   64.00000      -     -    0s
H    0     0                     428.9750000   64.00000  85.1%     -    0s
H    0     0                     245.1250000   64.00000  73.9%     -    0s
H    0     0                     188.8750000   64.00000  66.1%     -    0s
     0     0   64.00000    0   64  188.87500   64.00000  66.1%     -    0s
     0     0   64.00000    0   35  188.87500   64.00000  66.1%     -    0s
H    0     0                     188.3750000   64.00000  66.0%     -    0s
     0     0   64.00000    0   37  188.37500   64.00000  66.0%     -    0s
H    0     0                     164.4687500   64.00000  61.1%     -    1s
     0     0   64.00000    0   26  164.46875   64.00000  61.1%     -    1s
     0     0   64.00000    0   32  164.46875   64.00000  61.1%     -    1s
H    0     0                     162.8750000   64.00000  60.7%     -    1s
     0     0   64.00000    0   38  162.87500   64.00000  60.7%     -    1s
     0     0   64.00000    0   28  162.87500   64.00000  60.7%     -    1s
H    0     0                     142.0178571   64.00000  54.9%     -    2s
     0     2   64.00000    0   28  142.01786   64.00000  54.9%     -    2s
H    1     4                     138.1630435   64.00000  53.7%   428    2s
H    2     4                     137.5000000   64.00000  53.5%   214    2s
H   29    52                     135.3125000   64.00000  52.7%  33.2    3s
H   29    52                     119.5625000   64.00000  46.5%  33.2    3s
H   31    52                     112.7500000   64.00000  43.2%  31.6    3s
H   46    52                     109.7500000   64.00000  41.7%  23.5    3s
H  151   176                      98.1250000   64.00000  34.8%  11.6    5s
H  157   176                      93.6250000   64.00000  31.6%  11.3    5s
H  174   176                      91.8750000   64.00000  30.3%  10.6    5s
H  175   176                      89.2500000   64.00000  28.3%  10.6    5s
H  184   206                      89.1250000   64.00000  28.2%  10.3    5s
H  195   206                      87.7500000   64.00000  27.1%  22.8    5s
H  205   206                      87.3750000   64.00000  26.8%  35.1    5s
H  217   235                      83.8750000   64.00000  23.7%  50.3    7s
H  251   267                      81.3750000   64.00000  21.4%  56.6   10s
H  252   267                      80.5000000   64.00000  20.5%  56.4   10s
H  259   267                      80.0000000   64.00000  20.0%  55.1   10s
H  272   267                      79.7500000   64.00000  19.7%  52.9   10s
H  818   751                      79.3750000   64.00000  19.4%  25.6   11s
H  820   751                      79.0000000   64.00000  19.0%  25.5   11s
  1722  4101   64.00000    7   63   79.00000   64.00000  19.0%  25.6   15s
H 2253  4101                      75.2500000   64.00000  15.0%  23.7   15s
H 4786  4117                      75.0312500   64.00000  14.7%  23.4   18s
H 4795  4111                      75.0000000   64.00000  14.7%  23.5   18s
H 4797  4111                      74.9999999   64.00000  14.7%  23.5   18s
  4831  4118   64.00000   78   37   75.00000   64.00000  14.7%  23.4   20s
H 4833  3912                      74.4062499   64.00000  14.0%  23.4   21s
H 4833  3717                      74.3750000   64.00000  13.9%  23.4   21s
H 4836  3534                      74.2500000   64.00000  13.8%  28.2   21s
H 4929  3451                      74.1250000   64.00000  13.7%  28.4   24s
H 4930  3283                      74.1093750   64.00000  13.6%  28.4   24s
H 4934  3122                      74.0000000   64.00000  13.5%  28.4   24s
H 4946  2967                      73.2500000   64.00000  12.6%  28.3   24s
H 4961  2850                      72.8750000   64.00000  12.2%  28.3   24s
  4993  2871   64.00000   20   80   72.87500   64.00000  12.2%  28.2   25s
H 5029  2754                      72.7500000   64.00000  12.0%  28.2   26s
H 5409  3343                      72.6250000   64.00000  11.9%  33.4   29s
H 5599  3156                      72.5000000   64.00000  11.7%  36.5   29s
  5923  4303   64.00000   34   40   72.50000   64.00000  11.7%  45.9   30s
H 6228  4084                      72.3750000   64.00000  11.6%  46.9   30s
H 6799  3783                      72.2500000   64.00000  11.4%  52.0   30s
H 7178  3687                      72.0000000   64.00000  11.1%  54.9   34s
H 7280  3552                      71.9999998   64.00000  11.1%  55.7   34s
  7349  3702   64.00000   63   58   72.00000   64.00000  11.1%  56.8   39s
H 7454  3572                      71.9999998   64.00000  11.1%  58.1   39s
  7549 10717   64.00000   64   59   72.00000   64.00000  11.1%  58.7   42s
 15302 10059   70.25000  188   67   72.00000   64.00000  11.1%  72.0   47s
H15326 10059                      71.9999921   64.00000  11.1%  71.9   47s
 20208 14281   64.00000   44   46   71.99999   64.00000  11.1%  68.2   51s
 24120 20656   64.00000  125   48   71.99999   64.00000  11.1%  66.8   56s
 27260 21521   64.00000  195   53   71.99999   64.00000  11.1%  66.3   60s
 32109 27126   67.00000  383   98   71.99999   64.00000  11.1%  68.8   66s
 40641 32351   64.00000  203   52   71.99999   64.00000  11.1%  66.8   73s
 40913 35050   64.00000  204   51   71.99999   64.00000  11.1%  66.8   76s
 44276 41252   64.00000  234   67   71.99999   64.00000  11.1%  68.8   82s
 51342 41281   64.00000  303   56   71.99999   64.00000  11.1%  70.2   86s
H51372 38613                      71.1250000   64.00000  10.0%  70.4   86s
H51400 42282                      71.0000000   64.00000  9.86%  70.4   89s
 56196 42168   66.62500  365   89   71.00000   64.00000  9.86%  70.7   94s
H56197 42168                      70.9999999   64.00000  9.86%  70.7   94s
H56235 42168                      70.9999980   64.00000  9.86%  70.7   94s
H56237 42168                      70.9999920   64.00000  9.86%  70.7   94s
 56245 45815   66.62500  366   87   70.99999   64.00000  9.86%  70.7   96s
 60817 45837   64.25000  276   93   70.99999   64.00000  9.86%  71.3  101s
 65849 52251   64.00000  234   84   70.99999   64.00000  9.86%  73.0  109s
 68637 61528   64.00000  293   62   70.99999   64.00000  9.86%  74.6  116s
 79625 62520   64.15625  454   82   70.99999   64.00000  9.86%  73.3  120s
 80921 70502   64.28125  484   81   70.99999   64.00000  9.86%  73.2  125s
 91149 70533   64.00000  196   73   70.99999   64.00000  9.86%  72.6  130s
 97267 76255   64.00000  104   48   70.99999   64.00000  9.86%  73.0  139s
 98971 98911   64.00000  155   63   70.99999   64.00000  9.86%  72.9  154s
 126597 100887   68.00000  579  105   70.99999   64.00000  9.86%  75.3  159s
 129311 104328   66.12500  197   86   70.99999   64.00000  9.86%  75.3  168s
 133725 116223     cutoff  290        70.99999   64.00000  9.86%  75.5  176s
 148725 117061   68.37500  214  130   70.99999   64.00000  9.86%  74.9  181s
 149828 118643   68.87500  241  134   70.99999   64.00000  9.86%  75.1  186s
 151678 128938   69.50000  242  131   70.99999   64.00000  9.86%  75.0  192s
 164283 129377   64.00000  334   84   70.99999   64.00000  9.86%  74.9  197s
 164847 153945   64.00000  344   85   70.99999   64.00000  9.86%  74.9  214s
 196879 154063   65.25000  500   73   70.99999   64.00000  9.86%  74.7  220s
 197042 177933   65.25000  501   73   70.99999   64.00000  9.86%  74.7  236s
 229074 179276   66.37500  850   45   70.99999   64.00000  9.86%  74.3  242s
H229774 179275                      70.9998443   64.00000  9.86%  74.2  242s
 231116 189927   68.87500  372   99   70.99984   64.00000  9.86%  74.1  253s
 246765 191033   64.00000  502   90   70.99984   64.00000  9.86%  72.6  257s
 248184 191756   64.00000  509   80   70.99984   64.00000  9.86%  72.4  262s
 249093 192526   64.00000  511   81   70.99984   64.00000  9.86%  72.5  268s
 250377 200762   64.00000  515   80   70.99984   64.00000  9.86%  72.5  274s
 261921 200932   69.37500  558  111   70.99984   64.00000  9.86%  71.5  279s
 262163 222220   69.37500  559  108   70.99984   64.00000  9.86%  71.5  294s
 294195 222255   70.62500  587   97   70.99984   64.00000  9.86%  69.2  301s
 294256 244639     cutoff  588        70.99984   64.00000  9.86%  69.2  328s
 326288 245664     cutoff  610        70.99984   64.00000  9.86%  67.6  333s
 327955 258536   70.87500  607  100   70.99984   64.00000  9.86%  67.5  346s
 347360 259327   69.37500  567  120   70.99984   64.00000  9.86%  66.2  351s
 348461 260259   70.37500  573  112   70.99984   64.00000  9.86%  66.1  355s
 349775 262550 infeasible  576        70.99984   64.00000  9.86%  66.0  360s
 354249 264864   66.50000  405   82   70.99984   64.00000  9.86%  65.7  366s
 358127 265617   66.62500  350  101   70.99984   64.00000  9.86%  65.4  371s
 359179 285526   69.87500  398  102   70.99984   64.00000  9.86%  65.3  386s
 391132 285592   70.75000  583  114   70.99984   64.00000  9.86%  63.7  392s
 391205 306293   70.75000  584  114   70.99984   64.00000  9.86%  63.7  407s
 423237 306319   67.12500  448   88   70.99984   64.00000  9.86%  61.8  413s
 423275 325696   67.12500  449   88   70.99984   64.00000  9.86%  61.9  428s
 455307 325739   68.37500  585  119   70.99984   64.00000  9.86%  60.3  434s
 455403 348691   68.37500  586  117   70.99984   64.00000  9.86%  60.3  448s
 487435 350173   69.50000  526   89   70.99984   64.00000  9.86%  59.4  453s
 489516 359892   69.50000  527   91   70.99984   64.00000  9.86%  59.3  463s
 502823 361912   65.25000  584   78   70.99984   64.00000  9.86%  58.7  467s
 505499 363389   64.00000  613   92   70.99984   64.00000  9.86%  58.7  473s
 507604 365988   67.25000  615   90   70.99984   64.00000  9.86%  58.6  479s
 511079 373659   65.12500  646   84   70.99984   64.00000  9.86%  58.5  485s
 523523 373685   64.00000  574   94   70.99984   64.00000  9.86%  58.1  490s
 523560 392754   64.00000  575   94   70.99984   64.00000  9.86%  58.1  506s
 555592 392764   64.00000  305  110   70.99984   64.00000  9.86%  57.7  512s
 555646 412114   67.00000  308   96   70.99984   64.00000  9.86%  57.7  527s
 587678 412140   70.87500  538   84   70.99984   64.00000  9.86%  57.1  533s
 587716 432657     cutoff  539        70.99984   64.00000  9.86%  57.1  550s
 619748 432680   70.37760  400  119   70.99984   64.00000  9.86%  56.4  556s
 619789 451226   70.62500  401  109   70.99984   64.00000  9.86%  56.4  572s
 651821 452498   70.25000  442  121   70.99984   64.00000  9.86%  55.8  576s
 653792 459896   70.04417  455  132   70.99984   64.00000  9.86%  55.7  586s
 664298 462206   66.50000  603  107   70.99984   64.00000  9.86%  55.8  592s
 667577 464079   68.75000  602  114   70.99984   64.00000  9.86%  55.8  598s
 669950 467003   66.50000  606  108   70.99984   64.00000  9.86%  55.8  605s
 675507 470658   70.75000  629   93   70.99984   64.00000  9.86%  55.9  612s
 680798 470708   67.12500  358   87   70.99984   64.00000  9.86%  56.0  617s
 680881 490527   67.12500  361   86   70.99984   64.00000  9.86%  56.0  635s
 712913 490557   66.00000  382  111   70.99984   64.00000  9.86%  55.9  641s
 712960 507149 infeasible  383        70.99984   64.00000  9.86%  55.9  660s
 744992 507169   69.12500  418  121   70.99984   64.00000  9.86%  55.8  666s
 745081 524194   69.25000  419  126   70.99984   64.00000  9.86%  55.8  685s
 777113 524215   66.37500  447  128   70.99984   64.00000  9.86%  55.6  692s
 777155 539243   66.37500  448  128   70.99984   64.00000  9.86%  55.6  709s
 809187 539249     cutoff  395        70.99984   64.00000  9.86%  55.4  716s
 809245 555421     cutoff  396        70.99984   64.00000  9.86%  55.4  737s
 841277 556108   65.25000  315   92   70.99984   64.00000  9.86%  55.0  742s
 842555 567278   64.50000  334   91   70.99984   64.00000  9.86%  55.0  758s
 867336 568028   67.75000  342   90   70.99984   64.00000  9.86%  54.7  763s
 868551 569127   68.00000  354  112   70.99984   64.00000  9.86%  54.7  768s
 870863 570341   69.00000  391  105   70.99984   64.00000  9.86%  54.7  773s
 873291 575104   65.50000  378   96   70.99984   64.00000  9.86%  54.6  782s
 881454 575177   64.00000  428  120   70.99984   64.00000  9.86%  54.6  788s
 881572 581006   64.00000  429  121   70.99984   64.00000  9.86%  54.6  794s
 892907 581026 infeasible  468        70.99984   64.00000  9.86%  54.4  800s
 892950 584939 infeasible  467        70.99984   64.00000  9.86%  54.4  805s
 901667 584967   69.00000  388  121   70.99984   64.00000  9.86%  54.2  810s
 901759 601136   64.00000  374  105   70.99984   64.00000  9.86%  54.2  829s
 933791 601153   64.12500  430   95   70.99984   64.00000  9.86%  53.8  835s
 933835 617167     cutoff  428        70.99984   64.00000  9.86%  53.8  851s
 965867 617183   64.62500  429   93   70.99984   64.00000  9.86%  53.3  856s
 965915 633102 infeasible  429        70.99984   64.00000  9.86%  53.3  873s
 997947 634016   70.12500  487  138   70.99984   64.00000  9.86%  52.9  878s
 1000034 640177 infeasible  511        70.99984   64.00000  9.86%  52.9  888s
 1013280 641183   64.00000  414   94   70.99984   64.00000  9.86%  52.6  893s
 1015449 642766   64.00000  415   92   70.99984   64.00000  9.86%  52.6  899s
 1018186 645230   67.51302  442  146   70.99984   64.00000  9.86%  52.5  906s
 1023106 648507   64.62500  471  100   70.99984   64.00000  9.86%  52.4  913s
 1028720 649715   66.25000  516  118   70.99984   64.00000  9.86%  52.4  918s
 1031328 654006   66.25000  519  119   70.99984   64.00000  9.86%  52.4  926s
 1041609 655579   64.00000  324   83   70.99984   64.00000  9.86%  52.2  931s
 1045577 656174   64.00000  374   92   70.99984   64.00000  9.86%  52.2  937s
 1047065 657570   65.87500  377  101   70.99984   64.00000  9.86%  52.2  943s
 1050623 661868   65.25000  394   97   70.99984   64.00000  9.86%  52.2  952s
 1060617 661903   68.43811  429  113   70.99984   64.00000  9.86%  52.2  958s
 1060658 679274   67.37500  429  114   70.99984   64.00000  9.86%  52.2  977s
 1092690 679297     cutoff  486        70.99984   64.00000  9.86%  51.9  982s
 1092731 699607   69.62500  487  121   70.99984   64.00000  9.86%  51.9 1001s
 1124763 699666   64.12500  495  109   70.99984   64.00000  9.86%  52.1 1007s
 1124841 721254   64.12500  496  108   70.99984   64.00000  9.86%  52.1 1024s
 1156873 721282   64.00000  447  140   70.99984   64.00000  9.86%  52.2 1029s
 1156911 743785   64.00334  448  139   70.99984   64.00000  9.86%  52.2 1058s
 1188943 745476   64.00000  115   46   70.99984   64.00000  9.86%  52.5 1064s
 1191232 751958   64.00000  109   62   70.99984   64.00000  9.86%  52.5 1074s
 1199484 755600   64.00000  118   79   70.99984   64.00000  9.86%  52.7 1080s
 1203906 759615   64.00000  154   65   70.99984   64.00000  9.86%  52.9 1087s
 1208741 764885   67.37500  194  107   70.99984   64.00000  9.86%  53.0 1093s
 1215497 767642     cutoff  171        70.99984   64.00000  9.86%  53.0 1100s
 1218981 768997   64.00000  174   74   70.99984   64.00000  9.86%  53.0 1106s
 1220865 778285   64.00000  194   86   70.99984   64.00000  9.86%  53.0 1116s
 1233299 780357   64.00000  275   82   70.99984   64.00000  9.86%  53.4 1121s
 1235953 784149   64.00000  324   86   70.99984   64.00000  9.86%  53.4 1126s
 1240953 786983   64.00000  344   56   70.99984   64.00000  9.86%  53.5 1132s
 1244529 795589   65.00000  382   82   70.99984   64.00000  9.86%  53.5 1138s
 1255902 795669   64.00000  268   72   70.99984   64.00000  9.86%  53.8 1143s
 1256003 819239   64.00000  269   76   70.99984   64.00000  9.86%  53.8 1159s
 1257004 819239   64.50000  278   91   70.99984   64.00000  9.86%  53.8 1160s
 1288035 819262   64.00000  200   56   70.99984   64.00000  9.86%  54.3 1165s
 1288076 842902   64.00000  201   58   70.99984   64.00000  9.86%  54.3 1180s
 1320108 842926   64.00000  158   87   70.99984   64.00000  9.86%  54.5 1186s
 1320147 867104   64.00000  159   87   70.99984   64.00000  9.86%  54.5 1203s
 1352179 867127   64.50000  431  116   70.99984   64.00000  9.86%  54.6 1208s
 1352225 891423   64.75000  431  106   70.99984   64.00000  9.86%  54.6 1225s
 1384257 891440   65.37500  403   88   70.99984   64.00000  9.86%  54.6 1231s
 1384303 915728   65.00000  398   90   70.99984   64.00000  9.86%  54.6 1247s
 1416335 917595   67.12500  477  133   70.99984   64.00000  9.86%  54.7 1251s
 1418590 924299   67.87500  490  129   70.99984   64.00000  9.86%  54.6 1260s
 1427957 927214   65.25000  287  105   70.99984   64.00000  9.86%  54.6 1265s
 1432104 931138   64.00000  195   66   70.99984   64.00000  9.86%  54.7 1270s
 1437028 935047   70.75000  248  100   70.99984   64.00000  9.86%  54.7 1276s
 1442111 938028   70.87500  350   77   70.99984   64.00000  9.86%  54.7 1281s
 1446288 939101   64.00000  214   97   70.99984   64.00000  9.86%  54.7 1286s
 1447791 953478     cutoff  409        70.99984   64.00000  9.86%  54.7 1299s
 1468403 955271   64.00000  394   78   70.99984   64.00000  9.86%  54.8 1303s
 1470648 956734   68.50481  407   93   70.99984   64.00000  9.86%  54.7 1307s
 1472516 956754   64.00000  233   70   70.99984   64.00000  9.86%  54.7 1314s
 1472558 963067   64.00000  233   73   70.99984   64.00000  9.86%  54.7 1319s
 1481979 963093   68.62500  318   66   70.99984   64.00000  9.86%  54.7 1325s
 1482033 985364     cutoff  319        70.99984   64.00000  9.86%  54.7 1342s
 1514065 985414   64.00000  212   85   70.99984   64.00000  9.86%  54.7 1348s
 1514134 1007121   64.00000  213   65   70.99984   64.00000  9.86%  54.7 1364s
 1546166 1007185   64.00000  360  110   70.99984   64.00000  9.86%  54.7 1369s
 1546234 1030349   64.00000  358  113   70.99984   64.00000  9.86%  54.7 1386s
 1578266 1030373   70.87500  356   86   70.99984   64.00000  9.86%  54.7 1392s
 1578306 1054507 infeasible  357        70.99984   64.00000  9.86%  54.7 1411s
 1610338 1054569   64.00000  239   91   70.99984   64.00000  9.86%  54.9 1416s
 1610453 1077832   64.00000  240   91   70.99984   64.00000  9.86%  54.9 1434s
 1642485 1078889   70.75000  336  120   70.99984   64.00000  9.86%  55.0 1439s
 1643964 1091110   70.75000  337  120   70.99984   64.00000  9.86%  55.0 1452s
 1662618 1093081   66.37500  405  126   70.99984   64.00000  9.86%  55.0 1457s
 1665323 1094814     cutoff  418        70.99984   64.00000  9.86%  55.0 1462s
 1667810 1097940   70.62500  428  115   70.99984   64.00000  9.86%  55.0 1467s
 1672912 1098563   64.25000  363  111   70.99984   64.00000  9.86%  55.0 1472s
 1673843 1115560   64.25000  364  111   70.99984   64.00000  9.86%  55.1 1491s
 1697077 1116699   64.00000  267   66   70.99984   64.00000  9.86%  55.5 1496s
 1698371 1119561   64.00000  291   88   70.99984   64.00000  9.86%  55.5 1501s
 1701929 1120579   64.00000  321   92   70.99984   64.00000  9.86%  55.5 1506s
 1703302 1138789   68.62500  393  125   70.99984   64.00000  9.86%  55.5 1520s
 1728661 1139354   67.62500  325  138   70.99984   64.00000  9.86%  55.6 1528s
 1729113 1143921   69.62500  335  139   70.99984   64.00000  9.86%  55.6 1533s
 1735222 1143969   64.00000  304   54   70.99984   64.00000  9.86%  55.7 1538s
 1735284 1168656   64.00000  305   54   70.99984   64.00000  9.86%  55.7 1556s
 1767316 1168678   67.50000  292   88   70.99984   64.00000  9.86%  56.1 1562s
 1767358 1191871   67.50000  293   88   70.99984   64.00000  9.86%  56.1 1580s
 1799390 1191886   65.62500  417  108   70.99984   64.00000  9.86%  56.4 1585s
 1799439 1216908   65.62500  418  108   70.99984   64.00000  9.86%  56.4 1605s
 1831471 1216940   64.00000  408   92   70.99984   64.00000  9.86%  56.6 1610s
 1831517 1239427   64.00000  409   90   70.99984   64.00000  9.86%  56.6 1627s
 1863549 1239456   68.87500  480  122   70.99984   64.00000  9.86%  56.7 1633s
 1863584 1260896   68.87500  481  122   70.99984   64.00000  9.86%  56.7 1661s
 1895616 1261851   70.87500  443  104   70.99984   64.00000  9.86%  56.8 1666s
 1897437 1270764   66.12500  402  112   70.99984   64.00000  9.86%  56.7 1677s
 1909773 1273128   64.00000  381   77   70.99984   64.00000  9.86%  56.9 1682s
 1913332 1275599   64.00000  401   81   70.99984   64.00000  9.86%  56.9 1688s
 1917037 1279263 infeasible  435        70.99984   64.00000  9.86%  56.9 1695s
 1922908 1282738   65.25000  288   67   70.99984   64.00000  9.86%  56.9 1701s
 1927594 1283568   70.87500  372  132   70.99984   64.00000  9.86%  56.9 1705s
 1928735 1302945   70.87500  379  130   70.99984   64.00000  9.86%  56.9 1722s
 1955078 1303703   64.00000  384   68   70.99984   64.00000  9.86%  57.0 1726s
 1956104 1304982   64.25000  407  100   70.99984   64.00000  9.86%  57.0 1730s
 1957897 1306389     cutoff  499        70.99984   64.00000  9.86%  57.0 1735s
 1959741 1317209   64.00000  265   93   70.99984   64.00000  9.86%  57.0 1745s
 1976140 1317519     cutoff  263        70.99984   64.00000  9.86%  56.9 1750s
 1976627 1323289   64.75000  424   85   70.99984   64.00000  9.86%  56.9 1755s
 1985961 1323318   66.25000  331  124   70.99984   64.00000  9.86%  56.9 1760s
 1991118 1326668   66.25000  343  123   70.99984   64.00000  9.86%  56.9 1768s
 1991163 1348791   66.25000  344  121   70.99984   64.00000  9.86%  56.9 1786s
 2023195 1348811   69.62500  352   82   70.99984   64.00000  9.86%  57.0 1792s
 2023238 1371430     cutoff  353        70.99984   64.00000  9.86%  57.0 1808s
 2055270 1371454   64.00000  283   58   70.99984   64.00000  9.86%  56.9 1814s
H2055304 1371454                      70.9998442   64.00000  9.86%  56.9 1815s
 2055309 1393410   64.00000  284   58   70.99984   64.00000  9.86%  56.9 1833s
 2087341 1393430     cutoff  393        70.99984   64.00000  9.86%  56.9 1839s
 2087384 1413650   67.75000  394  109   70.99984   64.00000  9.86%  56.9 1855s
 2119416 1413680   66.50000  361  109   70.99984   64.00000  9.86%  56.8 1861s
 2119450 1432771   66.50841  362  109   70.99984   64.00000  9.86%  56.8 1881s
 2151482 1432787   70.12500  474   85   70.99984   64.00000  9.86%  56.8 1888s
H2151506 1432787                      70.9998440   64.00000  9.86%  56.8 1888s
 2151530 1455377     cutoff  475        70.99984   64.00000  9.86%  56.8 1906s
 2183562 1456124   67.25000  310   93   70.99984   64.00000  9.86%  56.9 1911s
 2184999 1468930   68.00000  349  110   70.99984   64.00000  9.86%  56.9 1925s
 2208053 1468946   67.75000  499  111   70.99984   64.00000  9.86%  56.8 1931s
 2208101 1469680   67.75000  500  105   70.99984   64.00000  9.86%  56.8 1937s
 2209012 1475181   68.25000  526  104   70.99984   64.00000  9.86%  56.8 1942s
 2217968 1475208   68.25000  367  132   70.99984   64.00000  9.86%  56.8 1949s
 2218004 1494126   68.25000  368  132   70.99984   64.00000  9.86%  56.8 1966s
 2250036 1494143   64.00000  322  121   70.99984   64.00000  9.86%  56.7 1974s
 2250082 1512596   64.00000  323   75   70.99984   64.00000  9.86%  56.7 1990s
 2282114 1512623   65.12500  464  150   70.99984   64.00000  9.86%  56.6 1998s
 2282151 1533683   65.12500  465  152   70.99984   64.00000  9.86%  56.6 2016s
 2314183 1533701   65.00000  339  110   70.99984   64.00000  9.86%  56.6 2024s
 2314225 1551809   65.00000  340  110   70.99984   64.00000  9.86%  56.6 2040s
 2346257 1552369   64.00000  359   77   70.99984   64.00000  9.86%  56.6 2046s
 2347291 1570267   65.50000  357   84   70.99984   64.00000  9.86%  56.5 2063s
 2378877 1570799     cutoff  393        70.99984   64.00000  9.86%  56.4 2069s
 2379985 1588997   64.00000  390   81   70.99984   64.00000  9.86%  56.4 2086s
 2410999 1589210   64.00000  387   99   70.99984   64.00000  9.86%  56.2 2091s
 2411367 1607807   64.00000  388  104   70.99984   64.00000  9.86%  56.2 2112s
 2443399 1607985   65.12500  467  115   70.99984   64.00000  9.86%  56.1 2117s
 2443719 1626430   65.12500  469  119   70.99984   64.00000  9.86%  56.1 2134s
 2475751 1626974     cutoff  481        70.99984   64.00000  9.86%  55.9 2139s
 2476669 1643240   69.00000  421   90   70.99984   64.00000  9.86%  55.9 2156s
 2508701 1643812   64.25000  425   91   70.99984   64.00000  9.86%  55.7 2160s
 2510115 1660490   70.46141  439  108   70.99984   64.00000  9.86%  55.7 2174s
 2536285 1660509   69.75000  461  111   70.99984   64.00000  9.86%  55.5 2178s
 2536328 1661726   68.62500  458  112   70.99984   64.00000  9.86%  55.5 2182s
 2538619 1662884   70.12500  472  115   70.99984   64.00000  9.86%  55.5 2187s
 2541042 1672878   70.37500  472  111   70.99984   64.00000  9.86%  55.5 2196s
 2556882 1672900     cutoff  435        70.99984   64.00000  9.86%  55.4 2203s
 2556922 1676546     cutoff  436        70.99984   64.00000  9.86%  55.4 2207s
 2563311 1676572   68.37500  437  106   70.99984   64.00000  9.86%  55.4 2214s
 2563347 1679818   69.75000  438  105   70.99984   64.00000  9.86%  55.4 2218s
 2569561 1679844   64.00000  444   84   70.99984   64.00000  9.86%  55.3 2225s
 2569599 1700395   64.00000  445   82   70.99984   64.00000  9.86%  55.3 2243s
 2601631 1700410   69.12500  455  113   70.99984   64.00000  9.86%  55.2 2251s
 2601678 1718599   69.12500  457  109   70.99984   64.00000  9.86%  55.2 2280s
 2633710 1718627   68.25000  456   77   70.99984   64.00000  9.86%  55.0 2288s
 2633746 1736184   66.37500  455   85   70.99984   64.00000  9.86%  55.0 2307s
 2665778 1736936   66.37500  541  103   70.99984   64.00000  9.86%  54.8 2312s
 2667051 1750009     cutoff  554        70.99984   64.00000  9.86%  54.8 2328s
 2694946 1750998     cutoff  432        70.99984   64.00000  9.86%  54.6 2333s
 2696884 1760593   65.25000  449   98   70.99984   64.00000  9.86%  54.6 2345s
 2711154 1761686   70.92184  507  109   70.99984   64.00000  9.86%  54.5 2350s
 2713372 1764533     cutoff  472        70.99984   64.00000  9.86%  54.5 2356s
 2719847 1765827     cutoff  473        70.99984   64.00000  9.86%  54.5 2361s
 2722736 1768851     cutoff  489        70.99984   64.00000  9.86%  54.5 2367s
 2729057 1769550   64.75000  455   85   70.99984   64.00000  9.86%  54.4 2371s
 2730513 1782418   66.75000  479   83   70.99984   64.00000  9.86%  54.4 2385s
 2754354 1784839   66.50000  462  105   70.99984   64.00000  9.86%  54.3 2394s
 2758034 1785845     cutoff  469        70.99984   64.00000  9.86%  54.3 2398s
 2759807 1795899   67.50000  468  109   70.99984   64.00000  9.86%  54.3 2410s
 2780705 1799377 infeasible  516        70.99984   64.00000  9.86%  54.1 2418s
 2788840 1799397   64.00000  464   92   70.99984   64.00000  9.86%  54.1 2426s
 2788884 1816337   64.00000  464   98   70.99984   64.00000  9.86%  54.1 2445s
 2820916 1816359   65.00000  481  106   70.99984   64.00000  9.86%  53.9 2452s
 2820958 1830298   65.62500  482  108   70.99984   64.00000  9.86%  53.9 2469s
 2852990 1830311   70.37500  485  115   70.99984   64.00000  9.86%  53.7 2476s
 2853040 1845390     cutoff  486        70.99984   64.00000  9.86%  53.7 2494s
 2885072 1845399   66.75000  502  114   70.99984   64.00000  9.86%  53.6 2501s
 2885127 1858206   66.75000  503  115   70.99984   64.00000  9.86%  53.6 2518s
 2917159 1858216     cutoff  538        70.99984   64.00000  9.86%  53.4 2524s
 2917212 1869893   66.25000  538  105   70.99984   64.00000  9.86%  53.4 2545s
 2949244 1869896     cutoff  525        70.99984   64.00000  9.86%  53.2 2552s
 2949305 1882692     cutoff  526        70.99984   64.00000  9.86%  53.2 2571s
 2981337 1882705   68.00000  520  115   70.99984   64.00000  9.86%  53.0 2578s
 2981388 1893931 infeasible  521        70.99984   64.00000  9.86%  53.0 2595s
 3013420 1894472   64.25000  538   98   70.99984   64.00000  9.86%  52.8 2600s
 3015437 1901141   68.87500  509   96   70.99984   64.00000  9.86%  52.8 2610s
 3030760 1901701   65.62500  514   92   70.99984   64.00000  9.86%  52.7 2615s
 3032252 1903610   64.00000  514  111   70.99984   64.00000  9.86%  52.7 2620s
 3036559 1905003   65.37500  531  124   70.99984   64.00000  9.86%  52.7 2625s
 3039969 1906705   64.50000  528   94   70.99984   64.00000  9.86%  52.7 2632s
 3045272 1907188     cutoff  505        70.99984   64.00000  9.86%  52.6 2637s
 3047138 1915737     cutoff  506        70.99984   64.00000  9.86%  52.6 2649s
 3054045 1915737   67.87500  444  126   70.99984   64.00000  9.86%  52.6 2650s
 3068419 1917321   67.50962  455  117   70.99984   64.00000  9.86%  52.5 2658s
 3073048 1917801     cutoff  558        70.99984   64.00000  9.86%  52.5 2664s
 3075293 1918639   67.50000  539  113   70.99984   64.00000  9.86%  52.5 2669s
 3077936 1922043   64.75000  529   98   70.99984   64.00000  9.86%  52.4 2677s
 3088084 1923911     cutoff  531        70.99984   64.00000  9.86%  52.4 2682s
 3092052 1923937   64.37500  545  112   70.99984   64.00000  9.86%  52.4 2689s
 3092105 1926189   64.37500  546  112   70.99984   64.00000  9.86%  52.4 2695s
 3098582 1927317 infeasible  532        70.99984   64.00000  9.86%  52.4 2700s
 3101443 1931820   64.00000  535  106   70.99984   64.00000  9.86%  52.3 2706s
 3112097 1931849   67.87500  549  104   70.99984   64.00000  9.86%  52.3 2714s
 3112132 1942808   68.00000  550  102   70.99984   64.00000  9.86%  52.3 2730s
 3144164 1942823   69.50000  520   93   70.99984   64.00000  9.86%  52.1 2737s
 3144212 1954317     cutoff  521        70.99984   64.00000  9.86%  52.1 2756s
 3176244 1954336   65.62500  543  129   70.99984   64.00000  9.86%  52.0 2764s
 3176289 1965621   65.62500  544  129   70.99984   64.00000  9.86%  52.0 2780s
 3208321 1965632     cutoff  556        70.99984   64.00000  9.86%  51.8 2787s
 3208373 1976788   67.87500  555   96   70.99984   64.00000  9.86%  51.8 2804s
 3240405 1976801     cutoff  525        70.99984   64.00000  9.86%  51.6 2811s
 3240454 1988521   68.25000  527  101   70.99984   64.00000  9.86%  51.6 2828s
 3272486 1988535   70.12500  525  125   70.99984   64.00000  9.86%  51.4 2835s
 3272536 1999235   70.12500  526  125   70.99984   64.00000  9.86%  51.4 2852s
 3304568 1999252     cutoff  516        70.99984   64.00000  9.86%  51.2 2859s
 3304614 2012002 infeasible  517        70.99984   64.00000  9.86%  51.2 2878s
 3336646 2012029 infeasible  541        70.99984   64.00000  9.86%  51.1 2886s
 3336683 2023417   68.00000  540   80   70.99984   64.00000  9.86%  51.1 2903s
 3368715 2024170   68.12500  537   88   70.99984   64.00000  9.86%  50.8 2908s
 3370913 2029109   69.00000  538   89   70.99984   64.00000  9.86%  50.8 2918s
 3389472 2029137   64.12500  504   98   70.99984   64.00000  9.86%  50.7 2921s
 3389560 2030030   64.12500  505  109   70.99984   64.00000  9.86%  50.7 2925s
 3393056 2031742     cutoff  538        70.99984   64.00000  9.86%  50.7 2934s
 3396822 2032665   64.00000  500   97   70.99984   64.00000  9.86%  50.7 2939s
 3399827 2034743   66.50000  572  114   70.99984   64.00000  9.86%  50.6 2944s
 3404258 2036179   65.00000  546  106   70.99984   64.00000  9.86%  50.6 2949s
 3406958 2038643   67.50000  566  123   70.99984   64.00000  9.86%  50.6 2956s
 3412491 2039963 infeasible  522        70.99984   64.00000  9.86%  50.5 2962s
 3417178 2042526   64.00000  524   87   70.99984   64.00000  9.86%  50.5 2968s
 3426163 2043769   66.14323  561  109   70.99984   64.00000  9.86%  50.5 2974s
 3429442 2045332     cutoff  569        70.99984   64.00000  9.86%  50.4 2978s
 3433629 2046798   64.75000  565   97   70.99984   64.00000  9.86%  50.4 2984s
 3437949 2049892   64.00000  574   93   70.99984   64.00000  9.86%  50.4 2990s
 3448911 2053310     cutoff  286        70.99984   64.00000  9.86%  50.3 3001s
 3456499 2053336 infeasible  541        70.99984   64.00000  9.86%  50.3 3008s
 3456537 2056726   68.00000  539   80   70.99984   64.00000  9.86%  50.3 3014s
 3465193 2056743   65.00000  554   86   70.99984   64.00000  9.86%  50.2 3020s
 3465239 2071150   68.13942  555   91   70.99984   64.00000  9.86%  50.2 3036s
 3497271 2071159   70.38942  555  107   70.99984   64.00000  9.86%  50.1 3043s
 3497324 2086902   69.75000  555  103   70.99984   64.00000  9.86%  50.1 3061s
 3529356 2086925   64.00000  227  106   70.99984   64.00000  9.86%  49.9 3068s
 3529397 2105487   64.00000  228  103   70.99984   64.00000  9.86%  49.9 3098s
 3561429 2105509   64.00000  242   80   70.99984   64.00000  9.86%  49.8 3104s
 3561471 2122182   64.00000  243   80   70.99984   64.00000  9.86%  49.8 3120s
 3593503 2122200   69.00000  292  105   70.99984   64.00000  9.86%  49.6 3127s
 3593547 2140279   69.00000  293  102   70.99984   64.00000  9.86%  49.6 3145s
 3625579 2140298   67.25000  445   84   70.99984   64.00000  9.86%  49.4 3152s
 3625622 2157901   69.37500  446   82   70.99984   64.00000  9.86%  49.4 3168s
 3657654 2157916   67.50000  245  110   70.99984   64.00000  9.86%  49.3 3175s
 3657703 2175123   67.50000  246  110   70.99984   64.00000  9.86%  49.3 3194s
 3689735 2176358   65.62500  281   96   70.99984   64.00000  9.86%  49.1 3199s
 3691612 2187719   67.50000  309  114   70.99984   64.00000  9.86%  49.1 3211s
 3707795 2188622   64.00000  314   88   70.99984   64.00000  9.86%  49.1 3215s
 3709219 2192179   68.87500  334   99   70.99984   64.00000  9.86%  49.1 3221s
 3715182 2193359   67.62500  358  113   70.99984   64.00000  9.86%  49.1 3226s
 3717408 2197011   68.75000  267   90   70.99984   64.00000  9.86%  49.0 3232s
 3724451 2198136   69.62500  299  116   70.99984   64.00000  9.86%  49.0 3237s
 3726348 2207864   64.25000  287  104   70.99984   64.00000  9.86%  49.0 3249s
 3727960 2207864   70.87955  335  111   70.99984   64.00000  9.86%  49.0 3250s
 3746086 2210439   67.50000  283   87   70.99984   64.00000  9.86%  48.9 3259s
 3749278 2212161   67.62500  312  123   70.99984   64.00000  9.86%  48.9 3264s
 3751936 2215726   70.87500  339  128   70.99984   64.00000  9.86%  48.9 3270s
 3760131 2230869   68.00000  340  114   70.99984   64.00000  9.86%  48.9 3290s
 3787677 2231833   69.00000  327  122   70.99984   64.00000  9.86%  48.7 3295s
 3789433 2243392   68.37500  332  133   70.99984   64.00000  9.86%  48.7 3307s
 3807607 2244646   70.62500  295  103   70.99984   64.00000  9.86%  48.6 3311s
 3809670 2249897   69.63822  296  103   70.99984   64.00000  9.86%  48.6 3316s
 3817297 2249918     cutoff  522        70.99984   64.00000  9.86%  48.6 3323s
 3817340 2267182   67.25000  519  115   70.99984   64.00000  9.86%  48.6 3341s
 3849372 2267204   67.75000  358  132   70.99984   64.00000  9.86%  48.4 3348s
 3849414 2285687   69.12500  359  132   70.99984   64.00000  9.86%  48.4 3366s
 3881446 2285704   68.62500  306  123   70.99984   64.00000  9.86%  48.3 3376s
 3881491 2303465   68.62500  307  121   70.99984   64.00000  9.86%  48.3 3394s
 3913523 2303491   70.87500  367  135   70.99984   64.00000  9.86%  48.1 3401s
 3913560 2320924     cutoff  368        70.99984   64.00000  9.86%  48.1 3423s
 3945592 2320938   65.00000  498   85   70.99984   64.00000  9.86%  47.9 3430s
 3945639 2339254   64.50000  494   85   70.99984   64.00000  9.86%  47.9 3449s
 3977671 2339266   67.50000  340  125   70.99984   64.00000  9.86%  47.8 3456s
 3977722 2357973   67.50000  341  124   70.99984   64.00000  9.86%  47.8 3475s
 4009754 2357995   66.00000  313  116   70.99984   64.00000  9.86%  47.6 3483s
 4009794 2373316   69.25000  314  114   70.99984   64.00000  9.86%  47.6 3500s
 4041826 2373338   69.37500  377  143   70.99984   64.00000  9.86%  47.4 3508s
 4041868 2392271   69.00000  375  145   70.99984   64.00000  9.86%  47.4 3529s
 4073900 2392293   69.75000  488  128   70.99984   64.00000  9.86%  47.3 3540s
 4073942 2409249   69.75000  489  131   70.99984   64.00000  9.86%  47.3 3559s
 4105974 2410067     cutoff  404        70.99984   64.00000  9.86%  47.1 3564s
 4107597 2421151   64.50000  320   98   70.99984   64.00000  9.86%  47.1 3578s
 4127701 2422253   70.62500  360  147   70.99984   64.00000  9.86%  47.0 3583s
 4130040 2424114     cutoff  316        70.99984   64.00000  9.86%  47.0 3588s
 4135015 2425159   64.00000  374   92   70.99984   64.00000  9.86%  46.9 3593s
 4137837 2431039   64.00000  394   69   70.99984   64.00000  9.86%  46.9 3602s
 4148412 2432628   65.25000  303  112   70.99984   64.00000  9.86%  46.9 3607s
 4152115 2435311   64.00000  371  110   70.99984   64.00000  9.86%  46.9 3614s
 4158541 2437256   67.75000  386  141   70.99984   64.00000  9.86%  46.8 3619s
 4161861 2440716   69.00000  320  122   70.99984   64.00000  9.86%  46.8 3625s
 4168515 2441914   70.50000  331  119   70.99984   64.00000  9.86%  46.8 3630s
 4171359 2446135     cutoff  537        70.99984   64.00000  9.86%  46.8 3637s
 4181120 2447880   64.00000  324  107   70.99984   64.00000  9.86%  46.7 3643s
 4185063 2450344   69.43750  367  119   70.99984   64.00000  9.86%  46.7 3649s
 4191226 2452258   64.00000  342  132   70.99984   64.00000  9.86%  46.7 3654s
 4195080 2454790   64.00000  364  105   70.99984   64.00000  9.86%  46.7 3660s
 4203800 2461352   64.00000  333  104   70.99984   64.00000  9.86%  46.7 3672s
 4213211 2463307   64.50000  350  100   70.99984   64.00000  9.86%  46.6 3679s
 4216454 2466897   64.50000  354   76   70.99984   64.00000  9.86%  46.6 3687s
 4223337 2466924   68.50000  411  122   70.99984   64.00000  9.86%  46.6 3694s
 4223374 2471319   70.37740  412  130   70.99984   64.00000  9.86%  46.6 3699s
 4230342 2471344   69.87500  379  140   70.99984   64.00000  9.86%  46.6 3707s
 4230381 2488868     cutoff  380        70.99984   64.00000  9.86%  46.6 3726s
 4262413 2488882 infeasible  382        70.99984   64.00000  9.86%  46.5 3734s
 4262460 2504582     cutoff  383        70.99984   64.00000  9.86%  46.5 3753s
 4294492 2504604     cutoff  312        70.99984   64.00000  9.86%  46.3 3763s
 4294533 2520167     cutoff  313        70.99984   64.00000  9.86%  46.3 3781s
 4326565 2520183   64.00000  357  126   70.99984   64.00000  9.86%  46.2 3789s
 4326613 2534981   65.25000  358  122   70.99984   64.00000  9.86%  46.2 3807s
 4358645 2534989 infeasible  351        70.99984   64.00000  9.86%  46.1 3813s
 4358701 2550766     cutoff  352        70.99984   64.00000  9.86%  46.1 3830s
 4390733 2550781   65.37500  423  114   70.99984   64.00000  9.86%  45.9 3836s
 4390781 2566236   65.37500  424  112   70.99984   64.00000  9.86%  45.9 3853s
 4422813 2566253   70.12500  632   84   70.99984   64.00000  9.86%  45.8 3861s
 4422858 2581594   69.87500  632   83   70.99984   64.00000  9.86%  45.8 3877s
 4454890 2581616   70.87500  349  154   70.99984   64.00000  9.86%  45.7 3884s
 4454931 2598130   70.87500  350  151   70.99984   64.00000  9.86%  45.7 3902s
 4486963 2599131   70.12500  447   92   70.99984   64.00000  9.86%  45.5 3906s
 4488554 2608266   64.00000  434   82   70.99984   64.00000  9.86%  45.5 3923s
 4508558 2608806     cutoff  490        70.99984   64.00000  9.86%  45.5 3928s
 4509596 2610748   69.56250  425  136   70.99984   64.00000  9.86%  45.5 3932s
 4513540 2612118   69.12500  485  101   70.99984   64.00000  9.86%  45.4 3937s
 4516614 2614350   64.50000  404  105   70.99984   64.00000  9.86%  45.4 3942s
 4522195 2614574   64.00000  454   73   70.99984   64.00000  9.86%  45.4 3946s
 4522653 2616780   68.12500  488   80   70.99984   64.00000  9.86%  45.4 3951s
 4527098 2617912   65.62500  407  137   70.99984   64.00000  9.86%  45.4 3957s
 4529272 2620938   64.00000  414  102   70.99984   64.00000  9.86%  45.4 3963s
 4536227 2623031   70.68750  499  103   70.99984   64.00000  9.86%  45.4 3968s
 4539647 2626817   64.37500  452  102   70.99984   64.00000  9.86%  45.4 3974s
 4547517 2627944   70.75000  494  122   70.99984   64.00000  9.86%  45.3 3978s
 4549967 2635546   64.00000  425  103   70.99984   64.00000  9.86%  45.3 3987s
 4564332 2636171   64.00000  448   91   70.99984   64.00000  9.86%  45.3 3991s
 4565204 2639078   65.62500  454   92   70.99984   64.00000  9.86%  45.3 3996s
 4569685 2640194   64.00000  444  101   70.99984   64.00000  9.86%  45.3 4001s
 4571278 2643737   70.00000  505  131   70.99984   64.00000  9.86%  45.3 4006s
 4576321 2646139   64.75000  498  112   70.99984   64.00000  9.86%  45.2 4011s
 4580828 2649368   64.00000  370   95   70.99984   64.00000  9.86%  45.2 4016s
 4585219 2651726   64.00000  484   99   70.99984   64.00000  9.86%  45.2 4022s
 4588274 2658910   64.00000  534   92   70.99984   64.00000  9.86%  45.2 4028s
 4600312 2658932   65.00000  628   82   70.99984   64.00000  9.86%  45.2 4035s
 4600353 2663438   65.00000  629   82   70.99984   64.00000  9.86%  45.2 4040s
 4608465 2663462   69.12500  407  133   70.99984   64.00000  9.86%  45.1 4049s
 4608505 2668152   69.87500  408  135   70.99984   64.00000  9.86%  45.1 4053s
 4615385 2668172   64.00000  469  100   70.99984   64.00000  9.86%  45.1 4060s
 4615429 2687973   65.50000  470   89   70.99984   64.00000  9.86%  45.1 4076s
 4647461 2687980     cutoff  494        70.99984   64.00000  9.86%  45.0 4084s
 4647517 2704914   69.62500  492  101   70.99984   64.00000  9.86%  45.0 4099s
 4661531 2704914   69.37500  512  105   70.99984   64.00000  9.86%  45.0 4100s
 4679549 2704939   70.75000  515  106   70.99984   64.00000  9.86%  44.9 4106s
 4679586 2723837     cutoff  516        70.99984   64.00000  9.86%  44.9 4122s
 4711618 2723860   69.50000  594  117   70.99984   64.00000  9.86%  44.8 4129s
 4711658 2743092   69.50000  595  117   70.99984   64.00000  9.86%  44.8 4145s
 4743690 2743111   70.75000  540  125   70.99984   64.00000  9.86%  44.7 4152s
 4743734 2759179   70.75000  537  127   70.99984   64.00000  9.86%  44.7 4169s
 4775766 2759196   64.12500  602  128   70.99984   64.00000  9.86%  44.6 4176s
 4775812 2777223   64.62500  603  135   70.99984   64.00000  9.86%  44.6 4193s
 4807844 2777244   67.00000  633  109   70.99984   64.00000  9.86%  44.5 4200s
 4807886 2794378   67.00000  634  109   70.99984   64.00000  9.86%  44.5 4217s
 4839918 2794402   64.25000  485   89   70.99984   64.00000  9.86%  44.4 4225s
 4839957 2814161   64.00000  485   89   70.99984   64.00000  9.86%  44.4 4243s
 4871989 2814687   67.37981  597   92   70.99984   64.00000  9.86%  44.3 4248s
 4873155 2831391   67.62500  598   91   70.99984   64.00000  9.86%  44.3 4264s
 4904721 2832757   67.12500  543  146   70.99984   64.00000  9.86%  44.1 4269s
 4907373 2839616   68.00000  544  137   70.99984   64.00000  9.86%  44.1 4277s
 4920512 2840197     cutoff  601        70.99984   64.00000  9.86%  44.1 4281s
 4921526 2842829   70.25000  601  108   70.99984   64.00000  9.86%  44.1 4286s
 4926760 2843870 infeasible  597        70.99984   64.00000  9.86%  44.0 4291s
 4928607 2847475   68.37500  592  129   70.99984   64.00000  9.86%  44.0 4296s
 4936225 2848786   64.50000  566  113   70.99984   64.00000  9.86%  44.0 4300s
 4938469 2859323 infeasible  616        70.99984   64.00000  9.86%  44.0 4309s
 4954409 2859723   64.00000  607   88   70.99984   64.00000  9.86%  43.9 4313s
 4955022 2861764   65.00000  611   98   70.99984   64.00000  9.86%  43.9 4317s
 4958739 2863055   64.75000  631   93   70.99984   64.00000  9.86%  43.9 4322s
 4961179 2866509   64.50240  643   98   70.99984   64.00000  9.86%  43.9 4327s
 4966546 2867950   66.50000  436  130   70.99984   64.00000  9.86%  43.9 4332s
 4969046 2875694     cutoff  473        70.99984   64.00000  9.86%  43.9 4341s
 4982339 2876624   64.00000  588   98   70.99984   64.00000  9.86%  43.8 4345s
 4984081 2879203   66.62500  606   87   70.99984   64.00000  9.86%  43.8 4351s
 4988938 2880908   66.25000  634   86   70.99984   64.00000  9.86%  43.8 4355s
 4991401 2887198   68.50000  645   76   70.99984   64.00000  9.86%  43.8 4361s
 5002340 2887218   70.87861  559  112   70.99984   64.00000  9.86%  43.8 4368s
 5002383 2902653 infeasible  560        70.99984   64.00000  9.86%  43.8 4383s
 5034415 2902682   68.50000  436  105   70.99984   64.00000  9.86%  43.7 4390s
 5034450 2920045   68.50000  437  109   70.99984   64.00000  9.86%  43.7 4418s
 5066482 2920060   66.87500  654  115   70.99984   64.00000  9.86%  43.6 4425s
 5066531 2939313   67.37500  655  113   70.99984   64.00000  9.86%  43.6 4441s
 5098563 2939329   70.12500  592  109   70.99984   64.00000  9.86%  43.5 4448s
 5098611 2956714   70.25000  593  107   70.99984   64.00000  9.86%  43.5 4466s
 5130643 2956736   67.62500  627   96   70.99984   64.00000  9.86%  43.4 4473s
 5130683 2973225   67.62500  628  100   70.99984   64.00000  9.86%  43.4 4492s
 5162715 2973247   64.00000  436  109   70.99984   64.00000  9.86%  43.4 4500s
 5162757 2990736   64.00000  437  112   70.99984   64.00000  9.86%  43.4 4517s
 5194789 2990761   69.00000  538  136   70.99984   64.00000  9.86%  43.3 4524s
 5194828 3007425 infeasible  539        70.99984   64.00000  9.86%  43.3 4540s
 5226860 3007443 infeasible  525        70.99984   64.00000  9.86%  43.2 4547s
 5226904 3024528   70.12500  524  104   70.99984   64.00000  9.86%  43.2 4562s
 5258936 3024550   67.75000  537  135   70.99984   64.00000  9.86%  43.1 4569s
 5258978 3039140   66.75000  536  131   70.99984   64.00000  9.86%  43.1 4585s
 5291010 3039166     cutoff  478        70.99984   64.00000  9.86%  43.0 4592s
 5291048 3057021     cutoff  479        70.99984   64.00000  9.86%  43.0 4608s
 5323080 3057521 infeasible  495        70.99984   64.00000  9.86%  42.9 4613s
 5324739 3069505     cutoff  496        70.99984   64.00000  9.86%  42.9 4626s
 5350420 3069532   67.09375  519  146   70.99984   64.00000  9.86%  42.8 4630s
 5352167 3071750 infeasible  577        70.99984   64.00000  9.86%  42.8 4637s
 5354434 3080066     cutoff  591        70.99984   64.00000  9.86%  42.8 4648s
 5372632 3080140   67.75000  674   81   70.99984   64.00000  9.86%  42.7 4652s
 5372803 3081430   69.50962  675   99   70.99984   64.00000  9.86%  42.7 4656s
 5375109 3082434 infeasible  681        70.99984   64.00000  9.86%  42.7 4661s
 5376783 3084845     cutoff  478        70.99984   64.00000  9.86%  42.7 4665s
 5381334 3085989   64.12500  474  111   70.99984   64.00000  9.86%  42.7 4670s
 5383392 3092315   64.00000  631   86   70.99984   64.00000  9.86%  42.7 4682s
 5396544 3093486   69.75000  536  140   70.99984   64.00000  9.86%  42.7 4687s
 5399076 3096195   70.25000  542  135   70.99984   64.00000  9.86%  42.6 4693s
 5405242 3097544   65.50000  623  102   70.99984   64.00000  9.86%  42.6 4698s
 5408275 3101283   65.00000  478  114   70.99984   64.00000  9.86%  42.6 4704s
 5415924 3102510   66.37500  637  101   70.99984   64.00000  9.86%  42.6 4709s
 5417962 3111175 infeasible  644        70.99984   64.00000  9.86%  42.6 4720s
 5438655 3112288   64.00000  527  124   70.99984   64.00000  9.86%  42.5 4728s
 5441082 3112910   65.12500  544  104   70.99984   64.00000  9.86%  42.5 4732s
 5442360 3115156   64.00000  547  108   70.99984   64.00000  9.86%  42.5 4737s
 5448147 3115998   64.00000  548  100   70.99984   64.00000  9.86%  42.5 4742s
 5450301 3126251   68.12500  557  111   70.99984   64.00000  9.86%  42.5 4752s
 5470002 3126274   64.12500  505  116   70.99984   64.00000  9.86%  42.4 4758s
 5470043 3128715   64.00000  507  111   70.99984   64.00000  9.86%  42.4 4763s
 5474664 3128738     cutoff  536        70.99984   64.00000  9.86%  42.4 4771s
 5482548 3131824 infeasible  540        70.99984   64.00000  9.86%  42.4 4782s
 5482601 3150137   69.37500  540  111   70.99984   64.00000  9.86%  42.4 4800s
 5514633 3150150 infeasible  572        70.99984   64.00000  9.86%  42.3 4807s
 5514684 3167348   70.87500  572  122   70.99984   64.00000  9.86%  42.3 4835s
 5546716 3167364     cutoff  563        70.99984   64.00000  9.86%  42.2 4843s
 5546762 3181982   69.62500  562  119   70.99984   64.00000  9.86%  42.2 4858s
 5578794 3181998     cutoff  491        70.99984   64.00000  9.86%  42.1 4865s
 5578841 3197918     cutoff  490        70.99984   64.00000  9.86%  42.1 4882s
 5610873 3197941   68.50000  602   97   70.99984   64.00000  9.86%  42.0 4889s
 5610914 3214049   68.50000  603   97   70.99984   64.00000  9.86%  42.0 4904s
 5642946 3214061   70.50000  520  121   70.99984   64.00000  9.86%  41.9 4911s
 5642995 3231281   70.50000  521  123   70.99984   64.00000  9.86%  41.9 4928s
 5675027 3231289   66.87500  498  107   70.99984   64.00000  9.86%  41.8 4935s
 5675083 3247919   66.75000  499  107   70.99984   64.00000  9.86%  41.8 4952s
 5707115 3247936   70.00000  496  118   70.99984   64.00000  9.86%  41.7 4959s
 5707162 3263981     cutoff  497        70.99984   64.00000  9.86%  41.7 4976s
 5739194 3263990   65.62500  622  110   70.99984   64.00000  9.86%  41.6 4982s
 5739248 3280671   66.87500  620  102   70.99984   64.00000  9.86%  41.6 5001s
 5771280 3281470   65.25000  665  108   70.99984   64.00000  9.86%  41.5 5006s
 5773664 3287305   65.75000  674   96   70.99984   64.00000  9.86%  41.5 5016s
 5790566 3288669   67.12500  523  117   70.99984   64.00000  9.86%  41.5 5023s
 5793119 3289551   64.00000  496   94   70.99984   64.00000  9.86%  41.5 5027s
 5794900 3291656     cutoff  506        70.99984   64.00000  9.86%  41.5 5032s
 5799196 3292780   66.00000  518  109   70.99984   64.00000  9.86%  41.5 5037s
 5801760 3294764   66.00000  523  103   70.99984   64.00000  9.86%  41.4 5041s
 5805948 3296245   68.00000  539  107   70.99984   64.00000  9.86%  41.4 5046s
 5810257 3301546   64.00000  644   96   70.99984   64.00000  9.86%  41.4 5052s
 5817600 3303128   65.00000  745  104   70.99984   64.00000  9.86%  41.4 5057s
 5819975 3307579   65.50000  755  117   70.99984   64.00000  9.86%  41.4 5063s
 5827805 3309636   66.12500  765  104   70.99984   64.00000  9.86%  41.4 5068s
 5831116 3312355   64.50000  638   93   70.99984   64.00000  9.86%  41.4 5072s
 5837372 3312599   66.75000  672  104   70.99984   64.00000  9.86%  41.4 5076s
 5837941 3314479   66.75000  673  102   70.99984   64.00000  9.86%  41.4 5081s
 5843235 3315318   69.50000  693  112   70.99984   64.00000  9.86%  41.3 5085s
 5845344 3318409   69.50226  699  121   70.99984   64.00000  9.86%  41.3 5090s
 5851214 3320207     cutoff  474        70.99984   64.00000  9.86%  41.3 5095s
 5854120 3323790   67.87500  504   98   70.99984   64.00000  9.86%  41.3 5100s
 5860976 3323813   64.62500  506  114   70.99984   64.00000  9.86%  41.3 5108s
 5861016 3341312   64.62500  507  114   70.99984   64.00000  9.86%  41.3 5126s
 5893048 3341333   68.71875  499  135   70.99984   64.00000  9.86%  41.2 5134s
 5893090 3357393   68.71875  500  135   70.99984   64.00000  9.86%  41.2 5151s
 5925122 3357418   64.87500  462  112   70.99984   64.00000  9.86%  41.1 5159s
 5925161 3375132   66.00000  463  112   70.99984   64.00000  9.86%  41.1 5173s
 5957193 3375156   66.12500  519  102   70.99984   64.00000  9.86%  41.0 5181s
 5957233 3393304   66.87500  520  102   70.99984   64.00000  9.86%  41.0 5196s
 5989265 3393320   70.00000  483  115   70.99984   64.00000  9.86%  41.0 5204s
 5989312 3413104     cutoff  484        70.99984   64.00000  9.86%  41.0 5222s
 6021344 3413124 infeasible  544        70.99984   64.00000  9.86%  40.9 5229s
 6021388 3430358 infeasible  544        70.99984   64.00000  9.86%  40.9 5245s
 6053420 3430373   66.75000  534  123   70.99984   64.00000  9.86%  40.8 5253s
 6053469 3447896   66.75000  535  130   70.99984   64.00000  9.86%  40.8 5270s
 6085501 3447911   68.25000  650   83   70.99984   64.00000  9.86%  40.8 5277s
 6085550 3465916   68.25000  651   83   70.99984   64.00000  9.86%  40.8 5294s
 6117582 3465933   67.12500  509  115   70.99984   64.00000  9.86%  40.7 5304s
 6117628 3481915   69.50000  509  111   70.99984   64.00000  9.86%  40.7 5319s
 6149660 3481933     cutoff  413        70.99984   64.00000  9.86%  40.6 5327s
 6149705 3500372     cutoff  414        70.99984   64.00000  9.86%  40.6 5344s
 6181737 3500379 infeasible  573        70.99984   64.00000  9.86%  40.6 5351s
 6181794 3518642   70.37500  574  112   70.99984   64.00000  9.86%  40.6 5367s
 6213826 3518666   68.75000  529  109   70.99984   64.00000  9.86%  40.5 5374s
 6213865 3535960   68.75000  530  109   70.99984   64.00000  9.86%  40.5 5392s
 6245897 3535981   66.87500  570  137   70.99984   64.00000  9.86%  40.4 5400s
 6245939 3554213   66.37500  566  142   70.99984   64.00000  9.86%  40.4 5418s
 6277971 3555003   64.00000  529   97   70.99984   64.00000  9.86%  40.4 5423s
 6279210 3570937   64.00000  559  104   70.99984   64.00000  9.86%  40.4 5440s
 6307894 3571660     cutoff  515        70.99984   64.00000  9.86%  40.4 5445s
 6309220 3586577     cutoff  558        70.99984   64.00000  9.86%  40.3 5460s
 6333491 3588124   68.62500  568  108   70.99984   64.00000  9.86%  40.3 5469s
 6335802 3589969   67.12500  574  113   70.99984   64.00000  9.86%  40.3 5474s
 6340032 3591541   67.62500  589  122   70.99984   64.00000  9.86%  40.3 5481s
 6343632 3594345   68.37500  600  121   70.99984   64.00000  9.86%  40.3 5487s
 6349163 3596993     cutoff  624        70.99984   64.00000  9.86%  40.3 5493s
 6355307 3599633   70.06250  600  112   70.99984   64.00000  9.86%  40.3 5499s
 6360514 3602454   64.75000  508  107   70.99984   64.00000  9.86%  40.3 5505s
 6366621 3602483   64.00000  581   99   70.99984   64.00000  9.86%  40.3 5512s
 6366655 3605609   66.00000  582   95   70.99984   64.00000  9.86%  40.3 5518s
 6371661 3606721   64.25000  575   88   70.99984   64.00000  9.86%  40.3 5522s
 6373076 3620178   65.00000  604  124   70.99984   64.00000  9.86%  40.3 5537s
 6396313 3620778   64.00000  554  119   70.99984   64.00000  9.86%  40.2 5541s
 6397204 3623713   64.00000  562  128   70.99984   64.00000  9.86%  40.2 5547s
 6401839 3624854   64.62500  596  116   70.99984   64.00000  9.86%  40.2 5552s
 6403806 3636139   65.00000  619  125   70.99984   64.00000  9.86%  40.2 5563s
 6420680 3636644   69.50000  461   85   70.99984   64.00000  9.86%  40.2 5568s
 6421579 3638347     cutoff  534        70.99984   64.00000  9.86%  40.2 5572s
 6425346 3639950   70.62500  543  122   70.99984   64.00000  9.86%  40.1 5577s
 6429020 3644277   64.00000  548  108   70.99984   64.00000  9.86%  40.1 5584s
 6439259 3644293     cutoff  572        70.99984   64.00000  9.86%  40.1 5591s
 6439307 3659879     cutoff  570        70.99984   64.00000  9.86%  40.1 5609s
 6471339 3659894   68.75000  528  114   70.99984   64.00000  9.86%  40.0 5617s
 6471387 3677546     cutoff  529        70.99984   64.00000  9.86%  40.0 5637s
 6503419 3677559   66.68750  572  107   70.99984   64.00000  9.86%  40.0 5644s
 6503469 3694252   65.18750  572  107   70.99984   64.00000  9.86%  40.0 5665s
 6535501 3694264   70.00000  594  105   70.99984   64.00000  9.86%  39.9 5672s
 6535551 3709744   70.00000  596  104   70.99984   64.00000  9.86%  39.9 5689s
 6567583 3709764 infeasible  558        70.99984   64.00000  9.86%  39.9 5698s
 6567627 3726249   69.00000  558  109   70.99984   64.00000  9.86%  39.9 5727s
 6599659 3726267   65.37500  591  116   70.99984   64.00000  9.86%  39.8 5735s
 6599705 3743352   65.37500  592  114   70.99984   64.00000  9.86%  39.8 5755s
 6631737 3743368   68.25000  695  121   70.99984   64.00000  9.86%  39.7 5763s
 6631782 3761256   68.25000  696  121   70.99984   64.00000  9.86%  39.7 5782s
 6663814 3761266   65.14919  515  107   70.99984   64.00000  9.86%  39.7 5790s
 6663865 3775883   65.62500  516  101   70.99984   64.00000  9.86%  39.7 5808s
 6695897 3775906   66.75000  530  132   70.99984   64.00000  9.86%  39.6 5815s
 6695938 3790221     cutoff  531        70.99984   64.00000  9.86%  39.6 5835s
 6727970 3790196 infeasible  640        70.99984   64.00000  9.86%  39.5 5843s
 6728057 3806657   65.00000  480   95   70.99984   64.00000  9.86%  39.5 5862s
 6760089 3806669   70.71875  526  100   70.99984   64.00000  9.86%  39.5 5869s
 6760140 3822557   69.81250  526  104   70.99984   64.00000  9.86%  39.5 5892s
 6792172 3823097 infeasible  675        70.99984   64.00000  9.86%  39.4 5898s
 6793367 3837872   69.25000  640  114   70.99984   64.00000  9.86%  39.4 5915s
 6822228 3838715 infeasible  622        70.99984   64.00000  9.86%  39.4 5921s
 6824290 3846395   70.50000  591  123   70.99984   64.00000  9.86%  39.4 5931s
 6837245 3847609 infeasible  718        70.99984   64.00000  9.86%  39.3 5936s
 6840128 3849989   69.25000  612  111   70.99984   64.00000  9.86%  39.3 5943s
 6846889 3850833     cutoff  713        70.99984   64.00000  9.86%  39.3 5949s
 6849012 3854801   70.37500  623  115   70.99984   64.00000  9.86%  39.3 5955s
 6855351 3855673   69.62500  606  103   70.99984   64.00000  9.86%  39.3 5960s
 6856876 3865468   68.37500  675  133   70.99984   64.00000  9.86%  39.3 5973s
 6879599 3865496   65.37500  595  114   70.99984   64.00000  9.86%  39.3 5977s
 6879667 3866211   66.12500  593  114   70.99984   64.00000  9.86%  39.3 5983s
 6881480 3866701   65.25000  604  111   70.99984   64.00000  9.86%  39.3 5988s
 6882660 3868736   65.25000  608  117   70.99984   64.00000  9.86%  39.3 5994s
 6886679 3869324   65.62500  617  120   70.99984   64.00000  9.86%  39.3 5999s
 6887669 3884512   66.62500  630  122   70.99984   64.00000  9.86%  39.3 6019s
 6918382 3884962   69.50000  601  108   70.99984   64.00000  9.86%  39.2 6024s
 6919776 3894450   69.62500  613  108   70.99984   64.00000  9.86%  39.2 6049s
 6941573 3894954   65.25490  613  112   70.99984   64.00000  9.86%  39.1 6054s
 6942655 3897096     cutoff  605        70.99984   64.00000  9.86%  39.1 6059s
 6947908 3898121   64.50000  654   93   70.99984   64.00000  9.86%  39.1 6063s
 6950018 3906163   64.00000  641  115   70.99984   64.00000  9.86%  39.1 6074s
 6965695 3906263   68.25000  672   82   70.99984   64.00000  9.86%  39.1 6078s
 6965898 3907392   68.87500  673   74   70.99984   64.00000  9.86%  39.1 6082s
 6969111 3909152   68.78128  683   83   70.99984   64.00000  9.86%  39.1 6087s
 6973448 3913125   68.43750  586  121   70.99984   64.00000  9.86%  39.1 6092s
 6983014 3913139     cutoff  586        70.99984   64.00000  9.86%  39.1 6099s
 6983064 3926648 infeasible  583        70.99984   64.00000  9.86%  39.1 6118s
 7015096 3926658   69.50000  605  129   70.99984   64.00000  9.86%  39.0 6125s
 7015148 3940561   69.75000  603  129   70.99984   64.00000  9.86%  39.0 6145s
 7047180 3940588   66.62500  673  111   70.99984   64.00000  9.86%  38.9 6152s
 7047215 3955050   66.12500  673  106   70.99984   64.00000  9.86%  38.9 6171s
 7079247 3955057     cutoff  695        70.99984   64.00000  9.86%  38.8 6178s
 7079303 3969481   67.38822  692  113   70.99984   64.00000  9.86%  38.8 6203s
 7111335 3969503   68.43750  626  120   70.99984   64.00000  9.86%  38.8 6210s
 7111376 3984304   68.43750  627  120   70.99984   64.00000  9.86%  38.8 6228s
 7143408 3984326   64.62500  658  123   70.99984   64.00000  9.86%  38.7 6236s
 7143450 3997032   64.87500  659  121   70.99984   64.00000  9.86%  38.7 6253s
 7175482 3997051   67.75000  688  112   70.99984   64.00000  9.86%  38.6 6260s
 7175527 4011496   68.02419  689  113   70.99984   64.00000  9.86%  38.6 6276s
 7207559 4011520     cutoff  648        70.99984   64.00000  9.86%  38.5 6284s
 7207599 4025699     cutoff  649        70.99984   64.00000  9.86%  38.5 6300s
 7239631 4025720   69.12500  700  134   70.99984   64.00000  9.86%  38.5 6309s
 7239673 4038353 infeasible  698        70.99984   64.00000  9.86%  38.5 6325s
 7271705 4038374   70.25000  663  111   70.99984   64.00000  9.86%  38.4 6333s
 7271748 4051941   70.25000  664  111   70.99984   64.00000  9.86%  38.4 6349s
 7303780 4051959 infeasible  515        70.99984   64.00000  9.86%  38.3 6357s
 7303826 4064195   70.00003  514  127   70.99984   64.00000  9.86%  38.3 6375s
 7335858 4064804   65.12500  518   87   70.99984   64.00000  9.86%  38.2 6380s
 7337769 4071391     cutoff  539        70.99984   64.00000  9.86%  38.2 6396s
 7354301 4072317 infeasible  523        70.99984   64.00000  9.86%  38.2 6400s
 7356910 4074727   66.25000  491  108   70.99984   64.00000  9.86%  38.2 6405s
 7363581 4075237   64.00000  634   96   70.99984   64.00000  9.86%  38.2 6410s
 7369934 4077964     cutoff  660        70.99984   64.00000  9.86%  38.2 6420s
 7373175 4082170   65.37500  508   99   70.99984   64.00000  9.86%  38.1 6426s
 7380018 4084217   69.48798  671  146   70.99984   64.00000  9.86%  38.1 6432s
 7384099 4086587   70.62503  541   89   70.99984   64.00000  9.86%  38.1 6438s
 7389733 4088612   68.12500  724   88   70.99984   64.00000  9.86%  38.1 6443s
 7394480 4089723   64.25000  744  106   70.99984   64.00000  9.86%  38.1 6449s
 7397301 4095114     cutoff  771        70.99984   64.00000  9.86%  38.1 6457s
 7405875 4097923   64.00000  683   86   70.99984   64.00000  9.86%  38.1 6463s
 7410656 4099525   66.37500  710  118   70.99984   64.00000  9.86%  38.1 6469s
 7415378 4101945     cutoff  721        70.99984   64.00000  9.86%  38.0 6476s
 7421455 4103472   67.12500  728  113   70.99984   64.00000  9.86%  38.0 6482s
 7425804 4105385   70.00962  748  108   70.99984   64.00000  9.86%  38.0 6487s
 7430586 4106002   64.37500  649  108   70.99984   64.00000  9.86%  38.0 6491s
 7432260 4108943 infeasible  664        70.99984   64.00000  9.86%  38.0 6499s
 7440193 4109703   67.37500  558   86   70.99984   64.00000  9.86%  38.0 6504s
 7442310 4113965   67.37500  562   92   70.99984   64.00000  9.86%  38.0 6511s
 7450745 4113981   68.87500  499  109   70.99984   64.00000  9.86%  38.0 6517s
 7450791 4116488   68.87500  502  114   70.99984   64.00000  9.86%  38.0 6523s
 7455579 4117086 infeasible  518        70.99984   64.00000  9.86%  38.0 6527s
 7456654 4131377 infeasible  517        70.99984   64.00000  9.86%  37.9 6546s
 7487370 4132002   66.50000  711  118   70.99984   64.00000  9.86%  37.9 6551s
 7488976 4143663   66.50000  712  118   70.99984   64.00000  9.86%  37.9 6565s
 7516310 4143680 infeasible  518        70.99984   64.00000  9.86%  37.8 6573s
 7516355 4156977     cutoff  518        70.99984   64.00000  9.86%  37.8 6592s
 7548387 4156987   69.37500  704  109   70.99984   64.00000  9.86%  37.7 6599s
 7548440 4171162   69.37500  705  109   70.99984   64.00000  9.86%  37.7 6617s
 7580472 4171179     cutoff  705        70.99984   64.00000  9.86%  37.6 6624s
 7580519 4184669   68.62500  705  121   70.99984   64.00000  9.86%  37.6 6640s
 7612551 4184684   70.18753  524   93   70.99984   64.00000  9.86%  37.6 6647s
 7612599 4197846     cutoff  525        70.99984   64.00000  9.86%  37.6 6662s
 7644631 4197855     cutoff  640        70.99984   64.00000  9.86%  37.5 6670s
 7644686 4210750 infeasible  636        70.99984   64.00000  9.86%  37.5 6686s
 7676718 4210770 infeasible  544        70.99984   64.00000  9.86%  37.4 6693s
 7676761 4224229     cutoff  545        70.99984   64.00000  9.86%  37.4 6721s
 7708793 4224249   64.25000  549   90   70.99984   64.00000  9.86%  37.3 6729s
 7708836 4238025   64.25000  550   90   70.99984   64.00000  9.86%  37.3 6745s
 7740868 4238036   70.62500  668  116   70.99984   64.00000  9.86%  37.3 6752s
 7740920 4251121     cutoff  669        70.99984   64.00000  9.86%  37.3 6768s
 7772952 4251137   69.12500  333  104   70.99984   64.00000  9.86%  37.2 6776s
 7772999 4263792   69.37500  334  112   70.99984   64.00000  9.86%  37.2 6793s
 7805031 4263810   70.87500  331  105   70.99984   64.00000  9.86%  37.1 6803s
 7805076 4277618     cutoff  332        70.99984   64.00000  9.86%  37.1 6820s
 7837108 4277627   67.25000  678  114   70.99984   64.00000  9.86%  37.0 6828s
 7837163 4290528   67.25000  679  114   70.99984   64.00000  9.86%  37.0 6845s
 7869195 4290549   64.25000  547   88   70.99984   64.00000  9.86%  37.0 6852s
 7869236 4304502   66.12500  548   86   70.99984   64.00000  9.86%  37.0 6870s
 7901268 4305277   69.75000  570   96   70.99984   64.00000  9.86%  36.9 6875s
 7903092 4314540     cutoff  579        70.99984   64.00000  9.86%  36.9 6888s
 7922987 4314644     cutoff  595        70.99984   64.00000  9.86%  36.9 6891s
 7923355 4316071     cutoff  596        70.99984   64.00000  9.86%  36.9 6896s
 7926621 4317612   65.00000  336   85   70.99984   64.00000  9.86%  36.8 6900s
 7929929 4320426   64.00000  358   84   70.99984   64.00000  9.86%  36.8 6907s
 7936095 4320771     cutoff  393        70.99984   64.00000  9.86%  36.8 6911s
 7936575 4335410     cutoff  396        70.99984   64.00000  9.86%  36.8 6932s
 7968607 4336809     cutoff  595        70.99984   64.00000  9.86%  36.7 6938s
 7971235 4342360   70.37500  383   92   70.99984   64.00000  9.86%  36.7 6946s
 7983089 4343119   65.62500  533   86   70.99984   64.00000  9.86%  36.7 6951s
 7984385 4345249   66.75000  534   93   70.99984   64.00000  9.86%  36.7 6957s
 7989359 4346552   66.37500  528   90   70.99984   64.00000  9.86%  36.7 6963s
 7993232 4348677   68.37500  534   94   70.99984   64.00000  9.86%  36.7 6970s
 7998740 4349414   66.00000  541   92   70.99984   64.00000  9.86%  36.7 6975s
 8001102 4356937   69.62500  527   82   70.99984   64.00000  9.86%  36.7 6985s
 8017393 4358863   66.62500  665   95   70.99984   64.00000  9.86%  36.6 6994s
 8021162 4359933     cutoff  590        70.99984   64.00000  9.86%  36.6 6999s
 8023367 4362922 infeasible  565        70.99984   64.00000  9.86%  36.6 7005s
 8029252 4363900   66.87500  574   82   70.99984   64.00000  9.86%  36.6 7010s
 8030954 4370608   66.87500  574   84   70.99984   64.00000  9.86%  36.6 7026s
 8047018 4372232   69.56254  585  109   70.99984   64.00000  9.86%  36.6 7031s
 8050101 4374577   64.12500  535   82   70.99984   64.00000  9.86%  36.6 7037s
 8057144 4375228   69.00000  670   88   70.99984   64.00000  9.86%  36.6 7042s
 8060258 4376386   69.25000  673  113   70.99984   64.00000  9.86%  36.6 7047s
 8064958 4377037   70.00000  695  116   70.99984   64.00000  9.86%  36.5 7052s
 8068576 4380986   64.00000  684  102   70.99984   64.00000  9.86%  36.5 7058s
 8078173 4380993 infeasible  713        70.99984   64.00000  9.86%  36.5 7065s
 8087327 4384670     cutoff  621        70.99984   64.00000  9.86%  36.5 7077s
 8087370 4386998     cutoff  620        70.99984   64.00000  9.86%  36.5 7081s
 8092806 4387020 infeasible  597        70.99984   64.00000  9.86%  36.5 7089s
 8092846 4399715   69.25000  593   89   70.99984   64.00000  9.86%  36.5 7106s
 8124878 4399735   66.75000  585  111   70.99984   64.00000  9.86%  36.4 7113s
 8124921 4411945   66.75000  586  111   70.99984   64.00000  9.86%  36.4 7130s
 8156953 4411957 infeasible  377        70.99984   64.00000  9.86%  36.4 7138s
 8157003 4422689   66.50000  377  103   70.99984   64.00000  9.86%  36.4 7154s
 8189035 4422711     cutoff  374        70.99984   64.00000  9.86%  36.3 7164s
 8189077 4434779   68.00000  372  108   70.99984   64.00000  9.86%  36.3 7180s
 8221109 4434789   70.16669  550   89   70.99984   64.00000  9.86%  36.2 7187s
 8221161 4446363 infeasible  551        70.99984   64.00000  9.86%  36.2 7205s
 8253193 4446373   69.12500  701  113   70.99984   64.00000  9.86%  36.2 7212s
 8253246 4458913   69.51091  702  114   70.99984   64.00000  9.86%  36.2 7227s
 8285278 4458917   64.00000  339   94   70.99984   64.00000  9.86%  36.1 7234s
 8285337 4472227   64.50000  340  100   70.99984   64.00000  9.86%  36.1 7250s
 8317369 4472236 infeasible  538        70.99984   64.00000  9.86%  36.0 7257s
 8317421 4484911   70.43754  536   95   70.99984   64.00000  9.86%  36.0 7272s
 8349453 4484930   69.68269  722  126   70.99984   64.00000  9.86%  36.0 7280s
 8349497 4497183   69.87500  723  123   70.99984   64.00000  9.86%  36.0 7296s
 8381529 4497204   64.50000  523   85   70.99984   64.00000  9.86%  35.9 7303s
 8381571 4508982   64.75000  524   85   70.99984   64.00000  9.86%  35.9 7320s
 8413603 4508999   68.00000  545   97   70.99984   64.00000  9.86%  35.9 7328s
 8413649 4520929   67.62500  543   91   70.99984   64.00000  9.86%  35.9 7355s
 8445681 4521462     cutoff  377        70.99984   64.00000  9.86%  35.8 7360s
 8447548 4528074 infeasible  549        70.99984   64.00000  9.86%  35.8 7372s
 8467405 4528437   67.75000  350   92   70.99984   64.00000  9.86%  35.8 7377s
 8468537 4530174   69.25000  351   92   70.99984   64.00000  9.86%  35.8 7381s
 8471637 4531378   70.00000  352  112   70.99984   64.00000  9.86%  35.8 7386s
 8474698 4532504   64.00000  343  111   70.99984   64.00000  9.86%  35.8 7391s
 8478471 4534029   64.00000  346  113   70.99984   64.00000  9.86%  35.7 7397s
 8482109 4537867   68.75000  367  112   70.99984   64.00000  9.86%  35.7 7405s
 8492332 4539682   69.00000  355  119   70.99984   64.00000  9.86%  35.7 7411s
 8495292 4542445   64.50721  357   95   70.99984   64.00000  9.86%  35.7 7417s
 8500817 4544381   65.62500  591   78   70.99984   64.00000  9.86%  35.7 7423s
 8505746 4546251 infeasible  342        70.99984   64.00000  9.86%  35.7 7428s
 8509789 4547452   65.50000  366  107   70.99984   64.00000  9.86%  35.7 7433s
 8512815 4551940   69.68753  550   95   70.99984   64.00000  9.86%  35.7 7440s
 8525517 4555482     cutoff  358        70.99984   64.00000  9.86%  35.7 7450s
 8534635 4557410   68.00000  336   87   70.99984   64.00000  9.86%  35.7 7459s
 8538519 4560348   70.00000  350  107   70.99984   64.00000  9.86%  35.7 7465s
 8544922 4563684   66.62500  572   92   70.99984   64.00000  9.86%  35.6 7471s
 8551957 4564718   64.87500  611   84   70.99984   64.00000  9.86%  35.6 7476s
 8554385 4567021     cutoff  350        70.99984   64.00000  9.86%  35.6 7482s
 8560294 4568338   64.62500  369  103   70.99984   64.00000  9.86%  35.6 7488s
 8563030 4572375 infeasible  375        70.99984   64.00000  9.86%  35.6 7496s
 8571711 4573707     cutoff  559        70.99984   64.00000  9.86%  35.6 7500s
 8574918 4578012     cutoff  371        70.99984   64.00000  9.86%  35.6 7508s
 8586569 4578526   69.50000  358  112   70.99984   64.00000  9.86%  35.6 7512s
 8587448 4580554     cutoff  367        70.99984   64.00000  9.86%  35.6 7517s
 8590748 4582058 infeasible  565        70.99984   64.00000  9.86%  35.6 7523s
 8593972 4586480     cutoff  573        70.99984   64.00000  9.86%  35.6 7529s
 8603297 4586504   65.37500  537  100   70.99984   64.00000  9.86%  35.5 7537s
 8603337 4598252   66.37500  538  100   70.99984   64.00000  9.86%  35.5 7555s
 8635369 4598262 infeasible  351        70.99984   64.00000  9.86%  35.5 7562s
 8635421 4611686   64.00000  350  120   70.99984   64.00000  9.86%  35.5 7579s
 8667453 4611699   64.00000  574   84   70.99984   64.00000  9.86%  35.4 7587s
 8667503 4622973   64.00000  575   84   70.99984   64.00000  9.86%  35.4 7606s
 8699535 4622983     cutoff  542        70.99984   64.00000  9.86%  35.4 7615s
 8699588 4634920   68.00000  541   96   70.99984   64.00000  9.86%  35.4 7631s
 8731620 4634939   68.75000  537   94   70.99984   64.00000  9.86%  35.3 7638s
 8731664 4646190   68.25000  537   96   70.99984   64.00000  9.86%  35.3 7656s
 8763696 4646205   64.00000  358  108   70.99984   64.00000  9.86%  35.2 7663s
 8763744 4658636   64.00000  359  112   70.99984   64.00000  9.86%  35.2 7679s
 8795776 4658650   64.75000  380  113   70.99984   64.00000  9.86%  35.2 7687s
 8795825 4669852   67.75000  381  118   70.99984   64.00000  9.86%  35.2 7704s
 8827857 4669868   65.12500  356  114   70.99984   64.00000  9.86%  35.1 7714s
 8827904 4681846   65.12500  356  114   70.99984   64.00000  9.86%  35.1 7732s
 8859936 4681861   65.12500  367   96   70.99984   64.00000  9.86%  35.1 7739s
 8859985 4693078   66.00000  367   94   70.99984   64.00000  9.86%  35.1 7756s
 8892017 4693103   69.67253  549  105   70.99984   64.00000  9.86%  35.0 7763s
 8892055 4704894   69.67253  550  102   70.99984   64.00000  9.86%  35.0 7778s
 8924087 4704903     cutoff  567        70.99984   64.00000  9.86%  34.9 7785s
 8924140 4716029   64.00000  371   96   70.99984   64.00000  9.86%  34.9 7802s
 8956172 4716053 infeasible  347        70.99984   64.00000  9.86%  34.9 7809s
 8956212 4727975 infeasible  346        70.99984   64.00000  9.86%  34.9 7825s
 8988244 4727990   67.12500  379   92   70.99984   64.00000  9.86%  34.8 7832s
 8988292 4739386   67.12500  380   92   70.99984   64.00000  9.86%  34.8 7849s
 9020324 4740099     cutoff  393        70.99984   64.00000  9.86%  34.8 7854s
 9022953 4745315     cutoff  394        70.99984   64.00000  9.86%  34.8 7863s
 9035927 4745332     cutoff  377        70.99984   64.00000  9.86%  34.7 7870s
 9035973 4746361     cutoff  377        70.99984   64.00000  9.86%  34.7 7875s
 9041987 4751011   67.87500  365  102   70.99984   64.00000  9.86%  34.7 7885s
 9047299 4752565   65.00000  563   90   70.99984   64.00000  9.86%  34.7 7890s
 9050266 4754084   68.87503  606   85   70.99984   64.00000  9.86%  34.7 7896s
 9054248 4756508 infeasible  622        70.99984   64.00000  9.86%  34.7 7902s
 9058676 4759536   66.00000  628   93   70.99984   64.00000  9.86%  34.7 7908s
 9067594 4760181   70.50000  364  115   70.99984   64.00000  9.86%  34.7 7914s
 9069139 4760181   70.21141  342  113   70.99984   64.00000  9.86%  34.7 7915s
 9069930 4762336     cutoff  369        70.99984   64.00000  9.86%  34.7 7921s
 9077971 4763104   70.76507  581   84   70.99984   64.00000  9.86%  34.7 7927s
 9080958 4764362   66.00000  524   89   70.99984   64.00000  9.86%  34.7 7932s
 9084810 4767071   65.00000  358   95   70.99984   64.00000  9.86%  34.7 7938s
 9091960 4769134     cutoff  561        70.99984   64.00000  9.86%  34.6 7943s
 9097962 4769993   64.00000  550   93   70.99984   64.00000  9.86%  34.6 7948s
 9101634 4772550 infeasible  584        70.99984   64.00000  9.86%  34.6 7953s
 9107740 4774068   64.50721  371  118   70.99984   64.00000  9.86%  34.6 7959s
 9110808 4776884   69.12500  393  118   70.99984   64.00000  9.86%  34.6 7963s
 9116456 4777693   67.37500  553   98   70.99984   64.00000  9.86%  34.6 7968s
 9118032 4780943   66.00000  364   93   70.99984   64.00000  9.86%  34.6 7974s
 9124678 4782227   70.37500  375  125   70.99984   64.00000  9.86%  34.6 7979s
 9126820 4785321   64.25000  578   86   70.99984   64.00000  9.86%  34.6 7985s
 9133742 4786412   67.75000  612   81   70.99984   64.00000  9.86%  34.6 7991s
 9137124 4787850   69.50004  623   92   70.99984   64.00000  9.86%  34.6 7997s
 9143852 4788569     cutoff  546        70.99984   64.00000  9.86%  34.5 8002s
 9145831 4794630     cutoff  569        70.99984   64.00000  9.86%  34.5 8013s
 9165216 4794850   66.25000  574   80   70.99984   64.00000  9.86%  34.5 8016s
 9165651 4797529   66.50000  580   82   70.99984   64.00000  9.86%  34.5 8021s
 9173193 4797542   67.87500  613  100   70.99984   64.00000  9.86%  34.5 8031s
 9173244 4809331   67.00000  609  102   70.99984   64.00000  9.86%  34.5 8049s
 9205276 4809353     cutoff  407        70.99984   64.00000  9.86%  34.4 8056s
 9205317 4821042   66.00000  409  102   70.99984   64.00000  9.86%  34.4 8075s
 9237349 4821057 infeasible  384        70.99984   64.00000  9.86%  34.4 8083s
 9237396 4832164   70.37500  383  120   70.99984   64.00000  9.86%  34.4 8101s
 9269428 4832181     cutoff  387        70.99984   64.00000  9.86%  34.4 8108s
 9269474 4842940     cutoff  388        70.99984   64.00000  9.86%  34.4 8127s
 9301506 4842947   70.25000  379  112   70.99984   64.00000  9.86%  34.3 8134s
 9301563 4853299   69.62500  377  106   70.99984   64.00000  9.86%  34.3 8151s
 9333595 4853316   70.37500  567   95   70.99984   64.00000  9.86%  34.3 8161s
 9333641 4863977     cutoff  568        70.99984   64.00000  9.86%  34.3 8178s
 9365673 4863987   67.37500  559  100   70.99984   64.00000  9.86%  34.2 8185s
 9365727 4875516   69.37500  560   98   70.99984   64.00000  9.86%  34.2 8205s
 9397759 4875517   69.12508  731  118   70.99984   64.00000  9.86%  34.2 8212s
 9397820 4887081   69.37500  732  114   70.99984   64.00000  9.86%  34.2 8240s
 9429852 4887090   69.37532  379  118   70.99984   64.00000  9.86%  34.2 8247s
 9429906 4897821     cutoff  380        70.99984   64.00000  9.86%  34.2 8266s
 9461938 4897834   68.00000  571   91   70.99984   64.00000  9.86%  34.1 8273s
 9461988 4908106   67.37500  573   85   70.99984   64.00000  9.86%  34.1 8291s
 9494020 4908119     cutoff  369        70.99984   64.00000  9.86%  34.1 8298s
 9494071 4918269     cutoff  368        70.99984   64.00000  9.86%  34.1 8316s
 9526103 4918283   70.62500  392  110   70.99984   64.00000  9.86%  34.0 8323s
 9526149 4929663   70.62500  393  110   70.99984   64.00000  9.86%  34.0 8342s
 9558181 4929678 infeasible  596        70.99984   64.00000  9.86%  34.0 8349s
 9558229 4941301   65.00000  705  114   70.99984   64.00000  9.86%  34.0 8369s
 9590261 4941317   70.28186  701  112   70.99984   64.00000  9.86%  34.0 8377s
 9590308 4951912     cutoff  702        70.99984   64.00000  9.86%  34.0 8397s
 9622340 4952413   64.75000  708  115   70.99984   64.00000  9.86%  33.9 8402s
 9624084 4957500   70.50000  711  118   70.99984   64.00000  9.86%  33.9 8415s
 9641572 4958018   64.00000  370   97   70.99984   64.00000  9.86%  33.9 8420s
 9643131 4960323   64.12500  375  113   70.99984   64.00000  9.86%  33.9 8426s
 9648411 4962235   64.12500  382  102   70.99984   64.00000  9.86%  33.9 8432s
 9652575 4963244   69.41667  392  121   70.99984   64.00000  9.86%  33.9 8437s
 9655638 4964976   68.31250  702  121   70.99984   64.00000  9.86%  33.9 8444s
 9661795 4966967     cutoff  588        70.99984   64.00000  9.86%  33.9 8451s
 9667298 4967005   64.62500  702  111   70.99984   64.00000  9.86%  33.9 8457s
 9667402 4970795   64.00000  701  116   70.99984   64.00000  9.86%  33.9 8465s
 9676051 4972036   67.75000  740   94   70.99984   64.00000  9.86%  33.9 8471s
 9679641 4974654   67.75000  715  104   70.99984   64.00000  9.86%  33.9 8477s
 9686641 4975417   65.00000  544  112   70.99984   64.00000  9.86%  33.9 8483s
 9688808 4980077   66.37500  559  107   70.99984   64.00000  9.86%  33.9 8494s
 9699631 4980077   66.25000  731  103   70.99984   64.00000  9.86%  33.9 8495s
 9705614 4981714   65.12500  373  118   70.99984   64.00000  9.86%  33.9 8504s
 9710958 4982739   65.93750  700  111   70.99984   64.00000  9.86%  33.8 8510s
 9713231 4985409   66.31250  700  109   70.99984   64.00000  9.86%  33.8 8516s
 9719996 4985835     cutoff  391        70.99984   64.00000  9.86%  33.8 8521s
 9721223 4994625   66.12500  727   94   70.99984   64.00000  9.86%  33.8 8539s
 9749713 4995400   67.75000  718  122   70.99984   64.00000  9.86%  33.8 8544s
 9752278 4999087   67.75000  721  112   70.99984   64.00000  9.86%  33.8 8553s
 9763818 4999950   70.75000  366  110   70.99984   64.00000  9.86%  33.8 8559s
 9766798 5001490   66.87500  454  100   70.99984   64.00000  9.86%  33.8 8565s
 9772511 5002758   66.50000  713  107   70.99984   64.00000  9.86%  33.8 8571s
 9776779 5004691   70.25000  705  104   70.99984   64.00000  9.86%  33.8 8577s
 9781643 5005282 infeasible  707        70.99984   64.00000  9.86%  33.8 8582s
 9783299 5013620   64.25000  725  101   70.99984   64.00000  9.86%  33.8 8595s
 9803999 5013755     cutoff  434        70.99984   64.00000  9.86%  33.8 8600s
 9808138 5015689   69.13281  403  112   70.99984   64.00000  9.86%  33.8 8610s
 9811503 5018078   66.37500  706  105   70.99984   64.00000  9.86%  33.8 8615s
 9819564 5018100     cutoff  735        70.99984   64.00000  9.86%  33.7 8622s
 9819605 5020939   68.75000  732  120   70.99984   64.00000  9.86%  33.7 8626s
 9826492 5020955   68.25000  604   86   70.99984   64.00000  9.86%  33.7 8632s
 9826538 5022668   68.50000  605   84   70.99984   64.00000  9.86%  33.7 8638s
 9831172 5022679   70.25000  448  135   70.99984   64.00000  9.86%  33.7 8646s
 9837975 5025920   64.00000  704  105   70.99984   64.00000  9.86%  33.7 8657s
 9838012 5029902   64.00000  705  105   70.99984   64.00000  9.86%  33.7 8661s
 9844039 5029932   64.50000  718  121   70.99984   64.00000  9.86%  33.7 8669s
 9844073 5045697   65.75000  719  117   70.99984   64.00000  9.86%  33.7 8685s
 9876105 5045716   65.50000  452  107   70.99984   64.00000  9.86%  33.7 8695s
 9876149 5060122   65.50000  453  107   70.99984   64.00000  9.86%  33.7 8711s
 9908181 5060142 infeasible  733        70.99984   64.00000  9.86%  33.7 8718s
 9908224 5076888 infeasible  731        70.99984   64.00000  9.86%  33.7 8734s
 9928244 5076888     cutoff  495        70.99984   64.00000  9.86%  33.7 8735s
 9940256 5076905   66.50000  457  127   70.99984   64.00000  9.86%  33.7 8742s
 9940303 5092040   66.25000  458  125   70.99984   64.00000  9.86%  33.7 8756s
 9972335 5092064   69.12500  297   92   70.99984   64.00000  9.86%  33.7 8762s
 9972373 5109926   69.12500  298   92   70.99984   64.00000  9.86%  33.7 8776s
 10004405 5109949   65.62500  548   90   70.99984   64.00000  9.86%  33.7 8783s
 10004446 5128421   64.37500  548   92   70.99984   64.00000  9.86%  33.7 8797s
 10036478 5128439   69.87500  517   68   70.99984   64.00000  9.86%  33.6 8806s
 10036524 5145024   69.37500  518   72   70.99984   64.00000  9.86%  33.6 8820s
 10068556 5145047   64.00000  439   84   70.99984   64.00000  9.86%  33.6 8827s
 10068596 5162600   64.00000  440   85   70.99984   64.00000  9.86%  33.6 8841s
 10100628 5162613   70.62500  544  143   70.99984   64.00000  9.86%  33.6 8848s
 10100679 5180422   70.62500  545  143   70.99984   64.00000  9.86%  33.6 8861s
 10132711 5180449   66.50000  561   95   70.99984   64.00000  9.86%  33.6 8872s
 10132747 5198599   66.50000  562   93   70.99984   64.00000  9.86%  33.6 8888s
 10164779 5199743   66.13221  513   96   70.99984   64.00000  9.86%  33.6 8892s
 10167299 5207968     cutoff  480        70.99984   64.00000  9.86%  33.6 8901s
 10182192 5209840   65.25000  541   97   70.99984   64.00000  9.86%  33.6 8908s
 10184887 5210988   65.62500  574   87   70.99984   64.00000  9.86%  33.6 8913s
 10186437 5214364   70.18750  584   99   70.99984   64.00000  9.86%  33.6 8918s
 10193138 5215343   64.00000  474   72   70.99984   64.00000  9.86%  33.6 8922s
 10195647 5217326   64.00000  434   74   70.99984   64.00000  9.86%  33.6 8927s
 10200346 5219241   69.37500  452  117   70.99984   64.00000  9.86%  33.6 8932s
 10202869 5224564   64.00000  514   78   70.99984   64.00000  9.86%  33.6 8938s
 10211639 5225727   65.12500  510  109   70.99984   64.00000  9.86%  33.6 8943s
 10213721 5229106   65.12500  511  109   70.99984   64.00000  9.86%  33.6 8949s
 10221411 5230208   64.00000  434   76   70.99984   64.00000  9.86%  33.6 8953s
 10223838 5233290   70.37500  483  129   70.99984   64.00000  9.86%  33.6 8959s
 10231278 5233938   68.75000  454  102   70.99984   64.00000  9.86%  33.5 8963s
 10233027 5248697   70.25000  468   99   70.99984   64.00000  9.86%  33.5 8975s
 10256222 5250196   68.00000  467  108   70.99984   64.00000  9.86%  33.5 8982s
 10259021 5250604   70.50000  543  124   70.99984   64.00000  9.86%  33.5 8986s
 10260061 5252815   70.50000  544  130   70.99984   64.00000  9.86%  33.5 8991s
 10264278 5253731   64.00000  428   96   70.99984   64.00000  9.86%  33.5 8995s
 10266174 5264736   67.87500  448   83   70.99984   64.00000  9.86%  33.5 9006s
 10287142 5264786   64.25000  468   94   70.99984   64.00000  9.86%  33.5 9010s
 10289839 5267076   64.50000  489  129   70.99984   64.00000  9.86%  33.5 9016s
 10290983 5269225   68.50000  499  129   70.99984   64.00000  9.86%  33.5 9021s
 10294624 5270979   64.00000  494  112   70.99984   64.00000  9.86%  33.5 9026s
 10297405 5275942   66.25000  550  101   70.99984   64.00000  9.86%  33.5 9034s
 10308039 5276817   69.87500  505  105   70.99984   64.00000  9.86%  33.5 9039s
 10310443 5280309   69.87500  510  109   70.99984   64.00000  9.86%  33.5 9045s
 10318689 5285254   67.81250  498  115   70.99984   64.00000  9.86%  33.5 9055s
 10328764 5285278   64.75000  443  102   70.99984   64.00000  9.86%  33.5 9062s
 10328801 5301765   64.75000  444  104   70.99984   64.00000  9.86%  33.5 9080s
 10360833 5301791   64.50000  463   92   70.99984   64.00000  9.86%  33.5 9089s
 10360871 5319113   64.50000  464   92   70.99984   64.00000  9.86%  33.5 9105s
 10392903 5319135   70.00000  526  131   70.99984   64.00000  9.86%  33.4 9115s
 10392945 5334563   70.00000  527  127   70.99984   64.00000  9.86%  33.4 9131s
 10424977 5334588   65.25000  468  103   70.99984   64.00000  9.86%  33.4 9139s
 10425015 5352573   64.37500  466  101   70.99984   64.00000  9.86%  33.4 9154s
 10457047 5352593     cutoff  499        70.99984   64.00000  9.86%  33.4 9162s
 10457089 5369119   68.25000  495   80   70.99984   64.00000  9.86%  33.4 9179s
 10489121 5369144   65.12500  481  112   70.99984   64.00000  9.86%  33.4 9187s
 10489160 5387964   65.00000  481  108   70.99984   64.00000  9.86%  33.4 9202s
 10521192 5387983     cutoff  534        70.99984   64.00000  9.86%  33.4 9209s
 10521237 5404588   68.12500  533  117   70.99984   64.00000  9.86%  33.4 9226s
 10553269 5404618   69.37500  546  120   70.99984   64.00000  9.86%  33.4 9234s
 10553303 5421122     cutoff  547        70.99984   64.00000  9.86%  33.4 9250s
 10585335 5421143   68.25000  578  133   70.99984   64.00000  9.86%  33.4 9257s
 10585377 5437424   68.87500  575  132   70.99984   64.00000  9.86%  33.4 9273s
 10617409 5437433   66.06250  621  101   70.99984   64.00000  9.86%  33.4 9280s
 10617463 5453353   66.31250  622  100   70.99984   64.00000  9.86%  33.4 9310s
 10649495 5453377   69.75000  530  134   70.99984   64.00000  9.86%  33.4 9318s
 10649534 5469163   69.81250  531  132   70.99984   64.00000  9.86%  33.4 9335s
 10681566 5469178   68.62500  526  112   70.99984   64.00000  9.86%  33.4 9342s
 10681614 5483310   68.62500  527  110   70.99984   64.00000  9.86%  33.4 9358s
 10713646 5483325     cutoff  550        70.99984   64.00000  9.86%  33.3 9366s
 10713695 5499462   67.12500  551  109   70.99984   64.00000  9.86%  33.3 9382s
 10745727 5499482   67.25000  603  111   70.99984   64.00000  9.86%  33.3 9388s
 10745770 5513305   67.25000  604  111   70.99984   64.00000  9.86%  33.3 9402s
 10777802 5513326   67.00000  582   91   70.99984   64.00000  9.86%  33.3 9409s
 10777845 5528120   66.75000  582   93   70.99984   64.00000  9.86%  33.3 9426s
 10809877 5528482     cutoff  562        70.99984   64.00000  9.86%  33.3 9431s
 10811007 5543067   70.00000  564  124   70.99984   64.00000  9.86%  33.3 9447s
 10842396 5543454   64.00000  274   94   70.99984   64.00000  9.86%  33.2 9453s
 10843469 5558965   64.50000  277   90   70.99984   64.00000  9.86%  33.2 9470s
 10875243 5559892   64.25000  545  103   70.99984   64.00000  9.86%  33.2 9475s
 10876702 5573049   64.50000  546  101   70.99984   64.00000  9.86%  33.2 9488s
 10903278 5573068     cutoff  347        70.99984   64.00000  9.86%  33.2 9492s
 10903322 5574166   67.87500  345  140   70.99984   64.00000  9.86%  33.2 9496s
 10905761 5574968   70.37500  294   90   70.99984   64.00000  9.86%  33.2 9501s
 10907587 5585314   70.87500  526   95   70.99984   64.00000  9.86%  33.2 9514s
 10928865 5585503   64.50000  567  110   70.99984   64.00000  9.86%  33.2 9519s
 10929127 5587409   64.50000  568  112   70.99984   64.00000  9.86%  33.2 9523s
 10932496 5587830   64.00000  317  107   70.99984   64.00000  9.86%  33.1 9528s
 10933355 5590368   64.00000  317  101   70.99984   64.00000  9.86%  33.1 9533s
 10938523 5591654   69.37500  394  123   70.99984   64.00000  9.86%  33.1 9538s
 10940551 5601201   64.06250  527  129   70.99984   64.00000  9.86%  33.1 9549s
 10958177 5601454   64.00000  549  107   70.99984   64.00000  9.86%  33.1 9554s
 10958776 5602614   64.00000  564  105   70.99984   64.00000  9.86%  33.1 9559s
 10961338 5605777   64.25000  563  112   70.99984   64.00000  9.86%  33.1 9564s
 10967306 5608270   65.25000  558  106   70.99984   64.00000  9.86%  33.1 9570s
 10971253 5609016   68.12500  596  126   70.99984   64.00000  9.86%  33.1 9575s
 10973006 5619769   64.12500  542  108   70.99984   64.00000  9.86%  33.1 9587s
 10997008 5619782     cutoff  299        70.99984   64.00000  9.86%  33.1 9591s
 10997058 5620463   70.75000  300  111   70.99984   64.00000  9.86%  33.1 9595s
 10998353 5621146   68.50000  580  114   70.99984   64.00000  9.86%  33.1 9600s
 10999366 5622683   64.25000  580  117   70.99984   64.00000  9.86%  33.1 9606s
 11002578 5623166   64.00000  324   84   70.99984   64.00000  9.86%  33.1 9611s
 11003848 5636216   70.62500  363  101   70.99984   64.00000  9.86%  33.1 9627s
 11032751 5636244     cutoff  579        70.99984   64.00000  9.86%  33.1 9634s
 11032787 5650246     cutoff  580        70.99984   64.00000  9.86%  33.1 9655s
 11064819 5650862 infeasible  346        70.99984   64.00000  9.86%  33.0 9660s
 11066751 5659819     cutoff  349        70.99984   64.00000  9.86%  33.0 9671s
 11087721 5659835   68.75000  332  148   70.99984   64.00000  9.86%  33.0 9680s
 11094056 5662171   69.62500  370  163   70.99984   64.00000  9.86%  33.0 9693s
 11094101 5676062   69.62500  371  163   70.99984   64.00000  9.86%  33.0 9711s
 11126133 5676086   70.75000  394  117   70.99984   64.00000  9.86%  33.0 9719s
 11126172 5690801     cutoff  395        70.99984   64.00000  9.86%  33.0 9736s
 11158204 5690817 infeasible  322        70.99984   64.00000  9.86%  33.0 9745s
 11158251 5705022     cutoff  323        70.99984   64.00000  9.86%  33.0 9765s
 11190283 5705043   70.12500  343  138   70.99984   64.00000  9.86%  33.0 9772s
 11190324 5720076     cutoff  344        70.99984   64.00000  9.86%  33.0 9791s
 11222356 5720086     cutoff  405        70.99984   64.00000  9.86%  32.9 9799s
 11222409 5733726   70.87500  405  142   70.99984   64.00000  9.86%  32.9 9823s
 11254441 5733732   70.62500  537  105   70.99984   64.00000  9.86%  32.9 9830s
 11254496 5748084   70.62500  538  103   70.99984   64.00000  9.86%  32.9 9850s
 11286528 5748104     cutoff  328        70.99984   64.00000  9.86%  32.9 9858s
 11286572 5764006     cutoff  329        70.99984   64.00000  9.86%  32.9 9877s
 11318604 5764026     cutoff  350        70.99984   64.00000  9.86%  32.9 9885s
 11318647 5778538     cutoff  351        70.99984   64.00000  9.86%  32.9 9904s
 11350679 5778549     cutoff  357        70.99984   64.00000  9.86%  32.8 9912s
 11350731 5794299     cutoff  358        70.99984   64.00000  9.86%  32.8 9930s
 11382763 5794317 infeasible  316        70.99984   64.00000  9.86%  32.8 9938s
 11382809 5808361     cutoff  317        70.99984   64.00000  9.86%  32.8 9954s
 11414841 5808379     cutoff  388        70.99984   64.00000  9.86%  32.8 9965s
 11414883 5824853     cutoff  387        70.99984   64.00000  9.86%  32.8 9984s
 11446915 5824866   69.62500  359   92   70.99984   64.00000  9.86%  32.8 9991s
 11446965 5839660   69.62500  360   90   70.99984   64.00000  9.86%  32.8 10008s
 11478997 5839686   67.81250  349  113   70.99984   64.00000  9.86%  32.8 10015s
 11479034 5854549     cutoff  350        70.99984   64.00000  9.86%  32.8 10034s
 11511066 5854572   65.37500  366  108   70.99984   64.00000  9.86%  32.7 10041s
 11511106 5870033   65.37500  367  108   70.99984   64.00000  9.86%  32.7 10061s
 11543138 5870051   70.75000  349  109   70.99984   64.00000  9.86%  32.7 10068s
 11543183 5885507   70.75000  350  109   70.99984   64.00000  9.86%  32.7 10087s
 11575215 5886513     cutoff  351        70.99984   64.00000  9.86%  32.7 10092s
 11577384 5892176   68.62500  328  113   70.99984   64.00000  9.86%  32.7 10102s
 11591792 5892674   68.75000  385  118   70.99984   64.00000  9.86%  32.7 10106s
 11593092 5894406   68.75000  394  116   70.99984   64.00000  9.86%  32.7 10111s
 11596949 5896004   64.00000  334   70   70.99984   64.00000  9.86%  32.7 10117s
 11600965 5897910     cutoff  344        70.99984   64.00000  9.86%  32.7 10124s
 11606492 5898305 infeasible  387        70.99984   64.00000  9.86%  32.7 10129s
 11607366 5912251   64.00000  326  109   70.99984   64.00000  9.86%  32.7 10148s
 11639398 5912862   67.75000  362  117   70.99984   64.00000  9.86%  32.6 10153s
 11640478 5926548   67.75000  383  115   70.99984   64.00000  9.86%  32.6 10170s
 11671361 5927402   64.62500  443  104   70.99984   64.00000  9.86%  32.6 10176s
 11673135 5938417   64.62500  444  107   70.99984   64.00000  9.86%  32.6 10188s
 11694265 5938436   68.75000  419  106   70.99984   64.00000  9.86%  32.6 10194s
 11694309 5940103   68.75000  420  104   70.99984   64.00000  9.86%  32.6 10198s
 11697952 5940932   64.12500  363   84   70.99984   64.00000  9.86%  32.6 10203s
 11699679 5943179   64.12500  369   92   70.99984   64.00000  9.86%  32.6 10208s
 11703609 5944360     cutoff  349        70.99984   64.00000  9.86%  32.6 10213s
 11705936 5951428   67.00000  403  108   70.99984   64.00000  9.86%  32.6 10224s
 11719521 5952522   67.25000  353  114   70.99984   64.00000  9.86%  32.6 10228s
 11721748 5955280   68.62500  378  129   70.99984   64.00000  9.86%  32.6 10233s
 11726288 5956565   66.03883  377  115   70.99984   64.00000  9.86%  32.6 10238s
 11728910 5960364   64.00000  344  116   70.99984   64.00000  9.86%  32.6 10244s
 11736081 5960957   65.25000  429  100   70.99984   64.00000  9.86%  32.6 10249s
 11737343 5973806   65.25000  430  102   70.99984   64.00000  9.86%  32.6 10265s
 11766715 5975170   70.12500  401   92   70.99984   64.00000  9.86%  32.6 10270s
 11769651 5980755   70.50000  409   90   70.99984   64.00000  9.86%  32.6 10278s
 11779586 5981780   64.87500  334   96   70.99984   64.00000  9.86%  32.6 10283s
 11781432 5984821   68.25000  346  108   70.99984   64.00000  9.86%  32.6 10289s
 11787237 5986803   64.00000  446   76   70.99984   64.00000  9.86%  32.6 10294s
 11791144 5990295   68.06250  473   82   70.99984   64.00000  9.86%  32.6 10301s
 11799261 5991417 infeasible  513        70.99984   64.00000  9.86%  32.6 10305s
 11801188 5999619   65.50000  381  106   70.99984   64.00000  9.86%  32.6 10317s
 11819570 5999939   69.50000  340  104   70.99984   64.00000  9.86%  32.6 10323s
 11820484 6002554   65.62500  348   95   70.99984   64.00000  9.86%  32.6 10327s
 11827915 6002578   70.62500  368   93   70.99984   64.00000  9.86%  32.6 10334s
 11827955 6007966     cutoff  369        70.99984   64.00000  9.86%  32.6 10339s
 11836448 6007992     cutoff  405        70.99984   64.00000  9.86%  32.6 10346s
 11836486 6023873   66.00000  338   87   70.99984   64.00000  9.86%  32.6 10363s
 11868518 6023887   70.75000  394  118   70.99984   64.00000  9.86%  32.6 10373s
 11868565 6039234   70.75000  394  116   70.99984   64.00000  9.86%  32.6 10391s
 11900597 6039257   68.62500  515  121   70.99984   64.00000  9.86%  32.5 10398s
 11900636 6055441   69.62500  516  120   70.99984   64.00000  9.86%  32.5 10415s
 11932668 6055468     cutoff  459        70.99984   64.00000  9.86%  32.5 10422s
 11932705 6071013   64.25000  408   81   70.99984   64.00000  9.86%  32.5 10441s
 11964737 6071022   69.87500  462  107   70.99984   64.00000  9.86%  32.5 10449s
 11964791 6087599   69.87500  463  107   70.99984   64.00000  9.86%  32.5 10467s
 11996823 6087612     cutoff  465        70.99984   64.00000  9.86%  32.5 10475s
 11996871 6103870   70.25000  463  113   70.99984   64.00000  9.86%  32.5 10495s
 12028903 6103875   70.62500  395  133   70.99984   64.00000  9.86%  32.5 10502s
 12028962 6119482   70.62500  396  133   70.99984   64.00000  9.86%  32.5 10520s
 12060994 6119501 infeasible  469        70.99984   64.00000  9.86%  32.5 10527s
 12061039 6135368     cutoff  470        70.99984   64.00000  9.86%  32.5 10557s
 12093071 6135378   65.25000  529   86   70.99984   64.00000  9.86%  32.5 10564s
 12093123 6151757   65.27885  530   92   70.99984   64.00000  9.86%  32.5 10581s
 12125155 6151762   69.25000  494  112   70.99984   64.00000  9.86%  32.4 10588s
 12125213 6168616     cutoff  495        70.99984   64.00000  9.86%  32.4 10607s
 12157245 6168633   65.93750  513  103   70.99984   64.00000  9.86%  32.4 10614s
 12157292 6184775   68.31250  514   99   70.99984   64.00000  9.86%  32.4 10635s
 12189324 6184793   70.56250  486  105   70.99984   64.00000  9.86%  32.4 10642s
 12189370 6199994     cutoff  486        70.99984   64.00000  9.86%  32.4 10660s
 12221402 6200011   68.31250  552  113   70.99984   64.00000  9.86%  32.4 10667s
 12221447 6216597   68.31250  553  113   70.99984   64.00000  9.86%  32.4 10686s
 12253479 6216616   69.03125  498   78   70.99984   64.00000  9.86%  32.4 10693s
 12253524 6232030   65.03125  498   78   70.99984   64.00000  9.86%  32.4 10710s
 12285556 6232050   66.25000  506  112   70.99984   64.00000  9.86%  32.4 10718s
 12285600 6248354   66.25000  507  112   70.99984   64.00000  9.86%  32.4 10734s
 12293608 6248354   64.62500  524  106   70.99984   64.00000  9.86%  32.4 10735s
 12319816 6256103   64.56250  494  109   70.99984   64.00000  9.86%  32.4 10749s
 12336817 6256250   64.68750  499   95   70.99984   64.00000  9.86%  32.4 10752s
 12337099 6257099   64.68750  500   95   70.99984   64.00000  9.86%  32.4 10756s
 12339032 6259136   66.68750  510  105   70.99984   64.00000  9.86%  32.4 10761s
 12343990 6260936   66.68750  511  108   70.99984   64.00000  9.86%  32.4 10766s
 12348465 6261763   70.62500  519  119   70.99984   64.00000  9.86%  32.4 10771s
 12350523 6272456   64.00000  471  112   70.99984   64.00000  9.86%  32.4 10782s
 12368881 6272631   65.12500  535  112   70.99984   64.00000  9.86%  32.4 10786s
 12369205 6274592   65.12500  537  113   70.99984   64.00000  9.86%  32.4 10790s
 12373679 6274937     cutoff  557        70.99984   64.00000  9.86%  32.4 10795s
 12374684 6276895     cutoff  557        70.99984   64.00000  9.86%  32.4 10800s

Cutting planes:
  Learned: 183
  Gomory: 3
  Cover: 311
  Implied bound: 168
  Clique: 149
  MIR: 664
  StrongCG: 1
  Flow cover: 570
  GUB cover: 4
  Zero half: 1
  RLT: 68
  Relax-and-lift: 548

Explored 12379341 nodes (400480248 simplex iterations) in 10800.06 seconds
Thread count was 32 (of 64 available processors)

Solution count 10: 70.9998 70.9998 71 ... 72

Time limit reached
Best objective 7.099984404759e+01, best bound 6.400000000000e+01, gap 9.8590%
