
Gurobi 9.1.2 (linux64) logging started Sat Jun 18 09:06:42 2022

Changed value of parameter LogFile to ls3_sym_v-(3, 3).log
   Prev:   Default: 
Changed value of parameter MIPFocus to 1
   Prev: 0  Min: 0  Max: 3  Default: 0
Changed value of parameter TimeLimit to 10800.0
   Prev: inf  Min: 0.0  Max: inf  Default: inf
Warning: variable name "X[(5, 5),(7, 5)]" has a space
Warning: constraint name "flow-constr-t0-v(7, 5)" has a space
Warning: to let Gurobi read it back, use rlp format
Gurobi Optimizer version 9.1.2 build v9.1.2rc0 (linux64)
Thread count: 32 physical cores, 64 logical processors, using up to 32 threads
Optimize a model with 5063 rows, 4608 columns and 17528 nonzeros
Model fingerprint: 0xa6079147
Variable types: 512 continuous, 4096 integer (4096 binary)
Coefficient statistics:
  Matrix range     [1e+00, 7e+04]
  Objective range  [1e-01, 1e-01]
  Bounds range     [1e+00, 3e+04]
  RHS range        [1e+00, 7e+04]
Presolve removed 532 rows and 560 columns
Presolve time: 0.10s
Presolved: 4531 rows, 4048 columns, 26508 nonzeros
Variable types: 504 continuous, 3544 integer (3544 binary)
Found heuristic solution: objective 1346.9999999

Root relaxation: objective 6.300000e+01, 157 iterations, 0.00 seconds

    Nodes    |    Current Node    |     Objective Bounds      |     Work
 Expl Unexpl |  Obj  Depth IntInf | Incumbent    BestBd   Gap | It/Node Time

     0     0   63.00000    0   53 1347.00000   63.00000  95.3%     -    0s
H    0     0                    1284.9999999   63.00000  95.1%     -    0s
     0     0   63.00000    0   74 1285.00000   63.00000  95.1%     -    0s
H    0     0                     238.6250000   63.00000  73.6%     -    0s
     0     0   63.00000    0   88  238.62500   63.00000  73.6%     -    0s
H    0     0                     116.2968750   63.00000  45.8%     -    0s
H    0     0                     109.6250000   63.00000  42.5%     -    0s
     0     0   63.00000    0   66  109.62500   63.00000  42.5%     -    0s
H    0     0                     107.6250000   63.00000  41.5%     -    0s
     0     0   63.00000    0   66  107.62500   63.00000  41.5%     -    0s
     0     0   63.00000    0   48  107.62500   63.00000  41.5%     -    0s
H    0     0                      99.8125000   63.00000  36.9%     -    1s
     0     0   63.00000    0   77   99.81250   63.00000  36.9%     -    1s
     0     0   63.00000    0   46   99.81250   63.00000  36.9%     -    1s
     0     0   63.00000    0   51   99.81250   63.00000  36.9%     -    1s
     0     0   63.00000    0   42   99.81250   63.00000  36.9%     -    1s
H    0     0                      97.9765625   63.00000  35.7%     -    1s
H    0     0                      97.1666667   63.00000  35.2%     -    1s
     0     2   63.00000    0   42   97.16667   63.00000  35.2%     -    1s
H    2     4                      97.0625000   63.00000  35.1%   298    1s
H   31    64                      96.0625000   63.00000  34.4%  41.2    3s
H   32    64                      92.0625000   63.00000  31.6%  40.0    3s
H   54    64                      91.5000000   63.00000  31.1%  26.4    3s
H   62    64                      90.6250000   63.00000  30.5%  25.9    3s
H  103   128                      89.6250000   63.00000  29.7%  17.1    3s
H  159   192                      87.5000000   63.00000  28.0%  12.0    5s
H  161   192                      85.8750000   63.00000  26.6%  11.9    5s
H  163   192                      85.6250000   63.00000  26.4%  11.8    5s
H  165   192                      84.3750000   63.00000  25.3%  11.6    5s
H  191   223                      84.0000000   63.00000  25.0%  10.4    5s
H  192   223                      83.8750000   63.00000  24.9%  10.3    5s
H  203   223                      83.3750000   63.00000  24.4%  10.0    5s
H  223   255                      81.2187500   63.00000  22.4%   9.3    8s
H  225   255                      78.1250000   63.00000  19.4%   9.2    8s
H  255   286                      76.2500000   63.00000  17.4%   8.4   12s
H  261   286                      75.8750000   63.00000  17.0%   8.3   12s
H  262   286                      74.6985294   63.00000  15.7%   8.2   12s
H  283   286                      74.4519231   63.00000  15.4%   8.0   12s
H  300   743                      74.3942308   63.00000  15.3%   7.7   12s
H  332   743                      74.3125000   63.00000  15.2%   7.2   12s
H  392   743                      74.2500000   63.00000  15.2%   6.5   12s
H  651   743                      74.2187500   63.00000  15.1%   5.4   12s
H  767   775                      74.1640625   63.00000  15.1%   5.6   15s
H  768   775                      73.5000000   63.00000  14.3%   5.6   15s
H  771   775                      72.8897059   63.00000  13.6%   5.5   15s
H  775   775                      72.3500000   63.00000  12.9%   5.5   15s
H  799   839                      71.8050000   63.00000  12.3%   5.5   19s
H  800   839                      71.6250000   63.00000  12.0%   5.5   19s
H  804   839                      71.5000000   63.00000  11.9%   5.4   19s
H  864   839                      71.1171875   63.00000  11.4%   5.3   19s
   869  1678   63.00000   31   62   71.11719   63.00000  11.4%   5.3   22s
H  894  1678                      70.6666667   63.00000  10.8%   5.3   22s
H 1015  1678                      70.5000000   63.00000  10.6%   5.0   22s
H 1268  1678                      70.1000000   63.00000  10.1%   4.8   22s
H 1783  4059                      69.5000000   63.00000  9.35%   4.6   27s
H 2902  4059                      69.1666667   63.00000  8.92%   5.1   27s
H 3905  4059                      69.1250000   63.00000  8.86%   5.3   27s
  4587  9620   63.00000  154   88   69.12500   63.00000  8.86%   6.3   31s
H 6174  9620                      69.0625000   63.00000  8.78%   6.9   31s
H 8554  9620                      69.0312500   63.00000  8.74%   7.9   31s
H10976  9423                      68.9375000   63.00000  8.61%   8.5   31s
H10981  8948                      68.8437500   63.00000  8.49%   8.5   33s
 10990  8957   63.00000   15   43   68.84375   63.00000  8.49%  10.4   35s
H11020  8560                      68.7916667   63.00000  8.42%  10.5   35s
H11026  8132                      68.7500000   63.00000  8.36%  10.5   35s
H11084  7772                      68.6562500   63.00000  8.24%  10.5   38s
 11148  7815   63.00000   21   71   68.65625   63.00000  8.24%  10.6   40s
H11182  7452                      68.6562499   63.00000  8.24%  10.6   43s
H11188  7085                      68.6562498   63.00000  8.24%  11.1   43s
 11607  7370   63.00000   25   46   68.65625   63.00000  8.24%  16.5   46s
 13230  9300   63.00000   52   61   68.65625   63.00000  8.24%  21.0   51s
 15362 12823   63.00000   84   77   68.65625   63.00000  8.24%  27.7   56s
 18528 14709   66.25000  142   73   68.65625   63.00000  8.24%  33.2   61s
 21684 14625   66.37500  194   81   68.65625   63.00000  8.24%  37.2   69s
 22521 18032   66.37500  204   87   68.65625   63.00000  8.24%  38.1   71s
 26732 16843   63.00000   85   69   68.65625   63.00000  8.24%  38.6   75s
 30692 21625   63.00000  235   82   68.65625   63.00000  8.24%  38.8   82s
 33792 21303   63.25000  344   98   68.65625   63.00000  8.24%  40.0   87s
 33839 23588   63.25000  345   97   68.65625   63.00000  8.24%  40.1   90s
H35619 23588                      68.6562497   63.00000  8.24%  40.2   90s
 42599 28920   66.00000  259  116   68.65625   63.00000  8.24%  45.7   98s
H42615 28920                      68.6562497   63.00000  8.24%  45.7   98s
H42616 28920                      68.6562496   63.00000  8.24%  45.7   98s
 42632 33893   66.00000  260  116   68.65625   63.00000  8.24%  45.8  102s
H42700 33893                      68.6562496   63.00000  8.24%  45.8  102s
H44122 33893                      68.6562495   63.00000  8.24%  46.0  102s
H48088 34177                      68.6562494   63.00000  8.24%  46.5  105s
H48251 34177                      68.6562494   63.00000  8.24%  46.4  105s
H48291 34177                      68.6562494   63.00000  8.24%  46.4  105s
H48374 34177                      68.6562494   63.00000  8.24%  46.4  105s
 48399 34349   63.00000  149   83   68.65625   63.00000  8.24%  46.5  110s
H48413 34349                      68.6562493   63.00000  8.24%  46.5  110s
H49910 39505                      68.6562493   63.00000  8.24%  47.0  113s
 54651 39534   63.00000   60   69   68.65625   63.00000  8.24%  46.4  117s
H54656 39534                      68.6562493   63.00000  8.24%  46.4  117s
H54658 39534                      68.6562493   63.00000  8.24%  46.4  117s
H54678 39534                      68.6562493   63.00000  8.24%  46.4  117s
 54686 43210   63.00000   61   68   68.65625   63.00000  8.24%  46.4  120s
H58872 43240                      68.6562492   63.00000  8.24%  47.3  126s
 58906 44021   63.00000  157   66   68.65625   63.00000  8.24%  47.3  131s
H59087 44021                      68.6562492   63.00000  8.24%  47.4  131s
 59744 52398   63.00000  183   82   68.65625   63.00000  8.24%  47.5  137s
 69356 52429   63.00000  295   75   68.65625   63.00000  8.24%  49.7  143s
H69361 52429                      68.6562492   63.00000  8.24%  49.7  143s
H69388 52429                      68.6562492   63.00000  8.24%  49.7  143s
 69389 55994   63.00000  296   73   68.65625   63.00000  8.24%  49.7  146s
H73483 56304                      68.6562492   63.00000  8.24%  50.6  149s
H73637 56304                      68.6562492   63.00000  8.24%  50.6  149s
 73678 56738   63.00000  128   55   68.65625   63.00000  8.24%  50.6  153s
H73846 56738                      68.6562491   63.00000  8.24%  50.7  153s
H74013 56738                      68.6562491   63.00000  8.24%  50.8  153s
 74206 57553   63.00000  151   75   68.65625   63.00000  8.24%  50.7  157s
H74532 57553                      68.6562491   63.00000  8.24%  50.8  157s
 75174 62841   63.00000  182   82   68.65625   63.00000  8.24%  51.2  161s
 81107 62869   63.00000  308   84   68.65625   63.00000  8.24%  52.0  168s
H81116 62869                      68.6562491   63.00000  8.24%  52.0  168s
 81143 66603   63.00000  309   86   68.65625   63.00000  8.24%  52.0  172s
H81826 66603                      68.6562491   63.00000  8.24%  52.3  172s
 85362 68150 infeasible  385        68.65625   63.00000  8.24%  52.7  176s
 87139 75071   63.00000  216   89   68.65625   63.00000  8.24%  52.7  181s
 95372 78015   63.00000  125   77   68.65625   63.00000  8.24%  53.8  189s
 99096 89864   63.00000  164   81   68.65625   63.00000  8.24%  54.0  199s
 112847 91651   68.62500  398   85   68.65625   63.00000  8.24%  56.2  203s
 114904 92629   63.00000  130   92   68.65625   63.00000  8.24%  56.7  208s
 116080 95811   63.00000  130   89   68.65625   63.00000  8.24%  56.8  214s
 119683 97735   63.00000  142   94   68.65625   63.00000  8.24%  57.4  220s
 121768 100473   63.00000  152   78   68.65625   63.00000  8.24%  57.6  227s
H122894 100473                      68.6562466   63.00000  8.24%  57.9  227s
 125102 109705   63.00000  162  103   68.65625   63.00000  8.24%  58.1  235s
 136208 109732   63.50000  193  105   68.65625   63.00000  8.24%  58.7  241s
 136244 113561   63.50000  194  115   68.65625   63.00000  8.24%  58.6  245s
 140750 113595   63.00000  221   83   68.65625   63.00000  8.24%  58.9  250s
 145278 118277   63.00000  320   91   68.65625   63.00000  8.24%  58.7  259s
 146176 118468   63.00000   88   72   68.65625   63.00000  8.24%  58.7  264s
 146371 120241   63.00000  108   70   68.65625   63.00000  8.24%  58.7  269s
 148367 121011   63.00000  138   82   68.65625   63.00000  8.24%  58.7  275s
 149295 121198   63.00000  139   80   68.65625   63.00000  8.24%  58.9  281s
 149520 125723   63.00000  145   83   68.65625   63.00000  8.24%  58.9  288s
 155073 130643 infeasible  219        68.65625   63.00000  8.24%  59.3  296s
 161363 135228   63.00000  125   64   68.65625   63.00000  8.24%  59.8  303s
 166688 138118   63.25000  280   86   68.65625   63.00000  8.24%  60.4  309s
 170239 143360   63.00000  155   78   68.65625   63.00000  8.24%  60.6  315s
 176316 146753   63.00000  319   87   68.65625   63.00000  8.24%  61.1  322s
 180467 151338   63.00000  363   92   68.65625   63.00000  8.24%  61.4  328s
 186077 155984 infeasible  418        68.65625   63.00000  8.24%  62.0  335s
 191438 164513     cutoff  475        68.65625   63.00000  8.24%  63.0  342s
 201566 164543   66.50000  335  136   68.65625   63.00000  8.24%  63.5  351s
 201600 168899   66.50000  336  136   68.65625   63.00000  8.24%  63.5  355s
 206803 168925   68.37500  410  139   68.65625   63.00000  8.24%  63.4  363s
 206841 173369   68.37500  411  143   68.65625   63.00000  8.24%  63.4  367s
 212301 173397   63.00000  365  113   68.65625   63.00000  8.24%  63.7  376s
 212337 175611   63.00000  366  114   68.65625   63.00000  8.24%  63.7  380s
 214948 180563   64.25000  405   92   68.65625   63.00000  8.24%  64.3  388s
 220649 185096   64.00602  437  116   68.65625   63.00000  8.24%  65.1  396s
 226104 189314   63.00000  175   90   68.65625   63.00000  8.24%  66.1  402s
 230845 193898   63.00000  201   87   68.65625   63.00000  8.24%  66.6  409s
 236742 197172   63.50000  237  136   68.65625   63.00000  8.24%  67.3  416s
 240906 201942   63.50000  270  149   68.65625   63.00000  8.24%  67.7  423s
 246344 203676 infeasible  309        68.65625   63.00000  8.24%  68.4  431s
 248635 219080   63.00000  231   90   68.65625   63.00000  8.24%  68.3  446s
 269204 219111 infeasible  270        68.65625   63.00000  8.24%  69.4  454s
 269237 223739   63.00000  192   85   68.65625   63.00000  8.24%  69.4  459s
 275061 223771   63.00000  335   80   68.65625   63.00000  8.24%  69.7  467s
 275093 227510   63.00000  336   80   68.65625   63.00000  8.24%  69.8  472s
 279306 227715   65.12500  472  119   68.65625   63.00000  8.24%  70.4  480s
 279528 253136   65.12500  473  119   68.65625   63.00000  8.24%  70.5  508s
 311560 256968   63.00000  159   80   68.65625   63.00000  8.24%  70.9  516s
 316159 262723   63.00000  295   70   68.65625   63.00000  8.24%  71.3  524s
 323259 266199   64.25000  517  131   68.65625   63.00000  8.24%  71.5  531s
 327342 271088   63.00000  205   70   68.65625   63.00000  8.24%  71.7  538s
 333434 275117   64.25000  234  125   68.65625   63.00000  8.24%  71.6  544s
 338602 279114   63.00000  245   99   68.65625   63.00000  8.24%  71.6  551s
 343241 283853   63.00000  294   85   68.65625   63.00000  8.24%  72.1  559s
 349309 288241   63.00000  363  110   68.65625   63.00000  8.24%  72.4  566s
 354788 290941   63.00000  411   94   68.65625   63.00000  8.24%  72.6  571s
 357972 296943   63.25000  417   96   68.65625   63.00000  8.24%  72.8  578s
 365652 296974   63.37500  307  117   68.65625   63.00000  8.24%  72.9  589s
 365685 301179   63.37500  308  117   68.65625   63.00000  8.24%  72.9  594s
 371671 301207   63.00000  313   72   68.65625   63.00000  8.24%  73.0  601s
 371707 305941   63.00000  314   71   68.65625   63.00000  8.24%  73.0  608s
 378555 306224     cutoff  467        68.65625   63.00000  8.24%  72.9  616s
 378892 332448   63.00000  185   93   68.65625   63.00000  8.24%  72.9  643s
 410924 332619   63.00000  249  118   68.65625   63.00000  8.24%  74.3  651s
 411161 358013   63.00000  250  115   68.65625   63.00000  8.24%  74.3  678s
 443193 362134     cutoff  520        68.65625   63.00000  8.24%  74.6  686s
 448271 367014   63.00000  423   83   68.65625   63.00000  8.24%  74.5  693s
 454966 369375   63.00000  315  100   68.65625   63.00000  8.24%  74.2  699s
 458744 373192   63.00000  292   88   68.65625   63.00000  8.24%  74.3  705s
 464019 373993   63.00000  240   75   68.65625   63.00000  8.24%  74.2  711s
 465163 378509   63.00000  265   77   68.65625   63.00000  8.24%  74.2  718s
 471653 381990   67.87500  371   87   68.65625   63.00000  8.24%  74.2  725s
 476369 386520   63.50000  372  139   68.65625   63.00000  8.24%  74.4  732s
 481882 389797   64.50073  411  150   68.65625   63.00000  8.24%  74.7  739s
 485948 396711   63.00000  285   90   68.65625   63.00000  8.24%  74.8  746s
 494947 396736   65.50000  474  102   68.65625   63.00000  8.24%  74.6  753s
 494985 401154   65.50000  475  104   68.65625   63.00000  8.24%  74.6  759s
 501247 401181   66.00000  239  102   68.65625   63.00000  8.24%  74.6  766s
 501284 405471   66.00000  240  102   68.65625   63.00000  8.24%  74.6  772s
 506916 405609     cutoff  377        68.65625   63.00000  8.24%  74.6  780s
 507058 429079   68.62500  378  106   68.65625   63.00000  8.24%  74.6  805s
 539090 429133   65.50000  261  108   68.65625   63.00000  8.24%  74.5  812s
 539154 450370   65.50000  262  111   68.65625   63.00000  8.24%  74.5  838s
 571186 453875   67.25000  372  127   68.65625   63.00000  8.24%  74.3  846s
 575872 458245   63.00000  358   83   68.65625   63.00000  8.24%  74.3  854s
 581360 462234   63.00000  464   97   68.65625   63.00000  8.24%  74.4  862s
 586556 466019   64.12500  537   96   68.65625   63.00000  8.24%  74.4  868s
 592197 468792   63.00000  257   68   68.65625   63.00000  8.24%  74.2  875s
 596176 472279   66.25000  339  109   68.65625   63.00000  8.24%  74.2  883s
 601266 475910   63.75000  385  107   68.65625   63.00000  8.24%  74.1  891s
 606844 479225   67.37500  318  135   68.65625   63.00000  8.24%  74.0  897s
 611631 482624   63.00000  305  100   68.65625   63.00000  8.24%  74.0  903s
 616901 486045   63.00000  242   96   68.65625   63.00000  8.24%  73.8  910s
 622149 488997   63.00000  319   81   68.65625   63.00000  8.24%  73.7  916s
 626556 494294   67.50000  526  115   68.65625   63.00000  8.24%  73.6  923s
 632981 494345   63.00000  304   89   68.65625   63.00000  8.24%  74.0  931s
 633032 516082   63.12500  305   89   68.65625   63.00000  8.24%  74.0  952s
 665064 516105   63.00000  298  100   68.65625   63.00000  8.24%  73.1  963s
 665104 537965   63.00000  299  100   68.65625   63.00000  8.24%  73.1  986s
 697136 537997   67.35629  457  117   68.65625   63.00000  8.24%  72.8  995s
 697168 562991   67.60629  457  113   68.65625   63.00000  8.24%  72.8 1020s
 729200 563021   63.00000  326   84   68.65625   63.00000  8.24%  72.3 1029s
 729234 585648   63.37500  327   93   68.65625   63.00000  8.24%  72.3 1053s
 761266 589234   63.00000  253   85   68.65625   63.00000  8.24%  71.5 1060s
 766171 593412   63.00000  305   72   68.65625   63.00000  8.24%  71.5 1068s
 772081 594123   63.75000  304  113   68.65625   63.00000  8.24%  71.5 1075s
 772985 598748   63.75000  324  118   68.65625   63.00000  8.24%  71.5 1082s
 778787 602780   63.00000  322   88   68.65625   63.00000  8.24%  71.4 1088s
 783893 606589   66.62500  436   96   68.65625   63.00000  8.24%  71.2 1095s
 789480 609436   63.00000  350  109   68.65625   63.00000  8.24%  71.1 1101s
 793797 613216   63.00000  185   78   68.65625   63.00000  8.24%  71.0 1109s
 798795 616551   63.00000  289   97   68.65625   63.00000  8.24%  70.9 1115s
 803498 620448   63.50000  395  101   68.65625   63.00000  8.24%  70.8 1122s
 808875 623697   68.37500  616  109   68.65625   63.00000  8.24%  70.7 1129s
 813757 627757   63.00000  289   92   68.65625   63.00000  8.24%  70.6 1136s
 820218 630678   64.75000  449  121   68.65625   63.00000  8.24%  70.5 1142s
 824682 637202   63.00000  379  122   68.65625   63.00000  8.24%  70.5 1148s
 832981 637233   65.12500  328  106   68.65625   63.00000  8.24%  70.3 1156s
 833014 641620   65.12500  325  115   68.65625   63.00000  8.24%  70.3 1161s
 839213 641647   68.25000  351  125   68.65625   63.00000  8.24%  70.3 1169s
 839250 645097   66.00000  350  123   68.65625   63.00000  8.24%  70.3 1173s
 844537 645125   63.00000  316   83   68.65625   63.00000  8.24%  70.2 1181s
 844572 648120   63.00000  317   81   68.65625   63.00000  8.24%  70.2 1185s
 849095 648152   63.00000  405  115   68.65625   63.00000  8.24%  70.2 1193s
 849127 651978   63.00000  406  115   68.65625   63.00000  8.24%  70.2 1198s
 853881 652009   63.00000  362  110   68.65625   63.00000  8.24%  70.4 1207s
 853914 673210   63.00000  363  110   68.65625   63.00000  8.24%  70.4 1233s
 885946 677072   67.25000  377  136   68.65625   63.00000  8.24%  70.1 1240s
 890701 682058   63.00000  441   79   68.65625   63.00000  8.24%  70.2 1247s
 897030 684984   63.00000  265   69   68.65625   63.00000  8.24%  70.1 1254s
 901585 688070   63.00000  246   99   68.65625   63.00000  8.24%  70.0 1260s
 906633 691171   65.87500  349  135   68.65625   63.00000  8.24%  69.9 1266s
 911356 694882   67.12500  323  127   68.65625   63.00000  8.24%  69.9 1272s
 916859 697972 infeasible  375        68.65625   63.00000  8.24%  69.9 1278s
 921416 703328   63.00000  355  125   68.65625   63.00000  8.24%  69.9 1286s
 929268 705917   63.35937  436  111   68.65625   63.00000  8.24%  69.8 1291s
 932725 709304 infeasible  460        68.65625   63.00000  8.24%  69.7 1297s
 937571 712082   63.25000  407  115   68.65625   63.00000  8.24%  69.8 1303s
 941639 717943   68.00000  406  115   68.65625   63.00000  8.24%  69.8 1310s
 949433 717967   67.37500  369   97   68.65625   63.00000  8.24%  70.0 1318s
 949473 740627   67.12500  370  101   68.65625   63.00000  8.24%  70.0 1341s
 981505 740664   63.12500  378   90   68.65625   63.00000  8.24%  69.8 1351s
 981584 764291   63.00000  374   89   68.65625   63.00000  8.24%  69.8 1381s
 1013616 764333 infeasible  357        68.65625   63.00000  8.24%  69.8 1389s
 1013666 787509     cutoff  355        68.65625   63.00000  8.24%  69.8 1418s
 1045698 787525   68.62500  302  123   68.65625   63.00000  8.24%  69.9 1427s
 1045745 811999   68.62500  300  123   68.65625   63.00000  8.24%  69.9 1452s
 1077777 812018   68.25000  398  112   68.65625   63.00000  8.24%  70.0 1461s
 1077821 835770   68.25000  399  112   68.65625   63.00000  8.24%  70.0 1491s
 1109853 835787   63.00000  391   93   68.65625   63.00000  8.24%  70.3 1500s
 1109897 860206   63.00000  392   95   68.65625   63.00000  8.24%  70.3 1528s
 1141929 864019   68.50000  372  105   68.65625   63.00000  8.24%  70.7 1536s
 1147817 867080   63.00000  427   86   68.65625   63.00000  8.24%  70.6 1541s
 1151653 867131   63.00000  377  100   68.65625   63.00000  8.24%  70.6 1548s
 1151706 871133   63.00000  379  102   68.65625   63.00000  8.24%  70.7 1555s
 1157046 873975   66.75000  442  123   68.65625   63.00000  8.24%  70.7 1562s
 1161457 877047     cutoff  380        68.65625   63.00000  8.24%  70.6 1568s
 1166552 879734   63.00000  421  104   68.65625   63.00000  8.24%  70.5 1574s
 1170468 883163   63.00000  327  105   68.65625   63.00000  8.24%  70.6 1580s
 1175123 886221   63.00000  375   89   68.65625   63.00000  8.24%  70.6 1587s
 1179472 890224   63.25000  405   92   68.65625   63.00000  8.24%  70.6 1595s
 1185343 893099   64.37500  449  116   68.65625   63.00000  8.24%  70.5 1602s
 1189556 896686   64.25000  456  117   68.65625   63.00000  8.24%  70.5 1609s
 1194661 900472   64.75000  326  119   68.65625   63.00000  8.24%  70.6 1615s
 1199733 906639   63.00000  305   81   68.65625   63.00000  8.24%  70.5 1622s
 1208739 906662   63.00000  325  118   68.65625   63.00000  8.24%  70.4 1631s
 1208779 928475   63.00000  326  122   68.65625   63.00000  8.24%  70.4 1654s
 1240811 928506   65.00000  456  117   68.65625   63.00000  8.24%  70.3 1663s
 1240844 951362   65.00000  457  116   68.65625   63.00000  8.24%  70.3 1688s
 1272876 951392   68.50000  318  137   68.65625   63.00000  8.24%  70.2 1696s
 1272965 972986   68.50000  319  138   68.65625   63.00000  8.24%  70.2 1720s
 1304997 973010     cutoff  418        68.65625   63.00000  8.24%  70.0 1728s
H1305032 973010                      68.6562445   63.00000  8.24%  70.0 1729s
 1305037 995570   68.00000  418  109   68.65624   63.00000  8.24%  70.0 1757s
 1337069 998129   63.00000  317   98   68.65624   63.00000  8.24%  70.0 1764s
 1341152 1000517   63.00000  326  101   68.65624   63.00000  8.24%  70.0 1771s
 1345084 1003934   63.00000  235  102   68.65624   63.00000  8.24%  69.9 1780s
 1350903 1008929     cutoff  421        68.65624   63.00000  8.24%  69.9 1787s
 1358316 1012538   63.50000  358  148   68.65624   63.00000  8.24%  69.8 1794s
 1363556 1016171   63.00000  311  116   68.65624   63.00000  8.24%  69.8 1800s
 1368888 1018202   63.00000  356  102   68.65624   63.00000  8.24%  69.8 1807s
 1372611 1023617   64.50000  401  126   68.65624   63.00000  8.24%  69.8 1817s
 1381985 1024811   68.62500  353  120   68.65624   63.00000  8.24%  69.6 1822s
 1384729 1027445   67.37500  339  165   68.65624   63.00000  8.24%  69.6 1829s
 1389760 1029526     cutoff  389        68.65624   63.00000  8.24%  69.6 1836s
 1392699 1034626 infeasible  369        68.65624   63.00000  8.24%  69.6 1844s
 1400295 1034651   67.62500  382   97   68.65624   63.00000  8.24%  69.5 1852s
 1400334 1053707   67.62500  383   97   68.65624   63.00000  8.24%  69.5 1877s
 1432366 1053733 infeasible  407        68.65624   63.00000  8.24%  69.1 1885s
 1432404 1074629 infeasible  407        68.65624   63.00000  8.24%  69.1 1928s
 1464436 1074650   67.62500  427  134   68.65624   63.00000  8.24%  68.7 1937s
 1464479 1096820   67.62500  428  134   68.65624   63.00000  8.24%  68.7 1965s
 1496511 1096833 infeasible  432        68.65624   63.00000  8.24%  68.8 1974s
 1496561 1117163   68.00000  430  163   68.65624   63.00000  8.24%  68.8 2001s
 1528593 1117191   66.62500  363  141   68.65624   63.00000  8.24%  68.5 2011s
 1528654 1136267   66.87500  365  140   68.65624   63.00000  8.24%  68.5 2036s
 1560686 1136287   63.25000  446  131   68.65624   63.00000  8.24%  68.3 2045s
 1560728 1155500   63.00000  448  131   68.65624   63.00000  8.24%  68.3 2073s
 1592760 1157574   63.50000  425  125   68.65624   63.00000  8.24%  68.0 2080s
 1596694 1162368   63.00000  439  129   68.65624   63.00000  8.24%  68.0 2087s
 1604040 1164925   63.75000  463  120   68.65624   63.00000  8.24%  67.9 2094s
 1608849 1167511   66.00000  496  125   68.65624   63.00000  8.24%  67.8 2101s
 1614020 1170102   67.50000  439  152   68.65624   63.00000  8.24%  67.7 2108s
 1618694 1173138   63.00000  388  111   68.65624   63.00000  8.24%  67.6 2115s
 1622810 1176442   63.12500  432  102   68.65624   63.00000  8.24%  67.7 2121s
 1627680 1179115   65.50394  479  135   68.65624   63.00000  8.24%  67.6 2128s
 1632823 1181836     cutoff  362        68.65624   63.00000  8.24%  67.5 2135s
 1637788 1184446   66.12500  431  131   68.65624   63.00000  8.24%  67.4 2142s
 1641825 1187892   63.62500  320  145   68.65624   63.00000  8.24%  67.4 2149s
 1647067 1191248   66.62500  354  158   68.65624   63.00000  8.24%  67.4 2155s
 1652450 1193784   63.75000  313  151   68.65624   63.00000  8.24%  67.3 2162s
 1656443 1197699   66.75000  333  151   68.65624   63.00000  8.24%  67.2 2171s
 1664057 1199780   63.00000  345   96   68.65624   63.00000  8.24%  67.1 2177s
 1667469 1204975     cutoff  397        68.65624   63.00000  8.24%  67.1 2184s
 1676482 1204998   63.00000  252   86   68.65624   63.00000  8.24%  67.0 2192s
 1676523 1209620   63.00000  253   86   68.65624   63.00000  8.24%  67.0 2198s
 1683001 1209658   67.00000  430  141   68.65624   63.00000  8.24%  67.0 2207s
 1683043 1230310   67.00000  431  141   68.65624   63.00000  8.24%  67.0 2231s
 1715075 1230320   68.26497  417  124   68.65624   63.00000  8.24%  66.8 2240s
 1715129 1250419     cutoff  418        68.65624   63.00000  8.24%  66.8 2265s
 1747161 1250440   63.37500  352  113   68.65624   63.00000  8.24%  66.6 2274s
 1747203 1269696   64.62500  353  113   68.65624   63.00000  8.24%  66.6 2298s
 1779235 1269726     cutoff  428        68.65624   63.00000  8.24%  66.4 2308s
 1779269 1292419     cutoff  427        68.65624   63.00000  8.24%  66.4 2331s
 1811301 1292441     cutoff  445        68.65624   63.00000  8.24%  66.3 2341s
 1811343 1313662   68.12500  445  140   68.65624   63.00000  8.24%  66.3 2366s
 1843375 1313687   63.00000  321   97   68.65624   63.00000  8.24%  66.2 2375s
 1843414 1336196   63.00000  322   97   68.65624   63.00000  8.24%  66.2 2403s
 1875446 1339337 infeasible  383        68.65624   63.00000  8.24%  66.1 2411s
 1879775 1344147   64.37500  384  145   68.65624   63.00000  8.24%  66.0 2418s
 1886468 1346834   63.75000  326  123   68.65624   63.00000  8.24%  65.9 2424s
 1890374 1349479   67.00000  342  128   68.65624   63.00000  8.24%  65.9 2431s
 1894321 1353467   63.00000  307   98   68.65624   63.00000  8.24%  66.0 2438s
 1898937 1357922   65.31250  349   92   68.65624   63.00000  8.24%  66.0 2446s
 1904651 1360837   68.25000  390  116   68.65624   63.00000  8.24%  66.0 2452s
 1908831 1364941   68.12500  380  135   68.65624   63.00000  8.24%  65.9 2459s
 1915951 1367409   66.50000  450  129   68.65624   63.00000  8.24%  65.9 2466s
 1919970 1370623   63.00000  365   90   68.65624   63.00000  8.24%  65.8 2474s
 1924466 1373652   63.00000  402  100   68.65624   63.00000  8.24%  65.8 2480s
 1929066 1376800   66.87500  427  130   68.65624   63.00000  8.24%  65.7 2487s
 1934813 1379610   63.00000  345   93   68.65624   63.00000  8.24%  65.7 2494s
 1939752 1383010   63.00000  305  106   68.65624   63.00000  8.24%  65.7 2500s
 1945718 1385247   63.87500  383  122   68.65624   63.00000  8.24%  65.6 2506s
 1949662 1388040   66.50000  391  112   68.65624   63.00000  8.24%  65.6 2512s
 1953920 1390964   63.00000  321  107   68.65624   63.00000  8.24%  65.7 2518s
 1958719 1397393   68.00000  391   87   68.65624   63.00000  8.24%  65.6 2525s
 1968706 1397417   64.75000  333  104   68.65624   63.00000  8.24%  65.5 2533s
 1968746 1422020   64.75000  334  106   68.65624   63.00000  8.24%  65.5 2558s
 2000778 1422045   68.62500  370  106   68.65624   63.00000  8.24%  65.6 2567s
 2000817 1443102   68.62500  371  104   68.65624   63.00000  8.24%  65.6 2590s
 2032849 1443119   68.12500  455  106   68.65624   63.00000  8.24%  65.4 2598s
 2032896 1463659 infeasible  450        68.65624   63.00000  8.24%  65.4 2623s
 2064928 1463684 infeasible  389        68.65624   63.00000  8.24%  65.3 2631s
 2064966 1484546     cutoff  390        68.65624   63.00000  8.24%  65.3 2656s
 2096998 1484571   63.00000  319   91   68.65624   63.00000  8.24%  65.1 2667s
 2097037 1506448   63.00000  320   91   68.65624   63.00000  8.24%  65.1 2695s
 2129069 1506471   68.25000  448  125   68.65624   63.00000  8.24%  65.1 2703s
 2129109 1528992 infeasible  449        68.65624   63.00000  8.24%  65.1 2728s
 2161141 1528994     cutoff  432        68.65624   63.00000  8.24%  65.0 2737s
 2161203 1550674   67.87500  430  115   68.65624   63.00000  8.24%  65.0 2765s
 2193235 1553432   68.31652  399  125   68.65624   63.00000  8.24%  65.0 2771s
 2197665 1557152   63.00000  364   81   68.65624   63.00000  8.24%  65.0 2778s
 2202546 1561091   63.00000  345   79   68.65624   63.00000  8.24%  65.1 2785s
 2207437 1564874   64.25000  419  100   68.65624   63.00000  8.24%  65.1 2792s
 2212936 1568142   64.50000  373  144   68.65624   63.00000  8.24%  65.1 2799s
 2217439 1571136   63.50000  464  144   68.65624   63.00000  8.24%  65.1 2807s
 2221864 1574438   63.00000  385  115   68.65624   63.00000  8.24%  65.1 2815s
 2227495 1577460   63.00000  295   98   68.65624   63.00000  8.24%  65.1 2821s
 2232042 1580212   68.25000  497  138   68.65624   63.00000  8.24%  65.0 2828s
 2236720 1583714   63.00000  425   87   68.65624   63.00000  8.24%  65.0 2835s
 2242648 1586816   64.00000  355  126   68.65624   63.00000  8.24%  65.0 2842s
 2246962 1589997   66.00000  385  146   68.65624   63.00000  8.24%  65.0 2849s
 2251924 1592947   63.00000  331  126   68.65624   63.00000  8.24%  65.0 2856s
 2257230 1595684   63.50000  308   81   68.65624   63.00000  8.24%  65.0 2862s
 2262030 1595723   63.00000  285   99   68.65624   63.00000  8.24%  64.9 2870s
 2262088 1598742   63.00000  287  102   68.65624   63.00000  8.24%  64.9 2879s
 2267151 1601109     cutoff  396        68.65624   63.00000  8.24%  64.9 2885s
 2270666 1607496   63.00000  392  100   68.65624   63.00000  8.24%  64.9 2892s
 2278175 1607522   66.50000  514  113   68.65624   63.00000  8.24%  65.1 2901s
 2278212 1613666   66.50000  515  113   68.65624   63.00000  8.24%  65.1 2908s
 2286636 1613692   65.00000  419  126   68.65624   63.00000  8.24%  65.0 2917s
 2286674 1633582   65.50000  420  120   68.65624   63.00000  8.24%  65.0 2942s
 2318706 1633605   68.37500  461  136   68.65624   63.00000  8.24%  64.8 2951s
 2318745 1652191     cutoff  462        68.65624   63.00000  8.24%  64.8 2975s
 2350777 1652210   63.56250  462  115   68.65624   63.00000  8.24%  64.6 2983s
 2350821 1673411   63.56250  463  114   68.65624   63.00000  8.24%  64.6 3009s
 2382853 1673433   63.25000  446  143   68.65624   63.00000  8.24%  64.5 3017s
 2382895 1695658   63.25000  447  142   68.65624   63.00000  8.24%  64.5 3043s
 2414927 1695677   64.65625  376  144   68.65624   63.00000  8.24%  64.4 3052s
 2414972 1716666   65.40625  376  144   68.65624   63.00000  8.24%  64.4 3079s
 2435993 1716666   63.00000  404  100   68.65624   63.00000  8.24%  64.4 3080s
 2447004 1716693   63.00000  282   86   68.65624   63.00000  8.24%  64.5 3089s
 2447041 1740681   63.00000  283   89   68.65624   63.00000  8.24%  64.5 3115s
 2479073 1740684   63.00000  418   86   68.65624   63.00000  8.24%  64.4 3126s
 2479132 1765553   63.00000  419   86   68.65624   63.00000  8.24%  64.4 3156s
 2511164 1768325   64.75000  446  109   68.65624   63.00000  8.24%  64.6 3163s
 2515204 1773252 infeasible  314        68.65624   63.00000  8.24%  64.5 3171s
 2522118 1776556   63.00000  359  110   68.65624   63.00000  8.24%  64.6 3177s
 2525914 1781223   63.00000  415   91   68.65624   63.00000  8.24%  64.6 3184s
 2532014 1784683   63.25000  450  113   68.65624   63.00000  8.24%  64.6 3192s
 2536323 1788004   63.00000  355   92   68.65624   63.00000  8.24%  64.6 3199s
 2540876 1790245   64.00000  362  130   68.65624   63.00000  8.24%  64.6 3205s
 2544298 1795140   66.37500  380  125   68.65624   63.00000  8.24%  64.6 3215s
 2551077 1798698   63.25000  334  135   68.65624   63.00000  8.24%  64.6 3223s
 2555837 1802869   63.50000  351  133   68.65624   63.00000  8.24%  64.6 3229s
 2562643 1805481   67.12500  374  129   68.65624   63.00000  8.24%  64.5 3236s
 2566709 1809575   63.25000  348  123   68.65624   63.00000  8.24%  64.5 3244s
 2572929 1812014   68.12500  384  130   68.65624   63.00000  8.24%  64.5 3250s
 2576997 1815441   63.50000  341  114   68.65624   63.00000  8.24%  64.5 3258s
 2582029 1819662   63.00000  379   94   68.65624   63.00000  8.24%  64.5 3266s
 2587405 1822364   66.75000  411   98   68.65624   63.00000  8.24%  64.5 3274s
 2591599 1824930   67.00000  489  147   68.65624   63.00000  8.24%  64.5 3283s
 2596881 1830400   66.62500  423  129   68.65624   63.00000  8.24%  64.5 3291s
 2605365 1830408   63.00000  420   95   68.65624   63.00000  8.24%  64.5 3299s
 2605420 1851312   63.00000  420   96   68.65624   63.00000  8.24%  64.5 3324s
 2637452 1851334   66.25000  365  124   68.65624   63.00000  8.24%  64.4 3333s
 2637494 1870333   66.25000  366  124   68.65624   63.00000  8.24%  64.4 3357s
 2669526 1870357   63.50000  352   98   68.65624   63.00000  8.24%  64.3 3366s
 2669565 1890903   63.25000  349   85   68.65624   63.00000  8.24%  64.3 3388s
 2701597 1890914   68.12500  430  157   68.65624   63.00000  8.24%  64.1 3397s
 2701648 1909795     cutoff  431        68.65624   63.00000  8.24%  64.1 3439s
 2733680 1909809 infeasible  456        68.65624   63.00000  8.24%  64.0 3449s
H2733684 1909809                      68.6562408   63.00000  8.24%  64.0 3450s
 2733729 1929345 infeasible  456        68.65624   63.00000  8.24%  64.0 3475s
 2765761 1931172   63.00000  461  112   68.65624   63.00000  8.24%  63.9 3482s
 2769761 1935146   65.00000  429  114   68.65624   63.00000  8.24%  63.9 3489s
 2776517 1938113   63.37500  473   98   68.65624   63.00000  8.24%  63.9 3495s
 2781053 1941423   63.25000  348  116   68.65624   63.00000  8.24%  63.9 3502s
 2786333 1943719   63.75000  417  160   68.65624   63.00000  8.24%  63.9 3508s
 2790752 1946739   67.25000  491  135   68.65624   63.00000  8.24%  63.8 3515s
 2795904 1949760   63.00000  355   97   68.65624   63.00000  8.24%  63.8 3522s
 2799636 1954773   63.37500  368  104   68.65624   63.00000  8.24%  63.9 3530s
 2807726 1956937   63.75000  417  110   68.65624   63.00000  8.24%  63.8 3536s
 2812166 1959551   66.37500  454  112   68.65624   63.00000  8.24%  63.8 3542s
 2817244 1961607 infeasible  448        68.65624   63.00000  8.24%  63.8 3549s
 2821445 1966151   67.37500  488  117   68.65624   63.00000  8.24%  63.7 3556s
 2830551 1966165     cutoff  565        68.65624   63.00000  8.24%  63.7 3565s
 2830601 1982875   66.75000  562  109   68.65624   63.00000  8.24%  63.7 3589s
 2862633 1982901   63.00000  366   97   68.65624   63.00000  8.24%  63.6 3597s
 2862671 2001376   63.50000  366   96   68.65624   63.00000  8.24%  63.6 3622s
 2894703 2001399   63.50000  463  115   68.65624   63.00000  8.24%  63.4 3630s
 2894742 2018846   63.25000  460  104   68.65624   63.00000  8.24%  63.4 3653s
 2926774 2018867     cutoff  469        68.65624   63.00000  8.24%  63.3 3662s
 2926817 2035193   66.75000  468  117   68.65624   63.00000  8.24%  63.3 3684s
 2958849 2035216   64.25000  479  117   68.65624   63.00000  8.24%  63.1 3692s
 2958890 2054018   63.00000  481  107   68.65624   63.00000  8.24%  63.1 3717s
 2990922 2054017 infeasible  446        68.65624   63.00000  8.24%  62.9 3725s
 2990987 2071930   67.62500  443  103   68.65624   63.00000  8.24%  62.9 3747s
 3023019 2071937 infeasible  525        68.65624   63.00000  8.24%  62.8 3756s
 3023076 2088497   67.12500  521  132   68.65624   63.00000  8.24%  62.8 3779s
 3055108 2088519     cutoff  533        68.65624   63.00000  8.24%  62.6 3788s
 3055150 2104276   67.12500  532  138   68.65624   63.00000  8.24%  62.6 3814s
 3087182 2106378   66.25062  532  127   68.65624   63.00000  8.24%  62.4 3821s
 3090763 2110754   66.50000  545  118   68.65624   63.00000  8.24%  62.4 3829s
 3097868 2112772   65.00000  455  136   68.65624   63.00000  8.24%  62.4 3836s
 3102271 2115959   63.75000  573  131   68.65624   63.00000  8.24%  62.4 3844s
 3106913 2119629   66.25000  588  133   68.65624   63.00000  8.24%  62.4 3851s
 3113135 2122518   66.87500  522  121   68.65624   63.00000  8.24%  62.3 3858s
 3119482 2123980 infeasible  491        68.65624   63.00000  8.24%  62.2 3864s
 3122746 2128793 infeasible  494        68.65624   63.00000  8.24%  62.2 3873s
 3130799 2130474 infeasible  484        68.65624   63.00000  8.24%  62.2 3880s
 3134753 2132913   63.00000  466  130   68.65624   63.00000  8.24%  62.1 3887s
 3141023 2135317   67.00000  465  106   68.65624   63.00000  8.24%  62.1 3894s
 3146595 2138119     cutoff  493        68.65624   63.00000  8.24%  62.1 3901s
 3150848 2140066 infeasible  515        68.65624   63.00000  8.24%  62.0 3907s
 3154549 2144180   63.00000  445  101   68.65624   63.00000  8.24%  62.0 3915s
 3161369 2146741   63.00791  466  101   68.65624   63.00000  8.24%  62.0 3922s
 3165618 2150269   63.59375  481  102   68.65624   63.00000  8.24%  62.0 3929s
 3172193 2152206 infeasible  523        68.65624   63.00000  8.24%  62.0 3936s
 3175135 2155498   65.62500  551  129   68.65624   63.00000  8.24%  62.0 3945s
 3181640 2157473   63.62500  471  153   68.65624   63.00000  8.24%  61.9 3951s
 3184953 2165043   63.00000  518  112   68.65624   63.00000  8.24%  61.9 3960s
 3195885 2165068   63.87500  341  135   68.65624   63.00000  8.24%  61.9 3968s
 3195922 2168984   63.75000  341  138   68.65624   63.00000  8.24%  61.9 3974s
 3202361 2169009   64.25000  369  169   68.65624   63.00000  8.24%  61.8 3982s
H3202374 2141959                      68.6250000   63.00000  8.20%  61.8 3983s
 3202400 2142749   65.12500  369  157   68.62500   63.00000  8.20%  61.8 3989s
H3202971 2071508                      68.2500000   63.00000  7.69%  61.8 3989s
H3203945 2072990                      68.2499999   63.00000  7.69%  61.8 3996s
 3207296 2075531     cutoff  395        68.25000   63.00000  7.69%  61.8 4003s
H3209269 2075531                      68.2499998   63.00000  7.69%  61.8 4003s
H3213641 2075531                      68.2499998   63.00000  7.69%  61.8 4004s
 3213714 2077153   66.75000  482  135   68.25000   63.00000  7.69%  61.8 4011s
 3218291 2079063   66.37500  552  153   68.25000   63.00000  7.69%  61.7 4019s
H3219095 2079063                      68.2499962   63.00000  7.69%  61.7 4019s
 3223031 2081826   63.50000  540  115   68.25000   63.00000  7.69%  61.7 4026s
 3228169 2085780   63.50000  477  117   68.25000   63.00000  7.69%  61.7 4034s
 3236328 2085798   66.12500  543  120   68.25000   63.00000  7.69%  61.7 4043s
 3236374 2089062 infeasible  544        68.25000   63.00000  7.69%  61.7 4049s
 3243142 2089092   63.00000  475  110   68.25000   63.00000  7.69%  61.7 4057s
 3243176 2103660   63.00000  476  110   68.25000   63.00000  7.69%  61.7 4084s
 3249182 2103660   64.37500  498  113   68.25000   63.00000  7.69%  61.7 4085s
 3275208 2103674 infeasible  524        68.25000   63.00000  7.69%  61.5 4094s
 3275257 2118749   66.25000  521  130   68.25000   63.00000  7.69%  61.5 4133s
 3307289 2118769   63.25000  518  131   68.25000   63.00000  7.69%  61.4 4141s
 3307333 2134553   63.25000  519  131   68.25000   63.00000  7.69%  61.4 4165s
 3339365 2134573   64.62500  457  124   68.25000   63.00000  7.69%  61.3 4174s
 3339407 2150115   63.37500  455  119   68.25000   63.00000  7.69%  61.3 4198s
 3371439 2150115   63.00444  408  107   68.25000   63.00000  7.69%  61.2 4206s
 3371503 2163619   63.00000  408  109   68.25000   63.00000  7.69%  61.2 4233s
 3403535 2165316   63.00000  400  119   68.25000   63.00000  7.69%  61.0 4240s
 3407411 2169458   63.18750  431  137   68.25000   63.00000  7.69%  61.0 4248s
 3414799 2171021   65.12500  505  149   68.25000   63.00000  7.69%  60.9 4255s
 3417748 2173642 infeasible  513        68.25000   63.00000  7.69%  60.9 4265s
 3423181 2175706   66.62500  499  151   68.25000   63.00000  7.69%  60.9 4272s
 3427047 2178418   64.37500  564  113   68.25000   63.00000  7.69%  60.8 4280s
 3433675 2179485     cutoff  512        68.25000   63.00000  7.69%  60.8 4287s
 3436941 2182907   63.00000  508  105   68.25000   63.00000  7.69%  60.8 4296s
 3446202 2184694     cutoff  475        68.25000   63.00000  7.69%  60.7 4301s
 3450533 2187180   63.75000  453  124   68.25000   63.00000  7.69%  60.7 4308s
 3456226 2189149   66.25000  405  101   68.25000   63.00000  7.69%  60.6 4315s
 3459823 2192786   63.50000  395  106   68.25000   63.00000  7.69%  60.6 4322s
 3465517 2194898   66.51333  480  127   68.25000   63.00000  7.69%  60.6 4328s
 3469412 2199129   66.75000  411  121   68.25000   63.00000  7.69%  60.6 4336s
H3474216 2199129                      68.2499924   63.00000  7.69%  60.6 4336s
 3475895 2201143   63.00000  415  114   68.24999   63.00000  7.69%  60.6 4343s
 3479017 2206276   63.62500  421  124   68.24999   63.00000  7.69%  60.5 4351s
 3487993 2206306   66.54709  542  122   68.24999   63.00000  7.69%  60.5 4360s
 3488027 2209891   66.54709  544  120   68.24999   63.00000  7.69%  60.5 4366s
 3495629 2209901   66.28113  419  107   68.24999   63.00000  7.69%  60.5 4375s
 3495681 2226242     cutoff  420        68.24999   63.00000  7.69%  60.5 4404s
 3527713 2228243   67.87500  384  122   68.24999   63.00000  7.69%  60.4 4411s
 3532091 2229806   67.12500  386  157   68.24999   63.00000  7.69%  60.3 4418s
 3537964 2231285     cutoff  575        68.24999   63.00000  7.69%  60.3 4426s
 3542838 2233492   63.00000  395  109   68.24999   63.00000  7.69%  60.2 4433s
 3548735 2235282   66.12500  438  116   68.24999   63.00000  7.69%  60.2 4439s
 3552186 2237413   63.00000  405   97   68.24999   63.00000  7.69%  60.2 4446s
 3555788 2239901   63.00000  438  111   68.24999   63.00000  7.69%  60.2 4455s
 3560073 2241673   67.62500  539  121   68.24999   63.00000  7.69%  60.2 4462s
 3563966 2243754     cutoff  481        68.24999   63.00000  7.69%  60.2 4471s
 3569367 2245911   66.00000  471  125   68.24999   63.00000  7.69%  60.2 4479s
 3575781 2247569   63.00000  405  123   68.24999   63.00000  7.69%  60.1 4486s
 3579987 2250131   63.00000  401  107   68.24999   63.00000  7.69%  60.1 4495s
 3585276 2252436   68.00000  400  121   68.24999   63.00000  7.69%  60.1 4502s
 3591049 2254528 infeasible  488        68.24999   63.00000  7.69%  60.0 4509s
 3595733 2256739   63.50000  448  118   68.24999   63.00000  7.69%  60.0 4516s
 3600405 2259828   63.75000  425   99   68.24999   63.00000  7.69%  60.0 4523s
 3605966 2261738   63.00000  453  112   68.24999   63.00000  7.69%  60.0 4530s
 3609760 2265619   63.50000  458  120   68.24999   63.00000  7.69%  60.0 4537s
 3618099 2265640 infeasible  491        68.24999   63.00000  7.69%  59.9 4546s
 3618140 2269865 infeasible  491        68.24999   63.00000  7.69%  59.9 4553s
 3625589 2269883   65.25000  402  107   68.24999   63.00000  7.69%  59.9 4561s
 3625633 2287255   65.00000  399  104   68.24999   63.00000  7.69%  59.9 4588s
 3657665 2287276   65.76167  424  128   68.24999   63.00000  7.69%  59.7 4596s
 3657707 2304637   65.88084  425  128   68.24999   63.00000  7.69%  59.7 4622s
 3689739 2304642   67.00000  475  150   68.24999   63.00000  7.69%  59.6 4630s
 3689795 2322467     cutoff  476        68.24999   63.00000  7.69%  59.6 4658s
 3721827 2322478   63.50000  432  142   68.24999   63.00000  7.69%  59.5 4665s
 3721879 2337245   63.50000  433  142   68.24999   63.00000  7.69%  59.5 4690s
 3753911 2337270   64.75389  463  114   68.24999   63.00000  7.69%  59.3 4699s
 3753949 2353688   63.75000  462  116   68.24999   63.00000  7.69%  59.3 4725s
 3785981 2353709   67.12500  399  163   68.24999   63.00000  7.69%  59.2 4734s
 3786024 2371500   67.13278  400  164   68.24999   63.00000  7.69%  59.2 4770s
 3818056 2371520   64.37500  315  107   68.24999   63.00000  7.69%  59.1 4778s
 3818100 2389739   64.87500  315  116   68.24999   63.00000  7.69%  59.1 4807s
 3850132 2389752   68.12500  417  134   68.24999   63.00000  7.69%  59.0 4815s
 3850181 2406411   68.14858  418  136   68.24999   63.00000  7.69%  59.0 4843s
 3882213 2408179   67.37500  484  121   68.24999   63.00000  7.69%  58.9 4850s
 3886496 2410886   64.50000  306  117   68.24999   63.00000  7.69%  58.9 4858s
 3891350 2414097     cutoff  415        68.24999   63.00000  7.69%  58.9 4865s
 3897147 2417277   65.75000  308  133   68.24999   63.00000  7.69%  58.8 4873s
 3903053 2419813   68.00000  469  127   68.24999   63.00000  7.69%  58.8 4881s
 3906726 2423889 infeasible  510        68.24999   63.00000  7.69%  58.8 4888s
 3912711 2426466   63.62500  333  121   68.24999   63.00000  7.69%  58.8 4894s
 3916657 2430530   67.75000  358  129   68.24999   63.00000  7.69%  58.8 4902s
 3922593 2432883   63.75000  343  136   68.24999   63.00000  7.69%  58.8 4909s
 3926031 2436443   65.75000  375  146   68.24999   63.00000  7.69%  58.8 4917s
 3932896 2438423     cutoff  439        68.24999   63.00000  7.69%  58.8 4924s
 3936951 2441544   63.00000  312  140   68.24999   63.00000  7.69%  58.7 4932s
 3942490 2442903 infeasible  366        68.24999   63.00000  7.69%  58.7 4938s
 3944992 2449067 infeasible  369        68.24999   63.00000  7.69%  58.8 4950s
 3955348 2451232     cutoff  339        68.24999   63.00000  7.69%  58.7 4957s
 3959326 2454806   67.50000  376  132   68.24999   63.00000  7.69%  58.7 4965s
 3964589 2457281   63.00000  351  105   68.24999   63.00000  7.69%  58.8 4972s
 3967988 2460906   64.87500  365   86   68.24999   63.00000  7.69%  58.8 4980s
 3973415 2463135     cutoff  294        68.24999   63.00000  7.69%  58.7 4986s
 3977316 2468141   68.12500  304  127   68.24999   63.00000  7.69%  58.7 4993s
 3988132 2468161   65.50000  413  133   68.24999   63.00000  7.69%  58.7 5001s
 3988176 2471303   65.50000  414  133   68.24999   63.00000  7.69%  58.7 5006s
 3993645 2471321   64.50000  395  105   68.24999   63.00000  7.69%  58.7 5014s
 3993691 2474096   64.25000  396  102   68.24999   63.00000  7.69%  58.7 5020s
 3998982 2474115   63.00000  321  126   68.24999   63.00000  7.69%  58.6 5028s
 3999027 2477069   63.00000  322  125   68.24999   63.00000  7.69%  58.6 5033s
 4006193 2477091   67.62500  344  138   68.24999   63.00000  7.69%  58.6 5042s
 4006235 2495079   67.62500  345  140   68.24999   63.00000  7.69%  58.6 5070s
 4038267 2495084   64.25000  411  124   68.24999   63.00000  7.69%  58.5 5078s
 4038321 2512637   64.25778  412  126   68.24999   63.00000  7.69%  58.5 5105s
 4070353 2512647   67.62500  372  138   68.24999   63.00000  7.69%  58.5 5113s
 4070407 2528942   67.62500  373  138   68.24999   63.00000  7.69%  58.5 5141s
 4102439 2528963   68.12500  340  133   68.24999   63.00000  7.69%  58.4 5149s
 4102482 2547703     cutoff  341        68.24999   63.00000  7.69%  58.4 5180s
 4134514 2547729   67.37500  364  137   68.24999   63.00000  7.69%  58.4 5189s
 4134552 2565882   67.37500  365  133   68.24999   63.00000  7.69%  58.4 5216s
 4166584 2565899   67.87500  382  117   68.24999   63.00000  7.69%  58.3 5225s
 4166631 2579518   67.87500  383  117   68.24999   63.00000  7.69%  58.3 5251s
 4198663 2581587     cutoff  374        68.24999   63.00000  7.69%  58.2 5257s
 4201854 2585909   66.75000  375  136   68.24999   63.00000  7.69%  58.2 5267s
 4210926 2587683   63.00000  355  126   68.24999   63.00000  7.69%  58.2 5274s
 4215090 2589548     cutoff  391        68.24999   63.00000  7.69%  58.1 5281s
 4219560 2591335   63.50000  341  144   68.24999   63.00000  7.69%  58.1 5288s
 4224225 2593724   68.12500  393  143   68.24999   63.00000  7.69%  58.1 5295s
 4230076 2595300   63.00000  385  127   68.24999   63.00000  7.69%  58.1 5302s
 4233026 2601367   63.87500  414  128   68.24999   63.00000  7.69%  58.1 5312s
 4241532 2603863   63.00000  422  135   68.24999   63.00000  7.69%  58.1 5319s
 4246180 2606107   63.00000  521  128   68.24999   63.00000  7.69%  58.1 5326s
 4251301 2608899   63.37500  351  127   68.24999   63.00000  7.69%  58.1 5334s
 4256504 2611772   63.25000  402  120   68.24999   63.00000  7.69%  58.1 5342s
 4263532 2613114   66.75000  467  136   68.24999   63.00000  7.69%  58.0 5349s
 4267141 2616908   66.50000  436  143   68.24999   63.00000  7.69%  58.0 5357s
 4274772 2618995   63.00000  391  131   68.24999   63.00000  7.69%  58.0 5364s
 4278479 2622343   66.37500  413  133   68.24999   63.00000  7.69%  58.0 5372s
 4283851 2622919   63.62500  345  119   68.24999   63.00000  7.69%  58.0 5379s
 4284715 2627743   63.50000  376  130   68.24999   63.00000  7.69%  58.0 5387s
 4291378 2630297   65.12500  428  126   68.24999   63.00000  7.69%  58.0 5395s
 4295799 2633521   66.37500  450  126   68.24999   63.00000  7.69%  58.0 5401s
 4301465 2633543 infeasible  397        68.24999   63.00000  7.69%  58.0 5410s
 4301507 2637524     cutoff  395        68.24999   63.00000  7.69%  58.0 5417s
 4310009 2637545   67.44660  435  145   68.24999   63.00000  7.69%  57.9 5426s
 4310052 2639927     cutoff  436        68.24999   63.00000  7.69%  57.9 5431s
 4316330 2639944     cutoff  461        68.24999   63.00000  7.69%  57.9 5439s
 4316376 2642181   67.25000  458  163   68.24999   63.00000  7.69%  57.9 5444s
 4321299 2642196   63.50000  378  143   68.24999   63.00000  7.69%  57.9 5453s
 4321347 2644675   63.50000  379  147   68.24999   63.00000  7.69%  57.9 5458s
 4326729 2644696   66.25000  379  141   68.24999   63.00000  7.69%  57.8 5466s
 4326771 2660336   66.37500  378  143   68.24999   63.00000  7.69%  57.8 5493s
 4358803 2660350   65.62500  416  138   68.24999   63.00000  7.69%  57.7 5503s
 4358851 2674275   66.50000  417  136   68.24999   63.00000  7.69%  57.7 5529s
 4390883 2674314     cutoff  451        68.24999   63.00000  7.69%  57.6 5537s
 4390961 2689595     cutoff  448        68.24999   63.00000  7.69%  57.6 5565s
 4422993 2689612 infeasible  423        68.24999   63.00000  7.69%  57.5 5573s
 4423039 2704901 infeasible  424        68.24999   63.00000  7.69%  57.5 5613s
 4455071 2704904 infeasible  354        68.24999   63.00000  7.69%  57.4 5621s
 4455131 2718586   67.12500  354  110   68.24999   63.00000  7.69%  57.4 5648s
 4487163 2718594     cutoff  426        68.24999   63.00000  7.69%  57.2 5657s
 4487217 2732879   63.00000  385  112   68.24999   63.00000  7.69%  57.2 5685s
 4519249 2734205   66.75000  403  127   68.24999   63.00000  7.69%  57.1 5692s
 4523113 2736760   65.25778  409  141   68.24999   63.00000  7.69%  57.1 5701s
 4530945 2738367   67.14272  492  160   68.24999   63.00000  7.69%  57.0 5708s
 4534670 2741074   63.37500  456  144   68.24999   63.00000  7.69%  57.0 5715s
 4539784 2742535   63.50000  415  127   68.24999   63.00000  7.69%  57.0 5722s
 4543788 2745001   66.00000  413  121   68.24999   63.00000  7.69%  57.0 5730s
 4549445 2746743     cutoff  422        68.24999   63.00000  7.69%  57.0 5737s
 4552406 2753426   63.37500  372  127   68.24999   63.00000  7.69%  57.0 5748s
 4562278 2755150   63.62500  443  138   68.24999   63.00000  7.69%  56.9 5754s
 4565030 2758462   63.00000  395  124   68.24999   63.00000  7.69%  56.9 5762s
 4571389 2760003   63.12500  334  146   68.24999   63.00000  7.69%  56.9 5769s
 4575106 2762916   64.50806  431  139   68.24999   63.00000  7.69%  56.9 5778s
 4582042 2764300   63.00000  391  147   68.24999   63.00000  7.69%  56.9 5784s
 4585293 2767427   64.87500  396  145   68.24999   63.00000  7.69%  56.9 5794s
 4592986 2769061     cutoff  437        68.24999   63.00000  7.69%  56.8 5802s
 4596628 2771706   66.12500  470  118   68.24999   63.00000  7.69%  56.8 5810s
 4603492 2773622   63.00000  373  118   68.24999   63.00000  7.69%  56.8 5817s
 4606377 2776832   64.25000  385  117   68.24999   63.00000  7.69%  56.8 5825s
 4611401 2778761   64.13833  426  107   68.24999   63.00000  7.69%  56.8 5833s
 4615198 2780976   63.25000  421  158   68.24999   63.00000  7.69%  56.8 5842s
 4621592 2782930   67.51772  412  146   68.24999   63.00000  7.69%  56.8 5850s
 4626020 2786667   65.37500  394  159   68.24999   63.00000  7.69%  56.8 5859s
 4636166 2786685   66.25000  486  127   68.24999   63.00000  7.69%  56.7 5867s
 4636211 2789954 infeasible  487        68.24999   63.00000  7.69%  56.7 5873s
 4642703 2789973   64.75000  416  123   68.24999   63.00000  7.69%  56.7 5881s
 4642744 2805502   63.37500  411  116   68.24999   63.00000  7.69%  56.7 5908s
 4674776 2805527   63.00000  390  110   68.24999   63.00000  7.69%  56.6 5918s
 4674815 2822711   63.00000  391  116   68.24999   63.00000  7.69%  56.6 5946s
 4706847 2822736   63.25000  425  142   68.24999   63.00000  7.69%  56.5 5955s
 4706886 2837665   63.25000  426  142   68.24999   63.00000  7.69%  56.5 5983s
 4738918 2837678     cutoff  407        68.24999   63.00000  7.69%  56.4 5992s
 4738969 2852106   67.00000  405  152   68.24999   63.00000  7.69%  56.4 6018s
 4771001 2852127   66.50000  426  147   68.24999   63.00000  7.69%  56.2 6027s
 4771044 2866944   66.50000  427  145   68.24999   63.00000  7.69%  56.2 6056s
 4803076 2866963   65.37500  401  165   68.24999   63.00000  7.69%  56.1 6064s
 4803120 2882895   64.12500  399  166   68.24999   63.00000  7.69%  56.1 6092s
 4835152 2882912     cutoff  463        68.24999   63.00000  7.69%  56.0 6101s
 4835199 2898153   67.26575  461  165   68.24999   63.00000  7.69%  56.0 6129s
 4867231 2898166   63.50000  472  111   68.24999   63.00000  7.69%  55.9 6138s
 4867280 2913823   63.50000  473  107   68.24999   63.00000  7.69%  55.9 6166s
 4899312 2913838   67.37500  377  122   68.24999   63.00000  7.69%  55.8 6178s
 4899360 2927532     cutoff  378        68.24999   63.00000  7.69%  55.8 6204s
 4913374 2927532   63.25000  433  152   68.24999   63.00000  7.69%  55.7 6205s
 4931392 2928620   64.00000  464  163   68.24999   63.00000  7.69%  55.7 6212s
 4934501 2934438   65.12500  433  131   68.24999   63.00000  7.69%  55.6 6223s
 4943911 2936205   63.00000  463  141   68.24999   63.00000  7.69%  55.6 6231s
 4948152 2938460   63.50000  495  148   68.24999   63.00000  7.69%  55.6 6239s
 4953914 2940263   65.37500  562  152   68.24999   63.00000  7.69%  55.6 6247s
 4958252 2942326   67.37500  499  121   68.24999   63.00000  7.69%  55.6 6256s
 4964647 2943426 infeasible  442        68.24999   63.00000  7.69%  55.5 6263s
 4967806 2947735   65.00000  438  128   68.24999   63.00000  7.69%  55.5 6273s
 4978568 2948675   65.62500  424  147   68.24999   63.00000  7.69%  55.5 6280s
 4980833 2950706   67.62500  446  181   68.24999   63.00000  7.69%  55.4 6287s
 4986077 2952272     cutoff  434        68.24999   63.00000  7.69%  55.4 6295s
 4989921 2955831   63.00000  425  153   68.24999   63.00000  7.69%  55.4 6304s
 4995860 2957174   66.37500  437  151   68.24999   63.00000  7.69%  55.4 6310s
 4998420 2961482   66.62500  452  148   68.24999   63.00000  7.69%  55.4 6323s
 5010751 2962694   63.50000  444  139   68.24999   63.00000  7.69%  55.3 6329s
 5013906 2965517   65.75000  440  152   68.24999   63.00000  7.69%  55.3 6336s
 5018293 2967044     cutoff  432        68.24999   63.00000  7.69%  55.3 6344s
 5021083 2969432   67.12500  434  146   68.24999   63.00000  7.69%  55.3 6353s
 5025965 2970393   66.87894  421  142   68.24999   63.00000  7.69%  55.3 6360s
 5028631 2976056     cutoff  422        68.24999   63.00000  7.69%  55.3 6372s
 5039901 2976088   63.00000  467  134   68.24999   63.00000  7.69%  55.2 6380s
 5039946 2979756   63.00000  468  138   68.24999   63.00000  7.69%  55.2 6388s
 5046825 2979777   63.37500  501  150   68.24999   63.00000  7.69%  55.2 6396s
 5046867 2983420   63.37500  502  154   68.24999   63.00000  7.69%  55.2 6402s
 5053445 2983438     cutoff  537        68.24999   63.00000  7.69%  55.2 6412s
 5053489 2985702   67.12500  537  154   68.24999   63.00000  7.69%  55.2 6418s
 5059706 2985729   66.75000  450  142   68.24999   63.00000  7.69%  55.1 6426s
 5059743 2998923 infeasible  451        68.24999   63.00000  7.69%  55.1 6453s
 5091775 2998924   67.25000  437  151   68.24999   63.00000  7.69%  55.0 6462s
 5091837 3012849     cutoff  438        68.24999   63.00000  7.69%  55.0 6490s
 5123869 3012864     cutoff  441        68.24999   63.00000  7.69%  54.9 6500s
 5123918 3026156   63.12500  423  138   68.24999   63.00000  7.69%  54.9 6525s
 5155950 3026171   66.25000  476  145   68.24999   63.00000  7.69%  54.8 6534s
 5155999 3039899     cutoff  477        68.24999   63.00000  7.69%  54.8 6561s
 5188031 3039913     cutoff  463        68.24999   63.00000  7.69%  54.6 6570s
 5188081 3053210   63.00000  458  137   68.24999   63.00000  7.69%  54.6 6597s
 5220113 3053230   66.75000  480  148   68.24999   63.00000  7.69%  54.5 6610s
 5220157 3066794   66.75000  481  148   68.24999   63.00000  7.69%  54.5 6637s
 5252189 3066798   64.75000  446  151   68.24999   63.00000  7.69%  54.4 6646s
 5252248 3080278   64.12500  443  129   68.24999   63.00000  7.69%  54.4 6674s
 5284280 3080293   66.62500  465  153   68.24999   63.00000  7.69%  54.2 6683s
 5284328 3093815   67.14075  466  159   68.24999   63.00000  7.69%  54.2 6712s
 5316360 3094976   64.87500  437  149   68.24999   63.00000  7.69%  54.1 6719s
 5319574 3098214   63.00000  455  120   68.24999   63.00000  7.69%  54.1 6729s
 5328150 3099778   63.00000  435  142   68.24999   63.00000  7.69%  54.1 6737s
 5331813 3102770     cutoff  463        68.24999   63.00000  7.69%  54.0 6746s
 5338738 3104558   64.00000  471  149   68.24999   63.00000  7.69%  54.0 6754s
 5342845 3106914   63.50000  486  133   68.24999   63.00000  7.69%  54.0 6761s
 5349141 3108044   63.00000  466  140   68.24999   63.00000  7.69%  54.0 6768s
 5352483 3110321   67.12500  489  147   68.24999   63.00000  7.69%  54.0 6778s
 5359184 3112440   65.75000  478  154   68.24999   63.00000  7.69%  53.9 6786s
 5363429 3115612   63.37500  477  147   68.24999   63.00000  7.69%  53.9 6795s
 5371659 3116814   63.75000  452  157   68.24999   63.00000  7.69%  53.9 6802s
 5375190 3118290   63.75000  463  162   68.24999   63.00000  7.69%  53.9 6810s
 5379399 3119049     cutoff  466        68.24999   63.00000  7.69%  53.8 6817s
 5381421 3126325     cutoff  467        68.24999   63.00000  7.69%  53.8 6832s
 5398430 3127096   63.87500  424  144   68.24999   63.00000  7.69%  53.7 6838s
 5401048 3128872   63.00000  475  120   68.24999   63.00000  7.69%  53.7 6845s
 5405565 3130550   65.75000  461  139   68.24999   63.00000  7.69%  53.7 6852s
 5408174 3133183   64.50833  465  119   68.24999   63.00000  7.69%  53.7 6860s
 5413800 3133199     cutoff  438        68.24999   63.00000  7.69%  53.7 6869s
 5413847 3144598     cutoff  437        68.24999   63.00000  7.69%  53.7 6897s
 5445879 3145723     cutoff  475        68.24999   63.00000  7.69%  53.5 6904s
 5448613 3149188   65.25000  448  129   68.24999   63.00000  7.69%  53.5 6916s
 5461569 3149651   64.00000  438  140   68.24999   63.00000  7.69%  53.5 6922s
 5462836 3153549   66.25000  454  149   68.24999   63.00000  7.69%  53.5 6929s
 5470571 3153556   65.37500  479  150   68.24999   63.00000  7.69%  53.4 6938s
 5470626 3155921   65.52140  474  155   68.24999   63.00000  7.69%  53.4 6944s
 5478472 3155936   63.50000  458  159   68.24999   63.00000  7.69%  53.4 6953s
 5478521 3167668   65.37500  459  157   68.24999   63.00000  7.69%  53.4 6981s
 5510553 3167686   66.76575  482  139   68.24999   63.00000  7.69%  53.3 6990s
 5510599 3180199     cutoff  483        68.24999   63.00000  7.69%  53.3 7018s
 5542631 3180212 infeasible  456        68.24999   63.00000  7.69%  53.1 7028s
 5542680 3192449 infeasible  456        68.24999   63.00000  7.69%  53.1 7055s
 5574712 3192468   66.12500  493  159   68.24999   63.00000  7.69%  53.0 7065s
 5574756 3203256   66.12500  494  159   68.24999   63.00000  7.69%  53.0 7097s
 5606788 3203265 infeasible  489        68.24999   63.00000  7.69%  52.8 7105s
 5606842 3215078 infeasible  488        68.24999   63.00000  7.69%  52.8 7131s
 5638874 3215095   64.12500  467  143   68.24999   63.00000  7.69%  52.7 7140s
 5638919 3226513   63.37500  467  142   68.24999   63.00000  7.69%  52.7 7167s
 5670951 3226526   65.75000  474  131   68.24999   63.00000  7.69%  52.6 7176s
 5671001 3238237   63.12500  472  130   68.24999   63.00000  7.69%  52.6 7205s
 5703033 3238254     cutoff  470        68.24999   63.00000  7.69%  52.4 7214s
 5703080 3248770     cutoff  470        68.24999   63.00000  7.69%  52.4 7239s
 5735112 3248754   66.87500  482  163   68.24999   63.00000  7.69%  52.3 7248s
 5735192 3259363     cutoff  483        68.24999   63.00000  7.69%  52.3 7277s
 5767224 3259377     cutoff  501        68.24999   63.00000  7.69%  52.1 7287s
 5767273 3270070     cutoff  502        68.24999   63.00000  7.69%  52.1 7315s
 5799305 3271624   66.75000  466  156   68.24999   63.00000  7.69%  52.0 7323s
 5803609 3273232   65.50000  505  166   68.24999   63.00000  7.69%  52.0 7331s
 5811203 3274113   66.50000  494  150   68.24999   63.00000  7.69%  52.0 7337s
 5815105 3275737   66.50000  467  149   68.24999   63.00000  7.69%  51.9 7345s
 5820522 3277217   65.50000  462  165   68.24999   63.00000  7.69%  51.9 7353s
 5825252 3279301   64.12500  471  160   68.24999   63.00000  7.69%  51.9 7360s
 5831153 3280401     cutoff  476        68.24999   63.00000  7.69%  51.9 7366s
 5835699 3281230   67.25000  482  146   68.24999   63.00000  7.69%  51.8 7374s
 5838917 3284250     cutoff  490        68.24999   63.00000  7.69%  51.8 7384s
 5845053 3287266   64.12500  460  144   68.24999   63.00000  7.69%  51.8 7393s
 5851287 3289071   63.00000  491  129   68.24999   63.00000  7.69%  51.8 7400s
 5856013 3291018   65.87500  522  134   68.24999   63.00000  7.69%  51.8 7408s
 5863710 3292698   63.00000  485  128   68.24999   63.00000  7.69%  51.7 7416s
 5867664 3295694   64.50000  502  133   68.24999   63.00000  7.69%  51.7 7425s
 5874038 3298054   64.75000  486  147   68.24999   63.00000  7.69%  51.7 7434s
 5879018 3300940     cutoff  493        68.24999   63.00000  7.69%  51.7 7443s
 5885843 3302958   63.25000  478  114   68.24999   63.00000  7.69%  51.7 7450s
 5890092 3305202   65.87500  521  127   68.24999   63.00000  7.69%  51.7 7458s
 5894396 3305221   66.50000  596  129   68.24999   63.00000  7.69%  51.7 7465s
 5894445 3317359   66.87500  598  126   68.24999   63.00000  7.69%  51.7 7494s
 5926477 3318563   65.00000  485  129   68.24999   63.00000  7.69%  51.6 7501s
 5930310 3321377   67.00000  579  140   68.24999   63.00000  7.69%  51.5 7510s
 5937427 3322843   63.37500  545  113   68.24999   63.00000  7.69%  51.5 7517s
 5941777 3325726   67.25000  594  153   68.24999   63.00000  7.69%  51.5 7525s
 5950216 3325751   66.25000  578  144   68.24999   63.00000  7.69%  51.5 7533s
 5950254 3328645   66.25000  578  136   68.24999   63.00000  7.69%  51.5 7539s
 5958322 3328671   64.00000  473  122   68.24999   63.00000  7.69%  51.5 7547s
 5958359 3339683   64.00000  474  122   68.24999   63.00000  7.69%  51.5 7573s
 5990391 3339692 infeasible  553        68.24999   63.00000  7.69%  51.4 7583s
 5990444 3351009   66.25726  554  139   68.24999   63.00000  7.69%  51.4 7608s
 6022476 3351025   64.37500  570  148   68.24999   63.00000  7.69%  51.3 7616s
 6022522 3362147 infeasible  571        68.24999   63.00000  7.69%  51.3 7642s
 6054554 3362159 infeasible  491        68.24999   63.00000  7.69%  51.2 7650s
 6054606 3372976   67.12500  488  158   68.24999   63.00000  7.69%  51.2 7681s
 6086638 3372984   63.00000  552  118   68.24999   63.00000  7.69%  51.1 7690s
 6086693 3383761   63.26333  553  124   68.24999   63.00000  7.69%  51.1 7719s
 6118725 3383788 infeasible  568        68.24999   63.00000  7.69%  51.0 7727s
 6118789 3394915 infeasible  568        68.24999   63.00000  7.69%  51.0 7752s
 6150821 3394932 infeasible  521        68.24999   63.00000  7.69%  51.0 7760s
 6150867 3405819   63.25000  518  142   68.24999   63.00000  7.69%  51.0 7785s
 6182899 3405823   63.75000  563  148   68.24999   63.00000  7.69%  50.8 7794s
 6182954 3415287   63.75682  564  152   68.24999   63.00000  7.69%  50.8 7821s
 6214986 3415295   63.00000  526  129   68.24999   63.00000  7.69%  50.8 7829s
 6215042 3423261   63.00000  527  129   68.24999   63.00000  7.69%  50.8 7852s
 6247074 3423279   66.37500  596  156   68.24999   63.00000  7.69%  50.7 7861s
 6247120 3433802 infeasible  597        68.24999   63.00000  7.69%  50.7 7886s
 6279152 3435303   64.63389  552  122   68.24999   63.00000  7.69%  50.6 7893s
 6282990 3436944   64.63389  559  127   68.24999   63.00000  7.69%  50.5 7902s
 6289859 3438449   65.87500  494  136   68.24999   63.00000  7.69%  50.5 7909s
 6294436 3440121   64.25000  550  131   68.24999   63.00000  7.69%  50.5 7917s
 6300785 3440263   63.25000  501  136   68.24999   63.00000  7.69%  50.5 7924s
 6301257 3441801   63.25000  502  131   68.24999   63.00000  7.69%  50.5 7932s
 6308320 3443072     cutoff  567        68.24999   63.00000  7.69%  50.5 7938s
 6312463 3445958 infeasible  577        68.24999   63.00000  7.69%  50.5 7946s
 6318515 3448299   64.62500  618  147   68.24999   63.00000  7.69%  50.4 7954s
 6323874 3449552   63.25000  572  113   68.24999   63.00000  7.69%  50.4 7962s
 6328613 3451927   64.00000  489  118   68.24999   63.00000  7.69%  50.4 7970s
 6334299 3453389   63.00000  545  121   68.24999   63.00000  7.69%  50.4 7977s
 6340291 3454575 infeasible  542        68.24999   63.00000  7.69%  50.4 7984s
 6343975 3456885   64.39081  541  106   68.24999   63.00000  7.69%  50.4 7994s
 6352621 3458717   64.12500  591  140   68.24999   63.00000  7.69%  50.4 8000s
 6356582 3460430   64.25000  530  116   68.24999   63.00000  7.69%  50.3 8008s
 6362066 3462139   64.25000  578  124   68.24999   63.00000  7.69%  50.3 8015s
 6366275 3463950   66.25000  580  146   68.24999   63.00000  7.69%  50.3 8023s
 6371395 3464647 infeasible  566        68.24999   63.00000  7.69%  50.3 8030s
 6374013 3468821   64.18750  546  138   68.24999   63.00000  7.69%  50.3 8042s
 6386536 3469846 infeasible  580        68.24999   63.00000  7.69%  50.2 8048s
 6389912 3471179   67.25000  576  112   68.24999   63.00000  7.69%  50.2 8055s
 6395960 3472028 infeasible  599        68.24999   63.00000  7.69%  50.2 8062s
 6399451 3474504 infeasible  588        68.24999   63.00000  7.69%  50.2 8069s
 6408605 3474509   63.00000  535  127   68.24999   63.00000  7.69%  50.2 8077s
 6408662 3483318   63.00000  536  129   68.24999   63.00000  7.69%  50.2 8102s
 6440694 3483331   64.62500  550  124   68.24999   63.00000  7.69%  50.1 8114s
 6440744 3494050   63.87500  550  139   68.24999   63.00000  7.69%  50.1 8139s
 6472776 3494051   64.00000  552  116   68.24999   63.00000  7.69%  50.0 8148s
 6472838 3502486   65.62500  553  112   68.24999   63.00000  7.69%  50.0 8172s
 6504870 3502494   64.00000  574  137   68.24999   63.00000  7.69%  49.9 8182s
 6504926 3510563   64.00000  575  138   68.24999   63.00000  7.69%  49.9 8206s
 6536958 3510575     cutoff  563        68.24999   63.00000  7.69%  49.8 8215s
 6537009 3518602   63.50000  562  130   68.24999   63.00000  7.69%  49.8 8239s
 6569041 3518625   63.25000  572  123   68.24999   63.00000  7.69%  49.6 8247s
 6569082 3527353   63.25000  573  119   68.24999   63.00000  7.69%  49.6 8278s
 6601114 3527366     cutoff  558        68.24999   63.00000  7.69%  49.5 8286s
 6601165 3536024     cutoff  559        68.24999   63.00000  7.69%  49.5 8310s
 6633197 3536037   65.40625  568  128   68.24999   63.00000  7.69%  49.4 8319s
 6633247 3543694 infeasible  569        68.24999   63.00000  7.69%  49.4 8344s
 6665279 3543706     cutoff  646        68.24999   63.00000  7.69%  49.3 8353s
 6665330 3551817   66.12500  642  133   68.24999   63.00000  7.69%  49.3 8378s
 6697362 3551828   64.68750  601  123   68.24999   63.00000  7.69%  49.2 8386s
 6697422 3559889 infeasible  602        68.24999   63.00000  7.69%  49.2 8410s
 6729454 3559896   65.21875  576  152   68.24999   63.00000  7.69%  49.1 8418s
 6729511 3567564 infeasible  577        68.24999   63.00000  7.69%  49.1 8443s
 6761543 3567569     cutoff  545        68.24999   63.00000  7.69%  49.0 8452s
 6761601 3575577   65.12500  543  137   68.24999   63.00000  7.69%  49.0 8477s
 6793633 3576734   65.62500  590  126   68.24999   63.00000  7.69%  48.9 8485s
 6797954 3578201 infeasible  595        68.24999   63.00000  7.69%  48.9 8493s
 6803977 3579510 infeasible  591        68.24999   63.00000  7.69%  48.9 8501s
 6808662 3581255   65.25778  602  121   68.24999   63.00000  7.69%  48.9 8509s
 6815290 3582175     cutoff  595        68.24999   63.00000  7.69%  48.8 8516s
 6819755 3583595     cutoff  576        68.24999   63.00000  7.69%  48.8 8524s
 6825561 3584351 infeasible  560        68.24999   63.00000  7.69%  48.8 8530s
 6829452 3585753   64.25000  582  130   68.24999   63.00000  7.69%  48.8 8538s
 6836710 3586647     cutoff  596        68.24999   63.00000  7.69%  48.8 8545s
 6841379 3588068   66.62500  598  124   68.24999   63.00000  7.69%  48.8 8552s
 6845815 3590058   63.00000  595  132   68.24999   63.00000  7.69%  48.7 8559s
 6850720 3592443   66.00889  627  133   68.24999   63.00000  7.69%  48.7 8567s
 6857719 3593761   66.25000  561  119   68.24999   63.00000  7.69%  48.7 8575s
 6862224 3595261   63.25000  601  127   68.24999   63.00000  7.69%  48.7 8583s
 6869651 3595389     cutoff  574        68.24999   63.00000  7.69%  48.7 8590s
 6869996 3596284   64.62500  548  117   68.24999   63.00000  7.69%  48.7 8597s
 6875684 3597139   66.00000  542  145   68.24999   63.00000  7.69%  48.6 8605s
 6879967 3598738     cutoff  592        68.24999   63.00000  7.69%  48.6 8613s
 6885105 3600058   63.87500  591  105   68.24999   63.00000  7.69%  48.6 8621s
 6890810 3601421   63.50000  569  115   68.24999   63.00000  7.69%  48.6 8628s
 6897124 3601890     cutoff  588        68.24999   63.00000  7.69%  48.6 8634s
 6900478 3602557 infeasible  566        68.24999   63.00000  7.69%  48.6 8641s
 6904786 3603568     cutoff  591        68.24999   63.00000  7.69%  48.6 8648s
 6908030 3605618   63.00000  374  114   68.24999   63.00000  7.69%  48.5 8657s
 6915061 3606614   64.63667  590  137   68.24999   63.00000  7.69%  48.5 8664s
 6919012 3608838   66.25000  595  134   68.24999   63.00000  7.69%  48.5 8672s
 6928781 3608849   67.00000  548  134   68.24999   63.00000  7.69%  48.5 8680s
 6928833 3617188     cutoff  549        68.24999   63.00000  7.69%  48.5 8704s
 6960865 3617203   66.12500  581  135   68.24999   63.00000  7.69%  48.4 8712s
 6960912 3625557     cutoff  582        68.24999   63.00000  7.69%  48.4 8738s
 6992944 3625569     cutoff  543        68.24999   63.00000  7.69%  48.3 8746s
 6992996 3634047   68.12500  542  138   68.24999   63.00000  7.69%  48.3 8771s
 7025028 3634048   64.93750  600  140   68.24999   63.00000  7.69%  48.2 8779s
 7025091 3642901 infeasible  601        68.24999   63.00000  7.69%  48.2 8804s
 7057123 3642922   63.00000  594  122   68.24999   63.00000  7.69%  48.1 8812s
 7057165 3652290   63.00000  595  121   68.24999   63.00000  7.69%  48.1 8843s
 7089197 3652310   65.12500  609  136   68.24999   63.00000  7.69%  48.0 8852s
 7089240 3662191 infeasible  610        68.24999   63.00000  7.69%  48.0 8878s
 7121272 3662209   63.00000  393  115   68.24999   63.00000  7.69%  47.9 8886s
 7121318 3672150   63.00000  394   91   68.24999   63.00000  7.69%  47.9 8912s
 7153350 3672153   65.00000  603  137   68.24999   63.00000  7.69%  47.8 8920s
 7153409 3681194   65.00000  603  137   68.24999   63.00000  7.69%  47.8 8947s
 7185441 3681205   63.00000  517  125   68.24999   63.00000  7.69%  47.8 8955s
 7185494 3690705   63.00000  518  126   68.24999   63.00000  7.69%  47.8 8981s
 7217526 3690717   67.12500  415  112   68.24999   63.00000  7.69%  47.7 8990s
 7217576 3700966   66.87500  413  116   68.24999   63.00000  7.69%  47.7 9019s
 7249608 3700979   64.00000  545  121   68.24999   63.00000  7.69%  47.6 9028s
 7249659 3711236   65.37500  546  119   68.24999   63.00000  7.69%  47.6 9056s
 7281691 3711249 infeasible  455        68.24999   63.00000  7.69%  47.5 9064s
 7281742 3721935   67.51181  454  139   68.24999   63.00000  7.69%  47.5 9113s
 7313774 3723018   63.00000  605  152   68.24999   63.00000  7.69%  47.5 9121s
 7316593 3726510   66.25000  617  150   68.24999   63.00000  7.69%  47.5 9133s
 7326773 3727818 infeasible  482        68.24999   63.00000  7.69%  47.5 9140s
 7330481 3729474   67.76783  455  145   68.24999   63.00000  7.69%  47.4 9148s
 7336798 3730589 infeasible  617        68.24999   63.00000  7.69%  47.4 9156s
 7340831 3732671   67.50000  486  131   68.24999   63.00000  7.69%  47.4 9164s
 7347517 3734098   66.87500  462  123   68.24999   63.00000  7.69%  47.4 9171s
 7351229 3736669     cutoff  582        68.24999   63.00000  7.69%  47.4 9180s
 7358578 3738174   63.00000  535  100   68.24999   63.00000  7.69%  47.4 9188s
 7362194 3739622   64.12500  557  117   68.24999   63.00000  7.69%  47.4 9197s
 7366856 3741293 infeasible  464        68.24999   63.00000  7.69%  47.4 9206s
 7372751 3743418     cutoff  639        68.24999   63.00000  7.69%  47.4 9214s
 7378578 3744307   63.00000  430  110   68.24999   63.00000  7.69%  47.4 9221s
 7380554 3749775   65.00000  459  128   68.24999   63.00000  7.69%  47.4 9237s
 7395548 3750856   65.50000  468  112   68.24999   63.00000  7.69%  47.3 9244s
 7398993 3752720     cutoff  421        68.24999   63.00000  7.69%  47.3 9252s
 7402786 3754810   65.62500  591  124   68.24999   63.00000  7.69%  47.3 9260s
 7407939 3756213 infeasible  480        68.24999   63.00000  7.69%  47.3 9268s
 7412325 3758249   64.75000  438  122   68.24999   63.00000  7.69%  47.3 9276s
 7417835 3759855   63.00000  415  104   68.24999   63.00000  7.69%  47.3 9284s
 7423818 3761143   64.00000  433  122   68.24999   63.00000  7.69%  47.3 9292s
 7428977 3762460   65.87500  467  140   68.24999   63.00000  7.69%  47.3 9301s
 7433114 3764657   63.00000  412  112   68.24999   63.00000  7.69%  47.2 9309s
 7438912 3766214   65.12500  473  126   68.24999   63.00000  7.69%  47.2 9316s
 7443095 3767532   63.50000  606  148   68.24999   63.00000  7.69%  47.2 9325s
 7448502 3771507     cutoff  419        68.24999   63.00000  7.69%  47.2 9334s
 7458437 3771516   66.75000  447  124   68.24999   63.00000  7.69%  47.2 9341s
 7458492 3774041   66.87500  447  116   68.24999   63.00000  7.69%  47.2 9349s
 7464307 3774068   63.00000  451  120   68.24999   63.00000  7.69%  47.2 9356s
 7464344 3777744   63.12500  452  126   68.24999   63.00000  7.69%  47.2 9364s
 7470769 3777760   63.50000  475  112   68.24999   63.00000  7.69%  47.2 9372s
 7470817 3789780   63.50000  476  119   68.24999   63.00000  7.69%  47.2 9401s
 7502849 3789792   67.66720  471  119   68.24999   63.00000  7.69%  47.1 9409s
 7502901 3800790     cutoff  472        68.24999   63.00000  7.69%  47.1 9437s
 7534933 3800807   63.75000  553  131   68.24999   63.00000  7.69%  47.1 9446s
 7534979 3813420   63.25000  554  132   68.24999   63.00000  7.69%  47.1 9473s
 7567011 3813435   63.00000  386   89   68.24999   63.00000  7.69%  47.0 9481s
 7567060 3827294   64.75000  387   86   68.24999   63.00000  7.69%  47.0 9509s
 7599092 3827312   66.12500  474  124   68.24999   63.00000  7.69%  47.0 9517s
 7599136 3840827   66.12500  475  129   68.24999   63.00000  7.69%  47.0 9544s
 7631168 3840843   66.12500  458  116   68.24999   63.00000  7.69%  46.9 9552s
 7631212 3855610   64.25615  458  125   68.24999   63.00000  7.69%  46.9 9579s
 7663244 3855629   68.12500  449  124   68.24999   63.00000  7.69%  46.9 9587s
 7663286 3870471   68.12500  450  124   68.24999   63.00000  7.69%  46.9 9615s
 7695318 3870482   66.00000  415  138   68.24999   63.00000  7.69%  46.8 9623s
 7695370 3884834     cutoff  416        68.24999   63.00000  7.69%  46.8 9650s
 7727402 3884846   67.38281  404  134   68.24999   63.00000  7.69%  46.8 9659s
 7727452 3898383     cutoff  405        68.24999   63.00000  7.69%  46.8 9686s
 7759484 3898401     cutoff  394        68.24999   63.00000  7.69%  46.7 9694s
 7759529 3912566   64.87500  395  141   68.24999   63.00000  7.69%  46.7 9720s
 7791561 3912576 infeasible  424        68.24999   63.00000  7.69%  46.7 9728s
 7791615 3926984     cutoff  425        68.24999   63.00000  7.69%  46.7 9757s
 7823647 3928532   64.00000  453  172   68.24999   63.00000  7.69%  46.7 9764s
 7826510 3933919   63.00000  452  110   68.24999   63.00000  7.69%  46.7 9775s
 7837845 3934913   64.25000  568  119   68.24999   63.00000  7.69%  46.6 9782s
 7840660 3936899 infeasible  389        68.24999   63.00000  7.69%  46.6 9789s
 7845618 3939091   66.87500  405  135   68.24999   63.00000  7.69%  46.6 9796s
 7849231 3942422   63.75000  385  107   68.24999   63.00000  7.69%  46.6 9804s
 7854362 3944045   64.00000  438  122   68.24999   63.00000  7.69%  46.6 9810s
 7856726 3951560   67.16790  492  125   68.24999   63.00000  7.69%  46.6 9823s
 7869385 3952940   65.08333  515  133   68.24999   63.00000  7.69%  46.6 9829s
 7871623 3954975   66.08333  517  123   68.24999   63.00000  7.69%  46.6 9837s
 7874666 3957294   63.51778  407  121   68.24999   63.00000  7.69%  46.6 9846s
 7879998 3959302   68.12500  453  122   68.24999   63.00000  7.69%  46.6 9854s
 7885359 3960542   66.12500  488  143   68.24999   63.00000  7.69%  46.6 9860s
 7888380 3964820     cutoff  456        68.24999   63.00000  7.69%  46.6 9871s
 7897228 3967044   65.00000  550  142   68.24999   63.00000  7.69%  46.6 9878s
 7900772 3969988   63.00000  405  110   68.24999   63.00000  7.69%  46.6 9886s
 7906960 3972061   64.50000  449  124   68.24999   63.00000  7.69%  46.6 9893s
 7911891 3973866   63.00000  417  108   68.24999   63.00000  7.69%  46.6 9901s
 7916621 3975615   63.00000  395  132   68.24999   63.00000  7.69%  46.6 9907s
 7920974 3978443   63.50000  391  138   68.24999   63.00000  7.69%  46.6 9915s
 7925444 3981386     cutoff  378        68.24999   63.00000  7.69%  46.6 9923s
 7930813 3984443   64.87500  429  103   68.24999   63.00000  7.69%  46.6 9931s
 7938113 3984530   65.25000  436  108   68.24999   63.00000  7.69%  46.6 9937s
 7938511 3987602   65.25000  437  108   68.24999   63.00000  7.69%  46.6 9945s
 7945317 3989733   67.00000  474  141   68.24999   63.00000  7.69%  46.6 9951s
 7949562 3992473   66.87500  469  110   68.24999   63.00000  7.69%  46.6 9959s
 7956589 3992491     cutoff  416        68.24999   63.00000  7.69%  46.6 9968s
 7956635 3995068   68.12500  414  117   68.24999   63.00000  7.69%  46.6 9973s
 7962704 3995091   65.37500  398  123   68.24999   63.00000  7.69%  46.6 9982s
 7962745 3997941     cutoff  399        68.24999   63.00000  7.69%  46.6 9987s
 7967968 3997966   63.00000  266   83   68.24999   63.00000  7.69%  46.6 9996s
 7968007 4001669   63.50000  267   97   68.24999   63.00000  7.69%  46.6 10002s
 7973725 4001697   63.00000  342   99   68.24999   63.00000  7.69%  46.6 10010s
 7973761 4005313   63.00000  343   99   68.24999   63.00000  7.69%  46.6 10015s
 7978707 4005336   63.00000  399   95   68.24999   63.00000  7.69%  46.6 10023s
 7978746 4025493   63.00000  400   95   68.24999   63.00000  7.69%  46.6 10051s
 8010778 4025509   63.50000  352  108   68.24999   63.00000  7.69%  46.7 10060s
 8010825 4045841   63.50000  353  108   68.24999   63.00000  7.69%  46.7 10089s
 8042857 4045848   67.62500  368  109   68.24999   63.00000  7.69%  46.7 10097s
 8042913 4068316 infeasible  369        68.24999   63.00000  7.69%  46.7 10126s
 8074945 4068339   65.37500  385  115   68.24999   63.00000  7.69%  46.8 10134s
 8074985 4090099   65.37500  386  113   68.24999   63.00000  7.69%  46.8 10177s
 8107017 4090127   64.12500  321  111   68.24999   63.00000  7.69%  46.8 10185s
 8107053 4112663   64.12500  322  110   68.24999   63.00000  7.69%  46.8 10213s
 8139085 4112676 infeasible  411        68.24999   63.00000  7.69%  46.8 10222s
 8139136 4134453   68.00000  410  136   68.24999   63.00000  7.69%  46.8 10246s
 8171168 4134466   67.75000  424  110   68.24999   63.00000  7.69%  46.8 10255s
 8171219 4157189   67.75000  425  110   68.24999   63.00000  7.69%  46.8 10280s
 8203251 4157212   66.12500  428  108   68.24999   63.00000  7.69%  46.9 10289s
 8203292 4178829   66.12500  429  108   68.24999   63.00000  7.69%  46.9 10315s
 8235324 4178856   63.50000  380  121   68.24999   63.00000  7.69%  46.9 10323s
 8235361 4197544   63.50000  381  121   68.24999   63.00000  7.69%  46.9 10349s
 8267393 4199824     cutoff  481        68.24999   63.00000  7.69%  46.9 10357s
 8271034 4204292   63.00000  372  105   68.24999   63.00000  7.69%  46.9 10365s
 8278361 4206977   63.00000  279  103   68.24999   63.00000  7.69%  46.9 10373s
 8282129 4210737   65.00000  319  131   68.24999   63.00000  7.69%  46.9 10380s
 8288281 4212990 infeasible  390        68.24999   63.00000  7.69%  46.9 10387s
 8291895 4216247   63.00000  374   75   68.24999   63.00000  7.69%  47.0 10394s
 8296119 4219698     cutoff  464        68.24999   63.00000  7.69%  47.0 10402s
 8301844 4222754   63.00000  355  119   68.24999   63.00000  7.69%  47.0 10408s
 8306397 4225145   68.12500  476  135   68.24999   63.00000  7.69%  47.0 10416s
 8309997 4228716   63.50889  424  118   68.24999   63.00000  7.69%  47.0 10424s
 8316111 4231542   63.00000  404   92   68.24999   63.00000  7.69%  47.0 10433s
 8321933 4235335   63.00000  325   79   68.24999   63.00000  7.69%  47.0 10441s
 8327660 4238270   66.12500  388  139   68.24999   63.00000  7.69%  47.0 10447s
 8331689 4240786   68.12500  417  125   68.24999   63.00000  7.69%  47.0 10454s
 8335622 4244799   65.37500  436  108   68.24999   63.00000  7.69%  47.0 10461s
 8342717 4247858   63.00000  315   91   68.24999   63.00000  7.69%  47.0 10467s
 8348068 4250309   65.12500  376  114   68.24999   63.00000  7.69%  47.0 10474s
 8351823 4254113   67.37500  442  114   68.24999   63.00000  7.69%  47.0 10480s
 8358055 4256447   63.00000  360  112   68.24999   63.00000  7.69%  47.0 10486s
 8362218 4259780   63.00000  365   91   68.24999   63.00000  7.69%  47.0 10493s
 8368374 4261001   64.00000  398  117   68.24999   63.00000  7.69%  47.0 10499s
 8370436 4263955   63.00000  365   92   68.24999   63.00000  7.69%  47.0 10506s
 8375415 4267015     cutoff  436        68.24999   63.00000  7.69%  47.0 10513s
 8379943 4270720 infeasible  488        68.24999   63.00000  7.69%  47.0 10520s
 8385152 4273253   63.00000  285   84   68.24999   63.00000  7.69%  47.0 10526s
 8388925 4276563   63.00000  334  103   68.24999   63.00000  7.69%  47.0 10533s
 8393739 4278928   67.25000  454  135   68.24999   63.00000  7.69%  47.0 10540s
 8396964 4286535   63.00000  355  103   68.24999   63.00000  7.69%  47.0 10550s
 8409223 4286565   63.25000  425  136   68.24999   63.00000  7.69%  47.0 10558s
 8409257 4290072   63.50000  426  131   68.24999   63.00000  7.69%  47.0 10564s
 8414392 4290097   64.50000  343  107   68.24999   63.00000  7.69%  47.0 10572s
 8414431 4294274   64.50000  344  102   68.24999   63.00000  7.69%  47.0 10577s
 8420163 4294298   66.75000  427  110   68.24999   63.00000  7.69%  47.0 10585s
 8420202 4298378 infeasible  427        68.24999   63.00000  7.69%  47.0 10590s
 8427646 4298397   63.25000  329   98   68.24999   63.00000  7.69%  47.0 10598s
 8427689 4319606   63.25000  330   96   68.24999   63.00000  7.69%  47.0 10623s
 8459721 4319662   66.06250  471  113   68.24999   63.00000  7.69%  47.1 10632s
 8459795 4340837   65.81250  472  111   68.24999   63.00000  7.69%  47.1 10659s
 8469805 4340837   67.62500  577  107   68.24999   63.00000  7.69%  47.1 10660s
 8491827 4340865 infeasible  450        68.24999   63.00000  7.69%  47.1 10667s
 8491863 4362677 infeasible  450        68.24999   63.00000  7.69%  47.1 10694s
 8523895 4362694   67.75000  425  160   68.24999   63.00000  7.69%  47.2 10703s
 8523942 4380931     cutoff  426        68.24999   63.00000  7.69%  47.2 10728s
 8555974 4380950   67.50778  430  113   68.24999   63.00000  7.69%  47.1 10736s
 8556018 4401859 infeasible  431        68.24999   63.00000  7.69%  47.1 10765s
 8588050 4401872   66.50000  400  120   68.24999   63.00000  7.69%  47.2 10774s
 8588099 4422140   66.50000  401  122   68.24999   63.00000  7.69%  47.2 10800s

Cutting planes:
  Learned: 179
  Gomory: 8
  Cover: 289
  Implied bound: 155
  Clique: 161
  MIR: 551
  StrongCG: 1
  Flow cover: 718
  Zero half: 1
  RLT: 166
  Relax-and-lift: 493

Explored 8619762 nodes (406847896 simplex iterations) in 10800.46 seconds
Thread count was 32 (of 64 available processors)

Solution count 10: 68.25 68.25 68.25 ... 68.6562

Time limit reached
Best objective 6.824999239604e+01, best bound 6.300000000000e+01, gap 7.6923%
